 -1.32661583e+00  -2.11329246e+00   3.30002415e+00 
  4.26057162e+00   4.61016030e+00   3.29059575e+00 
  4.10006477e+00   5.28307315e+00   1.89804783e+00 
  3.31847150e+00   4.09836279e+00   2.28232563e+00 
  9.84391510e-03  -9.56767524e-01   3.40640871e+00 
  1.76544351e-01  -2.30584373e+00   3.24758935e+00 
  1.11765390e+00  -4.20977857e-02   2.90311529e+00 
  1.66925316e+00  -1.26393795e+00   2.39858076e+00 
  1.14293525e+00  -2.36913901e+00   2.43662007e+00 
  1.00693961e+00  -3.14271524e+00   1.23940952e+00 
 -8.62862191e-02  -3.14139853e+00   5.40679752e-01 
 -2.44627792e-01  -2.72085415e+00  -7.37887295e-01 
  2.18491088e+00  -3.33235192e+00   6.19602103e-01 
  1.88127365e+00  -3.27106018e+00  -6.70667377e-01 
  3.13980659e+00  -3.80579977e+00  -1.36024701e+00 
  1.04897570e+00  -2.24697439e+00  -1.01211091e+00 
  1.76018711e+00  -1.08541931e+00  -6.54591196e-01 
  1.48808202e+00   1.56620074e-01  -1.29080836e-01 
  2.56221795e+00   8.93758082e-01   2.73408992e-01 
  2.47087359e+00   2.18554014e+00   9.66079498e-01 
  1.30281164e+00   2.47938469e+00   1.28816102e+00 
  3.55340337e+00   2.80238067e+00   1.62717399e+00 
  3.72147088e+00   2.13385253e-01   4.15406057e-01 
  4.01401200e+00  -7.94988237e-01  -4.98017640e-01 
  2.99495752e+00  -1.12294550e+00  -1.34117793e+00 
  3.25522251e+00  -2.05819005e+00  -2.43898860e+00 
  6.87882926e+00  -1.06411558e+01  -1.19470115e+01 
  2.95626443e+00  -1.22270271e+01   2.62212898e+00 
  1.74600675e+00  -1.04752428e+01   5.85919558e+00 
  3.48591057e+00  -1.27721669e+01   8.36816492e+00 
  6.27761501e+00  -1.01472633e+01   8.66331686e+00 
  3.60896631e+00  -7.47591001e+00   9.52872914e+00 
  3.93850670e+00  -5.47744366e+00   6.37801723e+00 
  7.75131862e+00  -5.29952195e+00   6.26684398e+00 
  9.50461257e+00  -7.25390978e+00   3.49956849e+00 
  6.57794009e+00  -7.87260910e+00   1.16764831e+00 
  5.77273231e+00  -1.04793924e+01  -1.44244517e+00 
  2.65406341e+00  -1.12872466e+01  -3.44583558e+00 
  3.32918063e+00  -1.18372139e+01  -7.15751865e+00 
  4.44883671e-01  -7.45797833e+00  -7.11179628e+00 
  2.20560794e+00  -6.73314065e+00  -3.85332788e+00 
  5.97185515e+00  -6.00792051e+00  -3.97826713e+00 
  7.66742361e+00  -4.20196932e+00  -1.07133612e+00 
  1.15008107e+01  -4.34396395e+00  -1.02188985e+00 
  1.29233600e+01  -1.48082231e+00   1.07027936e+00 
  1.55278889e+01  -2.65908672e+00   3.58997657e+00 
  1.70941245e+01   2.40850888e+00   2.45508123e+00 
  1.25010742e+01   6.21723676e+00   1.59842663e+00 
  8.91759843e+00   1.02572287e+01   1.35570637e+00 
  7.12382209e+00   6.76112892e+00   8.85738946e-01 
  8.07609888e+00   7.04756228e+00  -2.87283951e+00 
  3.61231000e+00   9.69772393e+00  -1.51434265e+00 
  3.01157606e+00   6.57577678e+00  -3.63394489e+00 
 -1.75959717e+00   9.13471932e+00  -5.26409832e+00 
 -4.10605841e+00   8.32469805e+00  -8.12588596e+00 
 -6.07418384e+00   4.92216511e+00  -2.23613087e+00 
 -3.06977573e+00   2.62855366e+00  -2.74996601e+00 
 -1.09056133e+00   3.92611129e+00  -5.78642917e+00 
  2.12433567e+00   2.92430492e+00  -7.52742433e+00 
  1.94680150e+00   3.42561626e-01  -1.03385787e+01 
  5.75675717e+00   1.66157092e-01  -1.06722650e+01 
  1.11277343e+01  -2.08400557e+00  -4.88537579e+00 
  7.56954417e+00  -6.93712874e-01  -4.84071960e+00 
  4.73890838e+00  -2.40612622e+00  -6.68720961e+00 
  1.00990529e+00  -1.93058900e+00  -6.01587520e+00 
 -2.36242275e+00  -3.86018684e+00  -6.39771887e+00 
 -2.81417565e+00  -6.84451322e+00  -4.07375639e+00 
 -6.32876038e+00  -6.43076325e+00  -2.51788460e+00 
 -6.09820134e+00  -9.69058559e+00  -5.57482372e-01 
 -7.03088958e+00  -8.82705080e+00   2.97624085e+00 
 -7.41877712e+00  -6.02512971e+00   5.38934623e+00 
 -2.97435332e+00   9.75020402e+00   7.35536533e+00 
 -2.68937605e+00   6.25528858e+00   1.17056638e+01 
 -5.91814297e+00   5.10149694e+00   1.00630707e+01 
 -7.11555162e+00   1.72645610e+00   1.14414471e+01 
 -8.68217569e+00  -1.58258942e+00   1.01615293e+01 
 -5.28181580e+00  -3.12137961e+00   9.45751129e+00 
 -4.51296109e+00  -3.47403231e-01   6.89972739e+00 
 -7.70831706e+00  -6.47330081e-01   4.89681410e+00 
 -7.08441561e+00  -3.21152580e+00   2.09966667e+00 
 -1.01595553e+01  -4.91856767e+00   7.71728751e-01 
 -1.08524462e+01  -7.32812533e+00  -2.03488025e+00 
 -1.55976805e+01  -5.30001323e+00  -5.89094106e-01 
 -1.37722380e+01  -2.73062436e+00  -2.70641635e+00 
 -1.13951065e+01  -7.35567895e-01  -5.54403432e-01 
 -8.01051919e+00   1.08651761e+00  -8.02426113e-01 
 -6.32940060e+00   3.06350015e+00   2.00908727e+00 
 -2.76955088e+00   2.48417837e+00   2.73845127e+00 
  1.33786603e-01   3.86489502e+00   4.84250966e+00 
 -9.55031019e-01   7.48595427e+00   4.87949447e+00 
  1.65280138e+00   1.01602227e+01   5.64979316e+00 
  4.41617226e+00   8.00792827e+00   7.18404829e+00 

   4.025683780001e+01 

  4.97429735e-01  -3.21161352e+00   2.33967993e+00 
  4.37768499e+00  -1.20576408e+00  -5.23609117e+00 
  3.27841869e+00  -1.37901561e+00  -6.32202575e+00 
  3.00775363e+00  -1.62388354e+00  -4.89759792e+00 
  1.38889875e+00  -2.55705272e+00   9.56966115e-01 
  9.03367814e-01  -1.79445362e+00   1.98444982e+00 
  1.58678804e+00  -1.88282185e+00  -3.93311066e-01 
  9.61012510e-01  -7.70724889e-01   2.57261310e-01 
  4.88477257e-01  -7.61695901e-01   1.38709530e+00 
 -8.55906992e-01  -3.17737808e-01   1.60107486e+00 
 -1.85011384e+00  -1.14793617e+00   1.67643490e+00 
 -2.92041442e+00  -1.22654357e+00   8.48820437e-01 
 -1.06586982e+00   9.19805465e-01   1.11930472e+00 
 -2.30247246e+00   8.71432723e-01   6.40539322e-01 
 -2.64982269e+00   2.34299189e+00   3.97232684e-01 
 -2.58582780e+00  -2.40977371e-01  -9.44934027e-02 
 -1.68070951e+00  -1.86953411e-01  -1.17187945e+00 
 -9.35520172e-01  -1.06580299e+00  -1.92362419e+00 
  6.86646923e-03  -5.16643486e-01  -2.74178615e+00 
  9.77424338e-01  -1.28977249e+00  -3.52735735e+00 
  9.55789797e-01  -2.50714605e+00  -3.25907909e+00 
  2.11738348e+00  -7.30079295e-01  -4.14103702e+00 
  3.25126639e-01   7.72435393e-01  -2.48888564e+00 
 -6.90137013e-01   1.64169623e+00  -2.10107672e+00 
 -1.88584004e+00   1.04727905e+00  -1.82919232e+00 
 -3.05500273e+00   1.89142272e+00  -1.56829953e+00 
 -1.28601047e+01   1.06174913e+01   6.49089196e-01 
 -1.65559777e+00   5.07862814e+00   9.24804325e+00 
  1.34328410e+00   2.63638207e+00   9.48086728e+00 
  3.49172639e+00   4.68786807e+00   1.18837383e+01 
  5.48107759e+00   5.95054226e+00   8.84745451e+00 
  6.14092028e+00   2.27641820e+00   7.81197645e+00 
  4.03304606e+00   2.29889064e+00   4.71586499e+00 
  5.28003992e+00   5.60015938e+00   3.25706500e+00 
  2.82462182e+00   8.51908682e+00   3.20870745e+00 
 -4.33440070e-01   6.65445849e+00   3.75110978e+00 
 -3.81002320e+00   7.57378362e+00   5.16879093e+00 
 -6.89606770e+00   5.55966145e+00   6.06987350e+00 
 -1.01435858e+01   7.09937950e+00   4.79796969e+00 
 -9.78192067e+00   2.65006439e+00   2.04626058e+00 
 -6.06078163e+00   3.26556770e+00   2.17800237e+00 
 -4.67947527e+00   6.29091100e+00   2.63439630e-01 
 -9.73454654e-01   6.44667760e+00  -6.46493489e-01 
  3.28959098e-01   9.87437784e+00  -1.77436179e+00 
  3.52869712e+00   9.48595995e+00  -3.82601445e+00 
  6.31186538e+00   1.18112651e+01  -2.65651171e+00 
  7.33386565e+00   1.12066713e+01  -7.94908781e+00 
  6.14095971e+00   5.67221053e+00  -1.00186135e+01 
  5.90734893e+00   8.09369660e-01  -1.23681441e+01 
  3.84197675e+00   8.36884009e-01  -8.99252444e+00 
  8.94788790e-01   2.26649553e+00  -1.10867852e+01 
  1.37955804e+00  -3.07299641e+00  -1.13085672e+01 
 -1.64268837e+00  -1.84337427e+00  -9.32001998e+00 
 -3.95719161e+00  -6.84504305e+00  -1.05834057e+01 
 -7.54821917e+00  -8.01484955e+00  -1.02867708e+01 
 -3.96768142e+00  -9.39207823e+00  -4.33502414e+00 
 -4.08775972e+00  -5.65320561e+00  -3.58838306e+00 
 -5.74193856e+00  -3.89563697e+00  -6.58767224e+00 
 -6.50273634e+00  -2.98533401e-01  -7.51084133e+00 
 -9.83846227e+00   1.20087118e+00  -6.40438160e+00 
 -8.89621412e+00   4.69578526e+00  -7.65174018e+00 
 -2.57594846e+00   9.30036926e+00  -5.15149600e+00 
 -3.33066274e+00   5.55524078e+00  -5.13811249e+00 
 -6.44732857e+00   4.15751929e+00  -3.49885319e+00 
 -6.97193570e+00   5.39756513e-01  -2.39480547e+00 
 -9.02933558e+00  -1.51947413e+00   2.06823189e-01 
 -7.99347601e+00  -1.06426141e+00   3.84424282e+00 
 -7.67405573e+00  -4.63477779e+00   5.29121124e+00 
 -6.81302780e+00  -3.38997882e+00   8.78862639e+00 
 -3.71870686e+00  -5.25871778e+00   9.80634863e+00 
 -8.64816388e-01  -7.27580048e+00   8.53712989e+00 
  7.07857071e+00  -1.05839526e+01  -5.54965329e+00 
  1.00216834e+01  -9.64411293e+00  -8.93987062e-01 
  7.11773384e+00  -1.16736918e+01   4.85169123e-01 
  6.94062725e+00  -1.15254401e+01   4.31547745e+00 
  4.28477763e+00  -1.12249757e+01   7.12591308e+00 
  4.35325942e+00  -7.42887292e+00   7.02169278e+00 
  3.15385736e+00  -7.46907202e+00   3.36271352e+00 
  1.92930654e-01  -9.77127418e+00   3.85728414e+00 
 -2.85320713e+00  -7.57644341e+00   4.68926664e+00 
 -5.58831094e+00  -9.29054037e+00   6.61672208e+00 
 -9.04370962e+00  -8.32054327e+00   7.74916615e+00 
 -8.76108371e+00  -1.36544857e+01   8.18523540e+00 
 -9.26959247e+00  -1.27592858e+01   4.53050145e+00 
 -5.95015618e+00  -1.19417311e+01   2.92577199e+00 
 -4.48274452e+00  -9.70512032e+00   1.54258726e-01 
 -8.16096570e-01  -9.61812476e+00  -9.35316285e-01 
  8.70704210e-01  -6.37088344e+00  -1.32289152e+00 
  4.14351344e+00  -4.81420451e+00  -2.59882216e+00 
  4.88162072e+00  -7.35173207e+00  -5.30345287e+00 
  7.24738535e+00  -6.36284936e+00  -8.12674779e+00 
  8.91582696e+00  -3.28737499e+00  -6.58388201e+00 

   4.025683681044e+01 

  3.01959188e+00  -6.02983281e-01   1.54443717e+00 
 -1.99460993e+00  -5.17751943e+00  -3.96690855e+00 
 -2.82041815e+00  -4.12007459e+00  -4.75276254e+00 
 -1.85112960e+00  -3.73439105e+00  -3.71639749e+00 
  1.93672600e+00  -1.70246083e+00   6.76358189e-01 
  1.85104052e+00  -1.44527217e+00   2.01782698e+00 
  6.70868068e-01  -2.14899259e+00  -4.14864261e-02 
  5.77825313e-02  -1.88171162e+00   1.22517709e+00 
  6.03328461e-01  -1.39680541e+00   2.20861915e+00 
  3.48070614e-02  -2.53179118e-01   2.85612593e+00 
  4.34458784e-01   9.53384093e-01   2.59556813e+00 
 -2.94790051e-01   1.96464770e+00   2.06447012e+00 
 -1.24164357e+00  -4.59557468e-01   3.22464534e+00 
 -1.82853748e+00   7.12075791e-01   3.01607948e+00 
 -3.17435790e+00   5.70873627e-01   3.73310870e+00 
 -1.51238671e+00   1.30463558e+00   1.82993823e+00 
 -1.95646306e+00   3.91350616e-01   8.54457022e-01 
 -1.54713712e+00  -6.58413290e-02  -3.76852995e-01 
 -2.19704463e+00  -1.16089727e+00  -8.64271146e-01 
 -1.82636915e+00  -1.86615073e+00  -2.09796466e+00 
 -7.56170109e-01  -1.45395279e+00  -2.58713484e+00 
 -2.30751889e+00  -3.14491239e+00  -2.44821741e+00 
 -2.92691750e+00  -1.85892640e+00   3.40482351e-02 
 -3.62110610e+00  -1.15530335e+00   1.01374027e+00 
 -3.33479039e+00   1.75303909e-01   1.08031550e+00 
 -4.12834508e+00   1.02849826e+00   1.96907193e+00 
 -1.20027080e+01   7.66807139e+00   1.04019345e+01 
  3.68650721e-01  -9.22997485e-01   1.22196696e+01 
  3.15536170e+00  -2.99299044e+00   1.04987154e+01 
  3.64287056e+00  -5.59198703e+00   1.32566082e+01 
  1.40500323e+00  -7.98181086e+00   1.12437137e+01 
  3.72007322e+00  -7.48992007e+00   8.17684905e+00 
  1.26836447e+00  -5.60502384e+00   6.06361823e+00 
 -1.75193964e+00  -7.87592969e+00   6.61372870e+00 
 -4.63847897e+00  -6.46476405e+00   8.67001040e+00 
 -3.79355426e+00  -2.76913365e+00   8.55074305e+00 
 -4.54490588e+00   1.95151131e-01   1.07655320e+01 
 -3.32518005e+00   3.78706330e+00   1.08175130e+01 
 -6.12679397e+00   6.34021813e+00   1.12260403e+01 
 -4.34366039e+00   7.29855889e+00   6.38855582e+00 
 -3.71900674e+00   3.57941849e+00   6.24488338e+00 
 -6.77004731e+00   1.25189108e+00   6.24925816e+00 
 -6.43136448e+00  -2.34482989e+00   5.01017858e+00 
 -9.33238909e+00  -4.69641893e+00   5.88857375e+00 
 -9.40938486e+00  -7.68170624e+00   3.50516368e+00 
 -9.69838592e+00  -1.10118301e+01   5.33493245e+00 
 -1.21539639e+01  -1.19759979e+01   5.95569086e-01 
 -9.56568587e+00  -9.17829055e+00  -4.07452605e+00 
 -7.39089098e+00  -7.51131901e+00  -8.73422883e+00 
 -5.93851416e+00  -5.44262861e+00  -5.68915390e+00 
 -9.07129292e+00  -3.16858696e+00  -6.04949484e+00 
 -5.06293159e+00  -1.95916834e+00  -9.40577733e+00 
 -5.60770757e+00   5.91322799e-01  -6.61317202e+00 
 -3.23818971e+00   4.31412392e+00  -1.01482094e+01 
 -3.15333528e+00   8.09888177e+00  -1.00058892e+01 
  2.43404481e+00   5.34212239e+00  -6.64117444e+00 
  4.27196968e-02   4.30765608e+00  -3.85505848e+00 
 -3.53117934e+00   5.22041273e+00  -4.95748621e+00 
 -6.99488883e+00   4.78020990e+00  -3.48127466e+00 
 -8.35824697e+00   7.51265484e+00  -1.18468441e+00 
 -1.14792468e+01   5.47751023e+00  -3.03798917e-01 
 -1.17210261e+01  -1.87785812e+00   3.33458262e+00 
 -9.10422205e+00   1.49353079e-02   1.29364164e+00 
 -7.91140429e+00   3.46804311e+00   2.29740784e+00 
 -4.67141933e+00   5.14052385e+00   1.16289062e+00 
 -2.11549840e+00   7.83005131e+00   2.37760187e+00 
  1.30783854e-02   6.83105747e+00   5.37468314e+00 
  3.65262661e+00   7.69998870e+00   4.40373009e+00 
  5.05647801e+00   6.61399398e+00   7.77607079e+00 
  7.91080066e+00   4.30074904e+00   6.99873951e+00 
  9.43456325e+00   2.18242426e+00   4.35015875e+00 
  5.58925944e+00  -4.80622551e+00  -1.01015501e+01 
  8.48332184e+00  -7.73131721e+00  -6.32147803e+00 
  1.00517698e+01  -4.29056038e+00  -5.92685956e+00 
  1.21985126e+01  -4.03544606e+00  -2.75653975e+00 
  1.29456984e+01  -1.51207954e+00   9.23919793e-02 
  1.00501690e+01  -2.77302170e+00   2.20237603e+00 
  7.55264114e+00  -1.75002463e+00  -5.44286914e-01 
  8.77787664e+00   1.79954949e+00  -1.00422123e+00 
  6.80525152e+00   4.02915083e+00   1.43013785e+00 
  8.51252424e+00   7.22970905e+00   2.41790711e+00 
  7.53006251e+00   1.02428510e+01   4.44744875e+00 
  1.18755073e+01   1.16653349e+01   1.65207960e+00 
  8.86502314e+00   1.17391494e+01  -6.60629284e-01 
  8.18377877e+00   8.27700042e+00  -2.00677232e+00 
  5.23255734e+00   6.08563481e+00  -3.15791401e+00 
  5.50414959e+00   2.54161621e+00  -4.57388985e+00 
  3.28846769e+00  -9.22771132e-02  -3.27239531e+00 
  2.23722038e+00  -3.73081637e+00  -3.91938078e+00 
  2.71479654e+00  -3.72831302e+00  -7.67055134e+00 
  9.12840627e-01  -6.38201183e+00  -9.73379314e+00 
 -1.64722162e-02  -8.87711496e+00  -6.98908422e+00 

   4.025683747189e+01 

 -3.19282958e+00  -2.00047967e+00  -8.95974324e-01 
  5.49662520e+00  -2.98515133e+00  -8.85238326e-01 
  6.05988265e+00  -1.68967485e+00  -1.53506225e+00 
  4.61641463e+00  -1.90205221e+00  -1.35218515e+00 
 -1.47085229e+00  -2.28492936e+00  -5.98010748e-01 
 -2.37131668e+00  -1.95314469e+00   3.77728247e-01 
 -9.51010188e-03  -1.92878129e+00  -3.63918508e-01 
 -5.27619990e-01  -1.27876054e+00   8.02575314e-01 
 -1.70865782e+00  -1.16033305e+00   1.10429179e+00 
 -2.24720361e+00   1.30851693e-01   1.40943166e+00 
 -2.86604332e+00   8.44990369e-01   5.20367566e-01 
 -2.50211810e+00   2.05993378e+00   4.27717603e-02 
 -1.56695578e+00   7.46573763e-01   2.39220738e+00 
 -1.56765666e+00   2.02331714e+00   2.03072717e+00 
 -1.09032368e+00   2.75213332e+00   3.29022609e+00 
 -1.28300886e+00   2.24342575e+00   7.15988489e-01 
  1.41174784e-02   1.72179834e+00   5.47839545e-01 
  7.24022150e-01   1.04280190e+00  -4.15415782e-01 
  1.92571934e+00   5.25340770e-01  -3.16444450e-02 
  2.76998314e+00  -3.29560144e-01  -8.76151004e-01 
  2.20917079e+00  -6.64099184e-01  -1.93823540e+00 
  3.85629225e+00  -1.08750222e+00  -3.91603407e-01 
  2.13430911e+00   4.51017914e-01   1.30173276e+00 
  1.65925120e+00   1.48328530e+00   2.10516068e+00 
  8.53941454e-01   2.38249271e+00   1.47284364e+00 
  4.34820805e-01   3.58844793e+00   2.19228930e+00 
 -2.68606857e+00   1.40702219e+01   9.78127491e+00 
 -8.06115577e+00  -8.17235267e-02   8.78433719e+00 
 -7.87305794e+00  -3.49651319e+00   6.96338135e+00 
 -8.79118054e+00  -5.71529017e+00   9.93528727e+00 
 -5.04355180e+00  -6.40941035e+00   1.04296642e+01 
 -4.81960603e+00  -7.56573898e+00   6.73919074e+00 
 -2.73103459e+00  -4.71297634e+00   5.50261917e+00 
 -1.43384618e-01  -4.70244412e+00   8.31072026e+00 
 -1.91471111e-01  -1.73734665e+00   1.07102174e+01 
 -2.26874201e+00   7.13761774e-01   8.69452365e+00 
 -4.46768146e+00   3.66009403e+00   9.55470932e+00 
 -6.84902878e+00   5.81438088e+00   7.53466277e+00 
 -6.41211961e+00   9.55191398e+00   8.14675663e+00 
 -4.93483539e+00   8.98735569e+00   3.14695419e+00 
 -3.62857685e+00   5.62723580e+00   4.26341975e+00 
 -6.53173669e-01   5.58021859e+00   6.68648924e+00 
  1.47309503e+00   2.42736802e+00   7.04049864e+00 
  3.81251386e+00   2.32047190e+00   1.00791281e+01 
  6.66033202e+00  -1.58691501e-01   9.49423274e+00 
  7.14438208e+00  -2.55273771e+00   1.24191148e+01 
  1.21271294e+01  -2.12703902e+00   1.03185090e+01 
  1.21802552e+01  -1.68801097e+00   4.30679706e+00 
  1.29851243e+01  -1.90806527e+00  -1.03415511e+00 
  9.23393103e+00  -9.45786804e-01  -2.19476459e-01 
  1.04891481e+01   2.72245828e+00   6.99629245e-02 
  9.49203905e+00   1.11613144e+00  -4.95194683e+00 
  6.97653889e+00   3.64014570e+00  -3.57290553e+00 
  6.05398938e+00   5.01397004e+00  -8.97951572e+00 
  4.26293135e+00   8.00384516e+00  -1.04643583e+01 
 -2.53288659e-01   2.65424919e+00  -9.40352709e+00 
 -1.53234196e-02   3.40566064e+00  -5.67125834e+00 
  2.58322912e+00   6.20454229e+00  -5.18654992e+00 
  4.07745208e+00   7.99774975e+00  -2.19955851e+00 
  2.32205659e+00   1.11275619e+01  -8.87074078e-01 
  4.66396127e+00   1.14053525e+01   2.12893010e+00 
  5.73145003e+00   5.85925504e+00   8.08718751e+00 
  4.50609009e+00   5.70291601e+00   4.47191466e+00 
  1.60380327e+00   7.81513639e+00   3.25969730e+00 
 -4.97483611e-01   7.16161927e+00   1.38807528e-01 
 -4.07838768e+00   7.86168282e+00  -1.25013796e+00 
 -6.90018920e+00   5.96067415e+00   4.62855729e-01 
 -9.01201387e+00   4.43438587e+00  -2.39284826e+00 
 -1.15651959e+01   2.91631003e+00  -5.47590973e-03 
 -1.19083286e+01  -6.81023363e-01  -1.02731807e+00 
 -1.03020885e+01  -3.43397254e+00  -2.94181820e+00 
  4.30662917e+00  -7.54978698e+00  -9.43212396e+00 
  1.33724730e+00  -1.14064505e+01  -6.68816747e+00 
 -1.41850941e+00  -9.56194864e+00  -8.54769521e+00 
 -4.90666501e+00  -1.04595067e+01  -7.22410126e+00 
 -8.27807792e+00  -8.72363083e+00  -6.41000754e+00 
 -7.19139518e+00  -7.89114908e+00  -2.86714152e+00 
 -4.29988097e+00  -5.73699083e+00  -4.21883962e+00 
 -6.34429363e+00  -3.64859666e+00  -6.62106987e+00 
 -7.57509455e+00  -5.51021887e-01  -4.70307137e+00 
 -1.06888822e+01   1.05140640e+00  -6.07075826e+00 
 -1.26436901e+01   4.16426316e+00  -5.26342788e+00 
 -1.43035313e+01   2.55905402e+00  -1.00996429e+01 
 -1.09415382e+01   4.28250912e+00  -1.04789929e+01 
 -8.14942260e+00   1.83931615e+00  -9.77392281e+00 
 -4.57068083e+00   1.77742505e+00  -8.35067148e+00 
 -2.31284036e+00  -1.30309362e+00  -8.12320104e+00 
 -5.58255461e-01  -2.02075770e+00  -4.96938332e+00 
  2.10921227e+00  -4.34592270e+00  -3.47231454e+00 
  4.16008091e+00  -4.83803969e+00  -6.61087478e+00 
  7.77337188e+00  -6.00590211e+00  -6.25634958e+00 
  7.73122605e+00  -7.29812080e+00  -2.65763650e+00 

   4.025683602513e+01 

  2.48477759e+00   1.97770439e+00   5.65164178e-01 
  2.21814506e+00  -4.45788268e+00   6.47615723e+00 
  2.21966772e+00  -5.77808139e+00   5.65474473e+00 
  2.25572337e+00  -4.45952429e+00   5.00487759e+00 
  2.20134248e+00   8.38139544e-01   1.89032238e+00 
  1.24870905e+00   1.68588488e+00   1.39353185e+00 
  1.72821466e+00  -4.43063811e-01   2.56245180e+00 
  4.40523055e-01  -7.01883354e-03   2.11147624e+00 
  2.08780877e-01   9.69036744e-01   1.40895422e+00 
 -5.65288528e-01   8.26947112e-01   2.12726395e-01 
 -1.10136236e-02   6.81250218e-01  -9.51288352e-01 
 -1.14187543e-01  -3.83042062e-01  -1.78389790e+00 
 -1.76454541e+00   2.65827126e-01   4.46478879e-01 
 -1.97056796e+00  -5.03209300e-01  -6.15049264e-01 
 -3.45195773e+00  -8.75648962e-01  -5.05013624e-01 
 -8.94134255e-01  -1.24691716e+00  -9.97424940e-01 
 -6.23748612e-01  -2.06686358e+00   1.14987535e-01 
  4.77286827e-01  -2.57918294e+00   7.61532851e-01 
  2.53588945e-01  -3.15605939e+00   1.97655465e+00 
  1.31032087e+00  -3.64877188e+00   2.86952034e+00 
  2.45471392e+00  -3.35245149e+00   2.47319646e+00 
  1.10466058e+00  -3.97818525e+00   4.22549132e+00 
 -9.38573468e-01  -2.87653369e+00   2.54887428e+00 
 -2.06057697e+00  -2.78312675e+00   1.73085312e+00 
 -1.80177712e+00  -2.79653406e+00   3.93025667e-01 
 -2.92445572e+00  -2.86349127e+00  -5.46479999e-01 
 -1.39330495e+01  -3.45331487e+00  -8.00737271e+00 
 -6.70599260e+00   7.84498021e+00  -9.16650786e-01 
 -3.64559001e+00   8.89948812e+00   1.21270780e+00 
 -5.33880720e+00   1.16886639e+01   3.20060783e+00 
 -5.78480971e+00   9.20015490e+00   6.09533165e+00 
 -1.97792306e+00   8.48822331e+00   6.00665574e+00 
 -2.21067905e+00   4.96664056e+00   4.75215709e+00 
 -4.95642807e+00   3.75065659e+00   7.11095673e+00 
 -8.36351419e+00   2.99330034e+00   5.57155111e+00 
 -7.40261100e+00   2.77315022e+00   1.90902234e+00 
 -9.24280100e+00   3.27499213e+00  -1.34958346e+00 
 -8.13052594e+00   3.44988543e+00  -4.97234805e+00 
 -1.02793825e+01   1.35885960e+00  -7.32707459e+00 
 -5.63076190e+00  -1.06189825e+00  -7.49780434e+00 
 -5.33861531e+00  -3.10845738e-02  -3.87911191e+00 
 -7.74151325e+00  -1.64543599e+00  -1.35996340e+00 
 -6.90876015e+00  -1.61090850e+00   2.36721908e+00 
 -9.79503616e+00  -2.49716061e+00   4.73394434e+00 
 -8.44913364e+00  -3.67492034e+00   8.11029988e+00 
 -1.01345887e+01  -1.93143393e+00   1.10497967e+01 
 -8.79403819e+00  -6.78022762e+00   1.30779516e+01 
 -3.53886183e+00  -8.88931722e+00   1.10112698e+01 
  1.32646803e+00  -1.10543356e+01   1.00823706e+01 
  4.75619945e-01  -8.30070439e+00   7.37036986e+00 
 -1.41514992e+00  -1.11094518e+01   5.45949263e+00 
  3.87900748e+00  -1.10199385e+01   4.58874188e+00 
  1.76980950e+00  -9.88811134e+00   1.61038537e+00 
  6.16175130e+00  -1.15139449e+01  -1.55784635e+00 
  6.39499404e+00  -1.20786780e+01  -5.29662315e+00 
  8.01654848e+00  -5.38021182e+00  -3.67143502e+00 
  4.30546456e+00  -4.81596257e+00  -2.99282031e+00 
  2.49763738e+00  -8.19082840e+00  -3.39674404e+00 
 -1.07050455e+00  -9.39732049e+00  -2.96907356e+00 
 -3.43091337e+00  -9.20656885e+00  -5.96763446e+00 
 -6.45769776e+00  -1.03002642e+01  -3.89377819e+00 
 -9.61728853e+00  -6.46825642e+00   2.64309220e+00 
 -6.18475173e+00  -6.51384978e+00   9.66386758e-01 
 -5.74623073e+00  -5.65315720e+00  -2.69712767e+00 
 -2.48621177e+00  -4.59025180e+00  -4.37773716e+00 
 -1.24570797e+00  -2.51207858e+00  -7.44106985e+00 
 -1.78539543e+00   1.25078233e+00  -7.19430994e+00 
  1.59989751e+00   2.85377176e+00  -8.15048637e+00 
  2.69055179e-01   6.41046166e+00  -7.83168326e+00 
  2.72310997e+00   8.22874650e+00  -5.64672080e+00 
  5.48267183e+00   7.77854822e+00  -3.19592696e+00 
  1.19536216e+01  -3.77062446e+00   6.66424359e+00 
  1.13087028e+01   1.43507379e+00   8.58921235e+00 
  1.24338724e+01   2.11850524e+00   5.02251336e+00 
  1.18789003e+01   5.77724591e+00   4.00754542e+00 
  1.06762393e+01   7.82767881e+00   9.42998414e-01 
  7.03739102e+00   7.61321024e+00   2.01020494e+00 
  7.13893192e+00   3.77457480e+00   1.72209129e+00 
  8.59874805e+00   3.59695759e+00  -1.76353329e+00 
  5.66322315e+00   3.57003112e+00  -4.24756123e+00 
  6.47163147e+00   4.81535300e+00  -7.70148677e+00 
  4.59093248e+00   5.01978800e+00  -1.09548713e+01 
  9.76744107e+00   5.69576465e+00  -1.21661595e+01 
  9.13238656e+00   2.00069415e+00  -1.15659824e+01 
  9.29974926e+00   1.24379222e+00  -7.86983804e+00 
  7.76179513e+00  -1.15154716e+00  -5.27484457e+00 
  8.66880601e+00  -1.29839766e+00  -1.56072841e+00 
  5.97834819e+00  -1.36631065e+00   9.48655006e-01 
  5.38900899e+00  -1.84191809e+00   4.71551316e+00 
  8.27813285e+00  -4.18944543e+00   5.37978384e+00 
  8.16697680e+00  -6.36877873e+00   8.50775709e+00 
  5.45192911e+00  -4.56654884e+00   1.05085513e+01 

   4.025683779736e+01 

  2.64465438e+00   1.42309920e+00   2.80392167e-01 
  1.78959027e+00  -6.61674357e+00   3.61139527e+00 
  6.57083204e-01  -6.50790737e+00   4.67121469e+00 
  1.09513891e+00  -5.34753393e+00   3.88134471e+00 
  2.47114767e+00  -2.97743647e-01   6.59160954e-01 
  2.05691411e+00   2.72829085e-01  -5.13782858e-01 
  1.77168502e+00  -1.57127422e+00   1.11306452e+00 
  9.26167143e-01  -1.30999542e+00  -1.32039719e-02 
  9.67301697e-01  -3.24893013e-01  -7.39702178e-01 
 -2.18197546e-01   4.41046244e-01  -9.80952723e-01 
 -4.96174020e-01   1.51009581e+00  -3.00332041e-01 
 -1.56341145e+00   1.71521642e+00   5.09329367e-01 
 -1.22174318e+00  -3.12896936e-01  -1.46281186e+00 
 -2.30663803e+00   1.96187462e-01  -8.93102955e-01 
 -3.45603825e+00  -4.36952309e-01  -1.68261443e+00 
 -2.18200422e+00   4.56018302e-01   4.39184539e-01 
 -1.90988656e+00  -7.99625088e-01   1.01550776e+00 
 -1.13642117e+00  -1.30950962e+00   2.03267962e+00 
 -1.01162058e+00  -2.66653583e+00   2.07821181e+00 
 -1.36569647e-01  -3.38950697e+00   3.01003311e+00 
  6.03832659e-01  -2.63014253e+00   3.66548149e+00 
  2.06027532e-01  -4.75079413e+00   2.87264472e+00 
 -1.37853389e+00  -3.32800609e+00   9.58055855e-01 
 -2.48247820e+00  -2.86624682e+00   2.47531457e-01 
 -2.97090994e+00  -1.66245005e+00   6.58870333e-01 
 -4.22357598e+00  -1.16949627e+00   7.97115696e-02 
 -1.56117211e+01   2.19654579e+00  -5.93518652e+00 
 -1.01190274e+00   3.04817670e+00  -9.97037898e+00 
  2.67479920e+00   2.46816052e+00  -8.92928437e+00 
  4.05557611e+00   1.60555923e+00  -1.23858127e+01 
  3.79348130e+00  -2.10988561e+00  -1.14384365e+01 
  5.91673111e+00  -1.40419419e+00  -8.27610387e+00 
  3.19323920e+00  -1.98237803e+00  -5.77056941e+00 
  1.82675105e+00  -5.23835097e+00  -7.22414913e+00 
 -1.63950774e+00  -5.11555526e+00  -8.81207022e+00 
 -2.90882161e+00  -1.83999998e+00  -7.38185106e+00 
 -5.46463405e+00   7.16019077e-01  -8.47308178e+00 
 -6.39357274e+00   4.17424533e+00  -7.22001651e+00 
 -1.01520520e+01   4.70595825e+00  -6.86515627e+00 
 -8.45005448e+00   4.91916429e+00  -1.90967233e+00 
 -5.90963810e+00   2.36133106e+00  -3.02638974e+00 
 -7.18771169e+00  -1.12644477e+00  -3.98973440e+00 
 -4.78282214e+00  -4.09279692e+00  -4.05220084e+00 
 -6.05712032e+00  -7.24152840e+00  -5.83527283e+00 
 -4.15090094e+00  -1.03279161e+01  -4.63562283e+00 
 -2.87858093e+00  -1.24763166e+01  -7.51426000e+00 
 -3.67147326e+00  -1.60715781e+01  -3.53091563e+00 
 -2.31719235e+00  -1.39428172e+01   1.94364882e+00 
 -6.98954810e-01  -1.29107612e+01   6.99715251e+00 
 -1.07297584e+00  -9.55609045e+00   4.93140242e+00 
 -4.83836751e+00  -9.66444203e+00   5.89355618e+00 
 -1.65296784e+00  -7.55460277e+00   9.66133674e+00 
 -3.90326732e+00  -5.02059588e+00   7.89638258e+00 
 -3.40128078e+00  -1.94627191e+00   1.26150803e+01 
 -5.38852923e+00   1.05666540e+00   1.37919867e+01 
  2.12364495e-01   3.10266136e+00   9.97317200e+00 
 -1.63947350e+00   1.84907904e+00   6.88281589e+00 
 -4.92486114e+00   2.15286529e-01   8.04819908e+00 
 -7.78518126e+00  -1.58916278e+00   6.33565706e+00 
 -1.07362310e+01   4.73454793e-01   5.05639201e+00 
 -1.23634438e+01  -2.55356539e+00   3.36900586e+00 
 -9.16337029e+00  -7.20464935e+00  -2.59138547e+00 
 -7.70025951e+00  -4.93169413e+00   1.08401908e-01 
 -8.72222272e+00  -1.29677899e+00   4.20260892e-01 
 -6.76241503e+00   1.43809551e+00   2.22633517e+00 
 -6.27577152e+00   5.31092595e+00   2.14666226e+00 
 -4.43178587e+00   6.66771143e+00  -8.97992242e-01 
 -1.73344600e+00   9.05822870e+00   4.98005002e-01 
 -5.00841515e-01   1.00622149e+01  -2.96543272e+00 
  3.22863953e+00   9.62862426e+00  -2.88913690e+00 
  6.03610312e+00   8.01728861e+00  -1.05994228e+00 
  8.81582567e+00  -4.03088773e+00   9.87594589e+00 
  1.22109115e+01  -3.48380853e+00   5.47201874e+00 
  1.16000635e+01   1.59758770e-01   6.36958745e+00 
  1.27581510e+01   2.54547674e+00   3.59619428e+00 
  1.15848809e+01   5.79577322e+00   1.83514973e+00 
  9.54026541e+00   3.87517178e+00  -7.25444384e-01 
  7.33913915e+00   2.40990786e+00   2.07389394e+00 
  6.51579460e+00   5.67806074e+00   3.79237392e+00 
  3.30911630e+00   7.05790454e+00   2.17941700e+00 
  2.85200239e+00   1.07800482e+01   2.44537862e+00 
  1.06556359e-01   1.31868750e+01   1.53281617e+00 
  3.37114658e+00   1.58242015e+01   4.86566401e+00 
  1.18905818e+00   1.34793717e+01   6.90459238e+00 
  2.69216845e+00   1.00150183e+01   6.93668404e+00 
  1.60013794e+00   6.32517935e+00   7.10849259e+00 
  3.94808526e+00   3.30647391e+00   7.22645847e+00 
  3.32912683e+00   4.55051553e-01   4.98454876e+00 
  4.51361267e+00  -3.13186485e+00   4.28167688e+00 
  5.48153688e+00  -4.04030323e+00   7.82240376e+00 
  5.73034820e+00  -7.73167780e+00   8.74831623e+00 
  5.88260417e+00  -9.30762434e+00   5.26753234e+00 

   4.025683672238e+01 

  3.38275158e+00  -6.71580850e-01  -1.11488827e+00 
 -4.88285051e+00  -1.19138475e+00  -3.92143484e+00 
 -5.72281218e+00  -1.56918084e+00  -2.66867223e+00 
 -4.26566586e+00  -1.38406322e+00  -2.59930412e+00 
  1.76721667e+00  -5.04837763e-01  -1.82005835e+00 
  2.58428831e+00   5.51705141e-01  -1.52147555e+00 
  2.65997179e-01  -2.54195022e-01  -1.84526540e+00 
  6.42669036e-01   1.04237280e+00  -1.36704566e+00 
  1.77276246e+00   1.40571045e+00  -1.06576315e+00 
  2.02071093e+00   1.99881622e+00   2.13696808e-01 
  2.45969752e+00   1.30594683e+00   1.21897888e+00 
  1.83495489e+00   1.08537604e+00   2.40121668e+00 
  1.23334062e+00   3.06457493e+00   4.41615099e-01 
  9.52157926e-01   2.98399632e+00   1.73588928e+00 
  3.41136314e-01   4.35144759e+00   2.05522577e+00 
  6.12395346e-01   1.73682199e+00   2.16860324e+00 
 -5.41805470e-01   1.41363277e+00   1.42954680e+00 
 -1.09717021e+00   3.02218283e-01   8.38654920e-01 
 -2.15321904e+00   5.22222812e-01   4.68657066e-03 
 -2.80019566e+00  -5.15788884e-01  -8.08173046e-01 
 -2.19134086e+00  -1.60333262e+00  -7.76826469e-01 
 -3.69074997e+00  -2.44567689e-01  -1.86774051e+00 
 -2.32636867e+00   1.80048090e+00  -3.99103898e-01 
 -2.07873699e+00   2.82258660e+00   5.12342691e-01 
 -1.49534201e+00   2.42668506e+00   1.67848756e+00 
 -1.34105596e+00   3.40158429e+00   2.76169600e+00 
 -4.94994513e-01   1.31612901e+01   1.17746617e+01 
  7.82013703e+00   9.36779622e+00  -3.34426298e-01 
  8.36023074e+00   6.85479525e+00  -3.23358982e+00 
  9.77099667e+00   9.31689781e+00  -5.79209419e+00 
  6.26978276e+00   9.51338587e+00  -7.36493966e+00 
  6.26338900e+00   5.65553854e+00  -7.71657228e+00 
  3.59087789e+00   4.97977124e+00  -5.18070851e+00 
  1.09318156e+00   7.62818887e+00  -6.33343747e+00 
  5.20495604e-01   1.06049674e+01  -4.01774784e+00 
  1.99282020e+00   9.23636015e+00  -8.01353506e-01 
  3.50692253e+00   1.07855316e+01   2.29117203e+00 
  5.34056162e+00   9.36055675e+00   5.29107924e+00 
  4.10728924e+00   1.07392105e+01   8.62471381e+00 
  2.73487112e+00   5.68306947e+00   8.85053315e+00 
  2.20319188e+00   6.00829932e+00   5.12835803e+00 
 -6.64526963e-01   8.25424314e+00   3.92079226e+00 
 -2.04975908e+00   7.84909917e+00   3.84716139e-01 
 -4.27715406e+00   1.07067020e+01  -8.76365432e-01 
 -6.52325607e+00   9.50200230e+00  -3.72279663e+00 
 -6.44334788e+00   1.18292528e+01  -6.73913584e+00 
 -1.14214451e+01   9.68553360e+00  -6.94983965e+00 
 -1.16332553e+01   3.90804408e+00  -5.24343719e+00 
 -1.24280867e+01  -1.38291609e+00  -4.47135166e+00 
 -8.96775767e+00  -2.44085293e-01  -2.92534117e+00 
 -1.09880557e+01   7.74585274e-01   2.36322922e-01 
 -9.71908525e+00  -4.43414864e+00   6.08438741e-03 
 -7.79859034e+00  -2.45681178e+00   2.65220533e+00 
 -7.25506843e+00  -7.40826592e+00   5.32758292e+00 
 -6.17370526e+00  -8.15422114e+00   8.88089887e+00 
 -5.90361731e-01  -8.09310804e+00   4.52627664e+00 
 -9.46152101e-01  -4.29783117e+00   4.38408105e+00 
 -4.08620543e+00  -3.32342406e+00   6.38699495e+00 
 -5.90277011e+00  -7.98568618e-02   7.12832734e+00 
 -4.85666405e+00   1.93371797e+00   1.02025417e+01 
 -7.17045017e+00   4.85122418e+00   9.31220804e+00 
 -6.94145933e+00   9.44597962e+00   2.51260507e+00 
 -5.75025032e+00   5.92824598e+00   3.40837740e+00 
 -3.39033350e+00   5.30217612e+00   6.30546606e+00 
 -1.23077572e+00   2.19330058e+00   6.80898692e+00 
  2.09684700e+00   1.11858065e+00   8.54503319e+00 
  5.28295319e+00   2.48949373e+00   6.97014011e+00 
  7.64559341e+00  -5.46232597e-01   6.58728445e+00 
  1.04933701e+01   1.55485598e+00   5.17366728e+00 
  1.16002234e+01  -1.97346669e-01   2.04199674e+00 
  1.06112230e+01  -2.71280706e+00  -5.11132995e-01 
 -2.82023677e+00  -1.04653327e+01  -6.16558588e+00 
  9.46501866e-01  -8.49954835e+00  -9.79431449e+00 
  3.21470844e+00  -9.82007003e+00  -7.04374150e+00 
  6.82856500e+00  -8.59076746e+00  -7.43557074e+00 
  9.74990759e+00  -7.30149383e+00  -5.23423973e+00 
  8.54611254e+00  -3.70509151e+00  -5.44054229e+00 
  5.24074956e+00  -4.67188653e+00  -3.71765662e+00 
  6.75578766e+00  -6.49642410e+00  -7.70216643e-01 
  7.30342473e+00  -3.91793032e+00   2.02976690e+00 
  9.97900589e+00  -4.79669481e+00   4.52037292e+00 
  1.12180392e+01  -3.27259333e+00   7.73049258e+00 
  1.31355087e+01  -8.27540330e+00   7.60353152e+00 
  9.47517034e+00  -8.40200339e+00   8.60501296e+00 
  7.28945768e+00  -8.33759707e+00   5.52593922e+00 
  3.82540882e+00  -7.09317514e+00   4.39074924e+00 
  2.29464745e+00  -7.61125899e+00   9.22667859e-01 
  7.72209057e-01  -4.74992534e+00  -8.19402279e-01 
 -1.30911429e+00  -3.88250404e+00  -3.93047631e+00 
 -3.23722779e+00  -7.12718673e+00  -4.16120129e+00 
 -6.50572262e+00  -7.16328677e+00  -6.12621953e+00 
 -6.14475270e+00  -3.92389733e+00  -8.12583528e+00 

   4.025683678522e+01 

 -1.16271128e+00  -1.50238489e-01  -3.55718835e+00 
 -6.93288339e+00  -4.41311123e+00   1.44217141e+00 
 -6.10005782e+00  -5.03392727e+00   2.59916680e+00 
 -5.47618357e+00  -4.22736067e+00   1.53967247e+00 
 -2.49860244e+00  -7.53294057e-01  -2.56384988e+00 
 -2.18138809e+00   5.71388905e-01  -2.69647534e+00 
 -3.22020499e+00  -1.18523221e+00  -1.29506727e+00 
 -2.99768937e+00   1.74833673e-01  -9.04573917e-01 
 -2.35917501e+00   1.01434609e+00  -1.52698536e+00 
 -1.30710532e+00   1.74127086e+00  -8.82710363e-01 
 -6.46695259e-02   1.37920077e+00  -9.75606720e-01 
  7.55572131e-01   9.88772780e-01   3.00701652e-02 
 -1.72921081e+00   2.36925631e+00   2.28676590e-01 
 -7.05094615e-01   2.26194474e+00   1.06555968e+00 
 -1.05528864e+00   3.24382440e+00   2.18743387e+00 
 -1.36551815e-01   1.02403824e+00   1.11452128e+00 
 -1.17513134e+00   1.80298034e-01   1.55306366e+00 
 -1.62041333e+00  -1.09919380e+00   1.31344962e+00 
 -2.84651772e+00  -1.41921955e+00   1.81683269e+00 
 -3.54238905e+00  -2.68787246e+00   1.56567872e+00 
 -2.96516353e+00  -3.39576734e+00   7.17047913e-01 
 -4.90813578e+00  -2.90476428e+00   1.84328390e+00 
 -3.61439716e+00  -3.75310850e-01   2.20096274e+00 
 -2.99702762e+00   7.11536934e-01   2.81284461e+00 
 -1.63472211e+00   6.89944907e-01   2.78856916e+00 
 -8.95246826e-01   1.70534308e+00   3.54339141e+00 
  4.62886662e+00   1.14408354e+01   1.07478689e+01 
 -1.33010090e+00   1.08465741e+01  -3.19121108e+00 
 -2.93420194e+00   8.63139901e+00  -5.93568186e+00 
 -5.22057657e+00   1.12829566e+01  -7.46538974e+00 
 -8.10979155e+00   9.82491393e+00  -5.39232720e+00 
 -7.37489809e+00   6.33702801e+00  -6.90940988e+00 
 -6.12194644e+00   4.73604108e+00  -3.76354854e+00 
 -8.88717041e+00   5.94426044e+00  -1.42358673e+00 
 -7.92726360e+00   8.52178847e+00   1.21960993e+00 
 -4.15266258e+00   8.15403236e+00   1.16497670e+00 
 -1.25577696e+00   1.04139908e+01   2.03516331e+00 
  2.49876107e+00   1.01386280e+01   1.56625905e+00 
  4.49361637e+00   1.10629140e+01   4.68089821e+00 
  5.47689099e+00   5.94286371e+00   4.11763259e+00 
  1.94225422e+00   5.75084664e+00   2.80907646e+00 
 -9.17527919e-01   6.43270099e+00   5.27543543e+00 
 -4.45315203e+00   5.22545143e+00   4.48265524e+00 
 -7.25485210e+00   6.73192381e+00   6.62703365e+00 
 -1.03398689e+01   4.47825507e+00   6.58123121e+00 
 -1.35466777e+01   6.39705333e+00   5.83571563e+00 
 -1.52460889e+01   2.28709779e+00   8.94077955e+00 
 -1.22972445e+01  -2.87350044e+00   7.93637939e+00 
 -1.05343514e+01  -7.91517606e+00   7.10254695e+00 
 -8.04620291e+00  -5.27874483e+00   5.51524400e+00 
 -6.43448335e+00  -5.03250959e+00   9.04472055e+00 
 -4.69255953e+00  -9.16766179e+00   6.10183665e+00 
 -2.12675558e+00  -6.37642064e+00   6.57718384e+00 
  1.75608107e+00  -1.04006823e+01   5.74115452e+00 
  5.48961896e+00  -1.03576230e+01   6.38191038e+00 
  4.05365464e+00  -8.16089774e+00  -1.94740709e-01 
  2.75550112e+00  -4.92062819e+00   1.34363909e+00 
  2.90435574e+00  -5.28112323e+00   5.17364358e+00 
  1.90523212e+00  -3.11355479e+00   8.11874438e+00 
  4.46369351e+00  -6.42479610e-01   9.51419604e+00 
  1.93045404e+00   9.05173196e-01   1.19320328e+01 
 -5.10179454e+00   4.66736874e+00   9.98482402e+00 
 -2.87437182e+00   2.09178303e+00   8.25265472e+00 
  7.96962716e-01   2.75594511e+00   7.59341724e+00 
  2.98198300e+00   9.43144221e-01   5.03971920e+00 
  6.17665427e+00   1.54847695e+00   2.87883878e+00 
  5.78425256e+00   4.06232407e+00   4.37273950e-02 
  7.26758315e+00   2.34381372e+00  -3.08525708e+00 
  6.67513842e+00   5.37602692e+00  -5.31629038e+00 
  4.90289137e+00   4.07506946e+00  -8.36084442e+00 
  2.95521586e+00   1.21381542e+00  -9.71878787e+00 
 -5.50246601e+00  -1.19858051e+01  -4.55001296e+00 
 -7.58946433e+00  -8.82377364e+00  -8.65694164e+00 
 -3.89602080e+00  -8.83268870e+00  -9.55848789e+00 
 -3.04554047e+00  -6.17924039e+00  -1.21967518e+01 
 -2.57624740e-01  -3.59871924e+00  -1.29781186e+01 
 -1.91455711e+00  -9.11226242e-01  -1.08667227e+01 
 -1.55342997e+00  -3.10450252e+00  -7.72226778e+00 
  2.12951200e+00  -3.88091088e+00  -8.10346553e+00 
  4.08801480e+00  -1.13901258e+00  -6.25018855e+00 
  7.60854345e+00  -5.91279894e-01  -7.45014752e+00 
  1.04981791e+01   1.53412433e+00  -6.31173365e+00 
  1.25469396e+01  -2.12612428e+00  -9.64721299e+00 
  1.19070335e+01  -3.76941454e+00  -6.28458052e+00 
  8.30318259e+00  -4.87385543e+00  -6.05027853e+00 
  5.52547852e+00  -5.34586617e+00  -3.42376408e+00 
  2.01797294e+00  -6.71339759e+00  -4.10658621e+00 
 -9.04431938e-01  -4.92847829e+00  -2.75983742e+00 
 -4.70891275e+00  -5.26899382e+00  -2.34389217e+00 
 -4.84402821e+00  -9.03722332e+00  -2.05867903e+00 
 -7.91205005e+00  -1.06289484e+01  -4.46307480e-01 
 -1.03665035e+01  -7.70032318e+00  -5.92776313e-01 

   4.025683693499e+01 

  9.24477329e-01  -2.77562848e+00   2.64306221e-02 
  7.71244360e-01   5.43980412e+00   3.01491451e+00 
 -7.34044509e-01   5.80112714e+00   3.16048455e+00 
 -2.95294638e-01   4.48460918e+00   2.67410268e+00 
  1.09959444e+00  -1.05535417e+00   4.07123682e-01 
  1.32399903e+00  -1.59127506e+00  -8.31994630e-01 
  7.03963825e-01   4.12571696e-01   4.82851050e-01 
  6.78042598e-01   3.07238576e-01  -9.45382184e-01 
  8.41559398e-01  -7.13686662e-01  -1.60182458e+00 
 -1.22969769e-01  -1.09700451e+00  -2.58828453e+00 
 -1.06710922e+00  -1.94910971e+00  -2.33161672e+00 
 -2.40383463e+00  -1.72722924e+00  -2.35471971e+00 
 -3.39855004e-01  -1.25491724e-01  -3.49209181e+00 
 -1.63899679e+00  -2.10763696e-01  -3.74833321e+00 
 -1.81543382e+00   6.59045740e-01  -4.99639118e+00 
 -2.42890037e+00  -3.53441505e-01  -2.64664561e+00 
 -2.18784961e+00   8.10407880e-01  -1.89151698e+00 
 -2.07269924e+00   1.16132401e+00  -5.66249036e-01 
 -1.58961737e+00   2.41015453e+00  -3.09017011e-01 
 -1.28253315e+00   2.92196634e+00   1.03281154e+00 
 -1.36578217e+00   2.04504092e+00   1.91515722e+00 
 -5.27597851e-01   4.08816404e+00   1.27663179e+00 
 -9.81858790e-01   3.02975503e+00  -1.34521217e+00 
 -1.50991290e+00   2.85887034e+00  -2.62143222e+00 
 -2.48877488e+00   1.91586882e+00  -2.71910296e+00 
 -3.21540584e+00   1.77534869e+00  -3.98395263e+00 
 -9.02497976e+00   1.47413056e+00  -1.59572708e+01 
  3.89672226e+00  -4.27047663e+00  -1.04627030e+01 
  6.16545400e+00  -4.75092897e+00  -7.35878944e+00 
  9.52858757e+00  -4.72938232e+00  -9.17184805e+00 
  9.91166866e+00  -1.03621347e+00  -8.17946727e+00 
  9.35556698e+00  -2.02346825e+00  -4.47499741e+00 
  6.01983835e+00  -3.69310122e-01  -4.06730598e+00 
  6.89219535e+00   2.97578942e+00  -5.68930557e+00 
  5.25583443e+00   3.76217310e+00  -9.04425703e+00 
  2.44967205e+00   1.21048569e+00  -9.02806326e+00 
  4.34678570e-01  -5.31428545e-01  -1.17042540e+01 
 -2.07048381e+00  -3.37969698e+00  -1.16432624e+01 
 -5.21706565e+00  -2.68319948e+00  -1.36800598e+01 
 -7.01049994e+00  -2.88424287e+00  -8.75641622e+00 
 -3.67787714e+00  -1.37042420e+00  -7.83719729e+00 
 -2.96395551e+00   2.21854410e+00  -8.99294640e+00 
 -2.39447922e-01   4.27236314e+00  -7.27670823e+00 
  8.65894825e-01   7.45262617e+00  -9.11562360e+00 
  2.50064026e+00   9.90800686e+00  -6.68719811e+00 
  5.83275731e+00   1.12396850e+01  -7.96969151e+00 
  3.96109700e+00   1.53055809e+01  -4.90600034e+00 
  1.00817802e+00   1.34567519e+01   1.31455110e-02 
 -1.15852653e+00   1.25180957e+01   4.87582946e+00 
 -1.22610408e+00   9.24365230e+00   2.65442040e+00 
 -4.54568124e+00   1.06117810e+01   1.16318774e+00 
 -5.11674403e+00   8.03367810e+00   5.83452678e+00 
 -6.49445817e+00   6.14659959e+00   2.81109186e+00 
 -9.91219510e+00   3.58706899e+00   6.51759449e+00 
 -1.30108513e+01   1.48806997e+00   5.93077570e+00 
 -7.21780286e+00  -2.58199309e+00   6.05590682e+00 
 -6.33598209e+00  -1.15324118e+00   2.63069147e+00 
 -8.95369416e+00   1.52980332e+00   1.75320350e+00 
 -9.47397335e+00   3.93713618e+00  -1.12851348e+00 
 -1.15147683e+01   2.76372509e+00  -4.13810238e+00 
 -1.07645353e+01   5.94820868e+00  -6.12672729e+00 
 -3.38578470e+00   8.72211134e+00  -8.41966898e+00 
 -4.63344458e+00   6.40854689e+00  -5.64724203e+00 
 -6.69535417e+00   3.32200096e+00  -6.40638184e+00 
 -7.18185090e+00   3.23529170e-01  -4.09239293e+00 
 -7.97012814e+00  -3.49552560e+00  -4.27975822e+00 
 -5.19816646e+00  -5.67101755e+00  -5.72704482e+00 
 -4.78759851e+00  -8.61583168e+00  -3.25651393e+00 
 -2.10525412e+00  -1.03134449e+01  -5.36502401e+00 
  7.30285045e-01  -1.10479645e+01  -3.01498612e+00 
  2.19517673e+00  -1.01982817e+01   2.95031004e-01 
  1.38005030e+00   1.49131871e+00   1.19212501e+01 
  6.36243462e+00  -5.42558129e-01   1.04179188e+01 
  4.24833316e+00  -3.70206894e+00   1.03688426e+01 
  6.03421157e+00  -6.60931271e+00   8.61297463e+00 
  5.22675729e+00  -9.50568860e+00   6.16325301e+00 
  5.85350404e+00  -7.33073488e+00   3.11323719e+00 
  2.99950851e+00  -4.96842778e+00   4.16330885e+00 
  3.50707745e-01  -7.62030281e+00   4.67670858e+00 
 -1.46699733e+00  -8.10486032e+00   1.32267809e+00 
 -3.11211463e+00  -1.14532042e+01   8.57548416e-01 
 -5.32825358e+00  -1.29765578e+01  -1.77517414e+00 
 -5.74194162e+00  -1.61238418e+01   2.54274227e+00 
 -7.85307161e+00  -1.30168784e+01   3.09688239e+00 
 -5.69615496e+00  -1.02037413e+01   4.39934085e+00 
 -5.46573376e+00  -6.36076151e+00   4.27577681e+00 
 -2.87568561e+00  -4.22071497e+00   6.10629124e+00 
 -1.10314228e+00  -1.57260528e+00   4.26625812e+00 
  1.29904110e+00   1.37674052e+00   4.80837318e+00 
  1.61877840e-01   2.31233311e+00   8.29130508e+00 
  9.26975876e-01   5.82261725e+00   9.57133080e+00 
  3.61968515e+00   6.89524707e+00   7.07705609e+00 

   4.025683709348e+01 

 -2.89535988e+00  -7.55236223e-01   2.06100619e+00 
  5.63856927e-01   5.07169744e+00  -3.46560947e+00 
  1.13688586e+00   4.23463289e+00  -4.64403822e+00 
  4.69379524e-01   3.60328189e+00  -3.49601558e+00 
 -2.06324433e+00   5.45487723e-01   1.19457144e+00 
 -1.63299967e+00   2.07590765e-02   2.38309157e+00 
 -1.02358798e+00   1.18476722e+00   2.84897712e-01 
 -1.04050680e-01   6.88151220e-01   1.26441850e+00 
 -3.79547712e-01  -1.24810506e-02   2.23039767e+00 
  3.23823337e-01  -1.23966235e+00   2.45301705e+00 
 -1.45545023e-01  -2.38250000e+00   2.05681498e+00 
  4.06086398e-01  -3.22986426e+00   1.15441628e+00 
  1.65478719e+00  -1.05934886e+00   2.51416696e+00 
  2.15143287e+00  -2.13635613e+00   1.91909129e+00 
  3.63968047e+00  -2.08879438e+00   2.27712491e+00 
  1.52833692e+00  -2.48400591e+00   7.57660372e-01 
  1.71363091e+00  -1.37065851e+00  -8.43452340e-02 
  1.00243511e+00  -6.86799917e-01  -1.04316086e+00 
  1.51634882e+00   5.12242004e-01  -1.43976677e+00 
  8.45134050e-01   1.44078105e+00  -2.35850446e+00 
 -3.20925497e-01   1.09304951e+00  -2.63026369e+00 
  1.23451491e+00   2.78368715e+00  -2.54373235e+00 
  2.46468649e+00   1.04015436e+00  -6.34205653e-01 
  3.38191468e+00   1.79628666e-01  -3.84159471e-02 
  3.10572146e+00  -1.14703768e+00  -1.82029900e-01 
  4.09303055e+00  -2.13061805e+00   2.71148820e-01 
  1.38126164e+01  -1.00251452e+01   4.78848437e+00 
  2.45912275e+00  -2.53491083e+00   1.15083421e+01 
 -6.53698294e-01  -2.75506924e-01   1.10418999e+01 
 -3.69349640e-01   1.67384019e+00   1.43156436e+01 
  1.29475969e+00   4.52197718e+00   1.23434025e+01 
 -1.74793413e+00   4.57573563e+00   9.94631437e+00 
  4.11573932e-02   3.27543991e+00   6.92342564e+00 
  3.12925484e+00   5.51109702e+00   7.14035420e+00 
  6.43464533e+00   3.83069424e+00   8.03605889e+00 
  5.54032838e+00   2.06699814e-01   7.36313077e+00 
  6.80644587e+00  -3.11625114e+00   8.63248565e+00 
  5.59653067e+00  -6.69034726e+00   8.23972616e+00 
  8.37429865e+00  -9.15009736e+00   7.36314606e+00 
  5.37575981e+00  -9.16354713e+00   3.06111126e+00 
  4.78332606e+00  -5.52531193e+00   3.87067196e+00 
  7.75911818e+00  -3.12015879e+00   3.57713537e+00 
  7.15457830e+00   6.37108259e-01   3.25428005e+00 
  1.02144746e+01   2.87870173e+00   3.82858992e+00 
  9.70397665e+00   6.29266782e+00   2.19069243e+00 
  1.05042507e+01   9.18195150e+00   4.54281780e+00 
  1.16470433e+01   1.12095501e+01  -3.56575858e-01 
  7.89171125e+00   9.32886834e+00  -4.68053667e+00 
  4.55256215e+00   8.56915524e+00  -8.86321472e+00 
  3.92059247e+00   5.85538555e+00  -6.05300927e+00 
  6.82042284e+00   3.84154682e+00  -7.68116330e+00 
  2.05851373e+00   3.18100731e+00  -1.00648452e+01 
  3.28170232e+00   1.34183270e-01  -8.11015088e+00 
  2.22866099e-02  -2.87579112e+00  -1.16153113e+01 
 -7.12829304e-02  -6.60832233e+00  -1.22566787e+01 
 -4.54804253e+00  -4.84893762e+00  -7.06024324e+00 
 -1.49808410e+00  -4.31107096e+00  -4.83323604e+00 
  1.65093565e+00  -4.82193910e+00  -6.98818858e+00 
  5.38555677e+00  -4.54806325e+00  -6.39841039e+00 
  7.26674619e+00  -7.63508712e+00  -5.16109371e+00 
  1.05354533e+01  -5.69386139e+00  -4.70799102e+00 
  1.18154634e+01   7.54103010e-01   2.09767766e-01 
  8.73174644e+00  -7.86501280e-01  -1.43738012e+00 
  7.79849774e+00  -4.42049208e+00  -9.10526143e-01 
  4.35318896e+00  -5.95993432e+00  -1.49559108e+00 
  2.16940416e+00  -8.94963884e+00  -2.56794465e-01 
  9.11911787e-01  -8.68410641e+00   3.32917981e+00 
 -2.86584273e+00  -9.48896868e+00   3.17079274e+00 
 -3.32463723e+00  -9.18484923e+00   6.94170405e+00 
 -6.25278228e+00  -6.88555622e+00   7.43359851e+00 
 -8.38873661e+00  -4.33292296e+00   5.77650372e+00 
 -8.36718862e+00   5.65033816e+00  -7.36935224e+00 
 -1.01338102e+01   7.60396086e+00  -2.44156267e+00 
 -1.15887265e+01   4.09186339e+00  -2.38928917e+00 
 -1.28346919e+01   3.09509493e+00   1.10050093e+00 
 -1.28432614e+01   7.61718418e-03   3.44779351e+00 
 -9.48063794e+00   9.28342927e-01   4.95476715e+00 
 -7.80182609e+00   6.03367837e-01   1.50451378e+00 
 -9.15041703e+00  -2.82371014e+00   6.39454813e-01 
 -6.63877405e+00  -5.42158902e+00   1.95517848e+00 
 -8.06948262e+00  -8.82746513e+00   2.65308104e+00 
 -6.62938521e+00  -1.21500014e+01   3.67775091e+00 
 -1.15727636e+01  -1.31491329e+01   1.86514559e+00 
 -9.27317393e+00  -1.26140029e+01  -1.10851728e+00 
 -8.92295729e+00  -8.92246872e+00  -1.82413593e+00 
 -6.34747124e+00  -6.41585611e+00  -3.21004804e+00 
 -6.93414452e+00  -2.67066537e+00  -3.72807121e+00 
 -4.42138725e+00  -2.70109099e-01  -2.51833894e+00 
 -3.52913087e+00   3.46529638e+00  -2.63323119e+00 
 -4.97106483e+00   4.21778244e+00  -6.04695360e+00 
 -3.73737960e+00   7.31538912e+00  -7.89856461e+00 
 -2.09037328e+00   9.22684881e+00  -5.02518934e+00 

   4.025683648063e+01 

