  1.21000554e+00  -5.12377097e-01  -8.25883365e-01 
  9.72149852e-01  -6.21932347e-01   4.03407852e-01 
  2.58035500e+00  -2.72605265e-01  -1.14113603e+00 
  3.69315131e+00  -6.47388215e-01  -7.62905231e-01 
  5.05923899e+00  -3.51970164e-01  -9.81905091e-01 
  5.62016890e+00   2.47962223e-01   1.49009646e-01 
  6.94499008e+00   4.26993391e-01   1.77501939e-01 
  7.69918528e+00  -2.18427001e-01  -7.59646536e-01 
  7.23005154e+00  -9.40725040e-01  -1.81647024e+00 
  5.86657341e+00  -9.20680881e-01  -1.91536817e+00 
  5.27149803e+00  -1.53754789e+00  -3.01485986e+00 
  5.44651652e+00  -1.21188021e+00  -4.29464301e+00 
  4.93341908e+00  -2.26938368e+00  -4.95456722e+00 
  4.22060143e+00  -2.98356107e+00  -4.08384156e+00 
  4.20078349e+00  -2.29033298e+00  -2.97427991e+00 
  7.72025602e+00   6.35995682e-01   1.75867583e+00 
  2.33845875e-01   1.49932928e-01  -1.57135851e+00 
 -1.10925781e+00   1.02190980e-01  -1.11411231e+00 
 -1.92992258e+00  -9.61285914e-01  -1.71460686e+00 
 -1.15256908e+00  -1.68330672e+00  -2.36081988e+00 
 -1.74835995e+00   1.40628499e+00  -1.33954065e+00 
 -3.24095996e+00   1.35206961e+00  -1.52697587e+00 
 -3.66548467e+00   2.06759046e+00  -2.60372794e+00 
 -4.17451406e+00   1.37097963e+00  -4.92497793e-01 
 -4.94428985e+00   2.47330413e+00  -2.80430028e+00 
 -5.31310397e+00   2.17553061e+00  -5.40538599e-01 
 -5.86635643e+00   2.14752757e+00  -1.82499655e+00 
 -2.86584584e+00  -1.35791645e+00  -7.03289775e-01 
 -3.52819466e+00  -2.55523917e+00  -9.40315272e-01 
 -3.62619728e+00  -3.57390588e+00  -7.23380728e-02 
 -4.42689605e+00  -4.71321845e+00  -1.67908007e-01 
 -5.38798235e+00  -4.75728737e+00  -1.17929381e+00 
 -5.27380903e+00  -3.56712255e+00  -1.92832554e+00 
 -4.07583303e+00  -2.84335381e+00  -2.14157939e+00 
 -5.44789029e+00  -6.05347441e+00  -1.98355155e+00 
 -6.17836538e+00  -6.20867351e+00  -3.13980463e+00 
 -5.39426151e+00  -6.55676777e+00  -4.18805371e+00 
 -4.20080728e+00  -6.78698988e+00  -3.70600432e+00 
 -4.50933021e+00  -6.96956240e+00  -2.37208347e+00 
  8.57655325e+00  -9.47889282e+00   1.92501303e+00 
 -3.57438107e+00  -1.16676935e+00   1.38008691e+01 
 -5.40786807e+00  -2.47626999e+00   1.07451509e+01 
 -1.15471897e+01  -5.36903499e+00   3.85869328e+00 
 -8.10836741e+00  -4.42934001e+00   5.00507657e+00 
 -7.14177971e+00  -1.16802583e+00   3.41659608e+00 
 -3.97906282e+00   8.30795654e-02   5.28023534e+00 
 -1.81930314e+00  -9.81968368e-02   8.43141755e+00 
 -1.68328620e+00   2.65110448e+00   1.09661819e+01 
 -1.27841905e+00   6.66000054e+00   8.67510169e+00 
 -5.84600665e-01   7.45290789e+00   5.00249327e+00 
 -2.61824804e+00   1.00871084e+01   3.12362668e+00 
 -2.79578495e+00   7.92713936e+00   3.47881205e-02 
 -4.94000606e+00   5.35516762e+00   1.85496653e+00 
 -7.95574399e+00   7.61706810e+00   1.55366371e+00 
 -8.33935392e+00   7.79999430e+00  -2.20565956e+00 
 -1.20971800e+01   8.00023721e+00  -2.83396001e+00 
  2.37307658e+00   9.17785074e+00  -2.40321954e+00 
  5.33877293e+00   9.37092980e+00  -4.76496576e+00 
  2.12576967e+00   1.12456225e+01   2.48211784e+00 
  7.25303421e-01   1.15474521e+01   5.98047314e+00 
 -2.69716351e+00   1.15898791e+01   7.60396064e+00 
  5.41190394e+00  -4.42460189e+00   1.00150734e+01 
  2.09562325e+00  -5.24655240e+00   8.47887804e+00 
 -3.67094848e-01  -7.63773131e+00   6.86462649e+00 
  8.53713817e-01  -6.89227264e+00   3.34184343e+00 
  1.78991328e+00  -9.14526487e+00   4.50897828e-01 
  4.88292237e+00  -1.12871266e+01   8.85745082e-01 
  5.68294231e+00  -1.10012163e+01  -2.84970315e+00 
  4.59130592e+00  -8.37331086e+00  -5.46224955e+00 
  1.91847866e+00  -1.09388193e+01  -6.45189741e+00 
  5.68723243e-01  -1.25316784e+01  -3.28162334e+00 
 -2.07650593e+00  -1.19694367e+01  -5.94060702e-01 
 -3.02498585e+00  -1.00923911e+01   2.52901559e+00 
  1.32348843e+01  -7.60912432e+00   2.59445829e+00 
  1.07415014e+01  -4.82558375e+00   2.13047457e+00 
  7.17322694e+00  -3.53641905e+00   2.63507302e+00 
  4.67003569e+00  -4.50394533e+00  -3.42473748e-02 
  9.90022681e-01  -4.09185343e+00  -1.01641667e+00 
 -1.09401062e+00  -3.73237809e+00   2.10289378e+00 
  1.65424219e+00  -2.54021536e+00   4.38430466e+00 
  1.15784175e+00   1.13659778e+00   3.57107724e+00 
  2.53387860e-01   3.52010720e+00   6.42296092e+00 
  1.92025669e+00   1.24715943e+00   8.94294168e+00 
  5.26080783e+00   2.96101610e+00   4.81083721e+00 
  4.50684675e+00   4.83086705e+00   1.59104849e+00 
  5.82093080e+00   3.56777540e+00  -1.72424669e+00 
  8.41576543e+00   1.84853630e+00  -3.85420742e+00 
  9.06278649e+00   3.84115861e-01  -7.29564348e+00 
  7.93504334e+00  -3.20398086e+00  -6.84608360e+00 
  8.63135788e+00  -5.05978165e+00  -3.61295812e+00 
  1.14382540e+01   1.26242030e+00   1.53599085e-01 
  1.03256028e+01   4.99945766e+00   5.89569488e-01 

   5.170292408232e+00 

 -3.37188015e-01  -1.59040979e+00  -1.64266414e+00 
 -7.39942025e-01  -1.18261147e+00  -5.24082763e-01 
  1.04756014e+00  -1.35499440e+00  -1.89122911e+00 
  1.88106668e+00  -4.65987341e-01  -1.69947480e+00 
  3.27195451e+00  -2.47841719e-01  -1.83829764e+00 
  3.88383521e+00  -1.61565766e-01  -5.84627886e-01 
  5.16371672e+00   2.21972679e-01  -5.31555028e-01 
  5.71795716e+00   7.62308940e-01  -1.65604577e+00 
  5.13495765e+00   8.41823821e-01  -2.88586942e+00 
  3.90376483e+00   2.49273488e-01  -2.93386429e+00 
  3.25045962e+00   1.74339889e-01  -4.16313189e+00 
  3.68391519e+00  -4.60037281e-01  -5.25134956e+00 
  2.88658570e+00   2.05789336e-02  -6.22621185e+00 
  1.85925377e+00   6.37140587e-01  -5.64246332e+00 
  1.97665705e+00   4.05464883e-01  -4.36003288e+00 
  5.77067085e+00   8.77517286e-01   1.00033860e+00 
 -8.93019360e-01  -2.79301527e+00  -2.08091863e+00 
 -2.19601260e+00  -3.13456837e+00  -1.63277692e+00 
 -3.28457092e+00  -2.75146383e+00  -2.54565105e+00 
 -2.77212556e+00  -2.03967363e+00  -3.42538866e+00 
 -2.25831059e+00  -4.57888821e+00  -1.36822103e+00 
 -3.62595650e+00  -5.18876107e+00  -1.52160227e+00 
 -3.61713461e+00  -6.32752633e+00  -2.26639902e+00 
 -4.59502565e+00  -5.23240365e+00  -5.21089370e-01 
 -4.61171518e+00  -7.24996005e+00  -2.27645042e+00 
 -5.32657364e+00  -6.38935078e+00  -2.52187843e-01 
 -5.69535403e+00  -7.01265504e+00  -1.44893238e+00 
 -4.41167066e+00  -2.44844390e+00  -1.71267119e+00 
 -5.44835200e+00  -1.76703949e+00  -2.33672935e+00 
 -6.02774679e+00  -6.46405035e-01  -1.87939912e+00 
 -7.18559992e+00  -2.26145859e-02  -2.34688904e+00 
 -7.96622986e+00  -7.03655880e-01  -3.28247967e+00 
 -7.32039193e+00  -1.92494303e+00  -3.56870938e+00 
 -5.92089608e+00  -2.13803832e+00  -3.54710751e+00 
 -8.42227593e+00   1.13375362e-01  -4.48871443e+00 
 -9.01700056e+00  -4.29055984e-01  -5.60525938e+00 
 -8.30897966e+00  -1.67990402e-01  -6.73014417e+00 
 -7.35841446e+00   6.64025845e-01  -6.39268064e+00 
 -7.86598850e+00   1.14093055e+00  -5.19987115e+00 
  2.67725524e+00   9.92225755e+00  -2.41950585e+00 
 -6.67376660e+00   1.92913630e+00   1.19485477e+01 
 -8.49968862e+00   1.30318781e+00   8.67928518e+00 
 -1.44331181e+01  -9.56082777e-01   1.38731911e+00 
 -1.10543238e+01  -1.00673387e-02   2.69557122e+00 
 -8.73902407e+00  -2.94224603e+00   2.32753911e+00 
 -5.57794506e+00  -2.13386017e+00   4.42403280e+00 
 -4.03272263e+00  -7.16592608e-02   7.25015864e+00 
 -3.15352254e+00  -1.52545787e+00   1.05841751e+01 
 -9.86453095e-01  -5.55399188e+00   9.83655387e+00 
  3.79056360e-01  -7.17711734e+00   6.65866364e+00 
 -2.62442827e-01  -1.08634327e+01   5.88121163e+00 
 -8.90478344e-01  -1.01143035e+01   2.23672456e+00 
 -4.04959112e+00  -8.16307933e+00   3.09608653e+00 
 -5.91703703e+00  -1.13972589e+01   3.69138520e+00 
 -5.76220926e+00  -1.29563632e+01   2.47789348e-01 
 -9.05879096e+00  -1.48317371e+01  -1.66502126e-01 
  4.60994170e+00  -9.93772894e+00   2.51909596e-01 
  7.67762308e+00  -9.70810603e+00  -1.97229450e+00 
  4.60446909e+00  -1.01796953e+01   5.55707542e+00 
  3.02889490e+00  -9.83173894e+00   8.97575775e+00 
 -2.82014605e-01  -1.06899660e+01   1.06042897e+01 
  7.63667077e-01   7.03150863e+00   7.01403487e+00 
 -2.41253566e+00   5.90395424e+00   5.37892819e+00 
 -5.39567549e+00   6.43184065e+00   3.09622416e+00 
 -3.58242003e+00   5.10879485e+00   2.73909459e-02 
 -3.24762767e+00   6.44642100e+00  -3.49520472e+00 
 -1.27903917e+00   9.65311428e+00  -3.92549155e+00 
 -2.28387960e-03   8.48485722e+00  -7.34315471e+00 
  3.02903615e-01   4.93478485e+00  -8.83540223e+00 
 -3.01200001e+00   5.73582330e+00  -1.05889681e+01 
 -5.22586744e+00   7.61491223e+00  -8.14407684e+00 
 -7.74934088e+00   6.97530849e+00  -5.35851856e+00 
 -8.26580883e+00   6.03143672e+00  -1.75034912e+00 
  7.58464513e+00   1.03996645e+01  -1.26458324e+00 
  6.41414121e+00   6.87320721e+00  -6.52736088e-01 
  3.57522318e+00   4.51888898e+00   3.70434336e-01 
  1.22075440e+00   3.46254745e+00  -2.39867459e+00 
 -1.88252330e+00   1.31932525e+00  -3.07190419e+00 
 -4.01890253e+00   1.21996087e+00   3.10823622e-02 
 -1.30892584e+00   2.05274894e+00   2.50928159e+00 
 -2.66756574e-01  -1.55903357e+00   3.05298879e+00 
 -5.18100237e-01  -3.00861552e+00   6.58398483e+00 
 -1.49600721e-01   4.36055210e-01   8.09841476e+00 
  4.04778428e+00  -1.07418702e+00   4.74103462e+00 
  4.44394819e+00  -4.04364740e+00   2.40496987e+00 
  5.55226934e+00  -3.54317894e+00  -1.17756486e+00 
  7.52328909e+00  -1.74892482e+00  -3.84616297e+00 
  7.95774236e+00  -1.38367857e+00  -7.59909397e+00 
  5.50231209e+00   1.38507560e+00  -8.40730757e+00 
  5.05709653e+00   4.32401971e+00  -6.05224034e+00 
  9.60564773e+00   1.28755772e+00  -3.84221602e-01 
  9.96053467e+00  -2.20553945e+00   1.36673203e+00 

   5.170292408270e+00 

 -9.58342573e-01   7.89114115e-01  -6.47214135e-01 
 -4.02778154e-01   6.80362946e-01   4.74951742e-01 
 -3.72782165e-01   1.77016629e+00  -1.50125623e+00 
  7.51943920e-01   2.17686814e+00  -1.80361623e+00 
  1.35479205e+00   3.20902733e+00  -2.56035273e+00 
  1.98198525e+00   4.13304532e+00  -1.71990709e+00 
  2.75307110e+00   5.07235548e+00  -2.27770452e+00 
  3.10193584e+00   4.91975822e+00  -3.58867074e+00 
  2.64067224e+00   3.96087183e+00  -4.44099122e+00 
  1.69751631e+00   3.14957994e+00  -3.87396609e+00 
  1.07422092e+00   2.19472895e+00  -4.67601613e+00 
  3.32074934e-01   2.43249197e+00  -5.75639739e+00 
  2.37016199e-01   1.22003169e+00  -6.33776191e+00 
  6.30924596e-01   3.11023503e-01  -5.44621172e+00 
  8.20533806e-01   9.58849189e-01  -4.32529457e+00 
  3.97209827e+00   5.85865141e+00  -1.25763519e+00 
 -2.34748427e+00   6.56597123e-01  -6.46709384e-01 
 -2.94663795e+00  -1.41634508e-01   3.62806311e-01 
 -3.20552646e+00  -1.53740183e+00  -2.43341334e-02 
 -2.64590954e+00  -1.70834859e+00  -1.12013971e+00 
 -4.19845804e+00   4.88816755e-01   8.04856680e-01 
 -5.23062589e+00  -4.67579031e-01   1.33951801e+00 
 -6.46794420e+00  -2.59668395e-01   8.12827536e-01 
 -5.29777146e+00  -9.10563481e-01   2.65909440e+00 
 -7.62316239e+00  -7.23866421e-01   1.35149883e+00 
 -6.50237098e+00  -9.58913029e-01   3.36094879e+00 
 -7.52157952e+00  -1.43916161e+00   2.53192528e+00 
 -3.05685116e+00  -2.31413425e+00   1.17174826e+00 
 -2.94787677e+00  -3.68555178e+00   9.82520597e-01 
 -1.99043610e+00  -4.46805603e+00   1.50373542e+00 
 -1.92816124e+00  -5.86243812e+00   1.51402491e+00 
 -3.05762042e+00  -6.57311768e+00   1.10440708e+00 
 -4.03661881e+00  -5.63300681e+00   7.19270406e-01 
 -3.77587256e+00  -4.36085183e+00   1.55268681e-01 
 -2.80450106e+00  -7.71763447e+00   1.26382630e-01 
 -3.80017112e+00  -8.39256016e+00  -5.42735062e-01 
 -3.65487782e+00  -8.30199364e+00  -1.88642484e+00 
 -2.50319162e+00  -7.72190459e+00  -2.10280982e+00 
 -1.89769275e+00  -7.92073228e+00  -8.77370071e-01 
  1.02004644e+01  -1.64550495e+00  -4.08021830e+00 
  4.03227044e+00  -1.16095920e+00   1.37940973e+01 
  1.96037860e+00  -3.60079998e+00   1.17524505e+01 
 -4.03654682e+00  -1.02564511e+01   8.11626455e+00 
 -1.73167680e+00  -7.33557970e+00   7.69341338e+00 
 -3.74766043e+00  -4.32189223e+00   6.72015594e+00 
 -1.41460851e+00  -1.24869351e+00   7.11196420e+00 
  1.74178971e+00   2.12080592e-01   8.70276978e+00 
  1.64797260e+00   2.72654607e+00   1.14723998e+01 
 -1.51418724e+00   5.92814199e+00   1.03612104e+01 
 -3.44204435e+00   6.61278753e+00   7.13432867e+00 
 -7.20094770e+00   7.30100443e+00   7.17764487e+00 
 -7.75181737e+00   5.17525106e+00   4.10915599e+00 
 -6.75440065e+00   2.02580472e+00   6.00966127e+00 
 -1.01091313e+01   1.98461206e+00   7.75486566e+00 
 -1.24410577e+01   1.53026059e+00   4.81058076e+00 
 -1.53082315e+01  -6.25517044e-01   6.10983181e+00 
 -6.39332566e+00   9.02797017e+00  -7.84861650e-02 
 -5.83209854e+00   1.07272153e+01  -3.42633166e+00 
 -5.11790963e+00   1.10024207e+01   4.68367951e+00 
 -4.34280332e+00   1.07464752e+01   8.37483092e+00 
 -5.71839281e+00   8.88783169e+00   1.13754956e+01 
  9.63400699e+00   1.26702740e+00   5.52218881e+00 
  7.13751613e+00  -1.52518213e+00   5.58788239e+00 
  6.01760903e+00  -5.05968931e+00   4.78688744e+00 
  4.53509678e+00  -4.08203570e+00   1.42497811e+00 
  4.85875924e+00  -5.59446368e+00  -2.02724065e+00 
  8.26749434e+00  -5.39846826e+00  -3.66598400e+00 
  6.65511360e+00  -5.05901765e+00  -7.12435810e+00 
  3.12053718e+00  -3.88314954e+00  -8.14761752e+00 
  2.29087023e+00  -7.62067787e+00  -8.36619560e+00 
  3.97234401e+00  -9.38336574e+00  -5.45496649e+00 
  3.37253891e+00  -1.02585087e+01  -1.79290362e+00 
  3.37110950e+00  -9.02922057e+00   1.76593998e+00 
  1.25268911e+01   2.69836533e+00  -5.24759434e+00 
  9.13524935e+00   3.36868136e+00  -3.75501936e+00 
  6.38650629e+00   2.30284067e+00  -1.31421134e+00 
  3.89735454e+00  -2.28916031e-01  -2.62633817e+00 
  7.76669190e-01  -2.20457069e+00  -1.60894751e+00 
  8.78822808e-01  -2.86184026e+00   2.10051005e+00 
  3.19737152e+00  -4.28754118e-02   3.02611816e+00 
  4.16719966e-01   2.49990785e+00   3.50459179e+00 
  2.08314812e-02   4.13119358e+00   6.94182522e+00 
  3.68169562e+00   3.57304119e+00   7.70444262e+00 
  2.71068268e+00   6.53086111e+00   3.06986504e+00 
 -5.07551411e-01   7.24738021e+00   1.18269556e+00 
 -7.10773582e-01   6.70603610e+00  -2.55616078e+00 
  7.89872144e-01   6.68682835e+00  -6.01641743e+00 
  2.00844069e-01   5.57322812e+00  -9.59686235e+00 
  1.69249866e+00   2.09137821e+00  -9.59097290e+00 
  4.87280523e+00   1.35276738e+00  -7.66171018e+00 
  5.17860903e+00   8.42754048e+00  -4.21353250e+00 
  2.62603546e+00   1.07715092e+01  -2.37405182e+00 

   5.170292407832e+00 

 -7.96107072e-01   5.52471689e-01   1.13662161e+00 
  4.59126059e-02   1.07268591e+00   3.61950967e-01 
 -1.44817079e+00   1.47801914e+00   2.00432388e+00 
 -1.91337318e+00   2.61944615e+00   1.95365293e+00 
 -2.46603902e+00   3.59476389e+00   2.81663849e+00 
 -1.59602106e+00   4.68005094e+00   2.95356967e+00 
 -2.04032100e+00   5.76943039e+00   3.58907347e+00 
 -3.38071810e+00   5.87037169e+00   3.82734141e+00 
 -4.31747452e+00   4.90780971e+00   3.59359130e+00 
 -3.77962406e+00   3.73797304e+00   3.13374978e+00 
 -4.62470053e+00   2.64368500e+00   2.95514118e+00 
 -5.33910356e+00   2.03408060e+00   3.89988803e+00 
 -6.20349361e+00   1.27874020e+00   3.19322458e+00 
 -5.76475373e+00   1.22981673e+00   1.93567326e+00 
 -4.59964202e+00   1.82529434e+00   1.93319669e+00 
 -1.20919373e+00   7.30570463e+00   3.28261132e+00 
 -4.53398153e-01  -7.01498149e-01   1.64395355e+00 
  3.98715792e-01  -1.53085608e+00   8.68487147e-01 
 -2.97192078e-01  -2.50246144e+00   1.01383082e-02 
 -1.50402268e+00  -2.21149890e+00   5.57945118e-02 
  1.33335209e+00  -2.23647947e+00   1.75645183e+00 
  1.82311935e+00  -3.55963138e+00   1.23173943e+00 
  1.74245668e+00  -4.55719400e+00   2.15366606e+00 
  2.91790318e+00  -3.72456478e+00   3.85411428e-01 
  2.41524140e+00  -5.73273336e+00   2.07854312e+00 
  3.87653430e+00  -4.71431729e+00   6.03157868e-01 
  3.25584688e+00  -5.90579492e+00   9.92815222e-01 
  5.26638544e-01  -2.66539242e+00  -1.15209530e+00 
 -8.19978167e-02  -3.29250118e+00  -2.23133815e+00 
 -9.94242238e-02  -2.82895166e+00  -3.49050016e+00 
 -5.19479057e-01  -3.48964322e+00  -4.64606317e+00 
 -7.94302626e-01  -4.85540494e+00  -4.55832998e+00 
 -5.99843506e-01  -5.24424637e+00  -3.21610630e+00 
 -8.11253151e-01  -4.42054407e+00  -2.08416754e+00 
 -2.09712944e+00  -5.31454944e+00  -5.20821375e+00 
 -2.63554635e+00  -6.57124697e+00  -5.04877611e+00 
 -3.87807401e+00  -6.52243097e+00  -4.51160144e+00 
 -4.22073848e+00  -5.26131716e+00  -4.46824383e+00 
 -3.32457738e+00  -4.73529251e+00  -5.37822037e+00 
 -7.72120071e+00   8.52124794e+00  -4.41076909e+00 
  1.04699885e+01   5.12153260e+00  -8.32166827e+00 
  8.44933403e+00   1.91691299e+00  -8.56915398e+00 
  4.80073438e+00  -6.94450723e+00  -9.85196732e+00 
  4.64477012e+00  -3.51752770e+00  -8.35056592e+00 
  5.19909995e+00  -3.78205859e+00  -4.64699007e+00 
  5.82582241e+00  -1.79165899e-01  -3.35564297e+00 
  6.84664228e+00   3.40871634e+00  -4.19968099e+00 
  1.01501096e+01   4.86837019e+00  -3.22054700e+00 
  1.09485322e+01   3.70904255e+00   1.19563850e+00 
  8.72791583e+00   2.12177444e+00   3.86913459e+00 
  1.00032182e+01  -7.30952181e-01   6.06923190e+00 
  6.71828624e+00  -2.56885280e+00   5.80607313e+00 
  7.25188109e+00  -3.15963421e+00   2.07887228e+00 
  9.75764168e+00  -5.88708185e+00   2.84297019e+00 
  7.56969710e+00  -8.37764489e+00   4.66591406e+00 
  8.90819481e+00  -1.18131723e+01   3.68525565e+00 
  3.65314978e+00   1.86885407e-01   9.95771561e+00 
  9.38445616e-01   1.23401547e+00   1.23958254e+01 
  8.24402446e+00   2.71921633e+00   9.11241566e+00 
  1.13327373e+01   3.58403750e+00   7.11170724e+00 
  1.39062585e+01   1.72843693e+00   5.04179745e+00 
  2.08145389e+00   1.04000910e+01  -5.58884010e+00 
  2.00130181e+00   6.84311687e+00  -6.76132787e+00 
  5.30654100e-01   4.00250909e+00  -8.80011865e+00 
 -1.84913828e+00   2.93346417e+00  -6.03428891e+00 
 -5.54391666e+00   2.12192173e+00  -6.03891636e+00 
 -7.92131837e+00   4.98447503e+00  -6.74398293e+00 
 -1.05424517e+01   3.46865189e+00  -4.39722129e+00 
 -1.01603988e+01   9.60869167e-01  -1.48380108e+00 
 -1.12378974e+01  -1.68326263e+00  -4.04364595e+00 
 -9.55725248e+00  -8.87574853e-01  -7.35302523e+00 
 -6.30074343e+00  -1.51673761e+00  -9.23335741e+00 
 -2.68062333e+00  -5.65554123e-01  -9.64140162e+00 
 -8.14345827e+00   1.26286838e+01  -1.47906164e+00 
 -5.64828772e+00   1.02115828e+01  -2.57605391e-02 
 -2.97550191e+00   7.53926700e+00  -6.29160870e-01 
 -4.24128792e+00   3.99731747e+00  -1.05309976e+00 
 -3.03780074e+00   4.12149434e-01  -1.66560347e+00 
  1.33758034e-01   4.98315323e-01  -3.69939435e+00 
  1.17767980e+00   4.00683195e+00  -2.81649034e+00 
  3.13098133e+00   2.97946007e+00   2.74759774e-01 
  6.86703159e+00   3.78890684e+00   4.13030748e-01 
  6.39450720e+00   6.69757361e+00  -1.95581383e+00 
  3.29543787e+00   6.96510686e+00   2.68046368e+00 
  2.66434271e+00   4.41372740e+00   5.42345858e+00 
 -8.60836525e-01   3.62416535e+00   6.54733699e+00 
 -4.44455151e+00   4.58229465e+00   7.22899506e+00 
 -7.88809192e+00   3.18431259e+00   7.99991735e+00 
 -9.32199988e+00   2.67357492e+00   4.53128625e+00 
 -8.64851008e+00   5.18505753e+00   1.77070343e+00 
 -3.48528280e+00   9.38508453e+00   5.98220121e+00 
 -4.08144386e-01   8.57376813e+00   8.27708595e+00 

   5.170292408233e+00 

 -4.23699231e-01  -5.50353772e-01  -1.87295474e+00 
  8.57447443e-02  -9.02148932e-01  -7.79135021e-01 
 -1.46905608e-01  -1.43012814e+00  -2.96112511e+00 
  7.99581153e-01  -2.09223688e+00  -3.39426626e+00 
  1.07185663e+00  -3.04792405e+00  -4.40122028e+00 
  1.32943502e+00  -4.29945931e+00  -3.83479089e+00 
  1.78166236e+00  -5.27273417e+00  -4.63243843e+00 
  2.22022690e+00  -4.92822291e+00  -5.87847145e+00 
  2.13132969e+00  -3.69550451e+00  -6.45395377e+00 
  1.47475296e+00  -2.78600861e+00  -5.67230207e+00 
  1.22904113e+00  -1.51682545e+00  -6.19414628e+00 
  4.99727063e-01  -1.23291743e+00  -7.27212265e+00 
  8.26461338e-01   4.78688244e-02  -7.53653481e+00 
  1.45106290e+00   5.36286023e-01  -6.46525377e+00 
  1.37097175e+00  -3.89177729e-01  -5.54374020e+00 
  2.63510829e+00  -6.63294220e+00  -3.87991317e+00 
 -1.69478390e+00   1.94399405e-02  -1.78956198e+00 
 -2.05033321e+00   6.98683904e-01  -5.94784509e-01 
 -1.82835736e+00   2.15303686e+00  -6.20312790e-01 
 -1.19434861e+00   2.39414128e+00  -1.66102666e+00 
 -3.45716394e+00   4.19139129e-01  -2.74452384e-01 
 -4.14974826e+00   1.49797704e+00   5.14446706e-01 
 -5.36288120e+00   1.83499879e+00  -1.60672269e-03 
 -4.13059354e+00   1.60526918e+00   1.90374409e+00 
 -6.33043001e+00   2.50231157e+00   6.75680876e-01 
 -5.28609343e+00   1.86855187e+00   2.63961052e+00 
 -6.05774681e+00   2.83794476e+00   1.99035466e+00 
 -1.49207793e+00   2.52587454e+00   7.22795010e-01 
 -9.39033891e-01   3.79118824e+00   8.69738186e-01 
  1.94600797e-01   4.07157069e+00   1.53074414e+00 
  7.01809338e-01   5.32464532e+00   1.87834841e+00 
 -1.18988639e-01   6.43886139e+00   1.69574661e+00 
 -1.32991444e+00   5.98828747e+00   1.12898540e+00 
 -1.46715965e+00   4.87683934e+00   2.62780065e-01 
  5.33160588e-01   7.64112119e+00   1.01766617e+00 
 -1.60836802e-01   8.74227860e+00   5.69981258e-01 
  8.43382356e-03   8.93800487e+00  -7.59625193e-01 
  9.20708115e-01   8.08773319e+00  -1.15269075e+00 
  1.50167618e+00   7.77719991e+00   6.13558545e-02 
  1.10686657e+01  -1.09552462e+00  -5.01305005e+00 
  4.26780471e+00  -3.87663989e+00   1.24164149e+01 
  3.18638642e+00  -4.80703326e-01   1.11079694e+01 
 -1.77673777e-01   8.42618957e+00   9.42481295e+00 
  1.08116105e+00   5.11195064e+00   8.21904561e+00 
 -1.75111951e+00   3.24172836e+00   6.61461809e+00 
 -5.51652176e-01  -4.18325433e-01   6.16021906e+00 
  1.89096988e+00  -3.15960903e+00   7.23088898e+00 
  8.67200710e-01  -6.10066965e+00   9.30555714e+00 
 -3.10323510e+00  -7.73918582e+00   7.56339817e+00 
 -5.00023759e+00  -6.96115192e+00   4.33939702e+00 
 -8.77850601e+00  -6.38718584e+00   4.35053641e+00 
 -8.47595423e+00  -3.52112034e+00   1.91495844e+00 
 -6.60534404e+00  -1.42233627e+00   4.48822391e+00 
 -9.84390492e+00  -7.23883055e-01   6.31182994e+00 
 -1.17692817e+01   1.15823893e+00   3.65407312e+00 
 -1.38459293e+01   3.74182373e+00   5.54318399e+00 
 -8.24107332e+00  -6.47018194e+00  -3.13213542e+00 
 -8.10520326e+00  -7.39502349e+00  -6.81135912e+00 
 -7.88663108e+00  -9.84214251e+00   9.55359510e-01 
 -7.23884510e+00  -1.07525252e+01   4.56679596e+00 
 -8.07779107e+00  -9.33471799e+00   7.97806902e+00 
  9.15953714e+00  -5.90335968e+00   3.60378753e+00 
  7.69429416e+00  -2.55841649e+00   4.43903280e+00 
  7.80915200e+00   1.23096772e+00   4.56512840e+00 
  6.24513906e+00   1.62980557e+00   1.12261844e+00 
  7.19476226e+00   3.74525022e+00  -1.86621404e+00 
  1.04297377e+01   2.86193915e+00  -3.62634598e+00 
  8.95269427e+00   3.90996627e+00  -7.00204322e+00 
  5.27805268e+00   4.22371790e+00  -8.15161925e+00 
  5.70628652e+00   7.96400433e+00  -7.42215701e+00 
  7.73158605e+00   8.32828805e+00  -4.23230799e+00 
  7.27972666e+00   8.43552216e+00  -4.48041878e-01 
  6.72112698e+00   6.44920576e+00   2.70140779e+00 
  1.19237013e+01  -5.53822589e+00  -7.28803543e+00 
  8.43270561e+00  -5.41759025e+00  -5.88136079e+00 
  6.06542502e+00  -4.14595478e+00  -3.15591156e+00 
  4.58586062e+00  -7.07883510e-01  -3.71973780e+00 
  2.22429280e+00   1.86107494e+00  -2.13846554e+00 
  2.36400181e+00   1.53077541e+00   1.61305396e+00 
  3.60733992e+00  -2.02131658e+00   1.73848891e+00 
  1.37552211e-01  -3.56542574e+00   1.68365033e+00 
 -9.17949163e-01  -5.76265166e+00   4.63161736e+00 
  2.68914616e+00  -6.61918309e+00   5.37341487e+00 
  1.02933083e+00  -7.88884778e+00   1.96172495e-01 
 -2.15907517e+00  -7.04774210e+00  -1.69021232e+00 
 -2.00725549e+00  -5.58109791e+00  -5.17436288e+00 
 -4.24786872e-01  -5.20996623e+00  -8.57785181e+00 
 -4.60836325e-01  -3.13354435e+00  -1.17549288e+01 
  2.07019058e+00  -4.31313302e-01  -1.09548058e+01 
  5.22792724e+00  -1.25015490e+00  -9.02085940e+00 
  3.08353077e+00  -8.65676735e+00  -7.41477341e+00 
 -1.68375891e-01  -1.04223600e+01  -6.11043576e+00 

   5.170292408232e+00 

  1.61132984e-01   7.38638990e-01   3.04602192e-01 
 -4.75291900e-01  -3.11200803e-01   5.73924803e-01 
 -6.61145362e-01   1.86188875e+00  -6.68636294e-03 
 -1.71428818e+00   2.37097140e+00   3.85183254e-01 
 -2.60130987e+00   3.41458494e+00   3.09349236e-02 
 -3.81176856e+00   2.89420009e+00  -4.35454205e-01 
 -4.82558262e+00   3.74125186e+00  -6.42092258e-01 
 -4.71713315e+00   5.00552496e+00  -1.38627057e-01 
 -3.61610524e+00   5.54646532e+00   4.56182572e-01 
 -2.53982927e+00   4.70332625e+00   4.57479107e-01 
 -1.32387914e+00   5.17962432e+00   9.45461960e-01 
 -6.21467105e-01   6.20068369e+00   4.57004517e-01 
  2.69589546e-01   6.45761066e+00   1.43531294e+00 
  2.64855340e-01   5.41923231e+00   2.27081846e+00 
 -5.06659970e-01   4.51516512e+00   1.72354187e+00 
 -6.46956451e+00   3.07686526e+00  -6.69367958e-01 
  1.33886372e+00   5.59128613e-01  -4.22035274e-01 
  2.03346629e+00  -6.71216355e-01  -2.83979740e-01 
  3.11346426e+00  -6.63337574e-01   7.15324873e-01 
  3.01570131e+00   4.11272458e-01   1.33082422e+00 
  2.57162613e+00  -1.07722281e+00  -1.58991757e+00 
  3.80769402e+00  -1.93371350e+00  -1.52294035e+00 
  4.79363973e+00  -1.50625582e+00  -2.35767221e+00 
  3.80889883e+00  -3.32076851e+00  -1.38839463e+00 
  5.84937071e+00  -2.26039806e+00  -2.75374952e+00 
  4.63240198e+00  -4.13677758e+00  -2.16426125e+00 
  5.90170542e+00  -3.56137123e+00  -2.28459838e+00 
  3.15941516e+00  -1.98931172e+00   1.25911873e+00 
  3.88832508e+00  -2.12750126e+00   2.43302783e+00 
  3.44944382e+00  -2.71846913e+00   3.55499514e+00 
  4.18277793e+00  -3.05958196e+00   4.69260164e+00 
  5.57354616e+00  -2.95614515e+00   4.63264506e+00 
  5.90970654e+00  -2.46051704e+00   3.35517666e+00 
  5.11519505e+00  -1.58082922e+00   2.58098953e+00 
  6.24047558e+00  -2.26338205e+00   5.81831128e+00 
  7.56416091e+00  -1.88686346e+00   5.84463489e+00 
  7.70484125e+00  -5.53657269e-01   6.03850329e+00 
  6.51300973e+00  -8.26390320e-02   6.29809207e+00 
  5.86404727e+00  -1.24861855e+00   6.65474793e+00 
 -6.54557264e+00   4.63999372e+00   9.36172046e+00 
 -6.00445918e+00  -1.31336099e+01   2.91356038e+00 
 -2.51862281e+00  -1.19747378e+01   3.87264370e+00 
  6.82260947e+00  -1.07144089e+01   6.02568926e+00 
  3.44408637e+00  -9.35526882e+00   5.15331386e+00 
  3.57061859e+00  -7.89980951e+00   1.69508310e+00 
 -1.02227003e-01  -7.28647437e+00   6.11007187e-01 
 -3.79504009e+00  -8.13300652e+00   1.13435021e+00 
 -5.76929404e+00  -1.02049497e+01  -1.27636789e+00 
 -4.80677724e+00  -8.69217039e+00  -5.55062495e+00 
 -2.92379889e+00  -5.61810626e+00  -6.81658733e+00 
 -3.35969093e-01  -5.89072837e+00  -9.61545984e+00 
  1.99970436e+00  -3.50457904e+00  -7.85795316e+00 
  2.54664215e+00  -5.99492292e+00  -5.02514199e+00 
  4.83527676e+00  -8.04284938e+00  -7.23190471e+00 
  7.61592066e+00  -5.55997893e+00  -7.87727559e+00 
  1.08099301e+01  -7.63848436e+00  -8.06230214e+00 
 -2.91579958e-01   1.61109167e+00  -9.53283239e+00 
 -9.29036750e-01   5.31085250e+00  -1.00948805e+01 
 -3.50452452e+00  -2.36851747e+00  -1.09621893e+01 
 -4.81949830e+00  -5.90841133e+00  -1.07864278e+01 
 -3.36619846e+00  -9.39808294e+00  -1.05396431e+01 
 -9.93005981e+00  -3.97527416e+00   5.44606636e+00 
 -6.39018259e+00  -4.97905888e+00   6.14955892e+00 
 -3.32753207e+00  -5.18119968e+00   8.37842337e+00 
 -1.93236659e+00  -1.85883003e+00   7.16538723e+00 
 -5.48886624e-01   1.13846866e+00   9.01259970e+00 
 -2.99190511e+00   3.12693173e+00   1.11152276e+01 
 -1.11219939e+00   6.37400116e+00   1.03415376e+01 
  1.26662776e+00   7.27187585e+00   7.43328061e+00 
  4.07999541e+00   6.48954962e+00   9.91887305e+00 
  3.07184371e+00   3.43270747e+00   1.19310917e+01 
  3.20410009e+00  -3.74544629e-01   1.17771905e+01 
  1.69977188e+00  -3.50918290e+00   1.03323519e+01 
 -1.05723303e+01   7.06416688e+00   7.47682142e+00 
 -8.59728315e+00   5.42833716e+00   4.71936110e+00 
 -6.37191937e+00   2.52542783e+00   3.59240857e+00 
 -2.66966052e+00   2.91432866e+00   4.27752232e+00 
  6.88671736e-01   1.12447944e+00   3.83591578e+00 
  1.29936252e-01  -2.60146128e+00   3.92363377e+00 
 -3.51022424e+00  -2.56606064e+00   2.96084632e+00 
 -2.84300827e+00  -2.70564758e+00  -7.75735693e-01 
 -4.23262918e+00  -5.66734073e+00  -2.75808830e+00 
 -7.00000946e+00  -6.15085077e+00  -2.27698994e-01 
 -6.83521549e+00  -1.06730117e+00  -2.53014129e+00 
 -4.25154871e+00   5.85942949e-01  -4.77141075e+00 
 -2.93091775e+00   4.03919458e+00  -3.96867390e+00 
 -3.32113419e+00   7.53044733e+00  -2.59587822e+00 
 -1.40808095e+00   1.06514932e+01  -1.59290998e+00 
 -6.33523664e-01   9.96013310e+00   2.04995003e+00 
 -3.18424915e+00   8.25692991e+00   4.28038696e+00 
 -8.19873793e+00   6.67752926e+00  -1.58444515e+00 
 -7.91173195e+00   5.20130230e+00  -5.20824037e+00 

   5.170292407833e+00 

  9.07894268e-01   4.00599055e-01  -7.31940180e-01 
  4.09683690e-01   7.43314094e-01   3.69906997e-01 
  3.50442534e-02   5.62803154e-01  -1.84843249e+00 
 -7.96696581e-01   1.37635206e+00  -2.25853222e+00 
 -1.74600802e+00   1.51218378e+00  -3.29862156e+00 
 -3.04602690e+00   1.45700589e+00  -2.78829256e+00 
 -4.05989881e+00   1.74932776e+00  -3.60964924e+00 
 -3.76649388e+00   2.34003330e+00  -4.80489218e+00 
 -2.52075874e+00   2.55627797e+00  -5.31485247e+00 
 -1.52447719e+00   2.05244148e+00  -4.52565855e+00 
 -2.11641017e-01   2.11969332e+00  -4.98983521e+00 
  2.66991215e-01   1.54715971e+00  -6.09330803e+00 
  1.45729011e+00   2.15612696e+00  -6.26485956e+00 
  1.75501977e+00   2.79073166e+00  -5.13130081e+00 
  8.31093464e-01   2.44981848e+00  -4.26977693e+00 
 -5.60189046e+00   2.23837681e+00  -2.88306623e+00 
  1.73391284e+00  -7.23523097e-01  -6.95633599e-01 
  2.42363642e+00  -1.01269552e+00   5.10990442e-01 
  3.79592506e+00  -4.86360039e-01   5.80720825e-01 
  3.93786794e+00   2.58040226e-01  -4.03608517e-01 
  2.44035450e+00  -2.46624135e+00   7.27452216e-01 
  3.60930982e+00  -2.96981616e+00   1.53112001e+00 
  4.22058990e+00  -4.04334394e+00   9.60628014e-01 
  3.65228787e+00  -3.02907844e+00   2.92276170e+00 
  5.05182130e+00  -4.89400741e+00   1.61300946e+00 
  4.12732917e+00  -4.15277009e+00   3.59926005e+00 
  5.26612429e+00  -4.65239163e+00   2.95876909e+00 
  4.03166393e+00  -1.76940348e-01   1.96083568e+00 
  5.14111546e+00   6.19506166e-01   2.21234910e+00 
  5.14333072e+00   1.73586664e+00   2.95693299e+00 
  6.24238729e+00   2.47050921e+00   3.40488413e+00 
  7.51371881e+00   1.91986393e+00   3.23448426e+00 
  7.35817577e+00   6.85286429e-01   2.56950218e+00 
  6.33918328e+00   3.78796103e-01   1.63559486e+00 
  8.57451793e+00   2.85931746e+00   2.66645907e+00 
  9.81680846e+00   2.44869295e+00   2.23902072e+00 
  1.00264602e+01   2.75147397e+00   9.35493033e-01 
  9.01683185e+00   3.48890770e+00   5.52675959e-01 
  8.53850522e+00   3.90136187e+00   1.78106887e+00 
 -1.96698531e+00   1.17131399e+01  -3.18007181e+00 
 -3.93939513e+00   3.23284155e+00   1.36117923e+01 
 -3.39061065e-01   2.99321718e+00   1.24310912e+01 
  9.14500960e+00   1.72372140e+00   1.10442091e+01 
  5.69041744e+00   2.33573795e+00   9.73503056e+00 
  4.54165518e+00  -7.04630044e-01   7.85613727e+00 
  7.31287404e-01  -2.78185784e-01   7.27266761e+00 
 -2.51337817e+00   1.44401185e+00   8.33735203e+00 
 -5.24862425e+00  -3.27231818e-01   1.01767306e+01 
 -5.92067762e+00  -4.41777988e+00   8.10309265e+00 
 -4.61970034e+00  -5.86816180e+00   4.81645471e+00 
 -3.24707976e+00  -9.42968171e+00   4.62576623e+00 
 -4.14843460e-01  -8.35108068e+00   2.37788579e+00 
  1.12371561e+00  -6.26973378e+00   5.17549250e+00 
  2.42653066e+00  -9.41020000e+00   6.83132984e+00 
  4.78739283e+00  -1.06953307e+01   4.16901899e+00 
  7.67675923e+00  -1.23087156e+01   6.06761498e+00 
 -3.13356838e+00  -8.38131385e+00  -2.80216350e+00 
 -3.91266930e+00  -8.17826505e+00  -6.51191450e+00 
 -6.66925346e+00  -9.04648490e+00   1.10422111e+00 
 -7.84659418e+00  -8.86971133e+00   4.69218941e+00 
 -6.42410585e+00  -9.63411855e+00   8.11899552e+00 
 -6.60426146e+00   8.20946699e+00   5.01931146e+00 
 -3.05993572e+00   7.42963606e+00   5.94820078e+00 
  6.07388426e-01   8.33533144e+00   6.29312767e+00 
  1.47578633e+00   7.14497195e+00   2.78812949e+00 
  3.45933284e+00   8.73525895e+00  -1.30381943e-02 
  1.97429435e+00   1.18284642e+01  -1.61619477e+00 
  3.45461553e+00   1.08555742e+01  -5.01288205e+00 
  4.59915673e+00   7.42401703e+00  -6.36838805e+00 
  8.12613084e+00   8.58101006e+00  -5.40554710e+00 
  7.91350894e+00   1.04009386e+01  -2.08104271e+00 
  7.95852362e+00   9.70907987e+00   1.66804401e+00 
  6.01016230e+00   8.51560865e+00   4.66070742e+00 
 -6.39139465e+00   1.17699855e+01  -5.64291763e+00 
 -5.58074688e+00   8.29127675e+00  -4.45053647e+00 
 -3.94355909e+00   6.05606665e+00  -1.80996841e+00 
 -2.47298208e-01   5.38338159e+00  -2.27094041e+00 
  2.70187048e+00   3.51151758e+00  -6.97567855e-01 
  2.19404163e+00   3.30587363e+00   3.03101571e+00 
 -1.54446270e+00   3.75593676e+00   3.03411714e+00 
 -2.30207797e+00   5.10691096e-02   2.67819307e+00 
 -4.34093936e+00  -1.65677419e+00   5.42750390e+00 
 -5.98362847e+00   1.62349458e+00   6.34208337e+00 
 -6.65065540e+00   1.11937471e-01   1.00905945e+00 
 -5.06567628e+00  -2.68060973e+00  -1.02105399e+00 
 -3.52294415e+00  -1.96944521e+00  -4.40153060e+00 
 -3.36030699e+00  -1.01921715e-01  -7.67438680e+00 
 -1.19491927e+00   5.33093961e-01  -1.07263528e+01 
  8.63791960e-01   3.51442041e+00  -9.62102600e+00 
 -6.94835707e-01   6.27834823e+00  -7.54416931e+00 
 -7.52650332e+00   2.50272964e+00  -6.49113646e+00 
 -8.60344062e+00  -1.13519852e+00  -5.49153860e+00 

   5.170292408232e+00 

  1.42218006e-01   1.17924969e+00   4.25808265e-01 
 -5.65486234e-01   1.49628237e-01   5.62808051e-01 
  1.33779185e+00   9.76018313e-01  -3.25212767e-01 
  1.70343570e+00   3.56926040e-01  -1.32764270e+00 
  2.89365744e+00   5.38976749e-02  -2.02976400e+00 
  3.20796822e+00  -1.30205781e+00  -1.90278827e+00 
  4.20082822e+00  -1.79308463e+00  -2.65187892e+00 
  4.66726089e+00  -1.02609448e+00  -3.68036899e+00 
  4.30888588e+00   2.60102813e-01  -3.95594320e+00 
  3.44265825e+00   7.83070072e-01  -3.03648134e+00 
  3.08248413e+00   2.12490102e+00  -3.15174581e+00 
  3.90351307e+00   3.17202150e+00  -3.08861108e+00 
  3.15013385e+00   4.18334024e+00  -3.56477980e+00 
  1.88220749e+00   3.77284103e+00  -3.57799619e+00 
  1.87278942e+00   2.60128847e+00  -2.99536344e+00 
  4.23808670e+00  -3.54304817e+00  -2.93660606e+00 
  1.92389269e-01   2.02709678e+00   1.53301810e+00 
 -9.19365781e-01   2.04741198e+00   2.41555359e+00 
 -1.90658031e+00   3.10390225e+00   2.14296733e+00 
 -1.58605756e+00   3.61327726e+00   1.05623551e+00 
 -4.41270635e-01   2.16333120e+00   3.80044291e+00 
 -1.40660001e+00   2.82593102e+00   4.74650144e+00 
 -8.22796806e-01   3.78977119e+00   5.50924142e+00 
 -2.42569402e+00   2.16907411e+00   5.43353283e+00 
 -1.34986751e+00   4.29159172e+00   6.65403318e+00 
 -2.66695969e+00   2.39516776e+00   6.78877071e+00 
 -2.55655595e+00   3.76005202e+00   7.07443949e+00 
 -3.17962749e+00   2.56343945e+00   2.52149234e+00 
 -4.28607452e+00   3.26532232e+00   2.06148782e+00 
 -5.33080795e+00   2.72962384e+00   1.41169554e+00 
 -6.54893988e+00   3.33252964e+00   1.09397800e+00 
 -6.82938507e+00   4.58048068e+00   1.65299399e+00 
 -5.71222254e+00   4.96266855e+00   2.42530010e+00 
 -4.36790751e+00   4.61093974e+00   2.15406437e+00 
 -7.37177897e+00   5.63363408e+00   6.90083244e-01 
 -7.51054989e+00   6.96621905e+00   1.00561725e+00 
 -6.79370369e+00   7.75832169e+00   1.72839033e-01 
 -6.32329601e+00   6.98509955e+00  -7.70851066e-01 
 -7.16522337e+00   5.89844631e+00  -6.35917714e-01 
 -1.61295086e+00  -1.67399447e+00  -1.10201622e+01 
 -9.18492307e+00  -1.05933843e+01   3.84194673e+00 
 -1.00521021e+01  -6.89855326e+00   3.94246824e+00 
 -1.33202227e+01   2.05767821e+00   5.55118305e+00 
 -1.08619664e+01  -3.11072614e-01   4.01211998e+00 
 -7.54158740e+00   1.00101340e-01   5.71498565e+00 
 -5.35255935e+00  -2.91064138e+00   4.62651028e+00 
 -5.24075760e+00  -6.45931557e+00   3.20461572e+00 
 -4.40709983e+00  -9.45835715e+00   5.28138080e+00 
 -7.20774961e-01  -8.39082308e+00   7.88053328e+00 
  1.67511857e+00  -5.41506476e+00   7.82861741e+00 
  2.69556249e+00  -3.63383451e+00   1.10520917e+01 
  2.42045744e+00  -2.45672145e-01   9.41423269e+00 
 -1.34887097e+00  -6.49389144e-01   9.02059817e+00 
 -1.83776336e+00   7.98278763e-02   1.26990325e+01 
 -5.16679825e-01   3.61878508e+00   1.29079590e+01 
 -2.67430344e+00   5.35438338e+00   1.55325494e+01 
  7.63430813e+00   5.78172439e-02   6.77814752e+00 
  1.06708987e+01   1.23666578e+00   4.82881085e+00 
  6.86591506e+00  -4.82573025e+00   8.71822438e+00 
  4.75105296e+00  -7.66348463e+00   1.00469098e+01 
  1.84280554e+00  -8.07053032e+00   1.24400672e+01 
 -3.71370763e+00  -9.24901540e+00  -4.75790875e+00 
 -5.86363787e+00  -6.58769714e+00  -3.23199864e+00 
 -8.39595018e+00  -3.77164295e+00  -3.44591049e+00 
 -5.73369291e+00  -1.09164660e+00  -3.87729044e+00 
 -5.39505689e+00   1.77902622e+00  -6.31748984e+00 
 -4.83068108e+00   8.74990036e-01  -9.95171159e+00 
 -2.65776772e+00   3.98963717e+00  -1.04544749e+01 
 -7.21754590e-01   6.14549181e+00  -7.89965591e+00 
 -3.74834386e+00   8.49391033e+00  -8.07265826e+00 
 -6.89309208e+00   6.37179305e+00  -8.20248311e+00 
 -9.36585946e+00   4.61919877e+00  -5.88943731e+00 
 -1.00396386e+01   1.62429905e+00  -3.70927286e+00 
  2.43657083e+00  -4.20567716e+00  -1.27042631e+01 
  2.69059606e+00  -3.61249900e+00  -8.99428359e+00 
  9.04225618e-01  -3.22678096e+00  -5.63136077e+00 
 -3.48914510e-01   2.49450212e-01  -4.81111592e+00 
 -2.18311128e+00   2.23751503e+00  -2.09813001e+00 
 -4.57399602e+00  -4.58338281e-02  -2.89123910e-01 
 -2.86360272e+00  -3.29474155e+00  -1.12466831e+00 
 -5.68105557e-01  -3.22251848e+00   1.90058932e+00 
 -7.88073175e-01  -6.09705718e+00   4.41475637e+00 
 -2.07774489e+00  -8.43253074e+00   1.73569751e+00 
  2.85712287e+00  -6.09064092e+00   5.80922120e-01 
  4.77999856e+00  -3.31229943e+00   2.31735724e+00 
  6.16080305e+00  -3.97039069e-01   3.40482056e-01 
  7.65473592e+00   1.12148608e+00  -2.77206168e+00 
  8.50922732e+00   4.41204835e+00  -4.45986795e+00 
  5.31843936e+00   5.17418583e+00  -6.35363809e+00 
  3.36042241e+00   2.39884535e+00  -8.04053045e+00 
  7.75871308e+00  -3.39939639e+00  -5.02867250e+00 
  9.19096082e+00  -4.29249241e+00  -1.48684289e+00 

   5.170292408233e+00 

  2.91138052e-01   8.08920597e-03  -2.23355120e+00 
 -8.32098214e-01  -2.32490856e-01  -1.72345699e+00 
  4.46452839e-01   1.34279387e+00  -2.71227154e+00 
  1.43045722e-01   2.48768356e+00  -2.36729594e+00 
  1.90084845e-01   3.80986382e+00  -2.86834980e+00 
 -1.09749705e+00   4.27562028e+00  -3.14894410e+00 
 -1.24818659e+00   5.56759254e+00  -3.45896904e+00 
 -1.99516143e-01   6.40950110e+00  -3.22422363e+00 
  1.05012792e+00   6.04885864e+00  -2.81556240e+00 
  1.20909744e+00   4.69496335e+00  -2.71091341e+00 
  2.47373812e+00   4.19695691e+00  -2.40076000e+00 
  3.58238286e+00   4.34922263e+00  -3.12343406e+00 
  4.55906268e+00   3.98053863e+00  -2.27064385e+00 
  3.98587475e+00   3.34870024e+00  -1.24665295e+00 
  2.72041212e+00   3.22700894e+00  -1.55629886e+00 
 -2.85594498e+00   6.28769940e+00  -3.25552567e+00 
  8.49014988e-01  -1.03135094e+00  -2.97894570e+00 
  4.98708469e-01  -2.36484743e+00  -2.64078402e+00 
  1.43671591e+00  -3.03884450e+00  -1.72922631e+00 
  2.23085914e+00  -2.16877758e+00  -1.33488650e+00 
  3.48827853e-01  -3.15683371e+00  -3.86969582e+00 
  6.21358654e-01  -4.62836425e+00  -3.70767460e+00 
  1.44931293e+00  -5.12215404e+00  -4.66801293e+00 
 -3.19535206e-01  -5.57223939e+00  -3.30043487e+00 
  1.58299036e+00  -6.43820233e+00  -4.96855041e+00 
 -4.59801013e-01  -6.80070355e+00  -3.94634391e+00 
  7.99044744e-01  -7.32726570e+00  -4.25414959e+00 
  6.44648007e-01  -3.93337153e+00  -9.36458888e-01 
  1.26956073e+00  -4.43909735e+00   1.95881270e-01 
  7.59780857e-01  -4.42322871e+00   1.43706758e+00 
  1.23969592e+00  -5.07548264e+00   2.57396318e+00 
  2.26500070e+00  -6.00874542e+00   2.41178774e+00 
  2.60854302e+00  -6.03151764e+00   1.04356389e+00 
  2.52829346e+00  -4.92916721e+00   1.58776670e-01 
  3.42809154e+00  -5.89613783e+00   3.39416218e+00 
  4.61302566e+00  -6.58471320e+00   3.26611182e+00 
  5.67515242e+00  -5.74823862e+00   3.18237631e+00 
  5.22474534e+00  -4.54271463e+00   3.41378987e+00 
  4.02794956e+00  -4.84592981e+00   4.03314789e+00 
  2.47744975e-02   8.38500756e+00   6.25103187e+00 
 -1.31698036e+01  -4.87374681e+00   3.44370176e+00 
 -9.76917684e+00  -6.48610461e+00   3.94362226e+00 
 -2.01864397e+00  -1.21186867e+01   5.24205092e+00 
 -3.57443629e+00  -8.83963722e+00   4.32006147e+00 
 -3.10839306e+00  -8.26023183e+00   6.40275422e-01 
 -5.42682717e+00  -5.30419762e+00  -3.23010153e-01 
 -8.48077349e+00  -3.18526271e+00   5.77489189e-01 
 -1.17364777e+01  -3.42744648e+00  -1.25115121e+00 
 -1.08009162e+01  -3.48743564e+00  -5.79046169e+00 
 -7.58621895e+00  -2.84289213e+00  -7.75220163e+00 
 -6.49655353e+00  -5.15860575e+00  -1.05903301e+01 
 -2.89143283e+00  -5.02229139e+00  -9.48469348e+00 
 -3.72661124e+00  -6.85878403e+00  -6.25119011e+00 
 -3.97251218e+00  -1.01261839e+01  -8.13938580e+00 
 -4.33270543e-01  -1.04740237e+01  -9.43008569e+00 
  2.98947885e-01  -1.42181179e+01  -9.38848883e+00 
 -1.22349863e+00  -1.22774686e-02  -1.20032339e+01 
  8.09104792e-01   2.94129507e+00  -1.32503955e+01 
 -6.48680622e+00  -5.85209336e-01  -1.24188111e+01 
 -9.83270943e+00  -2.06363878e+00  -1.14648328e+01 
 -1.12112455e+01  -5.48865804e+00  -1.06164974e+01 
 -9.04460180e+00   4.50108604e+00   4.33491424e+00 
 -7.16038600e+00   1.33481697e+00   5.01144032e+00 
 -4.76802988e+00  -7.89432566e-01   7.04926298e+00 
 -1.70880167e+00   3.81659723e-01   5.11904316e+00 
  1.67846560e+00   1.63163060e+00   6.24776062e+00 
  1.75675004e+00   4.95889710e+00   8.05511734e+00 
  5.18023125e+00   5.77240314e+00   6.54074143e+00 
  6.92045269e+00   4.40296426e+00   3.37542589e+00 
  8.78291612e+00   2.08258137e+00   5.79457764e+00 
  6.32396158e+00   8.93471490e-01   8.43071835e+00 
  3.73456157e+00  -1.84027871e+00   9.02901885e+00 
  2.41790438e-01  -3.05939104e+00   8.32842294e+00 
 -1.42452383e+00   1.27661606e+01   4.16554126e+00 
 -1.70195275e+00   9.95498032e+00   1.67543369e+00 
 -2.38892393e+00   6.24768777e+00   1.01725422e+00 
  5.74886001e-01   3.92287446e+00   1.38930082e+00 
  1.57498927e+00   2.35019774e-01   1.11272656e+00 
 -1.39241456e+00  -1.92320026e+00   1.97244500e+00 
 -4.06857889e+00   6.22721664e-01   1.24072983e+00 
 -4.39023175e+00  -3.12260565e-01  -2.42656547e+00 
 -7.78179391e+00  -1.54628803e+00  -3.69419194e+00 
 -9.57216292e+00   3.51404119e-01  -9.57699728e-01 
 -6.33912836e+00   3.51504734e+00  -4.23027104e+00 
 -3.80793396e+00   2.58329550e+00  -6.90547807e+00 
 -3.38576716e-01   4.09212145e+00  -6.88537586e+00 
  2.07589232e+00   6.91064826e+00  -6.21311963e+00 
  5.76133190e+00   7.78433992e+00  -5.96645465e+00 
  6.48638829e+00   7.10220257e+00  -2.31168673e+00 
  3.94123089e+00   7.97482314e+00   3.60888443e-01 
 -1.71421133e+00   9.92301542e+00  -4.76320918e+00 
 -3.21007569e+00   8.35072387e+00  -8.03181748e+00 

   5.170292408233e+00 

  2.23042299e+00  -1.29113687e+00  -1.66141276e-01 
  1.10804091e+00  -1.58131378e+00   3.19441587e-01 
  2.78517507e+00  -2.29892834e+00  -1.00955028e+00 
  2.40235102e+00  -3.09338266e+00  -1.87217698e+00 
  2.90459362e+00  -4.16772305e+00  -2.64352234e+00 
  2.33217868e+00  -5.37583372e+00  -2.23567534e+00 
  2.55980070e+00  -6.46481579e+00  -2.97751171e+00 
  3.10163794e+00  -6.29295231e+00  -4.21868064e+00 
  3.55837464e+00  -5.12142998e+00  -4.74556245e+00 
  3.48985711e+00  -4.07651661e+00  -3.86651948e+00 
  4.02283084e+00  -2.84767220e+00  -4.25304534e+00 
  5.29357466e+00  -2.60087280e+00  -4.56742691e+00 
  5.23469384e+00  -1.39264420e+00  -5.16223570e+00 
  4.04120879e+00  -8.65062106e-01  -4.89099404e+00 
  3.46651621e+00  -1.68071416e+00  -4.04451593e+00 
  1.42833283e+00  -7.82210643e+00  -2.82793713e+00 
  3.08990877e+00  -5.90264839e-01   6.80816967e-01 
  2.51930935e+00   2.37677776e-01   1.68291882e+00 
  2.37054249e+00   1.65222398e+00   1.30609675e+00 
  2.62965268e+00   1.72253449e+00   9.32067771e-02 
  3.31677712e+00   1.35314546e-01   2.91316181e+00 
  3.26861791e+00   1.35221267e+00   3.79790231e+00 
  4.50106110e+00   1.75678632e+00   4.20898653e+00 
  2.29497388e+00   1.59561865e+00   4.76475103e+00 
  4.73050571e+00   2.58297308e+00   5.26015077e+00 
  2.62153351e+00   2.04675993e+00   6.04374579e+00 
  3.62410048e+00   3.01928631e+00   5.96787328e+00 
  1.19835359e+00   2.12177959e+00   1.98545042e+00 
  6.91793397e-01   3.33301007e+00   1.53291745e+00 
 -5.85724956e-01   3.56211186e+00   1.19213945e+00 
 -1.19764946e+00   4.78595800e+00   9.16395969e-01 
 -4.82359538e-01   5.95353957e+00   1.18776995e+00 
  7.86666346e-01   5.57323266e+00   1.67307037e+00 
  1.48854464e+00   4.40022304e+00   1.30445115e+00 
 -4.90642532e-01   7.00970619e+00   8.55161707e-02 
  3.16035744e-01   8.12499157e+00   8.22425095e-02 
  1.11095824e+00   8.16844447e+00  -1.01367023e+00 
  7.25962354e-01   7.19521602e+00  -1.79745044e+00 
 -5.31338991e-01   6.95068982e+00  -1.28047445e+00 
 -3.91133208e+00  -3.30730988e+00  -1.01884041e+01 
 -1.10168306e+01  -3.62681522e+00   7.33821473e+00 
 -9.34476823e+00  -2.87144508e-01   6.65653481e+00 
 -5.78508565e+00   8.70066669e+00   6.48170758e+00 
 -5.84964763e+00   5.17211476e+00   5.22956070e+00 
 -2.68566710e+00   3.44662914e+00   6.28106380e+00 
 -3.22474660e+00  -3.42962494e-01   5.65689719e+00 
 -5.71978876e+00  -3.19609762e+00   5.14527462e+00 
 -6.40012475e+00  -5.79591505e+00   7.74917190e+00 
 -2.31875269e+00  -7.19076219e+00   9.44652766e+00 
  1.27648598e+00  -6.55172671e+00   8.32223629e+00 
  3.99926456e+00  -5.60044530e+00   1.08295085e+01 
  5.45077053e+00  -3.03807962e+00   8.47041513e+00 
  2.31242022e+00  -8.92085930e-01   8.73732534e+00 
  3.39276334e+00   3.09367750e-01   1.21565388e+01 
  6.61307819e+00   2.10083251e+00   1.13001767e+01 
  6.80021733e+00   5.05730137e+00   1.37044202e+01 
  8.77792449e+00  -6.48635702e+00   5.11411947e+00 
  1.12239984e+01  -7.78401079e+00   2.51733363e+00 
  5.71254860e+00  -9.45045492e+00   8.27970903e+00 
  2.75384733e+00  -1.00553730e+01   1.05537050e+01 
  9.99348829e-01  -8.22551597e+00   1.33686915e+01 
 -8.46139475e+00  -7.01015308e+00  -2.02777767e+00 
 -7.99180497e+00  -3.46744723e+00  -9.04417976e-01 
 -8.17717599e+00   2.84378493e-01  -1.43164391e+00 
 -4.67037338e+00   4.92522560e-01  -2.88598053e+00 
 -3.30182958e+00   2.19106887e+00  -5.97661775e+00 
 -4.42266790e+00   8.13358609e-01  -9.32161473e+00 
 -1.02751373e+00   1.66198115e+00  -1.08798566e+01 
  2.42287239e+00   2.22896900e+00  -9.23781016e+00 
  1.59439178e+00   5.96093868e+00  -9.53990916e+00 
 -2.07464814e+00   6.43619974e+00  -8.69023248e+00 
 -4.36142199e+00   6.96704048e+00  -5.68603220e+00 
 -6.12421862e+00   5.37285603e+00  -2.76581934e+00 
 -2.94096572e+00  -8.01909271e+00  -1.17700895e+01 
 -1.38781250e+00  -7.40580699e+00  -8.39489572e+00 
 -1.56271267e+00  -5.63478260e+00  -5.00638113e+00 
 -1.17030794e-01  -2.13857078e+00  -4.88868596e+00 
  4.88819317e-01   8.01399243e-01  -2.50824607e+00 
 -2.20145836e+00   8.36063481e-01   1.30639757e-01 
 -3.17309799e+00  -2.79302872e+00  -1.23500964e-01 
 -6.19371292e-01  -3.97606175e+00   2.42711065e+00 
 -1.88278717e+00  -5.74894356e+00   5.57243493e+00 
 -5.00055220e+00  -6.88719646e+00   3.76164306e+00 
 -2.19861253e-01  -8.49462319e+00   1.36747357e+00 
  3.38551015e+00  -7.52860981e+00   2.07454793e+00 
  5.67573626e+00  -6.44119705e+00  -7.33618233e-01 
  6.87989231e+00  -6.57472763e+00  -4.30543296e+00 
  9.09150761e+00  -4.83399353e+00  -6.85204796e+00 
  6.69747810e+00  -2.33506109e+00  -8.39227723e+00 
  3.08135716e+00  -3.27117233e+00  -9.04749900e+00 
  3.55306812e+00  -1.02247023e+01  -5.37847063e+00 
  5.01153532e+00  -1.15128690e+01  -1.97156435e+00 

   5.170292407831e+00 

