  1.84619985e+00   6.78162281e+00   1.60677588e+00 
  1.75034194e+00   4.16922467e+00   1.20273951e+00 
  1.05895831e+00   3.03151156e+00   9.26504087e-01 
 -2.62854079e-01   3.04521388e+00   1.14198480e+00 
 -9.29088554e-01   4.22189815e+00   1.05237269e+00 
 -2.68159739e-01   5.22948754e+00   1.75621800e+00 
  1.07219753e+00   5.24883293e+00   1.63173305e+00 
 -1.12457231e+00   2.10726515e+00   1.77410055e+00 
 -2.42285737e+00   2.10775173e+00   2.14562748e+00 
 -2.77385688e+00   8.07552507e-01   1.92162280e+00 
 -1.59803561e+00   1.66486209e-01   1.75657165e+00 
 -5.73768980e-01   9.23412814e-01   1.98699040e+00 
 -3.94775671e+00   1.47435020e-01   1.79865817e+00 
 -3.87448893e+00  -1.21780542e+00   1.48420117e+00 
 -2.79686784e+00  -1.47453763e+00   6.05001973e-01 
 -1.58147100e+00  -9.26471187e-01   1.11065571e+00 
 -7.24627305e-01  -9.47482510e-01  -2.05779507e-01 
  4.51522478e-01  -9.13690906e-02  -1.15258006e-01 
  1.57041359e+00  -2.54340000e-01   6.18858391e-01 
  2.76891584e+00   1.22983371e-01  -2.25936460e-01 
  3.00252606e+00  -9.41805547e-01  -1.14355607e+00 
  1.34846922e+00  -1.45964571e+00   1.40227752e+00 
  3.95714386e+00   2.18058640e-02   6.60742730e-01 
  2.49187088e+00  -2.19327677e+00   1.67830621e+00 
  2.50706980e+00  -3.48188635e+00   1.32183542e+00 
  1.48468058e+00  -3.62288166e+00   4.80410160e-01 
  7.10958161e-01  -2.54416741e+00   7.87491552e-01 
  1.72484890e+00  -4.31543159e+00  -7.95393140e-01 
  7.77422509e-01  -4.15017530e+00  -1.57802319e+00 
  2.98745971e+00  -4.18992295e+00  -1.49633307e+00 
  8.87964891e+00  -6.61065850e+00  -6.34844678e+00 
  7.52181880e+00  -8.36094008e+00  -3.32068550e+00 
  4.17237665e+00  -7.86824521e+00  -1.78286200e+00 
  2.32733118e+00  -1.11034428e+01  -1.09313730e+00 
  1.71764757e-01  -9.77636533e+00   1.71698494e+00 
  3.30626522e+00  -8.41521073e+00   3.39580323e+00 
  3.26210659e+00  -5.62482876e+00   1.32145607e+01 
  6.81121173e+00  -4.79558892e+00   1.24042275e+01 
  8.57682965e+00  -1.52637007e+00   1.19187940e+01 
  6.33847341e+00   5.99957609e+00   1.04788580e+01 
  3.41850901e+00   7.91475987e+00   9.19298217e+00 
  9.13190250e-01   6.77217899e+00   6.61185738e+00 
 -1.90000782e+00   6.00957342e+00   9.16682094e+00 
  1.91592156e+00   2.23762199e+00   8.57539703e+00 
 -1.45903694e+00   1.47393393e+00   7.26407155e+00 
 -2.58575257e+00   2.48782087e-01   1.06193459e+01 
 -1.62219898e-01  -2.80311103e+00   1.05294907e+01 
 -2.28106826e+00  -4.02227316e+00   7.69177078e+00 
 -5.29129113e+00  -3.45386626e+00   9.87310787e+00 
 -4.15675127e+00  -5.91983997e+00   1.24872264e+01 
 -3.31344555e+00  -9.01157731e+00   1.04315529e+01 
 -5.32271798e+00  -8.75537619e+00   7.22397350e+00 
 -8.82435100e+00  -9.67229005e+00   8.61970029e+00 
  2.24564896e+00  -8.77646530e+00  -6.30901146e+00 
 -9.45776107e-01  -8.17602724e+00  -4.44278064e+00 
 -4.23782838e+00  -6.41028858e+00  -4.50793371e+00 
 -6.90316006e+00  -9.24491538e+00  -5.15944592e+00 
 -7.90156638e+00  -6.60241603e+00  -6.67565831e-01 
 -1.08531889e+01  -4.28392562e+00   6.62745076e+00 
 -1.97281035e+00  -4.22916242e+00  -8.16944906e+00 
 -4.37836525e+00  -1.45968240e+00  -8.80897892e+00 
 -4.79369465e+00   7.83098331e-01  -5.83743829e+00 
 -4.24125550e+00   4.57724263e+00  -6.25721496e+00 
 -7.17653248e+00   5.57504896e+00  -4.11884229e+00 
 -9.55716366e+00   3.22146049e+00  -5.89741179e+00 
 -9.82876583e+00   3.63331706e+00  -9.68957238e+00 
 -8.83365761e+00  -9.21446683e-01  -1.21220300e+01 
 -1.49523232e-01   6.97938133e-01  -9.41354287e+00 
  2.74031080e-01   6.55135337e-01  -5.65295483e+00 
 -1.00682444e+00   2.62383602e+00  -2.74342398e+00 
  1.11585700e-01   6.29380389e+00  -2.19352919e+00 
  1.57314566e+00   7.98409813e+00  -5.02325114e+00 
  7.63058615e-01   1.13091363e+01  -3.18498060e+00 
  5.05579705e+00   2.39622834e+00  -8.16439325e+00 
  6.59762698e+00   5.79474971e+00  -8.68756884e+00 
  9.25312166e+00   8.10502018e+00  -7.16461464e+00 
  9.32851245e+00   6.47360514e+00  -3.69169323e+00 
  7.72752390e+00   9.37373364e+00  -1.77947982e+00 
  6.27180088e+00   1.14060881e+01  -4.61250086e+00 
  8.85510143e+00   5.63450010e-01  -8.39056189e+00 
  1.16166510e+01   2.42592254e+00  -6.50821780e+00 
  9.44583733e+00   3.98247011e+00   5.31823450e+00 
  1.42254350e+01  -6.24162377e+00  -3.51966961e+00 
  1.26407631e+01  -6.97663796e+00  -2.01452558e-01 
  9.21244891e+00  -5.37858612e+00  -6.23454409e-01 
  7.63590382e+00  -6.34782292e+00   2.72259101e+00 
  6.46018469e+00  -5.55026176e+00   8.19495225e+00 
  1.00626695e+01  -4.65664785e+00   7.70703359e+00 

   9.161313456637e+00 

  3.03943971e+00   5.94963313e+00   2.06899267e+00 
  1.97647354e+00   3.66673334e+00   1.25934113e+00 
  9.32627596e-01   2.94712222e+00   7.68161454e-01 
 -2.93587560e-01   3.46894696e+00   9.01920220e-01 
 -4.30006763e-01   4.81617646e+00   9.55410991e-01 
  4.84523676e-01   5.37979269e+00   1.84614586e+00 
  1.72984748e+00   4.86972195e+00   1.80839269e+00 
 -1.52201267e+00   2.89256029e+00   1.32694043e+00 
 -2.75039007e+00   3.37453517e+00   1.61394989e+00 
 -3.55346079e+00   2.36372290e+00   1.16985378e+00 
 -2.71216629e+00   1.32605842e+00   9.79530507e-01 
 -1.50830924e+00   1.57104074e+00   1.38681271e+00 
 -4.86863886e+00   2.25442685e+00   8.74430753e-01 
 -5.29937872e+00   1.02363837e+00   3.56979029e-01 
 -4.31269743e+00   4.58267592e-01  -4.83845753e-01 
 -3.04880117e+00   4.04119158e-01   1.74083642e-01 
 -2.11954736e+00   1.93286041e-01  -1.07478365e+00 
 -7.21706692e-01   4.83243049e-01  -7.80784427e-01 
  1.48610062e-01  -2.03565150e-01  -1.38276052e-02 
  1.48988878e+00  -2.46851494e-01  -7.14954563e-01 
  1.39446345e+00  -1.19907336e+00  -1.77067172e+00 
 -6.18623140e-01  -1.29905838e+00   5.58022548e-01 
  2.42961708e+00  -9.23654751e-01   2.16270598e-01 
  1.04710865e-01  -2.45943984e+00   7.86227593e-01 
 -3.44018390e-01  -3.59231016e+00   2.35722838e-01 
 -1.23269874e+00  -3.20758547e+00  -6.78278504e-01 
 -1.55245594e+00  -1.95238696e+00  -2.55414136e-01 
 -1.13401385e+00  -3.78274244e+00  -2.02898596e+00 
 -1.84136207e+00  -3.15757617e+00  -2.83289358e+00 
  1.50079053e-01  -4.09720523e+00  -2.62350572e+00 
  5.15206062e+00  -8.10554145e+00  -7.42296216e+00 
  2.86951636e+00  -9.49977556e+00  -4.79225718e+00 
 -1.75570558e-01  -7.87881705e+00  -3.40432492e+00 
 -3.20787940e+00  -1.01475702e+01  -3.33912424e+00 
 -4.98720276e+00  -8.40257601e+00  -4.94239000e-01 
 -1.79241494e+00  -8.63373086e+00   1.56396185e+00 
 -1.90063973e+00  -7.24037854e+00   1.16754854e+01 
  1.75841837e+00  -7.82882074e+00   1.12222072e+01 
  4.70742773e+00  -5.52110886e+00   1.13588558e+01 
  5.78316217e+00   2.37921990e+00   1.09701100e+01 
  4.02100483e+00   5.44870385e+00   9.82090154e+00 
  1.59261901e+00   5.72969215e+00   6.94543086e+00 
 -1.57512525e+00   5.87559562e+00   9.17424735e+00 
  4.99236992e-01   9.80574871e-01   8.23910631e+00 
 -2.72438413e+00   1.80762485e+00   6.62126822e+00 
 -4.62907070e+00   7.57601558e-01   9.67052339e+00 
 -3.60248317e+00  -2.98008885e+00   9.25652420e+00 
 -5.67788315e+00  -2.89471594e+00   6.13980212e+00 
 -8.45987549e+00  -1.41803242e+00   8.19472570e+00 
 -8.69964480e+00  -4.42098666e+00   1.04589247e+01 
 -8.89813735e+00  -7.32424680e+00   8.00382925e+00 
 -1.02519286e+01  -5.90166080e+00   4.75807877e+00 
 -1.39712251e+01  -5.48080572e+00   5.77785183e+00 
 -1.75423759e+00  -7.39053343e+00  -8.12582047e+00 
 -4.65177548e+00  -5.77443615e+00  -6.38771268e+00 
 -6.95630655e+00  -2.83355813e+00  -6.37923003e+00 
 -1.04216206e+01  -4.24938545e+00  -7.62447706e+00 
 -1.08286656e+01  -1.97740689e+00  -2.84650234e+00 
 -1.34762976e+01   4.61136876e-01   4.52563131e+00 
 -3.60229423e+00  -1.34103777e+00  -9.51248493e+00 
 -4.63686447e+00   2.21906595e+00  -9.86038178e+00 
 -4.48868599e+00   4.07150883e+00  -6.60781894e+00 
 -2.44881238e+00   7.33836120e+00  -6.39915979e+00 
 -4.98914307e+00   9.17920643e+00  -4.31537777e+00 
 -7.87299382e+00   8.21705573e+00  -6.57983746e+00 
 -7.51113282e+00   9.14658614e+00  -1.02715727e+01 
 -8.09962164e+00   4.89939982e+00  -1.33159238e+01 
  1.38424909e-01   2.53614712e+00  -9.86306650e+00 
  6.34970117e-02   1.88355722e+00  -6.13589658e+00 
 -6.78106321e-01   3.84489004e+00  -3.03994531e+00 
  1.71491297e+00   6.65606918e+00  -1.85985843e+00 
  4.04519029e+00   7.93064017e+00  -4.29826719e+00 
  4.39107486e+00   1.10576222e+01  -2.01929365e+00 
  5.40562220e+00   1.82353406e+00  -8.04958540e+00 
  8.20554060e+00   4.34348697e+00  -7.94376670e+00 
  1.13534537e+01   5.18522923e+00  -5.92125905e+00 
  1.03726016e+01   3.26659782e+00  -2.74554546e+00 
  9.82163617e+00   6.31949178e+00  -5.07965632e-01 
  9.62436945e+00   9.08488256e+00  -3.07492952e+00 
  8.18120028e+00  -1.34907291e+00  -8.32468584e+00 
  1.12079867e+01  -9.98632764e-01  -6.01082686e+00 
  8.43858515e+00  -1.00105183e-01   5.75876153e+00 
  9.83999538e+00  -1.02663422e+01  -4.24966725e+00 
  7.71380395e+00  -1.06822230e+01  -1.18889354e+00 
  5.26142817e+00  -7.79632452e+00  -1.56662303e+00 
  3.04762229e+00  -8.43119050e+00   1.48574173e+00 
  1.64019757e+00  -7.87602241e+00   6.93331921e+00 
  5.33505497e+00  -8.46561103e+00   6.81118764e+00 

   9.161313467243e+00 

  1.40249616e+00   1.02591144e+00  -7.00971728e+00 
  3.75452706e-01   4.60344177e-01  -4.63856748e+00 
  1.42572512e-01   7.73822045e-01  -3.33618718e+00 
  9.36212298e-01   1.69311521e+00  -2.77151681e+00 
  1.49641003e+00   2.64573209e+00  -3.55585877e+00 
  2.06721930e+00   2.08487215e+00  -4.69912959e+00 
  1.35096129e+00   1.11334787e+00  -5.29541068e+00 
  1.60298445e+00   1.71946083e+00  -1.51589914e+00 
  2.51357396e+00   2.53271623e+00  -9.38831524e-01 
  2.12261771e+00   2.49981127e+00   3.68829661e-01 
  1.26318960e+00   1.46170081e+00   4.35823442e-01 
  1.19777266e+00   7.88553315e-01  -6.67688964e-01 
  2.37452466e+00   3.26386376e+00   1.45588093e+00 
  1.69393974e+00   2.92737038e+00   2.63559002e+00 
  3.85437251e-01   2.47330339e+00   2.34959043e+00 
  4.05568768e-01   1.43572356e+00   1.37168466e+00 
 -1.10384399e+00   1.46453574e+00   9.37568373e-01 
 -1.32929957e+00   7.80302084e-01  -3.29492121e-01 
 -1.27114532e+00  -5.37163783e-01  -6.09327104e-01 
 -2.42894036e+00  -8.96008634e-01  -1.51663914e+00 
 -3.60751256e+00  -9.36690018e-01  -7.16833553e-01 
 -8.46040093e-01  -1.17780148e+00   6.25421160e-01 
 -2.25686270e+00  -2.32877414e+00  -1.87146220e+00 
 -1.34480495e+00  -2.45663288e+00   8.19379931e-01 
 -2.01262829e+00  -2.70031947e+00   1.95182293e+00 
 -2.29059653e+00  -1.50032744e+00   2.45769886e+00 
 -1.37407583e+00  -7.08011649e-01   1.83416952e+00 
 -3.66984258e+00  -1.23276651e+00   2.89481146e+00 
 -3.84705384e+00  -2.22414707e-02   3.09645749e+00 
 -4.80637871e+00  -1.80084189e+00   2.19709160e+00 
 -1.22833023e+01  -4.59290638e+00   1.54804558e+00 
 -9.59681592e+00  -5.72620071e+00   3.90875910e+00 
 -6.62195602e+00  -3.77654535e+00   4.99293766e+00 
 -6.09673897e+00  -3.76764832e+00   8.74399348e+00 
 -2.36576851e+00  -3.15458868e+00   8.65254778e+00 
 -2.01272999e+00  -6.04785718e+00   6.20292786e+00 
  7.06167238e+00  -1.03450887e+01   4.36305385e+00 
  4.97771964e+00  -1.24057987e+01   2.04982447e+00 
  4.67070905e+00  -1.24508116e+01  -1.68441537e+00 
  6.59252520e+00  -7.47099117e+00  -7.62002990e+00 
  7.38834768e+00  -3.88112230e+00  -8.19196037e+00 
  6.04661833e+00  -9.24372750e-01  -6.26796870e+00 
  9.28066173e+00  -3.47378666e-01  -4.21090326e+00 
  5.97132646e+00  -4.24083295e+00  -2.47078940e+00 
  6.20572389e+00  -1.16075189e+00  -4.33323546e-01 
  9.20871589e+00  -2.47702504e+00   1.37713216e+00 
  7.16415296e+00  -5.31756188e+00   3.09373540e+00 
  5.40696003e+00  -2.54995021e+00   4.90512474e+00 
  8.78915923e+00  -1.18361605e+00   5.81981771e+00 
  9.78004050e+00  -4.27247747e+00   7.73787284e+00 
  6.79499819e+00  -4.84445388e+00   1.00309434e+01 
  5.08843783e+00  -1.48109805e+00   1.04394581e+01 
  7.61929924e+00   2.01114672e-01   1.28509156e+01 
 -9.80328358e+00  -1.54611005e-01   6.32855871e+00 
 -6.59427667e+00   1.53176260e+00   7.27030916e+00 
 -4.64042359e+00   4.71036096e+00   7.07357751e+00 
 -4.75587189e+00   6.20630503e+00   1.07221982e+01 
  2.27688460e-01   5.45025436e+00   9.06414645e+00 
  8.38138037e+00   4.61225748e+00   8.71801889e+00 
 -8.15784580e+00   5.61660092e+00   3.89540507e+00 
 -6.81513625e+00   8.74028040e+00   2.37702665e+00 
 -3.49277215e+00   8.21121518e+00   7.29420796e-01 
 -3.03938043e+00   9.24844985e+00  -2.95779138e+00 
  3.92236701e-01   1.07200574e+01  -2.46537108e+00 
 -6.69347953e-01   1.27539872e+01   5.52290093e-01 
 -3.62454542e+00   1.51267128e+01   4.15332241e-02 
 -7.40616827e+00   1.41583119e+01   3.56495603e+00 
 -8.66691547e+00   6.47532345e+00  -1.41043691e+00 
 -5.70501834e+00   4.12199953e+00  -1.29951137e+00 
 -2.11329590e+00   4.21065186e+00  -2.33557035e+00 
 -1.13799452e+00   4.24810299e+00  -6.08647893e+00 
 -3.72211252e+00   5.17512141e+00  -8.42391058e+00 
 -8.70287052e-01   5.91381805e+00  -1.09562516e+01 
 -9.53451171e+00   2.30854489e+00  -5.07447585e+00 
 -9.73417511e+00   2.50044069e+00  -8.83269092e+00 
 -9.02657492e+00   3.74716281e-01  -1.19454060e+01 
 -6.59122301e+00  -2.07422091e+00  -1.02720324e+01 
 -3.43202627e+00  -8.98014691e-01  -1.20793723e+01 
 -4.58086824e+00   2.41596448e+00  -1.34841157e+01 
 -1.19859843e+01  -1.13162596e+00  -5.05269893e+00 
 -1.11496115e+01  -3.67875586e+00  -7.78231263e+00 
  2.49966898e-01  -7.79596140e+00  -7.46882168e+00 
 -1.22563114e+01  -1.01487388e+01  -8.70136624e-01 
 -8.93670946e+00  -1.09277577e+01   6.90427190e-01 
 -7.26776112e+00  -7.50727095e+00   6.79056795e-01 
 -3.99396919e+00  -8.38425902e+00   2.44939645e+00 
  1.38129025e+00  -1.01306188e+01   2.59756160e+00 
 -4.37549669e-01  -1.23840877e+01   2.25175002e-01 

   9.161313506546e+00 

 -4.52245323e+00   4.35867603e+00  -4.63567097e+00 
 -3.18277330e+00   3.29247856e+00  -2.61934370e+00 
 -2.28956927e+00   2.39410120e+00  -2.12557344e+00 
 -1.42277236e+00   1.84806966e+00  -2.98832238e+00 
 -1.78247032e+00   1.72539077e+00  -4.28911186e+00 
 -2.33338366e+00   2.91265740e+00  -4.77320946e+00 
 -3.17687312e+00   3.54992191e+00  -3.93963287e+00 
 -1.98283885e-02   1.63197965e+00  -2.90523273e+00 
  9.32297659e-01   1.21935022e+00  -3.76941193e+00 
  1.75761595e+00   5.05078411e-01  -2.94932468e+00 
  1.36821423e+00   8.45196345e-01  -1.70296202e+00 
  4.81330447e-01   1.78777851e+00  -1.69083140e+00 
  2.73558914e+00  -4.08006522e-01  -3.14621669e+00 
  3.30557701e+00  -9.80071344e-01  -1.99905715e+00 
  2.33176223e+00  -1.15940226e+00  -9.89255098e-01 
  1.61860884e+00   5.08873376e-02  -7.44623388e-01 
  3.77795084e-01  -5.34034544e-01   2.07998828e-02 
 -7.34465617e-01   4.06463074e-01   7.38828216e-02 
 -8.45776658e-01   1.55724093e+00   7.67209506e-01 
 -2.23719441e+00   1.63930768e+00   1.35854075e+00 
 -2.28459214e+00   7.54816718e-01   2.47469791e+00 
  4.38434360e-01   1.73951114e+00   1.42551819e+00 
 -2.33484871e+00   2.96560244e+00   2.02166405e+00 
  3.78410659e-01   2.38813622e+00   2.64922061e+00 
  9.12224450e-01   1.77133287e+00   3.70866953e+00 
  1.08322911e+00   5.07257496e-01   3.32651584e+00 
  1.07274590e+00   6.15406459e-01   1.96829466e+00 
  6.06538523e-01  -5.59738308e-01   4.22053115e+00 
  5.90932247e-01  -1.65496192e+00   3.63943568e+00 
 -5.90716614e-01  -3.95025583e-01   5.02098167e+00 
 -5.34941611e+00  -1.68094146e+00   1.13314202e+01 
 -1.79582337e+00  -4.78251774e-01   1.13318023e+01 
  7.12159828e-01  -9.51844948e-01   8.62769561e+00 
  4.04345148e+00  -2.26759320e+00   9.85967046e+00 
  6.13070126e+00  -8.57155380e-01   7.03859199e+00 
  4.54038683e+00   2.54827894e+00   7.64700628e+00 
  8.66470060e+00   1.10709418e+01   3.83250228e+00 
  5.69802166e+00   1.25823614e+01   5.52213771e+00 
  2.51103311e+00   1.40262362e+01   4.18079587e+00 
 -1.44128302e+00   1.36558341e+01  -2.74492006e+00 
 -1.65094408e+00   1.15485222e+01  -5.80479961e+00 
 -1.07046395e+00   7.82680484e+00  -6.04176591e+00 
  2.45735786e+00   8.12161316e+00  -7.62007305e+00 
  2.14583650e+00   8.73268807e+00  -2.26579372e+00 
  3.73883015e+00   5.64669163e+00  -3.54336404e+00 
  7.04664728e+00   7.37508653e+00  -3.85869104e+00 
  7.39746281e+00   7.81637781e+00  -1.50959270e-03 
  7.65390119e+00   4.08113323e+00   1.01939876e-01 
  1.03006812e+01   4.32429820e+00  -2.55853877e+00 
  1.26172171e+01   6.36780872e+00  -3.99945635e-01 
  1.27408943e+01   4.37358146e+00   2.84097175e+00 
  1.18606707e+01   7.95200651e-01   1.93999278e+00 
  1.51927370e+01  -2.48129548e-01   2.49130353e-01 
 -3.05582307e-01  -5.84233193e+00   8.89323998e+00 
  2.24156180e+00  -5.94005087e+00   6.14895266e+00 
  3.04141152e+00  -7.31934475e+00   2.76998503e+00 
  5.82252794e+00  -1.00427284e+01   3.41194814e+00 
  7.46849008e+00  -6.31518589e+00   1.30013508e-02 
  1.20441913e+01  -1.51014267e+00  -4.81186108e+00 
 -1.64663172e+00  -8.41687362e+00   3.10463733e+00 
 -2.26842379e+00  -9.50317807e+00  -4.02357579e-01 
 -1.60649118e+00  -6.77239950e+00  -2.87972132e+00 
 -4.37321828e+00  -5.79887115e+00  -5.38459101e+00 
 -2.04395331e+00  -5.43513883e+00  -8.32165592e+00 
 -3.61267901e-01  -8.77181721e+00  -7.68509292e+00 
 -2.65773954e+00  -1.18259207e+01  -7.53498132e+00 
 -1.98798840e+00  -1.44248280e+01  -3.01280567e+00 
 -6.27376155e+00  -7.10518284e+00   6.51564630e-01 
 -4.29667040e+00  -3.89545487e+00   3.16890788e-01 
 -3.02078172e+00  -1.75875675e+00  -2.47387231e+00 
 -5.47072025e+00   2.61548474e-01  -4.69603771e+00 
 -8.93273661e+00  -7.43003404e-01  -4.61937504e+00 
 -9.33780076e+00   1.15833529e+00  -7.98274312e+00 
 -9.48450350e+00  -2.82246214e+00   2.35136787e+00 
 -1.26419402e+01  -1.49638322e+00   7.78778799e-01 
 -1.46042052e+01   1.77549516e+00   3.87983641e-01 
 -1.16726122e+01   4.14539707e+00   1.10749140e+00 
 -1.13389207e+01   5.56147246e+00  -2.43000225e+00 
 -1.33485872e+01   3.05376130e+00  -4.41701895e+00 
 -1.07026516e+01  -1.41590669e+00   6.14381103e+00 
 -1.22548161e+01   2.08084309e+00   6.10256415e+00 
 -5.03646999e+00   1.07127179e+01   1.58741091e+00 
 -6.94506374e+00   3.58192092e+00   1.38753842e+01 
 -3.68465338e+00   5.16100449e+00   1.29067622e+01 
 -2.91797453e+00   3.37920665e+00   9.63223457e+00 
  4.90416992e-01   4.92273938e+00   8.84399279e+00 
  3.88254597e+00   8.84399681e+00   6.58958178e+00 
  1.03609161e+00   1.06579550e+01   8.20876139e+00 

   9.161313433804e+00 

  7.99261015e+00  -1.65780439e-01  -8.60354842e-01 
  5.37089493e+00  -3.98523258e-01  -5.96772972e-01 
  4.20681469e+00  -1.06656565e+00  -8.14333511e-01 
  4.29017715e+00  -2.36799064e+00  -1.11955519e+00 
  5.40204189e+00  -2.82410340e+00  -1.74582250e+00 
  6.55910534e+00  -2.35141906e+00  -1.12515431e+00 
  6.53243517e+00  -1.06165313e+00  -7.40149628e-01 
  3.56978541e+00  -3.49648242e+00  -6.40600845e-01 
  3.68323543e+00  -4.83328035e+00  -7.94434066e-01 
  2.37455629e+00  -5.22220026e+00  -7.97101812e-01 
  1.70323563e+00  -4.14339514e+00  -3.42914488e-01 
  2.48594447e+00  -3.19224629e+00   5.43631996e-02 
  1.71574351e+00  -6.33984920e+00  -1.17886217e+00 
  3.16152462e-01  -6.31012506e+00  -1.08721799e+00 
 -1.81697585e-01  -5.02488931e+00  -1.40418156e+00 
  4.74524224e-01  -4.01782328e+00  -6.37065189e-01 
  8.45863858e-02  -2.75514802e+00  -1.48630809e+00 
  9.22847386e-01  -1.60220672e+00  -1.18218096e+00 
  9.59317465e-01  -8.44690557e-01  -6.76205553e-02 
  1.07943285e+00   6.10311825e-01  -4.68886774e-01 
 -1.98832978e-01   1.03736834e+00  -9.31526557e-01 
  1.83945043e-02  -1.46333916e+00   8.53070722e-01 
  1.21673098e+00   1.38444292e+00   7.92143507e-01 
 -6.20128769e-01  -5.82379094e-01   1.71213612e+00 
 -1.95715022e+00  -5.83053987e-01   1.72522411e+00 
 -2.31615955e+00  -1.24629233e+00   6.27779294e-01 
 -1.18829776e+00  -1.95462826e+00   3.40113167e-01 
 -3.33539531e+00  -6.44194869e-01  -2.46070034e-01 
 -3.38448911e+00  -1.22520705e+00  -1.34035088e+00 
 -3.41819513e+00   7.91076666e-01  -4.31479617e-01 
 -7.13030283e+00   7.72235500e+00  -1.94769533e+00 
 -7.96740517e+00   5.18830855e+00   6.89045469e-01 
 -7.04266791e+00   1.58674848e+00   6.85026123e-01 
 -9.94736858e+00  -7.27715283e-01   1.42820999e+00 
 -7.87978861e+00  -3.58446375e+00   2.79512104e+00 
 -6.13444972e+00  -1.12689196e+00   5.12114976e+00 
 -7.46425927e-01  -4.36771459e+00   1.31624421e+01 
 -2.01634789e-01  -6.95055953e-01   1.35563912e+01 
  2.79271368e+00   1.47651700e+00   1.29572445e+01 
  9.64865079e+00   7.44975764e-01   8.93425026e+00 
  1.11592394e+01  -1.29262754e+00   6.21140408e+00 
  9.37024456e+00  -2.82019437e+00   3.26006760e+00 
  9.36418767e+00  -6.42621656e+00   4.68135023e+00 
  5.54417944e+00  -3.09178317e+00   6.53277484e+00 
  4.47639410e+00  -5.83775843e+00   4.29389963e+00 
  4.23242429e+00  -8.21652025e+00   7.17665102e+00 
  1.25417969e+00  -6.27326811e+00   8.77334880e+00 
 -6.82293857e-01  -7.35917541e+00   5.75682627e+00 
  4.89768489e-01  -1.08676592e+01   6.43477570e+00 
 -1.16968705e+00  -1.10212533e+01   9.81478496e+00 
 -4.71494931e+00  -9.84574249e+00   9.07647808e+00 
 -5.33601065e+00  -1.05351781e+01   5.39811480e+00 
 -5.80416780e+00  -1.43826061e+01   5.56649950e+00 
 -9.14702412e+00   1.31649325e+00  -3.84507142e+00 
 -8.02952450e+00  -2.24394009e+00  -3.52416123e+00 
 -6.32318876e+00  -5.07922068e+00  -5.25890494e+00 
 -9.20569033e+00  -7.63116571e+00  -6.12051502e+00 
 -5.41973459e+00  -9.87037471e+00  -3.15250149e+00 
 -1.15688348e+00  -1.49582763e+01   1.66891867e+00 
 -5.25397695e+00  -1.42986460e+00  -8.23099112e+00 
 -2.74831858e+00  -3.12704071e+00  -1.04005498e+01 
  2.29731259e-01  -4.32641462e+00  -8.47043597e+00 
  3.75669654e+00  -3.24560117e+00  -9.59707340e+00 
  5.32906029e+00  -6.62186109e+00  -9.03792787e+00 
  2.59608947e+00  -8.45406538e+00  -1.09204818e+01 
  1.94935016e+00  -7.30583576e+00  -1.45103549e+01 
 -3.10731652e+00  -6.01629925e+00  -1.51585815e+01 
 -8.75480988e-01   1.24907546e+00  -9.90448125e+00 
  1.16063852e-01   2.93775054e-01  -6.37921353e+00 
  2.82064484e+00  -1.71644423e+00  -4.75871740e+00 
  6.49079136e+00  -4.70804011e-01  -4.77704751e+00 
  7.32395820e+00   2.08207501e+00  -7.18313510e+00 
  1.10333042e+01   1.04077491e+00  -6.68536225e+00 
  1.05858083e+00   5.81797176e+00  -7.27302915e+00 
  4.16865622e+00   7.80972814e+00  -8.02216677e+00 
  6.78730321e+00   9.98340053e+00  -6.25405088e+00 
  6.17538393e+00   8.63271488e+00  -2.71433129e+00 
  9.50314038e+00   6.78460101e+00  -2.33886560e+00 
  1.06880771e+01   6.67067476e+00  -5.92474704e+00 
 -7.96607802e-01   9.22038747e+00  -5.59171705e+00 
  1.48974598e+00   1.13146436e+01  -3.35009731e+00 
  6.26233245e+00   5.24808137e+00   5.99973084e+00 
 -6.03991082e+00   1.17106066e+01   2.48180837e+00 
 -5.81919325e+00   8.97439660e+00   5.03649531e+00 
 -4.37126832e+00   6.12171813e+00   2.97470309e+00 
 -4.36809961e+00   3.35727728e+00   5.61644129e+00 
 -2.08399516e+00   3.99853808e-01   9.85927673e+00 
 -1.38892846e+00   4.01394647e+00   1.05446494e+01 

   9.161313506933e+00 

 -2.61791363e+00  -6.99342857e+00  -8.63978047e-01 
 -2.21056017e+00  -4.41601080e+00  -4.30270787e-01 
 -1.37952971e+00  -3.36022366e+00  -2.21891121e-01 
 -1.01570886e-01  -3.49738468e+00  -5.98461098e-01 
  4.48296708e-01  -4.73591079e+00  -6.11440014e-01 
 -3.91092835e-01  -5.65278363e+00  -1.24565297e+00 
 -1.70169865e+00  -5.54398347e+00  -9.57724809e-01 
  7.67902182e-01  -2.63052849e+00  -1.31572828e+00 
  2.00514477e+00  -2.74769919e+00  -1.84403289e+00 
  2.51018368e+00  -1.49537066e+00  -1.64283515e+00 
  1.43374700e+00  -7.47002455e-01  -1.32352321e+00 
  3.17939776e-01  -1.39259082e+00  -1.43905789e+00 
  3.75098399e+00  -9.57603094e-01  -1.65401747e+00 
  3.85459272e+00   3.98426212e-01  -1.30969593e+00 
  2.92243220e+00   7.33976230e-01  -3.00410260e-01 
  1.60578608e+00   3.22971757e-01  -6.61999671e-01 
  9.20611193e-01   3.89540514e-01   7.49998192e-01 
 -3.38321269e-01  -3.43903745e-01   7.90250927e-01 
 -1.51537273e+00  -5.04329586e-02   2.02195327e-01 
 -2.63513025e+00  -3.32769637e-01   1.18141920e+00 
 -2.64750100e+00   7.22579635e-01   2.13874298e+00 
 -1.26894137e+00   1.14963665e+00  -5.81958996e-01 
 -3.90529781e+00  -8.94837245e-02   4.49417129e-01 
 -2.35728296e+00   1.99974665e+00  -7.02740653e-01 
 -2.19904449e+00   3.27267066e+00  -3.25240636e-01 
 -1.07363698e+00   3.28789183e+00   3.86357358e-01 
 -4.55614590e-01   2.14784938e+00  -3.18565183e-02 
 -1.08691512e+00   3.96308236e+00   1.69362326e+00 
 -7.36274730e-02   3.68273415e+00   2.35093934e+00 
 -2.26193974e+00   3.94180124e+00   2.54222939e+00 
 -7.25067556e+00   6.78660180e+00   8.12258636e+00 
 -6.09821741e+00   8.48282750e+00   4.98106551e+00 
 -3.02583863e+00   7.70869649e+00   3.03487409e+00 
 -9.60087344e-01   1.07658480e+01   2.17865849e+00 
  6.95493164e-01   9.31617713e+00  -8.97382546e-01 
 -2.74004492e+00   8.31914144e+00  -2.20092762e+00 
 -4.16304380e+00   5.82613748e+00  -1.19966477e+01 
 -7.65395203e+00   5.32614117e+00  -1.07702611e+01 
 -9.66934214e+00   2.23333590e+00  -1.01271022e+01 
 -8.04563443e+00  -5.51492631e+00  -9.10163086e+00 
 -5.20044126e+00  -7.74438838e+00  -8.21735407e+00 
 -2.29946248e+00  -6.92933541e+00  -5.94485553e+00 
  2.47471364e-01  -6.37235527e+00  -8.81302293e+00 
 -3.06841364e+00  -2.26276615e+00  -7.69273224e+00 
  4.99884170e-01  -1.87290553e+00  -6.79357116e+00 
  1.33153859e+00  -6.66764174e-01  -1.02406086e+01 
 -7.42562260e-01   2.60446452e+00  -9.80145792e+00 
  1.81545745e+00   3.52614565e+00  -7.22550254e+00 
  4.46754896e+00   2.72885998e+00  -9.76979763e+00 
  3.28092075e+00   5.36968296e+00  -1.21822091e+01 
  3.00858191e+00   8.46787454e+00  -9.98612501e+00 
  5.35390617e+00   7.92193421e+00  -7.05479024e+00 
  8.73616419e+00   8.53091075e+00  -8.85469427e+00 
 -4.85266613e-01   8.29061824e+00   7.30454448e+00 
  2.38057990e+00   7.43445009e+00   5.05008355e+00 
  5.46103466e+00   5.35278600e+00   4.67986479e+00 
  8.45817820e+00   7.89167279e+00   5.04682605e+00 
  8.63519503e+00   5.29633882e+00   4.21951811e-01 
  1.04356065e+01   2.91342486e+00  -7.21906436e+00 
  3.44559729e+00   3.29856839e+00   8.55446735e+00 
  5.61847320e+00   2.88708235e-01   8.84610587e+00 
  5.44350807e+00  -1.89618480e+00   5.80830263e+00 
  4.56520462e+00  -5.62836310e+00   6.22819222e+00 
  7.10508518e+00  -6.84670057e+00   3.72843617e+00 
  9.90845247e+00  -4.79130565e+00   5.24055795e+00 
  1.05925848e+01  -5.33851038e+00   8.96297251e+00 
  1.03636081e+01  -7.81098003e-01   1.15764948e+01 
  1.29725534e+00  -1.45988587e+00   9.92927042e+00 
  4.29605729e-01  -1.26579659e+00   6.25057875e+00 
  1.14454842e+00  -3.26490242e+00   3.17256645e+00 
 -3.97123651e-01  -6.78961195e+00   2.70201457e+00 
 -1.66987609e+00  -8.41016537e+00   5.66079308e+00 
 -1.42764997e+00  -1.17435418e+01   3.68054368e+00 
 -4.16551044e+00  -2.60149200e+00   9.30097023e+00 
 -5.96841595e+00  -5.84600153e+00   9.95187559e+00 
 -9.00800406e+00  -7.83880136e+00   8.72792945e+00 
 -9.33663223e+00  -6.10704116e+00   5.31891921e+00 
 -8.27933583e+00  -9.09323184e+00   3.17525670e+00 
 -6.70531442e+00  -1.13406815e+01   5.77276398e+00 
 -7.70497825e+00  -4.11846676e-01   1.00238011e+01 
 -1.08474162e+01  -1.93827692e+00   8.46391067e+00 
 -1.02878142e+01  -3.35410702e+00  -3.56449990e+00 
 -1.29084322e+01   7.02720958e+00   5.96679504e+00 
 -1.16695750e+01   7.69973025e+00   2.49188833e+00 
 -8.39456095e+00   5.76105498e+00   2.46184735e+00 
 -7.14340163e+00   6.66817167e+00  -1.03568184e+00 
 -6.72318310e+00   5.91931007e+00  -6.62386916e+00 
 -1.03122016e+01   5.36995102e+00  -5.71193998e+00 

   9.161313398195e+00 

 -7.83973173e+00   1.07927427e+00   2.34607005e+00 
 -5.30726677e+00   1.37450599e+00   1.64143647e+00 
 -4.02126684e+00   9.34243470e-01   1.60838725e+00 
 -3.66102723e+00   1.35511034e-02   2.51190624e+00 
 -4.60209948e+00  -8.33319555e-01   2.99530749e+00 
 -5.75379628e+00  -1.42553792e-01   3.37464314e+00 
 -6.15078750e+00   8.37179492e-01   2.54100490e+00 
 -2.51674945e+00  -8.74239100e-02   3.34995334e+00 
 -2.15015110e+00  -8.97333048e-01   4.36644923e+00 
 -8.04208680e-01  -1.00229480e+00   4.16318659e+00 
 -5.21279711e-01  -2.32075041e-02   3.27883342e+00 
 -1.53597368e+00   7.40672592e-01   3.02977603e+00 
  1.60055044e-01  -1.84482955e+00   4.59819329e+00 
  1.44850608e+00  -1.65251058e+00   4.07758287e+00 
  1.38895881e+00  -1.24762804e+00   2.72381181e+00 
  5.21280030e-01  -1.27757471e-01   2.56175990e+00 
  2.96972748e-01  -2.01037678e-01   1.00871687e+00 
 -8.56021694e-01   5.79583907e-01   5.77799694e-01 
 -1.01386845e+00   1.91789080e+00   5.40197966e-01 
 -1.71575498e+00   2.29156196e+00  -7.48282893e-01 
 -7.62030993e-01   2.19604380e+00  -1.80263832e+00 
  2.06687912e-01   2.46877356e+00   1.10814047e+00 
 -1.95209916e+00   3.75748084e+00  -6.88650357e-01 
  5.88445608e-01   3.69587605e+00   5.88288958e-01 
  1.81968029e+00   3.80083137e+00   7.75337525e-02 
  2.24170113e+00   2.54715965e+00  -7.53014595e-02 
  1.42575262e+00   1.86507810e+00   7.76503127e-01 
  2.83575504e+00   2.16623685e+00  -1.36641278e+00 
  2.94300353e+00   9.34669172e-01  -1.46218108e+00 
  2.35765526e+00   2.73059125e+00  -2.61307575e+00 
  3.00756857e+00   5.15301311e+00  -1.02177236e+01 
  5.07605661e+00   6.21842474e+00  -7.27480803e+00 
  5.55158191e+00   4.34705189e+00  -4.09702854e+00 
  9.17733333e+00   4.03393385e+00  -3.04709364e+00 
  8.51813816e+00   3.63792601e+00   6.56020644e-01 
  6.33133475e+00   6.75240682e+00   5.36995616e-01 
  3.68693687e+00   1.16895378e+01   9.07092771e+00 
  1.88834026e+00   1.38296198e+01   6.59594692e+00 
 -1.74721150e+00   1.41891845e+01   5.76268247e+00 
 -8.33875929e+00   9.86981099e+00   7.03470378e+00 
 -9.35488937e+00   6.39426353e+00   7.89240052e+00 
 -7.55715215e+00   3.20887419e+00   6.96195078e+00 
 -6.02654297e+00   2.63050775e+00   1.04756697e+01 
 -3.48573891e+00   6.16571619e+00   7.28421790e+00 
 -1.80352159e+00   2.93442105e+00   7.93388142e+00 
 -3.03359654e-01   4.24813466e+00   1.11043863e+01 
  1.94054023e+00   6.80795747e+00   9.20494840e+00 
  3.70217963e+00   3.79777370e+00   7.83968162e+00 
  4.01068150e+00   2.54403466e+00   1.13717806e+01 
  6.06170725e+00   5.50018824e+00   1.24926063e+01 
  8.78566384e+00   5.70084970e+00   9.84013855e+00 
  9.10020901e+00   2.22560539e+00   8.35181343e+00 
  1.09707208e+01   4.77843122e-01   1.12667272e+01 
  6.95724668e+00   4.51025917e-01  -6.90207246e+00 
  7.28550838e+00  -1.13295993e+00  -3.52393643e+00 
  6.52023416e+00  -4.16900255e+00  -1.48519835e+00 
  9.99037319e+00  -5.98722126e+00  -1.02067864e+00 
  7.74616465e+00  -4.81343608e+00   3.64219098e+00 
  6.36965000e+00  -3.50000651e+00   1.16224734e+01 
  3.78114202e+00  -4.98176409e+00  -5.37507054e+00 
  1.80161145e+00  -7.87946100e+00  -4.12987603e+00 
 -2.26758069e-01  -7.02387917e+00  -1.09898219e+00 
 -4.02346772e+00  -7.70290371e+00  -1.12787243e+00 
 -4.14815073e+00  -9.02111363e+00   2.39787595e+00 
 -1.22214559e+00  -1.13704551e+01   1.86012892e+00 
 -1.54841298e+00  -1.38476434e+01  -1.03486028e+00 
  2.53551787e+00  -1.34059102e+01  -4.31805286e+00 
 -1.46275420e+00  -5.39249755e+00  -6.59215828e+00 
 -1.53347977e+00  -2.89872951e+00  -3.74621565e+00 
 -3.05482875e+00  -2.69697794e+00  -3.36452380e-01 
 -6.89010227e+00  -2.34726930e+00   9.96917122e-02 
 -8.92990492e+00  -3.20395002e+00  -2.74739257e+00 
 -1.18875025e+01  -3.55651629e+00  -2.53457865e-01 
 -4.55816528e+00  -9.70872867e-01  -8.14379316e+00 
 -8.25470214e+00  -8.38877162e-01  -8.86428649e+00 
 -1.12172298e+01   1.59069350e+00  -8.69395647e+00 
 -9.66624817e+00   4.01175849e+00  -6.15205151e+00 
 -1.19928928e+01   3.17661664e+00  -3.23319211e+00 
 -1.35377456e+01  -5.77229243e-02  -4.42821629e+00 
 -3.87230305e+00   2.31342976e+00  -1.07104821e+01 
 -6.43441260e+00   5.13516264e+00  -1.03764229e+01 
 -7.29094546e+00   9.83009158e+00   7.69165413e-01 
  1.15101034e+00   1.08947005e+01  -1.07670847e+01 
  2.31008629e+00   1.17137336e+01  -7.29610146e+00 
  1.74340893e+00   8.40496577e+00  -5.50275191e+00 
  3.12495414e+00   9.30026389e+00  -2.05156122e+00 
  2.70275543e+00   1.13200792e+01   3.21220735e+00 
  8.28003786e-01   1.36717264e+01   9.82955708e-01 

   9.161313461233e+00 

  1.50547999e+00  -4.00435953e+00  -5.91440919e+00 
  1.19873965e+00  -2.76441162e+00  -3.59805522e+00 
  1.04292319e+00  -1.62887241e+00  -2.86663205e+00 
  6.03007138e-01  -5.38000958e-01  -3.50716822e+00 
  8.70742861e-01  -4.01594572e-01  -4.82860560e+00 
  5.81645149e-01  -1.57606293e+00  -5.52467480e+00 
  9.47062620e-01  -2.72138945e+00  -4.91876642e+00 
 -3.94344138e-01   4.16720447e-01  -3.16707576e+00 
 -9.81529722e-01   1.44939277e+00  -3.80924357e+00 
 -1.16725550e+00   2.33797740e+00  -2.78952670e+00 
 -9.63200751e-01   1.61183040e+00  -1.67067164e+00 
 -8.01812083e-01   3.50187507e-01  -1.91019030e+00 
 -1.43274513e+00   3.66215968e+00  -2.71900522e+00 
 -1.47269019e+00   4.23071240e+00  -1.43709837e+00 
 -5.09511911e-01   3.63308724e+00  -5.91342706e-01 
 -6.28629988e-01   2.21219930e+00  -6.03126102e-01 
  7.70386658e-01   1.83355082e+00   2.68112028e-03 
  1.11756598e+00   4.37921626e-01  -2.34255682e-01 
  5.80995464e-01  -6.76997092e-01   3.00954964e-01 
  1.69668902e+00  -1.64340106e+00   6.38223609e-01 
  2.33564527e+00  -1.16932704e+00   1.82032492e+00 
 -5.13210883e-01  -2.16269730e-01   1.14131775e+00 
  1.04375690e+00  -2.88561831e+00   1.12699568e+00 
 -7.57530443e-01  -9.98351673e-01   2.25954475e+00 
 -7.48346868e-01  -3.98127404e-01   3.45430819e+00 
 -1.70773508e-01   7.83531374e-01   3.24634157e+00 
 -3.24239728e-01   9.44002574e-01   1.90199377e+00 
  9.05235923e-01   1.20148025e+00   4.15875490e+00 
  1.51943206e+00   2.17892478e+00   3.70620429e+00 
  1.83110884e+00   2.40196524e-01   4.72439508e+00 
  6.87816260e+00  -2.60831276e+00   1.02501623e+01 
  3.30794333e+00  -1.55377918e+00   1.07149442e+01 
  1.36976150e+00   7.54485949e-01   8.53738272e+00 
 -4.51746623e-01   3.47200476e+00   1.04462066e+01 
 -3.16688401e+00   4.05281223e+00   7.87811910e+00 
 -3.84326307e+00   3.06208283e-01   7.83644727e+00 
 -1.24524495e+01  -3.47185247e+00   3.86097875e+00 
 -1.08282027e+01  -6.68356189e+00   4.85454253e+00 
 -9.20620045e+00  -9.40143592e+00   2.84877332e+00 
 -6.30540366e+00  -1.00590472e+01  -4.55909017e+00 
 -5.11929086e+00  -7.91868766e+00  -7.36258724e+00 
 -3.41641802e+00  -4.56142969e+00  -7.09173055e+00 
 -6.54649355e+00  -2.49957783e+00  -8.07909171e+00 
 -6.26701069e+00  -4.16418489e+00  -2.95174506e+00 
 -5.82901732e+00  -5.47429164e-01  -3.60010953e+00 
 -9.53307268e+00   4.90885775e-03  -3.54316039e+00 
 -9.79587070e+00  -8.68361275e-01   2.46822660e-01 
 -7.79931288e+00   2.25222485e+00   7.98392795e-01 
 -1.02675036e+01   4.05665019e+00  -1.39132111e+00 
 -1.31789654e+01   3.33224929e+00   8.89130537e-01 
 -1.18716851e+01   4.39711316e+00   4.30276246e+00 
 -9.12421933e+00   6.93344401e+00   3.66257517e+00 
 -1.13181262e+01   9.97772118e+00   2.67800993e+00 
  5.08379588e+00   4.04709179e+00   9.16017238e+00 
  2.89020377e+00   6.08378468e+00   6.90882483e+00 
  2.81185884e+00   8.27349504e+00   3.88248686e+00 
  2.21837302e+00   1.19168051e+01   5.27447856e+00 
 -1.54510610e+00   1.04972148e+01   1.81361273e+00 
 -8.40581356e+00   1.01439200e+01  -2.67087217e+00 
  7.25858531e+00   6.42779232e+00   3.54437777e+00 
  8.14421741e+00   7.59891945e+00   1.22414921e-01 
  5.82627178e+00   6.24759952e+00  -2.49171535e+00 
  7.30189162e+00   4.36232573e+00  -5.51582221e+00 
  4.99863580e+00   5.94127530e+00  -8.04288278e+00 
  5.65031954e+00   9.45322895e+00  -6.77340032e+00 
  9.30683834e+00   1.05688849e+01  -6.67821472e+00 
  1.06223444e+01   1.21899060e+01  -1.85175661e+00 
  1.00381801e+01   3.20496329e+00   2.22375849e-01 
  6.53415846e+00   1.81751227e+00  -1.24125948e-01 
  4.04803242e+00   1.34958532e+00  -2.87766263e+00 
  4.67354773e+00  -1.24751148e+00  -5.68581388e+00 
  8.05908617e+00  -2.42320228e+00  -6.08137914e+00 
  7.02426435e+00  -3.55064310e+00  -9.65200552e+00 
  1.02307711e+01  -2.36877746e+00   8.82869149e-01 
  1.18814557e+01  -4.93234545e+00  -1.33168607e+00 
  1.15109236e+01  -8.59697242e+00  -2.40014522e+00 
  7.80782151e+00  -8.96543549e+00  -1.46224564e+00 
  6.45041298e+00  -9.25178231e+00  -5.02678140e+00 
  9.39991099e+00  -8.01291843e+00  -7.03707496e+00 
  1.06600509e+01  -4.89502096e+00   4.24125555e+00 
  9.85220817e+00  -8.57208125e+00   3.55949539e+00 
 -1.36487959e+00  -1.05494943e+01  -5.95865297e-01 
  5.25435990e+00  -8.20756843e+00   1.19015858e+01 
  1.62895875e+00  -7.44073054e+00   1.13267635e+01 
  1.82151327e+00  -4.96666860e+00   8.44108569e+00 
 -1.88916652e+00  -4.12089531e+00   8.07168435e+00 
 -7.09059641e+00  -4.91710899e+00   6.00375658e+00 
 -5.74615521e+00  -8.28991155e+00   6.91545333e+00 

   9.161313463126e+00 

 -3.83112344e+00  -5.36777216e+00  -6.71612115e-01 
 -2.31832748e+00  -3.28860671e+00  -1.29257864e+00 
 -2.05786820e+00  -1.95442460e+00  -1.26369088e+00 
 -3.08361922e+00  -1.13096046e+00  -1.01161606e+00 
 -4.11965178e+00  -1.58448619e+00  -2.64993695e-01 
 -4.54445044e+00  -2.83950994e+00  -7.03063950e-01 
 -3.56846648e+00  -3.70832969e+00  -1.02715594e+00 
 -3.49640803e+00   7.86325748e-02  -1.63481171e+00 
 -4.57633701e+00   8.82636042e-01  -1.53026566e+00 
 -4.02125183e+00   2.11539019e+00  -1.72021795e+00 
 -2.79013030e+00   1.85716327e+00  -2.20847991e+00 
 -2.59732659e+00   6.00861977e-01  -2.45280638e+00 
 -4.42163466e+00   3.38509391e+00  -1.48261480e+00 
 -3.49475672e+00   4.40147635e+00  -1.75828434e+00 
 -2.18011452e+00   3.98068794e+00  -1.45035112e+00 
 -1.88171819e+00   2.73410203e+00  -2.07502680e+00 
 -6.26976110e-01   2.31722584e+00  -1.22681023e+00 
 -3.12388604e-01   9.00463951e-01  -1.36202290e+00 
  1.81381146e-01   2.34260467e-01  -2.42492015e+00 
  1.22774850e+00  -7.48377987e-01  -1.94324237e+00 
  2.40570232e+00  -8.08471030e-03  -1.63540779e+00 
  2.75950659e-01   1.21951125e+00  -3.49080377e+00 
  1.66110054e+00  -1.52013281e+00  -3.13694702e+00 
  1.31489994e+00   1.01198256e+00  -4.38483248e+00 
  2.18211500e+00   2.01161049e+00  -4.57588410e+00 
  1.96848451e+00   2.85575934e+00  -3.56844185e+00 
  7.13334948e-01   2.50957074e+00  -3.16677004e+00 
  3.13210243e+00   3.34244065e+00  -2.81075421e+00 
  2.77942071e+00   3.90070518e+00  -1.76127869e+00 
  4.28424212e+00   2.49614292e+00  -2.57076632e+00 
  1.20313018e+01   9.70312530e-01  -1.23806688e+00 
  1.05173033e+01   2.89675567e+00  -4.07903885e+00 
  7.18466477e+00   4.54544160e+00  -4.12129970e+00 
  7.27736244e+00   8.12614674e+00  -5.35270851e+00 
  3.69709583e+00   8.25492632e+00  -6.56493158e+00 
  4.30844981e+00   5.04531312e+00  -8.51965052e+00 
 -2.06242921e+00   2.05982009e+00  -1.59152407e+01 
  3.49650559e-01  -7.86469808e-01  -1.60599555e+01 
  8.29320307e-02  -4.36037638e+00  -1.49659145e+01 
 -4.71853131e+00  -8.48803619e+00  -1.01046491e+01 
 -7.10566942e+00  -7.93649837e+00  -7.30375887e+00 
 -6.95105702e+00  -5.21626808e+00  -4.69209774e+00 
 -9.75567466e+00  -3.05541522e+00  -6.26955013e+00 
 -4.84001123e+00  -2.60619559e+00  -8.45430639e+00 
 -6.11469768e+00   2.72158091e-01  -6.50920686e+00 
 -7.90877608e+00   1.62130971e+00  -9.50744664e+00 
 -4.58213901e+00   2.37794814e+00  -1.13933414e+01 
 -3.99333741e+00   4.93014669e+00  -8.71600593e+00 
 -7.45099614e+00   6.24348189e+00  -9.39609194e+00 
 -6.66318229e+00   7.14082775e+00  -1.29704355e+01 
 -3.43084261e+00   9.12807331e+00  -1.26563579e+01 
 -3.36165221e+00   1.05249960e+01  -9.12999775e+00 
 -5.98494946e+00   1.33535013e+01  -9.53998903e+00 
  8.57898216e+00   6.89243102e+00   7.04371099e-02 
  5.13566952e+00   8.32735950e+00  -2.65891578e-01 
  1.96554130e+00   9.12069788e+00   1.54534576e+00 
  1.94603392e+00   1.30502472e+01   1.89443264e+00 
 -2.36404084e+00   1.12806920e+01  -6.44966898e-01 
 -9.24006435e+00   1.07614581e+01  -5.08968467e+00 
  4.19210373e+00   6.33985026e+00   4.80166356e+00 
  1.38851345e+00   5.85245102e+00   7.20333519e+00 
 -1.55471490e+00   4.14854122e+00   5.63273917e+00 
 -2.96775605e+00   9.54140881e-01   7.26860609e+00 
 -6.57902267e+00   1.89751118e+00   6.76566339e+00 
 -6.09723798e+00   5.38173580e+00   8.17922640e+00 
 -4.62183876e+00   5.59206316e+00   1.17009919e+01 
 -3.25942212e-01   8.62478727e+00   1.17299754e+01 
  3.46641691e+00   1.54142545e+00   7.16744757e+00 
  1.91671353e+00   9.56116910e-01   3.76463818e+00 
 -1.44811045e+00   2.45610291e-02   2.42602766e+00 
 -2.88598568e+00  -3.52995748e+00   2.99151041e+00 
 -1.36696765e+00  -5.49603712e+00   5.60449106e+00 
 -4.59173294e+00  -7.66167579e+00   5.55671420e+00 
  5.54118879e+00  -3.22167322e+00   5.03482063e+00 
  5.07059523e+00  -6.74562455e+00   6.28430870e+00 
  4.92798022e+00  -1.03511164e+01   4.98487970e+00 
  4.11909471e+00  -9.48104672e+00   1.33562693e+00 
  5.36386675e-01  -1.08206200e+01   1.32015172e+00 
 -1.35610187e-01  -1.11618251e+01   5.02252988e+00 
  9.24099125e+00  -4.26510628e+00   3.28334934e+00 
  9.22965349e+00  -7.63253337e+00   1.46717382e+00 
  1.04767921e+00  -8.49320796e+00  -7.43870872e+00 
  1.41212757e+01  -3.02047617e+00  -5.29037345e+00 
  1.17710535e+01  -1.74373978e+00  -7.91875450e+00 
  8.77234761e+00  -7.02609437e-01  -5.81898657e+00 
  6.53753655e+00   7.43879761e-01  -8.56383873e+00 
  2.59264641e+00   3.97593291e-01  -1.25990699e+01 
  4.84772907e+00  -2.56147333e+00  -1.30150311e+01 

   9.161313455889e+00 

  1.83044838e+00   4.18250842e+00   5.24934663e+00 
  1.41259261e+00   2.03480783e+00   3.76280263e+00 
  1.79223554e+00   1.17319168e+00   2.78189238e+00 
  2.70144289e+00   1.60578678e+00   1.89870506e+00 
  3.59459574e+00   2.54837942e+00   2.28637764e+00 
  2.96088551e+00   3.59940661e+00   2.95061293e+00 
  1.99492896e+00   3.24607679e+00   3.81924518e+00 
  2.75488338e+00   1.51647781e+00   4.80599348e-01 
  3.55390827e+00   2.03577269e+00  -4.76195101e-01 
  3.59463080e+00   1.01677634e+00  -1.38388137e+00 
  2.59722378e+00   1.90526297e-01  -1.00537389e+00 
  1.87972685e+00   6.73432679e-01  -4.24892575e-02 
  4.39436296e+00   7.06307714e-01  -2.42932538e+00 
  4.13853770e+00  -5.09600613e-01  -3.08067618e+00 
  3.72739404e+00  -1.49849516e+00  -2.15698783e+00 
  2.64806116e+00  -1.02998065e+00  -1.35149990e+00 
  2.72081214e+00  -2.08381233e+00  -1.88847892e-01 
  1.99176878e+00  -1.65192515e+00   9.97077143e-01 
  6.62036981e-01  -1.53303529e+00   1.18438419e+00 
  3.12448783e-01  -2.06290308e+00   2.55897599e+00 
  3.56047179e-01  -3.48579826e+00   2.49696957e+00 
  5.88872691e-02  -1.85583163e+00  -9.92620831e-02 
 -1.14040944e+00  -1.81466520e+00   2.74847004e+00 
 -1.18829405e+00  -2.45612549e+00  -2.19207967e-02 
 -1.35408321e+00  -3.63100592e+00  -6.38335956e-01 
 -1.22539415e-01  -4.06196266e+00  -9.04295576e-01 
  6.02774862e-01  -2.91012263e+00  -8.43071982e-01 
  2.21233699e-01  -5.44744184e+00  -5.47585078e-01 
  1.44576675e+00  -5.63282865e+00  -6.07473916e-01 
 -3.28911852e-01  -6.08124197e+00   6.34309145e-01 
 -2.83221824e+00  -1.22593666e+01   5.07114471e+00 
 -3.97220924e+00  -1.12786757e+01   1.63411103e+00 
 -2.10281887e+00  -9.20402790e+00  -8.21007150e-01 
 -1.95163590e+00  -1.07214767e+01  -4.28811570e+00 
 -1.49942077e+00  -7.46675562e+00  -6.16071706e+00 
 -4.50937149e+00  -6.05316347e+00  -4.30647045e+00 
 -9.25802063e+00   2.37129442e+00  -7.57372576e+00 
 -1.13292544e+01   1.69096336e+00  -4.54262783e+00 
 -1.15248582e+01   3.38294771e+00  -1.20500048e+00 
 -6.89423000e+00   8.41602037e+00   2.91191234e+00 
 -3.36918857e+00   9.60193118e+00   3.03558623e+00 
 -2.77620272e-01   7.62702223e+00   2.14885582e+00 
  2.53398416e-01   9.33216063e+00  -1.29120219e+00 
 -3.41862316e+00   5.38049030e+00  -1.09310997e+00 
 -2.64763873e-01   4.69292909e+00  -2.90240208e+00 
 -1.62469885e+00   6.22007270e+00  -6.04034597e+00 
 -4.29954784e+00   3.41725145e+00  -6.47044946e+00 
 -1.38436104e+00   1.13714058e+00  -7.04604720e+00 
 -1.21644613e-01   3.61261648e+00  -9.57989239e+00 
 -3.16223300e+00   3.26960473e+00  -1.17796679e+01 
 -3.50818499e+00  -5.01693243e-01  -1.21713775e+01 
 -6.18762044e-02  -1.96925857e+00  -1.15708749e+01 
  1.61720114e+00  -9.82682851e-01  -1.49261087e+01 
  1.70373591e+00  -1.23953818e+01  -2.30636776e-01 
  3.29431842e+00  -1.00625481e+01  -2.69161366e+00 
  6.37693658e+00  -8.11296903e+00  -3.50176254e+00 
  8.03469824e+00  -1.00342772e+01  -6.52236052e+00 
  6.99944432e+00  -4.97467626e+00  -7.74109320e+00 
  5.80752049e+00   2.08740779e+00  -1.17424705e+01 
  7.28918099e+00  -9.38507214e+00   1.06374662e+00 
  1.02846256e+01  -7.26599915e+00   1.69822056e+00 
  9.54573164e+00  -3.61044513e+00   1.34668331e+00 
  1.04007163e+01  -1.23350118e+00   4.26148912e+00 
  1.17479632e+01   1.51126990e+00   2.06256674e+00 
  1.39545905e+01  -8.52266467e-01   8.40308699e-02 
  1.64239506e+01  -2.95760688e+00   2.10731887e+00 
  1.57694122e+01  -8.07342587e+00   1.08118252e+00 
  7.93528614e+00  -6.98892743e+00   5.85848911e+00 
  5.46750750e+00  -4.66737436e+00   4.17215207e+00 
  5.36073143e+00  -1.06700635e+00   3.16831103e+00 
  5.19319207e+00   1.72837357e+00   5.84780980e+00 
  6.12403192e+00   8.10425716e-01   9.20809620e+00 
  6.63148291e+00   4.60355748e+00   9.87591050e+00 
  3.65193432e+00  -6.05129852e+00   9.36757712e+00 
  3.68727545e+00  -4.24166320e+00   1.26728517e+01 
  1.39963418e+00  -2.13457228e+00   1.49167908e+01 
 -1.07320130e+00  -1.08434856e+00   1.21762568e+01 
 -1.10129343e-01   2.61594748e+00   1.20725085e+01 
  3.18423041e+00   2.56906735e+00   1.39219938e+01 
  3.21331929e-01  -8.34748931e+00   1.05839504e+01 
 -2.37554535e+00  -6.35623148e+00   1.24278393e+01 
 -6.94726790e+00   2.92725971e+00   6.10991342e+00 
 -8.48487369e+00  -1.12951234e+01   7.02903413e+00 
 -9.33269307e+00  -9.33659569e+00   3.94563378e+00 
 -5.98862314e+00  -7.71207633e+00   3.13115077e+00 
 -6.92313659e+00  -5.90806985e+00  -1.08165342e-01 
 -8.88415734e+00  -1.51938175e+00  -3.08456469e+00 
 -1.11614520e+01  -1.95469050e+00  -1.45354812e-01 

   9.161313507586e+00 

