 -1.72040184e+00   4.75445741e-01  -2.62959317e+00 
 -9.79005489e-01   1.65354242e+00  -2.55350857e+00 
  2.11796685e-01   1.82564372e+00  -1.76172201e+00 
  4.28019880e-01   7.91583291e-01  -9.74737738e-01 
 -4.82943977e-01  -1.90078620e-01  -8.22960708e-01 
 -1.40572539e+00  -5.66022783e-01  -1.80833571e+00 
  4.67285665e-01   2.95935795e+00  -8.86147864e-01 
  1.40728802e-01   2.35445036e+00   2.60891568e-01 
  1.17562027e+00   1.36923133e+00   1.26576111e-01 
 -1.31212949e+00   1.89395658e+00   3.95953553e-01 
 -1.46624948e+00   9.30998504e-01   1.27405248e+00 
 -2.43222655e-01   8.66209855e-02   1.40264687e+00 
  9.91764931e-01   4.54857655e-01   1.23909546e+00 
  2.15763207e+00  -2.18413578e-01   1.34028522e+00 
  2.62417854e+00  -1.12412727e+00   2.37566931e+00 
  4.11010660e+00  -1.12039571e+00   2.50194686e+00 
  4.53342452e+00  -1.83689293e+00   3.60364258e+00 
  4.38259547e+00  -2.02115652e+00   1.33896418e+00 
  4.66091261e+00  -3.38664668e+00   1.69856607e+00 
  3.54956255e+00  -3.84831155e+00   2.47592852e+00 
  3.67130049e+00  -5.20360094e+00   3.05749884e+00 
  2.24985705e+00  -3.88385082e+00   1.72885033e+00 
  1.65756040e+01  -1.80095885e+00  -2.18486969e+00 
  1.43707537e+01  -1.97216494e+00   8.76224427e-01 
  1.21374216e+01  -6.22152953e+00   4.41549017e-01 
  3.77614916e+00  -1.58084426e+01  -8.23563063e+00 
  8.10428662e+00  -1.26388877e+01  -7.53083441e+00 
  5.21625259e+00  -1.19541071e+01  -5.15403511e+00 
  3.84358878e+00  -9.46500951e+00  -7.67123150e+00 
  7.28448233e+00  -7.91528319e+00  -8.35433127e+00 
  8.14106636e+00  -8.01088445e+00  -4.58847347e+00 
  5.10395465e+00  -5.96780424e+00  -3.71236420e+00 
  5.63747445e+00  -3.36925081e+00  -6.48734528e+00 
  9.23785647e+00  -2.85084676e+00  -5.35537238e+00 
  7.94162295e+00  -2.45985389e+00  -1.79199639e+00 
  5.62134315e+00   3.04505687e-01  -2.88385074e+00 
  8.23398698e+00   1.89258982e+00  -5.06302838e+00 
  1.06109387e+01   2.37223744e+00  -2.17356350e+00 
  8.09090274e+00   4.10616729e+00   8.50421943e-02 
  6.62890141e+00   6.27564465e+00  -2.73758946e+00 
  7.08259579e+00   6.57427626e+00  -8.80912403e+00 
  2.45041439e+00   4.38304376e+00  -1.03852668e+01 
  3.90395017e+00   1.60607742e+00  -8.20260454e+00 
 -1.55283311e+00  -9.96509916e-01  -1.07205954e+01 
  4.16912396e-02  -4.19851235e+00  -9.47996899e+00 
 -6.09227295e+00  -2.68726520e+00  -1.09394126e+01 
 -5.30137628e+00  -3.36812776e+00  -7.30962137e+00 
 -7.31084122e+00  -6.53978811e+00  -6.98444829e+00 
  9.70031454e-01  -1.37220778e+01  -1.05128909e+00 
 -1.12612735e+00  -1.15666302e+01   1.33595207e+00 
 -1.81410204e+00  -7.98393168e+00   3.11309625e-01 
 -5.47798970e+00  -7.88364981e+00  -4.93266515e-01 
 -6.59885291e+00  -4.84679712e+00  -2.47159151e+00 
 -9.72766104e+00  -2.91581827e+00  -3.28715674e+00 
 -1.04663870e+01   4.56164476e-01  -1.67372906e+00 
 -6.83383929e+00   1.43086055e+00  -5.07458453e+00 
 -6.25834077e+00   1.77925041e+00  -1.34082787e+00 
 -7.48755328e+00   5.35576545e+00  -9.08973272e-01 
 -2.75822734e+00   5.44069428e+00  -4.05224748e+00 
 -2.22727986e+00   6.46597365e+00  -3.81656058e-01 
 -3.18602874e+00   9.99063368e+00  -1.10985906e+00 
 -1.23631292e+00   1.04892034e+01  -4.34662551e+00 
  1.72803332e+00   8.36988529e+00  -3.18387709e+00 
  1.89947127e+00   9.33142690e+00   5.36138082e-01 
 -4.65414938e-01   1.19786503e+01   1.99485175e+00 
  7.59560017e+00   5.45765602e+00   1.13346789e+01 
  5.21398863e+00   5.26646330e+00   8.43390511e+00 
  2.20389770e+00   7.41046864e+00   9.31293334e+00 
  4.99024760e-01   2.26999091e+00   9.29876721e+00 
 -8.92825739e-01   4.68043519e+00   6.67367307e+00 
 -3.68831823e+00   5.87017437e+00   8.84912447e+00 
 -4.57174204e+00   2.25125455e+00   9.69058473e+00 
 -4.61240487e+00   1.25415703e+00   6.09704154e+00 
 -7.23136618e+00   3.98573117e+00   5.64584465e+00 
 -9.24833998e+00   3.15036976e+00   8.79525135e+00 
 -9.45032168e+00  -4.27250243e-01   7.48839904e+00 
 -1.14050640e+01   7.75624302e-01   4.40832952e+00 
 -1.48123466e+01  -4.03735176e-01   8.77375939e+00 
 -3.52905919e+00  -8.38755414e+00   1.12083884e+01 
 -9.84631107e-01  -4.29141916e+00   1.06874353e+01 
  2.26221904e+00  -6.33026785e+00   1.03939140e+01 
  3.02841669e+00  -1.03755010e+00   1.21739658e+01 
  4.25778200e+00  -2.04081332e+00   8.76682279e+00 
  7.60757995e+00  -3.25504412e+00   1.01867198e+01 
  8.07287772e+00   9.58219551e-02   1.19383111e+01 
  8.07465451e+00   1.34029635e+00   8.38270467e+00 
  1.07075988e+01  -1.24797657e+00   7.39562138e+00 
  1.29019126e+01  -3.57554085e-01   1.04148287e+01 
  1.28977583e+01   3.34125439e+00   9.37550709e+00 

   9.302763922192e+00 

 -4.97533003e+00   7.93683464e-01  -1.82435497e-01 
 -4.69225508e+00   9.99536938e-01   1.16695682e+00 
 -3.41660267e+00   7.48487096e-01   1.78681887e+00 
 -2.58868158e+00   1.33314904e-01   9.67369238e-01 
 -2.99491314e+00  -3.52848009e-01  -2.22235801e-01 
 -4.04686009e+00   1.86683110e-01  -9.74667428e-01 
 -3.23115946e+00   2.80549680e-02   3.03734767e+00 
 -2.87394474e+00  -1.14236121e+00   2.49809479e+00 
 -1.70948751e+00  -5.86374016e-01   1.86989467e+00 
 -3.92509475e+00  -1.83999105e+00   1.63235134e+00 
 -3.40510104e+00  -2.68838953e+00   7.76830172e-01 
 -2.02339690e+00  -2.30038881e+00   3.69814500e-01 
 -1.14101502e+00  -1.66229681e+00   1.07818191e+00 
  1.24745518e-01  -1.27524854e+00   8.11987209e-01 
  1.22202627e+00  -2.01998519e+00   2.19259295e-01 
  2.55196186e+00  -1.54048472e+00   6.93845155e-01 
  3.57478928e+00  -2.36698144e+00   2.73013015e-01 
  2.63536759e+00  -3.48916823e-01  -2.06914282e-01 
  3.46077534e+00  -5.41079629e-01  -1.37016064e+00 
  2.95200643e+00  -1.69041336e+00  -2.05768677e+00 
  3.72494982e+00  -2.14953186e+00  -3.23313943e+00 
  1.55484871e+00  -1.52695010e+00  -2.57719130e+00 
  1.17326869e+01   7.76234220e+00   3.33937113e+00 
  1.10621742e+01   4.07782471e+00   2.85389381e+00 
  1.03600657e+01   3.65869034e+00  -1.89638066e+00 
  2.95051063e+00   8.43084518e+00  -1.45232688e+01 
  5.91826353e+00   9.46210831e+00  -1.01182171e+01 
  4.11464028e+00   6.11477502e+00  -1.00840422e+01 
  1.14687845e+00   7.82445667e+00  -8.44531210e+00 
  3.34632954e+00   9.80102635e+00  -6.00326916e+00 
  5.56418461e+00   6.69680468e+00  -5.39540496e+00 
  2.61005596e+00   4.63933841e+00  -4.29731878e+00 
  1.15256651e+00   7.34726475e+00  -1.99938748e+00 
  4.52516131e+00   7.74420185e+00  -2.72845508e-01 
  4.64767234e+00   3.95354569e+00   1.09899428e-01 
  1.31956603e+00   3.97271572e+00   1.88217282e+00 
  2.21666025e+00   6.98691223e+00   3.93317040e+00 
  5.22142898e+00   5.28435174e+00   5.45026970e+00 
  3.34617308e+00   2.17353631e+00   6.57486650e+00 
  2.88665196e-01   4.13304890e+00   7.84897611e+00 
 -1.75088139e+00   9.87067142e+00   7.56905635e+00 
 -5.63653648e+00   9.49768826e+00   3.89408588e+00 
 -2.63320760e+00   8.13212382e+00   1.96962854e+00 
 -7.45773652e+00   8.29883871e+00  -2.45603636e+00 
 -4.55544237e+00   7.86045853e+00  -4.84749534e+00 
 -1.09057021e+01   6.71059357e+00  -5.47298788e+00 
 -8.60504281e+00   3.71541022e+00  -5.45384428e+00 
 -9.17508408e+00   2.67027035e+00  -9.02958469e+00 
  2.60583077e+00   6.87140895e-01  -1.25846283e+01 
  1.00771489e+00  -2.37930743e+00  -1.09167749e+01 
 -1.15390486e+00  -1.78234042e+00  -7.86228721e+00 
 -4.65823665e+00  -2.51595536e+00  -8.98609369e+00 
 -7.38108104e+00  -1.20897150e+00  -6.69032943e+00 
 -1.10277187e+01  -1.75163074e+00  -5.92173399e+00 
 -1.21502588e+01  -3.58749095e+00  -2.77711480e+00 
 -1.06413999e+01   9.65800565e-01  -1.13330665e+00 
 -8.82398577e+00  -2.22983762e+00  -1.96091911e-01 
 -1.08909583e+01  -3.18379620e+00   2.85455189e+00 
 -8.04491556e+00   1.58955587e+00   4.02457705e+00 
 -6.51201753e+00  -1.57851925e+00   5.58018903e+00 
 -8.77436718e+00  -1.36054589e+00   8.53094414e+00 
 -8.49884798e+00   2.37660421e+00   9.22696598e+00 
 -4.79901272e+00   2.53878524e+00   8.27003432e+00 
 -3.53654112e+00  -8.17498879e-01   9.66070490e+00 
 -5.88455783e+00  -3.15020337e+00   1.16032864e+01 
  6.79903286e+00  -8.35396027e+00   8.99887609e+00 
  3.69137666e+00  -6.64817526e+00   7.75152580e+00 
  7.28630898e-01  -8.69931195e+00   8.95355059e+00 
  9.36240908e-01  -9.27539965e+00   3.57245420e+00 
 -2.06377845e+00  -7.47314065e+00   5.11852965e+00 
 -4.03039074e+00  -1.06082058e+01   5.63487535e+00 
 -3.28358519e+00  -1.16666536e+01   2.04223950e+00 
 -4.37293026e+00  -8.37313713e+00   6.72758083e-01 
 -7.70186400e+00  -9.05985977e+00   2.39632906e+00 
 -7.95863206e+00  -1.27377634e+01   1.35143214e+00 
 -7.46281149e+00  -1.15560448e+01  -2.24102282e+00 
 -1.07277827e+01  -9.54051169e+00  -2.06110981e+00 
 -1.16044734e+01  -1.48832382e+01  -3.71764192e+00 
  1.68594808e+00  -1.24436352e+01  -7.51155019e+00 
  2.33953847e+00  -1.10216349e+01  -2.92084876e+00 
  5.69719262e+00  -9.41380035e+00  -3.88318067e+00 
  5.30815677e+00  -1.08342779e+01   1.55733733e+00 
  5.38861265e+00  -7.20224131e+00   5.93716749e-01 
  9.22336591e+00  -7.13770681e+00   6.39910033e-01 
  9.20000576e+00  -8.61708866e+00   4.15042729e+00 
  7.42731330e+00  -5.38246134e+00   4.91577040e+00 
  1.01686367e+01  -3.37535719e+00   3.16574840e+00 
  1.29310085e+01  -5.27753885e+00   5.02972948e+00 
  1.13159152e+01  -4.39514139e+00   8.40230121e+00 

   9.302763754202e+00 

  6.05078966e-01   3.80718946e+00   1.86486572e+00 
  1.43870106e+00   3.05714043e+00   2.69303800e+00 
  1.56920037e+00   1.62346836e+00   2.64685083e+00 
  9.38882068e-01   1.10938460e+00   1.61061023e+00 
  4.18136157e-01   1.88398605e+00   6.38303171e-01 
 -4.60734857e-02   3.19107298e+00   8.37955960e-01 
  2.83560755e+00   9.06941193e-01   2.64504414e+00 
  2.88182433e+00   6.63843529e-01   1.33087952e+00 
  1.67579986e+00  -1.13777977e-01   1.35318485e+00 
  2.96120012e+00   1.88796712e+00   4.16375685e-01 
  2.53725248e+00   1.64726694e+00  -8.01994388e-01 
  1.50687437e+00   5.69086479e-01  -8.35816841e-01 
  1.39926602e+00  -4.46246439e-01  -3.26661633e-02 
  5.21840522e-01  -1.47114550e+00   1.75235999e-02 
  3.23980350e-02  -2.33207095e+00  -1.04514431e+00 
 -3.42931152e-01  -3.68668172e+00  -5.47021892e-01 
 -6.29220839e-01  -4.55327936e+00  -1.58304235e+00 
 -1.67991671e+00  -3.30192806e+00   3.05528298e-03 
 -2.79099493e+00  -3.64148452e+00  -8.46385565e-01 
 -2.54620800e+00  -3.02928653e+00  -2.11833367e+00 
 -3.51133798e+00  -3.34211326e+00  -3.19561927e+00 
 -2.50881887e+00  -1.53064619e+00  -2.08167053e+00 
 -6.47971809e+00  -1.21942547e+01   7.68580893e+00 
 -4.72395926e+00  -1.17662849e+01   4.36993171e+00 
 -7.92475439e+00  -9.36586656e+00   1.68169726e+00 
 -1.73623343e+01   2.71082152e+00   1.98851388e-01 
 -1.55893333e+01  -1.58186675e+00   2.97458726e+00 
 -1.31792061e+01  -2.73711793e-01   3.40406113e-01 
 -1.16722370e+01   2.01019584e+00   2.97268519e+00 
 -1.16138538e+01  -7.37441749e-01   5.64758494e+00 
 -1.03890529e+01  -3.32211470e+00   3.05068349e+00 
 -7.38295648e+00  -1.22724669e+00   2.19000014e+00 
 -6.44050521e+00  -4.81425217e-01   5.83598233e+00 
 -6.56894193e+00  -4.19769110e+00   6.66415660e+00 
 -4.38367954e+00  -4.83856347e+00   3.60725341e+00 
 -1.77559358e+00  -2.44457109e+00   4.90508231e+00 
 -2.06204468e+00  -3.74096666e+00   8.41706665e+00 
 -1.14332619e+00  -7.25187845e+00   7.38824938e+00 
  2.01709677e+00  -6.26632568e+00   5.51772229e+00 
  3.14784803e+00  -3.73666204e+00   8.18859044e+00 
  7.66047289e-01  -1.17377800e+00   1.31802998e+01 
 -4.34111380e-01   3.75398542e+00   1.14425745e+01 
 -2.35123269e+00   1.58023630e+00   8.95505800e+00 
 -4.05658942e+00   7.71040915e+00   7.40495213e+00 
 -6.77067060e+00   5.90005310e+00   5.48381275e+00 
 -4.29088990e+00   1.18636247e+01   4.91318829e+00 
 -3.60850644e+00   9.43647980e+00   2.10110916e+00 
 -5.62991980e+00   1.12078060e+01  -5.40761534e-01 
 -1.17799582e+01   1.51154205e+00  -5.39053023e+00 
 -8.32536006e+00   2.04107607e+00  -6.97928120e+00 
 -5.45616616e+00   2.93514357e+00  -4.67119946e+00 
 -4.63994750e+00   6.51057629e+00  -5.46587147e+00 
 -2.51046402e+00   8.27987848e+00  -2.87213378e+00 
 -2.73397027e-01   1.12897945e+01  -2.52696358e+00 
  3.51835054e+00   1.09476013e+01  -2.36992303e+00 
  1.90206810e+00   9.39796422e+00   2.17952142e+00 
  3.57842068e+00   7.04795070e+00  -2.82340920e-01 
  7.20081615e+00   7.69952713e+00   6.88498958e-01 
  4.60486556e+00   5.12092055e+00   5.03195454e+00 
  6.85240928e+00   2.80158938e+00   2.94013769e+00 
  9.87242672e+00   3.78926647e+00   4.88349339e+00 
  8.40064528e+00   3.65045381e+00   8.39650867e+00 
  6.19205130e+00   6.24352995e-01   7.62473577e+00 
  8.50918931e+00  -1.40279212e+00   5.31951794e+00 
  1.20826815e+01  -2.12928137e-01   4.58284111e+00 
  7.97455771e+00  -1.14251207e+01  -2.63836616e+00 
  7.30154069e+00  -7.92124764e+00  -1.45810248e+00 
  1.03881168e+01  -5.85713222e+00  -2.25962560e+00 
  6.43850430e+00  -4.07109042e+00  -5.50644341e+00 
  7.83856739e+00  -1.71308781e+00  -2.83842691e+00 
  1.05746481e+01  -4.15843252e-01  -5.02789202e+00 
  8.05400281e+00   1.48803590e-01  -7.84083028e+00 
  5.72049628e+00   2.00228063e+00  -5.59832851e+00 
  8.65148394e+00   4.34406464e+00  -4.92797596e+00 
  9.81592648e+00   4.60358444e+00  -8.56960280e+00 
  6.24595590e+00   5.62568841e+00  -9.44062191e+00 
  6.57868025e+00   8.76579248e+00  -7.25342931e+00 
  8.35142812e+00   9.65871046e+00  -1.25560135e+01 
 -8.06045620e-01  -8.88891709e-01  -1.39234218e+01 
  1.77753594e+00  -3.08288972e+00  -1.04542224e+01 
 -1.04500339e+00  -5.64589186e+00  -9.95495340e+00 
  4.03754016e+00  -7.48940174e+00  -8.36209474e+00 
  1.40757855e+00  -6.83161838e+00  -5.75878258e+00 
 -2.50825195e-02  -1.03711684e+01  -6.12032562e+00 
  3.45653374e+00  -1.18271321e+01  -5.59931032e+00 
  3.06162253e+00  -1.01582972e+01  -2.24519366e+00 
 -3.43845658e-01  -1.18158323e+01  -1.73399423e+00 
  1.03605868e+00  -1.52550987e+01  -2.72936869e+00 
  3.80122938e+00  -1.49553510e+01  -7.88191833e-02 

   9.302763886553e+00 

 -2.64532391e-02   4.84613994e+00  -2.29113171e+00 
 -4.63733685e-01   3.92018632e+00  -3.23706264e+00 
 -8.43359666e-01   2.56215546e+00  -2.94356867e+00 
 -5.64359419e-01   2.23591859e+00  -1.69812996e+00 
  1.61941987e-01   3.04067190e+00  -8.97245905e-01 
  1.99483381e-01   4.43693642e+00  -1.01064677e+00 
 -3.96679573e-01   1.39727238e+00  -3.69242355e+00 
  5.55272162e-01   1.01034956e+00  -2.83665543e+00 
 -3.80842621e-01   7.98323284e-01  -1.76967756e+00 
  1.71569001e+00   1.98508497e+00  -2.62586601e+00 
  2.33938892e+00   1.80232954e+00  -1.48583121e+00 
  1.43993617e+00   1.24006334e+00  -4.36940725e-01 
  4.20468802e-01   4.53590421e-01  -6.09225034e-01 
 -4.42316377e-01  -1.13081631e-01   2.60980112e-01 
 -1.84034111e-01  -8.13957554e-01   1.50681259e+00 
 -1.22954320e+00  -1.83356785e+00   1.80880692e+00 
 -8.82885718e-01  -2.61866713e+00   2.89037997e+00 
 -2.24839660e+00  -8.79296655e-01   2.34682978e+00 
 -2.31502711e+00  -8.30345905e-01   3.78367077e+00 
 -9.97656014e-01  -5.17977234e-01   4.25216444e+00 
 -8.00820033e-01  -5.30328278e-01   5.71879206e+00 
 -4.97313185e-01   8.29609518e-01   3.82517772e+00 
 -1.37712557e+01  -6.12521297e+00   3.26163027e+00 
 -1.01255673e+01  -6.82407029e+00   3.95552880e+00 
 -8.98670912e+00  -3.64823002e+00   7.39802939e+00 
 -8.88241757e+00   1.09722890e+01   1.22294460e+01 
 -1.15058631e+01   6.67142262e+00   1.02557196e+01 
 -7.72972936e+00   6.58107726e+00   9.81808756e+00 
 -8.15808203e+00   8.33473893e+00   6.47783861e+00 
 -1.11120538e+01   6.12065636e+00   5.43865942e+00 
 -9.32834068e+00   2.98727213e+00   6.82605157e+00 
 -6.32364728e+00   3.56715009e+00   4.63484639e+00 
 -8.35867754e+00   4.26991934e+00   1.45641564e+00 
 -1.03243035e+01   1.04603970e+00   1.96222146e+00 
 -7.00645298e+00  -7.67406496e-01   2.44596615e+00 
 -5.77428819e+00   4.88206785e-01  -8.89119966e-01 
 -9.06652756e+00  -1.75811193e-01  -2.56750563e+00 
 -8.96739688e+00  -3.84816565e+00  -1.71138055e+00 
 -5.47935584e+00  -4.45029208e+00  -3.10043131e+00 
 -6.05846935e+00  -2.31647277e+00  -6.25048149e+00 
 -1.03174270e+01   1.53693876e+00  -8.29278420e+00 
 -7.96457817e+00   6.29727907e+00  -7.55379065e+00 
 -7.83294568e+00   4.82657344e+00  -4.03129199e+00 
 -5.49108958e+00   1.09036150e+01  -3.34171814e+00 
 -6.10430317e+00   1.01501677e+01   3.17620702e-01 
 -2.29685945e+00   1.44841521e+01  -2.64196354e+00 
 -5.89261764e-01   1.16899961e+01  -7.60131098e-01 
  9.41621937e-01   1.38210337e+01   1.94509377e+00 
 -1.96296945e+00   6.98626533e+00   1.19555954e+01 
  1.31393798e+00   5.88274368e+00   1.02873936e+01 
  1.40365503e+00   5.78589178e+00   6.50038441e+00 
  3.66956307e+00   8.60614564e+00   5.50374658e+00 
  3.43463654e+00   9.63573947e+00   1.85993600e+00 
  5.40558709e+00   1.14935517e+01  -7.56759167e-01 
  7.22947987e+00   9.65885332e+00  -3.55433334e+00 
  2.33199781e+00   9.42271385e+00  -4.84667035e+00 
  4.33692976e+00   6.33361326e+00  -3.93497244e+00 
  5.78070857e+00   5.56024589e+00  -7.37099558e+00 
  1.60230951e-01   4.76650660e+00  -7.55549283e+00 
  2.20177807e+00   1.51452151e+00  -7.30430525e+00 
  2.68530212e+00   1.40018300e+00  -1.09956204e+01 
 -8.59432289e-01   2.26783995e+00  -1.20950228e+01 
 -2.49277776e+00   3.35801819e-01  -9.22618108e+00 
 -1.50476988e-01  -2.70357912e+00  -8.96494974e+00 
  2.76052698e+00  -3.16099187e+00  -1.14236392e+01 
  2.27281383e+00  -1.24671610e+01  -1.03648729e+00 
  2.18850498e+00  -8.88409014e+00  -2.16678371e+00 
  5.18108139e+00  -8.35815944e+00  -4.44665625e+00 
  6.13373529e+00  -5.49757981e+00   5.23098454e-02 
  5.64495703e+00  -3.62925038e+00  -3.25057935e+00 
  9.25300478e+00  -3.81207115e+00  -4.20522928e+00 
  1.02349037e+01  -2.59121638e+00  -7.22347970e-01 
  7.87299793e+00   2.90318910e-01  -8.88388665e-01 
  9.74481059e+00   1.29673420e+00  -4.05185324e+00 
  1.32622176e+01   6.49049835e-01  -2.67595796e+00 
  1.23376437e+01   2.92970547e+00   2.38112192e-01 
  1.19032601e+01   5.88713827e+00  -2.17428677e+00 
  1.72415274e+01   5.37956739e+00  -3.56959754e-01 
  9.73966653e+00  -6.12406848e-01   9.88020954e+00 
  7.73562043e+00  -3.26226829e+00   6.34667117e+00 
  4.94949888e+00  -4.38183684e+00   8.74857737e+00 
  5.86326288e+00  -7.94124964e+00   4.47494286e+00 
  2.65782259e+00  -5.98261266e+00   4.59951937e+00 
  9.57020389e-01  -8.64959327e+00   6.76887925e+00 
  1.95527611e+00  -1.13270050e+01   4.24939425e+00 
 -2.69440843e-01  -9.27633607e+00   2.00519636e+00 
 -3.07451902e+00  -9.33660366e+00   4.60015487e+00 
 -2.72615601e+00  -1.31278071e+01   5.07853780e+00 
 -3.15744343e+00  -1.36826858e+01   1.30130283e+00 

   9.302763789421e+00 

 -1.85625650e+00  -2.57805422e+00  -3.49579188e+00 
 -1.25587860e+00  -3.66387488e+00  -2.86024568e+00 
 -2.90134624e-01  -3.56253878e+00  -1.79647008e+00 
 -1.64589705e-01  -2.32317204e+00  -1.36797906e+00 
 -9.97342297e-01  -1.34302461e+00  -1.77093736e+00 
 -1.64203076e+00  -1.32063830e+00  -3.01501072e+00 
 -3.35226417e-01  -4.33035940e+00  -5.61305679e-01 
 -8.54132775e-01  -3.36781288e+00   2.08436570e-01 
  2.66654079e-01  -2.49437247e+00   6.85914304e-03 
 -2.25490279e+00  -2.87974232e+00  -1.66708674e-01 
 -2.51544412e+00  -1.67372716e+00   2.80205245e-01 
 -1.28258850e+00  -8.43973940e-01   4.10094578e-01 
 -7.90386649e-02  -1.25370562e+00   6.76807891e-01 
  1.08946231e+00  -5.93725970e-01   8.24538608e-01 
  1.39174138e+00   6.08367858e-01   1.58190711e+00 
  2.80637561e+00   6.38776834e-01   2.05285316e+00 
  3.03486285e+00   1.68653697e+00   2.92252524e+00 
  3.40790996e+00   1.08562200e+00   7.57999141e-01 
  3.71742407e+00   2.49000212e+00   7.00898557e-01 
  2.50600998e+00   3.19659814e+00   9.93685353e-01 
  2.61348823e+00   4.66823314e+00   1.10608096e+00 
  1.41248054e+00   2.98319389e+00  -9.95826586e-03 
  1.60119310e+01  -4.02249865e-01   5.18778133e-01 
  1.32063310e+01   8.18667487e-01   2.73213626e+00 
  1.15044741e+01   4.67765207e+00   3.98538681e-01 
  6.14598627e+00   1.07746009e+01  -1.26868351e+01 
  9.91646069e+00   8.00945687e+00  -9.96413700e+00 
  6.52457464e+00   8.19640545e+00  -8.25562355e+00 
  5.53298155e+00   5.00565732e+00  -1.00589344e+01 
  8.89105827e+00   3.29410714e+00  -9.35047458e+00 
  8.89561921e+00   4.66550211e+00  -5.73884942e+00 
  5.57349642e+00   3.06403932e+00  -4.98742718e+00 
  6.48077180e+00  -3.29696695e-01  -6.53566301e+00 
  9.68091913e+00  -4.52777711e-01  -4.47247296e+00 
  7.59725041e+00   4.05717332e-01  -1.39806347e+00 
  5.34505246e+00  -2.55062766e+00  -2.03459855e+00 
  8.22741559e+00  -4.80427210e+00  -2.87712596e+00 
  9.85280716e+00  -4.28259267e+00   4.86635859e-01 
  6.75302166e+00  -5.12431906e+00   2.52164273e+00 
  5.77032561e+00  -8.11852674e+00   3.12482887e-01 
  7.53219161e+00  -1.04769241e+01  -5.02533582e+00 
  3.57446520e+00  -8.92706410e+00  -8.29292532e+00 
  4.74393159e+00  -5.58061430e+00  -6.87098131e+00 
  2.30255189e-01  -3.96084892e+00  -1.13311826e+01 
  1.78277272e+00  -5.37778947e-01  -1.08763886e+01 
 -3.98224132e+00  -2.41802917e+00  -1.31717264e+01 
 -3.96023409e+00  -5.42719813e-01  -9.89343036e+00 
 -5.70727907e+00   2.56173303e+00  -1.11236157e+01 
  1.64460783e+00   1.12867898e+01  -6.10525664e+00 
 -1.10883605e+00   1.00902052e+01  -3.71245148e+00 
 -1.86208103e+00   6.37747221e+00  -3.62813548e+00 
 -5.25051090e+00   6.03140192e+00  -5.20301647e+00 
 -6.16490940e+00   2.50844143e+00  -6.27317287e+00 
 -9.19091636e+00   4.34801503e-01  -7.12553548e+00 
 -1.05604570e+01  -2.17805310e+00  -4.71379824e+00 
 -6.36302357e+00  -4.27919494e+00  -6.63160499e+00 
 -6.66304303e+00  -3.33425725e+00  -2.96956202e+00 
 -8.26456192e+00  -6.54002281e+00  -1.68617813e+00 
 -2.98153723e+00  -7.72388507e+00  -3.40140313e+00 
 -3.36983971e+00  -7.43636694e+00   4.16051462e-01 
 -4.44675039e+00  -1.09915529e+01   6.87377368e-01 
 -1.87849421e+00  -1.25785382e+01  -1.63902808e+00 
  9.27177243e-01  -1.02082076e+01  -5.71052832e-01 
  1.84325124e-01  -9.84163526e+00   3.18477859e+00 
 -2.66692943e+00  -1.18159993e+01   4.82811308e+00 
  3.65779439e+00  -2.54681714e+00   1.31236358e+01 
  2.00523976e+00  -3.34342564e+00   9.84376269e+00 
 -1.30008323e+00  -5.03888787e+00   1.06376236e+01 
 -2.50431285e+00  -2.02095404e-01   8.51949091e+00 
 -3.48373888e+00  -3.35568461e+00   6.58707906e+00 
 -6.78511142e+00  -3.71268301e+00   8.30064931e+00 
 -7.51415401e+00  -1.85849832e-02   7.66253051e+00 
 -6.66926279e+00  -3.09348995e-01   4.04161765e+00 
 -9.35081474e+00  -3.01407354e+00   3.90810911e+00 
 -1.19356159e+01  -1.14000023e+00   6.02740132e+00 
 -1.15297522e+01   1.77681708e+00   3.60346513e+00 
 -1.28495546e+01  -3.93861204e-01   7.22311041e-01 
 -1.70244164e+01   2.22783441e+00   3.50703118e+00 
 -5.91046548e+00   1.04915913e+01   5.78118107e+00 
 -3.68105418e+00   6.44806331e+00   7.26557878e+00 
 -2.84882882e-01   8.24330679e+00   7.09758276e+00 
 -3.97407172e-01   3.87284712e+00   1.06549557e+01 
  1.64006517e+00   3.64356541e+00   7.50491526e+00 
  4.68407832e+00   5.24874226e+00   9.19873607e+00 
  4.45500928e+00   2.69535025e+00   1.20166317e+01 
  5.13719416e+00   3.10717926e-01   9.18128973e+00 
  8.13899678e+00   2.38914235e+00   8.05203655e+00 
  9.52238823e+00   2.57029086e+00   1.16265068e+01 
  9.42637878e+00  -1.26090116e+00   1.18987901e+01 

   9.302763771298e+00 

 -1.36736270e+00   5.09197600e+00  -1.35894834e-02 
 -2.13442062e+00   4.72242587e+00   1.09022613e+00 
 -2.28555209e+00   3.37333792e+00   1.57162294e+00 
 -1.75424948e+00   2.49747068e+00   7.43417380e-01 
 -1.31114018e+00   2.85183515e+00  -4.79142196e-01 
 -8.15736684e-01   4.12331082e+00  -7.98150569e-01 
 -3.55573440e+00   2.75761165e+00   1.92474925e+00 
 -3.71936575e+00   2.06430442e+00   7.93028360e-01 
 -2.52535081e+00   1.29530257e+00   9.99611376e-01 
 -3.86363591e+00   2.88428542e+00  -4.90688104e-01 
 -3.55053334e+00   2.20741854e+00  -1.57043945e+00 
 -2.53997775e+00   1.14531820e+00  -1.29469118e+00 
 -2.37480696e+00   4.79329804e-01  -1.91644769e-01 
 -1.50865510e+00  -4.96598514e-01   1.54967395e-01 
 -1.12410665e+00  -1.69963473e+00  -5.62570627e-01 
 -7.22932557e-01  -2.80241830e+00   3.57690979e-01 
 -5.38465908e-01  -3.99253257e+00  -3.17511828e-01 
  6.61431719e-01  -2.30394596e+00   6.28248468e-01 
  1.69005494e+00  -2.97065909e+00  -1.25910759e-01 
  1.34251760e+00  -2.84221504e+00  -1.50985580e+00 
  2.20612246e+00  -3.55909844e+00  -2.47428777e+00 
  1.32633699e+00  -1.42878513e+00  -2.01046089e+00 
  6.00693790e+00  -8.06913306e+00   1.05943831e+01 
  3.97373589e+00  -8.77701246e+00   7.49182373e+00 
  6.95613780e+00  -7.63035320e+00   3.88291930e+00 
  1.63717449e+01   2.71296759e+00  -2.55720481e+00 
  1.47966431e+01  -2.29241530e-01   1.70165418e+00 
  1.21816121e+01   1.55127409e-01  -1.03198137e+00 
  1.09374705e+01   3.28891198e+00   7.13754469e-01 
  1.10799636e+01   1.68016613e+00   4.19220767e+00 
  9.60244920e+00  -1.60589112e+00   2.79816752e+00 
  6.55792242e+00   1.70122152e-01   1.47812875e+00 
  5.94621728e+00   2.20565411e+00   4.67501489e+00 
  6.10208637e+00  -9.73284118e-01   6.76860203e+00 
  3.65089524e+00  -2.56827788e+00   4.32351993e+00 
  1.19477369e+00   2.39352664e-01   4.87340470e+00 
  1.77112789e+00   2.68866977e-01   8.58334566e+00 
  7.24297880e-01  -3.33582652e+00   8.95664476e+00 
 -2.57531951e+00  -2.94858174e+00   7.10704062e+00 
 -3.43840163e+00   4.12385088e-01   8.77147442e+00 
 -5.99652394e-01   4.48255762e+00   1.23117712e+01 
  5.02993679e-01   8.41176103e+00   8.83492475e+00 
  2.16964146e+00   5.41499601e+00   7.15267499e+00 
  3.80624416e+00   1.05119341e+01   3.38003527e+00 
  6.32051383e+00   8.02241716e+00   2.03277339e+00 
  3.87174132e+00   1.34904186e+01  -4.45842299e-01 
  2.91763875e+00   1.02517011e+01  -2.13843248e+00 
  4.72177832e+00   1.08777170e+01  -5.38749066e+00 
  1.03089684e+01  -1.61747935e-01  -6.89555289e+00 
  6.73546710e+00  -8.72388870e-02  -8.29673692e+00 
  4.08951984e+00   1.69153293e+00  -6.24886148e+00 
  3.24978939e+00   4.78012487e+00  -8.20765918e+00 
  1.37605008e+00   7.44625574e+00  -6.26512067e+00 
 -7.86282710e-01   1.04735028e+01  -6.85102913e+00 
 -4.55367118e+00   1.03708721e+01  -6.28946217e+00 
 -2.56513400e+00   1.04773813e+01  -1.62624683e+00 
 -4.47785996e+00   7.47762389e+00  -2.94398631e+00 
 -7.99367473e+00   8.58540199e+00  -1.99493788e+00 
 -5.05953366e+00   7.61654093e+00   2.77013288e+00 
 -7.50857036e+00   4.80152799e+00   1.82972211e+00 
 -1.03354674e+01   6.54407839e+00   3.51637652e+00 
 -8.56448660e+00   7.60415024e+00   6.72052591e+00 
 -6.46793870e+00   4.41095584e+00   6.91759213e+00 
 -9.00143298e+00   1.79555775e+00   5.67922501e+00 
 -1.26111291e+01   2.79512563e+00   4.84299015e+00 
 -9.28295832e+00  -1.04178545e+01   1.83032934e+00 
 -8.46774462e+00  -6.75533991e+00   1.61940786e+00 
 -1.15876362e+01  -4.98353034e+00   3.71649292e-01 
 -7.91541540e+00  -4.64115536e+00  -3.59429741e+00 
 -9.04906415e+00  -1.43000760e+00  -1.85015130e+00 
 -1.19501033e+01  -8.83500602e-01  -4.14100863e+00 
 -9.67800283e+00  -1.46590450e+00  -7.15488913e+00 
 -7.13574575e+00   9.64353880e-01  -5.91382882e+00 
 -9.96889598e+00   3.51331174e+00  -5.90399753e+00 
 -1.14435167e+01   2.50703603e+00  -9.29481095e+00 
 -7.95123860e+00   2.99921654e+00  -1.07473298e+01 
 -8.05432265e+00   6.72372261e+00  -9.81341948e+00 
 -1.02722755e+01   5.74246929e+00  -1.49295866e+01 
 -1.39559607e+00  -4.97802014e+00  -1.31249781e+01 
 -3.69256442e+00  -5.67984577e+00  -8.91127991e+00 
 -8.68006983e-01  -8.01382310e+00  -7.74534772e+00 
 -5.81379247e+00  -8.95127768e+00  -5.20991524e+00 
 -2.95901478e+00  -7.52102373e+00  -3.22718583e+00 
 -1.60570609e+00  -1.10143372e+01  -2.40441518e+00 
 -5.04569480e+00  -1.20399629e+01  -1.12867516e+00 
 -4.33969214e+00  -9.30365252e+00   1.36235841e+00 
 -9.22627157e-01  -1.08129667e+01   2.16957851e+00 
 -2.42507469e+00  -1.43193123e+01   2.58388980e+00 
 -4.94460889e+00  -1.29776168e+01   5.15551142e+00 

   9.302763879125e+00 

 -4.42488708e+00   1.05129271e-01   1.39166699e+00 
 -3.70863298e+00   5.91602633e-04   2.58305299e+00 
 -2.27370091e+00   6.79223831e-02   2.68808350e+00 
 -1.71677848e+00   4.15832181e-01   1.54607832e+00 
 -2.44953864e+00   8.35242796e-01   4.95517286e-01 
 -3.76655673e+00   4.28562868e-01   2.42692252e-01 
 -1.55159589e+00   8.74096516e-01   3.66063057e+00 
 -1.24959394e+00   1.88557612e+00   2.83968490e+00 
 -4.79676820e-01   1.04823954e+00   1.96456999e+00 
 -2.43106926e+00   2.67206823e+00   2.26816492e+00 
 -2.13808300e+00   3.30279935e+00   1.15531467e+00 
 -1.06454670e+00   2.61192695e+00   3.83625937e-01 
 -8.67702657e-02   1.89852887e+00   8.55424934e-01 
  9.30479506e-01   1.24671523e+00   2.52830243e-01 
  1.83572250e+00   1.69415080e+00  -7.91371271e-01 
  3.16486817e+00   1.02248093e+00  -7.12982232e-01 
  4.07503586e+00   1.58314040e+00  -1.58682131e+00 
  2.74936850e+00  -2.55650874e-01  -1.37017523e+00 
  3.12081918e+00  -3.57874913e-01  -2.75686935e+00 
  2.56767034e+00   7.83894272e-01  -3.42238304e+00 
  2.92389260e+00   9.50464331e-01  -4.84900684e+00 
  1.06910447e+00   8.36551441e-01  -3.40882588e+00 
  1.12642147e+01  -9.52470984e+00   2.77460043e-01 
  1.09940735e+01  -5.85791861e+00  -5.84260273e-01 
  8.70087181e+00  -5.84474004e+00  -4.82393437e+00 
 -3.34354625e+00  -1.04752920e+01  -1.32264896e+01 
  8.29024694e-01  -1.15618603e+01  -9.95776949e+00 
 -3.47764002e-01  -7.94649795e+00  -9.90134489e+00 
 -2.73997899e+00  -8.85582652e+00  -7.09661420e+00 
 -1.14831797e-01  -1.09347375e+01  -5.22719485e+00 
  2.58972612e+00  -8.26988794e+00  -5.94030423e+00 
  5.50436756e-01  -5.57034701e+00  -4.29118194e+00 
 -3.53522494e-01  -7.67105322e+00  -1.20774726e+00 
  3.32117560e+00  -8.51711629e+00  -6.65741303e-01 
  4.10929270e+00  -4.80311585e+00  -1.00610615e+00 
  1.67238836e+00  -3.98007031e+00   1.75101701e+00 
  2.80852932e+00  -6.86224198e+00   3.87209641e+00 
  6.36654162e+00  -5.61413673e+00   3.98057666e+00 
  5.48148414e+00  -2.09354146e+00   5.11219104e+00 
  2.84017067e+00  -3.26981004e+00   7.65212112e+00 
  4.42521600e-02  -8.49933583e+00   9.06398843e+00 
 -4.80646439e+00  -7.79526356e+00   6.89195768e+00 
 -2.53280773e+00  -7.26018430e+00   3.86995985e+00 
 -8.59563097e+00  -6.98454425e+00   1.40898763e+00 
 -6.71433890e+00  -7.38589998e+00  -1.85200337e+00 
 -1.26340084e+01  -5.10699621e+00  -5.09169433e-01 
 -1.00798347e+01  -2.63027109e+00  -1.77665499e+00 
 -1.17408375e+01  -1.90111653e+00  -5.08007710e+00 
 -1.86724745e+00  -2.64383315e+00  -1.26511741e+01 
 -2.30794146e+00   8.40662823e-01  -1.11010609e+01 
 -3.29048578e+00   1.01833430e+00  -7.44566854e+00 
 -6.82261027e+00   2.28543242e+00  -7.44324748e+00 
 -8.69594053e+00   1.79472906e+00  -4.18096972e+00 
 -1.17072331e+01   3.11481021e+00  -2.34448111e+00 
 -1.13537368e+01   5.47297122e+00   6.27595258e-01 
 -1.00176949e+01   9.26746528e-01   2.43260318e+00 
 -7.55138701e+00   3.79497625e+00   2.14264855e+00 
 -8.22798049e+00   5.46565052e+00   5.49524631e+00 
 -5.85961366e+00   3.93363257e-01   6.45260548e+00 
 -3.43774042e+00   3.35889353e+00   6.83548345e+00 
 -4.49668264e+00   3.91385840e+00   1.03629903e+01 
 -4.52283430e+00   2.95683660e-01   1.15608256e+01 
 -1.47608602e+00  -6.84879674e-01   9.46638709e+00 
  6.63813449e-01   2.49794907e+00   9.75425301e+00 
 -4.74176222e-01   5.44298745e+00   1.19360101e+01 
  1.10302163e+01   7.77125153e+00   4.38858414e+00 
  7.47366025e+00   6.57006573e+00   4.56498149e+00 
  5.46281979e+00   9.27671749e+00   6.31439729e+00 
  3.80474100e+00   9.19641784e+00   1.15926134e+00 
  1.33637802e+00   8.19273115e+00   3.90488535e+00 
  1.52157289e-01   1.16866092e+01   4.49917976e+00 
 -2.98183685e-01   1.21721935e+01   7.37998080e-01 
 -2.26186305e+00   9.01943354e+00   4.01118291e-01 
 -4.61687595e+00   1.05252796e+01   2.99156044e+00 
 -4.70704987e+00   1.40430657e+01   1.47440257e+00 
 -5.70665293e+00   1.23936360e+01  -1.81622334e+00 
 -8.94001795e+00   1.10805427e+01  -2.11262068e-01 
 -9.58544308e+00   1.62725872e+01  -2.37540308e+00 
  9.67587629e-01   1.09002438e+01  -9.90883799e+00 
  3.01649017e+00   9.90111593e+00  -5.62776206e+00 
  5.54055325e+00   7.57700086e+00  -7.36345341e+00 
  7.33582299e+00   9.64511953e+00  -2.43718443e+00 
  6.54897028e+00   5.98156657e+00  -2.73024638e+00 
  1.00940621e+01   5.18225206e+00  -3.95705321e+00 
  1.15423490e+01   7.02129601e+00  -9.51513926e-01 
  9.72282531e+00   4.29678764e+00   9.07904587e-01 
  1.13389548e+01   1.61459929e+00  -1.28296882e+00 
  1.48261653e+01   3.14293113e+00  -8.06527662e-01 
  1.44214793e+01   2.97226022e+00   3.01034526e+00 

   9.302763792977e+00 

  4.42950833e+00   7.26736946e-01   4.26055720e-01 
  3.94997180e+00   1.22521172e+00   1.63639754e+00 
  2.55778544e+00   1.41416272e+00   1.95372069e+00 
  1.77258556e+00   8.96968441e-01   1.03103154e+00 
  2.25543636e+00   1.27811622e-01   3.51356958e-02 
  3.54688464e+00   2.47473084e-01  -4.95590261e-01 
  1.92602264e+00   9.88924468e-01   3.19358038e+00 
  1.36718158e+00  -1.27898605e-01   2.71539904e+00 
  5.61348959e-01   5.87937267e-01   1.76782020e+00 
  2.32864468e+00  -1.20579084e+00   2.21058736e+00 
  1.77288168e+00  -2.02897463e+00   1.35292403e+00 
  6.70921748e-01  -1.38042574e+00   5.84565298e-01 
 -1.17523918e-01  -4.28789396e-01   9.84891691e-01 
 -1.13962194e+00   2.13719640e-01   3.80475220e-01 
 -2.26005119e+00  -3.20027089e-01  -3.74346502e-01 
 -3.46552498e+00   5.53871152e-01  -2.90092843e-01 
 -4.57485138e+00  -4.65979489e-02  -8.51452776e-01 
 -3.02226722e+00   1.55499298e+00  -1.30961749e+00 
 -3.61576059e+00   1.38094216e+00  -2.60916016e+00 
 -3.32689134e+00   4.03190584e-02  -3.02369562e+00 
 -3.94393048e+00  -4.03007150e-01  -4.29357963e+00 
 -1.86599819e+00  -2.45196972e-01  -3.20516845e+00 
 -9.95533101e+00   1.21829917e+01  -9.72006583e-01 
 -1.02776824e+01   8.42165473e+00  -8.75443171e-01 
 -8.77843548e+00   7.03222214e+00  -5.24069812e+00 
  2.07671385e+00   7.54590252e+00  -1.61500975e+01 
 -1.30149813e+00   1.00309919e+01  -1.27314077e+01 
 -5.71181460e-01   6.39373855e+00  -1.18971917e+01 
  2.36505450e+00   7.55348159e+00  -9.78778381e+00 
  3.72847819e-01   1.04089797e+01  -8.17991020e+00 
 -2.71198887e+00   8.11638875e+00  -7.78954631e+00 
 -7.51547515e-01   5.59930867e+00  -5.79284092e+00 
  9.20325061e-01   8.20373559e+00  -3.52139649e+00 
 -2.47616331e+00   9.72843699e+00  -2.71384395e+00 
 -3.74741676e+00   6.21472929e+00  -1.95984054e+00 
 -9.81742043e-01   5.69644684e+00   5.50156641e-01 
 -1.37911291e+00   9.14452728e+00   1.98178678e+00 
 -4.98621165e+00   8.54103178e+00   2.90571384e+00 
 -4.34194537e+00   5.29761335e+00   4.78284148e+00 
 -1.17676653e+00   6.61023503e+00   6.53498439e+00 
  2.42428542e+00   1.15119495e+01   6.12985103e+00 
  6.70238258e+00   9.54707194e+00   3.56468811e+00 
  3.88856423e+00   8.67511889e+00   1.13355443e+00 
  9.35184227e+00   6.85879722e+00  -1.98793018e+00 
  6.99109070e+00   6.76444450e+00  -4.94636845e+00 
  1.27407960e+01   3.95964617e+00  -3.89132245e+00 
  9.72847743e+00   1.69102587e+00  -4.10054441e+00 
  1.06882476e+01  -6.02331071e-02  -7.29665350e+00 
 -1.96672278e-01   4.15827012e-01  -1.33507972e+01 
  9.06515101e-02  -2.62242136e+00  -1.10215769e+01 
  1.66841425e+00  -2.07661865e+00  -7.61986463e+00 
  4.97059641e+00  -3.85204757e+00  -7.77761674e+00 
  7.42982890e+00  -2.90155593e+00  -5.04973462e+00 
  1.05370288e+01  -4.20713032e+00  -3.36925881e+00 
  1.04303666e+01  -5.70061537e+00   1.34630243e-01 
  9.98020719e+00  -7.02039761e-01   8.57674608e-01 
  7.17798531e+00  -3.12639418e+00   1.67225997e+00 
  8.22635247e+00  -4.03441894e+00   5.21701167e+00 
  6.68163403e+00   1.43011590e+00   5.13645003e+00 
  4.02880901e+00  -9.33945446e-01   6.61298841e+00 
  5.61407081e+00  -7.92252934e-01   9.98040838e+00 
  6.27896708e+00   2.95556954e+00   1.01764191e+01 
  3.05170691e+00   3.87997971e+00   8.34309574e+00 
  6.32060931e-01   1.24019594e+00   9.74642203e+00 
  1.77539529e+00  -1.24149809e+00   1.24412884e+01 
 -1.10644403e+01  -3.44216438e+00   7.43814429e+00 
 -7.41457554e+00  -2.81540876e+00   6.79879390e+00 
 -5.46527865e+00  -5.31084031e+00   8.89713532e+00 
 -4.73560809e+00  -6.72811700e+00   3.72121782e+00 
 -1.72405214e+00  -5.50420427e+00   5.73894588e+00 
 -8.78065439e-01  -8.89788681e+00   7.05423044e+00 
 -1.15263272e+00  -1.03323725e+01   3.52549642e+00 
  1.08263191e+00  -7.70504601e+00   2.10768407e+00 
  3.65798148e+00  -8.90418903e+00   4.64808850e+00 
  3.06294333e+00  -1.26505686e+01   4.10467708e+00 
  3.66122704e+00  -1.20148880e+01   3.91723242e-01 
  7.25803948e+00  -1.08885536e+01   1.13272176e+00 
  6.89368323e+00  -1.64815990e+01   3.31200177e-01 
 -4.09844429e+00  -1.14533763e+01  -6.80120412e+00 
 -5.23449230e+00  -9.14843862e+00  -2.68774878e+00 
 -7.72851604e+00  -6.93453420e+00  -4.60176542e+00 
 -8.86853735e+00  -7.45428020e+00   8.93526646e-01 
 -7.71516319e+00  -4.13987580e+00  -4.52229327e-01 
 -1.12995067e+01  -3.10272077e+00  -1.34016065e+00 
 -1.24086824e+01  -3.91667893e+00   2.21232321e+00 
 -9.98156782e+00  -1.15249415e+00   3.02439687e+00 
 -1.16250820e+01   1.15131381e+00   4.55879717e-01 
 -1.51320103e+01   3.55935944e-01   1.79464458e+00 
 -1.40494277e+01   1.36595116e+00   5.33996690e+00 

   9.302763875727e+00 

 -1.84414315e+00  -3.41293871e+00  -4.82003067e+00 
 -6.61165731e-01  -3.87769633e+00  -4.24737428e+00 
  2.61176484e-01  -3.06742610e+00  -3.49417115e+00 
 -2.26125281e-01  -1.86692268e+00  -3.25603665e+00 
 -1.50680364e+00  -1.55090647e+00  -3.53272317e+00 
 -2.25891599e+00  -2.14131251e+00  -4.55721396e+00 
  8.38370861e-01  -3.44387082e+00  -2.21262916e+00 
  2.12254171e-02  -2.71333679e+00  -1.44656154e+00 
  4.50227077e-01  -1.47584588e+00  -2.03331081e+00 
 -1.46275805e+00  -3.08328422e+00  -1.49155988e+00 
 -2.24921982e+00  -2.09686388e+00  -1.13024787e+00 
 -1.64915016e+00  -7.63112769e-01  -1.42405819e+00 
 -3.88438229e-01  -4.50223047e-01  -1.43974479e+00 
  2.51986099e-01   7.13711694e-01  -1.68037799e+00 
 -1.44970194e-02   2.04715277e+00  -1.16954703e+00 
  1.21984855e+00   2.88066388e+00  -1.09480182e+00 
  9.93576021e-01   4.07467198e+00  -4.39464402e-01 
  1.26534188e+00   3.24880304e+00  -2.54413175e+00 
  7.62165987e-01   4.56476366e+00  -2.83809354e+00 
 -5.71155925e-01   4.62760774e+00  -2.31766485e+00 
 -1.24982446e+00   5.93981184e+00  -2.40374299e+00 
 -1.52955431e+00   3.67445671e+00  -2.96699504e+00 
  1.24688361e+01   8.16435935e+00  -5.92843925e+00 
  9.85687106e+00   8.32106322e+00  -3.20557744e+00 
  5.99819462e+00   1.01683344e+01  -5.42636731e+00 
 -3.86565999e+00   9.57052092e+00  -1.72356912e+01 
  1.18762334e+00   9.75120127e+00  -1.53103109e+01 
 -1.44135336e+00   8.63432230e+00  -1.28003383e+01 
 -8.56661914e-01   5.05002115e+00  -1.39080420e+01 
  2.95868027e+00   5.43857710e+00  -1.39221387e+01 
  2.82702484e+00   7.43490291e+00  -1.06173049e+01 
  1.05317760e+00   4.63016361e+00  -8.84170192e+00 
  3.36256472e+00   1.87227641e+00  -1.01827596e+01 
  6.42230103e+00   3.83073598e+00  -9.03582659e+00 
  4.74482971e+00   4.24145395e+00  -5.63756907e+00 
  4.35231102e+00   5.04651858e-01  -5.32149139e+00 
  7.80644121e+00  -1.58572600e-01  -6.63520497e+00 
  9.43137903e+00   1.86750632e+00  -3.89959096e+00 
  7.64820355e+00   1.09294916e-01  -1.03822102e+00 
  8.06814287e+00  -3.40092511e+00  -2.55919271e+00 
  9.90593546e+00  -5.75661071e+00  -7.87255113e+00 
  5.25664460e+00  -7.17534355e+00  -1.01340121e+01 
  4.67311589e+00  -3.46210116e+00  -9.45606466e+00 
 -6.71610202e-01  -5.37558775e+00  -1.27214246e+01 
 -1.13851051e+00  -1.63552207e+00  -1.30796530e+01 
 -5.29228607e+00  -6.59194374e+00  -1.35477562e+01 
 -5.73387248e+00  -4.24286190e+00  -1.06234980e+01 
 -9.04434280e+00  -2.79179575e+00  -1.16904498e+01 
 -6.78216262e+00   9.31909595e+00  -9.80108990e+00 
 -8.02944962e+00   7.51820618e+00  -6.64833714e+00 
 -6.65607341e+00   4.05591382e+00  -5.95175014e+00 
 -9.54041891e+00   1.72581549e+00  -6.52849206e+00 
 -8.59297362e+00  -1.92715214e+00  -6.91680217e+00 
 -1.01342943e+01  -5.35668558e+00  -6.70272205e+00 
 -9.47452953e+00  -7.65692202e+00  -3.73746775e+00 
 -5.18962549e+00  -7.79524919e+00  -6.44517325e+00 
 -5.33754806e+00  -6.29467387e+00  -2.96381118e+00 
 -4.73988521e+00  -9.47012051e+00  -9.51805014e-01 
 -1.17235509e-02  -8.25700641e+00  -3.85467132e+00 
  1.44163343e-01  -7.31437081e+00  -1.27261261e-01 
  1.19601100e+00  -1.07605777e+01   8.16094831e-01 
  3.78813216e+00  -1.13675078e+01  -1.91139938e+00 
  5.02393020e+00  -7.74765478e+00  -1.89418000e+00 
  4.83348185e+00  -6.92812589e+00   1.85876127e+00 
  3.79675432e+00  -9.60425700e+00   4.40667083e+00 
  5.45874126e+00   3.22264302e+00   9.64539392e+00 
  3.97207229e+00   9.72478627e-01   7.02820569e+00 
  2.26941374e+00  -1.89279101e+00   8.85059765e+00 
 -1.66358638e+00   1.06958854e+00   6.59516494e+00 
 -1.11002271e+00  -2.50779397e+00   5.35639146e+00 
 -3.37246772e+00  -4.03457976e+00   7.90845185e+00 
 -6.05622023e+00  -1.44875467e+00   7.07413635e+00 
 -5.79938838e+00  -2.12285463e+00   3.41502997e+00 
 -6.59907753e+00  -5.74293768e+00   4.29794264e+00 
 -9.39255710e+00  -4.95214817e+00   6.79911132e+00 
 -1.10155903e+01  -2.87552465e+00   4.04203892e+00 
 -1.14262799e+01  -6.01937847e+00   1.87356278e+00 
 -1.58272461e+01  -5.23095693e+00   5.34735612e+00 
 -1.06539766e+01   7.70725062e+00   3.66775918e+00 
 -6.39983381e+00   5.76691699e+00   4.95665870e+00 
 -4.57167246e+00   8.90705681e+00   3.69874567e+00 
 -1.74128065e+00   6.02257440e+00   7.62770600e+00 
 -4.50843734e-01   6.09851147e+00   4.09844962e+00 
  1.49489602e+00   9.34137072e+00   4.73845001e+00 
  3.13543216e+00   7.74862028e+00   7.78553036e+00 
  4.50615050e+00   5.42389328e+00   5.15725375e+00 
  5.69710767e+00   8.38178605e+00   3.05049327e+00 
  7.33826475e+00   1.00524753e+01   6.09003928e+00 
  9.35084268e+00   6.85916090e+00   6.80677151e+00 

   9.302763827824e+00 

  3.38472477e+00  -3.92807590e+00  -3.42486484e+00 
  3.48896119e+00  -4.80730975e+00  -2.34807805e+00 
  2.67438644e+00  -4.75383737e+00  -1.16142940e+00 
  1.93037544e+00  -3.66719546e+00  -1.12899468e+00 
  2.09081937e+00  -2.66797307e+00  -2.01913475e+00 
  2.55893845e+00  -2.84790593e+00  -3.32768985e+00 
  3.18553772e+00  -4.83832711e+00   1.98285929e-01 
  3.15107266e+00  -3.52849944e+00   4.65526804e-01 
  1.72859190e+00  -3.45105628e+00   2.91583866e-01 
  4.05488557e+00  -2.63725778e+00  -3.88828629e-01 
  3.65573024e+00  -1.38775242e+00  -4.27524129e-01 
  2.17904889e+00  -1.26390211e+00  -2.56146745e-01 
  1.39448010e+00  -2.04449852e+00   4.24070747e-01 
  6.35412665e-02  -2.01650128e+00   6.48952664e-01 
 -7.92839076e-01  -9.09877336e-01   1.03885597e+00 
 -1.97960634e+00  -1.36196513e+00   1.82058625e+00 
 -2.68565245e+00  -2.96750770e-01   2.34321652e+00 
 -2.79296244e+00  -1.81515958e+00   6.49592283e-01 
 -3.80548441e+00  -8.80894868e-01   2.33286345e-01 
 -3.14328767e+00   3.61684248e-01  -3.13730303e-02 
 -4.01210746e+00   1.51196383e+00  -3.65876390e-01 
 -2.15796182e+00   3.04349415e-01  -1.16031312e+00 
 -1.26596645e+01  -9.00946161e+00   4.11707059e+00 
 -1.08252372e+01  -5.83981449e+00   5.03855502e+00 
 -1.15643183e+01  -2.94835584e+00   1.25344260e+00 
 -1.09645841e+01  -9.07666951e-01  -1.39974244e+01 
 -1.25353771e+01  -3.75670826e+00  -9.67409166e+00 
 -9.68111125e+00  -1.32639938e+00  -9.03723515e+00 
 -7.23739618e+00  -4.09139558e+00  -9.93118608e+00 
 -9.12557237e+00  -6.72998576e+00  -7.88652081e+00 
 -9.67254703e+00  -4.20130212e+00  -5.01751794e+00 
 -5.97421378e+00  -3.59345285e+00  -4.67303904e+00 
 -5.01315131e+00  -7.30848383e+00  -4.78524769e+00 
 -7.54378585e+00  -8.08005336e+00  -2.04415985e+00 
 -6.08144668e+00  -5.18797912e+00  -3.71187358e-02 
 -2.63719816e+00  -6.70618139e+00  -2.60431279e-01 
 -3.91522584e+00  -1.01710122e+01   4.16495149e-01 
 -5.39159088e+00  -9.17187809e+00   3.74080399e+00 
 -2.21916722e+00  -7.55531666e+00   5.07530870e+00 
  9.12638900e-02  -1.03335527e+01   3.75065264e+00 
 -4.17708470e-01  -1.51632024e+01   6.63797949e-02 
  1.93034307e+00  -1.33997047e+01  -4.41910905e+00 
 -7.66342419e-01  -1.07496554e+01  -3.87744926e+00 
  1.95220816e+00  -9.14981966e+00  -9.61680350e+00 
 -1.15902309e+00  -7.00916808e+00  -9.88548703e+00 
  4.59327979e+00  -6.69752602e+00  -1.28608811e+01 
  3.74585086e+00  -3.91554803e+00  -1.04511209e+01 
  3.50409969e+00  -1.15112291e+00  -1.30011568e+01 
 -7.09349605e+00   4.26176542e+00  -9.29277579e+00 
 -4.00604319e+00   5.58077749e+00  -7.43089385e+00 
 -1.38768787e+00   3.05367459e+00  -6.37409960e+00 
  1.57722763e+00   3.74199883e+00  -8.56885555e+00 
  4.17073407e+00   9.74967559e-01  -8.66821301e+00 
  7.78723411e+00   4.27092849e-01  -9.56485247e+00 
  1.04610812e+01  -9.44931990e-03  -6.88546595e+00 
  7.93514929e+00  -4.40610275e+00  -6.90382746e+00 
  7.87524818e+00  -2.04871079e+00  -3.93185615e+00 
  1.10023234e+01  -3.29595097e+00  -2.15572178e+00 
  7.08125833e+00  -7.40146661e+00  -2.00145436e+00 
  7.45418545e+00  -5.45621515e+00   1.29753716e+00 
  1.02717337e+01  -7.63205918e+00   2.39289060e+00 
  8.82691920e+00  -1.10230245e+01   1.42307322e+00 
  5.24968301e+00  -1.00517016e+01   2.36688468e+00 
  5.87679872e+00  -7.90239153e+00   5.49411813e+00 
  9.42229666e+00  -7.44982470e+00   6.89160608e+00 
 -4.27442356e-01   1.92864584e-01   1.31611750e+01 
  1.22266817e+00  -9.75610864e-01   9.99338732e+00 
  4.95908221e+00  -4.32401725e-01   1.04105980e+01 
  3.28994760e+00   3.07950785e+00   6.64077122e+00 
  5.69689489e+00   2.85996113e-01   5.62020587e+00 
  8.76470960e+00   2.24862833e+00   6.45648294e+00 
  7.37966607e+00   5.23550298e+00   4.52120953e+00 
  6.63296857e+00   3.15202278e+00   1.51937648e+00 
  1.03319641e+01   2.23592993e+00   1.56681493e+00 
  1.16270929e+01   5.77672170e+00   2.25251180e+00 
  9.60474907e+00   6.90040304e+00  -7.79893948e-01 
  1.17263906e+01   4.65690550e+00  -3.06464454e+00 
  1.40009639e+01   9.80069188e+00  -2.41255133e+00 
  3.28795178e-01   1.19767617e+01  -1.06509508e-01 
  6.76495588e-01   8.35034499e+00   3.09536450e+00 
 -3.15733411e+00   8.09471449e+00   3.24184106e+00 
 -5.49642777e-01   6.14783661e+00   7.84378928e+00 
 -2.31204787e+00   3.74116222e+00   5.55723113e+00 
 -5.65056453e+00   4.25145436e+00   7.37534356e+00 
 -3.95071741e+00   3.48857663e+00   1.06982039e+01 
 -3.40383656e+00   1.53689719e-01   9.03372439e+00 
 -7.10526435e+00  -8.10251100e-02   8.11164420e+00 
 -8.18487146e+00   8.49381926e-01   1.16742609e+01 
 -6.04884219e+00  -2.00427418e+00   1.31079317e+01 

   9.302763835138e+00 

