 -2.54640504e+00   1.02669328e+00  -9.96404017e-01 
 -1.36372090e+00   3.04649853e+00  -2.53440812e+00 
  1.02144915e+00   5.70925292e-01   4.95627378e-01 
  1.61778125e+00  -2.64607121e+00   5.17845887e-01 
  1.64952558e+00  -5.14387501e-01   1.07968990e+00 
  3.04775069e+00  -9.11117540e-01   1.14176893e+00 
  1.46651388e+00   1.54988738e+00  -3.09828909e-01 
  4.21770070e-01  -2.53459875e+00   2.91677052e-01 
  3.97996558e+00  -3.35569816e-01   6.57887154e-01 
  2.81469760e+00  -2.44856719e+00   1.27463869e+00 
  8.32106448e-01   2.08939664e+00  -1.42429810e+00 
 -2.88057559e-01  -1.99688788e+00  -8.90008349e-01 
  3.72717343e+00  -1.79133944e+00   3.24785830e+00 
 -4.77237982e-01   2.36144624e+00  -1.15116294e+00 
  1.18711778e-01  -9.39361949e-01  -1.77410163e+00 
  2.40358331e+00  -2.15515451e+00   2.60524663e+00 
 -4.23529296e-01  -2.80820655e-01  -2.84925333e+00 
  1.78410063e+00  -9.47323283e-01   2.47100505e+00 
 -1.06868007e+00   1.65769794e+00  -1.73855889e-01 
  1.46937128e+00  -1.32642720e+00  -1.67865438e+00 
  2.48912695e+00   3.49217596e-01   3.26618854e+00 
 -3.36950716e-01   9.24845268e-01   7.97664891e-01 
  2.10579768e+00  -2.02591837e+00  -5.58866934e-01 
  3.98294739e+00  -3.27222907e+00   9.91368696e-01 
  5.32483385e+00   1.10717588e+00  -9.32107052e+00 
  8.23136350e+00   2.73497783e-01  -1.16139925e+01 
  1.08609389e+01   1.54641483e+00  -9.17264902e+00 
  1.48959431e+01  -3.74473952e+00   5.70663541e-01 
  1.18674690e+01   6.25246458e-01  -1.36197556e+00 
  9.71751273e+00  -1.98240881e+00   3.24176140e-01 
  9.96623470e+00  -4.36823528e+00  -2.59730944e+00 
  8.75496540e+00  -1.54435969e+00  -4.88981932e+00 
  5.89058372e+00  -6.47899008e-01  -2.58417903e+00 
  4.96842372e+00  -4.38974870e+00  -2.49727111e+00 
  4.87877560e+00  -4.49357481e+00  -6.27360239e+00 
  2.80198082e+00  -1.28862448e+00  -6.44417565e+00 
  4.06365941e-01  -3.20026772e+00  -4.25595359e+00 
 -7.15853014e-02  -5.98419577e+00  -6.34084550e+00 
 -7.23393741e-01  -3.59953713e+00  -9.23247206e+00 
 -3.10568977e+00  -1.27191635e+00  -7.32666738e+00 
 -5.11824926e+00  -4.23489826e+00  -6.07524807e+00 
 -5.98118028e+00  -5.22062930e+00  -9.64393048e+00 
 -9.21525254e+00  -1.66712986e+00  -6.84342784e+00 
 -1.09942861e+01  -4.92220106e+00  -7.66180451e+00 
 -1.06192879e+01  -2.62906162e+00   3.14330613e+00 
 -7.88783078e+00  -2.42541510e+00   5.56590109e-01 
 -5.25590077e+00  -7.90492077e-01   2.88000919e+00 
 -7.63931720e+00   1.95305336e+00   4.06145930e+00 
 -8.80728706e+00   2.55826662e+00   4.86866113e-01 
 -5.32980042e+00   2.80930732e+00  -9.24165891e-01 
 -3.94080586e+00   5.00792057e+00   1.88841115e+00 
 -6.88342569e+00   7.40001367e+00   1.48833513e+00 
 -6.26673231e+00   7.65174579e+00  -2.27415531e+00 
 -2.48176124e+00   7.94627351e+00  -1.82096985e+00 
 -2.71202201e+00   1.21323065e+01  -4.63104973e+00 
  3.98689243e+00   1.09128076e+01  -4.18082130e-02 
  3.01789083e+00   1.04273014e+01  -3.70027446e+00 
  2.70731168e+00   6.56779753e+00  -3.82476899e+00 
  3.07563860e+00   6.64241153e+00  -7.55444448e+00 
  7.75316348e+00   6.87376973e+00  -1.00117828e+01 
  7.72885764e+00   6.38768338e+00  -6.26050749e+00 
  1.18219491e+01   2.60669487e+00   4.64998349e+00 
  1.19163137e+01   2.07898352e+00   8.45164129e+00 
  8.30723619e+00   3.30128849e+00   8.25519564e+00 
  8.79809848e+00   6.87155309e+00   9.38307527e+00 
  6.15381807e+00   6.85875316e+00   1.21354679e+01 
  3.55578716e+00   5.39050604e+00   9.82223594e+00 
  4.53067487e+00   7.86248937e+00   7.06458026e+00 
 -1.94950298e-01   9.14388013e+00   6.30176966e+00 
 -1.34118956e+01   6.65030133e+00  -7.31829651e-01 
 -8.74811434e+00   3.17493349e+00   1.03982480e+01 
 -3.52053210e+00   4.46235108e+00   1.01981115e+01 
 -4.56503233e+00   1.35411643e+00   8.28342099e+00 
 -4.13605026e+00  -7.86931610e-01   1.14034268e+01 
 -5.80411375e-01   4.59077431e-01   1.19458070e+01 
  2.06736229e-01  -4.20837571e-01   8.38413373e+00 
 -1.40894709e+00  -3.85842137e+00   8.78284286e+00 
  8.68870932e-01  -4.56108393e+00   1.16897747e+01 
  3.93227883e+00  -3.34087651e+00   9.85539151e+00 
  3.40133601e+00  -5.36874249e+00   6.72975387e+00 
  2.41200033e+00  -8.42981164e+00   8.58985084e+00 
  7.62893482e+00  -7.59320222e+00   7.42159861e+00 
  6.09966710e+00  -1.05836700e+01   5.62689045e+00 
  1.07144576e+01  -1.10390096e+01   4.65937408e+00 
  1.56060256e+01  -8.73725861e+00   5.19432915e+00 
  1.20423419e+01  -7.98337047e+00   8.92343045e-01 
  6.19928847e+00  -9.94217106e+00  -1.61814501e+00 
 -1.66378272e+00  -1.17388663e+01  -4.01533297e+00 
 -2.31296641e-02  -9.56789603e+00  -1.36907621e+00 
  1.49593853e+00  -1.25167760e+01   4.67574950e-01 
 -1.88313774e+00  -1.42942330e+01   3.67380122e-01 
 -3.94407974e+00  -1.13946651e+01   1.65881754e+00 
 -1.39051322e+00  -1.04056696e+01   4.30374368e+00 
 -1.10045844e+00  -1.39728688e+01   5.63983941e+00 
 -4.83904105e+00  -9.22873959e+00   7.50887343e+00 
 -4.39337470e+00  -1.14908086e+01   1.05680854e+01 

   2.171902961192e+01 

 -1.08920464e+00  -2.34011583e+00  -4.52565581e+00 
 -3.68633395e+00  -1.36871068e+00  -4.91948698e+00 
 -1.17029443e+00  -2.03553377e-01  -1.27112190e+00 
 -7.80995692e-04  -2.10513495e+00   1.12082249e+00 
 -4.90546024e-01  -3.16606836e-01  -7.16745657e-02 
 -8.45856079e-01   6.33742567e-02   1.28687286e+00 
 -2.42418539e+00   1.75644686e-01  -1.56974460e+00 
  2.63650621e-01  -2.68686592e+00   7.88598298e-02 
 -1.86822327e+00   5.73429145e-01   1.64608132e+00 
  2.48501783e-02  -9.99502931e-01   2.02706353e+00 
 -3.28866581e+00  -3.97604759e-01  -2.49691410e+00 
 -6.22702469e-01  -3.33416044e+00  -9.13489219e-01 
  9.41779386e-01   1.01373279e+00   2.54114412e+00 
 -2.64757563e+00  -6.24317552e-01  -3.68038413e+00 
 -1.95786044e+00  -2.96519604e+00  -1.29645370e+00 
  1.13212065e+00  -1.92079983e-01   1.64281916e+00 
 -2.88065882e+00  -3.39433437e+00  -2.21728844e+00 
  7.55613783e-01   2.74241621e-01   4.17493647e-01 
 -1.31528767e+00  -7.79538699e-01  -3.64707237e+00 
 -2.27102048e+00  -2.57969973e+00   2.13225178e-02 
  5.37499476e-01   1.93075737e+00   2.80457680e-01 
 -5.21391313e-01  -3.79219749e-01  -2.53990173e+00 
 -1.33359492e+00  -2.11060483e+00   1.04574122e+00 
 -3.26376105e-01  -1.21353802e+00   3.42502542e+00 
 -1.10376160e+01  -3.77830243e+00   9.71951163e-01 
 -1.37108240e+01  -4.43024914e+00   3.58525354e+00 
 -1.33958506e+01  -9.72213275e-01   5.14663819e+00 
 -4.96432649e+00   2.99002183e+00   1.23867906e+01 
 -7.15960746e+00   3.47519763e+00   7.19556023e+00 
 -3.78900624e+00   1.77106260e+00   7.17953917e+00 
 -5.19325397e+00  -1.46548058e+00   8.53673669e+00 
 -7.75511058e+00  -1.44451310e+00   5.68480763e+00 
 -5.11641107e+00  -7.24137008e-01   3.06896657e+00 
 -3.03997282e+00  -3.60638095e+00   4.56577825e+00 
 -5.98037239e+00  -5.95441864e+00   4.21898731e+00 
 -6.65203078e+00  -4.79636799e+00   6.38251054e-01 
 -3.08059275e+00  -5.83961790e+00   5.67647235e-02 
 -3.34215673e+00  -9.16723888e+00   1.14487772e+00 
 -6.42370435e+00  -9.55379156e+00  -1.05230150e+00 
 -4.92603732e+00  -7.89176869e+00  -4.16997977e+00 
 -1.80571837e+00  -1.00338224e+01  -3.90366573e+00 
 -3.87734493e+00  -1.31933407e+01  -4.32511263e+00 
 -1.84454786e+00  -1.05444207e+01  -8.77262375e+00 
 -3.50377755e-01  -1.40088583e+01  -8.33067701e+00 
  7.14655829e+00  -5.88879671e+00  -8.43106928e+00 
  3.85971437e+00  -6.08996210e+00  -6.60087282e+00 
  3.92201550e+00  -2.45599038e+00  -5.26345993e+00 
  4.65963341e+00  -9.42581402e-01  -8.69406525e+00 
  2.01787737e+00  -3.16310395e+00  -1.03060695e+01 
 -6.56631534e-01  -2.30901449e+00  -7.80317533e+00 
  6.55023444e-02   1.45257177e+00  -7.75038145e+00 
 -7.90649473e-02   1.54622105e+00  -1.15597793e+01 
 -3.45458490e+00  -2.44261223e-01  -1.15525451e+01 
 -4.78286674e+00   1.87881957e+00  -8.66354446e+00 
 -8.75603513e+00   2.94316664e+00  -1.15881880e+01 
 -7.31924041e+00   7.76856114e+00  -5.10166665e+00 
 -9.63630606e+00   4.84771634e+00  -5.91341048e+00 
 -7.93049847e+00   2.02804509e+00  -3.87689312e+00 
 -1.11002209e+01   2.86205966e-02  -3.95979277e+00 
 -1.50991898e+01   7.73950056e-01  -5.79850527e-01 
 -1.18754330e+01   2.65836274e+00   2.45653093e-02 
 -3.18995994e+00   8.35917929e+00   6.51697113e+00 
  4.32057805e-02   1.02972065e+01   7.24544607e+00 
  8.45184684e-01   9.42902477e+00   3.61761595e+00 
 -6.27903434e-03   1.27267447e+01   1.98669578e+00 
  3.29423607e+00   1.31933107e+01   1.27404543e-01 
  3.15365872e+00   9.69291990e+00  -1.28116147e+00 
 -5.30357491e-01   1.01562307e+01  -2.21878612e+00 
  2.53713905e-01   8.50397282e+00  -6.82428840e+00 
  1.16568697e+00  -3.13194836e+00  -1.65274189e+01 
  9.65843547e+00   3.15529569e+00  -9.74129699e+00 
  6.78003692e+00   6.19342839e+00  -6.34870413e+00 
  7.02959039e+00   2.49962149e+00  -5.50510672e+00 
  1.02800833e+01   3.08885631e+00  -3.61047042e+00 
  8.70441712e+00   5.80797340e+00  -1.46268993e+00 
  5.91101147e+00   3.44578615e+00  -6.28229274e-01 
  8.39118247e+00   6.50849849e-01   1.61369879e-01 
  1.00825812e+01   2.89504096e+00   2.65841189e+00 
  6.81905740e+00   3.97249443e+00   4.21624443e+00 
  5.41781714e+00   5.16040697e-01   4.71943887e+00 
  8.64539721e+00  -8.84041728e-01   5.91584438e+00 
  5.19242974e+00   1.27066729e+00   9.48170735e+00 
  5.68702511e+00  -2.48437183e+00   9.87868480e+00 
  3.20481511e+00  -1.34769706e+00   1.37499014e+01 
  6.12743315e-01   2.66521139e+00   1.63362891e+01 
 -1.68650163e+00  -9.33667148e-01   1.26570474e+01 
 -4.31741796e-01  -6.30185700e+00   8.93027416e+00 
  1.67743036e+00  -1.23766550e+01   3.50342112e+00 
  2.17453251e+00  -8.62230197e+00   3.75886488e+00 
  4.29873988e+00  -8.86343235e+00   6.89037374e+00 
  6.38636243e+00  -1.16026057e+01   5.23921953e+00 
  7.01104469e+00  -9.77745820e+00   1.98324120e+00 
  7.64373355e+00  -6.42398459e+00   3.67095204e+00 
  1.01435249e+01  -7.91746820e+00   6.14375272e+00 
  1.11217192e+01  -5.23617747e+00   5.01867754e-01 
  1.43692547e+01  -4.75752722e+00   2.47639545e+00 

   2.171902961192e+01 

 -3.78269983e-01  -2.00572116e+00   4.76114709e+00 
  2.31105707e+00  -2.30878236e+00   5.48190053e+00 
  1.01512912e+00   2.35613411e-01   1.89787555e+00 
 -5.21885858e-01  -6.87133379e-01  -8.39147540e-01 
  5.13311689e-01   5.64679265e-01   6.51517732e-01 
  1.16890407e+00   9.03229073e-01  -6.02222524e-01 
  2.26171901e+00  -3.19282831e-03   2.33855054e+00 
 -1.13927335e+00  -1.20978439e+00   7.71983543e-02 
  2.34812158e+00   9.55982130e-01  -8.04915810e-01 
  3.71256214e-02   4.14392751e-01  -1.55921580e+00 
  2.67692860e+00  -9.95205739e-01   3.22121468e+00 
 -7.43979824e-01  -2.28481959e+00   1.01390053e+00 
  1.25303256e-01   2.66977755e+00  -1.81144629e+00 
  1.85174992e+00  -1.05301544e+00   4.30691023e+00 
  5.60330344e-01  -2.57754175e+00   1.54166187e+00 
 -6.68724120e-01   1.57331363e+00  -1.12991172e+00 
  1.08922930e+00  -3.46533085e+00   2.44485045e+00 
 -2.94421489e-01   1.68869526e+00   1.76694765e-01 
  5.94173598e-01  -6.09878660e-01   4.15749109e+00 
  1.17506383e+00  -2.22036561e+00   3.26039104e-01 
  5.78835446e-01   3.05931367e+00   5.88064010e-01 
  1.93242370e-01   2.17210251e-01   3.07511796e+00 
  6.63286187e-01  -1.27884160e+00  -6.73894180e-01 
  4.44897181e-01   2.28183370e-01  -2.94576431e+00 
  8.67078492e+00  -6.98880382e+00  -1.93289716e-01 
  1.11388888e+01  -8.43710229e+00  -2.68554162e+00 
  1.25105407e+01  -5.03345878e+00  -3.69990066e+00 
  7.54249925e+00   2.98282924e+00  -1.07898516e+01 
  9.04191046e+00   1.87895602e+00  -5.44787099e+00 
  5.29689989e+00   1.81651034e+00  -5.93395925e+00 
  5.37684177e+00  -1.53296381e+00  -7.68431372e+00 
  7.31543920e+00  -2.94726029e+00  -4.69455558e+00 
  4.90672036e+00  -1.45305554e+00  -2.18662277e+00 
  2.02688446e+00  -2.95969872e+00  -4.25928838e+00 
  3.63764733e+00  -6.37356354e+00  -4.08474750e+00 
  4.26056721e+00  -6.03334883e+00  -3.28405769e-01 
  5.38841514e-01  -5.48161507e+00  -1.67117034e-01 
 -4.80944523e-01  -8.44696680e+00  -1.74578501e+00 
  1.83874774e+00  -1.03772703e+01   5.70658715e-01 
  7.84808506e-01  -8.59304079e+00   3.80036174e+00 
 -2.88237950e+00  -9.12372221e+00   2.98438550e+00 
 -2.40229521e+00  -1.28943625e+01   3.04439246e+00 
 -3.69598852e+00  -1.01456068e+01   7.70272872e+00 
 -6.43450862e+00  -1.25441838e+01   6.61759020e+00 
 -9.77428727e+00  -2.04402054e+00   7.47897225e+00 
 -6.66779119e+00  -3.44389901e+00   5.87166025e+00 
 -5.02450747e+00  -1.78728890e-02   5.12314924e+00 
 -5.49883392e+00   1.26844079e+00   8.69021404e+00 
 -4.26762621e+00  -2.04441187e+00   1.01105267e+01 
 -1.18070794e+00  -2.15951694e+00   7.96468594e+00 
 -2.43916377e-01   1.52215739e+00   8.45610378e+00 
 -5.70948728e-01   1.11389672e+00   1.22333455e+01 
  1.71077544e+00  -1.95051107e+00   1.21771868e+01 
  4.17123840e+00  -3.03619313e-01   9.75809625e+00 
  7.80599257e+00  -1.40588686e+00   1.30816500e+01 
  9.38528557e+00   4.26175424e+00   7.35387140e+00 
  1.01351681e+01   5.53973219e-01   7.85296225e+00 
  7.68482355e+00  -9.96755707e-01   5.28415323e+00 
  9.68225715e+00  -4.16878317e+00   5.26959304e+00 
  1.40275166e+01  -4.85701457e+00   2.33423351e+00 
  1.20012091e+01  -1.70558132e+00   1.81319242e+00 
  7.43726839e+00   7.89071331e+00  -4.28350013e+00 
  5.44116845e+00   1.11081327e+01  -4.91893987e+00 
  3.88387314e+00   1.02713227e+01  -1.53772094e+00 
  5.82022360e+00   1.26657988e+01   6.47886170e-01 
  2.80903587e+00   1.43055647e+01   2.32477733e+00 
  1.28285734e+00   1.09569579e+01   3.16986170e+00 
  4.66445861e+00   9.66681154e+00   4.42128791e+00 
  2.66685443e+00   8.01120695e+00   8.64312715e+00 
 -4.29940798e+00  -3.08737364e+00   1.63027483e+01 
 -8.40586706e+00   6.98257513e+00   1.00225579e+01 
 -4.10334796e+00   8.83149240e+00   7.35892331e+00 
 -5.76778748e+00   5.73306024e+00   5.92801373e+00 
 -8.19359068e+00   7.88375662e+00   3.92988151e+00 
 -5.35732003e+00   9.87255741e+00   2.35205931e+00 
 -3.73067284e+00   6.64293277e+00   1.35060443e+00 
 -7.02865475e+00   5.30983849e+00  -3.95606229e-02 
 -7.28095621e+00   8.33117623e+00  -2.26224017e+00 
 -3.69429670e+00   8.05364502e+00  -3.40118073e+00 
 -3.82058347e+00   4.41267691e+00  -4.34519038e+00 
 -7.15159514e+00   4.69656651e+00  -5.96773717e+00 
 -2.68111961e+00   5.52601547e+00  -8.90167601e+00 
 -4.64954840e+00   2.42885826e+00  -9.91924165e+00 
 -1.43854703e+00   2.80397382e+00  -1.33816790e+01 
  2.91083299e+00   5.55761864e+00  -1.51171920e+01 
  2.98665383e+00   9.28391986e-01  -1.19016384e+01 
 -8.78741136e-01  -3.74550415e+00  -9.16409566e+00 
 -6.02962454e+00  -8.87181568e+00  -4.92241644e+00 
 -4.86732943e+00  -5.27142244e+00  -4.61620149e+00 
 -6.46877018e+00  -4.21233272e+00  -7.88582915e+00 
 -9.70865220e+00  -5.94094463e+00  -6.83577476e+00 
 -9.92795900e+00  -4.40530800e+00  -3.38374478e+00 
 -8.86913250e+00  -9.43026269e-01  -4.56100431e+00 
 -1.14193213e+01  -9.14617949e-01  -7.40528339e+00 
 -1.19076697e+01   1.27086007e+00  -1.49239478e+00 
 -1.43668182e+01   3.33042708e+00  -3.58646374e+00 

   2.171902961192e+01 

 -2.31560332e-01  -3.17073674e+00   1.06403973e+00 
 -7.19391177e-01  -2.78239226e+00   3.79442820e+00 
  4.53956325e-01   6.62085479e-01   1.00920956e+00 
 -1.14790434e+00   1.85782546e+00  -1.58104533e+00 
  3.67599978e-01   1.60416892e+00  -1.50301946e-05 
  7.68898132e-02   3.02939209e+00   2.25343143e-02 
  1.79396268e-01   7.14332405e-01   2.32339989e+00 
 -1.15975243e+00   6.43349218e-01  -1.71862535e+00 
 -1.66752385e-01   3.69771826e+00   9.86069469e-01 
 -5.25914167e-01   3.13426967e+00  -1.41320507e+00 
 -4.58158224e-01  -2.49090586e-01   3.09859343e+00 
 -1.84830919e+00  -4.07008220e-01  -9.36316290e-01 
  1.40585077e+00   4.32735687e+00  -1.46782420e+00 
  5.36368860e-02  -1.48908388e+00   2.84664295e+00 
 -2.14897426e+00  -4.24391348e-01   4.68938726e-01 
  8.16409308e-01   2.98814495e+00  -1.86313696e+00 
 -2.70487850e+00  -1.31389974e+00   1.35403674e+00 
  1.35171141e+00   2.13299723e+00  -9.45090167e-01 
  6.26537797e-01  -1.69508101e+00   1.65100746e+00 
 -2.40083725e+00   9.61165404e-01   4.71820739e-01 
  2.59235812e+00   2.73638698e+00   7.33499378e-03 
  1.03580808e+00  -6.33963597e-01   8.00783271e-01 
 -1.83626605e+00   1.95863603e+00  -4.41722961e-01 
 -1.29790631e+00   4.34387446e+00  -1.66688349e+00 
 -8.28152710e+00   2.43068335e+00   6.98730567e+00 
 -1.09934132e+01   4.84368810e+00   8.09342801e+00 
 -8.54488615e+00   7.66315662e+00   8.83535443e+00 
 -3.08380661e+00   1.47545375e+01   1.14779042e+00 
 -2.31760691e+00   1.05799167e+01   4.88797834e+00 
 -1.87980618e+00   9.41573216e+00   1.32170713e+00 
 -5.59798053e+00   9.44896961e+00   6.41131378e-01 
 -6.09061633e+00   7.22544843e+00   3.72501072e+00 
 -3.34192229e+00   4.84343413e+00   2.67859290e+00 
 -4.97560822e+00   4.70608907e+00  -8.10185949e-01 
 -8.29539634e+00   3.78087549e+00   7.39808003e-01 
 -6.66648413e+00   1.14076443e+00   2.97371423e+00 
 -5.42920140e+00  -2.78047149e-01  -2.87845437e-01 
 -8.53406174e+00  -6.70957236e-01  -1.87873542e+00 
 -9.82052231e+00  -2.41207342e+00   1.24960102e+00 
 -6.77946946e+00  -4.70153455e+00   1.73499734e+00 
 -6.90606421e+00  -5.76490854e+00  -1.90490888e+00 
 -1.03876313e+01  -7.21046249e+00  -1.41411948e+00 
 -5.88364419e+00  -1.03460074e+01  -5.13089560e-01 
 -7.97443445e+00  -1.16012819e+01  -3.42566081e+00 
  2.47690953e+00  -9.22656784e+00  -6.12374728e+00 
  3.07561681e-02  -7.24795465e+00  -4.05134454e+00 
  2.55171817e+00  -4.52302843e+00  -2.94778992e+00 
  5.16504211e+00  -7.05882519e+00  -1.78856065e+00 
  2.48117982e+00  -9.10423332e+00  -2.18286588e-02 
  9.97424881e-01  -6.15512640e+00   1.78044373e+00 
  4.35158483e+00  -4.61398228e+00   2.80429994e+00 
  5.48260192e+00  -7.97561624e+00   4.20479956e+00 
  2.26965913e+00  -8.29225771e+00   6.24850964e+00 
  2.39223605e+00  -4.63369019e+00   7.35213466e+00 
  2.00184626e+00  -6.30196739e+00   1.20994379e+01 
  4.66556747e+00   1.37174415e+00   1.08983923e+01 
  1.35957034e+00  -2.92129739e-01   1.18262729e+01 
 -5.81407195e-01   1.28810109e-01   8.50014232e+00 
 -3.82439444e+00  -3.83175879e-01   1.03091794e+01 
 -6.35735928e+00   3.47682567e+00   1.28890543e+01 
 -3.33221550e+00   4.40155630e+00   1.08148519e+01 
  3.86654258e+00   1.15223147e+01   3.91842047e+00 
  6.90234274e+00   1.25798145e+01   1.81946891e+00 
  7.71717754e+00   8.85449887e+00   1.94646943e+00 
  1.03699000e+01   8.88993098e+00   4.63378325e+00 
  1.30427145e+01   6.99536187e+00   2.67553949e+00 
  1.06075151e+01   4.27290410e+00   1.71920055e+00 
  9.30195043e+00   4.09790219e+00   5.31512151e+00 
  9.77549284e+00  -8.33378262e-01   5.43176714e+00 
  3.90508489e+00  -1.45668473e+01   2.72857687e+00 
  1.13800206e+01  -6.91049177e+00  -3.84509956e+00 
  1.12579266e+01  -2.21569502e+00  -1.20519592e+00 
  8.20588961e+00  -3.04790126e+00  -3.30534972e+00 
  9.83284466e+00  -1.51452146e+00  -6.38825616e+00 
  1.05181468e+01   1.76164675e+00  -4.57542258e+00 
  6.91361213e+00   1.87204617e+00  -3.53883676e+00 
  5.77361605e+00   1.08501346e+00  -7.09796199e+00 
  7.70931978e+00   4.05646776e+00  -8.34534025e+00 
  6.37192970e+00   6.32675428e+00  -5.64431776e+00 
  2.73477258e+00   5.50025672e+00  -6.14605594e+00 
  2.97754366e+00   5.57094952e+00  -9.85347483e+00 
  1.79785238e+00   1.01222845e+01  -7.17489086e+00 
 -1.04007927e+00   8.83198717e+00  -9.36208339e+00 
 -2.60457897e+00   1.31039640e+01  -8.04213334e+00 
 -1.56099841e+00   1.74494467e+01  -4.95354281e+00 
 -4.54293471e+00   1.29232940e+01  -3.40523078e+00 
 -7.03225526e+00   7.15372347e+00  -5.59522237e+00 
 -9.12413380e+00  -5.49238440e-01  -8.25810319e+00 
 -5.95526508e+00   1.19956017e+00  -7.11464201e+00 
 -5.95257982e+00   3.63721025e+00  -1.00188809e+01 
 -6.53022880e+00   7.32898119e-01  -1.24311084e+01 
 -3.78114954e+00  -1.50024086e+00  -1.10975268e+01 
 -1.28485828e+00   1.34789006e+00  -1.07087742e+01 
 -1.88168383e+00   2.61810333e+00  -1.42618786e+01 
  2.44441608e+00  -1.44103433e+00  -1.20743433e+01 
  3.95821921e+00   1.17810753e-01  -1.52291419e+01 

   2.171902961192e+01 

  1.80592600e+00   3.09885835e+00   2.91904297e+00 
  3.68894254e+00   1.74166255e+00   4.48623150e+00 
  4.36586881e-01  -4.58766790e-01   2.12426039e+00 
 -4.61254129e-02  -5.69944518e-01  -1.10990109e+00 
 -2.74739272e-01  -9.58459997e-01   1.04823311e+00 
 -3.28648254e-01  -2.28293388e+00   4.48946264e-01 
  1.40228263e+00  -9.85887982e-01   2.89548291e+00 
  1.36145174e-01   6.09231543e-01  -8.44679595e-01 
  2.81804891e-01  -3.25346323e+00   7.95127027e-01 
 -7.05130799e-01  -1.83384200e+00  -9.97531150e-01 
  2.55381722e+00  -3.60906519e-01   3.36340477e+00 
  1.35010401e+00   1.31366357e+00  -3.76226713e-01 
 -2.50874940e+00  -2.97238938e+00  -2.17258196e-01 
  2.26214572e+00   8.70532059e-01   3.87475925e+00 
  2.40352972e+00   8.18237047e-01   4.66560421e-01 
 -1.99391305e+00  -1.56696125e+00  -4.55831571e-01 
  3.53883693e+00   1.33180220e+00   1.04187038e+00 
 -1.70756563e+00  -1.12606877e+00   8.02840293e-01 
  1.16160421e+00   1.48882007e+00   3.42009142e+00 
  2.31584701e+00  -4.63141992e-01  -1.11012329e-01 
 -2.26101577e+00  -2.07105212e+00   2.07213008e+00 
  1.26468818e-01   8.06813270e-01   2.72747685e+00 
  1.13480847e+00  -1.06669502e+00  -7.34808848e-01 
 -4.94256726e-01  -2.84333744e+00  -2.02705504e+00 
  1.04174013e+01  -4.08243993e+00   5.66512600e-01 
  1.26948370e+01  -6.66149576e+00  -1.03416931e+00 
  1.06060390e+01  -9.61860575e+00   1.43780443e-01 
  3.77994006e-01  -1.35064576e+01  -4.26999542e+00 
  2.80422973e+00  -1.10316663e+01   2.01281264e-01 
  6.38611278e-01  -8.64357672e+00  -1.76656279e+00 
  3.17147250e+00  -8.32549586e+00  -4.55449162e+00 
  5.80568109e+00  -7.38732202e+00  -1.93193119e+00 
  3.52728953e+00  -4.86008375e+00  -2.74734794e-01 
  2.82723736e+00  -3.40011825e+00  -3.77299135e+00 
  6.53492574e+00  -3.02677908e+00  -4.40001554e+00 
  7.09050701e+00  -1.44305004e+00  -9.65337942e-01 
  4.52330464e+00   1.04796411e+00  -2.14261736e+00 
  6.13450149e+00   2.08228324e+00  -5.08535345e+00 
  9.32039010e+00   2.57675470e+00  -3.06580723e+00 
  7.67790843e+00   4.44414372e+00  -1.43418387e-01 
  5.89401181e+00   6.78060068e+00  -2.54224926e+00 
  9.22500241e+00   8.03300133e+00  -3.87933718e+00 
  6.84463145e+00   1.04942842e+01   5.03050018e-01 
  7.07080780e+00   1.27915655e+01  -2.51382450e+00 
 -3.22832116e+00   1.13095353e+01   1.21190461e+00 
 -5.11451088e-01   8.76980282e+00   6.10401768e-01 
 -2.42862182e+00   5.76493264e+00   2.12483787e+00 
 -3.29279467e+00   7.62324194e+00   5.35027297e+00 
  2.71415278e-01   8.94025045e+00   5.61494097e+00 
  1.87106771e+00   5.57376701e+00   5.11011683e+00 
 -5.03412467e-01   3.67603638e+00   7.44126635e+00 
  1.13034251e-01   6.25102369e+00   1.01854630e+01 
  3.89541237e+00   5.87382053e+00   9.79642879e+00 
  3.67630788e+00   2.06456930e+00   9.55203596e+00 
  7.07632460e+00   1.86947512e+00   1.32768535e+01 
  2.68503567e+00  -4.88369784e+00   1.16846831e+01 
  6.17565899e+00  -3.59468794e+00   1.08402556e+01 
  5.69602443e+00  -2.70533366e+00   7.10037212e+00 
  9.40701227e+00  -2.81356740e+00   6.58213867e+00 
  1.20946957e+01  -7.28605140e+00   5.71928177e+00 
  8.31642479e+00  -7.45745377e+00   5.78430093e+00 
 -2.83112338e+00  -1.17105406e+01   3.00374205e+00 
 -6.65971468e+00  -1.19963901e+01   3.01657468e+00 
 -6.45464232e+00  -8.60458955e+00   4.75199845e+00 
 -7.00079766e+00  -9.70032865e+00   8.32424113e+00 
 -9.84794200e+00  -7.28679133e+00   9.12214745e+00 
 -7.91381399e+00  -4.34087766e+00   7.76667791e+00 
 -4.76804975e+00  -5.47335903e+00   9.63414294e+00 
 -4.04900245e+00  -9.48687847e-01   1.15224483e+01 
  1.87418366e+00   1.29599777e+01   1.01652502e+01 
 -9.41595381e+00   8.08288821e+00   7.62468731e+00 
 -8.76907950e+00   2.74971270e+00   8.02954206e+00 
 -7.40271955e+00   4.37891542e+00   4.88360786e+00 
 -1.07877719e+01   4.05167961e+00   3.16987340e+00 
 -1.09612089e+01   3.20708382e-01   3.90407772e+00 
 -7.54106350e+00  -7.05967905e-02   2.41114310e+00 
 -8.53620857e+00   2.00587430e+00  -6.35878077e-01 
 -1.14023783e+01  -3.43631643e-01  -1.26622342e+00 
 -9.25735567e+00  -3.41567675e+00  -8.19286551e-01 
 -6.50626122e+00  -2.36729935e+00  -3.16367037e+00 
 -8.85636147e+00  -1.06888571e+00  -5.73272486e+00 
 -7.32293997e+00  -6.25541270e+00  -5.90503358e+00 
 -6.08058861e+00  -4.17416729e+00  -8.84229678e+00 
 -4.97116218e+00  -8.58893393e+00  -1.01532972e+01 
 -4.91182585e+00  -1.37940498e+01  -8.59929609e+00 
 -7.23035643e-01  -1.00843722e+01  -7.91548232e+00 
  1.17388308e+00  -3.85085738e+00  -9.26667305e+00 
  2.88573646e+00   4.34279067e+00  -1.01246952e+01 
  6.83429047e-01   2.21283117e+00  -7.88401596e+00 
 -1.50488575e+00   1.02220225e+00  -1.07424123e+01 
 -1.84029403e+00   4.62653617e+00  -1.19605367e+01 
 -2.77366470e+00   6.13573178e+00  -8.61779324e+00 
 -5.11033212e+00   3.28129830e+00  -7.67617589e+00 
 -6.95819878e+00   3.43054060e+00  -1.10164317e+01 
 -8.26227947e+00   6.27876733e+00  -5.52425290e+00 
 -1.16049314e+01   5.95741740e+00  -7.36755547e+00 

   2.171902961192e+01 

 -2.31021812e+00  -2.37295843e+00   4.88129645e+00 
 -5.06135542e+00  -2.22525399e+00   5.38452460e+00 
 -3.09836028e+00  -2.24362830e-02   1.87840731e+00 
 -1.51990343e+00  -1.25535924e+00  -7.08781716e-01 
 -2.45443975e+00   1.86992313e-01   6.72165662e-01 
 -2.94728998e+00   5.88944419e-01  -6.36197869e-01 
 -4.39768725e+00  -4.79503569e-02   2.21944640e+00 
 -1.06777528e+00  -1.84265832e+00   2.63165359e-01 
 -4.08332045e+00   8.22011660e-01  -9.35423221e-01 
 -1.83717487e+00  -1.00344309e-01  -1.48957060e+00 
 -5.03418965e+00  -9.35854116e-01   3.08088486e+00 
 -1.70220742e+00  -2.81410262e+00   1.18140305e+00 
 -1.54283125e+00   2.13232680e+00  -1.78401527e+00 
 -4.31635102e+00  -1.09243011e+00   4.23118408e+00 
 -3.07377585e+00  -2.88118002e+00   1.60536532e+00 
 -9.90486096e-01   9.43965019e-01  -1.02249502e+00 
 -3.80704997e+00  -3.64761738e+00   2.47630505e+00 
 -1.44242705e+00   1.15471348e+00   2.47138923e-01 
 -2.99623675e+00  -8.58617957e-01   4.17803636e+00 
 -3.52641638e+00  -2.46622216e+00   3.38030594e-01 
 -2.11422334e+00   2.65762972e+00   5.63887505e-01 
 -2.38460170e+00  -1.36966127e-01   3.11903933e+00 
 -2.79381751e+00  -1.64682022e+00  -6.31572279e-01 
 -2.15987980e+00  -2.59386005e-01  -2.90167386e+00 
 -1.16255382e+01  -5.99977356e+00  -7.16379445e-01 
 -1.40913794e+01  -7.10979626e+00  -3.37869076e+00 
 -1.48163880e+01  -3.56241574e+00  -4.55580429e+00 
 -8.08929306e+00   3.35828552e+00  -1.13425414e+01 
 -1.01590878e+01   2.65997860e+00  -6.12412750e+00 
 -6.44608832e+00   1.99102594e+00  -6.30139215e+00 
 -6.92465066e+00  -1.35240214e+00  -7.99891250e+00 
 -9.29248905e+00  -2.35513294e+00  -5.15551303e+00 
 -6.87895126e+00  -1.18994339e+00  -2.48316015e+00 
 -4.12467325e+00  -3.19279202e+00  -4.28923911e+00 
 -6.27029774e+00  -6.30188572e+00  -4.19266573e+00 
 -7.12231563e+00  -5.75940990e+00  -5.05707098e-01 
 -3.38441258e+00  -5.79989440e+00  -4.95184184e-02 
 -2.73273380e+00  -8.93351279e+00  -1.49216099e+00 
 -5.50561906e+00  -1.04044978e+01   6.57319323e-01 
 -4.43509693e+00  -8.71766875e+00   3.93357244e+00 
 -8.47917886e-01  -9.84590239e+00   3.42865349e+00 
 -1.92919443e+00  -1.34895494e+01   3.50919598e+00 
 -5.79867834e-01  -1.08476885e+01   8.21337337e+00 
  1.81525396e+00  -1.36800472e+01   7.39402920e+00 
  6.71670974e+00  -3.82128027e+00   8.35838126e+00 
  3.56129627e+00  -4.75692536e+00   6.52497903e+00 
  2.55181559e+00  -1.13677395e+00   5.59022897e+00 
  2.94585859e+00   1.60168818e-01   9.16321223e+00 
  1.09252598e+00  -2.87354595e+00   1.05306500e+01 
 -1.79566508e+00  -2.55976970e+00   8.14175006e+00 
 -2.16591963e+00   1.23641210e+00   8.49630755e+00 
 -2.20477053e+00   8.90273956e-01   1.22936567e+01 
 -4.93658016e+00  -1.77425183e+00   1.20999235e+01 
 -6.90465929e+00   1.71417942e-01   9.46190093e+00 
 -1.09175718e+01  -2.45025391e-01   1.24943174e+01 
 -1.11157238e+01   5.43417947e+00   6.56716475e+00 
 -1.24867223e+01   1.90794238e+00   7.06221072e+00 
 -1.01233410e+01  -8.46355591e-02   4.72730384e+00 
 -1.25959104e+01  -2.89922245e+00   4.59997655e+00 
 -1.67524108e+01  -2.97442812e+00   1.33055366e+00 
 -1.42128679e+01  -2.00141729e-01   9.26828236e-01 
 -7.70785752e+00   8.37253154e+00  -4.92827197e+00 
 -5.17852354e+00   1.12134396e+01  -5.44951782e+00 
 -4.04453739e+00   1.02380393e+01  -1.93942796e+00 
 -5.73700949e+00   1.29709003e+01   4.22017715e-02 
 -2.64237706e+00   1.41604033e+01   1.93333381e+00 
 -1.74326817e+00   1.06379914e+01   2.95351711e+00 
 -5.37523283e+00   9.93643167e+00   3.94468764e+00 
 -4.00489454e+00   8.10733154e+00   8.34149799e+00 
  4.72699765e-01  -3.72988531e+00   1.67205520e+01 
  6.61779624e+00   5.37746659e+00   1.06376582e+01 
  2.88865695e+00   7.80734239e+00   7.60214529e+00 
  4.14178851e+00   4.44449234e+00   6.36156325e+00 
  7.02952076e+00   6.12533498e+00   4.53445653e+00 
  4.68068805e+00   8.49218292e+00   2.69861927e+00 
  2.64087044e+00   5.53362788e+00   1.61905245e+00 
  5.78106073e+00   3.65543821e+00   5.24524037e-01 
  6.68717076e+00   6.53346554e+00  -1.71787767e+00 
  3.20251964e+00   6.79506416e+00  -3.14164322e+00 
  2.81715095e+00   3.15445708e+00  -4.01412384e+00 
  6.26710408e+00   2.86023551e+00  -5.36325217e+00 
  2.23047004e+00   4.30278479e+00  -8.66564090e+00 
  3.75061850e+00   9.04915210e-01  -9.46948511e+00 
  9.21787365e-01   1.68431751e+00  -1.31883506e+01 
 -2.78103307e+00   5.04122573e+00  -1.53171906e+01 
 -3.84873410e+00   5.76879305e-01  -1.20453564e+01 
 -1.00815668e+00  -4.56972931e+00  -8.92698134e+00 
  2.90725956e+00  -1.03232683e+01  -4.19741295e+00 
  2.31656527e+00  -6.57690419e+00  -4.04455597e+00 
  4.31760578e+00  -5.87937427e+00  -7.18876293e+00 
  7.14652532e+00  -8.06855045e+00  -5.85000577e+00 
  7.33857584e+00  -6.48844159e+00  -2.41647131e+00 
  6.94350909e+00  -2.93743486e+00  -3.73127997e+00 
  9.67970070e+00  -3.39522220e+00  -6.35766143e+00 
  1.00482723e+01  -1.14561987e+00  -4.60162436e-01 
  1.29617117e+01   4.37240989e-01  -2.37869694e+00 

   2.171902961192e+01 

 -1.42313423e+00   3.95380256e+00   4.21494678e+00 
  8.81121140e-01   5.30524148e+00   5.05627410e+00 
  7.68785933e-01   2.83937864e+00   1.19550793e+00 
  2.62773415e-01  -3.70251685e-01   8.11585281e-01 
  7.00047872e-01   1.74209234e+00   3.56013591e-01 
  1.72410031e+00   1.01001038e+00  -3.73132881e-01 
  1.80466331e+00   3.51778579e+00   1.71697798e+00 
 -6.06768855e-01   1.02174795e-02   1.58175451e+00 
  2.90104708e+00   1.23184021e+00  -3.76167520e-01 
  9.92634957e-01  -3.67913186e-01  -4.17905915e-01 
  1.93502301e+00   4.00863401e+00   3.01222274e+00 
 -5.10405906e-01   5.07747434e-01   2.97191521e+00 
  1.08453400e+00   3.50619685e-01  -2.57044422e+00 
  7.97774021e-01   4.65545360e+00   3.40117749e+00 
  5.52655470e-01   1.25758636e+00   3.58272240e+00 
  1.45877812e-01   2.42561240e-01  -1.38534933e+00 
  7.79835913e-01   1.84409713e+00   4.80257785e+00 
  5.95715775e-02   1.52982023e+00  -9.42459501e-01 
 -3.52272927e-01   4.30582579e+00   2.80506768e+00 
  1.52488960e+00   5.52744153e-01   2.84708047e+00 
  6.99749757e-01   2.71174707e+00  -1.94426687e+00 
 -3.97165003e-01   3.58170077e+00   1.58441983e+00 
  1.34427251e+00  -8.97859781e-02   1.54217324e+00 
  1.84489027e+00  -1.50382318e+00  -7.44766327e-01 
  8.92019522e+00   5.70508900e-01   7.79709857e+00 
  1.21242785e+01  -1.36782378e+00   8.41121693e+00 
  1.36411635e+01  -4.34098194e-01   5.04634566e+00 
  1.10537515e+01  -4.87630274e+00  -5.57353338e+00 
  1.07243077e+01  -2.56936567e-01  -2.32446432e+00 
  7.35929326e+00  -1.88929053e+00  -2.85113679e+00 
  8.12926532e+00  -4.71398300e+00  -4.60035778e-01 
  9.00744308e+00  -2.09968950e+00   2.20291777e+00 
  5.85256616e+00  -1.10561462e-01   1.55916118e+00 
  3.87939042e+00  -3.41121011e+00   1.82686850e+00 
  5.45293420e+00  -4.12260075e+00   5.18802572e+00 
  4.77751257e+00  -5.62435443e-01   6.40577243e+00 
  1.19835012e+00  -1.38449647e+00   5.57181910e+00 
  8.62040574e-01  -4.25668006e+00   7.56252861e+00 
  2.34078590e+00  -2.30698838e+00   1.04754258e+01 
  2.12483181e-01   8.48977398e-01   9.99019192e+00 
 -2.95371508e+00  -1.23023334e+00   9.77160758e+00 
 -2.39558832e+00  -2.54269792e+00   1.32954891e+01 
 -5.25778756e+00   2.15172912e+00   1.24590879e+01 
 -7.39696053e+00  -6.14799377e-01   1.39424787e+01 
 -1.11810764e+01   3.28681133e+00   4.31920329e+00 
 -7.67177235e+00   2.33064366e+00   5.30101710e+00 
 -5.98821198e+00   3.58794659e+00   2.04784650e+00 
 -7.66609363e+00   7.01748673e+00   2.21065744e+00 
 -6.86848938e+00   7.29582587e+00   5.92475328e+00 
 -3.24111124e+00   6.38775031e+00   5.51920094e+00 
 -2.64477881e+00   8.58808583e+00   2.44077489e+00 
 -4.19736264e+00   1.15633502e+01   4.25142868e+00 
 -1.92637607e+00   1.10075918e+01   7.27364089e+00 
  1.14294080e+00   1.03745128e+01   5.08351883e+00 
  3.49786157e+00   1.39398170e+01   7.76966767e+00 
  6.70475043e+00   1.18028493e+01   5.18943364e-01 
  7.36877817e+00   1.09784096e+01   4.18478870e+00 
  5.96703252e+00   7.37046816e+00   4.34477677e+00 
  7.95986069e+00   6.71682091e+00   7.45171938e+00 
  1.30550581e+01   5.30010672e+00   7.39549405e+00 
  1.12140927e+01   5.47639789e+00   4.09569026e+00 
  8.62398228e+00   2.65092051e+00  -7.54029234e+00 
  6.84738283e+00   2.76511862e+00  -1.09418566e+01 
  4.28168608e+00   4.83709923e+00  -9.02296165e+00 
  5.29858090e+00   8.29204401e+00  -1.01583598e+01 
  1.84791570e+00   9.43471843e+00  -1.13225130e+01 
  2.39960129e-01   8.32868295e+00  -8.09021963e+00 
  3.05272618e+00   9.95873918e+00  -6.06610595e+00 
 -1.80553744e-01   1.22833207e+01  -3.11693709e+00 
 -8.92601123e+00   1.21832720e+01   9.28806443e+00 
 -1.10397063e+01   9.53608196e+00  -2.80459220e+00 
 -6.15987640e+00   9.35952865e+00  -5.08081806e+00 
 -7.14842890e+00   6.35587797e+00  -2.97867878e+00 
 -8.84052789e+00   4.73443472e+00  -5.98039017e+00 
 -5.70866889e+00   5.08063306e+00  -8.11601388e+00 
 -3.73462919e+00   3.43860824e+00  -5.37990531e+00 
 -6.33492778e+00   6.60943500e-01  -5.04913377e+00 
 -5.93313955e+00  -1.12585864e-01  -8.70599864e+00 
 -2.16478342e+00  -6.26263790e-02  -8.51803133e+00 
 -1.84798215e+00  -2.37770150e+00  -5.56780838e+00 
 -4.45592279e+00  -4.71505942e+00  -6.81050453e+00 
  7.06192507e-01  -5.48037157e+00  -8.24158700e+00 
 -7.06523114e-01  -8.22517008e+00  -6.01159816e+00 
  3.45993435e+00  -1.00271687e+01  -7.36553572e+00 
  8.04464164e+00  -9.02801824e+00  -1.01030217e+01 
  7.19948143e+00  -8.10469830e+00  -4.60679954e+00 
  2.80113619e+00  -8.86198493e+00   3.28967836e-01 
 -3.29442291e+00  -8.91810890e+00   6.12927143e+00 
 -2.42120173e+00  -6.83784399e+00   3.07681148e+00 
 -2.87661563e+00  -9.72819116e+00   6.65330624e-01 
 -6.22170455e+00  -1.05511511e+01   2.31477474e+00 
 -7.62927667e+00  -7.03908702e+00   2.23151148e+00 
 -6.35487296e+00  -6.32104378e+00  -1.28342201e+00 
 -7.81160849e+00  -9.56212633e+00  -2.68609760e+00 
 -1.03139704e+01  -3.76113887e+00  -2.43355212e+00 
 -1.20025007e+01  -5.51220507e+00  -5.39277249e+00 

   2.171902961192e+01 

  1.04670849e+00   4.16720323e+00  -4.72069225e-01 
  3.04458879e+00   3.49919383e+00   1.37347931e+00 
 -1.16678836e+00   1.70432590e+00   1.57686528e+00 
 -2.70815849e+00  -1.92573338e-01  -5.98249312e-01 
 -2.27723369e+00   9.53541028e-01   1.23518394e+00 
 -2.78113081e+00  -3.18084106e-01   1.73050118e+00 
 -1.20452927e-01   1.45918117e+00   2.38327426e+00 
 -2.22468056e+00   7.24581987e-01  -1.24562586e+00 
 -2.28938112e+00  -1.00368330e+00   2.58053492e+00 
 -3.52272883e+00  -7.60486236e-01   4.30488771e-01 
  1.21860374e+00   1.76003590e+00   2.15524292e+00 
 -8.12507335e-01   1.05811535e+00  -1.53526511e+00 
 -5.14819771e+00  -4.08532783e-01   1.97714186e+00 
  1.35628327e+00   3.03954192e+00   1.70037445e+00 
  3.44708354e-01   8.46991035e-01  -7.09600711e-01 
 -4.48141033e+00   2.32859101e-01   7.76636548e-01 
  1.68299467e+00   1.14259630e+00  -7.82129712e-01 
 -3.71402905e+00   1.21155251e+00   1.33692313e+00 
  3.08139195e-01   3.59306809e+00   1.07172727e+00 
 -1.74862416e-01  -3.68845799e-01  -2.24835004e-01 
 -3.98544143e+00   1.54103744e+00   2.95808696e+00 
 -1.00905424e+00   3.07107349e+00   1.16594294e+00 
 -1.58880973e+00  -7.40198041e-01  -1.19474211e-01 
 -3.86438478e+00  -2.17584477e+00   3.71329769e-01 
  6.83380753e+00  -5.44324504e+00   1.85424124e+00 
  7.90834925e+00  -9.06198366e+00   2.24220466e+00 
  5.80143492e+00  -9.62492905e+00   5.36296527e+00 
 -5.85746582e+00  -1.12990973e+01   6.05354983e+00 
 -1.65543843e+00  -7.70771016e+00   7.25705753e+00 
 -3.84881420e+00  -6.46612454e+00   4.44407810e+00 
 -2.37485166e+00  -8.89618110e+00   1.95181644e+00 
  1.10923001e+00  -7.59157452e+00   2.87714064e+00 
  4.25983653e-02  -3.97364093e+00   2.56544415e+00 
 -1.48460809e+00  -4.86077129e+00  -8.60925848e-01 
  1.80253622e+00  -6.34960891e+00  -1.98232648e+00 
  3.76137279e+00  -3.33123639e+00  -6.91487558e-01 
  1.47960329e+00  -1.38248727e+00  -2.96691525e+00 
  2.18905239e+00  -3.07142065e+00  -5.96185315e+00 
  5.89678980e+00  -2.65036967e+00  -5.22134347e+00 
  5.71049817e+00   1.05615896e+00  -4.24554367e+00 
  3.71648974e+00   1.85556404e+00  -7.37293710e+00 
  6.58924349e+00   6.78195032e-01  -9.56676889e+00 
  6.32093406e+00   5.97024980e+00  -7.87811172e+00 
  5.97010813e+00   5.62273265e+00  -1.16445878e+01 
 -2.58754086e+00   1.06737655e+01  -6.80689838e+00 
 -7.67789061e-01   7.53792967e+00  -5.78295182e+00 
 -2.61366200e+00   7.08648812e+00  -2.40845056e+00 
 -1.98238740e+00   1.06880153e+01  -1.29757951e+00 
  1.65018489e+00   1.04588963e+01  -2.42011066e+00 
  2.31124576e+00   7.21782698e+00  -6.29743564e-01 
  5.27598990e-01   8.20877115e+00   2.61223571e+00 
  2.50418282e+00   1.14680867e+01   2.71787722e+00 
  5.79480466e+00   9.57662108e+00   2.27721892e+00 
  4.77774164e+00   6.85615094e+00   4.76373348e+00 
  9.11681614e+00   7.77170755e+00   7.17342848e+00 
  3.23273655e+00   3.70306064e+00   1.12042460e+01 
  6.42357812e+00   2.79671754e+00   9.31847617e+00 
  4.90975121e+00   1.28250407e+00   6.08997587e+00 
  8.14333757e+00  -4.75398903e-01   5.37905562e+00 
  9.47712555e+00  -5.10646342e+00   7.55747900e+00 
  5.97702380e+00  -3.79821177e+00   8.14629362e+00 
 -6.05875996e+00  -4.38046997e+00   1.03573952e+01 
 -9.64469931e+00  -3.16558049e+00   1.09938451e+01 
 -8.22573037e+00   1.90205574e-01   9.86102202e+00 
 -7.75450078e+00   1.83399911e+00   1.32278801e+01 
 -9.65360797e+00   5.05114014e+00   1.24459317e+01 
 -7.75062949e+00   5.55348753e+00   9.22368460e+00 
 -4.44376985e+00   4.76353131e+00   1.09861888e+01 
 -2.28127338e+00   8.81309995e+00   9.12071874e+00 
  5.41562917e+00   1.54762357e+01  -2.13705241e+00 
 -6.79226804e+00   1.46604027e+01   6.93023239e-01 
 -7.08754613e+00   1.09626352e+01   4.59999659e+00 
 -6.55710102e+00   9.65199804e+00   1.07593625e+00 
 -1.03149547e+01   9.60923257e+00   4.60099038e-01 
 -1.09497290e+01   7.53064721e+00   3.58513138e+00 
 -8.36295926e+00   5.08082108e+00   2.40770093e+00 
 -9.89403634e+00   5.00953623e+00  -1.09045650e+00 
 -1.32023660e+01   4.03827645e+00   4.07559230e-01 
 -1.16648995e+01   1.38941406e+00   2.61166002e+00 
 -9.70146555e+00  -3.38871729e-01  -9.42052146e-02 
 -1.24747259e+01  -1.58808595e-01  -2.56108475e+00 
 -1.21148719e+01  -4.43643436e+00   7.33388955e-01 
 -1.15425666e+01  -5.25822243e+00  -2.94080014e+00 
 -1.18038103e+01  -9.54629912e+00  -9.44838300e-01 
 -1.22352386e+01  -1.22297445e+01   3.75884775e+00 
 -7.42596106e+00  -1.07648792e+01   1.20928070e+00 
 -4.92280161e+00  -7.95909741e+00  -4.28093833e+00 
 -2.04923772e+00  -3.41724187e+00  -1.07552484e+01 
 -3.74867987e+00  -2.70693311e+00  -7.43638011e+00 
 -6.94799402e+00  -4.49650442e+00  -8.40517939e+00 
 -6.96818934e+00  -2.61795170e+00  -1.17305637e+01 
 -6.42907571e+00   8.38539032e-01  -1.02866750e+01 
 -8.82358774e+00   2.92125675e-01  -7.37769012e+00 
 -1.16105705e+01  -9.87833889e-01  -9.65554521e+00 
 -1.04419407e+01   4.86340253e+00  -7.56404176e+00 
 -1.42025470e+01   4.72916609e+00  -8.28110059e+00 

   2.171902961192e+01 

 -2.51672487e+00   5.22824978e+00  -2.08182990e+00 
 -4.93049935e+00   4.54550729e+00  -8.36291036e-01 
 -2.01936052e+00   1.38099162e+00  -2.42050233e+00 
  1.05332705e+00   7.53375096e-01  -1.48783907e+00 
 -8.82920511e-01   6.00091167e-01  -2.53100792e+00 
 -5.98986545e-01  -7.66923599e-01  -2.12243222e+00 
 -3.19277969e+00   1.18979834e+00  -1.79460954e+00 
  9.90726141e-01   1.96694617e+00  -1.61954924e+00 
 -1.34639486e+00  -1.52100787e+00  -1.56821286e+00 
  9.40680621e-01  -6.02608258e-01  -1.92712470e+00 
 -3.92404643e+00   2.11471003e+00  -1.05611653e+00 
  2.51674036e-01   2.98284118e+00  -8.37802513e-01 
  6.90662311e-01  -2.01340222e+00  -3.68931293e+00 
 -4.01606912e+00   3.30207312e+00  -1.72297286e+00 
 -1.01310607e+00   2.85130048e+00  -1.68122260e-01 
  1.00155198e+00  -5.69615113e-01  -3.34868356e+00 
 -1.85806298e+00   3.67857900e+00   5.28520588e-01 
 -1.49039556e-01   8.09433865e-02  -3.68565333e+00 
 -3.05702662e+00   3.59075184e+00  -2.61577550e+00 
 -7.26818034e-01   1.52095761e+00   1.94421255e-01 
 -1.27697786e+00  -7.96314161e-01  -4.56233545e+00 
 -2.17990162e+00   2.60877322e+00  -3.14749276e+00 
  1.60511521e-01   5.90237754e-01  -5.08897443e-01 
  1.57631058e+00  -1.65984454e+00  -1.15143510e+00 
 -5.18942424e+00  -4.28988406e-02   7.73319032e+00 
 -5.15717479e+00  -2.21745551e+00   1.08429633e+01 
 -6.03525927e+00  -5.39842029e+00   8.94412868e+00 
  1.03862672e+00  -1.20404624e+01   2.23196605e+00 
 -3.39810955e+00  -8.53148624e+00   2.15460637e+00 
 -3.00680027e-01  -6.96865597e+00   6.61697356e-01 
  1.30662529e+00  -6.43870896e+00   4.04176161e+00 
 -1.86586395e+00  -4.60048191e+00   5.16126222e+00 
 -1.95942342e+00  -2.46899829e+00   2.03519032e+00 
  1.76167112e+00  -1.66276391e+00   2.63752972e+00 
  9.86062010e-01  -5.37809402e-01   6.16065368e+00 
 -1.98797919e+00   1.55349716e+00   4.97938562e+00 
  5.72843240e-01   3.22458723e+00   2.78136087e+00 
  2.82128426e+00   4.21655039e+00   5.28854836e+00 
 -1.11870669e-01   5.67548685e+00   7.22273081e+00 
 -1.72506026e+00   7.47523897e+00   4.24216778e+00 
  1.60358714e+00   9.02043428e+00   3.27874383e+00 
  1.79447903e+00   1.08182089e+01   6.62289939e+00 
 -7.26947895e-01   1.32086044e+01   2.28034113e+00 
  2.38119283e+00   1.50951615e+01   3.38059226e+00 
  2.65696979e+00   1.17924440e+01  -7.16291437e+00 
  1.62994847e+00   9.88267966e+00  -4.08209353e+00 
  3.73381576e-01   6.73737492e+00  -5.95996543e+00 
 -1.81212766e+00   8.74400297e+00  -8.36839501e+00 
 -3.13879274e+00   1.08604962e+01  -5.49288297e+00 
 -3.99796945e+00   7.91047981e+00  -3.32351325e+00 
 -5.58400445e+00   5.83357396e+00  -6.12436148e+00 
 -7.75311070e+00   8.80811911e+00  -7.11846454e+00 
 -8.92799101e+00   9.25567414e+00  -3.51022884e+00 
 -9.41839310e+00   5.49718595e+00  -3.00882887e+00 
 -1.41122212e+01   6.55552217e+00  -1.48556159e+00 
 -1.24076781e+01  -1.16599062e+00  -3.69837495e+00 
 -1.27136737e+01   7.65984064e-01  -4.22265052e-01 
 -8.97833206e+00   1.04084793e+00   5.67381767e-01 
 -9.95353455e+00   1.71542943e+00   4.12345138e+00 
 -1.11370892e+01  -2.10009496e+00   7.58932059e+00 
 -9.78649105e+00  -3.11747442e+00   4.20557105e+00 
 -3.90728274e+00  -1.01142183e+01  -3.95338538e+00 
 -2.51432589e+00  -1.12601672e+01  -7.34255317e+00 
 -3.44776154e+00  -7.71869686e+00  -8.41248160e+00 
 -6.68295230e+00  -8.44761341e+00  -1.02186015e+01 
 -5.80921763e+00  -6.66441860e+00  -1.34781799e+01 
 -4.71452290e+00  -3.55200073e+00  -1.16421367e+01 
 -7.83463638e+00  -3.69221885e+00  -9.42605840e+00 
 -8.86605106e+00   1.07937753e+00  -1.02766036e+01 
 -7.00966529e+00   1.56835724e+01  -6.58222641e+00 
 -1.42206156e+00   8.08238455e+00  -1.48712730e+01 
 -3.14577411e+00   3.13217256e+00  -1.36265517e+01 
 -4.96766657e-01   4.61693587e+00  -1.13469947e+01 
  2.27213750e+00   3.31291893e+00  -1.36131055e+01 
  8.99695480e-01  -2.35422362e-01  -1.34907958e+01 
  8.54087493e-01  -2.40227251e-02  -9.74478485e+00 
  4.41037843e+00   1.36748753e+00  -9.69113867e+00 
  5.58400914e+00  -1.63330530e+00  -1.16277015e+01 
  3.72092286e+00  -4.05413154e+00  -9.41256141e+00 
  4.99776844e+00  -2.71316387e+00  -6.13609648e+00 
  8.47974885e+00  -2.32063549e+00  -7.37328037e+00 
  6.96712424e+00  -7.00067561e+00  -5.11710546e+00 
  9.56996198e+00  -5.08124596e+00  -3.10624495e+00 
  9.40538933e+00  -9.25721546e+00  -8.76018909e-01 
  6.89863951e+00  -1.40717341e+01  -6.56274415e-01 
  5.45467048e+00  -9.44989062e+00   2.22968984e+00 
  7.24516888e+00  -3.17142565e+00   3.51643634e+00 
  9.07117150e+00   5.01987401e+00   4.12539991e+00 
  7.45231628e+00   2.74648207e+00   1.55275033e+00 
  1.06139465e+01   7.36110689e-01   9.70298915e-01 
  1.25901822e+01   3.98494364e+00   6.13751797e-01 
  1.02527524e+01   5.65365613e+00  -1.85091999e+00 
  9.70360098e+00   2.48540121e+00  -3.88931196e+00 
  1.34481385e+01   1.78495404e+00  -4.17567881e+00 
  9.59680411e+00   4.93476872e+00  -8.07733757e+00 
  1.24673533e+01   3.62964588e+00  -1.02524132e+01 

   2.171902961192e+01 

 -5.69477267e+00  -4.44980887e-02   5.39981848e-01 
 -6.82825623e+00  -2.16413742e+00  -8.97431012e-01 
 -2.33016362e+00  -1.91080890e+00  -5.98143612e-02 
 -1.73704127e-01   3.47521359e-01  -1.03695254e+00 
 -1.02130258e+00  -1.46644337e+00  -1.13989569e-01 
  1.42462892e-01  -1.95556356e+00  -8.36964904e-01 
 -2.99483470e+00  -2.85706293e+00  -7.43937792e-01 
 -1.13552891e+00   9.72094195e-01  -6.14077783e-01 
  1.85018636e-01  -2.89537160e+00  -1.57816071e+00 
  8.98146014e-01  -5.94381071e-01  -9.45798670e-01 
 -4.28798523e+00  -2.78936246e+00  -1.25262528e+00 
 -2.51225596e+00   1.09298766e+00  -1.14263811e+00 
  2.17034319e+00  -1.89816241e+00   4.10602692e-01 
 -5.14999607e+00  -2.29253242e+00  -3.18230360e-01 
 -3.28602720e+00   1.15027669e-01  -1.85700192e+00 
  1.16613282e+00  -7.63352226e-01   4.41737012e-01 
 -4.56320096e+00   2.85660031e-02  -2.35198146e+00 
  3.17000756e-02  -1.36840161e+00   8.97383223e-01 
 -4.64118820e+00  -1.50662111e+00   6.42838035e-01 
 -2.14117602e+00  -3.58817648e-01  -2.52632784e+00 
  2.02371097e-01  -2.92225444e+00   1.50303158e+00 
 -3.25378587e+00  -1.45571880e+00   9.40960903e-01 
 -7.56659966e-01  -2.98881990e-01  -2.04907174e+00 
  1.96339456e+00  -5.62582561e-01  -1.93963102e+00 
 -4.94924129e+00  -3.57888920e+00  -1.03327002e+01 
 -3.79389215e+00  -4.28358631e+00  -1.38779780e+01 
 -1.48879291e+00  -7.12985899e+00  -1.28385591e+01 
  9.14111012e+00  -6.38958692e+00  -7.77231083e+00 
  3.76368838e+00  -7.94489443e+00  -6.95507109e+00 
  4.66252010e+00  -4.81312549e+00  -5.04472812e+00 
  4.59618955e+00  -2.65750375e+00  -8.14924157e+00 
  1.06254554e+00  -3.95913505e+00  -8.86768725e+00 
 -9.28072998e-02  -3.33103088e+00  -5.31875132e+00 
  1.39025882e+00   2.15264178e-01  -5.60802185e+00 
 -5.89929829e-01   8.25941659e-01  -8.76799345e+00 
 -3.78619871e+00  -5.54421698e-01  -7.18927858e+00 
 -3.16472572e+00   2.09189409e+00  -4.58304559e+00 
 -3.05114859e+00   4.88139372e+00  -6.71172102e+00 
 -6.29301225e+00   3.68954626e+00  -8.30632908e+00 
 -8.12297802e+00   2.93317177e+00  -5.01932935e+00 
 -7.16816896e+00   6.32834849e+00  -3.62046463e+00 
 -9.06452779e+00   8.07031036e+00  -6.41710581e+00 
 -1.16517685e+01   6.69809954e+00  -1.68925012e+00 
 -1.14690742e+01   1.04561033e+01  -2.21291015e+00 
 -6.81439765e+00   7.02549663e+00   7.20592484e+00 
 -6.49328321e+00   5.61878857e+00   3.72576859e+00 
 -4.44586410e+00   2.49305418e+00   4.74369033e+00 
 -6.88285978e+00   1.49189205e+00   7.51177021e+00 
 -9.84964768e+00   2.12218386e+00   5.20763156e+00 
 -8.45039577e+00   1.01072361e-01   2.36085295e+00 
 -7.26744556e+00  -2.82913204e+00   4.52610737e+00 
 -1.07070894e+01  -3.02597165e+00   6.16051441e+00 
 -1.24117999e+01  -3.11009573e+00   2.74190372e+00 
 -9.85854404e+00  -5.57743885e+00   1.32372465e+00 
 -1.37643927e+01  -8.47919556e+00  -1.66468269e-02 
 -6.31215387e+00  -1.19139464e+01   2.84008377e-01 
 -8.59778307e+00  -1.05046211e+01  -2.42685070e+00 
 -6.76112693e+00  -7.18746248e+00  -3.22113134e+00 
 -8.51454897e+00  -6.98986193e+00  -6.52842274e+00 
 -6.86746489e+00  -9.55200916e+00  -1.08520547e+01 
 -4.65320654e+00  -9.61676076e+00  -7.78581846e+00 
  5.80242088e+00  -1.02787875e+01  -1.43525458e+00 
  8.14342069e+00  -1.03842925e+01   1.60589232e+00 
  5.01241702e+00  -9.27767576e+00   3.48479533e+00 
  3.97708421e+00  -1.25904898e+01   4.97247707e+00 
  3.69570299e+00  -1.14090969e+01   8.59092746e+00 
  1.58489068e+00  -8.43897811e+00   7.60126987e+00 
 -5.70076766e-01  -1.06518156e+01   5.33737102e+00 
 -4.76054451e+00  -8.88102172e+00   7.30196887e+00 
 -1.57327458e+01   1.60641342e+00   7.34199924e+00 
 -4.95538369e+00   3.41948045e-01   1.36631748e+01 
 -2.34200803e+00  -3.67449732e+00   1.12007473e+01 
 -2.33308109e+00  -3.18864749e-01   9.42372919e+00 
  7.49747430e-01   7.74970594e-01   1.13736628e+01 
  2.68070957e+00  -2.34197446e+00   1.03512532e+01 
  1.80995382e+00  -1.63340754e+00   6.77087809e+00 
  2.83662370e+00   2.02539788e+00   7.15229096e+00 
  6.23299480e+00   9.21108506e-01   8.32602453e+00 
  6.61093940e+00  -1.59340284e+00   5.53806359e+00 
  5.73229109e+00   7.45636399e-01   2.72370329e+00 
  7.72893965e+00   3.55642594e+00   4.10997411e+00 
  1.00741024e+01   3.27308251e-02   7.38784631e-01 
  9.76446308e+00   3.55614231e+00  -6.72678967e-01 
  1.25254602e+01   1.39821961e+00  -3.86015101e+00 
  1.47507999e+01  -3.33875131e+00  -5.31639337e+00 
  9.75437344e+00  -1.36248019e+00  -7.02090166e+00 
  5.68457543e+00   3.89156321e+00  -6.68549808e+00 
  2.64013012e-01   1.01593349e+01  -5.22431599e+00 
  1.53957685e+00   7.12801825e+00  -3.32916822e+00 
  5.10400140e+00   8.41154593e+00  -3.17365968e+00 
  3.81006158e+00   1.18015971e+01  -1.98167754e+00 
  1.55657674e+00   1.04752855e+01   7.54284777e-01 
  4.07344525e+00   7.87677196e+00   1.94068631e+00 
  6.90876824e+00   1.04289167e+01   2.14487723e+00 
  2.85409062e+00   8.49992389e+00   6.59635182e+00 
  5.98199818e+00   9.68977054e+00   8.46043649e+00 

   2.171902961192e+01 

