  1.29792108e+00  -1.31422503e+00   3.43994234e+00 
  2.67893203e+00  -1.24949477e+00   3.75037796e+00 
  3.64384403e+00  -1.55989874e+00   2.77544914e+00 
  3.01087055e+00  -2.34750374e+00   1.83271882e+00 
  1.69359516e+00  -1.93478277e+00   1.32295991e+00 
  8.65213459e-01  -1.29373091e+00   2.17727173e+00 
  5.07844036e+00  -1.63144135e+00   3.10826236e+00 
  6.05309274e+00  -1.03246664e+00   2.71939376e+00 
 -5.36245983e-01  -1.19148602e+00   2.15055901e+00 
 -1.31358436e+00  -1.71218413e+00   1.12860003e+00 
 -1.26416391e+00  -2.94125960e+00   9.95078800e-01 
 -2.27513490e+00  -7.67767863e-01   5.45174651e-01 
 -2.85895862e+00  -1.42903293e-01   1.67650594e+00 
 -3.47996430e+00  -1.37976735e+00  -1.11027345e-01 
 -1.50409367e+00   1.68892060e-01  -3.43125391e-01 
 -1.75917972e-01  -1.24851591e-01  -6.43719449e-01 
  9.60522302e-01   6.40240223e-01  -6.87080530e-01 
  1.59157467e+00   1.28633447e+00   3.70985283e-01 
  2.96637934e+00   9.24209163e-01   4.68707473e-01 
  3.82789957e+00   1.06323749e+00  -5.66402489e-01 
  3.15063625e+00   1.20357702e+00  -1.71326091e+00 
  1.73592646e+00   9.54475340e-01  -1.81501095e+00 
  5.26108996e+00   9.63843652e-01  -5.55280253e-01 
  6.23780445e+00   5.70884249e-01  -3.93737475e-02 
  4.19922889e+00  -2.61208793e+00   4.87485594e-02 
  5.53581505e+00   2.04638666e+00   1.07932509e+01 
  5.02336911e+00   4.45100459e+00   1.37130940e+01 
 -4.84560124e+00   9.47875670e-01   7.41884317e+00 
 -3.57420172e+00   4.45937438e+00   8.06076366e+00 
 -4.95480576e-01   2.89875416e+00   9.71175098e+00 
 -3.49621312e-04   4.53737549e-01   6.83751876e+00 
 -3.07399023e-01   3.31218418e+00   4.37153666e+00 
  2.35069928e+00   5.31708653e+00   6.31894104e+00 
  4.62526667e+00   2.24421499e+00   6.39248696e+00 
  4.05696231e+00   2.24873675e+00   2.97562099e+00 
  5.32053969e+00   5.58489696e+00   2.13795146e+00 
  8.37542569e+00   4.84572846e+00   4.29008642e+00 
  9.18782188e+00   1.49367801e+00   2.66193264e+00 
  8.97938829e+00   3.07793850e+00  -7.91097027e-01 
  1.17686666e+01   5.40574068e+00  -7.31400940e-03 
  1.28080011e+01   3.81625771e-01  -2.18725990e+00 
  1.37516312e+01   3.21035511e+00  -4.52694065e+00 
  6.46774411e+00  -3.83391057e+00  -8.85355752e+00 
  6.54317388e+00  -2.29045597e+00  -5.45974525e+00 
  3.49951045e+00  -4.14362860e+00  -4.01842789e+00 
  4.91988667e+00  -7.57535642e+00  -5.05940198e+00 
  8.38398492e+00  -6.63596621e+00  -3.76578264e+00 
  7.11028032e+00  -5.45102449e+00  -3.97046247e-01 
  4.76861468e+00  -8.43639341e+00   9.03565113e-02 
  7.57915652e+00  -1.08507839e+01  -7.27205749e-01 
  9.90518705e+00  -9.15322744e+00   1.78445752e+00 
  7.17736843e+00  -8.98462346e+00   4.42379494e+00 
  1.03276119e+01  -1.12191956e+01   7.63122443e+00 
  2.31121620e+00  -1.10181009e+01   9.49979462e+00 
  5.42863095e+00  -9.04106267e+00   1.04636002e+01 
  4.84590060e+00  -5.80496240e+00   8.54415095e+00 
  7.18252109e+00  -3.97796163e+00   1.08594856e+01 
 -1.10141739e+01  -5.91542545e+00   6.66163147e+00 
 -8.14643335e+00  -7.53243672e+00   4.73592028e+00 
 -8.47938659e+00  -1.10448322e+01   6.17414442e+00 
 -8.68604663e+00  -1.29256120e+01   2.86304816e+00 
 -5.66934306e+00  -1.10607183e+01   1.51390078e+00 
 -3.77243747e+00  -1.16338042e+01   4.77357959e+00 
  1.04579293e+01  -9.51353334e+00  -8.76510642e+00 
 -1.49719276e+00  -1.18793312e+01  -4.20058889e+00 
 -2.12901310e-01  -8.49008774e+00  -5.34883175e+00 
 -3.21311800e+00  -8.12370681e+00  -7.68299264e+00 
 -5.63810888e+00  -8.71927051e+00  -4.81884892e+00 
 -3.83076997e+00  -6.05814481e+00  -2.77877919e+00 
 -3.91713323e+00  -3.67937139e+00  -5.75341390e+00 
 -7.68605307e+00  -4.07777396e+00  -5.99394696e+00 
 -8.09568479e+00  -3.60533955e+00  -2.25299397e+00 
 -6.07143698e+00  -4.75224837e-01  -1.95336984e+00 
 -7.56406285e+00   1.05100969e+00  -5.10974494e+00 
 -9.86673600e+00   1.92780186e+00  -2.85904795e-01 
 -8.35172418e+00   5.06865969e+00  -1.86562084e+00 
 -1.08204484e+01   6.82578739e+00   1.76696621e+00 
 -1.38864684e+01   5.56470925e+00   6.06505791e+00 
 -8.28996929e+00   6.25141390e+00   6.06028600e+00 
 -5.31061363e+00   8.48949768e+00   5.35494551e+00 
 -3.11069330e+00   8.00133485e+00   2.28384423e+00 
  2.90833279e-01   9.72350970e+00   2.12916108e+00 
  3.42006088e+00   8.96111113e+00  -2.84716898e+00 
  9.83435613e-01   6.14907702e+00  -2.07835973e+00 
 -2.03524824e+00   8.26943957e+00  -3.35879527e+00 
 -1.40448059e-01   9.15922745e+00  -6.52369814e+00 
  9.76247320e-01   5.65270844e+00  -7.37419113e+00 
 -2.36742951e+00   4.06631298e+00  -6.49209189e+00 
 -4.35809502e+00   6.57338860e+00  -8.64213171e+00 
 -2.10113696e+00   8.31278483e-01  -1.01413547e+01 
 -5.13536495e+00   1.38103659e+00  -1.24561558e+01 

   5.806147748142e+00 

  8.35667007e-01  -6.30042049e-01   1.97958045e+00 
  1.89354677e-01  -5.45956772e-01   3.23773846e+00 
 -1.11766551e+00  -3.58977019e-02   3.33484641e+00 
 -1.32065358e+00   7.41780993e-01   2.21068930e+00 
 -9.35596403e-01   2.10460335e-01   8.93557364e-01 
  1.45337881e-01  -5.99134873e-01   8.37440618e-01 
 -1.76105918e+00   1.87771979e-01   4.64250312e+00 
 -2.76014416e+00  -2.48911495e-01   5.16315032e+00 
  9.96281413e-01  -8.74601589e-01  -2.46657787e-01 
  7.85555149e-01  -3.72319692e-01  -1.52066288e+00 
  8.30993509e-01   8.60011918e-01  -1.62161324e+00 
  8.12501079e-01  -1.37821311e+00  -2.59040071e+00 
  1.95197963e+00  -2.16417436e+00  -2.28206659e+00 
  1.16366756e+00  -8.70179221e-01  -3.95983198e+00 
 -4.86922060e-01  -2.13254747e+00  -2.53215536e+00 
 -1.51284394e+00  -1.64962319e+00  -1.72285860e+00 
 -2.37537577e+00  -2.25904367e+00  -8.49138006e-01 
 -2.06286904e+00  -2.90673805e+00   3.41659907e-01 
 -2.80521764e+00  -2.38368679e+00   1.43988947e+00 
 -4.15786509e+00  -2.32587896e+00   1.43856984e+00 
 -4.62281604e+00  -2.45395541e+00   1.89137145e-01 
 -3.76963170e+00  -2.37750896e+00  -9.68464219e-01 
 -5.04114987e+00  -2.04792608e+00   2.53701770e+00 
 -5.20906764e+00  -1.57957724e+00   3.59862064e+00 
 -3.39131466e+00   1.30243777e+00   1.96013617e+00 
  3.26481620e+00  -4.03340371e+00   1.00938251e+01 
  5.46211021e+00  -6.71935435e+00   1.16837435e+01 
  7.42000362e+00  -3.97349511e+00  -5.98927627e-02 
  6.59525002e+00  -7.33806092e+00   1.47588724e+00 
  6.13152513e+00  -5.54558600e+00   4.82429154e+00 
  3.98575136e+00  -2.82570235e+00   3.24874095e+00 
  1.88850182e+00  -5.48350406e+00   1.55059532e+00 
  1.39906429e+00  -7.29333032e+00   4.92142364e+00 
  4.62665987e-01  -3.97531434e+00   6.57536845e+00 
 -1.77904539e+00  -3.76537400e+00   3.94314154e+00 
 -3.69944749e+00  -6.83374444e+00   4.51361637e+00 
 -3.88587482e+00  -5.89822083e+00   8.20149162e+00 
 -5.15234611e+00  -2.34607222e+00   7.63104863e+00 
 -7.87828762e+00  -3.64929905e+00   5.31856459e+00 
 -9.38307449e+00  -5.66436358e+00   8.05501912e+00 
 -1.09704050e+01  -3.84605843e-01   7.23121643e+00 
 -1.37579944e+01  -2.86597411e+00   6.56909040e+00 
 -1.14234185e+01   3.54135124e+00  -2.08493991e+00 
 -9.11218395e+00   1.74106582e+00   2.22238222e-01 
 -5.82201490e+00   3.06863276e+00  -1.25691195e+00 
 -7.01446859e+00   6.72701440e+00  -9.88305397e-01 
 -8.35650359e+00   6.12674919e+00   2.53227770e+00 
 -5.15932188e+00   4.51290804e+00   3.77660124e+00 
 -2.87472995e+00   7.12796923e+00   2.17177050e+00 
 -4.92370686e+00   9.93723519e+00   3.69050466e+00 
 -4.72917554e+00   8.34212769e+00   7.15725501e+00 
 -1.02026030e+00   7.61071219e+00   6.77711967e+00 
 -2.46919048e-01   9.94809940e+00   1.11524499e+01 
  6.21452332e+00   8.58253649e+00   6.23517489e+00 
  4.69015421e+00   6.94048458e+00   9.32319047e+00 
  3.12835911e+00   3.82887915e+00   7.78211533e+00 
  3.14800199e+00   2.12358767e+00   1.11362318e+01 
  1.17396114e+01   2.09671278e+00  -5.55744908e+00 
  8.69544605e+00   4.21775555e+00  -4.67356001e+00 
  1.05100529e+01   7.52735056e+00  -4.15389536e+00 
  8.39367766e+00   9.63761338e+00  -6.52268117e+00 
  5.18899949e+00   8.28734657e+00  -5.00434496e+00 
  6.55352659e+00   8.82003555e+00  -1.48205986e+00 
 -1.30550538e+01   9.65109019e+00   7.77990838e-01 
 -1.67915275e+00   1.01007573e+01  -5.52624885e+00 
 -3.85671195e+00   7.00852462e+00  -5.13744272e+00 
 -3.78930004e+00   6.46362507e+00  -8.91664664e+00 
  1.00894605e-02   6.50692759e+00  -8.95353115e+00 
  3.38890288e-02   3.93344883e+00  -6.14522399e+00 
 -2.52041485e+00   1.82019347e+00  -8.02249774e+00 
 -2.62686747e-01   1.75912332e+00  -1.10754098e+01 
  2.77479995e+00   9.27331807e-01  -8.96175908e+00 
  1.26886541e+00  -1.93669964e+00  -7.08707058e+00 
 -4.10930971e-01  -3.36925770e+00  -1.01928859e+01 
  4.58893858e+00  -4.92999622e+00  -8.81234197e+00 
  1.97316478e+00  -7.71150366e+00  -8.53540276e+00 
  6.04372063e+00  -1.00636473e+01  -8.01025432e+00 
  1.14362564e+01  -9.56332598e+00  -7.64333993e+00 
  7.79448722e+00  -9.53636159e+00  -3.33878664e+00 
  5.04924899e+00  -1.13141245e+01  -1.41880992e+00 
  1.39187744e+00  -1.02972192e+01  -1.73369499e+00 
 -1.12637233e+00  -1.15579011e+01   8.41046826e-01 
 -6.78149656e+00  -9.99329768e+00  -8.34259884e-04 
 -4.24784749e+00  -7.58510158e+00  -1.48978024e+00 
 -3.62127839e+00  -9.95432782e+00  -4.52985966e+00 
 -7.35701562e+00  -1.03301131e+01  -5.07908927e+00 
 -8.20164592e+00  -6.65202199e+00  -4.92330673e+00 
 -5.18607606e+00  -5.57915951e+00  -6.98005877e+00 
 -5.92740134e+00  -8.12828128e+00  -9.77706852e+00 
 -7.66238517e+00  -2.04231496e+00  -9.26306180e+00 
 -7.58533757e+00  -2.77438784e+00  -1.30479278e+01 

   5.806147748142e+00 

  1.77661962e+00   1.31872679e+00   7.44327285e-01 
  2.09890448e+00   2.08582214e+00  -4.02602849e-01 
  1.08818356e+00   2.50795767e+00  -1.28472347e+00 
 -9.27352431e-02   2.48935391e+00  -5.67226292e-01 
 -4.11053365e-01   1.31273160e+00   2.57176953e-01 
  6.19199521e-01   6.60615114e-01   8.40559759e-01 
  1.37816456e+00   3.41770402e+00  -2.40821010e+00 
  1.26272044e+00   3.32151292e+00  -3.60710822e+00 
  6.23177739e-01  -1.54901593e-01   1.98518757e+00 
 -5.27366627e-01  -4.85034483e-01   2.68307121e+00 
 -1.13085658e+00   4.65837134e-01   3.19545765e+00 
 -7.02472471e-01  -1.92112705e+00   2.93578202e+00 
  5.78356408e-01  -2.34212377e+00   3.37561780e+00 
 -1.55567668e+00  -2.27968998e+00   4.11909666e+00 
 -1.14699433e+00  -2.55440009e+00   1.64648806e+00 
 -1.52770548e+00  -1.73409771e+00   5.86839126e-01 
 -1.25887865e+00  -1.76318240e+00  -7.56897597e-01 
 -2.72280196e-02  -1.59579448e+00  -1.38154642e+00 
 -6.77920299e-02  -5.65607751e-01  -2.36533608e+00 
 -9.58840408e-01  -5.71441798e-01  -3.38464829e+00 
 -1.96478551e+00  -1.41245706e+00  -3.11182453e+00 
 -2.16747256e+00  -1.98253716e+00  -1.80502113e+00 
 -9.75789692e-01   2.53106011e-01  -4.56102882e+00 
 -6.46864483e-01   1.23974635e+00  -5.10222829e+00 
 -1.82817299e+00   2.72341759e+00  -1.83143364e+00 
  9.89300092e+00   3.29645802e+00  -2.93501185e+00 
  1.35167430e+01   2.10040426e+00  -3.02568125e+00 
  6.27309031e+00  -2.33170416e+00   5.75907785e+00 
  8.24848595e+00  -4.23039310e+00   3.14145790e+00 
  9.18209879e+00  -8.58229138e-01   1.59333135e+00 
  5.58437512e+00   3.75810770e-01   1.72750146e+00 
  4.43140186e+00  -2.85381160e+00   1.19317342e-01 
  7.02979103e+00  -2.41382417e+00  -2.69711454e+00 
  5.91341970e+00   1.21262118e+00  -3.17062745e+00 
  2.76635940e+00  -2.15898933e-01  -3.40150659e+00 
  3.31155631e+00  -2.46989307e+00  -6.23885636e+00 
  5.02762298e+00   4.07808625e-01  -8.05112886e+00 
  2.22413892e+00   2.93393339e+00  -7.49769840e+00 
 -3.34988228e-01   4.33843079e-01  -8.79274912e+00 
  1.32008903e+00   3.02089462e-01  -1.21178675e+01 
 -2.64369912e+00   4.08206871e+00  -1.10814065e+01 
 -3.68185681e+00   1.56559491e+00  -1.37187995e+01 
 -1.04796783e+01   1.91684385e+00  -5.05493487e+00 
 -6.75202323e+00   1.86141641e+00  -5.14106838e+00 
 -6.17589537e+00   2.22323609e+00  -1.35785614e+00 
 -8.46527287e+00   5.32145432e+00  -1.16383036e+00 
 -6.87891851e+00   6.80310967e+00  -4.30135469e+00 
 -3.32567992e+00   6.32324232e+00  -3.06887018e+00 
 -4.06471336e+00   7.62614499e+00   4.51024880e-01 
 -5.73898429e+00   1.07160277e+01  -9.79456317e-01 
 -2.74436858e+00   1.14131056e+01  -3.24814043e+00 
 -2.71975149e-01   1.07402402e+01  -4.42780086e-01 
  1.83068587e+00   1.51960252e+01  -1.40701395e+00 
  3.56330506e+00   1.15027404e+01   5.74506766e+00 
  5.24944077e+00   1.18772125e+01   2.34321626e+00 
  4.74493469e+00   8.38772569e+00   9.06149695e-01 
  7.60963749e+00   8.92322965e+00  -1.47402157e+00 
  2.83976130e+00  -3.64388150e-01   1.41299488e+01 
  4.58318095e-01   1.75953038e+00   1.20407568e+01 
  4.04382625e-01   4.83335151e+00   1.42913085e+01 
 -3.38025072e+00   5.11423207e+00   1.46668829e+01 
 -3.86719729e+00   4.75969699e+00   1.09204558e+01 
 -1.07643992e+00   7.27295686e+00   1.02515895e+01 
 -1.25885239e+01   8.49310832e+00  -5.75709757e+00 
 -9.41192078e+00   5.67602772e+00   6.54452889e+00 
 -9.13156727e+00   3.28813493e+00   3.59932820e+00 
 -1.11605859e+01   6.72568312e-01   5.50346503e+00 
 -8.77792658e+00   8.33711871e-01   8.45906373e+00 
 -5.84439324e+00   3.46016684e-01   6.07862595e+00 
 -7.65135385e+00  -2.55922893e+00   4.40264429e+00 
 -8.05942646e+00  -4.27707298e+00   7.76476060e+00 
 -4.43546907e+00  -3.62415012e+00   8.67379653e+00 
 -2.91816228e+00  -4.94525799e+00   5.52142821e+00 
 -5.23751735e+00  -7.96670603e+00   5.41432373e+00 
 -4.74312621e-01  -8.25512658e+00   7.97736804e+00 
 -6.86324291e-01  -1.04703387e+01   4.86230177e+00 
  3.32387800e+00  -1.19333083e+01   6.90087555e+00 
  6.76034400e+00  -1.11048686e+01   1.10201933e+01 
  7.07046247e+00  -8.74880598e+00   5.90695710e+00 
  7.32169563e+00  -9.20403039e+00   2.15026481e+00 
  4.32261250e+00  -8.69544704e+00  -1.42432037e-01 
  4.88209580e+00  -8.34283863e+00  -3.90046901e+00 
  3.00983060e-02  -7.76690212e+00  -7.25659702e+00 
 -3.82923720e-01  -6.55680428e+00  -3.67877335e+00 
 -7.55997084e-01  -1.02167641e+01  -2.36979860e+00 
 -3.30459608e+00  -1.09841601e+01  -5.07430352e+00 
 -5.45044767e+00  -7.92124789e+00  -4.54523651e+00 
 -5.28695261e+00  -8.11030381e+00  -7.48863022e-01 
 -6.30047827e+00  -1.18304459e+01  -6.84387868e-01 
 -9.90891914e+00  -6.62811381e+00  -2.06629414e-01 
 -1.18486319e+01  -9.39953540e+00   1.64372582e+00 

   5.806147748142e+00 

  3.80146045e-01   7.89723890e-01  -2.73841336e+00 
 -3.36802018e-01   1.38192606e+00  -3.80754085e+00 
 -1.74266089e+00   1.34935665e+00  -3.82734088e+00 
 -2.12292876e+00   2.97232666e-01  -3.01607705e+00 
 -1.49644709e+00   1.50993824e-01  -1.69261866e+00 
 -2.04395151e-01   5.27683614e-01  -1.56724325e+00 
 -2.50721765e+00   1.83696942e+00  -4.98993985e+00 
 -3.33169904e+00   2.70792071e+00  -5.13694678e+00 
  7.58036621e-01   1.10568740e-01  -6.31830813e-01 
  4.73227650e-01  -7.54495365e-01   4.12357666e-01 
  1.06295403e-01  -1.88834139e+00   7.97156031e-02 
  9.07641666e-01  -2.86099571e-01   1.73477081e+00 
  2.22303336e+00   1.91614948e-01   1.50509737e+00 
  1.15470962e+00  -1.35522047e+00   2.76078069e+00 
 -6.15828054e-02   7.74758850e-01   2.17759885e+00 
 -1.24054436e+00   9.55734717e-01   1.45788350e+00 
 -1.90138268e+00   2.07325219e+00   1.01835013e+00 
 -1.46649507e+00   3.00487993e+00   8.12745420e-02 
 -2.41147950e+00   3.17849855e+00  -9.71167009e-01 
 -3.70107240e+00   3.51885006e+00  -7.38552256e-01 
 -4.01332869e+00   3.29033923e+00   5.43611471e-01 
 -3.16286143e+00   2.53553763e+00   1.42723383e+00 
 -4.69564397e+00   3.94860727e+00  -1.68204241e+00 
 -5.08037905e+00   3.99001396e+00  -2.78875475e+00 
 -4.24038147e+00   3.08979069e-01  -2.59062872e+00 
  3.28382958e+00   6.16408274e+00  -9.52144304e+00 
  6.15096623e+00   8.49199518e+00  -1.04861313e+01 
  7.82436993e+00   1.04337163e+00  -9.46539590e-01 
  8.08643458e+00   4.82160331e+00  -1.07075454e+00 
  6.82836679e+00   4.65625900e+00  -4.68042838e+00 
  3.99721699e+00   2.28909869e+00  -3.75004424e+00 
  3.03560234e+00   4.58403526e+00  -8.94413380e-01 
  2.96841117e+00   7.59829854e+00  -3.30007463e+00 
  8.61300999e-01   5.58503038e+00  -5.77564392e+00 
 -1.14376300e+00   5.04770808e+00  -3.00274535e+00 
 -1.94790382e+00   8.51557939e+00  -2.13354512e+00 
 -2.67822925e+00   9.15176813e+00  -5.81760159e+00 
 -5.02998371e+00   6.18171536e+00  -6.25936171e+00 
 -6.99951107e+00   7.23520053e+00  -3.17912297e+00 
 -7.90965201e+00   1.04821972e+01  -4.74171956e+00 
 -1.11296588e+01   5.99136967e+00  -5.47529662e+00 
 -1.28663324e+01   8.72559459e+00  -3.50698966e+00 
 -1.22761922e+01  -8.71596382e-01   1.87278388e+00 
 -9.64769855e+00   9.18544733e-01  -7.46038871e-02 
 -6.91049188e+00  -1.76298275e+00   2.29766929e-01 
 -9.28307197e+00  -4.52837217e+00  -1.03567238e+00 
 -1.05690466e+01  -2.27252305e+00  -3.83089967e+00 
 -7.10261558e+00  -1.30720589e+00  -5.02539283e+00 
 -5.73628427e+00  -4.87614547e+00  -4.85452445e+00 
 -8.70754593e+00  -6.17196925e+00  -6.82665019e+00 
 -8.21121435e+00  -3.50778829e+00  -9.52041394e+00 
 -4.45681884e+00  -4.08395753e+00  -9.61023112e+00 
 -4.80392427e+00  -4.69510968e+00  -1.45812432e+01 
  2.04374958e+00  -7.23836536e+00  -1.07817950e+01 
  9.66439777e-01  -4.17946388e+00  -1.27913724e+01 
  6.50678169e-01  -1.58122230e+00  -1.00262973e+01 
  1.02730530e+00   1.18748422e+00  -1.25464001e+01 
  1.01874709e+01  -7.63093453e+00   1.26744474e+00 
  6.55532277e+00  -8.27587241e+00   2.98641495e-01 
  7.10790904e+00  -1.15099943e+01  -1.63820452e+00 
  4.56171203e+00  -1.36522325e+01   2.24883168e-01 
  1.90990506e+00  -1.09606046e+01  -1.23809146e-01 
  2.78273204e+00  -1.04827062e+01  -3.80646719e+00 
 -1.60573541e+01  -4.67512761e+00  -2.53442409e+00 
 -5.11790402e+00  -1.07633658e+01   1.01783606e+00 
 -6.14367080e+00  -7.26923867e+00   2.11040876e+00 
 -5.65108691e+00  -8.24879002e+00   5.76850697e+00 
 -2.09562978e+00  -9.40086896e+00   5.08291611e+00 
 -1.38649407e+00  -6.07866875e+00   3.35952968e+00 
 -2.94955452e+00  -4.19782451e+00   6.28078631e+00 
 -6.10752788e-01  -5.95996498e+00   8.69867898e+00 
  2.38520835e+00  -5.30431236e+00   6.46707456e+00 
  1.81661037e+00  -1.63943700e+00   5.98711948e+00 
  9.24591986e-01  -1.07723936e+00   9.64884920e+00 
  6.05700188e+00  -6.28623978e-01   7.97624203e+00 
  4.52207485e+00   2.67690702e+00   9.14808474e+00 
  9.10461351e+00   3.76399899e+00   8.70496396e+00 
  1.39755204e+01   1.90301187e+00   7.19652694e+00 
  1.02673672e+01   4.57226124e+00   3.89242406e+00 
  8.16527765e+00   7.65919519e+00   3.23277053e+00 
  4.40798164e+00   7.70515353e+00   3.85745449e+00 
  2.30192774e+00   1.05214968e+01   2.37659529e+00 
 -3.48204143e+00   1.04642436e+01   3.67258933e+00 
 -1.81950541e+00   7.04898249e+00   3.76040588e+00 
 -2.33769272e-01   7.79106238e+00   7.25077306e+00 
 -3.57913911e+00   8.99359879e+00   8.57780253e+00 
 -5.62444097e+00   6.06725016e+00   7.34522537e+00 
 -3.02158815e+00   3.46904512e+00   8.31960320e+00 
 -2.67535202e+00   4.85767599e+00   1.19004793e+01 
 -6.39308458e+00   2.10811349e-01   9.68723018e+00 
 -5.82787779e+00  -6.09304942e-01   1.34121501e+01 

   5.806147748142e+00 

  6.57298623e-01  -3.12433199e+00  -1.80703433e+00 
 -5.45290941e-01  -3.81087502e+00  -2.10734842e+00 
 -1.78007792e+00  -3.13931264e+00  -2.06047551e+00 
 -1.50095417e+00  -1.79314613e+00  -2.20062969e+00 
 -4.17233858e-01  -1.19973349e+00  -1.40136821e+00 
  6.53623784e-01  -1.97682943e+00  -1.12496592e+00 
 -3.02784893e+00  -3.79188028e+00  -2.49770839e+00 
 -4.06779219e+00  -4.05474520e+00  -1.94150986e+00 
  1.97058358e+00  -1.59937856e+00  -8.11271966e-01 
  2.36386807e+00  -2.79387724e-01  -6.60496856e-01 
  2.25671086e+00   4.27027750e-01  -1.67064107e+00 
  3.09463241e+00   6.49033916e-03   5.80931309e-01 
  4.02474924e+00  -1.05993934e+00   6.74882396e-01 
  4.01020891e+00   1.19691205e+00   5.43861813e-01 
  2.08841375e+00   4.29168551e-02   1.69767231e+00 
  7.31069847e-01   4.95767551e-02   1.38419825e+00 
 -3.46516611e-01  -6.25317861e-01   1.89612290e+00 
 -5.88049919e-01  -1.99479317e+00   1.85914742e+00 
 -1.86015827e+00  -2.29324177e+00   1.29042867e+00 
 -3.01077875e+00  -1.76613651e+00   1.77129370e+00 
 -2.74385910e+00  -7.02009940e-01   2.53944313e+00 
 -1.44371556e+00  -8.45415278e-02   2.58600532e+00 
 -4.36278084e+00  -2.14146489e+00   1.46265718e+00 
 -5.12241117e+00  -2.65095716e+00   7.29221978e-01 
 -3.21077941e+00  -5.47828198e-01  -1.76424556e+00 
 -8.97107900e-01  -1.20369062e+01  -3.02130145e+00 
  5.74656556e-01  -1.54717153e+01  -2.24266925e+00 
  7.79441300e+00  -5.72068100e+00  -8.00958664e-01 
  6.85090021e+00  -8.36155671e+00   1.74751165e+00 
  4.46015752e+00  -9.82758789e+00  -8.55356081e-01 
  3.01911519e+00  -6.40493932e+00  -1.68802984e+00 
  2.54206720e+00  -5.72240771e+00   2.00691806e+00 
  6.94446394e-01  -9.08298938e+00   2.41958260e+00 
 -1.47284644e+00  -8.27375538e+00  -6.25017110e-01 
 -2.05293633e+00  -5.31798700e+00   1.08521457e+00 
 -3.47521580e+00  -6.65982462e+00   4.18438799e+00 
 -5.66835261e+00  -8.93737780e+00   2.05993844e+00 
 -7.01417835e+00  -6.17403315e+00  -1.98333874e-01 
 -7.92455269e+00  -4.07917622e+00   2.84461416e+00 
 -1.02721698e+01  -6.68726028e+00   4.06921356e+00 
 -1.20357088e+01  -2.70662977e+00   5.88032467e-01 
 -1.36536859e+01  -2.47531651e+00   4.00781284e+00 
 -8.28175894e+00   6.67954200e+00   1.05361747e+00 
 -7.22230760e+00   3.11528851e+00   7.71547584e-01 
 -3.90031278e+00   3.74202559e+00  -1.05795581e+00 
 -5.62975073e+00   5.88867318e+00  -3.75588094e+00 
 -8.46731889e+00   3.35897053e+00  -4.07944404e+00 
 -6.14611551e+00   3.84930723e-01  -4.45613653e+00 
 -3.81483303e+00   2.15124191e+00  -6.92162914e+00 
 -6.77094141e+00   3.20580355e+00  -9.05380129e+00 
 -8.12449155e+00  -3.66787929e-01  -9.12493898e+00 
 -4.68161227e+00  -1.81706216e+00  -9.81690045e+00 
 -6.64026417e+00  -4.24081639e+00  -1.37531485e+01 
  1.54844332e+00  -3.54323265e+00  -1.32501181e+01 
 -1.05517891e+00  -6.21911157e+00  -1.24648162e+01 
 -1.08786970e+00  -6.09131691e+00  -8.65971369e+00 
 -2.51384798e+00  -9.57090024e+00  -8.52709533e+00 
  1.32819471e+01   1.02753385e-01  -5.45972904e+00 
  9.92037387e+00   1.64981811e+00  -6.38354761e+00 
  1.06572146e+01   2.31849061e+00  -1.00613474e+01 
  9.74420115e+00   6.02104598e+00  -1.00911752e+01 
  6.47797757e+00   5.32094997e+00  -8.29112614e+00 
  5.74345227e+00   2.39124081e+00  -1.06212465e+01 
 -1.21009713e+01   8.27612369e+00  -4.51882010e+00 
  6.55964482e-01   9.18958982e+00  -6.92359312e+00 
 -8.86706751e-01   8.06921345e+00  -3.63425286e+00 
  1.19016006e+00   1.06652133e+01  -1.75509044e+00 
  4.40994028e+00   9.32358946e+00  -3.26229215e+00 
  3.40550507e+00   5.80747540e+00  -2.19552116e+00 
  2.54705721e+00   7.08049520e+00   1.29116224e+00 
  6.02437242e+00   8.56854472e+00   1.63075776e+00 
  7.64103637e+00   5.39415657e+00   3.28690463e-01 
  5.86899698e+00   3.00451506e+00   2.59462555e+00 
  6.26830789e+00   5.25821925e+00   5.64116388e+00 
  1.00333681e+01   1.54646692e+00   4.46314926e+00 
  8.12821136e+00   8.35485461e-01   7.70670206e+00 
  1.16727270e+01  -2.29235519e+00   7.88222163e+00 
  1.59579820e+01  -4.28909045e+00   5.21500814e+00 
  1.06774501e+01  -6.25016062e+00   4.96485564e+00 
  7.66211654e+00  -7.65141927e+00   6.78895042e+00 
  4.57253335e+00  -5.53605926e+00   7.48848115e+00 
  1.33126134e+00  -7.25319210e+00   8.54005463e+00 
 -3.26313739e+00  -3.71344882e+00   9.76434856e+00 
 -7.47746512e-01  -2.23588893e+00   7.33013993e+00 
  1.71507073e+00  -1.36871956e+00   1.02336642e+01 
 -1.09802361e+00   2.26138006e-01   1.22189929e+01 
 -2.47924467e+00   2.34237241e+00   9.41189422e+00 
  9.47052169e-01   3.38052062e+00   8.12439172e+00 
  2.15941722e+00   4.46795640e+00   1.16198893e+01 
 -5.41952563e-01   7.89622799e+00   7.00871661e+00 
  1.57588959e+00   1.03950164e+01   9.04289427e+00 

   5.806147748142e+00 

 -3.93475905e-01  -1.08413136e+00  -2.08312979e+00 
 -1.40595145e+00  -8.25091866e-01  -3.03997009e+00 
 -2.33638972e+00   2.08584413e-01  -2.83094867e+00 
 -1.75418812e+00   1.08658689e+00  -1.93659389e+00 
 -1.10621651e+00   5.52675311e-01  -7.28091339e-01 
 -4.94850422e-01  -6.48909876e-01  -8.25235355e-01 
 -3.31299317e+00   5.86178141e-01  -3.86903263e+00 
 -4.52052785e+00   6.03760274e-01  -3.90760222e+00 
  5.44295456e-01  -1.18496848e+00  -4.54448830e-02 
  1.07512402e+00  -5.35551922e-01   1.05739726e+00 
  1.62513038e+00   5.47892348e-01   8.23862803e-01 
  1.14406402e+00  -1.35100997e+00   2.27688984e+00 
  1.66615448e+00  -2.58886905e+00   1.82264011e+00 
  2.18264199e+00  -9.41407475e-01   3.28204650e+00 
 -2.48177223e-01  -1.44129674e+00   2.83762682e+00 
 -1.24256475e+00  -6.18736375e-01   2.31295482e+00 
 -2.54507991e+00  -8.46132253e-01   1.95172420e+00 
 -3.01338669e+00  -1.66356996e+00   9.28175233e-01 
 -3.87323151e+00  -9.57548645e-01   3.76849075e-02 
 -4.97494448e+00  -2.96953603e-01   4.65284415e-01 
 -4.90653780e+00  -9.54289401e-02   1.78754511e+00 
 -3.70123416e+00  -3.13467752e-01   2.54485001e+00 
 -6.04580929e+00   2.54660829e-01  -3.17663611e-01 
 -6.43432790e+00   6.56499836e-01  -1.34825883e+00 
 -3.15981799e+00   2.53859974e+00  -1.17461386e+00 
 -2.94897015e+00  -5.89138345e+00  -9.41009228e+00 
 -2.79143785e+00  -9.40308233e+00  -1.08978513e+01 
  4.62285723e+00  -6.84784426e+00  -1.52848262e+00 
  2.03054387e+00  -9.59729076e+00  -1.81061251e+00 
  9.80523698e-01  -8.07931668e+00  -5.16218390e+00 
  8.73005856e-01  -4.56187552e+00  -3.71286707e+00 
 -1.20238250e+00  -5.83576741e+00  -8.11828155e-01 
 -3.66115726e+00  -7.50997375e+00  -3.26722295e+00 
 -3.83699249e+00  -4.27944849e+00  -5.30545595e+00 
 -4.55847292e+00  -2.86009294e+00  -2.22927988e+00 
 -7.55888600e+00  -4.77100521e+00  -1.34938294e+00 
 -8.84320841e+00  -4.16838744e+00  -4.88459880e+00 
 -8.30673311e+00  -3.92419152e-01  -4.84755519e+00 
 -1.01386517e+01  -1.27096573e-01  -1.52333830e+00 
 -1.32641051e+01  -1.47269449e+00  -3.01798173e+00 
 -1.22311288e+01   4.00481329e+00  -3.08106399e+00 
 -1.52306667e+01   3.11071397e+00  -9.43398885e-01 
 -7.34831866e+00   8.48867051e+00   4.56500157e+00 
 -7.04646571e+00   5.65202712e+00   2.16328499e+00 
 -3.20706940e+00   5.47592634e+00   2.10365195e+00 
 -2.90680811e+00   9.24180784e+00   1.32530032e+00 
 -5.67187440e+00   9.01392639e+00  -1.29354677e+00 
 -4.13360735e+00   6.03422326e+00  -3.06269880e+00 
 -5.86762152e-01   7.46597083e+00  -3.00460385e+00 
 -1.82753972e+00   1.07567687e+01  -4.42866692e+00 
 -3.67430560e+00   8.95728140e+00  -7.24857290e+00 
 -7.17887421e-01   6.66928505e+00  -7.92694449e+00 
 -9.45278020e-01   8.02742368e+00  -1.27548533e+01 
  5.88630894e+00   4.32120776e+00  -1.00367701e+01 
  2.74551877e+00   3.28615054e+00  -1.19393919e+01 
  8.78233471e-01   1.35445956e+00  -9.24161119e+00 
 -1.11063957e+00  -4.54655206e-01  -1.18740985e+01 
  1.27532360e+01  -2.93117349e+00   5.41829361e-01 
  1.06779251e+01   2.49899624e-01   1.94146379e-01 
  1.32430452e+01   2.33037973e+00  -1.70533516e+00 
  1.32466175e+01   5.36002304e+00   6.10835861e-01 
  9.45379473e+00   5.47412621e+00   6.12618007e-01 
  9.37132230e+00   5.03433799e+00  -3.17578123e+00 
 -7.52145084e+00   1.44110848e+01   9.48020649e-01 
  4.64910897e+00   1.02229776e+01   2.86999767e+00 
  1.49907504e+00   8.42206608e+00   4.00526909e+00 
  2.87076406e+00   8.22799004e+00   7.56401127e+00 
  6.06038286e+00   6.55873100e+00   6.34807446e+00 
  3.96289713e+00   4.02237133e+00   4.43042441e+00 
  1.78819078e+00   3.45350128e+00   7.50638156e+00 
  4.87275475e+00   2.64154972e+00   9.56733701e+00 
  6.22691315e+00   3.55123150e-01   6.86100549e+00 
  3.12321700e+00  -1.67144333e+00   6.36595959e+00 
  2.43135159e+00  -1.92485574e+00   1.01045599e+01 
  5.43345169e+00  -5.68067147e+00   7.61021725e+00 
  2.08316734e+00  -6.99857949e+00   8.91193333e+00 
  4.35495879e+00  -1.09667851e+01   7.69945941e+00 
  8.88086818e+00  -1.29814840e+01   5.48100901e+00 
  4.12800997e+00  -1.16827910e+01   2.73945396e+00 
  3.91535842e-01  -1.21896221e+01   2.33329182e+00 
 -2.13250078e+00  -9.61212074e+00   3.55613338e+00 
 -5.74651146e+00  -9.81711156e+00   2.34902867e+00 
 -9.50904341e+00  -5.80849442e+00   4.56522354e+00 
 -5.88106224e+00  -4.68259829e+00   4.48869402e+00 
 -5.04070834e+00  -6.81269576e+00   7.65166648e+00 
 -8.06825525e+00  -5.41789968e+00   9.46470371e+00 
 -7.42582887e+00  -1.78155433e+00   8.67078725e+00 
 -3.67919906e+00  -2.01139236e+00   9.29116132e+00 
 -4.14274546e+00  -3.70604108e+00   1.27239647e+01 
 -3.46356264e+00   2.44105080e+00   1.12868391e+01 
 -2.15319820e+00   2.07674964e+00   1.48947897e+01 

   5.806147748142e+00 

 -4.35337716e-01   8.94651421e-01  -1.97191225e+00 
 -1.74812937e+00   3.86918120e-01  -2.13481252e+00 
 -2.75870216e+00   7.15414877e-01  -1.21355007e+00 
 -2.36004536e+00   1.88398139e+00  -5.92870935e-01 
 -9.79028603e-01   1.99621658e+00  -9.72872507e-02 
 -1.01988772e-02   1.36483939e+00  -7.97104521e-01 
 -4.15998638e+00   3.12414500e-01  -1.43250858e+00 
 -4.93542389e+00  -3.72479962e-01  -8.08366760e-01 
  1.36675540e+00   1.63954686e+00  -8.58658359e-01 
  1.97676304e+00   2.62371175e+00  -9.76775604e-02 
  1.59714068e+00   3.78028251e+00  -3.19325360e-01 
  3.15926370e+00   2.17787856e+00   6.50528062e-01 
  3.88760948e+00   1.41558223e+00  -2.97961841e-01 
  4.15527255e+00   3.24655524e+00   1.00074918e+00 
  2.67235767e+00   1.38447548e+00   1.83135295e+00 
  1.31495297e+00   1.40248561e+00   2.14411633e+00 
  4.27852324e-01   4.19975424e-01   2.49974022e+00 
 -7.49683461e-03  -6.52564091e-01   1.72818449e+00 
 -1.42923469e+00  -7.02855902e-01   1.64509154e+00 
 -2.21859076e+00  -7.42718340e-01   2.74433064e+00 
 -1.52587633e+00  -3.54354502e-01   3.82274858e+00 
 -2.30996191e-01   2.69046178e-01   3.73074036e+00 
 -3.62528556e+00  -1.02354845e+00   2.82421641e+00 
 -4.67310132e+00  -1.06813690e+00   2.30015362e+00 
 -3.57141889e+00   2.35485412e+00   1.13212276e+00 
 -3.62410592e+00  -5.48327586e+00  -7.67089493e+00 
 -2.48747046e+00  -8.43423211e+00  -9.80869504e+00 
  6.08149859e+00  -7.92949454e-01  -5.62902392e+00 
  5.80550524e+00  -4.53873215e+00  -5.12694675e+00 
  2.41554069e+00  -4.39085221e+00  -6.89502209e+00 
  1.28454183e+00  -1.41196115e+00  -4.81379135e+00 
  2.35900249e+00  -3.22189667e+00  -1.66486584e+00 
  3.37456222e-01  -6.33065724e+00  -2.72621508e+00 
 -2.68349141e+00  -4.11446544e+00  -3.49039738e+00 
 -2.12698910e+00  -2.95039074e+00  -2.75868072e-01 
 -2.43933702e+00  -6.09050655e+00   1.58703141e+00 
 -5.58541608e+00  -6.84118707e+00  -4.25193404e-01 
 -7.27010773e+00  -3.48320260e+00   2.32734280e-01 
 -6.63279463e+00  -3.85248969e+00   3.96558825e+00 
 -8.69054041e+00  -6.94367442e+00   4.11826860e+00 
 -1.10445518e+01  -1.94265316e+00   4.84112939e+00 
 -1.11825084e+01  -4.08492250e+00   7.96489371e+00 
 -6.06457738e+00   5.55639558e+00   9.46425085e+00 
 -5.72791664e+00   3.10367805e+00   6.67557020e+00 
 -3.30222376e+00   5.15868715e+00   4.51490288e+00 
 -5.59518905e+00   8.25779611e+00   4.64014412e+00 
 -8.67927638e+00   6.11621695e+00   3.96344209e+00 
 -7.14063705e+00   4.34762518e+00   9.83598580e-01 
 -5.69467474e+00   7.54762241e+00  -5.33832722e-01 
 -9.05143743e+00   9.28735431e+00  -2.13969876e-01 
 -1.08377457e+01   6.37769237e+00  -1.92964426e+00 
 -8.17226605e+00   6.13535585e+00  -4.62631166e+00 
 -1.18170478e+01   6.41857177e+00  -8.06728604e+00 
 -4.04941592e+00   7.73793551e+00  -1.04584713e+01 
 -6.51835363e+00   4.83076469e+00  -1.05511012e+01 
 -5.07766369e+00   2.58129698e+00  -7.83807476e+00 
 -6.83869525e+00  -3.91310623e-01  -9.32833439e+00 
  1.01660931e+01   7.32745956e+00  -7.39101299e+00 
  6.97253020e+00   8.65123270e+00  -5.77986259e+00 
  6.33983919e+00   1.15341634e+01  -8.18915319e+00 
  6.03810370e+00   1.43058690e+01  -5.58723023e+00 
  3.64131588e+00   1.22194602e+01  -3.51338502e+00 
  1.65234129e+00   1.12829162e+01  -6.63092401e+00 
 -1.14421629e+01   9.72186347e+00   8.07934385e+00 
 -5.83118514e-01   1.36071366e+01   2.05086386e+00 
 -9.00313374e-01   1.05058054e+01   4.22709217e+00 
  2.09275974e+00   1.16394014e+01   6.31043464e+00 
  4.25951540e+00   1.19540591e+01   3.20483379e+00 
  3.23426205e+00   8.43354621e+00   2.17294565e+00 
  3.96776109e+00   7.15970809e+00   5.68774136e+00 
  7.48909250e+00   8.56766384e+00   5.48969265e+00 
  8.00229256e+00   7.12007043e+00   2.02172196e+00 
  6.89918567e+00   3.63336153e+00   2.80337930e+00 
  8.75644409e+00   3.55915189e+00   6.12980556e+00 
  1.11989139e+01   1.90329588e+00   1.58745113e+00 
  1.05934569e+01  -9.00126251e-01   4.12319513e+00 
  1.34366891e+01  -2.96585680e+00   9.56718581e-01 
  1.60372035e+01  -2.30360250e+00  -3.76166390e+00 
  1.08349339e+01  -4.37342785e+00  -3.09487840e+00 
  8.57348347e+00  -6.98569711e+00  -1.53123667e+00 
  6.33084893e+00  -6.18473484e+00   1.44175261e+00 
  3.52213390e+00  -8.59630023e+00   2.36677610e+00 
  3.15204104e-01  -7.21266162e+00   7.15617306e+00 
  1.89878921e+00  -4.23166554e+00   5.41213557e+00 
  5.38143289e+00  -5.02015435e+00   6.99244665e+00 
  3.80539367e+00  -5.37876272e+00   1.04255357e+01 
  1.78411519e+00  -2.18975068e+00   1.03222982e+01 
  4.57211782e+00  -1.35404087e-01   8.74698055e+00 
  7.17169411e+00  -1.28369473e+00   1.13536029e+01 
  3.44964604e+00   3.86010749e+00   1.13217472e+01 
  6.52500518e+00   4.82816709e+00   1.34364823e+01 

   5.806147748142e+00 

 -3.64219107e+00  -1.33997389e-01   7.11117685e-01 
 -4.07144287e+00   1.18798585e+00   9.86535090e-01 
 -3.19481270e+00   2.27337388e+00   8.09491682e-01 
 -2.22268227e+00   1.85276053e+00  -7.80692129e-02 
 -1.58699038e+00   5.41259802e-01   1.25078185e-01 
 -2.34616182e+00  -4.47479564e-01   6.47634978e-01 
 -3.65496327e+00   3.66621046e+00   9.58546451e-01 
 -3.33680498e+00   4.57314872e+00   1.69078621e+00 
 -2.19284245e+00  -1.84025979e+00   5.38490274e-01 
 -1.12146476e+00  -2.43521666e+00  -1.08006287e-01 
 -1.02791612e+00  -2.19272718e+00  -1.31769398e+00 
 -4.28695968e-01  -3.46821630e+00   6.72935348e-01 
 -1.48575694e+00  -4.23910564e+00   1.22026349e+00 
  3.13667200e-01  -4.50417049e+00  -1.22334514e-01 
  4.14349277e-01  -2.76593089e+00   1.70103226e+00 
  5.87939579e-01  -1.38704306e+00   1.60497200e+00 
  5.52523985e-01  -3.76973027e-01   2.53084804e+00 
 -5.38307480e-01   5.20909348e-02   3.27995348e+00 
 -7.67381901e-01   1.45051370e+00   3.12925211e+00 
  1.91112792e-01   2.37319535e+00   3.38014076e+00 
  1.39685020e+00   1.79056562e+00   3.40026340e+00 
  1.61603965e+00   4.43520391e-01   2.94066180e+00 
  5.05946726e-02   3.79823031e+00   3.49662067e+00 
 -5.60569178e-01   4.77087265e+00   3.26211388e+00 
 -5.58937615e-01   3.22553405e+00  -1.88508343e-01 
 -1.12423535e+01   2.86926675e+00   4.77836964e+00 
 -1.40357846e+01   1.74188379e+00   7.12272933e+00 
 -6.99670804e+00  -6.88267562e+00   2.08740833e+00 
 -7.64809298e+00  -6.20824493e+00   5.75891793e+00 
 -9.60841224e+00  -3.09706144e+00   4.70179723e+00 
 -6.86001686e+00  -1.98493922e+00   2.31559129e+00 
 -4.29608733e+00  -2.48374394e+00   5.05849548e+00 
 -6.41276329e+00  -3.40722041e-01   7.46777832e+00 
 -6.77451240e+00   2.34647922e+00   4.77154164e+00 
 -3.32206516e+00   2.09915648e+00   4.63962156e+00 
 -2.50455477e+00   2.92732520e+00   8.11440159e+00 
 -4.93833985e+00   5.84776372e+00   7.87333633e+00 
 -3.48452226e+00   7.29218569e+00   4.65663397e+00 
  1.71653037e-02   7.16916765e+00   6.13980303e+00 
 -9.43299072e-01   9.50025688e+00   8.87047752e+00 
  9.92224055e-01   1.14657481e+01   4.02643938e+00 
  3.31906294e+00   1.21914011e+01   6.92911091e+00 
  8.06970259e+00   6.45551009e+00  -1.19045068e+00 
  4.72787035e+00   5.99086779e+00   3.97682907e-01 
  3.50884200e+00   3.13531529e+00  -1.86844186e+00 
  4.32203399e+00   5.13644455e+00  -5.06407200e+00 
  2.75474810e+00   8.29050802e+00  -3.59731361e+00 
 -4.53149230e-01   6.55253887e+00  -2.56597801e+00 
 -8.16666611e-01   4.64295451e+00  -5.86062970e+00 
 -3.19736613e-01   7.84231047e+00  -7.83901721e+00 
 -2.97765937e+00   9.65204155e+00  -5.77482525e+00 
 -5.35981440e+00   6.69907345e+00  -5.97691582e+00 
 -8.89538258e+00   9.83768817e+00  -7.66623685e+00 
 -1.00419682e+01   1.74247093e+00  -8.63957757e+00 
 -1.12206633e+01   4.43203364e+00  -6.20384233e+00 
 -9.16578911e+00   3.55588449e+00  -3.12065251e+00 
 -1.16254772e+01   5.37490384e+00  -9.29852425e-01 
 -5.89343364e+00  -1.18739405e+01  -5.63267076e+00 
 -4.27546606e+00  -8.63455573e+00  -6.83083277e+00 
 -5.77817431e+00  -8.57524479e+00  -1.03314925e+01 
 -2.51672197e+00  -8.19757342e+00  -1.22715163e+01 
 -1.38674989e+00  -5.37874512e+00  -9.99645645e+00 
 -4.81626485e+00  -3.72464856e+00  -1.02300712e+01 
  7.46725571e+00   1.12159780e+01  -6.20667627e+00 
  3.91115862e+00  -6.25706044e-01  -1.02669048e+01 
  5.03758442e+00   2.43468137e-01  -6.74120792e+00 
  7.63715501e+00  -2.55138152e+00  -6.86323405e+00 
  4.98263214e+00  -5.11382332e+00  -7.77207756e+00 
  2.86755197e+00  -3.91404983e+00  -4.84002573e+00 
  5.90477078e+00  -4.07806460e+00  -2.54593020e+00 
  6.46586465e+00  -7.70870339e+00  -3.50768548e+00 
  2.79071646e+00  -8.52458245e+00  -3.04578845e+00 
  2.40277186e+00  -7.02106291e+00   3.56255039e-01 
  5.72088014e+00  -8.42732177e+00   1.59424575e+00 
  1.14628029e+00  -1.12663573e+01   2.18873314e+00 
  2.67485470e+00  -1.00937534e+01   5.49693685e+00 
 -6.73875504e-01  -1.31172545e+01   6.91898911e+00 
 -4.71849320e+00  -1.63439930e+01   5.27776527e+00 
 -5.18857648e+00  -1.09337260e+01   6.79447935e+00 
 -4.68569577e+00  -8.26578909e+00   9.44255564e+00 
 -1.83611326e+00  -5.74591709e+00   9.24320651e+00 
 -1.93351187e+00  -2.63645604e+00   1.14527227e+01 
  2.72316029e+00   1.01361639e+00   1.10927873e+01 
  2.09278062e+00  -1.04086901e+00   7.95950508e+00 
  3.69479756e+00  -4.20957261e+00   9.58454782e+00 
  6.70400493e+00  -2.18516864e+00   1.07003704e+01 
  7.35223442e+00  -4.89495082e-01   7.38819402e+00 
  6.72411697e+00  -3.62868184e+00   5.33249478e+00 
  9.11218804e+00  -5.76249600e+00   7.48070388e+00 
  1.02418962e+01  -2.55419660e+00   2.11936707e+00 
  1.28304217e+01  -5.41140631e+00   2.17382888e+00 

   5.806147748142e+00 

 -2.61880150e+00   1.41412473e+00  -3.91911415e+00 
 -1.97762755e+00   2.09845352e+00  -4.98134840e+00 
 -6.38442628e-01   2.51001824e+00  -4.85850619e+00 
 -3.72274698e-01   2.58295901e+00  -3.50441911e+00 
 -7.84188677e-01   1.47107913e+00  -2.63295069e+00 
 -1.91945229e+00   8.11787214e-01  -2.95470078e+00 
  9.36386019e-03   3.33935400e+00  -5.89122036e+00 
  9.70959875e-01   3.17790261e+00  -6.60480519e+00 
 -2.77963901e+00   6.53795414e-02  -2.13116539e+00 
 -2.52418982e+00  -1.74820372e-01  -7.90706014e-01 
 -2.48120936e+00   8.28886659e-01  -6.84721919e-02 
 -2.61448089e+00  -1.58502824e+00  -3.90646037e-01 
 -3.80920068e+00  -2.03270525e+00  -1.00987642e+00 
 -2.91836275e+00  -1.83754234e+00   1.05871616e+00 
 -1.37240267e+00  -2.27370293e+00  -8.84490362e-01 
 -3.20880722e-01  -1.50177673e+00  -1.37349377e+00 
  4.89585066e-01  -1.62086876e+00  -2.47244985e+00 
  1.22911128e-01  -1.54208692e+00  -3.81204374e+00 
  8.92262270e-01  -5.70600374e-01  -4.51566646e+00 
  2.24557051e+00  -5.98947988e-01  -4.54308631e+00 
  2.70963007e+00  -1.37968953e+00  -3.55883209e+00 
  1.87276053e+00  -1.86313844e+00  -2.49124836e+00 
  3.13808458e+00   1.55146980e-01  -5.37902707e+00 
  3.33086184e+00   1.09371064e+00  -6.05466232e+00 
  1.73480876e+00   2.81484016e+00  -3.09067928e+00 
 -5.34452996e+00   2.83132105e+00  -1.25148434e+01 
 -7.73897278e+00   1.48146758e+00  -1.51633923e+01 
 -9.40849661e+00  -2.12069800e+00  -3.60816949e+00 
 -8.83641365e+00  -4.25066293e+00  -6.68958351e+00 
 -8.27171558e+00  -1.01714874e+00  -8.65562537e+00 
 -5.92635884e+00   3.72055924e-01  -5.99971047e+00 
 -4.01050611e+00  -2.89529230e+00  -6.00254064e+00 
 -3.67623369e+00  -2.73038566e+00  -9.84162537e+00 
 -2.51895562e+00   9.05552136e-01  -9.59208767e+00 
 -2.48264825e-01  -4.01151813e-01  -7.32615486e+00 
  1.44496735e+00  -2.83856154e+00  -9.47563888e+00 
  1.66964672e+00  -1.46453581e-01  -1.21612407e+01 
  3.18951298e+00   2.52285053e+00  -9.90028152e+00 
  5.83329861e+00   6.03321329e-02  -8.70732702e+00 
  7.17051648e+00  -3.35399980e-01  -1.21523664e+01 
  9.13505506e+00   3.66137689e+00  -8.79968484e+00 
  1.17442274e+01   1.04013655e+00  -9.62888476e+00 
  9.93585862e+00   2.18315126e+00   1.17942794e+00 
  7.48528989e+00   1.96687832e+00  -1.62304282e+00 
  4.30895789e+00   2.52561865e+00   4.68429349e-01 
  5.75623325e+00   5.72293652e+00   2.06855558e+00 
  7.02572490e+00   6.95030042e+00  -1.31343354e+00 
  3.71270917e+00   6.39535072e+00  -3.07148722e+00 
  1.63179261e+00   7.93229499e+00  -2.53513545e-01 
  3.86368246e+00   1.10002576e+01  -1.97762854e-01 
  3.53026556e+00   1.14371478e+01  -3.97910237e+00 
 -2.18274806e-01   1.08271969e+01  -3.86988370e+00 
 -8.56494160e-01   1.51268685e+01  -6.38194463e+00 
 -7.36146243e+00   1.17903191e+01  -2.59414595e+00 
 -5.98085740e+00   1.18936956e+01  -6.14929981e+00 
 -4.63250997e+00   8.35007110e+00  -6.49699166e+00 
 -4.79846566e+00   8.62470099e+00  -1.02460634e+01 
 -1.32445089e+01   4.76248688e-01   4.40871506e+00 
 -1.00640903e+01   2.57169393e+00   4.61137557e+00 
 -1.16428582e+01   5.77182144e+00   5.94664490e+00 
 -9.36416719e+00   6.23232653e+00   8.96970654e+00 
 -6.27501489e+00   5.67927941e+00   6.83667949e+00 
 -7.62469942e+00   8.03002008e+00   4.15254945e+00 
  1.19758281e+01   8.78934277e+00   1.79932693e+00 
  7.08337870e-01   6.56843972e+00   7.92043934e+00 
  2.65774104e+00   4.00223075e+00   5.90320461e+00 
  2.58020932e+00   1.59005763e+00   8.86280794e+00 
 -1.20611996e+00   1.82451599e+00   9.08037635e+00 
 -1.43379279e+00   1.07571151e+00   5.35245395e+00 
  9.77977569e-01  -1.84472310e+00   5.76342677e+00 
 -1.25536497e+00  -3.34377504e+00   8.44416584e+00 
 -4.36007439e+00  -2.79081428e+00   6.33686056e+00 
 -3.07554167e+00  -4.35691046e+00   3.19324952e+00 
 -1.47845072e+00  -7.27976448e+00   5.04426342e+00 
 -6.58680070e+00  -7.61631638e+00   3.27451906e+00 
 -4.17738771e+00  -9.99966287e+00   1.49403035e+00 
 -8.40858686e+00  -1.15069817e+01   9.87091800e-03 
 -1.37545623e+01  -1.05827692e+01   1.85276086e-01 
 -1.01525490e+01  -8.54579868e+00  -3.64468996e+00 
 -7.55505188e+00  -9.23075535e+00  -6.32180168e+00 
 -3.83241651e+00  -8.73254873e+00  -5.68667055e+00 
 -1.42951835e+00  -8.62474619e+00  -8.64887500e+00 
  4.32863644e+00  -8.04424170e+00  -7.36674952e+00 
  1.98373216e+00  -6.61010012e+00  -4.74369633e+00 
  1.21331565e+00  -1.01681418e+01  -3.33135692e+00 
  4.91694322e+00  -1.09856033e+01  -3.21516818e+00 
  6.01953232e+00  -7.80984671e+00  -1.49328268e+00 
  3.10334718e+00  -7.78251650e+00   9.50084200e-01 
  3.68272302e+00  -1.14468075e+01   2.00276823e+00 
  5.84175050e+00  -6.07901927e+00   4.61787965e+00 
  5.74135366e+00  -8.65353346e+00   7.48648120e+00 

   5.806147748142e+00 

  2.71667455e+00  -3.64408401e-01   1.33302861e+00 
  3.90834686e+00  -1.11596597e+00   1.18193307e+00 
  3.86728002e+00  -2.52166025e+00   1.16679756e+00 
  2.69499937e+00  -2.88749886e+00   1.80054649e+00 
  1.44246442e+00  -2.20520051e+00   1.43856253e+00 
  1.51839971e+00  -9.00987781e-01   1.09175510e+00 
  5.10202151e+00  -3.32724108e+00   1.14673247e+00 
  5.55301376e+00  -4.13855710e+00   3.73228070e-01 
  5.26641604e-01   9.34823575e-02   1.14372787e+00 
 -7.82719356e-01  -1.62469182e-01   1.51768551e+00 
 -9.36083859e-01  -5.68396278e-01   2.67639140e+00 
 -1.79844544e+00   3.41201015e-01   5.84141966e-01 
 -1.35581936e+00   1.65487139e+00   2.84861739e-01 
 -3.15395404e+00   6.11241926e-01   1.17272727e+00 
 -1.81916483e+00  -5.83953627e-01  -6.01004832e-01 
 -1.12572222e+00  -1.79003301e+00  -5.28875201e-01 
 -3.03484235e-01  -2.44580432e+00  -1.40786943e+00 
  9.38677653e-01  -2.03369149e+00  -1.87942536e+00 
  1.94255583e+00  -3.02126756e+00  -1.66103499e+00 
  1.82043070e+00  -4.29140824e+00  -2.11361284e+00 
  5.42410631e-01  -4.55030983e+00  -2.41906281e+00 
 -5.38537265e-01  -3.67727985e+00  -2.04067304e+00 
  2.82352856e+00  -5.31807018e+00  -2.17523668e+00 
  3.84365634e+00  -5.75139806e+00  -1.79298797e+00 
  2.23893826e+00  -4.98283831e+00   1.54303715e+00 
  1.11604752e+01   2.34521663e+00  -8.31403332e-01 
  1.30585008e+01   5.21537785e+00  -2.48365809e+00 
  1.41658378e+00   7.15686134e+00   6.75850228e-01 
  3.02810251e+00   7.49441553e+00  -2.73709665e+00 
  6.23689606e+00   6.07138660e+00  -1.21445055e+00 
  4.35610180e+00   3.23477253e+00   4.88695161e-01 
  2.60575036e+00   2.45274981e+00  -2.77791998e+00 
  6.00087189e+00   2.34199094e+00  -4.60504507e+00 
  7.41180034e+00   8.23613207e-02  -1.86187898e+00 
  4.58696206e+00  -1.80657831e+00  -2.53281801e+00 
  5.12852992e+00  -2.49573144e+00  -6.09091514e+00 
  8.73890530e+00  -3.37776307e+00  -5.25569464e+00 
  7.89669080e+00  -5.81052617e+00  -2.44154238e+00 
  5.41757567e+00  -7.61581356e+00  -4.69357819e+00 
  8.10221552e+00  -8.52538739e+00  -7.09741601e+00 
  6.90012038e+00  -1.18712655e+01  -2.80391189e+00 
  6.11228174e+00  -1.34579712e+01  -6.15472207e+00 
 -2.59123153e+00  -1.28325108e+01   5.72384254e-01 
 -1.03794683e-02  -1.02566513e+01  -2.08675145e-01 
 -1.25619429e+00  -7.56692062e+00   2.23853268e+00 
 -1.26190153e+00  -1.00532608e+01   5.18741916e+00 
  2.15194838e+00  -1.14152103e+01   4.16438249e+00 
  3.74392066e+00  -7.98624631e+00   3.87693573e+00 
  2.22578759e+00  -6.69082678e+00   7.14045334e+00 
  3.42847181e+00  -9.77533395e+00   8.99415270e+00 
  6.96887581e+00  -9.34382799e+00   7.62305442e+00 
  6.94830412e+00  -5.61060620e+00   8.32885587e+00 
  1.12618995e+01  -6.19488430e+00   1.08301484e+01 
  6.99606262e+00   7.60945437e-01   1.19318115e+01 
  1.00116176e+01  -3.39822360e-01   9.87010976e+00 
  8.48528113e+00  -4.74352677e-01   6.38465377e+00 
  1.19034123e+01  -1.52307992e-01   4.84479393e+00 
 -3.95695784e+00   9.43001960e+00   7.86524257e+00 
 -3.44117185e+00   5.74477999e+00   8.70190172e+00 
 -2.91830640e+00   6.13952805e+00   1.24551742e+01 
 -5.55775184e+00   3.63446795e+00   1.35959639e+01 
 -4.26442797e+00   1.02824666e+00   1.11600962e+01 
 -6.64775888e-01   1.74401171e+00   1.22004660e+01 
 -1.66802982e-01  -1.68898898e+01   5.65641200e+00 
 -5.46735767e+00  -5.93496709e+00   1.02662441e+01 
 -5.12792937e+00  -6.83481777e+00   6.58794361e+00 
 -8.85761056e+00  -6.19880189e+00   6.06948032e+00 
 -8.56446422e+00  -2.70357956e+00   7.53101453e+00 
 -5.64903943e+00  -2.00154322e+00   5.18210164e+00 
 -7.64269597e+00  -3.39021990e+00   2.24758568e+00 
 -1.04806602e+01  -9.83157915e-01   3.00478394e+00 
 -8.07365569e+00   1.92242708e+00   3.39160027e+00 
 -6.20748390e+00   1.41185453e+00   1.91336146e-01 
 -9.37870757e+00   6.98392661e-01  -1.79721613e+00 
 -7.49618040e+00   5.75852733e+00  -1.35945996e+00 
 -7.32068780e+00   4.34966845e+00  -4.91474764e+00 
 -6.33401458e+00   8.92989053e+00  -5.56730203e+00 
 -5.52098786e+00   1.36864868e+01  -3.08170979e+00 
 -1.55681647e+00   9.89132593e+00  -4.37572981e+00 
  1.96042570e-01   7.82861353e+00  -7.03200296e+00 
 -4.83680952e-01   4.10521684e+00  -7.46084848e+00 
  1.91670105e+00   1.99563681e+00  -9.54604260e+00 
  5.12791830e-01  -3.72381056e+00  -1.02199406e+01 
 -8.58722408e-01  -2.13299498e+00  -7.05387036e+00 
 -3.71985677e+00  -3.75665180e-01  -9.04726117e+00 
 -4.57534543e+00  -3.63101556e+00  -1.07992410e+01 
 -4.66385464e+00  -5.79247252e+00  -7.70306720e+00 
 -6.49667472e+00  -3.20488164e+00  -5.60067134e+00 
 -9.22710115e+00  -2.66747930e+00  -8.27028158e+00 
 -9.14803660e+00  -6.58062844e+00  -3.27084456e+00 
 -1.28738718e+01  -5.86562763e+00  -3.95932359e+00 

   5.806147748142e+00 

