  7.30956067e+00  -4.31477949e+00  -1.21956105e+00 
  6.30785361e+00  -3.22284269e+00  -1.26803018e+00 
  6.51205874e+00  -2.34426231e+00  -2.33359991e+00 
  5.48261989e+00  -1.92404129e+00  -3.19718371e+00 
  4.20670266e+00  -2.51952871e+00  -3.00544659e+00 
  3.37631365e+00  -3.08243005e+00  -4.08188602e+00 
  3.98144923e+00  -2.78271327e+00  -1.64195082e+00 
  2.65444631e+00  -2.64654660e+00  -1.27160426e+00 
  2.00699745e+00  -1.47516948e+00  -1.61046347e+00 
  2.38888214e+00  -6.99470699e-01  -2.79163293e+00 
  2.81472840e+00   6.15802277e-01  -2.47660784e+00 
  1.53931590e+00  -5.53362300e-01  -3.97206751e+00 
  2.20268132e-01  -9.84840454e-01  -4.15798163e+00 
 -5.76205722e-01  -1.25130219e+00  -2.99845688e+00 
 -1.83825783e+00  -1.86427321e+00  -3.60000493e+00 
 -2.28517310e+00  -1.19056820e+00  -4.74029854e+00 
 -1.84729862e+00   1.38934221e-01  -4.51085707e+00 
 -3.89229189e-01   1.10346508e-01  -4.86121391e+00 
  4.95365624e+00  -3.46654607e+00  -8.93223729e-01 
 -8.28314940e+00  -9.75580401e-01  -3.35887487e+00 
 -7.07790013e+00   2.20555727e-01   9.58021539e-03 
 -8.48677269e+00   1.06533710e+00   3.47112875e+00 
 -8.81690425e+00  -1.70766737e+00   6.01682587e+00 
 -1.02348476e+01  -7.39203106e+00   7.54947639e+00 
 -6.73134635e+00  -5.98413297e+00   7.32620122e+00 
 -5.21545771e+00  -3.42780848e+00   4.91851659e+00 
 -3.77368946e+00  -4.17885422e-01   6.79606245e+00 
 -3.55667659e-01   6.92768965e-02   5.19026570e+00 
  2.11216457e+00   2.73501970e+00   6.30604985e+00 
  4.32790519e+00   1.72981033e+00   3.40019131e+00 
  5.42170171e+00  -1.72340841e+00   4.77743020e+00 
  6.34487968e+00  -3.39380306e+00   8.04432254e+00 
  4.87062870e+00  -6.90467459e+00   8.06797111e+00 
  1.63080938e+00  -8.11639064e+00   9.62073928e+00 
  6.22174949e-01  -1.07826755e+01   7.07241262e+00 
  8.01488512e+00  -1.08536399e+01  -2.37763259e-01 
  8.28422649e+00  -1.03460501e+01  -3.97648291e+00 
  4.33870031e+00  -1.15475001e+01  -4.37476360e+00 
  3.31274901e+00  -1.33433536e+01  -1.27629101e+00 
  3.20626251e+00  -1.41002533e+01   8.47429122e+00 
 -1.40752295e+00  -1.05656406e+01  -7.72877884e+00 
 -1.53707752e+00  -9.79379314e+00  -3.99278506e+00 
 -5.17604193e+00  -1.01295558e+01  -3.03803618e+00 
 -7.50151412e+00  -7.73070064e+00  -4.85177453e+00 
 -1.12655249e+01  -5.28944173e+00  -1.73866736e+00 
 -9.48613984e+00  -7.40768314e+00   2.97341464e+00 
 -4.35052330e+00  -9.37281469e+00   5.14768834e+00 
 -2.05012374e+00  -6.40453056e+00   5.52951928e+00 
 -9.15654551e-01  -4.41197371e+00   8.57961986e+00 
  2.52813205e+00  -2.94472660e+00   7.89880510e+00 
  6.33015413e+00   1.24939928e+00   9.12282343e+00 
  9.61137144e+00   4.54760505e-01   1.08832709e+01 
  1.21383855e+01  -2.62469929e+00   6.15817954e+00 
  1.29136218e+01   5.51869388e+00   1.05814863e+01 
  1.23723800e+01   2.88189192e+00   7.88480463e+00 
  9.55324821e+00   4.04871530e+00   5.61814192e+00 
  7.79241194e+00   7.14753509e+00   6.97623984e+00 
  3.79793134e+00   8.72336497e+00   3.23530345e+00 
  2.18452504e+00   5.46839264e+00   2.07266265e+00 
 -1.47342425e+00   4.55356902e+00   2.75935333e+00 
 -8.89968454e-01   1.34391858e+00   7.18588560e-01 
 -3.20548950e-01   3.34148525e+00  -2.46630278e+00 
 -3.30391210e+00   4.77667143e+00  -4.31480335e+00 
 -1.69763633e+00   7.65763637e+00  -6.18527712e+00 
  4.36347798e-01   1.06746708e+01  -5.49905789e+00 
  3.59520750e+00   9.37372616e+00  -7.16113313e+00 
 -8.55505763e-01   1.12674566e+01  -1.00973562e+01 
  1.73947087e+00   8.99247686e+00  -1.16673983e+01 
  5.45306304e+00   8.68081998e+00  -1.22065621e+01 
  7.87796372e+00   7.13134748e+00  -9.84219388e+00 
  1.13916910e+01   5.71987719e+00  -1.01861001e+01 
  1.15060938e+01   5.21982271e+00  -6.39067088e+00 
  4.93112670e+00   8.67429563e+00  -2.61183612e+00 
  2.11289417e+00   1.04566691e+01  -8.32474819e-01 
 -4.90449997e-01   7.78089334e+00  -1.37730718e+00 
 -4.11260932e+00   7.44690549e+00  -3.36155519e-01 
 -3.28930197e+00   1.26912772e+01  -9.30434510e-01 
 -3.94735428e+00   1.12929606e+01   2.53126119e+00 

   2.494262676369e+00 

 -4.68336226e+00   2.06584995e+00   6.10257543e+00 
 -3.73489894e+00   1.30359874e+00   5.25553046e+00 
 -3.04270770e+00   3.19705376e-01   5.96395821e+00 
 -2.89905441e+00  -1.00448008e+00   5.50788789e+00 
 -3.58818894e+00  -1.34556004e+00   4.31285576e+00 
 -4.42174305e+00  -2.54599679e+00   4.14178180e+00 
 -3.62800738e+00  -2.49018721e-01   3.43243559e+00 
 -3.57557632e+00  -6.17365380e-01   2.09894065e+00 
 -2.56190536e+00  -1.46734843e+00   1.70378853e+00 
 -1.97124335e+00  -2.43999773e+00   2.62453733e+00 
 -5.82053037e-01  -2.23949261e+00   2.82574007e+00 
 -2.13210056e+00  -3.88610433e+00   2.48514149e+00 
 -2.73277182e+00  -4.60186312e+00   1.44230837e+00 
 -2.87509391e+00  -3.95805539e+00   1.71430488e-01 
 -3.72082712e+00  -4.95904917e+00  -6.11591249e-01 
 -3.31418845e+00  -6.28353769e+00  -4.26530052e-01 
 -1.92498145e+00  -6.15241499e+00  -1.71844635e-01 
 -1.85419543e+00  -5.72517338e+00   1.26411613e+00 
 -4.05616847e+00   1.00510211e+00   3.89854415e+00 
 -3.52090223e+00  -8.11184233e+00  -6.30401099e+00 
 -1.61920360e+00  -4.92251155e+00  -6.96849836e+00 
 -3.33273303e-01  -2.86704298e+00  -9.93537049e+00 
 -2.62866895e+00  -2.97869389e-01  -1.14876598e+01 
 -8.07121536e+00   1.48919362e+00  -1.34515015e+01 
 -6.34720861e+00   2.72951371e+00  -1.03216526e+01 
 -4.10817985e+00   9.05660087e-01  -7.81367410e+00 
 -6.71841347e-01   2.57186078e+00  -7.53288874e+00 
 -1.03437888e-01   2.79441835e+00  -3.77440969e+00 
  2.97424220e+00   4.39366639e+00  -2.22146061e+00 
  1.71936438e+00   3.23832673e+00   1.16299006e+00 
 -1.29164453e+00   5.66289786e+00   1.43348221e+00 
 -2.24218202e+00   9.22742901e+00   5.93428063e-01 
 -5.83392127e+00   9.25674799e+00  -6.70992089e-01 
 -7.10056788e+00   9.22865844e+00  -4.24459033e+00 
 -1.02723056e+01   7.13676233e+00  -3.81515612e+00 
 -1.08249067e+01   4.61075090e+00   6.25508707e+00 
 -1.09635766e+01   1.47746044e+00   8.36968181e+00 
 -1.26450557e+01  -5.48774274e-01   5.17026076e+00 
 -1.39635205e+01   1.94076906e+00   2.73263323e+00 
 -1.29816876e+01   1.02869378e+01  -2.27090266e+00 
 -1.29160399e+01  -6.41563262e+00   1.89319134e+00 
 -1.15113118e+01  -3.48359729e+00  -1.06827137e-01 
 -1.20718347e+01  -4.39672482e+00  -3.72875516e+00 
 -1.03054829e+01  -7.57549984e+00  -4.83662403e+00 
 -7.78054936e+00  -7.30719511e+00  -9.67105118e+00 
 -8.81747469e+00  -2.00640778e+00  -1.04976921e+01 
 -9.78519110e+00   2.76879757e+00  -7.14736359e+00 
 -6.56067439e+00   3.60209993e+00  -5.37072366e+00 
 -3.94461580e+00   6.32092575e+00  -5.94051715e+00 
 -2.25053299e+00   7.13277322e+00  -2.63189601e+00 
  2.48829240e+00   9.16006561e+00   9.68255097e-03 
  2.38671731e+00   1.24283228e+01   1.96037407e+00 
 -1.18553672e+00   1.03227121e+01   6.54302987e+00 
  7.64957282e+00   1.27382928e+01   4.93452841e+00 
  4.53191595e+00   1.07447884e+01   5.84222381e+00 
  4.95845982e+00   7.19817985e+00   4.54362682e+00 
  8.03560321e+00   6.83123776e+00   2.32006325e+00 
  8.47013363e+00   1.37491233e+00   7.47359166e-01 
  4.90232394e+00   2.79706866e-01  -4.06363211e-02 
  3.72581053e+00  -7.48132775e-01  -3.54041290e+00 
  2.88848548e-01  -1.51414930e+00  -1.98878222e+00 
  1.73877426e+00  -4.34352904e+00   9.69651534e-02 
  2.48393980e+00  -7.67370568e+00  -1.55586761e+00 
  5.14592873e+00  -9.06702264e+00   7.57410434e-01 
  8.45385606e+00  -8.06854888e+00   2.23657915e+00 
  7.23513299e+00  -7.64690403e+00   5.81013009e+00 
  8.07319734e+00  -1.27141411e+01   3.43584130e+00 
  5.85609671e+00  -1.22883195e+01   6.48175682e+00 
  5.86567868e+00  -1.08518006e+01   9.96240124e+00 
  5.03879362e+00  -7.33650516e+00   1.08735336e+01 
  3.98556784e+00  -5.60317008e+00   1.40895944e+01 
  4.18408255e+00  -2.23475222e+00   1.22777585e+01 
  7.50765935e+00  -2.99873212e+00   4.67425926e+00 
  9.25562524e+00  -3.25441330e+00   1.33290243e+00 
  6.25468965e+00  -4.43571808e+00  -6.24878989e-01 
  5.71312097e+00  -5.26792651e+00  -4.27586636e+00 
  1.08265815e+01  -6.46246318e+00  -3.29606714e+00 
  1.00020691e+01  -3.56814809e+00  -5.60144400e+00 

   2.494262666768e+00 

 -6.47239634e+00   4.51931330e+00   2.55090937e+00 
 -5.53371856e+00   3.37267170e+00   2.59789279e+00 
 -5.20975202e+00   2.98792265e+00   3.90022120e+00 
 -3.89054991e+00   2.74950360e+00   4.33028651e+00 
 -2.85616479e+00   3.01844529e+00   3.39376392e+00 
 -1.63980736e+00   3.79150133e+00   3.69036345e+00 
 -3.28292981e+00   2.72696602e+00   2.08531824e+00 
 -2.26759554e+00   2.25159266e+00   1.27307097e+00 
 -1.51004359e+00   1.19538568e+00   1.73855026e+00 
 -1.29393114e+00   9.75933209e-01   3.16957969e+00 
 -1.78610189e+00  -2.75773085e-01   3.61849129e+00 
  3.23038457e-03   1.13344421e+00   3.82464888e+00 
  1.25180027e+00   1.38243336e+00   3.24181221e+00 
  1.42616252e+00   1.07538257e+00   1.85429536e+00 
  2.80914673e+00   1.65141236e+00   1.56119201e+00 
  3.74193101e+00   1.37582185e+00   2.56511110e+00 
  3.27841002e+00   1.44153797e-01   3.09434920e+00 
  2.13985259e+00   5.34870196e-01   3.98909850e+00 
 -4.50497517e+00   3.23964437e+00   1.61927442e+00 
  8.45523037e+00  -2.99131645e-01  -1.02783909e+00 
  5.87572488e+00  -2.42618438e+00  -2.77474345e+00 
  5.57203544e+00  -4.68980726e+00  -5.85121828e+00 
  4.64216584e+00  -3.12679513e+00  -9.16353740e+00 
  5.07472378e+00   1.29816220e+00  -1.32750092e+01 
  2.09111215e+00   6.57706058e-01  -1.10401870e+01 
  1.89789492e+00  -5.64066771e-01  -7.42084798e+00 
 -1.71077935e-01  -3.77351776e+00  -7.13395299e+00 
 -2.47003130e+00  -3.08026712e+00  -4.17878625e+00 
 -5.11301491e+00  -5.53002691e+00  -2.97268245e+00 
 -5.78420824e+00  -3.19036497e+00  -6.76224011e-02 
 -7.46462058e+00  -3.46789016e-01  -2.09448992e+00 
 -9.81294009e+00   1.46239292e-01  -5.01978641e+00 
 -8.59271746e+00   3.11789169e+00  -7.06442197e+00 
 -6.44489493e+00   3.13741470e+00  -1.01888817e+01 
 -4.44787056e+00   6.34624826e+00  -9.60948622e+00 
 -7.69812114e+00   1.02735730e+01  -5.48143306e-01 
 -6.22290836e+00   1.12125551e+01   2.80599440e+00 
 -2.55801710e+00   1.18180398e+01   9.69896570e-01 
 -3.09796318e+00   1.21705926e+01  -2.69920841e+00 
 -7.46261018e+00   9.29870289e+00  -1.09672393e+01 
  4.10617884e+00   1.12042104e+01   1.63642185e+00 
  2.53730430e+00   9.11554532e+00  -1.14679264e+00 
  5.33295734e+00   8.48447926e+00  -3.60696032e+00 
  8.28399381e+00   6.56654767e+00  -2.16998365e+00 
  1.02716980e+01   2.58274109e+00  -5.33182976e+00 
  6.49274404e+00   3.09969245e+00  -9.24451487e+00 
  8.86699971e-01   4.94542583e+00  -9.60412664e+00 
 -1.26594606e+00   2.45810229e+00  -7.75273046e+00 
 -3.61907052e+00  -2.95002145e-01  -8.95423561e+00 
 -6.33974272e+00  -8.33078356e-01  -6.34954818e+00 
 -1.01840951e+01  -4.50707033e+00  -4.05455088e+00 
 -1.39243841e+01  -3.88564333e+00  -4.40253036e+00 
 -1.40916396e+01   1.06907887e+00  -7.12255365e-01 
 -1.66088314e+01  -7.88328173e+00  -7.34837088e-01 
 -1.49594831e+01  -4.57151813e+00   1.76016503e-01 
 -1.13912138e+01  -5.27492772e+00   1.28029371e+00 
 -1.03714777e+01  -8.89743962e+00   6.59639966e-01 
 -5.07620511e+00  -9.63045011e+00   2.62344944e+00 
 -3.18582403e+00  -6.48435387e+00   1.58509308e+00 
 -2.64512800e-01  -6.48987311e+00  -8.95819227e-01 
  7.19487498e-02  -2.70864710e+00  -2.66462694e-01 
  1.06217882e+00  -3.28894376e+00   3.35855711e+00 
  4.59227906e+00  -4.41737683e+00   4.15990751e+00 
  4.08138359e+00  -6.11771057e+00   7.51051991e+00 
  1.93928836e+00  -8.78758106e+00   9.06310812e+00 
 -1.44629099e-01  -6.47606362e+00   1.12419900e+01 
  5.19737878e+00  -7.86766535e+00   1.24841039e+01 
  3.55088195e+00  -4.78799248e+00   1.39602896e+01 
  4.84558949e-01  -3.70229299e+00   1.58570104e+01 
 -2.78621497e+00  -2.74757407e+00   1.43530700e+01 
 -5.78898276e+00  -7.56762891e-01   1.55683314e+01 
 -7.63135778e+00  -1.66090537e+00   1.23346562e+01 
 -3.42206276e+00  -7.27316621e+00   7.83713786e+00 
 -1.68360279e+00  -1.00135360e+01   5.89972710e+00 
  8.19641922e-01  -7.78440197e+00   4.16803273e+00 
  3.56102440e+00  -8.44580536e+00   1.64554171e+00 
  3.21999642e+00  -1.29054251e+01   4.56615359e+00 
  2.19635786e+00  -1.29898558e+01   9.16948889e-01 

   2.494262688911e+00 

 -7.65976187e+00   3.25834519e+00   2.57146138e+00 
 -6.29319397e+00   2.90329721e+00   2.11921518e+00 
 -5.38908232e+00   3.96040929e+00   2.23811897e+00 
 -4.11231952e+00   3.82437349e+00   2.81558857e+00 
 -3.80057716e+00   2.55931014e+00   3.38284349e+00 
 -3.21273743e+00   2.36326891e+00   4.71743655e+00 
 -4.40624742e+00   1.52320462e+00   2.64884010e+00 
 -3.65022367e+00   3.63924243e-01   2.61504899e+00 
 -2.32836957e+00   4.66750525e-01   2.22997780e+00 
 -1.55431195e+00   1.68833567e+00   2.45640857e+00 
 -1.07300725e+00   2.26958774e+00   1.25598087e+00 
 -4.38899676e-01   1.77577878e+00   3.39702212e+00 
  1.66458715e-01   7.49333209e-01   4.13225658e+00 
 -3.23419023e-03  -5.99010341e-01   3.68163779e+00 
  6.19628580e-01  -1.40637685e+00   4.81767219e+00 
  1.82087980e+00  -8.63010567e-01   5.28200018e+00 
  2.33999834e+00  -2.19148362e-01   4.12964976e+00 
  1.56633080e+00   1.06304132e+00   4.04621495e+00 
 -5.77525346e+00   1.59335908e+00   2.34174822e+00 
  5.09351269e+00  -6.07038687e+00   5.60264948e+00 
  3.73839215e+00  -6.69012335e+00   2.13719128e+00 
  3.72576586e+00  -9.43836313e+00  -5.32632519e-01 
  1.01938105e+00  -1.20724627e+01  -4.05762277e-01 
 -2.53080865e+00  -1.59213764e+01   2.63621226e+00 
 -3.66476993e+00  -1.26973333e+01   1.01565161e+00 
 -1.89310282e+00  -9.32719830e+00   6.50911979e-01 
 -1.56348582e+00  -8.30812076e+00  -3.02554329e+00 
 -2.68041084e+00  -4.66790609e+00  -3.03584146e+00 
 -2.89590408e+00  -2.56121144e+00  -6.19127779e+00 
 -3.72086273e+00   4.19691737e-01  -4.00091560e+00 
 -7.27215726e+00  -7.09582725e-01  -2.93747716e+00 
 -1.03198582e+01  -2.44655593e+00  -4.35505643e+00 
 -1.17572201e+01  -4.74455611e+00  -1.68047333e+00 
 -1.12108727e+01  -8.46473883e+00  -1.19311043e+00 
 -1.12990610e+01  -8.66075632e+00   2.62450227e+00 
 -1.28611151e+01   1.02638044e+00   6.06184712e+00 
 -1.11277527e+01   3.53464116e+00   8.30066708e+00 
 -9.32351418e+00   4.04171510e-01   1.03290152e+01 
 -1.11799585e+01  -2.73804174e+00   9.58182113e+00 
 -1.56912326e+01  -8.64274367e+00   3.22250889e+00 
 -3.71762186e+00  -1.65156675e+00   1.34242708e+01 
 -4.68401988e+00  -3.62331219e+00   1.03020190e+01 
 -3.05777020e+00  -7.00608334e+00   1.07245188e+01 
  7.34691603e-01  -6.90415943e+00   1.09670640e+01 
  3.38634477e+00  -1.06796506e+01   8.04586905e+00 
 -1.09242667e+00  -1.27518331e+01   5.69990320e+00 
 -6.48312862e+00  -1.08099705e+01   4.23933206e+00 
 -6.08706246e+00  -8.30756504e+00   1.44121844e+00 
 -6.73498114e+00  -8.53058216e+00  -2.31256833e+00 
 -7.60139125e+00  -5.06989063e+00  -3.63503939e+00 
 -7.66854728e+00  -1.51213988e+00  -8.20474565e+00 
 -1.09608260e+01  -3.28540266e-01  -9.70708053e+00 
 -1.25998148e+01   3.22712137e+00  -4.92520208e+00 
 -9.50244463e+00   4.01925299e+00  -1.36579218e+01 
 -9.79785075e+00   4.26784178e+00  -9.86731297e+00 
 -6.33176755e+00   3.84457364e+00  -8.36603335e+00 
 -3.74690708e+00   2.79257135e+00  -1.09659368e+01 
  1.33373504e+00   2.46914706e+00  -8.41325458e+00 
  6.48333536e-01   8.30747495e-01  -5.03752615e+00 
  2.01259318e+00  -2.60785127e+00  -4.03557104e+00 
  3.66634727e-01  -2.08461074e+00  -5.96953743e-01 
  2.67565598e+00   8.33013700e-01   1.86570454e-01 
  6.24730823e+00   1.38142533e-01   1.25318190e+00 
  7.95495642e+00   3.37823105e+00   2.71064101e-01 
  8.35918471e+00   5.59854290e+00  -2.73461597e+00 
  6.23490331e+00   8.47551178e+00  -1.45250013e+00 
  1.14730786e+01   7.45770282e+00   4.29534037e-01 
  9.01002798e+00   9.53234710e+00   2.43045529e+00 
  6.73283835e+00   1.25158302e+01   2.12744816e+00 
  3.21469079e+00   1.24594392e+01   9.06520469e-01 
  2.46886882e-01   1.48118508e+01   1.24576170e+00 
 -1.74227457e+00   1.25610211e+01  -1.13024925e+00 
  3.04320528e+00   6.64147625e+00  -4.52159479e+00 
  5.22866756e+00   4.11442921e+00  -6.28886102e+00 
  5.28273174e+00   1.57672471e+00  -3.49759934e+00 
  6.86368110e+00  -1.84223278e+00  -3.14135546e+00 
  1.00962946e+01   8.77423621e-01  -6.41061708e+00 
  8.12557354e+00  -2.06315921e+00  -7.76740152e+00 

   2.494262665523e+00 

  5.41933484e+00  -4.19929374e+00   4.54278768e+00 
  4.46151221e+00  -3.96600587e+00   3.43542343e+00 
  3.93888249e+00  -5.14913509e+00   2.90996177e+00 
  2.56571691e+00  -5.34911383e+00   2.67219924e+00 
  1.68854817e+00  -4.31241610e+00   3.09073867e+00 
  4.57172168e-01  -4.52204102e+00   3.86848135e+00 
  2.30023031e+00  -3.05428680e+00   2.94212726e+00 
  1.40845257e+00  -2.04988612e+00   2.60664320e+00 
  5.68919482e-01  -2.26500620e+00   1.53190935e+00 
  1.36961605e-01  -3.61072212e+00   1.15090298e+00 
  5.31424083e-01  -3.96765859e+00  -1.63450563e-01 
 -1.24015072e+00  -4.08393170e+00   1.27810757e+00 
 -2.38234092e+00  -3.36063277e+00   1.64261634e+00 
 -2.35340014e+00  -1.93524872e+00   1.51098217e+00 
 -3.66525537e+00  -1.51730614e+00   2.17031941e+00 
 -4.74295202e+00  -2.33227995e+00   1.81215479e+00 
 -4.38841518e+00  -2.76636917e+00   5.09149972e-01 
 -3.38885732e+00  -3.85920805e+00   7.46072217e-01 
  3.58818754e+00  -2.83888029e+00   3.45999103e+00 
 -8.89858324e+00   2.08990547e+00   7.60992381e-01 
 -6.12984187e+00   3.69222110e+00  -1.23813895e+00 
 -5.41483459e+00   6.94852672e+00  -3.12656761e+00 
 -3.96923734e+00   9.86963469e+00  -1.21437079e+00 
 -3.69393060e+00   1.34184202e+01   3.68480096e+00 
 -1.09133127e+00   1.08691867e+01   2.66773083e+00 
 -1.46578432e+00   7.44048248e+00   1.01441977e+00 
  4.72622940e-01   7.25563071e+00  -2.28284196e+00 
  2.31730169e+00   3.93365206e+00  -2.03703910e+00 
  4.70088249e+00   2.66850853e+00  -4.71273161e+00 
  4.97674720e+00  -5.71262503e-01  -2.76550202e+00 
  6.99766400e+00   8.19640559e-01   2.34360888e-01 
  9.76628602e+00   3.28681273e+00   9.84577370e-01 
  8.92496190e+00   5.10251688e+00   4.22426556e+00 
  7.26920805e+00   8.48006247e+00   4.70010650e+00 
  5.27240229e+00   7.80425558e+00   7.89016239e+00 
  7.20911309e+00  -2.05124903e+00   1.05760780e+01 
  5.26805340e+00  -5.24458904e+00   1.11617871e+01 
  1.93165935e+00  -2.98293642e+00   1.21223542e+01 
  3.02099492e+00   4.95593333e-01   1.28913491e+01 
  8.51451861e+00   8.33021094e+00   1.08669366e+01 
 -4.76818711e+00  -2.58840694e+00   1.16876850e+01 
 -2.84281914e+00   1.73721688e-01   9.88941378e+00 
 -5.25127932e+00   3.07462721e+00   9.66491068e+00 
 -8.42163474e+00   2.33312936e+00   7.70251503e+00 
 -9.99335085e+00   6.22124674e+00   4.20520012e+00 
 -5.66236603e+00   9.44577786e+00   5.04294613e+00 
 -2.98824600e-02   8.75142130e+00   6.70330057e+00 
  1.77174886e+00   6.92915857e+00   3.93169154e+00 
  4.22267727e+00   8.10698043e+00   1.25473587e+00 
  6.51209224e+00   5.22039015e+00   3.04919261e-01 
  9.89609302e+00   2.86327971e+00  -3.76163070e+00 
  1.36580104e+01   2.58183265e+00  -3.24609059e+00 
  1.33704645e+01  -1.67987031e+00   1.22051866e+00 
  1.56837033e+01  -9.13077494e-01  -7.75403108e+00 
  1.39830948e+01  -1.97771653e+00  -4.51485488e+00 
  1.02765272e+01  -2.45346881e+00  -5.20895196e+00 
  9.28900090e+00  -1.24557712e+00  -8.68938970e+00 
  3.74609663e+00  -2.30924475e+00  -9.45001777e+00 
  2.09531580e+00  -1.40504569e+00  -6.13233978e+00 
 -4.21790193e-01   1.45685946e+00  -5.72898579e+00 
 -7.73084426e-01   4.18607004e-01  -2.04041030e+00 
 -2.30549988e+00  -2.92266045e+00  -3.01288227e+00 
 -5.93752736e+00  -3.05387655e+00  -4.09376613e+00 
 -5.96730586e+00  -6.20575299e+00  -6.20173838e+00 
 -4.13507329e+00  -7.71053186e+00  -9.11822208e+00 
 -2.35464082e+00  -1.04402321e+01  -7.16574778e+00 
 -7.84898686e+00  -1.07069626e+01  -8.49144132e+00 
 -6.38059903e+00  -1.27785699e+01  -5.67599383e+00 
 -3.61126326e+00  -1.52224365e+01  -4.94324625e+00 
 -1.34027584e-01  -1.43422306e+01  -3.94057927e+00 
  2.69240976e+00  -1.62204141e+01  -2.22579634e+00 
  4.97911592e+00  -1.32032102e+01  -2.80538643e+00 
  1.37843506e+00  -7.47772765e+00  -7.67336842e+00 
 -1.05142601e-01  -4.98216478e+00  -1.00934087e+01 
 -2.27640651e+00  -3.19416038e+00  -7.57891250e+00 
 -4.62250333e+00  -2.36234786e-01  -7.82811409e+00 
 -4.81094785e+00  -2.59856417e+00  -1.26154258e+01 
 -3.25514382e+00   8.44125996e-01  -1.23007771e+01 

   2.494262687442e+00 

 -5.58480223e+00  -1.24760655e+00  -3.56070008e+00 
 -4.77782435e+00  -8.58642594e-01  -2.37934528e+00 
 -5.52118691e+00  -8.31242896e-01  -1.19795410e+00 
 -5.08955073e+00  -1.42979413e+00   1.02180271e-03 
 -3.87987131e+00  -2.17321256e+00  -5.68883820e-02 
 -3.70224027e+00  -3.52560720e+00   4.95030048e-01 
 -2.98226833e+00  -1.59059110e+00  -9.70097845e-01 
 -1.65660456e+00  -1.72668411e+00  -5.94955449e-01 
 -1.30451439e+00  -1.33880780e+00   6.82439682e-01 
 -2.25690775e+00  -1.39363854e+00   1.79268062e+00 
 -2.49618013e+00  -1.25572474e-01   2.38029826e+00 
 -2.13458210e+00  -2.31886206e+00   2.91763781e+00 
 -1.08527704e+00  -3.19632635e+00   3.21706029e+00 
  1.98793360e-01  -2.94119195e+00   2.63745956e+00 
  9.91394429e-01  -4.18427290e+00   3.03357498e+00 
  7.74492645e-01  -4.57372577e+00   4.35840537e+00 
  4.80736340e-01  -3.34458504e+00   5.00251161e+00 
 -9.50111442e-01  -3.07487890e+00   4.64270025e+00 
 -3.41654993e+00  -1.26848050e+00  -2.26665247e+00 
  6.62732997e+00  -5.65191949e+00   5.94327781e+00 
  7.28303370e+00  -2.30195479e+00   4.33778069e+00 
  1.02410591e+01  -5.05138828e-02   3.40932445e+00 
  1.18992068e+01  -5.34921031e-01   4.85226428e-02 
  1.40502459e+01  -4.07259458e+00  -4.37069324e+00 
  1.08896619e+01  -2.00284793e+00  -4.55344982e+00 
  8.28923341e+00  -1.17264576e+00  -1.87423550e+00 
  7.93176775e+00   2.60940642e+00  -1.39278253e+00 
  4.16185774e+00   3.14445977e+00  -1.37584859e+00 
  2.54255775e+00   6.56888303e+00  -1.07160037e+00 
 -8.20185869e-01   4.83012957e+00  -8.90753189e-01 
 -9.64761169e-01   3.63796752e+00  -4.57527879e+00 
 -4.33619973e-02   4.81199743e+00  -8.05202436e+00 
  1.32731369e+00   1.84614400e+00  -1.00078293e+01 
  4.93607468e+00   8.30913361e-01  -1.05752210e+01 
  4.56946320e+00  -2.97512998e+00  -1.05762805e+01 
 -5.51682625e+00  -4.98909425e+00  -9.05751684e+00 
 -7.67327719e+00  -6.85835244e+00  -6.57481024e+00 
 -4.45624343e+00  -9.32239844e+00  -5.70966517e+00 
 -1.94341524e+00  -9.01906036e+00  -8.44313838e+00 
  3.15379840e+00  -3.53827303e+00  -1.47389561e+01 
 -1.26120757e+00  -1.27121504e+01  -8.58483310e-01 
  7.40155217e-01  -9.89667383e+00  -2.48261217e+00 
  4.36296592e+00  -1.08061153e+01  -1.92179935e+00 
  5.37002062e+00  -1.10542976e+01   1.73555438e+00 
  1.01309335e+01  -8.71617539e+00   3.03395976e+00 
  1.10676121e+01  -6.66241192e+00  -1.94214053e+00 
  7.81966978e+00  -4.90815664e+00  -6.56136415e+00 
  5.96092757e+00  -1.78472669e+00  -5.54273265e+00 
  6.49372915e+00   1.90288023e+00  -6.36621652e+00 
  3.14891527e+00   3.70967388e+00  -6.21229057e+00 
  3.98766854e-01   8.73961430e+00  -5.38724751e+00 
 -1.49866537e+00   1.04147465e+01  -8.23166408e+00 
 -6.00453097e+00   6.19758931e+00  -8.56046162e+00 
 -4.62257674e+00   1.49355031e+01  -5.69330616e+00 
 -5.46731062e+00   1.12207157e+01  -5.76079468e+00 
 -4.23543918e+00   9.65382571e+00  -2.52442699e+00 
 -2.10987803e+00   1.20620325e+01  -4.67672423e-01 
 -6.33011049e-01   9.45905247e+00   4.37764235e+00 
  2.43874219e-01   5.88862069e+00   3.36139471e+00 
  3.76114351e+00   4.39925237e+00   3.67712060e+00 
  2.30077177e+00   1.08001880e+00   2.38985548e+00 
  1.30610931e-01   7.06046636e-01   5.48962372e+00 
  1.71033396e+00  -4.69901402e-01   8.72981380e+00 
 -7.01568497e-01   9.53248653e-01   1.12864044e+01 
 -2.26299412e+00   4.24192188e+00   1.22212179e+01 
 -5.79208540e+00   3.39509917e+00   1.10979417e+01 
 -3.52019384e+00   1.35613772e+00   1.58621455e+01 
 -6.49227191e+00  -3.14351043e-01   1.42036284e+01 
 -9.94966619e+00   4.23854323e-01   1.29074581e+01 
 -1.07828899e+01   1.64527441e+00   9.48911303e+00 
 -1.39398651e+01   1.66207463e+00   7.37014908e+00 
 -1.20842393e+01   3.70529924e+00   4.71490656e+00 
 -4.59499534e+00   6.19083801e+00   7.39378506e+00 
 -1.31116604e+00   7.56730818e+00   8.66155577e+00 
  7.16754010e-01   4.44295139e+00   8.06159940e+00 
  4.36926294e+00   3.59421240e+00   8.56598021e+00 
  3.22039229e+00   7.19799413e+00   1.23378853e+01 
  5.59248791e+00   8.13408920e+00   9.53279632e+00 

   2.494262668254e+00 

  3.80170341e+00   1.44975165e+00  -5.85344780e+00 
  2.51789511e+00   1.73709202e+00  -5.16980904e+00 
  1.48814285e+00   2.05452120e+00  -6.05744808e+00 
  2.03764915e-01   1.48212525e+00  -5.98794849e+00 
  1.14257985e-02   4.63436632e-01  -5.01602445e+00 
 -6.29694700e-01  -8.34314775e-01  -5.28044169e+00 
  7.80751825e-01   7.21922739e-01  -3.86692412e+00 
  1.72466192e-01   3.01149062e-01  -2.69663236e+00 
 -1.12598571e+00   7.07611520e-01  -2.46220411e+00 
 -2.05317891e+00   9.90196969e-01  -3.55909389e+00 
 -2.52589751e+00   2.32700966e+00  -3.55430602e+00 
 -3.22674816e+00   1.71246024e-01  -3.85673155e+00 
 -3.74895619e+00  -9.04561111e-01  -3.12833482e+00 
 -3.39174902e+00  -1.02585137e+00  -1.74718720e+00 
 -3.98218256e+00  -2.38285204e+00  -1.37260242e+00 
 -5.26607579e+00  -2.58320504e+00  -1.88770745e+00 
 -5.78667457e+00  -1.26541389e+00  -1.95372034e+00 
 -5.16835630e+00  -6.88524745e-01  -3.19243201e+00 
  2.14780147e+00   1.01910364e+00  -3.99455224e+00 
 -7.90521024e+00  -4.90828755e+00   3.16787397e+00 
 -6.27508976e+00  -1.98356734e+00   4.90526409e+00 
 -5.76937932e+00  -6.19456200e-01   8.44989698e+00 
 -2.78008458e+00  -1.80320611e+00   1.04353286e+01 
  1.01147789e+00  -6.15245419e+00   1.22737198e+01 
  1.84883216e+00  -3.39884546e+00   9.81953594e+00 
 -2.87729244e-01  -1.71398360e+00   7.13141964e+00 
 -5.10236346e-01   2.06849452e+00   7.68534207e+00 
  1.61376166e-01   3.50820105e+00   4.22485304e+00 
  3.16771986e-01   7.23760393e+00   3.51155148e+00 
  6.42660972e-01   6.39816324e+00  -1.69918102e-01 
  4.23143302e+00   4.94207687e+00  -3.43434996e-02 
  7.54652722e+00   5.52851067e+00   1.69231290e+00 
  9.08141830e+00   2.14979150e+00   2.54588810e+00 
  8.95542696e+00   2.35101622e-01   5.81603606e+00 
  8.83148340e+00  -3.34908400e+00   4.48991588e+00 
  9.00824764e+00  -2.68663213e+00  -5.88437578e+00 
  6.85268513e+00  -3.73409799e+00  -8.81091492e+00 
  5.31488643e+00  -6.81899416e+00  -6.51137173e+00 
  7.57655278e+00  -7.39332836e+00  -3.60737669e+00 
  1.31447584e+01  -3.93148936e+00   3.64993664e+00 
 -1.84276333e-01  -1.04234195e+01  -5.09714486e+00 
  1.20139371e+00  -8.34532208e+00  -2.21069862e+00 
 -3.10815016e-02  -1.00570108e+01   9.22584832e-01 
 -3.81615812e+00  -1.02045566e+01   1.24416263e+00 
 -5.81205004e+00  -8.99163119e+00   6.18017467e+00 
 -9.81674832e-01  -7.69843994e+00   8.38290985e+00 
  4.21734710e+00  -5.63826041e+00   6.46207355e+00 
  3.69739915e+00  -2.07479107e+00   5.33083857e+00 
  4.59698872e+00   1.27820083e+00   6.91471682e+00 
  5.12255696e+00   3.85416323e+00   4.16441222e+00 
  5.04423959e+00   9.45790453e+00   2.70280124e+00 
  8.25726634e+00   1.12756574e+01   1.77045778e+00 
  9.16158336e+00   8.27633390e+00  -3.55698112e+00 
  6.53464970e+00   1.66377314e+01  -4.47664283e-01 
  6.56447228e+00   1.32523805e+01  -2.19588956e+00 
  3.08826491e+00   1.17380731e+01  -1.93211132e+00 
  8.12762979e-01   1.37330786e+01   3.89481308e-01 
 -4.33992919e+00   1.13075884e+01   3.68003705e-01 
 -3.67223523e+00   7.55292691e+00   4.47804356e-01 
 -4.67405827e+00   5.28461180e+00   3.37016278e+00 
 -3.31719671e+00   2.31877451e+00   1.32815197e+00 
 -6.00267567e+00   2.77503850e+00  -1.32477453e+00 
 -9.52424630e+00   1.55337887e+00  -6.29552887e-01 
 -1.15438435e+01   3.75314750e+00  -2.96644298e+00 
 -1.20253431e+01   7.39567839e+00  -3.75855704e+00 
 -1.03436526e+01   7.33723708e+00  -7.16470429e+00 
 -1.55280744e+01   5.25427996e+00  -6.27052166e+00 
 -1.34588592e+01   4.21513502e+00  -9.27268097e+00 
 -1.15409180e+01   5.65308974e+00  -1.21765318e+01 
 -7.97294278e+00   6.71965499e+00  -1.21201715e+01 
 -5.33462317e+00   7.31175534e+00  -1.47932689e+01 
 -2.94797262e+00   8.58472749e+00  -1.20818324e+01 
 -6.77267727e+00   9.40057418e+00  -4.72323803e+00 
 -8.52703901e+00   1.00435714e+01  -1.43778236e+00 
 -8.44848102e+00   6.47655585e+00  -2.11306460e-01 
 -9.62765516e+00   4.81098285e+00   2.97475666e+00 
 -1.29553754e+01   8.91914670e+00   2.21083090e+00 
 -1.05671153e+01   8.98335489e+00   5.15424456e+00 

   2.494262656776e+00 

 -2.78725478e+00  -5.23314971e+00   4.11340884e+00 
 -1.98842653e+00  -4.01999507e+00   3.81636623e+00 
 -1.95953408e+00  -3.11426642e+00   4.87838110e+00 
 -2.19422944e+00  -1.73466737e+00   4.72436109e+00 
 -2.57254349e+00  -1.29309612e+00   3.42773612e+00 
 -3.70373619e+00  -3.94871545e-01   3.14719886e+00 
 -1.93517317e+00  -2.06095966e+00   2.43613272e+00 
 -1.63126841e+00  -1.33669148e+00   1.29607944e+00 
 -9.42187691e-01  -1.50267425e-01   1.45005187e+00 
 -1.06128903e+00   6.55913041e-01   2.66602498e+00 
  1.74240419e-01   8.27072531e-01   3.34035139e+00 
 -1.70314506e+00   1.96853503e+00   2.70593339e+00 
 -2.18935149e+00   2.73608715e+00   1.64053250e+00 
 -1.69577332e+00   2.46055263e+00   3.25109308e-01 
 -2.58125892e+00   3.34376768e+00  -5.50232593e-01 
 -2.77540785e+00   4.62240174e+00  -1.98946762e-02 
 -1.58173866e+00   4.84201408e+00   7.14189138e-01 
 -1.78576697e+00   4.07176078e+00   1.98486319e+00 
 -1.97960064e+00  -3.46342708e+00   2.50340734e+00 
 -1.89720915e+00   7.87240307e+00  -5.17705485e+00 
  1.16558644e+00   5.70589468e+00  -5.57119923e+00 
  3.94616960e+00   5.03607537e+00  -8.12083582e+00 
  3.35382980e+00   2.44375999e+00  -1.08056310e+01 
 -1.73568943e-01  -2.49073885e-01  -1.49260295e+01 
  8.76244686e-01  -1.74651844e+00  -1.16151245e+01 
  1.41466508e+00  -1.18596910e-01  -8.19611689e+00 
  4.97387114e+00  -7.03870193e-01  -6.91042773e+00 
  4.44065959e+00  -1.78838687e+00  -3.29956840e+00 
  7.28208145e+00  -2.77358315e+00  -9.76403406e-01 
  4.74213699e+00  -3.03355586e+00   1.82451314e+00 
  2.92592785e+00  -6.21402615e+00   5.58077399e-01 
  3.67635033e+00  -9.51715994e+00  -1.12752511e+00 
  9.08109722e-01  -1.02523523e+01  -3.63681879e+00 
  8.46048264e-01  -9.60345058e+00  -7.37190292e+00 
 -2.85115044e+00  -8.74929674e+00  -7.84254661e+00 
 -7.27289473e+00  -9.41569670e+00   1.54361520e+00 
 -9.19674745e+00  -7.18420216e+00   3.91584387e+00 
 -1.04830907e+01  -4.93672093e+00   6.81117751e-01 
 -9.98438754e+00  -6.92046270e+00  -2.43244136e+00 
 -4.50867616e+00  -1.28591485e+01  -7.94665151e+00 
 -1.19468902e+01   1.25823685e+00  -1.48969621e+00 
 -9.02050562e+00  -4.47243639e-01  -3.24974311e+00 
 -8.77972017e+00   1.23242961e+00  -6.62421529e+00 
 -8.09073302e+00   4.96793186e+00  -6.47155425e+00 
 -4.33725918e+00   6.81838924e+00  -9.97957560e+00 
 -3.01599793e+00   1.89964763e+00  -1.19587537e+01 
 -3.07101054e+00  -3.68440250e+00  -1.00147553e+01 
 -4.54092387e-01  -3.98883985e+00  -7.31153339e+00 
  3.03168445e+00  -5.54080966e+00  -7.27663130e+00 
  3.84155724e+00  -6.70552227e+00  -3.74625882e+00 
  7.97917545e+00  -7.89481927e+00   1.28017942e-01 
  8.53566745e+00  -1.14554021e+01   1.35667260e+00 
  3.24851774e+00  -1.18664003e+01   4.53038716e+00 
  1.23912039e+01  -1.10136432e+01   6.00199461e+00 
  8.63638501e+00  -1.03669068e+01   5.97294292e+00 
  8.06739529e+00  -6.63800523e+00   5.50575178e+00 
  1.12926749e+01  -4.77277016e+00   4.68954374e+00 
  1.00963674e+01   7.79824215e-01   4.27570487e+00 
  6.78626709e+00   9.46137092e-01   2.38752159e+00 
  6.40677190e+00   2.51449485e+00  -1.08887227e+00 
  2.64035662e+00   1.76562814e+00  -8.43154719e-01 
  2.23423397e+00   4.19693030e+00   2.05198500e+00 
  2.13136394e+00   7.92112369e+00   1.34698687e+00 
  3.26042789e+00   9.33502294e+00   4.67938811e+00 
  6.10082701e+00   8.98736236e+00   7.11630804e+00 
  4.12750398e+00   7.24447121e+00   9.85522566e+00 
  3.66942168e+00   1.27845733e+01   8.79979213e+00 
  9.77441807e-01   1.08901341e+01   1.06809611e+01 
  4.90862252e-01   8.60889993e+00   1.36369368e+01 
  8.11534653e-01   4.89846193e+00   1.36047474e+01 
 -4.18716323e-01   2.10583960e+00   1.58729015e+01 
  1.55592970e+00  -4.07312537e-01   1.37626194e+01 
  6.44607986e+00   3.39525111e+00   8.18858296e+00 
  8.87749945e+00   5.07808326e+00   5.83449613e+00 
  6.38030318e+00   5.81711065e+00   3.10468572e+00 
  6.67668885e+00   7.43655896e+00  -3.01944388e-01 
  1.04292611e+01   9.76547109e+00   2.70284033e+00 
  1.14742315e+01   7.52095473e+00  -1.68013703e-01 

   2.494262661349e+00 

 -5.87933250e-01  -4.33287236e+00  -5.68051256e+00 
 -9.37733694e-01  -3.36802894e+00  -4.61055333e+00 
 -2.31273892e+00  -3.28060991e+00  -4.38522907e+00 
 -2.89015745e+00  -3.32523938e+00  -3.10199371e+00 
 -2.00898587e+00  -3.57058793e+00  -2.01448023e+00 
 -2.24862987e+00  -4.55824784e+00  -9.50426196e-01 
 -7.52304648e-01  -2.98440901e+00  -2.25170486e+00 
 -1.37228555e-01  -2.52633314e+00  -1.09910169e+00 
 -8.62976852e-01  -1.69858831e+00  -2.65875928e-01 
 -2.32219264e+00  -1.77914618e+00  -1.82729057e-01 
 -2.96562869e+00  -5.71125313e-01  -5.53155846e-01 
 -3.03973722e+00  -2.24628150e+00   1.00194847e+00 
 -2.52593983e+00  -2.56892337e+00   2.26390399e+00 
 -1.24542902e+00  -2.04324636e+00   2.62973619e+00 
 -9.61655612e-01  -2.75667634e+00   3.94915511e+00 
 -2.07468742e+00  -2.81214659e+00   4.79291538e+00 
 -2.79501082e+00  -1.64255755e+00   4.43914623e+00 
 -3.49694331e+00  -2.01495180e+00   3.16708390e+00 
 -9.39669216e-02  -3.21427280e+00  -3.47119992e+00 
  7.11643316e-01  -1.23496920e+00   1.00539784e+01 
  2.21608650e+00   1.53757781e+00   7.98529473e+00 
  4.80207983e+00   4.34452625e+00   8.32388389e+00 
  8.42296595e+00   3.57012935e+00   7.56983844e+00 
  1.32729939e+01  -4.34580579e-02   7.87117432e+00 
  1.12136484e+01   6.17958528e-01   4.76824569e+00 
  7.45391018e+00   1.17304858e+00   4.33710935e+00 
  6.71603904e+00   4.54936615e+00   2.68801417e+00 
  4.15778483e+00   3.68063556e+00   4.83625068e-03 
  2.71930061e+00   6.23695556e+00  -2.41123128e+00 
  3.97314895e-01   3.53355297e+00  -3.70120905e+00 
  3.07693381e+00   1.39259926e+00  -5.50504319e+00 
  6.22818884e+00   1.79984670e+00  -7.55902105e+00 
  8.70751420e+00  -8.97161701e-01  -6.52012326e+00 
  1.15838962e+01  -6.67440601e-01  -4.06056439e+00 
  1.14813708e+01  -4.19058968e+00  -2.57824540e+00 
  3.67315644e+00  -9.17447093e+00  -7.29933744e+00 
  4.57493635e-01  -1.09206086e+01  -6.34081424e+00 
  2.06344560e+00  -1.17229910e+01  -2.60632525e+00 
  5.76234490e+00  -1.13144829e+01  -2.77793783e+00 
  1.36404225e+01  -6.35954277e+00  -5.78499692e+00 
  7.33798518e-01  -1.22472677e+01   3.96557317e+00 
  3.17358360e+00  -9.47422836e+00   3.00232124e+00 
  5.21890689e+00  -8.83078909e+00   6.11181904e+00 
  3.19111337e+00  -7.67198263e+00   9.11135345e+00 
  5.33061016e+00  -3.52146625e+00   1.19423863e+01 
  9.57091264e+00  -2.74268109e+00   8.58527017e+00 
  1.07542785e+01  -3.63008978e+00   2.86024385e+00 
  8.63694273e+00  -1.22865927e+00   8.60651292e-01 
  9.46660084e+00   2.01868797e+00  -9.63321705e-01 
  7.04401938e+00   2.47362673e+00  -3.86161597e+00 
  4.40174204e+00   6.20073355e+00  -7.42130433e+00 
  5.17690721e+00   6.22113968e+00  -1.11490016e+01 
  2.55961470e+00   7.57790627e-01  -1.23725053e+01 
  1.03291150e+00   9.83813015e+00  -1.36756617e+01 
  6.55901248e-01   6.20653716e+00  -1.25860822e+01 
 -8.59826855e-01   6.15344250e+00  -9.10090260e+00 
 -1.05080853e+00   9.63387949e+00  -7.55241359e+00 
 -3.55662776e+00   9.19366515e+00  -2.45724013e+00 
 -2.08215825e+00   6.04291050e+00  -8.92519165e-01 
  9.58613726e-02   6.06347484e+00   2.26103230e+00 
  1.96019526e-01   2.22392036e+00   2.02683269e+00 
 -3.54225666e+00   1.97729648e+00   2.67680937e+00 
 -4.84238758e+00   2.39821459e+00   6.21371667e+00 
 -8.40707500e+00   3.51503029e+00   5.56215636e+00 
 -1.02692519e+01   6.14683978e+00   3.63000883e+00 
 -1.17690828e+01   3.81521328e+00   1.03243864e+00 
 -1.37032153e+01   4.13973754e+00   6.34000927e+00 
 -1.44022186e+01   1.12448110e+00   4.15047352e+00 
 -1.57850852e+01   1.82757525e-01   7.77135193e-01 
 -1.38544319e+01   2.00802221e-02  -2.40363823e+00 
 -1.43989916e+01  -1.68618878e+00  -5.75757276e+00 
 -1.12634425e+01   5.91409258e-02  -7.09570909e+00 
 -8.32514653e+00   5.70292379e+00  -1.71452937e+00 
 -7.11656513e+00   8.45894252e+00   5.72202538e-01 
 -5.19628939e+00   6.23395037e+00   2.93778235e+00 
 -3.09149007e+00   6.92639367e+00   6.00469135e+00 
 -6.79261692e+00   1.07774244e+01   5.93005078e+00 
 -3.15856242e+00   1.16794131e+01   5.33702658e+00 

   2.494262659966e+00 

 -4.28367103e+00  -4.05445222e+00   5.84950734e+00 
 -3.55057451e+00  -3.50094050e+00   4.68576773e+00 
 -4.36965089e+00  -2.76683021e+00   3.82597889e+00 
 -4.37132859e+00  -2.93563961e+00   2.42826337e+00 
 -3.55910070e+00  -3.98079566e+00   1.91128415e+00 
 -4.00579267e+00  -4.97689234e+00   9.24681843e-01 
 -2.39310924e+00  -4.13185585e+00   2.68379310e+00 
 -1.29138498e+00  -4.51792227e+00   1.93961993e+00 
 -9.84648381e-01  -3.78262991e+00   8.12056562e-01 
 -2.01697346e+00  -3.08154545e+00   4.68821462e-02 
 -1.80862816e+00  -1.68014956e+00  -9.77395573e-03 
 -2.41955135e+00  -3.46275857e+00  -1.30557618e+00 
 -1.85288780e+00  -4.42856584e+00  -2.14625190e+00 
 -5.09128196e-01  -4.84931944e+00  -1.88712553e+00 
 -3.33311824e-01  -6.00898793e+00  -2.86417515e+00 
 -8.57899617e-01  -5.74209190e+00  -4.13202811e+00 
 -7.21867197e-01  -4.33415553e+00  -4.23768772e+00 
 -1.86823906e+00  -3.79382277e+00  -3.43556195e+00 
 -2.49064772e+00  -4.23893540e+00   4.08108533e+00 
  3.82644241e+00  -7.88525160e+00  -7.50752945e+00 
  5.95986562e+00  -5.86083274e+00  -5.14530734e+00 
  9.66165188e+00  -5.23724536e+00  -4.37796820e+00 
  1.14157829e+01  -7.53008969e+00  -1.93973010e+00 
  1.25460614e+01  -1.30275422e+01   3.34485782e-01 
  1.05180451e+01  -1.03217330e+01   2.02927104e+00 
  8.13375333e+00  -7.70737723e+00   5.76702587e-01 
  9.24492344e+00  -4.15161852e+00   1.46292593e+00 
  6.02883641e+00  -2.49082377e+00   2.64501260e+00 
  5.87471790e+00   1.08622647e+00   3.91871381e+00 
  2.10604917e+00   7.30665458e-01   4.10492218e+00 
  1.98373861e+00  -1.72921613e+00   7.09689824e+00 
  3.74077686e+00  -2.41061476e+00   1.03776866e+01 
  4.06656758e+00  -6.17906998e+00   1.08167749e+01 
  7.01784168e+00  -8.42264521e+00   1.00217123e+01 
  5.17636491e+00  -1.15764480e+01   8.88906939e+00 
 -4.98631739e+00  -9.50033611e+00   9.60007293e+00 
 -8.01134339e+00  -9.42459297e+00   7.33033851e+00 
 -6.17750425e+00  -1.22126026e+01   4.87405630e+00 
 -3.41646695e+00  -1.38472682e+01   6.76686860e+00 
  4.21074150e+00  -1.32855398e+01   1.28634464e+01 
 -5.25151134e+00  -1.41860556e+01  -1.48837784e+00 
 -2.10461951e+00  -1.30546016e+01   3.52020936e-01 
  7.53894448e-01  -1.47580888e+01  -1.43497944e+00 
  1.09268750e+00  -1.38196965e+01  -5.10330479e+00 
  6.17616699e+00  -1.27973915e+01  -6.81563844e+00 
  8.49173216e+00  -1.33308095e+01  -1.89522213e+00 
  6.83913410e+00  -1.26522693e+01   3.74146734e+00 
  6.25477667e+00  -8.97066290e+00   4.33530542e+00 
  8.30810556e+00  -6.30281230e+00   6.13164289e+00 
  5.96445961e+00  -3.62913205e+00   7.48617116e+00 
  5.35091767e+00   1.89479474e+00   9.11530571e+00 
  4.66229698e+00   2.79116684e+00   1.27511458e+01 
 -1.06085390e+00   4.63784928e-01   1.29067035e+01 
  3.28335940e+00   8.68503756e+00   1.27641989e+01 
  1.05224455e+00   5.73438931e+00   1.18512033e+01 
  1.12771884e+00   5.29946823e+00   8.07603569e+00 
  3.74495078e+00   7.52183240e+00   6.41505719e+00 
  3.42214072e+00   6.76621765e+00   7.79583811e-01 
  2.93677986e+00   3.01264675e+00   3.05466895e-01 
  5.50156620e+00   7.45865483e-01  -1.41865795e+00 
  3.02718111e+00  -2.16041767e+00  -9.30876120e-01 
  5.01664476e-01  -5.47711541e-01  -3.27160039e+00 
  1.04768922e+00  -7.55458265e-01  -7.01804671e+00 
 -9.14249761e-01   2.25921533e+00  -8.21858395e+00 
 -1.15197930e+00   5.95487116e+00  -7.57601557e+00 
 -4.54787654e+00   5.89380605e+00  -5.87381156e+00 
 -3.91405961e+00   5.33822758e+00  -1.14689949e+01 
 -7.06025450e+00   4.17790897e+00  -9.69993071e+00 
 -9.74020534e+00   5.38620155e+00  -7.34695601e+00 
 -9.56653813e+00   5.32488180e+00  -3.62709991e+00 
 -1.21518557e+01   5.48743781e+00  -8.43844684e-01 
 -9.30870835e+00   5.58706432e+00   1.72033436e+00 
 -1.86783625e+00   6.42672777e+00  -1.93637998e+00 
  1.49619992e+00   7.07858195e+00  -3.53129707e+00 
  2.17922424e+00   3.51093198e+00  -4.55079284e+00 
  5.09616116e+00   1.82748985e+00  -6.27505658e+00 
  4.98741765e+00   6.80395024e+00  -8.21347251e+00 
  7.88070655e+00   5.72863167e+00  -6.01251123e+00 

   2.494262677378e+00 

