  4.65906035e-01  -3.91072179e+00   3.22811316e-01 
  1.81715047e+00  -3.37159999e+00   2.82152278e-01 
  2.56639390e+00  -4.70233128e+00   2.12290239e-01 
  3.84246711e+00  -4.04781013e+00  -1.02461361e-01 
  4.33179527e+00  -4.45941227e+00   1.50100711e+00 
  3.41933643e+00  -2.95777762e+00   2.21933948e+00 
  2.41070613e+00  -2.71893809e+00   1.40211984e+00 
  4.42753380e+00  -2.19660602e+00   2.78178259e+00 
  3.85598442e+00  -2.54810999e+00  -2.85543512e-01 
  4.16240738e+00  -1.75021754e+00  -1.43523198e+00 
  4.51423845e+00  -6.20444283e-01  -2.01202796e+00 
  5.83159477e+00  -5.05237857e-01  -1.64081701e+00 
  6.21301987e+00  -1.70349609e+00  -1.39892961e+00 
  5.36734015e+00  -2.54742290e+00  -7.16620299e-01 
  1.82780292e+00  -2.96598283e+00  -1.14236967e+00 
  7.17989342e-01  -2.25214540e+00  -1.69995268e+00 
  6.57804137e-01  -1.99959794e+00  -3.08966456e+00 
  1.96839461e+00  -2.04534167e+00  -3.62740226e+00 
  2.46386267e+00  -3.34068426e+00  -3.50361531e+00 
  2.24605738e+00  -3.85990525e+00  -2.21223113e+00 
  2.45744912e+00  -5.16635382e+00  -2.01638676e+00 
  2.31729763e+00  -1.23250487e+00  -4.67382536e+00 
  5.80543783e+00   6.30062820e+00  -5.55009120e+00 
  3.99820873e+00   6.68746769e+00  -2.28752922e+00 
  1.89580549e+00   9.45426731e+00  -5.32378486e-01 
 -1.86176561e+00   9.66770054e+00  -1.16076227e+00 
 -5.69643868e+00   6.73649899e+00  -2.34646643e+00 
 -2.28416461e+00   5.56534942e+00  -1.16360990e+00 
 -1.87041477e+00   5.97410847e+00   2.61467016e+00 
 -4.34005349e-01   2.63259723e+00   3.78075242e+00 
  2.89090951e-01   1.80441603e+00   7.41905596e+00 
  1.82637037e+00  -1.51320477e+00   6.30202940e+00 
 -1.28224951e+00  -3.27075650e+00   4.98962098e+00 
 -4.88241534e+00  -3.65055343e+00   6.06632447e+00 
 -7.03410302e+00  -3.60309875e+00   2.93873167e+00 
 -8.96488672e+00  -6.97303378e-01   1.45118298e+00 
 -8.68464209e+00  -1.56468948e+00  -2.25164678e+00 
 -9.55434922e+00   6.05744326e-01  -5.25355324e+00 
 -3.49344952e+00  -1.05278472e+01  -2.74278180e+00 
 -1.18032783e-01  -1.16845491e+01  -4.10768324e+00 
 -5.20109598e-01  -8.85478526e+00  -7.14444563e+00 
 -4.10130106e+00  -7.62709509e+00  -7.29764071e+00 
 -7.35791458e+00  -9.51567692e+00  -7.44190391e+00 
 -1.20050418e+01  -4.51210702e+00  -2.45859868e+00 
  6.20582337e-02  -7.14806317e+00  -1.20259476e+01 
  2.76889039e+00  -4.57476336e+00  -1.11518008e+01 
  2.33985295e-01  -2.95602073e+00  -8.78985560e+00 
 -4.72516648e-01   4.77160205e-01  -1.01524501e+01 
  2.54192735e+00   2.74766308e+00  -1.06114833e+01 
  1.88215429e+00   7.91041920e+00  -9.02248363e+00 
 -1.49176084e+00   9.67157218e+00  -9.51883058e+00 
 -3.16924225e+00   7.22647895e+00  -7.04481573e+00 
 -6.37551291e+00   2.79119671e+00  -4.70424438e+00 
 -4.71918524e+00   1.88945799e+00  -1.39121164e+00 
 -5.77759570e+00   2.53063002e+00   2.18399793e+00 
 -4.43181216e+00  -1.54571558e-01   4.49992582e+00 
 -2.87606585e+00  -1.63660912e+00   9.87269392e+00 
 -4.74161992e+00  -4.32425667e+00   1.17963240e+01 
 -2.92160845e+00  -9.07930557e+00   8.23134700e+00 
 -6.06502793e+00  -8.26439287e+00   6.25061067e+00 
 -9.19576035e-01  -6.81157453e+00   1.31054347e+01 
  1.57357427e+00  -4.53888668e+00   1.14443938e+01 
  2.43649889e+00  -1.44610568e+00   1.35095071e+01 
  6.40232075e+00   1.55807185e+00   1.07065531e+01 
  5.29625858e+00   1.42214356e+00   7.07444367e+00 
  4.36978519e+00   4.32794921e+00   4.85365501e+00 
  3.84316464e+00   2.08832732e+00   1.96950343e+00 
  7.57740900e+00   1.11364192e+00   1.77573127e+00 
  1.00137007e+01   3.60738275e+00   3.36520043e-01 
  1.32591094e+01   2.72873388e+00   2.11278034e+00 
  1.83559811e+01  -1.52662551e+00   1.90410667e+00 
  1.13924980e+01  -9.85373783e+00   6.78496672e+00 
  9.57294158e+00   3.34349738e+00   5.40465529e+00 
  8.67248438e+00   6.65160431e+00   3.89227894e+00 
  8.91254402e+00   8.92998763e+00   8.15546177e+00 

   1.505065117108e+01 

  1.11516340e+00   1.37402557e+00   2.11709565e+00 
  1.58628762e+00   6.82656653e-02   1.67983137e+00 
  2.99569395e+00   1.52410184e-01   2.26599320e+00 
  3.44383791e+00  -1.04432619e+00   1.54293137e+00 
  3.42594981e+00  -1.84872808e+00   3.07021233e+00 
  1.55356623e+00  -2.13837769e+00   2.95285827e+00 
  1.07630026e+00  -1.14679999e+00   2.22401109e+00 
  1.43289433e+00  -3.51579643e+00   2.93435642e+00 
  2.48087620e+00  -1.71102398e+00   5.88457110e-01 
  2.54858072e+00  -1.89364392e+00  -8.30830396e-01 
  2.19822302e+00  -2.49425479e+00  -1.94858815e+00 
  2.78746185e+00  -3.72720945e+00  -1.81031976e+00 
  3.76171474e+00  -3.53922157e+00  -1.00080800e+00 
  3.57081411e+00  -2.73048194e+00   9.57456088e-02 
  1.84795761e+00   4.14098029e-01   2.63557969e-01 
  8.81315893e-01   1.15445211e+00  -4.91179391e-01 
  1.19254854e+00   1.61659442e+00  -1.79051010e+00 
  2.23157638e+00   8.18399819e-01  -2.33107300e+00 
  3.38767428e+00   1.00962872e+00  -1.57901358e+00 
  3.12773490e+00   9.32866189e-01  -1.96536920e-01 
  4.08995781e+00   1.32450155e+00   6.46432940e-01 
  2.27611152e+00   5.55279837e-01  -3.67503088e+00 
 -4.77013681e-01  -5.49387275e+00  -8.72588351e+00 
 -3.08375743e+00  -5.52488591e+00  -6.03071047e+00 
 -6.95484151e+00  -5.89500033e+00  -5.84752479e+00 
 -9.17363204e+00  -2.80732143e+00  -6.16841122e+00 
 -9.04872651e+00   2.08049034e+00  -5.27608333e+00 
 -6.58649990e+00  -4.86466250e-01  -3.94848054e+00 
 -8.03883659e+00  -2.47006865e+00  -1.02107337e+00 
 -5.27821538e+00  -2.42835085e+00   1.61823476e+00 
 -5.62992139e+00  -4.00101810e+00   5.06047613e+00 
 -1.96411970e+00  -3.16726578e+00   5.75642093e+00 
 -2.15971087e+00   6.31030484e-01   5.85445738e+00 
 -4.51250201e+00   3.22347348e+00   7.27161763e+00 
 -4.68885612e+00   6.09794461e+00   4.79772119e+00 
 -7.32977500e+00   6.77958766e+00   2.16233057e+00 
 -5.16158471e+00   8.41180329e+00  -5.16599616e-01 
 -6.07057499e+00   9.20287176e+00  -4.12583265e+00 
  4.42806653e+00   8.87302192e+00   3.40178743e+00 
  7.81711543e+00   7.31306218e+00   2.58006575e+00 
  6.75108838e+00   7.43114150e+00  -1.44992169e+00 
  3.75815137e+00   9.70511034e+00  -1.92638568e+00 
  3.12264722e+00   1.32313704e+01  -7.62465955e-01 
 -5.07822813e+00   1.25255484e+01   1.16426520e+00 
  7.76313030e+00   8.03457125e+00  -6.51870106e+00 
  7.31123210e+00   4.32558733e+00  -7.38597900e+00 
  3.74235298e+00   4.61664050e+00  -6.04312879e+00 
  1.44036588e+00   4.03379229e+00  -8.95923635e+00 
  1.88945600e+00   7.45688184e-01  -1.08138136e+01 
 -2.69505029e+00  -1.85334329e+00  -1.21708725e+01 
 -5.80149249e+00   1.32115652e-01  -1.32382492e+01 
 -6.06733560e+00   1.67678396e+00  -9.70887225e+00 
 -5.84128293e+00   5.43713737e+00  -5.10031318e+00 
 -5.44640688e+00   3.29368018e+00  -1.97262966e+00 
 -7.88747642e+00   2.43099422e+00   7.86067509e-01 
 -6.07075749e+00   1.78113019e+00   4.05136564e+00 
 -6.11083140e+00  -7.98539365e-01   9.23085577e+00 
 -6.11665211e+00   1.22405583e+00   1.24422681e+01 
 -3.58327493e-01   3.47916773e+00   1.18192424e+01 
 -2.10789077e+00   6.31634243e+00   9.98677045e+00 
 -2.53743616e+00  -1.07529367e+00   1.45424456e+01 
 -1.95729881e+00  -3.49070147e+00   1.17194664e+01 
 -4.35031047e+00  -6.46523531e+00   1.17358844e+01 
 -2.94318513e+00  -9.94911560e+00   7.43565739e+00 
 -2.16026012e+00  -7.61108273e+00   4.54520763e+00 
 -3.90833759e+00  -7.43391497e+00   1.20652549e+00 
 -1.59212770e+00  -4.82007712e+00   1.71604967e-02 
  1.44997333e+00  -7.20260386e+00   5.36006727e-02 
  1.75833045e+00  -9.76631121e+00  -2.69556465e+00 
  3.69173500e+00  -1.25735542e+01  -1.00999761e+00 
  9.85170679e+00  -1.44293379e+01   6.45461076e-01 
  9.51333948e+00  -6.81698841e+00   9.78829069e+00 
 -2.37931672e-01  -1.12521698e+01   1.74932687e+00 
 -2.51586000e+00  -1.15643081e+01  -1.20960691e+00 
 -5.55426074e+00  -1.45052968e+01   1.14455832e+00 

   1.505065117110e+01 

 -2.91075891e+00   1.77843132e+00  -8.05767481e-01 
 -1.46272315e+00   1.79136414e+00  -9.51342808e-01 
 -1.35790572e+00   3.02744951e+00  -1.84476234e+00 
  5.74792892e-02   2.77729984e+00  -2.14466196e+00 
  4.05723977e-01   4.13000723e+00  -1.13032579e+00 
  2.59727162e-01   3.06095306e+00   4.31499174e-01 
 -5.90836543e-01   2.09623894e+00   1.34690493e-01 
  1.52373033e+00   3.11693844e+00   9.89484866e-01 
  7.00494171e-01   1.52753569e+00  -1.59020393e+00 
  1.25884763e+00   3.89513580e-01  -2.25763036e+00 
  2.02922430e+00  -6.77054562e-01  -2.30027442e+00 
  3.28680604e+00  -1.24848859e-01  -2.29287401e+00 
  3.13205957e+00   1.05641078e+00  -2.76244468e+00 
  2.04323690e+00   1.79582844e+00  -2.36162131e+00 
 -1.35294366e+00   7.07225244e-01  -1.95458398e+00 
 -2.07879151e+00  -5.15566483e-01  -1.78116491e+00 
 -2.09652698e+00  -1.48650753e+00  -2.80861831e+00 
 -9.60331636e-01  -1.30740599e+00  -3.63679976e+00 
 -1.05960814e+00  -7.76964675e-02  -4.28230955e+00 
 -1.41173346e+00   9.52427454e-01  -3.38813107e+00 
 -1.76853887e+00   2.13527766e+00  -3.90136071e+00 
 -3.51954404e-01  -2.38657249e+00  -4.22221850e+00 
  5.96817647e+00  -7.50128172e+00  -2.33045926e+00 
  4.66880578e+00  -6.62523878e+00   1.07603704e+00 
  4.04165680e+00  -8.50036707e+00   4.42960405e+00 
  7.08025679e-01  -1.02584697e+01   5.02604270e+00 
 -4.06615274e+00  -9.92458472e+00   3.68503724e+00 
 -1.42469519e+00  -7.24235405e+00   3.19239562e+00 
 -6.83061313e-01  -5.36260730e+00   6.43742326e+00 
 -7.52867073e-01  -1.67676534e+00   5.43821681e+00 
 -2.67134300e-01   1.18215235e+00   7.89517799e+00 
 -3.52649569e-01   3.64044659e+00   4.96822382e+00 
 -3.97679149e+00   3.24364224e+00   3.88053674e+00 
 -7.33418310e+00   2.92282381e+00   5.58045649e+00 
 -9.41683700e+00   4.67078917e-01   3.56905936e+00 
 -9.99584899e+00  -3.22297831e+00   4.22677986e+00 
 -1.03028185e+01  -4.47737517e+00   6.38729948e-01 
 -1.03153328e+01  -8.07211721e+00  -6.08783110e-01 
 -9.46727222e+00   3.88528000e+00  -5.43545737e+00 
 -6.98346278e+00   5.15729713e+00  -8.04448333e+00 
 -6.29410566e+00   1.19174630e+00  -9.13551431e+00 
 -9.01117882e+00  -1.02981296e+00  -7.70799475e+00 
 -1.27650198e+01  -7.39185691e-01  -7.83951754e+00 
 -1.45694565e+01  -3.42692812e+00  -3.02356724e-02 
 -5.29003935e+00  -2.58544663e+00  -1.25714341e+01 
 -1.70288279e+00  -3.18908454e+00  -1.13545226e+01 
 -3.17951044e+00  -3.99411252e+00  -7.91993996e+00 
 -2.42164016e+00  -7.61434783e+00  -7.24018348e+00 
  1.24568003e+00  -8.60807659e+00  -7.36680556e+00 
  2.93528982e+00  -1.19377045e+01  -3.40788295e+00 
  6.15499679e-01  -1.46877117e+01  -2.07096221e+00 
 -1.81602407e+00  -1.20173850e+01  -7.03401685e-01 
 -6.48423222e+00  -8.39673575e+00   2.38573936e-02 
 -5.20399204e+00  -5.34735867e+00   1.91991237e+00 
 -5.70269905e+00  -4.24749336e+00   5.50530570e+00 
 -5.51524751e+00  -4.71238594e-01   5.80484657e+00 
 -4.46800145e+00   4.11256991e+00   9.17758941e+00 
 -7.20106906e+00   6.60739733e+00   1.00203656e+01 
 -7.77035148e+00   8.93405956e+00   4.28498825e+00 
 -1.03620230e+01   6.18134826e+00   3.86749059e+00 
 -4.74502482e+00   1.05081660e+01   8.89769423e+00 
 -1.60901186e+00   8.68481508e+00   7.90735109e+00 
  5.96139018e-01   7.71525712e+00   1.08690892e+01 
  5.31551223e+00   5.19774454e+00   8.86933343e+00 
  4.07277527e+00   2.95688588e+00   6.06429752e+00 
  4.36294632e+00  -7.97741776e-01   5.83509550e+00 
  2.78366087e+00  -8.18819664e-01   2.50088212e+00 
  5.72914382e+00   1.07007472e+00   8.61263743e-01 
  8.91955045e+00  -8.21656798e-01   1.76978027e-01 
  1.15656193e+01   1.90279792e+00   3.65309671e-01 
  1.43401424e+01   6.76327656e+00  -3.21344681e+00 
  4.74852647e+00   1.35113542e+01  -1.18415012e+00 
  8.66863570e+00   1.99340042e+00   4.41518444e+00 
  9.19032648e+00  -1.67668247e+00   4.96291355e+00 
  1.05980922e+01  -1.03026366e+00   9.54807717e+00 

   1.505065117107e+01 

 -2.19745699e+00  -1.96610067e+00   1.27545583e+00 
 -2.45261522e+00  -5.34799629e-01   1.20883282e+00 
 -3.87597515e+00  -5.54514330e-01   1.76628232e+00 
 -3.91359672e+00   9.05828974e-01   1.91396916e+00 
 -5.00209010e+00   9.10790286e-01   5.74145623e-01 
 -3.56417374e+00   7.93486303e-01  -6.59598871e-01 
 -2.59460699e+00   1.56605556e-01  -2.98763816e-02 
 -3.65691397e+00   1.96561183e+00  -1.38740887e+00 
 -2.66905155e+00   1.69502859e+00   1.58069256e+00 
 -1.82757001e+00   2.50608554e+00   2.40918886e+00 
 -9.27084630e-01   3.44911504e+00   2.58998666e+00 
 -1.63272722e+00   4.58529600e+00   2.27748182e+00 
 -2.85977858e+00   4.27768144e+00   2.47631780e+00 
 -3.31148134e+00   3.04268537e+00   2.07174154e+00 
 -1.68356527e+00  -1.38435281e-01   2.41106358e+00 
 -3.66135436e-01  -6.56371780e-01   2.63076666e+00 
  3.06606754e-01  -4.02002974e-01   3.84790098e+00 
 -2.35375692e-01   7.64426954e-01   4.44338234e+00 
 -1.56106645e+00   5.20672098e-01   4.79245510e+00 
 -2.27143385e+00  -9.27485003e-02   3.74183814e+00 
 -3.48226398e+00  -5.94176090e-01   4.01074355e+00 
  5.63335467e-01   1.60602026e+00   5.17223045e+00 
  5.03660118e+00   8.48813675e+00   3.65255092e+00 
  5.24211584e+00   6.71808844e+00   3.53350249e-01 
  7.97191567e+00   6.08641282e+00  -2.34942839e+00 
  1.02795117e+01   3.06278304e+00  -2.04541530e+00 
  1.03011319e+01  -1.53623689e+00  -1.60978407e-01 
  7.23368141e+00   6.39335534e-01  -6.82501608e-01 
  6.14732504e+00   7.12343813e-01  -4.34694866e+00 
  2.37734054e+00   1.09879012e-01  -4.23306104e+00 
  1.91433652e-01  -1.56649693e-01  -7.33092783e+00 
 -2.88753772e+00  -3.67096644e-01  -5.07410896e+00 
 -2.26630671e+00  -3.73907307e+00  -3.42524017e+00 
 -1.05273605e+00  -7.14585800e+00  -4.51418136e+00 
  1.08689599e+00  -8.55871338e+00  -1.71424152e+00 
  4.86712424e+00  -8.55654147e+00  -1.40725107e+00 
  5.20655871e+00  -8.27667138e+00   2.38066407e+00 
  8.33444180e+00  -7.54243112e+00   4.41925530e+00 
 -4.44859914e+00  -8.28316884e+00   6.16296191e+00 
 -6.67757223e+00  -5.80399525e+00   8.02836556e+00 
 -3.25518459e+00  -4.33403198e+00   9.90389903e+00 
 -3.82132213e-01  -6.75805248e+00   9.42922157e+00 
 -1.59278989e-01  -1.04727273e+01   1.00162584e+01 
  4.63957929e+00  -1.25702105e+01   3.38026881e+00 
 -6.49247380e-01  -2.35009543e+00   1.39479030e+01 
 -2.75047247e-01   1.14502366e+00   1.24126306e+01 
  1.57182028e+00  -5.11688892e-01   9.50243452e+00 
  5.10052779e+00   7.86049765e-01   9.58390567e+00 
  5.49786012e+00   4.56339913e+00   9.42103655e+00 
  9.44281933e+00   6.39094837e+00   6.14817360e+00 
  1.27422930e+01   4.45649328e+00   5.82773570e+00 
  1.08772978e+01   1.47484926e+00   4.23250328e+00 
  8.25951012e+00  -3.79708335e+00   3.34701563e+00 
  5.63678042e+00  -3.26105780e+00   6.32848100e-01 
  5.55924004e+00  -4.30339448e+00  -3.00321837e+00 
  1.99364922e+00  -4.80127313e+00  -4.19638295e+00 
 -1.69219307e+00  -4.90805164e+00  -8.65582063e+00 
 -3.47864632e+00  -8.10159206e+00  -9.66278560e+00 
 -7.07106226e+00  -8.47814964e+00  -4.60464913e+00 
 -4.17277157e+00  -1.05003723e+01  -3.19787554e+00 
 -7.84493284e+00  -6.25381483e+00  -9.83541650e+00 
 -6.79574447e+00  -2.76627406e+00  -8.89934570e+00 
 -5.43459031e+00  -7.39289962e-01  -1.18341746e+01 
 -4.20087772e+00   4.52177701e+00  -9.98796115e+00 
 -2.58660562e+00   3.97538746e+00  -6.59242685e+00 
  9.08054988e-01   4.93035723e+00  -5.53917402e+00 
  3.12089553e-01   3.72521342e+00  -2.10347630e+00 
 -2.32854662e+00   6.45192110e+00  -1.37942764e+00 
 -1.14446069e+00   9.97346804e+00  -7.29629347e-01 
 -4.08124193e+00   1.20771300e+01  -1.91694761e+00 
 -1.00308617e+01   1.43208646e+01   5.91676513e-03 
 -1.46130738e+01   3.55364037e+00  -2.16753967e+00 
 -2.73432876e+00   8.81188048e+00  -5.42781338e+00 
  8.42403523e-01   9.90021789e+00  -5.17446596e+00 
  1.17971748e+00   1.07024613e+01  -9.93534942e+00 

   1.505065117077e+01 

  9.53931263e-01   2.72248515e+00  -1.74644814e+00 
  1.13412187e+00   1.43011088e+00  -2.39101550e+00 
  1.38799773e+00   1.94222212e+00  -3.80889466e+00 
  1.82201770e+00   6.22276792e-01  -4.28344746e+00 
  3.26201151e-01   5.52607518e-01  -5.14231213e+00 
 -6.01667220e-01  -4.39221518e-03  -3.58272862e+00 
  6.02154084e-02   5.08146698e-01  -2.56221767e+00 
 -1.07729145e+00  -1.26035091e+00  -3.91217631e+00 
  1.90630157e+00  -5.09127668e-01  -3.28563861e+00 
  3.03106999e+00  -1.26962813e+00  -2.82864187e+00 
  3.57311747e+00  -2.33057577e+00  -2.26878389e+00 
  3.36929506e+00  -3.29641287e+00  -3.22382989e+00 
  3.25828153e+00  -2.65362188e+00  -4.32578867e+00 
  2.52894082e+00  -1.48719152e+00  -4.34664534e+00 
  2.51819493e+00   1.16926273e+00  -1.93253804e+00 
  2.87883865e+00   1.38126324e+00  -5.62450178e-01 
  4.22934062e+00   1.28095296e+00  -1.56514400e-01 
  4.93449602e+00   4.73634461e-01  -1.08381932e+00 
  4.96151356e+00   1.11885512e+00  -2.31738511e+00 
  3.68973906e+00   1.60617967e+00  -2.67767263e+00 
  3.60931911e+00   2.44382759e+00  -3.71773414e+00 
  5.96163017e+00  -3.29769153e-01  -6.63133722e-01 
  6.78608200e+00  -8.26200461e+00   1.80323559e+00 
  3.29820773e+00  -7.48374925e+00   2.93861401e+00 
  1.10690103e+00  -8.24888982e+00   6.06408493e+00 
  1.22677557e+00  -5.91766543e+00   9.08249236e+00 
  2.09478702e+00  -1.14796572e+00   1.01775153e+01 
  1.44448620e+00  -2.55127261e+00   6.71021176e+00 
 -2.26674252e+00  -3.26763675e+00   6.13813054e+00 
 -3.01424388e+00  -1.73785424e+00   2.71910663e+00 
 -6.46550030e+00  -1.72112067e+00   1.12707835e+00 
 -4.94267074e+00  -1.92994021e-01  -2.02940755e+00 
 -3.93221807e+00   3.22052629e+00  -6.87101306e-01 
 -5.43984377e+00   5.83326862e+00   1.58564424e+00 
 -2.62798182e+00   7.32463448e+00   3.65521154e+00 
 -1.59796472e+00   6.45940573e+00   7.20131046e+00 
  2.15886184e+00   7.06230776e+00   6.94713081e+00 
  4.87321059e+00   6.10828481e+00   9.43726471e+00 
  3.90798347e+00   1.04173290e+01  -2.70752075e+00 
  5.77258760e+00   9.11955600e+00  -5.77890320e+00 
  8.53877599e+00   7.36308454e+00  -3.19933638e+00 
  8.14472970e+00   8.79756165e+00   2.85290867e-01 
  7.98887436e+00   1.23647164e+01   1.48703991e+00 
  2.12636531e+00   1.14708597e+01   7.51172595e+00 
  1.33316770e+01   5.87215216e+00  -1.82598238e+00 
  1.26490283e+01   2.12432515e+00  -2.27400946e+00 
  9.87672481e+00   2.48582335e+00   3.35302530e-01 
  1.09073721e+01   4.14493895e-01   3.30007916e+00 
  1.16035541e+01  -3.25924943e+00   2.61326919e+00 
  9.60637192e+00  -6.77031375e+00   6.25990623e+00 
  9.54365763e+00  -5.86127756e+00   9.98831655e+00 
  7.03897800e+00  -3.00754340e+00   9.28407543e+00 
  4.59871593e+00   2.35406405e+00   8.43057618e+00 
  1.59525152e+00   1.82470331e+00   6.14328111e+00 
 -2.12145711e+00   1.90808924e+00   6.84512262e+00 
 -4.06148157e+00   2.96167079e+00   3.76109379e+00 
 -9.07766006e+00   2.86078740e+00   8.78179517e-01 
 -1.10462801e+01   6.04064703e+00   2.32329622e-01 
 -6.97034347e+00   8.55382592e+00  -3.73032930e+00 
 -5.47233192e+00   1.00775503e+01  -5.83472066e-01 
 -1.16817599e+01   5.35446573e+00  -4.41889184e+00 
 -9.86417963e+00   2.06512621e+00  -4.54778243e+00 
 -1.19986398e+01  -9.05249360e-01  -3.45435902e+00 
 -8.90822172e+00  -5.67174280e+00  -4.03679602e+00 
 -5.44941845e+00  -4.71115258e+00  -2.79260332e+00 
 -3.56359254e+00  -6.20981090e+00   1.11126280e-01 
 -6.31249410e-01  -4.07314719e+00  -5.57901134e-01 
  1.09304600e-01  -5.78613467e+00  -3.94159643e+00 
  1.68550122e+00  -9.21257228e+00  -3.91478295e+00 
  4.07219557e-01  -1.07479291e+01  -7.15028568e+00 
  1.55510749e+00  -1.08857210e+01  -1.36919289e+01 
 -3.63026008e+00  -2.16870243e-01  -1.46621241e+01 
 -3.36855522e+00  -8.90764967e+00  -4.47463534e+00 
 -2.20667500e+00  -1.07519368e+01  -1.42663332e+00 
 -6.54311925e+00  -1.27793800e+01  -7.13813381e-01 

   1.505065117111e+01 

  1.28283338e+00  -6.38331574e-01  -2.13573028e+00 
  1.98600673e+00  -1.57017656e+00  -1.26660474e+00 
  2.99060258e+00  -2.09062559e+00  -2.29471565e+00 
  3.43146693e+00  -3.18120552e+00  -1.41602152e+00 
  4.89651625e+00  -2.29040909e+00  -1.21581718e+00 
  4.09999302e+00  -1.17824541e+00   1.00287620e-01 
  2.81350474e+00  -1.13231286e+00  -1.91371879e-01 
  4.83869195e+00  -1.43493006e+00   1.24073634e+00 
  2.73921879e+00  -3.35701532e+00  -8.45992091e-02 
  1.94776286e+00  -4.43881299e+00   4.20991493e-01 
  1.40068653e+00  -5.12637866e+00   1.40120950e+00 
  2.49468962e+00  -5.71800452e+00   1.98399079e+00 
  3.37810412e+00  -5.76422616e+00   1.05810748e+00 
  3.53202832e+00  -4.67737516e+00   2.28652928e-01 
  9.78620432e-01  -2.65593463e+00  -1.28087188e+00 
 -4.09934573e-01  -2.35740335e+00  -1.09394108e+00 
 -1.38532596e+00  -3.36730945e+00  -1.25947896e+00 
 -7.77902658e-01  -4.63459325e+00  -1.07527652e+00 
  1.52321689e-01  -4.84287485e+00  -2.09017831e+00 
  9.80497752e-01  -3.71842155e+00  -2.27573653e+00 
  1.76065513e+00  -3.68505382e+00  -3.36205620e+00 
 -1.48373382e+00  -5.66706129e+00  -5.15588642e-01 
 -2.55483130e+00  -8.77223293e+00   7.15863567e+00 
 -2.00752014e+00  -5.13595775e+00   7.89211077e+00 
 -3.50925414e+00  -2.48468529e+00   1.03152044e+01 
 -6.58536649e+00  -4.84172389e-01   9.26866670e+00 
 -8.80861862e+00   1.20961363e+00   5.15882571e+00 
 -5.26217328e+00  -1.27780459e-01   5.37895487e+00 
 -2.86852028e+00   2.43163686e+00   6.90652837e+00 
  1.49334800e-01   2.42651530e+00   4.56532314e+00 
  3.16238365e+00   4.70093310e+00   5.00641886e+00 
  4.87110173e+00   2.91262988e+00   2.09097068e+00 
  2.61393808e+00   4.00963786e+00  -7.68523496e-01 
  9.04539905e-01   7.19968748e+00  -1.84846406e+00 
 -2.48812781e+00   6.26615833e+00  -3.27400881e+00 
 -5.87095763e+00   6.36403572e+00  -1.56191773e+00 
 -7.55541643e+00   3.41279759e+00  -3.29241944e+00 
 -1.08183123e+01   1.68720728e+00  -2.36804718e+00 
 -7.00632742e-01  -2.03519650e-01  -1.01816925e+01 
  1.28576533e+00  -3.43205732e+00  -1.06561613e+01 
 -1.93280721e+00  -5.50498739e+00  -9.00240600e+00 
 -5.00129768e+00  -3.28334445e+00  -8.93688504e+00 
 -6.60883538e+00  -1.20812074e+00  -1.16391718e+01 
 -8.82712517e+00   5.50361617e+00  -7.00272781e+00 
 -5.13016299e+00  -9.59151783e+00  -8.60483045e+00 
 -3.73746817e+00  -1.07690293e+01  -5.23039533e+00 
 -4.72304908e+00  -7.35410562e+00  -3.81908964e+00 
 -7.38705518e+00  -7.97965656e+00  -1.23949715e+00 
 -6.46073968e+00  -1.03561946e+01   1.57950520e+00 
 -8.00373590e+00  -8.82758945e+00   6.56917456e+00 
 -1.13443940e+01  -7.01094779e+00   7.08988558e+00 
 -1.00624149e+01  -3.99767539e+00   5.04296264e+00 
 -9.13901393e+00  -3.80657752e-02   6.95665010e-01 
 -5.64268192e+00   1.37808305e+00   1.24605104e+00 
 -4.48704637e+00   4.75078112e+00   2.51209679e+00 
 -1.10131890e+00   5.65693233e+00   1.06271686e+00 
  3.78988958e+00   8.69902361e+00   1.61514776e+00 
  4.70646628e+00   1.14272846e+01  -8.58831509e-01 
  5.71035159e+00   7.64052821e+00  -5.68425202e+00 
  2.01283351e+00   8.20787536e+00  -6.37342716e+00 
  9.13319816e+00   9.94036343e+00  -1.69647725e+00 
  8.97466477e+00   7.00387282e+00   6.46993558e-01 
  9.59381222e+00   7.92700079e+00   4.29926917e+00 
  9.48626999e+00   3.14704762e+00   7.42174559e+00 
  6.59088722e+00   1.14856219e+00   5.98756157e+00 
  3.46698434e+00   3.32065693e-02   7.78510826e+00 
  2.25376170e+00  -1.74394553e+00   4.78821214e+00 
  5.12073457e+00  -4.33223819e+00   4.90374767e+00 
  4.96850478e+00  -7.06881202e+00   7.49480537e+00 
  8.63945809e+00  -7.85585281e+00   8.09851977e+00 
  1.37403240e+01  -1.12895666e+01   5.58445864e+00 
  1.51091128e+01  -2.86763985e+00  -2.71320780e+00 
  7.80688506e+00  -2.96337253e+00   8.51405192e+00 
  4.96739216e+00  -3.57121563e+00   1.08824868e+01 
  6.79334670e+00  -5.69293415e-01   1.42108107e+01 

   1.505065117070e+01 

  1.86585087e+00   1.22455174e+00   5.47513910e-01 
  1.24589306e+00  -8.85591357e-02   6.45284708e-01 
  2.23415872e+00  -7.08389783e-01   1.63332981e+00 
  1.69212868e+00  -2.05872052e+00   1.43676000e+00 
  1.01752549e+00  -1.90734507e+00   3.01852026e+00 
 -4.57021714e-01  -9.16271861e-01   2.34995944e+00 
 -1.74258659e-02  -2.89311911e-01   1.27482967e+00 
 -1.54977073e+00  -1.71103653e+00   2.64395798e+00 
  5.95288286e-01  -2.25219478e+00   4.15823604e-01 
  5.73417846e-01  -3.01084645e+00  -7.99199139e-01 
 -5.26070035e-02  -3.63181582e+00  -1.77662242e+00 
 -5.66090811e-01  -4.73313214e+00  -1.13636114e+00 
  1.93488630e-01  -4.90916231e+00  -1.20551177e-01 
  6.07082945e-01  -3.81288259e+00   6.00589012e-01 
  1.74339551e+00  -6.40453124e-01  -6.36045018e-01 
  1.66842400e+00   1.37240106e-01  -1.83676205e+00 
  2.27944305e+00  -3.24506193e-01  -3.02510024e+00 
  2.42157711e+00  -1.73309538e+00  -2.95745315e+00 
  3.30930280e+00  -2.05011141e+00  -1.93267603e+00 
  3.01223115e+00  -1.34450840e+00  -7.50062185e-01 
  3.91171457e+00  -1.37054795e+00   2.39938259e-01 
  2.32135676e+00  -2.49538641e+00  -4.09160771e+00 
 -3.74954289e+00  -6.63362041e+00  -8.05421478e+00 
 -5.66282332e+00  -3.81212377e+00  -6.49262993e+00 
 -8.56330092e+00  -1.43944808e+00  -7.54784240e+00 
 -7.78155681e+00   1.81459564e+00  -9.38082797e+00 
 -4.14789874e+00   5.18217954e+00  -9.77890099e+00 
 -4.42947446e+00   2.52179944e+00  -7.08493589e+00 
 -7.00681966e+00   3.46030102e+00  -4.42219678e+00 
 -5.23136569e+00   2.79889550e+00  -1.10571925e+00 
 -6.78600483e+00   3.49446542e+00   2.29211604e+00 
 -3.72501850e+00   1.91869178e+00   3.95491014e+00 
 -1.07150637e+00   4.47518152e+00   3.00719969e+00 
 -8.25688634e-01   8.23979464e+00   2.82833711e+00 
  1.28259442e+00   9.11641412e+00  -2.04900341e-01 
  1.19401785e-01   1.01559605e+01  -3.66187877e+00 
  2.91145431e+00   8.63411583e+00  -5.76670076e+00 
  3.04644826e+00   8.19999629e+00  -9.54452191e+00 
  9.55715102e+00   4.31728392e+00   9.21166484e-01 
  1.07433267e+01   7.76493602e-01   1.72748187e+00 
  1.02973197e+01  -1.55842332e-01  -2.31268924e+00 
  9.96459465e+00   3.02656320e+00  -4.34178096e+00 
  1.20705936e+01   6.14968502e+00  -4.40473627e+00 
  5.91138010e+00   1.18754693e+01  -5.26747488e+00 
  1.16629919e+01  -2.57904314e+00  -6.71086136e+00 
  8.67289433e+00  -4.98158086e+00  -6.70227849e+00 
  6.40837773e+00  -1.90072342e+00  -6.77396442e+00 
  4.55874504e+00  -1.99588255e+00  -1.00469361e+01 
  2.53389096e+00  -5.13939026e+00  -1.07332980e+01 
 -2.41481254e+00  -4.35253681e+00  -1.28559064e+01 
 -3.00864264e+00  -1.52701089e+00  -1.53847584e+01 
 -2.21904739e+00   1.10864289e+00  -1.26749535e+01 
  4.80714968e-01   5.27166262e+00  -9.38698689e+00 
 -9.73238381e-01   4.98803624e+00  -5.87439302e+00 
 -3.38836629e+00   7.20545179e+00  -3.98662101e+00 
 -2.78915450e+00   6.99024049e+00  -2.47691726e-01 
 -4.95405180e+00   7.58337373e+00   5.08567790e+00 
 -3.62246224e+00   1.02152765e+01   7.47399350e+00 
  1.96076256e+00   7.60913200e+00   8.29106449e+00 
  2.94684119e+00   9.76065674e+00   5.31330100e+00 
 -2.98762964e+00   7.32009294e+00   1.11785097e+01 
 -4.23729439e+00   4.23036895e+00   9.43727193e+00 
 -8.04296780e+00   3.93041334e+00   9.39851037e+00 
 -9.44870429e+00  -9.95065425e-01   6.87404206e+00 
 -7.06576608e+00  -1.25804090e+00   3.92675202e+00 
 -7.96235796e+00  -1.41576301e+00   2.65439636e-01 
 -4.41872193e+00  -1.78793907e+00  -6.91479547e-01 
 -4.11186785e+00  -5.25659429e+00   9.83755308e-01 
 -5.65788386e+00  -8.23086352e+00  -7.45159545e-01 
 -6.49066690e+00  -1.05456960e+01   2.15446554e+00 
 -3.76245252e+00  -1.50352741e+01   6.22020816e+00 
  1.17287869e+00  -6.16682503e+00   1.24368639e+01 
 -8.30875763e+00  -5.98317352e+00   2.97917354e+00 
 -9.94121983e+00  -5.94198858e+00  -3.93517939e-01 
 -1.42685410e+01  -4.81169474e+00   1.45583712e+00 

   1.505065117105e+01 

  4.31182313e+00  -5.42644526e-01  -2.53143010e+00 
  4.38090731e+00  -2.49588464e-01  -1.10752261e+00 
  5.85961345e+00   1.33948038e-01  -1.04904100e+00 
  5.74101304e+00   6.62315495e-01   3.15726791e-01 
  6.62500574e+00  -7.31184996e-01   8.22365497e-01 
  5.05491474e+00  -1.79786818e+00   8.00221326e-01 
  4.26572703e+00  -1.26593785e+00  -1.14360668e-01 
  4.90407830e+00  -2.19107200e+00   2.11734909e+00 
  4.37635825e+00   6.81181902e-01   9.63927120e-01 
  3.56606279e+00   1.77787414e+00   1.40324291e+00 
  2.59222408e+00   2.29532195e+00   2.12209774e+00 
  3.10568638e+00   2.22785105e+00   3.39422269e+00 
  4.37649195e+00   2.21080438e+00   3.23744255e+00 
  4.91339352e+00   1.44664605e+00   2.22713002e+00 
  3.74351795e+00   1.08684518e+00  -1.14729040e+00 
  2.54129680e+00   1.29325848e+00  -1.89842736e+00 
  2.01775735e+00   2.59615060e+00  -2.06298783e+00 
  2.49234783e+00   3.42344146e+00  -1.01453400e+00 
  3.87321124e+00   3.55735652e+00  -1.13288611e+00 
  4.50005875e+00   2.31410579e+00  -1.34757776e+00 
  5.78797647e+00   2.31399681e+00  -1.70967898e+00 
  1.70662551e+00   4.42846200e+00  -5.14521547e-01 
 -3.73050188e+00   5.27031162e+00   5.76337561e+00 
 -4.17574493e+00   1.65668378e+00   4.86700241e+00 
 -7.15707544e+00  -8.23258739e-01   4.52438430e+00 
 -9.01895652e+00  -1.10537378e+00   1.20571432e+00 
 -8.22508692e+00  -5.28082316e-01  -3.66656031e+00 
 -5.54413765e+00  -7.58825756e-01  -9.88198182e-01 
 -4.99214789e+00  -4.36117885e+00   1.65938969e-01 
 -1.19781493e+00  -4.79808016e+00   1.36411149e-01 
  5.54384195e-01  -8.06066072e+00   9.91613608e-01 
  3.91874491e+00  -6.26895010e+00   6.94234779e-01 
  3.94268714e+00  -5.52786696e+00  -3.03740616e+00 
  3.00966533e+00  -7.35879120e+00  -6.20630451e+00 
  1.46414871e+00  -4.83569360e+00  -8.58521297e+00 
 -2.20965372e+00  -4.15509803e+00  -9.23662598e+00 
 -2.05285471e+00  -4.16281633e-01  -9.97045835e+00 
 -4.93399781e+00   2.05267099e+00  -1.02566457e+01 
  7.96252699e+00   2.22030463e+00  -9.45235343e+00 
  1.01129675e+01   4.44334857e+00  -7.21002549e+00 
  6.83107673e+00   6.98297228e+00  -6.79691595e+00 
  4.23330815e+00   6.17291814e+00  -9.43339747e+00 
  4.54322410e+00   5.76428269e+00  -1.31656962e+01 
 -8.39653406e-01  -6.65122410e-01  -1.42391085e+01 
  4.58990896e+00   1.16544266e+01  -6.31156804e+00 
  3.58831948e+00   1.11567409e+01  -2.64249838e+00 
  1.56977344e+00   8.11369642e+00  -3.77837217e+00 
 -2.04414937e+00   8.89916239e+00  -3.09635669e+00 
 -2.91257216e+00   9.79427854e+00   4.94935053e-01 
 -7.46373710e+00   7.55011640e+00   2.46087127e+00 
 -1.05183490e+01   7.06235124e+00   1.88701720e-01 
 -8.54640033e+00   4.54582621e+00  -1.97733021e+00 
 -5.46016636e+00   2.01972818e+00  -6.39594572e+00 
 -3.32219927e+00  -7.05093111e-01  -4.80309116e+00 
 -3.62352697e+00  -4.47567914e+00  -4.87616890e+00 
 -2.23602868e-01  -6.11605214e+00  -4.50921478e+00 
  2.79537601e+00  -1.07935565e+01  -2.93119753e+00 
  4.79706673e+00  -1.27951230e+01  -5.45925212e+00 
  9.07384267e+00  -8.41625796e+00  -6.53940101e+00 
  6.66320448e+00  -7.31357513e+00  -9.26729382e+00 
  8.84258546e+00  -1.29118674e+01  -2.98363313e+00 
  7.52038982e+00  -1.09748272e+01  -4.43067759e-02 
  5.53188742e+00  -1.31055042e+01   2.42160069e+00 
  3.94048404e+00  -9.80310346e+00   6.80006631e+00 
  2.88938910e+00  -6.53116332e+00   5.18028969e+00 
 -5.15266698e-01  -4.90979167e+00   5.29619703e+00 
  6.91297528e-01  -2.00123313e+00   3.37368417e+00 
  3.05862304e+00  -8.47543902e-01   6.20156523e+00 
  1.56010546e+00   8.38080069e-01   9.22459457e+00 
  4.02913425e+00  -3.64779033e-02   1.19811953e+01 
  9.87336025e+00   1.79883195e+00   1.45514850e+01 
  1.53747851e+01  -3.63205433e+00   5.50198284e+00 
  2.61280919e+00  -4.13642643e+00   9.53443140e+00 
 -9.99297034e-01  -3.23740334e+00   9.96585110e+00 
 -2.08642936e+00  -7.54984957e+00   1.18748660e+01 

   1.505065117108e+01 

  1.39414701e+00  -2.16733682e+00  -1.69747096e-01 
  1.68699761e+00  -1.07751273e+00  -1.08881673e+00 
  2.88700160e+00  -1.71637500e+00  -1.78805744e+00 
  3.25311856e+00  -4.62474190e-01  -2.45852034e+00 
  2.68369340e+00  -1.19418018e+00  -3.91465592e+00 
  8.84733547e-01  -7.65148269e-01  -3.48667908e+00 
  8.20105693e-01  -7.38158543e-01  -2.16860393e+00 
  4.96683586e-01   8.55958648e-02  -4.50542245e+00 
  2.45135300e+00   7.80011893e-01  -2.14835497e+00 
  2.84062481e+00   2.01305441e+00  -1.53160176e+00 
  2.67310718e+00   3.29285340e+00  -1.27291524e+00 
  2.94548553e+00   3.87081936e+00  -2.48875371e+00 
  3.69806933e+00   3.02963721e+00  -3.09360711e+00 
  3.40135624e+00   1.68880777e+00  -3.00952145e+00 
  2.36580751e+00  -1.80390937e-01  -1.25338079e-01 
  1.79426292e+00   6.01275324e-02   1.16603195e+00 
  2.51362115e+00   7.90186887e-01   2.13980741e+00 
  3.47246736e+00   1.60885028e+00   1.49226907e+00 
  4.41230027e+00   7.95708249e-01   8.64385045e-01 
  3.79818971e+00  -2.35939702e-01   1.27314216e-01 
  4.57206258e+00  -1.22476548e+00  -3.34414866e-01 
  3.80432194e+00   2.83220078e+00   2.01258092e+00 
  1.26641899e+00   1.07154984e+01   9.65812224e-01 
 -1.89230335e+00   8.81490188e+00   2.80072899e-01 
 -5.67397909e+00   9.22596605e+00   1.10819635e+00 
 -7.06522005e+00   7.82268885e+00   4.37239950e+00 
 -6.18594960e+00   4.17219254e+00   7.62867261e+00 
 -4.71610846e+00   4.44117121e+00   4.13846165e+00 
 -7.23767166e+00   3.42617855e+00   1.45049179e+00 
 -5.29266886e+00   1.06195034e+00  -8.33387889e-01 
 -6.82185118e+00  -7.04288724e-01  -3.83138823e+00 
 -3.36482003e+00  -2.07507382e+00  -4.71878215e+00 
 -2.80629858e+00  -4.41273178e+00  -1.76948891e+00 
 -4.86798482e+00  -6.89069390e+00   1.98729480e-01 
 -3.82181859e+00  -6.62960574e+00   3.83895170e+00 
 -5.50829471e+00  -4.71241187e+00   6.64333033e+00 
 -2.44440828e+00  -3.74649436e+00   8.69794642e+00 
 -2.22270896e+00  -1.26980097e+00   1.15781296e+01 
  5.71577645e+00  -7.97101606e+00   3.89246077e+00 
  8.81416079e+00  -6.67540773e+00   2.07153602e+00 
  8.85860344e+00  -3.44692821e+00   4.71087304e+00 
  6.61049453e+00  -4.17169421e+00   7.67336265e+00 
  6.42603120e+00  -7.15644492e+00   9.96472062e+00 
 -1.96226706e+00  -7.55695059e+00   1.09347112e+01 
  1.12311236e+01   1.37464808e-01   7.64415711e+00 
  1.02747940e+01   3.08977587e+00   5.38977522e+00 
  6.61666542e+00   2.15556388e+00   5.99821620e+00 
  5.06645230e+00   5.02470904e+00   7.87101766e+00 
  5.29910550e+00   8.43246351e+00   6.20193127e+00 
  7.85022554e-01   1.14669055e+01   6.37365235e+00 
 -1.47797221e+00   1.13951239e+01   9.47284991e+00 
 -2.31751259e+00   7.68368890e+00   8.81436935e+00 
 -2.51910801e+00   1.74288375e+00   9.12480102e+00 
 -3.37761536e+00   5.04466843e-01   5.62308306e+00 
 -6.56417055e+00  -9.62542501e-01   4.20632364e+00 
 -5.81128621e+00  -3.32872676e+00   1.33939148e+00 
 -7.69291218e+00  -5.90084588e+00  -3.49042281e+00 
 -8.10876644e+00  -9.66820539e+00  -3.68577289e+00 
 -2.04911670e+00  -1.10223782e+01  -3.40496352e+00 
 -2.66163236e+00  -1.11132243e+01   3.48042841e-01 
 -5.72585167e+00  -1.02710885e+01  -7.74370211e+00 
 -4.94559343e+00  -6.62710102e+00  -8.24621358e+00 
 -7.81414138e+00  -4.65023950e+00  -9.80764788e+00 
 -6.09115492e+00   7.38155204e-01  -1.05860414e+01 
 -4.14023273e+00   1.56923565e+00  -7.43369676e+00 
 -4.90512552e+00   4.27119539e+00  -4.91411064e+00 
 -1.88282892e+00   3.45058102e+00  -2.96375657e+00 
  5.02095646e-01   4.58632191e+00  -5.78410545e+00 
  9.76548904e-01   8.28397531e+00  -6.35668119e+00 
  1.80642967e+00   8.45787601e+00  -1.00635477e+01 
  6.83264112e+00   7.71969433e+00  -1.43439700e+01 
  5.71957140e+00  -4.08931788e+00  -1.33631544e+01 
 -2.34584952e+00   5.81013473e+00  -9.32175800e+00 
 -3.80761629e+00   8.54902396e+00  -7.22332987e+00 
 -7.87618126e+00   8.70129144e+00  -9.84000347e+00 

   1.505065117103e+01 

  9.81917905e-01  -2.67732258e+00  -2.64670409e+00 
  1.15000412e+00  -1.35425511e+00  -2.06411803e+00 
  1.35675427e+00  -5.81716375e-01  -3.36701111e+00 
  1.78397153e+00   6.32860729e-01  -2.66123690e+00 
  2.62758487e-01   1.30962952e+00  -3.11715844e+00 
 -6.12990308e-01   4.42930581e-01  -1.67307184e+00 
  7.69884498e-02  -6.56963637e-01  -1.43560768e+00 
 -1.09086857e+00   1.48673627e+00  -9.02170777e-01 
  1.90601571e+00   5.85098899e-01  -1.15603723e+00 
  3.04902352e+00   7.39108715e-01  -3.06257947e-01 
  3.61462478e+00   9.93363467e-01   8.54912204e-01 
  3.38728242e+00   2.34038503e+00   9.97552472e-01 
  3.23829620e+00   2.77886473e+00  -1.96330338e-01 
  2.50152152e+00   2.03810785e+00  -1.09152582e+00 
  2.54917021e+00  -1.51417444e+00  -1.60513939e+00 
  2.95071602e+00  -2.69839619e+00  -9.06191036e-01 
  4.31371820e+00  -2.92063092e+00  -6.03638096e-01 
  4.99478796e+00  -1.67773285e+00  -5.87821684e-01 
  4.97967815e+00  -1.13655820e+00  -1.87064120e+00 
  3.69440356e+00  -1.19423668e+00  -2.44461427e+00 
  3.57671557e+00  -9.26877742e-01  -3.75018621e+00 
  6.03935020e+00  -1.47036943e+00   2.74343340e-01 
  6.98831798e+00   1.69204401e+00   7.94126322e+00 
  3.53252790e+00   2.51642053e-01   8.14811956e+00 
  1.44368326e+00  -1.71531876e+00   1.07793981e+01 
  1.64257459e+00  -5.52401847e+00   1.08977582e+01 
  2.51478379e+00  -9.38638519e+00   7.89377273e+00 
  1.76615493e+00  -5.83261729e+00   6.78713679e+00 
 -1.95653223e+00  -5.00968084e+00   7.06650854e+00 
 -2.81880265e+00  -3.36161266e+00   3.73048121e+00 
 -6.31769185e+00  -2.21350068e+00   2.78940827e+00 
 -4.90262919e+00  -7.21508773e-01  -4.33810902e-01 
 -3.87208552e+00  -3.90868682e+00  -2.23791652e+00 
 -5.32467674e+00  -7.35402487e+00  -2.77116577e+00 
 -2.45933836e+00  -9.84285204e+00  -2.67408860e+00 
 -1.31483628e+00  -1.20061735e+01   2.23242711e-01 
  2.42856281e+00  -1.21188448e+01  -4.95167019e-01 
  5.22443874e+00  -1.33777563e+01   1.75801635e+00 
  3.85759461e+00  -6.77401396e+00  -9.26548873e+00 
  5.63422004e+00  -3.54250746e+00  -1.02631467e+01 
  8.48959616e+00  -4.35869409e+00  -7.33537931e+00 
  8.19474198e+00  -7.96650366e+00  -6.21627467e+00 
  8.05426793e+00  -1.11663445e+01  -8.19979951e+00 
  2.38651822e+00  -1.53603372e+01  -3.53590921e+00 
  1.33317368e+01  -4.37326337e+00  -5.42898396e+00 
  1.26585467e+01  -1.65640059e+00  -2.80631045e+00 
  9.96612022e+00  -3.95389484e+00  -1.35813324e+00 
  1.11006647e+01  -4.90140496e+00   2.09983919e+00 
  1.17977790e+01  -2.02003133e+00   4.47985706e+00 
  9.93591913e+00  -2.63757845e+00   9.55591700e+00 
  9.98299475e+00  -6.09238665e+00   1.12272660e+01 
  7.44027989e+00  -7.41535667e+00   8.63930814e+00 
  4.94195766e+00  -1.02178791e+01   4.02038748e+00 
  1.87247903e+00  -8.17717236e+00   3.04747604e+00 
 -1.82118204e+00  -8.84563682e+00   3.52021361e+00 
 -3.86210037e+00  -7.17665686e+00   7.93655158e-01 
 -8.96434357e+00  -4.98950021e+00  -8.39403148e-01 
 -1.09714585e+01  -6.55433299e+00  -3.65487504e+00 
 -7.03553559e+00  -5.01657344e+00  -8.21292272e+00 
 -5.45026846e+00  -8.38294536e+00  -7.42364875e+00 
 -1.17462929e+01  -2.54367679e+00  -6.06792470e+00 
 -9.91343651e+00  -3.14767004e-01  -3.65699870e+00 
 -1.19948004e+01   6.89716201e-01  -6.18320742e-01 
 -8.89471253e+00   4.23379165e+00   2.61252449e+00 
 -5.40503198e+00   2.73211572e+00   2.57834562e+00 
 -3.42113371e+00   1.48432075e+00   5.53488362e+00 
 -5.24044196e-01   6.99051225e-01   3.38970546e+00 
  1.21975066e-01   4.41318214e+00   2.54115890e+00 
  1.71922488e+00   6.60445112e+00   5.16274686e+00 
  3.50907528e-01   1.00509685e+01   4.32070900e+00 
  1.29671536e+00   1.52059982e+01   2.38939263e-01 
 -3.98149624e+00   9.06129588e+00  -8.48096982e+00 
 -3.35150550e+00   6.74123614e+00   4.69489796e+00 
 -2.08461107e+00   5.58768550e+00   8.02746102e+00 
 -6.38441829e+00   6.24165265e+00   1.01505181e+01 

   1.505065117079e+01 

