  3.04969447e-01  -3.02062540e+00   3.11572336e+00 
  6.80942670e-01  -4.10222028e+00   3.70777430e+00 
 -1.87024411e+00  -2.15910471e-01   3.82884296e+00 
  1.09924170e+00  -5.20899784e+00   5.91922017e+00 
 -3.28799673e+00  -4.61318193e+00   4.28498722e+00 
 -2.63023681e+00  -4.50709009e+00   3.00020334e+00 
 -3.63846083e+00  -2.55481852e+00   2.84695987e+00 
 -1.66686755e+00  -5.57878139e+00   2.56219343e+00 
 -3.59931138e-01  -5.89208322e+00   6.61452956e-01 
 -1.56635182e+00  -5.17621450e+00   1.20280731e+00 
 -1.47317326e+00  -3.98712710e+00   6.48804007e-01 
 -2.79604803e+00  -3.38996040e+00   8.08591006e-01 
 -2.18604028e-01  -2.53231811e-01   2.30044186e+00 
 -3.38871927e+00  -3.35010251e+00  -5.27888238e-01 
 -3.27821760e+00  -3.58535069e+00   2.15561796e+00 
 -2.58110549e+00  -1.93564531e+00   7.40779533e-01 
 -3.72746580e+00  -1.21565063e+00   1.07200577e+00 
 -3.66883937e+00   1.76665038e-01   1.14995714e+00 
 -2.47090237e+00   5.96561394e-01   1.71556257e+00 
 -1.33569647e+00  -1.30899941e-01   1.35942008e+00 
 -1.37227711e+00  -1.52611013e+00   1.04147630e+00 
 -7.52270258e-01  -7.58846918e-01   3.44877120e+00 
 -1.78360325e-01  -2.02399246e+00   3.81406216e+00 
 -1.00706270e+00  -2.39542158e+00   4.78529956e+00 
 -4.74390550e-01  -3.32655766e+00   5.64772030e+00 
  5.68254472e-03  -4.36648508e+00   4.85874396e+00 
  8.32893348e+00   9.74511535e+00   3.22947817e-01 
  6.28244674e+00   8.42191564e+00   3.20890560e+00 
  6.74578846e+00   6.32359315e+00   6.33512144e+00 
  6.15438192e+00   2.75779652e+00   7.56332234e+00 
  2.68879341e+00   3.36361449e+00   9.01546852e+00 
  1.03360951e+00   4.83378652e+00   5.90379761e+00 
  3.45635115e+00   3.69034254e+00   3.24377994e+00 
  6.09058237e+00   4.74129812e+00   8.42295787e-01 
  5.09002463e+00   6.19417927e+00  -2.47049345e+00 
  1.55252509e+00   9.64409740e+00  -5.89651462e+00 
  1.51494341e+00   5.85020453e+00  -5.78659289e+00 
  2.09091887e+00   3.41451421e+00  -3.02999694e+00 
  5.00766111e+00   1.05274536e+00  -3.67227190e+00 
  3.50663526e+00  -2.38318505e+00  -2.81395998e+00 
  5.60971831e+00  -5.54435010e+00  -3.32344167e+00 
  2.66717233e+00  -7.49524394e+00  -1.79212549e+00 
  2.79173149e-01  -7.11474640e+00  -4.83311136e+00 
  2.61701656e-01  -7.06310309e+00  -8.62955353e+00 
 -2.24771361e+00  -4.40993684e+00  -9.71596322e+00 
 -1.57607137e+00  -8.51720772e-01  -1.06879702e+01 
 -4.70336885e+00   8.78271023e-01  -9.42301990e+00 
 -1.18528662e+01  -7.05425840e+00  -1.47300648e+00 
 -1.19177119e+01  -2.97398450e+00  -6.59045444e-01 
 -1.17143643e+01  -1.10057318e+00  -3.94975053e+00 
 -4.58517060e+00   6.83591877e-01  -1.50056367e+01 
 -7.48412417e+00  -1.42071544e-01  -1.27364867e+01 
 -1.39937883e+01   1.34086217e+00   1.35712077e+00 
 -1.12372209e+01   2.01644648e+00   3.86282399e+00 
 -8.71394125e+00   1.99126842e+00   9.94093191e-01 
 -7.34814880e+00   5.49967930e+00   9.09908251e-01 
 -5.57990189e+00   6.73255932e+00   4.03341295e+00 
 -2.90942220e+00   1.23282098e+01   4.88493141e+00 
 -8.81483585e-01   9.45656021e+00   3.28384094e+00 
 -5.37382886e-01   1.17690762e+01   2.66217987e-01 
 -8.94794982e-01   8.77518986e+00  -2.11842951e+00 
 -2.97811205e+00   4.84311733e+00  -6.01411216e+00 
 -1.06827825e+00   1.58655655e+00  -5.51570889e+00 
  1.69160109e+00   9.60829583e-03  -7.54220284e+00 
  1.61304062e+00  -3.72709444e+00  -7.25993642e+00 
  5.11680780e+00  -4.96370468e+00  -7.95575491e+00 
  4.58063990e+00  -8.69213195e+00  -7.44679536e+00 
  1.28468819e+01   2.47951805e+00   2.44975563e+00 
  4.20207303e+00  -1.29752914e+01  -3.95239437e+00 
  7.90993308e+00  -1.23956670e+01  -3.36693556e+00 
  8.67712748e+00  -9.50976203e+00   1.45315143e+00 
  5.95412924e+00  -6.88745938e+00   1.43913409e+00 
  6.52514408e+00  -3.08946898e+00   1.36457293e+00 
  2.84507648e+00  -2.56317507e+00   1.53592525e+00 
  3.22019241e+00  -3.84483537e+00   4.97229372e+00 
  4.02668748e+00  -1.90079599e+00   8.09624572e+00 
  5.19420186e+00  -4.56519896e+00   1.06351420e+01 
  6.02862413e+00  -3.15355044e+00   1.52445700e+01 
  2.69048262e+00  -8.78317948e+00   1.52762340e+01 
 -7.85272082e-02  -1.36674349e+01   1.13185265e+01 
 -1.22322586e+00  -1.60851893e+01   6.56484488e+00 
  7.16771814e+00  -5.45160893e+00   6.08121970e+00 
  8.27235735e+00  -1.86850644e+00   5.87924674e+00 
  9.85625052e+00  -1.69223192e+00   9.33564000e+00 
  1.28181611e+01  -3.24068694e+00   4.94703602e+00 
  1.38935377e+01   6.80532023e-02   6.55494900e+00 

   1.958640479559e+01 

 -1.60724907e+00  -4.24519807e+00   7.55740793e-01 
 -2.50009460e+00  -5.10768491e+00   1.10311806e+00 
  2.00544490e+00  -4.07336153e+00   5.96260572e-01 
 -3.04987357e+00  -7.54663268e+00   1.30236749e+00 
 -2.31130594e-01  -5.42150340e+00   4.43479283e+00 
 -8.76553967e-01  -4.21406789e+00   3.96564320e+00 
  1.16276858e+00  -3.51254017e+00   3.51799835e+00 
 -2.38019299e+00  -4.13175918e+00   3.93825362e+00 
 -3.89259386e+00  -2.48709040e+00   3.28498231e+00 
 -2.47293795e+00  -2.73095289e+00   3.71636569e+00 
 -1.78809281e+00  -1.92307626e+00   2.93671625e+00 
 -4.73885284e-01  -1.81509273e+00   3.56388110e+00 
  5.68034854e-01  -2.75550817e+00  -5.27319707e-01 
 -3.90627103e-01  -4.58238451e-01   4.10336157e+00 
  9.71496367e-03  -3.11996124e+00   3.94936190e+00 
  4.46160843e-01  -1.42620150e+00   2.48308980e+00 
  1.78052423e+00  -1.47133482e+00   2.88269268e+00 
  2.78856891e+00  -1.22370185e+00   1.94964380e+00 
  2.47700797e+00  -1.78202924e+00   7.15757331e-01 
  1.13821114e+00  -1.71352675e+00   3.31491285e-01 
  5.65505081e-02  -1.73169836e+00   1.26889084e+00 
  8.07822625e-01  -3.93659613e+00   1.10363278e-01 
 -3.99752642e-01  -4.64121928e+00   4.40016948e-01 
  8.28596658e-02  -5.59219080e+00   1.23421329e+00 
 -7.33217749e-01  -6.69516058e+00   1.34375270e+00 
 -1.99230963e+00  -6.22136853e+00   1.69675641e+00 
  2.06481533e+00   7.29768249e-01  -1.32768422e+01 
  3.07427938e+00  -2.18601964e+00  -1.10981083e+01 
  1.98448416e+00  -5.74797171e+00  -1.03799773e+01 
  2.40025879e-02  -7.72289236e+00  -7.76667572e+00 
  3.00809135e+00  -8.66599901e+00  -5.60061670e+00 
  4.39121038e+00  -5.15665204e+00  -5.00479710e+00 
  1.37989319e+00  -3.07591919e+00  -5.92965104e+00 
 -8.53573978e-02  -7.47107713e-01  -8.42774744e+00 
  8.23250761e-01   2.89250372e+00  -8.30853415e+00 
  4.77947822e+00   7.34612767e+00  -7.49185973e+00 
  2.03280521e+00   6.34829214e+00  -5.06962318e+00 
  5.34514936e-01   3.05397153e+00  -4.19456075e+00 
 -3.20308713e+00   2.84987060e+00  -4.89207642e+00 
 -4.58192958e+00   1.34710002e+00  -1.63080829e+00 
 -8.36298846e+00   9.00812595e-01  -1.20664360e+00 
 -7.57507467e+00  -7.70111507e-01   2.16925588e+00 
 -6.51536389e+00   2.48122161e+00   4.01337072e+00 
 -7.37673092e+00   6.16774592e+00   4.30238764e+00 
 -4.09620649e+00   8.07546917e+00   4.64223118e+00 
 -2.13055736e+00   9.79337460e+00   1.95116692e+00 
  1.42365339e+00   9.26542811e+00   3.16022392e+00 
  1.99894537e+00   3.60948274e-01   1.30406251e+01 
  5.24300466e+00   5.41983831e-01   1.04408793e+01 
  5.70639991e+00   4.14867891e+00   9.36534428e+00 
 -1.33366422e-01   1.46093378e+01   3.64581544e+00 
  1.63345469e+00   1.24860461e+01   6.21577046e+00 
  1.02188099e+01  -1.99656806e-01   9.14309173e+00 
  9.57641963e+00  -2.71793318e+00   6.39004874e+00 
  7.27589907e+00  -1.80745888e-01   4.69668637e+00 
  8.97925384e+00   6.02660999e-01   1.43075937e+00 
  9.52018141e+00  -2.29090411e+00  -9.64579896e-01 
  1.21624276e+01  -2.04036862e+00  -6.63234989e+00 
  8.38046957e+00  -1.35540992e+00  -6.24502317e+00 
  9.14413999e+00   2.07773474e+00  -7.72910835e+00 
  6.59099827e+00   3.71132108e+00  -5.36468340e+00 
  4.07413048e+00   6.74416648e+00  -9.55037942e-01 
  5.86538768e-01   5.31811068e+00  -4.03559965e-01 
 -2.80538687e+00   6.65268799e+00  -1.36487229e+00 
 -5.44268177e+00   5.50538418e+00   1.03870068e+00 
 -8.73450982e+00   5.56449644e+00  -8.18750948e-01 
 -1.10222644e+01   4.24193554e+00   1.91340889e+00 
 -5.63518508e+00  -3.45726478e+00  -1.23266730e+01 
 -1.31025355e+01  -1.14141706e-01   4.63309072e+00 
 -1.48771218e+01  -8.84894384e-01   1.36449217e+00 
 -1.20783694e+01  -4.93773072e+00  -1.44473820e+00 
 -8.42849080e+00  -4.05508801e+00  -1.00802859e+00 
 -6.00729010e+00  -3.13956683e+00  -3.84633029e+00 
 -3.25350074e+00  -2.84264282e+00  -1.36082737e+00 
 -3.61115579e+00  -6.50388000e+00  -1.11706839e+00 
 -1.93832482e+00  -9.14164501e+00  -3.22245003e+00 
 -4.03110547e+00  -1.23337294e+01  -2.64021838e+00 
 -2.41213193e+00  -1.65367225e+01  -4.55061431e+00 
 -4.44585261e+00  -1.75882563e+01   1.58087583e+00 
 -7.24636736e+00  -1.46569410e+01   7.12626335e+00 
 -9.44561194e+00  -1.05231846e+01   9.92425220e+00 
 -7.02336611e+00  -8.31884647e+00  -3.22825645e+00 
 -5.12822638e+00  -7.37984597e+00  -6.33089529e+00 
 -5.16991363e+00  -1.08277389e+01  -7.94233600e+00 
 -9.23494749e+00  -7.21988542e+00  -8.88539770e+00 
 -7.08952405e+00  -8.09382373e+00  -1.19387517e+01 

   1.958640479559e+01 

 -2.19886757e+00  -1.49799642e-01  -2.29249477e+00 
 -2.85486014e+00   5.89190304e-01  -3.12032040e+00 
 -1.10250361e+00  -3.59436475e+00  -2.09380724e+00 
 -3.45229626e+00   9.67744427e-01  -5.52660183e+00 
 -5.50866262e+00  -2.45930172e+00  -3.01656457e+00 
 -5.09180805e+00  -1.66609621e+00  -1.88006534e+00 
 -4.06363461e+00  -3.49471456e+00  -1.20896339e+00 
 -5.44132014e+00  -2.02268927e-01  -1.82085203e+00 
 -5.02189116e+00   1.49388709e+00  -2.82609758e-01 
 -5.09950823e+00   2.33982595e-03  -4.56522884e-01 
 -4.08745974e+00  -4.28631828e-01   2.64276695e-01 
 -4.34184006e+00  -1.85294591e+00   4.61146292e-01 
 -2.47681374e-01  -1.86556227e+00  -9.33704347e-01 
 -4.69111298e+00  -2.01274798e+00   1.87235016e+00 
 -4.73033632e+00  -2.47267820e+00  -7.83903516e-01 
 -3.02592460e+00  -2.45276413e+00   7.33938728e-01 
 -3.07321888e+00  -3.84548073e+00   7.52616162e-01 
 -1.89206952e+00  -4.57363908e+00   9.03374292e-01 
 -8.47318747e-01  -3.98408139e+00   2.01809562e-01 
 -8.13348391e-01  -2.58997350e+00   2.08062616e-01 
 -1.99254950e+00  -1.78211170e+00   2.84756280e-01 
 -9.27356984e-01  -2.30816231e+00  -2.02972114e+00 
 -1.62968774e+00  -1.25383399e+00  -2.70686710e+00 
 -2.37252935e+00  -1.96103929e+00  -3.55306821e+00 
 -2.80658378e+00  -1.24624918e+00  -4.64631814e+00 
 -3.41631487e+00  -9.84953849e-02  -4.15104842e+00 
  1.27612450e+01   5.65503319e-02   1.06907957e+00 
  1.06095168e+01  -1.59244463e+00  -1.56124343e+00 
  9.25329119e+00  -8.70249355e-01  -5.02966590e+00 
  6.02650011e+00   2.81268543e-01  -6.71340300e+00 
  4.60687539e+00  -3.19031699e+00  -7.36055611e+00 
  4.77030727e+00  -4.53035605e+00  -3.78828504e+00 
  5.11448386e+00  -1.29834931e+00  -1.86773561e+00 
  7.39248209e+00   8.47264682e-01   1.36727548e-01 
  7.90647075e+00   9.18337783e-02   3.77701487e+00 
  8.61894607e+00  -3.75155087e+00   8.34584760e+00 
  5.48080779e+00  -1.75072616e+00   7.60025590e+00 
  3.89842554e+00  -6.62087550e-01   4.41057118e+00 
  3.58978524e+00   3.11846531e+00   4.07888504e+00 
 -5.92081380e-02   3.56383193e+00   2.94667851e+00 
 -1.48276231e+00   7.09270722e+00   2.50392897e+00 
 -4.70569495e+00   5.40760680e+00   1.24590092e+00 
 -5.85215913e+00   4.05382923e+00   4.70246275e+00 
 -5.94910454e+00   4.96834277e+00   8.38623961e+00 
 -5.22850841e+00   1.79161645e+00   1.03625729e+01 
 -1.95366240e+00   6.43955305e-01   1.17821010e+01 
 -2.26296541e+00  -3.11938894e+00   1.14436750e+01 
 -1.25752962e+01  -6.54701134e+00   3.75275259e+00 
 -9.22823765e+00  -9.01808448e+00   3.67294526e+00 
 -7.68412917e+00  -9.04257573e+00   7.13630914e+00 
 -2.54642456e+00  -1.51246681e+00   1.67873566e+01 
 -4.79391586e+00  -3.95910838e+00   1.49992231e+01 
 -6.78902937e+00  -1.35309457e+01   2.84998267e+00 
 -4.58293564e+00  -1.23200152e+01   2.14804706e-02 
 -3.26900606e+00  -9.56165193e+00   2.31543149e+00 
  3.89237293e-01  -1.03497563e+01   2.73682206e+00 
  2.51371042e+00  -1.03888259e+01  -4.07706422e-01 
  8.66135575e+00  -1.14998123e+01  -7.81893540e-01 
  7.39603641e+00  -7.91320931e+00  -1.05400087e-01 
  9.39053982e+00  -8.13198567e+00   3.14210305e+00 
  6.64375638e+00  -6.19301798e+00   5.00576272e+00 
  2.09393395e+00  -4.74722947e+00   8.49668799e+00 
  5.16585891e-01  -1.57538423e+00   7.09939421e+00 
  7.17204623e-01   2.00237859e+00   8.26975434e+00 
 -2.39127876e+00   3.89591128e+00   7.37495917e+00 
 -1.44301885e+00   7.54980742e+00   7.17596447e+00 
 -4.79675197e+00   9.01505152e+00   6.14969960e+00 
  9.42259193e+00   7.08337056e+00  -3.07836137e+00 
 -8.41545189e+00   1.01553896e+01   2.11184791e+00 
 -5.81372979e+00   1.26644787e+01   9.44600355e-01 
 -2.84004694e+00   1.04988394e+01  -3.37019858e+00 
 -2.22950899e+00   6.89752028e+00  -2.39596498e+00 
  1.21604244e+00   5.31300362e+00  -1.78454798e+00 
 -4.34445323e-01   2.03541045e+00  -1.16606787e+00 
 -1.15845698e+00   2.16562991e+00  -4.77866296e+00 
  1.00497563e+00   9.69906709e-01  -7.62095162e+00 
 -4.37129496e-01   2.71150060e+00  -1.07506977e+01 
  1.35492824e+00   1.45276587e+00  -1.51256212e+01 
 -5.16957792e+00   1.82466821e+00  -1.54853746e+01 
 -1.08939818e+01   3.25330921e+00  -1.19672785e+01 
 -1.36946501e+01   4.84569565e+00  -7.56569671e+00 
 -2.01173048e-01   5.92125163e+00  -6.86990913e+00 
  3.36622771e+00   4.91303314e+00  -6.27258879e+00 
  4.52831739e+00   5.21570055e+00  -9.88428986e+00 
  4.78649172e+00   9.53503797e+00  -6.46271966e+00 
  8.17335010e+00   8.19623378e+00  -7.65702865e+00 

   1.958640479559e+01 

  1.79289756e+00  -1.70369284e+00   1.69827267e+00 
  2.18037099e+00  -2.61440414e+00   2.52422480e+00 
  2.82878129e+00  -4.20485526e-01  -1.52458993e+00 
  3.32745372e+00  -4.83161549e+00   2.76629606e+00 
  5.79728534e+00  -8.80743842e-01   2.01521689e+00 
  4.61434689e+00  -2.26058856e-01   2.53156698e+00 
  4.61957563e+00   8.86701096e-01   6.30750972e-01 
  4.03351060e+00  -6.62350660e-01   3.85093572e+00 
  2.19213784e+00   1.46499482e-02   5.10396074e+00 
  3.14715556e+00   4.35549217e-01   4.02147824e+00 
  2.36620672e+00   1.06740199e+00   3.17270752e+00 
  3.27272234e+00   1.83163843e+00   2.32046947e+00 
  7.92306630e-01  -1.78640780e-01  -5.97443865e-01 
  3.08128736e+00   3.23649014e+00   2.67931337e+00 
  4.37943516e+00   1.00761795e+00   1.89464854e+00 
  2.53263106e+00   2.06527502e+00   1.07006556e+00 
  3.33675842e+00   2.61796475e+00   7.49985374e-02 
  2.81412788e+00   2.81411610e+00  -1.20423497e+00 
  1.98251675e+00   1.76319096e+00  -1.57200502e+00 
  1.17793373e+00   1.23503404e+00  -5.62833904e-01 
  1.56796905e+00   1.21473698e+00   8.14300202e-01 
  1.95818560e+00  -8.81173620e-01  -6.76692716e-01 
  2.14659188e+00  -1.76602781e+00   4.39075843e-01 
  3.41130306e+00  -2.13018872e+00   2.49598167e-01 
  3.74980130e+00  -3.31319742e+00   8.66390592e-01 
  3.37079446e+00  -3.18658418e+00   2.19857893e+00 
 -1.06364962e+01  -1.47022525e+00  -7.27966665e+00 
 -7.12748779e+00  -2.83885404e+00  -7.56503114e+00 
 -5.20738994e+00  -6.01093910e+00  -6.76380145e+00 
 -2.82764102e+00  -7.38377861e+00  -4.11328235e+00 
  4.01284377e-01  -6.39724420e+00  -5.87022236e+00 
 -3.34347405e-01  -2.67875879e+00  -6.33417006e+00 
 -3.12215965e+00  -2.22235744e+00  -3.82964697e+00 
 -6.76248751e+00  -1.63265838e+00  -3.37021695e+00 
 -8.10846841e+00   1.86211965e+00  -3.61803523e+00 
 -8.23349981e+00   7.33172986e+00  -6.11226666e+00 
 -6.75029246e+00   6.47244844e+00  -2.72569764e+00 
 -4.97396880e+00   3.45598779e+00  -1.45731454e+00 
 -6.72735693e+00   1.78075204e+00   1.47817004e+00 
 -3.85290245e+00   1.25287163e+00   3.97901979e+00 
 -4.60143176e+00  -2.23796367e-01   7.43367605e+00 
 -8.05576360e-01  -1.37538098e-01   8.06099901e+00 
 -5.23424265e-01   3.72094203e+00   8.41797916e+00 
 -2.36635605e+00   6.73500919e+00   9.80900288e+00 
 -1.88048177e+00   9.59856008e+00   7.34308629e+00 
 -4.19707629e+00   1.07214167e+01   4.61739642e+00 
 -1.74205355e+00   1.18952397e+01   1.97770641e+00 
  1.07062420e+01   8.10191557e+00   4.78727555e+00 
  9.64582908e+00   8.35200781e+00   7.71263735e-01 
  7.20016691e+00   1.12210581e+01   3.62549708e-01 
 -4.46634546e+00   1.61874937e+01   4.29552209e+00 
 -7.63194187e-01   1.59024206e+01   3.63212377e+00 
  1.06764886e+01   8.86672637e+00  -4.29487156e+00 
  9.45304481e+00   5.43819949e+00  -5.33507132e+00 
  6.07172605e+00   6.23513852e+00  -3.74486318e+00 
  3.65254466e+00   6.24608827e+00  -6.63084040e+00 
  3.30660827e+00   3.01883340e+00  -8.59759558e+00 
 -4.65079390e-01   1.97442715e+00  -1.34813889e+01 
 -1.78925098e+00   1.46247638e+00  -9.88877525e+00 
 -4.37645217e+00   4.12675028e+00  -1.07720749e+01 
 -4.14228520e+00   5.58670970e+00  -7.22364894e+00 
 -2.92399186e+00   9.03984961e+00  -2.57936925e+00 
 -2.99610742e+00   6.86036226e+00   5.42440046e-01 
 -5.58474425e+00   6.53151381e+00   3.26295390e+00 
 -4.00670487e+00   5.57203170e+00   6.52454541e+00 
 -6.66700606e+00   3.83504473e+00   8.57281945e+00 
 -4.61922363e+00   2.96325892e+00   1.16540955e+01 
 -1.05100315e+01  -7.28155579e+00  -6.51203979e-01 
 -1.04659535e+00  -4.69583612e-01   1.41343225e+01 
 -3.91890055e+00  -2.95451386e+00   1.40903085e+01 
 -3.25941714e+00  -6.59423135e+00   9.79288934e+00 
 -2.07358688e+00  -4.45908494e+00   6.90734892e+00 
 -3.96441160e+00  -3.93537392e+00   3.60479581e+00 
 -1.15596131e+00  -1.83164142e+00   2.36537619e+00 
  6.82870236e-01  -5.02623095e+00   2.29264654e+00 
  8.37735638e-01  -7.54863869e+00  -5.00608796e-01 
  2.12376435e+00  -1.07835098e+01   1.16968059e+00 
  3.17202818e+00  -1.46047043e+01  -1.70006752e+00 
  7.91349394e+00  -1.38775305e+01   2.75264348e+00 
  9.99720110e+00  -1.01782353e+01   8.15266154e+00 
  9.49659502e+00  -6.27449519e+00   1.19293752e+01 
 -1.31927468e+00  -8.52027816e+00   4.07518614e+00 
 -3.61584212e+00  -8.24976764e+00   1.11676657e+00 
 -3.26442039e+00  -1.18540700e+01  -5.45370699e-02 
 -7.16728365e+00  -1.04315037e+01   3.57512353e+00 
 -8.46327089e+00  -1.16284424e+01   1.72575169e-01 

   1.958640479559e+01 

 -1.46321718e+00  -2.09063094e+00  -2.27411949e+00 
 -2.61046428e+00  -2.04371692e+00  -2.86008095e+00 
  1.39417886e+00  -4.31221199e+00  -2.19421388e+00 
 -3.92025086e+00  -2.70453799e+00  -4.89433710e+00 
 -2.93575476e+00  -5.83973695e+00  -1.50687937e+00 
 -2.76139753e+00  -4.66331150e+00  -6.82139451e-01 
 -7.47753572e-01  -5.46172128e+00  -2.83211668e-01 
 -3.84711730e+00  -3.62091262e+00  -6.26710380e-01 
 -4.07642931e+00  -1.59041518e+00   4.88435956e-01 
 -3.33914856e+00  -2.90091147e+00   4.88484783e-01 
 -2.11546179e+00  -2.54737301e+00   8.15795035e-01 
 -1.45767092e+00  -3.78731672e+00   1.21827282e+00 
  1.38829594e+00  -2.14327148e+00  -1.59339762e+00 
 -1.27206955e+00  -3.69813218e+00   2.66624481e+00 
 -1.73627956e+00  -4.83768495e+00   2.67352059e-01 
 -1.77610462e-02  -3.54578129e+00   1.03347216e+00 
  7.37646499e-01  -4.70623484e+00   1.19143455e+00 
  2.11282874e+00  -4.67136451e+00   9.55395857e-01 
  2.41362145e+00  -3.86239783e+00  -1.33811275e-01 
  1.65351306e+00  -2.70048507e+00  -2.63903169e-01 
  2.94177527e-01  -2.60541770e+00   1.74510990e-01 
  8.20637308e-01  -3.15211370e+00  -2.31388883e+00 
 -5.01829549e-01  -2.82761724e+00  -2.77125827e+00 
 -9.04049639e-01  -4.01512427e+00  -3.21403968e+00 
 -1.93328714e+00  -3.95145284e+00  -4.12570830e+00 
 -2.92999789e+00  -3.17624253e+00  -3.54259635e+00 
  1.10018749e+01   6.48910652e+00  -4.75551334e+00 
  9.56409643e+00   3.32684553e+00  -6.23896077e+00 
  7.18901120e+00   2.27188518e+00  -9.00245442e+00 
  3.57374229e+00   1.13397646e+00  -9.45867718e+00 
  4.25717529e+00  -2.60268109e+00  -9.22128029e+00 
  6.07556667e+00  -2.62095870e+00  -5.86320732e+00 
  5.01874046e+00   7.38304808e-01  -4.50258165e+00 
  6.11106201e+00   4.19583930e+00  -3.68827411e+00 
  7.89089604e+00   4.85102822e+00  -4.49528940e-01 
  1.18146028e+01   3.33280462e+00   3.84616440e+00 
  8.03340618e+00   3.19796608e+00   4.14863551e+00 
  5.34696103e+00   2.40851241e+00   1.69446933e+00 
  2.88112115e+00   5.26177574e+00   1.16875407e+00 
 -5.21138539e-01   3.48820974e+00   1.44167964e+00 
 -3.74591454e+00   5.54729045e+00   1.25062771e+00 
 -5.64299871e+00   2.20426407e+00   1.43701203e+00 
 -4.87184636e+00   1.48825399e+00   5.17700764e+00 
 -4.50291252e+00   3.21992201e+00   8.53575132e+00 
 -1.62677398e+00   1.52744469e+00   1.03742534e+01 
  1.95491979e+00   2.61862751e+00   1.05681405e+01 
  3.75260361e+00  -7.16494837e-01   1.07032413e+01 
 -4.38526893e+00  -1.08275251e+01   7.73926647e+00 
 -3.90242674e-01  -1.12047950e+01   6.63799211e+00 
  1.73598485e+00  -9.48529479e+00   9.26520273e+00 
  4.01751908e+00   1.95401388e+00   1.56038212e+01 
  3.17577253e+00  -1.67464034e+00   1.50046346e+01 
  3.85503511e+00  -1.39175429e+01   5.36852901e+00 
  4.15765423e+00  -1.26138999e+01   1.82698082e+00 
  4.22484223e+00  -9.05435920e+00   3.21346770e+00 
  7.64253710e+00  -7.75600446e+00   2.31066112e+00 
  8.50561016e+00  -7.60652416e+00  -1.38199814e+00 
  1.38457201e+01  -5.55231465e+00  -3.91799878e+00 
  1.10043511e+01  -3.05388718e+00  -3.13897387e+00 
  1.35364399e+01  -1.32916106e+00  -8.61688231e-01 
  1.07777211e+01  -5.89628314e-01   1.71128755e+00 
  7.31218411e+00  -6.99818681e-01   6.50249398e+00 
  3.91972607e+00   7.22755479e-01   5.51833432e+00 
  2.35918663e+00   4.08407198e+00   6.20872954e+00 
 -1.37709966e+00   3.83433567e+00   6.37179394e+00 
 -2.75333887e+00   7.24848918e+00   5.51198339e+00 
 -6.47364308e+00   6.48831351e+00   5.68273230e+00 
  3.33349989e+00   9.42425528e+00  -7.96565347e+00 
 -1.10039026e+01   4.48721315e+00   3.19839086e+00 
 -1.06920418e+01   7.51750142e+00   9.29680095e-01 
 -8.26767269e+00   6.01994384e+00  -3.97236324e+00 
 -5.49921298e+00   3.64409807e+00  -2.98121499e+00 
 -1.74795519e+00   4.23630695e+00  -3.55888445e+00 
 -1.02435238e+00   8.97374273e-01  -2.08336012e+00 
 -2.60773184e+00  -3.67635388e-01  -5.16307657e+00 
 -9.81212459e-01  -1.06266263e+00  -8.48876015e+00 
 -3.91148376e+00  -1.22986755e+00  -1.09974809e+01 
 -2.94007750e+00  -2.59061162e+00  -1.55953701e+01 
 -8.34874378e+00  -5.64432022e+00  -1.35318518e+01 
 -1.27164205e+01  -6.34751197e+00  -8.27678409e+00 
 -1.46586176e+01  -5.20936997e+00  -3.30829708e+00 
 -4.52853566e+00   2.60527963e+00  -7.78351289e+00 
 -1.01150611e+00   3.72697083e+00  -8.47050362e+00 
 -1.21657873e+00   3.54546484e+00  -1.22667446e+01 
 -2.56359021e+00   8.17317425e+00  -9.58340002e+00 
  5.31298728e-01   8.43259862e+00  -1.18292722e+01 

   1.958640479559e+01 

 -1.19920197e+00  -1.97912479e+00  -2.07414133e+00 
 -8.59245820e-01  -3.07128230e+00  -2.66857336e+00 
 -3.44202241e+00   7.95958737e-01  -2.68666670e+00 
 -1.59759101e+00  -4.89064604e+00  -4.22908143e+00 
 -3.67901561e-01  -6.35188308e-01  -5.85773679e+00 
  3.36361203e-01  -5.26471191e-01  -4.59806708e+00 
 -8.51863536e-01   1.30358474e+00  -4.29743312e+00 
  1.28794874e+00  -1.61518657e+00  -4.17659916e+00 
  2.62928621e+00  -1.94712234e+00  -2.30318313e+00 
  1.89812833e+00  -9.06977617e-01  -3.10598480e+00 
  1.39420914e+00  -1.23046063e-01  -2.17805834e+00 
  1.02146205e+00   1.10253516e+00  -2.87887778e+00 
 -2.59656923e+00   1.95021093e-01  -6.89318300e-01 
  1.96895176e+00   2.12657394e+00  -2.43997865e+00 
  3.17744262e-01   7.90733685e-01  -4.10064191e+00 
 -1.86732161e-02   1.72932692e+00  -2.04756448e+00 
 -6.18936393e-01   2.81562771e+00  -2.68150440e+00 
 -1.69214931e+00   3.46468246e+00  -2.06913331e+00 
 -2.53229848e+00   2.55594250e+00  -1.43698098e+00 
 -1.90838344e+00   1.48453364e+00  -7.98590047e-01 
 -6.74173366e-01   9.18780185e-01  -1.25211668e+00 
 -2.93405251e+00  -1.56431798e-01  -1.96277519e+00 
 -2.33308750e+00  -1.39553387e+00  -2.37127297e+00 
 -2.61108849e+00  -1.38344967e+00  -3.67149554e+00 
 -2.58287936e+00  -2.62748996e+00  -4.25979101e+00 
 -1.35599690e+00  -3.19301204e+00  -3.92911432e+00 
 -9.63481514e+00  -1.05753744e-01   1.05938752e+01 
 -1.03544131e+01  -4.92923997e-01   6.90605798e+00 
 -1.09933938e+01  -3.24796449e+00   4.37775343e+00 
 -9.15043291e+00  -5.18465633e+00   1.65270945e+00 
 -1.01258047e+01  -2.90910692e+00  -1.23806420e+00 
 -8.88683631e+00   3.97076884e-01   2.17147555e-01 
 -6.57273237e+00  -8.75422480e-01   2.91501773e+00 
 -6.05677677e+00  -1.27054120e+00   6.57404477e+00 
 -4.75357080e+00   1.62557022e+00   8.57423097e+00 
 -4.50227934e+00   7.49276963e+00   9.86507674e+00 
 -1.81075127e+00   5.49762181e+00   8.08121012e+00 
 -1.96959946e+00   2.63902839e+00   5.70079688e+00 
 -1.91843113e-01  -4.85479572e-01   6.95574184e+00 
  1.92239217e+00  -1.52348142e+00   3.91469644e+00 
  4.29662076e+00  -4.51659546e+00   4.19718773e+00 
  5.06139025e+00  -3.99471278e+00   4.61915464e-01 
  7.13955746e+00  -7.42194350e-01   9.06053290e-01 
  9.66238896e+00   8.98108538e-01   3.22136603e+00 
  8.78524919e+00   4.60087773e+00   3.41337721e+00 
  6.76489318e+00   6.36606988e+00   6.03235806e+00 
  5.05426993e+00   9.05518180e+00   3.97921277e+00 
  6.38564364e+00   6.87692691e+00  -9.08699167e+00 
  2.87629672e+00   8.70783239e+00  -7.80338660e+00 
  3.70437106e+00   1.09202314e+01  -4.83701782e+00 
  8.94255322e+00   1.12194347e+01   7.35778396e+00 
  8.38573991e+00   1.19841926e+01   3.70541520e+00 
 -1.35617166e+00   1.16468381e+01  -8.46774967e+00 
 -3.88936638e+00   8.89667323e+00  -7.87348979e+00 
 -2.26125671e+00   8.22018332e+00  -4.48397498e+00 
 -4.93254383e+00   9.06997481e+00  -1.96931744e+00 
 -8.16095817e+00   7.08323924e+00  -2.15151114e+00 
 -1.31487662e+01   7.65776727e+00   1.58473543e+00 
 -1.02400250e+01   5.33144618e+00   2.60935812e+00 
 -9.93352748e+00   7.55304444e+00   5.69849134e+00 
 -6.10225638e+00   7.26369856e+00   5.57486662e+00 
 -3.48979090e-01   8.40345218e+00   4.81426829e+00 
  1.44027801e+00   5.07917545e+00   4.31546749e+00 
  3.59975778e+00   3.06352744e+00   6.65730176e+00 
  6.13878715e+00   1.05593670e+00   4.76740689e+00 
  7.05865016e+00  -1.89544217e+00   6.94294535e+00 
  9.49752881e+00  -3.65466136e+00   4.61814332e+00 
 -6.35962276e+00  -8.14097338e+00   9.03424908e+00 
  1.03081973e+01  -7.07841881e+00   3.37920456e-01 
  9.01688681e+00  -9.77510755e+00   2.68042758e+00 
  3.57061181e+00  -1.08728366e+01   1.54757604e+00 
  2.02067878e+00  -7.47971002e+00   9.34561565e-01 
 -7.65997269e-01  -5.89323446e+00   3.04971648e+00 
 -7.92979783e-01  -2.96000625e+00   7.59587958e-01 
 -2.22392714e+00  -5.35481687e+00  -1.65065374e+00 
 -5.84693554e+00  -6.25742357e+00  -2.14856016e+00 
 -5.76844111e+00  -9.58243297e+00  -4.10975326e+00 
 -1.00085761e+01  -1.14093713e+01  -5.72820632e+00 
 -5.50562559e+00  -1.18783958e+01  -1.04547661e+01 
  1.07018663e+00  -1.06996994e+01  -1.20535730e+01 
  6.17940908e+00  -9.10587335e+00  -1.10005181e+01 
 -2.30764927e+00  -9.58921362e+00  -4.43478401e-01 
 -4.92046239e+00  -8.45703012e+00   2.00417608e+00 
 -7.58068809e+00  -1.09977902e+01   1.02735366e+00 
 -3.87615405e+00  -1.21527637e+01   4.94818727e+00 
 -7.50513074e+00  -1.19047868e+01   6.15591902e+00 

   1.958640479559e+01 

  2.94563713e+00   1.58850968e+00  -2.29392514e-01 
  4.16411325e+00   1.44415552e+00   1.65835870e-01 
  1.12805119e+00   3.71822259e+00  -2.52443581e+00 
  6.36052917e+00   2.59147968e+00   5.52911909e-01 
  4.95687465e+00   1.42249458e+00  -3.79873178e+00 
  4.10472783e+00   4.80775394e-01  -3.10476925e+00 
  2.45022188e+00   1.46342872e+00  -4.17638766e+00 
  4.69999594e+00  -4.60182882e-01  -2.09051651e+00 
  3.81510088e+00  -2.11558271e+00  -7.13684153e-01 
  3.57023286e+00  -1.31285101e+00  -1.96133991e+00 
  2.28295793e+00  -1.05250444e+00  -1.89297565e+00 
  1.90919654e+00  -6.32695763e-01  -3.24064055e+00 
  2.37535163e-01   2.54183690e+00  -8.24901847e-01 
  1.09226068e+00  -1.71342541e+00  -3.79169759e+00 
  2.86841490e+00   3.14602999e-01  -3.75801050e+00 
  6.94536647e-01   1.81648739e-01  -3.07548764e+00 
  3.21431941e-01   8.20336288e-01  -4.25663802e+00 
 -7.55460962e-01   1.70820707e+00  -4.25003985e+00 
 -7.71222866e-01   2.46766040e+00  -3.08631406e+00 
 -4.06729062e-01   1.80397078e+00  -1.91525032e+00 
  5.30295579e-01   7.22080022e-01  -1.89211848e+00 
  1.32980243e+00   3.14343876e+00  -1.37638526e+00 
  2.56013232e+00   2.71721682e+00  -7.69733329e-01 
  3.44237967e+00   3.24166528e+00  -1.61507512e+00 
  4.69796292e+00   3.41128476e+00  -1.07724293e+00 
  5.06477976e+00   2.18383756e+00  -5.35743483e-01 
 -9.07740355e+00   7.25223469e+00   7.42021159e+00 
 -6.28302411e+00   8.70030891e+00   5.33161341e+00 
 -2.74651971e+00   1.00010319e+01   5.76993359e+00 
  8.60568284e-01   8.85685546e+00   5.26702089e+00 
  1.26565923e+00   1.02230875e+01   1.73780581e+00 
 -1.74403200e+00   8.50756167e+00   1.30862985e-01 
 -2.41996427e+00   5.80215795e+00   2.67580728e+00 
 -4.71407784e+00   4.61095621e+00   5.34580526e+00 
 -7.83530591e+00   2.75368998e+00   4.39973470e+00 
 -1.26082974e+01   1.86654235e+00   8.52203167e-01 
 -9.48441000e+00  -2.87440137e-01   9.46037664e-01 
 -5.89572282e+00   5.21505179e-01   1.52057061e+00 
 -4.40066257e+00  -1.25497808e+00   4.53831092e+00 
 -1.10807935e+00  -2.66280344e+00   3.13391809e+00 
  1.11805280e+00  -4.84235592e+00   5.36312895e+00 
  3.62591326e+00  -4.89805056e+00   2.44473438e+00 
  1.54375874e+00  -7.23436098e+00   1.42300948e-01 
 -7.43732691e-01  -1.02630768e+01   2.43338402e-01 
 -3.50046060e+00  -9.68813635e+00  -2.32310599e+00 
 -6.95066493e+00  -8.33831063e+00  -1.74789901e+00 
 -7.56594004e+00  -6.44315546e+00  -4.97323369e+00 
  3.60318816e+00  -5.05685356e+00  -1.20846183e+01 
  7.96030420e-01  -1.99421950e+00  -1.23202253e+01 
 -2.66308500e+00  -3.52923939e+00  -1.20794045e+01 
 -1.07129292e+01  -1.10499748e+01  -4.67131347e+00 
 -8.67610288e+00  -9.84464775e+00  -7.60954742e+00 
 -1.46904404e+00   2.08177041e+00  -1.46112218e+01 
 -5.58596153e-01   4.62777938e+00  -1.19612124e+01 
 -2.26050407e+00   2.41940067e+00  -9.34897904e+00 
 -5.15219203e+00   4.48737066e+00  -8.10677783e+00 
 -4.31571247e+00   7.81419817e+00  -6.48335781e+00 
 -8.34941030e+00   1.19295258e+01  -4.04179885e+00 
 -7.00174077e+00   9.03807219e+00  -1.86334070e+00 
 -1.06546809e+01   7.98895094e+00  -1.50619009e+00 
 -9.64837941e+00   4.28295955e+00  -1.68119694e+00 
 -8.76258652e+00  -1.27483092e+00  -3.49891085e+00 
 -5.86135408e+00  -2.70777892e+00  -1.49128306e+00 
 -5.81635371e+00  -5.14315404e+00   1.38574675e+00 
 -2.63620258e+00  -7.12642670e+00   1.43115378e+00 
 -2.08569806e+00  -8.25414915e+00   4.99695517e+00 
  1.22643450e+00  -1.00712260e+01   4.57779499e+00 
 -2.00672172e+00   4.88475645e+00   1.21238887e+01 
  6.75043877e+00  -9.80353901e+00   4.24115461e+00 
  6.59276707e+00  -8.81683950e+00   7.90564863e+00 
  7.11029472e+00  -3.19355360e+00   8.41662205e+00 
  5.01500909e+00  -1.78287421e+00   5.60394558e+00 
  1.90344857e+00   4.26862098e-01   6.04167260e+00 
  1.61703865e+00   7.04330167e-01   2.34164216e+00 
  4.67954871e+00   2.73314649e+00   2.65297763e+00 
  4.95252186e+00   6.43556754e+00   3.29044408e+00 
  8.59092773e+00   6.96160404e+00   4.47087435e+00 
  1.01716458e+01   1.15475760e+01   5.10807980e+00 
  1.47618604e+01   8.09256940e+00   1.97283272e+00 
  1.63853695e+01   1.89048511e+00  -4.93983885e-01 
  1.55334675e+01  -3.42038546e+00  -1.40077872e+00 
  6.59177736e+00   2.86136252e+00   6.61799211e+00 
  3.57278054e+00   4.86639333e+00   7.60041461e+00 
  5.45982279e+00   7.82874555e+00   9.06669747e+00 
  4.08239008e+00   3.51670020e+00   1.22193815e+01 
  2.35561886e+00   6.81636097e+00   1.31249643e+01 

   1.958640479559e+01 

  9.29633896e-01   2.69072954e+00   8.87702786e-01 
  1.01567545e+00   3.97399940e+00   8.00852369e-01 
  1.62995738e+00   1.38752451e-01   3.35822488e+00 
  9.61626622e-01   6.13891668e+00   2.06601455e+00 
  4.76705047e+00   3.34951013e+00   2.17341753e+00 
  4.21898966e+00   2.81371347e+00   9.45767530e-01 
  4.29649827e+00   8.66431878e-01   1.97214481e+00 
  3.84395040e+00   3.74638778e+00  -1.75802541e-01 
  2.93517224e+00   3.43386635e+00  -2.29606380e+00 
  3.67491445e+00   2.75287254e+00  -1.17802430e+00 
  3.11775865e+00   1.56215158e+00  -1.14208291e+00 
  4.03998754e+00   7.35490456e-01  -3.68608381e-01 
  2.66225836e-01  -7.98676977e-02   1.58121635e+00 
  4.64929849e+00  -1.93568206e-01  -1.31972078e+00 
  4.46414193e+00   1.43256417e+00   8.22747051e-01 
  3.22519610e+00  -3.67844353e-01   1.64869170e-01 
  3.92375628e+00  -1.14199221e+00   1.08950633e+00 
  3.26616680e+00  -2.17269957e+00   1.76276320e+00 
  1.96797011e+00  -1.80511102e+00   2.09568890e+00 
  1.28439837e+00  -1.04188520e+00   1.14967307e+00 
  1.94011827e+00  -1.27175105e-01   2.65153588e-01 
  8.84121049e-01   7.39082448e-01   2.47934369e+00 
  8.86861325e-01   2.11366974e+00   2.06232377e+00 
  1.72483007e+00   2.63610295e+00   2.95276256e+00 
  1.58624585e+00   3.99539746e+00   3.11900451e+00 
  1.65690344e+00   4.55784785e+00   1.84894154e+00 
 -1.15922025e+01  -6.09248540e+00   1.98610140e+00 
 -9.38203601e+00  -4.22900141e+00   4.41721417e+00 
 -9.11349569e+00  -7.93091851e-01   6.00254692e+00 
 -7.13177979e+00   2.44654181e+00   5.61431939e+00 
 -4.37511462e+00   1.57320019e+00   8.08901516e+00 
 -3.30171445e+00  -1.76134604e+00   6.56843999e+00 
 -4.80430981e+00  -1.44770333e+00   3.11928493e+00 
 -7.45994045e+00  -2.64769007e+00   8.13105062e-01 
 -6.95417620e+00  -5.85508580e+00  -1.06927831e+00 
 -5.01727936e+00  -1.15350535e+01  -1.44325223e+00 
 -3.35782621e+00  -8.51690955e+00  -3.03828845e+00 
 -3.01964957e+00  -4.97245083e+00  -1.94943343e+00 
 -4.58289771e+00  -2.48256657e+00  -4.36905863e+00 
 -1.81275442e+00   1.57508057e-01  -4.75855561e+00 
 -2.30890415e+00   3.07131207e+00  -7.19557757e+00 
  1.07224097e+00   4.41792739e+00  -5.94498664e+00 
  3.26928295e+00   1.72930146e+00  -7.68831983e+00 
  3.52731698e+00  -3.04465308e-01  -1.08841228e+01 
  4.71902422e+00  -3.79148574e+00  -9.91599860e+00 
  2.65051604e+00  -6.86423184e+00  -9.33607810e+00 
  4.63183593e+00  -8.60344035e+00  -6.61165419e+00 
  1.39266517e+01  -6.15645293e-01  -1.41121392e+00 
  1.21717055e+01  -3.40880989e+00   1.12527340e+00 
  1.14115030e+01  -6.53165379e+00  -8.87112831e-01 
  4.99828934e+00  -1.13338774e+01  -1.14725086e+01 
  7.80437375e+00  -1.04682381e+01  -9.10370046e+00 
  1.20418963e+01  -6.42893540e+00   5.35078079e+00 
  9.09583220e+00  -4.72491575e+00   7.00928916e+00 
  7.03588685e+00  -5.36327159e+00   3.85551090e+00 
  4.30229318e+00  -7.70010617e+00   4.97269165e+00 
  1.96264388e+00  -6.43986496e+00   7.68208367e+00 
 -2.90880069e+00  -9.48631854e+00   1.01632121e+01 
 -3.38590085e+00  -7.39598727e+00   6.94991352e+00 
 -4.48083223e+00  -1.06729219e+01   5.32664266e+00 
 -2.70414620e+00  -9.69457900e+00   2.06108387e+00 
  1.13485811e+00  -9.34912802e+00  -2.42449940e+00 
  7.83449037e-01  -5.89754957e+00  -3.99426909e+00 
 -8.80053648e-01  -4.79980132e+00  -7.19396988e+00 
  7.79646018e-01  -1.74995447e+00  -8.60557345e+00 
 -1.79251867e+00   2.64275357e-02  -1.07311765e+01 
  2.59620048e-01   3.03545437e+00  -1.18184529e+01 
 -1.26781950e+01   2.22540889e+00  -7.26338130e-01 
  2.20071803e+00   8.09479703e+00  -1.06631188e+01 
 -1.42629049e+00   9.18684401e+00  -1.09445354e+01 
 -3.69495718e+00   9.70510421e+00  -5.77396182e+00 
 -2.37248756e+00   6.73225716e+00  -3.84921724e+00 
 -4.51620198e+00   3.90777679e+00  -2.37166945e+00 
 -1.44304431e+00   2.35453985e+00  -9.60144933e-01 
 -1.46830013e+00   5.28332082e+00   1.27896148e+00 
 -3.24866425e+00   5.66490127e+00   4.57646045e+00 
 -3.32917797e+00   9.47242092e+00   5.21241565e+00 
 -5.00898738e+00   1.10582118e+01   9.52511161e+00 
  4.16367910e-01   1.43703980e+01   7.96567028e+00 
  5.28666535e+00   1.52003032e+01   3.19301111e+00 
  7.68887696e+00   1.42237046e+01  -1.60584236e+00 
 -4.40620145e+00   8.44295952e+00   3.95889188e-01 
 -6.92873236e+00   5.89860729e+00   1.51961240e+00 
 -8.67080436e+00   8.09950655e+00   4.09015169e+00 
 -1.03637834e+01   8.00590384e+00  -1.15918475e+00 
 -1.28679832e+01   6.61425997e+00   1.38677105e+00 

   1.958640479559e+01 

  7.21897850e-01  -1.78936551e+00  -1.54564838e+00 
  1.41590693e+00  -2.86847323e+00  -1.42072601e+00 
 -2.53405391e+00  -5.86482212e-01  -5.16877578e-01 
  1.33048105e+00  -5.36006780e+00  -1.14671446e+00 
  4.56988099e-01  -2.47873840e+00   2.48763912e+00 
  1.19437770e+00  -1.51353397e+00   1.70074002e+00 
 -6.07573821e-01  -2.59599631e-01   1.87957769e+00 
  2.55773033e+00  -1.86792167e+00   1.16769764e+00 
  4.12615215e+00  -7.35675041e-01  -1.27341265e-01 
  2.93632372e+00  -5.55682302e-01   7.74265260e-01 
  2.26374535e+00   4.06445811e-01   1.81408965e-01 
  1.33063913e+00   8.95180276e-01   1.19264040e+00 
 -1.28417812e+00   2.49173901e-01  -2.19163342e+00 
  1.80522783e+00   2.22445969e+00   1.57579367e+00 
  6.83508977e-01  -2.10844175e-01   1.85828216e+00 
  2.30105368e-01   1.52046023e+00   4.41853140e-01 
 -8.41305202e-01   1.86584613e+00   1.26345711e+00 
 -2.00690845e+00   2.38283386e+00   6.95875261e-01 
 -2.30634071e+00   1.74477822e+00  -5.01831231e-01 
 -1.21937374e+00   1.42066446e+00  -1.31311601e+00 
  7.49484306e-02   1.10226192e+00  -7.91208156e-01 
 -1.59125215e+00  -8.05711994e-01  -1.38415102e+00 
 -5.78642451e-01  -1.82445862e+00  -1.39757624e+00 
 -9.88016990e-01  -2.58733786e+00  -3.88399811e-01 
 -5.10012773e-01  -3.87727078e+00  -4.34319078e-01 
  8.70595623e-01  -3.78214509e+00  -5.73151483e-01 
 -6.15309121e+00   3.87597685e+00  -1.40270807e+01 
 -7.07524313e+00   1.39865897e+00  -1.13288869e+01 
 -6.79311563e+00  -2.31802817e+00  -1.06235436e+01 
 -4.64470352e+00  -4.74460509e+00  -8.60631914e+00 
 -6.82057334e+00  -4.76453360e+00  -5.48362143e+00 
 -6.92148850e+00  -9.99178124e-01  -4.85477363e+00 
 -3.98508733e+00   1.16082678e-01  -6.94918922e+00 
 -2.92110248e+00   1.89654539e+00  -1.00328067e+01 
 -2.72741488e+00   5.64473484e+00  -1.00221801e+01 
 -4.81189061e+00   1.10575836e+01  -8.43804382e+00 
 -1.76381002e+00   9.33818988e+00  -6.96834722e+00 
 -9.88646476e-01   5.76192151e+00  -6.28090104e+00 
  2.07173328e+00   4.48266198e+00  -8.15050670e+00 
  4.04941145e+00   2.68286620e+00  -5.38556186e+00 
  7.47602467e+00   1.17163715e+00  -6.19178949e+00 
  7.50215974e+00  -1.64093206e-01  -2.58282368e+00 
  8.05900907e+00   3.27494407e+00  -8.62982120e-01 
  9.91478227e+00   6.56036222e+00  -1.28497593e+00 
  7.59351389e+00   9.33543574e+00  -9.02281788e-02 
  5.34492034e+00   1.15165202e+01  -2.15020396e+00 
  2.43313265e+00   1.20476574e+01   2.18835098e-01 
  2.99658560e+00   3.79613944e+00   1.06513814e+01 
 -7.77709667e-01   4.87459678e+00   9.27044049e+00 
 -6.09899583e-01   8.44981762e+00   8.01768519e+00 
  5.42358609e+00   1.67220828e+01  -4.32637004e-01 
  4.16841602e+00   1.52260460e+01   2.79553822e+00 
 -5.89890990e+00   5.58253915e+00   9.78526760e+00 
 -6.95301320e+00   2.95552583e+00   7.27104921e+00 
 -4.80212605e+00   4.70398979e+00   4.64164839e+00 
 -7.26441594e+00   5.90830261e+00   2.05936604e+00 
 -9.35669422e+00   3.26656814e+00   3.13919829e-01 
 -1.36429571e+01   4.20423819e+00  -4.14887924e+00 
 -9.92739011e+00   3.77561699e+00  -5.11492435e+00 
 -1.02181989e+01   7.26655910e+00  -6.63180834e+00 
 -6.66400826e+00   8.12207843e+00  -5.44291907e+00 
 -2.05600778e+00   1.03506811e+01  -2.48024974e+00 
  8.90675405e-01   7.98713462e+00  -2.96166990e+00 
  3.95778186e+00   8.27789726e+00  -5.13392509e+00 
  6.86129901e+00   6.44665636e+00  -3.62895389e+00 
  9.18620280e+00   5.53490476e+00  -6.46678477e+00 
  1.18437506e+01   3.64012175e+00  -4.51872860e+00 
 -1.70267385e-02  -2.33980430e+00  -1.52257677e+01 
  1.35033453e+01  -1.09994553e+00  -2.17840517e+00 
  1.37515021e+01  -2.38522720e+00  -5.74399375e+00 
  9.17760297e+00  -5.49163716e+00  -7.00094905e+00 
  6.28553295e+00  -3.59076187e+00  -5.47976818e+00 
  3.36271814e+00  -2.04851755e+00  -7.43807981e+00 
  1.83525758e+00  -9.43754434e-01  -4.22940295e+00 
  1.26751643e+00  -4.55000013e+00  -3.71495640e+00 
 -1.67247111e+00  -6.61768292e+00  -4.84188172e+00 
 -4.38197096e-01  -1.02704583e+01  -4.63712092e+00 
 -3.67819926e+00  -1.38503360e+01  -5.42623458e+00 
  1.00777285e-02  -1.53746915e+01  -2.38762390e-01 
  5.24245785e+00  -1.33123617e+01   3.70532295e+00 
  9.29530792e+00  -9.95598790e+00   5.14147112e+00 
  3.11332801e+00  -7.29383720e+00  -6.62334691e+00 
  5.77132488e-01  -5.88349961e+00  -9.00626622e+00 
 -8.65471912e-01  -9.21508546e+00  -1.01490142e+01 
  3.41767682e+00  -6.94103149e+00  -1.27784224e+01 
  1.91413982e-01  -7.19415065e+00  -1.48318924e+01 

   1.958640479559e+01 

  1.96895337e+00  -2.07009463e-01  -2.75333786e+00 
  3.10557543e+00   2.94527327e-01  -3.09725471e+00 
 -1.16683503e+00  -1.03935108e+00  -4.35974939e+00 
  4.76257597e+00   5.73455888e-01  -4.95923525e+00 
  8.04041102e-01   3.13925393e+00  -4.81690780e+00 
  8.23396728e-01   2.80921191e+00  -3.40791140e+00 
 -1.19265572e+00   1.99300727e+00  -3.75533913e+00 
  2.06639931e+00   3.06478887e+00  -2.59668996e+00 
  2.63403037e+00   2.71993615e+00  -3.65563167e-01 
  1.47942235e+00   2.87560765e+00  -1.31615778e+00 
  6.15590072e-01   1.98801260e+00  -8.74004449e-01 
 -6.56331380e-01   2.35861247e+00  -1.48801516e+00 
 -4.25043246e-01  -1.86287402e+00  -2.40095571e+00 
 -1.49162293e+00   2.88393893e+00  -4.08503813e-01 
 -4.75944496e-01   2.63600802e+00  -2.89359645e+00 
 -1.46301697e+00   1.12773532e+00  -1.49357418e+00 
 -2.63945082e+00   1.26979122e+00  -2.22710580e+00 
 -3.47372854e+00   1.66392780e-01  -2.41297931e+00 
 -2.73383330e+00  -9.91732940e-01  -2.61931732e+00 
 -1.56774833e+00  -1.11770344e+00  -1.86492539e+00 
 -7.86333687e-01   5.63046926e-03  -1.44474690e+00 
 -1.38991494e-01  -1.29105255e+00  -3.60524021e+00 
  1.18932231e+00  -7.46655152e-01  -3.65639926e+00 
  1.12875440e+00  -6.47387770e-02  -4.79628124e+00 
  2.35802609e+00   1.86840258e-01  -5.36207507e+00 
  3.13675301e+00   7.73406038e-01  -4.37014371e+00 
 -1.42542470e+00  -1.46382447e+01   1.16653173e+00 
 -1.17026751e+00  -1.27110830e+01  -2.07208838e+00 
  1.42626858e+00  -1.18304026e+01  -4.69378074e+00 
  3.66972981e+00  -8.91211554e+00  -5.70552526e+00 
  1.25890933e+00  -7.35145367e+00  -8.20318952e+00 
 -1.76892794e+00  -6.99691303e+00  -5.90318132e+00 
 -1.00703715e-01  -7.32405645e+00  -2.53230009e+00 
  3.76392076e-01  -9.48425830e+00   4.53786885e-01 
 -2.23731276e+00  -9.50787112e+00   3.14721248e+00 
 -7.96283479e+00  -9.41097268e+00   4.98091565e+00 
 -5.50893249e+00  -6.52506956e+00   5.21975659e+00 
 -2.72347006e+00  -5.41150874e+00   3.01423224e+00 
  6.70419696e-01  -5.39780022e+00   4.74026205e+00 
  2.07996271e+00  -1.94822346e+00   3.78684482e+00 
  5.45451731e+00  -8.26572241e-01   5.21154626e+00 
  5.08578282e+00   2.32814165e+00   3.03868916e+00 
  2.26477953e+00   3.96733171e+00   5.14817012e+00 
  1.10728017e+00   4.44261707e+00   8.73289388e+00 
 -2.69353047e+00   4.17709803e+00   8.74185260e+00 
 -4.80045883e+00   1.17937143e+00   9.53639055e+00 
 -7.75285674e+00   1.69654383e+00   7.21500310e+00 
 -5.35002303e+00   1.12213388e+01  -1.77097045e+00 
 -7.79042399e+00   8.06121934e+00  -2.94291800e+00 
 -9.81961011e+00   6.94724343e+00   6.06168333e-02 
 -9.17878862e+00   2.50876334e+00   1.25558362e+01 
 -1.00267995e+01   4.68469823e+00   9.59258154e+00 
 -1.14491471e+01   5.84788147e+00  -5.89381648e+00 
 -9.20636130e+00   3.24364404e+00  -7.48173528e+00 
 -8.24995172e+00   2.03212873e+00  -3.98678152e+00 
 -9.57496659e+00  -1.48869082e+00  -3.81476913e+00 
 -8.20819004e+00  -3.96640214e+00  -6.34376901e+00 
 -9.68555099e+00  -1.00267207e+01  -6.85150231e+00 
 -6.87053576e+00  -8.93189065e+00  -4.44330102e+00 
 -9.00379384e+00  -1.05048514e+01  -1.69608644e+00 
 -8.02237252e+00  -7.69061796e+00   7.31781870e-01 
 -8.09578467e+00  -2.86289998e+00   4.14726098e+00 
 -4.50084401e+00  -1.67916039e+00   4.56704814e+00 
 -2.12946985e+00  -1.97684593e+00   7.48224032e+00 
  3.09088236e-01   8.69010542e-01   7.53993632e+00 
  3.37540281e+00  -3.38031236e-01   9.39210202e+00 
  5.55214378e+00   2.76364339e+00   9.09360749e+00 
  7.07364870e+00  -1.22958447e+01   1.22118193e+00 
  9.07238610e+00   5.78951991e+00   6.06845103e+00 
  1.14859121e+01   2.90527871e+00   6.60042614e+00 
  1.15765520e+01  -4.11558170e-01   2.00252982e+00 
  7.95902984e+00  -6.59486487e-01   9.33206791e-01 
  5.88920598e+00  -3.89373723e+00   8.24580200e-01 
  3.00327585e+00  -1.96606169e+00  -5.18818034e-01 
  5.10139880e+00  -1.68935583e+00  -3.53764352e+00 
  5.33082083e+00  -4.09231908e+00  -6.42934416e+00 
  8.61748002e+00  -3.15414019e+00  -8.22540068e+00 
  9.64520634e+00  -5.36820704e+00  -1.24653919e+01 
  1.09320749e+01   1.02703921e+00  -1.29961547e+01 
  1.09711540e+01   7.02267144e+00  -9.64388946e+00 
  1.03315107e+01   1.02167646e+01  -5.26873397e+00 
  9.24822586e+00  -3.13829904e+00  -3.22334049e+00 
  7.65625782e+00  -6.53340905e+00  -3.02710045e+00 
  9.67228913e+00  -8.13645084e+00  -5.82929948e+00 
  1.14760405e+01  -8.27157988e+00  -6.17899124e-01 
  1.05705269e+01  -1.16799229e+01  -2.11884004e+00 

   1.958640479559e+01 

