 -1.64511649e-01   4.91335015e-01  -4.98132413e+00 
 -4.11999683e-01  -5.24234942e-02  -3.68725880e+00 
  1.57992770e-02  -2.45100217e+00  -3.91438979e+00 
  1.75937060e-02  -1.33472549e+00  -3.26773289e+00 
 -6.18738337e-01  -4.34977656e-02  -1.50861945e+00 
 -6.67634728e-01  -1.40367273e+00  -1.92314112e+00 
 -1.02536771e+00   2.11094302e+00  -2.65755078e+00 
 -9.16976602e-01   6.61260288e-01  -2.57837625e+00 
 -3.11482872e+00  -7.02436333e-01  -4.61372554e+00 
 -2.07164502e+00  -1.80909286e+00  -2.20692219e+00 
  4.94808486e+00  -2.11405516e+00  -3.88741820e+00 
 -3.30130677e+00  -1.23264908e+00  -2.26394780e+00 
 -3.79714641e+00  -6.73938947e-01  -3.49440808e+00 
 -2.51609895e+00  -1.92651621e+00  -4.66469877e+00 
 -2.22961279e+00  -2.60119682e+00  -3.36758059e+00 
  9.55377935e-02  -2.33196012e+00  -1.12661852e+00 
 -1.70081617e-01  -3.54163210e+00  -5.79129368e-01 
  9.66038793e-01  -4.25389289e+00  -1.62399295e-01 
  2.17531454e+00  -3.98370481e+00  -8.42917540e-01 
  2.50910344e+00  -2.63772985e+00  -1.00349375e+00 
  1.35521650e+00  -1.82461870e+00  -7.73947513e-01 
  3.52162500e+00  -2.12633571e+00  -1.98250655e+00 
  3.09637555e+00  -1.04305232e+00  -2.69430391e+00 
  3.07576624e+00  -8.95314512e-01  -4.09704908e+00 
  4.39722211e+00  -1.10022654e+00  -4.51468478e+00 
  4.26936592e+00  -2.83786775e+00  -2.86627866e+00 
  1.07617232e+01   4.17173680e+00  -1.32691636e+00 
  1.13842722e+01   9.02847316e-01  -2.92941834e+00 
  9.97191605e+00  -1.32724166e+00  -1.56173685e-01 
  7.99723657e+00   1.25234559e+00   1.83780717e+00 
  8.00798057e+00   3.14721792e+00   5.06995931e+00 
  6.61681900e+00   1.49784366e+00   8.16500192e+00 
  5.86721541e+00  -3.29197669e+00   1.17064917e+01 
  3.18265221e+00  -1.74676179e+00   9.53751577e+00 
  3.41167505e+00  -1.69362283e-01   6.06871345e+00 
  2.15085372e+00   3.46414936e+00   6.13449838e+00 
 -1.73294028e-01   3.53886720e+00   2.99385315e+00 
 -2.05822573e+00   6.77602651e+00   2.22384950e+00 
 -3.34545343e+00   5.11262113e+00  -8.99399985e-01 
 -5.63802794e+00   2.49297912e+00   7.93159995e-01 
 -8.08942382e+00   2.21164532e+00   3.59508330e+00 
 -7.69120655e+00  -1.15608548e+00   5.31547786e+00 
 -5.63400034e+00  -2.02281425e+00   8.32929688e+00 
 -4.46477529e+00  -5.51995449e+00   7.47067913e+00 
 -1.81519409e+00  -7.62158710e+00   9.21779110e+00 
 -8.51216706e+00  -7.88194273e+00  -1.58302997e+00 
 -7.16828469e+00  -8.59864008e+00  -5.09054593e+00 
 -3.75086947e+00  -1.02040782e+01  -3.40185659e+00 
 -4.43236624e+00  -1.09702221e+01   2.66854465e-01 
 -7.28494525e+00  -1.27963985e+01   1.99051617e+00 
 -8.17068563e+00  -5.48278560e+00   1.17223994e+01 
 -8.12972888e+00  -7.73509448e+00   8.71363450e+00 
 -1.51331964e+00  -1.37637714e+01   3.25274995e-01 
 -3.06682390e-02  -1.37689091e+01  -3.16255463e+00 
  2.85465407e+00  -1.14905898e+01  -3.90494593e+00 
  1.77900391e+00  -9.27576291e+00  -9.98842356e-01 
  4.61467421e+00  -9.49939859e+00   1.52475442e+00 
  7.99556670e+00  -8.17727522e+00   2.73445419e-01 
  1.10504141e+01  -1.01728547e+01   1.22415145e+00 
  1.08095769e+01  -5.04496203e+00   3.74112733e+00 
  1.06495983e+01  -5.81587849e+00   7.45342193e+00 
  6.91657598e+00  -4.98673490e+00   7.55070994e+00 
  4.15318278e+00  -7.43152809e+00   8.52668809e+00 
  1.04034705e+00  -5.44577043e+00   7.65174289e+00 
 -3.74844545e-01  -2.40787644e+00   5.88662007e+00 
 -2.03308349e+00   6.60965891e-01   7.39510749e+00 
 -4.49766158e+00   2.13024625e+00   4.93154725e+00 
 -4.82709824e+00   5.83000454e+00   5.91763167e+00 
 -7.27081160e+00   6.92547812e+00   3.23885324e+00 
 -1.10713973e+01   7.18037462e+00   3.51681916e+00 
  9.44104024e+00   1.02903617e+01   4.41906409e+00 
 -1.18059538e+01   8.67590745e+00  -9.06732711e-01 
 -8.14041595e+00   8.64179518e+00  -1.93838759e+00 
  1.13276058e-01   7.68332932e+00  -2.23971930e+00 
  2.91066216e+00   6.68939271e+00   2.13945211e-01 
  2.26759163e+00   3.08401348e+00  -8.22680277e-01 
  3.48394331e+00   3.84185894e+00  -4.37151257e+00 
  7.26632202e+00   4.13157439e+00  -5.01025978e+00 
  7.22758919e+00   6.25443193e+00  -8.17611691e+00 
  4.40134026e+00   8.27891636e+00  -4.63798622e+00 
  7.14589725e+00   7.92939911e+00  -2.07193065e+00 
  9.90474827e+00   9.37168780e+00  -4.22710622e+00 
  6.95030235e+00   1.25795507e+01  -8.78911016e-01 

   8.817266725989e+00 

 -5.04709955e+00  -4.23738826e+00  -2.23071584e-01 
 -3.88158934e+00  -3.52779679e+00  -6.34890257e-01 
 -2.05945556e+00  -5.15322643e+00  -4.74930535e-01 
 -2.55688340e+00  -3.96571293e+00  -3.93571931e-01 
 -2.62063243e+00  -1.77932651e+00  -1.01189067e+00 
 -1.79877596e+00  -2.92745069e+00  -1.18698441e+00 
 -5.06610129e+00  -1.40076729e+00  -1.07003454e+00 
 -3.85720205e+00  -2.20908127e+00  -1.13923277e+00 
 -4.30213670e+00  -4.64008536e+00  -3.31296721e+00 
 -1.84605251e+00  -3.38807521e+00  -2.60181021e+00 
 -1.61112113e+00  -4.96361894e+00   4.44490148e+00 
 -2.51005599e+00  -3.07881439e+00  -3.74682746e+00 
 -3.75481830e+00  -3.72339734e+00  -4.07412865e+00 
 -3.27967743e+00  -5.42033553e+00  -2.85993977e+00 
 -1.93317201e+00  -4.79067143e+00  -2.75879578e+00 
 -4.82277696e-01  -2.85364522e+00  -6.03903711e-01 
  7.62703678e-01  -3.14078969e+00  -1.05242772e+00 
  1.73505007e+00  -3.24342848e+00  -4.45801458e-02 
  1.28747401e+00  -3.63357281e+00   1.23835305e+00 
  1.74755426e-01  -2.95571387e+00   1.73956454e+00 
 -4.95024862e-01  -2.27571631e+00   6.74532164e-01 
 -6.69180647e-01  -3.43821534e+00   2.87980757e+00 
 -2.00992607e+00  -3.35353424e+00   2.64268672e+00 
 -2.96496086e+00  -4.38603711e+00   2.75127576e+00 
 -2.86440206e+00  -4.85220913e+00   4.06855542e+00 
 -5.26833190e-01  -4.57736984e+00   3.60679568e+00 
 -4.23360549e+00   8.18815288e-01   1.07339214e+01 
 -2.51463206e+00  -2.43029601e+00   1.10939551e+01 
  7.00194660e-01  -1.54310146e+00   9.21334152e+00 
 -4.32120472e-01   1.61431278e+00   7.40276515e+00 
 -4.41708427e-03   5.33640229e+00   7.37860784e+00 
  2.94580654e+00   6.82955072e+00   5.56153794e+00 
  8.73620130e+00   6.78860380e+00   3.97532025e+00 
  5.84240121e+00   6.00160666e+00   1.67193536e+00 
  2.56190036e+00   4.17452419e+00   2.35991353e+00 
 -4.50894782e-01   6.41862182e+00   1.53317522e+00 
 -2.70937331e+00   3.96897593e+00  -5.08737531e-01 
 -5.99483271e+00   5.31117142e+00  -1.93328703e+00 
 -6.72156301e+00   1.82408244e+00  -3.15420203e+00 
 -3.96688574e+00   1.61946665e+00  -5.86585594e+00 
 -2.42323805e+00   3.70748309e+00  -8.54850461e+00 
  1.32078612e+00   3.05697949e+00  -8.68661061e+00 
  4.09224444e+00   4.93131999e+00  -6.99182813e+00 
  6.51211820e+00   2.13596782e+00  -6.17664794e+00 
  9.58976850e+00   2.25170712e+00  -3.93963801e+00 
  2.41542597e+00  -6.49252544e+00  -9.73982542e+00 
  1.08396329e+00  -9.73643393e+00  -8.21450316e+00 
  3.84321274e+00  -9.37467533e+00  -5.15451897e+00 
  6.53711782e+00  -6.89729006e+00  -6.21106661e+00 
  8.60351557e+00  -6.59648987e+00  -9.38638648e+00 
  8.48947921e+00   5.58306592e+00  -1.01791267e+01 
  8.48477739e+00   1.82447926e+00  -1.01635338e+01 
  9.19454821e+00  -8.54906560e+00  -3.65414180e+00 
  7.33177060e+00  -1.13507552e+01  -1.90948358e+00 
  5.49677190e+00  -1.05957159e+01   1.27322978e+00 
  5.32340385e+00  -6.93450681e+00   2.37174470e-01 
  7.40467946e+00  -5.07116937e+00   2.81706693e+00 
  6.09299563e+00  -5.30083259e+00   6.41858866e+00 
  8.66996003e+00  -5.76087890e+00   9.13260485e+00 
  6.07951243e+00  -6.66629848e-01   9.29588606e+00 
  8.87702458e+00   1.83909680e+00   8.75155498e+00 
  7.75043932e+00   2.44096411e+00   5.14587046e+00 
  9.87345002e+00   1.77180739e+00   2.04571823e+00 
  7.34115064e+00   2.28692301e+00  -7.32882968e-01 
  3.68725589e+00   2.71061565e+00  -1.63663261e+00 
  1.92377557e+00   5.77161273e+00  -3.03788848e+00 
 -1.05422651e+00   4.70196820e+00  -5.10898073e+00 
 -3.43945916e+00   7.71508652e+00  -5.07922054e+00 
 -6.24705665e+00   6.24869175e+00  -7.15641431e+00 
 -6.82151554e+00   6.65050737e+00  -1.09107758e+01 
 -5.83773434e+00   9.09710126e+00   9.68758608e+00 
 -1.07423013e+01   4.01770489e+00  -1.11102572e+01 
 -1.08103636e+01   3.14693867e+00  -7.40367158e+00 
 -9.06259432e+00   2.27276914e+00   6.78037368e-01 
 -6.41923610e+00   3.61773237e+00   3.13516573e+00 
 -4.27650274e+00   6.27681261e-01   2.15783281e+00 
 -6.81669199e+00  -1.76258101e+00   3.73331262e+00 
 -6.89032003e+00  -2.12552968e+00   7.56230320e+00 
 -1.04597034e+01  -3.38089588e+00   8.02515746e+00 
 -1.03541976e+01   6.83428816e-01   5.18355188e+00 
 -8.16100058e+00   2.50572432e+00   7.65509440e+00 
 -1.01940520e+01   1.63000343e+00   1.07269102e+01 
 -1.11556140e+01   6.25426028e+00   7.91244876e+00 

   8.817266725988e+00 

  3.11068168e+00  -2.94116950e+00  -1.59380017e+00 
  1.84768602e+00  -2.62100453e+00  -1.01598957e+00 
  2.17796185e-01  -3.00578990e+00  -2.80013627e+00 
  6.68116681e-01  -2.38496486e+00  -1.76281775e+00 
  4.60566454e-01  -1.67158151e+00   3.85361640e-01 
 -3.28767432e-01  -2.27494733e+00  -6.33066919e-01 
  2.76755510e+00  -2.03760598e+00   1.20440693e+00 
  1.62449220e+00  -2.28224087e+00   3.36560040e-01 
  1.52348226e+00  -5.47721077e+00  -4.47553134e-01 
 -6.72593978e-01  -3.67491306e+00  -2.61554692e-01 
  1.20003827e+00   1.13473615e+00  -5.31667085e+00 
 -3.80395210e-01  -4.56257866e+00   7.25500037e-01 
  7.42559765e-01  -5.45511307e+00   6.05496180e-01 
  7.08230334e-01  -5.32872874e+00  -1.53049567e+00 
 -5.76665202e-01  -4.60342370e+00  -1.32371104e+00 
 -1.42302774e+00  -1.48116952e+00  -1.13417487e+00 
 -2.73151172e+00  -1.73023063e+00  -1.37798339e+00 
 -3.36676252e+00  -7.69886167e-01  -2.18168974e+00 
 -2.55249203e+00  -5.84618972e-02  -3.09234533e+00 
 -1.37145638e+00   4.79870950e-01  -2.57834060e+00 
 -1.06595781e+00  -1.37822080e-01  -1.32517571e+00 
 -2.15364895e-01   9.39405508e-01  -3.41348753e+00 
  9.95331795e-01   5.05806143e-01  -2.95829462e+00 
  1.98284956e+00  -1.91801180e-01  -3.68499807e+00 
  2.28580775e+00   6.23653680e-01  -4.78313460e+00 
 -9.48661625e-02   9.15390781e-01  -4.76676165e+00 
  5.28403130e+00   8.83011521e+00  -3.32471614e+00 
  3.87751730e+00   7.67550641e+00  -6.53871911e+00 
  2.23163189e-01   7.36456207e+00  -5.43965486e+00 
  6.53896315e-01   7.43450061e+00  -1.65294565e+00 
  8.42219385e-02   9.58845965e+00   1.35926212e+00 
 -3.32368087e+00   9.60959221e+00   2.97815267e+00 
 -9.31866661e+00   9.57481008e+00   2.65354412e+00 
 -7.18226964e+00   6.66315691e+00   3.77475295e+00 
 -3.77028727e+00   5.48007472e+00   2.53704417e+00 
 -1.21922319e+00   5.41847741e+00   5.41535666e+00 
  4.53421307e-01   1.92473223e+00   4.89873015e+00 
  3.13011236e+00   8.21406443e-01   7.39734391e+00 
  3.61704927e+00  -2.26253354e+00   5.29240530e+00 
  2.08241893e-01  -3.94871473e+00   6.01352016e+00 
 -2.12829408e+00  -4.59325116e+00   8.85331543e+00 
 -5.72288412e+00  -4.25427041e+00   7.66001759e+00 
 -7.96263597e+00  -1.24847668e+00   7.78304962e+00 
 -9.92709254e+00  -1.63300959e+00   4.56943074e+00 
 -1.22308137e+01   8.90263063e-01   2.89148424e+00 
 -6.67982129e+00  -1.01969549e+01   9.23683757e-02 
 -4.83236662e+00  -1.10785778e+01  -3.13749159e+00 
 -6.60429267e+00  -7.82834387e+00  -4.98250853e+00 
 -9.58825737e+00  -6.70413015e+00  -2.89853314e+00 
 -1.24932244e+01  -8.62834753e+00  -1.38140080e+00 
 -1.31152538e+01  -2.47993512e+00   9.14443051e+00 
 -1.29511941e+01  -4.56928399e+00   6.02434323e+00 
 -1.13248004e+01  -5.00402557e+00  -6.12688036e+00 
 -8.92406575e+00  -5.57833525e+00  -9.00262000e+00 
 -6.28188630e+00  -3.00780225e+00  -9.69415205e+00 
 -6.56589970e+00  -1.82819573e+00  -6.08364181e+00 
 -7.88967923e+00   1.72988556e+00  -6.30100083e+00 
 -5.58669624e+00   4.19884113e+00  -8.12986554e+00 
 -7.25012295e+00   6.67328543e+00  -1.04382002e+01 
 -4.93513413e+00   9.08874012e+00  -5.80194545e+00 
 -7.87164988e+00   1.06612056e+01  -3.98390691e+00 
 -7.85870055e+00   7.86743636e+00  -1.37103776e+00 
 -1.07561284e+01   5.47352485e+00  -7.07721676e-01 
 -9.15632820e+00   2.98787536e+00   1.67149977e+00 
 -5.93908594e+00   1.70793202e+00   3.20718300e+00 
 -4.78253815e+00   1.91447509e+00   6.82143550e+00 
 -2.48693475e+00  -9.87549527e-01   7.60279141e+00 
 -3.20907943e-01   2.02402079e-01   1.05458248e+01 
  1.82629219e+00  -2.88925620e+00   1.09687100e+01 
  1.27644111e+00  -5.79391718e+00   1.33868286e+01 
  6.17525988e+00   1.22714225e+01   4.39287295e+00 
  5.07821570e+00  -8.27660090e+00   1.20727531e+01 
  6.24828103e+00  -5.81182309e+00   9.41616493e+00 
  6.94327926e+00   5.46667589e-01   4.10396547e+00 
  5.06778139e+00   3.83883495e+00   3.41266935e+00 
  2.85948846e+00   1.85080086e+00   1.03400285e+00 
  5.84247904e+00   1.22395046e+00  -1.28049009e+00 
  7.03222140e+00   4.06931337e+00  -3.57978232e+00 
  1.06320378e+01   2.96288735e+00  -4.16954393e+00 
  9.54387208e+00   2.98344893e+00   6.69883880e-01 
  8.08347024e+00   6.45618752e+00   4.53759611e-01 
  1.09504046e+01   7.98347237e+00  -1.49157475e+00 
  1.08677417e+01   8.10698661e+00   4.00455637e+00 

   8.817266725989e+00 

  2.95065096e+00  -4.54876710e+00   1.66449857e+00 
  2.17876345e+00  -3.37883504e+00   1.92329845e+00 
  3.78965508e+00  -1.53706831e+00   1.89677324e+00 
  2.62962140e+00  -2.05864272e+00   1.68107903e+00 
  3.80991471e-01  -2.13357076e+00   2.00467882e+00 
  1.48565862e+00  -1.28446044e+00   2.29280584e+00 
  2.65369033e-02  -4.58034970e+00   2.12567683e+00 
  8.04167171e-01  -3.35540163e+00   2.24563784e+00 
  2.92699122e+00  -3.65968895e+00   4.74241504e+00 
  1.75306890e+00  -1.26039431e+00   3.75706491e+00 
  4.25578438e+00  -1.31206330e+00  -3.01991244e+00 
  1.30091846e+00  -1.87805233e+00   4.88030394e+00 
  1.91027225e+00  -3.09533191e+00   5.34824074e+00 
  3.74895754e+00  -2.64475771e+00   4.35032691e+00 
  3.12289930e+00  -1.31549983e+00   4.10353064e+00 
  1.47533441e+00   3.20103818e-03   1.64440832e+00 
  1.68528319e+00   1.27185271e+00   2.06872988e+00 
  1.91072110e+00   2.19994663e+00   1.03937649e+00 
  2.47443466e+00   1.70259186e+00  -1.57836840e-01 
  1.88284235e+00   5.56760957e-01  -6.92568932e-01 
  1.07410853e+00  -7.68194646e-02   3.02328919e-01 
  2.52356628e+00  -3.28491842e-01  -1.71774709e+00 
  2.42348286e+00  -1.65861862e+00  -1.43184231e+00 
  3.47226745e+00  -2.59905749e+00  -1.35720439e+00 
  4.10954193e+00  -2.54909115e+00  -2.60381529e+00 
  3.74812622e+00  -1.98502848e-01  -2.29220623e+00 
 -6.00898823e-01  -4.31474081e+00  -9.89467044e+00 
  2.64693051e+00  -2.55610161e+00  -9.89798844e+00 
  1.47839687e+00   7.23143729e-01  -8.30424702e+00 
 -1.87975991e+00  -3.83184862e-01  -6.88002472e+00 
 -5.57624335e+00  -2.10046624e-02  -7.37226429e+00 
 -7.33363153e+00   2.98034614e+00  -5.90989126e+00 
 -7.57297934e+00   8.83554280e+00  -4.60382108e+00 
 -7.06810139e+00   6.06179794e+00  -2.08380856e+00 
 -5.12726239e+00   2.78684388e+00  -2.36850158e+00 
 -7.42669060e+00  -2.25458194e-01  -1.70890242e+00 
 -5.24662801e+00  -2.34674679e+00   7.44332127e-01 
 -6.72927970e+00  -5.58871530e+00   2.12869396e+00 
 -3.42901494e+00  -6.19821602e+00   3.83612515e+00 
 -3.62165922e+00  -3.32213020e+00   6.41957244e+00 
 -6.06812598e+00  -1.69769031e+00   8.72505724e+00 
 -5.48560463e+00   2.05973003e+00   8.77411313e+00 
 -7.14807190e+00   4.71910823e+00   6.71733620e+00 
 -4.29704738e+00   7.14947895e+00   6.17029066e+00 
 -4.14779991e+00   1.01217447e+01   3.79691718e+00 
  3.82326854e+00   3.36969270e+00   1.10389355e+01 
  7.25758012e+00   2.02934432e+00   1.00233995e+01 
  7.27702275e+00   4.64249885e+00   6.81733096e+00 
  4.64922920e+00   7.33642335e+00   7.40752337e+00 
  3.90164149e+00   9.53672815e+00   1.04146662e+01 
 -8.27214369e+00   9.24186344e+00   9.58098189e+00 
 -4.54556443e+00   9.30322725e+00   1.00668629e+01 
  6.59768804e+00   9.90607685e+00   4.97266152e+00 
  9.62937111e+00   8.01738875e+00   3.70577869e+00 
  9.32901112e+00   6.02913377e+00   5.39772562e-01 
  5.56426021e+00   5.83715178e+00   1.08540326e+00 
  4.03932706e+00   7.76785902e+00  -1.81399807e+00 
  4.76475092e+00   6.30112402e+00  -5.28770893e+00 
  5.55429458e+00   8.76223126e+00  -8.03322235e+00 
  5.58354901e-01   6.07700960e+00  -8.75337805e+00 
 -2.03009386e+00   8.85107136e+00  -8.67887302e+00 
 -3.09652552e+00   7.87592398e+00  -5.13709231e+00 
 -2.87355629e+00   1.01466509e+01  -2.07768504e+00 
 -3.72684266e+00   7.73205988e+00   7.22343770e-01 
 -4.22526571e+00   4.11516445e+00   1.73074234e+00 
 -7.42569031e+00   2.36185357e+00   2.79199975e+00 
 -6.60862743e+00  -5.01337343e-01   5.12365259e+00 
 -9.56262507e+00  -2.93866245e+00   4.80357960e+00 
 -8.35521735e+00  -5.62432648e+00   7.18623076e+00 
 -9.24976160e+00  -6.03779948e+00   1.08761521e+01 
 -8.92550351e+00  -6.01737842e+00  -9.88777331e+00 
 -6.62198787e+00  -9.89840547e+00   1.16072674e+01 
 -5.26167926e+00  -1.01162528e+01   8.05709187e+00 
 -3.33288475e+00  -8.71545054e+00   9.15162909e-02 
 -4.36714398e+00  -6.20862630e+00  -2.64342221e+00 
 -1.56015180e+00  -3.97166488e+00  -1.37705337e+00 
  1.04905581e+00  -6.53674472e+00  -2.49975229e+00 
  1.92262741e+00  -6.77463038e+00  -6.23854953e+00 
  3.27014099e+00  -1.03382465e+01  -6.36314094e+00 
 -1.13924167e+00  -1.01783009e+01  -4.09678903e+00 
 -2.63932645e+00  -8.13023954e+00  -6.88866774e+00 
 -1.33629892e+00  -1.02824087e+01  -9.71824806e+00 
 -6.28447229e+00  -1.11994560e+01  -7.50371637e+00 

   8.817266725989e+00 

  5.25649247e+00   3.53144652e+00  -4.04480160e-01 
  4.47268043e+00   2.37097296e+00  -1.39021072e-01 
  5.71493349e+00   5.21190657e-01  -1.15040274e+00 
  4.63218634e+00   1.13319827e+00  -8.07842845e-01 
  2.66444475e+00   1.22930699e+00   3.25922453e-01 
  3.67709216e+00   2.84970802e-01  -1.29215275e-03 
  2.70279379e+00   3.58266972e+00   1.09222458e+00 
  3.30351078e+00   2.33174888e+00   6.51845883e-01 
  6.17751173e+00   1.90631534e+00   2.19845313e+00 
  4.42731391e+00  -1.15164074e-01   1.22067409e+00 
  4.42249965e+00   1.50572276e+00  -5.81966533e+00 
  4.47684181e+00   2.23733290e-01   2.53608389e+00 
  5.36656468e+00   1.25665097e+00   2.99816695e+00 
  6.67081770e+00   9.83967687e-01   1.32359817e+00 
  5.82691822e+00  -2.11549585e-01   1.04367685e+00 
  3.27234917e+00  -7.98867818e-01  -8.61568256e-01 
  3.44474276e+00  -2.14152797e+00  -8.27678500e-01 
  3.17558485e+00  -2.79361317e+00  -2.04179871e+00 
  3.35274930e+00  -2.04058168e+00  -3.22501925e+00 
  2.77131226e+00  -7.71578911e-01  -3.24529880e+00 
  2.44738145e+00  -3.68814028e-01  -1.91182755e+00 
  3.13103540e+00   3.10324045e-01  -4.21755143e+00 
  3.31384128e+00   1.53058619e+00  -3.63571144e+00 
  4.43934847e+00   2.37322127e+00  -3.75036271e+00 
  4.59491197e+00   2.60565174e+00  -5.12310821e+00 
  4.05341346e+00   2.70829378e-01  -5.21460026e+00 
 -2.06089980e+00   6.34673485e+00  -9.61385497e+00 
  7.21395498e-01   4.49576369e+00  -1.11867367e+01 
 -2.51600961e-01   9.80798729e-01  -1.00217338e+01 
 -2.73329754e+00   1.85214964e+00  -7.26283567e+00 
 -6.38589760e+00   1.79553232e+00  -6.43050681e+00 
 -7.91431168e+00  -1.39061485e+00  -5.10858725e+00 
 -8.46633158e+00  -7.36904468e+00  -5.09934636e+00 
 -6.75865086e+00  -5.33631038e+00  -2.40660738e+00 
 -4.61719955e+00  -2.18710602e+00  -2.67104707e+00 
 -6.12494603e+00   6.69393930e-01  -5.82144601e-01 
 -2.97071378e+00   2.00994801e+00   1.29525564e+00 
 -3.43901287e+00   4.87039537e+00   3.78997212e+00 
  2.97457926e-01   4.88215989e+00   4.25602738e+00 
  6.26230031e-01   1.46566551e+00   6.04562412e+00 
 -1.06825392e+00  -5.66367282e-01   8.67979032e+00 
 -1.01065545e+00  -4.24056202e+00   7.70156709e+00 
 -3.61892598e+00  -6.22433306e+00   5.87728684e+00 
 -1.48232142e+00  -8.57142997e+00   3.81322324e+00 
 -2.55809742e+00  -1.08630192e+01   9.70536992e-01 
  8.24523555e+00  -6.50281146e+00   6.05497924e+00 
  1.12645812e+01  -5.11245414e+00   4.16479374e+00 
  9.82887577e+00  -6.84335518e+00   6.93401868e-01 
  7.23189894e+00  -9.47467838e+00   1.61139141e+00 
  7.28118797e+00  -1.23171626e+01   4.13349186e+00 
 -4.27833519e+00  -1.12604411e+01   7.90758572e+00 
 -6.56389569e-01  -1.16133798e+01   6.96727559e+00 
  7.86029642e+00  -1.14448169e+01  -1.86018372e+00 
  1.04919104e+01  -9.44277152e+00  -3.71211762e+00 
  9.38588314e+00  -6.71733958e+00  -6.03928182e+00 
  6.10159756e+00  -6.49302115e+00  -4.12327847e+00 
  3.42760535e+00  -7.56849804e+00  -6.60374109e+00 
  3.09909510e+00  -5.31852400e+00  -9.69791566e+00 
  2.55801346e+00  -7.05264235e+00  -1.30022062e+01 
 -1.97459832e+00  -4.04421830e+00  -1.12434373e+01 
 -4.72353331e+00  -6.62653202e+00  -1.08238555e+01 
 -4.36308500e+00  -6.51532907e+00  -7.01726774e+00 
 -3.40335854e+00  -9.48391129e+00  -4.81901077e+00 
 -2.90890044e+00  -7.80540997e+00  -1.45201606e+00 
 -2.54240702e+00  -4.53426584e+00   4.22156934e-01 
 -4.91652598e+00  -2.95397444e+00   2.93399335e+00 
 -2.97181926e+00  -8.02286258e-01   5.36101058e+00 
 -5.50220873e+00   1.77214097e+00   6.67955373e+00 
 -3.20087536e+00   3.72130965e+00   8.97133414e+00 
 -2.70445702e+00   3.24430222e+00   1.27280244e+01 
 -9.56651953e+00   8.37782101e+00  -6.18771619e+00 
  5.03593583e-01   6.67541257e+00   1.32570764e+01 
  5.72239527e-01   7.70681065e+00   9.59195030e+00 
 -5.69234327e-01   8.24498758e+00   1.37366019e+00 
 -2.80735048e+00   6.54849768e+00  -1.26196243e+00 
 -6.05200362e-02   3.93917601e+00  -1.62700270e+00 
  2.31838304e+00   6.57925830e+00  -3.04786069e+00 
  1.87239776e+00   7.69953944e+00  -6.70085796e+00 
  3.55622788e+00   1.11156364e+01  -6.54062770e+00 
  2.19502994e-01   1.06010559e+01  -2.90661298e+00 
 -2.40995526e+00   9.38413407e+00  -5.32414213e+00 
 -1.88833472e+00   1.21101234e+01  -7.89962879e+00 
 -5.60007011e+00   1.26753041e+01  -3.88302110e+00 

   8.817266725988e+00 

  4.62861823e-01   4.06492638e+00   5.46188359e+00 
  3.80364686e-01   2.96262121e+00   4.56208014e+00 
 -1.09024444e+00   1.34948556e+00   5.66792020e+00 
 -6.06226352e-01   1.94951620e+00   4.63354517e+00 
  4.79105033e-01   1.92742207e+00   2.63648853e+00 
 -8.44368704e-02   1.01281249e+00   3.56933625e+00 
  1.87507860e+00   3.95900639e+00   2.86216234e+00 
  1.11072416e+00   2.82494204e+00   3.36141939e+00 
  2.51926006e+00   1.69616750e+00   6.11364827e+00 
  9.87496271e-01   2.14934647e-01   4.22545543e+00 
 -5.31507332e+00   3.71759276e+00   4.67565456e+00 
  2.34575435e+00   1.68592928e-01   4.24984389e+00 
  3.09234883e+00   9.36343064e-01   5.21171856e+00 
  1.42842722e+00   1.00751369e+00   6.55556093e+00 
  8.11760944e-01   2.92078424e-02   5.61618655e+00 
 -1.22014485e+00   2.57448415e-01   3.10222758e+00 
 -1.56151960e+00  -1.05217512e+00   3.14642994e+00 
 -2.91370979e+00  -1.31072445e+00   2.86987453e+00 
 -3.83547155e+00  -2.81078431e-01   3.16759732e+00 
 -3.50787563e+00   9.96128799e-01   2.70904422e+00 
 -2.12002142e+00   1.04388222e+00   2.36717204e+00 
 -4.13217619e+00   2.26277611e+00   3.21008645e+00 
 -3.22880038e+00   3.24837164e+00   3.48121203e+00 
 -3.08552446e+00   3.97034265e+00   4.68461350e+00 
 -4.33549773e+00   4.55746024e+00   4.92022740e+00 
 -5.08622720e+00   2.40764709e+00   4.16677164e+00 
 -7.69711983e+00   1.00564397e+01  -1.15620749e+00 
 -9.68367510e+00   8.44089472e+00   1.50552703e+00 
 -9.56593389e+00   4.85902879e+00   1.58194087e-01 
 -6.71124771e+00   5.17895844e+00  -2.34739984e+00 
 -5.98353166e+00   5.26648317e+00  -6.02166614e+00 
 -5.63138160e+00   2.01184510e+00  -7.89739962e+00 
 -7.30732928e+00  -3.64556109e+00  -9.00707940e+00 
 -4.12710521e+00  -2.62515337e+00  -7.23395552e+00 
 -3.46541797e+00   2.38201483e-01  -4.79744179e+00 
 -6.82361313e-01   2.54110944e+00  -6.11941590e+00 
  1.54311142e+00   2.97898743e+00  -2.93721038e+00 
  4.73247903e+00   5.06701982e+00  -3.24238001e+00 
  5.23958890e+00   4.56778114e+00   4.55208433e-01 
  6.00409034e+00   7.73865554e-01   3.85040893e-01 
  7.93680461e+00  -1.72547312e+00  -1.60422693e+00 
  5.96850212e+00  -4.96981642e+00  -1.84910875e+00 
  3.62189833e+00  -6.09258768e+00  -4.55082238e+00 
  1.01503837e+00  -7.97990701e+00  -2.55667885e+00 
 -2.37212988e+00  -9.27044379e+00  -3.71906709e+00 
  3.89378307e+00  -7.61814609e+00   7.21634397e+00 
  2.51520948e+00  -6.07339969e+00   1.04312524e+01 
 -1.32357998e+00  -6.61712959e+00   8.99045982e+00 
 -1.21968269e+00  -9.12065464e+00   6.12123992e+00 
  4.04582043e-01  -1.25409885e+01   5.79533050e+00 
  4.14829923e+00  -1.13997046e+01  -5.76603071e+00 
  3.20163617e+00  -1.18453826e+01  -2.15598375e+00 
 -5.09451737e+00  -1.01034271e+01   6.71113634e+00 
 -6.27071348e+00  -7.94540342e+00   9.59605121e+00 
 -7.75669236e+00  -4.58319104e+00   8.85149533e+00 
 -5.90456036e+00  -4.56558835e+00   5.52325006e+00 
 -8.62723133e+00  -4.63187329e+00   2.86952650e+00 
 -1.09709233e+01  -1.59032311e+00   2.88681166e+00 
 -1.46367078e+01  -2.27475557e+00   2.32837784e+00 
 -1.21736452e+01   5.73454138e-01  -1.97388636e+00 
 -1.25366540e+01  -1.72944005e+00  -4.96820425e+00 
 -8.84661445e+00  -2.71633247e+00  -4.76314012e+00 
 -7.55475209e+00  -6.26012827e+00  -4.18133954e+00 
 -3.84508802e+00  -5.64147133e+00  -3.67719183e+00 
 -1.12349947e+00  -3.07405201e+00  -3.08681943e+00 
  1.69449488e+00  -2.01928876e+00  -5.40834184e+00 
  4.65663204e+00  -8.35683677e-01  -3.37686913e+00 
  6.60576471e+00   1.51585856e+00  -5.70929992e+00 
  9.38671041e+00   2.50714925e+00  -3.33625651e+00 
  1.28659712e+01   9.58320787e-01  -3.04891692e+00 
 -3.95281337e+00   1.18115638e+01  -8.57899500e+00 
  1.43844019e+01   3.76197888e+00   4.40763929e-01 
  1.11570286e+01   5.75736292e+00   7.63482904e-01 
  3.40310716e+00   8.66855232e+00   3.23411881e-02 
  3.63968142e-01   8.00761402e+00  -2.23934170e+00 
 -6.76543750e-01   5.33605504e+00   2.64055820e-01 
 -1.26391519e+00   8.00974215e+00   2.93883503e+00 
 -4.46250651e+00   1.01391653e+01   2.75747295e+00 
 -3.32531792e+00   1.31863120e+01   4.74553110e+00 
 -3.23047828e-02   1.20266383e+01   1.22192352e+00 
 -2.73356519e+00   1.18032248e+01  -1.40346696e+00 
 -4.43310077e+00   1.50688506e+01  -5.18309290e-01 
 -4.75776436e-01   1.48727462e+01  -4.33022132e+00 

   8.817266725989e+00 

 -5.69076539e+00   4.74951463e-01  -3.21353946e+00 
 -4.73780789e+00   6.72330191e-01  -2.17217383e+00 
 -4.80416520e+00  -1.38727574e+00  -8.52552586e-01 
 -4.20736596e+00  -3.68117609e-01  -1.37157991e+00 
 -2.98731641e+00   1.54081758e+00  -1.18688239e+00 
 -3.42040543e+00   4.53601025e-01  -3.77753790e-01 
 -4.09307322e+00   2.94713516e+00  -2.89760694e+00 
 -4.02681318e+00   1.86682074e+00  -1.92388849e+00 
 -6.96140159e+00   1.53639861e+00  -4.70657185e-01 
 -4.40977030e+00   9.20525478e-01   6.31840586e-01 
 -2.19892429e+00  -4.13627983e+00  -4.03019292e+00 
 -5.07588312e+00   2.06320051e+00   9.45201179e-01 
 -6.36114620e+00   2.35019309e+00   3.64012285e-01 
 -6.74176530e+00   2.75869256e-01   8.00986674e-04 
 -5.51331216e+00   5.54581887e-02   8.14499755e-01 
 -2.38065735e+00  -4.08085229e-01   1.27240004e-01 
 -2.10028515e+00  -9.30252705e-01   1.34475260e+00 
 -1.18156306e+00  -1.99200111e+00   1.32502949e+00 
 -1.12129794e+00  -2.76350762e+00   1.41982436e-01 
 -1.03080482e+00  -2.05414685e+00  -1.05696153e+00 
 -1.40366085e+00  -6.90736933e-01  -8.39273559e-01 
 -1.31794918e+00  -2.63362839e+00  -2.40860467e+00 
 -2.10328211e+00  -1.83753597e+00  -3.18993976e+00 
 -3.30430964e+00  -2.19298995e+00  -3.83888550e+00 
 -2.98036115e+00  -3.28509411e+00  -4.65437309e+00 
 -1.71046178e+00  -3.89815540e+00  -2.71414158e+00 
  3.26258541e+00  -2.29272080e+00  -1.08594640e+01 
  2.09018152e+00  -5.56067273e+00  -9.59963165e+00 
  3.63067913e+00  -5.36592643e+00  -6.09993545e+00 
  4.40525781e+00  -1.63826574e+00  -5.91510408e+00 
  7.24246287e+00   8.08459589e-01  -5.95069514e+00 
  9.09152493e+00   1.51613567e+00  -2.73896371e+00 
  1.15304141e+01  -2.70962038e-01   2.44799455e+00 
  8.34418324e+00   1.73864296e+00   2.11868297e+00 
  5.56827279e+00   1.55983621e+00  -4.95811155e-01 
  5.11234895e+00   4.95851813e+00  -2.23865355e+00 
  1.22671373e+00   5.36440463e+00  -2.14924973e+00 
 -2.82745308e-01   8.57557674e+00  -3.57577719e+00 
 -3.68268796e+00   7.10832807e+00  -2.89303913e+00 
 -3.53767314e+00   7.19345910e+00   9.74118066e-01 
 -2.43629807e+00   9.42947506e+00   3.75377098e+00 
 -8.95911002e-01   7.35004536e+00   6.54000949e+00 
  2.71101893e+00   6.49485246e+00   7.11020487e+00 
  2.44858714e+00   2.98186717e+00   8.49741986e+00 
  5.23470981e+00   4.51348680e-01   9.06622299e+00 
 -7.47384108e+00   6.87453281e-01   8.95687625e+00 
 -9.79344478e+00  -1.83015279e+00   7.25292745e+00 
 -6.63748680e+00  -4.49109874e+00   6.99384063e+00 
 -3.89447001e+00  -3.38687276e+00   9.39538161e+00 
 -3.98300921e+00  -2.38074507e+00   1.30591235e+01 
  4.14556339e+00   6.69969386e+00   1.23846187e+01 
  1.51154756e+00   4.04031408e+00   1.27265232e+01 
 -2.43555980e+00  -7.14895779e+00   9.61092854e+00 
 -4.63777771e+00  -9.23328505e+00   7.33737335e+00 
 -3.67741975e+00  -9.60296072e+00   3.73070989e+00 
 -1.67132728e+00  -6.37583466e+00   3.99371123e+00 
  1.94860973e+00  -7.40835774e+00   3.45562970e+00 
  2.69503325e+00  -8.93819809e+00   1.37321255e-02 
  5.01732195e+00  -1.19082232e+01  -5.10595536e-02 
  7.24233672e+00  -7.22826943e+00  -2.46679855e+00 
  1.02939455e+01  -6.42995936e+00  -3.56959322e-01 
  8.46568309e+00  -3.53095091e+00   1.34174787e+00 
  7.76138984e+00  -3.27605259e+00   5.08405823e+00 
  5.47311292e+00  -2.52204098e-01   5.22057898e+00 
  3.35179496e+00   2.19380854e+00   3.25480738e+00 
  3.89665867e+00   5.91628314e+00   2.71685720e+00 
  5.70774202e-01   7.63798262e+00   2.19121252e+00 
  1.38734512e+00   1.08287567e+01   2.10991528e-01 
 -2.12607750e+00   1.21965634e+01  -1.53175529e-01 
 -3.85831618e+00   1.47853157e+01   2.05689225e+00 
  7.71813025e+00   4.84691462e+00  -1.20306992e+01 
 -7.95348766e+00   1.48111382e+01  -3.03808208e-01 
 -6.92549534e+00   1.22083661e+01  -2.88653021e+00 
 -2.92192576e+00   6.39777690e+00  -7.28441296e+00 
  5.87774937e-01   4.81168495e+00  -7.29227832e+00 
 -7.74637656e-01   2.26314807e+00  -4.81524720e+00 
 -3.13719691e+00   8.68147578e-01  -7.48364357e+00 
 -1.70041361e+00  -1.44033204e+00  -1.02048377e+01 
 -4.33573034e+00  -9.62144848e-01  -1.29172385e+01 
 -2.71000618e+00   3.40670804e+00  -1.12217344e+01 
  8.93672583e-01   2.35354902e+00  -1.16008808e+01 
  5.50146637e-01   9.82888094e-01  -1.51136455e+01 
  1.99424461e+00   6.21541175e+00  -1.42391037e+01 

   8.817266725989e+00 

  4.91378264e+00   9.49375516e-02   5.30770135e+00 
  4.20091817e+00   5.51718064e-01   4.16109569e+00 
  2.73634597e+00   2.32794621e+00   4.99044601e+00 
  3.02362952e+00   1.33641045e+00   4.21677490e+00 
  3.33951835e+00   4.38882362e-01   2.15247715e+00 
  2.84902446e+00   1.63519012e+00   2.74624352e+00 
  5.30002783e+00  -1.00816345e+00   2.58775490e+00 
  4.42093243e+00   1.26192478e-01   2.83275520e+00 
  6.20957725e+00   2.67032778e+00   3.91024971e+00 
  3.76484383e+00   2.77204242e+00   2.45472371e+00 
 -6.03856571e-01  -6.66776897e-01   7.06803650e+00 
  4.96960515e+00   2.97613521e+00   1.85932161e+00 
  6.18909191e+00   2.90937431e+00   2.62118873e+00 
  5.16158960e+00   3.36105180e+00   4.44323131e+00 
  3.99868416e+00   3.63239887e+00   3.55227366e+00 
  1.44622455e+00   1.90498782e+00   2.55141120e+00 
  7.41882180e-01   2.99894312e+00   2.17622058e+00 
 -6.35349315e-01   2.92272125e+00   2.43922743e+00 
 -1.03575966e+00   2.10208298e+00   3.51843032e+00 
 -4.87828145e-01   8.18709762e-01   3.55808600e+00 
  6.54753958e-01   7.56082468e-01   2.70025137e+00 
 -4.82276847e-01  -6.36782162e-02   4.76909820e+00 
  7.22772084e-01  -6.56355352e-01   5.00906978e+00 
  1.46766936e+00  -6.26415932e-01   6.20664103e+00 
  6.14500476e-01  -1.14128702e+00   7.19135659e+00 
 -9.78369251e-01   2.03905974e-01   6.00551986e+00 
 -2.60831793e+00  -9.33324691e+00   6.20770306e+00 
 -4.03118067e+00  -6.80421119e+00   8.49257902e+00 
 -5.49410479e+00  -4.45742440e+00   5.84467847e+00 
 -3.65613741e+00  -5.71069438e+00   2.74939507e+00 
 -4.16644883e+00  -7.61274646e+00  -4.37961860e-01 
 -5.48752808e+00  -5.79145476e+00  -3.46660857e+00 
 -9.12992119e+00  -1.76416658e+00  -6.02792796e+00 
 -5.39769552e+00  -1.35068960e+00  -5.58233426e+00 
 -3.11484753e+00  -2.43556218e+00  -2.72141016e+00 
 -3.31313328e-01  -4.76130092e+00  -4.00175450e+00 
  2.82034085e+00  -3.22912017e+00  -2.27247833e+00 
  6.22686080e+00  -4.79892902e+00  -3.01839756e+00 
  7.71595353e+00  -2.39770253e+00  -5.29366789e-01 
  7.17550243e+00   8.64863287e-01  -2.54102241e+00 
  7.46640830e+00   2.16450076e+00  -6.02894169e+00 
  4.60569383e+00   4.56463187e+00  -6.74701457e+00 
  1.28465778e+00   3.84867623e+00  -8.33589728e+00 
 -9.93130035e-01   6.19147191e+00  -6.42349235e+00 
 -4.79804601e+00   6.30099323e+00  -6.41084756e+00 
  4.84654266e+00   1.12864339e+01   1.99920807e-01 
  5.14404412e+00   1.14943437e+01   4.00657413e+00 
  1.08249706e+00   1.07760549e+01   4.31597137e+00 
 -5.43482686e-01   1.14170581e+01   9.31276421e-01 
 -2.81537356e-01   1.43266230e+01  -1.49955750e+00 
 -3.16616845e-01   7.77116686e+00  -1.17955657e+01 
 -1.35603507e-01   9.91866614e+00  -8.71616317e+00 
 -4.11993181e+00   1.21219037e+01   2.67494143e+00 
 -3.55460115e+00   1.16615592e+01   6.39404365e+00 
 -4.05742722e+00   8.26041389e+00   7.89282489e+00 
 -3.47510160e+00   6.72337541e+00   4.45679099e+00 
 -6.78199779e+00   5.09540189e+00   3.52206142e+00 
 -7.90514526e+00   2.26567550e+00   5.86202014e+00 
 -1.15717927e+01   2.14448669e+00   6.73338785e+00 
 -9.86413502e+00  -2.22776378e+00   3.46906802e+00 
 -1.18835587e+01  -1.87401080e+00   2.75664939e-01 
 -8.83794501e+00  -5.18160420e-01  -1.60004993e+00 
 -8.61826980e+00   2.93045491e+00  -3.22013760e+00 
 -4.95082098e+00   3.08405890e+00  -4.18176845e+00 
 -1.52062455e+00   1.52120780e+00  -3.80964670e+00 
  5.76451624e-01  -2.62905923e-01  -6.42924471e+00 
  4.24922260e+00   1.22172067e-01  -5.61405930e+00 
  5.97783239e+00  -2.86330037e+00  -7.30756600e+00 
  9.53852746e+00  -2.15812663e+00  -6.22505416e+00 
  1.22450196e+01  -3.07182822e-01  -8.18352209e+00 
 -1.11166066e+00  -1.42578100e+01  -5.52974522e-01 
  1.56134473e+01  -6.98199658e-01  -4.89037720e+00 
  1.34699414e+01  -2.58211310e+00  -2.36889041e+00 
  7.23796362e+00  -6.29648650e+00   1.69297778e+00 
  3.58417673e+00  -7.25771377e+00   9.44892230e-01 
  2.62007825e+00  -3.81055008e+00   2.23890463e+00 
  3.80579736e+00  -4.75088930e+00   5.75428287e+00 
  1.56748943e+00  -7.00706862e+00   7.92175933e+00 
  4.18770344e+00  -8.42739248e+00   1.02982766e+01 
  5.61987008e+00  -8.90739965e+00   5.57354584e+00 
  2.29153891e+00  -1.03851651e+01   4.58469937e+00 
  2.09421627e+00  -1.28814968e+01   7.42470453e+00 
  4.33048389e+00  -1.42530333e+01   2.59277523e+00 

   8.817266725989e+00 

 -4.82006841e+00  -1.25934482e+00   4.74283626e-02 
 -3.58585440e+00  -1.32693478e+00  -6.62273063e-01 
 -2.23142549e+00  -2.94777290e+00   5.73116033e-01 
 -2.39462607e+00  -1.88212531e+00  -1.35405506e-01 
 -1.99226169e+00  -6.37500668e-01  -1.99435145e+00 
 -1.52249422e+00  -1.82528522e+00  -1.36762870e+00 
 -4.24364364e+00   3.09582044e-01  -2.39599727e+00 
 -3.30224464e+00  -6.75069354e-01  -1.88235655e+00 
 -4.66035704e+00  -3.66791538e+00  -2.05919683e+00 
 -1.89073555e+00  -3.01913490e+00  -2.17711209e+00 
 -1.03689751e+00   8.44943463e-02   4.29066362e+00 
 -2.61450986e+00  -3.30397790e+00  -3.29184191e+00 
 -4.01588916e+00  -3.61982645e+00  -3.20006917e+00 
 -3.81396840e+00  -4.25742894e+00  -1.16726230e+00 
 -2.35205763e+00  -4.12078423e+00  -1.42010408e+00 
 -1.59700467e-01  -1.79226969e+00  -8.98266186e-01 
  8.92812930e-01  -2.63749210e+00  -1.00512588e+00 
  1.94377286e+00  -2.37398580e+00  -1.11931262e-01 
  1.60412336e+00  -1.74351169e+00   1.10691866e+00 
  7.84706062e-01  -6.17027142e-01   1.01506997e+00 
  1.60937303e-01  -5.78735626e-01  -2.71298014e-01 
  2.17953112e-02  -2.78292810e-02   2.16224170e+00 
 -1.27359034e+00   2.75082027e-01   1.86022148e+00 
 -2.43250607e+00  -1.41455561e-01   2.54823019e+00 
 -2.26218049e+00   2.96311127e-01   3.86808005e+00 
 -2.44143464e-02  -4.59072916e-01   3.45000763e+00 
 -1.16345390e+00   8.95114546e+00   5.40071903e+00 
 -2.89569525e-01   6.29021194e+00   7.80841027e+00 
  2.73520393e+00   4.86026910e+00   5.94697493e+00 
  2.18753858e+00   6.39373708e+00   2.50050896e+00 
  3.53539069e+00   8.98982209e+00   1.59333752e-01 
  6.46979185e+00   8.12028693e+00  -2.04707808e+00 
  1.17656950e+01   5.44718383e+00  -2.97139620e+00 
  8.46289972e+00   4.28804793e+00  -4.40212067e+00 
  4.96336829e+00   4.31387330e+00  -2.87704919e+00 
  2.52959672e+00   6.32269669e+00  -5.07654674e+00 
 -5.48398959e-01   3.91974664e+00  -5.22711749e+00 
 -3.55848871e+00   4.97739716e+00  -7.33562611e+00 
 -5.31446518e+00   1.87528027e+00  -6.12237537e+00 
 -3.12741854e+00  -7.34579675e-01  -7.96320111e+00 
 -1.51388002e+00  -1.29351204e+00  -1.12833446e+01 
  1.88190380e+00  -2.93512159e+00  -1.07999032e+01 
  5.25419541e+00  -1.31584398e+00  -1.05315556e+01 
  6.97967254e+00  -3.56584486e+00  -8.02266613e+00 
  1.02786652e+01  -2.99355613e+00  -6.21195541e+00 
  3.57421970e-01  -1.09124283e+01  -5.55213469e+00 
 -1.51467756e+00  -1.19746676e+01  -2.39155971e+00 
  1.66216023e+00  -1.06243619e+01  -1.12918381e-01 
  4.71156628e+00  -1.02298532e+01  -2.36154926e+00 
  6.30068626e+00  -1.25549242e+01  -4.91338770e+00 
  9.15953045e+00  -4.06215860e+00  -1.32009062e+01 
  8.20572919e+00  -6.81221216e+00  -1.08229433e+01 
  7.20786102e+00  -1.06383326e+01   7.89612493e-01 
  4.97159251e+00  -1.10878807e+01   3.81620244e+00 
  3.87216322e+00  -8.04935118e+00   5.72029331e+00 
  4.48213690e+00  -5.94636997e+00   2.60367311e+00 
  7.32071090e+00  -3.59257276e+00   3.53195968e+00 
  6.53355566e+00  -1.17092407e+00   6.40601999e+00 
  9.27753015e+00  -5.84294469e-01   8.92489705e+00 
  8.11369452e+00   4.00464244e+00   5.71933976e+00 
  1.13440887e+01   4.70476081e+00   3.85509082e+00 
  9.89301394e+00   3.25661151e+00   6.25594721e-01 
  1.13016737e+01   2.48888555e-01  -1.25460990e+00 
  8.60493470e+00  -3.49833050e-01  -3.85607877e+00 
  5.08592718e+00   4.59195498e-01  -5.00031853e+00 
  3.96994820e+00   2.35516154e+00  -8.09918730e+00 
  5.48955801e-01   1.15535697e+00  -9.17591331e+00 
 -9.64990445e-01   4.07437701e+00  -1.11649812e+01 
 -4.32435256e+00   2.53027315e+00  -1.19884378e+01 
 -5.31973610e+00   6.84731776e-01  -1.51805966e+01 
 -7.54370308e-01   1.48517357e+01  -6.99588457e-01 
 -9.76506829e+00  -2.41950821e-01  -1.38674767e+01 
 -9.50986083e+00   1.41491725e+00  -1.04482223e+01 
 -6.88064336e+00   5.23358840e+00  -3.54620407e+00 
 -3.65366719e+00   6.96920861e+00  -2.35961408e+00 
 -2.50403856e+00   3.55493451e+00  -1.13161656e+00 
 -5.30867285e+00   3.49890069e+00   1.47202292e+00 
 -4.91236391e+00   5.60559749e+00   4.66625046e+00 
 -8.57626934e+00   5.99635248e+00   5.64286874e+00 
 -7.86094656e+00   7.20596713e+00   8.85796662e-01 
 -4.94153374e+00   9.43080519e+00   1.76130846e+00 
 -6.65941840e+00   1.12603596e+01   4.59641695e+00 
 -6.81887247e+00   1.32054639e+01  -5.43689066e-01 

   8.817266725988e+00 

 -5.34998361e-01   3.82157237e+00   2.64244360e+00 
  2.86165412e-01   2.82009815e+00   2.04723930e+00 
  1.00585663e+00   1.40184020e+00   3.90690838e+00 
  6.51807514e-01   1.60937213e+00   2.68387047e+00 
  1.05396072e+00   1.53884635e+00   4.47809982e-01 
  1.62711932e+00   1.07145816e+00   1.66326567e+00 
  5.40897804e-02   3.69108568e+00  -2.55844550e-01 
  6.74111449e-01   2.77454108e+00   6.90261350e-01 
  2.59922785e+00   4.47769036e+00   2.74600416e+00 
  2.91517903e+00   1.76823013e+00   1.93075978e+00 
 -3.26924071e+00  -1.03116918e+00   4.40259967e+00 
  3.65334115e+00   2.77540781e+00   1.39380803e+00 
  3.46384197e+00   4.13687604e+00   1.82105598e+00 
  2.66642766e+00   3.51149852e+00   3.70590241e+00 
  3.10434435e+00   2.15316507e+00   3.27818399e+00 
  1.64943491e+00  -3.59350898e-01   1.83900829e+00 
  2.59682241e+00  -1.24452950e+00   2.22954655e+00 
  2.10031593e+00  -2.50846717e+00   2.58688650e+00 
  7.74038445e-01  -2.56026273e+00   3.07346615e+00 
 -1.88669477e-01  -1.88284967e+00   2.32303072e+00 
  4.52526830e-01  -9.67204100e-01   1.43097872e+00 
 -1.54721432e+00  -1.50506111e+00   2.82980645e+00 
 -1.90231102e+00  -2.20445956e-01   2.53883272e+00 
 -2.34111656e+00   7.71263588e-01   3.44100072e+00 
 -3.46309665e+00   2.26874372e-01   4.07932288e+00 
 -2.07716767e+00  -1.73063300e+00   4.06054373e+00 
 -1.04107956e+01  -2.23389433e+00  -8.33561798e-01 
 -9.81863754e+00  -3.35951660e+00   2.63393608e+00 
 -6.81573649e+00  -5.63406889e+00   1.94988222e+00 
 -5.84257220e+00  -4.42989488e+00  -1.53329238e+00 
 -5.86291090e+00  -5.44874102e+00  -5.13870538e+00 
 -3.06514741e+00  -7.61666892e+00  -6.44548111e+00 
  8.11426861e-01  -1.21609107e+01  -5.83846143e+00 
  1.72437088e+00  -8.49269019e+00  -5.73988802e+00 
 -1.70679903e-01  -5.51204942e+00  -4.29151191e+00 
 -8.25305194e-01  -2.86188105e+00  -7.00158171e+00 
  2.17869366e-01   4.18184485e-01  -5.15121557e+00 
  4.33216814e-02   3.71203237e+00  -7.08646045e+00 
  1.05051639e+00   5.46407552e+00  -3.90928190e+00 
  4.67695996e+00   4.12904083e+00  -3.68618818e+00 
  7.63020066e+00   3.47160857e+00  -5.87374776e+00 
  9.37079822e+00   2.81041821e-01  -4.75546821e+00 
  8.89218515e+00  -3.21865525e+00  -6.01621049e+00 
  9.34049583e+00  -5.23661497e+00  -2.84427770e+00 
  8.60514427e+00  -8.92653928e+00  -2.26699352e+00 
  1.13553828e+01   1.38112881e+00   4.64409427e+00 
  9.60795606e+00   2.51842475e+00   7.84962089e+00 
  7.97900443e+00  -1.26263760e+00   8.24700512e+00 
  9.92173938e+00  -3.67995121e+00   6.03494025e+00 
  1.36477634e+01  -4.29670125e+00   5.61126428e+00 
  1.35896930e+01  -5.98270956e+00  -6.47745047e+00 
  1.37981049e+01  -5.33360371e+00  -2.78117329e+00 
  8.82546074e+00  -6.81650065e+00   8.33459109e+00 
  6.62935761e+00  -5.36816726e+00   1.10627220e+01 
  2.93102702e+00  -5.14498095e+00   1.04800493e+01 
  3.57698587e+00  -5.20304257e+00   6.72674605e+00 
  2.00731875e+00  -8.44099369e+00   5.49735705e+00 
 -1.79083961e+00  -8.68681796e+00   6.00507932e+00 
 -3.13436076e+00  -1.20214426e+01   7.14240128e+00 
 -4.67735640e+00  -1.06460866e+01   1.81173406e+00 
 -3.15625140e+00  -1.33692781e+01  -3.49632197e-01 
 -4.03406629e-01  -1.09984945e+01  -1.54697527e+00 
  3.33636696e+00  -1.15285093e+01  -1.00010523e+00 
  4.75386012e+00  -8.21727490e+00  -2.19381738e+00 
  4.00767507e+00  -4.64519458e+00  -3.20903942e+00 
  4.35034425e+00  -3.02421709e+00  -6.62928704e+00 
  5.03447915e+00   6.74195072e-01  -6.23461524e+00 
  3.82305559e+00   2.28022189e+00  -9.50909737e+00 
  4.60817477e+00   5.89695647e+00  -8.70258013e+00 
  7.74004722e+00   7.86737727e+00  -9.64889192e+00 
 -1.06338641e+01  -1.80398183e+00  -9.31669101e+00 
  6.42664950e+00   1.19225064e+01  -7.60563056e+00 
  3.09543602e+00   1.06292456e+01  -6.28952398e+00 
 -3.43046413e+00   5.93061817e+00  -4.17566089e+00 
 -4.62134875e+00   2.32800113e+00  -4.83648828e+00 
 -2.65584952e+00   1.32036031e+00  -1.73675212e+00 
 -5.00870061e+00   3.37392378e+00   4.75717220e-01 
 -8.48337033e+00   1.94796433e+00   1.30736122e+00 
 -1.03304865e+01   5.18017095e+00   2.12692078e+00 
 -7.95708918e+00   5.53525564e+00  -2.21421836e+00 
 -9.37911074e+00   2.24799271e+00  -3.40213822e+00 
 -1.29630767e+01   2.97646599e+00  -2.42195860e+00 
 -1.10970742e+01   4.18094856e+00  -7.45155128e+00 

   8.817266725988e+00 

