  4.22954265e+00   9.89435296e-01  -5.80160261e-01 
  3.74549845e+00   5.56319345e-01   6.83760736e-01 
  2.32140799e+00   3.53955022e-01  -2.04210945e+00 
  3.61232514e+00  -7.41540112e-01   7.41608636e-01 
  3.41771301e+00  -1.11870795e+00  -5.92419835e-01 
 -8.94846239e-02   1.13311390e+00  -2.96448891e+00 
  3.24947691e+00   1.11197792e-01  -1.30911002e+00 
  4.24114987e+00  -1.50279825e+00   1.73338961e+00 
  5.55378348e+00   4.88796226e-01  -9.91148697e-01 
  4.28280907e-01   8.69659973e-01  -5.03327111e+00 
  3.87076917e+00   2.27352861e+00  -1.19363411e+00 
 -5.32917930e-01  -8.56476428e-01  -3.11988913e+00 
  3.37057541e+00   2.24629656e+00  -2.60457699e+00 
 -2.44312871e+00   1.21107412e+00  -8.28897505e+00 
  4.52453337e+00   2.61600151e+00  -3.49532356e+00 
  2.29734120e+00   3.24081595e+00  -2.91001912e+00 
  3.17057947e+00  -2.30360617e+00  -1.40487558e+00 
  3.04647957e+00  -1.88010878e+00  -2.89432649e+00 
  4.07837245e+00  -1.14478579e+00  -3.47351175e+00 
  3.80423050e+00  -4.14796354e-01  -4.62843140e+00 
  2.54780770e+00  -3.04706055e-01  -5.18171933e+00 
  1.71977779e+00  -1.33449611e+00  -4.70758455e+00 
  2.08231493e+00  -2.24183836e+00  -3.71966012e+00 
  1.81929221e+00   1.02191952e+00  -5.33560866e+00 
 -1.83582539e+00  -1.20390030e+00  -3.64722567e+00 
 -1.54706135e+00  -1.85648053e+00  -4.84566857e+00 
 -2.73418536e+00  -2.07204145e-01  -3.81247749e+00 
 -1.97489991e+00  -1.39282940e+00  -6.11684741e+00 
 -3.30160009e+00   2.18068923e-01  -5.04351841e+00 
  1.81083510e-01   2.26781762e-01  -3.76391480e+00 
 -2.86818595e+00  -3.53004830e-01  -6.23421569e+00 
 -2.63541301e+00   4.43702188e-01  -7.42872382e+00 
 -7.30932968e+00   6.70807930e+00   2.27002675e-01 
 -8.05945075e+00   3.07464978e+00   1.07405696e+00 
 -5.83993835e+00   2.61351463e+00   4.06883244e+00 
 -6.37147981e+00   2.44067991e+00   7.90285725e+00 
 -4.26232432e+00  -2.81432885e+00   6.99251847e+00 
  1.28682468e+00  -7.17074268e-01   7.08591573e+00 
  4.55099508e+00   8.19055042e-01   8.34133869e+00 
  5.96008289e+00   4.80942382e-01   4.84828784e+00 
  6.12711051e+00  -3.34733128e+00   4.59693815e+00 
  7.18506840e+00  -6.22508104e+00   6.97837678e+00 
  4.83745952e+00  -9.16589167e+00   6.31419579e+00 
 -4.32715315e-01  -1.14932811e+01   5.29262972e+00 
 -4.11384484e+00  -1.22671059e+01   5.10502411e+00 
  5.24677134e+00  -1.04117085e+01  -3.46759372e+00 
  4.99888168e+00  -8.30036227e+00  -6.69408909e+00 
  9.12242443e-01  -8.54566329e+00  -6.42251631e+00 
 -1.72626554e-02  -1.12666634e+01  -3.93394010e+00 
  1.05618103e+00  -1.48997996e+01  -3.65575922e+00 
  1.32013439e+00  -1.55402694e+01   4.87821424e+00 
 -3.77443427e+00  -9.25458182e+00  -8.44046446e+00 
 -5.17747912e+00  -5.88053942e+00  -7.67874059e+00 
 -4.06301756e+00  -6.09200985e+00  -4.01886997e+00 
 -7.41519661e+00  -6.01472591e+00  -2.30601062e+00 
 -9.53288095e+00  -2.88166087e+00  -2.56766516e+00 
 -1.16503462e+01  -9.03518377e-01   1.92090504e+00 
 -1.31567189e+01  -3.33943886e+00   4.44031345e+00 
 -9.68499006e+00  -4.85857557e+00   5.08859344e+00 
 -5.05589130e+00  -8.48965198e+00   5.19047584e+00 
 -1.99285496e+00  -6.37980539e+00   5.81900503e+00 
  3.67620529e+00  -4.99508744e+00   7.89923422e+00 
  1.45754669e+01  -1.65587384e+00   6.99013653e+00 
  1.18337288e+01   8.03307901e-01   6.13604057e+00 
  1.12685770e+01   3.46297798e+00   8.78663025e+00 
  7.27721901e+00   7.06198717e+00   6.88676061e+00 
  4.61323444e+00   4.87337378e+00   5.39415010e+00 
  1.03150208e+00   4.43444358e+00   6.45944305e+00 
  4.72150692e-01   2.12478177e+00   3.44425112e+00 
  7.46517401e-01   5.10416913e+00   1.13535931e+00 
 -1.86147957e+00   7.62139638e+00   5.99748986e-01 
  8.43396436e-02   1.06692869e+01  -5.64092342e-01 
  2.80390397e+00   1.33679467e+01  -5.98486191e+00 
  1.20876347e+01   5.91484190e+00  -4.93591791e+00 
  2.12224350e+00   8.74897676e+00   3.55063109e+00 
 -1.19969957e+00   8.74826419e+00   5.30911322e+00 
  5.07774553e-01   1.11803517e+01   9.08532319e+00 

   6.156465039738e+00 

 -1.78332644e+00   1.31361956e+00  -3.82355177e+00 
 -7.89153809e-01   3.63477853e-01  -3.46549567e+00 
 -2.64384881e+00   1.94265187e+00  -1.57724456e+00 
 -1.30373065e+00  -7.05980709e-01  -2.92052580e+00 
 -2.50828949e+00  -2.54697133e-01  -2.36813245e+00 
 -2.23429544e+00   3.53116717e+00   5.62682101e-01 
 -2.46512439e+00   1.17284894e+00  -2.48993768e+00 
 -1.05566006e+00  -1.98497315e+00  -3.43162413e+00 
 -2.79401887e+00   8.79403757e-01  -4.80493721e+00 
 -4.22451077e+00   4.34136036e+00   5.54551329e-01 
 -1.56700816e+00   2.76512792e+00  -3.80640152e+00 
 -3.14364864e+00   2.06883530e+00   1.66439795e+00 
 -2.56951432e+00   3.60179454e+00  -3.07382854e+00 
 -5.77827905e+00   6.92311314e+00   3.70169959e+00 
 -3.51020487e+00   4.17261540e+00  -4.09899586e+00 
 -1.99848473e+00   4.78226953e+00  -2.35648295e+00 
 -3.64533461e+00  -7.38136683e-01  -1.59448573e+00 
 -4.62668200e+00   4.40033904e-01  -1.34534210e+00 
 -5.10070598e+00   1.16395076e+00  -2.43722424e+00 
 -5.61492452e+00   2.43963835e+00  -2.21338118e+00 
 -5.59920548e+00   3.06452941e+00  -9.86158766e-01 
 -5.41654896e+00   2.11841771e+00   3.48255405e-02 
 -5.15143940e+00   7.71589100e-01  -1.80712652e-01 
 -4.86343033e+00   4.37045761e+00  -7.26255870e-01 
 -3.30505755e+00   2.31345911e+00   3.08229380e+00 
 -4.68782332e+00   2.37533905e+00   3.25443326e+00 
 -2.67637981e+00   3.38708955e+00   3.61131325e+00 
 -5.37076587e+00   3.52458195e+00   3.73047344e+00 
 -3.29794953e+00   4.50914204e+00   4.22198108e+00 
 -3.40260086e+00   3.17223265e+00   7.62473993e-01 
 -4.68438152e+00   4.60591584e+00   4.23309426e+00 
 -5.36907710e+00   5.86324828e+00   3.97585807e+00 
  5.38412510e+00   7.71320909e+00   4.78877922e+00 
  4.63038504e+00   4.41788763e+00   6.53656634e+00 
  6.13114791e+00   2.00094953e+00   4.08429602e+00 
  9.36856540e+00  -1.21686591e-01   3.92401366e+00 
  5.46712190e+00  -4.32528342e+00   3.89397843e+00 
  4.67894566e+00  -3.69422611e+00  -1.95245183e+00 
  5.34028999e+00  -3.72670653e+00  -5.71438899e+00 
  1.85193773e+00  -2.37137078e+00  -6.25820356e+00 
 -1.97687947e-01  -5.40146368e+00  -5.09017495e+00 
  5.78324551e-02  -9.24797620e+00  -5.54969204e+00 
 -1.07976337e+00  -1.08578426e+01  -2.27632372e+00 
 -1.25233825e+00  -1.12258289e+01   3.56061949e+00 
 -5.44068270e-01  -1.10705985e+01   7.25642504e+00 
 -9.81261517e+00  -6.64703070e+00  -4.29873371e-01 
 -1.13877677e+01  -3.12094350e+00  -3.07484796e-01 
 -9.92160207e+00  -2.70630852e+00   3.50209508e+00 
 -8.84455101e+00  -6.11153359e+00   4.80791300e+00 
 -1.06703692e+01  -9.43840758e+00   4.97494027e+00 
 -4.06476521e+00  -1.46426353e+01   3.36561218e+00 
 -1.03485296e+01  -1.31708303e+00   8.44451708e+00 
 -7.68212017e+00   1.29485654e+00   8.47615497e+00 
 -5.15248252e+00  -1.07221955e+00   6.83927554e+00 
 -2.59880790e+00  -1.31251963e+00   9.59571144e+00 
 -6.45963423e-01   1.79074286e+00   1.05576720e+01 
  4.65956918e+00   1.37064531e+00   1.10255583e+01 
  6.08673796e+00  -1.71016208e+00   1.27639745e+01 
  4.75450649e+00  -3.95416053e+00   9.94075595e+00 
  1.60344895e+00  -7.84740813e+00   6.85253791e+00 
  2.08592470e+00  -7.03230508e+00   3.20130407e+00 
  2.55305399e+00  -8.08524188e+00  -2.88607264e+00 
 -2.54434682e-01  -6.89193297e+00  -1.39071311e+01 
  1.10554932e+00  -3.90259194e+00  -1.20340319e+01 
  4.70749781e+00  -3.05701710e+00  -1.28883500e+01 
  6.15839629e+00   1.66648725e+00  -1.00464019e+01 
  4.79848068e+00   1.18124175e+00  -6.57799393e+00 
  6.65672198e+00   9.12379533e-01  -3.31747359e+00 
  3.29323875e+00   7.61239090e-01  -1.47276426e+00 
  2.70187527e+00   4.40288942e+00  -2.29228933e+00 
  4.30554697e+00   7.24195765e+00  -6.21091487e-01 
  4.12885931e+00   1.00063870e+01  -3.22053775e+00 
  4.38776136e-02   1.46500930e+01  -5.63149332e+00 
 -5.66341466e+00   6.24376571e+00  -1.19241615e+01 
  5.92609848e+00   5.82061622e+00  -5.22574663e+00 
  8.47067352e+00   5.48603789e+00  -2.47969642e+00 
  1.21333097e+01   5.11020069e+00  -5.56741732e+00 

   6.156465283401e+00 

 -2.58497481e+00  -7.66648855e-01  -3.24319558e+00 
 -2.03332152e+00   5.05901856e-01  -2.93392982e+00 
 -2.61085957e+00  -1.81347624e+00  -9.88009382e-01 
 -7.98091768e-01   4.19449561e-01  -2.51885832e+00 
 -7.14310240e-01  -8.70311971e-01  -1.98100230e+00 
 -4.00109357e+00  -2.03440506e+00   1.31172281e+00 
 -2.06249758e+00  -1.35675394e+00  -1.96176951e+00 
  2.38310585e-01   1.12592514e+00  -3.13963532e+00 
 -1.91773792e+00  -1.53902341e+00  -4.30685291e+00 
 -4.02034708e+00  -4.18306371e+00   1.29160752e+00 
 -4.00390838e+00  -1.10215333e+00  -3.07577447e+00 
 -2.19844397e+00  -2.34589984e+00   2.22431071e+00 
 -4.33113181e+00  -2.34779317e+00  -2.31220077e+00 
 -5.50115886e+00  -6.60142847e+00   4.59585835e+00 
 -4.62285946e+00  -3.42589775e+00  -3.31936437e+00 
 -5.55520404e+00  -2.25841752e+00  -1.45903509e+00 
  2.32043031e-01  -1.75316757e+00  -1.31007680e+00 
 -4.70213580e-01  -3.10209311e+00  -9.93102659e-01 
 -1.08183542e+00  -3.80288669e+00  -2.03027484e+00 
 -2.04824612e+00  -4.75360444e+00  -1.70772171e+00 
 -2.50053013e+00  -4.97810168e+00  -4.26371021e-01 
 -1.58425577e+00  -4.46542978e+00   5.05579706e-01 
 -4.59856193e-01  -3.71989219e+00   1.73036573e-01 
 -3.94960677e+00  -4.77894846e+00  -8.20732015e-03 
 -2.21422757e+00  -2.59541065e+00   3.65044815e+00 
 -1.74575345e+00  -3.90419249e+00   3.76495911e+00 
 -3.38061184e+00  -2.41146476e+00   4.30884897e+00 
 -2.50655979e+00  -4.96652131e+00   4.31861080e+00 
 -4.12460939e+00  -3.40766714e+00   4.99610571e+00 
 -3.21934967e+00  -2.98851763e+00   1.42253899e+00 
 -3.70487721e+00  -4.73192231e+00   4.95261137e+00 
 -4.64333397e+00  -5.83060912e+00   4.78518474e+00 
 -1.02092986e+01   3.47168509e+00   6.26500537e+00 
 -6.70089380e+00   3.97756201e+00   7.64962650e+00 
 -5.27952344e+00   6.28142867e+00   5.04585159e+00 
 -4.52251093e+00   1.00750971e+01   4.82835127e+00 
  7.90114423e-01   8.00363934e+00   4.21428422e+00 
 -1.27861824e-01   7.07646621e+00  -1.57344982e+00 
 -7.41899333e-01   7.72749803e+00  -5.28689937e+00 
 -7.72902922e-01   3.98884872e+00  -5.85509025e+00 
  2.90383568e+00   3.19659711e+00  -5.08023723e+00 
  6.31583792e+00   4.85854712e+00  -5.89766377e+00 
  8.57023334e+00   4.37511526e+00  -2.85057904e+00 
  9.59651466e+00   4.31248613e+00   2.90945617e+00 
  9.58766255e+00   4.88898696e+00   6.63131657e+00 
  8.07927910e+00  -5.30760049e+00  -1.00458834e+00 
  5.41145530e+00  -8.07512902e+00  -6.13398738e-01 
  4.89700217e+00  -6.89104489e+00   3.28116207e+00 
  7.78823701e+00  -4.64031821e+00   4.29902960e+00 
  1.15503048e+01  -5.10843898e+00   4.06020336e+00 
  1.37649870e+01   2.96316608e+00   2.25695017e+00 
  4.29723041e+00  -7.83349380e+00   8.31025014e+00 
  9.08704404e-01  -6.32145141e+00   8.71574602e+00 
  1.99362465e+00  -3.08543380e+00   6.97430416e+00 
  1.57312770e+00  -6.41833047e-01   9.80782221e+00 
 -1.90839945e+00   1.95249222e-02   1.11534121e+01 
 -3.41647416e+00   5.10149769e+00   1.18193607e+01 
 -9.07323161e-01   7.55475294e+00   1.33146861e+01 
  1.35384937e+00   7.16474469e+00   1.02298980e+01 
  5.77810366e+00   5.69592718e+00   6.63931702e+00 
  4.45819232e+00   5.86693286e+00   3.10983163e+00 
  4.61027030e+00   6.72989566e+00  -3.02327983e+00 
  3.36111655e+00   3.75220017e+00  -1.39934253e+01 
  2.99551206e-01   3.89898460e+00  -1.17799503e+01 
 -1.89432330e+00   6.93890983e+00  -1.23837255e+01 
 -6.48842010e+00   6.52292085e+00  -9.03495555e+00 
 -5.17101713e+00   5.41591940e+00  -5.69527990e+00 
 -5.25623266e+00   7.22056343e+00  -2.39492999e+00 
 -3.68585995e+00   4.13908915e+00  -7.28423195e-01 
 -6.92184933e+00   2.24902064e+00  -1.21779535e+00 
 -9.95546631e+00   2.67904253e+00   7.91490278e-01 
 -1.27228069e+01   1.51012959e+00  -1.53359358e+00 
 -1.57732464e+01  -3.98587499e+00  -3.66702450e+00 
 -6.58262401e+00  -6.14110462e+00  -1.09967517e+01 
 -9.72781990e+00   4.74017603e+00  -3.85058692e+00 
 -1.00589644e+01   7.21024493e+00  -1.03691423e+00 
 -1.13846317e+01   1.07726525e+01  -3.97668697e+00 

   6.156465272898e+00 

 -5.68893127e-01   2.55027320e+00   4.46974962e+00 
  4.80704661e-01   2.10925468e+00   3.61933634e+00 
 -2.52722143e+00   1.48587373e+00   3.36793069e+00 
  6.46543628e-01   8.14961477e-01   3.67242950e+00 
 -6.11188118e-01   3.30726922e-01   4.05109482e+00 
 -4.34077917e+00   1.74656360e+00   1.38972304e+00 
 -1.48637460e+00   1.46363209e+00   3.97919542e+00 
  1.88357430e+00   2.43597125e-01   3.99162465e+00 
 -4.12930424e-01   2.28205451e+00   5.91089353e+00 
 -6.03719820e+00   1.46371705e+00   2.67793609e+00 
 -1.42352075e+00   3.70687453e+00   4.17676124e+00 
 -4.39819047e+00  -2.96411850e-01   1.34376799e+00 
 -2.90510290e+00   3.50437573e+00   4.25159942e+00 
 -1.01213759e+01   1.07260345e+00   1.21813687e+00 
 -3.36154257e+00   4.02988655e+00   5.58471091e+00 
 -3.69501360e+00   4.26171003e+00   3.23344022e+00 
 -1.30547483e+00  -9.24944497e-01   4.30873879e+00 
 -2.78049490e+00  -6.19898435e-01   4.68880533e+00 
 -3.03737303e+00   2.59682223e-01   5.73823064e+00 
 -4.29440381e+00   8.56925346e-01   5.80928642e+00 
 -5.27025893e+00   6.98318575e-01   4.85041909e+00 
 -5.00120567e+00  -4.38213164e-01   4.07143401e+00 
 -3.84516939e+00  -1.20267963e+00   4.17063304e+00 
 -5.83730985e+00   1.85458534e+00   4.04057041e+00 
 -5.31024159e+00  -9.10868385e-01   4.01976606e-01 
 -6.23533336e+00  -1.56714060e+00   1.21378013e+00 
 -5.90802436e+00  -1.10486292e-01  -5.08962816e-01 
 -7.62217477e+00  -1.26657072e+00   1.22813530e+00 
 -7.30302034e+00   1.28731497e-01  -6.31536342e-01 
 -4.87184724e+00   8.61390529e-01   2.07393738e+00 
 -8.17917221e+00  -4.20304936e-01   2.97242630e-01 
 -9.29957868e+00   3.34399376e-01   8.36609690e-01 
 -4.66234935e+00   6.05524496e+00  -7.25454357e+00 
 -3.69918239e+00   2.40158760e+00  -7.70742013e+00 
 -7.55506742e-02   2.53827819e+00  -6.72855129e+00 
  3.30329109e+00   2.49407101e+00  -8.62424333e+00 
  3.86478046e+00  -2.31983227e+00  -5.55773302e+00 
  5.68119993e+00   7.76788061e-01  -8.34205399e-01 
  7.82329129e+00   2.96519856e+00   1.44896878e+00 
  5.13750777e+00   2.69181251e+00   4.09717511e+00 
  5.43686314e+00  -1.04627090e+00   4.92413237e+00 
  8.37470400e+00  -3.53199391e+00   5.43622135e+00 
  7.28143800e+00  -6.89259126e+00   3.98295901e+00 
  4.73446448e+00  -1.02172376e+01  -1.02982362e-01 
  3.33709577e+00  -1.16732478e+01  -3.28294347e+00 
 -1.47029757e+00  -8.61055204e+00   8.20890462e+00 
 -4.80531581e+00  -6.77492247e+00   8.87039401e+00 
 -5.98826544e+00  -7.76129636e+00   5.06747558e+00 
 -3.68285856e+00  -1.04574852e+01   3.69759408e+00 
 -2.59269042e+00  -1.38042715e+01   5.12586970e+00 
  5.47823497e+00  -1.38837820e+01   2.26884516e+00 
 -9.44775919e+00  -9.44822137e+00   1.64315856e+00 
 -9.66180673e+00  -6.35610659e+00  -4.36743765e-01 
 -5.84948767e+00  -6.14159073e+00  -7.55647072e-01 
 -5.47525099e+00  -6.59038970e+00  -4.47525034e+00 
 -6.86267409e+00  -3.92770387e+00  -6.78921046e+00 
 -3.71172802e+00  -2.11967195e+00  -1.07066769e+01 
 -1.61969575e+00  -4.64201951e+00  -1.26589700e+01 
  4.11716339e-01  -5.44683616e+00  -9.49565883e+00 
  2.61271364e+00  -8.13916353e+00  -4.74901813e+00 
  4.03183655e+00  -5.46227650e+00  -2.50201159e+00 
  7.81771585e+00  -2.92584169e+00   1.69519486e+00 
  1.04705774e+01   2.32734331e+00   1.15001471e+01 
  8.39432597e+00   4.17812257e+00   8.93927175e+00 
  1.03166408e+01   6.83632319e+00   7.02679996e+00 
  6.68426476e+00   9.51084258e+00   3.54167900e+00 
  4.61824605e+00   6.78051271e+00   1.99521768e+00 
  4.37461392e+00   5.74479819e+00  -1.61369289e+00 
  1.66876299e+00   3.19892583e+00  -6.46412796e-01 
 -7.37003958e-01   6.03690964e+00   1.77245253e-02 
 -2.47772422e+00   7.98819434e+00  -2.54885775e+00 
 -3.23330256e+00   1.12719263e+01  -7.94868637e-01 
 -7.60788715e+00   1.41082495e+01   3.31393429e+00 
 -2.39104986e+00   8.59050442e+00   1.25429888e+01 
  1.54159848e+00   1.00092534e+01  -1.80424839e-01 
  1.97850015e+00   9.49228575e+00  -3.87763826e+00 
  5.78494839e+00   1.24167852e+01  -4.09814338e+00 

   6.156465012000e+00 

 -3.39397718e+00   3.10170169e-01  -2.77538001e-01 
 -2.81026718e+00  -9.33165907e-01  -6.41894958e-01 
 -1.37624156e+00   1.56440910e+00   4.55770975e-01 
 -2.30222322e+00  -1.55859537e+00   3.85847729e-01 
 -1.99898927e+00  -5.31477483e-01   1.28741813e+00 
  7.04207323e-01   3.05841494e+00  -3.86837924e-01 
 -2.19575071e+00   6.83112988e-01   5.52132204e-01 
 -2.68468630e+00  -2.86359371e+00   7.16433448e-01 
 -4.51089351e+00   2.63124283e-01   6.83427840e-01 
  2.96674810e-01   4.68681732e+00   9.54628895e-01 
 -3.42501696e+00   1.48464264e+00  -1.15710027e+00 
  1.71289375e+00   2.34676761e+00   1.24265041e+00 
 -2.93194803e+00   2.78066217e+00  -5.92383643e-01 
  2.95944725e+00   8.09515189e+00   1.47178954e+00 
 -4.13919105e+00   3.57612117e+00  -1.78207103e-01 
 -2.19642077e+00   3.64896780e+00  -1.56153087e+00 
 -1.41096327e+00  -3.24643954e-01   2.60521022e+00 
 -1.40939867e+00   1.19516488e+00   2.92676313e+00 
 -2.60884148e+00   1.90011385e+00   2.85371642e+00 
 -2.55543746e+00   3.28611659e+00   2.71942898e+00 
 -1.38400947e+00   3.99339689e+00   2.56342765e+00 
 -2.92480276e-01   3.21868058e+00   2.98685074e+00 
 -3.77501462e-01   1.88654084e+00   3.37267373e+00 
 -1.07625604e+00   4.83334769e+00   1.33292907e+00 
  3.06294589e+00   2.82858410e+00   1.44649294e+00 
  2.98425058e+00   3.54509721e+00   2.64061115e+00 
  3.62992650e+00   3.55099150e+00   4.54299736e-01 
  3.26325375e+00   4.93253351e+00   2.74547434e+00 
  4.05348108e+00   4.90457860e+00   5.35922295e-01 
  7.15495989e-01   3.31074087e+00   8.25562198e-01 
  3.81346127e+00   5.63159330e+00   1.69589779e+00 
  3.36439861e+00   7.01459417e+00   1.65704634e+00 
  5.95350255e+00   3.77832459e+00  -8.46875595e+00 
  7.73314498e+00   1.47624060e+00  -6.01613914e+00 
  5.73226027e+00  -1.66875961e+00  -6.47763698e+00 
  6.27244804e+00  -5.04652338e+00  -8.29726411e+00 
  5.80344409e+00  -6.93209077e+00  -2.90124343e+00 
 -1.17272265e-01  -6.80988071e+00  -3.26233605e+00 
 -3.69465045e+00  -7.65540565e+00  -4.30063810e+00 
 -4.92537112e+00  -4.92989378e+00  -1.98586607e+00 
 -3.95991390e+00  -6.47967763e+00   1.39241166e+00 
 -4.13799472e+00  -1.00312497e+01   2.95019719e+00 
 -1.02727533e+00  -1.04714524e+01   5.12514115e+00 
  4.69885318e+00  -9.92054498e+00   6.19429101e+00 
  8.44581667e+00  -9.60918950e+00   5.97516671e+00 
 -1.00519332e+00  -2.49541293e+00   1.09376672e+01 
 -1.37235128e+00   1.33919913e+00   1.06369844e+01 
  2.60484455e+00   1.54319121e+00   9.64969024e+00 
  4.28007511e+00  -1.76116254e+00   1.05073673e+01 
  4.31918093e+00  -3.81053639e+00   1.37054971e+01 
  4.21337917e+00  -1.16421563e+01   1.02467852e+01 
  7.30289221e+00   3.62999029e+00   9.98617992e+00 
  7.64985353e+00   4.69145388e+00   6.42446325e+00 
  6.62879369e+00   1.22569624e+00   5.14876453e+00 
  9.80218907e+00   2.10088281e-01   3.39518009e+00 
  1.09080065e+01   2.15832207e+00   3.37287967e-01 
  1.23295437e+01  -5.97403649e-01  -4.01348516e+00 
  1.44723833e+01  -3.72037466e+00  -3.56008299e+00 
  1.15965053e+01  -5.45538708e+00  -1.68925728e+00 
  8.23694916e+00  -7.83150975e+00   2.51682384e+00 
  4.68646300e+00  -7.83654883e+00   1.24297359e+00 
 -1.14937997e+00  -9.80286908e+00   5.65040260e-01 
 -1.25440903e+01  -8.95855335e+00   1.03131803e+00 
 -1.06410267e+01  -6.71237103e+00  -1.34085779e+00 
 -1.08944996e+01  -7.75163015e+00  -4.98428727e+00 
 -8.12641131e+00  -3.89588589e+00  -8.14090379e+00 
 -4.93006690e+00  -3.22124400e+00  -6.28539248e+00 
 -1.38252436e+00  -3.87205823e+00  -7.35672509e+00 
 -1.55092645e-01  -2.19971952e+00  -4.12631812e+00 
 -1.28080787e+00   1.15356721e+00  -5.45718410e+00 
  4.75843333e-01   3.12801917e+00  -7.99502762e+00 
 -2.27334678e+00   5.27890908e+00  -9.49370803e+00 
 -5.63898198e+00   1.09080922e+01  -8.46982247e+00 
 -1.23305205e+01   5.32207686e+00  -2.93206541e-01 
 -3.67768733e+00   5.07549716e-01  -9.31054561e+00 
 -5.10513613e-01  -5.87899954e-01  -1.10124781e+01 
 -2.87510645e+00  -3.02932263e+00  -1.44092985e+01 

   6.156465116112e+00 

 -3.62870564e+00   5.36700055e-01   3.00792590e+00 
 -2.47337520e+00  -2.46451309e-01   3.27485405e+00 
 -3.14911242e+00   1.28083366e+00   6.84501576e-01 
 -1.38513435e+00   4.74993739e-01   3.30261721e+00 
 -1.68945821e+00   1.57281987e+00   2.48903578e+00 
 -3.30754324e+00   5.89553543e-01  -1.91693243e+00 
 -2.94241168e+00   1.24751873e+00   1.87349885e+00 
 -5.32114723e-01   4.78538932e-01   4.41208366e+00 
 -3.94667070e+00   1.60232430e+00   3.97566088e+00 
 -4.33915566e+00   2.38051722e+00  -2.50472357e+00 
 -4.79987022e+00   3.83872091e-02   2.27714791e+00 
 -1.67174486e+00   1.78165741e+00  -2.20354140e+00 
 -5.29940056e+00   8.64091685e-01   1.13243409e+00 
 -5.15579814e+00   3.42883793e+00  -6.65315952e+00 
 -6.47092828e+00   1.66230226e+00   1.63448220e+00 
 -5.82037934e+00   7.93188569e-02  -2.81202878e-02 
 -1.08374112e+00   2.79132996e+00   1.96611335e+00 
 -2.11525608e+00   3.52362909e+00   1.06448296e+00 
 -3.36809249e+00   3.83341331e+00   1.58923480e+00 
 -4.41285187e+00   4.08822843e+00   7.02992509e-01 
 -4.30196341e+00   3.96310183e+00  -6.64083708e-01 
 -2.95011471e+00   3.98193494e+00  -1.04232654e+00 
 -1.88490641e+00   3.98541391e+00  -1.50155963e-01 
 -5.13519701e+00   2.98703931e+00  -1.48102120e+00 
 -1.17454602e+00   1.90719962e+00  -3.55756392e+00 
 -1.37936345e+00   3.25235688e+00  -3.86433081e+00 
 -1.69288414e+00   1.08483151e+00  -4.49714836e+00 
 -2.21752164e+00   3.70020939e+00  -4.91824869e+00 
 -2.42819551e+00   1.47936704e+00  -5.64689260e+00 
 -3.10750292e+00   1.80785027e+00  -2.01405133e+00 
 -2.74639165e+00   2.81938638e+00  -5.83341409e+00 
 -4.05386789e+00   3.23931545e+00  -6.31297365e+00 
 -3.30763093e+00  -7.65727904e+00  -6.95479584e+00 
  2.26166354e-01  -6.24889075e+00  -6.85110202e+00 
  1.25237376e+00  -7.27017711e+00  -3.38534843e+00 
  3.51616078e+00  -1.00266644e+01  -1.87233212e+00 
  6.34596526e+00  -5.37301788e+00  -7.56099165e-02 
  2.66595553e+00  -4.78938108e+00   4.54142533e+00 
  8.70034960e-01  -5.47270961e+00   7.84268634e+00 
 -1.15666027e+00  -2.32660055e+00   7.29892475e+00 
  1.62947207e+00   2.93386931e-01   7.64511240e+00 
  4.66449047e+00   7.96846542e-01   1.00130718e+01 
  7.50335300e+00   2.26575200e+00   7.91928293e+00 
  1.07899616e+01   2.57186427e+00   3.08815831e+00 
  1.26880365e+01   1.88765562e+00  -9.20757561e-02 
  3.39658460e+00   1.00158340e+01   3.39444371e+00 
  2.26132309e-01   1.08654578e+01   1.35586330e+00 
  2.09761232e+00   9.38838838e+00  -1.98333274e+00 
  5.81566661e+00   9.01890218e+00  -1.27595168e+00 
  8.37401822e+00   1.14670285e+01   9.91981992e-02 
  1.30648793e+01   6.00087806e+00   4.72795398e+00 
  3.40450773e+00   9.58724026e+00  -6.96250082e+00 
  1.69518877e+00   6.45837675e+00  -8.06766697e+00 
  3.27945027e+00   4.42766910e+00  -5.23079126e+00 
  5.34766037e+00   2.00217491e+00  -7.23489569e+00 
  3.58091130e+00  -5.13912894e-01  -9.45235794e+00 
  5.10123904e+00  -5.62674363e+00  -9.14983147e+00 
  8.83119247e+00  -6.39869675e+00  -8.94528208e+00 
  9.02626184e+00  -4.68105086e+00  -5.51125623e+00 
  1.01507714e+01  -8.57953216e-01  -1.18193165e+00 
  7.66955792e+00  -1.53198620e+00   1.57812572e+00 
  5.49749902e+00  -1.84923317e+00   7.37161298e+00 
 -1.67368515e+00   5.45943327e-01   1.59510695e+01 
 -2.97887694e+00  -1.35645504e+00   1.29558025e+01 
 -3.49936521e+00  -5.06363295e+00   1.35920595e+01 
 -5.74439106e+00  -7.38660931e+00   8.89557225e+00 
 -3.78739537e+00  -5.91955048e+00   6.04380735e+00 
 -1.55696229e+00  -7.65216031e+00   3.55793593e+00 
 -1.06702303e+00  -4.30486521e+00   1.74290300e+00 
 -4.64797274e+00  -4.45277368e+00   5.43805142e-01 
 -5.88857504e+00  -6.56661020e+00  -2.17971328e+00 
 -9.57836859e+00  -6.96756415e+00  -1.37040243e+00 
 -1.54304393e+01  -3.90604834e+00  -2.03691073e+00 
 -1.26174235e+01   3.27804242e+00   7.09067178e+00 
 -6.78596239e+00  -7.92549797e+00   2.63664596e+00 
 -4.64562219e+00  -1.03235880e+01   6.88403120e-01 
 -5.28175250e+00  -1.38738521e+01   3.86350315e+00 

   6.156465076401e+00 

 -2.19117074e-01   5.69311671e+00  -1.25395028e+00 
 -1.13097092e+00   4.80153897e+00  -1.88082695e+00 
  1.18512784e+00   4.08697310e+00   2.29560302e-02 
 -1.90077237e+00   4.19645878e+00  -1.01665575e+00 
 -1.14728164e+00   4.19854847e+00   1.63170061e-01 
  3.29432674e+00   2.41416664e+00  -1.29634656e-01 
  1.52769507e-01   4.66256619e+00  -2.23015373e-01 
 -3.29618200e+00   4.25292641e+00  -1.10736089e+00 
 -8.02505038e-01   6.80181684e+00  -4.77018760e-01 
  4.31290998e+00   3.27294894e+00   1.55628058e+00 
  1.12432501e+00   5.98075029e+00  -1.77012422e+00 
  2.37966332e+00   1.32851684e+00   1.34138575e+00 
  2.27046894e+00   5.85257508e+00  -8.15343612e-01 
  7.92542916e+00   1.57537990e+00   3.29830509e+00 
  2.61023978e+00   7.23698406e+00  -3.36083530e-01 
  3.53107025e+00   5.31829617e+00  -1.41501932e+00 
 -1.21332896e+00   3.73692063e+00   1.54435865e+00 
  1.00760824e-01   4.13004007e+00   2.27361721e+00 
  5.03207901e-01   5.46378707e+00   2.26381975e+00 
  1.84050460e+00   5.75407618e+00   2.52695335e+00 
  2.80931327e+00   4.79196922e+00   2.70759276e+00 
  2.21345292e+00   3.55978889e+00   3.01999600e+00 
  8.44149116e-01   3.32412021e+00   3.00814793e+00 
  4.02394268e+00   4.65336900e+00   1.80215945e+00 
  3.07311970e+00   1.52217102e-01   1.82283718e+00 
  3.36478236e+00   4.58079187e-01   3.15207693e+00 
  4.16687892e+00  -2.56603608e-01   1.14141741e+00 
  4.68372856e+00   5.40502552e-01   3.66924572e+00 
  5.49419849e+00  -3.23432835e-01   1.64343293e+00 
  3.17054294e+00   2.51738508e+00   1.09826909e+00 
  5.76913099e+00   1.40257981e-01   2.92449695e+00 
  6.96057875e+00   9.20499454e-01   3.22024406e+00 
  7.55838577e+00  -2.82112919e+00  -7.04344255e+00 
  5.09965536e+00  -5.01667506e+00  -5.14180491e+00 
  1.86514993e+00  -3.88954993e+00  -6.68295447e+00 
 -6.03344024e-01  -5.33532475e+00  -9.29608433e+00 
 -4.06228525e+00  -5.12820949e+00  -4.72604906e+00 
 -5.18886154e+00   6.13439641e-01  -5.70812321e+00 
 -6.47832488e+00   3.81768890e+00  -7.33927791e+00 
 -4.91897014e+00   5.78851246e+00  -4.51342234e+00 
 -7.14045620e+00   4.60786489e+00  -1.61208098e+00 
 -1.09373435e+01   3.95484366e+00  -1.13330790e+00 
 -1.12841318e+01   9.27197742e-01   1.17187967e+00 
 -9.78808983e+00  -4.42777685e+00   2.99432925e+00 
 -8.58164486e+00  -7.98273491e+00   3.29683055e+00 
 -5.61042283e+00   3.14974200e+00   8.93541740e+00 
 -2.04875255e+00   4.45380503e+00   9.67256870e+00 
 -6.61157718e-01   6.17046894e-01   9.23860269e+00 
 -3.59902225e+00  -1.79578481e+00   9.32848165e+00 
 -6.44099919e+00  -2.21336134e+00   1.18140869e+01 
 -1.26994426e+01  -4.21998653e+00   6.32646819e+00 
  2.24292939e+00  -3.38922532e+00   1.06723702e+01 
  4.36475400e+00  -3.60802656e+00   7.60921308e+00 
  1.29775825e+00  -3.54309127e+00   5.31339049e+00 
  1.59922741e+00  -6.94045116e+00   3.71839389e+00 
  4.56628077e+00  -7.64966215e+00   1.46831671e+00 
  3.62742136e+00  -9.89802168e+00  -3.28640298e+00 
  1.08430209e+00  -1.27345446e+01  -3.47871277e+00 
 -1.73497785e+00  -1.03097643e+01  -2.50249007e+00 
 -5.95287646e+00  -7.48000806e+00   4.68277426e-01 
 -6.38683739e+00  -4.10088637e+00  -1.15094884e+00 
 -9.33663984e+00   1.02164481e+00  -3.00602016e+00 
 -1.12850400e+01   1.22732381e+01  -3.61906673e+00 
 -8.06409656e+00   1.08964363e+01  -5.04180899e+00 
 -8.00263616e+00   1.07281345e+01  -8.83480179e+00 
 -2.85914465e+00   8.88548279e+00  -1.04603689e+01 
 -2.05773610e+00   6.04117817e+00  -8.14039259e+00 
 -1.53559417e+00   2.40207491e+00  -8.94080101e+00 
 -6.65656582e-01   1.76983616e+00  -5.25538385e+00 
  2.58326077e+00   3.64360245e+00  -5.72069052e+00 
  5.56815793e+00   2.33335004e+00  -7.39357660e+00 
  7.38254774e+00   5.46867547e+00  -8.53727144e+00 
  1.15323980e+01   1.01782348e+01  -6.37798801e+00 
  2.39970708e+00   1.55921276e+01  -8.89775620e-01 
  2.58406261e+00   5.63808178e+00  -9.84777990e+00 
  2.79475012e+00   2.22889489e+00  -1.14164143e+01 
  1.00234314e+00   3.76109474e+00  -1.56032943e+01 

   6.156465009869e+00 

  3.12086898e+00  -2.64902025e+00   1.70822931e+00 
  3.57530675e+00  -1.35559223e+00   1.33420903e+00 
  7.24165379e-01  -2.49474948e+00   1.06468388e+00 
  3.51919684e+00  -1.16828691e+00   4.29762244e-02 
  2.50773210e+00  -2.03936336e+00  -3.78828592e-01 
 -1.71332763e+00  -1.66650301e+00   1.86648039e+00 
  1.90737448e+00  -2.52888595e+00   8.27201964e-01 
  4.64571646e+00  -7.88931609e-01  -6.95693175e-01 
  3.86470436e+00  -3.79812791e+00   1.16102809e+00 
 -2.66023783e+00  -3.56288510e+00   1.51388832e+00 
  2.44219587e+00  -2.93894219e+00   2.97682439e+00 
 -2.13976343e+00  -1.40972891e+00  -1.16303596e-01 
  1.14620645e+00  -3.68562973e+00   2.90907822e+00 
 -6.95976358e+00  -4.18997413e+00   1.80249445e+00 
  1.44399197e+00  -5.12711446e+00   3.21759261e+00 
  1.25533475e-01  -3.26540524e+00   3.91695166e+00 
  1.79951643e+00  -2.44451385e+00  -1.58689061e+00 
  7.36086648e-01  -3.51456439e+00  -1.21631773e+00 
  1.14100459e+00  -4.65616101e+00  -5.28020467e-01 
  1.78674015e-01  -5.38812255e+00   1.64831110e-01 
 -1.13693937e+00  -4.99866471e+00   2.84325446e-01 
 -1.45318990e+00  -4.05618168e+00  -7.06951865e-01 
 -5.30918602e-01  -3.50066940e+00  -1.58530430e+00 
 -1.79897985e+00  -4.70139429e+00   1.62136930e+00 
 -3.47121111e+00  -9.50341355e-01  -4.51806009e-01 
 -4.02530139e+00  -2.01975907e+00  -1.15525321e+00 
 -4.26787266e+00  -5.37096175e-01   5.59303132e-01 
 -5.17843401e+00  -2.72870497e+00  -7.29146810e-01 
 -5.50091837e+00  -1.12335360e+00   9.51918568e-01 
 -2.02083860e+00  -2.40972134e+00   9.24789672e-01 
 -5.94045249e+00  -2.28420980e+00   3.26655686e-01 
 -6.54333182e+00  -3.37786592e+00   1.07247020e+00 
 -5.16871522e+00   5.19613942e+00   7.72792732e+00 
 -5.16825324e+00   6.48576847e+00   4.14758459e+00 
 -1.53349919e+00   7.34264000e+00   3.74521457e+00 
  5.50974340e-01   1.06086530e+01   3.72806236e+00 
  1.59618276e+00   8.77970849e+00  -1.60625130e+00 
  5.86646005e+00   5.16015626e+00   3.59406486e-01 
  9.15555124e+00   3.93008175e+00   1.86252906e+00 
  7.96305822e+00   3.76550239e-01   1.36089205e+00 
  7.94973670e+00   2.45228664e-01  -2.47698256e+00 
  1.03170641e+01   1.49528251e+00  -5.28859049e+00 
  8.11733077e+00   2.64196605e+00  -8.19497087e+00 
  3.45839239e+00   5.38533689e+00  -1.04317909e+01 
  5.40428511e-01   7.66384736e+00  -1.11235971e+01 
  2.08880524e+00  -5.00264374e+00  -9.81363023e+00 
 -2.05968405e-01  -7.38658599e+00  -7.81855909e+00 
 -3.13763520e+00  -4.51934197e+00  -7.95555243e+00 
 -2.21390492e+00  -1.90592616e+00  -1.05589232e+01 
 -1.19511339e+00  -2.23116849e+00  -1.42038654e+01 
  4.54715155e+00   4.11131407e+00  -1.45322536e+01 
 -8.00875206e+00  -2.98261962e+00  -8.62655931e+00 
 -8.60200911e+00  -1.64195219e+00  -5.19383539e+00 
 -5.37794502e+00   4.26014302e-01  -5.29553403e+00 
 -6.81746670e+00   3.89815494e+00  -5.07419434e+00 
 -8.61708480e+00   4.93507868e+00  -1.90318326e+00 
 -7.32730514e+00   9.63255690e+00   2.90931368e-01 
 -6.82415685e+00   1.26309792e+01  -2.01267277e+00 
 -3.75300182e+00   1.09389805e+01  -3.58939940e+00 
 -1.43277117e-01   8.17390070e+00  -7.32408459e+00 
  2.58259206e+00   6.57266037e+00  -5.26632953e+00 
  8.23756470e+00   4.41654003e+00  -3.94139918e+00 
  1.59206401e+01  -3.48878957e+00  -9.00589193e-01 
  1.32657695e+01  -2.46786492e+00   1.59010063e+00 
  1.45399386e+01  -2.03736252e-01   4.35940984e+00 
  1.02489270e+01   7.82772522e-01   7.97981694e+00 
  7.26645250e+00   1.47201069e+00   5.80162873e+00 
  5.23512850e+00   4.62353628e+00   5.48865650e+00 
  2.86670048e+00   2.79617282e+00   3.08238576e+00 
  1.55956876e+00   7.32817403e-01   5.96629899e+00 
 -7.87231280e-01   1.90652194e+00   8.52363578e+00 
 -8.00220410e-02  -3.73544765e-01   1.14785511e+01 
 -1.54430029e+00  -6.37517376e+00   1.39075155e+01 
  6.24414635e+00  -1.12711872e+01   6.27822875e+00 
  4.15193938e+00   1.51626058e+00   9.66449895e+00 
  2.76548459e+00   5.00688933e+00   9.80890184e+00 
  6.50055828e+00   6.66269640e+00   1.23382751e+01 

   6.156465025982e+00 

 -3.87572185e-01  -3.71221743e+00   1.22299886e+00 
  9.50393241e-01  -3.23515951e+00   1.18258690e+00 
 -1.63427022e+00  -1.61731595e+00   7.33890170e-01 
  1.29447311e+00  -2.83463459e+00  -1.18631389e-02 
  8.01152707e-02  -2.47377510e+00  -6.07578886e-01 
 -2.65467304e+00   6.31527267e-01   1.81638797e+00 
 -8.85392328e-01  -2.52096648e+00   4.50796305e-01 
  2.41583107e+00  -3.35452174e+00  -6.68258071e-01 
 -7.06136945e-01  -4.86923664e+00   3.66850183e-01 
 -4.62550836e+00   3.24055911e-01   1.01731938e+00 
 -1.26034473e+00  -3.59216652e+00   2.39681262e+00 
 -2.36033132e+00   1.49545606e+00  -1.28613887e-02 
 -2.62014666e+00  -3.00210762e+00   2.18594215e+00 
 -7.81619235e+00   3.27538011e+00   1.29572102e+00 
 -3.59423148e+00  -4.14437129e+00   2.09589401e+00 
 -3.11393275e+00  -2.14521126e+00   3.30669362e+00 
 -4.47116014e-01  -1.92651700e+00  -1.85163109e+00 
 -1.99028055e+00  -1.79318844e+00  -1.73301153e+00 
 -2.73811385e+00  -2.91517381e+00  -1.38252238e+00 
 -4.01912776e+00  -2.72329313e+00  -8.68653036e-01 
 -4.55676424e+00  -1.48376323e+00  -6.01573632e-01 
 -3.85100086e+00  -4.91020672e-01  -1.29962270e+00 
 -2.69579831e+00  -7.20112167e-01  -2.03698775e+00 
 -4.98285485e+00  -1.04362976e+00   7.90936153e-01 
 -2.77125126e+00   2.87535286e+00  -1.65803239e-01 
 -3.80302369e+00   2.81389805e+00  -1.10237742e+00 
 -3.13244795e+00   3.55161621e+00   9.47740514e-01 
 -5.13574317e+00   3.21995382e+00  -8.32488791e-01 
 -4.41469371e+00   4.09911872e+00   1.22040547e+00 
 -3.24114187e+00   6.14193851e-01   7.25756867e-01 
 -5.45969140e+00   3.87930927e+00   3.30812542e-01 
 -6.80481423e+00   3.56634821e+00   7.87460064e-01 
 -6.15035039e-01   6.27235045e+00   9.39348309e+00 
  1.02434308e+00   7.71455729e+00   6.27667735e+00 
  4.00038959e+00   5.44322892e+00   5.97372056e+00 
  7.78907942e+00   5.73560101e+00   6.73038229e+00 
  8.01063219e+00   4.85356849e+00   1.06775432e+00 
  7.52577646e+00  -1.00678558e+00   1.85604209e+00 
  8.34511456e+00  -4.60018654e+00   2.85939698e+00 
  4.98288707e+00  -5.66336026e+00   1.49326674e+00 
  5.57450323e+00  -4.99890835e+00  -2.24240013e+00 
  8.50695798e+00  -5.58443939e+00  -4.71826376e+00 
  8.55353963e+00  -2.62787626e+00  -7.13845606e+00 
  8.17778666e+00   3.07273111e+00  -8.40221832e+00 
  8.24135571e+00   6.83825765e+00  -8.36343339e+00 
 -7.22637228e-01  -2.09378647e+00  -1.04657365e+01 
 -4.32799382e+00  -2.07801739e+00  -9.07626312e+00 
 -3.92406813e+00   1.93958199e+00  -8.34811108e+00 
 -8.80118594e-01   3.25124074e+00  -1.02121688e+01 
  1.66316650e-01   2.95440551e+00  -1.38517115e+01 
  8.62535058e+00   2.24850003e+00  -1.27314936e+01 
 -5.63908605e+00   6.79701175e+00  -8.40849190e+00 
 -5.60747771e+00   7.39881931e+00  -4.72476958e+00 
 -2.01446989e+00   6.10651701e+00  -4.40587057e+00 
 -2.90870632e-01   9.24115961e+00  -3.23104189e+00 
 -1.18965229e+00   1.06607465e+01   1.66921023e-01 
  2.79837479e+00   1.19993647e+01   3.46050605e+00 
  5.82185019e+00   1.38110077e+01   2.00213655e+00 
  6.71526844e+00   1.07033096e+01  -7.75105437e-02 
  7.51519282e+00   6.95152114e+00  -4.53933270e+00 
  7.60132835e+00   3.47572147e+00  -3.07643015e+00 
  9.20829179e+00  -2.48675288e+00  -2.57689353e+00 
  7.36158842e+00  -1.37574016e+01  -2.00051964e+00 
  6.04581164e+00  -1.15462591e+01   7.69639673e-01 
  8.05916904e+00  -1.17394698e+01   3.98335320e+00 
  5.49922560e+00  -8.47960952e+00   7.89658413e+00 
  4.57924369e+00  -5.31706702e+00   6.08919869e+00 
  5.78929413e+00  -1.80506350e+00   6.68751389e+00 
  3.36691681e+00  -5.64611571e-01   3.97970961e+00 
  4.55174423e-01  -1.30452578e+00   6.27258886e+00 
 -5.65439194e-01   7.42160732e-01   9.13517502e+00 
 -2.41017659e+00  -1.72021434e+00   1.13631825e+01 
 -8.34654308e+00  -4.57174086e+00   1.21950479e+01 
 -5.88091543e+00  -1.21176338e+01   3.26100818e+00 
  1.98233156e+00  -3.58237032e+00   9.94546607e+00 
  3.76690853e+00  -4.63826152e-01   1.10488950e+01 
  6.88077525e+00  -2.90165266e+00   1.37785628e+01 

   6.156465030305e+00 

  1.97421471e+00  -8.75196703e-02  -2.64578288e+00 
  1.43200851e+00  -1.39661949e+00  -2.53800411e+00 
  2.05413353e+00   5.72397092e-01  -2.49904062e-01 
  2.24251521e+00  -2.21629329e+00  -1.92421951e+00 
  3.01550869e+00  -1.37828390e+00  -1.11182322e+00 
  6.20222970e-01   1.59154671e+00   1.79346167e+00 
  2.39191321e+00  -9.07092262e-02  -1.20054064e+00 
  2.66159716e+00  -3.41521845e+00  -2.51202903e+00 
  3.23551502e+00   4.90812214e-02  -3.39652409e+00 
  2.03981824e+00   3.14187426e+00   2.23903615e+00 
  1.16143095e+00   1.13447229e+00  -2.63576501e+00 
  1.84485973e+00   5.13495426e-01   3.02525118e+00 
  1.55817833e+00   2.21710544e+00  -1.68066652e+00 
  1.73649984e+00   5.74809516e+00   5.71411410e+00 
  2.33770032e+00   3.23890287e+00  -2.46169967e+00 
  4.17408309e-01   2.96684700e+00  -1.07178682e+00 
  4.08569946e+00  -1.43920759e+00  -1.23841663e-01 
  4.40744802e+00  -1.61154765e-06   3.64389850e-01 
  4.72071532e+00   9.76638473e-01  -5.78475247e-01 
  4.59183667e+00   2.31530963e+00  -2.13440749e-01 
  4.08538899e+00   2.73084619e+00   9.98016321e-01 
  4.13792742e+00   1.68109213e+00   1.92870468e+00 
  4.51620501e+00   3.79329170e-01   1.62373106e+00 
  2.82976306e+00   3.57982114e+00   1.12830559e+00 
  1.62176585e+00   6.35674354e-01   4.45061970e+00 
  2.78846343e+00   1.23902182e+00   4.91998598e+00 
  5.10096650e-01   1.28698660e+00   4.86019728e+00 
  2.81604219e+00   2.50310869e+00   5.56435924e+00 
  4.70093843e-01   2.48573866e+00   5.62155106e+00 
  1.77108942e+00   1.72292550e+00   2.23162343e+00 
  1.65488123e+00   3.14159529e+00   5.93440329e+00 
  1.77350830e+00   4.58961810e+00   5.86391221e+00 
 -8.68897124e+00   1.75430932e+00   4.38300430e+00 
 -6.94089717e+00  -1.12065511e+00   6.16086747e+00 
 -6.78875192e+00  -3.63633623e+00   3.37595666e+00 
 -8.72328176e+00  -6.86592387e+00   2.45969863e+00 
 -3.47212332e+00  -9.06324417e+00   3.15932570e+00 
 -1.96357086e+00  -7.48692643e+00  -2.35789751e+00 
 -1.84125323e+00  -7.34873323e+00  -6.17319295e+00 
  7.72177367e-01  -4.62797188e+00  -5.91086504e+00 
  3.66220841e+00  -6.66369153e+00  -4.41079349e+00 
  5.15828259e+00  -1.01938069e+01  -5.02077799e+00 
  6.24720564e+00  -1.15649237e+01  -1.62445431e+00 
  5.47947414e+00  -1.25079639e+01   4.09885472e+00 
  4.10388361e+00  -1.30894297e+01   7.55635998e+00 
  1.18495296e+01  -4.38835138e+00   2.18523216e+00 
  1.17210366e+01  -5.67135172e-01   2.74321209e+00 
  9.54267418e+00  -1.23827089e+00   6.15478410e+00 
  9.79732548e+00  -4.91239920e+00   7.10175427e+00 
  1.28001847e+01  -7.19150517e+00   7.56837575e+00 
  9.46146278e+00  -1.44213064e+01   4.42334217e+00 
  8.41725317e+00  -3.83279469e-01   1.11087660e+01 
  4.93744152e+00   8.81089468e-01   1.06342502e+01 
  4.00648845e+00  -2.10682357e+00   8.42357884e+00 
  1.33793316e+00  -3.69370957e+00   1.05537317e+01 
 -1.89064577e+00  -1.80067737e+00   1.11552223e+01 
 -6.49793999e+00  -4.41239900e+00   1.04510513e+01 
 -6.77141183e+00  -7.98724389e+00   1.17533241e+01 
 -4.11488759e+00  -9.14069038e+00   9.22480176e+00 
  9.03857160e-01  -1.10084512e+01   6.78609122e+00 
  8.03331503e-01  -1.00432190e+01   3.14096849e+00 
  1.96132256e+00  -1.04769365e+01  -2.92977962e+00 
  5.97437782e+00  -6.95954988e+00  -1.30438264e+01 
  3.15126055e+00  -5.03261056e+00  -1.14279536e+01 
 -2.41743000e-01  -5.64627068e+00  -1.30184879e+01 
 -4.06248914e+00  -2.30124698e+00  -1.04289062e+01 
 -3.29139285e+00  -2.58673477e+00  -6.76303969e+00 
 -5.42478694e+00  -3.97291060e+00  -3.99112551e+00 
 -2.72145530e+00  -2.94461543e+00  -1.46656019e+00 
 -3.59670611e+00   6.87314673e-01  -2.03763459e+00 
 -6.53440925e+00   2.40195708e+00  -6.75700096e-01 
 -7.07504410e+00   5.27799642e+00  -3.09779546e+00 
 -4.98853230e+00   1.14355350e+01  -4.43741089e+00 
  4.80737017e+00   6.90896650e+00  -9.57429712e+00 
 -6.51496798e+00   9.88730758e-01  -5.55952141e+00 
 -9.13340644e+00  -6.78488407e-01  -3.44013622e+00 
 -1.16479691e+01  -2.16116711e+00  -7.25705588e+00 

   6.156465081774e+00 

