 -4.25514556e-01  -3.01118960e+00   1.09605335e+00 
  4.94331221e-01  -3.05187436e+00   5.35394304e-02 
 -1.06389240e-01  -2.71311899e+00  -1.10080564e+00 
 -1.06422197e+00  -1.71292483e+00  -1.04898843e+00 
 -1.70027718e+00  -1.31622692e+00   1.25291308e-01 
 -1.42276400e+00  -2.09815523e+00   1.22598364e+00 
 -2.06723170e+00  -1.39555230e+00  -2.04244597e+00 
 -3.35614678e+00  -9.74643589e-01  -1.59885379e+00 
 -3.52606044e+00   3.67305916e-01  -8.52735758e-01 
 -2.61116381e+00  -1.78798909e-01   1.54703887e-01 
 -3.86486959e+00  -6.79426767e-01   8.27231898e-01 
 -4.27965105e+00   5.72790943e-01   1.41072489e+00 
 -3.31386402e+00   1.57948173e+00   1.16289840e+00 
 -2.22604285e+00   1.09048311e+00   6.36742566e-01 
 -5.88781436e-02  -3.85501026e+00   2.15947115e+00 
 -5.09227116e+00   5.10041766e-01   2.61462025e+00 
 -3.17182031e+00   2.69148297e+00   2.09704258e+00 
  2.68976622e-01  -3.14937948e+00   3.28193145e+00 
  1.66502800e-01  -3.78986072e+00   4.48279008e+00 
  1.49329049e-01  -5.17961979e+00   4.38312508e+00 
  3.80218743e-01  -5.79308135e+00   3.11805240e+00 
 -3.68516430e-01  -5.19257682e+00   2.11349924e+00 
 -4.64487873e+00  -1.64390547e+00   8.12991599e-01 
 -4.65610826e+00  -1.50474601e+00  -1.74371218e+00 
 -3.45431655e+00  -2.33416262e+00  -7.43278909e-01 
  9.73456625e-01  -3.29171762e+00   5.58848923e+00 
  1.38059001e+00  -2.91999717e+00   6.62210743e+00 
  3.08283140e+00  -3.47676464e+00   1.05792731e+01 
  1.55376978e+00  -6.64877870e+00   9.13867425e+00 
  3.64929463e+00  -6.72458590e+00   5.96569445e+00 
  4.54547743e+00  -3.09279336e+00   5.58786763e+00 
  7.58095622e+00  -8.88381861e-01   5.89232614e+00 
  9.88258202e+00  -4.50503136e-01   2.91641868e+00 
  1.26667502e+01  -2.69009531e+00  -1.96026915e+00 
  9.67369713e+00  -4.06253268e-01  -2.02249762e+00 
  6.71118769e+00  -2.02451008e-01   3.14324526e-01 
  6.27891881e+00   3.25442914e+00   1.88859646e+00 
  2.55540864e+00   4.01098089e+00   1.41960294e+00 
  9.72574002e-01   7.27658642e+00   2.50800589e+00 
 -2.44485504e+00   5.91589152e+00   1.47473059e+00 
 -1.87400559e+00   5.81595876e+00  -2.29698060e+00 
 -2.77040186e-01   7.97775897e+00  -4.99979146e+00 
  1.37973234e+00   5.67748158e+00  -7.53244883e+00 
  4.96468728e+00   4.53894026e+00  -7.76438070e+00 
  4.50633423e+00   9.51667011e-01  -9.00608620e+00 
  6.99903962e+00  -1.89177171e+00  -9.17630334e+00 
 -5.70566874e+00  -6.57375116e-01  -9.88226193e+00 
 -8.30617803e+00  -2.88434880e+00  -8.20105799e+00 
 -5.39378578e+00  -5.81175457e+00  -7.76081493e+00 
 -2.41180438e+00  -5.00837671e+00  -9.97812171e+00 
 -2.22088550e+00  -4.14705969e+00  -1.36877985e+01 
  6.69457399e+00   4.23130668e+00  -1.29196961e+01 
  3.86945803e+00   1.76637184e+00  -1.33244429e+01 
 -3.64548844e+00  -1.07433548e+01  -7.75645064e+00 
 -3.14516444e+00  -1.08153832e+01  -3.95436567e+00 
 -8.45623395e-01  -7.79612611e+00  -4.19276550e+00 
  2.57256597e+00  -9.04591380e+00  -3.32544141e+00 
  2.91550946e+00  -1.04758348e+01   1.64146816e-01 
  5.05358370e+00  -1.36478146e+01   4.40994631e-01 
  8.05104941e+00  -1.27925255e+01   2.61126965e+00 
  7.42628233e+00  -9.01737762e+00   2.81470579e+00 
  1.07265684e+01  -8.57399063e+00   9.73592884e-01 
  9.24175480e+00  -5.63533233e+00  -1.01136332e+00 
  8.88750241e+00  -5.55374385e+00  -4.79797279e+00 
  6.97546600e+00  -2.34960660e+00  -5.30250801e+00 
  5.01710028e+00   4.61590455e-01  -3.69030516e+00 
  5.72793917e+00   4.14943405e+00  -3.22272188e+00 
  2.52072335e+00   6.16312747e+00  -3.09214672e+00 
  3.20393761e+00   9.28756934e+00  -1.13387656e+00 
 -2.58634312e-01   1.08506044e+01  -1.20848036e+00 
 -1.55123784e+00   1.34670088e+01  -3.66515471e+00 
  7.86344204e+00   3.40298280e+00   1.18821948e+01 
 -5.91254788e+00   1.37584328e+01  -1.80617505e+00 
 -5.30901888e+00   1.12513253e+01   9.68275664e-01 
 -2.09027381e+00   5.49186036e+00   6.03064913e+00 
  1.23465884e+00   3.60622096e+00   6.44935822e+00 
 -7.86522757e-02   1.08182719e+00   3.93917366e+00 
 -2.77412428e+00  -1.73505107e-01   6.30031225e+00 
 -1.77606298e+00  -2.30656172e+00   9.31312067e+00 
 -4.60167453e+00  -1.52718268e+00   1.17351399e+01 
 -9.06216531e+00  -9.21233670e+00   1.47331444e+01 
 -1.08990052e+01  -3.16666982e+00   1.30347287e+01 
 -2.51055870e+00   2.64172393e+00   1.00694251e+01 
  9.53309293e-01   1.37260229e+00   1.08737531e+01 
  2.03163962e-01   2.07317513e-01   1.44052379e+01 
  2.06943561e+00   5.29714341e+00   1.34571968e+01 

   6.386298631182e+00 

 -3.12274708e+00  -1.78591971e+00   3.47202857e-01 
 -2.78541041e+00  -4.37550441e-01   3.99270842e-01 
 -2.25771160e+00  -1.43487488e-01   1.60060084e+00 
 -1.43643540e+00  -1.09515140e+00   2.18400303e+00 
 -1.42634861e+00  -2.43701194e+00   1.80960098e+00 
 -2.40949528e+00  -2.79449613e+00   9.12061718e-01 
 -1.02185901e+00  -1.17802036e+00   3.56782776e+00 
 -8.96591367e-01  -2.46739222e+00   4.16537982e+00 
  1.87843004e-01  -3.45310673e+00   3.67674883e+00 
 -4.61550048e-01  -3.37826077e+00   2.36416066e+00 
 -1.27278192e+00  -4.55412137e+00   2.84784964e+00 
 -2.67279184e-01  -5.57010201e+00   2.65470587e+00 
  8.88250378e-01  -5.01577473e+00   2.05050259e+00 
  6.91091410e-01  -3.78771572e+00   1.66022843e+00 
 -4.14444112e+00  -2.04094767e+00  -5.84685024e-01 
 -7.29178284e-01  -6.92883947e+00   2.42203724e+00 
  1.74720525e+00  -5.85766186e+00   1.22420295e+00 
 -3.69722676e+00  -2.77739155e+00  -1.64438801e+00 
 -4.61929385e+00  -3.49865711e+00  -2.34606232e+00 
 -5.93228968e+00  -3.07001119e+00  -2.16177196e+00 
 -6.18211617e+00  -1.88218882e+00  -1.41563607e+00 
 -5.45915590e+00  -1.86108107e+00  -2.29373023e-01 
 -2.29915829e+00  -4.81430200e+00   3.49414200e+00 
 -1.54268019e+00  -3.10628336e+00   5.24532414e+00 
 -2.42451401e+00  -2.75658210e+00   3.75094129e+00 
 -4.30383506e+00  -3.84372817e+00  -3.72566492e+00 
 -4.14519178e+00  -4.37622570e+00  -4.75696457e+00 
 -5.42076818e+00  -5.78781039e+00  -8.66171932e+00 
 -8.31874362e+00  -4.98639146e+00  -6.33051923e+00 
 -7.33918237e+00  -1.37204687e+00  -5.66588031e+00 
 -3.63935701e+00  -1.47827304e+00  -6.32604851e+00 
 -1.19390601e+00  -2.21950474e-01  -8.89658922e+00 
  2.58306497e-01   3.25933477e+00  -8.55457135e+00 
 -3.33510923e-01   9.08704323e+00  -7.05890564e+00 
  1.47910220e+00   6.49217505e+00  -5.01947775e+00 
  7.11806274e-01   2.82989008e+00  -4.49254217e+00 
  3.59095255e+00   5.32760684e-01  -5.51671120e+00 
  3.93894034e+00  -1.86900223e+00  -2.55574973e+00 
  6.60054764e+00  -4.56076701e+00  -2.39949683e+00 
  5.09296058e+00  -5.80180219e+00   8.84552909e-01 
  5.99354777e+00  -2.80272251e+00   3.06540705e+00 
  8.94178701e+00  -4.47102935e-01   3.60188349e+00 
  7.56995802e+00   3.02654042e+00   4.31069352e+00 
  7.00780869e+00   5.91728463e+00   1.95919259e+00 
  3.80420502e+00   7.41835189e+00   3.40976834e+00 
  1.44449161e+00   9.98361254e+00   1.93366258e+00 
  1.11952082e+00   1.53613134e+00   1.15235626e+01 
 -1.77482791e+00  -7.81038532e-01   1.24190939e+01 
 -4.30866125e+00   1.67229466e+00   1.02267453e+01 
 -2.60043212e+00   4.99627030e+00   9.52873555e+00 
 -8.41912816e-01   7.43834516e+00   1.18705082e+01 
  8.20026508e+00   1.07052155e+01   4.26531261e+00 
  5.55690269e+00   9.72979040e+00   6.77174136e+00 
 -8.81559324e+00   4.17275383e+00   9.32535131e+00 
 -9.74687728e+00   1.92405938e+00   6.36098871e+00 
 -6.48360070e+00   2.83625338e+00   4.63484704e+00 
 -7.44312232e+00   4.89022497e+00   1.65848049e+00 
 -9.62339677e+00   3.11264412e+00  -8.76498790e-01 
 -1.24548642e+01   5.21924067e+00  -2.37799967e+00 
 -1.17660548e+01   5.53170006e+00  -6.10013943e+00 
 -8.27194672e+00   3.95890933e+00  -6.06851671e+00 
 -6.95922605e+00   7.33680599e+00  -7.22815266e+00 
 -3.84827247e+00   6.90598399e+00  -5.01076784e+00 
 -2.89223142e+00   9.24040080e+00  -2.16348029e+00 
  5.56695522e-02   7.43432755e+00  -6.71865787e-01 
  2.10310402e+00   4.25082627e+00  -5.69128736e-01 
  5.62579103e+00   3.42451149e+00  -1.67908210e+00 
  7.10343813e+00   6.24769432e-01   4.03283832e-01 
  9.71725098e+00  -1.09147161e+00  -1.66703977e+00 
  1.07782476e+01  -3.80281047e+00   7.74471366e-01 
  1.37202780e+01  -3.69385279e+00   3.20021447e+00 
  1.50339165e+00  -5.28583610e+00  -1.35286280e+01 
  1.29685150e+01  -7.99897302e+00   5.06100748e+00 
  9.96259558e+00  -8.82155323e+00   2.90805084e+00 
  3.62015315e+00  -8.57178287e+00  -2.46506936e+00 
  2.14699355e+00  -6.10320423e+00  -5.01889994e+00 
  1.60896865e-01  -4.59574189e+00  -2.15859335e+00 
 -1.97865972e+00  -7.70340331e+00  -1.73298547e+00 
 -4.63118364e+00  -8.52240872e+00  -4.36289393e+00 
 -4.84822462e+00  -1.23044664e+01  -4.03636344e+00 
 -1.35538586e+01  -1.53228623e+01  -2.29084783e+00 
 -7.57479596e+00  -1.70199900e+01  -2.46525805e-01 
 -1.59647998e-01  -1.08624981e+01  -4.71836806e+00 
 -1.11630883e+00  -8.72923778e+00  -7.68316066e+00 
 -3.19740925e+00  -1.13463916e+01  -9.47523175e+00 
  2.17081185e+00  -1.07951439e+01  -1.05552352e+01 

   6.386298631182e+00 

 -2.55077238e+00  -1.58897841e+00  -8.20800518e-01 
 -2.16526631e+00  -1.97562803e+00   4.58454701e-01 
 -1.21446467e+00  -2.92351044e+00   3.83434690e-01 
 -2.72859874e-01  -2.80049512e+00  -6.25903978e-01 
 -4.57154685e-01  -2.01053256e+00  -1.75853937e+00 
 -1.71843341e+00  -1.46972341e+00  -1.88757611e+00 
  6.26613394e-01  -3.81759328e+00  -1.12607486e+00 
  9.15456083e-01  -3.84437203e+00  -2.52289018e+00 
  1.69756290e+00  -2.68636996e+00  -3.18147305e+00 
  6.06984455e-01  -1.81379524e+00  -2.73487148e+00 
 -9.75666823e-03  -2.12289410e+00  -4.07606073e+00 
  8.08813835e-01  -1.23883666e+00  -4.86911918e+00 
  1.67459313e+00  -4.85682071e-01  -4.03799147e+00 
  1.39443397e+00  -6.43284319e-01  -2.77466771e+00 
 -3.85656312e+00  -1.06783387e+00  -8.45938311e-01 
  2.39819384e-01  -7.37853153e-01  -6.10964882e+00 
  2.12698021e+00   8.32546577e-01  -4.47038906e+00 
 -3.86885125e+00   2.65709348e-01  -1.14061131e+00 
 -5.01457437e+00   7.84764371e-01  -1.67040275e+00 
 -6.14459111e+00  -1.41026749e-03  -1.45441679e+00 
 -6.04910722e+00  -1.14728108e+00  -6.13038795e-01 
 -4.93393667e+00  -1.91682053e+00  -9.20513624e-01 
 -7.28453652e-01  -2.96670369e+00  -4.63310314e+00 
  6.96521651e-01  -4.79399680e+00  -3.54375887e+00 
 -6.66586877e-01  -3.94371254e+00  -2.80075565e+00 
 -5.25328280e+00   2.21204825e+00  -1.50375750e+00 
 -5.51410562e+00   3.34545187e+00  -1.64399999e+00 
 -8.21545127e+00   6.74388751e+00  -1.78592618e+00 
 -9.99386481e+00   3.39402389e+00  -2.08706868e+00 
 -8.69390081e+00   1.93092859e+00   1.17394615e+00 
 -5.51874997e+00   3.88843096e+00   1.64555544e+00 
 -4.16749442e+00   6.57103809e+00   3.91359071e+00 
 -2.55597984e+00   5.60529340e+00   7.20229901e+00 
 -2.31203675e+00   2.08729492e+00   1.21128619e+01 
  2.83613203e-02   1.87893864e+00   9.17053327e+00 
 -6.30198874e-01   2.40536824e+00   5.48706946e+00 
  1.56137165e+00   5.13333765e+00   3.94745574e+00 
  2.89833921e+00   3.52699275e+00   7.39804393e-01 
  5.31527302e+00   5.29060992e+00  -1.58446999e+00 
  5.10077705e+00   2.32777839e+00  -3.98729969e+00 
  6.87156941e+00  -2.63516155e-01  -1.81678178e+00 
  9.89693899e+00  -4.63683675e-01   4.93182954e-01 
  9.02996866e+00  -2.77440503e+00   3.38445498e+00 
  7.74253297e+00  -1.94185966e+00   6.82703368e+00 
  5.37868805e+00  -4.88267264e+00   7.44695758e+00 
  2.74155938e+00  -5.35096008e+00   1.01216458e+01 
  5.70025337e+00  -1.08528755e+01  -1.03213308e+00 
  3.26316239e+00  -1.18848889e+01  -3.77877522e+00 
  1.91807766e-01  -1.17586280e+01  -9.86574276e-01 
  1.64431395e+00  -1.16771951e+01   2.52592809e+00 
  4.24795034e+00  -1.39026923e+01   4.20171394e+00 
  9.90164901e+00  -5.15150868e+00   1.06611952e+01 
  8.35420253e+00  -7.94767823e+00   8.65923392e+00 
 -4.22124207e+00  -1.34850889e+01   1.23188620e+00 
 -6.28439684e+00  -1.04859187e+01   2.36922598e-02 
 -3.87276607e+00  -8.11667693e+00   1.76477455e+00 
 -5.79573355e+00  -6.60026710e+00   4.59336716e+00 
 -8.83605414e+00  -4.59054390e+00   3.56527489e+00 
 -1.19378632e+01  -5.05091624e+00   5.77350943e+00 
 -1.26828393e+01  -1.68788127e+00   7.37395318e+00 
 -9.49711784e+00   1.01637648e-01   6.21971631e+00 
 -8.58185531e+00   4.19461340e-01   9.89931677e+00 
 -4.88626835e+00  -2.14914422e-01   9.05041185e+00 
 -2.84066904e+00  -3.13333257e+00   1.03804200e+01 
  3.77209486e-01  -2.72549831e+00   8.46838876e+00 
  2.18569646e+00  -9.70207520e-01   5.64251681e+00 
  4.99956878e+00   1.55986612e+00   5.57204467e+00 
  7.03767641e+00   1.26276429e+00   2.39146419e+00 
  8.61436725e+00   4.59858734e+00   1.72059062e+00 
  1.04047126e+01   3.80836590e+00  -1.53644216e+00 
  1.40433822e+01   2.74611608e+00  -1.96463994e+00 
 -3.60674693e+00   1.33067436e+01   9.65715439e-01 
  1.38737268e+01   2.34605662e+00  -6.69464290e+00 
  1.02498103e+01   3.39499198e+00  -7.03283695e+00 
  2.37092598e+00   5.64224888e+00  -5.60721406e+00 
  1.47080837e-01   6.46290355e+00  -2.57948075e+00 
 -5.60343631e-01   2.74477346e+00  -2.30849035e+00 
 -2.50588459e+00   2.66703017e+00  -5.56812688e+00 
 -5.98113877e+00   4.25620263e+00  -5.71029149e+00 
 -6.20992580e+00   5.19800904e+00  -9.38702192e+00 
 -1.37387474e+01   1.55221754e+00  -1.36262024e+01 
 -7.50181643e+00   2.55037782e+00  -1.53329693e+01 
 -2.06568645e+00   7.00158828e+00  -7.36229087e+00 
 -3.97851708e+00   8.48170566e+00  -4.46292434e+00 
 -6.68181196e+00   1.01743908e+01  -6.51694615e+00 
 -2.09264223e+00   1.28771546e+01  -5.13034284e+00 

   6.386298631182e+00 

  6.77655101e-01   1.99899370e-01  -9.66857074e-01 
  4.74422522e-01   1.52818441e+00  -6.07744084e-01 
 -7.29047767e-01   1.94125373e+00  -1.04267605e+00 
 -1.77251689e+00   1.03116421e+00  -9.84142505e-01 
 -1.58822165e+00  -3.45190757e-01  -8.72112916e-01 
 -2.79292137e-01  -7.64022695e-01  -9.78095871e-01 
 -3.04451219e+00   1.09756535e+00  -1.67067770e+00 
 -3.62299630e+00  -1.14486424e-01  -2.15185011e+00 
 -4.10029346e+00  -1.19965599e+00  -1.16140289e+00 
 -2.71250958e+00  -1.25487431e+00  -6.91075544e-01 
 -2.54132609e+00  -2.32610865e+00  -1.73886061e+00 
 -3.17227581e+00  -3.40205449e+00  -1.01442984e+00 
 -3.53592742e+00  -2.97717409e+00   2.87423861e-01 
 -3.05567408e+00  -1.79765855e+00   5.65658189e-01 
  2.04356558e+00  -1.19751067e-01  -1.06394029e+00 
 -2.75426084e+00  -4.75685165e+00  -1.33605244e+00 
 -3.60813686e+00  -3.95039399e+00   1.37230973e+00 
  2.43296064e+00  -9.98134405e-01  -9.33039614e-02 
  3.54125217e+00  -1.75679249e+00  -3.36010249e-01 
  4.36473779e+00  -1.25056069e+00  -1.33963325e+00 
  4.08040879e+00   2.87023587e-02  -1.89882650e+00 
  2.73455873e+00   1.60513429e-01  -2.21765337e+00 
 -2.28299843e+00  -2.46000370e+00  -2.94475245e+00 
 -3.95958391e+00  -5.88604509e-01  -3.43785679e+00 
 -2.26444059e+00  -3.82794854e-01  -2.97177368e+00 
  4.27012320e+00  -2.27980225e+00   8.11639281e-01 
  4.85491119e+00  -2.93956412e+00   1.58302605e+00 
  8.43070370e+00  -4.75388253e+00   3.25297600e+00 
  8.88618947e+00  -3.54752777e+00  -3.26446954e-01 
  7.91854902e+00   7.30338395e-02   3.21609809e-01 
  5.75636489e+00  -2.78020632e-01   3.37734774e+00 
  5.90036596e+00   5.47593369e-01   7.04666399e+00 
  4.81778217e+00   3.97602875e+00   8.23791858e+00 
  4.49735601e+00   9.96237956e+00   7.45664992e+00 
  1.63871837e+00   7.55421683e+00   7.00154944e+00 
  1.61485539e+00   4.02054351e+00   5.66314785e+00 
  1.72604030e-01   1.48969245e+00   8.13901393e+00 
 -2.28659954e+00  -5.49949567e-01   6.02974115e+00 
 -4.42663252e+00  -3.31978440e+00   7.47972040e+00 
 -5.73634590e+00  -4.08611095e+00   3.97324579e+00 
 -7.74808627e+00  -8.88972433e-01   3.43207395e+00 
 -1.00877801e+01   1.37956849e+00   5.40904647e+00 
 -9.42826460e+00   4.97141329e+00   4.35348266e+00 
 -7.21999083e+00   7.57919306e+00   5.94250191e+00 
 -5.89069986e+00   9.38668643e+00   2.84631027e+00 
 -3.04250013e+00   1.18580827e+01   2.51819957e+00 
 -1.00145588e+01   4.65413947e+00  -5.41434903e+00 
 -8.71873473e+00   2.59430673e+00  -8.35142856e+00 
 -5.24914597e+00   4.87599213e+00  -8.31384178e+00 
 -5.78963928e+00   8.01130302e+00  -6.23255107e+00 
 -8.55231188e+00   1.06370373e+01  -6.34734914e+00 
 -9.43061752e+00   1.25523081e+01   5.72877353e+00 
 -9.37421403e+00   1.20063819e+01   1.99785044e+00 
 -1.28771770e+00   7.44887303e+00  -1.05643113e+01 
  1.33743821e+00   4.90258678e+00  -9.40830738e+00 
  2.89357903e-01   5.45226601e+00  -5.79444277e+00 
  3.17395965e+00   7.17258679e+00  -4.14586520e+00 
  6.40705688e+00   5.20138379e+00  -4.11501981e+00 
  9.58270865e+00   7.23603360e+00  -4.81136579e+00 
  1.17309166e+01   7.06532997e+00  -1.68367069e+00 
  9.14889578e+00   5.35273998e+00   5.71027868e-01 
  9.21635045e+00   8.50349579e+00   2.70324845e+00 
  5.42887465e+00   8.20459493e+00   3.29156854e+00 
  2.87317225e+00   1.08206348e+01   2.24501068e+00 
 -3.61873123e-01   9.07758541e+00   3.06549515e+00 
 -2.05554629e+00   5.84119870e+00   4.06273907e+00 
 -3.81436890e+00   4.72966834e+00   7.22425131e+00 
 -6.47692267e+00   2.13855256e+00   6.47915340e+00 
 -6.96380094e+00   6.92656518e-02   9.56860998e+00 
 -9.57918476e+00  -2.37210733e+00   8.28895603e+00 
 -1.33646411e+01  -2.10298076e+00   8.67565506e+00 
  6.97739509e+00  -5.15464329e+00   1.15962399e+01 
 -1.43727038e+01  -6.11368695e+00   6.33903272e+00 
 -1.07722682e+01  -7.05466557e+00   5.63275035e+00 
 -2.48442332e+00  -7.17158815e+00   4.95648228e+00 
  4.88959407e-01  -4.96603205e+00   5.99602435e+00 
 -3.60035587e-02  -3.03650480e+00   2.77116543e+00 
  1.01336720e+00  -5.97086529e+00   6.02121072e-01 
  4.69928736e+00  -6.98177007e+00   4.79094117e-01 
  4.42020974e+00  -1.06831103e+01  -3.45457772e-01 
  9.19710895e+00  -1.30749645e+01  -8.05297805e+00 
  3.43158726e+00  -1.47791730e+01  -5.47167652e+00 
  1.65604876e+00  -9.54586895e+00   3.60337116e+00 
  4.53473554e+00  -7.74565064e+00   5.25514934e+00 
  7.12968971e+00  -1.04641265e+01   4.73737133e+00 
  4.11631542e+00  -1.02887464e+01   9.33920755e+00 

   6.386298631182e+00 

 -4.03081888e-01  -3.21313201e+00  -5.24395984e-01 
  5.01294833e-02  -2.81661657e+00   7.29390976e-01 
  1.38520085e+00  -2.96041033e+00   8.00388171e-01 
  2.11787035e+00  -2.66137946e+00  -3.37281756e-01 
  1.56442640e+00  -2.59521900e+00  -1.61407106e+00 
  2.50029448e-01  -3.00204752e+00  -1.69653463e+00 
  3.48429760e+00  -3.03402071e+00  -6.33468869e-01 
  3.82307330e+00  -3.36787070e+00  -1.97846532e+00 
  3.76957136e+00  -2.29374204e+00  -3.08741816e+00 
  2.34568720e+00  -2.15827469e+00  -2.76430291e+00 
  2.14331413e+00  -3.21722023e+00  -3.81899710e+00 
  2.29622827e+00  -2.36619362e+00  -4.97352206e+00 
  2.45574134e+00  -1.01547600e+00  -4.57639943e+00 
  2.24638145e+00  -8.56232829e-01  -3.29963611e+00 
 -1.74743165e+00  -3.62452213e+00  -4.96202294e-01 
  1.62592575e+00  -2.77608090e+00  -6.19677179e+00 
  2.02926486e+00   5.65211310e-02  -5.46986934e+00 
 -2.55762482e+00  -2.77076359e+00  -1.18902556e+00 
 -3.74050017e+00  -3.26403951e+00  -1.65834775e+00 
 -4.15876089e+00  -4.43133386e+00  -1.02262753e+00 
 -3.43611045e+00  -4.90924478e+00   1.08492050e-01 
 -2.06583658e+00  -4.90707433e+00  -1.21033337e-01 
  2.13634856e+00  -4.45014575e+00  -3.95568055e+00 
  4.30536450e+00  -4.54069216e+00  -2.59796302e+00 
  2.66093728e+00  -4.48066381e+00  -1.94576850e+00 
 -4.81771128e+00  -2.31685878e+00  -1.91203358e+00 
 -5.71044852e+00  -1.70224293e+00  -2.35651961e+00 
 -9.91338640e+00  -9.07661054e-01  -3.11198572e+00 
 -9.22769240e+00  -4.49503740e+00  -2.04634859e+00 
 -7.52943096e+00  -3.64001222e+00   1.24752633e+00 
 -6.27313246e+00  -1.65976061e-01   5.48526643e-01 
 -7.01805979e+00   3.36980549e+00   1.60189676e+00 
 -5.38313190e+00   4.77986740e+00   4.71380623e+00 
 -3.36222706e+00   4.09448105e+00   1.03702750e+01 
 -1.19510986e+00   4.31503644e+00   7.29893462e+00 
 -1.78440072e+00   3.01857979e+00   3.79883865e+00 
 -1.63710994e+00   5.76144253e+00   1.13985044e+00 
  6.20570712e-01   4.28030226e+00  -1.57417884e+00 
  1.59194465e+00   6.18718328e+00  -4.70058307e+00 
  3.41115965e+00   3.08029253e+00  -5.97951090e+00 
  6.24799261e+00   3.02080567e+00  -3.42794255e+00 
  8.58887842e+00   5.48679981e+00  -1.70515650e+00 
  9.13251995e+00   4.30713660e+00   1.86742985e+00 
  7.37388454e+00   5.34046834e+00   5.03624629e+00 
  7.28517772e+00   2.02039732e+00   6.93089901e+00 
  5.31977461e+00   1.04043169e+00   1.00138450e+01 
  1.17914976e+01  -5.05806210e+00   8.29243652e-01 
  1.07007054e+01  -8.21573181e+00  -1.01135441e+00 
  8.02040525e+00  -8.98417475e+00   2.06615008e+00 
  8.87072289e+00  -6.83416583e+00   5.08417924e+00 
  1.21702314e+01  -6.30468982e+00   6.92072960e+00 
  1.07824598e+01   5.64569875e+00   9.27332931e+00 
  1.14250316e+01   2.00349966e+00   8.53678930e+00 
  5.46598845e+00  -1.20923407e+01   5.41152036e+00 
  2.08278382e+00  -1.15771172e+01   3.67951764e+00 
  2.39936882e+00  -7.81867298e+00   4.16377809e+00 
 -2.37195805e-01  -6.88437418e+00   6.64850174e+00 
 -3.79108722e+00  -7.60464610e+00   5.55736721e+00 
 -6.09435507e+00  -9.01879351e+00   8.27850780e+00 
 -8.85841715e+00  -6.47494050e+00   8.83992247e+00 
 -7.37929362e+00  -3.68270861e+00   6.67218256e+00 
 -7.10773816e+00  -1.62422748e+00   9.86077002e+00 
 -3.75741414e+00  -1.73129980e-01   8.65657726e+00 
 -4.46018312e-01  -5.98008239e-01   1.04799530e+01 
  1.96047497e+00   9.50681219e-01   8.03305990e+00 
  2.49349224e+00   2.31359437e+00   4.54084233e+00 
  3.15078986e+00   5.79689565e+00   3.21468684e+00 
  5.15144247e+00   5.68986312e+00  -1.54972635e-03 
  4.38243860e+00   8.80790057e+00  -1.93809724e+00 
  6.49724255e+00   8.16996189e+00  -5.02980992e+00 
  1.00374354e+01   9.42449235e+00  -5.69676761e+00 
 -1.05215080e+01   7.54509583e+00  -3.36468524e+00 
  1.04737689e+01   7.38541711e+00  -9.96450047e+00 
  7.00574588e+00   5.86293488e+00  -1.00122068e+01 
 -6.61451034e-01   3.28201066e+00  -8.08547292e+00 
 -3.11970603e+00   3.60331285e+00  -5.14610605e+00 
 -1.40551277e+00   5.88351323e-01  -3.60664998e+00 
 -2.66253281e+00  -1.76508901e+00  -6.30806131e+00 
 -6.35969484e+00  -2.74007328e+00  -6.36696857e+00 
 -6.86760624e+00  -3.47749094e+00  -1.00623617e+01 
 -1.02459760e+01  -1.20831579e+01  -1.16354846e+01 
 -5.84616299e+00  -8.23453799e+00  -1.45746095e+01 
 -4.86179624e+00   1.00499451e+00  -9.42110973e+00 
 -7.47290420e+00   1.94378184e+00  -6.86048709e+00 
 -1.04969081e+01   8.37909236e-01  -8.86658730e+00 
 -8.65147804e+00   6.01337314e+00  -9.17810074e+00 

   6.386298631182e+00 

 -2.38986029e+00   6.31397403e-01  -2.06574526e+00 
 -1.98928294e+00   1.43548398e+00  -1.00386516e+00 
 -6.98334515e-01   1.78110662e+00  -1.15262657e+00 
  1.59933518e-01   8.24362646e-01  -1.67082910e+00 
 -2.72171876e-01  -2.94415378e-01  -2.37969370e+00 
 -1.61970329e+00  -3.10762003e-01  -2.66924665e+00 
  1.47949318e+00   1.02802289e+00  -2.22849974e+00 
  1.87658234e+00   2.35082427e-01  -3.34599957e+00 
  2.06658849e+00  -1.29039438e+00  -3.19365321e+00 
  6.54578126e-01  -1.33748470e+00  -2.80095714e+00 
  3.91424824e-01  -1.54529536e+00  -4.27142149e+00 
  7.57229904e-01  -2.93914514e+00  -4.33408210e+00 
  1.07322328e+00  -3.42755097e+00  -3.04210810e+00 
  7.84686524e-01  -2.56184151e+00  -2.11119016e+00 
 -3.77664648e+00   6.99462559e-01  -2.28824062e+00 
  1.38089902e-01  -3.74429097e+00  -5.37430266e+00 
  8.77329856e-01  -4.84056223e+00  -2.73490548e+00 
 -4.39840355e+00  -4.82764554e-01  -2.00349882e+00 
 -5.59674404e+00  -7.27833522e-01  -2.60905626e+00 
 -6.22660612e+00   4.14085024e-01  -3.09992705e+00 
 -5.67391125e+00   1.69567201e+00  -2.81336608e+00 
 -4.30297506e+00   1.72375550e+00  -3.03715703e+00 
  2.21273157e-01  -9.02548242e-01  -5.31868496e+00 
  2.23713791e+00   5.39538673e-01  -4.67611176e+00 
  5.69934870e-01   7.61156036e-01  -4.12436750e+00 
 -6.50465842e+00  -1.66544941e+00  -1.96217178e+00 
 -7.26202109e+00  -2.52127336e+00  -1.70474716e+00 
 -1.12341217e+01  -4.23170618e+00  -1.30025634e+00 
 -1.11525422e+01  -1.11455672e+00  -3.48010767e+00 
 -9.62580374e+00   1.18860524e+00  -8.66817304e-01 
 -7.83757371e+00  -1.27898771e+00   1.33523449e+00 
 -8.15837271e+00  -2.72333178e+00   4.79604578e+00 
 -6.60067556e+00  -9.09268988e-01   7.73339154e+00 
 -5.16704101e+00   4.22041060e+00   1.05935539e+01 
 -2.74642098e+00   2.02328576e+00   8.72502123e+00 
 -3.22469252e+00  -3.39755295e-03   5.57184087e+00 
 -2.47355369e+00  -3.72109029e+00   6.05117385e+00 
 -2.33646754e-01  -4.59064236e+00   3.07064546e+00 
  1.25045605e+00  -8.03847805e+00   2.55680313e+00 
  2.71024722e+00  -6.86759526e+00  -7.74264713e-01 
  5.29159928e+00  -4.41311267e+00   5.94602602e-01 
  7.80890697e+00  -4.21628988e+00   3.44999889e+00 
  7.88581543e+00  -6.33308139e-01   4.71761537e+00 
  6.03763736e+00   9.38775340e-01   7.60114827e+00 
  5.32518990e+00   4.42130269e+00   6.19229367e+00 
  2.99515656e+00   7.12022900e+00   7.46289952e+00 
  9.26875485e+00   4.66097402e+00  -3.40106645e+00 
  7.89648857e+00   4.98320652e+00  -6.94529535e+00 
  4.89155444e+00   7.44057124e+00  -5.46973557e+00 
  5.78759273e+00   8.61204232e+00  -1.96561666e+00 
  8.96727713e+00   1.02215196e+01  -6.09442377e-01 
  9.09665791e+00   4.57095659e+00   1.02683708e+01 
  9.27548075e+00   6.31127414e+00   6.92766416e+00 
  1.65778814e+00   1.15494630e+01  -5.66210767e+00 
 -1.46519119e+00   9.37297567e+00  -6.13249609e+00 
 -6.60658188e-01   7.51114541e+00  -2.91582829e+00 
 -3.33296135e+00   8.47730581e+00  -4.81990014e-01 
 -6.85163226e+00   7.52585991e+00  -1.50825319e+00 
 -9.54680443e+00   1.01558717e+01  -7.81240899e-01 
 -1.19596630e+01   8.62522707e+00   1.72108894e+00 
 -9.92784222e+00   5.46243736e+00   2.46400710e+00 
 -9.62969484e+00   6.73452038e+00   6.03767327e+00 
 -6.02051681e+00   5.42258079e+00   6.21956233e+00 
 -2.96307615e+00   7.60434847e+00   6.82164966e+00 
 -1.69480969e-01   5.12174704e+00   6.36399190e+00 
  8.35135538e-01   1.65341569e+00   5.22441015e+00 
  2.08507981e+00  -1.39928142e+00   7.07988746e+00 
  4.30698084e+00  -3.53520476e+00   4.87552095e+00 
  4.14809776e+00  -7.05772383e+00   6.15237502e+00 
  6.39729164e+00  -8.75625063e+00   3.60400643e+00 
  1.01219848e+01  -9.50129964e+00   3.95501566e+00 
 -1.06172322e+01  -9.66459885e+00   5.17939586e+00 
  1.06132975e+01  -1.15181510e+01  -3.17300000e-01 
  6.98039481e+00  -1.11557058e+01  -1.32629113e+00 
 -1.10661071e+00  -9.24930377e+00  -1.68034646e+00 
 -3.72696919e+00  -7.52892966e+00   5.46796249e-01 
 -2.58851765e+00  -4.23481950e+00  -9.53584657e-01 
 -3.94049520e+00  -5.09768373e+00  -4.39509972e+00 
 -7.72106115e+00  -5.11193788e+00  -4.96972082e+00 
 -8.02395021e+00  -7.61855457e+00  -7.81275098e+00 
 -1.24458549e+01  -4.12029884e+00  -1.53063860e+01 
 -7.31999902e+00  -8.08301263e+00  -1.43946925e+01 
 -5.46331388e+00  -9.54207846e+00  -4.03513915e+00 
 -8.11608152e+00  -8.51566745e+00  -1.55213713e+00 
 -1.10916523e+01  -9.86459539e+00  -3.48044308e+00 
 -8.51317302e+00  -1.29762467e+01   2.55483828e-01 

   6.386298631182e+00 

  1.54546064e+00  -6.78736328e-01  -5.66395305e-01 
  3.07822573e-01  -7.52429480e-01  -1.19681430e+00 
 -5.40231228e-01  -1.48786406e+00  -4.56494415e-01 
 -4.61231641e-01  -1.35444406e+00   9.20631245e-01 
  6.46045020e-01  -8.26024093e-01   1.58061541e+00 
  1.73712635e+00  -5.80882363e-01   7.74764242e-01 
 -1.00267648e+00  -2.24054683e+00   1.92828748e+00 
 -2.54078315e-01  -2.45003726e+00   3.12451270e+00 
 -3.14687593e-02  -1.29016605e+00   4.12027121e+00 
  6.38521052e-01  -5.91145878e-01   3.01905125e+00 
  1.89179230e+00  -1.24550151e+00   3.54424668e+00 
  2.10870767e+00  -3.65682038e-01   4.66648656e+00 
  1.15110494e+00   6.78622079e-01   4.67033610e+00 
  4.38798453e-01   6.88987325e-01   3.57862801e+00 
  2.59082266e+00  -4.43527018e-01  -1.47700380e+00 
  3.47530460e+00  -2.11993848e-01   5.13812805e+00 
  1.48667390e+00   1.96574865e+00   5.27037541e+00 
  3.15330895e+00   7.88661024e-01  -1.30195382e+00 
  4.43315869e+00   9.66712625e-01  -1.74134069e+00 
  4.84804388e+00   1.86584114e-02  -2.67446545e+00 
  3.90569492e+00  -9.21197373e-01  -3.18309454e+00 
  3.15134315e+00  -1.49184373e+00  -2.16542404e+00 
  2.53819431e+00  -2.30014591e+00   3.45083442e+00 
  3.39915733e-01  -3.58638751e+00   3.71423428e+00 
  9.87656188e-01  -2.91240840e+00   2.21114200e+00 
  4.86021749e+00   2.32355950e+00  -2.05515425e+00 
  5.43382008e+00   3.33949324e+00  -2.16079029e+00 
  8.27219516e+00   6.04754844e+00  -4.02541897e+00 
  8.80287951e+00   2.40776685e+00  -4.99773159e+00 
  5.30522850e+00   1.82345099e+00  -6.37242585e+00 
  3.33735398e+00   4.43154715e+00  -4.51201783e+00 
  1.57978968e+00   7.68254451e+00  -5.22492769e+00 
 -2.01743672e+00   7.64524190e+00  -6.40975469e+00 
 -6.46429716e+00   5.15276334e+00  -9.65974430e+00 
 -6.10839653e+00   4.91366006e+00  -5.91884365e+00 
 -3.00795915e+00   4.65092039e+00  -3.77478413e+00 
 -2.72963243e+00   7.45562721e+00  -1.19188599e+00 
 -1.87892047e+00   5.62077434e+00   2.05872280e+00 
 -1.47448537e+00   7.40526969e+00   5.37627832e+00 
 -4.74176533e-01   4.08961871e+00   6.98991104e+00 
 -3.84787688e+00   2.32359424e+00   6.74300106e+00 
 -7.53875870e+00   3.13957769e+00   7.23333522e+00 
 -9.53143232e+00   1.23780991e+00   4.61359176e+00 
 -1.07810451e+01   2.37728123e+00   1.24579671e+00 
 -1.03710769e+01  -8.26530957e-01  -8.00654588e-01 
 -1.05213458e+01  -1.34585540e+00  -4.54704208e+00 
 -6.38871887e+00  -7.98563207e+00   5.56564737e+00 
 -3.12738742e+00  -9.94673718e+00   5.82311765e+00 
 -2.90432143e+00  -9.95992674e+00   1.67635810e+00 
 -6.26845745e+00  -8.98090639e+00   2.00490087e-01 
 -9.77567183e+00  -1.03122481e+01   8.83860503e-01 
 -1.57178108e+01   3.81289568e-01   1.01774897e-01 
 -1.40380268e+01  -2.97262677e+00   4.89814678e-01 
 -1.86592137e+00  -1.21287695e+01  -2.97069361e+00 
  1.15881785e+00  -9.86176613e+00  -3.62108629e+00 
 -1.04525822e+00  -6.79064311e+00  -3.20769896e+00 
 -1.26177519e+00  -5.22609261e+00  -6.59938601e+00 
  2.04428687e+00  -4.07856056e+00  -8.04598001e+00 
  2.53101913e+00  -4.76455596e+00  -1.17878998e+01 
  2.83801615e+00  -1.39513600e+00  -1.35139287e+01 
  1.92725072e+00   7.71662060e-01  -1.04875523e+01 
 -1.12198235e+00   1.89936075e+00  -1.24645830e+01 
 -3.23046688e+00   1.88477251e+00  -9.24984886e+00 
 -6.30492852e+00  -2.86822599e-01  -8.69991883e+00 
 -7.08670886e+00   4.23167014e-01  -5.08582575e+00 
 -5.92759482e+00   1.99030611e+00  -1.83963523e+00 
 -7.12785321e+00   4.98384313e+00   1.40827424e-01 
 -6.42688668e+00   4.55707670e+00   3.84011935e+00 
 -6.16086768e+00   7.97443269e+00   5.36151761e+00 
 -5.36943960e+00   7.00913248e+00   8.95037340e+00 
 -7.83934565e+00   6.64340433e+00   1.18343727e+01 
  4.99164746e+00   1.37790180e+01  -2.86561132e+00 
 -4.60384297e+00   5.40467522e+00   1.50838082e+01 
 -1.62485386e+00   5.62785636e+00   1.27550261e+01 
  3.36936017e+00   6.45510939e+00   6.15708245e+00 
  3.03790406e+00   7.32278266e+00   2.42567383e+00 
  2.35074326e+00   3.64261068e+00   1.80719119e+00 
  5.87952751e+00   2.61166853e+00   2.75652988e+00 
  8.76654338e+00   3.41956086e+00   3.82604696e-01 
  1.16793946e+01   3.64497450e+00   2.81615685e+00 
  1.87376727e+01  -2.11953200e+00   6.03290894e-01 
  1.59140258e+01  -1.97084580e-01   6.18360442e+00 
  7.95088824e+00   6.56864798e+00   4.25751996e+00 
  7.66958300e+00   8.11250206e+00   8.23371351e-01 
  1.13615909e+01   8.84461216e+00   3.48940548e-01 
  8.00307104e+00   1.26142914e+01   2.53936107e+00 

   6.386298631182e+00 

  4.22371762e-02  -8.05179570e-01   2.04965213e+00 
  8.86888762e-01  -1.44872387e+00   1.15130854e+00 
  2.13419488e+00  -9.59229535e-01   1.26424902e+00 
  2.26437912e+00   4.00374924e-01   1.49886509e+00 
  1.23381782e+00   1.19902707e+00   1.98974850e+00 
  1.03831724e-01   5.11517555e-01   2.37757723e+00 
  3.43191504e+00   1.10810674e+00   1.97812210e+00 
  3.24459630e+00   2.20699502e+00   2.86840098e+00 
  2.53936999e+00   3.49338535e+00   2.38441025e+00 
  1.37624980e+00   2.64487056e+00   2.10624659e+00 
  9.61767712e-01   2.98173612e+00   3.51671691e+00 
  4.63952458e-01   4.31010370e+00   3.25561069e+00 
  5.15255127e-01   4.59526383e+00   1.86865697e+00 
  8.22858830e-01   3.54080024e+00   1.16665907e+00 
 -1.06816857e+00  -1.59663316e+00   2.39303714e+00 
 -5.59322672e-01   4.82589680e+00   4.15032765e+00 
 -4.33828459e-01   5.53980767e+00   1.28863474e+00 
 -2.23613167e+00  -1.07188975e+00   1.91782429e+00 
 -3.39139253e+00  -1.42417173e+00   2.55347224e+00 
 -3.28387582e+00  -2.58123687e+00   3.32243176e+00 
 -2.08471977e+00  -3.34873524e+00   3.26743158e+00 
 -9.56885598e-01  -2.54525836e+00   3.38035671e+00 
  1.13136027e+00   2.60320479e+00   4.68581426e+00 
  3.64109454e+00   2.45972182e+00   4.19911909e+00 
  2.43055313e+00   1.21839056e+00   3.84304585e+00 
 -4.63480752e+00  -1.33497093e+00   1.79991136e+00 
 -5.72943761e+00  -1.14043731e+00   1.43080175e+00 
 -9.93886776e+00  -2.12091933e+00   9.99375051e-01 
 -8.21461647e+00  -4.07547446e+00   3.77096295e+00 
 -5.50760896e+00  -5.61033613e+00   1.58439441e+00 
 -5.32739792e+00  -3.11700640e+00  -1.22392263e+00 
 -6.22455098e+00  -2.90657406e+00  -4.87318161e+00 
 -3.75319168e+00  -4.10603202e+00  -7.48065705e+00 
  5.01725164e-01  -7.99313465e+00  -9.30701010e+00 
  1.13230680e+00  -4.46796115e+00  -8.14352743e+00 
 -5.86969103e-01  -2.44073674e+00  -5.45778975e+00 
 -2.06355294e+00   8.33968684e-01  -6.76592332e+00 
 -8.85306650e-01   3.44467433e+00  -4.22568611e+00 
 -1.66136869e+00   7.13711944e+00  -4.56882280e+00 
  2.09052922e-02   7.76113218e+00  -1.19561481e+00 
  3.61088946e+00   6.97530313e+00  -2.22330511e+00 
  5.94294482e+00   7.62242761e+00  -5.16806536e+00 
  8.11707722e+00   4.54278635e+00  -5.65743498e+00 
  7.65507489e+00   1.61710811e+00  -7.98744170e+00 
  8.97861189e+00  -1.24598551e+00  -5.82610089e+00 
  8.67561958e+00  -4.98800364e+00  -6.30900232e+00 
  1.18247478e+01   2.89211084e+00   3.25230062e+00 
  1.06897128e+01   2.63186334e+00   6.88444513e+00 
  9.70689076e+00  -1.34545362e+00   6.20580105e+00 
  1.13004965e+01  -2.53305732e+00   2.96479862e+00 
  1.48988198e+01  -2.30568705e+00   1.72367392e+00 
  1.23787439e+01  -1.17007635e-01  -1.00717202e+01 
  1.33347153e+01  -6.69256599e-01  -6.46587163e+00 
  9.38653778e+00  -6.40056010e+00   7.51748536e+00 
  5.55994894e+00  -6.33862438e+00   7.77193413e+00 
  5.33422465e+00  -5.10547028e+00   4.18180649e+00 
  3.82665423e+00  -7.91867569e+00   2.22953970e+00 
  3.43402140e-01  -8.93294698e+00   3.31476731e+00 
 -3.27927550e-01  -1.27085199e+01   3.37663297e+00 
 -3.04190672e+00  -1.34059853e+01   8.12598472e-01 
 -3.13782251e+00  -9.90385915e+00  -7.39617556e-01 
 -1.97330203e+00  -1.15254166e+01  -3.97884902e+00 
  2.48201713e-01  -8.47737729e+00  -4.72370653e+00 
  4.03125484e+00  -8.60939168e+00  -5.10006275e+00 
  4.88199635e+00  -4.95393517e+00  -5.40141161e+00 
  3.66694918e+00  -1.38038979e+00  -5.10031860e+00 
  3.05345078e+00   1.34836220e+00  -7.65015167e+00 
  3.53763951e+00   4.78558214e+00  -6.13050540e+00 
  1.46968833e+00   7.21544600e+00  -8.10105870e+00 
  2.20673321e+00   1.03957046e+01  -6.15663874e+00 
  4.85524170e+00   1.30219213e+01  -6.95665938e+00 
 -1.21753383e+01   1.13092941e+00  -6.50438715e+00 
  3.87543581e+00   1.58350573e+01  -3.25692901e+00 
  1.04822247e+00   1.37084230e+01  -1.90352483e+00 
 -4.51534550e+00   7.68795163e+00  -5.03518439e-01 
 -5.56180325e+00   4.35008748e+00  -2.10030253e+00 
 -2.83306040e+00   2.70562024e+00  -3.92187086e-02 
 -4.62121087e+00   3.37598668e+00   3.24247760e+00 
 -7.76044941e+00   1.37015261e+00   4.10554339e+00 
 -9.59249429e+00   3.81038255e+00   6.37415064e+00 
 -1.16336807e+01   1.60424559e-01   1.47680154e+01 
 -9.63939594e+00   6.01472091e+00   1.26328978e+01 
 -8.38289306e+00   5.96537104e+00   2.08229287e+00 
 -9.83742609e+00   3.10464023e+00   9.31856216e-02 
 -1.31511532e+01   2.91080414e+00   1.92993053e+00 
 -1.26062846e+01   6.02894069e+00  -2.57211590e+00 

   6.386298631182e+00 

  1.68319964e+00   4.86051861e-01  -9.43698094e-01 
  9.54593982e-01   1.63639766e+00  -6.60069622e-01 
  1.54276319e+00   2.70313754e+00  -1.22950428e+00 
  2.11059467e+00   2.52305906e+00  -2.48076607e+00 
  2.44180363e+00   1.27487233e+00  -3.00345036e+00 
  2.30725094e+00   2.24222737e-01  -2.12141859e+00 
  3.06452182e+00   3.37970864e+00  -3.15150164e+00 
  4.08570425e+00   2.77395768e+00  -3.94238246e+00 
  3.72210678e+00   2.00160071e+00  -5.22988114e+00 
  2.92358446e+00   1.12182635e+00  -4.37048592e+00 
  4.18455369e+00   3.00824029e-01  -4.26747072e+00 
  4.09887633e+00  -3.40322015e-01  -5.55671393e+00 
  2.89417047e+00   1.90406670e-02  -6.21026664e+00 
  2.09346490e+00   6.81919433e-01  -5.42364293e+00 
  1.48946179e+00  -5.15899332e-01   2.37069069e-02 
  4.74166475e+00  -1.63642320e+00  -5.70023294e+00 
  2.29062656e+00  -8.98702430e-01  -7.17090751e+00 
  8.21665008e-01  -1.59378147e+00  -4.83775369e-01 
  9.86093254e-01  -2.79278810e+00   1.47196105e-01 
  1.46549887e+00  -2.68489184e+00   1.45110829e+00 
  1.59556812e+00  -1.39591578e+00   2.04413165e+00 
  2.22012997e+00  -4.98517843e-01   1.18684726e+00 
  5.23171763e+00   2.24488687e-01  -3.60682193e+00 
  5.49489183e+00   2.75822001e+00  -3.86599482e+00 
  4.52000939e+00   1.92380655e+00  -2.64679001e+00 
 -6.19555219e-02  -3.79203847e+00  -1.08674397e-02 
 -6.85283645e-01  -4.76911625e+00  -1.81399940e-01 
 -2.56292160e+00  -8.47579951e+00   1.08420313e+00 
  7.08664045e-02  -7.21373226e+00   3.52251706e+00 
 -1.50150547e+00  -3.80161278e+00   4.11400610e+00 
 -3.47890919e+00  -3.34319231e+00   9.49272470e-01 
 -7.07964627e+00  -3.28070392e+00  -1.44822664e-01 
 -9.03535501e+00  -4.22630658e-02   3.66945173e-02 
 -1.03523009e+01   5.16409084e+00   2.81319992e+00 
 -8.27829963e+00   4.83051100e+00  -3.11766738e-01 
 -5.83643895e+00   2.13765345e+00  -1.34354674e+00 
 -6.73765565e+00   4.93693846e-01  -4.67527515e+00 
 -3.43434956e+00   4.83937733e-01  -6.61045656e+00 
 -3.13697960e+00  -8.21389540e-01  -1.01547277e+01 
  6.32919483e-01  -2.15780674e-01  -1.00166388e+01 
  5.69064379e-01   3.59847308e+00  -9.92149796e+00 
 -1.31741106e+00   6.46337977e+00  -1.15835405e+01 
 -1.82964820e+00   9.20295449e+00  -8.99841607e+00 
 -4.79711134e+00   9.89366029e+00  -6.78052098e+00 
 -3.05640423e+00   1.10966042e+01  -3.59566397e+00 
 -4.45187312e+00   1.16022678e+01  -1.13614469e-01 
  7.15267737e+00   1.06927155e+01  -5.39933578e+00 
  1.01211896e+01   8.71539588e+00  -4.04779986e+00 
  8.28801005e+00   8.66900725e+00  -3.21830442e-01 
  5.48661377e+00   1.12376469e+01  -2.30464686e-01 
  5.45969029e+00   1.49347765e+01  -1.16348470e+00 
 -5.72003685e+00   1.52280903e+01  -6.18345385e+00 
 -2.22037239e+00   1.52936776e+01  -4.78022511e+00 
  8.24949586e+00   8.92455467e+00   4.90411018e+00 
  7.36039402e+00   5.21644950e+00   5.31740948e+00 
  4.24875804e+00   5.71821737e+00   3.18983162e+00 
  1.34589531e+00   5.29834911e+00   5.51261819e+00 
  1.08222316e+00   1.89135751e+00   7.14430308e+00 
  7.42717319e-02   1.91151602e+00   1.08447205e+01 
 -3.26969249e+00   1.29179244e-01   1.11047064e+01 
 -3.93398010e+00  -1.81707168e-01   7.34365158e+00 
 -6.96093752e+00   2.05672926e+00   7.89601748e+00 
 -6.29124804e+00   3.81516998e+00   4.54343080e+00 
 -5.54414577e+00   7.52624145e+00   4.16879838e+00 
 -4.73225810e+00   7.76015669e+00   4.99594569e-01 
 -3.99578835e+00   5.89158432e+00  -2.71027658e+00 
 -5.91595429e+00   5.48756069e+00  -5.94660847e+00 
 -3.57562209e+00   4.93792383e+00  -8.87559958e+00 
 -5.46042331e+00   3.05618737e+00  -1.15157384e+01 
 -2.71006758e+00   2.68156066e+00  -1.41105885e+01 
 -2.06107902e+00   4.93474895e+00  -1.71195088e+01 
 -9.43730566e+00  -9.22167198e+00  -3.82184272e+00 
  1.72076162e+00   2.53905497e+00  -1.87069880e+01 
  1.64593231e+00  -1.17025994e-01  -1.60075350e+01 
 -9.28227912e-02  -4.68721268e+00  -9.28075967e+00 
 -2.64924436e+00  -4.66867602e+00  -6.40839210e+00 
 -3.03809690e-01  -2.32361807e+00  -4.56502129e+00 
  2.35882486e+00  -4.99521986e+00  -4.12990626e+00 
  1.76438616e+00  -7.84108090e+00  -1.64579896e+00 
  3.88077668e+00  -1.06058494e+01  -3.17375052e+00 
  1.02154164e+01  -1.40797238e+01   2.80539133e+00 
  1.01723143e+01  -1.26748827e+01  -3.58469855e+00 
  7.57395360e-01  -8.72368078e+00  -6.52473309e+00 
 -2.17471439e+00  -9.07514845e+00  -4.17203302e+00 
 -1.50340123e+00  -1.26634874e+01  -3.13997005e+00 
 -4.79867705e+00  -1.15289862e+01  -7.39932958e+00 

   6.386298631182e+00 

  2.55167518e+00  -3.15987039e+00   2.49521686e-01 
  1.72062705e+00  -2.71464806e+00   1.27213738e+00 
  2.22183044e+00  -1.59011500e+00   1.81283449e+00 
  2.82282426e+00  -6.84706170e-01   9.52858794e-01 
  3.27038704e+00  -1.01633826e+00  -3.24081327e-01 
  3.21468166e+00  -2.36017612e+00  -6.25653477e-01 
  3.70834594e+00   4.07308487e-01   1.29500946e+00 
  4.79100004e+00   7.07483036e-01   4.15807791e-01 
  4.51678351e+00   1.24294894e+00  -1.00703191e+00 
  3.78511754e+00  -6.26513736e-03  -1.24012000e+00 
  5.11146215e+00  -5.35634985e-01  -1.72517452e+00 
  5.10257993e+00   9.24728403e-02  -3.02361921e+00 
  3.88139863e+00   7.79572191e-01  -3.23385625e+00 
  3.01340092e+00   5.26592945e-01  -2.29476307e+00 
  2.43140977e+00  -4.54416888e+00   3.37280116e-02 
  5.85873791e+00  -5.56002458e-01  -4.08256105e+00 
  3.37581408e+00   9.57674549e-01  -4.59106380e+00 
  1.86876484e+00  -4.82528133e+00  -1.17859503e+00 
  2.12780104e+00  -6.04813285e+00  -1.72660322e+00 
  2.57538432e+00  -6.99614901e+00  -8.08674624e-01 
  2.58258449e+00  -6.67648517e+00   5.79783946e-01 
  3.13940305e+00  -5.42537002e+00   8.14307053e-01 
  6.15079381e+00  -1.06262021e+00  -1.29983643e+00 
  6.19476533e+00   6.95283601e-01   5.61363820e-01 
  5.27781841e+00  -8.18732451e-01   5.69469276e-01 
  1.17403912e+00  -6.57394772e+00  -2.69394418e+00 
  6.41559664e-01  -7.05893432e+00  -3.61782398e+00 
 -9.23367386e-01  -1.03945018e+01  -5.91820860e+00 
  1.55100970e+00  -1.14507337e+01  -3.22806736e+00 
 -3.23647179e-01  -9.90796011e+00  -3.00562771e-01 
 -2.28375174e+00  -7.20219522e+00  -2.02469740e+00 
 -5.85848760e+00  -6.44506934e+00  -2.92707230e+00 
 -8.09329362e+00  -4.69881879e+00  -4.16794353e-01 
 -9.90517730e+00  -3.78547521e+00   5.27814469e+00 
 -7.76115068e+00  -1.42662701e+00   3.27385969e+00 
 -5.07663973e+00  -2.14708275e+00   7.13961286e-01 
 -5.77782830e+00  -5.43969778e-01  -2.68509333e+00 
 -2.45644936e+00   1.11951344e+00  -3.61144042e+00 
 -1.99018402e+00   3.14637545e+00  -6.77823580e+00 
  1.70944104e+00   3.56036555e+00  -5.91837749e+00 
  1.30981781e+00   5.80318463e+00  -2.85705019e+00 
 -7.94352011e-01   8.78604637e+00  -1.75983991e+00 
 -1.58537609e+00   8.38318279e+00   1.93644288e+00 
 -4.63640507e+00   6.92378198e+00   3.59877317e+00 
 -3.05808165e+00   5.20322506e+00   6.62681354e+00 
 -4.54696813e+00   2.69397678e+00   9.03815921e+00 
  7.17411300e+00   6.80648205e+00   6.01569589e+00 
  1.02830408e+01   4.65423752e+00   5.51477836e+00 
  8.40277628e+00   1.59778499e+00   7.60481434e+00 
  5.38580515e+00   2.97317456e+00   9.46499367e+00 
  5.04936639e+00   5.96107826e+00   1.18100436e+01 
 -6.03288249e+00   9.65848645e+00   8.09718021e+00 
 -2.57489916e+00   8.73014341e+00   9.28104435e+00 
  8.26003033e+00  -2.38994229e+00   1.09893229e+01 
  7.69320158e+00  -5.01028455e+00   8.24635479e+00 
  4.58330540e+00  -3.14672040e+00   7.09904864e+00 
  1.69237769e+00  -5.36234095e+00   7.95450256e+00 
  1.70297093e+00  -8.73935080e+00   6.24125926e+00 
  6.39216808e-01  -1.17011461e+01   8.43344021e+00 
 -2.53920629e+00  -1.31291104e+01   6.92183230e+00 
 -3.11459120e+00  -1.03648827e+01   4.33118772e+00 
 -6.33449696e+00  -9.56503023e+00   6.19414769e+00 
 -5.76910778e+00  -5.81058065e+00   5.59009590e+00 
 -5.34458053e+00  -3.22491346e+00   8.34775152e+00 
 -4.49888360e+00  -1.41317979e-01   6.35949345e+00 
 -3.55111055e+00   1.29585764e+00   2.98703505e+00 
 -5.37744111e+00   3.53594962e+00   5.43549630e-01 
 -2.95226745e+00   5.61896656e+00  -1.49061298e+00 
 -4.62312255e+00   6.48888194e+00  -4.73333270e+00 
 -1.81014653e+00   8.43042597e+00  -6.39333917e+00 
 -1.31415848e+00   1.22127011e+01  -6.39929438e+00 
 -7.62804062e+00  -7.24274815e+00  -1.00408987e+01 
  2.68765701e+00   1.21685297e+01  -8.95766891e+00 
  2.80373472e+00   8.40996234e+00  -9.41276121e+00 
  1.36721001e+00   2.26629249e-01  -9.05382072e+00 
 -1.22572523e+00  -2.14354996e+00  -7.49014950e+00 
  8.75793490e-01  -2.08116823e+00  -4.33133578e+00 
  3.75532689e+00  -3.94215351e+00  -5.96272325e+00 
  3.37388423e+00  -7.66688585e+00  -6.73986031e+00 
  5.74830915e+00  -8.05124970e+00  -9.68469651e+00 
  1.22686460e+01  -1.46432031e+01  -8.27865290e+00 
  1.22027361e+01  -8.72593433e+00  -1.10697586e+01 
  2.52483593e+00  -4.37867470e+00  -1.04900331e+01 
 -4.01690773e-01  -6.57758471e+00  -9.56470558e+00 
  5.65479863e-01  -9.55130291e+00  -1.17126285e+01 
 -2.74938149e+00  -5.62082025e+00  -1.36750453e+01 

   6.386298631182e+00 

