 -3.86315036e+00   3.59288887e-01   8.60536756e-02 
 -4.34078554e+00  -8.02989777e-01  -9.14424902e-01 
 -3.92892625e+00  -5.45393366e-01  -2.24357925e+00 
 -2.84488541e+00   2.94648097e-01  -2.22227340e+00 
 -1.74573214e+00  -3.99780884e-01  -2.30012846e+00 
 -1.40365182e+00  -1.67241428e+00  -2.92039513e+00 
 -2.57071820e+00  -2.25288757e+00  -3.25855016e+00 
 -3.76724231e+00  -1.81706729e+00  -2.80070244e+00 
 -4.04001865e+00  -1.41486253e+00  -3.98573755e+00 
 -1.99567426e+00  -3.68246618e+00  -3.21344716e+00 
 -9.86779463e-01  -2.98860896e-01  -1.23734030e+00 
 -4.44076568e-01   7.79655366e-01  -6.84171973e-01 
 -9.86211263e-02   2.04899765e+00  -1.13429209e+00 
  1.26950498e+00   2.39685617e+00  -1.31347215e+00 
  2.28933621e+00   1.59004360e+00  -1.03216912e+00 
  1.87473696e+00   3.67623298e-01  -4.20644987e-01 
  5.98693648e-01  -2.61328867e-01  -6.11468075e-01 
  1.21555096e-01  -1.65662076e+00  -5.40021476e-01 
 -1.08026099e+00  -1.29978786e+00  -3.22810549e-01 
  9.96165763e-02  -2.96658255e+00  -8.43798376e-01 
 -2.97796896e-01  -7.59500321e-02  -2.63871220e+00 
 -3.00498167e-01   1.05945199e+00  -3.32110966e+00 
  6.54635316e-01   1.09747928e+00  -4.36530133e+00 
  1.92952260e+00   8.61694026e-01  -3.74569522e+00 
  1.83691562e+00  -3.00910807e-01  -3.07512205e+00 
  7.01477577e-01  -9.92310786e-01  -2.64330377e+00 
  2.76497058e+00  -1.28105901e+00  -3.16015154e+00 
  2.94347147e+00  -2.13801760e+00  -2.14295292e+00 
  4.04419537e+00  -2.94811798e+00  -2.59497894e+00 
  4.26456490e+00  -3.11480087e+00  -3.96911569e+00 
  4.08179241e+00  -1.93512101e+00  -4.64273678e+00 
  2.75291368e+00  -1.70113975e+00  -4.44816951e+00 
  4.87701957e+00  -3.32876223e+00  -1.52120366e+00 
  5.30749217e+00  -3.37002991e+00  -3.81962220e-01 
  5.28578272e+00  -4.76929314e+00   2.66085505e-01 
  2.82066227e+00  -4.69529467e-01  -4.68248252e-01 
  1.04199774e+01  -2.78375386e+00  -9.50978112e-01 
  8.25424439e+00  -3.90473372e+00   1.99571347e+00 
  8.56318406e+00  -4.42796862e+00   5.72448897e+00 
  8.05512770e+00  -1.40435385e+00   7.85313250e+00 
  8.64818394e+00   4.42732325e+00   9.16686269e+00 
  5.43870973e+00   2.70833538e+00   8.15633034e+00 
  4.81240938e+00  -1.04456772e-01   5.63479598e+00 
  3.07569598e+00  -3.11945603e+00   7.37164310e+00 
  1.50174690e-01  -3.96107877e+00   5.01136962e+00 
 -2.25742429e+00  -6.64761780e+00   5.37141228e+00 
 -3.77477042e+00  -6.02338951e+00   2.08685393e+00 
 -5.29933199e+00  -2.60221269e+00   2.90388621e+00 
 -7.17753238e+00  -8.66531939e-01   5.63117746e+00 
 -5.98562377e+00   2.74612384e+00   5.86808531e+00 
 -3.34613390e+00   4.23530218e+00   8.09116550e+00 
 -1.89913666e+00   6.85923143e+00   5.73798172e+00 
  1.28433237e+00   8.91491237e+00   6.13737436e+00 
 -7.38075271e+00   6.38378460e+00  -3.03514514e+00 
 -6.70940276e+00   5.61120232e+00  -6.71297853e+00 
 -2.75802220e+00   7.08764937e+00  -6.30964130e+00 
 -2.61280892e+00   8.99753484e+00  -3.09272352e+00 
 -4.81757649e+00   1.18651286e+01  -1.88655838e+00 
 -4.74583434e+00   9.14459978e+00   1.00421759e+01 
 -4.94965868e+00   1.00752815e+01   6.41116299e+00 
  1.51562055e+00   9.70322235e+00  -7.75788748e+00 
  3.90433384e+00   6.82664773e+00  -7.91903048e+00 
  3.03308605e+00   5.80883285e+00  -4.34938134e+00 
  6.30365305e+00   6.35925041e+00  -2.49716102e+00 
  9.18852213e+00   4.06482957e+00  -3.41885238e+00 
  1.26543801e+01   5.79099762e+00  -3.64075541e+00 
  1.22051657e+01   2.03317431e+00   6.90939023e-01 
  1.28775606e+01   4.17959971e+00   3.78295427e+00 
  9.13842272e+00   4.17926453e+00   4.61028151e+00 
  6.90591847e+00   7.27850978e+00   4.76334758e+00 
  3.47356085e+00   5.76527844e+00   5.18493404e+00 
  1.37958118e+00   2.62598274e+00   5.16774867e+00 
 -3.67150055e-01   7.08190387e-01   7.83942935e+00 
 -3.44600374e+00  -1.04318890e+00   6.61050356e+00 
 -4.15602249e+00  -3.98955049e+00   8.81760244e+00 
 -7.15496320e+00  -5.40757835e+00   6.93722373e+00 
 -1.08362727e+01  -4.80572175e+00   7.79376017e+00 
 -1.25723482e+01  -7.53462968e+00   4.35163526e+00 
 -9.18532425e+00  -8.61688053e+00   3.00460522e+00 
 -1.09371479e+00  -9.59729450e+00   1.61877227e+00 
  2.22539868e+00  -8.32967195e+00   3.07978326e+00 
  1.89892608e+00  -5.34998734e+00   7.68064692e-01 
  2.19212524e+00  -7.63766241e+00  -2.29164702e+00 
  5.77794674e+00  -9.15329980e+00  -3.01984884e+00 
  4.64445183e+00  -1.21904654e+01  -5.13400402e+00 
  2.20546881e+00  -1.38902273e+01  -1.12380196e+01 
  2.44491276e+00  -1.19469073e+01  -7.74322845e-01 
  5.66111985e+00  -1.12765613e+01   1.11898920e+00 
  4.93544856e+00  -1.49178520e+01   4.04779893e+00 

   4.212878227464e+01 

 -4.84516431e+00  -3.14299604e+00  -2.49013250e+00 
 -5.46000275e+00  -3.94714094e+00  -1.24301217e+00 
 -4.69294090e+00  -5.09643304e+00  -9.37432304e-01 
 -3.41798846e+00  -4.92403352e+00  -1.41287191e+00 
 -2.64648498e+00  -4.48408855e+00  -4.60159082e-01 
 -2.64235370e+00  -4.65131973e+00   9.86686491e-01 
 -3.82928681e+00  -5.20131349e+00   1.30612140e+00 
 -4.86664421e+00  -5.26352065e+00   4.39372476e-01 
 -4.70317340e+00  -6.53256269e+00   3.81984465e-01 
 -3.82024648e+00  -4.64638021e+00   2.74430503e+00 
 -2.16371102e+00  -3.28800244e+00  -6.88238035e-01 
 -1.41745690e+00  -2.85483877e+00  -1.69778891e+00 
 -5.54862307e-01  -3.45079661e+00  -2.61099330e+00 
  8.50547216e-01  -3.25834254e+00  -2.49845173e+00 
  1.42876022e+00  -2.48775736e+00  -1.58084514e+00 
  4.83155256e-01  -1.77638563e+00  -7.80878145e-01 
 -8.53311281e-01  -2.21463228e+00  -4.94385766e-01 
 -1.79360143e+00  -1.97974195e+00   6.19295627e-01 
 -2.80878455e+00  -2.24658157e+00  -9.97815971e-02 
 -2.20515878e+00  -1.96386254e+00   1.89958075e+00 
 -1.14078316e+00  -4.40708003e+00  -2.52906720e-01 
 -5.88571577e-01  -5.29691789e+00  -1.06411711e+00 
  5.29708610e-01  -5.96001852e+00  -5.03930283e-01 
  1.46338120e+00  -4.92866429e+00  -1.44197106e-01 
  8.17751011e-01  -4.07388734e+00   6.69690141e-01 
 -5.54706507e-01  -3.88055348e+00   8.50529522e-01 
  1.33502826e+00  -3.62934374e+00   1.83759928e+00 
  9.64193286e-01  -2.43982127e+00   2.33604821e+00 
  1.78158795e+00  -2.31657918e+00   3.51454752e+00 
  2.23577457e+00  -3.47058637e+00   4.16767815e+00 
  2.63805624e+00  -4.42013152e+00   3.26471126e+00 
  1.46943960e+00  -4.72006978e+00   2.62997152e+00 
  2.15955148e+00  -9.75732923e-01   3.73983498e+00 
  2.27664910e+00   2.18401258e-01   3.52720279e+00 
  1.61727830e+00   1.12971316e+00   4.58224568e+00 
  1.05843928e+00  -1.32470784e+00   2.50092748e-01 
  7.25456349e+00   1.19454670e+00   4.56282438e+00 
  4.22316404e+00   3.46886389e+00   4.04505488e+00 
  3.47106985e+00   7.11517883e+00   3.40339545e+00 
  3.58885672e+00   8.21183941e+00  -1.62407780e-01 
  5.87963457e+00   8.26401269e+00  -5.71539574e+00 
  2.59072058e+00   6.70572759e+00  -4.69971271e+00 
  1.60648985e+00   4.83675282e+00  -1.50590456e+00 
 -1.42623139e+00   6.57307492e+00   2.00207785e-01 
 -3.84154049e+00   3.66277214e+00   9.31175810e-01 
 -7.05457668e+00   3.84355147e+00   2.60071851e+00 
 -7.46529993e+00   1.95914706e-01   2.68056964e+00 
 -7.83218540e+00  -3.29469990e-01  -1.09906613e+00 
 -9.54776425e+00   1.17638025e+00  -4.06007038e+00 
 -7.24868699e+00   9.42046286e-01  -7.09114025e+00 
 -4.83410406e+00   3.48550236e+00  -8.44290388e+00 
 -2.06174252e+00   1.18030912e+00  -9.67431576e+00 
  1.46106693e+00   2.09097728e+00  -1.08058240e+01 
 -5.20982193e+00  -8.52521006e+00  -7.90388850e+00 
 -4.03499837e+00  -1.15125272e+01  -5.83754428e+00 
 -1.95537828e-02  -1.02191875e+01  -6.23687170e+00 
  5.20023421e-02  -7.65670430e+00  -8.96558367e+00 
 -1.21579392e+00  -7.91424292e+00  -1.25524061e+01 
 -4.82224320e+00   3.69904528e+00  -1.39037705e+01 
 -3.85363498e+00   8.22232083e-02  -1.36347658e+01 
  5.11055944e+00  -1.07871950e+01  -6.98651639e+00 
  6.30440218e+00  -9.50836537e+00  -3.67805240e+00 
  4.34293081e+00  -6.27151067e+00  -4.13937287e+00 
  7.08473645e+00  -3.65067873e+00  -4.34920592e+00 
  9.10694397e+00  -3.04646449e+00  -1.18978295e+00 
  1.29116534e+01  -2.54053726e+00  -1.74592367e+00 
  1.01961963e+01   2.16342215e+00   1.47661521e-01 
  1.08580657e+01   4.72509102e+00  -2.61270015e+00 
  7.27448379e+00   4.29023995e+00  -3.89116300e+00 
  6.30264161e+00   3.00257436e+00  -7.35674602e+00 
  2.55780701e+00   2.64177045e+00  -7.04898409e+00 
 -4.43865047e-01   2.68052035e+00  -4.76235183e+00 
 -3.31249254e+00   5.01977608e+00  -4.35524735e+00 
 -6.44449417e+00   3.31000274e+00  -3.20452193e+00 
 -8.62783751e+00   5.79087772e+00  -1.43400507e+00 
 -1.14217698e+01   3.43106699e+00  -3.54417973e-01 
 -1.47476739e+01   2.90268127e+00  -2.17296015e+00 
 -1.65005871e+01  -1.86455922e-01   9.40502162e-01 
 -1.34992493e+01  -9.21489157e-02   3.27304713e+00 
 -6.18143567e+00   1.44691075e+00   6.79962999e+00 
 -3.05424910e+00   3.55833687e+00   6.07816059e+00 
 -1.77652364e+00   6.42296398e-01   4.03041230e+00 
 -1.61865598e+00  -1.54844423e+00   7.16999699e+00 
  1.26992317e+00  -7.21920918e-01   9.75040784e+00 
 -3.46477244e-01  -2.32688999e+00   1.28793312e+01 
 -1.76986907e+00  -8.32443148e+00   1.57254315e+01 
 -3.25016726e+00   9.20555529e-01   1.06596929e+01 
 -5.24888646e-01   3.53412003e+00   1.03131103e+01 
 -3.13112295e+00   6.83352375e+00   1.24775967e+01 

   4.212878227464e+01 

  1.07510159e+00  -4.65454370e+00   1.30245820e+00 
 -2.41807731e-01  -5.10456348e+00   2.10446598e+00 
 -1.33916679e+00  -5.29981953e+00   1.23250645e+00 
 -1.13425360e+00  -4.57693179e+00   8.50257172e-02 
 -1.74826792e+00  -3.43131190e+00   1.68526733e-01 
 -2.95339866e+00  -2.98542346e+00   8.54229909e-01 
 -3.28981501e+00  -3.97270142e+00   1.70596242e+00 
 -2.45420140e+00  -4.99076921e+00   2.01664179e+00 
 -3.22432910e+00  -5.78112183e+00   1.36646499e+00 
 -4.04544166e+00  -3.03244635e+00   2.66583408e+00 
 -9.38977498e-01  -2.40152508e+00   1.51182900e-01 
 -5.80855461e-02  -2.03278269e+00  -7.71734957e-01 
  9.28455126e-02  -2.25990672e+00  -2.13511748e+00 
 -1.64454374e-01  -1.21592082e+00  -3.06719597e+00 
 -5.08619786e-01   2.31624312e-02  -2.72608525e+00 
 -4.85272886e-01   2.34366942e-01  -1.31363586e+00 
 -6.97070318e-01  -7.81503193e-01  -3.21955202e-01 
 -1.20654813e+00  -7.72431671e-01   1.06366933e+00 
 -6.13720821e-01  -1.86002214e+00   1.35448706e+00 
 -2.08656315e+00  -5.22299442e-01   2.04945279e+00 
 -2.16932613e+00  -2.36788886e+00  -8.35397197e-01 
 -2.21266432e+00  -2.94885404e+00  -2.02510833e+00 
 -3.27744154e+00  -2.49579494e+00  -2.84061384e+00 
 -3.10993058e+00  -1.07346809e+00  -2.95796122e+00 
 -3.07091101e+00  -5.73234272e-01  -1.70970723e+00 
 -2.80661090e+00  -1.21946762e+00  -4.98819780e-01 
 -3.79348183e+00   5.01361008e-01  -1.31939590e+00 
 -3.36523643e+00   1.27912795e+00  -3.13106632e-01 
 -4.35528918e+00   2.32323942e+00  -2.70561647e-01 
 -5.65559220e+00   2.06535895e+00  -7.25871915e-01 
 -5.63484968e+00   1.31543484e+00  -1.87304204e+00 
 -5.09492213e+00   1.42845839e-01  -1.43482336e+00 
 -3.78053808e+00   3.56220797e+00   8.45406780e-02 
 -2.90877069e+00   4.37056860e+00   3.51852200e-01 
 -3.01575502e+00   4.99402077e+00   1.75835015e+00 
 -1.11117390e+00   1.29690462e+00  -1.03591818e+00 
 -4.12404740e+00   8.51566688e+00  -2.50231431e+00 
 -1.70646692e+00   8.00001575e+00   4.16485961e-01 
  1.17860843e+00   9.78535988e+00   2.07837398e+00 
  4.54307559e+00   9.23443777e+00   5.59052947e-01 
  8.33005071e+00   8.54507228e+00  -4.05285068e+00 
  7.27739836e+00   5.83624098e+00  -1.63810936e+00 
  3.90012116e+00   5.17910468e+00   4.24732541e-02 
  4.29422755e+00   5.15161881e+00   3.91118836e+00 
  2.44700930e+00   1.94691738e+00   4.98616187e+00 
  1.94994441e+00   7.28344016e-01   8.36427688e+00 
 -2.68359390e-01  -1.99333499e+00   7.29100369e+00 
  2.36179319e+00  -4.03738870e+00   5.39352578e+00 
  5.89557218e+00  -5.20812600e+00   5.74011215e+00 
  7.58478660e+00  -5.11619431e+00   2.32453658e+00 
  9.67925994e+00  -2.40259737e+00   7.83038135e-01 
  8.62778433e+00  -2.74268432e+00  -2.86319548e+00 
  9.32226583e+00  -3.77537802e-01  -5.76898127e+00 
  1.96329924e+00  -1.06541730e+01  -3.34786551e+00 
 -1.68849761e+00  -1.11774597e+01  -4.33000768e+00 
 -1.41781805e+00  -7.96334349e+00  -7.07812966e+00 
  2.21996823e+00  -7.21600464e+00  -7.55279276e+00 
  5.05383193e+00  -9.55914521e+00  -8.56167201e+00 
  1.39654234e+01  -4.35463364e+00  -1.98917458e+00 
  1.13375133e+01  -6.12962700e+00  -3.99801869e+00 
 -2.25458181e+00  -5.47026086e+00  -1.15822419e+01 
 -4.23347701e+00  -2.58059737e+00  -1.02629926e+01 
 -1.48790709e+00  -1.75377544e+00  -7.74990169e+00 
 -2.82722318e-01   1.65541184e+00  -8.91405800e+00 
 -2.73373229e+00   4.53756446e+00  -8.56463280e+00 
 -2.78422919e+00   7.02158225e+00  -1.15425808e+01 
 -7.74055237e-01   9.29529023e+00  -6.65626739e+00 
  2.76554788e+00   1.03947736e+01  -7.59550179e+00 
  4.21079780e+00   7.38873311e+00  -5.71385472e+00 
  6.25807863e+00   4.56966511e+00  -7.28685262e+00 
  6.57452278e+00   2.12629492e+00  -4.42704698e+00 
  5.47675932e+00   1.17903163e+00  -9.43107926e-01 
  7.19657548e+00   1.16510083e+00   2.35975650e+00 
  5.91562433e+00  -1.49843062e+00   4.66663587e+00 
  6.54316403e+00  -4.66026678e-01   8.21583222e+00 
  4.84704382e+00  -3.39327440e+00   9.97499948e+00 
  6.59280080e+00  -6.51234735e+00   1.13430792e+01 
  2.68521704e+00  -8.51142333e+00   1.30876723e+01 
  3.48273869e-01  -5.69212769e+00   1.20639747e+01 
 -2.90003984e+00   1.24546607e+00   8.95364685e+00 
 -1.69798642e+00   4.34666305e+00   7.03125795e+00 
 -2.19514912e+00   2.34946658e+00   3.85428093e+00 
 -5.96454592e+00   2.15701310e+00   4.51448407e+00 
 -8.01682596e+00   5.50373761e+00   3.99186364e+00 
 -1.10520072e+01   4.61164273e+00   6.22136556e+00 
 -1.66118552e+01   7.20957062e-01   6.43928970e+00 
 -6.76695139e+00   4.18529522e+00   8.53667045e+00 
 -5.45871757e+00   7.52655922e+00   7.31092108e+00 
 -4.54070775e+00   9.01014018e+00   1.17063470e+01 

   4.212878227464e+01 

  3.34378354e+00   2.92266888e+00  -2.56872047e+00 
  4.41926818e+00   3.38394380e+00  -1.46847382e+00 
  5.12293339e+00   2.27811144e+00  -9.34970938e-01 
  4.36820956e+00   1.14470394e+00  -1.09943226e+00 
  3.69503868e+00   8.99983722e-01  -1.15977465e-02 
  3.93926725e+00   1.16016505e+00   1.40049415e+00 
  4.98121208e+00   2.01163622e+00   1.45235760e+00 
  5.44171998e+00   2.67531201e+00   3.66677758e-01 
  6.49735553e+00   1.95123656e+00   4.09480725e-01 
  4.57824051e+00   2.58973196e+00   2.82342436e+00 
  2.39695546e+00   9.67168480e-01  -1.73396473e-01 
  1.60976453e+00   2.81667442e-01  -9.94455375e-01 
  1.69544015e+00  -9.43566215e-01  -1.64609914e+00 
  9.03948238e-01  -2.04278186e+00  -1.21004225e+00 
  1.96508955e-02  -1.98061528e+00  -2.17929764e-01 
 -1.39543983e-01  -6.58505712e-01   2.98644491e-01 
  8.67219816e-01   3.64364786e-01   2.77587178e-01 
  1.15184274e+00   1.54146457e+00   1.12199891e+00 
  1.79494303e+00   2.12874057e+00   1.94420822e-01 
  1.40705998e+00   2.20331035e+00   2.26462130e+00 
  2.96814066e+00  -3.15363645e-01   5.45692018e-01 
  3.46142483e+00  -1.38097403e+00  -6.74609461e-02 
  3.59151304e+00  -2.51180994e+00   7.74174076e-01 
  2.27852104e+00  -2.76975697e+00   1.29796730e+00 
  1.85839914e+00  -1.63869841e+00   1.89302912e+00 
  2.31055939e+00  -3.26018631e-01   1.73133991e+00 
  1.30899914e+00  -1.61172780e+00   3.12860136e+00 
  4.46399626e-01  -6.41241931e-01   3.46773685e+00 
  5.04708413e-02  -1.01482977e+00   4.80034924e+00 
  9.21254292e-01  -1.77158201e+00   5.59637685e+00 
  1.52859649e+00  -2.75618889e+00   4.86118949e+00 
  2.27536073e+00  -2.03170696e+00   3.98028573e+00 
 -1.29966406e+00  -6.86112604e-01   5.04643929e+00 
 -2.43175655e+00  -3.00844090e-01   4.81231217e+00 
 -2.88005354e+00   9.23914328e-01   5.63533791e+00 
 -7.30366571e-01  -7.10422357e-01   1.41493247e+00 
 -5.45533920e+00  -3.91287004e+00   6.96085127e+00 
 -6.16647371e+00  -3.99046209e-01   5.62769099e+00 
 -9.12755293e+00   1.73607924e+00   4.65494521e+00 
 -1.03974111e+01   1.29177336e+00   1.17334452e+00 
 -1.18381089e+01  -1.96063348e+00  -3.66734758e+00 
 -8.91161229e+00   4.13916857e-01  -3.39541400e+00 
 -6.59074599e+00   1.17160516e+00  -4.45553769e-01 
 -6.67235414e+00   4.96584015e+00   4.03064370e-01 
 -2.94835313e+00   5.91344615e+00   6.70933712e-01 
 -1.56382663e+00   9.15633730e+00   1.51378532e+00 
  1.87983721e+00   7.89181894e+00   1.66377348e+00 
  2.25943898e+00   7.08727030e+00  -2.06515191e+00 
  1.48321802e+00   8.54928743e+00  -5.41751359e+00 
  4.63283683e-01   5.75167880e+00  -7.79683559e+00 
 -2.97458660e+00   4.49464929e+00  -8.64981220e+00 
 -2.23736010e+00   7.80735582e-01  -9.07363021e+00 
 -4.69809940e+00  -2.11335096e+00  -9.37168868e+00 
  7.94704427e+00  -4.46676275e-01  -7.65472684e+00 
  1.02267407e+01  -2.31689972e+00  -5.22999985e+00 
  7.25364732e+00  -5.29257562e+00  -4.71808791e+00 
  4.75241447e+00  -4.84298870e+00  -7.46745425e+00 
  5.30801745e+00  -4.70524597e+00  -1.12372368e+01 
 -3.53595211e+00   3.30148787e+00  -1.39533997e+01 
 -7.22772466e-01   9.05623790e-01  -1.32917178e+01 
  5.42057590e+00  -1.01470763e+01  -4.19241303e+00 
  3.96799235e+00  -9.82777642e+00  -7.58079256e-01 
  1.92415921e+00  -6.79131286e+00  -1.82581048e+00 
 -1.65237639e+00  -8.02838064e+00  -1.49665315e+00 
 -2.88266742e+00  -8.76115824e+00   2.02268948e+00 
 -5.06954404e+00  -1.19452929e+01   2.36899264e+00 
 -7.92840584e+00  -7.04859284e+00   3.33638300e+00 
 -1.06945093e+01  -7.11584250e+00   6.97450624e-01 
 -8.79255193e+00  -4.52010843e+00  -1.37868642e+00 
 -7.44168726e+00  -5.07161106e+00  -4.91193351e+00 
 -5.42766182e+00  -1.93212839e+00  -5.49161718e+00 
 -3.96942997e+00   1.20924173e+00  -3.99309212e+00 
 -4.74925908e+00   4.82843019e+00  -4.39336282e+00 
 -1.74857770e+00   7.03128745e+00  -3.94585951e+00 
 -2.86939187e+00   1.04423654e+01  -2.86660904e+00 
  5.55701079e-01   1.20452295e+01  -2.37687717e+00 
  2.38996425e+00   1.42502943e+01  -4.91086487e+00 
  6.13736616e+00   1.51043197e+01  -2.16555245e+00 
  4.86972673e+00   1.31046564e+01   8.09699699e-01 
  4.66167301e-01   8.31081429e+00   5.90711378e+00 
 -2.86205143e+00   6.39292980e+00   5.85599246e+00 
 -9.67258804e-01   3.50255176e+00   4.31176997e+00 
  1.12734731e+00   3.11820919e+00   7.49707447e+00 
 -7.26772326e-01   1.60251591e+00   1.06515102e+01 
  1.63632436e+00   3.00867534e+00   1.33749872e+01 
  7.81409107e+00   2.21035856e+00   1.60758619e+01 
 -1.14102544e-01   6.45066796e+00   1.03761866e+01 
 -3.68592948e+00   5.19256688e+00   1.05691022e+01 
 -5.32204257e+00   9.42801780e+00   1.18910754e+01 

   4.212878227464e+01 

 -1.24297526e+00  -4.63775929e-01  -4.59074649e+00 
 -2.12210579e+00  -1.79485724e+00  -4.40276647e+00 
 -1.30770658e+00  -2.95064570e+00  -4.34324982e+00 
 -4.54061089e-02  -2.58976557e+00  -3.94622187e+00 
  8.00573520e-02  -2.76163173e+00  -2.66125032e+00 
 -5.18911067e-01  -3.68618375e+00  -1.70847236e+00 
 -1.54007592e+00  -4.28252086e+00  -2.35263570e+00 
 -2.02810566e+00  -3.83133378e+00  -3.53140243e+00 
 -1.53943613e+00  -4.87136202e+00  -4.09711183e+00 
 -2.31465770e+00  -4.59603253e+00  -1.05720592e+00 
  2.91833089e-01  -1.64924358e+00  -2.00287631e+00 
  1.27219258e+00  -7.62735753e-01  -2.13217477e+00 
  2.57120809e+00  -7.96525503e-01  -2.62673962e+00 
  3.67822695e+00  -7.41647440e-01  -1.73433963e+00 
  3.56935591e+00  -6.10509239e-01  -4.14838391e-01 
  2.22022798e+00  -4.15728671e-01   1.18700141e-02 
  1.05699417e+00  -8.95495407e-01  -6.78775902e-01 
 -3.06239746e-01  -1.27104407e+00  -2.54321221e-01 
 -7.89026109e-01  -1.07245439e+00  -1.41464517e+00 
 -1.23427660e+00  -1.93802241e+00   4.54656280e-01 
  1.26028807e+00  -2.85829537e+00  -1.70535628e+00 
  2.32220619e+00  -3.18405517e+00  -2.42717466e+00 
  3.20084820e+00  -4.08091478e+00  -1.77319196e+00 
  3.57942781e+00  -3.44006581e+00  -5.44032051e-01 
  2.44506087e+00  -3.14215962e+00   1.15026356e-01 
  1.13739509e+00  -3.03307615e+00  -3.66462485e-01 
  2.25523201e+00  -3.41848713e+00   1.42529909e+00 
  1.41218633e+00  -2.67747690e+00   2.16090188e+00 
  1.55692732e+00  -3.23916104e+00   3.47837835e+00 
  1.94906179e+00  -4.57703866e+00   3.62298730e+00 
  2.93840260e+00  -4.89834226e+00   2.73035946e+00 
  2.29475557e+00  -4.76825111e+00   1.53565567e+00 
  1.43980674e+00  -2.24743835e+00   4.47549842e+00 
  1.33136281e+00  -1.13314945e+00   4.95662303e+00 
  6.33083720e-02  -9.17984579e-01   5.80757353e+00 
  2.13941835e+00  -6.13754220e-01   1.25771158e+00 
  4.89348759e+00  -1.03661410e+00   8.71254524e+00 
  1.94423845e+00   1.25274443e+00   7.88142941e+00 
  6.57382616e-01   4.68726328e+00   8.78755718e+00 
  2.06927538e+00   7.53657291e+00   6.83320709e+00 
  6.49768963e+00   1.05146515e+01   4.07526300e+00 
  3.61862685e+00   8.76270541e+00   2.36690059e+00 
  1.82542918e+00   5.49455497e+00   3.24201324e+00 
 -1.97958948e+00   6.12711973e+00   3.73671182e+00 
 -3.63807869e+00   3.36550648e+00   1.62465113e+00 
 -7.18587826e+00   2.71734309e+00   1.25497834e+00 
 -6.64616310e+00  -3.75999398e-01  -6.47720670e-01 
 -5.14231085e+00   1.24269236e+00  -3.78053825e+00 
 -5.67756241e+00   4.16766129e+00  -6.04690194e+00 
 -2.29350267e+00   5.53835369e+00  -7.14115755e+00 
 -2.65555615e-01   8.32827222e+00  -5.64769522e+00 
  3.24907805e+00   6.96920811e+00  -6.21034481e+00 
  6.54523882e+00   8.23239753e+00  -4.77525234e+00 
  2.22670501e+00  -2.03870114e+00  -1.12157662e+01 
  3.07356244e+00  -5.70549280e+00  -1.05742649e+01 
  6.36874550e+00  -4.53369317e+00  -8.18164305e+00 
  6.99491652e+00  -9.05388325e-01  -8.86033534e+00 
  7.57150106e+00   8.63119622e-01  -1.21888273e+01 
  2.12493806e+00   1.14661837e+01  -9.43000363e+00 
  3.75624956e+00   8.25130448e+00  -1.04765892e+01 
  1.12501866e+01  -4.77162391e+00  -6.36021961e+00 
  1.04744617e+01  -5.52916853e+00  -2.77818431e+00 
  8.17344686e+00  -2.49686059e+00  -2.55942893e+00 
  9.95343116e+00  -2.71367468e-01  -4.76318859e-02 
  1.01266637e+01  -1.54170693e+00   3.52903971e+00 
  1.35111873e+01  -9.39380008e-01   5.32438676e+00 
  9.14002681e+00   2.07362776e+00   7.53828526e+00 
  1.02871321e+01   5.69917184e+00   7.13904253e+00 
  7.89223053e+00   6.14341053e+00   4.18392480e+00 
  8.93077615e+00   6.97143841e+00   5.99427842e-01 
  5.67146017e+00   6.62362592e+00  -1.27262152e+00 
  2.06606463e+00   5.51492753e+00  -1.16246426e+00 
 -1.17234726e+00   7.35238276e+00  -1.22009970e+00 
 -3.93841931e+00   5.39492705e+00  -2.82451257e+00 
 -7.23258424e+00   6.59024028e+00  -1.49178513e+00 
 -9.51146171e+00   4.11438876e+00  -3.28542645e+00 
 -1.14206438e+01   4.76432077e+00  -6.53820028e+00 
 -1.35273589e+01   5.39992747e-01  -6.69921298e+00 
 -1.20154728e+01  -7.42438428e-01  -3.45463923e+00 
 -7.69894034e+00  -1.59907120e+00   3.54461903e+00 
 -5.23054038e+00   4.63276614e-01   5.64501360e+00 
 -2.47930524e+00  -9.17796041e-01   3.44217657e+00 
 -3.18631693e+00  -4.46399684e+00   4.70939916e+00 
 -2.06795366e+00  -5.26211215e+00   8.42394166e+00 
 -4.44191400e+00  -8.25279149e+00   9.05559576e+00 
 -5.40685444e+00  -1.47855936e+01   7.47818612e+00 
 -6.77033545e+00  -4.22816195e+00   7.54399953e+00 
 -4.94171904e+00  -1.93413677e+00   9.94641351e+00 
 -8.98265951e+00  -2.51083536e-01   1.17357305e+01 

   4.212878227464e+01 

 -4.36264208e+00   1.27425769e+00   3.27183571e+00 
 -5.17691465e+00   2.42958682e+00   2.50884211e+00 
 -5.96040276e+00   1.90279116e+00   1.45467515e+00 
 -5.42762326e+00   7.03383298e-01   1.05613416e+00 
 -4.64857164e+00   8.85284281e-01   2.83104628e-02 
 -4.63716531e+00   1.84696662e+00  -1.06548222e+00 
 -5.51167735e+00   2.81341451e+00  -7.27031100e-01 
 -6.01636962e+00   2.94228294e+00   5.21933449e-01 
 -7.15541116e+00   2.57338366e+00   6.69812671e-02 
 -4.82409965e+00   3.88736801e+00  -1.59320984e+00 
 -3.39457963e+00   5.88693153e-01   2.63364561e-01 
 -2.85606654e+00  -5.59131575e-01   6.58612585e-01 
 -3.23023728e+00  -1.89658736e+00   5.92387829e-01 
 -2.56744101e+00  -2.78147801e+00  -3.03463577e-01 
 -1.54775725e+00  -2.43116857e+00  -1.08299035e+00 
 -1.10640389e+00  -1.09322268e+00  -8.47886791e-01 
 -1.93016394e+00  -2.47311691e-02  -3.57962220e-01 
 -1.89665173e+00   1.44442606e+00  -4.99592891e-01 
 -2.56835912e+00   1.62444931e+00   5.65899023e-01 
 -1.87208578e+00   2.61683793e+00  -1.15808246e+00 
 -4.04934179e+00  -2.50438652e-02  -1.03387977e+00 
 -4.79043937e+00  -1.12239093e+00  -1.07149779e+00 
 -4.97243141e+00  -1.64109737e+00  -2.37606087e+00 
 -3.65417250e+00  -1.88118642e+00  -2.89509334e+00 
 -2.97679311e+00  -7.21802501e-01  -2.81214441e+00 
 -3.23394716e+00   4.06086766e-01  -2.02763304e+00 
 -2.25366885e+00  -2.11560789e-01  -3.83486199e+00 
 -1.20758941e+00   5.93324745e-01  -3.59235279e+00 
 -6.83470372e-01   8.44312902e-01  -4.90935220e+00 
 -1.53597712e+00   7.76609682e-01  -6.01986840e+00 
 -2.39360350e+00  -2.87660704e-01  -5.91680889e+00 
 -3.13786142e+00   5.32330594e-02  -4.82667407e+00 
  7.23054249e-01   9.57371560e-01  -4.88971094e+00 
  1.85475324e+00   9.29822837e-01  -4.43873510e+00 
  2.60816755e+00   2.27393109e+00  -4.50288022e+00 
 -3.72969186e-01  -7.16790740e-01  -1.80613417e+00 
  4.55110360e+00  -1.71771560e+00  -7.97783648e+00 
  5.60559051e+00   4.55420937e-01  -5.01211204e+00 
  8.69118123e+00   1.16177820e+00  -2.94978944e+00 
  9.34615649e+00  -1.18353588e+00  -1.21008760e-01 
  9.52189926e+00  -6.60612758e+00   2.45788134e+00 
  7.08162905e+00  -3.84436185e+00   3.29127863e+00 
  5.37176963e+00  -1.27129749e+00   1.02899927e+00 
  6.17841651e+00   2.33808522e+00   2.23095979e+00 
  2.73272945e+00   4.05845544e+00   2.30486235e+00 
  2.01980517e+00   7.50822815e+00   3.16187034e+00 
 -1.52038252e+00   7.23902286e+00   2.22649692e+00 
 -2.56932546e+00   4.81663948e+00   5.00643542e+00 
 -2.07489273e+00   4.25266019e+00   8.66919470e+00 
 -1.87423853e+00   5.06387432e-01   9.34241948e+00 
  1.15662890e+00  -1.70125726e+00   9.60086083e+00 
 -2.14575213e-01  -4.89652713e+00   8.04319289e+00 
  1.68476633e+00  -8.01241283e+00   6.94611874e+00 
 -1.01420160e+01  -3.08939238e+00   5.71465212e+00 
 -1.23059433e+01  -3.00627177e+00   2.57067975e+00 
 -9.79972127e+00  -5.90388815e+00   7.59973934e-01 
 -7.69273586e+00  -7.39509901e+00   3.47183899e+00 
 -8.77011873e+00  -9.00251294e+00   6.75732148e+00 
  7.32084744e-01  -5.42076241e+00   1.35822989e+01 
 -2.29641106e+00  -6.53107217e+00   1.16620404e+01 
 -8.70231364e+00  -1.01443289e+01  -2.07146029e+00 
 -6.72634201e+00  -8.50349024e+00  -4.79355218e+00 
 -4.40731120e+00  -6.88656557e+00  -2.23521960e+00 
 -1.06329874e+00  -8.52917131e+00  -2.97664742e+00 
  5.41396820e-01  -7.69047211e+00  -6.31698982e+00 
  2.22256872e+00  -1.06792452e+01  -8.12860927e+00 
  5.93283046e+00  -6.66567389e+00  -6.33645719e+00 
  8.23275249e+00  -8.59647644e+00  -3.96956570e+00 
  6.48092137e+00  -7.01106225e+00  -9.55735604e-01 
  4.55282220e+00  -8.91830006e+00   1.73827685e+00 
  2.99884198e+00  -6.11787413e+00   3.73613648e+00 
  2.29471371e+00  -2.41817703e+00   3.97418801e+00 
  3.57076432e+00   2.85338676e-01   6.19445213e+00 
  1.05678062e+00   3.00320055e+00   6.78609461e+00 
  2.85125042e+00   6.18117175e+00   7.64448606e+00 
 -1.65959988e-01   8.50144964e+00   7.87475612e+00 
 -1.98127952e+00   9.51816872e+00   1.10870486e+01 
 -5.09871421e+00   1.23744588e+01   8.98173904e+00 
 -3.73880684e+00   1.18669702e+01   5.46736920e+00 
  5.52904296e-01   9.36767609e+00  -1.14251983e+00 
  3.49037727e+00   7.01544584e+00  -1.91465946e+00 
  9.54205449e-01   4.21478213e+00  -2.14544657e+00 
 -6.81079060e-01   5.88821052e+00  -5.17970772e+00 
  1.35457950e+00   5.75397699e+00  -8.57435439e+00 
 -3.27120684e-01   8.77436276e+00  -1.03144670e+01 
 -6.08573557e+00   1.07239276e+01  -1.33367818e+01 
  1.48454588e+00   9.85332759e+00  -5.90336599e+00 
  4.80050256e+00   8.12735895e+00  -6.53853996e+00 
  7.26459472e+00   1.20128480e+01  -5.44549446e+00 

   4.212878227464e+01 

 -3.69923870e+00   1.90203773e+00   2.86609505e+00 
 -4.62785243e+00   7.62486156e-01   2.21872870e+00 
 -4.25900495e+00  -5.26668917e-01   2.67112896e+00 
 -2.95294359e+00  -4.98532760e-01   3.08907661e+00 
 -2.17249611e+00  -9.04902833e-01   2.12876623e+00 
 -2.34306880e+00  -1.83651402e+00   1.02226227e+00 
 -3.66188057e+00  -2.09895794e+00   9.50146327e-01 
 -4.59284594e+00  -1.36793174e+00   1.60599536e+00 
 -4.80234179e+00  -2.37515602e+00   2.36894656e+00 
 -3.61635927e+00  -2.46292892e+00  -5.47137133e-01 
 -1.34389596e+00   1.58826662e-02   1.70298630e+00 
 -4.18966133e-01   6.96172555e-01   2.37039129e+00 
  3.08203058e-01   4.85381199e-01   3.53656855e+00 
  1.69328865e+00   1.66384859e-01   3.46830916e+00 
  2.38912002e+00   9.37695330e-02   2.33663810e+00 
  1.62638687e+00   4.81382652e-01   1.19288992e+00 
  2.00597674e-01   3.67784929e-01   1.07246756e+00 
 -7.23329303e-01   2.08146061e-01  -6.79181837e-02 
 -1.70569863e+00   6.91229597e-01   5.80505296e-01 
 -1.22197718e+00  -3.67891773e-01  -1.17620168e+00 
 -7.33784025e-01  -1.39551190e+00   2.05506337e+00 
 -3.96861920e-01  -1.80238621e+00   3.26986710e+00 
  4.26243213e-01  -2.95413489e+00   3.27580276e+00 
  1.58521432e+00  -2.61761042e+00   2.49581477e+00 
  1.14884592e+00  -2.21254651e+00   1.28941505e+00 
 -1.17805113e-01  -1.76382201e+00   9.04756788e-01 
  1.66977199e+00  -2.66062066e+00   1.24480667e-01 
  1.62021988e+00  -1.89925102e+00  -9.79509589e-01 
  2.33237468e+00  -2.69118088e+00  -1.94794436e+00 
  2.37161667e+00  -4.08548514e+00  -1.81020033e+00 
  2.55627877e+00  -4.44485749e+00  -5.00403724e-01 
  1.41077241e+00  -3.98980200e+00   8.20583124e-02 
  3.06397062e+00  -1.87751862e+00  -2.83912372e+00 
  3.54233395e+00  -8.60855198e-01  -3.31076421e+00 
  3.08841361e+00  -5.40935048e-01  -4.74950747e+00 
  2.21654777e+00   9.77703538e-02   1.42929340e-01 
  8.47881261e+00  -2.11273784e+00  -4.24295090e+00 
  6.29969275e+00   8.28770074e-01  -5.35153304e+00 
  6.70272200e+00   4.25044515e+00  -6.90159507e+00 
  7.44468287e+00   7.04421558e+00  -4.54027518e+00 
  1.01245135e+01   9.49073374e+00   2.47116296e-01 
  6.44882582e+00   8.66456547e+00  -4.19955530e-02 
  4.68856360e+00   5.72397628e+00  -1.74980100e+00 
  2.15799892e+00   7.01624293e+00  -4.40485678e+00 
 -1.05519752e+00   5.03793603e+00  -3.63054100e+00 
 -4.20811650e+00   5.18720850e+00  -5.41392967e+00 
 -5.67035503e+00   2.41192451e+00  -3.50605624e+00 
 -5.84466057e+00   4.19689667e+00  -1.17874930e-01 
 -6.78226114e+00   7.50724100e+00   1.34529542e+00 
 -4.39724621e+00   8.33349459e+00   4.20135250e+00 
 -1.23781132e+00   1.03685160e+01   4.14387518e+00 
  8.37550842e-01   8.44479135e+00   6.69503867e+00 
  4.55718178e+00   8.76119384e+00   7.45926956e+00 
 -5.14622755e+00   7.94666567e-01   1.02883528e+01 
 -5.07814579e+00  -3.02205676e+00   1.03335240e+01 
 -8.41247738e-01  -2.95408462e+00   1.03257881e+01 
  2.11536963e-01   5.35719794e-01   1.11803166e+01 
 -7.59551824e-01   2.68440574e+00   1.41768252e+01 
 -6.89695295e-01   1.35504353e+01   8.55315675e+00 
 -8.45498542e-01   1.02950632e+01   1.04160163e+01 
  3.94488913e+00  -4.46980141e+00   1.17393502e+01 
  5.16764603e+00  -5.64519730e+00   8.40319830e+00 
  4.28356675e+00  -2.29277030e+00   6.81667635e+00 
  7.67804077e+00  -9.23294334e-01   5.80062034e+00 
  9.50601341e+00  -2.78341728e+00   3.03750431e+00 
  1.33261031e+01  -3.18297071e+00   3.57447818e+00 
  1.19471581e+01   2.32564408e-01  -8.43579860e-01 
  1.35647586e+01   3.56820531e+00   9.27337924e-02 
  1.01354567e+01   4.97331090e+00   1.05771507e+00 
  9.13524192e+00   6.16433392e+00   4.54968587e+00 
  5.43610351e+00   6.79722685e+00   4.14409414e+00 
  2.38946533e+00   6.43319042e+00   1.94734723e+00 
  3.03970061e-01   8.86705670e+00   5.15941923e-02 
 -3.27817644e+00   7.80241628e+00  -2.51218051e-01 
 -4.78806608e+00   9.39477523e+00  -3.29113334e+00 
 -8.23162760e+00   7.76359649e+00  -3.14480340e+00 
 -1.13958333e+01   9.31949411e+00  -1.65654591e+00 
 -1.42372606e+01   5.69262068e+00  -2.69635395e+00 
 -1.15535119e+01   3.60746442e+00  -4.40143595e+00 
 -4.44040470e+00   7.40641856e-01  -7.49027425e+00 
 -7.82977610e-01   1.88324319e+00  -7.76527149e+00 
 -2.38588225e-01   3.66470427e-01  -4.34004332e+00 
 -1.00009582e+00  -3.12644461e+00  -5.71877806e+00 
  1.76830361e+00  -4.74381266e+00  -8.04378034e+00 
 -5.11479886e-01  -7.25910374e+00  -9.90247221e+00 
 -3.86420998e+00  -1.31061865e+01  -9.08536827e+00 
 -2.13719062e+00  -2.65351586e+00  -1.01254911e+01 
  1.25130349e+00  -1.20934188e+00  -1.10257420e+01 
 -4.56869342e-01   9.27337382e-01  -1.48832374e+01 

   4.212878227464e+01 

 -2.40931482e+00   3.06202225e+00   2.33327915e+00 
 -3.80641222e+00   3.15451491e+00   1.54616519e+00 
 -3.66430995e+00   3.83779148e+00   3.15078143e-01 
 -2.35607998e+00   3.76396437e+00  -9.03254212e-02 
 -2.20753030e+00   2.77716834e+00  -9.27342458e-01 
 -3.08817827e+00   2.14303963e+00  -1.89877716e+00 
 -4.32748431e+00   2.60200079e+00  -1.64028695e+00 
 -4.64211817e+00   3.26664535e+00  -5.04290935e-01 
 -4.78552750e+00   4.33074186e+00  -1.20258612e+00 
 -5.02640414e+00   1.37025743e+00  -2.24915820e+00 
 -1.41344985e+00   1.83296548e+00  -4.87308498e-01 
 -1.41698262e-01   1.90360298e+00  -1.11306919e-01 
  9.17828861e-01   2.76318505e+00  -3.79072431e-01 
  1.98920583e+00   2.33973901e+00  -1.21437174e+00 
  2.08733479e+00   1.12420852e+00  -1.74633978e+00 
  1.05703985e+00   2.40968747e-01  -1.30075529e+00 
 -2.52379353e-01   6.46047165e-01  -8.74593774e-01 
 -1.57556829e+00  -8.64131454e-03  -8.61972225e-01 
 -2.00809725e+00   7.44371652e-01   6.79537852e-02 
 -2.63792102e+00  -6.46274956e-01  -1.38503208e+00 
 -1.14117304e+00   2.38480576e+00  -1.93974338e+00 
 -4.52410970e-01   3.47953567e+00  -2.22607287e+00 
 -6.97870439e-02   3.57110070e+00  -3.58595414e+00 
  6.92048174e-01   2.38499727e+00  -3.86453944e+00 
 -7.91835951e-02   1.33153707e+00  -3.54001271e+00 
 -1.20373962e+00   1.27216935e+00  -2.71202133e+00 
 -2.52381578e-01   2.62689758e-01  -4.35042890e+00 
 -5.46206885e-01  -9.40805808e-01  -3.83448439e+00 
 -5.69526437e-01  -1.79103448e+00  -4.99584164e+00 
 -8.74118702e-01  -1.24427553e+00  -6.24998514e+00 
 -2.62517608e-01  -2.91415641e-02  -6.41794131e+00 
 -8.71258780e-01   7.28557626e-01  -5.46198709e+00 
 -8.65641508e-02  -3.08283976e+00  -4.69673279e+00 
  4.14185062e-01  -3.98084178e+00  -4.04272717e+00 
 -4.94825941e-01  -5.20822079e+00  -3.82915169e+00 
  1.01044185e+00  -7.69055564e-01  -2.05940213e+00 
  3.90794635e+00  -6.06621589e+00  -7.24426596e+00 
  2.40121030e+00  -7.24614250e+00  -3.93254342e+00 
  3.06445035e+00  -9.83197906e+00  -1.25924076e+00 
  5.49802741e+00  -8.85780272e+00   1.39785804e+00 
  1.05273209e+01  -6.26607551e+00   3.41657470e+00 
  7.00893851e+00  -5.03549619e+00   4.03583170e+00 
  3.93487053e+00  -5.04250065e+00   1.75279769e+00 
  1.00132270e+00  -6.96198934e+00   3.43591746e+00 
 -1.99651070e+00  -4.57935866e+00   3.01883173e+00 
 -5.42105232e+00  -5.15756453e+00   4.05895103e+00 
 -6.65958646e+00  -2.10255743e+00   2.44238412e+00 
 -4.86579587e+00   4.06947581e-01   4.71856085e+00 
 -4.11014402e+00   9.82083764e-01   8.33471219e+00 
 -6.13814453e-01   2.46418516e+00   8.66198625e+00 
  2.65770089e+00   7.18823223e-01   9.27643193e+00 
  4.97612041e+00   2.89620918e+00   7.17876633e+00 
  8.58859354e+00   2.23314620e+00   6.16377911e+00 
 -8.23336049e-01   1.04895979e+01   3.18518758e+00 
 -1.83158818e+00   1.17044584e+01  -2.90671194e-01 
  1.82787223e+00   1.02603878e+01  -1.86515354e+00 
  4.08823365e+00   9.57314495e+00   1.03928668e+00 
  5.13435767e+00   1.18867010e+01   3.88393282e+00 
  5.90289242e+00   3.45614368e+00   1.27177419e+01 
  5.63211892e+00   6.18518860e+00   1.01543530e+01 
  6.11134797e+00   1.03928354e+01  -4.83785510e+00 
  5.41462917e+00   7.38795513e+00  -6.95726006e+00 
  4.93590385e+00   5.22156129e+00  -3.85645780e+00 
  7.81395351e+00   2.75451887e+00  -4.10307496e+00 
  7.68568982e+00   2.71508330e-01  -6.97614974e+00 
  1.10845396e+01  -4.02476990e-01  -8.71816952e+00 
  8.99829812e+00  -4.93985137e+00  -5.86397321e+00 
  1.17351522e+01  -5.69478728e+00  -3.30281790e+00 
  9.59493703e+00  -4.13200140e+00  -5.38256172e-01 
  1.05535025e+01  -1.06790686e+00   1.53666611e+00 
  7.38072747e+00  -3.90781833e-01   3.46635089e+00 
  3.72636190e+00  -1.21083360e+00   3.92825036e+00 
  1.82211962e+00  -2.96238413e+00   6.60646006e+00 
 -1.68948103e+00  -1.70042171e+00   6.97120631e+00 
 -3.82303867e+00  -4.39719432e+00   8.46513000e+00 
 -7.18632544e+00  -2.60461782e+00   8.34166333e+00 
 -8.83392529e+00  -7.12664042e-01   1.12319663e+01 
 -1.27498940e+01   4.50635608e-01   8.86109234e+00 
 -1.17579191e+01  -1.30741515e+00   5.63883671e+00 
 -7.76584222e+00  -5.53023570e+00  -2.42234389e-01 
 -4.41218421e+00  -7.35534804e+00  -6.66353640e-01 
 -2.92409011e+00  -4.01719268e+00  -1.65197130e+00 
 -5.15700516e+00  -3.89220475e+00  -4.76319728e+00 
 -4.22184639e+00  -6.37626817e+00  -7.70266279e+00 
 -7.68559688e+00  -6.47719652e+00  -9.42634593e+00 
 -1.18860353e+01  -2.79611219e+00  -1.32867566e+01 
 -7.86770122e+00  -7.57709825e+00  -4.66597128e+00 
 -4.92446565e+00  -9.96265535e+00  -4.82238134e+00 
 -7.42012816e+00  -1.34905741e+01  -2.90170931e+00 

   4.212878227464e+01 

 -4.32815121e+00   2.84172281e+00  -5.69040503e+00 
 -5.27131580e+00   3.29788994e+00  -4.47289259e+00 
 -4.71499941e+00   4.39077591e+00  -3.76667194e+00 
 -3.35842259e+00   4.41098569e+00  -3.96806468e+00 
 -2.75587006e+00   3.81168634e+00  -2.98104814e+00 
 -3.06810012e+00   3.64125812e+00  -1.56866998e+00 
 -4.34858663e+00   4.02908298e+00  -1.41606534e+00 
 -5.18571595e+00   4.22542737e+00  -2.46100418e+00 
 -5.15479049e+00   5.48116266e+00  -2.21069180e+00 
 -4.57468258e+00   3.15958124e+00  -1.63367384e-01 
 -2.10769052e+00   2.73215876e+00  -3.34187521e+00 
 -1.12652344e+00   2.58965520e+00  -4.22546043e+00 
 -1.65465760e-01   3.43159171e+00  -4.77381112e+00 
  1.19914207e+00   3.30495807e+00  -4.39081049e+00 
  1.65740703e+00   2.38076829e+00  -3.55057235e+00 
  6.51659932e-01   1.44772055e+00  -3.15300427e+00 
 -7.55132446e-01   1.72543005e+00  -3.08902418e+00 
 -1.87279184e+00   1.18324445e+00  -2.29122876e+00 
 -2.74130571e+00   1.54569107e+00  -3.14749292e+00 
 -2.53475910e+00   8.47832094e-01  -1.16959625e+00 
 -1.32595849e+00   3.78151976e+00  -2.46098590e+00 
 -7.20083472e-01   4.86635771e+00  -2.92017368e+00 
  1.78910823e-01   5.44997518e+00  -1.99536980e+00 
  1.12637899e+00   4.42275974e+00  -1.66074089e+00 
  4.25252812e-01   3.36562781e+00  -1.21264649e+00 
 -9.25192149e-01   3.05206059e+00  -1.39067601e+00 
  7.36816148e-01   2.69672845e+00  -7.91966802e-02 
  4.04707009e-01   1.40396368e+00   6.00743068e-02 
  9.70507813e-01   1.06308041e+00   1.33907834e+00 
  1.15053675e+00   2.06134415e+00   2.30637188e+00 
  1.62293353e+00   3.21609990e+00   1.73874862e+00 
  5.84219484e-01   3.58186615e+00   9.35125249e-01 
  1.43940417e+00  -2.67841720e-01   1.35526606e+00 
  1.72861941e+00  -1.37145524e+00   9.27162692e-01 
  9.70722574e-01  -2.53985634e+00   1.58958701e+00 
  1.04860040e+00   8.06976090e-01  -2.13823813e+00 
  6.46334423e+00  -2.25263970e+00   2.82739912e+00 
  3.87292043e+00  -4.52816590e+00   1.17159974e+00 
  3.67549222e+00  -7.96787839e+00  -3.78363241e-01 
  4.64485504e+00  -8.20480587e+00  -3.97498554e+00 
  8.02109834e+00  -6.83656712e+00  -8.75148680e+00 
  4.44230321e+00  -5.75868438e+00  -8.19721801e+00 
  2.62191135e+00  -4.73917624e+00  -4.98646047e+00 
 -4.86846123e-01  -7.00426942e+00  -4.41373740e+00 
 -3.30655894e+00  -4.49417960e+00  -3.64786324e+00 
 -6.75453078e+00  -5.25116280e+00  -2.82195636e+00 
 -7.57228439e+00  -1.75213628e+00  -2.06802256e+00 
 -7.20892163e+00  -3.94221331e-01  -5.63457763e+00 
 -8.10165537e+00  -1.28022687e+00  -9.15542448e+00 
 -5.26802607e+00  -2.13825769e-01  -1.14708914e+01 
 -2.36165857e+00  -2.22475586e+00  -1.27498881e+01 
  3.33536713e-01   4.67573280e-01  -1.28096025e+01 
  4.09224120e+00   5.96679534e-02  -1.32845420e+01 
 -4.16144460e+00   9.29295672e+00  -9.78476052e+00 
 -3.77361117e+00   1.17905772e+01  -6.92372409e+00 
  3.55568258e-01   1.08726664e+01  -6.67212497e+00 
  1.26919479e+00   9.01657388e+00  -9.79262436e+00 
  7.46372558e-01   1.00147164e+01  -1.34353290e+01 
 -1.20252711e+00  -1.17420513e+00  -1.79862573e+01 
 -7.14611637e-01   2.33593538e+00  -1.67481865e+01 
  5.43560998e+00   1.19115120e+01  -6.10941961e+00 
  6.05635962e+00   9.98103710e+00  -2.96386143e+00 
  4.60073859e+00   6.82330949e+00  -4.52825863e+00 
  7.59875566e+00   4.49440026e+00  -4.66377084e+00 
  8.98131592e+00   3.30422724e+00  -1.33084916e+00 
  1.28510955e+01   3.17423275e+00  -1.10954261e+00 
  1.03392580e+01  -1.99674460e+00  -9.13910357e-01 
  1.18333076e+01  -3.80855824e+00  -3.93135336e+00 
  8.56401173e+00  -3.31166440e+00  -5.86278378e+00 
  8.19049471e+00  -1.32282120e+00  -9.10590162e+00 
  4.44605322e+00  -1.27291662e+00  -9.58061255e+00 
  1.06093103e+00  -2.02106641e+00  -8.09016180e+00 
 -1.55444028e+00  -4.56260626e+00  -8.84334389e+00 
 -5.02515005e+00  -3.35906465e+00  -8.09328432e+00 
 -7.23921730e+00  -6.31000877e+00  -7.42523213e+00 
 -1.04381881e+01  -4.43803838e+00  -6.52936088e+00 
 -1.33560647e+01  -3.71016234e+00  -8.89666280e+00 
 -1.60418092e+01  -1.53427076e+00  -5.67775109e+00 
 -1.35931638e+01  -1.97880758e+00  -2.80299709e+00 
 -7.03392191e+00  -3.83667633e+00   1.87466882e+00 
 -3.61199290e+00  -5.52942447e+00   1.44695422e+00 
 -2.26940063e+00  -2.14755888e+00   4.03125408e-01 
 -3.00355494e+00  -7.33026786e-01   3.88757301e+00 
 -6.34887042e-01  -1.95267420e+00   6.81800353e+00 
 -3.02752884e+00  -1.21339980e+00   9.76886376e+00 
 -5.65831253e+00   3.86890571e+00   1.34220792e+01 
 -5.03622708e+00  -4.03439054e+00   6.31759512e+00 
 -2.02693249e+00  -6.32577226e+00   6.04982980e+00 
 -4.64310110e+00  -1.01883095e+01   6.82442082e+00 

   4.212878227464e+01 

  3.07381245e+00   2.29309450e+00  -4.00970718e-01 
  2.51152489e+00   2.85213647e+00  -1.79785626e+00 
  1.19267201e+00   3.34783705e+00  -1.66540528e+00 
  5.99865734e-01   2.75995031e+00  -5.77178258e-01 
 -1.09281925e-01   1.73638634e+00  -9.59090975e-01 
 -8.35283147e-01   1.41726912e+00  -2.18074227e+00 
 -4.48995626e-01   2.32526001e+00  -3.09708090e+00 
  6.22247901e-01   3.13364615e+00  -2.92334848e+00 
 -1.81760599e-01   4.12427524e+00  -2.81061812e+00 
 -7.68365987e-01   1.40971038e+00  -4.29548662e+00 
  3.23368458e-01   5.94292086e-01  -4.85649261e-01 
  4.81239773e-01   2.05754266e-01   7.74443579e-01 
 -6.36037292e-02   5.83159278e-01   1.99669087e+00 
 -9.92479647e-01  -2.67260987e-01   2.65915219e+00 
 -1.36441985e+00  -1.46283586e+00   2.20926902e+00 
 -6.47041217e-01  -1.86124526e+00   1.04016529e+00 
 -7.84127337e-02  -9.65453880e-01   7.34697546e-02 
  2.30757218e-01  -1.07127670e+00  -1.36625965e+00 
  1.10707547e+00  -1.50592147e-01  -1.30900159e+00 
 -2.75114797e-02  -1.29529779e+00  -2.66698000e+00 
 -1.21480850e+00   9.04762186e-01  -3.24871684e-01 
 -1.75109147e+00   1.63781740e+00   6.39411450e-01 
 -3.15404676e+00   1.48762121e+00   7.54389093e-01 
 -3.38668283e+00   8.62155316e-02   9.70691184e-01 
 -2.80560174e+00  -5.75104044e-01  -4.66070040e-02 
 -1.81038282e+00  -1.51260041e-01  -9.31827919e-01 
 -3.42695474e+00  -1.55155071e+00  -7.46377604e-01 
 -2.71362431e+00  -2.51850301e+00  -1.34395319e+00 
 -3.73138898e+00  -3.37279894e+00  -1.89759279e+00 
 -4.98398782e+00  -2.83657009e+00  -2.22630614e+00 
 -5.40854881e+00  -1.95531044e+00  -1.26612640e+00 
 -4.47962953e+00  -9.62205139e-01  -1.36294151e+00 
 -3.34069009e+00  -4.72832041e+00  -1.86023677e+00 
 -2.65872343e+00  -5.70299458e+00  -1.59601625e+00 
 -2.14101244e+00  -6.48053269e+00  -2.82312038e+00 
 -1.24563552e+00  -2.82755897e+00   4.87184104e-01 
 -6.06001869e+00  -9.15904341e+00   2.18348877e-01 
 -2.42373908e+00  -9.46097329e+00  -9.28950359e-01 
  4.35616641e-01  -1.19216611e+01  -7.23802727e-01 
  2.52002325e+00  -1.17606598e+01   2.36825460e+00 
  3.35271040e+00  -1.11250908e+01   8.28338306e+00 
  4.34704032e+00  -8.62185970e+00   5.63348464e+00 
  2.59907355e+00  -7.62306899e+00   2.37630540e+00 
  4.96676963e+00  -8.17971321e+00  -6.58030499e-01 
  4.70989498e+00  -4.87715536e+00  -2.62399631e+00 
  6.34507303e+00  -4.05247888e+00  -5.75285505e+00 
  4.54686528e+00  -8.71154054e-01  -6.10774237e+00 
  6.15241350e+00   9.23976922e-01  -3.12512602e+00 
  9.49326761e+00   1.41208884e+00  -1.51926724e+00 
  9.06253342e+00   1.48678967e+00   2.26714810e+00 
  9.38340330e+00  -1.31683109e+00   4.74976718e+00 
  6.67234139e+00  -3.17916025e-01   7.23343214e+00 
  5.19952537e+00  -2.35859995e+00   1.00945920e+01 
  2.65558049e+00   8.61569808e+00   3.87216899e+00 
 -7.49617051e-01   9.88599863e+00   2.70382880e+00 
 -2.67184046e+00   7.06865491e+00   5.21850904e+00 
 -9.41183476e-02   5.77625255e+00   7.60646931e+00 
  2.21179262e+00   7.70979368e+00   9.94807599e+00 
  1.18692829e+01   2.19988506e-01   9.36770978e+00 
  9.03628538e+00   2.67254469e+00   9.59367557e+00 
 -6.27282337e+00   5.37973721e+00   8.59240004e+00 
 -7.83110176e+00   2.72423183e+00   6.46480529e+00 
 -4.43013626e+00   1.10964081e+00   5.86152724e+00 
 -4.79226861e+00  -2.27008376e+00   7.55758448e+00 
 -7.24779162e+00  -4.70772407e+00   5.98765837e+00 
 -9.39668854e+00  -6.72656011e+00   8.50710510e+00 
 -5.66387831e+00  -9.94303368e+00   5.53944072e+00 
 -3.48794105e+00  -1.15003126e+01   8.27073977e+00 
 -6.56961886e-01  -9.06597064e+00   7.41917735e+00 
  8.08548994e-01  -6.45732031e+00   9.79826266e+00 
  3.10497691e+00  -4.50819422e+00   7.52317820e+00 
  4.24334529e+00  -3.85901223e+00   3.98440667e+00 
  7.39962434e+00  -4.58169370e+00   2.14524676e+00 
  8.13967768e+00  -2.06899768e+00  -5.37216252e-01 
  1.03010373e+01  -3.65770779e+00  -3.15656418e+00 
  1.04685642e+01  -7.43149741e-01  -5.60963543e+00 
  1.33005235e+01   1.81822878e+00  -5.86900448e+00 
  1.14414857e+01   4.20953123e+00  -9.49319703e+00 
  8.37006120e+00   1.99661376e+00  -9.84961844e+00 
  2.55722597e+00  -3.80081111e+00  -8.87150820e+00 
  1.85992747e+00  -6.77833668e+00  -6.54641669e+00 
  2.11048188e-01  -4.32003159e+00  -4.18695051e+00 
 -2.49746366e+00  -3.57127592e+00  -6.79167454e+00 
 -5.18538585e+00  -6.41475971e+00  -7.40423038e+00 
 -6.31208686e+00  -5.31869946e+00  -1.09409003e+01 
 -9.92297613e+00  -5.93246269e-01  -1.42163249e+01 
 -1.47821376e+00  -5.94884706e+00  -1.05658037e+01 
 -1.77336301e+00  -9.27180868e+00  -8.76336223e+00 
  9.74617424e-01  -1.14636641e+01  -1.19268882e+01 

   4.212878227464e+01 

