 -1.04257917e+00  -6.00201156e+00   2.75997197e+00 
 -2.08676679e+00  -5.99314082e+00   1.83900813e+00 
 -1.72130560e+00  -5.57949454e+00   5.98471016e-01 
 -7.24747032e-01  -4.64096662e+00   5.96444300e-01 
  3.30624888e-01  -4.63378476e+00   1.53525709e+00 
  9.81386710e-03  -5.12819141e+00   2.75666468e+00 
 -1.37071066e+00  -7.01952305e+00   3.61585708e+00 
 -1.99466978e+00  -7.86261659e+00   2.85026610e+00 
 -2.82753131e+00  -7.10897909e+00   2.08908879e+00 
  7.97847610e-01  -3.31647000e+00   1.16052559e+00 
  8.97325026e-01  -2.55317768e+00   2.28605046e+00 
  1.24631292e+00  -1.16955387e+00   1.92216342e+00 
  1.83607907e+00  -3.08058435e+00   3.00092291e+00 
  2.41279653e+00  -1.03615168e+00   1.22117710e+00 
  2.70799914e+00   2.37000754e-01   9.01314521e-01 
  1.71275795e+00   1.17003421e+00   8.08472974e-01 
  4.75133109e-01   8.57419408e-01   1.22207801e+00 
  1.59708881e-01  -4.79528973e-01   1.38081457e+00 
  3.75081645e+00   4.54608823e-01   9.25203207e-03 
  4.11588627e+00   2.10231102e+00  -1.54421590e-01 
  3.36201599e+00   2.69521639e+00  -1.57717755e+00 
  1.91110797e+00   2.39662433e+00  -1.77663917e+00 
  1.89783857e+00   1.13349477e+00  -2.56504627e+00 
  5.56353122e+00   2.04113278e+00  -2.82258523e-01 
  3.92190736e+00   2.86004338e+00   1.08795253e+00 
 -8.74675499e-01  -1.18374888e+00   8.31715847e-01 
  3.27842046e+00  -2.03714915e+00   1.23414370e+00 
 -5.00442473e+00  -2.37593870e+00   1.15339506e+01 
 -2.96088157e+00  -5.14295754e+00   9.93681450e+00 
  5.73612668e-01  -3.97777803e+00   1.07418000e+01 
  3.58587911e+00  -1.82895197e+00   9.78459202e+00 
  5.27249338e+00  -4.53932949e-01   6.74212054e+00 
  8.05986671e+00   2.01728265e+00   6.25444022e+00 
  3.78796123e+00   4.15179099e+00   9.21908114e+00 
  8.47106615e-01   1.88840029e+00   1.00235991e+01 
 -9.84747458e-01  -3.19507111e-01   7.50179627e+00 
 -4.73420191e+00  -7.67614593e-01   7.43294926e+00 
 -7.17522534e+00  -2.69454270e+00   5.34276040e+00 
 -9.65621437e+00  -1.67774825e-01   3.93685155e+00 
 -1.34275478e+01  -1.56021621e+00  -3.29687825e+00 
 -1.08700544e+01  -3.07254128e+00  -9.53945104e-01 
 -7.62034913e+00  -1.13434872e+00  -5.66760265e-01 
 -4.57224898e+00  -1.23371020e+00   1.66437931e+00 
 -3.90977314e+00   2.15180991e+00   3.35021805e+00 
 -5.37940882e-01   3.13620870e+00   4.90651862e+00 
 -7.62814396e-01   6.07305667e+00   7.26541049e+00 
  2.41885006e+00   8.04944254e+00   8.03982700e+00 
  9.11010442e+00   1.08454844e+01  -1.92065721e+00 
  7.08023378e+00   7.67612270e+00  -1.88086909e+00 
  4.01398579e+00   9.02501989e+00  -3.67608635e+00 
  8.02768691e+00   7.04894798e+00  -6.93013514e+00 
  4.72115809e+00   5.12145831e+00  -6.87095108e+00 
  3.16679294e+00  -2.89913246e+00  -1.38602341e+01 
  1.50925814e+00  -6.16932154e+00  -1.26715015e+01 
  4.39160285e+00  -6.97294127e+00  -1.03675899e+01 
  4.42388536e+00  -3.64665960e+00  -8.58571018e+00 
  1.65128551e+00  -3.27027714e+00  -5.98529248e+00 
 -7.79928253e-01  -8.45386091e-01  -7.58011565e+00 
 -7.80242869e-01   2.68574856e+00  -6.23919473e+00 
 -4.29990634e+00   4.07725545e+00  -6.31752263e+00 
 -4.04818665e+00   7.45831594e+00  -4.63742013e+00 
 -3.03151487e+00   9.50028052e+00  -1.59942757e+00 
 -4.68072596e+00   1.15437749e+01   1.16417037e+00 
 -3.25004002e+00   1.44200658e+01   3.25648605e+00 
 -7.95715673e-01   1.14654045e+01   5.43553291e+00 
 -2.07700027e+00   8.32509445e+00   3.74193763e+00 
 -1.10118026e+00   6.19489261e+00   7.74814578e-01 
 -3.66615571e+00   3.88838281e+00  -8.94421946e-01 
 -2.96566159e+00   8.34036436e-01  -3.01750025e+00 
 -4.81865082e+00  -2.19618353e+00  -4.31550240e+00 
 -5.59671375e+00  -4.77617635e+00  -1.58561099e+00 
 -3.80784137e+00  -8.13716274e+00  -1.91865041e+00 
 -5.62297385e+00  -1.10791238e+01  -4.07096296e-01 
 -3.05375333e+00  -1.36052263e+01   5.67532403e-01 
  1.66468405e-02  -1.24657259e+01   2.25098894e+00 
  3.63137788e+00  -1.14990291e+01   2.05118698e+00 
  6.05003367e+00  -1.41124537e+01   8.07317658e-01 
  1.00903822e+01  -1.12220371e+01   1.46252259e+00 
  7.92744578e+00  -8.98322896e+00   3.67523762e+00 
  7.45749986e+00  -6.60545983e+00   7.86932795e-01 
  6.58678298e+00  -9.27482807e+00  -1.72642668e+00 
  2.89668123e+00  -9.94960149e+00  -1.74218495e+00 
  1.18321746e+00  -1.29060700e+01  -3.25566440e+00 
  3.61556696e+00  -1.12452838e+01  -7.16191145e+00 
  3.24582923e+00  -7.57154818e+00  -6.29444383e+00 
  6.32145477e+00  -5.81769837e+00  -4.87718750e+00 
  5.17087968e+00  -3.25244151e+00  -2.23972356e+00 
  6.79728312e+00  -6.46939096e-01   6.17853808e-02 
  8.53445097e+00   2.30765483e+00  -1.61796363e+00 
  8.96605284e+00   4.48930116e+00   1.46015198e+00 
  1.27247595e+01   3.91517091e+00   1.17873090e+00 
  1.30418237e+01   3.86964088e+00  -2.65292240e+00 
  1.66459528e+01  -2.17628530e+00   1.05052747e+01 
  1.61048404e+01  -5.20445460e+00   8.24524657e+00 
 -7.80220628e+00  -3.51511623e+00  -1.03384242e+01 

   3.673327175829e+00 

 -3.72494854e+00  -4.80881381e+00   3.05584918e+00 
 -4.96857867e+00  -4.25100729e+00   2.77156612e+00 
 -4.92969789e+00  -2.91470655e+00   2.53410856e+00 
 -3.77384922e+00  -2.48960575e+00   1.93638716e+00 
 -2.50993556e+00  -3.05879484e+00   2.20800631e+00 
 -2.53641000e+00  -4.37430107e+00   2.53654341e+00 
 -4.01842559e+00  -5.85037444e+00   3.89523104e+00 
 -5.06088308e+00  -5.42586753e+00   4.54279379e+00 
 -5.85978379e+00  -4.85711415e+00   3.60508599e+00 
 -1.85273672e+00  -2.39039118e+00   1.10557029e+00 
 -1.18983156e+00  -3.32288820e+00   3.63732546e-01 
 -6.18313740e-01  -2.69144792e+00  -8.37629899e-01 
 -2.48944023e-01  -3.78620485e+00   1.11906552e+00 
  2.46341720e-01  -1.66149757e+00  -5.89768642e-01 
  7.53617665e-01  -1.10239552e+00  -1.70352345e+00 
  7.37166803e-02  -1.19002873e+00  -2.88662576e+00 
 -9.97407332e-01  -1.99353911e+00  -2.97367060e+00 
 -1.59271531e+00  -2.41493090e+00  -1.79886930e+00 
  1.46674663e+00   8.20801082e-02  -1.56546084e+00 
  2.18938665e+00   5.64122781e-01  -3.02162492e+00 
  1.20317443e+00   1.76031965e+00  -3.75687331e+00 
 -2.57065795e-01   1.47380896e+00  -3.89718134e+00 
 -8.67115860e-01   2.04762091e+00  -2.66598806e+00 
  3.44287789e+00   1.11128252e+00  -2.52651190e+00 
  2.62295500e+00  -5.67570904e-01  -3.85021861e+00 
 -2.89901728e+00  -2.29976192e+00  -1.41455513e+00 
  7.64426640e-01  -1.54629526e+00   6.22578375e-01 
 -3.47751845e+00  -1.38071541e+01  -1.92370660e+00 
 -2.89366632e+00  -1.20508703e+01   1.38656372e+00 
  8.85759101e-01  -1.15964680e+01   1.29849278e+00 
  3.88387821e+00  -9.50402002e+00   1.84763480e-01 
  4.79270557e+00  -5.94182125e+00  -5.05707694e-01 
  7.82707095e+00  -4.31780378e+00  -2.01215473e+00 
  5.49865623e+00  -8.11838406e+00  -5.43684048e+00 
  2.48456139e+00  -1.00603017e+01  -4.18664020e+00 
 -5.93005992e-01  -8.51969426e+00  -2.52979322e+00 
 -4.13372464e+00  -9.63922723e+00  -3.21820175e+00 
 -7.54675834e+00  -8.65204170e+00  -2.02773860e+00 
 -9.56987461e+00  -7.73443255e+00  -5.12312810e+00 
 -1.57189413e+01  -2.21678990e+00  -4.64012243e+00 
 -1.30472691e+01  -3.86251001e+00  -2.52564645e+00 
 -9.45309563e+00  -2.99668411e+00  -3.41970975e+00 
 -5.99156432e+00  -4.20273100e+00  -2.50209168e+00 
 -3.92761004e+00  -5.14887703e+00  -5.59847237e+00 
 -9.97276846e-02  -5.47695708e+00  -5.59173719e+00 
  1.25820824e+00  -7.38457242e+00  -8.55096491e+00 
  4.92716140e+00  -6.89993202e+00  -9.51673773e+00 
  8.50142654e+00   4.88757612e+00  -9.80180095e+00 
  5.81891681e+00   3.82172145e+00  -7.38624581e+00 
  2.82050316e+00   4.77571891e+00  -9.51782030e+00 
  4.86352343e+00   8.79315307e+00  -6.31005139e+00 
  1.36612508e+00   7.49000721e+00  -5.46042339e+00 
 -4.48538977e+00   1.25657528e+01   1.99562013e+00 
 -6.48360515e+00   1.05129192e+01   4.57392437e+00 
 -3.33883172e+00   9.09526249e+00   6.11092604e+00 
 -1.83059733e+00   7.86141505e+00   2.87934181e+00 
 -3.39417060e+00   4.62244714e+00   1.59269059e+00 
 -5.46123588e+00   5.71999116e+00  -1.38338000e+00 
 -4.07079732e+00   4.92001492e+00  -4.80298517e+00 
 -6.90938073e+00   4.12163284e+00  -7.17690343e+00 
 -5.22066906e+00   3.05703578e+00  -1.03913339e+01 
 -2.75843160e+00   7.62187447e-01  -1.21530653e+01 
 -2.80059204e+00  -2.07335284e+00  -1.47008435e+01 
 -4.57973125e-02  -3.24025916e+00  -1.70981612e+01 
  2.08934087e+00  -4.95282203e+00  -1.36325747e+01 
 -4.71567439e-01  -4.15265095e+00  -1.09543332e+01 
 -1.12924781e+00  -1.33841160e+00  -8.51685152e+00 
 -4.62005145e+00  -8.36284524e-01  -7.01765325e+00 
 -5.50199444e+00   9.75772870e-01  -3.81362300e+00 
 -8.42232478e+00   1.24520060e+00  -1.42622040e+00 
 -8.93530262e+00  -1.90834014e+00   6.96534075e-01 
 -8.33099425e+00  -1.50120344e+00   4.44836833e+00 
 -1.02781901e+01  -3.86290632e+00   6.65413907e+00 
 -8.31540612e+00  -4.34652018e+00   9.79190677e+00 
 -4.67732367e+00  -4.86468522e+00   9.55588659e+00 
 -1.20605336e+00  -3.46323066e+00   9.71993394e+00 
 -1.25780940e-01  -1.90778438e+00   1.29819415e+01 
  4.52931621e+00  -9.31958968e-01   1.14052192e+01 
  3.89505280e+00  -3.37544611e+00   8.53925619e+00 
  3.17103374e+00  -4.73556271e-01   6.24322230e+00 
  8.42388444e-01   1.28652850e+00   8.62653160e+00 
 -2.68850326e+00   1.04687694e-01   8.16994146e+00 
 -5.53266389e+00   6.29301796e-01   1.05369680e+01 
 -4.15225458e+00   5.26910222e+00   9.82984493e+00 
 -3.21219775e+00   4.82437205e+00   6.18237348e+00 
  5.09907813e-01   4.64047920e+00   5.37231743e+00 
  1.01943068e+00   2.14273787e+00   2.48056079e+00 
  3.94652474e+00   8.01146682e-01   3.91774578e-01 
  5.77171697e+00   3.30001245e+00  -1.84278966e+00 
  7.75465161e+00   8.10131243e-01  -3.91380833e+00 
  1.09134979e+01   2.12817952e+00  -2.23418414e+00 
  9.94062085e+00   5.83704777e+00  -1.94786914e+00 
  1.58579487e+01  -6.31104144e+00   4.38381946e+00 
  1.38135080e+01  -4.73879149e+00   7.19782576e+00 
 -1.34434333e+01   5.86515919e+00  -8.25200113e-01 

   3.673327175829e+00 

  4.39681130e+00   7.24755316e-03   4.26113083e+00 
  3.58508010e+00  -2.60452506e-01   5.36022593e+00 
  2.54587261e+00  -1.09025499e+00   5.08623126e+00 
  2.05276519e+00  -9.62922147e-01   3.81556248e+00 
  2.86655667e+00  -6.77564676e-01   2.69683756e+00 
  3.96127737e+00   7.62160472e-02   2.96627284e+00 
  5.63540839e+00   2.05905225e-01   4.81063206e+00 
  5.63193266e+00  -5.80431179e-01   5.84403625e+00 
  4.42001152e+00  -4.02161005e-01   6.42754767e+00 
  1.74896973e+00  -4.10193399e-01   1.81732008e+00 
  1.94217281e+00   8.02144737e-01   1.22383378e+00 
  7.59791979e-01   1.16013834e+00   4.22311900e-01 
  2.97896617e+00   6.73112511e-01   4.62998853e-01 
  4.34955497e-01   2.61827685e-01  -5.56146693e-01 
 -6.48370576e-01   6.12386797e-01  -1.27300560e+00 
 -1.58843390e+00   1.44593324e+00  -7.33415681e-01 
 -1.33341793e+00   2.06116377e+00   4.31475149e-01 
 -3.12254125e-01   1.56444181e+00   1.22053312e+00 
 -1.18369425e+00  -3.32308943e-01  -2.13993999e+00 
 -2.42605449e+00   3.12674266e-01  -3.09677083e+00 
 -3.93551568e+00  -1.16562380e-01  -2.40295925e+00 
 -4.13201769e+00   1.37166692e-01  -9.43135710e-01 
 -3.72237653e+00  -1.13548000e+00  -2.87527105e-01 
 -2.17968891e+00  -3.79544283e-01  -4.35211877e+00 
 -2.21040420e+00   1.72253198e+00  -3.44473031e+00 
 -3.57250576e-01   1.17432718e+00   2.52941510e+00 
  1.34730829e+00  -6.17593631e-01  -9.37852579e-01 
  6.67430123e+00   1.00234142e+01   4.82395473e+00 
  8.06403401e+00   6.52368960e+00   4.37242840e+00 
  8.42968825e+00   6.38228930e+00   5.85002174e-01 
  6.82401039e+00   5.68625454e+00  -2.81275942e+00 
  4.16655070e+00   3.54181307e+00  -4.33960469e+00 
  2.58615326e+00   3.45752890e+00  -7.74686588e+00 
  2.11224466e+00   8.48614038e+00  -5.28051733e+00 
  3.71648883e+00   8.97854730e+00  -1.87423657e+00 
  3.33184566e+00   6.61500634e+00   1.10162597e+00 
  2.87780853e+00   7.77850858e+00   4.66590174e+00 
  2.44850551e+00   6.12568416e+00   8.00122889e+00 
 -8.07053288e-01   7.44769952e+00   9.47433937e+00 
 -5.23970489e+00   2.81271990e+00   1.47047561e+01 
 -2.10229547e+00   2.71131638e+00   1.25920292e+01 
 -2.63130607e+00   2.79862770e+00   8.82644678e+00 
 -5.05734916e-01   3.20220131e+00   5.72840762e+00 
 -1.75864777e+00   6.05362600e+00   3.48290999e+00 
 -8.03178944e-01   6.43034988e+00  -2.19187212e-01 
 -1.46347796e+00   9.87694901e+00  -1.60662174e+00 
 -1.78166599e+00   1.02975435e+01  -5.39484921e+00 
 -9.00165609e+00   1.88134034e+00  -1.07652540e+01 
 -7.05228360e+00   9.55193554e-01  -7.68158565e+00 
 -9.81328273e+00   1.56893881e+00  -5.14300220e+00 
 -9.69477313e+00  -3.48527178e+00  -7.38897665e+00 
 -8.89407054e+00  -3.21518674e+00  -3.65564282e+00 
 -7.87369879e+00  -1.21864838e+01   2.18136630e+00 
 -5.02889004e+00  -1.24655556e+01   4.76667586e+00 
 -2.37238966e+00  -1.23317954e+01   2.08584791e+00 
 -3.64331169e+00  -9.19655201e+00   4.13934879e-01 
 -2.77097609e+00  -5.98987366e+00   2.29738662e+00 
 -6.06511622e+00  -4.88278991e+00   3.79983936e+00 
 -7.77977609e+00  -1.94731194e+00   2.15366453e+00 
 -9.54301228e+00   1.33425708e-01   4.77892388e+00 
 -1.08771985e+01   3.13824117e+00   2.90576924e+00 
 -1.01951164e+01   6.10889813e+00   6.38038911e-01 
 -1.02173102e+01   9.91689086e+00   8.16753043e-01 
 -1.06811562e+01   1.24882163e+01  -1.98874681e+00 
 -6.61371004e+00   1.15112456e+01  -3.40415726e+00 
 -5.66729518e+00   9.03039322e+00  -6.98390639e-01 
 -5.84658063e+00   5.28688211e+00  -2.00610543e-01 
 -5.74791639e+00   3.78378158e+00   3.32307947e+00 
 -4.75435551e+00   2.61065432e-01   4.28770009e+00 
 -3.74344770e+00  -1.64442381e+00   7.39378894e+00 
 -2.27723262e-01  -7.48746091e-01   8.63937919e+00 
  2.37051144e+00  -3.54383484e+00   8.42994070e+00 
  5.15401242e+00  -3.34241202e+00   1.09688751e+01 
  8.14555343e+00  -5.01666602e+00   9.49254678e+00 
  9.01086622e+00  -4.34317106e+00   5.97722563e+00 
  8.88336470e+00  -5.36660359e+00   2.37486069e+00 
  1.04644025e+01  -8.66721696e+00   1.46197200e+00 
  9.56761633e+00  -8.16552156e+00  -3.44234182e+00 
  8.94243380e+00  -4.45615207e+00  -2.78174470e+00 
  5.22622968e+00  -5.09378046e+00  -2.79577750e+00 
  5.37436371e+00  -8.07997281e+00  -5.02011585e-01 
  5.13269932e+00  -7.02534260e+00   3.08989207e+00 
  5.97666601e+00  -9.10355429e+00   6.07921316e+00 
  2.69390928e+00  -1.20184790e+01   3.92050450e+00 
  4.93709969e-01  -9.20978002e+00   2.63369724e+00 
  7.36429009e-01  -8.39617771e+00  -1.08426133e+00 
  3.47786627e-01  -4.58804646e+00  -1.53997542e+00 
  2.57145562e-01  -2.08787134e+00  -4.45059098e+00 
 -2.66049474e+00  -2.37605018e+00  -6.89461680e+00 
 -2.16974961e+00   9.29203053e-01  -8.69881381e+00 
 -1.19283273e+00  -1.05969063e+00  -1.18014956e+01 
 -3.59259893e+00  -4.03552908e+00  -1.13895763e+01 
  1.01171769e+01   9.36794703e-01  -1.45517216e+01 
  1.07581046e+01  -2.18866195e+00  -1.24562332e+01 
 -7.28641306e+00  -5.65251545e+00   1.16715654e+01 

   3.673327175829e+00 

  3.21621722e-01  -4.72157671e+00  -3.16797225e-01 
  1.06836592e+00  -4.67029081e+00   8.57223104e-01 
  1.97323852e+00  -3.65845455e+00   8.88694298e-01 
  1.57484444e+00  -2.53512757e+00   2.15354573e-01 
  8.05337180e-01  -2.57703445e+00  -9.68424677e-01 
 -4.15564119e-02  -3.63228031e+00  -1.06019393e+00 
  4.61230643e-02  -6.05423804e+00  -4.70594137e-01 
  1.08942998e+00  -6.63453935e+00   4.03093030e-02 
  1.34858616e+00  -5.96154942e+00   1.18963142e+00 
  5.22778911e-01  -1.15782244e+00  -9.62338997e-01 
 -8.24307540e-01  -9.81468695e-01  -1.07884916e+00 
 -1.15447852e+00   4.47479571e-01  -9.45750875e-01 
 -1.14643760e+00  -1.40980620e+00  -2.25495238e+00 
 -5.44671506e-01   1.26572743e+00  -1.85595296e+00 
 -8.62930122e-01   2.56513134e+00  -1.71230516e+00 
 -1.28328929e+00   3.03915493e+00  -5.00580850e-01 
 -1.55908806e+00   2.17319104e+00   4.86614152e-01 
 -1.07020944e+00   8.84278339e-01   3.77883071e-01 
 -1.33023527e-01   3.49442133e+00  -2.44323142e+00 
 -7.64725595e-01   5.06081339e+00  -2.29371232e+00 
  1.54686363e-01   5.91667083e+00  -1.12483193e+00 
  3.97237325e-01   5.25715991e+00   1.94368817e-01 
  1.69479520e+00   4.54760713e+00   2.07700531e-02 
 -5.47806041e-01   5.56333166e+00  -3.64137039e+00 
 -2.22667043e+00   5.08060738e+00  -2.16102804e+00 
 -3.04623324e-01   1.83685033e-01   1.26694609e+00 
 -2.84687329e-02   7.25608423e-01  -2.94832424e+00 
 -9.30712421e+00  -6.90626063e+00   2.57140883e+00 
 -6.47008652e+00  -7.80521927e+00   2.20579973e-01 
 -7.55100612e+00  -5.97430811e+00  -2.93816528e+00 
 -7.59178478e+00  -2.73476916e+00  -4.96576834e+00 
 -5.50498244e+00   3.18010171e-01  -5.52948106e+00 
 -6.12354580e+00   3.54287736e+00  -7.35480286e+00 
 -9.96837037e+00   2.55242851e+00  -3.37601749e+00 
 -9.73510128e+00  -6.91012618e-01  -1.41528097e+00 
 -6.56110880e+00  -2.05267291e+00   2.16186809e-01 
 -6.48083486e+00  -3.68341810e+00   3.62179618e+00 
 -3.85158469e+00  -5.20963621e+00   5.81228440e+00 
 -3.96895313e+00  -3.34745274e+00   9.13417235e+00 
  2.83230798e+00  -2.63737150e+00   1.37954305e+01 
  1.64525524e+00  -4.03993986e+00   1.04877208e+01 
  5.42435331e-01  -1.48175643e+00   7.89801576e+00 
 -1.20203330e+00  -1.49256679e+00   4.54607851e+00 
 -4.27332326e+00   8.11504986e-01   4.51284912e+00 
 -5.93280534e+00   2.10773169e+00   1.29939603e+00 
 -9.42297636e+00   3.43967684e+00   1.83291574e+00 
 -1.08864646e+01   5.83688672e+00  -7.63311870e-01 
 -3.17177138e+00   1.48156146e+01  -4.17914778e+00 
 -1.78546868e+00   1.14666980e+01  -3.16438979e+00 
 -1.02533130e+00   1.23191070e+01   4.60495777e-01 
  2.98280771e+00   1.34790574e+01  -3.17169740e+00 
  3.68706423e+00   1.07150480e+01  -6.19026878e-01 
  1.35840617e+01   6.57155362e+00   7.15528471e-02 
  1.40334186e+01   2.76436244e+00   4.69066554e-01 
  1.25559812e+01   2.07947692e+00  -2.93825425e+00 
  9.39630799e+00   4.07576308e+00  -2.41710732e+00 
  6.79553451e+00   2.29866012e+00  -2.56313887e-01 
  6.89509804e+00   4.17589159e+00   3.03008947e+00 
  4.02072025e+00   6.52405354e+00   3.73085241e+00 
  3.23488138e+00   6.50528039e+00   7.43390014e+00 
  1.49300579e-01   8.66700458e+00   7.78577638e+00 
 -3.43882680e+00   9.38490269e+00   6.76469662e+00 
 -6.92693992e+00   9.30797561e+00   8.30105234e+00 
 -1.00682747e+01   1.12750716e+01   7.32113101e+00 
 -1.04223829e+01   8.71002414e+00   3.74382539e+00 
 -7.49478708e+00   6.40048917e+00   4.42700443e+00 
 -3.82204814e+00   6.26295590e+00   3.54050736e+00 
 -1.38457942e+00   4.19460198e+00   5.65382121e+00 
  1.98078764e+00   2.82532607e+00   4.59241964e+00 
  4.47944775e+00   2.37836970e-01   5.75955697e+00 
  3.29413062e+00  -3.36747063e+00   5.20203349e+00 
  5.29836264e+00  -5.40035760e+00   2.66084603e+00 
  5.29896049e+00  -9.13008962e+00   3.22982345e+00 
  5.79785721e+00  -1.07728046e+01  -8.44756800e-02 
  3.93667078e+00  -9.50686322e+00  -2.99878895e+00 
  3.83446595e+00  -7.37394712e+00  -6.07790035e+00 
  6.30808848e+00  -8.17083705e+00  -8.81162545e+00 
  4.55330908e+00  -4.66679339e+00  -1.19342277e+01 
  1.42610486e+00  -4.51703522e+00  -9.74680230e+00 
  2.78223261e+00  -1.43937606e+00  -8.04214057e+00 
  6.22140054e+00  -2.85795904e+00  -7.44180998e+00 
  6.36755628e+00  -4.67990096e+00  -4.16590025e+00 
  9.02644568e+00  -7.06392432e+00  -3.06407264e+00 
  1.17700509e+01  -3.13966669e+00  -4.06713446e+00 
  9.22179207e+00  -5.92900294e-01  -2.88142901e+00 
  7.29770196e+00   1.30181639e+00  -5.57438336e+00 
  3.69455700e+00   1.88502025e+00  -4.33430216e+00 
  5.10943442e-01   3.60284621e+00  -5.61666447e+00 
  6.47305464e-01   7.38983644e+00  -6.07387836e+00 
 -3.07378547e+00   8.00522552e+00  -6.51595879e+00 
 -2.35463689e+00   8.94276137e+00  -1.01409485e+01 
  1.03540312e+00   1.06894350e+01  -9.65010252e+00 
 -7.37256822e+00   1.14930330e+00  -1.74586252e+01 
 -3.96488405e+00  -5.64988139e-01  -1.73199431e+01 
  1.02273500e+01   7.50237862e-01   9.44952144e+00 

   3.673327175829e+00 

  1.50755043e+00  -5.60883193e+00  -1.70463194e+00 
  2.56540196e+00  -5.61854532e+00  -7.99404533e-01 
  3.25149488e+00  -4.44815785e+00  -7.44022748e-01 
  2.47967328e+00  -3.34005704e+00  -9.68459255e-01 
  1.39591402e+00  -3.32488234e+00  -1.87425533e+00 
  7.52345978e-01  -4.51060984e+00  -2.01233011e+00 
  1.42496969e+00  -6.90982438e+00  -2.12432025e+00 
  2.65757069e+00  -7.31587424e+00  -2.07871828e+00 
  3.14787600e+00  -6.84578704e+00  -9.04138594e-01 
  8.96091615e-01  -2.04465941e+00  -1.42121476e+00 
 -4.28950837e-01  -2.17400638e+00  -1.12651316e+00 
 -9.35027333e-01  -9.21390008e-01  -5.40458573e-01 
 -1.02748664e+00  -2.42119807e+00  -2.24504378e+00 
 -7.87893508e-01   1.84186617e-01  -1.33160581e+00 
 -1.25783150e+00   1.31441209e+00  -7.72926632e-01 
 -1.34966476e+00   1.42128234e+00   5.87154768e-01 
 -1.15248654e+00   3.34314797e-01   1.34882051e+00 
 -5.13889281e-01  -7.52385292e-01   7.80140310e-01 
 -9.60772377e-01   2.51802753e+00  -1.40035190e+00 
 -1.76650955e+00   3.82624374e+00  -6.83173044e-01 
 -6.83638947e-01   4.62319133e+00   3.82827651e-01 
  6.76223835e-02   3.78893247e+00   1.36958741e+00 
  1.34459390e+00   3.45814078e+00   6.78806172e-01 
 -2.07101122e+00   4.62630607e+00  -1.85915773e+00 
 -3.09444605e+00   3.47070670e+00  -1.67947187e-01 
  5.98025708e-01  -1.41482008e+00   1.21855946e+00 
 -5.57951366e-01   1.33046742e-02  -2.62365644e+00 
 -6.21853966e+00  -1.05554037e+01   2.95007381e+00 
 -4.15461520e+00  -1.02623442e+01  -2.18149301e-01 
 -6.46304035e+00  -8.14446975e+00  -2.38242185e+00 
 -7.68018205e+00  -4.66806524e+00  -3.40253332e+00 
 -6.41813376e+00  -1.15747882e+00  -3.67638508e+00 
 -8.10929057e+00   2.12690986e+00  -4.35973591e+00 
 -1.02875796e+01  -5.28572047e-01   8.97439008e-02 
 -8.91088208e+00  -3.94946438e+00   9.95841071e-01 
 -5.20439744e+00  -4.81660212e+00   1.31219200e+00 
 -3.78715779e+00  -7.03186284e+00   4.02291158e+00 
 -3.86715980e-01  -8.29731351e+00   4.95894945e+00 
  2.34596656e-01  -7.22349892e+00   8.56135629e+00 
  7.93519107e+00  -5.86843156e+00   1.12730594e+01 
  6.02230082e+00  -6.81854506e+00   8.14970050e+00 
  3.75025740e+00  -4.12917444e+00   6.71018984e+00 
  1.06947630e+00  -3.88040345e+00   4.05871918e+00 
 -2.19710731e+00  -2.41461464e+00   5.44564661e+00 
 -4.97386878e+00  -9.31429124e-01   3.24334743e+00 
 -8.29120632e+00  -6.02988585e-01   5.01179687e+00 
 -1.08754065e+01   1.84895220e+00   3.61942254e+00 
 -6.24150337e+00   1.29026301e+01   7.65455568e-01 
 -4.06653612e+00   9.84590216e+00   4.60917907e-01 
 -2.36092114e+00   1.01079184e+01   3.84712971e+00 
  5.04162948e-02   1.28936300e+01  -2.79461279e-01 
  1.97282004e+00   9.92132975e+00   1.17712627e+00 
  1.21328369e+01   8.19867094e+00  -1.88922479e+00 
  1.33151430e+01   4.60773325e+00  -2.63886618e+00 
  1.09794145e+01   4.29058551e+00  -5.58937700e+00 
  7.85581052e+00   5.33141769e+00  -3.74545353e+00 
  6.40117165e+00   2.58975506e+00  -1.51869408e+00 
  7.21156057e+00   3.73659296e+00   1.99732505e+00 
  4.35204346e+00   5.14353982e+00   4.02479723e+00 
  4.78327861e+00   4.19432373e+00   7.66395685e+00 
  1.64807424e+00   5.44401952e+00   9.37463836e+00 
 -2.14601791e+00   5.47820092e+00   9.56525849e+00 
 -4.91067629e+00   4.26669487e+00   1.18938111e+01 
 -8.48348702e+00   5.58593734e+00   1.23323537e+01 
 -9.50790317e+00   3.78343585e+00   8.43318242e+00 
 -6.17065556e+00   2.14761149e+00   7.68594783e+00 
 -2.99352769e+00   3.06857442e+00   5.85524043e+00 
  2.94242853e-01   1.25785276e+00   6.62808523e+00 
  3.33547606e+00   9.70387563e-01   4.39303500e+00 
  6.47033439e+00  -1.12887591e+00   4.13541525e+00 
  5.79131437e+00  -4.72470772e+00   2.98520770e+00 
  7.20706284e+00  -5.66897417e+00  -4.36959204e-01 
  8.01083299e+00  -9.32749799e+00  -8.88394209e-01 
  7.71171112e+00  -1.01035500e+01  -4.52711082e+00 
  4.84542599e+00  -8.75725367e+00  -6.40640326e+00 
  3.42609383e+00  -6.13564958e+00  -8.67651167e+00 
  5.01308884e+00  -5.75504100e+00  -1.20770526e+01 
  1.80606014e+00  -2.21474908e+00  -1.35901679e+01 
 -4.54876833e-01  -3.25590922e+00  -1.06934778e+01 
  8.32260859e-01  -3.51498456e-01  -8.66256307e+00 
  4.47239342e+00  -1.00235722e+00  -9.38814444e+00 
  5.94250506e+00  -3.35756400e+00  -6.86540957e+00 
  9.17253155e+00  -5.21224373e+00  -7.17261665e+00 
  1.07645359e+01  -6.28985203e-01  -7.79916615e+00 
  8.32877668e+00   9.46749166e-01  -5.35587368e+00 
  5.36789948e+00   2.83109212e+00  -6.84803152e+00 
  2.29217952e+00   2.27910193e+00  -4.59063583e+00 
 -1.37334570e+00   3.41222002e+00  -4.48698919e+00 
 -2.02362107e+00   7.13525597e+00  -3.95306098e+00 
 -5.74304282e+00   6.92399787e+00  -3.21690311e+00 
 -6.36595770e+00   8.71473850e+00  -6.52476099e+00 
 -3.33617144e+00   1.10820747e+01  -6.50789621e+00 
 -1.20476559e+01   1.58668020e+00  -1.40330968e+01 
 -8.53235285e+00   7.40143428e-01  -1.52563545e+01 
  1.29146854e+01  -1.68853980e-02   6.17271493e+00 

   3.673327175829e+00 

 -2.83086916e+00  -4.63617044e+00   3.85195311e+00 
 -3.06047850e+00  -5.47551899e+00   2.76505181e+00 
 -3.57870256e+00  -4.84185410e+00   1.68176510e+00 
 -3.15756039e+00  -3.54696053e+00   1.54084793e+00 
 -2.90858820e+00  -2.69260082e+00   2.63780429e+00 
 -2.47566716e+00  -3.31838878e+00   3.76037410e+00 
 -3.00593595e+00  -5.45244467e+00   4.93758069e+00 
 -3.91176682e+00  -6.29164141e+00   4.53573432e+00 
 -3.54491631e+00  -6.64147431e+00   3.27714132e+00 
 -2.26521544e+00  -1.67416070e+00   1.83599997e+00 
 -1.05735992e+00  -1.37811041e+00   2.39524628e+00 
 -3.23165109e-01  -4.39000919e-01   1.53057725e+00 
 -1.31059080e+00  -8.32183613e-01   3.53905467e+00 
 -9.70055416e-01   7.39903187e-01   1.28242402e+00 
 -2.78214108e-01   1.57915631e+00   4.90348535e-01 
  6.62551139e-01   1.08970863e+00  -3.72830315e-01 
  1.02616526e+00  -1.99272526e-01  -2.90218283e-01 
  1.97592732e-01  -1.06698535e+00   3.97286426e-01 
 -9.37276901e-01   2.70250143e+00   6.27346167e-03 
  1.09437166e-01   3.74727829e+00  -8.23074797e-01 
 -5.53824672e-02   3.46927519e+00  -2.50819807e+00 
  2.19812690e-02   2.05835700e+00  -2.99543616e+00 
 -1.39227509e+00   1.59253152e+00  -3.00742333e+00 
 -4.30995378e-01   5.03669849e+00  -4.21715590e-01 
  1.46643649e+00   3.76483813e+00  -2.63142558e-01 
 -3.57508333e-01  -2.23896727e+00  -3.36513070e-02 
 -1.97149099e+00   1.09225388e+00   2.07264211e+00 
  6.19641584e+00  -7.57565949e+00   7.81362648e+00 
  2.57404201e+00  -6.74548836e+00   8.57028329e+00 
  2.90389388e+00  -3.15587620e+00   9.79673213e+00 
  3.09926149e+00   5.65329007e-01   8.94707756e+00 
  1.87250681e+00   2.98326731e+00   6.37013654e+00 
  2.65191503e+00   6.59005967e+00   5.66461520e+00 
  7.24056925e+00   3.34453962e+00   5.59215810e+00 
  6.84840504e+00  -3.45135746e-01   6.39919931e+00 
  4.23112938e+00  -2.66685308e+00   4.86638136e+00 
  4.93739968e+00  -6.22223305e+00   3.80600197e+00 
  2.96191809e+00  -9.01761392e+00   2.28158238e+00 
  4.77218727e+00  -1.00299848e+01  -9.14426528e-01 
  5.77901670e-01  -1.32585448e+01  -7.27627092e+00 
  6.21247347e-02  -1.18445268e+01  -3.80470602e+00 
  8.15637397e-01  -8.13938669e+00  -3.39089248e+00 
  1.16273927e+00  -5.67272413e+00  -5.49437375e-01 
  4.52176390e+00  -3.81575981e+00  -6.55785759e-01 
  5.20130667e+00  -5.27544776e-01   1.21135879e+00 
  8.87120041e+00   2.70676954e-01   1.57842417e+00 
  9.89988768e+00   3.89044103e+00   2.26247186e+00 
  4.25295603e+00   1.21343971e+01  -4.94525532e+00 
  2.46324532e+00   8.95931899e+00  -4.00577377e+00 
  3.32299498e+00   6.96121946e+00  -7.12228370e+00 
 -1.24015569e+00   1.00719358e+01  -7.44568773e+00 
 -1.70797209e+00   6.27367244e+00  -7.52439772e+00 
 -1.14224923e+01   2.20036683e+00  -9.67667183e+00 
 -1.27242862e+01  -8.02454333e-01  -7.64122571e+00 
 -1.28201077e+01   1.20861722e+00  -4.44620865e+00 
 -9.26724224e+00   2.46360729e+00  -4.65220343e+00 
 -6.65778221e+00  -1.41624871e-01  -3.65489222e+00 
 -5.04962273e+00  -1.13276293e+00  -6.93602409e+00 
 -1.59009556e+00   2.25849116e-01  -7.60894755e+00 
  4.37657285e-01  -2.34105499e+00  -9.51411930e+00 
  3.90892086e+00  -8.54830966e-01  -9.75731596e+00 
  6.93857592e+00   6.09415766e-01  -7.99385025e+00 
  1.05810235e+01  -2.94839176e-01  -7.32441896e+00 
  1.35695705e+01   1.99454143e+00  -6.59983592e+00 
  1.18951696e+01   2.72067424e+00  -2.57850662e+00 
  8.89659862e+00   4.12021756e-01  -2.80255702e+00 
  5.26444606e+00   6.95035540e-01  -3.81308893e+00 
  3.28357790e+00  -2.41684725e+00  -4.85125268e+00 
 -4.75133525e-01  -2.86174917e+00  -4.81470265e+00 
 -2.99329022e+00  -5.67914356e+00  -4.96230852e+00 
 -3.12537324e+00  -7.75874161e+00  -1.74176851e+00 
 -6.38443127e+00  -7.54158025e+00   2.42819822e-01 
 -7.20307782e+00  -1.05805070e+01   2.32353571e+00 
 -9.29070141e+00  -9.44351244e+00   5.20121888e+00 
 -8.33196713e+00  -6.37384523e+00   6.99504614e+00 
 -8.76352405e+00  -2.69150851e+00   7.53805519e+00 
 -1.21715286e+01  -1.49560527e+00   8.62544445e+00 
 -1.07688765e+01   3.29686915e+00   9.04134549e+00 
 -7.15194419e+00   2.07091230e+00   9.00268777e+00 
 -6.90424924e+00   2.95870667e+00   5.34654113e+00 
 -1.01445494e+01   1.30472024e+00   4.36397589e+00 
 -9.59612198e+00  -2.29901965e+00   3.47814030e+00 
 -1.22248776e+01  -4.93714305e+00   3.16631847e+00 
 -1.39564656e+01  -1.63708465e+00  -2.99036786e-03 
 -1.05588852e+01  -5.00834498e-01  -1.24835099e+00 
 -9.29199799e+00   2.86205240e+00   2.83892777e-02 
 -5.47250939e+00   2.64089793e+00   5.00807849e-01 
 -2.62340485e+00   4.96955956e+00   1.59200569e+00 
 -1.87100188e+00   7.96126767e+00  -6.55772423e-01 
  1.45740241e+00   8.95438754e+00   8.79185039e-01 
 -2.30846423e-01   1.21207440e+01   2.16786716e+00 
 -2.59872416e+00   1.27862451e+01  -7.87540268e-01 
 -5.25024545e-01   1.20893398e+01   1.39737339e+01 
 -3.98439872e+00   1.05530964e+01   1.34807574e+01 
 -6.65173161e+00  -8.29424336e+00  -1.01289160e+01 

   3.673327175829e+00 

  8.44130084e-01  -4.01790436e+00   2.70299173e+00 
  1.77473745e+00  -4.34237357e+00   1.71949260e+00 
  1.49516479e+00  -3.81022240e+00   5.02014990e-01 
  8.70588796e-01  -2.59333226e+00   5.57250177e-01 
 -6.41241565e-02  -2.25029687e+00   1.55918298e+00 
  1.45358424e-01  -2.84338501e+00   2.76066442e+00 
  8.64241560e-01  -5.10054247e+00   3.54146026e+00 
  1.12447466e+00  -6.09066101e+00   2.74258277e+00 
  2.11424457e+00  -5.64524835e+00   1.92834583e+00 
 -8.64660538e-02  -8.46601844e-01   1.20821279e+00 
  1.41518220e-01  -1.12424819e-01   2.33441190e+00 
  2.53182556e-01   1.31419742e+00   1.98670336e+00 
 -8.75150896e-01  -3.08519781e-01   3.10796879e+00 
 -8.41437039e-01   1.84023604e+00   1.35825026e+00 
 -7.13410763e-01   3.14406882e+00   1.05165096e+00 
  5.28714614e-01   3.69348210e+00   8.93709191e-01 
  1.61338887e+00   2.97952237e+00   1.23172644e+00 
  1.47352411e+00   1.61146241e+00   1.37653838e+00 
 -1.67494667e+00   3.71141886e+00   2.24511713e-01 
 -1.47840314e+00   5.38904975e+00   7.64819566e-02 
 -6.55906169e-01   5.72015458e+00  -1.39251770e+00 
  5.97663196e-01   4.95842432e+00  -1.67958405e+00 
  1.41847317e-01   3.77623722e+00  -2.46183955e+00 
 -2.86839360e+00   5.81592707e+00   3.82292973e-02 
 -9.69236686e-01   6.01826444e+00   1.30127500e+00 
  2.17909902e+00   6.11916479e-01   7.67885674e-01 
 -1.98903929e+00   1.18487174e+00   1.42878776e+00 
  6.30292727e+00  -2.06437282e+00   1.12007899e+01 
  3.36217718e+00  -3.96549407e+00   9.74441336e+00 
  4.73445206e-01  -1.70242468e+00   1.07603066e+01 
 -1.70053635e+00   1.34288159e+00   9.98097123e+00 
 -3.00944977e+00   3.25125584e+00   7.04212264e+00 
 -4.83637194e+00   6.51779994e+00   6.71618751e+00 
  7.11391359e-02   7.05752439e+00   9.40308731e+00 
  2.13063427e+00   3.93053091e+00   1.00349133e+01 
  2.96752427e+00   1.28017248e+00   7.41475125e+00 
  6.34150195e+00  -3.90673174e-01   7.11726441e+00 
  7.87091769e+00  -2.98627166e+00   4.88919512e+00 
  1.09645459e+01  -1.40799399e+00   3.32236825e+00 
  1.36181041e+01  -3.85842873e+00  -4.12361685e+00 
  1.08466618e+01  -4.47032598e+00  -1.62123303e+00 
  8.45893726e+00  -1.56657801e+00  -1.04321399e+00 
  5.69069619e+00  -6.81147321e-01   1.37166176e+00 
  6.29718849e+00   2.70338364e+00   3.08040113e+00 
  3.54584103e+00   4.72945879e+00   4.83695227e+00 
  4.87748932e+00   7.38423379e+00   7.16480481e+00 
  2.58954209e+00   1.02949379e+01   8.12496617e+00 
 -3.36500679e+00   1.53246090e+01  -1.41692759e+00 
 -2.51031732e+00   1.16597476e+01  -1.48839979e+00 
  7.17807857e-01   1.19390201e+01  -3.47470793e+00 
 -3.91112217e+00   1.14673654e+01  -6.46703796e+00 
 -1.43983014e+00   8.54742357e+00  -6.60308088e+00 
 -3.06893589e+00   5.83504556e-01  -1.36399845e+01 
 -2.52988698e+00  -3.07122924e+00  -1.25413533e+01 
 -5.37282421e+00  -2.90613380e+00  -1.00609953e+01 
 -4.18748574e+00   2.10953315e-01  -8.29491833e+00 
 -1.29879165e+00  -4.01034383e-01  -5.87168425e+00 
  1.70278601e+00   1.10090228e+00  -7.62356202e+00 
  2.96092589e+00   4.40749609e+00  -6.30049649e+00 
  6.73191674e+00   4.54757411e+00  -6.60126851e+00 
  7.72302941e+00   7.79110587e+00  -4.92350969e+00 
  7.62840364e+00   1.00048668e+01  -1.83758222e+00 
  1.00261031e+01   1.13361472e+01   8.10430208e-01 
  9.76410944e+00   1.44899585e+01   2.97434568e+00 
  6.59876678e+00   1.24866994e+01   5.31304948e+00 
  6.65581557e+00   9.12722766e+00   3.55743073e+00 
  4.85063050e+00   7.49314253e+00   6.65221117e-01 
  6.39504415e+00   4.49147957e+00  -1.14868160e+00 
  4.59073688e+00   1.88056546e+00  -3.21139535e+00 
  5.24590679e+00  -1.57216360e+00  -4.60782872e+00 
  5.27942306e+00  -4.30852488e+00  -1.91984516e+00 
  2.45524945e+00  -6.87524988e+00  -2.12763183e+00 
  3.27127120e+00  -1.02784005e+01  -7.17911628e-01 
  6.92160742e-02  -1.18195489e+01   4.23882505e-01 
 -2.33922948e+00  -9.74980952e+00   2.28812856e+00 
 -5.42940433e+00  -7.63057161e+00   2.30694383e+00 
 -8.65082329e+00  -9.26770403e+00   1.22557795e+00 
 -1.14487705e+01  -5.20722285e+00   2.11563515e+00 
 -8.53533001e+00  -3.85396103e+00   4.18135798e+00 
 -7.47157676e+00  -1.72154137e+00   1.25934578e+00 
 -7.69240786e+00  -4.48674265e+00  -1.29125142e+00 
 -4.44673955e+00  -6.35235780e+00  -1.53111755e+00 
 -3.91104173e+00  -9.68551725e+00  -3.13435183e+00 
 -5.87756685e+00  -7.24501188e+00  -6.89068160e+00 
 -4.25243304e+00  -3.91931236e+00  -6.06351620e+00 
 -6.47664797e+00  -1.26430926e+00  -4.46730078e+00 
 -4.38149465e+00   7.27084209e-01  -1.91675840e+00 
 -4.90553395e+00   3.68740823e+00   4.69166763e-01 
 -5.65398865e+00   7.07925313e+00  -1.11328002e+00 
 -5.14917785e+00   9.22904857e+00   1.97608921e+00 
 -8.89374262e+00   9.94508841e+00   1.92896846e+00 
 -9.43501798e+00   1.00708932e+01  -1.87568184e+00 
 -1.40608103e+01   5.35602405e+00   1.15053934e+01 
 -1.46963918e+01   2.35825996e+00   9.22947915e+00 
  7.25480969e+00  -3.71069268e+00  -1.07971563e+01 

   3.673327175829e+00 

 -6.54323949e+00   1.87186738e+00   2.41863395e+00 
 -7.24132552e+00   1.02483387e+00   1.56201794e+00 
 -6.60479791e+00  -1.47794328e-01   1.31027764e+00 
 -5.23947213e+00  -4.88251035e-02   1.30263950e+00 
 -4.52364380e+00   8.17832728e-01   2.15804872e+00 
 -5.18006927e+00   1.95568268e+00   2.49509061e+00 
 -7.52991661e+00   2.56309924e+00   3.06994494e+00 
 -8.50108321e+00   1.70362518e+00   3.13628510e+00 
 -8.55482258e+00   1.12626676e+00   1.90958708e+00 
 -3.26772432e+00   6.42496372e-01   1.46093870e+00 
 -2.76293516e+00   1.87219517e+00   1.15705396e+00 
 -1.55050631e+00   1.72516797e+00   3.34241422e-01 
 -2.47588282e+00   2.43578335e+00   2.28418700e+00 
 -5.50002457e-01   9.92397804e-01   9.10350709e-01 
  5.45424145e-01   8.73290368e-01   1.38192859e-01 
  4.44236643e-01   9.92807484e-01  -1.22017114e+00 
 -7.08373903e-01   1.41675701e+00  -1.76078942e+00 
 -1.84995044e+00   1.36773781e+00  -9.81994940e-01 
  1.52497194e+00  -2.66637724e-02   5.39646927e-01 
  2.91213013e+00   6.65282974e-02  -4.30968832e-01 
  2.85636542e+00  -1.19330132e+00  -1.59450281e+00 
  1.59993658e+00  -1.35866953e+00  -2.38704060e+00 
  7.98958231e-01  -2.34460777e+00  -1.61011228e+00 
  3.94819354e+00  -1.50093725e-01   5.66732779e-01 
  3.18829610e+00   1.42666533e+00  -9.09549242e-01 
 -3.04624240e+00   7.67379187e-01  -1.25738778e+00 
 -5.84310214e-01   7.90135074e-01   2.21778392e+00 
 -7.66306312e+00   1.13342254e+01  -1.45913633e+00 
 -7.89806686e+00   9.18699081e+00   1.65814818e+00 
 -4.56641117e+00   9.97692863e+00   3.32379012e+00 
 -8.32918453e-01   9.22511669e+00   3.64513193e+00 
  1.55322310e+00   6.36529943e+00   3.29908085e+00 
  5.30344360e+00   6.14196230e+00   3.31154941e+00 
  3.37159590e+00   9.65402744e+00  -6.28978597e-01 
 -3.75135328e-01   1.02324550e+01  -8.44011773e-01 
 -3.02718825e+00   7.48384333e+00  -8.86242535e-01 
 -6.08902821e+00   7.55007513e+00  -3.09637790e+00 
 -9.03290559e+00   5.30710155e+00  -3.68220406e+00 
 -9.06582255e+00   4.48232585e+00  -7.40176098e+00 
 -1.22622220e+01  -2.66101438e+00  -1.00933064e+01 
 -1.15593089e+01  -7.48966717e-01  -6.90469814e+00 
 -7.88877578e+00  -2.25630697e-01  -6.05593863e+00 
 -5.86740326e+00   1.78456806e+00  -3.57563117e+00 
 -3.22735285e+00   3.97159722e+00  -5.30470903e+00 
 -1.91102948e-01   5.48008014e+00  -3.49749265e+00 
  1.44473752e+00   8.30429491e+00  -5.39165521e+00 
  5.06285484e+00   9.21899007e+00  -4.55417655e+00 
  1.25925747e+01  -4.92893877e-01  -3.66839432e+00 
  8.96474036e+00  -8.69009386e-01  -2.73878867e+00 
  7.73740455e+00  -2.24078670e+00  -6.06385696e+00 
  9.60595105e+00  -5.99697612e+00  -2.45788060e+00 
  5.86856862e+00  -6.07594248e+00  -3.28103848e+00 
 -1.59292872e-01  -1.42068175e+01   3.45221493e-01 
 -3.66280014e+00  -1.34893980e+01   1.78236777e+00 
 -2.24169601e+00  -1.15157192e+01   4.67144714e+00 
 -1.13217233e-01  -9.20894036e+00   2.57653986e+00 
 -2.09301023e+00  -6.43192761e+00   8.56142873e-01 
 -2.14400377e+00  -7.46242924e+00  -2.78663409e+00 
  1.29667325e-01  -5.55378802e+00  -5.12211893e+00 
 -1.52707720e+00  -5.20305322e+00  -8.50777106e+00 
  8.07375772e-01  -2.99955131e+00  -1.05109151e+01 
  2.70953298e+00   2.74931920e-01  -1.08145549e+01 
  2.66582628e+00   3.42793084e+00  -1.29569665e+01 
  5.50150845e+00   5.88747414e+00  -1.37362292e+01 
  5.17189357e+00   7.40351981e+00  -9.60162690e+00 
  2.24050797e+00   5.28416984e+00  -8.46723867e+00 
  1.74388939e+00   1.95384206e+00  -6.74791013e+00 
 -1.57651966e+00   6.89009101e-02  -7.07550400e+00 
 -2.95733324e+00  -2.56922794e+00  -4.73866527e+00 
 -6.26502825e+00  -4.24896931e+00  -4.00502065e+00 
 -8.76731282e+00  -1.94828365e+00  -2.22753102e+00 
 -9.67985466e+00  -2.93591967e+00   1.35004521e+00 
 -1.31025157e+01  -1.83722110e+00   2.49585909e+00 
 -1.29730340e+01  -1.44181445e+00   6.20515516e+00 
 -1.00641837e+01   2.34476036e-01   7.71792896e+00 
 -6.73428285e+00  -2.28697780e-03   9.41981245e+00 
 -6.61487632e+00  -1.79703004e+00   1.27351909e+01 
 -1.74115715e+00  -8.95135951e-01   1.34711707e+01 
 -1.99309649e+00   1.77670178e+00   1.07537319e+01 
 -5.35824391e-01  -6.44173520e-01   8.25720217e+00 
 -2.78921919e+00  -3.51488717e+00   9.19627916e+00 
 -5.96325021e+00  -3.43747704e+00   7.19829187e+00 
 -9.10300589e+00  -5.32481583e+00   7.93800178e+00 
 -5.91275659e+00  -9.02884391e+00   7.74882952e+00 
 -3.78182169e+00  -7.54195734e+00   4.98589186e+00 
 -4.37564092e-01  -6.02561581e+00   6.01580772e+00 
  2.45898540e-01  -2.93757528e+00   3.81184167e+00 
  3.02913662e+00  -3.28122850e-01   3.39337042e+00 
  6.41486416e+00  -1.58595377e+00   2.15901046e+00 
  7.97629168e+00   1.78387579e+00   1.36727225e+00 
  1.03839505e+01   1.20192505e+00   4.26575655e+00 
  1.08629632e+01  -2.59534001e+00   3.89766052e+00 
  8.51654252e+00   9.14975589e+00   1.27986803e+01 
  6.24721600e+00   6.45028040e+00   1.42592722e+01 
 -8.91804995e+00  -1.02319392e+01  -6.02549601e+00 

   3.673327175829e+00 

 -6.33254365e+00  -6.26679005e-02  -7.62641334e-01 
 -6.42697807e+00   1.08911727e+00  -1.53920681e+00 
 -5.42189572e+00   1.97738028e+00  -1.32850381e+00 
 -4.22426523e+00   1.39636272e+00  -1.00902372e+00 
 -4.11942274e+00   2.20260527e-01  -2.33767245e-01 
 -5.15950362e+00  -6.40638575e-01  -3.61355071e-01 
 -7.63633164e+00  -4.36521222e-01  -5.73142551e-01 
 -8.27068644e+00   6.96373521e-01  -5.53024284e-01 
 -7.74836140e+00   1.41925335e+00  -1.57558969e+00 
 -2.71436668e+00   2.76881058e-02  -5.21468984e-01 
 -2.53286746e+00  -1.24610233e+00  -9.72947809e-01 
 -1.13466393e+00  -1.43165872e+00  -1.39628798e+00 
 -2.80951489e+00  -2.02627447e+00   1.96534200e-02 
 -2.03169601e-01  -1.19537292e+00  -4.23483113e-01 
  1.06527856e+00  -1.37168936e+00  -8.36188277e-01 
  1.37812391e+00  -1.25643805e+00  -2.16228063e+00 
  3.91528791e-01  -1.15803806e+00  -3.06641553e+00 
 -8.69923017e-01  -8.10924116e-01  -2.61878627e+00 
  2.08475387e+00  -9.49285717e-01   8.11140699e-03 
  3.61532316e+00  -1.39871974e+00  -5.66653129e-01 
  4.32057849e+00  -5.41801812e-02  -1.36597782e+00 
  3.49954182e+00   6.60391607e-01  -2.39036162e+00 
  2.82595199e+00   1.74984985e+00  -1.63100954e+00 
  4.28711348e+00  -1.71018354e+00   6.85324923e-01 
  3.60902505e+00  -2.68636267e+00  -1.27178832e+00 
 -1.67357175e+00   2.11389171e-01  -3.03879864e+00 
 -5.96217078e-01  -1.17847783e+00   8.40121685e-01 
 -8.92726140e+00  -7.85122677e+00  -6.96208621e+00 
 -9.50126252e+00  -6.21956664e+00  -3.58695455e+00 
 -7.28872832e+00  -8.37795596e+00  -1.36336681e+00 
 -3.81714219e+00  -9.07098349e+00   7.72067592e-02 
 -7.04601355e-01  -7.24168068e+00   1.05583766e+00 
  2.72305462e+00  -8.38534112e+00   2.08413916e+00 
  1.20910289e+00  -1.03828462e+01  -2.94699607e+00 
 -2.25663271e+00  -9.53987954e+00  -4.24964587e+00 
 -3.79590205e+00  -6.04453892e+00  -4.30689971e+00 
 -5.84758315e+00  -4.69731193e+00  -7.17735839e+00 
 -7.62478220e+00  -1.48793809e+00  -7.94026071e+00 
 -6.20271279e+00  -1.97101102e-01  -1.12308383e+01 
 -6.05175481e+00   7.91792589e+00  -1.28470821e+01 
 -7.02781029e+00   5.45695518e+00  -1.01437186e+01 
 -4.16675554e+00   3.53651157e+00  -8.53333085e+00 
 -3.76025020e+00   6.09695604e-01  -6.17806595e+00 
 -1.48972106e+00  -2.11648375e+00  -7.64616558e+00 
  1.95941785e-01  -4.85141948e+00  -5.53926441e+00 
  1.42738392e+00  -7.78159266e+00  -7.57338593e+00 
  4.12740057e+00  -1.00427384e+01  -6.08142722e+00 
  1.35160269e+01  -3.91129576e+00  -9.76421173e-01 
  1.00735475e+01  -2.38969094e+00  -9.47006282e-01 
  1.04608364e+01  -2.19732372e-01  -4.04305092e+00 
  1.20996528e+01   2.07237196e+00   7.17624344e-01 
  9.03673800e+00   3.60325171e+00  -9.93168517e-01 
  4.89991954e+00   1.27674586e+01   2.81472460e+00 
  1.07596916e+00   1.31646733e+01   3.08724493e+00 
  8.22641635e-01   1.04303949e+01   5.67978644e+00 
  2.71658721e+00   7.82854669e+00   3.70909029e+00 
  6.62193260e-01   6.21735404e+00   9.20780835e-01 
  2.10505158e+00   7.69382330e+00  -2.25294825e+00 
  4.32680865e+00   5.44065654e+00  -4.31547487e+00 
  3.83057615e+00   6.18400990e+00  -7.99401219e+00 
  5.91066968e+00   3.59064195e+00  -9.80103483e+00 
  6.73098059e+00  -7.22178196e-02  -1.03868573e+01 
  6.43708424e+00  -2.66748932e+00  -1.31638036e+01 
  8.49383858e+00  -5.84770855e+00  -1.37585002e+01 
  6.40438160e+00  -7.70387904e+00  -1.03393224e+01 
  4.04456913e+00  -4.85261511e+00  -9.51890688e+00 
  4.04392981e+00  -1.84058475e+00  -7.23385185e+00 
  1.73771587e+00   1.13780884e+00  -7.93811458e+00 
  5.35878322e-01   3.74296373e+00  -5.46911888e+00 
 -2.16403446e+00   6.37966218e+00  -5.22641731e+00 
 -5.67587586e+00   4.90869025e+00  -4.76030197e+00 
 -7.35532106e+00   5.64980905e+00  -1.40807645e+00 
 -1.11270985e+01   5.70672102e+00  -1.47944050e+00 
 -1.23301226e+01   4.77878921e+00   1.92990912e+00 
 -1.07139291e+01   1.97581075e+00   3.68805440e+00 
 -8.20601631e+00   7.60359547e-01   6.19280104e+00 
 -8.63213489e+00   1.91179274e+00   9.75927260e+00 
 -4.76895063e+00  -7.74727735e-01   1.14816642e+01 
 -4.91892635e+00  -2.77109933e+00   8.22917724e+00 
 -2.07581408e+00  -7.13470373e-01   6.85083924e+00 
 -3.53825968e+00   2.61458683e+00   7.84378370e+00 
 -5.76260485e+00   3.96228309e+00   5.14037441e+00 
 -8.25139730e+00   6.72932547e+00   5.48194842e+00 
 -4.21439483e+00   9.02671639e+00   7.01749615e+00 
 -1.85557148e+00   7.27354106e+00   4.62002488e+00 
  3.55591051e-01   4.52888575e+00   6.07663211e+00 
  7.53529803e-01   1.74074631e+00   3.44442675e+00 
  2.60141255e+00  -1.60918818e+00   3.13776303e+00 
  6.41655140e+00  -1.49365988e+00   3.15516659e+00 
  7.06045366e+00  -5.05405284e+00   2.00206276e+00 
  8.45753639e+00  -5.78613128e+00   5.47321815e+00 
  1.01480596e+01  -2.40325019e+00   6.16778038e+00 
  1.63142524e+00  -1.36367580e+01   1.10623041e+01 
 -6.55564710e-02  -1.05336027e+01   1.24979291e+01 
 -2.09160386e+00   1.31352304e+01  -6.35505563e+00 

   3.673327175829e+00 

 -2.87356863e+00  -2.83974461e+00  -4.75292866e+00 
 -2.27157913e+00  -1.89652042e+00  -5.58149227e+00 
 -9.98223982e-01  -1.58664709e+00  -5.22632662e+00 
 -7.68070061e-01  -1.64154222e+00  -3.87800046e+00 
 -1.38490719e+00  -2.58570226e+00  -3.02752724e+00 
 -2.62414880e+00  -2.97726171e+00  -3.41502640e+00 
 -3.73993580e+00  -3.49880371e+00  -5.58394507e+00 
 -3.13527044e+00  -3.46338797e+00  -6.73259070e+00 
 -2.66294622e+00  -2.19698015e+00  -6.85150141e+00 
 -9.56872512e-01  -1.92922618e+00  -1.81103045e+00 
 -2.04625019e+00  -1.73578302e+00  -1.01406546e+00 
 -1.66366791e+00  -9.54321409e-01   1.74029537e-01 
 -2.45546489e+00  -2.91143115e+00  -6.66424312e-01 
 -6.79361022e-01  -1.51601342e+00   9.39211876e-01 
 -3.48747776e-01  -7.82308056e-01   2.01751846e+00 
 -5.71083624e-01   5.66838111e-01   2.02440329e+00 
 -1.29034272e+00   1.12166145e+00   1.03680529e+00 
 -1.46866131e+00   3.95372074e-01  -1.26305595e-01 
  7.81979685e-01  -1.15700589e+00   2.73281815e+00 
  9.64599445e-01  -2.52705932e-01   4.15544923e+00 
  2.10164170e+00   1.00019356e+00   3.87002068e+00 
  1.91338897e+00   1.85289716e+00   2.65695279e+00 
  2.72437083e+00   1.18241762e+00   1.60337616e+00 
  1.48276501e+00  -1.27330811e+00   5.05302185e+00 
 -3.16447277e-01   1.14666473e-01   4.77127097e+00 
 -1.18965009e+00   7.61731601e-01  -1.41289783e+00 
 -4.12328240e-01  -2.80292710e+00   7.84242444e-01 
 -1.25462253e+01   3.85757225e-01  -3.38794638e+00 
 -1.03326684e+01  -2.55598095e+00  -4.29879644e+00 
 -1.02004665e+01  -4.40808010e+00  -9.74560314e-01 
 -8.55953236e+00  -4.82529847e+00   2.45191217e+00 
 -5.23842536e+00  -4.37035032e+00   4.11180617e+00 
 -4.12434638e+00  -4.51865610e+00   7.69663840e+00 
 -8.22864802e+00  -7.67369891e-01   6.87386392e+00 
 -9.69828139e+00  -4.43018369e-01   3.38763582e+00 
 -7.67144920e+00  -9.46413485e-02   1.68844303e-01 
 -8.60182175e+00   2.22722054e+00  -2.66087533e+00 
 -7.16772977e+00   3.09258429e+00  -6.01274982e+00 
 -6.60171773e+00   6.86031782e+00  -6.02876891e+00 
 -6.06731765e-01   1.01887818e+01  -1.06623600e+01 
 -2.09834648e+00   6.84437654e+00  -9.70985038e+00 
 -1.67624025e+00   5.81189019e+00  -6.07352190e+00 
 -2.99057506e+00   3.11279936e+00  -3.77870084e+00 
 -4.58339174e+00   4.57073292e+00  -6.03793323e-01 
 -5.20959266e+00   2.53755730e+00   2.59533696e+00 
 -7.67006562e+00   4.15463623e+00   4.95566396e+00 
 -7.64044010e+00   3.10721380e+00   8.63409288e+00 
  3.62569111e+00   2.62159148e+00   1.35980066e+01 
  3.17889152e+00   1.86945715e+00   9.93720400e+00 
  4.01324828e+00   5.33204025e+00   8.61109224e+00 
  8.31871598e+00   1.93437512e+00   9.33380245e+00 
  7.45154027e+00   2.91192131e+00   5.73598897e+00 
  1.41092154e+01   1.30534527e-01  -2.23491148e+00 
  1.26631732e+01  -1.21151744e+00  -5.54587839e+00 
  1.12654419e+01  -4.29099723e+00  -3.86514167e+00 
  9.41206308e+00  -2.45641514e+00  -1.13758184e+00 
  6.14316018e+00  -8.62514175e-01  -2.30587095e+00 
  6.90886834e+00   2.84431458e+00  -2.39229707e+00 
  5.46146533e+00   4.94155319e+00   3.95819807e-01 
  4.52018866e+00   8.35734790e+00  -9.37147707e-01 
  2.82171505e+00   1.00996015e+01   1.96068199e+00 
  8.49654396e-02   1.00882738e+01   4.59558481e+00 
 -3.11084647e+00   1.19970574e+01   5.41812435e+00 
 -4.86341028e+00   1.24808068e+01   8.79335820e+00 
 -6.16087507e+00   8.26416117e+00   8.59724306e+00 
 -4.73935698e+00   7.40578591e+00   5.18931396e+00 
 -1.52655793e+00   5.95335766e+00   3.82469746e+00 
 -5.13832767e-01   6.55074971e+00   1.77376855e-01 
  1.85412296e+00   4.46872229e+00  -1.91669399e+00 
  2.73534055e+00   3.99317398e+00  -5.56332547e+00 
  1.50467399e-02   2.15685995e+00  -7.54877362e+00 
  9.70705213e-01  -1.29998015e+00  -8.86944867e+00 
 -8.43149161e-01  -2.38255415e+00  -1.19955649e+01 
 -9.70592384e-01  -6.11292498e+00  -1.19865626e+01 
 -1.80772461e+00  -7.85964278e+00  -8.85478497e+00 
 -6.78782549e-01  -9.67353684e+00  -5.77647665e+00 
  1.28994261e+00  -1.28525467e+01  -6.27156516e+00 
  1.62610838e+00  -1.38487953e+01  -1.37231022e+00 
 -1.18806132e+00  -1.13237250e+01  -8.32742811e-01 
  1.35521313e+00  -8.71979005e+00   1.51237661e-01 
  3.65517953e+00  -9.35667340e+00  -2.76512732e+00 
  2.69999861e+00  -7.24248948e+00  -5.71305442e+00 
  3.82292776e+00  -7.71587696e+00  -9.24607276e+00 
  8.16396371e+00  -7.38881251e+00  -7.01409237e+00 
  7.06523927e+00  -4.82930504e+00  -4.43974471e+00 
  6.45798221e+00  -6.10091095e+00  -8.95970665e-01 
  3.49529803e+00  -4.15556606e+00   6.20181530e-01 
  1.60677977e+00  -4.04008135e+00   3.95948332e+00 
  3.56064886e+00  -2.85626042e+00   7.01724356e+00 
  6.20434905e-01  -2.37425258e+00   9.37170038e+00 
  1.93584515e+00  -5.31827681e+00   1.14061821e+01 
  5.70798346e+00  -4.69624968e+00   1.09960302e+01 
 -5.69583292e+00  -1.43209056e+01   1.09864432e+01 
 -3.53401906e+00  -1.54892464e+01   8.06550499e+00 
  7.77644281e+00   6.54693230e+00  -9.43403337e+00 

   3.673327175829e+00 

