 -1.61788450e+00  -1.72897328e+00   3.20834506e+00 
  2.64772471e+00  -4.15554188e+00  -6.12892064e+00 
  2.28954087e+00  -5.15255126e+00  -6.69048449e+00 
  1.36591828e+00  -4.33019357e+00  -5.22219504e+00 
 -1.17334391e+00  -3.61428218e-01   1.50659584e+00 
  2.23305678e+00  -2.21401292e+00  -1.29729257e+00 
  1.52956312e+00  -4.14126710e+00  -3.76710018e+00 
  2.15463843e+00  -1.05535365e+00  -4.62539809e+00 
  2.68517072e-01  -2.53546945e+00   2.56818329e+00 
  2.43760194e+00  -2.95347379e+00  -3.61568228e+00 
  3.08403428e+00  -2.87403710e+00  -6.04551184e+00 
  2.60760945e+00  -2.08812555e+00  -2.56623014e+00 
  1.74080777e+00  -1.10902151e+00  -4.89942964e-01 
  1.86287252e+00  -2.78057617e-01   4.67762528e-01 
  1.53656747e+00  -6.32688094e-01   1.79687092e+00 
  9.22016238e-01  -1.88248492e+00   1.71199393e+00 
 -5.70458390e-01  -3.49574320e+00   1.88685245e+00 
 -6.32157221e-01  -3.31031244e+00   4.59900086e-01 
  3.10806961e-01  -2.14794253e+00   5.17383631e-01 
  3.59455247e-01  -1.30631824e+00  -5.55023124e-01 
 -1.60732263e+00  -2.63744979e+00   9.52644409e-01 
 -1.58778549e+00  -1.50655871e+00   1.83531241e+00 
 -1.20840022e+00  -6.09557836e-01   3.74995980e+00 
 -4.94151347e-02  -5.83187222e-01   4.53499650e+00 
  2.29550587e-01   7.34553600e-01   4.82379841e+00 
 -2.31898180e-01   1.78660089e+00   4.09707275e+00 
 -1.08445850e+00   2.87667996e+00   4.73398270e+00 
 -6.93177299e-01   1.47742103e+00   2.97697584e+00 
 -1.18659894e+00   2.48164260e-01   2.66991437e+00 
  3.29172932e+00  -8.59776571e-01  -2.72989823e+00 
  3.07237316e+00  -2.00348770e-01  -3.95269955e+00 
  2.89644978e+00  -2.23046736e+00  -4.76915070e+00 
 -2.34967908e+00   3.05065932e+00   4.43315640e+00 
 -6.03492202e-01   3.86513901e+00   4.01229027e+00 
 -5.73783962e-01   2.92317832e+00   5.93318931e+00 
  9.19616114e+00  -1.06820720e+01  -2.24831989e+00 
  6.47278210e+00  -9.55364701e+00  -4.59096604e+00 
  3.36283747e+00  -1.10375226e+01  -2.93062595e+00 
  6.13466904e-01  -1.06257202e+01  -4.21997015e-01 
 -1.41169904e+00  -8.13433862e+00   1.33025950e+00 
 -3.80959628e+00  -8.24450571e+00   4.22581865e+00 
 -2.12674592e+00  -9.88520275e+00   7.20937963e+00 
  1.31596651e+00  -1.02415428e+01   5.61604774e+00 
  3.92256131e+00  -1.03433832e+01   2.85257197e+00 
  4.84744619e+00  -7.48304786e+00   4.83470721e-01 
  8.38946401e+00  -6.69887862e+00  -5.48607484e-01 
  9.98442959e+00  -4.18594993e+00  -2.80833802e+00 
  1.23778364e+01   2.64779396e+00  -3.51649283e+00 
  9.64395703e+00   1.66483383e+00  -1.04429320e+00 
  6.95980703e+00  -1.06271793e+00  -7.24847724e-01 
  7.30963058e+00  -2.87814228e+00   2.62700024e+00 
  4.46999491e+00  -5.04163552e+00   4.12021681e+00 
  5.62201573e+00  -7.37279863e+00   6.87832989e+00 
  2.97529800e+00  -8.72618774e+00   9.27416577e+00 
 -5.78827277e-01  -3.58884170e+00   1.23768050e+01 
 -4.83683654e+00  -3.52476793e-01   1.33832465e+01 
 -3.39808968e+00   3.56953013e-02   9.97314223e+00 
 -4.89880522e-01   2.31275113e+00   1.10851073e+01 
 -5.37338543e+00   4.78743711e+00   9.79574677e+00 
 -2.44581560e+00   5.65599340e+00   7.58260593e+00 
 -3.87508795e+00   1.02870849e+01   5.19747413e+00 
 -3.41285683e+00   1.29413607e+01  -5.17065667e-01 
 -2.13987436e+00   1.20687221e+01  -4.06162069e+00 
 -4.67394468e+00   9.28841631e+00  -4.47021986e+00 
 -3.86155748e+00   7.56613184e+00  -1.29132381e+00 
 -6.03070540e-01   5.49202239e+00  -1.54922211e+00 
  1.93717262e+00   7.46103659e+00   5.51792407e-01 
  2.98415397e+00   6.20503521e+00   3.99212386e+00 
  6.50947383e+00   6.68138709e+00   4.88085485e+00 
  7.12554190e+00   4.91763937e+00   8.20857837e+00 
  6.84660512e+00   1.69796369e+00   1.02381640e+01 
  9.24726218e+00  -7.77919792e-01   1.18563449e+01 
  8.63831466e+00  -3.11643127e+00   1.48264009e+01 
  6.14091946e+00  -5.61555788e+00   1.21951806e+01 
  6.58923400e+00  -3.69340726e+00   8.97498393e+00 
  4.91510636e+00  -9.43145527e-01   7.17857725e+00 
  6.73819478e+00   1.24475486e+00   4.60774265e+00 
  5.22100898e+00   3.32526383e+00   1.78074461e+00 
  6.13849879e+00   4.93265572e+00  -1.47248910e+00 
  6.84943410e+00   2.36245422e+00  -4.24264500e+00 
  4.48715199e+00   2.26376626e+00  -7.25617013e+00 
  6.00526105e+00   1.28856011e+00  -1.05920698e+01 
  6.81088075e-01  -2.18797880e+00  -1.11973188e+01 
 -2.69990587e+00  -2.70874061e+00  -9.56350570e+00 
 -5.73627851e+00  -1.80969924e+00  -1.16355161e+01 
 -1.17431737e+01  -3.98429367e+00   8.61278336e-01 
 -1.11419460e+01  -3.74810158e+00  -5.16844105e+00 
 -8.94796061e+00  -3.30523242e+00  -8.15428007e+00 
 -6.04999152e+00  -5.17785253e+00  -6.45572645e+00 
 -5.70632375e+00  -2.28795305e+00  -4.12489827e+00 
 -5.69355567e+00   4.00809975e-01  -6.64695572e+00 
 -2.26169974e+00   1.06679252e+00  -7.92072028e+00 
 -1.39329887e+00   2.92698208e+00  -1.10700444e+01 
 -4.13482286e+00   6.30434374e+00  -8.89603996e+00 
 -2.99145926e+00   5.45978346e+00  -5.37115253e+00 
 -5.48949308e+00   3.57323277e+00  -3.19725549e+00 
 -3.62742660e+00   1.19084284e+00  -1.08675375e+00 
 -4.54488816e+00  -1.65772181e+00   1.57942404e+00 
 -5.78920422e+00  -5.36289073e-01   4.98802724e+00 
 -5.15727184e+00  -3.71304115e+00   7.00717037e+00 
 -8.91487582e+00  -4.05775196e+00   6.99660849e+00 
 -9.90618247e+00  -3.12673421e-01   7.21884019e+00 
 -1.21015066e+01  -1.37492486e+01   1.27471252e+00 
  8.39522284e+00   1.12633885e+01   7.43948178e-01 

   3.577150956666e+01 

 -3.51576722e+00  -2.43507614e+00  -1.04912135e-02 
  4.58775991e+00   2.84618853e+00   4.19774828e+00 
  4.50442955e+00   3.23408892e+00   5.32923697e+00 
  3.34598806e+00   1.92812429e+00   4.53067922e+00 
 -1.34132068e+00  -2.88268218e+00  -1.98047401e-01 
  1.26260278e+00   1.05384276e+00   5.89848510e-01 
  2.25991013e+00   1.86254874e+00   3.53272708e+00 
  4.54497357e+00   4.16687816e-01   1.70564539e+00 
 -2.74245197e+00  -4.39498508e-01  -2.06469590e-01 
  2.94506923e+00   1.79560529e+00   2.19691632e+00 
  5.22312261e+00   2.36018371e+00   3.10244415e+00 
  2.50132394e+00   1.32326706e+00   9.88998011e-01 
  9.19930114e-01  -6.86037763e-02  -2.69114644e-01 
  5.22864317e-01  -5.51396064e-01  -1.37900246e+00 
 -8.52582522e-01  -6.40775764e-01  -1.69352453e+00 
 -1.52873741e+00  -3.11932029e-01  -5.18132774e-01 
 -2.86024514e+00  -4.38766377e-01   1.23448199e+00 
 -1.59975942e+00  -5.34957021e-01   1.92463232e+00 
 -8.36039157e-01  -5.54264509e-01   6.36242550e-01 
  4.52473419e-01  -1.00141172e+00   6.59674785e-01 
 -2.02187661e+00  -1.73768153e+00   1.77712121e+00 
 -2.25526078e+00  -2.48691798e+00   5.76048477e-01 
 -3.34528914e+00  -2.86064010e+00  -1.23684654e+00 
 -3.62785585e+00  -2.02481227e+00  -2.32394007e+00 
 -3.19832958e+00  -2.66487777e+00  -3.46564608e+00 
 -2.26717293e+00  -3.65516431e+00  -3.47783225e+00 
 -2.58676546e+00  -5.03676074e+00  -4.03446292e+00 
 -1.60922585e+00  -3.75799321e+00  -2.41975875e+00 
 -2.05167589e+00  -3.33831878e+00  -1.20446652e+00 
  3.39847305e+00   1.07368353e+00  -7.70601429e-02 
  4.64812652e+00   5.44055078e-01   2.91809911e-01 
  4.37809874e+00   1.74336859e+00   2.11050590e+00 
 -2.65522493e+00  -6.10561261e+00  -3.27655963e+00 
 -1.39150738e+00  -5.26232662e+00  -4.53416083e+00 
 -3.41201818e+00  -4.73228205e+00  -4.99742592e+00 
  4.97751390e-01   1.18533093e+01   2.56059100e+00 
  2.10739338e+00   9.15432658e+00   4.63487944e+00 
 -9.22490277e-01   7.62931545e+00   6.40251000e+00 
 -3.71056933e+00   5.13112029e+00   6.31605147e+00 
 -4.71405559e+00   1.90012125e+00   4.92596414e+00 
 -7.94770519e+00  -1.38475188e-02   4.76303930e+00 
 -1.06497676e+01   2.18080999e+00   3.24387982e+00 
 -8.38719802e+00   5.13200631e+00   2.41371552e+00 
 -5.29273135e+00   7.33517726e+00   2.52243601e+00 
 -1.74526141e+00   6.33722648e+00   1.48845221e+00 
  5.83060939e-01   8.61002248e+00  -4.19245464e-01 
  4.09555518e+00   8.34338878e+00  -1.66680250e+00 
  8.47239360e+00   5.85918252e+00  -6.92055733e+00 
  5.10146412e+00   4.26422561e+00  -6.11742283e+00 
  2.77969017e+00   3.92501657e+00  -3.07759583e+00 
 -7.28360812e-01   5.18851115e+00  -3.94372897e+00 
 -3.83419895e+00   4.31286815e+00  -1.80809130e+00 
 -6.82013560e+00   6.55083886e+00  -2.47467262e+00 
 -1.02637580e+01   5.26285361e+00  -1.44541793e+00 
 -1.17087725e+01  -8.96740110e-01  -4.38171484e+00 
 -1.24585406e+01  -6.28288122e+00  -4.59374470e+00 
 -8.97155355e+00  -5.25843256e+00  -3.79317815e+00 
 -7.98042729e+00  -4.52939365e+00  -7.44903662e+00 
 -7.33769523e+00  -9.79873314e+00  -5.58997816e+00 
 -4.17397789e+00  -7.99454406e+00  -6.56918285e+00 
 -5.68768571e-01  -1.19306530e+01  -7.39875721e+00 
  5.54974481e+00  -1.29898715e+01  -6.23400273e+00 
  8.53850687e+00  -1.12821692e+01  -4.47419962e+00 
  6.85164304e+00  -1.14369105e+01  -1.09054607e+00 
  3.67558413e+00  -9.86883451e+00  -2.17930879e+00 
  3.99781860e+00  -6.02872579e+00  -2.54796664e+00 
  3.90646772e+00  -5.43424116e+00  -6.34037449e+00 
  7.91491207e-01  -3.99595952e+00  -7.99502163e+00 
  1.36589424e+00  -1.63323184e+00  -1.07395094e+01 
 -2.01523053e+00  -1.96865439e-01  -1.17734033e+01 
 -5.23379162e+00   1.54332656e+00  -1.06889996e+01 
 -6.93423175e+00   4.88891302e+00  -1.13426181e+01 
 -1.06553764e+01   5.76763643e+00  -1.11386253e+01 
 -1.03405219e+01   5.57000865e+00  -6.74912119e+00 
 -6.64453840e+00   4.84554199e+00  -6.46597797e+00 
 -4.44428393e+00   1.89210677e+00  -6.29329181e+00 
 -7.42978729e-01   2.02327533e+00  -7.29473311e+00 
  2.07476734e+00  -3.32170245e-01  -6.22961737e+00 
  5.80656486e+00  -4.93636966e-01  -5.99162236e+00 
  7.21597225e+00   1.82699393e+00  -3.26887163e+00 
  8.95834033e+00   2.20884775e-01  -2.59550005e-01 
  1.18036264e+01   2.17226282e+00   1.31537213e+00 
  9.09531871e+00   3.26464949e-01   6.79785029e+00 
  6.42936943e+00  -2.01986073e+00   8.12417162e+00 
  7.61169205e+00  -4.82631795e+00   1.03707184e+01 
 -5.73132039e+00  -8.66540571e+00   8.31963428e+00 
 -3.76472969e-01  -8.06021682e+00   1.11006652e+01 
  3.01628214e+00  -6.51078456e+00   1.12164759e+01 
  1.67228058e+00  -3.17159298e+00   9.86241727e+00 
  1.10515354e+00  -4.86407793e+00   6.58884916e+00 
  4.41796521e+00  -6.44627372e+00   6.25370940e+00 
  6.86209133e+00  -4.17100740e+00   4.61265646e+00 
  1.06032942e+01  -4.53649862e+00   4.66250492e+00 
  9.41318548e+00  -8.90374840e+00   2.88498094e+00 
  6.43995554e+00  -7.65790879e+00   8.71729554e-01 
  2.99304428e+00  -8.48075336e+00   2.27415760e+00 
  7.51367692e-01  -5.63277498e+00   1.59504332e+00 
 -3.03789648e+00  -4.65109449e+00   2.45663526e+00 
 -5.79323861e+00  -6.48881682e+00   5.97771063e-01 
 -8.69741734e+00  -4.07533041e+00   1.15352323e+00 
 -1.00236292e+01  -6.74333899e+00   3.46899663e+00 
 -8.86185390e+00  -9.90470339e+00   1.54188938e+00 
 -1.05198987e+01  -2.73305842e+00   1.44458442e+01 
  7.46268916e+00  -2.90453916e+00  -1.24358739e+01 

   3.577150956666e+01 

 -3.09693976e-02   2.20764736e+00  -1.85755790e+00 
  3.75688436e+00   2.75015515e-01   7.79569470e+00 
  4.06066063e+00   1.19890937e+00   8.49699168e+00 
  2.99075472e+00   1.33437607e+00   6.90885601e+00 
 -7.50894908e-01   7.06655678e-01  -3.76856221e-01 
  2.72326165e+00  -4.03975688e-01   2.72058791e+00 
  3.15213321e+00   1.24128568e+00   5.44425195e+00 
  1.56259896e+00  -1.58222473e+00   5.83338702e+00 
  1.85149956e+00   1.52463234e+00  -1.07745846e+00 
  3.10064806e+00  -2.26661578e-01   5.12676977e+00 
  3.27897063e+00  -9.65090681e-01   7.52493160e+00 
  2.79058086e+00  -8.77203990e-01   3.96069394e+00 
  1.72957324e+00  -8.31806208e-01   1.74864508e+00 
  1.39504848e+00  -1.43514866e+00   6.77817511e-01 
  1.51719196e+00  -8.14301151e-01  -5.86459444e-01 
  1.83896955e+00   5.17272352e-01  -3.21429996e-01 
  1.75276256e+00   2.71967070e+00  -2.69775639e-01 
  1.43276047e+00   2.46743565e+00   1.11165858e+00 
  1.41394703e+00   9.85985774e-01   8.91336215e-01 
  7.96907353e-01   2.05348842e-01   1.82440768e+00 
  3.13544966e-01   2.64482389e+00   5.09679531e-01 
 -2.98880779e-01   1.87378647e+00  -5.33793099e-01 
 -3.76088807e-01   1.15608110e+00  -2.55699757e+00 
  5.74478392e-01   4.68831657e-01  -3.32141542e+00 
 -2.41575516e-02  -6.74671029e-01  -3.80277381e+00 
 -1.12664975e+00  -1.24640704e+00  -3.25005549e+00 
 -2.40359320e+00  -1.44765642e+00  -4.05609513e+00 
 -1.40150362e+00  -8.33949666e-01  -2.10230902e+00 
 -1.02468603e+00   3.79892463e-01  -1.61917377e+00 
  2.50857054e+00  -2.26424677e+00   3.94549680e+00 
  1.78765508e+00  -2.74986524e+00   5.05123674e+00 
  2.86296971e+00  -1.19240204e+00   6.16341021e+00 
 -3.51068393e+00  -7.90885461e-01  -3.80202739e+00 
 -2.74736007e+00  -2.58175650e+00  -3.48612917e+00 
 -1.91465869e+00  -1.68562719e+00  -5.24157394e+00 
  1.33346567e+01   1.36580583e+00   5.03650438e+00 
  1.02862006e+01   2.02999679e+00   7.14455868e+00 
  9.04662004e+00   5.34190971e+00   5.68680538e+00 
  6.96169581e+00   7.08143882e+00   3.10824602e+00 
  4.01699943e+00   6.70283498e+00   9.71869520e-01 
  2.57521722e+00   8.64942690e+00  -1.90534349e+00 
  5.22827553e+00   9.11437001e+00  -4.58314441e+00 
  7.90474411e+00   6.98138668e+00  -2.90837528e+00 
  9.65524081e+00   5.07347831e+00  -1.26801407e-01 
  8.27458846e+00   2.06434474e+00   1.79374163e+00 
  1.03584172e+01  -9.32962537e-01   2.74232157e+00 
  9.72185492e+00  -4.10280676e+00   4.61635037e+00 
  7.09932333e+00  -1.08822006e+01   4.31289962e+00 
  5.91378545e+00  -8.10499827e+00   1.98186439e+00 
  5.64817640e+00  -4.27460713e+00   2.04351545e+00 
  7.43785782e+00  -2.77455943e+00  -9.89622231e-01 
  6.82040342e+00   8.56705699e-01  -2.17562099e+00 
  9.48623770e+00   2.16222451e+00  -4.53307924e+00 
  8.59557400e+00   5.15406592e+00  -6.73135347e+00 
  2.94166110e+00   3.91575609e+00  -1.06236996e+01 
 -2.26002000e+00   4.34305816e+00  -1.21656308e+01 
 -1.78192635e+00   2.75359172e+00  -8.83478952e+00 
 -9.02784465e-01  -7.29474797e-01  -1.02399540e+01 
 -6.34240697e+00   4.32313248e-01  -9.40574957e+00 
 -4.90822144e+00  -2.35650571e+00  -7.31083950e+00 
 -9.21488621e+00  -5.17654961e+00  -5.67417450e+00 
 -1.11782946e+01  -8.08778050e+00  -4.22073493e-01 
 -1.00350540e+01  -8.63355461e+00   3.23045774e+00 
 -1.02315015e+01  -4.93843076e+00   4.02168083e+00 
 -8.16789509e+00  -3.82690093e+00   1.15155074e+00 
 -4.38909981e+00  -4.40269072e+00   1.76420975e+00 
 -3.48613257e+00  -7.30935569e+00  -5.76743733e-01 
 -1.51365461e+00  -6.67352010e+00  -3.77277779e+00 
  9.62186999e-01  -9.22275185e+00  -4.67624875e+00 
  2.91893744e+00  -7.93681515e+00  -7.68981545e+00 
  4.98433226e+00  -5.11169976e+00  -9.21172295e+00 
  8.56993498e+00  -4.62815511e+00  -1.04039059e+01 
  9.92265022e+00  -2.15305075e+00  -1.29932505e+01 
  9.33374965e+00   1.06889575e+00  -1.00473732e+01 
  8.09778780e+00  -1.01488707e+00  -7.14986335e+00 
  4.87066892e+00  -2.19525540e+00  -5.81339254e+00 
  4.58186976e+00  -5.30113139e+00  -3.57958875e+00 
  1.79076722e+00  -6.18833405e+00  -1.12094962e+00 
  1.10964300e+00  -8.34243322e+00   1.86316705e+00 
  2.99388492e+00  -7.16128225e+00   4.99998762e+00 
  9.32097124e-01  -5.87759937e+00   7.96185175e+00 
  2.35012468e+00  -6.48263744e+00   1.14269687e+01 
  4.53095447e-01  -4.75120716e-01   1.24807665e+01 
 -1.61135324e+00   2.28348851e+00   1.08996958e+01 
 -4.72219124e+00   3.35240781e+00   1.27708344e+01 
 -6.55266058e+00   1.02202951e+01   6.68643380e-01 
 -6.89871937e+00   9.00846138e+00   6.60046262e+00 
 -5.83463004e+00   6.93354942e+00   9.51377585e+00 
 -2.24729009e+00   6.64849542e+00   8.15740140e+00 
 -3.58049828e+00   4.49581451e+00   5.42044920e+00 
 -5.56250804e+00   2.19090982e+00   7.50597912e+00 
 -3.51317667e+00  -6.71700280e-01   8.70986796e+00 
 -4.38201467e+00  -2.97348370e+00   1.15523284e+01 
 -8.39278826e+00  -3.51071737e+00   8.85531229e+00 
 -6.60076617e+00  -3.23853525e+00   5.51465853e+00 
 -7.06145646e+00   3.52140241e-02   3.61850322e+00 
 -3.89238210e+00   8.49952313e-01   1.91836787e+00 
 -2.48143680e+00   3.87713132e+00  -2.97479796e-01 
 -3.77660096e+00   4.20222064e+00  -3.85295113e+00 
 -1.04625743e+00   6.40345961e+00  -5.35887359e+00 
 -3.68801992e+00   9.09779816e+00  -5.34640238e+00 
 -6.81258234e+00   6.94040417e+00  -6.14668351e+00 
 -5.38939329e-01   1.78591721e+01   1.73465923e+00 
 -9.78780272e-01  -1.43415938e+01  -1.25647007e+00 

   3.577150956666e+01 

  2.30921755e+00   1.37487072e+00   1.81407534e+00 
 -4.71684985e+00   6.39495177e+00  -4.24408865e+00 
 -4.69307630e+00   7.59280069e+00  -4.29173446e+00 
 -3.27835957e+00   6.49564120e+00  -3.59888356e+00 
  1.63294404e+00   8.33265804e-01  -2.38499748e-01 
 -2.66947668e+00   2.72038740e+00  -1.14700070e+00 
 -2.99823899e+00   5.64852399e+00  -2.42257628e+00 
 -3.33640168e+00   3.21668015e+00  -4.57246879e+00 
  2.15620875e-01   1.83040096e+00   1.98170358e+00 
 -3.62647689e+00   4.31773613e+00  -2.72693728e+00 
 -4.90226229e+00   5.14302358e+00  -4.73181356e+00 
 -3.35726753e+00   3.06909341e+00  -2.22944596e+00 
 -1.80213635e+00   1.55460246e+00  -1.08539942e+00 
 -1.51854183e+00   3.88881034e-01  -6.57300941e-01 
 -8.96225785e-01   1.96081507e-01   5.97417334e-01 
 -5.37340988e-01   1.47030122e+00   1.03836547e+00 
  6.67301785e-01   3.18110303e+00   1.73309651e+00 
  3.58230449e-01   3.66781820e+00   4.13260303e-01 
 -3.33287278e-01   2.39058327e+00   4.71130751e-02 
 -5.43428775e-01   2.12985239e+00  -1.27523874e+00 
  1.52640436e+00   3.14220646e+00   3.38489210e-01 
  1.93411251e+00   1.78110318e+00   5.37413971e-01 
  2.25084853e+00   6.71014920e-02   1.79291981e+00 
  1.37582168e+00  -6.18211222e-01   2.64432977e+00 
  1.40238042e+00  -1.94853448e+00   2.28767316e+00 
  1.80516753e+00  -2.40189372e+00   1.07108096e+00 
  2.96395597e+00  -3.38130309e+00   9.34141483e-01 
  1.88097348e+00  -1.51805245e+00   1.90135016e-01 
  2.06657917e+00  -1.96686860e-01   4.51606592e-01 
 -3.85463673e+00   1.90363782e+00  -2.86030697e+00 
 -3.88188850e+00   1.93825211e+00  -4.26610369e+00 
 -4.26662985e+00   4.08192330e+00  -3.99120210e+00 
  4.10634560e+00  -3.05148953e+00   3.79418715e-01 
  2.46540041e+00  -4.04030657e+00  -8.87840369e-02 
  2.82143980e+00  -4.08887077e+00   2.02045828e+00 
 -1.08812064e+01   8.47561625e+00   3.38534258e+00 
 -8.77358542e+00   9.28733028e+00   3.72506480e-01 
 -5.60292426e+00   1.06757851e+01   2.00022661e+00 
 -2.23501583e+00   9.97099849e+00   3.47749017e+00 
  5.68525969e-01   7.62290202e+00   3.40483636e+00 
  3.62788184e+00   7.09791808e+00   5.52875826e+00 
  2.60234761e+00   6.72665470e+00   9.16688296e+00 
 -1.15866658e+00   6.79126686e+00   8.55979885e+00 
 -4.41277916e+00   7.38228539e+00   6.68818065e+00 
 -5.49136996e+00   5.72665249e+00   3.41020981e+00 
 -9.00813971e+00   4.54166036e+00   2.73632461e+00 
 -1.07464174e+01   2.95163275e+00  -1.64590922e-01 
 -1.21192222e+01  -3.23491689e+00  -3.73837680e+00 
 -8.99882533e+00  -2.73520787e+00  -1.60167551e+00 
 -6.80319095e+00   1.90766148e-01  -4.33723897e-01 
 -6.49158016e+00   1.71386645e-01   3.38144976e+00 
 -3.73196111e+00   2.14064997e+00   5.24704192e+00 
 -4.42771818e+00   2.60431311e+00   8.94428411e+00 
 -1.47027281e+00   3.43056922e+00   1.12131217e+01 
  3.57968036e+00  -1.35657347e+00   1.07317289e+01 
  8.40941021e+00  -3.40247008e+00   9.28064600e+00 
  6.15968802e+00  -2.62623674e+00   6.41958104e+00 
  4.07826637e+00  -5.85864113e+00   6.73323032e+00 
  8.73989171e+00  -6.07107443e+00   3.59328401e+00 
  5.48987299e+00  -6.64002412e+00   1.76661433e+00 
  6.91925162e+00  -9.15881394e+00  -2.79312863e+00 
  5.31492911e+00  -9.03841157e+00  -8.90266670e+00 
  2.98347710e+00  -7.07947728e+00  -1.12844225e+01 
  4.82593090e+00  -3.82883035e+00  -1.06867400e+01 
  4.66617314e+00  -3.97822804e+00  -6.98758141e+00 
  1.17701545e+00  -2.98241911e+00  -5.63838834e+00 
 -3.29830190e-01  -6.28630999e+00  -4.39025554e+00 
 -5.64571477e-01  -7.01374191e+00  -6.58589794e-01 
 -3.58012067e+00  -8.77683314e+00   4.56132762e-01 
 -3.51914081e+00  -8.90261126e+00   4.26986467e+00 
 -3.20420905e+00  -6.96688576e+00   7.54356593e+00 
 -5.42293451e+00  -6.21903665e+00   1.05485021e+01 
 -4.39301466e+00  -5.36070190e+00   1.41350342e+01 
 -3.15894889e+00  -1.38172962e+00   1.27029735e+01 
 -4.17282178e+00  -1.72992618e+00   9.08135276e+00 
 -2.64800443e+00  -2.83266108e+00   5.91076485e+00 
 -4.74082057e+00  -4.07015027e+00   2.94285462e+00 
 -3.75839681e+00  -4.18924511e+00  -7.50781564e-01 
 -5.27609152e+00  -4.38208179e+00  -4.16669177e+00 
 -7.13074806e+00  -1.15880544e+00  -5.14437640e+00 
 -5.74776901e+00   8.98900589e-01  -8.06407923e+00 
 -8.26969682e+00   2.78659877e+00  -1.01760415e+01 
 -3.95054523e+00   7.48245943e+00  -9.87060871e+00 
 -3.76767270e-01   8.13316469e+00  -8.78601118e+00 
  2.06599099e+00   9.10746788e+00  -1.15071739e+01 
  1.08859037e+01   7.10687985e+00  -7.74592233e-01 
  8.67612531e+00   9.39581178e+00  -5.93719309e+00 
  5.83789846e+00   9.73183410e+00  -8.33646319e+00 
  3.26684378e+00   9.79238279e+00  -5.47708791e+00 
  4.05143600e+00   6.20070460e+00  -4.85527649e+00 
  3.76677700e+00   5.00866087e+00  -8.33211188e+00 
  2.68213666e-01   4.06130219e+00  -9.17247502e+00 
 -1.13370563e+00   3.61996175e+00  -1.26326064e+01 
  2.60715600e+00   5.24479523e-01  -1.29023565e+01 
  2.37035440e+00  -6.18387040e-01  -9.28528931e+00 
  5.04008215e+00   7.20850914e-01  -6.91799755e+00 
  3.48341165e+00   1.31927765e+00  -3.62923587e+00 
  4.63952639e+00   2.83198758e+00  -1.02244572e-01 
  6.94571751e+00   7.12333004e-01   2.04555817e+00 
  6.40188456e+00   2.36677857e+00   5.44189250e+00 
  9.90284766e+00   3.69411447e+00   4.97289195e+00 
  1.15015663e+01   6.64931117e-01   3.14920448e+00 
  9.78118228e+00   1.53730517e+01   4.33458269e+00 
 -5.78585173e+00  -1.13890407e+01  -5.01889285e+00 

   3.577150956666e+01 

 -1.88011472e+00  -1.16924115e+00   2.84242417e+00 
  3.71548881e+00  -6.88619651e+00  -4.03317256e+00 
  3.58029498e+00  -8.07752452e+00  -4.04489987e+00 
  2.38390088e+00  -6.84758687e+00  -3.18401700e+00 
 -1.46731530e+00  -7.19020543e-01   6.99845286e-01 
  2.47366958e+00  -2.99969555e+00  -7.71407828e-01 
  2.35445179e+00  -5.96266585e+00  -2.00256813e+00 
  2.58518876e+00  -3.60087634e+00  -4.24287325e+00 
  1.67473558e-01  -1.80991307e+00   2.71722111e+00 
  3.04525804e+00  -4.69841487e+00  -2.43008538e+00 
  3.93618964e+00  -5.66292535e+00  -4.57582933e+00 
  2.96216437e+00  -3.42388322e+00  -1.93234603e+00 
  1.73007293e+00  -1.75951945e+00  -6.15986590e-01 
  1.61537805e+00  -5.67205803e-01  -1.82588558e-01 
  1.20301522e+00  -3.01846078e-01   1.14342350e+00 
  8.02580901e-01  -1.53226452e+00   1.66552718e+00 
 -4.32179230e-01  -3.11749308e+00   2.57276259e+00 
 -3.63720038e-01  -3.64809543e+00   1.23554203e+00 
  3.75694055e-01  -2.44373718e+00   7.39177621e-01 
  4.11691190e-01  -2.22111342e+00  -6.06146585e-01 
 -1.47972739e+00  -3.02006132e+00   1.31671738e+00 
 -1.73322111e+00  -1.62508178e+00   1.53619891e+00 
 -1.71130465e+00   1.27480819e-01   2.77815801e+00 
 -6.64351466e-01   7.42384938e-01   3.47529959e+00 
 -6.26436504e-01   2.06467733e+00   3.09088501e+00 
 -1.16201398e+00   2.53599265e+00   1.93378205e+00 
 -2.23819125e+00   3.61422713e+00   1.94000094e+00 
 -1.44317632e+00   1.65071238e+00   1.09699398e+00 
 -1.70331226e+00   3.55230727e-01   1.41774383e+00 
  3.46169296e+00  -2.31688350e+00  -2.65944388e+00 
  3.27941579e+00  -2.37296413e+00  -4.05294135e+00 
  3.51128999e+00  -4.53870156e+00  -3.77955746e+00 
 -3.47398747e+00   3.38155209e+00   1.56554345e+00 
 -1.83927631e+00   4.21144997e+00   8.38451300e-01 
 -1.87660891e+00   4.32073675e+00   2.97496443e+00 
  1.07258727e+01  -9.41170064e+00   2.67600210e+00 
  8.13648145e+00  -1.00704456e+01   2.28463250e-02 
  5.12954714e+00  -1.11441745e+01   2.12898594e+00 
  2.08931332e+00  -1.01176454e+01   4.05902621e+00 
 -4.78317794e-01  -7.52684133e+00   4.33047936e+00 
 -3.13545219e+00  -6.69845783e+00   6.86024779e+00 
 -1.55911883e+00  -6.37194308e+00   1.03003160e+01 
  2.05202526e+00  -6.78467911e+00   9.15696967e+00 
  4.93227040e+00  -7.69299687e+00   6.85031559e+00 
  5.65927972e+00  -6.18649017e+00   3.40771973e+00 
  9.12928295e+00  -5.33368034e+00   2.20032994e+00 
  1.05558347e+01  -3.94702710e+00  -9.63093948e-01 
  1.19257203e+01   2.04077225e+00  -4.86176136e+00 
  9.12067765e+00   1.85445132e+00  -2.28317675e+00 
  6.87255291e+00  -8.44791696e-01  -7.31961873e-01 
  7.12654670e+00  -7.45350475e-01   3.08623475e+00 
  4.50868669e+00  -2.43138651e+00   5.38362912e+00 
  5.69571464e+00  -2.90567085e+00   8.95219750e+00 
  3.04203820e+00  -3.43010718e+00   1.16465943e+01 
 -1.58558948e+00   1.78710822e+00   1.17739784e+01 
 -6.37818668e+00   4.24144246e+00   1.09834846e+01 
 -4.64884941e+00   3.22604159e+00   7.84854686e+00 
 -2.26924069e+00   6.26093894e+00   7.77114794e+00 
 -7.30418760e+00   6.85128872e+00   5.33476982e+00 
 -4.31991605e+00   7.09906046e+00   3.04222101e+00 
 -6.17646885e+00   9.67445658e+00  -1.32804533e+00 
 -5.50193808e+00   9.32626071e+00  -7.60009211e+00 
 -3.72525928e+00   7.13225226e+00  -1.02412267e+01 
 -5.73739573e+00   4.06999014e+00  -9.29654510e+00 
 -5.02458860e+00   4.25469647e+00  -5.66482286e+00 
 -1.47596240e+00   2.96589577e+00  -4.80900541e+00 
  4.80761627e-01   6.13666926e+00  -3.88081318e+00 
  1.32278187e+00   6.89064906e+00  -2.43216961e-01 
  4.61171718e+00   8.38882382e+00   3.75661810e-01 
  5.12175848e+00   8.57153239e+00   4.15330197e+00 
  5.12206950e+00   6.71698747e+00   7.48856781e+00 
  7.68335022e+00   5.81254974e+00   1.01594283e+01 
  7.11927996e+00   5.09980097e+00   1.38789041e+01 
  5.34531191e+00   1.22960132e+00   1.27472996e+01 
  5.84380124e+00   1.43532307e+00   9.00905098e+00 
  3.97299994e+00   2.62814981e+00   6.06439705e+00 
  5.70822441e+00   3.63076698e+00   2.79277591e+00 
  4.20912519e+00   3.78790075e+00  -7.21523282e-01 
  5.22060822e+00   3.79615248e+00  -4.32511313e+00 
  6.62273858e+00   4.05342761e-01  -5.47470800e+00 
  4.65200962e+00  -1.55843688e+00  -8.10743409e+00 
  6.66215328e+00  -3.69505880e+00  -1.05111974e+01 
  2.04041008e+00  -7.97647914e+00  -9.45839319e+00 
 -1.37881302e+00  -8.28649176e+00  -7.85076649e+00 
 -4.26988257e+00  -9.07286391e+00  -1.01625617e+01 
 -1.12118254e+01  -6.13685641e+00   1.67681379e+00 
 -9.99159501e+00  -8.68635103e+00  -3.68843478e+00 
 -7.57618174e+00  -9.31031731e+00  -6.46357163e+00 
 -4.62896179e+00  -9.56418023e+00  -4.00603964e+00 
 -4.99668443e+00  -5.90813047e+00  -3.37321521e+00 
 -5.12165978e+00  -4.79417970e+00  -6.88517737e+00 
 -1.71479010e+00  -4.17862838e+00  -8.24825462e+00 
 -8.02127649e-01  -3.91304648e+00  -1.18854488e+01 
 -4.25683491e+00  -4.95906942e-01  -1.16931570e+01 
 -3.39324475e+00   6.70019375e-01  -8.18029183e+00 
 -5.79386738e+00  -3.89927735e-01  -5.41649047e+00 
 -3.83024006e+00  -1.08183085e+00  -2.37301732e+00 
 -4.58462439e+00  -2.43561103e+00   1.32329757e+00 
 -6.35665323e+00  -8.70267128e-02   3.72508341e+00 
 -5.46760039e+00  -1.73746235e+00   7.04979069e+00 
 -9.10203689e+00  -2.74901495e+00   7.12825981e+00 
 -1.06796687e+01   3.87214944e-01   5.47513274e+00 
 -1.00973754e+01  -1.43987052e+01   6.79086606e+00 
  6.21089197e+00   1.07160400e+01  -5.42877511e+00 

   3.577150956666e+01 

 -2.43271520e+00  -1.96827026e+00   5.98156447e-01 
 -6.67362913e-01   7.95968255e+00   3.69452079e+00 
 -1.60377243e+00   8.67482923e+00   3.91673638e+00 
 -1.69846778e+00   7.00896826e+00   2.96743938e+00 
 -9.19104770e-01  -5.34932840e-01  -1.88147268e-01 
  7.02025085e-02   2.82613506e+00   3.07098140e+00 
 -1.60214724e+00   5.56163352e+00   3.24260916e+00 
  1.26535957e+00   5.85079320e+00   1.71158088e+00 
 -1.81051524e+00  -1.04206945e+00   2.43493987e+00 
 -1.31585990e-01   5.25258666e+00   3.25856066e+00 
  5.87932992e-01   7.66303713e+00   3.27522226e+00 
  5.34353180e-01   4.07141472e+00   3.05746909e+00 
  5.32865986e-01   1.78484095e+00   2.16722393e+00 
  1.15183087e+00   6.96412934e-01   1.93311384e+00 
  5.34607130e-01  -5.59716312e-01   2.13296641e+00 
 -8.07421636e-01  -2.81365725e-01   2.39440314e+00 
 -3.00651704e+00  -2.53548276e-01   2.23992381e+00 
 -2.75247701e+00   1.10149087e+00   1.82313016e+00 
 -1.26993129e+00   8.91907966e-01   1.86463720e+00 
 -4.76389748e-01   1.78143074e+00   1.20146647e+00 
 -2.89305002e+00   4.14830776e-01   7.48315829e-01 
 -2.09832329e+00  -6.66138070e-01   2.40068942e-01 
 -1.36746830e+00  -2.68371387e+00   3.38340486e-01 
 -7.04687281e-01  -3.36830798e+00   1.36414586e+00 
  4.58816443e-01  -3.88485966e+00   8.37740369e-01 
  1.06014495e+00  -3.41309801e+00  -2.86409805e-01 
  1.30387039e+00  -4.31226390e+00  -1.49176634e+00 
  6.49742082e-01  -2.29280357e+00  -6.59903506e-01 
 -5.77457266e-01  -1.79188564e+00  -3.56775046e-01 
  1.92925860e+00   4.04562016e+00   2.81825797e+00 
  2.43006453e+00   5.09711704e+00   2.02974484e+00 
  8.35077849e-01   6.27564722e+00   2.97102434e+00 
  6.79045057e-01  -4.14818704e+00  -2.63379108e+00 
  2.44456078e+00  -3.76126687e+00  -1.84453758e+00 
  1.53368526e+00  -5.45526776e+00  -9.07151646e-01 
 -2.02830326e+00   5.92797990e+00   1.34185479e+01 
 -2.61283696e+00   7.79302364e+00   1.02001540e+01 
 -5.87817008e+00   6.21955660e+00   8.97860869e+00 
 -7.54041968e+00   3.47654588e+00   7.04608253e+00 
 -7.06229106e+00   1.12556175e+00   4.28511370e+00 
 -8.94905595e+00  -1.86796197e+00   3.01026284e+00 
 -9.47818627e+00  -4.33992187e+00   5.84486045e+00 
 -7.43532888e+00  -2.45004169e+00   8.44736697e+00 
 -5.59591645e+00   4.71283725e-01   1.00360539e+01 
 -2.55756626e+00   2.30469491e+00   8.60196780e+00 
  3.70918196e-01   3.43219188e+00   1.06945085e+01 
  3.54795103e+00   5.27702586e+00   1.00102878e+01 
  1.04041785e+01   4.82789208e+00   7.61856076e+00 
  7.67652023e+00   2.39196249e+00   6.53310909e+00 
  3.85548221e+00   2.40344742e+00   6.15129534e+00 
  2.31945871e+00  -4.96480251e-01   8.12210182e+00 
 -1.28515085e+00  -1.75418990e+00   7.49052778e+00 
 -2.65662033e+00  -3.91231189e+00   1.02887848e+01 
 -5.60835404e+00  -6.19512791e+00   9.48080858e+00 
 -4.18034668e+00  -1.04961618e+01   4.17869543e+00 
 -4.44366576e+00  -1.24322383e+01  -9.00664346e-01 
 -2.88760166e+00  -9.06243066e+00  -6.31328403e-01 
  5.75379312e-01  -1.03695763e+01   4.54149979e-01 
 -4.28110017e-01  -9.96025918e+00  -5.06496319e+00 
  2.30504180e+00  -7.74077708e+00  -3.71336121e+00 
  5.24329823e+00  -6.41426211e+00  -8.04760722e+00 
  8.18278317e+00  -1.30408061e+00  -1.03192314e+01 
  8.67400454e+00   2.42890821e+00  -9.44210603e+00 
  4.98207702e+00   3.17414161e+00  -9.80661135e+00 
  3.82531533e+00   4.60586011e-01  -7.56381505e+00 
  4.28465956e+00   1.36312220e+00  -3.82742508e+00 
  7.17596253e+00  -8.79751059e-01  -2.66380963e+00 
  6.49919624e+00  -3.92148311e+00  -4.73046424e-01 
  8.97834052e+00  -4.61431736e+00   2.13817136e+00 
  7.65123428e+00  -7.48036826e+00   4.28028036e+00 
  4.77417610e+00  -8.86283693e+00   6.37184718e+00 
  4.19041039e+00  -9.78279204e+00   1.00221297e+01 
  1.69037151e+00  -1.22810188e+01   1.14950026e+01 
 -1.52878397e+00  -9.41357334e+00   1.05890604e+01 
  5.74926427e-01  -6.60225317e+00   9.19758742e+00 
  1.84369701e+00  -5.50576600e+00   5.91404406e+00 
  4.94442314e+00  -3.27627618e+00   5.54713453e+00 
  5.90094959e+00  -1.03004382e+00   2.60404335e+00 
  8.05790377e+00   1.91034477e+00   1.76101939e+00 
  6.80372592e+00   5.17201101e+00   3.36529484e+00 
  5.56581776e+00   7.95853650e+00   1.04703927e+00 
  6.10910870e+00   1.15260036e+01   2.21405341e+00 
  1.55165489e-01   1.23858103e+01   6.67854628e-02 
 -2.53181567e+00   1.06310009e+01  -1.95124183e+00 
 -3.51772043e+00   1.22519316e+01  -5.22563287e+00 
 -1.02609537e+01  -7.43673490e-03  -6.32936021e+00 
 -9.07211475e+00   5.89017399e+00  -7.09069261e+00 
 -7.04601434e+00   8.89198609e+00  -6.19125896e+00 
 -6.86068052e+00   7.81443092e+00  -2.50418131e+00 
 -4.65407747e+00   5.00090125e+00  -3.56122450e+00 
 -2.30259260e+00   6.94763525e+00  -5.62789548e+00 
  4.90876224e-01   8.32602527e+00  -3.59314317e+00 
  2.80183228e+00   1.11120544e+01  -4.60812688e+00 
  3.47343659e+00   8.12228139e+00  -8.38423945e+00 
  3.16634158e+00   4.92546681e+00  -6.35163939e+00 
 -8.16735093e-02   2.97437152e+00  -6.76237040e+00 
 -9.81241144e-01   1.51371578e+00  -3.49823899e+00 
 -4.03690150e+00  -6.11975123e-01  -2.01198927e+00 
 -4.30354105e+00  -4.25801700e+00  -3.04145108e+00 
 -6.57694717e+00  -5.56915766e+00  -2.70067666e-01 
 -9.19125698e+00  -5.77845807e+00  -2.98301851e+00 
 -6.93716935e+00  -6.79708277e+00  -5.97286495e+00 
 -1.80817066e+01   1.45307708e+00  -6.41091711e-01 
  1.41338706e+01  -1.31222286e+00   9.33083774e-02 

   3.577150956666e+01 

  2.26829018e+00   2.19740437e+00   2.12293745e-01 
 -7.27368777e-01  -6.36035111e+00  -5.17834968e+00 
 -3.60807447e-01  -6.49116062e+00  -6.31245681e+00 
  3.90614182e-01  -5.25110926e+00  -5.05433800e+00 
  2.17764256e+00   8.88768110e-02   9.26185046e-01 
 -8.97514616e-01  -2.45298924e+00  -1.71573684e+00 
  2.69851518e-02  -3.98951882e+00  -4.37910663e+00 
 -2.46116683e-01  -5.91689861e+00  -1.75977871e+00 
  4.45596026e-01   1.56408340e+00  -7.33985619e-01 
 -8.07892051e-01  -4.39282874e+00  -3.19646722e+00 
 -1.08024842e+00  -6.78111952e+00  -3.93818539e+00 
 -1.07029295e+00  -3.73438982e+00  -2.02314549e+00 
 -4.53952694e-01  -1.99123948e+00  -4.09915854e-01 
 -6.57886008e-01  -1.39872172e+00   6.99108272e-01 
 -5.57656388e-01   6.91784186e-03   8.12679020e-01 
 -2.65022116e-02   4.44822442e-01  -4.00986595e-01 
  1.30676204e+00   1.38821725e+00  -1.88188867e+00 
  1.59191296e+00   1.13779316e-02  -2.19395725e+00 
  7.34707394e-01  -4.76384651e-01  -1.06662593e+00 
  9.04532030e-01  -1.76066116e+00  -6.39369815e-01 
  2.52813819e+00   4.03739139e-01  -1.40908548e+00 
  2.45749414e+00   8.43341240e-01  -4.52091903e-02 
  1.86266083e+00   2.26052992e+00   1.45551330e+00 
  6.04950756e-01   2.79174658e+00   1.76567239e+00 
  3.79419181e-01   2.57529411e+00   3.10729570e+00 
  1.01602435e+00   1.62508394e+00   3.84194061e+00 
  1.83921886e+00   1.99228613e+00   5.07006892e+00 
  1.61523035e+00   7.63193038e-01   3.16290899e+00 
  2.06122981e+00   9.68173239e-01   1.89488239e+00 
 -1.63477958e+00  -4.40729684e+00  -9.13100693e-01 
 -1.19108311e+00  -5.72681040e+00  -7.12544908e-01 
 -1.03904167e+00  -5.77974350e+00  -2.90183805e+00 
  3.14408742e+00   1.86127531e+00   5.11133144e+00 
  1.54093805e+00   9.14258063e-01   5.76151950e+00 
  1.16114728e+00   3.00712624e+00   5.52981401e+00 
 -8.21966300e+00  -1.64957888e+00  -9.89118639e+00 
 -5.10707570e+00  -3.75696586e+00  -9.67017113e+00 
 -2.38906847e+00  -1.21346598e+00  -1.05496123e+01 
 -1.94018660e-02   1.42722414e+00  -9.35241776e+00 
  1.89369783e+00   2.55438986e+00  -6.44583398e+00 
  3.82273940e+00   5.67102827e+00  -5.60222605e+00 
  1.60579396e+00   8.71398746e+00  -6.10328543e+00 
 -1.57947784e+00   6.79171618e+00  -6.92600671e+00 
 -3.74882380e+00   3.83435412e+00  -7.92071972e+00 
 -4.10981092e+00   5.30288776e-01  -6.02271767e+00 
 -7.39615276e+00  -1.26706736e+00  -5.58060312e+00 
 -8.45872687e+00  -4.46306443e+00  -3.96145307e+00 
 -1.02356254e+01  -7.78838513e+00   2.26066947e+00 
 -7.97367477e+00  -4.71923292e+00   2.13432814e+00 
 -5.56440171e+00  -3.07589134e+00  -3.63886633e-01 
 -6.53311806e+00   5.84679792e-01  -9.24987762e-01 
 -4.10469037e+00   3.15539302e+00  -2.49600713e+00 
 -5.81302742e+00   6.30566415e+00  -3.73133608e+00 
 -3.65173566e+00   9.41313811e+00  -4.23056538e+00 
 -2.44692635e-01   1.11618448e+01   1.59906443e+00 
  4.03375997e+00   1.17122735e+01   4.91712059e+00 
  3.14659282e+00   8.18158001e+00   4.14470940e+00 
  2.72750765e-01   7.98107645e+00   6.70985274e+00 
  5.45474803e+00   6.75540341e+00   8.52086666e+00 
  2.95534276e+00   3.93336007e+00   8.63083147e+00 
  5.04327585e+00   4.08189032e-01   1.21511135e+01 
  5.61957580e+00  -5.85841772e+00   1.27099705e+01 
  4.82740779e+00  -9.06675699e+00   1.07037597e+01 
  7.19272591e+00  -8.10638951e+00   7.91063778e+00 
  5.79983698e+00  -4.71289767e+00   7.38557545e+00 
  2.47808867e+00  -4.79254649e+00   5.39916590e+00 
 -2.00807672e-01  -3.91193026e+00   8.00534006e+00 
 -1.83112501e+00  -4.69312158e-01   8.01133062e+00 
 -5.40698669e+00  -3.77650024e-01   8.81721233e+00 
 -6.63115340e+00   3.19987931e+00   8.30069569e+00 
 -6.88232006e+00   6.20307807e+00   5.95953194e+00 
 -9.66378926e+00   8.13938858e+00   4.22005120e+00 
 -9.66684949e+00   1.17760921e+01   3.02210959e+00 
 -6.98889976e+00   1.05727908e+01  -2.62184514e-01 
 -6.81954370e+00   6.86875138e+00   4.56652446e-01 
 -4.70915319e+00   4.55701880e+00   2.40495022e+00 
 -5.97350176e+00   1.14324039e+00   3.61626756e+00 
 -3.91231541e+00  -1.92791740e+00   4.58672568e+00 
 -4.22298034e+00  -5.63424975e+00   5.00578850e+00 
 -4.69442243e+00  -7.46607864e+00   1.65806185e+00 
 -1.92478905e+00  -9.84639969e+00   5.02790260e-01 
 -2.99685970e+00  -1.28667685e+01  -1.52500307e+00 
  2.10114309e+00  -1.14019961e+01  -5.08369336e+00 
  5.15801710e+00  -9.15989541e+00  -5.07089716e+00 
  8.52320852e+00  -1.08884779e+01  -4.97842706e+00 
  1.24460897e+01   2.42063452e+00  -2.86654349e+00 
  1.27623347e+01  -3.35547404e+00  -4.68625124e+00 
  1.10711523e+01  -6.63357198e+00  -5.25097751e+00 
  7.82950335e+00  -4.90476691e+00  -6.38806156e+00 
  7.34806459e+00  -3.75942938e+00  -2.87255232e+00 
  7.89748256e+00  -6.99961328e+00  -1.20230337e+00 
  4.74730946e+00  -8.96405420e+00  -9.55270307e-01 
  4.48741603e+00  -1.26501355e+01  -2.63947076e-01 
  7.10689065e+00  -1.13097657e+01   3.60782028e+00 
  5.39783203e+00  -7.94146071e+00   4.03094439e+00 
  7.40791435e+00  -4.88665024e+00   2.95726989e+00 
  5.09142079e+00  -2.43648556e+00   1.46467430e+00 
  5.40192425e+00   1.13831936e+00  -3.21079784e-01 
  6.20339303e+00   4.13282265e+00   1.87325554e+00 
  5.05822212e+00   6.96348059e+00  -4.16720543e-01 
  8.74243750e+00   7.68131751e+00  -8.03750216e-01 
  9.95012265e+00   6.80126178e+00   2.77740708e+00 
  1.20534569e+01   6.11725590e+00  -1.19127861e+01 
 -6.33334975e+00  -6.05379734e+00   1.17477390e+01 

   3.577150956666e+01 

 -9.23259973e-01  -2.79178914e+00   2.88649153e+00 
 -4.81176664e+00   6.24491078e+00  -9.19524522e-01 
 -5.51136270e+00   6.91881334e+00  -2.16603452e-01 
 -5.05400260e+00   5.08627548e+00   1.26691638e-01 
 -1.77660256e+00  -2.40974228e+00   8.64217345e-01 
 -1.52657999e+00   2.24481900e+00  -2.17436000e-01 
 -3.88370667e+00   4.28813553e+00   5.42809334e-01 
 -3.92318563e+00   3.31284011e+00  -2.57127103e+00 
 -1.17082393e-01  -8.35915018e-01   2.50782522e+00 
 -3.08997329e+00   4.05454245e+00  -7.11677181e-01 
 -4.38904103e+00   5.70885952e+00  -2.09150134e+00 
 -2.17541736e+00   3.08137289e+00  -1.02088327e+00 
 -1.23337252e+00   8.62617838e-01  -5.61932480e-01 
 -4.19708602e-01  -6.96657961e-02  -8.64254905e-01 
  2.95024716e-01  -7.75110368e-01   1.30868763e-01 
 -2.50608563e-01  -3.64245860e-01   1.34756269e+00 
 -1.23393744e+00  -4.08473478e-01   3.32031876e+00 
 -2.29567924e+00   2.15673369e-01   2.57363984e+00 
 -1.54664040e+00   6.87763414e-02   1.28486068e+00 
 -2.24555838e+00   1.82005507e-01   1.18907353e-01 
 -2.58375016e+00  -1.03330726e+00   2.63323212e+00 
 -1.88088332e+00  -2.16322796e+00   2.09689592e+00 
 -1.96732905e-01  -3.49602703e+00   2.05563518e+00 
  1.17204861e+00  -3.23746153e+00   1.91490315e+00 
  1.63554443e+00  -4.00045675e+00   8.65770547e-01 
  8.42573216e-01  -4.50477381e+00  -1.16435946e-01 
  7.62954418e-01  -6.00315331e+00  -3.79695319e-01 
 -2.98098899e-01  -3.99598105e+00  -1.71068792e-01 
 -9.18969955e-01  -3.40430844e+00   8.84045668e-01 
 -1.76168074e+00   2.85919612e+00  -2.35621392e+00 
 -2.76302920e+00   2.99940085e+00  -3.33388928e+00 
 -3.56901966e+00   4.52830696e+00  -1.98046826e+00 
 -3.21083464e-01  -6.70493947e+00  -1.47517681e-01 
  6.22794320e-01  -5.90530426e+00  -1.68353602e+00 
  1.98235087e+00  -6.37040837e+00  -9.81938372e-02 
  2.20611781e+00   1.19318321e+01   3.43304962e+00 
 -1.31254171e+00   1.08929357e+01   2.58578525e+00 
 -2.33912670e+00   8.99667368e+00   5.74500751e+00 
 -2.41536917e+00   5.74458072e+00   7.59970894e+00 
 -2.43673730e+00   2.11375795e+00   7.15772285e+00 
 -2.01576248e+00  -8.28574363e-01   9.46245091e+00 
  1.22018356e+00  -4.60943774e-01   1.14166795e+01 
  2.43816330e+00   2.68188969e+00   9.63986303e+00 
  2.24671458e+00   5.80328083e+00   7.48074954e+00 
  1.31581041e+00   5.95683068e+00   3.77138152e+00 
  3.06080311e+00   8.18564043e+00   1.27871133e+00 
  2.65595182e+00   8.88797463e+00  -2.36929224e+00 
  4.12591011e+00   6.69205702e+00  -9.14772151e+00 
  3.96808495e+00   4.28932327e+00  -6.18899885e+00 
  2.21142432e+00   4.10486074e+00  -2.77925366e+00 
  4.78184932e+00   3.57374318e+00   7.11608018e-03 
  3.78976289e+00   2.33020816e+00   3.53462435e+00 
  6.46325562e+00   2.90602234e+00   6.15941688e+00 
  6.29320068e+00   8.14876886e-01   9.34924422e+00 
  6.31171816e+00  -6.02193726e+00   7.96789322e+00 
  4.24319239e+00  -1.10328228e+01   7.48846371e+00 
  2.80098205e+00  -8.55377959e+00   5.11699683e+00 
  5.72240213e+00  -8.74219961e+00   2.60523793e+00 
  1.53127142e+00  -1.24423033e+01   1.98977270e+00 
  2.00431978e+00  -9.99550531e+00  -8.40854849e-01 
 -4.83451164e-01  -1.22923887e+01  -5.04965558e+00 
 -4.15399616e+00  -1.04901374e+01  -9.86564900e+00 
 -5.86748663e+00  -7.29674793e+00  -1.12117794e+01 
 -8.04719013e+00  -6.96676274e+00  -8.13630081e+00 
 -5.27681306e+00  -7.18075553e+00  -5.68460042e+00 
 -3.30578358e+00  -3.85946323e+00  -5.41957400e+00 
  5.88024240e-02  -4.62222994e+00  -7.10535637e+00 
  3.20192641e+00  -5.11035643e+00  -5.00962404e+00 
  6.30433203e+00  -3.74753321e+00  -6.41049030e+00 
  9.04408232e+00  -4.13570051e+00  -3.78233805e+00 
  1.01604428e+01  -3.50563955e+00  -1.87884316e-01 
  1.28701114e+01  -1.47741654e+00   1.56016318e+00 
  1.44772407e+01  -2.07208176e+00   4.98422427e+00 
  1.07352942e+01  -6.85474373e-01   6.84999307e+00 
  8.81710289e+00   1.92400204e-01   3.71707207e+00 
  6.49484932e+00  -1.46350164e+00   1.38065444e+00 
  6.00838858e+00  -2.64673186e-01  -2.23125867e+00 
  3.02069389e+00  -8.75757073e-01  -4.53832288e+00 
  1.38848987e+00   4.87603688e-01  -7.61828769e+00 
 -2.36575105e-01   3.92294297e+00  -7.03285083e+00 
 -4.04669105e+00   4.18542633e+00  -7.32537217e+00 
 -5.44510668e+00   7.47410206e+00  -8.59539362e+00 
 -9.73032169e+00   6.63967724e+00  -3.93276190e+00 
 -1.09179751e+01   4.02804267e+00  -1.45475822e+00 
 -1.44691690e+01   2.78948509e+00  -1.87435160e+00 
 -9.72786217e+00  -6.29518197e+00   7.71576602e+00 
 -1.36437704e+01  -2.81682193e+00   4.65938725e+00 
 -1.42551318e+01  -1.44224473e-01   2.12790552e+00 
 -1.11148329e+01   1.78524387e+00   3.22594472e+00 
 -9.06123351e+00  -9.65917742e-01   1.77121938e+00 
 -1.07416675e+01  -1.17811538e+00  -1.50315034e+00 
 -9.25259563e+00   1.18435254e+00  -3.96181955e+00 
 -1.08319523e+01   2.31336746e+00  -7.18107815e+00 
 -1.10033278e+01  -2.49761477e+00  -7.86948320e+00 
 -7.71310922e+00  -3.21535221e+00  -6.10746486e+00 
 -7.96538236e+00  -4.78355683e+00  -2.64305042e+00 
 -5.26940046e+00  -3.40042873e+00  -5.41639170e-01 
 -4.11881881e+00  -3.71681374e+00   3.28466749e+00 
 -2.47163090e+00  -6.96587998e+00   4.35930708e+00 
 -7.30392751e-01  -5.80694123e+00   7.55195205e+00 
 -3.35477465e+00  -7.86115884e+00   9.32150974e+00 
 -3.70334811e+00  -1.07808178e+01   6.78936104e+00 
 -1.01405729e+01  -9.90654880e-01   1.59221865e+01 
  4.84659972e+00  -3.07365178e+00  -1.26623447e+01 

   3.577150956666e+01 

 -2.88148327e+00  -5.83372144e-01   1.34029971e-01 
  6.61301735e+00  -3.51909823e+00  -3.40209195e+00 
  6.85460391e+00  -4.68779730e+00  -3.51809080e+00 
  5.37809315e+00  -3.96759985e+00  -2.52488570e+00 
 -8.93025396e-01   2.58385662e-01   6.82869939e-01 
  2.31549272e+00  -6.20692460e-01  -2.75661536e+00 
  4.08561764e+00  -3.29939816e+00  -2.77545998e+00 
  5.65724105e+00  -6.75835460e-01  -1.63652414e+00 
 -1.92354347e+00  -6.11895271e-01  -1.78958429e+00 
  4.41603786e+00  -1.84698447e+00  -2.97453724e+00 
  6.89834969e+00  -2.21887899e+00  -3.14210550e+00 
  3.63803408e+00  -7.27240869e-01  -2.83324209e+00 
  1.63331164e+00   3.32579752e-01  -1.89578463e+00 
  9.22330776e-01   1.37443419e+00  -1.71789102e+00 
 -4.87934018e-01   1.32774690e+00  -1.80587045e+00 
 -8.13874902e-01  -2.58413900e-02  -1.89768934e+00 
 -1.69160548e+00  -2.00036863e+00  -1.46009421e+00 
 -3.26223855e-01  -2.29901564e+00  -1.11234810e+00 
  9.73631303e-02  -8.80558253e-01  -1.34069506e+00 
  1.28411504e+00  -4.70561375e-01  -8.07518903e-01 
 -9.24909685e-01  -2.02005312e+00  -1.22372475e-02 
 -1.53510190e+00  -7.93669026e-01   4.14431980e-01 
 -3.06687884e+00   7.05461086e-01   2.70603177e-01 
 -3.48983667e+00   1.48077408e+00  -8.15776532e-01 
 -3.43378623e+00   2.80273709e+00  -4.32447124e-01 
 -2.67037346e+00   3.26567811e+00   5.92616379e-01 
 -3.29181392e+00   3.99430604e+00   1.77739436e+00 
 -1.79739544e+00   2.46342776e+00   9.89216241e-01 
 -1.87706852e+00   1.11474166e+00   8.35847757e-01 
  4.21313372e+00   5.64917626e-01  -2.77636254e+00 
  5.43446296e+00   6.56513960e-01  -2.08486401e+00 
  5.76714422e+00  -1.37793392e+00  -2.83936252e+00 
 -3.31588001e+00   3.48542557e+00   2.98653037e+00 
 -2.29111510e+00   4.82632546e+00   1.96598227e+00 
 -4.27659857e+00   4.62089754e+00   1.19547569e+00 
  3.46377647e+00  -4.93183595e+00  -1.28160779e+01 
  5.15630064e+00  -5.89936666e+00  -9.59468479e+00 
  2.46544547e+00  -8.04277815e+00  -7.92272266e+00 
 -5.64154407e-01  -8.17301122e+00  -5.72581509e+00 
 -2.28498493e+00  -6.45314438e+00  -2.99460976e+00 
 -5.68517143e+00  -6.75040828e+00  -1.41452220e+00 
 -8.36161579e+00  -6.48776036e+00  -4.09653077e+00 
 -5.99791527e+00  -5.72677700e+00  -6.98647501e+00 
 -2.70679945e+00  -5.47539685e+00  -8.86978883e+00 
  3.27854764e-01  -3.36049502e+00  -7.88610427e+00 
  2.40799981e+00  -1.42563676e+00  -1.03670954e+01 
  5.45346669e+00   7.28639479e-01  -1.01449844e+01 
  8.08087988e+00   7.34669506e+00  -8.65234404e+00 
  4.82174424e+00   6.03675586e+00  -7.16433456e+00 
  3.27190532e+00   2.63366796e+00  -6.29070003e+00 
 -1.45258608e-01   2.26359345e+00  -7.97565179e+00 
 -2.73612804e+00  -3.81954790e-01  -6.85208625e+00 
 -5.47578240e+00  -1.00609210e+00  -9.39637550e+00 
 -8.71055045e+00  -2.61220355e+00  -8.15803464e+00 
 -1.16094420e+01   1.05923069e+00  -2.98430297e+00 
 -1.30857796e+01   2.18583055e+00   2.13124442e+00 
 -9.40543661e+00   2.13467752e+00   1.58175419e+00 
 -9.23233031e+00   5.68687050e+00   8.80710208e-02 
 -8.85764525e+00   5.20426296e+00   5.67930010e+00 
 -5.81267497e+00   6.58191696e+00   3.93193837e+00 
 -3.05767397e+00   9.13258901e+00   7.81558651e+00 
  2.96910582e+00   9.86504567e+00   9.56379575e+00 
  6.48924557e+00   8.63673884e+00   8.54118568e+00 
  5.65669616e+00   5.03819896e+00   9.36334017e+00 
  2.54541826e+00   4.90155994e+00   7.35513289e+00 
  3.26920874e+00   4.53218572e+00   3.57017995e+00 
  2.35062431e+00   7.95649484e+00   2.09558716e+00 
 -8.54411836e-01   8.39605406e+00   8.45871900e-02 
 -6.50296721e-01   1.06392708e+01  -2.80867215e+00 
 -3.96293448e+00   1.04245186e+01  -4.69133046e+00 
 -6.57203868e+00   8.19370194e+00  -6.35847400e+00 
 -7.92706485e+00   7.66417970e+00  -9.87915188e+00 
 -1.13432059e+01   6.31033580e+00  -1.09551505e+01 
 -1.00146843e+01   2.29951579e+00  -9.70843882e+00 
 -6.48589228e+00   3.15568021e+00  -8.66924453e+00 
 -4.71395180e+00   4.18780207e+00  -5.60515065e+00 
 -1.37587370e+00   6.07686691e+00  -5.69690385e+00 
  1.28207893e+00   6.30588805e+00  -2.95735545e+00 
  4.90812326e+00   7.09650918e+00  -2.47181810e+00 
  7.21966123e+00   4.41799254e+00  -3.97762995e+00 
  9.40674406e+00   2.37650799e+00  -1.58588177e+00 
  1.27764283e+01   1.23378444e+00  -2.89863462e+00 
  1.12428512e+01  -4.25746387e+00  -1.87387591e-02 
  8.68901831e+00  -5.71809540e+00   2.37210866e+00 
  9.99765347e+00  -6.93780755e+00   5.70690066e+00 
 -3.83216549e+00  -7.71253542e+00   7.96907353e+00 
  2.06471851e+00  -9.05068810e+00   8.42829428e+00 
  5.55902231e+00  -8.59114150e+00   7.20208160e+00 
  4.37828618e+00  -8.36581652e+00   3.54898618e+00 
  2.82724547e+00  -5.07808108e+00   4.37811520e+00 
  5.72715879e+00  -3.56125030e+00   6.07520402e+00 
  7.98290681e+00  -1.84763684e+00   3.66299054e+00 
  1.15462548e+01  -8.34735891e-01   4.30271749e+00 
  9.40451421e+00   1.43814044e+00   8.03042474e+00 
  6.22478266e+00   2.29292403e+00   6.13199221e+00 
  3.13705747e+00   2.37358486e-01   7.00702268e+00 
  1.19016931e+00  -3.06599851e-01   3.92302742e+00 
 -2.12052312e+00  -2.31928539e+00   2.89688279e+00 
 -5.45683217e+00  -9.09164291e-01   4.03929693e+00 
 -7.80208655e+00  -2.69985134e+00   1.61829444e+00 
 -8.87215484e+00  -4.67289253e+00   4.65154139e+00 
 -8.62944470e+00  -1.89243250e+00   7.34743139e+00 
 -6.19585741e+00  -1.59802426e+01   3.30949695e+00 
  4.64250840e+00   1.41054023e+01  -1.52924671e+00 

   3.577150956666e+01 

  5.63815567e-01   1.82639600e-01   2.65095714e+00 
 -7.10806064e+00  -3.26976319e+00  -3.71232961e+00 
 -8.12976184e+00  -3.66889514e+00  -3.22808000e+00 
 -6.49346528e+00  -3.39469387e+00  -2.26238232e+00 
  7.58179746e-01  -1.09557299e+00   8.36531237e-01 
 -3.00390472e+00  -4.93582565e-01  -2.05859466e+00 
 -5.65850162e+00  -2.27775963e+00  -1.77754471e+00 
 -3.65770888e+00  -3.23973043e+00  -4.16955158e+00 
 -8.86511422e-01   1.12617272e+00   1.37618229e+00 
 -4.81414083e+00  -1.86825195e+00  -2.95128792e+00 
 -6.10360172e+00  -3.23595178e+00  -4.62309666e+00 
 -3.61586806e+00  -1.20430536e+00  -3.00024951e+00 
 -1.56289614e+00  -4.89531038e-01  -1.86210969e+00 
 -4.26831802e-01   8.51571604e-02  -1.90324238e+00 
  1.19902497e-02   9.25589821e-01  -8.54493108e-01 
 -9.23123386e-01   7.68310090e-01   1.69076624e-01 
 -1.81898490e+00   3.21596484e-01   2.13339263e+00 
 -2.35242213e+00  -7.99145758e-01   1.40279979e+00 
 -1.58413293e+00  -4.29270633e-01   1.71331668e-01 
 -1.42187757e+00  -1.37900884e+00  -7.94289840e-01 
 -1.30920537e+00  -1.23083051e+00   2.01258315e+00 
  6.53862691e-02  -8.48701829e-01   1.86133955e+00 
  1.66534588e+00   5.70922717e-01   2.05936433e+00 
  1.79086400e+00   1.88119011e+00   1.58221761e+00 
  2.96530250e+00   1.95415908e+00   8.65950167e-01 
  3.59840636e+00   8.76474152e-01   3.31494043e-01 
  5.03107344e+00   5.28267298e-01   7.14903461e-01 
  2.90094863e+00  -1.59928640e-01   2.82405755e-01 
  1.84384371e+00  -4.05519214e-01   1.10157505e+00 
 -2.83818864e+00  -1.17760533e+00  -4.18268356e+00 
 -2.83665202e+00  -2.36542308e+00  -4.93587135e+00 
 -4.89121069e+00  -2.58421613e+00  -4.19435854e+00 
  5.33750242e+00  -5.46820234e-01   1.40180701e+00 
  5.38307402e+00   7.64219916e-02  -4.68798892e-01 
  5.53610585e+00   1.71702587e+00   8.96128150e-01 
 -1.22464739e+01   5.33347120e+00  -3.36918990e+00 
 -1.17928965e+01   1.60703155e+00  -3.07585993e+00 
 -1.14529250e+01   1.16658993e+00   7.08423656e-01 
 -9.20011961e+00   1.11926756e+00   3.69915392e+00 
 -5.76081326e+00   4.89520475e-01   4.77305924e+00 
 -3.83908979e+00   1.07494731e+00   7.95277072e+00 
 -4.15001533e+00   4.71984507e+00   8.97431555e+00 
 -6.07492090e+00   5.86519087e+00   5.89196659e+00 
 -8.15960650e+00   5.56101837e+00   2.72920335e+00 
 -7.16518866e+00   3.74891449e+00  -4.92129290e-01 
 -7.88540937e+00   5.09198817e+00  -3.94226440e+00 
 -7.29104838e+00   3.87428699e+00  -7.42494250e+00 
 -2.51929896e+00   3.26012725e+00  -1.28823366e+01 
 -1.45286360e+00   3.53127492e+00  -9.22976591e+00 
 -2.91643992e+00   2.68974652e+00  -5.78070523e+00 
 -2.86570884e+00   5.78564731e+00  -3.52996057e+00 
 -3.24170419e+00   5.56110386e+00   3.14793934e-01 
 -4.11046794e+00   8.86620961e+00   1.95497281e+00 
 -3.41229814e+00   9.22698091e+00   5.69117534e+00 
  3.27594465e+00   7.95801537e+00   7.21026586e+00 
  7.51578057e+00   5.16968597e+00   9.17664210e+00 
  5.80714676e+00   3.52606199e+00   6.30809690e+00 
  7.54531999e+00   5.65978634e+00   3.60530125e+00 
  1.01705061e+01   9.83985853e-01   5.30248404e+00 
  9.08886553e+00   1.05321778e+00   1.69023983e+00 
  1.21297211e+01  -2.71185110e+00  -7.08954877e-01 
  1.14162259e+01  -7.20240006e+00  -5.09537683e+00 
  8.62908572e+00  -8.74764949e+00  -7.28396242e+00 
  6.72589293e+00  -1.00086783e+01  -4.26630948e+00 
  6.65601566e+00  -6.76288028e+00  -2.47982440e+00 
  4.00008205e+00  -4.35364862e+00  -3.93852182e+00 
  6.05854902e+00  -1.66451375e+00  -5.74832338e+00 
  6.44950695e+00   1.81027916e+00  -4.23751036e+00 
  6.42313225e+00   4.61171546e+00  -6.60307435e+00 
  6.44000613e+00   7.84914385e+00  -4.58246494e+00 
  4.82020777e+00   9.91692327e+00  -1.81409417e+00 
  2.96333564e+00   1.32329046e+01  -1.55340997e+00 
  2.62358830e+00   1.55596622e+01   1.46842002e+00 
 -1.49345791e-01   1.26403100e+01   3.25564014e+00 
 -2.41270185e-01   1.01284034e+01   4.36563869e-01 
  1.57916923e+00   7.08495723e+00  -5.71977368e-01 
  1.69299280e+00   5.86625002e+00  -4.20812189e+00 
  2.40781553e+00   2.33613886e+00  -5.49250189e+00 
  1.92203666e+00   1.77973106e-01  -8.51166821e+00 
 -1.76339496e+00  -7.59070610e-01  -9.08146755e+00 
 -2.75345341e+00  -4.44556930e+00  -8.76372317e+00 
 -5.58333968e+00  -5.65676780e+00  -1.09792707e+01 
 -7.48243682e+00  -8.69025209e+00  -5.68863080e+00 
 -6.28505104e+00  -9.55581016e+00  -2.19739398e+00 
 -5.81305973e+00  -1.32321519e+01  -1.43398243e+00 
  8.94865419e-05  -7.50121033e+00   9.98289661e+00 
 -2.92185272e+00  -1.15504722e+01   6.54189243e+00 
 -4.56039932e+00  -1.24126920e+01   3.30203416e+00 
 -5.99555916e+00  -8.86293835e+00   2.94206149e+00 
 -2.51765605e+00  -7.64261770e+00   2.37868415e+00 
 -1.51881677e+00  -1.01120199e+01  -1.69797016e-01 
 -2.42991074e+00  -8.98705805e+00  -3.59733442e+00 
 -2.64137990e+00  -1.11620713e+01  -6.65629931e+00 
  1.92080407e+00  -1.21595810e+01  -5.29973275e+00 
  2.67342101e+00  -8.66010859e+00  -4.02197918e+00 
  2.78064148e+00  -8.23675247e+00  -2.35906256e-01 
  1.37623110e+00  -4.93247397e+00   6.04728061e-01 
  5.36258768e-01  -2.90263263e+00   3.95715268e+00 
  3.45711843e+00  -1.49741996e+00   5.93666420e+00 
  1.64524109e+00   1.13906368e+00   8.01851093e+00 
  2.27120583e+00  -1.20571251e+00   1.09079257e+01 
  5.75032757e+00  -2.58207842e+00   9.87883976e+00 
 -7.86221005e+00  -5.08660565e+00   1.52751178e+01 
  7.74876678e+00   1.72088692e+00  -1.22200653e+01 

   3.577150956666e+01 

