  2.05061019e+00  -1.86897897e+00   1.03896507e+00 
  1.92074523e+00  -3.24571529e+00   1.53634617e+00 
  3.13684214e+00  -1.98942314e+00   4.98344610e-02 
  2.41747820e+00  -8.27101581e-01   2.20752485e+00 
  5.74229426e-01  -1.34964445e+00   3.46931639e-01 
  2.14902613e-01  -2.16883351e+00  -6.77553366e-01 
 -1.12539481e+00  -1.99729234e+00  -1.08364681e+00 
 -1.98153824e+00  -1.74521733e+00  -1.10434030e-01 
 -1.53151759e+00  -5.93991370e-01   4.68085900e-01 
 -2.75468303e-01  -6.63426633e-01   9.96226056e-01 
 -5.44477551e-02   7.64901725e-01   9.95166705e-01 
 -9.78393908e-01   1.74607489e+00   4.57621748e-01 
 -1.63927149e+00   1.92003295e+00   1.69481662e+00 
 -3.07453975e+00   1.67341664e+00   1.68958890e+00 
 -3.26212923e+00   1.80009509e+00   2.84530551e-01 
 -2.12641171e+00   1.31425163e+00  -3.18748179e-01 
 -2.14375155e+00   2.12693276e+00  -1.47161931e+00 
 -3.24281905e+00   2.19816302e+00  -2.26875060e+00 
 -4.33695989e+00   1.64267995e+00  -1.74171407e+00 
 -4.40296774e+00   1.59960891e+00  -3.88713319e-01 
 -3.54256726e+00  -1.44381738e+00  -5.74989285e-01 
 -3.73152360e+00  -1.34521141e+00  -2.28496395e+00 
 -2.50047239e+00  -9.42461902e-01  -2.88664204e+00 
 -1.44088529e+00  -2.61993216e-01  -2.56319318e+00 
  8.66732129e-01  -1.50575512e+00  -1.71063195e+00 
 -1.47069155e+00  -3.12971565e+00  -1.70867689e+00 
 -2.35229966e+00  -5.87051559e-01   1.58778871e+00 
 -5.96657038e+00   5.04757526e+00   1.00514884e+01 
 -2.90097872e+00   6.26121296e+00   1.18438668e+01 
 -1.69013901e+00   3.53782560e-01   1.40091741e+01 
 -2.55606392e+00  -8.31209621e+00   1.20812435e+01 
  5.25158696e+00  -6.71341089e+00   7.54180333e+00 
  7.18817400e+00  -4.46135725e+00   7.92567066e+00 
 -7.13034969e+00   7.66682093e+00  -1.04851026e+00 
 -7.01926555e+00   9.14094027e+00   2.40931062e+00 
 -4.11377867e+00   7.07037881e+00   3.61888053e+00 
 -1.48336642e+00   7.77310207e+00   9.89981445e-01 
 -1.32000464e+00   9.01527338e+00  -2.59938880e+00 
 -1.01254536e+00   6.55466971e+00  -5.42117446e+00 
  3.82547665e-01   6.99145035e+00  -8.90367169e+00 
 -1.47163566e+00   4.28805302e+00  -1.09893852e+01 
 -5.08914588e-01   2.51637552e+00  -1.40873704e+01 
  3.34669330e+00  -2.77865002e+00  -1.18835927e+01 
 -8.26334390e-02  -1.57232213e+00  -1.06974095e+01 
  7.69321714e-01   1.52875387e+00  -8.59393128e+00 
  3.35052219e+00   3.15276392e+00  -6.32315428e+00 
  2.99024987e+00   5.23245381e+00  -3.19016071e+00 
  4.89382317e+00   6.37150909e+00  -1.43382783e-01 
  4.91072894e+00   6.19747760e+00   3.63909444e+00 
  8.15942007e+00   1.16151604e+00   7.60053997e+00 
  1.10976899e+01  -1.19956565e+00   7.16879896e+00 
  9.64994013e+00   4.66423727e+00   2.12279348e+00 
  8.50954543e+00   4.20625129e+00  -1.51275493e+00 
  6.56942585e+00   1.04409014e+00  -2.47923142e+00 
  6.19868045e+00  -7.72264761e-02  -6.08202186e+00 
  3.38033380e+00  -2.59218421e+00  -6.14422282e+00 
  3.44123088e+00  -5.55399924e+00  -8.61514224e+00 
  9.94985640e-01  -8.54306473e+00  -8.98121649e+00 
 -3.77471355e+00  -1.06955925e+01  -3.04204302e+00 
  5.03316295e-01  -1.29804344e+01  -5.38020026e+00 
  2.52525456e+00  -9.81080010e+00  -4.96574221e+00 
  6.03146379e+00  -8.45616799e+00  -5.27515062e+00 
  6.65108890e+00  -5.03568042e+00  -3.59908608e+00 
  9.96450013e+00  -3.14717089e+00  -4.25181308e+00 
  1.06244923e+01  -9.01198062e-01  -1.16716287e+00 
  1.30659008e+01   2.04320045e+00  -1.56030688e+00 
  2.29962278e+00  -8.89501753e+00   3.90380628e+00 
  5.31063407e-01  -5.73584892e+00   2.95630567e+00 
  1.32368830e+00  -3.03306876e+00   5.51627657e+00 
 -2.08854126e+00  -1.73164760e+00   5.71865601e+00 
 -5.45591938e+00  -3.46525845e+00   6.25133813e+00 
 -6.35841164e+00  -5.96547854e+00   5.02252015e+00 
 -2.75594104e+00  -7.07453673e+00   5.93784307e+00 
 -2.96158798e+00  -1.01355582e+01   3.69957193e+00 
  7.13519993e-01  -1.22637469e+01  -2.42289134e-02 
  3.92355366e+00  -1.03329634e+01  -5.23820354e-01 
  1.39282396e+01  -3.97730354e+00  -1.39377704e-01 
 -6.11289403e+00   1.25036717e+01   5.55286857e+00 
  1.21204201e+00   6.82236676e+00   7.71996652e+00 
  3.78730510e+00   4.09086903e+00   8.65489590e+00 
  3.24571373e+00   7.90072436e-01   1.04975328e+01 

   2.180350782440e+01 

  5.13545672e-01  -6.77574262e-01   9.43975606e-01 
  1.85487128e+00  -1.22898678e+00   1.18155846e+00 
 -1.84824349e-01  -9.85753686e-01   2.20496362e+00 
  5.44113029e-01   9.02446219e-01   6.46934383e-01 
 -2.02322448e-01  -1.43142954e+00  -4.15271918e-01 
 -2.93086855e-01  -2.77454312e+00  -2.21458296e-01 
 -5.74519684e-01  -3.48995053e+00  -1.40455729e+00 
 -2.38904493e-03  -3.01931275e+00  -2.49764152e+00 
 -4.66381413e-01  -1.74156322e+00  -2.61844018e+00 
 -1.65745407e-01  -9.14857540e-01  -1.57556493e+00 
 -1.20850973e+00   4.34628096e-02  -1.86407452e+00 
 -2.19828666e+00  -1.00116141e-01  -2.91529217e+00 
 -1.40526871e+00   5.82130988e-01  -3.86573056e+00 
 -1.10118440e+00  -1.52838704e-01  -5.08564621e+00 
 -2.14795024e+00  -1.11020005e+00  -4.97089975e+00 
 -2.32215901e+00  -1.35756263e+00  -3.62989027e+00 
 -3.70056488e+00  -1.65631459e+00  -3.65454095e+00 
 -4.20317659e+00  -2.60185289e+00  -4.49226417e+00 
 -3.34062784e+00  -3.02359789e+00  -5.42049578e+00 
 -2.36653940e+00  -2.15355561e+00  -5.78243686e+00 
 -3.97029491e-01  -3.78494108e+00  -3.91239850e+00 
 -1.63480631e+00  -4.96795486e+00  -3.71790447e+00 
 -2.45231837e+00  -4.63466232e+00  -2.59527323e+00 
 -2.81197988e+00  -3.57063552e+00  -1.94038989e+00 
 -1.54269279e+00  -2.81164214e+00   3.85925182e-01 
 -1.65775344e-01  -4.74556981e+00  -1.18405037e+00 
  3.79357848e-01  -1.30590370e+00  -3.62957402e+00 
  2.54187061e+00   6.43437787e+00  -1.08308075e+01 
  2.63484645e+00   9.63747720e+00  -8.87763079e+00 
  8.25015581e+00   8.00869179e+00  -6.25698558e+00 
  1.31933601e+01   1.06721920e+00  -3.62167015e+00 
  8.19101926e+00   2.10574794e+00   3.99540071e+00 
  6.66869534e+00   4.52291055e+00   4.89502499e+00 
 -6.91455981e+00  -1.46484932e-02  -1.01898843e+01 
 -5.58402335e+00   3.28661775e+00  -1.14036415e+01 
 -3.53063148e+00   4.02795226e+00  -8.33343905e+00 
 -6.09501429e+00   3.72765124e+00  -5.56617342e+00 
 -9.48499139e+00   2.10140431e+00  -5.00347318e+00 
 -9.70749890e+00  -1.19701091e+00  -3.21951033e+00 
 -1.25599355e+01  -2.74181434e+00  -1.28507581e+00 
 -1.19011483e+01  -6.56134360e+00  -1.55664442e+00 
 -1.28677687e+01  -9.36340156e+00   6.51816962e-01 
 -7.90582639e+00  -9.52202094e+00   5.45947880e+00 
 -7.63347481e+00  -9.36728561e+00   1.64838696e+00 
 -8.47278245e+00  -5.69943279e+00   8.67657221e-01 
 -8.29768649e+00  -2.11632645e+00   2.12746797e+00 
 -7.58226863e+00   1.14110990e+00   3.53252500e-01 
 -6.46071580e+00   4.68393058e+00   9.81293008e-01 
 -3.71759840e+00   7.16517636e+00   1.71087452e-01 
  2.33207942e+00   8.11752642e+00   3.92640119e+00 
  3.45335474e+00   7.57559998e+00   7.51019721e+00 
 -4.10456551e+00   7.11671373e+00   5.36319926e+00 
 -6.19100245e+00   3.89594160e+00   5.33368281e+00 
 -4.42085150e+00   5.25850184e-01   4.87931134e+00 
 -6.08045199e+00  -2.76469440e+00   5.76978571e+00 
 -4.06657577e+00  -5.47957492e+00   4.08286973e+00 
 -3.66491978e+00  -8.94361545e+00   5.73229241e+00 
 -1.55640164e+00  -1.20037215e+01   4.61759918e+00 
  4.53389470e+00  -1.11942003e+01  -3.73408117e-01 
  4.15749099e+00  -1.24476509e+01   4.84925433e+00 
  1.99212100e+00  -9.41645241e+00   5.50469303e+00 
  4.87998512e-01  -7.38287863e+00   8.30227379e+00 
 -8.54637378e-01  -3.90624185e+00   7.30068086e+00 
 -2.96087753e+00  -1.85994407e+00   9.82013171e+00 
 -2.49122465e+00   1.87893922e+00   8.92837593e+00 
 -5.09326473e+00   4.39196773e+00   1.02316777e+01 
  7.50164755e+00  -2.89966097e+00   2.90950433e+00 
  4.74702287e+00  -2.33905387e+00   4.38943959e-01 
  4.51429702e+00   1.37370986e+00  -3.66009443e-01 
  4.03556428e+00   9.22124731e-01  -3.96390478e+00 
  5.95277091e+00  -1.13362321e+00  -6.55747594e+00 
  6.97274011e+00  -3.85947727e+00  -6.23348693e+00 
  8.07070187e+00  -2.45126185e+00  -2.79008311e+00 
  8.72886704e+00  -5.92493561e+00  -1.40357313e+00 
  7.33569140e+00  -8.27246069e+00   3.54117016e+00 
  5.31474299e+00  -6.13782780e+00   5.91623702e+00 
  1.19173773e-01   2.04540363e+00   1.27482743e+01 
 -5.89501990e+00   7.84532388e+00  -1.24680230e+01 
 -9.99470569e-01   8.83156791e+00  -4.36313890e+00 
  1.36670759e+00   8.84944763e+00  -1.30241448e+00 
  5.05402272e+00   7.87768041e+00  -1.09441015e+00 

   2.180350782440e+01 

 -1.13787285e+00  -2.27123451e+00  -8.12784971e-02 
 -6.54607082e-01  -3.52154989e+00   5.21068075e-01 
 -5.18043938e-01  -2.30210191e+00  -1.41830704e+00 
 -2.74252094e+00  -2.21191625e+00  -1.66239836e-01 
 -6.33640755e-01  -9.31103921e-01   8.55801422e-01 
  7.23086980e-01  -8.95931982e-01   9.44168756e-01 
  1.19319793e+00  -2.04608311e-02   1.94580811e+00 
  4.60170394e-01   2.63509316e-02   3.04314387e+00 
 -7.74446020e-01   4.33140101e-01   2.62748779e+00 
 -1.38401305e+00  -3.91907833e-01   1.72796733e+00 
 -2.29770704e+00   6.10951936e-01   1.22956120e+00 
 -2.30214551e+00   2.00362957e+00   1.63669897e+00 
 -3.22852265e+00   1.77906652e+00   2.68028345e+00 
 -2.79253076e+00   2.17122972e+00   4.01331046e+00 
 -1.75417874e+00   3.05177034e+00   3.59870281e+00 
 -1.21745763e+00   2.52730291e+00   2.44687481e+00 
 -8.24533912e-01   3.73631983e+00   1.83552208e+00 
 -4.03244106e-02   4.63510889e+00   2.48792923e+00 
  1.08450546e-01   4.38562880e+00   3.79142408e+00 
 -8.91174452e-01   3.69732774e+00   4.39459462e+00 
  9.39269054e-01   1.11939396e+00   4.19170233e+00 
  2.22912774e+00   2.13272733e+00   3.66362937e+00 
  2.20395799e+00   2.24800122e+00   2.24032715e+00 
  1.33272328e+00   2.17820945e+00   1.27779881e+00 
  9.84002207e-01  -1.31063987e-01  -1.86630176e-01 
  2.43151301e+00  -4.31610984e-01   2.24548518e+00 
 -1.47737683e+00   2.04577251e-01   3.80269545e+00 
 -1.07034352e+01   1.69908728e+00   9.19643920e+00 
 -1.34212377e+01   4.88479122e-01   6.90922111e+00 
 -1.17183258e+01  -5.60414057e+00   7.92534059e+00 
 -4.78278718e+00  -1.09049265e+01   9.75950811e+00 
 -3.80409534e+00  -1.05393626e+01   6.47414538e-01 
 -5.85228769e+00  -9.79197719e+00  -1.40582490e+00 
 -3.54997104e+00   9.76387111e+00   5.29618117e+00 
 -7.12577902e+00   9.10255811e+00   6.25438528e+00 
 -7.36162992e+00   5.74086128e+00   4.57048895e+00 
 -6.28776213e+00   6.54364382e+00   1.03123095e+00 
 -4.32147591e+00   9.23615488e+00  -7.95612790e-01 
 -7.14463880e-01   8.65460562e+00  -1.66902031e+00 
  1.41934269e+00   1.01818853e+01  -4.38547666e+00 
  5.03333692e+00   9.91427024e+00  -2.98405534e+00 
  8.30368903e+00   9.73445544e+00  -4.69742893e+00 
  9.08471325e+00   3.02535614e+00  -6.15949313e+00 
  8.11095545e+00   4.73010288e+00  -2.87800357e+00 
  4.43738693e+00   5.69619353e+00  -3.45996899e+00 
  1.19700318e+00   4.75305580e+00  -5.21120772e+00 
 -2.40627356e+00   4.90796879e+00  -4.08739566e+00 
 -5.81376461e+00   3.47602682e+00  -4.82390155e+00 
 -8.61515059e+00   1.42971236e+00  -3.30648913e+00 
 -9.22261885e+00  -5.72299462e+00  -3.58527016e+00 
 -8.02750036e+00  -8.49257353e+00  -5.88650047e+00 
 -7.44550719e+00  -8.85888429e-01  -7.82091540e+00 
 -4.15106058e+00   1.05587829e+00  -8.14282688e+00 
 -1.09976221e+00  -9.17994660e-02  -6.12544789e+00 
  2.42311655e+00   1.01670774e+00  -6.98302530e+00 
  4.55765829e+00   2.61383244e-01  -3.95892615e+00 
  8.24933495e+00  -7.80686854e-01  -4.36772058e+00 
  1.08333574e+01  -1.89493072e+00  -1.69677937e+00 
  8.52176088e+00  -4.61252091e+00   5.36922464e+00 
  1.08713115e+01  -6.90242777e+00   1.10015454e+00 
  8.22324800e+00  -5.50374522e+00  -1.21026498e+00 
  6.94678017e+00  -5.72466048e+00  -4.75231117e+00 
  3.45214881e+00  -4.20552984e+00  -5.36276727e+00 
  2.15148973e+00  -3.76784710e+00  -8.98049232e+00 
 -1.71623703e+00  -3.87235972e+00  -8.82295725e+00 
 -3.68913483e+00  -2.40761666e+00  -1.17804431e+01 
  8.98866896e-01  -9.18382178e+00   2.30668480e+00 
  4.65116297e-02  -5.58028051e+00   2.84879805e+00 
 -3.72299231e+00  -5.12471266e+00   2.58417804e+00 
 -4.00273083e+00  -2.85831300e+00   5.44129966e+00 
 -2.69378735e+00  -3.09540455e+00   9.02722308e+00 
 -4.83416241e-02  -4.02292309e+00   9.87393003e+00 
 -7.81427184e-01  -6.78232451e+00   7.24830440e+00 
  2.84441673e+00  -7.91012658e+00   7.19069216e+00 
  6.28060891e+00  -9.13912910e+00   2.87972538e+00 
  4.85686822e+00  -8.70470534e+00  -5.93899685e-01 
 -1.27735230e+00  -8.07109635e+00  -1.07233531e+01 
 -1.17681889e+01   9.72240999e+00   5.98008149e+00 
 -1.14040049e+01   1.33962062e+00   1.48292245e+00 
 -1.09610929e+01  -2.25566403e+00   1.24647815e-01 
 -1.02564540e+01  -5.48834834e+00   2.03177300e+00 

   2.180350782440e+01 

 -9.12318679e-01  -1.25223640e+00  -8.37532709e-01 
 -3.03393302e-02  -1.51090684e+00  -1.98420520e+00 
 -2.18194125e+00  -8.84064585e-01  -1.48967845e+00 
 -1.07772508e+00  -2.53986565e+00   1.11300373e-01 
 -2.70587922e-01   5.84620190e-03   1.28763606e-01 
 -1.33312460e-01   1.14443051e+00  -6.02356924e-01 
  6.71651605e-01   2.11693610e+00   2.77233561e-02 
  1.69923160e+00   1.64332630e+00   7.08487346e-01 
  1.15141607e+00   8.25558291e-01   1.65383317e+00 
  4.28898576e-01  -2.23211646e-01   1.16448341e+00 
 -3.16228117e-01  -4.47760655e-01   2.38240666e+00 
 -2.24630461e-01   3.75496026e-01   3.57370434e+00 
  8.01614413e-01  -4.15184059e-01   4.13878683e+00 
  2.03398740e+00   2.85458202e-01   4.47225219e+00 
  1.48200133e+00   1.59707672e+00   4.49211291e+00 
  4.97421687e-01   1.63414020e+00   3.53343017e+00 
 -3.46287907e-01   2.58580260e+00   4.14363991e+00 
  1.26777672e-01   3.79685909e+00   4.54112266e+00 
  1.45845945e+00   3.89580688e+00   4.52362740e+00 
  2.15381649e+00   2.74207856e+00   4.67266681e+00 
  2.60013547e+00   2.75995409e+00   1.53612235e+00 
  1.91936919e+00   4.34243418e+00   1.49422902e+00 
  5.05664245e-01   4.25764949e+00   1.30994478e+00 
 -4.55058535e-01   3.41727654e+00   1.55726372e+00 
 -1.39178607e+00   1.68885987e+00  -3.75097471e-01 
  1.10753240e+00   2.92470149e+00  -9.46852461e-01 
  2.31652797e+00   2.27500092e-01   2.11460036e+00 
  6.84654890e+00  -5.98624014e+00   9.68523621e+00 
  4.76439343e+00  -9.10575331e+00   9.81429190e+00 
  7.16330600e+00  -1.10745979e+01   4.20882209e+00 
  1.04131076e+01  -8.23656972e+00  -3.59813526e+00 
  1.49347396e+00  -8.05753835e+00  -5.72646976e+00 
 -7.60468574e-01  -9.49718433e+00  -4.37864499e+00 
  1.58843948e+00   4.08822380e+00   1.11959519e+01 
  2.51221931e+00   8.73300006e-01   1.29143199e+01 
  1.59699565e+00  -1.37956171e+00   1.00369742e+01 
 -1.98216698e+00  -3.67391830e-01   9.33761306e+00 
 -4.26739586e+00   2.60289203e+00   9.97667343e+00 
 -4.83491709e+00   5.14621232e+00   7.27093554e+00 
 -7.72478459e+00   7.51180978e+00   6.70749670e+00 
 -6.14338329e+00   1.04459543e+01   4.71086957e+00 
 -7.63226244e+00   1.28650684e+01   2.34563997e+00 
 -7.55390080e+00   9.56638080e+00  -3.72660539e+00 
 -4.77093174e+00   1.00347923e+01  -1.14625401e+00 
 -5.70915460e+00   7.52259949e+00   1.60615321e+00 
 -7.35011965e+00   4.17578881e+00   2.35616970e+00 
 -6.44489986e+00   1.41636082e+00   4.77209378e+00 
 -6.99692993e+00  -2.25209043e+00   5.43664036e+00 
 -5.19108864e+00  -5.56766054e+00   5.72584415e+00 
 -3.92237195e+00  -1.01468185e+01   3.37929546e-01 
 -5.50698121e+00  -1.09486986e+01  -3.01476166e+00 
 -9.03355764e+00  -6.33438601e+00   2.29689660e+00 
 -9.62979929e+00  -2.56567650e+00   1.88605849e+00 
 -7.27962073e+00  -5.35187746e-01  -3.61424573e-01 
 -8.20556862e+00   2.89918621e+00  -1.67390241e+00 
 -4.99979733e+00   4.49338659e+00  -2.87952041e+00 
 -5.00988793e+00   6.88712796e+00  -5.90464849e+00 
 -2.05024061e+00   8.61356495e+00  -7.72468741e+00 
  5.33237148e+00   5.82328910e+00  -7.11757363e+00 
  1.77460978e+00   6.05932044e+00  -1.11518818e+01 
 -8.98703444e-01   4.47459108e+00  -8.99581570e+00 
 -4.35828080e+00   2.98199325e+00  -9.16237240e+00 
 -5.43765785e+00   9.27327747e-01  -6.07916665e+00 
 -9.11631867e+00  -2.18450231e-01  -5.72439597e+00 
 -9.10761879e+00  -3.42943623e+00  -3.56001529e+00 
 -1.23968466e+01  -4.48292125e+00  -1.87014251e+00 
  3.01789054e+00  -3.28797159e+00  -7.00549656e+00 
  2.71998843e+00  -1.89267014e+00  -3.54568527e+00 
  2.19876715e+00  -4.74404069e+00  -1.07895865e+00 
  4.47515450e+00  -3.42761479e+00   1.46329399e+00 
  8.07923637e+00  -2.16418870e+00   1.25655609e+00 
  9.22247485e+00  -4.47625556e-01  -8.22386711e-01 
  7.23580222e+00  -2.85165589e+00  -3.12876712e+00 
  7.58395047e+00  -5.28458816e-01  -6.11264862e+00 
  3.80008796e+00   1.19493592e+00  -9.93555244e+00 
  2.57264063e-01  -4.03260216e-02  -9.48349115e+00 
 -1.00212565e+01  -5.62438900e+00  -7.53254121e+00 
  1.90771262e+00  -2.60032702e+00   1.60094637e+01 
 -6.23837740e-01  -7.46570401e+00   8.22823072e+00 
 -1.14105512e+00  -9.26577724e+00   4.84306080e+00 
  1.45659656e+00  -1.03487298e+01   2.26172205e+00 

   2.180350782440e+01 

 -9.72287395e-01  -9.99983004e-01  -4.60712877e-01 
 -1.64801783e+00  -2.02138309e+00  -1.27298501e+00 
 -1.48135436e+00   2.55743734e-01  -1.04104657e+00 
 -1.32872063e+00  -1.12520186e+00   1.10226766e+00 
  7.25419650e-01  -1.15981435e+00  -6.04112687e-01 
  1.10737557e+00  -1.03052882e+00  -1.90301643e+00 
  2.43060815e+00  -1.45933821e+00  -2.13947669e+00 
  2.81539609e+00  -2.51207421e+00  -1.44137092e+00 
  2.68593662e+00  -2.13781870e+00  -1.35347124e-01 
  1.42154304e+00  -1.79651398e+00   2.47057197e-01 
  1.83595190e+00  -1.03810466e+00   1.40552761e+00 
  3.21449541e+00  -7.77946175e-01   1.77602352e+00 
  3.29814698e+00  -1.93143591e+00   2.58851081e+00 
  4.35563422e+00  -2.87340244e+00   2.24900866e+00 
  5.15167002e+00  -1.96773222e+00   1.49302278e+00 
  4.28855727e+00  -1.10744730e+00   8.56791998e-01 
  5.12542327e+00   2.73258620e-02   8.14267907e-01 
  6.37733406e+00  -3.79940303e-02   2.88060629e-01 
  6.80729568e+00  -1.28040788e+00   5.35101297e-02 
  6.27239200e+00  -2.26161280e+00   8.20281381e-01 
  4.39513087e+00  -2.97251900e+00  -1.63082741e+00 
  5.30914975e+00  -1.87182491e+00  -2.59128720e+00 
  4.73690509e+00  -5.65850328e-01  -2.50957299e+00 
  4.02815871e+00   1.30773943e-01  -1.67125633e+00 
  1.29204006e+00   3.46818013e-01  -1.92793161e+00 
  2.50300805e+00  -1.73249266e+00  -3.44807133e+00 
  2.87882319e+00  -3.37786596e+00   4.58406463e-01 
  4.56255317e+00  -8.78347562e+00   9.64484332e+00 
  1.83789420e+00  -7.68524543e+00   1.19801191e+01 
 -2.50064524e+00  -1.10581555e+01   8.68573368e+00 
 -4.58272299e+00  -1.40618519e+01   5.48967876e-01 
 -8.30335999e+00  -5.70580793e+00  -1.25653544e-01 
 -9.09325664e+00  -3.84715154e+00   2.08589090e+00 
  1.12657009e+01  -7.30598772e-01   4.99255515e+00 
  1.03298645e+01  -2.37766494e+00   8.24113576e+00 
  6.61828266e+00  -2.42070827e+00   7.59736116e+00 
  5.89629601e+00   1.21742334e+00   6.84454468e+00 
  7.79247021e+00   4.31015005e+00   5.70752216e+00 
  7.71365255e+00   5.33275396e+00   2.09370907e+00 
  8.23746455e+00   8.71622863e+00   4.99165561e-01 
  9.49108319e+00   7.86885158e+00  -3.07951384e+00 
  9.28585962e+00   9.76542920e+00  -6.24559375e+00 
  3.05202976e+00   8.17813365e+00  -8.77136137e+00 
  5.81796312e+00   5.89955473e+00  -7.43710868e+00 
  5.53003403e+00   6.32543257e+00  -3.62884852e+00 
  3.16454098e+00   6.99523031e+00  -7.28461247e-01 
  2.99684541e+00   5.56166248e+00   2.76257246e+00 
  6.49703713e-01   5.09300376e+00   5.67378849e+00 
 -1.03037589e+00   2.44378844e+00   7.79433028e+00 
 -7.40816239e+00  -5.83412537e-01   6.46472613e+00 
 -1.05748378e+01   3.85357461e-01   4.61318951e+00 
 -4.84912609e+00   5.56768474e+00   6.13043847e+00 
 -2.58693574e+00   7.18319480e+00   3.48467100e+00 
 -1.92597358e+00   5.31958990e+00   2.00236532e-01 
 -5.73338890e-01   7.06952927e+00  -2.87921043e+00 
  6.83106451e-01   4.36132605e+00  -5.19414879e+00 
  4.47439634e-01   4.77994698e+00  -9.02177431e+00 
  1.33529294e+00   2.28748079e+00  -1.18593732e+01 
  1.78622617e+00  -5.49648117e+00  -1.04941688e+01 
 -1.62580646e+00  -2.41128407e+00  -1.32921347e+01 
 -2.11698442e+00  -1.19790603e-01  -1.03232303e+01 
 -4.25265115e+00   2.73243313e+00  -9.08710234e+00 
 -4.04062082e+00   3.45525893e+00  -5.30220751e+00 
 -5.65473407e+00   6.66448342e+00  -3.86459444e+00 
 -6.55594661e+00   5.93208529e+00  -1.70482984e-01 
 -7.13841369e+00   8.92041783e+00   2.17794651e+00 
 -5.29376516e+00  -5.90382756e+00  -4.32227716e+00 
 -2.15821069e+00  -4.89747633e+00  -2.54422730e+00 
 -2.75584041e+00  -4.99320720e+00   1.21348479e+00 
  4.50398317e-01  -6.54826773e+00   2.03797556e+00 
  2.22285782e+00  -9.63881110e+00   6.46817360e-01 
  2.43200872e+00  -1.04268098e+01  -2.16581493e+00 
 -1.31900461e+00  -9.43922994e+00  -2.15147315e+00 
 -1.47889781e+00  -9.37855534e+00  -5.94525141e+00 
 -3.75568637e+00  -5.62994557e+00  -9.50424805e+00 
 -5.33344412e+00  -2.56694673e+00  -7.95165305e+00 
 -1.09290214e+01   5.80272180e+00  -1.68474692e+00 
  9.66815012e+00  -2.51497180e+00   1.28838407e+01 
  4.91627104e-01  -2.22416341e+00   1.03668817e+01 
 -3.11190968e+00  -2.56323258e+00   9.00060664e+00 
 -4.82035595e+00  -5.59022957e+00   7.41871196e+00 

   2.180350782440e+01 

  1.25469976e+14   3.12033219e+14   1.75488157e+14 
  1.25469976e+14   3.12033219e+14   1.75488157e+14 
  1.25469976e+14   3.12033219e+14   1.75488157e+14 
  1.25469976e+14   3.12033219e+14   1.75488157e+14 
  1.25469976e+14   3.12033219e+14   1.75488157e+14 
  1.25469976e+14   3.12033219e+14   1.75488157e+14 
  1.25469976e+14   3.12033219e+14   1.75488157e+14 
  1.25469976e+14   3.12033219e+14   1.75488157e+14 
  1.25469976e+14   3.12033219e+14   1.75488157e+14 
  1.25469976e+14   3.12033219e+14   1.75488157e+14 
  1.25469976e+14   3.12033219e+14   1.75488157e+14 
  1.25469976e+14   3.12033219e+14   1.75488157e+14 
  1.25469976e+14   3.12033219e+14   1.75488157e+14 
  1.25469976e+14   3.12033219e+14   1.75488157e+14 
  1.25469976e+14   3.12033219e+14   1.75488157e+14 
  1.25469976e+14   3.12033219e+14   1.75488157e+14 
  1.25469976e+14   3.12033219e+14   1.75488157e+14 
  1.25469976e+14   3.12033219e+14   1.75488157e+14 
  1.25469976e+14   3.12033219e+14   1.75488157e+14 
  1.25469976e+14   3.12033219e+14   1.75488157e+14 
  1.25469976e+14   3.12033219e+14   1.75488157e+14 
  1.25469976e+14   3.12033219e+14   1.75488157e+14 
  1.25469976e+14   3.12033219e+14   1.75488157e+14 
  1.25469976e+14   3.12033219e+14   1.75488157e+14 
  1.25469976e+14   3.12033219e+14   1.75488157e+14 
  1.25469976e+14   3.12033219e+14   1.75488157e+14 
  1.25469976e+14   3.12033219e+14   1.75488157e+14 
  1.25469976e+14   3.12033219e+14   1.75488157e+14 
  1.25469976e+14   3.12033219e+14   1.75488157e+14 
  1.25469976e+14   3.12033219e+14   1.75488157e+14 
  1.25469976e+14   3.12033219e+14   1.75488157e+14 
  1.25469976e+14   3.12033219e+14   1.75488157e+14 
  1.25469976e+14   3.12033219e+14   1.75488157e+14 
  1.25469976e+14   3.12033219e+14   1.75488157e+14 
  1.25469976e+14   3.12033219e+14   1.75488157e+14 
  1.25469976e+14   3.12033219e+14   1.75488157e+14 
  1.25469976e+14   3.12033219e+14   1.75488157e+14 
  1.25469976e+14   3.12033219e+14   1.75488157e+14 
  1.25469976e+14   3.12033219e+14   1.75488157e+14 
  1.25469976e+14   3.12033219e+14   1.75488157e+14 
  1.25469976e+14   3.12033219e+14   1.75488157e+14 
  1.25469976e+14   3.12033219e+14   1.75488157e+14 
  1.25469976e+14   3.12033219e+14   1.75488157e+14 
  1.25469976e+14   3.12033219e+14   1.75488157e+14 
  1.25469976e+14   3.12033219e+14   1.75488157e+14 
  1.25469976e+14   3.12033219e+14   1.75488157e+14 
  1.25469976e+14   3.12033219e+14   1.75488157e+14 
  1.25469976e+14   3.12033219e+14   1.75488157e+14 
  1.25469976e+14   3.12033219e+14   1.75488157e+14 
  1.25469976e+14   3.12033219e+14   1.75488157e+14 
  1.25469976e+14   3.12033219e+14   1.75488157e+14 
  1.25469976e+14   3.12033219e+14   1.75488157e+14 
  1.25469976e+14   3.12033219e+14   1.75488157e+14 
  1.25469976e+14   3.12033219e+14   1.75488157e+14 
  1.25469976e+14   3.12033219e+14   1.75488157e+14 
  1.25469976e+14   3.12033219e+14   1.75488157e+14 
  1.25469976e+14   3.12033219e+14   1.75488157e+14 
  1.25469976e+14   3.12033219e+14   1.75488157e+14 
  1.25469976e+14   3.12033219e+14   1.75488157e+14 
  1.25469976e+14   3.12033219e+14   1.75488157e+14 
  1.25469976e+14   3.12033219e+14   1.75488157e+14 
  1.25469976e+14   3.12033219e+14   1.75488157e+14 
  1.25469976e+14   3.12033219e+14   1.75488157e+14 
  1.25469976e+14   3.12033219e+14   1.75488157e+14 
  1.25469976e+14   3.12033219e+14   1.75488157e+14 
  1.25469976e+14   3.12033219e+14   1.75488157e+14 
  1.25469976e+14   3.12033219e+14   1.75488157e+14 
  1.25469976e+14   3.12033219e+14   1.75488157e+14 
  1.25469976e+14   3.12033219e+14   1.75488157e+14 
  1.25469976e+14   3.12033219e+14   1.75488157e+14 
  1.25469976e+14   3.12033219e+14   1.75488157e+14 
  1.25469976e+14   3.12033219e+14   1.75488157e+14 
  1.25469976e+14   3.12033219e+14   1.75488157e+14 
  1.25469976e+14   3.12033219e+14   1.75488157e+14 
  1.25469976e+14   3.12033219e+14   1.75488157e+14 
  1.25469976e+14   3.12033219e+14   1.75488157e+14 
  1.25469976e+14   3.12033219e+14   1.75488157e+14 
  1.25469976e+14   3.12033219e+14   1.75488157e+14 
  1.25469976e+14   3.12033219e+14   1.75488157e+14 
  1.25469976e+14   3.12033219e+14   1.75488157e+14 
  1.25469976e+14   3.12033219e+14   1.75488157e+14 

   2.384691241336e+01 

  6.35652084e-01   1.99196393e+00  -1.51538780e+00 
  1.07323129e+00   3.39007232e+00  -1.39931392e+00 
  1.91317681e+00   1.25676677e+00  -1.50118486e+00 
 -1.96826775e-01   1.72016753e+00  -2.86399383e+00 
 -3.83563104e-01   1.58158652e+00  -2.03477148e-01 
  2.68112570e-01   1.75514926e+00   9.77603200e-01 
 -5.92733739e-01   1.74287974e+00   2.09542632e+00 
 -1.77215100e+00   2.30534967e+00   1.90498205e+00 
 -2.34141394e+00   1.59851847e+00   8.85739948e-01 
 -1.65061938e+00   1.61956767e+00  -2.90598830e-01 
 -2.27398882e+00   4.31978508e-01  -8.29129812e-01 
 -3.22355305e+00  -4.01630526e-01  -1.15858755e-01 
 -4.34020298e+00   3.18130877e-01  -5.98257146e-01 
 -5.21925571e+00   8.83357532e-01   4.15955369e-01 
 -4.79240428e+00   5.33901265e-02   1.49037529e+00 
 -3.45291844e+00  -1.91903373e-01   1.30208783e+00 
 -3.39318220e+00  -1.46889190e+00   1.89840571e+00 
 -3.85342644e+00  -1.68121726e+00   3.15996608e+00 
 -4.56045992e+00  -6.65477559e-01   3.66181232e+00 
 -5.18922652e+00   1.35448172e-01   2.76738865e+00 
 -2.83404613e+00   2.21537006e+00   3.17295190e+00 
 -2.25635385e+00   1.23900225e+00   4.47003267e+00 
 -1.33554399e+00   2.67098205e-01   3.97281792e+00 
 -1.10190877e+00  -3.67241233e-01   2.86222813e+00 
  8.29713412e-01   4.88898080e-01   1.09170174e+00 
  6.12147676e-02   2.38184717e+00   3.07335627e+00 
 -3.42744005e+00   2.42682473e+00   6.36899086e-01 
 -1.28526305e+01   3.60016564e+00  -4.48513563e+00 
 -1.21475407e+01   2.83667273e+00  -8.09114673e+00 
 -9.03211240e+00   8.39343229e+00  -8.77594763e+00 
 -4.04796083e+00   1.44033863e+01  -4.46284161e+00 
  2.63794052e+00   8.59420494e+00  -6.84482802e+00 
  2.60683910e+00   6.52253128e+00  -9.00738901e+00 
 -1.01394331e+01  -4.31923576e+00   3.34726125e+00 
 -1.24137491e+01  -3.59787342e+00   4.40542175e-01 
 -9.76694808e+00  -2.04547992e+00  -1.74501427e+00 
 -7.11198900e+00  -4.74166461e+00  -1.82103638e+00 
 -6.06844994e+00  -7.75535353e+00   2.48253528e-01 
 -3.24355823e+00  -7.45295435e+00   2.70591859e+00 
 -9.35829165e-01  -1.00906922e+01   4.11360270e+00 
  1.61886896e-01  -8.62651139e+00   7.54110147e+00 
  3.19793026e+00  -9.19230532e+00   9.57223497e+00 
  7.83398294e+00  -4.78603145e+00   6.95471513e+00 
  4.21619259e+00  -4.19130108e+00   8.04119029e+00 
  2.18372249e+00  -5.69960311e+00   5.14961446e+00 
  2.10756826e+00  -6.39662620e+00   1.41266489e+00 
 -6.85902016e-01  -6.21162095e+00  -1.12364182e+00 
 -1.32417198e+00  -5.91899852e+00  -4.82646204e+00 
 -2.91005891e+00  -3.68987267e+00  -7.44441302e+00 
  3.68102366e-01   1.64322943e+00  -1.09685632e+01 
  3.93143375e+00   2.50738968e+00  -1.19434647e+01 
  1.96143591e+00  -4.54949628e+00  -9.06912923e+00 
  3.03144952e+00  -5.90534860e+00  -5.64214822e+00 
  3.81801617e+00  -3.43585407e+00  -2.81720333e+00 
  5.78064302e+00  -4.44904946e+00   2.64424969e-01 
  5.18714729e+00  -1.76201779e+00   2.85278021e+00 
  7.95426289e+00  -8.04741083e-01   5.36439164e+00 
  8.01922078e+00   1.99211884e+00   8.05251248e+00 
  3.16018119e+00   8.22518110e+00   7.60995531e+00 
  8.48362686e+00   7.62442545e+00   7.07233095e+00 
  7.99797059e+00   4.82187571e+00   4.57905108e+00 
  9.87867726e+00   2.66773170e+00   2.12001247e+00 
  7.69852387e+00   7.30394300e-01  -4.07143609e-01 
  9.30472986e+00  -1.98606731e+00  -2.64592752e+00 
  7.16436755e+00  -2.22456439e+00  -5.86415977e+00 
  7.46019274e+00  -5.40553092e+00  -8.00389335e+00 
  3.36815997e+00   9.07098008e+00  -1.75091129e+00 
  8.14247818e-01   6.50736847e+00  -7.96273040e-01 
 -1.24694417e+00   5.58241422e+00  -3.85938796e+00 
 -4.46425799e+00   5.55236717e+00  -2.11986102e+00 
 -6.13956567e+00   8.09384303e+00   1.95875766e-01 
 -4.86260515e+00   9.62476857e+00   2.34092244e+00 
 -2.11595046e+00   1.00725643e+01  -3.61111547e-01 
  4.12531854e-01   1.13064945e+01   2.18961266e+00 
  5.84372201e+00   9.97078939e+00   2.97724435e+00 
  7.28510589e+00   7.33262283e+00   6.87195800e-01 
  1.07238307e+01  -8.12230283e-02  -7.90617434e+00 
 -1.50161516e+01  -4.75092840e+00  -3.28898779e+00 
 -7.69648050e+00  -9.61345943e-01  -8.05235917e+00 
 -4.79946549e+00   1.04738910e+00  -9.64592131e+00 
 -4.20432904e+00   4.81952141e+00  -9.67276681e+00 

   2.180350782440e+01 

  2.21247500e+00   1.47624680e+00   2.13384353e+00 
  3.33334138e+00   2.17429968e+00   2.77885243e+00 
  1.39594925e+00   2.59141607e+00   1.62152605e+00 
  1.38973362e+00   5.55282436e-01   3.16367548e+00 
  2.79171531e+00   4.49988318e-01   8.93040173e-01 
  3.47375650e+00   1.16843108e+00  -3.88481375e-02 
  4.23968795e+00   3.65187317e-01  -9.09987568e-01 
  4.80045734e+00  -6.93249490e-01  -3.54185704e-01 
  3.76115021e+00  -1.42524864e+00   1.42345294e-01 
  3.00010855e+00  -7.89492370e-01   1.07938461e+00 
  1.84801263e+00  -1.64660196e+00   9.15033624e-01 
  1.73818554e+00  -2.70790926e+00  -6.82754148e-02 
  2.25284100e+00  -3.68646538e+00   8.12195726e-01 
  3.43288046e+00  -4.40251802e+00   3.47849523e-01 
  3.28146676e+00  -4.09845240e+00  -1.03419396e+00 
  2.73863267e+00  -2.83784985e+00  -1.11201267e+00 
  2.02388449e+00  -2.99716962e+00  -2.31767240e+00 
  2.63604421e+00  -3.43951180e+00  -3.44817462e+00 
  3.86567267e+00  -3.92171007e+00  -3.25076188e+00 
  4.12975444e+00  -4.42233981e+00  -2.01931806e+00 
  5.62279912e+00  -1.70257066e+00  -1.37814366e+00 
  5.44964668e+00  -1.26944540e+00  -3.03701730e+00 
  4.22001796e+00  -5.69024366e-01  -3.22972011e+00 
  3.04541310e+00  -5.03090880e-01  -2.67624217e+00 
  2.40972384e+00   1.48470304e+00  -8.75276609e-01 
  5.18582672e+00   1.16584207e+00  -1.41599981e+00 
  4.48842744e+00  -2.34410829e+00   8.86811888e-01 
  4.27069677e+00  -1.15709502e+01   6.47824873e+00 
  1.51799577e+00  -1.11644784e+01   8.99634465e+00 
  5.08924722e+00  -7.08451558e+00   1.24099189e+01 
  1.14770674e+01  -8.89731886e-01   1.17897532e+01 
  4.24492113e+00   4.47975342e+00   1.00616294e+01 
  1.36577518e+00   3.97319228e+00   1.07123086e+01 
  1.72161088e+00  -1.00984879e+01  -4.60140902e+00 
  1.09451708e+00  -1.23075272e+01  -1.62335741e+00 
  6.65065344e-01  -9.50268712e+00   8.54662248e-01 
 -2.03846589e+00  -7.40999954e+00  -7.68783645e-01 
 -3.51778953e+00  -6.87448593e+00  -4.22972024e+00 
 -2.40831341e+00  -3.94936396e+00  -6.30921541e+00 
 -4.17649706e+00  -2.12827576e+00  -9.10600163e+00 
 -1.27635614e+00  -6.40418160e-01  -1.12207159e+01 
 -1.14639323e+00   2.31116256e+00  -1.34420817e+01 
  1.44178875e-01   7.59017253e+00  -9.17287551e+00 
  1.87705124e+00   4.19524752e+00  -9.47975830e+00 
 -5.93754364e-01   1.80283726e+00  -7.76551989e+00 
 -3.22602354e+00   1.45017964e+00  -5.04463322e+00 
 -3.98944054e+00  -1.35510040e+00  -2.63254838e+00 
 -5.69948543e+00  -2.07099538e+00   6.48782883e-01 
 -5.06536709e+00  -3.30836955e+00   4.17078598e+00 
 -3.28526408e+00   7.77896578e-01   9.80475581e+00 
 -3.76266761e+00   4.39938995e+00   1.08301378e+01 
 -7.53648714e+00   1.24559038e+00   4.68569558e+00 
 -6.91966438e+00   2.17343862e+00   1.01335425e+00 
 -3.48380514e+00   3.52235375e+00  -2.23596331e-02 
 -2.94049854e+00   5.37726775e+00  -3.28410978e+00 
  7.86388126e-01   5.40389498e+00  -3.90182007e+00 
  2.46752552e+00   8.39816791e+00  -5.65954763e+00 
  6.22157146e+00   9.09553068e+00  -6.34763400e+00 
  1.18992507e+01   5.48813025e+00  -2.17536739e+00 
  1.01626959e+01   1.05770002e+01  -2.45249694e+00 
  6.58756507e+00   9.47339420e+00  -1.89834446e+00 
  3.13534078e+00   1.08155328e+01  -1.18765722e+00 
  5.45668250e-01   8.21141505e+00  -2.31771778e-03 
 -3.19118686e+00   9.18658815e+00   2.34676109e-01 
 -4.79436086e+00   6.91544224e+00   2.93037266e+00 
 -8.61913251e+00   6.52097190e+00   2.92442378e+00 
  7.33721074e+00   5.48567637e+00   6.04486621e+00 
  6.24441210e+00   2.53275307e+00   4.02201151e+00 
  4.15652284e+00   2.15663333e-01   6.20341918e+00 
  5.67459029e+00  -2.87879723e+00   4.97959318e+00 
  9.32464349e+00  -3.95182328e+00   4.58701327e+00 
  1.15330189e+01  -2.32566615e+00   3.56023313e+00 
  9.90203828e+00   3.48240680e-01   5.84840819e+00 
  1.18719853e+01   3.16216502e+00   4.22879736e+00 
  1.02576845e+01   8.26975850e+00   2.43747937e+00 
  6.58522246e+00   9.09599323e+00   2.77242932e+00 
 -4.82729521e+00   1.07330638e+01   5.54918813e+00 
 -1.45285984e+00  -1.52248337e+01   1.02458940e+00 
 -2.33604528e+00  -7.51312354e+00   6.53618968e+00 
 -2.11033886e+00  -4.35338455e+00   8.75705864e+00 
  8.28965242e-01  -3.05778826e+00   1.08224428e+01 

   2.180350782440e+01 

  1.73304236e+00   1.45152348e+00  -1.93898768e+00 
  1.74523401e+00   2.54198213e+00  -2.92408008e+00 
  1.77540824e+00   2.50949885e-01  -2.79316225e+00 
  2.98810529e+00   1.51752647e+00  -9.35945703e-01 
  3.17895580e-01   1.53752147e+00  -9.80716988e-01 
 -7.91837413e-01   1.45344313e+00  -1.76249670e+00 
 -1.97486072e+00   1.83005317e+00  -1.09215637e+00 
 -1.84525152e+00   2.82827774e+00  -2.37512775e-01 
 -9.24700503e-01   2.39766745e+00   6.73358075e-01 
  3.03149536e-01   2.09849451e+00   1.59263786e-01 
  7.09662346e-01   1.26600811e+00   1.26862704e+00 
 -1.32218651e-01   9.23175153e-01   2.39957080e+00 
  3.03198388e-01   2.03063853e+00   3.16220349e+00 
 -7.40382346e-01   2.93681145e+00   3.62114989e+00 
 -1.82833214e+00   2.03218557e+00   3.46803731e+00 
 -1.54736631e+00   1.24562648e+00   2.37614612e+00 
 -2.21929045e+00   7.58843168e-02   2.78855896e+00 
 -3.52554168e+00   1.07273924e-01   3.16427668e+00 
 -4.01592190e+00   1.33783835e+00   3.33372149e+00 
 -3.12543276e+00   2.30493204e+00   3.66323946e+00 
 -3.19917380e+00   3.22201985e+00   6.31582575e-01 
 -4.50579412e+00   2.12714791e+00   3.79709998e-01 
 -3.99961684e+00   8.47322310e-01  -1.78940380e-03 
 -2.91764115e+00   1.45212181e-01   1.61769718e-01 
 -9.42358956e-01   7.17264229e-02  -1.75962627e+00 
 -2.85183862e+00   2.16262267e+00  -2.04744812e+00 
 -7.11915809e-01   3.59692432e+00   1.33966986e+00 
  3.68608130e+00   8.46474991e+00   9.90752139e+00 
  7.27985680e+00   7.38484288e+00   9.95187967e+00 
  8.58094261e+00   1.11153042e+01   4.90774878e+00 
  5.09470202e+00   1.46053907e+01  -2.52391457e+00 
  7.63043494e+00   6.47754463e+00  -5.93417858e+00 
  9.64253770e+00   4.55331213e+00  -4.83043912e+00 
 -4.40027072e+00   3.38529992e-01   9.92367532e+00 
 -1.64874277e+00   1.86856536e+00   1.19803665e+01 
  8.43598836e-01   2.11855519e+00   9.16649431e+00 
  9.59931141e-01  -1.44048903e+00   7.88443736e+00 
 -1.21013333e+00  -4.56077096e+00   7.97341087e+00 
 -3.40276859e+00  -5.40200078e+00   5.04147312e+00 
 -4.78657059e+00  -8.72516023e+00   3.89842801e+00 
 -8.00903756e+00  -7.76553416e+00   1.95128182e+00 
 -9.81716271e+00  -9.49445601e+00  -7.69875665e-01 
 -6.54487661e+00  -7.49300143e+00  -6.51843785e+00 
 -7.88291724e+00  -5.41540676e+00  -3.60025569e+00 
 -5.27294036e+00  -6.01138442e+00  -8.43454680e-01 
 -1.60863798e+00  -6.70826932e+00  -1.06113387e-01 
  6.96765507e-01  -5.43938837e+00   2.60416534e+00 
  4.34598700e+00  -5.00183094e+00   3.43820369e+00 
  6.96572894e+00  -2.38198186e+00   4.21990034e+00 
  1.10891289e+01   1.00486450e+00  -5.89964347e-01 
  1.24074860e+01   2.78139018e-01  -4.07254113e+00 
  8.92443511e+00  -5.23708733e+00   3.31203884e-01 
  5.51515058e+00  -6.82770856e+00  -4.26533869e-01 
  2.93236904e+00  -4.84039087e+00  -2.44574459e+00 
 -3.78057700e-02  -6.50101046e+00  -4.11766150e+00 
 -2.48417337e+00  -3.74627143e+00  -4.95351893e+00 
 -4.69221789e+00  -3.96710706e+00  -8.10903323e+00 
 -7.17660939e+00  -1.38479672e+00  -9.59634988e+00 
 -6.72582595e+00   6.29367448e+00  -7.72684142e+00 
 -5.79416017e+00   3.51292087e+00  -1.22421963e+01 
 -3.53839629e+00   1.10596116e+00  -1.03916110e+01 
 -1.08012934e+00  -1.69849033e+00  -1.09539635e+01 
  1.12718013e+00  -2.61328265e+00  -7.92348457e+00 
  3.30700411e+00  -5.80839268e+00  -8.02766766e+00 
  6.31631525e+00  -5.21417126e+00  -5.66419608e+00 
  8.25972358e+00  -8.28194618e+00  -4.40069243e+00 
  2.65583782e+00   6.73609934e+00  -7.31078875e+00 
  1.32886381e+00   5.49728701e+00  -4.03811554e+00 
  4.14535807e+00   5.43884033e+00  -1.47868789e+00 
  2.14970895e+00   6.79844987e+00   1.26845818e+00 
 -1.23790875e-01   9.86539765e+00   1.49959036e+00 
 -2.05182146e+00   1.07781019e+01  -5.06713564e-01 
  8.89840458e-01   9.96978604e+00  -2.90230770e+00 
 -1.35850965e+00   1.01008419e+01  -5.96004328e+00 
 -1.78416913e+00   6.64133878e+00  -1.04044724e+01 
  4.38261260e-01   3.58481858e+00  -1.03865815e+01 
  8.77951270e+00  -4.80450171e+00  -9.56270129e+00 
  1.77114227e+00   1.81170828e+00   1.51916874e+01 
  7.35695944e+00   2.07834989e+00   7.48741740e+00 
  9.31104045e+00   2.65361103e+00   4.19837578e+00 
  9.63407094e+00   5.83130239e+00   2.10509626e+00 

   2.180350782440e+01 

 -2.69807100e-01  -1.09197130e+00  -2.00912956e+00 
 -1.26592900e+00  -1.32974525e-01  -2.50684647e+00 
  9.76564997e-01  -6.05677886e-01  -2.62788745e+00 
 -6.03902603e-01  -2.60372644e+00  -2.44342112e+00 
 -2.21433681e-01  -1.05867308e+00  -2.98904428e-01 
  9.07530441e-02   1.88788834e-01   1.43965994e-01 
 -1.58433787e-01   3.69222482e-01   1.52095004e+00 
 -1.23110906e+00  -2.45286422e-01   1.98507618e+00 
 -1.01838755e+00  -1.56935113e+00   1.73184246e+00 
 -8.64932819e-01  -1.89006846e+00   4.14646521e-01 
 -1.95643841e-01  -3.14668122e+00   6.63543574e-01 
  1.75685024e-01  -3.64218956e+00   1.97576239e+00 
 -1.04278147e+00  -4.33779374e+00   2.14648431e+00 
 -1.81740380e+00  -3.98364048e+00   3.32774534e+00 
 -7.51100982e-01  -3.38387195e+00   4.05486447e+00 
  7.10471214e-02  -2.77602985e+00   3.13592820e+00 
  1.29042939e+00  -2.91029449e+00   3.83230671e+00 
  1.42383556e+00  -2.47389715e+00   5.11301025e+00 
  2.70573316e-01  -2.14722848e+00   5.70186243e+00 
 -8.42192105e-01  -2.76930640e+00   5.24186747e+00 
 -1.48786858e+00  -1.27194435e-01   3.61712825e+00 
 -1.93406277e-01   6.47019536e-01   4.45043556e+00 
  1.02332231e+00   4.76044951e-01   3.72239023e+00 
  1.54039553e+00  -3.73893721e-01   2.88535907e+00 
  1.47457777e+00   6.05945896e-02   1.64000879e-01 
 -2.77425719e-01   1.68981858e+00   1.70572526e+00 
 -2.28623398e+00  -2.04723883e+00   2.03458742e+00 
 -8.43775173e+00  -1.07388498e+01   3.78413359e+00 
 -7.91355205e+00  -1.29660019e+01   8.09507930e-01 
 -1.13728228e+01  -9.03659132e+00  -2.88448736e+00 
 -1.36861594e+01  -5.06537900e-01  -4.08900369e+00 
 -5.77723832e+00  -4.08081242e-01  -8.73238577e+00 
 -4.27127663e+00  -2.73199513e+00  -9.87298767e+00 
  7.75676954e-01  -7.43168156e+00   9.75072138e+00 
 -1.31033553e+00  -1.04191602e+01   8.82044394e+00 
 -1.69936032e+00  -9.50251031e+00   5.18718772e+00 
  1.89496263e+00  -9.07034683e+00   4.08352279e+00 
  5.28642917e+00  -8.39482336e+00   5.66304109e+00 
  6.68157771e+00  -4.90703612e+00   5.68487533e+00 
  1.02560158e+01  -3.70583650e+00   5.89785646e+00 
  9.94998599e+00  -1.61995827e-01   7.46121595e+00 
  1.21453344e+01   2.80250401e+00   7.22590434e+00 
  1.01530950e+01   5.92844965e+00   1.39331570e+00 
  8.06765627e+00   4.63125832e+00   4.32431885e+00 
  8.04076822e+00   8.31089681e-01   3.75412950e+00 
  8.12052697e+00  -1.93987455e+00   1.15185578e+00 
  6.30518806e+00  -5.24611306e+00   9.42364968e-01 
  5.26139733e+00  -7.91403266e+00  -1.50643064e+00 
  2.22501099e+00  -9.62612724e+00  -2.98521287e+00 
 -1.33596511e+00  -7.53070089e+00  -8.86199696e+00 
 -5.32791506e-01  -5.55828236e+00  -1.20019036e+01 
  5.06309072e+00  -8.00977804e+00  -7.04018956e+00 
  7.20112426e+00  -5.71494823e+00  -4.82884783e+00 
  5.79277060e+00  -2.31657500e+00  -3.74949463e+00 
  8.00874298e+00   4.61972840e-01  -2.42887344e+00 
  5.72735379e+00   2.93999941e+00  -7.18140590e-01 
  6.53166251e+00   6.71256506e+00  -7.66466418e-01 
  4.47895310e+00   9.71449304e+00   5.85366071e-01 
 -3.30731440e+00   9.11403579e+00   1.87791290e+00 
 -3.38153322e-01   1.18294776e+01  -1.69972314e+00 
  1.54627883e+00   8.68836309e+00  -2.64254170e+00 
  3.98882043e+00   7.33090746e+00  -5.17543919e+00 
  4.31389933e+00   3.48703544e+00  -5.28422553e+00 
  7.14563095e+00   1.85512843e+00  -7.35530986e+00 
  5.91833014e+00  -1.66943792e+00  -8.38788683e+00 
  8.54841320e+00  -4.25870340e+00  -9.46625959e+00 
 -5.17739745e+00   3.55373659e+00  -5.46853636e+00 
 -4.02526803e+00   1.45676165e+00  -2.59082897e+00 
 -4.59659697e+00  -2.21767373e+00  -3.40251469e+00 
 -5.86242256e+00  -3.11474113e+00  -9.02766703e-02 
 -8.56422256e+00  -1.55259873e+00   2.12069145e+00 
 -9.01238555e+00   1.30220052e+00   2.59488295e+00 
 -8.45966343e+00   1.46457970e+00  -1.24096791e+00 
 -8.00407374e+00   5.23418075e+00  -1.17353927e+00 
 -4.16924958e+00   8.55389433e+00  -3.65867989e+00 
 -1.49039611e+00   6.82001852e+00  -5.68334070e+00 
  5.46468748e+00   1.68346879e-01  -1.26128447e+01 
 -2.02640865e+00  -1.49627020e+01   7.89583850e+00 
 -2.49502097e+00  -1.18185350e+01  -1.07761363e+00 
 -3.08552388e+00  -1.01630896e+01  -4.52405523e+00 
 -6.09456645e+00  -8.16155723e+00  -5.75832469e+00 

   2.180350782440e+01 

