  9.79230372e-01   8.22573137e-01   2.28524794e-01 
  3.27901991e-01   1.24444945e-01  -7.52378080e-01 
  1.00691289e+00  -7.66589170e-01  -1.52910475e+00 
  2.33365416e+00  -4.81324075e-01  -1.65876564e+00 
  2.97978898e+00   3.28261597e-01  -7.31316132e-01 
  2.33559281e+00   8.83454062e-01   3.36260899e-01 
  2.87553653e+00   2.03492342e+00   1.06183081e+00 
  2.12626663e+00   2.78159761e+00   1.76148210e+00 
  4.26832978e+00   2.03697564e+00   1.28651401e+00 
  4.74215080e+00   2.97035593e+00   2.30933016e+00 
  2.36619861e-01  -1.66379011e+00  -2.79258284e+00 
  2.56054897e-01  -3.11562834e+00  -2.48860294e+00 
 -1.22138319e+00  -1.40736088e+00  -2.83888936e+00 
  5.27148450e+00   2.12819834e+00   3.39578896e+00 
  6.59472888e+00   1.79410103e+00   3.32424911e+00 
  7.14932945e+00   1.24424820e+00   4.44453648e+00 
  6.49524389e+00   6.82766838e-01   5.49391198e+00 
  5.12328129e+00   9.52314292e-01   5.50213098e+00 
  4.53285831e+00   1.61012437e+00   4.42457075e+00 
  1.05993459e+00  -1.40802720e+00  -4.26343363e+00 
  4.64113632e+00   1.14847759e+00   6.73951198e+00 
  3.24478257e+00   1.33054447e+00   4.18441339e+00 
  1.49777792e+01  -6.46714873e-01  -5.02058823e+00 
  1.30582305e+01   1.95928083e-01  -8.10035144e+00 
  9.89467448e+00  -1.15591057e+01   3.04159826e+00 
  9.88902482e+00  -1.12086915e+01  -7.60061082e-01 
  1.29329891e+00  -1.04728306e+01  -3.86037696e+00 
  3.60674222e-01  -1.00577581e+01  -6.68186903e+00 
  7.40069324e+00   9.43471584e+00  -4.55927963e+00 
  9.68587949e+00   8.13242573e+00  -7.23888330e+00 
  7.90859425e+00   4.83406318e+00  -7.68366232e+00 
  4.37048553e+00   5.98094507e+00  -8.57300619e+00 
  2.14214549e+00   8.99090842e+00  -7.81762331e+00 
 -6.43678178e-02   8.96385964e+00  -4.72752639e+00 
 -3.26374052e+00   1.09734956e+01  -4.26087451e+00 
 -3.55482287e+00   1.12453303e+01  -3.96174708e-01 
 -5.39959292e+00   6.72500780e+00   3.06852421e+00 
 -4.21759896e+00   7.02599946e+00  -5.90191478e-01 
 -4.67723706e+00   5.65531539e+00  -4.15762592e+00 
 -1.99265863e+00   5.11675325e+00  -6.83969406e+00 
 -1.47320514e+00   3.15539354e+00  -1.00677943e+01 
 -5.42229849e+00   1.11154937e+00  -9.62724578e+00 
 -4.88693951e+00   4.79822014e-01  -5.83559342e+00 
 -7.14920095e+00   2.18918441e+00  -3.25020581e+00 
 -5.28348095e+00   1.72151174e+00   5.41435471e-02 
 -7.24181712e+00   1.38077421e+00   3.33629327e+00 
 -6.11371105e+00   6.73526052e-01   6.99411614e+00 
 -8.04189889e+00  -1.03614134e+00   9.79997766e+00 
 -1.34636849e+00   3.27411802e+00   9.22347570e+00 
  2.04602336e+00   2.47764023e+00   1.07564244e+01 
 -1.85972607e+00  -1.39293451e+00   1.07015635e+01 
  9.63815895e-01  -2.65074572e+00   8.40299585e+00 
  2.22956163e+00  -4.80852316e+00   1.12716174e+01 
 -1.00248570e+00  -6.87168517e+00   1.14659442e+01 
 -4.15906160e+00  -4.38956993e+00   8.93817934e+00 
 -4.87486997e+00  -3.31414741e+00   5.36548023e+00 
 -7.55806502e+00  -3.68280403e+00   2.72460930e+00 
 -6.53863798e+00  -2.81383126e+00  -8.73003046e-01 
 -7.49366112e+00  -3.30881641e+00  -7.01486873e+00 
  9.38682663e-01  -8.41692743e+00   8.68467056e-01 
  2.13960062e+00  -4.99671042e+00  -1.48477358e-01 
  3.46556916e+00  -5.14792715e+00  -3.74984222e+00 
  6.39139478e+00  -2.88399632e+00  -3.05513455e+00 
  9.03996795e+00  -3.02974772e+00  -2.85352935e-01 
  8.66920642e+00  -3.62035421e+00   2.56598083e+00 
  6.32099890e+00  -6.29609010e+00   1.13745141e+00 
  4.65317604e+00  -6.89118845e+00   4.50616589e+00 
  1.96827169e+00  -9.53359491e+00   4.58089669e+00 
 -8.01465809e-01  -7.43078931e+00   5.92772702e+00 
 -3.27429825e+00  -7.10972115e+00   3.09358971e+00 
 -6.81594679e+00  -7.95941649e+00  -1.44855249e+00 
 -1.01383258e+01  -7.07149051e+00  -3.03003556e+00 
 -9.80571436e+00  -7.33843412e+00  -6.83045564e+00 

   6.633653946047e-01 

 -2.07869985e+00  -9.39350217e-01  -5.27139375e-01 
 -2.05550088e+00   4.25810673e-01  -4.29238832e-01 
 -8.70440039e-01   1.09835446e+00  -4.69405614e-01 
  1.07361317e-01   4.45509952e-01  -1.15942687e+00 
  3.26898012e-02  -9.26833213e-01  -1.36960506e+00 
 -1.00779996e+00  -1.68528192e+00  -9.16740655e-01 
 -1.30746986e+00  -3.00850825e+00  -1.46732952e+00 
 -2.45991513e+00  -3.52450559e+00  -1.34877140e+00 
 -1.99529765e-01  -3.83384446e+00  -1.75307073e+00 
 -5.00944926e-01  -5.25349981e+00  -1.94173406e+00 
 -7.84694566e-01   2.82363118e+00  -3.65637414e-01 
 -7.43586517e-02   3.23777633e+00   8.69076978e-01 
 -2.11761082e+00   3.42766707e+00  -1.37286379e-01 
  1.55383624e-01  -5.94759275e+00  -8.20446307e-01 
  1.44100659e+00  -6.36388708e+00  -1.02437271e+00 
  1.95916822e+00  -7.22722642e+00  -1.01812680e-01 
  1.49572244e+00  -7.46410872e+00   1.15253256e+00 
  2.16213617e-01  -6.94777263e+00   1.37893671e+00 
 -3.96566984e-01  -6.14870679e+00   4.15378288e-01 
  6.40452084e-02   3.43887082e+00  -1.71017698e+00 
 -5.37506541e-01  -7.74948241e+00   2.14784859e+00 
 -1.27000789e+00  -5.23573722e+00   8.60988617e-01 
  1.13606493e+01  -2.86233326e+00  -6.95811298e+00 
  9.95714459e+00  -2.18551402e-03  -8.88927425e+00 
  1.11885072e+01  -1.68215074e+00   7.48122988e+00 
  1.17750344e+01   1.04955916e+00   4.87946380e+00 
  4.89624669e+00   7.10729044e+00   5.04112938e+00 
  4.48108690e+00   9.50067365e+00   3.27980805e+00 
 -2.65425693e-01  -4.19794669e+00  -1.16815476e+01 
  2.85272163e+00  -2.64904996e+00  -1.30873881e+01 
  3.18744812e+00   9.02392575e-03  -1.04306291e+01 
 -1.62197204e-01   1.82849183e+00  -1.07370570e+01 
 -3.73092257e+00   9.44768543e-01  -1.17759086e+01 
 -6.17509426e+00  -3.53866766e-01  -9.17634924e+00 
 -9.96917114e+00  -1.11834540e-01  -9.37329102e+00 
 -1.11385957e+01  -3.03247523e+00  -7.09363464e+00 
 -1.10190913e+01  -2.76099423e+00  -1.11428320e+00 
 -9.45126808e+00  -6.73059252e-01  -3.95265559e+00 
 -8.39249125e+00   2.86931081e+00  -5.02374843e+00 
 -5.34044821e+00   3.88851369e+00  -7.10623850e+00 
 -3.23137473e+00   6.97972217e+00  -7.83674146e+00 
 -5.53075085e+00   9.41975059e+00  -4.88278607e+00 
 -5.52957113e+00   6.57372993e+00  -2.24413450e+00 
 -8.82153121e+00   4.90221508e+00  -1.19865976e+00 
 -7.70363657e+00   1.72784806e+00   6.15744921e-01 
 -9.81777328e+00   3.08202756e-01   3.48606291e+00 
 -9.25859150e+00  -2.68040479e+00   5.91670644e+00 
 -1.05378912e+01  -3.13575956e+00   9.47616966e+00 
 -7.11413435e+00  -7.78285809e+00   3.96044805e+00 
 -4.19876639e+00  -1.01805409e+01   4.45479680e+00 
 -5.41006214e+00  -6.56164037e+00   8.41403407e+00 
 -1.94628861e+00  -5.57484591e+00   7.04787385e+00 
 -3.56972785e-01  -7.37523508e+00   1.00008012e+01 
 -2.00169174e+00  -5.07611455e+00   1.25987774e+01 
 -5.39693181e+00  -2.79311816e+00   1.01957074e+01 
 -5.82334731e+00  -2.28566590e-01   7.42544887e+00 
 -7.31847813e+00   3.20249111e+00   6.87584310e+00 
 -6.19366257e+00   5.06443973e+00   3.71275950e+00 
 -5.47770282e+00   1.03998044e+01   5.66192039e-01 
  2.56917611e+00   2.75646338e+00   6.58044547e+00 
  1.99062145e+00   1.42405708e+00   3.10708391e+00 
  3.90164007e+00   3.60459412e+00   5.88324268e-01 
  5.00698808e+00   6.83641192e-01  -1.51279477e+00 
  6.71507192e+00  -2.59729567e+00  -4.99996605e-01 
  6.13496358e+00  -4.32243464e+00   1.80299326e+00 
  5.87230989e+00  -9.29833360e-01   3.57375844e+00 
  4.11388071e+00  -2.43698501e+00   6.59376486e+00 
  3.24878277e+00  -4.29077688e-02   9.37164426e+00 
 -4.16743811e-01  -7.12925262e-01   9.52056789e+00 
 -2.05732871e+00   2.45540316e+00   8.28748485e+00 
 -3.62673090e+00   7.94995667e+00   7.17250635e+00 
 -6.52179860e+00   1.03104301e+01   6.56058440e+00 
 -5.33357357e+00   1.31605599e+01   4.30449021e+00 

   6.633653936849e-01 

 -2.82849240e+00   1.47304095e-01   4.49330966e-01 
 -2.06886034e+00   1.20235297e+00   8.77837990e-01 
 -1.41807890e+00   1.14049959e+00   2.07406347e+00 
 -2.01345082e+00   3.13941521e-01   2.98002532e+00 
 -2.88374880e+00  -6.87040957e-01   2.56325677e+00 
 -3.19636217e+00  -8.90971517e-01   1.25038507e+00 
 -4.38773998e+00  -1.63541477e+00   8.37701857e-01 
 -4.88757701e+00  -1.48793314e+00  -3.18520892e-01 
 -4.69878678e+00  -2.78730594e+00   1.59053355e+00 
 -5.64219777e+00  -3.71521442e+00   9.65372764e-01 
 -4.57614347e-01   2.45053579e+00   2.67072891e+00 
  9.67381828e-01   2.05032661e+00   2.76988683e+00 
 -3.69406752e-01   3.55822220e+00   1.69148292e+00 
 -4.87209375e+00  -4.94365796e+00   7.05208496e-01 
 -4.86186574e+00  -5.88334481e+00   1.69747767e+00 
 -4.37874632e+00  -7.11739076e+00   1.36780100e+00 
 -3.60737314e+00  -7.43823915e+00   2.97138244e-01 
 -3.54810568e+00  -6.42804428e+00  -6.67743248e-01 
 -4.12454586e+00  -5.18448521e+00  -4.15296373e-01 
 -1.00180369e+00   2.90227505e+00   4.22200407e+00 
 -3.53832939e+00  -6.90859045e+00  -1.92115359e+00 
 -3.56986739e+00  -4.13090974e+00  -1.02953878e+00 
 -5.04088032e+00  -6.45546573e+00   1.37602340e+01 
 -5.62811221e+00  -2.86182618e+00   1.45479964e+01 
  7.29850883e+00  -9.68565219e+00   6.88837561e+00 
  6.69105153e+00  -7.02746068e+00   9.56053756e+00 
  7.76354873e+00   1.35012366e+00   5.99602081e+00 
  7.37899455e+00   4.00704959e+00   7.33607838e+00 
 -1.30176614e+01  -1.11640171e-01   6.31797955e+00 
 -1.24773841e+01  -6.73861434e-02   1.00334140e+01 
 -8.89535249e+00   1.10818993e+00   9.88229188e+00 
 -9.24506309e+00   4.39400403e+00   7.95729515e+00 
 -1.15908696e+01   5.83949609e+00   5.31083996e+00 
 -1.08312360e+01   5.29441246e+00   1.63062603e+00 
 -1.20007731e+01   7.51160347e+00  -1.23444481e+00 
 -1.19230986e+01   5.09875827e+00  -4.27856573e+00 
 -6.86367172e+00   3.48793645e+00  -7.04408252e+00 
 -7.69017537e+00   5.19106049e+00  -3.68399818e+00 
 -6.50597755e+00   7.80321448e+00  -1.11671201e+00 
 -6.79974016e+00   7.65639518e+00   2.70201135e+00 
 -5.24711818e+00   9.26182843e+00   5.79221262e+00 
 -2.31241453e+00   1.15385459e+01   3.30810459e+00 
 -1.55642673e+00   8.47334982e+00   1.05081062e+00 
 -2.50350707e+00   8.52714799e+00  -2.66727021e+00 
 -2.25148452e+00   4.86364401e+00  -3.73196715e+00 
 -1.23194406e+00   3.97049952e+00  -7.32174758e+00 
 -5.50476325e-01   5.63347527e-01  -9.07657164e+00 
  1.75596050e+00  -1.91582749e-01  -1.20132637e+01 
 -4.02716081e+00  -4.06543683e+00  -8.10307466e+00 
 -3.93775517e+00  -7.64610681e+00  -6.81333046e+00 
  7.23400194e-01  -5.28345730e+00  -8.52527643e+00 
  1.12189093e+00  -5.88117622e+00  -4.74085732e+00 
  3.12217797e+00  -9.02216033e+00  -5.52837079e+00 
  5.89090357e+00  -7.09237700e+00  -7.35884160e+00 
  4.04132924e+00  -2.79126429e+00  -8.12953423e+00 
  2.91262457e+00   3.07049681e-01  -6.24285255e+00 
  3.70935678e+00   3.99823018e+00  -6.01914451e+00 
  2.37426136e+00   5.84527976e+00  -2.92995587e+00 
  2.64264437e+00   1.06877239e+01   9.89011804e-01 
  6.18694230e+00  -1.39268297e+00   1.90875094e+00 
  2.51780075e+00  -1.13641024e+00   2.71248640e+00 
  2.10032642e+00   3.68896265e-01   6.22114126e+00 
 -7.28775101e-01  -1.92762883e+00   7.16486613e+00 
 -1.00942192e+00  -5.74543576e+00   6.93366016e+00 
 -1.48427416e-01  -7.51055885e+00   4.75205143e+00 
  2.89337661e+00  -5.17413332e+00   4.80576603e+00 
  4.09794716e+00  -6.36595903e+00   1.39804266e+00 
  7.29232462e+00  -4.81681347e+00   1.36014887e-01 
  5.99445504e+00  -3.50061090e+00  -3.10286383e+00 
  6.05952223e+00   2.56930295e-01  -2.74653707e+00 
  7.38856532e+00   5.81026940e+00  -1.61058771e+00 
  7.19070289e+00   9.38529749e+00  -2.83848251e+00 
  7.10314265e+00   1.17248373e+01   1.85416685e-01 

   6.633653945322e-01 

 -1.16029486e+00  -6.37972250e-01   1.77681928e+00 
 -1.17411701e+00   6.82705374e-01   1.41708531e+00 
 -1.84875226e-01   1.52079117e+00   1.83816569e+00 
  3.96865315e-01   1.13723191e+00   3.00986825e+00 
  3.13477302e-01  -1.80289451e-01   3.44606634e+00 
 -3.51310620e-01  -1.14622398e+00   2.74752002e+00 
 -7.94491385e-01  -2.39514607e+00   3.37014865e+00 
 -1.72765484e+00  -3.08799567e+00   2.86260031e+00 
  1.00092456e-01  -2.99188209e+00   4.28337456e+00 
 -1.70907226e-01  -4.39251274e+00   4.60998255e+00 
 -1.61752306e-01   3.20134655e+00   1.42598204e+00 
  1.01519191e+00   3.51513536e+00   5.79252107e-01 
 -1.26887264e+00   3.55787768e+00   5.09007763e-01 
  9.70419501e-01  -5.15066968e+00   4.06925165e+00 
  2.03610879e+00  -5.33477939e+00   4.90478967e+00 
  2.97293003e+00  -6.24712285e+00   4.51114813e+00 
  3.15981170e+00  -6.74550572e+00   3.26176063e+00 
  2.10412006e+00  -6.46638317e+00   2.38848504e+00 
  1.06840244e+00  -5.62427981e+00   2.78923188e+00 
 -7.21617238e-02   4.14032670e+00   2.84617790e+00 
  1.84204779e+00  -7.48221974e+00   1.55095254e+00 
  4.50163281e-01  -4.93263799e+00   1.82258756e+00 
  7.84132299e+00   4.89362286e-01   1.37506018e+01 
  5.53699987e+00   3.37996770e+00   1.42133626e+01 
  1.43264090e+01  -6.70375718e-01   8.46503049e-01 
  1.34766769e+01   2.49515544e+00   2.80425951e+00 
  7.11907428e+00   7.36678782e+00  -1.65534518e+00 
  5.79428821e+00   9.92089210e+00  -8.04234574e-01 
 -4.54801952e+00  -1.78491266e+00   1.29810648e+01 
 -2.53605137e+00   4.10683395e-01   1.52679091e+01 
 -1.16172802e+00   2.63442827e+00   1.25472540e+01 
 -4.37039008e+00   3.96414610e+00   1.09469965e+01 
 -7.95481000e+00   2.73845143e+00   1.04514306e+01 
 -8.83142103e+00   6.97761090e-01   7.37161257e+00 
 -1.22897633e+01   4.04470647e-01   5.80756940e+00 
 -1.20936801e+01  -2.98065206e+00   3.91098767e+00 
 -9.22690469e+00  -3.64477993e+00  -1.30256698e+00 
 -9.28175068e+00  -9.25239034e-01   1.43147348e+00 
 -9.05064820e+00   2.85912420e+00   2.09617244e+00 
 -7.38039662e+00   4.63498118e+00   5.05372291e+00 
 -6.03661671e+00   8.08019292e+00   5.98225134e+00 
 -6.83920656e+00   9.65469049e+00   1.87816470e+00 
 -5.44632446e+00   6.45858301e+00   1.73144379e-01 
 -7.77208571e+00   4.17465197e+00  -1.85132564e+00 
 -5.75600681e+00   9.53562889e-01  -2.27366854e+00 
 -6.20815010e+00  -1.19935893e+00  -5.41758148e+00 
 -4.41044438e+00  -4.41925605e+00  -6.66377606e+00 
 -3.86116154e+00  -5.61651760e+00  -1.02384918e+01 
 -3.12576259e+00  -8.77384838e+00  -2.94251455e+00 
 -1.79784927e-01  -1.07619960e+01  -1.57828622e+00 
  3.77117785e-01  -8.03498527e+00  -6.32091215e+00 
  2.74578948e+00  -6.34334640e+00  -3.79789370e+00 
  5.62691470e+00  -8.33368512e+00  -5.28946167e+00 
  5.24573338e+00  -6.74362428e+00  -8.76321325e+00 
  9.95924708e-01  -4.63611820e+00  -8.65352404e+00 
 -8.17401451e-01  -1.75680960e+00  -6.96399508e+00 
 -2.59441530e+00   1.45883923e+00  -7.86480368e+00 
 -3.17833441e+00   3.94370395e+00  -4.99746148e+00 
 -4.31889872e+00   9.75647510e+00  -3.05056344e+00 
  6.03192753e+00   2.53156726e+00  -3.12272016e+00 
  3.98539072e+00   1.69528809e+00  -7.53261299e-02 
  4.37684687e+00   4.50534670e+00   2.51334321e+00 
  4.54850546e+00   2.14982038e+00   5.44429765e+00 
  6.72005083e+00  -9.61141316e-01   6.00478465e+00 
  7.37785623e+00  -3.09574175e+00   4.10026937e+00 
  7.76986851e+00  -1.02904377e-01   1.73307901e+00 
  7.70669149e+00  -2.31238451e+00  -1.36502297e+00 
  8.09244440e+00  -5.42881775e-01  -4.66906235e+00 
  4.96164098e+00  -1.76233696e+00  -6.28714146e+00 
  2.75401559e+00   1.28355039e+00  -6.60221916e+00 
  5.28175277e-01   6.59225557e+00  -7.47377577e+00 
 -2.45229236e+00   8.56569644e+00  -8.71878039e+00 
 -2.61669787e+00   1.18810307e+01  -6.81967324e+00 

   6.633653919446e-01 

  6.14672106e-01  -4.30064570e-01   1.25979501e+00 
  1.17246452e+00   8.19875436e-01   1.24244241e+00 
  7.40359445e-01   1.75367885e+00   3.48239710e-01 
 -5.51471443e-01   1.57572514e+00  -4.91734545e-02 
 -1.16858931e+00   3.36163754e-01   7.62641454e-02 
 -5.34945092e-01  -7.51479222e-01   6.03972438e-01 
 -1.26852666e+00  -1.91089840e+00   1.11532846e+00 
 -7.38084068e-01  -2.71177636e+00   1.94337857e+00 
 -2.38878952e+00  -2.32463687e+00   3.64202555e-01 
 -2.88320801e+00  -3.67083540e+00   6.56022448e-01 
  1.39944395e+00   3.35282538e+00   2.93124072e-01 
  2.09496524e+00   3.58674060e+00  -9.96119047e-01 
  2.51861487e+00   3.51954467e+00   1.24880986e+00 
 -2.64693698e+00  -4.45139229e+00  -5.70651269e-01 
 -3.65356819e+00  -4.46178946e+00  -1.49493641e+00 
 -3.55355228e+00  -5.38141287e+00  -2.49954894e+00 
 -2.43974532e+00  -6.05297061e+00  -2.89034869e+00 
 -1.38308793e+00  -5.95394585e+00  -1.98003530e+00 
 -1.48582956e+00  -5.10691208e+00  -8.78021894e-01 
  1.44985261e-01   4.49716262e+00   4.46399748e-01 
 -6.82941666e-01  -7.09427347e+00  -1.87278658e+00 
 -3.40872896e-01  -4.59548398e+00  -4.06322822e-01 
 -1.22713331e+01   2.86892893e+00  -5.72152959e+00 
 -1.19237873e+01   5.69371768e+00  -3.31748393e+00 
 -8.44793064e-01   6.90292117e-02  -1.41779922e+01 
 -2.13580151e+00   3.45256303e+00  -1.29695106e+01 
  3.94153665e+00   7.32038621e+00  -7.29978441e+00 
  3.70847651e+00   9.91345461e+00  -5.80828463e+00 
 -9.98244812e+00  -2.93646107e-02   6.34583296e+00 
 -1.21814600e+01   2.56939522e+00   4.76181767e+00 
 -9.39110391e+00   4.41738419e+00   3.01980175e+00 
 -7.13368080e+00   5.35187317e+00   5.96178287e+00 
 -6.29300364e+00   3.91166654e+00   9.39908534e+00 
 -3.46918928e+00   1.39616099e+00   9.74030964e+00 
 -1.46040563e+00   7.22154455e-01   1.29030437e+01 
 -1.63398205e-01  -2.89740690e+00   1.23453084e+01 
  4.38527376e+00  -4.21111681e+00   8.68138072e+00 
  2.14620395e+00  -1.11726804e+00   9.21856789e+00 
  2.04828377e+00   2.73039547e+00   9.16837528e+00 
 -8.18274903e-01   5.00034584e+00   8.01917661e+00 
 -1.39597656e+00   8.60076703e+00   6.90534617e+00 
  2.97625775e+00   9.50572720e+00   7.08237504e+00 
  3.93297974e+00   6.15341814e+00   5.37678800e+00 
  5.91008170e+00   3.49316858e+00   7.31021084e+00 
  5.51587452e+00   3.35526719e-01   5.19071812e+00 
  8.32011530e+00  -2.28206856e+00   5.10058426e+00 
  8.76354937e+00  -5.57154198e+00   3.06705903e+00 
  1.19835365e+01  -7.26643430e+00   1.93889661e+00 
  4.26084803e+00  -9.25905913e+00   2.29988428e+00 
  2.17189950e+00  -1.08906793e+01  -4.32647588e-01 
  7.13851494e+00  -8.88421998e+00  -1.67606673e+00 
  4.57650268e+00  -6.73237463e+00  -3.58487438e+00 
  5.28460620e+00  -8.79724511e+00  -6.70288766e+00 
  8.97970187e+00  -7.76412926e+00  -6.84242862e+00 
  9.84737268e+00  -5.85003722e+00  -2.58827000e+00 
  8.92084073e+00  -2.83116688e+00  -4.76149489e-01 
  1.05692452e+01   1.33025662e-01   1.19895133e+00 
  8.24442390e+00   2.99215128e+00   2.27494715e+00 
  7.41840006e+00   8.97624992e+00   3.82020811e+00 
  4.79076355e+00   2.27729948e+00  -6.55109100e+00 
  1.99892977e+00   1.81966010e+00  -4.06704378e+00 
 -1.52309491e-01   5.00044236e+00  -3.99163453e+00 
 -3.40418738e+00   3.12077142e+00  -3.74549356e+00 
 -4.76438137e+00   2.26026390e-01  -5.86166848e+00 
 -3.33638194e+00  -2.13953490e+00  -6.85228692e+00 
 -6.22063530e-01   4.78587909e-01  -7.55387633e+00 
  2.06936346e+00  -2.17115713e+00  -8.02194110e+00 
  5.50960194e+00  -9.02138774e-01  -8.88852118e+00 
  7.37771876e+00  -2.48487446e+00  -6.07564438e+00 
  8.49379689e+00   3.80831468e-01  -3.88648601e+00 
  1.05063006e+01   5.39737395e+00  -1.72305633e+00 
  1.24818627e+01   7.03085062e+00   1.06201257e+00 
  1.11667494e+01   1.05832301e+01   1.58751775e+00 

   6.633653961079e-01 

 -2.14781768e+00  -2.83930243e-01   4.11084862e-01 
 -1.38806903e+00  -3.32550994e-01  -7.26545756e-01 
 -5.60517718e-01  -1.39114771e+00  -9.56396316e-01 
 -9.67050743e-01  -2.54541165e+00  -3.55698104e-01 
 -1.83706711e+00  -2.51342632e+00   7.28336167e-01 
 -2.33470190e+00  -1.34942213e+00   1.23863148e+00 
 -3.53441333e+00  -1.31413341e+00   2.07728054e+00 
 -4.21137827e+00  -2.50199532e-01   2.21219720e+00 
 -3.66660660e+00  -2.35019221e+00   3.02568288e+00 
 -4.64431319e+00  -2.11310385e+00   4.08857440e+00 
  4.09696184e-01  -1.51078980e+00  -2.38435554e+00 
  1.85214688e+00  -1.46928386e+00  -2.04051358e+00 
  2.89822727e-01  -3.03108456e-01  -3.23336057e+00 
 -3.85957607e+00  -2.02077885e+00   5.33174877e+00 
 -3.64934840e+00  -3.18679388e+00   6.01287111e+00 
 -3.15813593e+00  -3.07496378e+00   7.28218790e+00 
 -2.54293984e+00  -1.99666611e+00   7.83272125e+00 
 -2.68409974e+00  -8.29701351e-01   7.07557566e+00 
 -3.27966296e+00  -8.80142285e-01   5.81652358e+00 
  8.50032558e-02  -2.98428801e+00  -3.17810752e+00 
 -2.84002896e+00   2.65599080e-01   7.83587733e+00 
 -2.88078107e+00   3.93781632e-02   4.92750294e+00 
 -1.96068717e+00  -1.49295670e+01   3.74899601e+00 
 -2.60837356e+00  -1.49585190e+01   8.03012512e-02 
  9.34130104e+00  -7.09310977e+00   8.30663296e+00 
  9.00930553e+00  -9.14865696e+00   5.10664274e+00 
  9.08727067e+00  -3.63884314e+00  -2.21973464e+00 
  8.77265267e+00  -4.37982182e+00  -5.11021147e+00 
 -1.12977439e+01  -7.61034334e+00  -5.53170600e-01 
 -1.02014953e+01  -1.10814607e+01  -1.47398250e+00 
 -6.75061553e+00  -1.00939236e+01  -2.63672361e+00 
 -7.56053609e+00  -7.55027029e+00  -5.37503330e+00 
 -1.03540619e+01  -5.05423191e+00  -6.12469138e+00 
 -1.01357802e+01  -1.52324669e+00  -4.74533410e+00 
 -1.18419891e+01   1.54752011e+00  -6.21217643e+00 
 -1.21023014e+01   3.93148630e+00  -3.15546761e+00 
 -7.44532575e+00   7.02911326e+00  -1.02053989e+00 
 -7.83888791e+00   4.05956464e+00  -3.44969624e+00 
 -6.41612110e+00   2.38113687e+00  -6.60805705e+00 
 -6.11733606e+00  -1.36641873e+00  -7.35441485e+00 
 -4.19872422e+00  -3.71811994e+00  -9.66218954e+00 
 -1.79931290e+00  -3.42260614e-01  -1.13394252e+01 
 -1.23630610e+00   1.24564842e+00  -7.84315729e+00 
 -2.73958934e+00   4.67657236e+00  -7.01076306e+00 
 -2.46122777e+00   4.90179659e+00  -3.20417110e+00 
 -1.95446028e+00   8.30799720e+00  -1.51163536e+00 
 -1.37066460e+00   9.32329957e+00   2.20061957e+00 
  4.98374384e-01   1.23400661e+01   3.58609437e+00 
 -4.41181791e+00   6.77350243e+00   6.52619437e+00 
 -3.94004633e+00   4.73075722e+00   9.70381164e+00 
  2.76318819e-01   7.66128456e+00   7.73568661e+00 
  1.27670397e+00   3.95445384e+00   7.42499128e+00 
  3.29539651e+00   4.31295403e+00   1.06317755e+01 
  5.64859386e+00   6.95525959e+00   9.14140378e+00 
  3.48087921e+00   8.38238998e+00   5.16915398e+00 
  2.49189065e+00   7.09824118e+00   1.73317395e+00 
  3.11921137e+00   7.85486850e+00  -1.91971886e+00 
  2.17493653e+00   5.09689988e+00  -4.41754022e+00 
  2.78282872e+00   2.48371640e+00  -1.00461579e+01 
  7.05276818e+00  -5.93558258e-01   1.42738688e+00 
  3.54031933e+00  -1.89438380e+00   1.04683914e+00 
  3.58341016e+00  -4.98631375e+00  -1.23110023e+00 
  1.05488194e+00  -6.87062886e+00   8.24224337e-01 
  9.42405569e-01  -7.56635208e+00   4.59399841e+00 
  1.55256391e+00  -5.73709017e+00   6.80711641e+00 
  4.44070251e+00  -4.76738401e+00   4.47630871e+00 
  5.17341239e+00  -1.57465343e+00   6.41373539e+00 
  8.05311782e+00   5.02953316e-01   5.15379197e+00 
  6.21049921e+00   3.70614249e+00   4.65226666e+00 
  6.13239507e+00   4.23341497e+00   9.15128417e-01 
  7.32649314e+00   4.62502026e+00  -4.76968297e+00 
  6.75738292e+00   6.58971559e+00  -7.95461441e+00 
  7.00869575e+00   4.20682552e+00  -1.09351776e+01 

   6.633653955198e-01 

 -4.20929925e-02  -2.55855098e-02  -2.20942936e+00 
  8.46889382e-01   7.01662544e-01  -1.46471256e+00 
  4.59558648e-01   1.25973571e+00  -2.82836678e-01 
 -8.73832773e-01   1.53591469e+00  -2.17846507e-01 
 -1.77466790e+00   8.88731262e-01  -1.05613762e+00 
 -1.38506051e+00  -3.46151953e-02  -1.98273622e+00 
 -2.23021017e+00  -4.04912704e-01  -3.11960690e+00 
 -1.73601409e+00  -9.30102795e-01  -4.16286381e+00 
 -3.60978844e+00  -5.39793625e-01  -2.85706104e+00 
 -4.37960166e+00  -1.25696162e+00  -3.87436932e+00 
  1.53748324e+00   2.20101975e+00   6.90179436e-01 
  1.78350854e+00   1.53354928e+00   1.99193619e+00 
  2.90673228e+00   2.22695911e+00   1.26124501e-01 
 -4.84421779e+00  -2.49148191e+00  -3.21869570e+00 
 -6.05303033e+00  -2.43173973e+00  -2.58393779e+00 
 -6.60638296e+00  -3.62180222e+00  -2.20642583e+00 
 -5.97464652e+00  -4.81699125e+00  -2.07715435e+00 
 -4.69794208e+00  -4.83521507e+00  -2.64697686e+00 
 -4.13693214e+00  -3.66051731e+00  -3.14477482e+00 
  8.52485158e-01   3.73339869e+00   9.88937129e-01 
 -4.41110493e+00  -6.00569581e+00  -3.23837771e+00 
 -2.80007994e+00  -3.57638735e+00  -3.11779373e+00 
 -1.27435073e+01   5.47206949e+00   3.63190853e+00 
 -1.07004801e+01   8.54760325e+00   3.13513137e+00 
 -6.47202093e+00  -5.42041546e+00   1.08388015e+01 
 -6.10494057e+00  -1.66450970e+00   1.14166071e+01 
  2.45034921e+00   1.01385925e+00   9.50001910e+00 
  3.59304524e+00   3.78733703e+00   9.57043275e+00 
 -7.51322378e+00   7.19282179e+00  -7.72341735e+00 
 -9.15937529e+00   9.57297840e+00  -5.33106464e+00 
 -6.70078853e+00   9.04509843e+00  -2.51815502e+00 
 -3.39763926e+00   9.99289580e+00  -4.19606111e+00 
 -1.93951191e+00   9.91308273e+00  -7.72642605e+00 
 -1.42338339e-01   6.79789238e+00  -8.94457529e+00 
  2.49882044e+00   6.68112080e+00  -1.16837414e+01 
  2.28449827e+00   3.00806308e+00  -1.29316357e+01 
  4.61462638e+00  -1.60936424e+00  -9.91659027e+00 
  3.82144375e+00   2.06519612e+00  -9.05497887e+00 
  4.95814753e+00   5.12363802e+00  -7.01280653e+00 
  2.76654365e+00   7.72699424e+00  -5.24931333e+00 
  3.03493486e+00   1.03625762e+01  -2.50722122e+00 
  7.24414105e+00   9.17885834e+00  -1.58628940e+00 
  6.42148654e+00   5.39073597e+00  -1.77519453e+00 
  7.97210808e+00   3.20804571e+00  -4.52390543e+00 
  5.87837785e+00   9.80619756e-03  -4.44702305e+00 
  7.47718811e+00  -3.35722200e+00  -5.35840462e+00 
  6.10936388e+00  -7.00126724e+00  -5.30857448e+00 
  8.01573519e+00  -1.02613540e+01  -4.80726427e+00 
  6.85363405e-01  -8.20018742e+00  -7.20685989e+00 
 -2.62194758e+00  -9.68642612e+00  -6.04693772e+00 
  1.97865244e+00  -1.08624014e+01  -3.27370870e+00 
 -2.43339411e-01  -8.80674267e+00  -8.91501506e-01 
 -1.35550839e+00  -1.20569678e+01   7.47468278e-01 
  2.18896451e+00  -1.29664529e+01   1.90939698e+00 
  5.03279897e+00  -1.00712752e+01  -5.49263877e-01 
  5.91426046e+00  -6.39003699e+00  -8.72691885e-01 
  8.89927172e+00  -4.09551532e+00  -5.05921056e-01 
  8.13988602e+00  -3.42450290e-01  -2.32067359e-01 
  9.87112330e+00   5.39588722e+00   1.48662220e+00 
  1.83097212e+00  -3.03469102e+00   6.34723163e+00 
  7.41842051e-02  -1.09949852e+00   3.63743641e+00 
 -7.72138432e-01   2.41120134e+00   4.94495826e+00 
 -4.16192788e+00   2.49753662e+00   3.31084358e+00 
 -7.02185165e+00  -5.63479303e-02   3.39074545e+00 
 -6.86510453e+00  -2.98001472e+00   3.18101540e+00 
 -3.86790528e+00  -2.43161210e+00   5.51133488e+00 
 -2.50880377e+00  -5.93095169e+00   4.88565288e+00 
  6.37143309e-01  -6.84302637e+00   6.74784105e+00 
  2.74109833e+00  -7.75932201e+00   3.80828920e+00 
  5.40140412e+00  -5.08779177e+00   3.61850307e+00 
  9.53692774e+00  -1.13452408e+00   4.69805422e+00 
  1.27628685e+01   4.26247319e-01   3.47944740e+00 
  1.29284870e+01   4.04101291e+00   4.71683265e+00 

   6.633653946341e-01 

  2.20825640e+00   4.02832054e-01  -9.42753218e-01 
  8.80364417e-01   2.76429700e-01  -1.25015586e+00 
 -6.55220629e-02   3.92852716e-01  -2.75448419e-01 
  3.22257498e-01   1.17073914e+00   7.74754836e-01 
  1.66961317e+00   1.40524028e+00   1.02521749e+00 
  2.66386159e+00   8.90556177e-01   2.44508056e-01 
  4.01864306e+00   1.44589866e+00   2.38225263e-01 
  4.80498808e+00   1.25034256e+00  -7.37408656e-01 
  4.54223057e+00   1.83472933e+00   1.48923483e+00 
  5.99178059e+00   2.03134234e+00   1.53418146e+00 
 -1.75777009e+00   2.57348523e-01  -6.11064524e-01 
 -2.33219865e+00  -9.27837310e-01   7.15607613e-02 
 -2.01125409e+00  -8.66660428e-02  -2.02918527e+00 
  6.50398687e+00   9.79900581e-01   2.42968812e+00 
  6.58743239e+00   1.29172104e+00   3.75766131e+00 
  7.29739960e+00   4.31489275e-01   4.54564737e+00 
  7.64515802e+00  -8.49255145e-01   4.25750184e+00 
  7.46335304e+00  -1.18525131e+00   2.91248779e+00 
  6.83904521e+00  -2.90017880e-01   2.04574455e+00 
 -2.56795721e+00   1.64924877e+00  -5.17104182e-02 
  8.42910019e+00  -1.99187209e+00   2.44477402e+00 
  6.17274473e+00  -8.22066022e-01   1.01233057e+00 
  7.16860835e-01   7.89332667e+00   1.19932327e+01 
 -1.71005019e+00   9.64579741e+00   9.77544102e+00 
 -3.46638204e-01  -6.53905618e+00   1.26949625e+01 
 -3.14507722e+00  -3.96168489e+00   1.23766278e+01 
 -7.30423580e+00  -4.78952982e+00   4.24914082e+00 
 -9.52402916e+00  -3.11960658e+00   3.11478189e+00 
  4.88587977e+00   1.17341622e+01   7.18146116e-01 
  2.60752319e+00   1.33413786e+01   3.23295485e+00 
 -4.35945291e-02   1.06594501e+01   3.11209900e+00 
 -9.74950690e-01   1.06655781e+01  -5.96947170e-01 
  7.64718849e-01   1.14454602e+01  -3.90773496e+00 
  2.63632885e+00   8.69479215e+00  -5.73777424e+00 
  3.34363685e+00   8.59285459e+00  -9.47698633e+00 
  6.46902574e+00   6.29580148e+00  -9.70063336e+00 
  6.19167462e+00   3.38928767e-01  -9.17208873e+00 
  3.77252955e+00   3.24230642e+00  -8.40266146e+00 
  7.54638365e-02   4.31222682e+00  -8.34255934e+00 
 -1.67511213e+00   6.60067729e+00  -5.81491393e+00 
 -5.19512144e+00   7.42228177e+00  -4.60169867e+00 
 -6.98008560e+00   4.24571703e+00  -7.18821409e+00 
 -4.21677942e+00   1.67950111e+00  -6.27115957e+00 
 -1.77740116e+00   4.20820695e-01  -8.95241758e+00 
  1.02451648e+00  -1.23026784e+00  -6.94206303e+00 
  2.93207254e+00  -4.22263507e+00  -8.40174167e+00 
  5.69438383e+00  -6.53525428e+00  -6.92732267e+00 
  6.46229519e+00  -1.01717276e+01  -7.76405143e+00 
  1.00993774e+01  -4.30542282e+00  -3.75170542e+00 
  1.16991634e+01  -4.51941596e+00  -3.03876349e-01 
  8.50461471e+00  -8.64046659e+00  -2.05059339e+00 
  6.68501408e+00  -7.03352790e+00   9.40170597e-01 
  8.04184088e+00  -9.81387855e+00   3.15732582e+00 
  6.22987474e+00  -1.25819341e+01   1.20920022e+00 
  4.85547059e+00  -1.04998551e+01  -2.82694319e+00 
  2.47008600e+00  -7.82896634e+00  -4.09555278e+00 
 -4.83554327e-01  -7.47345440e+00  -6.43205637e+00 
 -2.57460858e+00  -4.27553869e+00  -6.06057783e+00 
 -7.92866003e+00  -1.20351384e+00  -6.94170770e+00 
 -2.50786551e+00  -6.40591507e+00   3.20196719e+00 
 -1.08241281e+00  -2.95856383e+00   2.69388678e+00 
 -3.67567506e+00  -3.49355421e-01   3.79746907e+00 
 -1.12613571e+00   1.89576298e+00   5.41850480e+00 
  1.63038427e+00   1.09162786e+00   7.96070856e+00 
  3.45143639e+00  -1.21000660e+00   8.01226540e+00 
  2.34897956e-01  -3.07137709e+00   7.06173112e+00 
  2.13926204e+00  -6.18353529e+00   5.97918878e+00 
  4.21566976e-02  -9.07287219e+00   4.77482151e+00 
  1.60189609e+00  -9.48918444e+00   1.41311437e+00 
 -1.06287268e+00  -8.45774161e+00  -1.05375493e+00 
 -5.99835615e+00  -7.59068071e+00  -4.01779530e+00 
 -7.56744230e+00  -7.25709115e+00  -7.44626117e+00 
 -1.06291400e+01  -4.98049289e+00  -7.18512506e+00 

   6.633653931662e-01 

  1.64687340e+00   1.67471084e+00   7.84667001e-01 
  1.74999596e+00   5.10879487e-01   1.49785630e+00 
  1.52361667e+00  -6.89322736e-01   8.92402535e-01 
  1.77540712e+00  -6.83679143e-01  -4.47372232e-01 
  1.79258089e+00   5.09084080e-01  -1.16159857e+00 
  1.57386072e+00   1.72171983e+00  -5.74559518e-01 
  1.98741338e+00   2.97877748e+00  -1.20118852e+00 
  2.15330202e+00   4.03228890e+00  -5.14867995e-01 
  1.79361766e+00   3.07747067e+00  -2.59512657e+00 
  1.85317894e+00   4.43153986e+00  -3.14721071e+00 
  1.65537835e+00  -2.19093739e+00   1.74239607e+00 
  3.37909333e-01  -2.86928539e+00   1.81121656e+00 
  1.93937414e+00  -1.98517563e+00   3.18138477e+00 
  4.94720942e-01   4.71534143e+00  -3.64103804e+00 
  2.30074620e-01   4.37674766e+00  -4.93835441e+00 
 -9.24229590e-01   4.86918121e+00  -5.47691778e+00 
 -1.99626843e+00   5.36602487e+00  -4.80747049e+00 
 -1.73980832e+00   5.61759160e+00  -3.45619696e+00 
 -5.27445485e-01   5.22814768e+00  -2.88966130e+00 
  2.75001031e+00  -3.21622236e+00   9.31694262e-01 
 -2.35006680e+00   6.72720089e+00  -3.01076812e+00 
 -5.42950546e-01   4.93712964e+00  -1.58197270e+00 
  3.28208771e+00  -4.09252238e+00  -1.29898182e+01 
  5.95223334e+00  -5.84519623e+00  -1.10719765e+01 
 -1.00647600e+01  -4.42204765e+00  -7.36220292e+00 
 -7.39411877e+00  -7.14972793e+00  -7.30870834e+00 
 -4.53683348e+00  -8.61716561e+00   1.27746804e+00 
 -2.39892626e+00  -1.04928757e+01   2.23347653e+00 
  1.10937708e+01   3.02325527e+00  -6.09028269e+00 
  1.16876908e+01   4.64929320e-05  -8.23639036e+00 
  9.48113683e+00  -2.32111153e+00  -6.24161888e+00 
  1.10670939e+01  -2.09438892e+00  -2.76918225e+00 
  1.30083330e+01   5.07282585e-01  -7.54515958e-01 
  1.11223689e+01   3.00851403e+00   1.39143425e+00 
  1.25081036e+01   4.81075023e+00   4.44496767e+00 
  1.02912225e+01   7.99500648e+00   4.64613848e+00 
  4.67351749e+00   7.94108378e+00   6.71474012e+00 
  7.16997022e+00   5.22765987e+00   5.58382194e+00 
  8.37675471e+00   1.62432104e+00   6.19720289e+00 
  9.54860723e+00  -9.42540579e-01   3.60327504e+00 
  1.00459353e+01  -4.70818923e+00   3.27169157e+00 
  8.33630672e+00  -5.43397434e+00   7.33581853e+00 
  5.43362264e+00  -2.92019886e+00   6.77218550e+00 
  5.21367890e+00   2.84674333e-01   8.87084912e+00 
  2.69441636e+00   2.45030395e+00   6.97830877e+00 
  4.34665286e-01   4.88951994e+00   8.89336621e+00 
 -2.46488822e+00   7.21931652e+00   7.74569916e+00 
 -5.48591445e+00   8.42659765e+00   9.72801843e+00 
 -2.04013736e+00   1.03207197e+01   2.77965827e+00 
 -3.75511469e+00   1.08215451e+01  -5.81984777e-01 
 -6.56917255e+00   8.56036360e+00   3.56619435e+00 
 -6.20194775e+00   5.83093448e+00   8.73004688e-01 
 -9.73268338e+00   6.62887213e+00  -3.03562107e-01 
 -1.13294985e+01   5.66041786e+00   3.05095606e+00 
 -7.68979388e+00   5.43512124e+00   6.08678059e+00 
 -4.57455481e+00   3.38013157e+00   6.79770165e+00 
 -3.09050200e+00   1.24820992e+00   9.54763686e+00 
 -1.86273078e-01  -1.05166188e+00   8.54105992e+00 
  3.34259684e+00  -6.07354734e+00   9.63984557e+00 
 -5.91424691e+00  -3.63726003e+00   1.41064913e+00 
 -2.66872567e+00  -2.34130406e+00   1.01718575e-02 
 -5.64377844e-01  -5.30257713e+00  -1.23621954e+00 
  6.38784856e-01  -3.50148322e+00  -4.31467918e+00 
 -1.32385548e+00  -1.59117550e+00  -6.99920284e+00 
 -3.56644461e+00   2.69195332e-01  -6.64397940e+00 
 -4.64784706e+00  -2.39185003e+00  -4.10159146e+00 
 -7.17048198e+00  -6.14896742e-02  -2.46154934e+00 
 -9.16169012e+00  -1.51715569e+00   3.86736476e-01 
 -8.27570950e+00   1.00258541e+00   2.98926246e+00 
 -6.14338862e+00  -8.57076063e-01   5.48829977e+00 
 -3.79927954e+00  -4.71867175e+00   9.16110742e+00 
 -1.98551513e+00  -5.20348735e+00   1.24478869e+01 
  1.92998637e-01  -8.33710633e+00   1.22037771e+01 

   6.633653993224e-01 

  1.97006303e-02   7.51908199e-01  -2.76430370e-01 
 -1.18935297e-01   4.04355634e-01   1.04029766e+00 
  9.28968354e-01   5.39930764e-01   1.90158559e+00 
  1.81312246e+00   1.51272382e+00   1.54050710e+00 
  1.87871095e+00   1.96011922e+00   2.25738240e-01 
  1.07112042e+00   1.47032221e+00  -7.59576044e-01 
  8.39092738e-01   2.19402901e+00  -2.01109411e+00 
 -1.81249122e-01   1.95952548e+00  -2.72688044e+00 
  1.95933627e+00   2.83432891e+00  -2.58155921e+00 
  1.81655080e+00   3.22710661e+00  -3.98412735e+00 
  8.04045142e-01   1.30589396e-01   3.57834750e+00 
  1.70216996e+00  -1.00333361e+00   3.90729169e+00 
 -5.16654582e-01  -4.55140429e-01   3.90445481e+00 
  2.78585603e+00   2.40139927e+00  -4.72471747e+00 
  4.04102802e+00   2.91922550e+00  -4.88000351e+00 
  4.85641955e+00   2.29087742e+00  -5.77737524e+00 
  4.71023781e+00   1.03923674e+00  -6.28364132e+00 
  3.45247735e+00   4.82027657e-01  -6.03352276e+00 
  2.54529887e+00   1.14414476e+00  -5.20824705e+00 
  1.25297236e+00   1.47051739e+00   4.53214102e+00 
  2.99620316e+00  -2.50031175e-01  -7.06209425e+00 
  1.67467255e+00   3.77517622e-01  -4.53796716e+00 
  1.18894380e+01   9.85000790e+00   1.13964332e+00 
  9.73365954e+00   1.09064153e+01   3.98855189e+00 
  1.46793363e+01  -4.32057155e+00  -1.28317280e-02 
  1.43210526e+01  -2.21789924e+00   3.15352812e+00 
  6.89359582e+00  -4.81556167e+00   7.85724658e+00 
  5.79276810e+00  -3.64814064e+00   1.03926355e+01 
 -1.96938433e-01   1.24588006e+01  -1.38503666e+00 
  2.30938747e+00   1.41101495e+01   8.70997060e-01 
  2.85138679e+00   1.11114593e+01   3.09582547e+00 
 -6.97644620e-01   1.04309756e+01   4.34714526e+00 
 -4.25579651e+00   1.09250236e+01   3.04658655e+00 
 -5.88614824e+00   8.20331234e+00   9.60352788e-01 
 -9.63095785e+00   7.63103560e+00   5.84474745e-01 
 -9.88076674e+00   5.76436615e+00  -2.81371106e+00 
 -8.51192506e+00  -2.66771977e-02  -3.47000452e+00 
 -7.88610567e+00   2.61077984e+00  -7.26634132e-01 
 -7.56566445e+00   3.17453571e+00   3.06758845e+00 
 -5.19851590e+00   5.56544396e+00   4.90352445e+00 
 -3.72846268e+00   6.08441534e+00   8.38303679e+00 
 -5.64126081e+00   2.34307856e+00   9.90301140e+00 
 -4.69126920e+00   3.37396426e-01   6.71913378e+00 
 -7.42707751e+00  -9.76345842e-01   4.37106767e+00 
 -5.53081955e+00  -1.91487599e+00   1.18646084e+00 
 -6.76738793e+00  -4.81237038e+00  -1.00422814e+00 
 -5.30347069e+00  -6.48532393e+00  -4.19964137e+00 
 -5.71256407e+00  -1.00712678e+01  -5.41922197e+00 
 -2.97006164e+00  -3.23237380e+00  -8.49314736e+00 
  2.76579060e-01  -2.70589154e+00  -1.04101159e+01 
 -5.24239033e-01  -7.43301484e+00  -7.71711805e+00 
  2.39998705e+00  -5.64858432e+00  -5.95569667e+00 
  4.81442126e+00  -7.85455845e+00  -7.90282093e+00 
  3.47691480e+00  -1.11026308e+01  -6.35310270e+00 
 -6.30229505e-01  -9.85862339e+00  -4.32868488e+00 
 -1.98236997e+00  -7.75329668e+00  -1.46994204e+00 
 -4.00502840e+00  -8.15333576e+00   1.70156604e+00 
 -3.84760189e+00  -5.24395945e+00   4.20114676e+00 
 -4.54564114e+00  -3.08308415e+00   1.00082938e+01 
  5.55519170e+00  -5.91749152e+00   2.98807002e+00 
  4.42431954e+00  -2.42800531e+00   2.14020530e+00 
  5.43868096e+00  -5.12332677e-02   4.98149392e+00 
  6.44458212e+00   2.73349889e+00   2.65729793e+00 
  8.75308968e+00   2.69903584e+00  -4.04969699e-01 
  8.91881991e+00   6.95584369e-01  -2.54391793e+00 
  8.59387777e+00  -1.70065454e+00   4.33797859e-01 
  7.74534593e+00  -4.65872777e+00  -1.80535631e+00 
  7.18809825e+00  -7.95088367e+00  -5.95626320e-02 
  3.76393813e+00  -8.66011483e+00  -1.35544478e+00 
  1.48824746e+00  -8.37936918e+00   1.64334371e+00 
 -1.00355708e+00  -8.63792579e+00   6.89885166e+00 
 -4.25095256e+00  -9.04024736e+00   8.80155034e+00 
 -3.96846762e+00  -7.17943063e+00   1.21306108e+01 

   6.633653954648e-01 

