  2.09224531e+00  -2.88946528e-01  -1.68899666e+00 
  4.23790433e-01  -7.62705018e-01   3.56401894e-01 
 -8.66166367e-01  -3.30650238e+00   7.33258931e-01 
  1.61152627e+00  -2.97160621e+00   1.38405602e+00 
  6.18280577e-01  -2.47134050e+00   3.54695165e-01 
 -7.37023322e-01  -3.69285005e-02   6.07945701e-01 
 -1.71725713e+00   2.24350727e+00  -7.11688409e-01 
  1.14416403e+00  -3.10184917e+00  -8.73711738e-01 
  1.43162351e+00   2.53879726e-02  -1.21552305e-01 
  9.22044434e-02   3.32883739e+00  -1.70280030e+00 
  1.55699961e+00   1.31416333e+00   3.68731837e-01 
  4.59778021e-01   2.09472634e+00   8.05129662e-01 
 -6.70381742e-01   1.30584780e+00   1.00822349e+00 
 -1.83516709e+00   2.21169441e+00   7.19263095e-01 
 -2.92170640e+00   1.49309132e+00   9.50793602e-01 
 -1.69654224e+00   3.58721316e+00   1.11937037e+00 
 -2.15260896e+00   4.47021726e+00   2.12196782e+00 
 -1.31329141e+00   5.57126719e+00   2.32065892e+00 
 -5.31659666e-01   6.13177991e+00   1.35941890e+00 
 -8.35594869e-01   5.61831115e+00   8.60750804e-02 
 -1.43012900e+00   4.34022714e+00  -1.90208395e-02 
 -9.55372370e-01   3.36868833e+00  -1.03412445e+00 
 -1.10616260e+01  -1.03473477e+00   7.95943712e+00 
 -6.51274126e+00  -5.39027933e+00   1.19978751e+01 
  3.97737644e+00   8.99269115e-01   1.44665145e+01 
  1.46654034e+00  -1.94305810e+00   1.40245551e+01 
  4.04680864e+00  -7.40031719e+00   7.10272697e+00 
  2.63955169e+00  -9.80349229e+00   6.00274555e+00 
 -1.06187473e+01   3.87430487e+00  -2.30925382e+00 
 -1.29187909e+01   2.04092887e+00   4.13894337e-02 
 -1.03946042e+01  -5.92015966e-01   1.05278288e+00 
 -9.48684283e+00  -2.12370778e+00  -2.32837102e+00 
 -9.38471247e+00  -9.87377838e-01  -5.97782908e+00 
 -6.19546244e+00   5.57276620e-01  -7.36199271e+00 
 -5.19182059e+00   5.57912635e-01  -1.10534664e+01 
 -2.77420403e+00   3.58557499e+00  -1.13059358e+01 
  2.91817728e+00   3.43484327e+00  -9.34247990e+00 
 -2.36244166e-01   1.24754946e+00  -8.76730963e+00 
 -1.42639670e+00  -2.38091740e+00  -8.31909971e+00 
 -4.30697957e+00  -3.68206863e+00  -6.17028255e+00 
 -5.51728952e+00  -6.93245233e+00  -4.60258012e+00 
 -6.43636198e+00  -8.42515177e+00  -1.24242324e+00 
 -1.89204627e+00  -9.13076069e+00  -6.01736082e+00 
  4.70705701e-01  -6.21481675e+00  -4.94320702e+00 
  2.41916977e+00  -4.30040196e+00  -7.65424792e+00 
  3.64204733e+00  -1.17960538e+00  -5.81027350e+00 
  6.96717964e+00   4.79557881e-01  -6.79009739e+00 
  8.92498722e+00   3.46211394e+00  -5.27011183e+00 
  1.26872098e+01   4.09873303e+00  -5.30899458e+00 
  6.20902290e+00   8.33247907e+00  -3.58711716e+00 
  5.52994474e+00   1.04566032e+01  -4.89764164e-01 
  9.92864655e+00   7.09486630e+00  -5.97088685e-01 
  7.55070303e+00   5.79912605e+00   2.16540328e+00 
  9.72508397e+00   7.55259618e+00   4.74272915e+00 
  1.28343887e+01   5.45161206e+00   3.88320997e+00 
  1.17509047e+01   3.37333202e+00  -2.46834473e-01 
  9.35093069e+00   7.98327443e-01  -1.70996917e+00 
  9.52349996e+00  -2.52205430e+00  -3.53780424e+00 
  6.26282869e+00  -4.56484501e+00  -3.62202957e+00 
  5.93524536e+00  -7.66951369e+00  -5.86826651e+00 
  3.29371740e+00  -9.99526265e+00  -4.29758196e+00 
  6.04093000e+00  -2.84546812e+00   5.71626399e+00 
  2.85713639e+00  -1.57656203e+00   4.10284254e+00 
  3.98025220e-03  -3.95452679e+00   5.04051739e+00 
 -2.47965995e+00  -1.21701919e+00   5.61268806e+00 
 -2.21146627e+00   1.89827531e+00   7.78811395e+00 
  7.85926167e-02   3.73378334e+00   8.08903015e+00 
  2.00486763e+00   4.49019247e-01   8.14665069e+00 
  5.35267582e+00   2.17470395e+00   7.55897882e+00 
  9.64155981e+00   8.88842851e-01   4.09601284e+00 
  9.13028153e+00  -2.16230968e+00   1.93150544e+00 
  8.85051320e+00  -7.54708752e+00  -2.76677096e-01 
  9.31593243e+00  -9.70518454e+00  -3.36481290e+00 
  6.92382919e+00  -1.26859382e+01  -3.15791240e+00 
 -1.64774927e+01  -7.77044257e-01   1.19177027e+00 
 -4.18478652e+00  -8.46543861e+00   7.29699214e+00 

   2.020021972049e+00 

 -2.92930943e+00   2.26929546e-01   7.62741871e-01 
 -4.67838000e-01  -2.30955380e-01  -1.98165936e-01 
  1.12578473e+00  -2.46930226e+00   6.54526650e-01 
 -7.97972391e-01  -2.78580549e+00  -1.04065397e+00 
 -4.49718219e-01  -1.91498966e+00   1.49633964e-01 
  5.90141285e-01   6.69296320e-01  -1.10182285e-01 
  5.95509235e-01   3.29976726e+00   8.81419273e-01 
 -1.40619981e+00  -2.41899078e+00   1.15671089e+00 
 -1.66339229e+00   3.96436891e-01  -4.03804394e-01 
 -1.57521505e+00   4.13236668e+00   7.10744890e-01 
 -1.69283355e+00   1.52386241e+00  -1.20697594e+00 
 -6.12304876e-01   2.43114237e+00  -1.32063222e+00 
  5.65218197e-01   1.87676963e+00  -8.23693776e-01 
  1.35889533e+00   3.04510505e+00  -3.08087289e-01 
  2.50315861e+00   2.54411500e+00   1.28072025e-01 
  1.26677358e+00   4.26883394e+00  -1.05998868e+00 
  2.03005848e+00   5.04014806e+00  -1.96296455e+00 
  1.25835980e+00   5.88644455e+00  -2.76577614e+00 
  6.61076107e-02   6.42706021e+00  -2.39784340e+00 
 -1.92311713e-01   6.21935547e+00  -1.03127491e+00 
  4.26173002e-01   5.13462952e+00  -3.68809039e-01 
 -3.49458528e-01   4.27639100e+00   5.59382338e-01 
  1.31746869e+01   6.19032373e-01  -1.91687834e+00 
  1.15000141e+01  -5.23674543e+00  -6.26169590e+00 
  2.68088879e+00  -1.84206028e+00  -1.44099663e+01 
  5.00899730e+00  -3.96613583e+00  -1.22543541e+01 
  1.69328344e-01  -8.55630913e+00  -5.94094943e+00 
  1.17380690e+00  -1.03775057e+01  -3.78691887e+00 
  7.53052535e+00   7.03322406e+00   5.61587754e+00 
  1.08403187e+01   5.34864012e+00   4.99584785e+00 
  9.37155414e+00   2.10550965e+00   3.71067510e+00 
  7.19206202e+00   1.02863223e+00   6.65897315e+00 
  5.30266519e+00   2.73493799e+00   9.51185253e+00 
  1.68396122e+00   3.78513779e+00   8.98721544e+00 
 -8.93058165e-01   4.21550036e+00   1.17815015e+01 
 -3.47791121e+00   6.65843521e+00   1.02239541e+01 
 -7.58048433e+00   4.96492986e+00   6.15185171e+00 
 -4.29168058e+00   3.43016689e+00   7.52797750e+00 
 -2.63249059e+00   1.15175969e-01   8.54829644e+00 
  1.03738604e+00  -8.99391985e-01   8.21539286e+00 
  3.18533614e+00  -4.04138339e+00   8.17373185e+00 
  5.70219018e+00  -5.86684063e+00   6.00655589e+00 
 -4.14758777e-01  -6.67768363e+00   8.43022812e+00 
 -2.33073122e+00  -4.56145843e+00   5.76756538e+00 
 -5.50473337e+00  -2.66167844e+00   6.82953776e+00 
 -6.08559189e+00  -2.40793607e-01   3.92489278e+00 
 -9.65154324e+00   8.20337354e-01   2.96188991e+00 
 -1.10135288e+01   3.00886908e+00   6.45926369e-02 
 -1.44196674e+01   2.83023504e+00  -1.64637901e+00 
 -8.39001559e+00   7.97528195e+00  -1.47855726e+00 
 -6.60826221e+00   9.62278423e+00  -4.42435719e+00 
 -1.01614504e+01   5.47613283e+00  -5.34169436e+00 
 -6.65410774e+00   4.25339296e+00  -6.42260830e+00 
 -7.58547106e+00   5.03003026e+00  -1.00246349e+01 
 -1.04869744e+01   2.50005479e+00  -1.00590762e+01 
 -1.11930107e+01   1.45005378e+00  -5.48201787e+00 
 -9.46049715e+00  -2.62713222e-01  -2.55010506e+00 
 -1.00804504e+01  -3.17417607e+00  -1.97502627e-01 
 -7.01629418e+00  -4.43268094e+00   1.76187925e+00 
 -7.41104343e+00  -6.95784507e+00   4.63582740e+00 
 -4.10276904e+00  -8.90776361e+00   4.96288456e+00 
 -2.73204312e+00  -4.35760297e+00  -6.71448665e+00 
 -8.05604708e-01  -2.18156625e+00  -4.28477629e+00 
  2.40495510e+00  -4.02665232e+00  -3.30374951e+00 
  4.55213827e+00  -9.67195786e-01  -3.44204603e+00 
  4.96561483e+00   1.59310253e+00  -6.23191613e+00 
  2.87972334e+00   2.82033157e+00  -7.91921443e+00 
  1.57364722e+00  -7.56847133e-01  -7.95779434e+00 
 -1.83996955e+00   2.95189683e-01  -9.28881076e+00 
 -7.06569197e+00  -1.24785453e+00  -7.75553398e+00 
 -7.26696922e+00  -3.69683688e+00  -4.88882812e+00 
 -7.43236187e+00  -8.43141456e+00  -1.49669128e+00 
 -9.01770903e+00  -1.00678946e+01   1.53962030e+00 
 -6.48146611e+00  -1.24631973e+01   3.11437580e+00 
  1.48195244e+01   3.19297761e+00   6.19907177e+00 
  7.63534875e+00  -7.86926641e+00  -2.37473393e+00 

   2.020021972049e+00 

 -3.26752806e+00   1.07109538e+00   9.88342150e-02 
 -1.10961208e+00  -4.40703642e-01   5.98540498e-01 
 -1.05642975e+00  -2.39904062e+00   2.70543459e+00 
 -2.25745871e+00  -2.89273487e+00   4.71951095e-01 
 -1.96023593e+00  -1.71549456e+00   1.37867621e+00 
  1.47698680e-01   6.49943470e-02   9.16272466e-01 
  1.01044935e+00   2.73945361e+00   9.91164103e-01 
 -3.30796258e+00  -1.41977122e+00   1.90712554e+00 
 -1.76003776e+00   3.33259389e-01  -3.19711084e-01 
 -3.72954193e-01   3.97649752e+00  -4.19620238e-01 
 -1.02143666e+00   9.34176222e-01  -1.32490112e+00 
  3.22733703e-01   1.34850693e+00  -1.16630419e+00 
  8.97041275e-01   7.72921264e-01  -3.50617291e-02 
  1.91620757e+00   1.77282995e+00   4.36386882e-01 
  2.50622422e+00   1.22436629e+00   1.48597367e+00 
  2.62911937e+00   2.49604692e+00  -5.83450592e-01 
  3.90180974e+00   2.52793975e+00  -1.19348077e+00 
  3.89519757e+00   3.09899697e+00  -2.47023171e+00 
  3.02407187e+00   4.05736641e+00  -2.88468692e+00 
  2.27565223e+00   4.57058943e+00  -1.81048888e+00 
  2.09288721e+00   3.77716857e+00  -6.55025758e-01 
  7.62871611e-01   3.68647748e+00  -4.98691978e-03 
  1.12059123e+01  -4.32187503e+00   5.40055080e+00 
  8.58606465e+00  -1.07738975e+01   2.66560897e+00 
  5.37047967e+00  -9.10219983e+00  -9.27426582e+00 
  5.66822346e+00  -1.05816976e+01  -5.76700407e+00 
 -2.45616722e+00  -1.02640561e+01  -1.49564066e+00 
 -3.12663704e+00  -1.11165061e+01   1.29530559e+00 
  6.94357423e+00   6.09424498e+00   7.15490057e+00 
  9.15043562e+00   3.45916920e+00   8.69214823e+00 
  6.88703887e+00   5.43559233e-01   7.85364524e+00 
  3.63772443e+00   1.57296676e+00   9.58124128e+00 
  1.90693667e+00   4.83580255e+00   1.05704313e+01 
 -4.73177289e-01   6.50349232e+00   8.11542606e+00 
 -3.32991402e+00   8.85176300e+00   9.09468879e+00 
 -3.89162849e+00   1.09432867e+01   5.87205705e+00 
 -6.76174517e+00   8.82133214e+00   1.02016843e+00 
 -5.14782621e+00   7.21991238e+00   4.16598629e+00 
 -5.57581499e+00   4.40673340e+00   6.75171183e+00 
 -2.86104631e+00   2.36788032e+00   8.50706835e+00 
 -2.46201467e+00  -9.15057009e-01   1.03913803e+01 
 -4.81781479e-01  -4.14533411e+00   1.03048562e+01 
 -6.72814982e+00  -2.02317127e+00   9.65061962e+00 
 -6.52236336e+00  -8.94721791e-01   5.91921425e+00 
 -8.66185636e+00   2.08402841e+00   4.75265693e+00 
 -7.12793812e+00   2.98698209e+00   1.36638879e+00 
 -9.31805334e+00   4.45130934e+00  -1.43156108e+00 
 -8.54219336e+00   5.37977834e+00  -5.11598693e+00 
 -1.09131683e+01   5.41144437e+00  -8.10573428e+00 
 -3.63369497e+00   8.15509873e+00  -6.57668201e+00 
 -4.61595917e-01   7.72177002e+00  -8.65433933e+00 
 -4.98683453e+00   4.79123353e+00  -9.91748730e+00 
 -2.26008896e+00   2.28403047e+00  -8.80226921e+00 
 -1.53011898e+00   1.57758833e+00  -1.24646840e+01 
 -5.07218886e+00   2.32354010e-01  -1.31464237e+01 
 -7.60442017e+00   1.60638983e+00  -9.37146900e+00 
 -7.86933399e+00   9.92694565e-01  -5.61853874e+00 
 -1.04469873e+01  -2.38265025e-01  -3.12131266e+00 
 -9.08456321e+00  -1.27943307e+00   3.24240213e-01 
 -1.14692209e+01  -2.01100385e+00   3.25170853e+00 
 -9.68722833e+00  -4.44302680e+00   5.65245738e+00 
 -2.74838952e+00  -6.24251609e+00  -4.71856977e+00 
 -9.49190868e-01  -3.84274072e+00  -2.40475137e+00 
  5.87713502e-01  -5.86342119e+00   4.63911353e-01 
  3.79306042e+00  -3.93605419e+00   4.92254846e-01 
  6.18200691e+00  -3.14202653e+00  -2.36640222e+00 
  5.53416865e+00  -2.27888958e+00  -5.11218265e+00 
  2.85574252e+00  -4.96054171e+00  -4.74028744e+00 
  9.07099062e-01  -3.71271724e+00  -7.76962538e+00 
 -4.63688097e+00  -2.86259915e+00  -8.53230662e+00 
 -6.82369526e+00  -3.58715233e+00  -5.54083616e+00 
 -1.01727524e+01  -6.02094116e+00  -1.44075555e+00 
 -1.32051899e+01  -5.59250365e+00   8.02310320e-01 
 -1.26682484e+01  -7.62227771e+00   4.00255553e+00 
  1.11180803e+01   1.06010943e+00   1.21995110e+01 
  2.93237158e+00  -1.01662251e+01   4.81985300e+00 

   2.020021972049e+00 

 -1.18327457e+00   1.36236178e+00   3.65988533e+00 
 -2.95873771e-01  -2.91622137e-01   1.74449998e+00 
 -1.22090083e-01  -3.13769228e+00   2.12738215e+00 
 -2.39326109e+00  -2.00532857e+00   1.64345264e+00 
 -1.08426193e+00  -1.69811557e+00   2.34240037e+00 
  9.60671404e-01  -2.05360687e-01   1.15190602e+00 
  2.96058771e+00   1.73525012e+00   1.52210091e+00 
 -1.51351687e+00  -1.69666311e+00   3.75619533e+00 
 -8.20683093e-01   9.38215019e-01   2.02258998e+00 
  1.92981316e+00   3.69263748e+00   2.25731109e+00 
 -5.81569679e-01   1.97788564e+00   1.14000888e+00 
  5.95800293e-01   2.08767635e+00   3.61958205e-01 
  1.29243097e+00   8.81649265e-01   3.29679440e-01 
  2.73746906e+00   1.26996979e+00   1.81851194e-01 
  3.41341069e+00   1.35283982e-01   1.03394363e-01 
  3.01574188e+00   2.41509199e+00  -6.44353320e-01 
  3.52248281e+00   2.72345529e+00  -1.92537653e+00 
  3.11196636e+00   3.97237922e+00  -2.40277394e+00 
  2.81826815e+00   5.04267591e+00  -1.61708223e+00 
  3.19329370e+00   4.81727897e+00  -2.80675366e-01 
  3.29759098e+00   3.48941125e+00   1.92509754e-01 
  2.74495590e+00   3.11508431e+00   1.51696838e+00 
  8.32654808e+00  -7.31464513e+00  -6.38728490e+00 
  1.74208580e+00  -1.03342891e+01  -8.25776847e+00 
 -6.06362379e+00  -1.22274969e+00  -1.16850000e+01 
 -4.70766454e+00  -4.60750034e+00  -1.05521772e+01 
 -7.46185155e+00  -6.41393332e+00  -1.97882199e+00 
 -6.80248634e+00  -8.78419020e+00  -2.72158090e-01 
  1.19710355e+01  -6.82035552e-02   1.60944074e+00 
  1.28757370e+01  -3.24782366e+00  -1.92925281e-01 
  9.41833468e+00  -4.77705108e+00  -6.73561190e-03 
  8.79917428e+00  -4.81747130e+00   3.76385041e+00 
  9.92647107e+00  -2.79418388e+00   6.80617361e+00 
  7.89692040e+00   2.36667632e-01   7.88693508e+00 
  7.80917485e+00   1.65346907e+00   1.14392934e+01 
  6.75878165e+00   5.35005491e+00   1.08849675e+01 
  1.10679336e+00   7.02354628e+00   9.64579869e+00 
  3.05455084e+00   3.66778658e+00   9.54300101e+00 
  2.73317588e+00  -1.00568717e-01   1.02353473e+01 
  4.39990930e+00  -3.00066315e+00   8.38612603e+00 
  3.98306388e+00  -6.75274256e+00   7.90066202e+00 
  3.53309517e+00  -9.34309568e+00   5.17099190e+00 
  2.23430974e-01  -6.79158344e+00   1.03173135e+01 
 -1.11265016e+00  -3.57553814e+00   8.55349036e+00 
 -1.58931225e+00  -3.71826958e-01   1.06320155e+01 
 -1.98995035e+00   2.34482428e+00   7.96849576e+00 
 -4.19167896e+00   5.42118462e+00   8.64509070e+00 
 -5.23602488e+00   8.40758419e+00   6.40237663e+00 
 -8.41005304e+00   1.05178008e+01   6.58580373e+00 
 -1.40270641e+00   1.10722805e+01   2.91892250e+00 
 -7.15331382e-01   1.17993700e+01  -7.64215117e-01 
 -5.88432557e+00   1.07103034e+01   8.96147653e-01 
 -4.80799153e+00   7.85452743e+00  -1.48102893e+00 
 -6.72466374e+00   9.57279831e+00  -4.27729634e+00 
 -1.01052900e+01   9.25567718e+00  -2.46305164e+00 
 -8.94833527e+00   8.12520477e+00   2.00169254e+00 
 -7.36969227e+00   5.29633955e+00   4.01084525e+00 
 -8.30931511e+00   2.97491819e+00   6.86107470e+00 
 -6.06661444e+00  -1.19419304e-01   7.31652398e+00 
 -6.38231226e+00  -2.34482001e+00   1.04373869e+01 
 -5.17083788e+00  -5.88108471e+00   9.49877623e+00 
 -7.32840231e+00  -1.25397491e+00  -2.02852270e+00 
 -3.62787011e+00  -1.01900414e+00  -1.25351088e+00 
 -2.10230204e+00  -4.51550109e+00  -1.60222503e+00 
  1.00322488e+00  -3.30928376e+00  -3.30238330e+00 
  1.39234146e+00  -1.07977833e+00  -6.36626308e+00 
 -9.29370505e-02   1.37648890e+00  -7.04795878e+00 
 -3.02953681e+00  -7.06213557e-01  -5.80607995e+00 
 -5.31529595e+00   2.33070216e+00  -5.51691953e+00 
 -8.89348992e+00   3.91553854e+00  -1.42730836e+00 
 -9.04166333e+00   1.63901262e+00   1.58126338e+00 
 -1.02264634e+01  -2.56125265e+00   5.44185832e+00 
 -1.07343622e+01  -3.40819069e+00   9.10727989e+00 
 -9.68013949e+00  -7.04108194e+00   9.69086697e+00 
  1.48358840e+01  -7.47492716e+00  -6.59965552e-01 
 -4.24027365e-01  -1.07754674e+01  -2.59317724e+00 

   2.020021972049e+00 

  2.16110446e+00  -8.03220318e-01  -1.45233013e+00 
  5.89268535e-01  -8.77250448e-01   7.19235059e-01 
  1.29985145e-01  -3.29748736e+00   2.20531274e+00 
 -1.09316791e+00  -2.86609118e+00  -2.90657014e-02 
  2.36854578e-01  -2.55797947e+00   6.28576987e-01 
  7.91327753e-01  -1.08857370e-01   1.86215175e+00 
  2.70707792e+00   1.89461590e+00   2.32977977e+00 
  1.14726072e+00  -3.40914673e+00  -1.64992842e-01 
  9.10063303e-01  -1.98893319e-01  -4.21896231e-01 
  3.35074946e+00   2.76399487e+00   2.64770656e-01 
  6.39725870e-01   1.15746761e+00  -4.87029283e-01 
  6.59334093e-01   2.01349279e+00   6.40114594e-01 
  6.31539913e-01   1.28431671e+00   1.82686110e+00 
  1.37824844e+00   2.12948808e+00   2.82129200e+00 
  1.32421280e+00   1.47431626e+00   3.96950561e+00 
  1.20505297e+00   3.55427216e+00   2.71476421e+00 
  5.34278247e-01   4.61117607e+00   3.36738213e+00 
  3.14955838e-01   5.72373593e+00   2.54863230e+00 
  1.11397359e+00   6.09054825e+00   1.51126813e+00 
  2.31067954e+00   5.35219698e+00   1.49848100e+00 
  2.34431075e+00   4.08121576e+00   2.11613012e+00 
  3.00626737e+00   2.93485752e+00   1.44725563e+00 
 -3.57012869e+00   3.49799003e-01   1.37954998e+01 
 -9.38603363e+00  -3.21516174e+00   1.07233008e+01 
 -1.34328309e+01   3.34522960e+00   9.11070311e-01 
 -1.28413196e+01   4.88888825e-01   3.37478335e+00 
 -7.94473415e+00  -6.17584356e+00  -6.19707632e-01 
 -6.94929189e+00  -8.73079859e+00   5.83156186e-01 
  6.90074955e+00   3.26679903e+00   1.03907025e+01 
  4.96957277e+00   1.91800999e+00   1.33281021e+01 
  2.86836633e+00  -5.00412815e-01   1.13124145e+01 
  5.55531050e+00  -2.63900604e+00   9.63638877e+00 
  9.18405250e+00  -2.19967107e+00   8.51414247e+00 
  9.91007419e+00  -9.62008887e-01   4.99075391e+00 
  1.31356807e+01  -1.65310937e+00   3.05371535e+00 
  1.32594862e+01   1.25730992e+00   4.86716772e-01 
  9.84345791e+00   1.43106259e+00  -4.47127121e+00 
  9.76058577e+00  -5.88306535e-01  -1.15755272e+00 
  9.01535817e+00  -4.06189467e+00   3.12803791e-01 
  7.52534050e+00  -4.92081734e+00   3.72605247e+00 
  5.79229978e+00  -7.81521227e+00   5.48860265e+00 
  2.59417041e+00  -8.65231634e+00   7.34190386e+00 
  5.76909582e+00  -1.02644366e+01   1.74997800e+00 
  4.63179614e+00  -7.21746963e+00  -4.09112961e-01 
  7.01304589e+00  -5.85325627e+00  -3.10722537e+00 
  5.48944610e+00  -2.45385701e+00  -3.97772569e+00 
  5.81630785e+00  -1.02972504e+00  -7.53221469e+00 
  4.37749399e+00   2.16833844e+00  -9.18787526e+00 
  3.51533221e+00   2.75886992e+00  -1.28578976e+01 
  4.37417898e+00   7.28622750e+00  -6.40640256e+00 
  1.99910040e+00   9.95266790e+00  -5.05890729e+00 
  3.24528188e-01   6.59685852e+00  -9.13269210e+00 
 -1.88072285e+00   5.85329411e+00  -6.04256268e+00 
 -4.59596714e+00   8.03800928e+00  -7.55902788e+00 
 -4.98903731e+00   5.79116672e+00  -1.06602982e+01 
 -1.15421669e+00   2.99137812e+00  -1.05842239e+01 
  4.21609365e-01   2.07600389e-01  -8.51090762e+00 
  1.51954023e+00  -3.39524927e+00  -8.96885770e+00 
  2.11510530e+00  -5.39407245e+00  -5.73434490e+00 
  3.78175557e+00  -8.85881492e+00  -5.83280991e+00 
  2.59393854e+00  -1.08334873e+01  -2.74354014e+00 
 -6.36364662e+00  -1.97182906e+00  -3.16369544e+00 
 -3.75597032e+00  -1.00048682e+00  -5.93420793e-01 
 -4.29674535e+00  -3.14224651e+00   2.53625623e+00 
 -3.68738522e+00  -3.27825057e-01   4.92320154e+00 
 -5.26914507e+00   3.13467156e+00   5.05965095e+00 
 -5.84556044e+00   4.97715859e+00   2.82873256e+00 
 -6.99805197e+00   1.74585022e+00   1.17526948e+00 
 -7.03685121e+00   3.30787575e+00  -2.30176037e+00 
 -5.13798219e+00   1.37067053e+00  -7.26982139e+00 
 -3.48988427e+00  -2.02497556e+00  -7.17291744e+00 
 -2.27478739e+00  -7.72354452e+00  -7.17783609e+00 
  1.43002527e-01  -1.04200790e+01  -8.31519012e+00 
  6.37695996e-02  -1.32930400e+01  -5.78740930e+00 
  4.33936284e+00  -6.11470818e-01   1.72182523e+01 
 -6.10386151e+00  -7.12557602e+00   7.42022879e+00 

   2.020021972049e+00 

 -1.28311376e+00  -1.53181091e-01  -8.25264410e-01 
 -1.24439819e-01   7.07579053e-01   1.43491494e+00 
 -1.65127181e+00   1.57157248e+00   3.71509349e+00 
 -1.34481127e+00  -9.42533406e-01   3.20518505e+00 
 -1.46271809e+00   3.72589440e-01   2.46158809e+00 
  7.56721328e-01   1.78275167e+00   1.50614191e+00 
  1.81911212e+00   3.33920223e+00  -5.79875180e-01 
 -2.79093972e+00   2.22059218e-01   1.83210731e+00 
  3.46124162e-02  -1.46509863e-02   2.86723119e-01 
  1.76885080e+00   2.05646760e+00  -2.52575830e+00 
  1.31097072e+00  -1.77514783e-01  -2.24573737e-01 
  2.34068358e+00   7.82410543e-01  -7.67505461e-02 
  2.02657137e+00   1.70933882e+00   9.14700427e-01 
  2.70781232e+00   2.98061152e+00   4.89779759e-01 
  2.45905448e+00   3.86348691e+00   1.44330744e+00 
  3.99225155e+00   2.84243400e+00  -1.44631270e-01 
  5.36245311e+00   3.02344745e+00   1.42904072e-01 
  6.20932612e+00   2.26704786e+00  -6.73740772e-01 
  5.92403070e+00   1.89500739e+00  -1.95018015e+00 
  4.77712976e+00   2.55051633e+00  -2.43221490e+00 
  3.81788947e+00   3.03022337e+00  -1.51147933e+00 
  2.36932455e+00   2.82779735e+00  -1.75724392e+00 
  6.08605102e+00   9.01234571e+00   1.05044017e+01 
  4.62109951e+00   3.02548425e+00   1.47450985e+01 
  9.47165703e+00  -7.09043934e+00   9.28292388e+00 
  7.37959230e+00  -4.83707013e+00   1.15465587e+01 
 -1.50856745e+00  -5.49485166e+00   9.32865311e+00 
 -3.83551253e+00  -4.02623447e+00   1.05093614e+01 
  3.35316364e+00   1.23829459e+01  -2.70372379e-02 
  3.75242941e+00   1.36171716e+01   3.50768561e+00 
  2.00406027e+00   1.06767893e+01   5.12762109e+00 
 -1.41779984e+00   1.07885710e+01   3.43036138e+00 
 -2.84717258e+00   1.19841832e+01   9.15553588e-02 
 -2.99080679e+00   9.57213679e+00  -2.84691083e+00 
 -5.44677807e+00   9.83167515e+00  -5.76840367e+00 
 -3.63410329e+00   7.90907016e+00  -8.61324992e+00 
 -3.34178928e+00   1.89816618e+00  -8.86755322e+00 
 -4.20215206e+00   4.48393258e+00  -6.10367230e+00 
 -6.52977000e+00   5.13391093e+00  -3.11321250e+00 
 -5.76530123e+00   7.02781100e+00   1.17406235e-01 
 -7.09930660e+00   7.36537653e+00   3.66621089e+00 
 -6.00621177e+00   7.00113008e+00   7.27674663e+00 
 -1.01928594e+01   4.21890876e+00   2.95471655e+00 
 -7.62713757e+00   1.90527662e+00   1.13721549e+00 
 -8.13924059e+00   1.12669944e+00  -2.59679134e+00 
 -4.76996319e+00  -3.47003436e-01  -3.65093181e+00 
 -4.59228159e+00  -3.00858479e+00  -6.41748136e+00 
 -1.63789060e+00  -5.08059246e+00  -7.83782122e+00 
 -1.71755140e+00  -8.55168320e+00  -9.42095024e+00 
  3.53965639e+00  -2.63881136e+00  -8.91490153e+00 
  7.20470519e+00  -2.82036068e+00  -7.86556682e+00 
  3.92682071e+00  -7.22500826e+00  -7.14728803e+00 
  5.00715856e+00  -6.00380954e+00  -3.63923105e+00 
  7.65067797e+00  -8.73420032e+00  -3.59484728e+00 
  5.05387202e+00  -1.15675379e+01  -3.81728956e+00 
  1.03171072e+00  -9.38634359e+00  -5.08814069e+00 
 -1.51099251e+00  -6.88038088e+00  -3.75169095e+00 
 -5.22451780e+00  -6.74300077e+00  -2.98582364e+00 
 -6.37173692e+00  -3.82927849e+00  -7.48375164e-01 
 -1.01097890e+01  -3.06548941e+00  -2.63141254e-01 
 -1.05268854e+01  -1.29945566e+00   3.13700339e+00 
  8.25249510e-01  -6.51273150e+00   4.83836707e+00 
  1.24673803e+00  -2.87699703e+00   3.86185517e+00 
  4.23796013e-01  -7.10001815e-01   6.91166642e+00 
  3.23804642e+00   1.68506491e+00   6.33421871e+00 
  6.94847130e+00   1.00121094e+00   5.81023742e+00 
  8.21267302e+00  -1.08825322e+00   4.15495994e+00 
  5.45395009e+00  -3.21304723e+00   5.69711068e+00 
  5.92488982e+00  -6.01793418e+00   3.15900300e+00 
  2.15208204e+00  -9.03947323e+00   2.13443412e-01 
 -1.46727139e+00  -8.12469012e+00   7.78670910e-01 
 -6.93538655e+00  -7.62183409e+00   2.72726663e+00 
 -1.05898512e+01  -7.24525074e+00   1.77141430e+00 
 -1.23988031e+01  -5.32760642e+00   4.54633624e+00 
  2.82740049e+00   1.63394993e+01   7.20389452e+00 
 -1.01475987e+00   2.09340239e+00   1.26612101e+01 

   2.020021972049e+00 

 -1.51438884e-01  -1.00082079e+00   4.26472382e-01 
  1.50471116e-01   1.64215622e-01  -1.97006356e+00 
  1.38742821e+00  -1.18218627e+00  -4.19133660e+00 
  2.81981265e+00  -1.81098529e-01  -2.28850943e+00 
  1.46111062e+00  -8.22566961e-01  -2.48557182e+00 
 -8.97435954e-01   6.60606990e-01  -2.74012901e+00 
 -3.62973255e+00   8.38409172e-01  -2.10324477e+00 
  1.65838843e+00  -2.11633180e+00  -1.79976417e+00 
 -5.22593376e-02   3.62121668e-01  -6.34027684e-01 
 -3.82012282e+00   8.93021067e-01   2.19504581e-01 
 -6.74128944e-01   1.52846423e+00  -2.21762195e-01 
 -1.64388004e+00   2.21221931e+00  -9.93564445e-01 
 -1.62964870e+00   1.78012442e+00  -2.31792430e+00 
 -3.04412457e+00   1.95014778e+00  -2.79868533e+00 
 -3.04253635e+00   1.58721883e+00  -4.07102354e+00 
 -3.75931001e+00   3.09706917e+00  -2.30428102e+00 
 -4.19465877e+00   4.36719981e+00  -2.74032503e+00 
 -4.41429171e+00   5.27134965e+00  -1.69604658e+00 
 -4.79541250e+00   4.92281221e+00  -4.38122230e-01 
 -5.16316966e+00   3.56726357e+00  -3.69756821e-01 
 -4.64121842e+00   2.66152300e+00  -1.32118505e+00 
 -4.13861179e+00   1.33131852e+00  -8.99688336e-01 
 -2.72279283e+00   4.76882253e+00  -1.46324838e+01 
  4.65611852e+00   5.94884427e+00  -1.42701053e+01 
  7.16484812e+00   1.28310804e+01  -4.16880479e+00 
  7.57103361e+00   1.05144187e+01  -7.17655183e+00 
  9.80979172e+00   2.05737393e+00  -4.38056878e+00 
  1.02331641e+01  -4.00175669e-01  -6.03791232e+00 
 -1.04454366e+01  -4.94825943e-01  -8.12129313e+00 
 -9.40447671e+00   4.01982583e-02  -1.17000001e+01 
 -5.69825865e+00  -4.15381443e-01  -1.10809456e+01 
 -5.59977249e+00  -3.91797401e+00  -9.55632826e+00 
 -7.94693384e+00  -6.15373246e+00  -7.52841351e+00 
 -7.86379582e+00  -5.98469817e+00  -3.72871647e+00 
 -8.92700653e+00  -8.82073447e+00  -1.39189030e+00 
 -9.82090982e+00  -6.96059641e+00   1.89690481e+00 
 -5.67644938e+00  -4.82892171e+00   5.71272646e+00 
 -5.64333141e+00  -6.01972006e+00   2.01862952e+00 
 -3.55571788e+00  -7.93734335e+00  -5.79007407e-01 
 -3.30199800e+00  -7.31617353e+00  -4.34171144e+00 
 -9.99724130e-01  -8.11814525e+00  -7.26470848e+00 
  1.01545921e+00  -6.41724664e+00  -9.98674450e+00 
  1.94825094e+00  -1.01311233e+01  -4.57511462e+00 
  1.68551963e+00  -7.28256754e+00  -1.91883249e+00 
  2.32976243e-01  -8.09812145e+00   1.55049432e+00 
 -4.71433428e-01  -4.64365226e+00   3.03558424e+00 
 -2.15383915e-01  -4.06829866e+00   6.82673042e+00 
 -5.54926943e-01  -8.70337961e-01   8.99393257e+00 
  1.07841784e+00  -9.58051093e-02   1.23544977e+01 
 -4.75895824e+00   3.03686056e+00   7.99929175e+00 
 -5.27170746e+00   6.68809780e+00   7.01328922e+00 
 -4.98517686e-01   5.12268650e+00   9.34299267e+00 
  3.01516893e-01   6.29512532e+00   5.74434683e+00 
  1.41283342e+00   9.63830050e+00   7.17030401e+00 
  4.24856138e+00   8.06763273e+00   9.24691980e+00 
  3.29192676e+00   3.41630795e+00   9.22499629e+00 
  3.12289074e+00   4.53590010e-01   6.83229572e+00 
  4.75330589e+00  -2.94612381e+00   6.40875291e+00 
  4.33558292e+00  -4.59100852e+00   2.95449080e+00 
  5.35122988e+00  -8.25518857e+00   2.37647293e+00 
  6.20550579e+00  -8.67312590e+00  -1.35841250e+00 
  7.10604482e+00   3.86315995e+00  -3.71287143e-01 
  3.72756315e+00   2.95759231e+00  -1.82579808e+00 
  4.22230711e+00   1.97860026e+00  -5.49611870e+00 
  1.16115805e+00   3.76647023e+00  -6.68888157e+00 
  7.37765541e-02   7.37351583e+00  -6.12648589e+00 
  1.91254831e-01   8.95841095e+00  -3.64086397e+00 
  3.60360104e+00   7.28756049e+00  -3.38070476e+00 
  3.99784035e+00   8.21824552e+00   2.94831448e-01 
  5.77333801e+00   5.18182557e+00   4.72967755e+00 
  6.68476588e+00   1.59354158e+00   3.98836332e+00 
  9.34903644e+00  -3.37942754e+00   2.53185610e+00 
  9.77057232e+00  -7.06776128e+00   3.32500317e+00 
  1.06256530e+01  -8.93374837e+00   9.44014337e-02 
 -8.90002913e+00  -1.10890955e+00  -1.62115177e+01 
  6.05333474e+00   6.43323784e-01  -1.16483659e+01 

   2.020021972049e+00 

 -1.19874399e+00  -1.86927787e+00  -6.11207586e-01 
  6.25575234e-01   6.91405932e-02  -2.85267027e-01 
  1.99142754e-01   2.75701986e+00  -1.21820605e+00 
 -9.21020558e-01   1.91831449e+00   9.53535314e-01 
 -4.83180873e-01   1.37919697e+00  -3.93325949e-01 
  1.92826314e+00   1.22289494e-02  -7.72380662e-01 
  3.23685363e+00  -2.10596732e+00  -2.07756851e+00 
 -1.79040141e+00   1.12215353e+00  -1.03221659e+00 
  1.81274221e-01  -1.14917175e+00   1.43183591e-01 
  2.18518896e+00  -4.09000824e+00  -1.45148666e+00 
  1.07729983e+00  -2.00248375e+00   7.64501838e-01 
  2.45981332e+00  -2.03878773e+00   4.62913761e-01 
  2.84996205e+00  -9.06442373e-01  -2.48715008e-01 
  3.99469346e+00  -1.36266378e+00  -1.11024453e+00 
  4.41033438e+00  -2.89045486e-01  -1.76228044e+00 
  4.88773484e+00  -2.33329475e+00  -5.34304319e-01 
  6.18361552e+00  -2.41146605e+00   2.02020121e-02 
  6.35997070e+00  -3.50327998e+00   8.76405398e-01 
  5.69803044e+00  -4.68617940e+00   7.68289069e-01 
  4.98189049e+00  -4.76565912e+00  -4.39294390e-01 
  4.58865822e+00  -3.57320732e+00  -1.08847992e+00 
  3.22359903e+00  -3.43606380e+00  -1.65197074e+00 
  1.17365610e+01   7.93967403e+00  -2.38184404e+00 
  8.21738236e+00   1.17563555e+01   3.00521697e+00 
  6.12895744e+00   4.13646265e+00   1.26629022e+01 
  5.93474359e+00   7.11010641e+00   1.02758174e+01 
 -2.27154180e+00   7.33480368e+00   6.15786196e+00 
 -3.26107585e+00   9.25298066e+00   4.08253037e+00 
  9.24810406e+00  -1.03121390e+00  -8.94473799e+00 
  1.08571120e+01   2.37241933e+00  -9.00275726e+00 
  8.18019795e+00   4.08394066e+00  -6.94565746e+00 
  5.05402841e+00   3.40266880e+00  -9.03497433e+00 
  3.85709389e+00   7.25160015e-01  -1.14882405e+01 
  1.96932219e+00  -2.30309440e+00  -1.01694625e+01 
 -4.92545298e-01  -4.40208839e+00  -1.22109591e+01 
 -4.69695657e-01  -7.82045899e+00  -1.03698805e+01 
 -3.34236790e+00  -8.78319338e+00  -5.16392421e+00 
 -2.24100110e+00  -5.63050907e+00  -7.14206034e+00 
 -3.32036475e+00  -2.06840498e+00  -8.10617416e+00 
 -1.12272087e+00   1.01534346e+00  -8.62484971e+00 
 -1.42549542e+00   4.80811422e+00  -8.72854563e+00 
 -3.67592050e-02   7.92544951e+00  -7.08017296e+00 
 -5.76178477e+00   4.63347936e+00  -7.65959753e+00 
 -5.11932650e+00   1.95136573e+00  -4.89687310e+00 
 -6.62649985e+00  -1.56367995e+00  -5.32596667e+00 
 -4.74090455e+00  -3.64467661e+00  -2.72807796e+00 
 -6.45501055e+00  -6.62241617e+00  -1.00636653e+00 
 -5.29032505e+00  -9.00459149e+00   1.82343128e+00 
 -7.41912109e+00  -1.08667090e+01   4.38504406e+00 
  1.11276747e-01  -1.11821350e+01   1.92537188e+00 
  3.28825802e+00  -1.11940968e+01   4.04038798e+00 
 -1.58588731e+00  -1.00851100e+01   6.42245160e+00 
  5.83768878e-01  -6.89350079e+00   6.68917728e+00 
  1.41718877e+00  -7.86036247e+00   1.02690919e+01 
 -2.25282385e+00  -7.66893538e+00   1.14158466e+01 
 -4.74813437e+00  -7.55884261e+00   7.37706491e+00 
 -5.36044369e+00  -5.32260186e+00   4.35124413e+00 
 -8.27061408e+00  -3.56603898e+00   2.66569043e+00 
 -7.33835713e+00  -8.03958295e-01   1.52948465e-01 
 -1.00000285e+01   7.57564326e-01  -2.14248425e+00 
 -8.82951352e+00   4.31101761e+00  -3.06806113e+00 
 -1.64774894e+00   2.29734975e+00   7.09615302e+00 
  3.86863759e-01   1.63594484e+00   3.97002316e+00 
  1.35764429e+00   5.00734028e+00   2.43193071e+00 
  4.84087449e+00   3.94509372e+00   1.57838781e+00 
  7.51314275e+00   2.36253303e+00   3.78382415e+00 
  7.20628649e+00   2.13232021e-01   5.78141129e+00 
  4.08327087e+00   2.21184203e+00   6.65081461e+00 
  2.58383004e+00  -6.42381560e-01   8.68459202e+00 
 -2.66552296e+00  -2.75581884e+00   8.81791096e+00 
 -5.13576199e+00  -1.13397455e+00   6.46768336e+00 
 -9.11805697e+00   2.26965254e+00   3.91683603e+00 
 -1.21694702e+01   2.38891480e+00   1.66178957e+00 
 -1.22044438e+01   5.73886696e+00  -1.89279217e-01 
  1.21434975e+01   6.44893624e+00  -1.09148057e+01 
  2.62747648e+00   1.11959663e+01   6.78589707e-01 

   2.020021972049e+00 

  1.12694091e+00   8.08028807e-01   2.56197830e+00 
  3.98879882e-01   2.10170088e-01   5.11346015e-02 
  1.09733586e+00   1.87180309e+00  -2.19119673e+00 
 -8.35139037e-01   2.53141678e+00  -6.08444805e-01 
  5.00196824e-01   1.81716762e+00  -5.52652083e-01 
  7.36424913e-01  -9.70088728e-01  -6.05041360e-01 
  2.09064450e+00  -3.22255284e+00   3.92543004e-01 
  1.30771251e+00   2.78923289e+00   2.12910213e-01 
  1.49992224e-01   9.27877202e-03   1.37889810e+00 
  1.79381595e+00  -3.26919370e+00   2.70427675e+00 
 -4.80395105e-01  -1.16065960e+00   1.76735098e+00 
 -3.37441762e-01  -2.39057670e+00   1.08143177e+00 
  2.06214615e-01  -2.19964023e+00  -1.86960347e-01 
  9.72369826e-01  -3.46055868e+00  -4.76566888e-01 
  1.46016177e+00  -3.31798891e+00  -1.69816311e+00 
  3.99059183e-01  -4.68858911e+00   7.79937815e-03 
 -2.89788474e-01  -5.82196317e+00  -4.75777812e-01 
 -1.04547419e+00  -6.47600179e+00   5.02698364e-01 
 -7.42723829e-01  -6.49740650e+00   1.82821303e+00 
  5.40901942e-01  -5.97679395e+00   2.07049119e+00 
  1.10671620e+00  -5.07462328e+00   1.14099829e+00 
  1.80640879e+00  -3.85243321e+00   1.60618487e+00 
  3.97074155e-01  -5.59313909e+00  -1.24435257e+01 
 -4.90916713e+00  -3.78844329e-01  -1.32353816e+01 
 -1.34407289e+01  -1.88751912e+00  -4.25587583e+00 
 -1.13609165e+01  -3.56615186e-01  -7.06819934e+00 
 -6.37198794e+00   6.65591646e+00  -3.86099537e+00 
 -4.40194073e+00   8.36514535e+00  -5.33172050e+00 
  8.07756741e+00  -8.23154547e+00  -4.45668272e+00 
  7.60514645e+00  -7.93228926e+00  -8.18015638e+00 
  5.70623404e+00  -4.66051117e+00  -8.05196361e+00 
  8.19893346e+00  -2.39680436e+00  -6.24520038e+00 
  1.10320890e+01  -2.81553243e+00  -3.71180009e+00 
  1.02525903e+01  -2.62406920e+00   6.92357709e-03 
  1.27654508e+01  -1.63918050e+00   2.71797536e+00 
  1.12899573e+01  -3.27025247e+00   5.91764302e+00 
  6.57288452e+00  -1.00493591e+00   8.90070349e+00 
  8.08165295e+00  -4.86254382e-01   5.36233706e+00 
  8.79728170e+00   2.17449777e+00   2.68065841e+00 
  8.74491100e+00   1.78202227e+00  -1.12083968e+00 
  8.49771740e+00   3.92793321e+00  -4.25476643e+00 
  6.39335243e+00   4.35980068e+00  -7.37704742e+00 
  7.95702530e+00   7.64800746e+00  -1.83707076e+00 
  5.42498377e+00   5.89283112e+00   5.60272363e-01 
  6.37836876e+00   5.42580424e+00   4.25948606e+00 
  3.80553785e+00   2.88560280e+00   5.50967012e+00 
  2.60279772e+00   2.97182670e+00   9.15869247e+00 
 -8.58954522e-02   9.17235605e-01   1.10530503e+01 
 -2.18408608e+00   1.95968075e+00   1.40650295e+01 
 -5.86191262e-01  -4.83860536e+00   1.03118428e+01 
 -3.03985553e+00  -7.49028192e+00   9.08107502e+00 
 -4.94651360e+00  -2.60025432e+00   1.08456306e+01 
 -5.78273696e+00  -2.87588968e+00   7.07871203e+00 
 -9.31811184e+00  -3.90167374e+00   8.02427542e+00 
 -1.00493059e+01  -5.72261009e-01   9.81342315e+00 
 -5.78279939e+00   1.44287384e+00   1.03487798e+01 
 -2.94903446e+00   2.93686190e+00   8.28260872e+00 
 -1.12723553e+00   6.24768187e+00   7.94317413e+00 
  9.68841155e-01   6.69176328e+00   4.74609435e+00 
  3.38455650e+00   9.66011027e+00   4.36518186e+00 
  3.80462330e+00   1.03706440e+01   6.00541924e-01 
 -6.86024386e+00   3.65352197e+00   3.09458215e-01 
 -3.93759867e+00   1.40786691e+00  -5.65168374e-01 
 -2.87085466e+00   2.17031807e+00  -4.16449830e+00 
 -2.31969826e+00  -1.41656537e+00  -5.07019671e+00 
 -4.64556360e+00  -4.40902065e+00  -4.68937224e+00 
 -6.36649083e+00  -5.11486467e+00  -2.39934960e+00 
 -7.06959390e+00  -1.37271053e+00  -2.47323570e+00 
 -8.61788757e+00  -1.39536374e+00   1.01007295e+00 
 -7.93262591e+00   2.10327336e+00   5.40666855e+00 
 -5.49085885e+00   4.93321775e+00   4.87261053e+00 
 -2.85780880e+00   9.94966528e+00   3.51155419e+00 
 -2.91061571e-01   1.25391371e+01   4.56844824e+00 
  1.20263136e+00   1.41461360e+01   1.43216158e+00 
  8.93372167e+00  -7.11041591e+00  -1.25946913e+01 
 -1.91129597e+00   4.06627893e+00  -1.03669454e+01 

   2.020021972049e+00 

  7.20307240e-01  -9.70529808e-01   4.18434051e-01 
  6.23899738e-01  -3.56488332e+00   1.09065384e+00 
 -7.67894057e-01  -4.49848420e+00   3.42907515e+00 
 -2.06282064e+00  -3.86433512e+00   1.28532302e+00 
 -8.10391559e-01  -3.45306762e+00   2.03276331e+00 
  1.74326018e+00  -4.35617341e+00   1.33232845e+00 
  4.46351746e+00  -3.70133910e+00   1.06016639e+00 
 -1.20419744e+00  -2.11828475e+00   2.52909964e+00 
  8.35936744e-01  -2.66414834e+00   8.61763099e-02 
  4.62941283e+00  -1.96495884e+00  -4.86396826e-01 
  1.61664136e+00  -3.04325370e+00  -9.92628144e-01 
  2.68619147e+00  -3.96558099e+00  -8.97802823e-01 
  2.62611010e+00  -4.68573083e+00   2.93252162e-01 
  4.05640363e+00  -5.00844456e+00   6.26264706e-01 
  4.01828735e+00  -5.73285313e+00   1.73276541e+00 
  4.92548393e+00  -5.30312394e+00  -4.82436340e-01 
  5.54803003e+00  -6.40899105e+00  -1.10081247e+00 
  5.88415761e+00  -6.18422191e+00  -2.43974493e+00 
  6.19354472e+00  -4.96929802e+00  -2.96638012e+00 
  6.35764801e+00  -4.00015262e+00  -1.96076660e+00 
  5.72104602e+00  -4.18593792e+00  -7.12473172e-01 
  5.02335724e+00  -3.05923838e+00  -4.65186964e-02 
  4.30687238e+00  -1.57932756e+01   6.25757460e+00 
 -2.82338422e+00  -1.70674703e+01   4.38461680e+00 
 -4.42803034e+00  -1.41768304e+01  -7.64719442e+00 
 -5.13006063e+00  -1.49865306e+01  -3.98249947e+00 
 -8.62103769e+00  -7.63419039e+00   2.72772254e-01 
 -9.37841508e+00  -7.33606076e+00   3.15427881e+00 
  1.10883274e+01  -6.65251159e+00   6.70381042e+00 
  1.01840346e+01  -9.80839038e+00   8.54763135e+00 
  6.44328496e+00  -9.43938316e+00   8.10326762e+00 
  5.81234548e+00  -6.02994749e+00   9.70949803e+00 
  7.77956193e+00  -2.80266354e+00   1.02882192e+01 
  7.67233751e+00  -5.56922177e-02   7.65842195e+00 
  8.27753060e+00   3.65742307e+00   8.35181338e+00 
  9.39134779e+00   5.02668227e+00   4.89350593e+00 
  5.55459815e+00   6.08298339e+00   3.71928282e-01 
  5.39563761e+00   4.06556016e+00   3.68405521e+00 
  3.08363173e+00   3.12815003e+00   6.60963515e+00 
  2.97304391e+00  -1.38816451e-01   8.59025822e+00 
  6.16556414e-01  -2.06744634e+00   1.08738713e+01 
 -1.09162730e+00  -5.43629116e+00   1.11845046e+01 
 -2.62968201e+00   9.52787115e-01   1.03111292e+01 
 -1.98695206e+00   1.13749092e+00   6.46510333e+00 
 -7.15258273e-01   4.43636335e+00   4.94474988e+00 
  4.68520675e-01   3.39200251e+00   1.46006621e+00 
  2.49955437e-01   5.85083409e+00  -1.48539794e+00 
  1.02629738e+00   5.44840704e+00  -5.26353940e+00 
 -5.19714375e-01   7.30735898e+00  -8.21570124e+00 
  5.77043720e+00   2.61183991e+00  -7.10104154e+00 
  6.82586532e+00  -4.43830598e-01  -9.12973457e+00 
  1.84463336e+00   1.82133257e+00  -9.97692715e+00 
  1.27236085e+00  -1.73716207e+00  -8.57174387e+00 
  6.44650731e-01  -2.94656593e+00  -1.21197744e+01 
 -2.41768140e+00  -6.63351901e-01  -1.25990854e+01 
 -2.15316318e+00   2.43628953e+00  -9.01123010e+00 
 -2.38902098e+00   2.57014077e+00  -5.20889638e+00 
 -4.49459549e+00   4.28130708e+00  -2.55669692e+00 
 -4.27734700e+00   2.78687292e+00   9.83293833e-01 
 -5.81160329e+00   4.61816628e+00   3.99730795e+00 
 -6.66892406e+00   1.98196636e+00   6.67485894e+00 
 -5.73450087e+00  -5.49442418e+00  -3.43327084e+00 
 -2.50654556e+00  -5.64599589e+00  -1.45662630e+00 
 -3.09135934e+00  -7.83173190e+00   1.63449023e+00 
  2.14206075e-01  -9.56530153e+00   1.39413739e+00 
  1.81124297e+00  -1.13637359e+01  -1.55960131e+00 
  1.89486177e+00  -1.05290251e+01  -4.38807718e+00 
 -1.72870021e+00  -9.61182559e+00  -3.65864293e+00 
 -2.03033625e+00  -7.48513690e+00  -6.80782958e+00 
 -4.28979118e+00  -2.36111843e+00  -7.63208451e+00 
 -5.70769660e+00  -6.91103916e-01  -4.55692187e+00 
 -9.05300415e+00   1.15113840e+00  -1.56327201e-01 
 -1.00211253e+01   4.09509509e+00   2.03603248e+00 
 -1.10981627e+01   2.77762816e+00   5.46446209e+00 
  9.57570008e+00  -1.25192425e+01   1.23172357e+01 
 -5.01762483e+00  -1.17998969e+01   6.48515399e+00 

   2.020021972049e+00 

