  1.33920652e+00  -6.19988098e+00   2.16424295e+00 
  1.03725765e+00  -7.52607935e+00   2.65935811e+00 
  1.95964616e+00  -8.67192156e+00   2.24713918e+00 
  1.99205062e+00  -8.26852891e+00   7.91533646e-01 
  2.60096347e+00  -7.13209788e+00   6.14554266e-01 
  2.56206380e+00  -6.15341643e+00   1.68608492e+00 
 -9.69540438e-02  -8.00453469e+00   2.80845429e+00 
  6.87723709e-01  -8.60277583e+00   1.26391305e-01 
  3.66166441e+00  -4.72999172e+00   1.74807950e+00 
  3.72912694e+00  -4.26210406e+00   5.89779628e-02 
  2.31458649e+00  -3.85401827e+00  -2.40461148e-01 
  1.50024749e+00  -4.81948959e+00  -1.20021035e-01 
  2.04193692e+00  -2.53439520e+00   3.49077351e-01 
  2.76889492e+00  -1.97852246e+00   1.39145847e+00 
  2.86284034e+00  -6.00203269e-01   1.58451425e+00 
  2.22417371e+00   2.65993927e-01   7.46984104e-01 
  1.84378817e+00  -3.18405075e-01  -4.21598680e-01 
  1.43861967e+00  -1.62471674e+00  -4.57532775e-01 
  2.23125853e+00   1.99121184e+00   8.47554887e-01 
  1.85399022e+00   2.62682351e+00  -4.38748030e-01 
  1.19578016e+00   2.56809682e+00   1.73901596e+00 
  3.75100265e+00   2.54643804e+00   1.37742438e+00 
  1.25338460e+01  -1.92573359e+00   9.43035046e+00 
 -3.24450229e+00  -2.39066165e+00   1.41138780e+01 
 -3.76401797e-01   1.30090304e-01   1.41971184e+01 
 -1.52051232e+00   6.45849950e+00   7.66140610e+00 
  2.87798385e-01   8.74337138e+00   6.93858421e+00 
  1.27614518e+01  -5.84018567e+00  -1.24228287e+00 
  1.48864061e+01  -4.54913570e+00   1.55304944e+00 
  1.26131498e+01  -1.69588470e+00   2.50763242e+00 
  1.23535250e+01   2.33846164e-01  -7.82515849e-01 
  1.25340376e+01  -5.82994823e-01  -4.50707892e+00 
  9.39714801e+00  -1.56460836e+00  -6.38855604e+00 
  8.78180738e+00  -1.19758659e+00  -1.01270537e+01 
  6.08143274e+00  -3.91957162e+00  -1.08114510e+01 
  2.94137119e-01  -3.19811408e+00  -9.44597710e+00 
  3.57141690e+00  -1.42143690e+00  -8.41644769e+00 
  5.11725082e+00   2.00769125e+00  -7.55101015e+00 
  7.87771467e+00   2.75484398e+00  -5.00309685e+00 
  9.29138970e+00   5.70564916e+00  -3.04608736e+00 
  6.11822585e+00   8.44326219e+00  -4.60024117e+00 
  3.32027277e+00   5.80611323e+00  -4.10189859e+00 
  1.46850889e+00   4.32528377e+00  -7.10464825e+00 
 -3.08351020e-01   1.24276694e+00  -5.70010190e+00 
 -3.66373813e+00   1.12400744e-01  -7.17089263e+00 
 -6.15854989e+00  -2.69257526e+00  -6.18317974e+00 
 -9.92658181e+00  -2.83187922e+00  -6.68377298e+00 
 -4.20627119e+00  -7.97751840e+00  -4.61548055e+00 
 -4.27317616e+00  -1.04278444e+01  -1.71502196e+00 
 -8.14687980e+00  -6.50702746e+00  -1.99963331e+00 
 -6.00484634e+00  -5.74403591e+00   1.11289333e+00 
 -8.67421295e+00  -7.37788924e+00   3.27496541e+00 
 -1.13590294e+01  -4.81100984e+00   2.28018898e+00 
 -9.51665221e+00  -2.62075978e+00  -1.50008888e+00 
 -6.71698368e+00  -2.55889423e-01  -2.45840673e+00 
 -6.20509472e+00   3.16905323e+00  -3.95637802e+00 
 -2.74263146e+00   4.75542280e+00  -3.49675477e+00 
  8.98068059e-01   9.81911561e+00  -3.35782092e+00 
 -3.84654292e+00   2.32133455e+00   5.62008629e+00 
 -6.89026819e-01   7.48339680e-01   4.27917588e+00 
  2.32913629e+00   2.70928285e+00   5.67379762e+00 
  4.37947510e+00  -4.24882828e-01   6.21288717e+00 
  3.51153846e+00  -3.63265900e+00   8.09501673e+00 
  1.00070408e+00  -5.16677331e+00   8.01962794e+00 
 -5.12725375e-01  -1.68593373e+00   8.10920604e+00 
 -3.94177537e+00  -2.91318838e+00   7.00966594e+00 
 -6.62524920e+00  -3.10353787e-01   6.81180539e+00 
 -7.60095723e+00  -8.15826291e-01   3.25762039e+00 
 -6.51190483e+00   2.32636610e+00   1.46710437e+00 
 -5.34093730e+00   7.79223871e+00  -1.86970447e-01 
 -5.16680931e+00   1.02105163e+01  -3.09409217e+00 
 -2.49272209e+00   1.28430179e+01  -2.35715936e+00 

   1.126865269924e+00 

 -4.01818515e+00   3.93372132e+00   2.78834602e+00 
 -5.18760049e+00   4.54716516e+00   3.38103279e+00 
 -5.02815393e+00   5.23062480e+00   4.73791659e+00 
 -4.23663761e+00   4.09385443e+00   5.34108735e+00 
 -3.07040603e+00   3.96051305e+00   4.77922786e+00 
 -2.92547203e+00   4.34911573e+00   3.38800409e+00 
 -6.34510218e+00   4.10574599e+00   3.32711258e+00 
 -5.13554093e+00   2.92656856e+00   5.63233843e+00 
 -1.32356482e+00   4.59156878e+00   2.60428990e+00 
 -3.83445156e-01   3.29124295e+00   3.31271846e+00 
 -1.06706759e+00   2.05544578e+00   2.80027604e+00 
 -2.26312764e+00   1.96177715e+00   3.21314776e+00 
 -7.17942342e-01   1.84321058e+00   1.38735218e+00 
 -2.49554706e-01   2.83654406e+00   5.40058916e-01 
  5.46035308e-01   2.55637235e+00  -5.70973586e-01 
  8.89959572e-01   1.27248831e+00  -8.75955290e-01 
  7.03651138e-01   4.17715522e-01   1.66374996e-01 
 -3.34435681e-01   5.88148319e-01   1.04115081e+00 
  1.85703440e+00   7.53850348e-01  -2.21099054e+00 
  2.42260245e+00  -6.00938359e-01  -1.99749119e+00 
  1.10991932e+00   5.30558282e-01  -3.47260184e+00 
  3.09040548e+00   1.88537614e+00  -2.52260791e+00 
  3.93909338e+00   1.45581583e+01  -1.70485278e+00 
 -9.53653679e+00   8.11260351e+00  -8.63087997e+00 
 -6.01958745e+00   9.10008776e+00  -9.74580105e+00 
 -7.89299055e-01   1.63442455e+00  -1.07363913e+01 
  2.11543337e+00   1.47537852e+00  -1.14782424e+01 
  5.75637893e+00   8.58066087e+00   7.79496137e+00 
  7.02473995e+00   1.14230364e+01   5.71931666e+00 
  6.67125762e+00   9.68568139e+00   2.39116516e+00 
  8.80731721e+00   6.55754982e+00   2.90921600e+00 
  9.83309239e+00   4.34589830e+00   5.84665373e+00 
  7.67170692e+00   1.40263087e+00   6.85123134e+00 
  8.80862730e+00  -1.72442905e+00   8.70017905e+00 
  5.51797088e+00  -2.95821659e+00   1.03791539e+01 
  1.22107556e+00  -5.87570343e+00   7.39540518e+00 
  4.25773414e+00  -3.71399375e+00   6.36449260e+00 
  7.05080983e+00  -3.31989021e+00   3.72993542e+00 
  8.55774404e+00  -6.54951723e-02   2.38519741e+00 
  1.05769606e+01   1.17401638e+00  -6.01766804e-01 
  1.04223280e+01  -2.84226713e+00  -2.55738202e+00 
  6.67555228e+00  -3.33889944e+00  -1.69337852e+00 
  5.57237246e+00  -6.09001455e+00   7.25863641e-01 
  1.97846546e+00  -5.15997465e+00   1.64822012e+00 
 -5.78879974e-01  -7.90161114e+00   2.45008286e+00 
 -4.38176600e+00  -7.80830865e+00   3.22266332e+00 
 -7.02189094e+00  -1.04705396e+01   2.58210614e+00 
 -6.59578524e+00  -3.67099399e+00   6.71271827e+00 
 -9.12792143e+00  -8.40921420e-01   6.72738094e+00 
 -9.57357787e+00  -4.81478314e+00   2.92353273e+00 
 -8.71497720e+00  -1.55816624e+00   1.04856746e+00 
 -1.23980172e+01  -1.15544028e+00   1.86820654e-01 
 -1.25013126e+01  -4.41581080e+00  -1.84934803e+00 
 -8.50416077e+00  -6.65994777e+00  -6.37446423e-01 
 -4.74492719e+00  -6.39036805e+00  -1.01771322e+00 
 -1.83940838e+00  -8.29580740e+00  -2.48857602e+00 
  1.43110731e+00  -6.35136559e+00  -2.97781711e+00 
  6.96236814e+00  -5.71572840e+00  -5.79135445e+00 
 -4.12865448e+00   1.72570911e-01  -7.07506497e+00 
 -2.24835195e+00   1.75309975e+00  -4.20999594e+00 
  5.72322082e-01   3.94455438e+00  -5.67316497e+00 
  5.25426385e-02   6.68388842e+00  -3.11515950e+00 
 -3.12748409e+00   8.56038611e+00  -2.13959948e+00 
 -5.81598105e+00   7.46279115e+00  -1.65926757e+00 
 -4.93538294e+00   5.38029263e+00  -4.70925628e+00 
 -7.73874202e+00   2.88556992e+00  -4.08389894e+00 
 -8.11278839e+00   1.71180884e-01  -6.63480027e+00 
 -7.81104162e+00  -2.75251732e+00  -4.35430837e+00 
 -4.54164111e+00  -4.40388304e+00  -5.27591180e+00 
  8.26512028e-02  -6.70775469e+00  -7.97608915e+00 
  2.67674370e+00  -9.46430204e+00  -7.93309800e+00 
  5.87717362e+00  -8.17945979e+00  -9.58545189e+00 

   1.126865272641e+00 

 -5.30254177e+00  -2.80830532e+00  -2.59454122e+00 
 -6.53887296e+00  -3.17495086e+00  -3.25193274e+00 
 -6.47283336e+00  -3.59544532e+00  -4.71907403e+00 
 -5.57536658e+00  -2.44868484e+00  -5.12163718e+00 
 -4.39317793e+00  -2.54421342e+00  -4.58601359e+00 
 -4.26882455e+00  -3.20724383e+00  -3.30054574e+00 
 -7.64252350e+00  -2.63838269e+00  -3.07411182e+00 
 -6.35082094e+00  -1.16296120e+00  -5.15298508e+00 
 -2.68964190e+00  -3.75640143e+00  -2.63443934e+00 
 -1.62872211e+00  -2.44459998e+00  -3.11418618e+00 
 -2.17058196e+00  -1.26910305e+00  -2.35147321e+00 
 -3.35628516e+00  -9.77758328e-01  -2.69647422e+00 
 -1.77966883e+00  -1.37052024e+00  -9.37187299e-01 
 -1.40563634e+00  -2.55095580e+00  -3.12168449e-01 
 -5.68118349e-01  -2.57242935e+00   8.03165184e-01 
 -8.64804828e-02  -1.41296988e+00   1.33546717e+00 
 -1.97634206e-01  -3.58288083e-01   4.82774024e-01 
 -1.26103118e+00  -2.51140169e-01  -3.71402364e-01 
  9.49954315e-01  -1.26227155e+00   2.71010861e+00 
  1.65166977e+00   4.44885397e-02   2.73945026e+00 
  2.49691368e-01  -1.21360457e+00   4.01661249e+00 
  2.06196224e+00  -2.55066269e+00   2.75631287e+00 
  1.55963009e+00  -1.48454193e+01  -4.95602524e-01 
 -1.10561389e+01  -8.54334113e+00   8.00351162e+00 
 -7.64614173e+00  -1.00758184e+01   8.78491000e+00 
 -1.64469025e+00  -3.50636706e+00   1.09982112e+01 
  1.27157210e+00  -3.78625581e+00   1.16540898e+01 
  3.85154880e+00  -7.35521304e+00  -8.73716601e+00 
  4.84506339e+00  -1.06582674e+01  -7.28840484e+00 
  4.72695607e+00  -9.57145917e+00  -3.67940736e+00 
  7.17228638e+00  -6.63265881e+00  -3.66544390e+00 
  8.38041871e+00  -4.00854658e+00  -6.16076295e+00 
  6.52580992e+00  -7.24754961e-01  -6.50816110e+00 
  7.95734830e+00   2.57088934e+00  -7.76480380e+00 
  4.78971914e+00   4.43019919e+00  -9.06045589e+00 
  8.69517532e-01   7.13108687e+00  -5.42522066e+00 
  3.67710377e+00   4.51713264e+00  -4.93353956e+00 
  6.45285809e+00   3.34226539e+00  -2.52264927e+00 
  7.62912848e+00  -2.45355776e-01  -1.87794980e+00 
  9.55177659e+00  -2.23585147e+00   7.44445207e-01 
  9.85041619e+00   1.32078992e+00   3.43518649e+00 
  6.16403933e+00   2.34868227e+00   2.81429458e+00 
  5.31995290e+00   5.61261035e+00   1.00522586e+00 
  1.63453170e+00   5.24411709e+00   4.92989451e-02 
 -6.31928486e-01   8.33163464e+00  -1.23812151e-01 
 -4.43479029e+00   8.77172896e+00  -7.65706900e-01 
 -6.77004747e+00   1.15108416e+01   4.63872252e-01 
 -7.12466857e+00   5.63168024e+00  -4.90147580e+00 
 -9.94052386e+00   3.12662638e+00  -5.36717510e+00 
 -9.90769652e+00   6.31330717e+00  -8.61239365e-01 
 -9.36826601e+00   2.68593576e+00   3.26001260e-01 
 -1.30597300e+01   2.49570189e+00   1.22403742e+00 
 -1.27883893e+01   5.29385183e+00   3.84766842e+00 
 -8.59610348e+00   7.31746947e+00   2.94667625e+00 
 -4.88078470e+00   6.60353660e+00   3.13597605e+00 
 -1.76887543e+00   7.88685510e+00   4.84047695e+00 
  1.28587767e+00   5.56630694e+00   4.83404114e+00 
  6.76157465e+00   3.84631217e+00   7.27804264e+00 
 -4.86682121e+00  -1.03586462e+00   7.80318265e+00 
 -3.20701199e+00  -2.21247054e+00   4.62468994e+00 
 -6.10773736e-01  -4.91747110e+00   5.54230099e+00 
 -1.45472891e+00  -7.04357131e+00   2.52818812e+00 
 -4.82901879e+00  -8.36699461e+00   1.32479395e+00 
 -7.39404471e+00  -6.93303576e+00   1.15776386e+00 
 -6.25298153e+00  -5.57937282e+00   4.51637311e+00 
 -8.78737242e+00  -2.74232497e+00   4.47792513e+00 
 -8.83489831e+00  -5.49484853e-01   7.51175393e+00 
 -8.26175972e+00   2.71503041e+00   5.82231332e+00 
 -4.82309690e+00   3.82018317e+00   6.92666441e+00 
  5.84286112e-02   5.08191450e+00   9.85268711e+00 
  2.92727899e+00   7.52015314e+00   1.02456185e+01 
  5.99940515e+00   5.62522999e+00   1.15085885e+01 

   1.126865251193e+00 

  5.63740734e-01  -4.16214391e+00   4.49281933e+00 
  5.46088804e-01  -5.45125150e+00   5.15084158e+00 
  1.78368514e+00  -5.86804061e+00   5.94350550e+00 
  2.75240087e+00  -5.45206359e+00   4.86133063e+00 
  2.76055954e+00  -4.16281971e+00   4.68425765e+00 
  1.54341343e+00  -3.42036049e+00   4.95774723e+00 
  3.10621930e-02  -6.48718200e+00   4.70454346e+00 
  2.71355108e+00  -6.42788534e+00   3.72043005e+00 
  1.51211276e+00  -1.62993039e+00   5.13799418e+00 
  2.65171204e+00  -1.13064912e+00   3.90163672e+00 
  1.98819473e+00  -1.56867814e+00   2.62687920e+00 
  1.85023620e+00  -2.82842721e+00   2.56529433e+00 
  8.84448675e-01  -6.53059644e-01   2.30025401e+00 
  2.50770723e-01   1.67588826e-01   3.22166272e+00 
 -3.83864279e-01   1.35376990e+00   2.85278218e+00 
 -4.13772624e-01   1.75187862e+00   1.54883965e+00 
  5.06664588e-01   1.10649078e+00   7.81992719e-01 
  8.32394303e-01  -2.00548100e-01   1.02172244e+00 
 -1.15791876e+00   3.18112182e+00   9.24294634e-01 
 -6.20871191e-01   3.55361904e+00  -4.07519651e-01 
 -2.59787938e+00   3.04241610e+00   5.97210128e-01 
 -9.90146951e-01   4.46608354e+00   2.02855319e+00 
 -8.33771934e-01   5.30855754e+00   1.47271369e+01 
 -1.23952245e+01  -4.08569872e+00   7.71369198e+00 
 -1.19533570e+01  -4.00041264e-01   8.61246224e+00 
 -1.00299377e+01   4.49172122e+00   1.09950744e+00 
 -9.43140804e+00   7.42580961e+00   8.85102844e-01 
  8.93653803e+00   2.65844333e+00   9.55050362e+00 
  7.40597078e+00   4.79179679e+00   1.22155197e+01 
  4.39098296e+00   5.84605979e+00   1.02109374e+01 
  6.01182747e+00   7.44423982e+00   7.13928661e+00 
  9.26018436e+00   7.03094341e+00   5.17726243e+00 
  9.44998799e+00   4.54941945e+00   2.32251422e+00 
  1.18360280e+01   4.67371677e+00  -6.40769958e-01 
  1.20172773e+01   9.41178672e-01  -1.73845147e+00 
  7.69807280e+00  -1.74993370e+00  -4.89759119e+00 
  7.92060845e+00   1.50605173e+00  -2.82247405e+00 
  6.72816778e+00   5.17246123e+00  -2.64072053e+00 
  5.92692431e+00   7.22050435e+00   4.95165608e-01 
  4.02065578e+00   1.03690511e+01   1.48934404e+00 
  2.49534284e+00   1.09350712e+01  -2.67382196e+00 
  1.69211781e+00   7.16665426e+00  -3.10430877e+00 
  3.59606158e+00   5.03755937e+00  -5.64995904e+00 
  2.80488421e+00   1.43019936e+00  -4.65353642e+00 
  2.62653871e+00  -1.31448360e+00  -7.32458673e+00 
  1.67291915e+00  -5.07422474e+00  -7.17468370e+00 
  1.56198234e-01  -7.27029986e+00  -9.88482385e+00 
  3.54642493e+00  -8.43304662e+00  -2.76923520e+00 
  2.25577541e+00  -1.06277793e+01   4.83216652e-02 
 -1.05984475e+00  -9.52767752e+00  -4.22437834e+00 
 -2.61773644e+00  -7.83627857e+00  -1.13076338e+00 
 -5.01195459e+00  -1.07742834e+01  -8.06091601e-01 
 -6.64390075e+00  -1.01017254e+01  -4.22239178e+00 
 -3.66202128e+00  -7.09331403e+00  -6.35309809e+00 
 -2.40161507e+00  -3.52946095e+00  -6.10928067e+00 
 -2.32789114e+00  -3.40089158e-01  -8.12389186e+00 
 -1.50126557e+00   2.88644537e+00  -6.22056842e+00 
 -1.69089997e+00   9.10809672e+00  -5.80817575e+00 
 -8.07057801e+00  -1.45360850e-01  -6.32676226e-02 
 -4.80129033e+00   3.71612278e-01   1.74966199e+00 
 -5.06277406e+00   3.61974152e+00   3.81867690e+00 
 -3.19173454e+00   2.14296183e+00   6.75735649e+00 
 -3.82704246e+00  -1.08191824e+00   8.70211027e+00 
 -4.47364497e+00  -3.75094694e+00   7.64302668e+00 
 -6.68024154e+00  -1.71478336e+00   5.31929952e+00 
 -7.14186581e+00  -4.59708643e+00   2.87947354e+00 
 -9.39411006e+00  -3.92883248e+00  -3.52629424e-02 
 -6.99570580e+00  -4.73671642e+00  -2.76193236e+00 
 -6.29010959e+00  -1.44681007e+00  -4.47774303e+00 
 -6.55005830e+00   3.80845280e+00  -6.98722169e+00 
 -5.18631976e+00   6.03677041e+00  -9.72666129e+00 
 -5.38637686e+00   9.67819359e+00  -8.57606902e+00 

   1.126865259223e+00 

  5.21289016e+00  -3.54923076e+00   8.36401932e-01 
  6.40965398e+00  -4.22623467e+00   1.28868838e+00 
  6.86742301e+00  -5.46345288e+00   5.18356015e-01 
  6.68509623e+00  -4.82229036e+00  -8.37456190e-01 
  5.43280887e+00  -4.58338294e+00  -1.09874270e+00 
  4.53524549e+00  -4.31324683e+00   9.81984030e-03 
  7.42658057e+00  -3.67899191e+00   1.74030611e+00 
  7.77332976e+00  -3.81938703e+00  -1.09301759e+00 
  2.74334427e+00  -4.35595331e+00  -1.52605083e-01 
  2.51499769e+00  -3.63493220e+00  -1.73517879e+00 
  3.01887461e+00  -2.23192956e+00  -1.54858425e+00 
  4.25473055e+00  -2.19921008e+00  -1.26327972e+00 
  2.03056402e+00  -1.44414184e+00  -7.96295940e-01 
  1.04650968e+00  -1.99212303e+00   1.32525666e-02 
 -1.52760800e-01  -1.33210414e+00   2.81576268e-01 
 -4.01802567e-01  -9.82693157e-02  -2.43104713e-01 
  4.23134425e-01   2.06482777e-01  -1.28156486e+00 
  1.72249294e+00  -2.21636727e-01  -1.29899198e+00 
 -1.82421396e+00   8.54338105e-01  -6.82770637e-03 
 -1.98265345e+00   1.89062664e+00  -1.05654396e+00 
 -1.80814596e+00   1.70887240e+00   1.20528806e+00 
 -3.19954337e+00  -1.46090613e-01   7.23390486e-02 
 -5.44954185e+00  -1.18178344e+01   4.62170455e+00 
  3.35251478e+00  -1.43859585e+00   1.38900704e+01 
 -3.40301868e-01  -2.20919842e+00   1.32930618e+01 
 -4.11102063e+00   4.24117614e+00   7.97821378e+00 
 -6.91864416e+00   4.38532005e+00   6.92487194e+00 
 -1.17617136e+00  -1.10449875e+01  -5.88641550e+00 
 -3.75192344e+00  -1.27628184e+01  -3.78624767e+00 
 -4.89706911e+00  -9.67854482e+00  -1.94344440e+00 
 -5.95042335e+00  -7.39220770e+00  -4.82084649e+00 
 -4.96436707e+00  -6.88511091e+00  -8.47361577e+00 
 -2.17036869e+00  -4.49058080e+00  -9.36989772e+00 
 -1.69658998e+00  -2.69376715e+00  -1.26920478e+01 
  2.13331289e+00  -1.98683976e+00  -1.27331462e+01 
  4.67431745e+00   2.43627512e+00  -9.59353035e+00 
  1.24882811e+00   6.44450114e-01  -9.48185832e+00 
 -2.52312994e+00   1.16978756e+00  -8.85425974e+00 
 -4.98788934e+00  -1.27075884e+00  -7.22977892e+00 
 -8.41852359e+00  -1.24459350e+00  -5.56674437e+00 
 -8.67421147e+00   3.20991639e+00  -5.83306017e+00 
 -4.99222330e+00   3.68656729e+00  -4.71627592e+00 
 -2.39321946e+00   5.14912283e+00  -7.11304976e+00 
  9.69778343e-01   4.32048862e+00  -5.48961233e+00 
  3.96253370e+00   6.67392640e+00  -5.94167490e+00 
  7.55387103e+00   6.67682539e+00  -4.46864209e+00 
  9.86253990e+00   9.62301264e+00  -3.79178383e+00 
  1.05783005e+01   1.69135698e+00  -4.02414027e+00 
  1.22857269e+01  -5.27446220e-01  -1.45843622e+00 
  1.13186906e+01   4.76018033e+00  -2.07410179e-01 
  9.12794088e+00   2.63212519e+00   2.14425939e+00 
  1.17300872e+01   3.08816323e+00   4.88111600e+00 
  1.12731069e+01   6.90497862e+00   4.97997820e+00 
  8.86997416e+00   7.88234578e+00   1.01113102e+00 
  5.46121947e+00   7.38587380e+00  -5.64640031e-01 
  2.54740709e+00   9.40418236e+00  -1.85782502e+00 
 -7.63344916e-01   7.53226394e+00  -2.35912679e+00 
 -6.97479138e+00   7.61163436e+00  -2.93074982e+00 
  8.14455197e-01   4.25721400e+00   6.41838337e+00 
  4.57494032e-01   1.34656418e+00   4.04289706e+00 
 -3.01262571e+00  -2.50986344e-01   4.59575765e+00 
 -1.68125175e+00  -3.77220569e+00   4.21379341e+00 
  1.21395246e+00  -5.50910758e+00   5.99888765e+00 
  3.89848785e+00  -4.44849341e+00   6.57496089e+00 
  1.90840703e+00  -1.32639689e+00   7.41570574e+00 
  4.97988295e+00   9.16860068e-01   7.33014151e+00 
  4.40244360e+00   4.51515327e+00   8.18671707e+00 
  5.77138563e+00   6.03230990e+00   5.07801514e+00 
  2.79380089e+00   7.53548249e+00   3.30605719e+00 
 -2.14078796e+00   1.02661802e+01   1.83093224e+00 
 -3.88216325e+00   1.23867729e+01  -7.76834827e-01 
 -7.63013590e+00   1.16329743e+01  -6.85284680e-01 

   1.126865276358e+00 

 -5.19629849e+00  -2.98365117e+00  -8.61940086e-01 
 -6.22096989e+00  -3.78154935e+00  -1.50110442e+00 
 -7.60459227e+00  -3.15972534e+00  -1.68165152e+00 
 -7.06783357e+00  -1.84662864e+00  -2.20148514e+00 
 -6.41089572e+00  -1.19310981e+00  -1.28774524e+00 
 -5.73027572e+00  -1.94953065e+00  -2.52324798e-01 
 -6.04639319e+00  -4.56677201e+00  -2.44477970e+00 
 -6.56204854e+00  -2.00709428e+00  -3.60641770e+00 
 -5.12689616e+00  -1.19858285e+00   1.26790829e+00 
 -4.51998462e+00   3.40336398e-01   6.84890237e-01 
 -3.38912720e+00  -5.79148076e-02  -2.20470464e-01 
 -3.78642696e+00  -7.39239874e-01  -1.21432604e+00 
 -2.22843337e+00  -4.68590824e-01   5.84156370e-01 
 -2.30061047e+00  -8.82558952e-01   1.90605673e+00 
 -1.22497250e+00  -7.62041558e-01   2.78602337e+00 
 -3.92427013e-02  -2.33090176e-01   2.36899075e+00 
 -1.54667497e-01   4.58934034e-01   1.20298327e+00 
 -1.02953036e+00   5.97456967e-02   2.29752618e-01 
  1.38627953e+00  -1.96269487e-02   3.32233601e+00 
  2.30793395e+00   9.81694905e-01   2.73173174e+00 
  2.28205366e+00  -1.20041089e+00   3.37756910e+00 
  9.72223759e-01   4.02392682e-01   4.91892902e+00 
 -8.59125747e+00  -2.68002014e+00   1.27308946e+01 
 -1.36804497e+00  -1.47464652e+01   4.16738299e+00 
 -7.80401429e-01  -1.29252330e+01   7.47266878e+00 
  6.08972499e+00  -6.91461181e+00   6.60831716e+00 
  7.15757520e+00  -4.99361485e+00   8.65344754e+00 
 -1.04035526e+01   5.76895654e+00   5.34104047e+00 
 -1.08566026e+01   4.71416934e+00   8.90170188e+00 
 -7.41293018e+00   3.23849620e+00   9.33003951e+00 
 -5.17244438e+00   6.21089206e+00   8.45744510e+00 
 -5.39836780e+00   9.30473938e+00   6.23275658e+00 
 -4.28912420e+00   9.12618550e+00   2.61595181e+00 
 -3.10293199e+00   1.20286278e+01   4.57602626e-01 
 -3.85808455e+00   1.07655006e+01  -3.14848334e+00 
 -4.09694746e-01   6.78925558e+00  -6.00783590e+00 
 -8.00847561e-01   7.89367664e+00  -2.32214743e+00 
  1.12728488e+00   8.53682938e+00   9.59034798e-01 
 -7.89616200e-02   7.92150121e+00   4.54185426e+00 
  1.35631114e+00   7.49497888e+00   8.04808617e+00 
  5.54942711e+00   7.65713407e+00   6.50847978e+00 
  4.74108282e+00   5.36121597e+00   3.49073720e+00 
  4.92223070e+00   6.69769934e+00  -8.96781604e-02 
  3.06890879e+00   4.08148926e+00  -2.17595595e+00 
  4.10771316e+00   3.41985411e+00  -5.80675434e+00 
  2.92661764e+00   8.36939147e-01  -8.45271216e+00 
  4.86827827e+00  -6.83895253e-01  -1.13484126e+01 
 -2.75804644e+00  -3.93611952e-01  -9.06100525e+00 
 -5.20454747e+00  -3.29256988e+00  -8.88245170e+00 
  1.59411970e-01  -4.35590531e+00  -9.62849621e+00 
 -7.91767341e-01  -5.75974499e+00  -6.16688191e+00 
 -1.07494316e+00  -9.22203855e+00  -7.71668376e+00 
  2.63508076e+00  -9.31209123e+00  -8.72380620e+00 
  4.05966722e+00  -4.81114380e+00  -8.28325504e+00 
  4.70746181e+00  -2.17290911e+00  -5.64332993e+00 
  7.52732777e+00  -6.37397608e-02  -4.28836487e+00 
  6.96398181e+00   1.58318061e+00  -8.69778489e-01 
  9.26525631e+00   4.18531582e+00   4.31172762e+00 
  4.15426122e+00  -7.08432178e+00   1.82095829e+00 
  1.37405318e+00  -4.61373138e+00   2.46040407e+00 
  1.21939142e+00  -3.91774210e+00   6.25398339e+00 
 -2.56379226e+00  -3.86341771e+00   6.29912373e+00 
 -5.07142915e+00  -6.44086909e+00   5.01301833e+00 
 -5.02242193e+00  -7.91823283e+00   2.46773325e+00 
 -1.32505569e+00  -8.17009655e+00   3.29281079e+00 
 -3.83688695e-01  -9.19893377e+00  -2.46800065e-01 
  3.23742722e+00  -9.95431195e+00  -8.22854273e-01 
  3.85564046e+00  -7.53990687e+00  -3.58477539e+00 
  6.17835368e+00  -4.93830689e+00  -2.13493906e+00 
  1.03828308e+01  -2.01317280e+00   6.48729904e-01 
  1.27470518e+01   9.40531616e-01   5.23057941e-01 
  1.34333464e+01   2.13069754e+00   4.09186350e+00 

   1.126865276197e+00 

 -1.37171781e+00   6.98718756e-01   4.52791557e+00 
 -1.55165059e+00   7.37612633e-01   5.96361656e+00 
 -2.35233532e+00   1.89684553e+00   6.55417729e+00 
 -1.64422569e+00   2.94891483e+00   5.73302621e+00 
 -1.90947628e+00   2.83631876e+00   4.46395566e+00 
 -2.21067011e+00   1.51813907e+00   3.93556834e+00 
 -7.08400112e-01   4.06197799e-01   6.81017900e+00 
 -2.53874344e-01   3.17240127e+00   6.25494154e+00 
 -2.96767298e+00   1.26279961e+00   2.32285550e+00 
 -2.17202019e+00   2.49446809e+00   1.36033193e+00 
 -7.33642672e-01   2.06077654e+00   1.36964035e+00 
 -2.35320759e-01   2.07409662e+00   2.53638676e+00 
 -5.53396329e-01   9.15239826e-01   4.64904322e-01 
 -1.57789977e+00   7.60958146e-02   5.23351661e-02 
 -1.52524275e+00  -6.32140444e-01  -1.14828773e+00 
 -4.41392179e-01  -5.31652408e-01  -1.96976094e+00 
  3.34309595e-01   5.49542721e-01  -1.68498458e+00 
  4.92393651e-01   9.84471223e-01  -3.97450323e-01 
 -2.13987447e-01  -1.34075494e+00  -3.47979179e+00 
  8.11170076e-01  -6.75318891e-01  -4.32070936e+00 
  3.72145905e-01  -2.69929196e+00  -3.37719713e+00 
 -1.69406667e+00  -1.46726264e+00  -4.31166726e+00 
 -1.37943666e+01  -3.10788169e+00  -7.22874236e-01 
 -2.26227084e+00  -1.25011413e+01   6.34009657e+00 
 -4.39397736e+00  -1.25990113e+01   3.17255012e+00 
  6.43546868e-01  -1.02467737e+01  -4.11879560e+00 
 -2.30269913e-01  -9.95718016e+00  -6.97636210e+00 
 -9.70882088e+00   7.50228663e+00  -6.10670843e-01 
 -1.26417538e+01   5.39954660e+00  -1.59683639e+00 
 -1.06354043e+01   2.58122857e+00  -3.09736977e+00 
 -8.57926147e+00   4.40956835e+00  -5.75175997e+00 
 -7.15254699e+00   7.91703980e+00  -6.23580122e+00 
 -3.70773892e+00   8.76397652e+00  -4.90930027e+00 
 -1.38814293e+00   1.14962525e+01  -6.19144293e+00 
  8.41660020e-01   1.22395412e+01  -3.08578132e+00 
  5.37862358e+00   8.71087402e+00  -1.39989605e+00 
  2.33302196e+00   8.28765333e+00  -3.74558438e+00 
  1.14182790e+00   6.67873979e+00  -7.04557506e+00 
 -2.31977890e+00   5.24063665e+00  -7.83258241e+00 
 -3.97641451e+00   2.87804536e+00  -1.03244264e+01 
 -4.73392520e-02   1.87020170e+00  -1.22020731e+01 
  1.73620083e+00   1.55880944e+00  -8.77374002e+00 
  4.49559387e+00   4.01272569e+00  -7.77251772e+00 
  4.89830577e+00   3.50410101e+00  -4.00276635e+00 
  8.32031993e+00   3.99338883e+00  -2.34445755e+00 
  9.58659635e+00   3.45522879e+00   1.28520135e+00 
  1.30822556e+01   2.57050650e+00   2.49585366e+00 
  6.30314189e+00   5.08611962e+00   5.84140011e+00 
  4.62703304e+00   3.68371939e+00   8.94706403e+00 
  8.77413957e+00   8.67914776e-01   6.63790141e+00 
  5.59442127e+00  -1.26962963e+00   6.21532012e+00 
  6.66173816e+00  -3.34167300e+00   9.22148847e+00 
  9.87919882e+00  -4.56645096e+00   7.50842884e+00 
  1.03695655e+01  -1.68180841e+00   3.77741606e+00 
  8.75235470e+00  -8.72355473e-01   4.48977445e-01 
  9.55192219e+00  -8.87051078e-01  -3.23838545e+00 
  6.57654959e+00  -6.89158931e-01  -5.65178330e+00 
  4.15772079e+00  -1.62759088e+00  -1.13248288e+01 
  2.94255720e+00  -7.64268736e+00  -2.94279895e-01 
  5.50519886e-01  -4.72418813e+00  -3.46637568e-01 
 -2.40740339e+00  -5.62231957e+00  -2.65826740e+00 
 -4.95330908e+00  -4.00815311e+00  -3.71282800e-01 
 -5.58407311e+00  -4.53311198e+00   3.35860258e+00 
 -3.60760673e+00  -4.72917809e+00   5.53083849e+00 
 -1.76363719e+00  -6.81869077e+00   2.95238656e+00 
  1.53579677e+00  -6.62387461e+00   4.83633606e+00 
  4.39061327e+00  -8.52610363e+00   3.33750406e+00 
  6.79808914e+00  -5.70899135e+00   3.00939987e+00 
  7.18305684e+00  -5.15276728e+00  -7.06479223e-01 
  7.81071374e+00  -5.66101626e+00  -6.47974646e+00 
  9.39114006e+00  -4.20086222e+00  -9.59421874e+00 
  7.14554193e+00  -4.95957218e+00  -1.25951345e+01 

   1.126865261305e+00 

  3.49905732e+00  -1.74829265e+00   4.39443857e+00 
  3.96556502e+00  -1.41627266e+00   5.72382419e+00 
  5.39211539e+00  -1.81088453e+00   6.10185683e+00 
  5.99225306e+00  -1.30167850e+00   4.81224267e+00 
  5.60335898e+00  -1.99969371e+00   3.78504969e+00 
  4.29593051e+00  -2.62887741e+00   3.83254304e+00 
  3.69310072e+00  -3.82257147e-01   6.35163498e+00 
  6.02622538e+00   1.99731413e-01   4.80747720e+00 
  3.79245143e+00  -3.92099396e+00   2.68535596e+00 
  4.50215734e+00  -3.35632120e+00   1.18402305e+00 
  3.77137960e+00  -2.07010311e+00   9.21860294e-01 
  3.98669368e+00  -1.20294472e+00   1.82267755e+00 
  2.41372018e+00  -2.35927860e+00   4.35623708e-01 
  1.75054175e+00  -3.56078519e+00   6.37084065e-01 
  7.50713585e-01  -4.01515175e+00  -2.23002407e-01 
  3.75068619e-01  -3.27721092e+00  -1.30650947e+00 
  1.28666140e+00  -2.32049365e+00  -1.63128170e+00 
  2.00642465e+00  -1.67478977e+00  -6.63334427e-01 
 -8.42762859e-01  -3.68841842e+00  -2.46164683e+00 
 -6.82003531e-01  -2.94011570e+00  -3.73251025e+00 
 -2.21901096e+00  -3.28012333e+00  -2.08889814e+00 
 -8.49338724e-01  -5.36777335e+00  -2.74162488e+00 
  1.34642031e+00  -1.55953301e+01   4.50849718e+00 
 -8.15117566e+00  -3.62632504e+00   1.06441961e+01 
 -8.61564176e+00  -6.71273596e+00   8.44295467e+00 
 -9.54027866e+00  -4.24011708e+00  -3.37977308e-01 
 -9.84498484e+00  -6.00052981e+00  -2.75069296e+00 
  1.03684771e+01  -1.04109881e+01  -7.45924064e-02 
  8.80296853e+00  -1.37455195e+01   5.78274041e-01 
  5.30334546e+00  -1.27534222e+01  -4.15879137e-01 
  5.82512151e+00  -1.15232862e+01  -3.99790107e+00 
  8.64898999e+00  -9.91814952e+00  -6.00326332e+00 
  9.01570095e+00  -6.14948182e+00  -6.08231106e+00 
  1.06947891e+01  -4.08698671e+00  -8.80563865e+00 
  1.17237241e+01  -8.48815596e-01  -6.90165063e+00 
  7.84695962e+00   3.50476028e+00  -5.52514553e+00 
  7.50924985e+00  -1.89908086e-01  -6.61714274e+00 
  5.38144656e+00  -2.63866446e+00  -8.70844255e+00 
  4.61195763e+00  -6.31208725e+00  -7.94419225e+00 
  2.10444816e+00  -9.01098954e+00  -8.92597737e+00 
 -2.42366856e-01  -6.13071907e+00  -1.14110201e+01 
 -1.06109402e-02  -3.33024366e+00  -8.73985758e+00 
  1.92694576e+00  -1.07431177e-01  -9.44539128e+00 
  2.38144246e+00   1.50119670e+00  -6.00480344e+00 
  2.50882603e+00   5.31761297e+00  -5.66080073e+00 
  2.70095233e+00   7.67751965e+00  -2.58486210e+00 
  1.40523373e+00   1.12340207e+01  -2.21008529e+00 
  6.20944980e+00   6.39944791e+00   1.91589548e+00 
  6.12175642e+00   5.73224169e+00   5.65332545e+00 
  1.91748377e+00   8.43748405e+00   3.31549984e+00 
  5.28434138e-01   5.06311028e+00   4.55746472e+00 
 -8.37600820e-01   6.82869285e+00   7.63743740e+00 
 -3.18053283e+00   9.07620948e+00   5.57683830e+00 
 -1.60598068e+00   8.61293903e+00   1.12843836e+00 
 -1.38277914e+00   6.06474186e+00  -1.66547735e+00 
 -2.57831029e+00   5.53650833e+00  -5.20494919e+00 
 -2.36950587e+00   1.96259417e+00  -6.58337358e+00 
 -4.23385084e+00  -2.36050411e+00  -1.06760380e+01 
 -6.59202492e+00  -4.54004454e-01   1.57692869e+00 
 -3.33180737e+00  -2.32706274e+00   1.25320362e+00 
 -4.12438101e+00  -5.98865027e+00   3.23622713e-01 
 -1.41473319e+00  -7.36441744e+00   2.57807216e+00 
 -7.50825548e-01  -6.73293333e+00   6.28562536e+00 
 -7.95680666e-01  -4.17104084e+00   7.73413475e+00 
 -3.86894737e+00  -3.60889622e+00   5.57687815e+00 
 -3.92786921e+00   1.33876170e-01   6.25632453e+00 
 -6.76363015e+00   2.03195281e+00   4.71662823e+00 
 -4.76658058e+00   4.51556826e+00   2.79746622e+00 
 -5.34145390e+00   3.66423833e+00  -8.37107535e-01 
 -7.52484016e+00   2.19500386e+00  -6.03874635e+00 
 -7.36371646e+00   2.77746274e+00  -9.77565787e+00 
 -8.37507534e+00  -4.41278732e-01  -1.15758552e+01 

   1.126865245434e+00 

 -4.58161812e+00   1.22676978e+00  -3.69016006e-01 
 -5.80691821e+00   1.72259349e+00  -9.58891348e-01 
 -7.08065075e+00   1.66771101e+00  -1.17299839e-01 
 -6.41824403e+00   2.22519121e+00   1.12083754e+00 
 -5.53467565e+00   1.40535784e+00   1.61148589e+00 
 -4.84183454e+00   5.11112305e-01   7.01640613e-01 
 -5.90579071e+00   2.70484445e+00  -1.70921896e+00 
 -6.15967339e+00   3.69572069e+00   9.59353577e-01 
 -3.90422532e+00  -9.18593463e-01   1.26372701e+00 
 -3.14575577e+00  -2.94451375e-01   2.71689112e+00 
 -2.24292013e+00   7.87025344e-01   2.19498141e+00 
 -2.88991277e+00   1.72697229e+00   1.64028320e+00 
 -1.05917779e+00   1.85057145e-01   1.56275052e+00 
 -1.00143020e+00  -1.11910835e+00   1.09388428e+00 
  1.97941241e-01  -1.82445006e+00   9.94614653e-01 
  1.37927395e+00  -1.24438068e+00   1.35187331e+00 
  1.20739764e+00  -1.31700952e-01   2.11619135e+00 
  1.44209812e-01   7.05344262e-01   1.91389129e+00 
  2.94597717e+00  -1.97068705e+00   1.28506941e+00 
  3.92173090e+00  -1.27423163e+00   2.15899166e+00 
  3.63350847e+00  -1.85092487e+00  -2.36164288e-02 
  2.84857367e+00  -3.62408432e+00   1.67936257e+00 
 -5.82482057e+00  -1.27312042e+01  -2.75664433e-01 
 -2.03620415e+00  -2.79398245e+00  -1.28457305e+01 
 -6.73137995e-01  -6.02070041e+00  -1.13234123e+01 
  6.88645427e+00  -4.27934484e+00  -6.43530362e+00 
  8.54718432e+00  -6.19016916e+00  -4.82167950e+00 
 -7.29945129e+00  -5.96762042e+00   8.74429950e+00 
 -7.38631593e+00  -9.52237557e+00   7.58142249e+00 
 -4.20726924e+00  -9.36654942e+00   5.55919571e+00 
 -1.66314729e+00  -8.24556357e+00   8.18353344e+00 
 -1.70484898e+00  -6.17617904e+00   1.13910342e+01 
 -1.18926898e+00  -2.42731187e+00   1.12372887e+01 
  1.24444319e-01  -1.98429703e-01   1.40294122e+01 
 -1.35486436e+00   3.28265033e+00   1.31002392e+01 
  9.29580477e-01   6.76013009e+00   8.79137779e+00 
  1.27677059e+00   3.02713470e+00   9.74076641e+00 
  3.74972942e+00   6.75074012e-02   9.89114504e+00 
  3.00400628e+00  -3.63922668e+00   9.27935014e+00 
  4.85382282e+00  -6.86573315e+00   8.44062646e+00 
  8.74095039e+00  -4.69911794e+00   8.02228082e+00 
  7.12727143e+00  -1.77641026e+00   6.05116671e+00 
  6.99231846e+00   1.74725414e+00   7.53575799e+00 
  4.44519296e+00   3.59743801e+00   5.36298636e+00 
  4.81054385e+00   7.36360839e+00   4.74483410e+00 
  2.84133755e+00   9.86981847e+00   2.52928180e+00 
  4.05491569e+00   1.30759618e+01   8.81242700e-01 
 -2.99474911e+00   9.62425161e+00   2.24719616e+00 
 -5.83068703e+00   9.15443648e+00  -2.34324276e-01 
 -8.85603543e-01   1.07557926e+01  -2.08921634e+00 
 -1.53024094e+00   7.23185980e+00  -3.51211868e+00 
 -2.60575346e+00   8.82139493e+00  -6.79634850e+00 
  8.47811296e-01   1.03947360e+01  -7.41614766e+00 
  3.04255196e+00   1.00468071e+01  -3.22757526e+00 
  4.49992675e+00   7.46207866e+00  -8.72925717e-01 
  7.79768331e+00   6.49924701e+00   6.87192148e-01 
  8.02649668e+00   2.98707626e+00   2.21326024e+00 
  1.14675143e+01  -1.84940121e+00   4.13235664e+00 
  4.26060984e+00   1.52209757e-01  -6.03547357e+00 
  2.05065742e+00  -9.84641959e-01  -3.19542438e+00 
  2.57731661e+00  -4.77525097e+00  -2.69196064e+00 
 -1.09624306e+00  -5.40899611e+00  -2.04327142e+00 
 -4.15630914e+00  -4.45170886e+00  -4.11816043e+00 
 -4.72922116e+00  -1.88680117e+00  -5.44348704e+00 
 -1.04268143e+00  -2.11973979e+00  -6.32086611e+00 
 -8.19225443e-01   1.55218216e+00  -7.29063639e+00 
  2.50221829e+00   2.70590493e+00  -8.57592278e+00 
  3.09222555e+00   5.45712210e+00  -6.14231282e+00 
  6.00022339e+00   4.30870314e+00  -4.02333263e+00 
  1.09944155e+01   2.12586732e+00  -1.95542229e+00 
  1.37669507e+01   2.52910496e+00   5.90213176e-01 
  1.51615790e+01  -9.23688157e-01   1.46030729e+00 

   1.126865340267e+00 

  1.14806571e+00  -4.99028168e+00   4.14579562e+00 
  1.60036861e+00  -6.15013488e+00   4.88422602e+00 
  5.42799551e-01  -7.06586406e+00   5.49795808e+00 
 -3.09023771e-01  -7.10114534e+00   4.25067325e+00 
 -8.35520393e-01  -5.94049886e+00   3.98748305e+00 
 -1.18083490e-01  -4.74734224e+00   4.39878830e+00 
  2.57598523e+00  -6.85913387e+00   4.59599494e+00 
  3.37514827e-01  -7.95645085e+00   3.19908137e+00 
 -8.84489649e-01  -3.12006694e+00   4.45962847e+00 
 -1.89714819e+00  -3.15295389e+00   3.02786634e+00 
 -9.02304609e-01  -3.25276635e+00   1.90651429e+00 
 -2.32013374e-01  -4.32902003e+00   1.95323249e+00 
 -2.56393004e-01  -1.94812841e+00   1.69669247e+00 
 -2.01617416e-01  -9.40758527e-01   2.64861238e+00 
 -8.06087677e-02   4.05721530e-01   2.30477159e+00 
  3.47091238e-04   7.86708749e-01   9.97879126e-01 
 -4.10246961e-01  -1.87457655e-01   1.41020029e-01 
 -1.83512646e-01  -1.50868362e+00   4.14632003e-01 
  1.59179135e-01   2.40142955e+00   4.02901654e-01 
 -2.48073723e-01   2.51486703e+00  -1.01912671e+00 
  1.55335801e+00   2.90004820e+00   3.17273914e-01 
 -7.27096290e-01   3.48038008e+00   1.37707867e+00 
 -3.40407064e+00   4.08474776e+00   1.38051372e+01 
  1.20725657e+01   6.49496834e-01   9.35739667e+00 
  9.95471788e+00   3.77713108e+00   9.92288887e+00 
  7.45018670e+00   7.41165101e+00   1.88598612e+00 
  5.70456059e+00   9.80143295e+00   1.38117926e+00 
 -1.00636487e+01  -2.48688342e+00   7.34420798e+00 
 -1.00709816e+01   7.95763966e-02   1.00662201e+01 
 -7.49868566e+00   2.34579041e+00   8.49537977e+00 
 -9.09251186e+00   3.10912960e+00   5.10518642e+00 
 -1.14647053e+01   1.34787065e+00   2.68798882e+00 
 -1.00855633e+01  -9.52669057e-01   1.42167376e-02 
 -1.17492700e+01  -1.84982805e+00  -3.28986425e+00 
 -1.01307156e+01  -5.28731375e+00  -4.14638046e+00 
 -4.60527357e+00  -5.82862169e+00  -6.39452766e+00 
 -6.54702274e+00  -3.00206138e+00  -4.60645815e+00 
 -7.08213102e+00   8.18570157e-01  -4.48826941e+00 
 -7.78165612e+00   2.99003688e+00  -1.41163551e+00 
 -7.60139479e+00   6.64600513e+00  -3.45325618e-01 
 -5.77361633e+00   7.84379943e+00  -4.24449948e+00 
 -3.37988272e+00   4.79424947e+00  -4.28598956e+00 
 -3.72645263e+00   2.06962456e+00  -6.94959028e+00 
 -1.65690872e+00  -8.49739409e-01  -5.59820874e+00 
  1.29868274e-01  -3.23001212e+00  -8.01509414e+00 
  2.55387550e+00  -6.21085875e+00  -7.46171587e+00 
  5.30217319e+00  -7.51838445e+00  -9.74322237e+00 
  1.56580881e+00  -1.00798073e+01  -3.18913945e+00 
  3.16428438e+00  -1.15220385e+01  -6.08799721e-02 
  6.37324157e+00  -9.06898858e+00  -3.82177159e+00 
  6.50505190e+00  -6.89233659e+00  -6.43228374e-01 
  9.82825617e+00  -8.51138428e+00   2.53729440e-01 
  1.15771818e+01  -7.17661942e+00  -2.90005916e+00 
  8.01189708e+00  -5.73522336e+00  -5.67371796e+00 
  5.33136448e+00  -3.06621193e+00  -5.87432434e+00 
  4.25195658e+00  -2.07134829e-01  -8.08718551e+00 
  1.81571921e+00   2.33331026e+00  -6.56161602e+00 
 -7.38895026e-01   8.02440487e+00  -6.54790983e+00 
  7.88624635e+00   2.39122512e+00   7.46292000e-01 
  4.45113655e+00   1.43390450e+00   1.98150673e+00 
  2.94368498e+00   4.46232110e+00   3.84048092e+00 
  1.40719885e+00   2.30228365e+00   6.54063418e+00 
  3.01252995e+00  -3.45892266e-01   8.77569961e+00 
  4.90632612e+00  -2.46704269e+00   8.01556978e+00 
  6.39685522e+00   3.38129393e-01   5.93613815e+00 
  8.45420006e+00  -2.04564045e+00   3.80109127e+00 
  1.06698350e+01  -4.50515607e-01   1.23954429e+00 
  9.35194060e+00  -2.19552195e+00  -1.77008831e+00 
  7.61718016e+00   4.79427933e-01  -3.79507920e+00 
  6.03834621e+00   5.34944223e+00  -6.58309594e+00 
  4.34728071e+00   6.78985098e+00  -9.64826078e+00 
  2.77521804e+00   1.01528929e+01  -8.73046335e+00 

   1.126865265182e+00 

