 -1.29281412e+00   3.43984163e-01   1.65708723e-01 
 -9.07520653e-01   1.09614315e+00   3.08422275e+00 
 -2.21260235e-01  -1.00141269e+00   1.76002264e+00 
 -5.69869355e-01   3.78567016e-01   1.62665943e+00 
  8.34936672e-01   9.35836682e-01   1.36325142e+00 
 -3.68273412e-01   1.79186399e-02  -7.53357722e-01 
 -2.19026918e+00  -6.65583682e-01   6.15205898e-02 
 -2.15861660e+00   1.30435709e+00   7.61372638e-02 
 -6.44168812e+00   9.83795105e+00   9.72722032e+00 
 -3.31626207e+00   1.00601742e+01   1.17767428e+01 
  5.15822018e+00   9.17763575e+00  -3.35031374e+00 
  5.76424379e+00   6.49129499e+00  -7.67104075e-01 
  7.20520729e+00   5.60542167e+00   1.70391420e+00 
  1.08717046e+01   6.64776028e+00   1.33837063e+00 
 -7.07530939e+00   2.93087802e+00   9.90138475e+00 
 -5.57655930e+00  -5.66796067e-01   1.03317591e+01 
 -6.95807172e+00  -5.99619353e+00   6.88757395e+00 
 -6.86209227e+00  -9.78565371e+00   6.51499531e+00 
 -8.59598837e+00  -1.03472137e+01   3.08436271e+00 
 -8.17947591e+00  -1.32065562e+01   6.97763400e-01 
 -1.01811221e+01  -1.47203492e+01  -2.10565698e+00 
 -1.55945210e-02  -1.03254592e+01  -9.20778421e+00 
 -2.80788734e+00  -1.17474191e+01  -7.02955978e+00 
 -2.74796222e+00  -1.13379367e+01  -3.22627132e+00 
 -5.84384304e+00  -9.35867558e+00  -2.15369196e+00 
 -5.09212614e+00  -8.47381273e+00   1.53657269e+00 
 -2.31900217e+00  -7.82417121e+00   4.12237371e+00 
 -2.23636582e+00  -5.22812895e+00   6.94757037e+00 
  3.00514437e-01  -3.54235018e+00   9.26396597e+00 
  1.52316268e+00  -7.70241028e-02   1.02694287e+01 
  6.73901007e+00   3.57384516e+00   7.01232139e+00 
  9.90915529e+00   2.75242331e+00   5.04385845e+00 
  5.71926405e+00  -2.70831638e+00   8.79789906e+00 
  3.71545532e+00  -5.51470953e+00   7.15511042e+00 
  2.19490734e+00  -4.83363466e+00   3.63934996e+00 
  1.08100810e+00  -7.75279774e+00   1.42946462e+00 
 -1.03069606e+00  -6.18114497e+00  -1.29844919e+00 
 -1.14738429e+00  -7.69430811e+00  -4.84535418e+00 
 -2.89685709e+00  -6.44760343e+00  -8.09023053e+00 
 -4.99594341e+00   1.15656840e+00  -8.99349071e+00 
  1.41913752e+00   2.72632941e+00  -1.30742023e+01 
  2.10946242e+00  -1.02179431e+00  -1.28746482e+01 
 -1.21576803e+00  -1.93434711e+00  -1.12736707e+01 
  8.18468853e-03  -3.05299073e+00  -7.88677766e+00 
  2.86727752e+00  -4.86925481e+00  -6.23561079e+00 
  3.27047418e+00  -4.42957188e+00  -2.44153503e+00 
  5.73492794e+00  -6.59928802e+00  -4.65048520e-01 
  6.84403129e+00  -4.66816417e+00   2.67266933e+00 
  8.38559827e+00  -6.61118969e+00   5.61500593e+00 
  9.84367386e+00  -4.94600017e+00   8.69242587e+00 
  5.93217231e+00   4.43060870e+00  -5.61409809e+00 
  2.42728294e+00   4.83574937e+00  -4.34530428e+00 
 -1.47950296e-01   3.81578648e+00  -1.83892766e+00 
  7.49736675e-01   5.16034461e+00   1.62420298e+00 
 -2.76680551e+00   6.08153522e+00   2.53034810e+00 
 -5.25981466e+00   8.30030763e+00   6.18591733e-01 
 -5.92387352e+00   8.18758459e+00  -2.25494361e+00 
 -2.09235115e+00   7.93768358e+00  -2.53466907e+00 
 -2.26934274e+00   6.78423578e+00  -6.16249891e+00 
  1.04724082e+00   6.19382989e+00  -7.85600835e+00 
  4.57023458e-01   2.67674671e+00  -8.94010970e+00 
  2.83417983e+00   5.94708484e-01  -6.87711540e+00 
  5.98745051e+00  -1.29077490e+00  -7.49017999e+00 
  7.32620801e+00  -1.58524184e+00  -3.89879438e+00 
  9.22055660e+00  -4.72513889e+00  -2.93228066e+00 
  1.08972671e+01  -4.16234075e+00   4.53651426e-01 
 -8.20761036e-01   4.78273434e+00   1.16830109e+01 
  2.36628412e+00   5.33953448e+00   9.58137755e+00 
  3.18197845e+00   8.03423210e+00   7.01688313e+00 
  6.66687658e+00   9.57547083e+00   7.26373795e+00 
  9.30755396e+00   9.19078449e+00   4.51821138e+00 
  8.68322815e+00   1.12890729e+01   1.36964741e+00 

   2.415539574084e+00 

  8.73697919e-01   7.23273572e-01   3.53216836e-01 
  1.69012379e+00  -2.12297066e+00   1.03458379e+00 
  1.80432862e-01  -1.18205856e+00  -8.25447805e-01 
  7.28764513e-01  -8.96920343e-01   4.63616454e-01 
 -5.37993397e-01  -1.12799663e+00   1.29748777e+00 
 -3.58755458e-01   1.25011679e+00   2.56924180e-01 
  1.45725591e+00   1.10793779e+00  -8.07387098e-01 
  1.82698498e+00   1.13736408e+00   1.12763660e+00 
  1.08226431e+01  -6.15824988e+00   8.21018437e+00 
  8.72113094e+00  -9.16724562e+00   8.95032272e+00 
 -4.49490231e+00   1.99364744e+00   1.04317058e+01 
 -4.68465215e+00  -7.10838701e-01   7.80370024e+00 
 -5.31823994e+00  -3.55375327e+00   7.10837159e+00 
 -8.59438541e+00  -4.46953619e+00   8.86663982e+00 
  1.00834748e+01  -6.28901280e+00   1.31264870e+00 
  8.16271556e+00  -7.31403446e+00  -1.83778184e+00 
  7.14030328e+00  -3.75489701e+00  -7.27253653e+00 
  6.16520403e+00  -3.54413230e+00  -1.09485119e+01 
  6.44276265e+00   2.59943699e-01  -1.16853649e+01 
  4.65692885e+00   2.26895820e+00  -1.42968466e+01 
  5.20832707e+00   5.55371154e+00  -1.60471831e+01 
 -5.69985184e+00   8.75507198e+00  -9.42478603e+00 
 -2.66708993e+00   7.65696197e+00  -1.14644038e+01 
 -1.31236216e+00   4.08731050e+00  -1.12223893e+01 
  2.29193301e+00   4.22422642e+00  -9.94071479e+00 
  3.06882908e+00   5.30690321e-01  -9.09198791e+00 
  1.56248254e+00  -2.84487396e+00  -8.02657558e+00 
  2.99184055e+00  -5.44682104e+00  -5.59453787e+00 
  1.81475593e+00  -8.45880439e+00  -3.54863266e+00 
  1.73879335e+00  -9.73359430e+00   4.07195349e-02 
 -3.44411239e+00  -8.41475924e+00   4.78843693e+00 
 -7.19782009e+00  -7.70732010e+00   4.69565049e+00 
 -3.14234655e+00  -9.90111688e+00  -1.64533347e+00 
 -2.44204647e+00  -7.73753407e+00  -4.71426417e+00 
 -2.14124863e+00  -3.89444595e+00  -4.18824601e+00 
 -2.47620138e+00  -1.51544230e+00  -7.16717637e+00 
 -1.18119201e+00   1.82217203e+00  -5.92050806e+00 
 -2.61496631e+00   5.14139204e+00  -7.26619882e+00 
 -1.89699561e+00   8.82683090e+00  -6.24335538e+00 
  1.22880145e+00   1.06181560e+01   8.32379119e-01 
 -5.75538803e+00   1.22297877e+01   3.81455302e+00 
 -7.06663164e+00   1.16976084e+01   2.70229802e-01 
 -3.64568993e+00   1.13408375e+01  -1.34931072e+00 
 -3.80736325e+00   7.71040640e+00  -2.35643526e+00 
 -6.21141086e+00   5.11163137e+00  -3.64736614e+00 
 -5.16814113e+00   1.43097593e+00  -3.30786165e+00 
 -7.16793277e+00  -1.34354315e+00  -5.03719003e+00 
 -6.70208738e+00  -4.61651048e+00  -3.06861294e+00 
 -7.47446279e+00  -7.96497774e+00  -4.80075753e+00 
 -7.40229846e+00  -1.13112835e+01  -3.02132384e+00 
 -6.94227719e+00   3.71032560e+00   6.03609894e+00 
 -3.20953889e+00   3.76378878e+00   5.68676720e+00 
 -1.80618760e-01   2.29342157e+00   4.06882488e+00 
  4.75191512e-01  -1.22608765e+00   5.40670381e+00 
  4.19510292e+00  -8.14892565e-01   5.57681481e+00 
  6.25343773e+00   1.91040937e+00   7.34566902e+00 
  5.83569591e+00   4.82997356e+00   7.23376389e+00 
  2.18022825e+00   3.74039145e+00   7.75494290e+00 
  8.45284875e-01   7.16641836e+00   6.75335268e+00 
 -2.90034389e+00   7.57147076e+00   6.90327795e+00 
 -3.44118693e+00   8.69651449e+00   3.39111739e+00 
 -5.31333559e+00   5.87407052e+00   1.72661432e+00 
 -8.79101349e+00   5.28948907e+00   5.27434310e-01 
 -8.82172828e+00   1.45004791e+00   3.40937104e-01 
 -1.08460119e+01  -2.05776246e-01  -2.40536608e+00 
 -1.10865733e+01  -3.94791117e+00  -1.67653677e+00 
  5.34923554e+00  -1.01004550e+01   4.27623194e+00 
  1.80894047e+00  -9.23636821e+00   5.54264835e+00 
  7.05265824e-01  -7.04806805e+00   8.45754609e+00 
 -2.09114104e+00  -8.45960251e+00   1.06412467e+01 
 -5.54412427e+00  -6.82701262e+00   1.09070169e+01 
 -5.65248639e+00  -3.60311406e+00   1.29808509e+01 

   2.415539574084e+00 

 -2.54816469e+00  -2.18406431e+00  -1.18661308e+00 
 -4.08403238e+00  -2.88817890e-01  -2.99798544e+00 
 -4.02534057e+00  -5.24467251e-01  -4.35716038e-01 
 -3.29544380e+00  -8.05272006e-01  -1.63240207e+00 
 -2.22728375e+00   2.87868595e-01  -1.50014858e+00 
 -1.69379737e+00  -1.89608764e+00  -1.90167752e-01 
 -3.39971165e+00  -3.06484803e+00  -6.08170509e-01 
 -2.29323850e+00  -2.90830942e+00  -2.23085194e+00 
 -6.21808302e+00  -9.97345226e-01  -1.50859732e+01 
 -6.31977206e+00   2.74492186e+00  -1.51435066e+01 
  7.54386037e+00   2.02253263e+00  -4.71750960e+00 
  4.41191364e+00   3.71806335e+00  -3.46341679e+00 
  2.70635519e+00   6.17738816e+00  -3.36406621e+00 
  5.03015932e+00   9.17267804e+00  -2.82418883e+00 
 -1.04710361e+01  -1.87366777e+00  -9.67451165e+00 
 -1.21404092e+01  -5.90141297e-01  -6.47592583e+00 
 -1.32467791e+01  -3.89695902e+00  -9.00062952e-01 
 -1.50628037e+01  -4.24402529e+00   2.43004737e+00 
 -1.35918943e+01  -7.54234519e+00   3.86130434e+00 
 -1.32997627e+01  -8.60835390e+00   7.44229061e+00 
 -1.29243617e+01  -1.18667590e+01   9.28598062e+00 
 -1.23071485e+00  -6.64146176e+00   1.22939884e+01 
 -4.72774152e+00  -7.97157458e+00   1.15422337e+01 
 -7.22701782e+00  -5.91351748e+00   9.50402637e+00 
 -8.13919244e+00  -7.86755937e+00   6.34142667e+00 
 -1.00118858e+01  -5.25004948e+00   4.19485370e+00 
 -1.04038621e+01  -1.50179858e+00   3.42311072e+00 
 -1.09602770e+01   2.01351428e-01   2.93395239e-02 
 -1.06714380e+01   3.67227716e+00  -1.55576193e+00 
 -8.96478439e+00   5.45155587e+00  -4.46020845e+00 
 -2.46243191e+00   8.42065577e+00  -4.24453210e+00 
 -2.22848642e-01   1.00428133e+01  -1.60781584e+00 
 -7.68678013e+00   8.09394808e+00  -2.08052088e-01 
 -8.87696144e+00   5.35840788e+00   2.17734823e+00 
 -6.56200880e+00   2.27429445e+00   2.69284741e+00 
 -7.04694922e+00  -6.15028946e-03   5.72769212e+00 
 -5.04081768e+00  -3.12785431e+00   4.95225620e+00 
 -3.36866044e+00  -5.16898422e+00   7.76677085e+00 
 -1.02478550e+00  -8.27181008e+00   7.61553530e+00 
  3.04742735e+00  -1.00585142e+01   1.03752325e+00 
  9.46169564e+00  -6.62652819e+00   3.74828966e+00 
  7.49379972e+00  -6.16697318e+00   6.98572638e+00 
  4.48578700e+00  -8.21999506e+00   5.89485524e+00 
  1.89950863e+00  -5.48260698e+00   5.69905257e+00 
  8.36278693e-01  -2.30084742e+00   7.41530643e+00 
 -1.50131410e+00   4.64994507e-02   5.47197885e+00 
 -3.15690844e+00   3.03993190e+00   7.20000342e+00 
 -3.89937025e+00   5.73855891e+00   4.55977888e+00 
 -6.49823811e+00   8.46364587e+00   5.35281640e+00 
 -7.20575518e+00   1.14114613e+01   3.07704010e+00 
  6.83267041e+00   1.20791305e+00   4.87160523e-01 
  4.73151208e+00  -1.08954114e+00  -1.60211305e+00 
  1.30962781e+00  -2.03900172e+00  -2.76112423e+00 
 -8.22424440e-02   6.12886195e-01  -5.13539043e+00 
 -1.63630230e+00  -1.85149107e+00  -7.49070414e+00 
 -1.15480589e-02  -4.83246721e+00  -9.29813683e+00 
  1.73808459e+00  -6.90199146e+00  -8.12905985e+00 
  3.34174340e+00  -3.80151860e+00  -6.50529664e+00 
  5.24986991e+00  -5.91387577e+00  -3.97154102e+00 
  7.47884458e+00  -4.00949044e+00  -1.60061962e+00 
  6.05450060e+00  -5.29457283e+00   1.59520796e+00 
  4.35032394e+00  -2.32495133e+00   3.18229054e+00 
  5.00554448e+00  -7.68195331e-02   6.07894398e+00 
  2.77945157e+00   2.91588210e+00   5.14873952e+00 
  1.08170401e+00   4.83768020e+00   7.94266224e+00 
 -3.79159458e-01   8.06410475e+00   6.51133479e+00 
 -8.20653759e+00   4.49367641e+00  -9.90235635e+00 
 -5.09115206e+00   6.14617120e+00  -8.33781817e+00 
 -1.39616400e+00   5.67118878e+00  -9.12828582e+00 
  6.90993953e-01   8.86186642e+00  -9.33856417e+00 
  3.52488150e+00   9.65545512e+00  -6.88940613e+00 
  6.72903229e+00   7.61335655e+00  -7.40835042e+00 

   2.415539574084e+00 

 -4.07117470e-02   2.25055825e+00   2.40298205e+00 
 -6.37236960e-01   3.09007636e+00  -4.55563976e-01 
 -6.69026301e-01   7.83026369e-01   6.84922585e-01 
 -1.34491004e-01   2.10535445e+00   7.81765404e-01 
  1.29750005e+00   1.79768124e+00   3.25528568e-01 
  8.60958784e-01   1.36175906e+00   2.85331928e+00 
 -1.18222887e+00   1.86036798e+00   3.01958418e+00 
 -1.23578305e-01   3.49873721e+00   2.74229836e+00 
 -2.94153084e+00   1.42684064e+01  -5.02839659e+00 
 -1.44502363e+00   1.31010664e+01  -8.25577897e+00 
  1.08615063e+01   5.77791333e+00   1.55973502e+00 
  8.75324182e+00   3.56905385e+00  -6.61261176e-01 
  8.25386341e+00   2.41640425e+00  -3.37955085e+00 
  1.16327068e+01   1.31290869e+00  -4.80398395e+00 
 -7.13214828e+00   8.83026661e+00  -4.02598560e+00 
 -8.07969645e+00   5.16846092e+00  -4.62475889e+00 
 -1.04524794e+01   8.53835109e-01  -2.65487161e-01 
 -1.22243511e+01  -2.42872168e+00   5.04789954e-01 
 -1.22846059e+01  -2.47175112e+00   4.38879602e+00 
 -1.24515910e+01  -5.42581803e+00   6.68896619e+00 
 -1.34843026e+01  -6.03885868e+00   1.02547775e+01 
 -6.60898825e-01  -8.69269486e+00   1.15239064e+01 
 -4.39618150e+00  -8.11192274e+00   1.10005538e+01 
 -5.79715858e+00  -7.26441189e+00   7.54291612e+00 
 -7.47134123e+00  -3.82585303e+00   7.70355384e+00 
 -8.06813390e+00  -2.95888729e+00   3.98087702e+00 
 -6.83611937e+00  -3.50696776e+00   3.78049593e-01 
 -6.63678183e+00  -9.74376957e-01  -2.49844980e+00 
 -4.91092845e+00  -5.66838160e-01  -5.88941460e+00 
 -2.62746808e+00   1.83993474e+00  -7.76226317e+00 
  4.52146767e+00   1.70401052e+00  -7.63226142e+00 
  7.25342646e+00  -9.28167350e-01  -7.17680365e+00 
 -3.23378963e-01  -2.78003095e+00  -7.97072320e+00 
 -2.54832065e+00  -4.31314562e+00  -5.27090092e+00 
 -1.75886246e+00  -3.43759362e+00  -1.56325136e+00 
 -3.14824026e+00  -5.61278825e+00   1.26235220e+00 
 -2.66196039e+00  -3.56842128e+00   4.41750611e+00 
 -1.99806093e+00  -5.27609200e+00   7.81263676e+00 
 -1.19429848e+00  -3.76750193e+00   1.13086734e+01 
  1.69511287e+00   3.58888649e+00   1.20704628e+01 
  8.97556446e+00   9.60631382e-01   1.26678906e+01 
  7.40812599e+00  -2.51901075e+00   1.26625031e+01 
  3.80664239e+00  -1.31202170e+00   1.28222920e+01 
  2.62620712e+00  -2.41701890e+00   9.41553083e+00 
  3.02465350e+00  -5.21094718e+00   6.91857582e+00 
  1.89344798e+00  -4.51977242e+00   3.31391897e+00 
  1.67569477e+00  -7.35710721e+00   7.46855629e-01 
  2.13370504e+00  -5.87782343e+00  -2.77544035e+00 
  9.42486360e-01  -7.90402594e+00  -5.82250829e+00 
  1.54008784e+00  -6.83974707e+00  -9.41131547e+00 
  9.90246712e+00   1.06938656e+00   3.83306008e+00 
  7.01234444e+00   3.42967254e+00   4.19975774e+00 
  3.50430859e+00   4.27989049e+00   3.23804668e+00 
  3.35609022e+00   5.42390059e+00  -4.05608698e-01 
  8.88849591e-01   8.17226656e+00   2.22856242e-01 
  1.08350114e+00   1.10748811e+01   2.73876510e+00 
  1.79577478e+00   1.09247185e+01   5.59901045e+00 
  4.57367912e+00   8.66229138e+00   4.18977965e+00 
  5.41931821e+00   7.27674729e+00   7.63768905e+00 
  8.25993307e+00   4.80016839e+00   7.75492381e+00 
  6.44361578e+00   2.00657133e+00   9.42534693e+00 
  6.17093584e+00  -6.99143812e-01   6.80877431e+00 
  7.73577670e+00  -4.02448373e+00   6.20263965e+00 
  6.98550897e+00  -4.46946739e+00   2.45882864e+00 
  6.28088349e+00  -7.96346934e+00   1.16379500e+00 
  6.31970745e+00  -7.89564424e+00  -2.65543637e+00 
 -2.37980471e+00   7.34834225e+00  -8.60223618e+00 
  1.15162908e+00   5.84497966e+00  -8.21105586e+00 
  4.29061777e+00   7.31641174e+00  -6.63466066e+00 
  7.53373946e+00   6.81317105e+00  -8.58652633e+00 
  1.04508570e+01   4.71628000e+00  -7.26268716e+00 
  1.24816849e+01   6.36174388e+00  -4.45657982e+00 

   2.415539574084e+00 

  3.41700277e+00   5.35705290e-01  -8.14712983e-01 
  2.92019066e+00  -1.58508466e+00  -2.93304867e+00 
  1.91550339e+00  -1.25142902e+00  -5.87099556e-01 
  2.57758031e+00  -5.77452209e-01  -1.65997768e+00 
  1.36811713e+00   1.79048171e-01  -2.22417553e+00 
  2.53978465e+00   1.36754000e+00  -2.27927874e-01 
  4.06978400e+00  -7.25337493e-03   2.41023984e-01 
  4.48138735e+00   8.80103498e-01  -1.46925747e+00 
  9.58605113e+00  -4.47582184e+00  -1.28519989e+01 
  6.40154943e+00  -5.54589432e+00  -1.45049077e+01 
 -4.92159947e-01   8.86204287e+00  -7.69963907e+00 
 -1.94379078e+00   5.51567457e+00  -6.72431829e+00 
 -3.78774993e+00   3.24704556e+00  -7.37255875e+00 
 -7.06954566e+00   4.75458236e+00  -8.64552547e+00 
  8.62675519e+00  -7.88525137e+00  -6.88584366e+00 
  6.34322527e+00  -9.55353771e+00  -4.30369151e+00 
  6.80465211e+00  -9.29280504e+00   2.25134079e+00 
  5.89541504e+00  -1.06696150e+01   5.68437410e+00 
  7.79350329e+00  -8.28072985e+00   8.08884372e+00 
  6.98523747e+00  -7.42180478e+00   1.16461084e+01 
  8.86537381e+00  -6.06265496e+00   1.46083916e+01 
  7.16394267e-01   4.09352076e+00   1.27270500e+01 
  2.88358307e+00   1.00864681e+00   1.33189758e+01 
  2.53612147e+00  -2.10047999e+00   1.11169606e+01 
  5.87461724e+00  -2.74010145e+00   9.35692952e+00 
  4.97515172e+00  -5.40001837e+00   6.69574228e+00 
  2.17454109e+00  -6.81126726e+00   4.46783425e+00 
  2.39575275e+00  -8.07341376e+00   8.50369399e-01 
  8.45209904e-02  -8.82646358e+00  -2.10503645e+00 
 -4.20666426e-01  -7.88919696e+00  -5.76299022e+00 
 -4.32623032e+00  -2.38116028e+00  -8.11899552e+00 
 -7.38599044e+00  -4.22744393e-01  -6.93498703e+00 
 -4.93225034e+00  -6.98350550e+00  -3.41316069e+00 
 -3.45764594e+00  -7.22038073e+00   1.02415850e-01 
 -1.47786189e+00  -4.15192086e+00   1.44461922e+00 
 -8.34184353e-01  -3.77295556e+00   5.19801000e+00 
  1.84005647e+00  -1.10092060e+00   5.48008412e+00 
  1.96818942e+00   1.27340090e+00   8.51817451e+00 
  4.27006060e+00   4.31825643e+00   9.27606241e+00 
  8.10785915e+00   8.14367746e+00   3.47236292e+00 
  2.65395091e+00   1.36578862e+01   3.12884078e+00 
  1.12062566e+00   1.19185979e+01   6.16010977e+00 
  3.97696381e+00   9.46255758e+00   6.67220106e+00 
  2.19898049e+00   6.24960605e+00   5.81418836e+00 
 -1.14662710e+00   4.54882547e+00   6.15158183e+00 
 -1.81903214e+00   1.52851760e+00   3.87638704e+00 
 -4.89444863e+00  -6.92630844e-01   4.42045729e+00 
 -5.84914199e+00  -2.32753909e+00   1.07079186e+00 
 -8.07602253e+00  -5.46596566e+00   1.09087485e+00 
 -9.42276480e+00  -7.10089982e+00  -2.05279014e+00 
 -2.08436675e+00   8.82751286e+00  -2.62798524e+00 
  1.27623498e+00   7.22307234e+00  -3.06427967e+00 
  3.29069327e+00   4.07773905e+00  -3.01033004e+00 
  2.37610644e+00   1.85242254e+00  -5.97991750e+00 
  5.90063413e+00   7.95159332e-01  -6.68394811e+00 
  9.00827940e+00   2.97670767e+00  -7.29733687e+00 
  9.91477309e+00   5.29404645e+00  -5.71017078e+00 
  6.17335006e+00   6.17286729e+00  -5.93531106e+00 
  6.44907299e+00   8.76898157e+00  -3.15914740e+00 
  3.27184585e+00   1.06218003e+01  -2.32934609e+00 
  3.16036486e+00   9.85305105e+00   1.31621326e+00 
  1.80619742e-01   7.57941017e+00   1.75596006e+00 
 -3.23847764e+00   7.87329267e+00   3.20420655e+00 
 -4.96258694e+00   4.87897165e+00   1.51941525e+00 
 -7.60270330e+00   2.98423521e+00   3.47426007e+00 
 -9.44060768e+00   6.23596210e-01   1.09894394e+00 
  2.80373262e+00  -7.37124386e+00  -1.02845409e+01 
  5.14125767e-02  -4.66836372e+00  -1.02269290e+01 
  1.25234954e-01  -1.05654580e+00  -1.14322115e+01 
 -2.92963709e+00   1.09440437e-01  -1.34042921e+01 
 -5.29993054e+00   2.83811717e+00  -1.21413158e+01 
 -3.90629798e+00   6.40560314e+00  -1.23333683e+01 

   2.415539574084e+00 

 -6.79483788e-01  -1.80655011e+00   2.98801112e+00 
 -2.20705822e+00   8.17612378e-01   3.09849162e+00 
 -1.04920298e-01   1.23380472e-01   1.78576238e+00 
 -1.26564402e+00  -3.84153047e-01   2.44817331e+00 
 -2.09093380e+00  -7.39181484e-01   1.20468434e+00 
 -3.91801929e-01  -2.57412627e+00   1.92319031e+00 
  5.24464174e-01  -1.66822504e+00   3.59372019e+00 
 -1.32332214e+00  -2.17752171e+00   4.04999295e+00 
 -1.05402111e+01   4.70430561e+00   1.12610776e+01 
 -1.20825348e+01   6.72424767e+00   8.51166214e+00 
 -9.74384455e+00  -7.32915313e+00  -1.41083847e+00 
 -8.04216466e+00  -4.10520417e+00  -2.39425199e+00 
 -8.21121014e+00  -1.44067348e+00  -3.75026767e+00 
 -1.00610881e+01  -1.94743529e+00  -7.06454571e+00 
 -3.97925037e+00   6.68965240e+00   1.01879238e+01 
 -1.22286488e+00   8.08562117e+00   7.92544547e+00 
  5.05734134e+00   6.16685510e+00   7.56950824e+00 
  8.65589239e+00   6.81998637e+00   6.50560728e+00 
  1.04895520e+01   3.60655035e+00   7.68988198e+00 
  1.36367458e+01   2.08264132e+00   6.34153092e+00 
  1.62728154e+01  -2.82051587e-01   7.61302117e+00 
  1.12535157e+01  -7.95309007e+00  -1.82387547e+00 
  1.27758943e+01  -5.56976075e+00   7.38474138e-01 
  1.14339536e+01  -2.01294498e+00   1.16804008e+00 
  1.01415656e+01  -1.61036358e+00   4.74854848e+00 
  8.20179901e+00   1.73419991e+00   4.61696387e+00 
  6.22112260e+00   4.14516141e+00   2.36689651e+00 
  3.07841945e+00   6.17840713e+00   3.21384938e+00 
  2.61525019e-01   8.04608494e+00   1.41936188e+00 
 -3.54073613e+00   8.13310943e+00   1.19677312e+00 
 -7.51301607e+00   4.19829587e+00  -3.26202633e+00 
 -7.09676983e+00   2.62693184e+00  -6.71990937e+00 
 -1.83250731e+00   7.55666105e+00  -3.64533663e+00 
  1.72047931e+00   6.65408278e+00  -2.57226394e+00 
  2.36086536e+00   3.03497560e+00  -1.29614887e+00 
  5.92451144e+00   1.64593990e+00  -1.16620935e+00 
  5.69559739e+00  -1.47111151e+00   9.79131983e-01 
  8.01739497e+00  -4.48902561e+00   3.58435308e-01 
  8.12391969e+00  -8.00543576e+00   2.02206457e+00 
  1.81683205e+00  -1.09703001e+01   5.82675857e+00 
 -3.28567631e-01  -1.51042952e+01  -3.84277161e-01 
  2.93225428e+00  -1.38910989e+01  -1.95271487e+00 
  4.26415971e+00  -1.22173224e+01   1.19014043e+00 
  4.14195682e+00  -8.61580668e+00   7.90063693e-02 
  4.66863674e+00  -6.44585103e+00  -2.95636508e+00 
  3.21009048e+00  -2.89444667e+00  -2.85115410e+00 
  4.08969275e+00  -3.30229743e-01  -5.56017436e+00 
  1.21765248e+00   2.21548972e+00  -5.83461916e+00 
  1.89012498e+00   5.61886190e+00  -7.50014015e+00 
 -8.11373431e-01   8.18898618e+00  -8.18257809e+00 
 -4.96251161e+00  -8.22023284e+00  -3.55625676e+00 
 -4.72857546e+00  -7.22327596e+00   5.06223615e-02 
 -3.71969411e+00  -4.62357374e+00   2.53613660e+00 
 -6.07003448e+00  -1.61530369e+00   2.35402749e+00 
 -6.22386534e+00  -1.10547044e+00   6.06241881e+00 
 -7.15770903e+00  -3.62134760e+00   8.81762409e+00 
 -6.16349878e+00  -6.38175333e+00   9.13792428e+00 
 -6.87407717e+00  -6.45629352e+00   5.35496477e+00 
 -4.85145951e+00  -9.64994924e+00   4.87278419e+00 
 -4.75749202e+00  -1.10130362e+01   1.35860665e+00 
 -1.05466324e+00  -1.11408433e+01   9.50892594e-01 
 -2.55172700e-01  -8.51955799e+00  -1.64359753e+00 
  8.20536847e-01  -8.50251756e+00  -5.20962758e+00 
 -1.50850506e-01  -4.91957330e+00  -6.20760057e+00 
  2.03439542e+00  -3.08911613e+00  -8.70875743e+00 
  2.25800787e-01   7.90125957e-02  -9.84215128e+00 
 -7.80093731e+00   8.12254127e+00   4.79677579e+00 
 -8.64045317e+00   6.05654608e+00   1.64859809e+00 
 -1.07304237e+01   2.89604478e+00   1.26566365e+00 
 -1.31492999e+01   2.84032152e+00  -1.68845247e+00 
 -1.28070993e+01   3.86378222e-01  -4.60737998e+00 
 -1.38155354e+01  -3.22625514e+00  -3.80863802e+00 

   2.415539574084e+00 

  2.18552367e+00   7.10097438e-01   1.77775096e+00 
  2.99032001e+00   3.17361304e+00   1.91777425e-01 
  7.84336421e-01   1.85089477e+00   2.82621183e-01 
  2.18928538e+00   1.76053243e+00   5.30837061e-01 
  2.57576836e+00   9.22945615e-01  -6.94924937e-01 
  1.72602224e+00  -4.71078631e-01   1.33114274e+00 
  1.28015204e+00   1.04566934e+00   2.72812020e+00 
  3.23338647e+00   8.95804622e-01   2.51764928e+00 
  1.25233393e+01   1.07698073e+01   1.80268050e+00 
  1.24639749e+01   1.13980152e+01  -1.88785393e+00 
  1.01114809e+01  -5.72880199e+00  -3.48831345e+00 
  7.46520391e+00  -3.39619905e+00  -4.83473285e+00 
  6.50923914e+00  -1.63323534e+00  -7.05850643e+00 
  7.11984304e+00  -3.49291282e+00  -1.03497155e+01 
  5.74135932e+00   1.17077084e+01   2.92720566e+00 
  2.11449927e+00   1.17788591e+01   1.70000491e+00 
 -3.24142290e+00   9.58454103e+00   4.82224940e+00 
 -7.02830237e+00   9.49552156e+00   5.22181765e+00 
 -7.51008404e+00   7.07992802e+00   8.22577831e+00 
 -1.04790867e+01   4.94882734e+00   9.05560418e+00 
 -1.18546908e+01   3.28608434e+00   1.21378634e+01 
 -8.87821775e+00  -7.56147180e+00   5.31405556e+00 
 -9.90119489e+00  -4.35713951e+00   7.11663791e+00 
 -9.36949352e+00  -9.28827740e-01   5.50411129e+00 
 -7.01904136e+00   1.12222316e+00   7.72243135e+00 
 -6.09687775e+00   4.13797365e+00   5.48167768e+00 
 -5.67363169e+00   5.36347882e+00   1.85985253e+00 
 -3.00697298e+00   7.71969046e+00   4.22772729e-01 
 -1.53757214e+00   8.71226739e+00  -2.96823778e+00 
  1.80123497e+00   8.88600371e+00  -4.79484435e+00 
  4.72805657e+00   3.56775164e+00  -8.57539570e+00 
  3.48803112e+00   5.78309059e-01  -1.06063981e+01 
 -1.33413503e+00   6.08583569e+00  -7.79898803e+00 
 -3.95291736e+00   5.58585224e+00  -5.06369242e+00 
 -3.22759350e+00   2.91309548e+00  -2.33115195e+00 
 -6.07797425e+00   1.55161448e+00  -1.70694382e-01 
 -4.37454488e+00  -2.34751838e-01   2.70647860e+00 
 -5.98701522e+00  -3.32140631e+00   4.36669468e+00 
 -4.66488240e+00  -5.69913568e+00   7.14923273e+00 
  3.09105244e+00  -6.28107069e+00   8.74682405e+00 
  3.78795027e+00  -1.26670085e+01   4.38749469e+00 
 -4.81439900e-03  -1.24694546e+01   4.01238089e+00 
 -4.82055906e-01  -9.62273569e+00   6.48654156e+00 
 -1.61306506e+00  -6.91761243e+00   4.11512964e+00 
 -3.68067149e+00  -6.39324679e+00   1.00874535e+00 
 -3.15785646e+00  -3.11098104e+00  -9.15909275e-01 
 -5.52086366e+00  -2.10607323e+00  -3.76091484e+00 
 -3.61898283e+00   1.82683615e-01  -6.19998522e+00 
 -5.61973921e+00   2.41856877e+00  -8.60973897e+00 
 -4.02323695e+00   4.53491160e+00  -1.13192828e+01 
  5.23198679e+00  -7.74382260e+00  -2.86524314e+00 
  6.07197300e+00  -5.23138005e+00  -2.11890209e-01 
  5.43519542e+00  -1.84282699e+00   1.22557170e+00 
  6.78960059e+00   8.72184106e-01  -1.09848804e+00 
  8.13080167e+00   3.01758723e+00   1.66451488e+00 
  1.05479755e+01   2.07946318e+00   4.50529855e+00 
  1.04110531e+01  -2.81927151e-01   6.27051071e+00 
  9.72281349e+00  -2.02914452e+00   2.90973426e+00 
  8.47153407e+00  -5.19367870e+00   4.62523431e+00 
  7.45400168e+00  -8.00670170e+00   2.33006346e+00 
  3.99003315e+00  -8.49776464e+00   3.61586499e+00 
  1.72689935e+00  -7.38593134e+00   8.08062796e-01 
 -5.20948803e-01  -9.04592923e+00  -1.65478056e+00 
 -8.39304807e-01  -6.26185004e+00  -4.28624129e+00 
 -4.13672618e+00  -5.88297660e+00  -6.12066927e+00 
 -3.64884047e+00  -3.48587800e+00  -9.05469749e+00 
  6.93956635e+00   1.07325200e+01  -3.65582147e+00 
  7.06169497e+00   7.50896458e+00  -5.77193126e+00 
  9.55722398e+00   4.63250685e+00  -5.73057852e+00 
  1.07048878e+01   3.36708977e+00  -9.14561240e+00 
  9.93111658e+00  -1.58775302e-01  -1.04217904e+01 
  1.19758836e+01  -2.95694027e+00  -8.78006799e+00 

   2.415539574084e+00 

 -1.02739888e-01  -1.24516099e+00  -2.37552296e+00 
 -1.35175741e+00  -4.00342209e+00  -2.62824670e+00 
  1.09057326e+00  -3.26254834e+00  -2.29609188e+00 
 -2.68000164e-01  -2.84884806e+00  -2.13242031e+00 
 -3.66156769e-01  -3.01334436e+00  -6.10342957e-01 
  6.47995878e-01  -7.44098187e-01  -1.37997826e+00 
  6.34143899e-01  -9.66936998e-01  -3.47783947e+00 
 -1.21194724e+00  -7.47842055e-01  -2.82528519e+00 
 -1.24776471e+01  -7.22729808e+00  -6.75096846e+00 
 -1.23204540e+01  -1.01752540e+01  -4.44813109e+00 
 -5.94157662e+00   9.24525327e-01   7.27911865e+00 
 -3.82782744e+00  -2.02152799e+00   6.22579167e+00 
 -3.16284998e+00  -4.92507733e+00   6.53285010e+00 
 -3.10269965e+00  -5.70538281e+00   1.02812898e+01 
 -6.19119702e+00  -8.02741506e+00  -9.57582702e+00 
 -2.60720706e+00  -9.37173860e+00  -9.46177404e+00 
  2.89222455e+00  -6.36215238e+00  -1.14487284e+01 
  6.56036764e+00  -6.51606516e+00  -1.24631604e+01 
  7.39033510e+00  -2.79727185e+00  -1.32199403e+01 
  1.07120195e+01  -1.06851365e+00  -1.30683294e+01 
  1.22285736e+01   2.03931408e+00  -1.45511622e+01 
  1.23225725e+01   5.73620091e+00  -1.92510141e+00 
  1.24484637e+01   4.48226470e+00  -5.52722942e+00 
  1.12414157e+01   9.67992346e-01  -6.43783088e+00 
  8.33536388e+00   1.26837245e+00  -8.91109060e+00 
  6.88746474e+00  -2.31761997e+00  -9.01287581e+00 
  6.43270473e+00  -5.59243423e+00  -7.04630459e+00 
  3.39238175e+00  -7.93263592e+00  -6.95746421e+00 
  1.96152220e+00  -1.07477711e+01  -4.79622502e+00 
 -1.19653588e+00  -1.16732263e+01  -2.87671708e+00 
 -2.54526853e+00  -9.96444001e+00   3.93530378e+00 
 -5.10430869e-01  -9.31209755e+00   7.10284004e+00 
  2.69792528e+00  -1.20574419e+01   4.96992432e-01 
  5.17286002e+00  -1.01903035e+01  -1.73422670e+00 
  4.90968894e+00  -6.31129723e+00  -1.87758532e+00 
  7.84832157e+00  -4.23294247e+00  -3.17787668e+00 
  6.42006154e+00  -7.76571574e-01  -3.79793642e+00 
  8.59290247e+00   2.38168704e+00  -3.36437140e+00 
  7.67864600e+00   6.15619668e+00  -3.61208565e+00 
  1.82932437e-01   8.65347273e+00  -2.82255282e+00 
  1.28497015e+00   1.04637776e+01   4.64590951e+00 
  4.94368971e+00   9.57917971e+00   4.01657696e+00 
  4.57866147e+00   9.10784027e+00   2.61895517e-01 
  5.20382244e+00   5.39594511e+00   3.50121085e-02 
  7.29467549e+00   2.65804216e+00   1.56203536e+00 
  6.15107238e+00  -9.60924011e-01   9.73685735e-01 
  8.39915860e+00  -3.91117552e+00   1.93795944e+00 
  6.18331224e+00  -6.97471845e+00   2.65164876e+00 
  7.76417051e+00  -1.04824802e+01   2.57670922e+00 
  5.90279270e+00  -1.36416571e+01   3.53807723e+00 
 -7.79595273e-01   2.18364559e+00   7.11617066e+00 
 -2.35666814e+00   2.24600638e+00   3.71511517e+00 
 -2.62405150e+00   6.61950931e-01   3.42675588e-01 
 -4.41570043e+00  -2.70529883e+00   5.84699336e-01 
 -6.40085484e+00  -2.23720717e+00  -2.55788116e+00 
 -8.71677004e+00   6.68517007e-01  -3.55093797e+00 
 -8.15145992e+00   3.55892587e+00  -3.35898209e+00 
 -6.85273311e+00   2.48265448e+00   1.01683902e-01 
 -5.01586140e+00   5.78135144e+00   6.18808514e-01 
 -3.22038037e+00   6.15609087e+00   3.91306079e+00 
  1.69073380e-01   6.93285542e+00   2.57076927e+00 
  2.29287391e+00   3.94257873e+00   3.45926106e+00 
  5.02457580e+00   3.20598457e+00   5.88191365e+00 
  4.86023678e+00  -6.33743523e-01   5.96262265e+00 
  8.09338534e+00  -2.56834478e+00   6.39358340e+00 
  7.25714386e+00  -6.22583340e+00   7.11199345e+00 
 -6.68781593e+00  -1.15909046e+01  -3.85063266e+00 
 -5.91433099e+00  -1.06498517e+01  -1.89992502e-01 
 -7.66815713e+00  -8.20483508e+00   2.14439641e+00 
 -8.25924856e+00  -9.43229098e+00   5.71158466e+00 
 -6.60211001e+00  -7.82129901e+00   8.76407109e+00 
 -8.04349696e+00  -4.41481665e+00   9.77616478e+00 

   2.415539574084e+00 

  2.22257415e+00   3.03551230e+00   2.35035401e+00 
  1.63281656e+00   3.28069448e+00   5.32087418e+00 
  3.38402465e-01   2.13249156e+00   3.41553378e+00 
  1.63067544e+00   2.60243302e+00   3.80648600e+00 
  2.27570126e+00   1.24430001e+00   4.11116559e+00 
  2.34950377e+00   1.92701046e+00   1.60142817e+00 
  1.34162508e+00   3.78000636e+00   1.63960418e+00 
  3.10771779e+00   3.97172778e+00   2.49168494e+00 
  6.48179074e+00   1.08843490e+01   1.36783570e+01 
  5.85095672e+00   8.23449909e+00   1.62471227e+01 
  1.18351227e+01  -2.92538672e+00   4.36982207e+00 
  8.30358629e+00  -3.34140421e+00   5.63940609e+00 
  6.45754412e+00  -4.39241258e+00   7.74999566e+00 
  7.62981521e+00  -7.92381959e+00   8.65456170e+00 
  1.80329875e-01   1.07640164e+01   1.07772230e+01 
 -3.12275220e+00   8.98918138e+00   9.99952942e+00 
 -6.53077196e+00   9.09783428e+00   4.37610158e+00 
 -9.77449967e+00   8.51240991e+00   2.46729457e+00 
 -8.81737841e+00   9.51115716e+00  -1.16277542e+00 
 -1.03386723e+01   8.34567511e+00  -4.38341115e+00 
 -1.05173378e+01   9.61507916e+00  -7.92092646e+00 
 -3.25536372e+00  -1.12913084e+00  -1.01387863e+01 
 -5.54253952e+00   1.84001411e+00  -9.42008199e+00 
 -6.83345843e+00   2.52760637e+00  -5.88497020e+00 
 -5.58499072e+00   5.96934494e+00  -4.76776700e+00 
 -6.38481072e+00   6.01363918e+00  -9.83002843e-01 
 -6.87256413e+00   3.85430332e+00   2.16310312e+00 
 -5.76934086e+00   4.58372163e+00   5.76571991e+00 
 -5.21238643e+00   2.72115634e+00   9.06177093e+00 
 -2.50946659e+00   2.09925352e+00   1.16736228e+01 
  2.30316716e+00  -3.18640731e+00   1.14662483e+01 
  2.48874510e+00  -6.73637869e+00   1.00652968e+01 
 -4.14765996e+00  -2.56315604e+00   1.01654368e+01 
 -5.99568529e+00  -1.22222032e+00   7.10332313e+00 
 -3.87936076e+00  -3.08754351e-01   3.96911650e+00 
 -5.56298565e+00   4.61290120e-02   5.50733428e-01 
 -3.00172777e+00   1.78139678e+00  -1.64008935e+00 
 -2.81658936e+00   1.07322642e+00  -5.42796902e+00 
 -3.14476625e-01   2.32328154e+00  -8.13369337e+00 
  6.87626109e+00   5.05576358e+00  -6.16587617e+00 
  1.02012398e+01  -1.78501330e+00  -7.72083869e+00 
  6.75709351e+00  -2.84086110e+00  -8.98093517e+00 
  5.16918369e+00   5.99287893e-01  -8.66955674e+00 
  2.70947691e+00  -9.71273758e-02  -5.89731642e+00 
  4.13619644e-01  -2.78784513e+00  -4.59783327e+00 
 -8.39076232e-01  -2.43379451e+00  -9.84482928e-01 
 -3.60295876e+00  -4.71868615e+00   3.67524075e-01 
 -3.21318028e+00  -5.00833385e+00   4.18443380e+00 
 -6.21376427e+00  -6.18881834e+00   6.28492747e+00 
 -6.02969570e+00  -6.86004499e+00   1.00111759e+01 
  8.56969664e+00  -4.62806022e+00   5.36301102e-01 
  8.30830296e+00  -9.26523501e-01   1.07344676e+00 
  6.24388029e+00   1.93596789e+00   2.29752857e+00 
  5.95967967e+00   1.84721334e+00   6.10781792e+00 
  6.32052424e+00   5.55096182e+00   6.54117502e+00 
  9.09968402e+00   7.88113621e+00   5.26077807e+00 
  1.02392178e+01   7.98785303e+00   2.54030747e+00 
  1.02151256e+01   4.16682130e+00   3.00977168e+00 
  1.07578971e+01   3.54279806e+00  -7.10297048e-01 
  1.10342202e+01  -7.37491593e-02  -1.74010846e+00 
  8.33204670e+00  -8.96978595e-02  -4.30750212e+00 
  5.60746686e+00  -2.26362064e+00  -2.86098026e+00 
  4.24390627e+00  -5.66631057e+00  -3.52159775e+00 
  2.43856513e+00  -6.34516101e+00  -1.96400236e-01 
 -7.68679789e-01  -8.36763444e+00  -2.65970670e-01 
 -1.70634438e+00  -9.31863144e+00   3.31299923e+00 
  1.19634947e+00   5.19107767e+00   1.44695118e+01 
  2.68002885e+00   1.75395442e+00   1.35372967e+01 
  6.24005875e+00   7.85993231e-01   1.25925097e+01 
  7.58997049e+00  -2.39959852e+00   1.42082488e+01 
  8.49675893e+00  -5.52686505e+00   1.21940453e+01 
  1.17458315e+01  -5.26274222e+00   1.01741892e+01 

   2.415539574084e+00 

 -7.58686928e-02  -1.94046721e+00   1.78067677e+00 
  2.28534008e+00  -4.84428766e-01   3.02025877e+00 
  1.76316434e+00  -1.11695490e+00   5.80700819e-01 
  1.16952916e+00  -8.91334263e-01   1.86146257e+00 
  5.51403625e-01   4.83837963e-01   1.57820401e+00 
 -9.11804689e-01  -1.52713387e+00   8.13131454e-01 
  3.10987652e-01  -3.16275459e+00   1.34265427e+00 
 -4.11228550e-01  -2.32383414e+00   2.97253108e+00 
  5.81749159e+00   1.42283908e-01   1.47806486e+01 
  7.24672520e+00   3.51901860e+00   1.40235701e+01 
 -7.36889586e+00   6.30346551e+00   5.07627776e+00 
 -4.06539451e+00   6.44857828e+00   3.25350937e+00 
 -1.63428990e+00   8.02553501e+00   2.49851501e+00 
 -2.79807508e+00   1.15354840e+01   1.50395142e+00 
  8.61999461e+00  -3.19031363e+00   9.37886763e+00 
  1.01358130e+01  -3.20211938e+00   5.86214284e+00 
  9.14789698e+00  -7.58680613e+00   1.06132115e+00 
  1.02012335e+01  -9.16030797e+00  -2.24361599e+00 
  7.45957893e+00  -1.18522655e+01  -2.81604930e+00 
  6.27471131e+00  -1.33272880e+01  -6.05110349e+00 
  4.49639707e+00  -1.64673191e+01  -7.11652611e+00 
 -4.89479601e+00  -7.81538502e+00  -1.02855556e+01 
 -2.02606408e+00  -1.02165832e+01  -9.53179476e+00 
  1.31605760e+00  -8.93708568e+00  -8.17924946e+00 
  1.93970026e+00  -1.05160644e+01  -4.74846600e+00 
  4.91813515e+00  -8.47235914e+00  -3.36343591e+00 
  6.72456958e+00  -5.07703918e+00  -3.44837453e+00 
  8.35114638e+00  -3.15418544e+00  -5.52708497e-01 
  9.55296041e+00   3.85530157e-01   2.65433636e-01 
  9.04445905e+00   3.14783437e+00   2.83942093e+00 
  4.06354084e+00   8.26696011e+00   2.48212035e+00 
  2.17604171e+00   1.01353680e+01  -2.64841586e-01 
  8.16373853e+00   5.30405196e+00  -1.77267429e+00 
  7.93443127e+00   1.95574786e+00  -3.59644079e+00 
  4.62713689e+00  -6.53411935e-02  -3.25953770e+00 
  3.81084183e+00  -2.84491335e+00  -5.76024138e+00 
  9.68941428e-01  -4.79496909e+00  -4.18170240e+00 
 -1.72029195e+00  -6.50466849e+00  -6.35627492e+00 
 -4.96087164e+00  -8.41730750e+00  -5.36400202e+00 
 -8.36565181e+00  -7.37568756e+00   1.73303761e+00 
 -1.34755498e+01  -2.29732493e+00  -1.15984957e+00 
 -1.19821696e+01  -3.17825512e+00  -4.55964064e+00 
 -9.77017164e+00  -5.99439749e+00  -3.28314291e+00 
 -6.38335808e+00  -4.44615727e+00  -3.87720871e+00 
 -4.53156265e+00  -2.24718489e+00  -6.31338465e+00 
 -1.25033728e+00  -6.59722094e-01  -5.10325182e+00 
  1.07963309e+00   1.14225812e+00  -7.55515002e+00 
  3.11777703e+00   3.77123084e+00  -5.62147616e+00 
  6.36347548e+00   5.13362100e+00  -7.17661481e+00 
  8.40302838e+00   7.93991054e+00  -5.64876762e+00 
 -7.78227608e+00   4.39947698e+00   1.30377257e-01 
 -6.34408905e+00   1.87477977e+00   2.50013425e+00 
 -3.34864720e+00  -8.17080028e-02   3.57417240e+00 
 -7.67623796e-01   2.21390117e+00   5.20985238e+00 
  1.46370807e-01  -2.10457542e-01   7.91593049e+00 
 -2.13880527e+00  -1.99910061e+00   1.04401302e+01 
 -4.66271537e+00  -3.42266951e+00   9.87958105e+00 
 -5.28720318e+00  -2.75083725e-01   7.75261626e+00 
 -8.17734391e+00  -1.91228217e+00   5.88457318e+00 
 -9.91511170e+00   2.54600723e-01   3.33485526e+00 
 -9.53567459e+00  -2.00151553e+00   3.92156952e-01 
 -7.14816001e+00  -2.15323565e-01  -1.92106449e+00 
 -7.39048434e+00   1.57996031e+00  -5.17563765e+00 
 -4.13538372e+00   3.62266818e+00  -5.08237673e+00 
 -2.30637204e+00   4.25046996e+00  -8.34462136e+00 
  4.00532284e-01   6.88081139e+00  -7.75588656e+00 
  8.82163656e+00   3.49752385e+00   8.40157092e+00 
  6.29746952e+00   5.90835529e+00   6.75821511e+00 
  2.83747857e+00   7.00674064e+00   7.90947372e+00 
  2.07393055e+00   1.07340455e+01   7.58534136e+00 
 -6.27678396e-01   1.21050689e+01   5.24425596e+00 
 -4.23099512e+00   1.15455411e+01   6.43130662e+00 

   2.415539574084e+00 

