  5.21663524e+00  -3.14000207e+00   3.55110040e+00 
  4.65318845e+00  -2.00709340e+00   2.95469162e+00 
  4.94898491e+00  -6.84132870e-01   3.30843910e+00 
  6.18933062e+00  -7.31880418e-01   3.97107808e+00 
  6.76979142e+00  -1.81625291e+00   4.66721625e+00 
  6.10556680e+00  -2.98958632e+00   4.57496572e+00 
  3.94930105e+00   2.58111383e-01   3.84924446e+00 
  2.66990669e+00   1.19161897e-01   3.60789239e+00 
  2.15869943e+00  -3.08214664e-01   4.80938711e+00 
  2.93372159e+00  -5.74085523e-01   5.87869412e+00 
  3.99091723e+00   2.85327930e-01   5.35682794e+00 
  4.98328093e+00   9.37222565e-01   5.80217450e+00 
  2.28748904e+00   6.95542700e-01   2.32871523e+00 
  1.99624991e+00   8.52837206e-02   1.17948450e+00 
  1.23936807e+00   7.04479391e-01   1.90067953e-01 
  8.58329042e-01   1.99526579e+00   1.74220169e-01 
  1.29275705e+00   2.68548256e+00   1.25896334e+00 
  2.02139956e+00   2.07284803e+00   2.27214045e+00 
  4.85741544e-02   2.54757678e+00  -1.24038846e+00 
 -1.37546127e+00   2.15495038e+00  -1.27906921e+00 
  5.43910321e-01   1.79597507e+00  -2.41598403e+00 
  1.65644879e-01   4.21505705e+00  -1.57071584e+00 
  3.57253634e+00  -9.34952556e-01   7.13154837e+00 
  3.14542825e+00  -2.17477233e+00   5.75935038e+00 
  4.44179448e+00  -4.26096781e+00   3.70511565e+00 
  2.25937770e+00   1.46253991e+01   5.49572230e+00 
 -1.00365783e+01   8.02902513e+00   6.51671909e+00 
 -8.82603540e+00   5.15053802e+00  -2.07491070e+00 
 -8.01741405e+00   6.76981510e+00  -4.46456625e+00 
  1.10137111e+01   7.44437639e+00   3.93574877e+00 
  1.00383558e+01   1.10514448e+01   4.03399325e+00 
  6.83830522e+00   1.06781877e+01   2.07537041e+00 
  8.10213217e+00   9.02891865e+00  -1.11490986e+00 
  1.09668747e+01   6.76241639e+00  -2.16405706e+00 
  1.05439358e+01   3.01204533e+00  -2.12263580e+00 
  1.24807814e+01   5.31555710e-01  -4.27241710e+00 
  1.23139669e+01  -2.78430852e+00  -2.32469919e+00 
  1.24919650e+01  -6.34497564e+00  -3.40110816e+00 
  9.85445930e+00  -1.11565797e+01  -8.93929497e-01 
  5.91380674e+00  -7.92258433e+00  -5.08403684e+00 
  7.36438263e+00  -6.22123685e+00  -1.99201132e+00 
  8.11537601e+00  -2.59288391e+00  -3.20969362e+00 
  7.17340440e+00   1.47453062e-01  -5.71216803e+00 
  6.97842715e+00   3.92123400e+00  -5.16499566e+00 
  5.49976746e+00   6.98214605e+00  -6.90246741e+00 
  3.41441543e+00   4.46992374e+00  -9.96386659e+00 
  2.30154313e+00   1.86005812e+00  -7.34340104e+00 
  3.63300009e+00  -1.71666361e+00  -7.35484143e+00 
  2.77407075e+00  -3.16040878e+00  -3.93169744e+00 
  2.01029534e+00  -6.89886764e+00  -3.53842985e+00 
  8.00160711e-01  -9.07847751e+00  -5.78701325e-01 
 -1.26596485e+00  -1.22524649e+01  -5.53201375e-01 
  9.97369055e-01  -1.52388477e+01   2.18166106e-01 
  3.04207626e+00  -8.38385459e+00   4.77734582e+00 
  2.11859623e+00  -7.29063260e+00   8.29854760e+00 
 -1.76303995e+00  -9.26138907e+00   4.88780117e+00 
 -2.68328286e+00  -5.58754422e+00   5.67156836e+00 
 -5.21198660e+00  -6.82472407e+00   8.22665382e+00 
 -7.29216041e+00  -8.70905292e+00   5.59585876e+00 
 -4.46879897e+00  -8.87554659e+00   1.77446187e+00 
 -2.90041517e+00  -6.59519775e+00  -8.23413721e-01 
 -2.93114931e+00  -6.08326515e+00  -4.57358688e+00 
 -1.59456263e+00  -2.69836252e+00  -5.82204165e+00 
 -9.95370267e-01  -2.17074208e+00  -9.60045146e+00 
 -1.31956161e+00   1.59815937e+00  -1.03477813e+01 
 -7.43000630e+00   1.01101795e+00   6.68203651e-01 
 -3.86498271e+00   2.21060424e+00   1.24000580e+00 
 -3.59345412e+00   5.87909872e+00   1.70896198e-01 
 -1.47595194e+00   6.93877978e+00   3.03830308e+00 
 -1.96372004e+00   6.36814222e+00   6.79570375e+00 
 -2.86326316e+00   3.91827802e+00   8.17931721e+00 
 -5.36715920e+00   3.88043229e+00   5.24850341e+00 
 -6.27770844e+00   2.41008805e-01   5.92597688e+00 
 -8.97577861e+00  -1.17844514e+00   3.65243805e+00 
 -6.97097938e+00  -4.10623213e+00   2.46196459e+00 
 -6.33085089e+00  -3.42580181e+00  -1.18960726e+00 
 -6.64178655e+00  -1.92861178e+00  -6.83619451e+00 
 -5.54661199e+00  -2.77627286e+00  -1.03521419e+01 
 -5.32720629e+00   4.53044114e-01  -1.23896900e+01 

   6.119383908244e+00 

 -2.57544133e+00   3.69623533e+00   3.35360934e+00 
 -2.90624983e+00   2.43229240e+00   2.85393766e+00 
 -3.80347846e+00   1.54148624e+00   3.45751248e+00 
 -4.60506260e+00   2.32255998e+00   4.31028114e+00 
 -4.29181610e+00   3.55972330e+00   4.91749637e+00 
 -3.12586590e+00   4.12082332e+00   4.52744163e+00 
 -3.41580773e+00   2.07450047e-01   3.95723373e+00 
 -2.37980924e+00  -4.33838289e-01   3.47779225e+00 
 -1.45355715e+00  -3.54040065e-01   4.48935661e+00 
 -1.66857480e+00   3.42836388e-01   5.62200605e+00 
 -3.11240723e+00   2.49684831e-01   5.43420528e+00 
 -4.16229562e+00   3.12622972e-01   6.14262536e+00 
 -2.69985719e+00  -1.15872201e+00   2.25842144e+00 
 -2.39333973e+00  -8.64415821e-01   9.94539151e-01 
 -2.37311351e+00  -1.83514923e+00  -1.69678598e-03 
 -2.80199432e+00  -3.10515761e+00   1.19593759e-01 
 -3.28209140e+00  -3.38235774e+00   1.35832759e+00 
 -3.27808864e+00  -2.43281669e+00   2.37377063e+00 
 -2.80137799e+00  -4.06381633e+00  -1.30968615e+00 
 -1.46054288e+00  -4.57849281e+00  -1.65724607e+00 
 -3.04480938e+00  -3.19595093e+00  -2.48435155e+00 
 -3.91063726e+00  -5.35663808e+00  -1.34800046e+00 
 -1.67929756e+00   1.04204199e+00   6.89438557e+00 
 -9.62435975e-01   1.76166818e+00   5.29102992e+00 
 -1.29386742e+00   4.15675747e+00   3.19189728e+00 
 -9.78636043e+00  -1.23894207e+01   7.52382755e+00 
  3.91358959e+00  -1.41969906e+01   5.33540844e+00 
  2.57136473e+00  -1.13828550e+01  -3.25797724e+00 
  4.60711322e-01  -1.22871162e+01  -5.18510833e+00 
 -1.30432719e+01  -1.49098959e+00   6.40325392e+00 
 -1.42794107e+01  -4.98394634e+00   6.89633218e+00 
 -1.19897692e+01  -6.60303890e+00   4.37602877e+00 
 -1.28065995e+01  -4.61148358e+00   1.23568948e+00 
 -1.40450338e+01  -1.12704227e+00   3.58511621e-01 
 -1.15873150e+01   1.66878788e+00  -2.65049238e-01 
 -1.22265374e+01   4.75539817e+00  -2.40747571e+00 
 -9.77186875e+00   7.39903632e+00  -1.06502765e+00 
 -8.15810416e+00   1.03624917e+01  -2.64058658e+00 
 -2.77203377e+00   1.27904482e+01  -1.42026363e+00 
 -2.44821975e+00   7.75362097e+00  -5.67114399e+00 
 -3.83504043e+00   7.30332010e+00  -2.14505084e+00 
 -6.75844893e+00   4.76694516e+00  -2.62689231e+00 
 -8.13950299e+00   1.92749729e+00  -4.79238552e+00 
 -9.98334221e+00  -1.23277194e+00  -3.70069344e+00 
 -1.09411541e+01  -4.62554139e+00  -5.16566338e+00 
 -8.58725432e+00  -3.88765774e+00  -8.90020518e+00 
 -5.62354266e+00  -2.35160541e+00  -6.95760912e+00 
 -4.66648889e+00   1.32712041e+00  -7.29947352e+00 
 -2.37373958e+00   2.08702986e+00  -4.34889515e+00 
  4.29494827e-01   4.68337153e+00  -4.68797297e+00 
  3.30705208e+00   5.82261694e+00  -2.36484962e+00 
  6.73870142e+00   7.19036953e+00  -3.19956901e+00 
  6.80721552e+00   1.09555683e+01  -2.52521371e+00 
  2.38838019e+00   6.71131456e+00   3.34147897e+00 
  3.32592047e+00   5.37841277e+00   6.77531103e+00 
  6.71697691e+00   4.61823619e+00   2.47333015e+00 
  5.55946892e+00   1.12150692e+00   3.65287823e+00 
  8.85676304e+00   7.15151719e-01   5.50115995e+00 
  1.09532827e+01   9.58209559e-01   2.28488431e+00 
  7.91780437e+00   2.64164678e+00  -9.63819187e-01 
  4.78397176e+00   1.63962753e+00  -2.85691896e+00 
  3.64501272e+00   1.10696616e+00  -6.42705376e+00 
  3.87446145e-01  -8.90588012e-01  -6.87505642e+00 
 -1.26620739e+00  -1.06863906e+00  -1.03603861e+01 
 -3.30689087e+00  -4.33479371e+00  -1.05502933e+01 
  4.43693750e+00  -7.13685005e+00  -9.99597230e-01 
  1.06895293e+00  -6.01150482e+00   3.66285710e-01 
 -1.46239266e+00  -8.85666126e+00  -4.83818265e-02 
 -3.06871623e+00  -8.40277171e+00   3.27463947e+00 
 -1.48404255e+00  -8.12527920e+00   6.75219781e+00 
  9.31891953e-01  -6.62715773e+00   7.55487530e+00 
  2.25400194e+00  -8.13730432e+00   4.26366281e+00 
  5.18407828e+00  -5.69951346e+00   4.19084861e+00 
  7.59178358e+00  -6.18508518e+00   1.28730142e+00 
  7.37450121e+00  -2.67052407e+00   1.88251078e-02 
  5.63190529e+00  -2.94523197e+00  -3.31203393e+00 
  3.71753456e+00  -4.49105633e+00  -8.61937020e+00 
  2.50679670e+00  -3.25685983e+00  -1.19795332e+01 
  3.82458880e-02  -5.80195336e+00  -1.34137525e+01 

   6.119383908244e+00 

  1.58771766e+00  -4.00826561e+00  -1.82250083e+00 
  8.59348894e-01  -2.81410661e+00  -1.81150206e+00 
  5.91027861e-01  -2.02851093e+00  -2.94008553e+00 
  7.55147356e-01  -2.87968430e+00  -4.04841599e+00 
  1.54682474e+00  -4.04620404e+00  -4.14784144e+00 
  2.11566104e+00  -4.46353609e+00  -2.99515977e+00 
  1.06820130e+00  -6.40492680e-01  -3.09937555e+00 
  1.34991050e+00   1.14208428e-01  -2.06715761e+00 
  2.72177250e+00   1.86802404e-01  -2.08441822e+00 
  3.47735781e+00  -4.96182802e-01  -2.96611327e+00 
  2.35231860e+00  -5.96736829e-01  -3.88957096e+00 
  2.16318177e+00  -7.72862604e-01  -5.13105912e+00 
  1.65675592e-01   7.52937121e-01  -1.51546420e+00 
 -5.12794518e-01   4.61312486e-01  -4.05238587e-01 
 -1.33169864e+00   1.39476417e+00   2.21883792e-01 
 -1.67569413e+00   2.60170865e+00  -2.64453095e-01 
 -1.13119018e+00   2.85311144e+00  -1.48187114e+00 
 -2.84270990e-01   1.94440331e+00  -2.10616775e+00 
 -2.82139243e+00   3.50707229e+00   6.46348786e-01 
 -2.22316680e+00   4.17990494e+00   1.81807866e+00 
 -3.74358134e+00   2.57857955e+00   1.33899359e+00 
 -3.74489035e+00   4.64350796e+00  -2.24844511e-01 
  4.47319421e+00  -1.15063665e+00  -3.79554266e+00 
  3.87331854e+00  -1.82129329e+00  -2.12435429e+00 
  2.38968699e+00  -4.30378127e+00  -7.50036937e-01 
 -2.05917822e+00   1.11308790e+01  -1.10768433e+01 
  5.42891657e+00   1.46279211e+01   2.12277636e-01 
 -1.41455042e+00   1.13955424e+01   5.33925455e+00 
 -4.34640862e+00   1.19579576e+01   5.06671625e+00 
 -3.86477247e+00  -1.27299433e-01  -1.18719567e+01 
 -4.73324022e+00   3.18988584e+00  -1.33598942e+01 
 -5.19518634e+00   5.01201897e+00  -1.00915177e+01 
 -7.80968832e+00   2.83394933e+00  -8.38399692e+00 
 -8.89780585e+00  -8.07314921e-01  -8.42506707e+00 
 -7.37441684e+00  -3.27948054e+00  -6.01393472e+00 
 -9.02090993e+00  -6.48854149e+00  -4.78237154e+00 
 -6.08712083e+00  -8.74860794e+00  -3.73291032e+00 
 -5.80893791e+00  -1.15260584e+01  -1.26773827e+00 
 -1.00216042e+00  -1.31965626e+01   1.97235758e+00 
 -4.43527136e+00  -8.29603433e+00   4.75498949e+00 
 -2.86123381e+00  -7.91876280e+00   1.29963894e+00 
 -5.47487375e+00  -5.79871671e+00  -6.71649237e-01 
 -8.30161345e+00  -3.23136006e+00  -3.93516306e-01 
 -9.10941642e+00  -3.03822277e-01  -2.70777929e+00 
 -1.12018138e+01   2.88870442e+00  -2.64397176e+00 
 -1.22402012e+01   2.34511966e+00   1.67556366e+00 
 -8.64874274e+00   1.26750856e+00   2.60125446e+00 
 -7.83867439e+00  -2.26518991e+00   3.79694575e+00 
 -4.05543214e+00  -2.62885997e+00   3.48889274e+00 
 -2.11338612e+00  -4.84964754e+00   5.94055478e+00 
  1.65212519e+00  -5.53321339e+00   6.51394842e+00 
  3.52248833e+00  -6.47052894e+00   9.67098851e+00 
  4.47914224e+00  -1.01721290e+01   9.53263794e+00 
  5.27784136e+00  -6.35399371e+00   1.99992258e+00 
  8.26096803e+00  -4.80386668e+00   2.26543575e-01 
  7.34553783e+00  -3.74622854e+00   5.57701653e+00 
  7.02903329e+00  -3.93591671e-01   3.67493216e+00 
  1.05612626e+01   4.94126364e-01   4.76522165e+00 
  9.67014835e+00   4.23876774e-01   8.50686318e+00 
  5.43950035e+00  -1.73954924e+00   8.65973402e+00 
  1.82834398e+00  -1.21168834e+00   7.61585246e+00 
 -1.59839941e+00  -9.43248071e-01   9.20084075e+00 
 -4.35371218e+00   6.00567961e-01   7.00367151e+00 
 -8.02791884e+00   4.53563815e-01   8.18366759e+00 
 -9.91270225e+00   3.42035586e+00   6.59812147e+00 
  1.96482859e+00   7.49983286e+00   5.45081066e+00 
  8.01845705e-01   5.99118642e+00   2.15736036e+00 
 -1.53179432e+00   8.47014171e+00   4.01376368e-01 
 -1.53260780e-01   7.91649009e+00  -3.00771102e+00 
  3.47965671e+00   7.95576250e+00  -4.22507417e+00 
  5.86699183e+00   6.80905265e+00  -2.91698926e+00 
  4.20124512e+00   8.37373241e+00   1.87469206e-01 
  6.40512954e+00   6.33485931e+00   2.53680176e+00 
  5.87093758e+00   7.03685015e+00   6.23616100e+00 
  5.19344043e+00   3.48570783e+00   7.20506212e+00 
  1.56051299e+00   3.42782465e+00   8.20766607e+00 
 -3.76759978e+00   4.54548925e+00   1.03487515e+01 
 -6.89324588e+00   3.06011705e+00   1.18665883e+01 
 -9.89217337e+00   5.21784162e+00   1.08772008e+01 

   6.119383908244e+00 

  1.48060469e+00  -2.06962606e+00   5.81764902e+00 
  4.11655773e-01  -1.62403973e+00   5.03313721e+00 
 -8.74676783e-01  -1.34688006e+00   5.51416576e+00 
 -7.30969895e-01  -1.14125958e+00   6.89868599e+00 
  2.73775077e-01  -1.63913484e+00   7.75892698e+00 
  1.29144529e+00  -2.28805673e+00   7.15092738e+00 
 -2.08251706e+00  -2.07556861e+00   5.07850837e+00 
 -2.14297455e+00  -2.67750714e+00   3.91729236e+00 
 -2.08266427e+00  -4.01137000e+00   4.24093676e+00 
 -1.90390541e+00  -4.44851857e+00   5.50256687e+00 
 -2.41674855e+00  -3.19146788e+00   6.03680828e+00 
 -2.94575718e+00  -2.76733011e+00   7.10841591e+00 
 -2.50052573e+00  -1.76374465e+00   2.84400417e+00 
 -1.72998561e+00  -1.23112456e+00   1.89503036e+00 
 -2.26085015e+00  -7.44355640e-01   7.04880220e-01 
 -3.56808420e+00  -5.89763105e-01   4.24145984e-01 
 -4.37443682e+00  -9.67142903e-01   1.44843821e+00 
 -3.86023809e+00  -1.48662412e+00   2.63102340e+00 
 -3.95576063e+00   1.70994387e-01  -1.07011738e+00 
 -3.84306696e+00  -7.41345336e-01  -2.22703784e+00 
 -2.89395359e+00   1.14264638e+00  -1.41760292e+00 
 -5.46317499e+00   9.62111213e-01  -1.14186911e+00 
 -1.69854188e+00  -5.13173665e+00   6.76707941e+00 
 -3.03483611e-01  -4.68656082e+00   5.55954778e+00 
  2.37530265e+00  -2.95578911e+00   5.27460782e+00 
 -1.65278839e+01  -2.54302808e-01   5.08597493e+00 
 -1.27643229e+01  -1.00698819e+01  -4.14631258e+00 
 -7.97153281e+00  -3.63555583e+00  -8.52761552e+00 
 -8.86891159e+00  -8.86626256e-01  -9.31785469e+00 
 -7.64293084e+00   4.01127698e+00   1.08740141e+01 
 -1.13087642e+01   4.38694534e+00   1.02475549e+01 
 -1.11512466e+01   3.90575004e+00   6.51131519e+00 
 -8.65948068e+00   6.60601574e+00   5.51386712e+00 
 -5.71902930e+00   8.43558214e+00   7.07940994e+00 
 -2.21206718e+00   7.09726934e+00   6.68442679e+00 
  9.87160190e-01   9.16301655e+00   6.83737196e+00 
  3.72668799e+00   6.64549262e+00   7.82400686e+00 
  7.40084847e+00   6.56251437e+00   7.22205226e+00 
  1.09856293e+01   1.75479284e+00   6.56701378e+00 
  8.01041337e+00   3.56013100e+00   9.60471823e-01 
  6.00763087e+00   2.53304579e+00   4.04159721e+00 
  2.92693489e+00   4.92386932e+00   3.97115956e+00 
  6.43891024e-01   7.05422114e+00   1.75565800e+00 
 -3.12691717e+00   7.59048874e+00   2.02446827e+00 
 -5.98024791e+00   8.91586036e+00  -1.38011517e-01 
 -3.32751285e+00   9.32009332e+00  -3.72014935e+00 
 -1.58670109e+00   5.93793344e+00  -3.05135044e+00 
  2.09983092e+00   5.71250841e+00  -2.08983489e+00 
  2.60259685e+00   2.19694450e+00  -7.01270397e-01 
  5.95928410e+00   3.95250893e-01  -1.14919657e+00 
  7.19780108e+00  -3.18035913e+00  -3.39130793e-01 
  9.84160793e+00  -5.30231356e+00  -2.02771469e+00 
  1.29758580e+01  -5.41323123e+00   1.63254195e-01 
  5.83684981e+00  -5.75412500e+00   4.73230572e+00 
  3.87391316e+00  -8.66495065e+00   6.18859737e+00 
  5.73764877e+00  -8.88967952e+00   9.86659445e-01 
  1.87457790e+00  -8.98493917e+00   8.25777359e-01 
  2.04240643e+00  -1.27553678e+01   3.68480983e-01 
  4.00373340e+00  -1.24985044e+01  -2.93093089e+00 
  5.50371361e+00  -7.98873819e+00  -3.05022883e+00 
  4.16113624e+00  -4.45115769e+00  -3.35319151e+00 
  4.45061005e+00  -1.46901764e+00  -5.66616880e+00 
  1.72164273e+00   1.21807573e+00  -5.29883294e+00 
  2.12227929e+00   4.59366392e+00  -7.13150593e+00 
 -1.39711905e+00   6.03879767e+00  -7.75891628e+00 
 -4.31049485e+00  -6.07969355e+00  -5.83834205e+00 
 -4.89996585e+00  -4.09608341e+00  -2.64566717e+00 
 -8.14186043e+00  -2.08676874e+00  -3.00252700e+00 
 -9.35487357e+00  -2.73509183e+00   4.52474869e-01 
 -9.68857740e+00  -6.04183458e+00   2.35922576e+00 
 -7.80114504e+00  -8.31257209e+00   2.44137688e+00 
 -7.62850735e+00  -7.55258668e+00  -1.33396624e+00 
 -4.45440317e+00  -9.62831390e+00  -1.72112603e+00 
 -3.13175812e+00  -9.87256660e+00  -5.27842299e+00 
  3.08251892e-01  -8.62401527e+00  -4.49367187e+00 
  5.43575964e-01  -5.27792729e+00  -6.21269623e+00 
  2.32335485e-01  -7.36859340e-01  -9.88748027e+00 
  1.99147615e+00   2.33954291e+00  -1.11993477e+01 
 -6.36181201e-01   4.93168429e+00  -1.22015697e+01 

   6.119383908244e+00 

  5.04666997e+00   1.94001533e+00   2.66538669e+00 
  4.38239888e+00   8.65573752e-01   2.06457308e+00 
  4.68409782e+00  -4.85371266e-01   2.28086618e+00 
  5.99849001e+00  -5.09861965e-01   2.78246472e+00 
  6.69080346e+00   5.08357092e-01   3.47625059e+00 
  6.05239029e+00   1.69693518e+00   3.55452284e+00 
  3.73476398e+00  -1.44782752e+00   2.87425114e+00 
  2.43947052e+00  -1.26831657e+00   2.80793090e+00 
  2.09453757e+00  -9.23852261e-01   4.09243032e+00 
  3.00429082e+00  -7.53305016e-01   5.07121876e+00 
  3.96407031e+00  -1.58953076e+00   4.35837357e+00 
  4.98630202e+00  -2.29073812e+00   4.62564955e+00 
  1.88436794e+00  -1.73957555e+00   1.54915038e+00 
  1.46821287e+00  -1.03920356e+00   4.93564491e-01 
  5.76851655e-01  -1.56836571e+00  -4.34164513e-01 
  1.61889402e-01  -2.84728850e+00  -4.95273033e-01 
  7.09805232e-01  -3.62505524e+00   4.72539844e-01 
  1.57595676e+00  -3.10372618e+00   1.42688064e+00 
 -8.33331971e-01  -3.27672335e+00  -1.83205578e+00 
 -2.23980250e+00  -2.85702955e+00  -1.66109869e+00 
 -4.68855291e-01  -2.44743503e+00  -3.00326268e+00 
 -8.03905362e-01  -4.91632063e+00  -2.29483765e+00 
  3.80452405e+00  -4.99483592e-01   6.25576700e+00 
  3.24281053e+00   8.47803875e-01   5.04259095e+00 
  4.32796553e+00   3.05975709e+00   2.99750930e+00 
  1.87447578e+00  -1.58660805e+01   3.67362274e+00 
 -1.00130141e+01  -9.14795846e+00   6.72313728e+00 
 -9.81002621e+00  -5.65097543e+00  -1.72062432e+00 
 -9.35129906e+00  -7.09932831e+00  -4.30485027e+00 
  1.05564750e+01  -8.74462818e+00   1.54130839e+00 
  9.50343192e+00  -1.23308967e+01   1.50019098e+00 
  6.09465248e+00  -1.17539600e+01  -4.20753543e-03 
  6.99341156e+00  -9.89126201e+00  -3.20074058e+00 
  9.76476786e+00  -7.60333072e+00  -4.43744852e+00 
  9.45242536e+00  -3.85986459e+00  -4.07032507e+00 
  1.11715323e+01  -1.25898364e+00  -6.26254978e+00 
  1.13400923e+01   1.90279625e+00  -4.07368634e+00 
  1.14786082e+01   5.53084149e+00  -4.90241490e+00 
  9.30754509e+00   1.01855601e+01  -1.73792519e+00 
  4.78681769e+00   7.34777270e+00  -5.61793229e+00 
  6.56636902e+00   5.39228963e+00  -2.86681280e+00 
  7.06009190e+00   1.85345103e+00  -4.43031700e+00 
  5.73806210e+00  -6.72927023e-01  -6.98546602e+00 
  5.51064662e+00  -4.47318249e+00  -6.69361515e+00 
  3.74343046e+00  -7.36738408e+00  -8.44717419e+00 
  1.36020727e+00  -4.59449085e+00  -1.10285361e+01 
  6.55559187e-01  -2.17054945e+00  -8.10540385e+00 
  2.07181317e+00   1.37257567e+00  -8.02580591e+00 
  1.68783108e+00   2.56878798e+00  -4.42556864e+00 
  1.08119435e+00   6.27987463e+00  -3.66799705e+00 
  3.10873604e-01   8.25097107e+00  -4.28166388e-01 
 -1.64876918e+00   1.14502204e+01   8.98343713e-02 
  7.73656626e-01   1.43291047e+01   7.82690156e-01 
  3.18609213e+00   7.11416076e+00   4.53537148e+00 
  2.68142275e+00   5.77479462e+00   8.05648192e+00 
 -1.54173740e+00   8.06618186e+00   5.31811843e+00 
 -2.45609906e+00   4.36059813e+00   5.94331116e+00 
 -4.61040028e+00   5.44611031e+00   8.88168961e+00 
 -6.95163383e+00   7.56039762e+00   6.68002761e+00 
 -4.62551798e+00   7.96469973e+00   2.55354133e+00 
 -3.45732918e+00   5.85947423e+00  -3.81102882e-01 
 -3.97130262e+00   5.63278359e+00  -4.12426478e+00 
 -2.89405028e+00   2.32856901e+00  -5.77482905e+00 
 -2.78725154e+00   2.07716502e+00  -9.62699540e+00 
 -3.30477518e+00  -1.61818729e+00  -1.05989834e+01 
 -7.96952421e+00  -1.75587600e+00   1.11661955e+00 
 -4.39488873e+00  -3.05843359e+00   1.14275457e+00 
 -4.35916586e+00  -6.63998216e+00  -2.15850829e-01 
 -1.92887273e+00  -7.95063556e+00   2.27505757e+00 
 -1.92662725e+00  -7.65673974e+00   6.09542732e+00 
 -2.57892598e+00  -5.30272505e+00   7.75630654e+00 
 -5.42813792e+00  -4.99916761e+00   5.17746156e+00 
 -6.14744314e+00  -1.40566586e+00   6.22761331e+00 
 -9.06937977e+00   2.29163816e-01   4.42399771e+00 
 -7.15060299e+00   3.20235413e+00   3.20464598e+00 
 -6.99147638e+00   2.78829580e+00  -5.38342308e-01 
 -8.04757846e+00   1.72748721e+00  -6.19356468e+00 
 -7.37864545e+00   2.81858162e+00  -9.74910463e+00 
 -7.50394386e+00  -2.51064719e-01  -1.20272181e+01 

   6.119383908244e+00 

 -1.16208391e+00  -4.24235305e+00  -3.28729152e+00 
 -3.71210925e-01  -3.29474994e+00  -2.62909244e+00 
  8.35963095e-01  -2.77907482e+00  -3.11865086e+00 
  1.29072180e+00  -3.70685106e+00  -4.07377048e+00 
  5.31584497e-01  -4.62407878e+00  -4.83522347e+00 
 -7.78015935e-01  -4.70561888e+00  -4.51162847e+00 
  1.04410146e+00  -1.35219824e+00  -3.43545383e+00 
  3.35555671e-01  -4.09426292e-01  -2.86663782e+00 
 -4.97045231e-01   2.02410398e-02  -3.87149347e+00 
 -5.31350091e-01  -5.58059068e-01  -5.08769917e+00 
  8.16652366e-01  -1.08450626e+00  -4.90238549e+00 
  1.78219316e+00  -1.48120163e+00  -5.62241997e+00 
  8.66003808e-01  -3.42312524e-02  -1.56563600e+00 
  4.09841495e-01  -3.31989667e-01  -3.48580785e-01 
  7.39019018e-01   4.31750523e-01   7.66570135e-01 
  1.64999561e+00   1.42164114e+00   8.09110269e-01 
  2.25665048e+00   1.63017405e+00  -3.86832248e-01 
  1.91478307e+00   8.97846723e-01  -1.51802284e+00 
  1.97262524e+00   2.11297885e+00   2.35178012e+00 
  9.40382794e-01   3.08150133e+00   2.77600684e+00 
  1.79080508e+00   1.08333708e+00   3.40014419e+00 
  3.50707952e+00   2.82692636e+00   2.54936859e+00 
 -7.46885620e-01  -1.03807013e+00  -6.44087576e+00 
 -1.76525804e+00  -1.59571877e+00  -4.93939405e+00 
 -2.52628787e+00  -4.15760449e+00  -3.17580892e+00 
  1.21199951e+01   7.89689595e+00  -5.37569164e+00 
  2.38619084e-01   1.48376096e+01  -2.84497735e+00 
 -6.22224277e-02   1.06828895e+01   5.29228263e+00 
  2.14435021e+00   1.04043300e+01   7.30221353e+00 
  1.06355452e+01  -3.43066626e+00  -5.72454883e+00 
  1.31999230e+01  -7.11448238e-01  -5.76616339e+00 
  1.16495800e+01   1.37434963e+00  -3.03454634e+00 
  1.14480910e+01  -1.14846227e+00  -1.90243718e-01 
  1.11300926e+01  -4.91442907e+00   2.10833632e-01 
  7.72601938e+00  -6.52171012e+00   4.84346288e-01 
  6.96443400e+00  -9.84006686e+00   2.19731323e+00 
  3.71358331e+00  -1.10679843e+01   5.41844593e-01 
  9.69543000e-01  -1.32880177e+01   1.72944059e+00 
 -4.87714849e+00  -1.31429053e+01   2.49894618e-01 
 -3.32755631e+00  -8.97759970e+00   5.12774887e+00 
 -1.71927100e+00  -8.69882562e+00   1.67882457e+00 
  1.95524291e+00  -7.65242713e+00   2.46284242e+00 
  4.26744946e+00  -5.91206174e+00   4.96962612e+00 
  7.27938555e+00  -3.66729868e+00   4.28543598e+00 
  9.46049762e+00  -1.16737173e+00   6.17422937e+00 
  6.84311638e+00  -1.33863083e+00   9.80081244e+00 
  3.60247636e+00  -1.28282620e+00   7.70036936e+00 
  1.22470453e+00  -4.26506883e+00   7.56517755e+00 
 -1.04353856e+00  -3.65533272e+00   4.56128513e+00 
 -4.66965107e+00  -4.90631711e+00   4.58209534e+00 
 -7.65387727e+00  -4.47943057e+00   2.15572359e+00 
 -1.13793995e+01  -4.42396312e+00   2.83478779e+00 
 -1.29346146e+01  -7.72051942e+00   1.67280964e+00 
 -6.91630683e+00  -4.95269957e+00  -3.62596593e+00 
 -7.07825028e+00  -2.94063317e+00  -6.84655202e+00 
 -1.00626273e+01  -1.40408713e+00  -2.45147617e+00 
 -7.53751447e+00   1.43534326e+00  -3.17238825e+00 
 -1.03013626e+01   3.37324649e+00  -4.92141449e+00 
 -1.24600535e+01   3.60911854e+00  -1.74599027e+00 
 -1.05152663e+01   4.48925395e-01   1.22607062e+00 
 -7.33302856e+00  -1.53327724e-01   3.20582579e+00 
 -6.23860179e+00  -5.75745794e-01   6.80452157e+00 
 -2.47530170e+00  -1.48816730e-01   7.48125867e+00 
 -1.05036356e+00  -1.09115421e+00   1.09446886e+01 
  2.12627202e+00   1.01102130e+00   1.15430736e+01 
 -3.38178147e+00   7.87814720e+00   2.51322738e+00 
 -6.98921084e-01   5.65779260e+00   9.81025121e-01 
  2.74542538e+00   7.15150259e+00   1.74252544e+00 
  4.17925934e+00   6.49751721e+00  -1.62573597e+00 
  2.77675016e+00   7.32082312e+00  -5.09513652e+00 
  2.70117141e-04   7.04722956e+00  -6.06555072e+00 
 -7.45240285e-01   8.54546467e+00  -2.59278482e+00 
 -4.41103747e+00   7.52248762e+00  -2.81396908e+00 
 -6.54508272e+00   8.58308102e+00   1.49880359e-01 
 -7.82568291e+00   5.15706638e+00   9.44153901e-01 
 -6.27342121e+00   4.28509683e+00   4.26633385e+00 
 -4.13940466e+00   4.24951020e+00   9.71306805e+00 
 -3.68466118e+00   2.22470306e+00   1.28711034e+01 
 -4.65142596e-01   3.34644564e+00   1.46044882e+01 

   6.119383908244e+00 

 -5.31730996e+00   3.67106227e+00  -2.78444073e+00 
 -4.43303716e+00   3.47046210e+00  -1.71932151e+00 
 -4.64437796e+00   3.91485499e+00  -4.07564132e-01 
 -5.59737665e+00   4.94589659e+00  -5.00162390e-01 
 -6.57386543e+00   5.14931232e+00  -1.50141086e+00 
 -6.49687695e+00   4.32081599e+00  -2.56634391e+00 
 -4.76608693e+00   3.00770865e+00   7.50855016e-01 
 -4.23428705e+00   1.81121822e+00   7.48156464e-01 
 -5.31882826e+00   9.75534414e-01   6.34243824e-01 
 -6.57645886e+00   1.43046871e+00   4.72490281e-01 
 -6.21326292e+00   2.71555521e+00   1.06006142e+00 
 -6.78969295e+00   3.68470572e+00   1.64020070e+00 
 -2.82773732e+00   1.83554050e+00   1.11663791e+00 
 -1.74886357e+00   1.70269762e+00   3.44399796e-01 
 -5.18406622e-01   1.31142697e+00   8.62184957e-01 
 -2.10920244e-01   1.18441536e+00   2.16636731e+00 
 -1.25206663e+00   1.48331217e+00   2.98396717e+00 
 -2.49712069e+00   1.84342022e+00   2.48104432e+00 
  1.42904656e+00   8.25399292e-01   2.54516057e+00 
  1.76499259e+00  -6.00959412e-01   2.35497730e+00 
  2.31348288e+00   1.42604812e+00   1.52081621e+00 
  1.96892182e+00   1.31407727e+00   4.08562826e+00 
 -7.98965128e+00   1.69669449e+00   2.72580049e-01 
 -6.75922884e+00   1.36927203e+00  -1.13502674e+00 
 -5.43985368e+00   2.69110146e+00  -3.73592533e+00 
 -3.72838198e+00   3.62980032e+00   1.52602264e+01 
 -2.61036195e+00  -9.57115742e+00   1.07624643e+01 
  4.85804947e+00  -7.01423733e+00   6.15245400e+00 
  7.18454358e+00  -5.41178599e+00   7.15542720e+00 
 -5.53504216e+00   1.10582673e+01   6.76359078e+00 
 -4.83453103e+00   1.07571404e+01   1.04228966e+01 
 -2.21333702e+00   8.06261647e+00   1.01318112e+01 
  2.66447118e-01   9.68651900e+00   7.74249200e+00 
  2.02743147e-01   1.22529225e+01   4.93999187e+00 
 -3.00827997e-01   1.11577463e+01   1.36327809e+00 
  8.88549135e-01   1.30426975e+01  -1.72833972e+00 
 -1.43533252e+00   1.18456224e+01  -4.55375527e+00 
 -9.93080562e-01   1.16102099e+01  -8.24396992e+00 
 -3.45683768e+00   7.65049071e+00  -1.20707754e+01 
  2.03234002e+00   5.40038345e+00  -9.18106715e+00 
 -1.02935845e+00   6.40733204e+00  -7.13865865e+00 
  4.97196670e-01   8.05741226e+00  -3.95141046e+00 
  3.54301740e+00   8.21216353e+00  -1.63663973e+00 
  3.64326600e+00   8.58829317e+00   2.16169056e+00 
  6.14191083e+00   8.11630919e+00   5.00922110e+00 
  9.21088202e+00   6.34740783e+00   2.27343550e+00 
  6.58974443e+00   4.22216057e+00   3.94689949e-01 
  5.72118923e+00   4.85041523e+00  -3.26819891e+00 
  2.44634042e+00   3.00066812e+00  -3.89579383e+00 
  1.69416807e+00   1.50261564e+00  -7.34603476e+00 
 -1.16125944e+00  -7.13486066e-01  -8.72825938e+00 
 -1.14802427e+00  -3.27404980e+00  -1.15187896e+01 
 -2.90965715e+00  -1.82116853e+00  -1.45883102e+01 
 -6.73921723e+00   3.62497284e-01  -7.34096917e+00 
 -9.70559000e+00  -1.11038748e+00  -5.47601482e+00 
 -5.76789693e+00  -4.42310757e+00  -7.50200363e+00 
 -5.72628038e+00  -4.81254860e+00  -3.65429291e+00 
 -7.71947584e+00  -8.02983217e+00  -4.01439933e+00 
 -4.96783028e+00  -9.77601936e+00  -6.05845852e+00 
 -2.05214499e+00  -6.24837652e+00  -7.34557910e+00 
  3.82535099e-01  -3.75178449e+00  -5.84620014e+00 
  4.05228356e+00  -2.85010175e+00  -6.06237774e+00 
  5.42370686e+00  -6.76552203e-01  -3.19924142e+00 
  8.96415372e+00   8.37536014e-01  -3.49346667e+00 
  1.03333948e+01   1.37836257e+00   7.03663074e-02 
  1.25502058e+00  -7.04197253e+00   2.46102968e+00 
 -6.98623596e-03  -3.53795338e+00   3.23855571e+00 
  1.50445508e+00  -2.37294899e+00   6.56013437e+00 
 -1.60817710e+00  -7.93615367e-01   7.84309496e+00 
 -5.16315601e+00  -2.20411296e+00   8.07596043e+00 
 -6.63160092e+00  -3.81957846e+00   6.08615156e+00 
 -3.20559389e+00  -5.56925113e+00   5.83771932e+00 
 -4.17735155e+00  -7.25340135e+00   2.55857330e+00 
 -1.54078166e+00  -9.58676219e+00   1.12074946e+00 
 -1.35339938e+00  -7.93235143e+00  -2.23129417e+00 
  2.07875983e+00  -6.37966631e+00  -2.35849081e+00 
  7.78141818e+00  -5.14358767e+00  -1.94135312e+00 
  1.07368760e+01  -3.46287233e+00  -3.59068256e+00 
  1.31201973e+01  -2.21106925e+00  -8.73883319e-01 

   6.119383908244e+00 

 -3.86373436e-02  -3.90086212e+00   5.03643592e+00 
 -2.91630321e-01  -2.74085829e+00   4.29681207e+00 
 -9.58548088e-01  -1.60916892e+00   4.78400530e+00 
 -1.69458918e+00  -2.04788416e+00   5.90006989e+00 
 -1.43738826e+00  -3.15579521e+00   6.73899039e+00 
 -4.31329542e-01  -3.96580326e+00   6.34131136e+00 
 -3.31949315e-01  -2.76642713e-01   4.89082464e+00 
  6.79120748e-01   7.20861339e-02   4.13548813e+00 
  1.74563739e+00   7.00855497e-02   5.00157786e+00 
  1.64074398e+00  -3.19090328e-01   6.28699749e+00 
  2.08319464e-01  -4.21388737e-02   6.27949241e+00 
 -7.06994771e-01   2.18303669e-01   7.11761855e+00 
  2.49495576e-01   5.53878161e-01   2.83239529e+00 
  3.00472041e-01  -5.45087416e-02   1.64696950e+00 
  2.71328280e-01   6.59009168e-01   4.53126413e-01 
  2.77075861e-02   1.97622748e+00   3.22144332e-01 
 -1.99374266e-01   2.59009354e+00   1.51100804e+00 
 -1.40704441e-01   1.89735159e+00   2.71493298e+00 
 -9.50077511e-02   2.58647242e+00  -1.28235249e+00 
  1.22093016e+00   2.79393448e+00  -1.92172365e+00 
 -6.37112657e-01   1.53232060e+00  -2.16958086e+00 
 -1.02818418e+00   3.99834117e+00  -1.48014173e+00 
  1.75891219e+00  -7.12246740e-01   7.67962716e+00 
  2.10202840e+00  -1.86933387e+00   6.21473045e+00 
  1.13126958e+00  -4.58235299e+00   4.81837380e+00 
 -4.42063280e+00   1.36403734e+01   6.14979884e+00 
  8.83198317e+00   1.27352998e+01   1.75729052e+00 
  5.72781958e+00   8.35774313e+00  -5.64327504e+00 
  3.44959896e+00   9.14058986e+00  -7.42743934e+00 
 -9.12879489e+00   3.41653668e+00   8.13608452e+00 
 -9.82731236e+00   7.08317889e+00   7.93678461e+00 
 -7.81400992e+00   7.72860405e+00   4.81494418e+00 
 -9.38545629e+00   5.25309191e+00   2.38644030e+00 
 -1.11709362e+01   1.90197479e+00   2.54943479e+00 
 -9.21424243e+00  -1.31517364e+00   2.29024093e+00 
 -1.05779786e+01  -4.65483048e+00   1.06033221e+00 
 -8.27461565e+00  -7.29480197e+00   2.65452716e+00 
 -7.32419745e+00  -1.07481690e+01   1.63489432e+00 
 -2.14780983e+00  -1.36708025e+01   2.66306760e+00 
 -1.93034217e+00  -9.80228591e+00  -2.67844491e+00 
 -2.63796706e+00  -8.37788047e+00   7.89942551e-01 
 -5.26802672e+00  -5.57875924e+00   1.12157294e-01 
 -6.63590594e+00  -3.10012430e+00  -2.46551814e+00 
 -7.86874045e+00   4.73268128e-01  -1.92716701e+00 
 -8.63697475e+00   3.57101256e+00  -4.02197502e+00 
 -7.05375091e+00   1.67114712e+00  -7.75239492e+00 
 -4.01588286e+00   1.48437254e-01  -5.91679274e+00 
 -3.58761385e+00  -3.61985267e+00  -5.48968204e+00 
 -9.41296224e-01  -4.06858137e+00  -2.78122859e+00 
  1.42566064e+00  -7.08604993e+00  -2.86176230e+00 
  4.49189978e+00  -8.12980359e+00  -7.44246351e-01 
  7.54042659e+00  -1.01721332e+01  -1.68184688e+00 
  7.26014065e+00  -1.36608144e+01  -1.36947468e-01 
  4.44537654e+00  -7.59169201e+00   5.07848487e+00 
  6.10368912e+00  -5.70525256e+00   7.93123043e+00 
  8.78916425e+00  -6.45086713e+00   3.15457324e+00 
  8.28360063e+00  -2.64283187e+00   3.60351302e+00 
  1.18696057e+01  -2.36865189e+00   4.83591364e+00 
  1.33489144e+01  -3.63796506e+00   1.51938068e+00 
  9.62688625e+00  -5.48962025e+00  -7.87141379e-01 
  6.36559445e+00  -4.44337904e+00  -2.42364108e+00 
  4.71566181e+00  -4.53149363e+00  -5.82904508e+00 
  1.69851222e+00  -2.19093355e+00  -6.29942352e+00 
 -4.83964179e-01  -2.52053501e+00  -9.46832794e+00 
 -2.11215918e+00   9.05534975e-01  -1.01606036e+01 
  7.41308761e+00   4.46847307e+00  -2.70343661e+00 
  4.21112133e+00   4.21642466e+00  -6.64014711e-01 
  2.01364016e+00   7.26555265e+00  -1.40460222e+00 
  9.46459830e-01   7.80962585e+00   2.11589095e+00 
  3.04798770e+00   8.05268738e+00   5.31059071e+00 
  5.36278761e+00   6.40372449e+00   6.11558843e+00 
  6.28661693e+00   6.92859720e+00   2.40996497e+00 
  8.84187500e+00   4.10198884e+00   2.53002684e+00 
  1.07673890e+01   3.55345821e+00  -7.03380191e-01 
  9.91112149e+00  -7.37744657e-02  -1.04743347e+00 
  7.67949023e+00  -2.62443957e-01  -4.07909186e+00 
  5.10263832e+00   3.67527399e-01  -9.29303248e+00 
  3.20159762e+00  -1.36454594e+00  -1.20617486e+01 
  8.57143341e-01   1.16265642e+00  -1.37185562e+01 

   6.119383908244e+00 

  1.21959998e+00   5.25834830e+00  -2.45387279e+00 
  1.51548810e+00   3.93549912e+00  -2.10865106e+00 
  2.75614869e+00   3.31456516e+00  -2.30373999e+00 
  3.41398377e+00   4.07223163e+00  -3.29015889e+00 
  3.22309710e+00   5.43253917e+00  -3.62262313e+00 
  2.19149313e+00   6.04461548e+00  -3.00007061e+00 
  3.59281334e+00   2.80047810e+00  -1.20130213e+00 
  3.07687252e+00   2.45082729e+00  -4.98000145e-02 
  3.47694752e+00   3.45239268e+00   8.01305111e-01 
  4.15957125e+00   4.53581668e+00   3.82997322e-01 
  4.63294363e+00   3.81377424e+00  -7.93085897e-01 
  5.59483441e+00   3.87912385e+00  -1.61684644e+00 
  2.55308162e+00   1.09441239e+00  -7.29084727e-02 
  1.28778533e+00   6.77378573e-01  -1.28366572e-01 
  9.14596500e-01  -5.95247081e-01   2.91600732e-01 
  1.74935329e+00  -1.59428087e+00   6.33191174e-01 
  3.05691459e+00  -1.24531634e+00   5.31693267e-01 
  3.44512103e+00   3.25899456e-02   1.45662059e-01 
  1.03236376e+00  -3.12033219e+00   9.78098925e-01 
  4.42680569e-01  -3.18679796e+00   2.33138552e+00 
 -1.94932111e-01  -3.28218786e+00   1.65796290e-01 
  2.02394214e+00  -4.48634989e+00   7.45547565e-01 
  4.87054145e+00   5.78018835e+00   1.50589083e-01 
  2.97913672e+00   5.62264838e+00   1.67052764e-01 
  3.68731437e-01   5.97640139e+00  -1.65319458e+00 
  1.46162381e+01  -6.51763109e+00   7.07266448e-01 
  8.14619646e+00  -3.92662445e+00   1.28386457e+01 
  5.63034630e-01  -7.47372633e+00   9.16700721e+00 
  2.74931011e-01  -1.00505260e+01   7.66252061e+00 
  1.01861656e+01  -6.09875723e-01  -8.01694371e+00 
  1.26323946e+01  -3.28512142e+00  -7.10538665e+00 
  1.04136417e+01  -5.06122534e+00  -4.62779943e+00 
  7.34568581e+00  -5.79165154e+00  -6.76072215e+00 
  5.59377950e+00  -4.28239092e+00  -9.77691984e+00 
  2.86070656e+00  -1.72147906e+00  -9.31010206e+00 
  3.22240153e-02  -1.01469032e+00  -1.17648721e+01 
 -1.05957062e+00   2.59235868e+00  -1.09815651e+01 
 -4.28830133e+00   4.39478829e+00  -1.14234196e+01 
 -6.56376276e+00   8.88217668e+00  -8.09482593e+00 
 -7.85395718e+00   2.90154719e+00  -5.62259259e+00 
 -4.27445703e+00   4.12958262e+00  -6.11093989e+00 
 -2.35308473e+00   9.28438897e-01  -7.23907712e+00 
 -2.26532716e+00  -2.89746009e+00  -7.12104764e+00 
  7.56716010e-01  -5.21206725e+00  -6.82324718e+00 
  1.48017295e+00  -8.86206759e+00  -5.96970595e+00 
 -2.78385864e+00  -9.64194865e+00  -4.85528271e+00 
 -3.10831909e+00  -6.28212903e+00  -2.97830093e+00 
 -5.40370636e+00  -3.49041050e+00  -4.20441339e+00 
 -4.30629655e+00  -3.46277888e-01  -2.34694297e+00 
 -6.86243503e+00   2.36964261e+00  -1.45027197e+00 
 -6.67134497e+00   5.63687128e+00   6.14629816e-01 
 -9.33084688e+00   7.41965648e+00   2.63760964e+00 
 -1.04936949e+01   1.05354688e+01   7.46665730e-01 
 -2.13241774e+00   9.28157841e+00   5.76945714e-02 
  8.28663404e-01   1.07013197e+01   1.97162895e+00 
 -3.64110867e+00   8.90759624e+00   4.68969177e+00 
 -6.75884798e-01   6.66302512e+00   5.75158719e+00 
 -3.46396145e-01   8.70381616e+00   8.94220273e+00 
 -3.87208704e+00   7.77759996e+00   1.01712382e+01 
 -5.99513441e+00   5.92562231e+00   6.34174569e+00 
 -5.80000554e+00   2.91271188e+00   4.04107805e+00 
 -7.95918675e+00   2.28583332e-03   2.94829487e+00 
 -6.11565930e+00  -2.91964662e+00   1.25525432e+00 
 -8.15720629e+00  -5.72080441e+00  -4.47507098e-01 
 -6.03369413e+00  -8.93912702e+00  -4.11233802e-01 
 -2.71348551e-01  -2.40416323e+00   8.70599248e+00 
  1.67850072e+00  -2.06715314e+00   5.45639709e+00 
  3.63284950e+00  -5.30169403e+00   4.82962684e+00 
  6.73630535e+00  -3.62913005e+00   3.64647294e+00 
  8.75522298e+00  -7.87444449e-01   5.23719584e+00 
  7.75681485e+00   1.66813080e+00   6.54054920e+00 
  5.26315704e+00  -8.48580833e-01   8.05990119e+00 
  2.93934224e+00   1.95838087e+00   9.17986741e+00 
 -1.37649573e-01   8.12312374e-01   1.10987367e+01 
 -2.62762200e+00   2.49843532e+00   8.87041663e+00 
 -4.46677886e+00  -3.14595397e-01   7.16422582e+00 
 -7.25208826e+00  -5.26404981e+00   5.76167135e+00 
 -1.00002010e+01  -6.81419279e+00   3.68206667e+00 
 -9.02003273e+00  -1.04099572e+01   2.82301052e+00 

   6.119383908244e+00 

 -3.28543071e+00  -5.32495490e+00  -1.73397112e+00 
 -2.73358062e+00  -4.03972210e+00  -1.75117250e+00 
 -2.87831154e+00  -3.11924870e+00  -2.79742251e+00 
 -4.00983411e+00  -3.53645245e+00  -3.52228488e+00 
 -4.56051697e+00  -4.83463251e+00  -3.61653838e+00 
 -4.00351337e+00  -5.76324141e+00  -2.80792951e+00 
 -1.74519149e+00  -2.59848833e+00  -3.58768200e+00 
 -5.27693270e-01  -2.56441824e+00  -3.10711459e+00 
  1.19693663e-01  -3.56176506e+00  -3.79541876e+00 
 -5.09598369e-01  -4.37356630e+00  -4.66704622e+00 
 -1.56605362e+00  -3.38629806e+00  -4.86147400e+00 
 -2.43357461e+00  -3.09262435e+00  -5.73854239e+00 
 -2.93683747e-01  -1.38463730e+00  -2.28973540e+00 
 -2.16907512e-01  -1.27680042e+00  -9.62918098e-01 
  4.31675167e-01  -2.10305032e-01  -3.48795473e-01 
  8.99014679e-01   8.93030979e-01  -9.61832880e-01 
  6.77403373e-01   8.84853979e-01  -2.30071905e+00 
  6.06027754e-02  -1.88400411e-01  -2.93353092e+00 
  1.53337269e+00   2.13248430e+00   4.97072085e-02 
  2.90454181e+00   1.84618827e+00   5.20300859e-01 
  8.19883898e-01   2.12205733e+00   1.34705566e+00 
  1.49097414e+00   3.71403877e+00  -5.82906426e-01 
 -9.84800904e-01  -5.36179891e+00  -5.61864064e+00 
 -8.51886888e-01  -5.66271949e+00  -3.74934066e+00 
 -2.57982390e+00  -6.33986779e+00  -1.14005701e+00 
  1.20284588e+00   8.65991165e+00  -1.23365786e+01 
  1.30059156e+01   2.75629559e+00  -7.69115277e+00 
  1.03588803e+01   4.92521270e+00   7.85651301e-01 
  9.33246057e+00   7.56099619e+00   1.77836900e+00 
 -8.18264063e+00   3.29556271e+00  -8.62506115e+00 
 -6.94430859e+00   6.30071440e+00  -1.04710052e+01 
 -4.09707508e+00   7.09229279e+00  -8.12952847e+00 
 -5.92566017e+00   7.39453525e+00  -4.80384640e+00 
 -9.06886547e+00   5.99887766e+00  -3.18616530e+00 
 -8.91752961e+00   2.82139880e+00  -1.15476143e+00 
 -1.13199247e+01   1.85232944e+00   1.64079966e+00 
 -1.11138718e+01  -1.98737889e+00   1.81564194e+00 
 -1.17035964e+01  -4.41438476e+00   4.57798828e+00 
 -9.08695439e+00  -9.77430931e+00   5.48259235e+00 
 -5.57027234e+00  -4.72956313e+00   7.87590628e+00 
 -6.43072052e+00  -4.98081867e+00   4.16701494e+00 
 -7.08490264e+00  -1.27972112e+00   3.12508936e+00 
 -6.31884701e+00   2.39145652e+00   3.89628901e+00 
 -5.77351974e+00   5.28281838e+00   1.46287966e+00 
 -4.34386741e+00   8.82229470e+00   1.51413090e+00 
 -2.91139893e+00   8.38404916e+00   5.73172427e+00 
 -1.62318020e+00   4.79409800e+00   5.12388693e+00 
 -3.19814886e+00   1.76189506e+00   6.82420039e+00 
 -1.95975039e+00  -1.28034723e+00   4.88739745e+00 
 -1.42027949e+00  -4.63109550e+00   6.67500594e+00 
  4.42353143e-02  -8.03890644e+00   5.57176577e+00 
  1.85657787e+00  -1.06941413e+01   7.57398037e+00 
 -4.81838467e-01  -1.36648815e+01   8.15937107e+00 
 -1.34240061e+00  -1.03688791e+01   3.90608021e-01 
  1.57900255e-01  -1.13235295e+01  -2.96864064e+00 
  3.35165500e+00  -1.10872382e+01   1.54004750e+00 
  4.63967832e+00  -8.39505484e+00  -9.19915638e-01 
  7.41514559e+00  -1.07685672e+01  -1.97662698e+00 
  8.95037824e+00  -1.09088278e+01   1.54789974e+00 
  5.59902570e+00  -9.04345130e+00   4.35698696e+00 
  3.84067551e+00  -5.75116221e+00   5.04822734e+00 
  3.36527722e+00  -3.30392732e+00   7.89635939e+00 
  2.11111621e+00   1.98561958e-01   6.91538127e+00 
  1.01115342e+00   2.66358687e+00   9.67717952e+00 
  1.49624972e+00   6.24857544e+00   8.34272888e+00 
  9.07810784e+00  -6.27177064e-02   4.86699377e-01 
  5.72990171e+00   5.81494006e-01  -1.20145498e+00 
  5.57327630e+00   4.24468382e+00  -2.31099711e+00 
  3.97564604e+00   3.56182853e+00  -5.59886083e+00 
  4.95949349e+00   1.06994308e+00  -8.33823228e+00 
  5.86976183e+00  -1.72409868e+00  -8.03799768e+00 
  7.91362401e+00  -1.39044531e-01  -5.17953167e+00 
  8.64625560e+00  -3.55652320e+00  -3.65717690e+00 
  1.08766645e+01  -3.48635115e+00  -5.77604982e-01 
  8.51363445e+00  -5.34918755e+00   1.64822370e+00 
  7.40271962e+00  -2.82415436e+00   4.21664784e+00 
  7.00077128e+00   1.47756324e+00   8.16074085e+00 
  5.34961272e+00   2.63355754e+00   1.13571725e+01 
  5.07238171e+00   6.44767037e+00   1.12945990e+01 

   6.119383908244e+00 

