  1.24086275e+00  -1.00165822e+00   4.99536735e-01 
  2.97511577e-01  -6.41424159e-01  -2.88229964e-01 
  9.53261984e-02  -1.37128725e+00  -1.49495640e+00 
  2.18023675e+00  -2.00929697e+00   3.94767774e-01 
  2.78598079e+00  -3.47206417e+00  -1.43119811e+00 
  2.33215384e+00  -2.34321967e+00  -9.44460172e-01 
  1.16774901e+00  -2.09155198e+00  -1.67819979e+00 
  1.19303259e+00  -2.87382297e+00  -2.86732717e+00 
  2.24545978e+00  -3.53813945e+00  -2.75909495e+00 
  3.87354367e+00  -1.74962050e+00   8.27591955e-01 
  1.19345970e+00  -1.33299158e-01   2.11465581e+00 
 -6.28165227e-01   8.73254097e-01   5.11195441e-02 
 -1.29487070e+00  -5.51909357e-01  -2.47141915e+00 
  1.21316658e+01   2.31640168e+00  -4.07630095e+00 
  9.38205499e+00   8.33380559e-01  -6.24483566e+00 
  7.11376233e+00  -1.38113868e+00  -4.17429185e+00 
  5.12092356e+00  -2.56958869e+00  -7.15936511e+00 
  2.46745808e+00  -1.73378127e+00  -9.72423395e+00 
 -4.03496069e+00   1.28908781e+00  -1.07651464e+01 
 -6.45228978e-01   2.96780832e+00  -1.07678066e+01 
  2.90979215e+00   2.61003183e+00  -9.51110568e+00 
  3.58486694e+00   2.36814126e+00  -5.76757830e+00 
  6.74150792e+00   3.57405173e+00  -4.06483597e+00 
  8.12541870e+00   3.32185714e+00  -5.81234933e-01 
  8.69306632e+00   6.94171321e+00   3.49688366e-01 
  7.84750677e+00   6.13023303e+00   5.88318350e+00 
  4.83926630e+00   5.48549194e+00   3.65911402e+00 
  3.61077982e+00   3.71681930e+00   5.54820548e-01 
  3.00428503e+00   6.33747589e+00  -2.13928381e+00 
  6.46772233e-01   5.40462311e+00  -4.93722630e+00 
  5.44485876e-01   7.50921462e+00  -8.09192766e+00 
 -1.22346982e+01   5.94737746e+00   2.16268047e+00 
 -7.20188379e+00  -4.69584426e+00   9.50421175e+00 
 -7.49232552e+00  -2.08857563e+00   6.77947543e+00 
 -4.35344462e+00  -3.48721704e-01   5.57782968e+00 
 -4.77177634e+00   3.25227186e+00   6.59530286e+00 
 -5.14639424e+00   5.90870231e+00   3.92406167e+00 
 -3.07845402e+00   8.71005742e+00   5.43130229e+00 
 -3.63163179e+00   1.14420328e+01   2.86010891e+00 
 -2.54965769e+00   8.35057298e+00  -2.32334614e+00 
 -3.90788793e-01   8.11177405e+00   7.86456531e-01 
 -8.25310062e-01   4.90547822e+00   2.75550932e+00 
  5.55397623e-01   3.48287000e+00   5.97863907e+00 
  3.65071991e+00   1.30512072e+00   5.16349639e+00 
  6.98732483e+00  -4.50724681e+00   4.90497730e+00 
  5.56372918e+00  -7.60019813e+00   3.27982820e+00 
  2.56925319e+00  -8.92810904e+00   1.42837336e+00 
  9.45329879e-01  -1.23594062e+01   1.74133102e+00 
  2.12344999e+00  -1.34625444e+01  -1.70250022e+00 
  5.71620280e+00  -1.30865235e+01  -6.37475557e-01 
 -2.42712220e+00  -1.21480377e+01  -1.90796810e+00 
 -5.39212145e-01  -9.13769799e+00  -3.29902413e+00 
 -2.73358175e+00  -6.61086945e+00  -1.55495008e+00 
 -2.96938564e+00  -8.42479264e+00   1.79162607e+00 
 -1.62400504e-01  -6.91071768e+00   3.88608686e+00 
  1.41292055e+00  -8.33824683e+00   7.02684848e+00 
  3.60233814e+00  -7.06009618e+00   9.83359841e+00 
 -1.44055127e+00  -8.58324448e+00   1.19135116e+01 
 -2.71339033e+00  -8.74716358e+00   8.33944103e+00 
 -4.40339162e+00  -5.87113178e+00   6.48905706e+00 
 -6.58074421e+00  -5.27346228e+00   3.44800651e+00 
 -5.00901478e+00  -2.86563041e+00   9.27650584e-01 
 -6.41742648e+00  -1.00474896e+00  -2.06868716e+00 
 -9.99425925e+00  -1.01202389e+00  -5.66477714e-01 
 -1.05593776e+01   2.16489196e+00  -5.01876144e+00 

   6.367923813417e+00 

 -1.07199707e+00   1.00098562e+00   1.39240551e+00 
  2.07873437e-01   1.02068109e+00   1.34997958e+00 
  9.02200222e-01  -1.82170683e-01   1.03244898e+00 
 -1.97395504e+00  -2.82008104e-02   1.20271362e+00 
 -1.67891567e+00  -2.41643388e+00   9.78973314e-01 
 -1.32946742e+00  -1.23689295e+00   1.43033983e+00 
  4.10377273e-02  -1.15389257e+00   1.16131258e+00 
  5.46664356e-01  -2.46454517e+00   9.30785875e-01 
 -4.69049368e-01  -3.18804647e+00   1.00498209e+00 
 -3.37720252e+00  -2.39692675e-01   2.25543612e+00 
 -1.80727050e+00   2.67409720e+00   1.55043956e+00 
  1.10180877e+00   2.50493132e+00   1.86395110e+00 
  2.75686985e+00   1.45243077e-01   1.13495679e+00 
 -4.92426161e+00  -4.65750344e+00   1.15756743e+01 
 -2.02916127e+00  -5.97339609e+00   9.49023077e+00 
 -2.39140628e+00  -4.87826285e+00   5.88386689e+00 
  5.72271166e-01  -6.90606610e+00   4.70102615e+00 
  4.34152200e+00  -7.20228275e+00   4.54933864e+00 
  1.05318592e+01  -3.62296511e+00   3.37848581e+00 
  8.62077645e+00  -3.99646741e+00   6.62142420e+00 
  5.18446156e+00  -4.71419090e+00   8.04342609e+00 
  2.25026895e+00  -2.45039800e+00   7.15236513e+00 
 -7.20696144e-01  -1.78818642e+00   9.40020321e+00 
 -3.99709516e+00   3.55449433e-03   8.98891098e+00 
 -3.91557591e+00   2.53563960e+00   1.17949936e+01 
 -7.07587089e+00   6.34930157e+00   9.06340845e+00 
 -3.71176474e+00   5.58079400e+00   7.48104541e+00 
 -1.38901864e+00   2.82987841e+00   6.33591052e+00 
  1.53697642e+00   2.66283464e+00   8.76583325e+00 
  4.71725538e+00   1.06068809e+00   7.51063795e+00 
  7.42376630e+00   6.70551986e-02   9.97628205e+00 
  9.53005709e+00   1.15401241e+01  -1.63561259e+00 
 -1.89180254e+00   8.63265173e+00  -8.95635011e+00 
  8.24746894e-01   8.31088054e+00  -6.34422136e+00 
 -1.26778990e-01   7.21659268e+00  -2.84840242e+00 
  5.95821544e-01   1.01898966e+01  -6.54155343e-01 
  3.35288600e+00   9.96804050e+00   1.93077528e+00 
  1.75621599e+00   1.18441362e+01   4.81636905e+00 
  4.59921020e+00   1.18080302e+01   7.32571379e+00 
  6.20644484e+00   5.89421869e+00   7.12664432e+00 
  2.62028132e+00   7.12018445e+00   7.28492139e+00 
  7.22136447e-01   6.84352718e+00   4.01891199e+00 
 -2.73475535e+00   7.77408012e+00   2.79306391e+00 
 -5.06763745e+00   4.70802921e+00   3.17393464e+00 
 -9.00858409e+00  -1.57589764e-01   7.70172506e-01 
 -7.88232756e+00  -2.54149296e+00  -1.92846304e+00 
 -4.96849410e+00  -3.44454040e+00  -4.13123374e+00 
 -5.03345236e+00  -4.56193919e+00  -7.77212234e+00 
 -4.00940596e+00  -8.12319167e+00  -6.91558029e+00 
 -7.13214173e+00  -8.56840124e+00  -4.85794775e+00 
 -2.48463013e-01  -5.70819317e+00  -8.49701713e+00 
  1.89169081e-01  -5.70786326e+00  -4.70625673e+00 
  1.39374296e+00  -2.13394958e+00  -4.57187844e+00 
 -1.10766308e+00  -7.01525788e-01  -7.06920154e+00 
 -3.98722584e+00   5.56753494e-01  -4.90512990e+00 
 -7.53169325e+00   1.34864220e+00  -5.99761445e+00 
 -1.04951236e+01   3.22324232e+00  -4.58021585e+00 
 -8.68268071e+00   5.82326969e+00  -9.27400557e+00 
 -5.55167490e+00   3.68244970e+00  -9.08782860e+00 
 -2.31525462e+00   4.69399610e+00  -7.34027553e+00 
  1.34717638e+00   3.73186455e+00  -7.25682679e+00 
  2.54893015e+00   2.70334200e+00  -3.77571908e+00 
  6.01174641e+00   2.19893382e+00  -2.29956900e+00 
  7.59962948e+00   4.68266617e+00  -4.82149680e+00 
  1.17803821e+01   3.56639982e+00  -1.42882230e+00 

   6.367923813417e+00 

 -3.41635545e+00   1.60765351e-01   3.00573628e-01 
 -3.35872877e+00   1.21768994e+00  -4.20429814e-01 
 -2.98027958e+00   2.44662260e+00   1.92977452e-01 
 -3.19327997e+00  -3.46823575e-02   1.64993401e+00 
 -2.86180117e+00   1.51419200e+00   3.47527649e+00 
 -3.35979685e+00   1.17462406e+00   2.31172307e+00 
 -3.07742593e+00   2.26472013e+00   1.48135790e+00 
 -2.78355919e+00   3.39815210e+00   2.29104016e+00 
 -2.83887524e+00   2.94908618e+00   3.45547715e+00 
 -4.25333969e+00  -1.05461074e+00   2.62874780e+00 
 -3.65651695e+00  -1.36584718e+00  -6.87697981e-01 
 -3.92571557e+00   1.16798609e+00  -2.13575525e+00 
 -3.07363769e+00   3.81992295e+00  -1.09653310e+00 
 -1.33905633e+01   3.97979315e-01   7.44314400e+00 
 -1.12134000e+01   3.46644593e+00   6.88931476e+00 
 -7.66312541e+00   2.43866879e+00   6.06735170e+00 
 -6.35569196e+00   5.98609381e+00   6.09694358e+00 
 -6.14380216e+00   9.29215636e+00   4.26854037e+00 
 -5.05251982e+00   1.24596055e+01  -2.15633742e+00 
 -8.29985142e+00   1.11798617e+01  -6.98433512e-01 
 -9.73229162e+00   8.75196979e+00   1.83117762e+00 
 -8.97789581e+00   5.02817982e+00   1.52702397e+00 
 -1.12897044e+01   2.26052969e+00   2.67314238e+00 
 -1.09982807e+01  -1.47363220e+00   2.96536581e+00 
 -1.39109770e+01  -2.69776864e+00   8.89338328e-01 
 -1.13884612e+01  -7.52414662e+00  -6.39068986e-01 
 -9.73185337e+00  -4.34680344e+00  -1.89279447e+00 
 -8.43858443e+00  -9.36826578e-01  -9.06116620e-01 
 -1.08218887e+01   1.68297910e+00  -2.30266739e+00 
 -9.45803177e+00   5.17535169e+00  -2.74964727e+00 
 -1.18436979e+01   8.06647853e+00  -3.33436176e+00 
 -7.18141158e-01   3.13169485e+00  -1.44146941e+01 
  6.57824258e+00  -5.06759352e+00  -5.92706038e+00 
  4.01703954e+00  -2.53159248e+00  -7.07393957e+00 
  5.60627947e-01  -2.60560486e+00  -5.53401798e+00 
 -1.75205918e+00  -3.55733334e+00  -8.34881794e+00 
 -4.28994413e+00  -1.04323530e+00  -9.60219016e+00 
 -7.27454894e+00  -3.30671567e+00  -1.02059552e+01 
 -9.74395364e+00  -8.25337379e-01  -1.16638760e+01 
 -9.26670179e+00   3.75461962e+00  -7.61514495e+00 
 -9.52345830e+00   9.16991021e-02  -6.66346127e+00 
 -6.27262788e+00  -1.45488814e+00  -5.48597240e+00 
 -5.13216574e+00  -4.89550602e+00  -4.39958946e+00 
 -5.40815049e+00  -5.14928576e+00  -5.46344351e-01 
 -2.84405239e+00  -5.85529022e+00   5.61079292e+00 
 -2.99637892e-02  -3.69977077e+00   6.90258365e+00 
  2.24661869e+00  -8.46177373e-01   5.99028114e+00 
  5.93170998e+00  -4.13060514e-01   6.85131615e+00 
  5.24440240e+00   2.42557018e+00   9.28742752e+00 
  3.16903711e+00   1.32071847e-01   1.14359773e+01 
  6.76610398e+00   4.18807538e+00   5.15755442e+00 
  2.98474997e+00   4.68425000e+00   5.02887252e+00 
  2.70964997e+00   3.73462495e+00   1.38683367e+00 
  5.11038802e+00   7.73039522e-01   1.49152999e+00 
  2.85738840e+00  -2.24812977e+00   2.08725087e+00 
  3.86957609e+00  -5.68123981e+00   3.34148011e+00 
  2.33451808e+00  -9.13632432e+00   3.44660624e+00 
  6.93276393e+00  -9.21044061e+00   1.40945166e-01 
  6.87963242e+00  -5.41400905e+00   2.13429254e-01 
  5.13044847e+00  -3.20495727e+00  -2.35795750e+00 
  5.13517090e+00   3.85282518e-01  -3.56469590e+00 
  1.71767866e+00   2.07351635e+00  -3.26337365e+00 
  3.08644390e-01   5.29394631e+00  -4.70142666e+00 
  2.73952211e+00   5.17094901e+00  -7.72237419e+00 
 -5.48313672e-01   9.39289538e+00  -8.98739916e+00 

   6.367923813417e+00 

 -3.08179037e-02   2.37450400e-01  -8.44046227e-01 
  5.53730932e-02   5.30621114e-01   3.99689446e-01 
  8.97556264e-01   1.61030485e+00   7.93108179e-01 
  5.49850240e-01   8.12722309e-01  -1.95787864e+00 
  1.80870196e+00   2.85452807e+00  -2.25298325e+00 
  9.02758565e-01   2.12095483e+00  -1.65440202e+00 
  1.16878720e+00   2.28448809e+00  -2.90571123e-01 
  1.97163130e+00   3.44656206e+00  -1.12704545e-01 
  2.17651895e+00   3.84295068e+00  -1.27955102e+00 
 -3.65275521e-01   1.09147214e+00  -3.44344262e+00 
 -9.37301284e-01  -1.32810670e+00  -1.14772860e+00 
 -1.01598253e+00  -2.99251792e-01   1.59542936e+00 
  7.44419646e-01   1.84804391e+00   2.65792355e+00 
 -6.87184947e+00   8.55043323e+00  -6.73064176e+00 
 -4.29489222e+00   9.52645487e+00  -4.10977795e+00 
 -1.55106814e+00   6.92426104e+00  -3.91894968e+00 
  5.29727450e-01   8.92409608e+00  -1.47652637e+00 
  9.62548439e-01   1.00818882e+01   2.09981095e+00 
  7.22462575e-01   8.07164714e+00   9.05710753e+00 
 -2.11138350e+00   9.30932437e+00   6.87860754e+00 
 -3.22677146e+00   9.66350193e+00   3.27639373e+00 
 -3.54687026e+00   6.56844581e+00   1.07493997e+00 
 -5.98706005e+00   6.20801130e+00  -1.79446669e+00 
 -6.54669601e+00   3.64083419e+00  -4.47974071e+00 
 -1.01710787e+01   2.69075364e+00  -3.97635483e+00 
 -9.52621910e+00  -2.59895805e+00  -5.87270547e+00 
 -7.61979122e+00  -1.75732170e+00  -2.69955753e+00 
 -5.28490062e+00   7.18964957e-01  -1.05934102e+00 
 -7.26457392e+00   2.66768929e+00   1.54397269e+00 
 -5.29541943e+00   4.32407139e+00   4.30719401e+00 
 -6.95527331e+00   6.94596993e+00   6.48949595e+00 
 -1.45233418e+00  -7.45733071e+00   1.22485288e+01 
  5.88860159e+00  -1.10511989e+01   1.03691676e+00 
  3.80369620e+00  -8.94360785e+00   3.38587902e+00 
  1.10058054e+00  -6.72733706e+00   1.93504239e+00 
 -2.13892107e+00  -8.15917773e+00   3.21288013e+00 
 -4.24131606e+00  -6.13928488e+00   5.62792858e+00 
 -7.72447088e+00  -6.91906585e+00   4.34133788e+00 
 -9.83643698e+00  -5.07033313e+00   6.89134128e+00 
 -6.99919565e+00   3.64561230e-01   6.98068991e+00 
 -7.83658096e+00  -1.54652268e+00   3.81285838e+00 
 -4.86633929e+00  -3.21049013e+00   2.15298270e+00 
 -4.32563187e+00  -5.43314851e+00  -8.61342828e-01 
 -3.42968778e+00  -3.21840149e+00  -3.90769301e+00 
  6.83271816e-01  -1.06895266e+00  -8.74988403e+00 
  4.19983413e+00   1.09761440e-01  -8.05814373e+00 
  6.70238007e+00   6.83106113e-01  -5.30738773e+00 
  1.04583474e+01   5.35336907e-02  -5.37961862e+00 
  1.12924492e+01   3.76403915e+00  -5.34386903e+00 
  9.50085229e+00   4.23882724e+00  -8.62232886e+00 
  1.18228690e+01   1.95792661e+00  -9.92494035e-01 
  8.43751669e+00   3.71310014e+00  -8.50571783e-01 
  6.80663731e+00   9.93313675e-01   1.19513318e+00 
  8.31206263e+00  -1.96870422e+00  -6.77201550e-01 
  5.69038082e+00  -2.85688705e+00  -3.30327661e+00 
  6.16809490e+00  -4.92443853e+00  -6.44666326e+00 
  3.94367183e+00  -6.69019845e+00  -8.94448181e+00 
  7.10211495e+00  -1.05054246e+01  -6.19765817e+00 
  8.01021146e+00  -7.77160262e+00  -3.72327991e+00 
  6.14152469e+00  -7.05706710e+00  -4.75352440e-01 
  6.64976240e+00  -5.24953683e+00   2.81411414e+00 
  4.02648680e+00  -2.54365374e+00   3.45971738e+00 
  3.07480322e+00  -5.79100130e-01   6.56767018e+00 
  4.32356046e+00  -3.41012131e+00   8.90782899e+00 
  1.95007862e+00   9.80081633e-02   1.24141939e+01 

   6.367923813417e+00 

  4.59129444e-01   1.03663120e+00  -2.08652485e+00 
  6.19458967e-01   3.45491013e-01  -1.02028094e+00 
  1.31015999e+00  -8.97625657e-01  -1.10607602e+00 
  8.70617663e-01   8.14457794e-01  -3.38654498e+00 
  2.36289560e+00  -8.22513560e-01  -4.35308339e+00 
  1.95111710e+00  -5.75657679e-02  -3.37203498e+00 
  1.91962000e+00  -9.05716319e-01  -2.25974111e+00 
  2.71559131e+00  -2.05416584e+00  -2.53196242e+00 
  3.09389231e+00  -1.87652453e+00  -3.70923278e+00 
  1.54948270e+00   2.10824797e+00  -4.38017782e+00 
 -6.69721713e-01   2.46306709e+00  -1.85013566e+00 
  1.34778723e-01   1.03398749e+00   5.78888691e-01 
  1.45987455e+00  -1.62695320e+00   6.26890774e-01 
  1.10079170e+01   6.39918747e+00  -5.33051529e+00 
  1.08487094e+01   2.80308361e+00  -4.10375366e+00 
  7.44884778e+00   1.30529480e+00  -4.83448517e+00 
  8.43160513e+00  -2.14966948e+00  -3.65470046e+00 
  9.12278431e+00  -4.40069299e+00  -6.92746761e-01 
  6.85655038e+00  -6.40743536e+00   5.89055445e+00 
  9.14559639e+00  -3.53814427e+00   4.97631829e+00 
  1.01074100e+01  -1.21991450e+00   2.13973552e+00 
  7.47239257e+00   1.02759058e+00   5.47994781e-01 
  8.17661204e+00   4.40104084e+00  -1.01464466e+00 
  6.15117566e+00   6.87081398e+00  -2.99255150e+00 
  6.48768670e+00   1.00385880e+01  -9.56828478e-01 
  1.44422525e+00   1.20988244e+01  -2.47734216e+00 
  1.35499633e+00   8.88333112e+00  -4.61324309e-01 
  2.74923646e+00   5.38524187e+00  -1.55569543e-01 
  5.08390586e+00   5.29973896e+00   2.85040505e+00 
  5.76257102e+00   1.92288708e+00   4.39728840e+00 
  8.64416037e+00   1.51269864e+00   6.83041331e+00 
 -7.12738472e+00  -5.82281885e-01   1.10462513e+01 
 -1.22823044e+01  -8.61350051e-01  -1.83219565e+00 
 -9.74532821e+00  -8.06757671e-01   9.72651194e-01 
 -6.63553206e+00   1.31389428e+00   5.78163436e-01 
 -6.93557071e+00   4.00014942e+00   3.19950238e+00 
 -4.47900149e+00   4.07200338e+00   6.07918908e+00 
 -3.91148409e+00   7.80808370e+00   6.41884979e+00 
 -1.62078096e+00   7.89045570e+00   9.43988021e+00 
  2.47075334e+00   3.60117654e+00   7.87226111e+00 
  1.18800467e+00   6.28091515e+00   5.51383594e+00 
 -1.28811335e+00   5.04175322e+00   2.92933833e+00 
 -3.35137052e+00   6.60398862e+00   1.68700081e-01 
 -1.38561629e+00   6.35931422e+00  -3.15756123e+00 
 -4.77314398e-01   4.17630528e+00  -9.43393283e+00 
 -6.43178742e-01   5.23121866e-01  -1.03617378e+01 
 -1.16192107e+00  -2.92639529e+00  -8.95111497e+00 
 -3.05067012e+00  -5.84305627e+00  -1.05114307e+01 
  1.27552664e-01  -7.83222613e+00  -1.11493631e+01 
  1.41523410e+00  -5.12082342e+00  -1.34239430e+01 
 -2.03958053e+00  -9.47224219e+00  -7.26455510e+00 
  7.68479573e-01  -7.28252687e+00  -5.89293867e+00 
 -1.34679829e+00  -5.82909168e+00  -3.12616428e+00 
 -4.51376709e+00  -5.30139462e+00  -5.18464361e+00 
 -4.25651617e+00  -1.69557252e+00  -6.40539073e+00 
 -6.14411111e+00  -7.97071321e-02  -9.27066974e+00 
 -6.85430751e+00   3.43902683e+00  -1.04619699e+01 
 -1.17052197e+01   9.43271115e-01  -8.93992908e+00 
 -9.63074308e+00  -1.78918823e+00  -7.31168391e+00 
 -8.53245152e+00  -1.81357339e+00  -3.65863790e+00 
 -7.24042035e+00  -4.23133424e+00  -1.04499112e+00 
 -3.84189959e+00  -3.21900178e+00   3.85191172e-01 
 -1.88359337e+00  -4.38571257e+00   3.42301372e+00 
 -5.12313893e+00  -5.44148349e+00   5.27803694e+00 
 -1.25410758e+00  -6.10611589e+00   9.12821143e+00 

   6.367923813417e+00 

  2.96369699e-01   2.71402363e-01   1.18067161e+00 
 -3.09355197e-01   1.19946671e+00   5.38760169e-01 
 -1.63963334e+00   1.54022436e+00   9.18249347e-01 
 -9.99950650e-02  -5.00967853e-01   2.25541583e+00 
 -2.01202395e+00  -3.64461448e-01   3.72724350e+00 
 -1.10988605e+00   1.64494935e-01   2.93761385e+00 
 -1.83925169e+00   1.00821548e+00   2.09279997e+00 
 -3.10812433e+00   1.26856320e+00   2.68338641e+00 
 -3.09439042e+00   5.78042355e-01   3.72435996e+00 
  9.88807863e-01  -8.45582359e-01   3.60367619e+00 
  1.88268484e+00  -2.18506811e-01   4.00609167e-01 
  5.84516870e-01   2.16877516e+00  -6.97249418e-01 
 -2.22016720e+00   2.98585811e+00  -1.45061765e-01 
  3.80477020e+00   4.30270193e+00   1.22259038e+01 
  3.94840228e-01   5.11836218e+00   1.07530392e+01 
 -6.72066211e-01   2.42458390e+00   8.31548553e+00 
 -4.10736142e+00   3.90974843e+00   7.77928097e+00 
 -6.15089241e+00   6.63473146e+00   6.13111417e+00 
 -7.20555418e+00   1.03886052e+01   2.38392709e-02 
 -4.78212997e+00   1.11223165e+01   2.83401250e+00 
 -2.89267250e+00   9.51664512e+00   5.69709587e+00 
 -4.53870499e-01   6.67076741e+00   5.00322336e+00 
  2.62920737e+00   5.92381031e+00   7.06589632e+00 
  5.16608941e+00   3.15326583e+00   7.11688724e+00 
  8.42908587e+00   5.00819313e+00   6.66489292e+00 
  1.10276566e+01   7.29973560e-01   4.03101617e+00 
  8.05575072e+00   2.21534285e+00   2.19440510e+00 
  4.43979991e+00   3.26592278e+00   2.50295255e+00 
  4.30462112e+00   7.07039139e+00   2.46269747e+00 
  1.02276447e+00   8.65796866e+00   1.48005896e+00 
  4.38075015e-01   1.23443759e+01   2.15862275e+00 
  9.72958256e-01   5.90285978e+00  -1.29782408e+01 
  2.35913445e-01  -7.41552175e+00  -9.15947802e+00 
  1.91960558e-01  -3.64252207e+00  -8.89692190e+00 
  1.81005374e+00  -2.00422644e+00  -5.89336079e+00 
  4.74152847e+00  -8.80286557e-02  -7.27612963e+00 
  4.73275749e+00   3.69451092e+00  -7.11862333e+00 
  8.36754096e+00   4.36539700e+00  -6.26188385e+00 
  8.40541051e+00   8.15699612e+00  -6.31731609e+00 
  3.45875796e+00   9.38592479e+00  -2.90903775e+00 
  6.06344079e+00   6.77709203e+00  -2.01559972e+00 
  4.95135003e+00   3.19806804e+00  -2.56346105e+00 
  6.52683777e+00  -2.24760234e-01  -2.21587199e+00 
  5.70383193e+00  -1.63317450e+00   1.29512505e+00 
  2.84683472e+00  -6.04319789e+00   5.46317512e+00 
 -8.16683911e-01  -6.92795522e+00   5.29020759e+00 
 -4.01475511e+00  -6.18729776e+00   3.45121710e+00 
 -6.76872215e+00  -8.62205394e+00   2.45297000e+00 
 -9.23420730e+00  -7.19198348e+00   4.97113122e+00 
 -6.95114532e+00  -8.14874667e+00   7.80940078e+00 
 -1.01895415e+01  -5.49525071e+00   6.48367458e-01 
 -8.29853201e+00  -2.65229862e+00   2.35221400e+00 
 -6.31440276e+00  -1.75908689e+00  -7.31180015e-01 
 -5.53936722e+00  -5.32503476e+00  -1.83970536e+00 
 -2.13305572e+00  -6.07534234e+00  -2.92955548e-01 
 -5.38966422e-01  -9.47138575e+00   2.63486656e-01 
  2.91990337e+00  -1.07965626e+01   1.02846363e+00 
  1.27999787e+00  -1.26269769e+01  -4.07418731e+00 
 -1.55490056e+00  -1.01051024e+01  -3.91776132e+00 
 -1.39686241e+00  -6.55324965e+00  -5.30013264e+00 
 -3.72109799e+00  -3.73409700e+00  -6.29831545e+00 
 -3.06822048e+00  -4.97679663e-01  -4.36970573e+00 
 -4.21356240e+00   3.08419646e+00  -4.90158777e+00 
 -4.62927497e+00   2.53045272e+00  -8.71878174e+00 
 -5.47292053e+00   7.93746389e+00  -8.18261403e+00 

   6.367923813417e+00 

  1.88771782e-01   1.79412065e+00  -3.48494503e-01 
  2.52777713e-01   6.08425275e-01   1.31386843e-01 
 -9.27748892e-01   2.31221900e-02   6.73184767e-01 
 -8.61073240e-01   2.68854151e+00  -4.29566360e-01 
 -3.07833000e+00   2.67113343e+00   5.31804832e-01 
 -1.80537187e+00   2.36011060e+00   5.34045544e-01 
 -1.78163295e+00   9.95302779e-01   8.41104425e-01 
 -3.02910796e+00   6.30855393e-01   1.42213392e+00 
 -3.69374779e+00   1.68765452e+00   1.37671257e+00 
 -6.50452723e-01   4.40415342e+00  -6.29988543e-02 
  1.71566658e+00   2.28857935e+00  -1.23675518e+00 
  1.85362460e+00  -2.17791430e-01   2.76097055e-01 
 -4.94771759e-01  -1.67401265e+00   1.37302129e+00 
 -5.02361959e-01   1.00401918e+01   8.71141990e+00 
 -2.46258001e+00   6.78199406e+00   8.77424576e+00 
 -3.11742281e+00   5.56387745e+00   5.24950867e+00 
 -5.30575796e+00   2.69263332e+00   6.37273107e+00 
 -5.44547304e+00  -7.59477839e-01   7.91591397e+00 
 -2.45753888e+00  -7.36040249e+00   7.96815517e+00 
 -1.43726522e+00  -4.31282023e+00   9.96306738e+00 
 -1.61723438e+00  -5.29898038e-01   1.00139314e+01 
 -1.44893797e-01   1.47983005e+00   7.12924070e+00 
  1.30052598e+00   4.96241231e+00   7.44596812e+00 
  2.54865702e+00   7.53619375e+00   5.01037676e+00 
  6.06933673e+00   8.18772275e+00   6.22385289e+00 
  8.09009324e+00   9.47313259e+00   1.09966475e+00 
  6.86770399e+00   5.90437496e+00   1.52559941e+00 
  4.01789862e+00   3.73418759e+00   2.72681381e+00 
  5.10583266e+00   2.02977169e+00   5.95252941e+00 
  3.27620787e+00  -1.12707624e+00   6.92379011e+00 
  3.63093895e+00  -2.50068100e+00   1.04422108e+01 
  8.78466653e+00  -1.05301419e+01  -2.96937806e+00 
  2.32870552e+00  -2.53681454e+00  -1.22931517e+01 
  3.34934364e+00  -3.95804513e+00  -8.93982566e+00 
  3.88832335e+00  -1.58534189e+00  -6.04096422e+00 
  7.56185187e+00  -1.81693175e+00  -5.24789294e+00 
  8.66159141e+00  -3.29973538e+00  -1.94269141e+00 
  1.15464272e+01  -9.95104405e-01  -1.06968518e+00 
  1.27825657e+01  -2.61171405e+00   2.13020009e+00 
  7.49579979e+00  -3.31668915e+00   5.15495044e+00 
  8.47789485e+00  -1.60466523e-01   3.29420851e+00 
  6.67216023e+00   3.46896094e-01   3.58299753e-03 
  6.77764298e+00   2.89234296e+00  -2.79432815e+00 
  4.09152903e+00   5.59961532e+00  -2.12834182e+00 
 -1.52969508e+00   8.95133720e+00  -3.59503225e+00 
 -4.80826469e+00   7.21954439e+00  -4.29213845e+00 
 -6.45145065e+00   3.84052459e+00  -4.49284708e+00 
 -9.08188567e+00   2.65119251e+00  -6.97783606e+00 
 -1.18256600e+01   2.55269448e+00  -4.34594419e+00 
 -1.14618230e+01   6.25682360e+00  -3.77097286e+00 
 -1.01851408e+01  -1.82787196e+00  -5.11872251e+00 
 -8.46589494e+00  -7.62235833e-01  -1.88298464e+00 
 -5.15342481e+00  -2.31392837e+00  -2.81126622e+00 
 -5.12010226e+00  -1.20159256e+00  -6.45915484e+00 
 -3.17533631e+00   2.08097401e+00  -6.42758532e+00 
 -3.13843983e+00   4.77738650e+00  -9.09439198e+00 
 -9.81892505e-01   7.76070525e+00  -9.96282533e+00 
 -6.68720882e-01   3.92743181e+00  -1.41203115e+01 
 -2.33669012e+00   1.44858944e+00  -1.17763430e+01 
 -4.86053889e-01  -9.69165386e-01  -9.47825871e+00 
 -1.12051541e+00  -4.13884369e+00  -7.50426285e+00 
 -4.19357897e-01  -3.74370189e+00  -3.76629243e+00 
 -3.20539965e-02  -6.25814549e+00  -9.46343460e-01 
  1.13784800e+00  -9.03119534e+00  -3.39418795e+00 
  1.87333639e+00  -1.13729637e+01   1.52619425e+00 

   6.367923813417e+00 

 -9.21940672e-01  -9.13692675e-01  -3.46243075e-01 
  1.99326322e-01  -1.21394704e+00   1.94926052e-01 
  2.54528788e-01  -2.32167759e+00   1.08915951e+00 
 -2.17826615e+00  -1.47174989e+00  -2.08568336e-01 
 -3.05685797e+00  -3.11879154e+00   1.32638945e+00 
 -2.23816214e+00  -2.14818994e+00   1.00261125e+00 
 -9.78996419e-01  -2.60704022e+00   1.40449082e+00 
 -1.15039486e+00  -3.66959500e+00   2.33626922e+00 
 -2.38980153e+00  -3.81736419e+00   2.38793119e+00 
 -3.62769766e+00  -4.72214099e-01  -5.97951358e-02 
 -7.63489817e-01   3.56347000e-01  -1.66031944e+00 
  1.62898261e+00  -1.33568410e-01  -3.99159838e-02 
  2.00397461e+00  -2.45297194e+00   1.78176916e+00 
 -8.29713948e+00   4.50564529e+00   7.82655461e+00 
 -6.17028704e+00   1.47707777e+00   8.70207248e+00 
 -5.49293955e+00  -6.02039161e-01   5.61097691e+00 
 -3.76772883e+00  -3.36369594e+00   7.53227386e+00 
 -6.34524160e-01  -4.47769529e+00   9.33783171e+00 
  6.60642202e+00  -4.62555599e+00   9.11529706e+00 
  4.36127517e+00  -1.90797218e+00   1.04873191e+01 
  8.61322038e-01  -4.76922711e-01   1.02684542e+01 
 -4.60416537e-01   8.04996215e-01   6.93110116e+00 
 -2.99150483e+00   3.59076342e+00   6.54247934e+00 
 -4.89960065e+00   5.04182661e+00   3.64975169e+00 
 -3.95320632e+00   8.69952023e+00   3.78322523e+00 
 -4.48273577e+00   9.51389228e+00  -1.78897685e+00 
 -1.74798550e+00   7.09718329e+00  -7.43823546e-01 
 -9.33405680e-01   4.07794895e+00   1.37624807e+00 
  1.20616327e+00   5.23117208e+00   4.30646927e+00 
  3.33488836e+00   2.61714911e+00   6.00705050e+00 
  4.87802344e+00   3.35837834e+00   9.39249314e+00 
  1.37544337e+01   6.38635402e-01  -4.19854093e+00 
  3.39585363e+00  -4.27970156e+00  -1.20097669e+01 
  5.25597667e+00  -3.03044110e+00  -8.96252476e+00 
  3.45746442e+00  -7.50505518e-01  -6.53541437e+00 
  5.25031511e+00   2.55204471e+00  -6.77259798e+00 
  7.19752434e+00   3.83026818e+00  -3.78813625e+00 
  6.36405220e+00   7.52850357e+00  -3.94344474e+00 
  8.48550703e+00   8.83880413e+00  -1.08630060e+00 
  7.02263295e+00   4.84532344e+00   3.33049797e+00 
  4.49922548e+00   6.47299832e+00   1.01280479e+00 
  3.13832240e+00   4.18398990e+00  -1.68064910e+00 
  7.58556164e-01   4.53303768e+00  -4.60188369e+00 
 -2.79808836e+00   3.52888987e+00  -3.44861161e+00 
 -8.26696047e+00  -3.51535773e-01  -3.57943782e+00 
 -8.11090729e+00  -4.10145105e+00  -3.19490580e+00 
 -5.75210170e+00  -6.98179392e+00  -2.64921356e+00 
 -5.88992506e+00  -1.04576777e+01  -4.20102093e+00 
 -6.84619487e+00  -1.21155678e+01  -9.14411307e-01 
 -1.00231587e+01  -1.00978734e+01  -7.75299164e-01 
 -2.21958678e+00  -1.27401191e+01  -1.74041698e+00 
 -2.32216471e+00  -9.88785590e+00   7.92458602e-01 
  4.40909915e-01  -7.93764556e+00  -8.82060127e-01 
 -7.07419235e-01  -8.48936167e+00  -4.47683999e+00 
 -2.85885074e+00  -5.43702946e+00  -5.25976085e+00 
 -5.39870687e+00  -5.04700098e+00  -8.04918159e+00 
 -7.22800971e+00  -2.19339485e+00  -9.72717051e+00 
 -3.80069250e+00  -4.70416694e+00  -1.34723372e+01 
 -2.15955350e+00  -6.50449982e+00  -1.05591888e+01 
  9.08380941e-01  -5.25424641e+00  -8.66809683e+00 
  3.59540980e+00  -6.55495869e+00  -6.33698442e+00 
  3.69202482e+00  -4.71686917e+00  -2.98552590e+00 
  6.25249402e+00  -4.62121340e+00  -1.82065430e-01 
  9.15352702e+00  -5.46296731e+00  -2.61637781e+00 
  1.17936723e+01  -4.39452293e+00   2.08713608e+00 

   6.367923813417e+00 

 -3.60286111e-01  -2.50655810e-01   1.32773462e+00 
 -5.71752781e-01   1.44358536e-01   2.52752706e+00 
  2.33372604e-01  -3.86315849e-01   3.57630042e+00 
  5.70934200e-01  -1.12948140e+00   8.08860629e-01 
  2.50826698e+00  -2.19506363e+00   1.78458671e+00 
  1.64419281e+00  -1.21487478e+00   1.68575206e+00 
  1.25865973e+00  -9.57039850e-01   3.00576512e+00 
  2.22439596e+00  -1.51992634e+00   3.88731115e+00 
  3.02857589e+00  -2.08719607e+00   3.11780918e+00 
  1.44135612e+00  -7.83247145e-01  -6.89319762e-01 
 -1.64490176e+00   3.22207651e-01   1.50239719e-01 
 -1.74629765e+00   1.48194652e+00   2.83991877e+00 
 -2.56619430e-01   4.47437049e-01   5.19564317e+00 
  9.88569284e+00   4.84118195e+00  -3.10515462e+00 
  9.65859282e+00   3.48685992e+00   4.41180316e-01 
  7.05774223e+00   7.42720474e-01   6.45321507e-01 
  7.86640046e+00  -1.10404681e-01   4.23875044e+00 
  7.53995864e+00   8.85895109e-01   7.87452102e+00 
  3.02493353e+00   3.39323645e+00   1.29568899e+01 
  5.13532845e+00   5.37031187e+00   1.05184895e+01 
  6.89774853e+00   5.15266165e+00   7.17304775e+00 
  4.90443876e+00   4.34596366e+00   4.02595564e+00 
  5.78825888e+00   5.54724701e+00   5.48353869e-01 
  4.47874062e+00   4.84363660e+00  -2.90191882e+00 
  3.57849256e+00   8.29084707e+00  -4.16623420e+00 
 -6.00740233e-01   6.47361452e+00  -7.51656529e+00 
 -1.13261219e+00   5.92558255e+00  -3.79790155e+00 
  4.11680253e-01   4.59817859e+00  -6.15578572e-01 
  1.30094780e+00   7.56624537e+00   1.59658282e+00 
  1.67488946e+00   6.89647835e+00   5.29362798e+00 
  3.33168576e+00   9.48576154e+00   7.51681199e+00 
 -1.24186638e+01   4.96846100e+00   9.07384549e+00 
 -1.17683432e+01  -6.22433479e+00   9.00481655e-01 
 -1.06299660e+01  -3.23339647e+00   2.91661149e+00 
 -7.90284757e+00  -1.01734952e+00   1.51105880e+00 
 -9.56279036e+00   2.30058250e+00   8.68155452e-01 
 -8.52984921e+00   5.32245019e+00   2.90133992e+00 
 -8.59204892e+00   8.01540234e+00   2.29284266e-01 
 -7.76832858e+00   1.10769738e+01   2.30990811e+00 
 -2.92361970e+00   9.03036938e+00   5.46208265e+00 
 -3.42982245e+00   8.47885633e+00   1.74345325e+00 
 -4.46517388e+00   4.95805807e+00   8.06256536e-01 
 -5.38197503e+00   3.15055401e+00  -2.38923058e+00 
 -2.21135910e+00   1.45491046e+00  -3.82452050e+00 
  1.43873685e+00  -3.87601915e+00  -5.62490096e+00 
  2.09573855e+00  -6.77212282e+00  -3.29788262e+00 
  1.45090940e+00  -8.05200665e+00   1.81228132e-01 
  7.22803525e-01  -1.16283349e+01   1.27146094e+00 
  4.09156319e+00  -1.20109062e+01   2.99481583e+00 
  5.87239465e+00  -1.14727423e+01  -2.79716344e-01 
  7.29845528e-01  -1.11304446e+01   6.21995054e+00 
  2.45178767e+00  -7.75825311e+00   5.74600331e+00 
 -7.65822424e-01  -5.79011308e+00   5.86979684e+00 
 -2.84810351e+00  -8.15985937e+00   3.72645815e+00 
 -2.53591838e+00  -6.75692191e+00   1.91962230e-01 
 -3.25717805e+00  -8.53630694e+00  -3.07873079e+00 
 -3.82201309e+00  -7.54579555e+00  -6.68496320e+00 
 -8.54261648e+00  -9.88393284e+00  -4.60511442e+00 
 -7.01468812e+00  -9.56221280e+00  -1.14348177e+00 
 -7.51626206e+00  -6.59248604e+00   1.19761427e+00 
 -7.13690607e+00  -5.70250990e+00   4.85959367e+00 
 -4.76738185e+00  -2.76034916e+00   5.45054789e+00 
 -4.10535907e+00  -5.64232596e-01   8.47764899e+00 
 -7.67307236e+00  -1.17488854e+00   9.87369341e+00 
 -5.67440807e+00   2.64107785e+00   1.32911084e+01 

   6.367923813417e+00 

  8.20292099e-01   1.61227949e+00   1.28051218e+00 
  1.52182707e+00   5.96671701e-01   9.38977586e-01 
  1.13597311e+00  -1.47357131e-01  -2.13109900e-01 
 -2.97046929e-01   2.18350342e+00   7.02591226e-01 
 -1.39639516e+00   1.80156872e+00  -1.41550332e+00 
 -3.41884766e-01   1.82408504e+00  -6.37902215e-01 
  2.85677669e-01   5.94897752e-01  -8.67713182e-01 
 -1.97420070e-01   5.13522710e-02  -2.09155384e+00 
 -1.05641998e+00   8.79537492e-01  -2.46150247e+00 
 -4.68422983e-01   3.93493479e+00   5.43923799e-01 
  1.29344625e+00   2.28902410e+00   2.91851280e+00 
  3.06790003e+00   2.39815851e-01   1.80419324e+00 
  2.40370837e+00  -1.51346678e+00  -5.03107770e-01 
  2.95770838e+00   1.10257269e+01  -6.29417347e+00 
  2.55364596e+00   7.45841661e+00  -7.54847998e+00 
  4.00145820e-01   5.45395884e+00  -5.16499830e+00 
  3.18572720e-01   2.40319864e+00  -7.39674429e+00 
  2.20128934e+00  -6.06542353e-01  -8.70626425e+00 
  6.55949256e+00  -6.11442273e+00  -6.92525205e+00 
  7.52025615e+00  -2.58083835e+00  -7.87346379e+00 
  6.21905262e+00   9.73182113e-01  -8.01935509e+00 
  5.01271349e+00   2.68556201e+00  -4.83490298e+00 
  5.18013903e+00   6.41132253e+00  -4.19567606e+00 
  3.88817458e+00   8.69033433e+00  -1.50286705e+00 
  7.02807370e+00   1.04216822e+01  -3.04673411e-01 
  5.16128229e+00   1.11478846e+01   4.98501083e+00 
  5.61976860e+00   7.54039980e+00   3.89527201e+00 
  4.86570348e+00   5.00511840e+00   1.19754075e+00 
  8.09418345e+00   4.28662462e+00  -6.87813041e-01 
  8.28370462e+00   1.02471639e+00  -2.58006024e+00 
  1.10276281e+01   4.94333387e-01  -5.14550098e+00 
  9.64168644e+00  -8.44825848e+00   8.60270195e+00 
 -3.14343339e+00  -4.28694890e+00   1.20275646e+01 
  1.91743873e-02  -4.72872032e+00   1.00004622e+01 
  1.35727314e+00  -1.77948793e+00   8.04211151e+00 
  4.64678745e+00  -9.29676147e-01   9.66517135e+00 
  7.86024237e+00  -1.41951691e+00   7.72448737e+00 
  9.80288077e+00   1.65552637e+00   8.80430511e+00 
  1.30997769e+01   1.05223731e+00   7.03025632e+00 
  1.11136932e+01  -3.45403032e-01   1.40015228e+00 
  9.77195631e+00   2.53172597e+00   3.47632262e+00 
  6.34569967e+00   1.92307541e+00   4.97185615e+00 
  3.99509455e+00   3.82003584e+00   7.25109503e+00 
  1.51122071e+00   5.84880807e+00   5.08256474e+00 
 -4.61684824e+00   7.34285250e+00   2.80265620e+00 
 -6.93374107e+00   4.74739512e+00   1.34331022e+00 
 -7.21486571e+00   1.09318225e+00   4.91361771e-01 
 -1.02555082e+01  -1.17392931e+00   8.42883623e-01 
 -1.07538805e+01  -1.43902314e+00  -2.91826047e+00 
 -1.13178243e+01   2.27768396e+00  -3.14541165e+00 
 -8.58746670e+00  -5.33657955e+00  -1.30780792e+00 
 -5.75517949e+00  -3.26780605e+00  -2.81104167e+00 
 -3.31906987e+00  -4.09521322e+00  -5.01211648e-02 
 -5.76451424e+00  -3.74120466e+00   2.85504192e+00 
 -5.32491715e+00  -1.36262719e-01   4.02529937e+00 
 -7.69853957e+00   1.91233770e+00   6.15907827e+00 
 -7.52824565e+00   5.11106868e+00   8.17009385e+00 
 -8.49649947e+00   7.43633411e-01   1.16435283e+01 
 -7.60270028e+00  -1.56773212e+00   8.76608468e+00 
 -4.11541294e+00  -2.95340966e+00   8.08029395e+00 
 -2.44286630e+00  -5.73466129e+00   6.12752959e+00 
  1.29365408e-01  -4.45796498e+00   3.60288064e+00 
  2.85263044e+00  -6.19844742e+00   1.60811459e+00 
  3.18494795e+00  -9.01400014e+00   4.25625484e+00 
  7.33483652e+00  -1.00953282e+01   8.14723519e-01 

   6.367923813417e+00 

