  2.25192365e+00  -5.38743549e+00   1.85450290e+00 
 -9.56228731e-01  -2.33702048e+00  -5.29577586e-01 
 -3.94779939e-01  -1.38810972e+00  -1.31472754e+00 
  1.87724745e+00  -7.23022690e-01  -2.01292027e+00 
  1.04819536e+00  -5.89727149e+00   1.55674147e+00 
  2.77037326e+00  -4.10722587e+00   1.49234650e+00 
  2.99268236e+00  -1.13317527e-01  -2.52929397e+00 
 -1.10793161e+00   2.34804986e-01   6.35713305e-02 
  3.17774861e+00   8.60072006e-01  -4.64970813e-01 
 -1.70019607e+00  -1.78669314e+00   5.21909739e-01 
 -5.41328586e-02  -3.00027469e-01  -6.50129397e-01 
  1.14216464e+00   1.58907203e-01  -1.21209194e+00 
  8.95690032e-01  -3.59923599e+00   7.31455425e-01 
  2.70730565e-01  -4.78201173e+00   1.22653300e+00 
 -2.15877445e+00  -5.14339866e-01   5.69541794e-01 
  2.14737660e+00  -3.45586617e+00   4.78086953e-01 
  3.53576633e+00   8.18629209e-01  -1.76424546e+00 
  1.91864633e+00   3.99324891e-01  -6.26071202e-02 
 -1.97854430e+00  -2.48985738e+00   1.76682978e+00 
 -7.62599980e-01  -3.05701345e+00   1.74851948e+00 
  3.67322672e+00  -4.37277074e+00  -9.04725756e-01 
  3.95709982e+00  -2.28809189e+00  -2.50618278e-01 
  4.56929647e+00  -4.74282024e+00   2.96078097e-01 
  5.27413185e+00  -2.74232783e+00  -6.39429681e-01 
  6.88181912e+00  -4.17423960e+00  -1.00972542e-01 
  5.79030658e-01   2.28533799e+00   1.15922781e-01 
  3.27456754e-01  -2.58685329e+00   1.31336335e+00 
 -3.24432657e+00  -2.07396756e+00   1.86231394e+00 
 -9.53307071e-01  -4.33807607e+00   1.54197283e+00 
 -3.27944619e+00  -8.48848456e-01   1.40143612e+00 
  2.89002442e+00  -3.12361267e+00  -5.74858985e-01 
  3.93461886e+00   2.00266663e+00  -2.40022283e+00 
  5.57449892e+00  -3.77416738e+00   3.25378737e-01 
  1.07800501e+00   1.16425336e+00   7.94564688e-01 
 -3.29717791e+00  -1.23644842e+01  -4.11230737e+00 
 -7.52198851e-02  -1.05361763e+01  -4.69312292e+00 
  5.57255254e-01  -8.09462300e+00  -1.84639572e+00 
  3.84339926e+00  -7.40081400e+00  -3.27838730e+00 
  6.06452035e+00  -5.31661910e+00  -5.63291099e+00 
  6.75715053e+00   1.18849633e+00  -8.88797316e+00 
  4.68889631e+00  -1.82697425e+00  -1.00023242e+01 
  2.96662589e+00  -4.92169662e+00  -8.64086551e+00 
  2.81602374e-01  -4.67048367e+00  -5.95764259e+00 
 -2.56751407e+00  -7.02481441e+00  -5.44512629e+00 
 -5.29590029e+00  -7.54923696e+00  -2.87857193e+00 
 -8.76061703e+00  -2.98194560e+00  -1.87025008e+00 
 -5.03165746e+00  -2.88191293e+00  -2.68565087e+00 
 -4.56019814e+00  -2.59826224e+00  -6.41303384e+00 
 -1.34002795e+00  -1.18404364e+00  -7.71965348e+00 
 -5.04850962e-01  -1.54631888e+00  -1.14133693e+01 
 -2.50607657e+00   8.46057935e+00   5.18189333e+00 
 -3.63865991e+00   5.45868044e+00   3.23740440e+00 
 -6.61754455e+00   6.61036700e+00   1.21744870e+00 
 -6.24899993e+00   6.63418280e+00  -2.56881974e+00 
 -9.74301801e+00   5.46163639e+00  -3.57683642e+00 
 -9.42633764e+00   5.70946364e+00  -7.34065485e+00 
 -4.04754690e+00   2.97273985e+00  -8.27134853e+00 
 -6.75128300e+00   1.64762530e+00  -5.99005786e+00 
 -5.93970481e+00   2.09768085e+00  -2.33905251e+00 
 -7.73004515e+00   1.40255042e+00   9.02109321e-01 
 -6.60789065e+00  -2.01387823e+00   2.11691384e+00 
 -3.34682916e+00  -6.26179641e+00   6.24472807e+00 
 -2.64692772e-02  -5.76951336e+00   7.69115590e+00 
  2.92237675e+00  -3.47945511e+00   7.20151376e+00 
  5.30005699e+00  -2.38770335e+00   9.97410641e+00 
  8.19178628e+00  -4.44848076e+00   8.68075528e+00 
  6.23972810e+00  -7.61056404e+00   9.18323066e+00 
  4.83801543e-01   9.05568445e+00   1.45219934e+01 
  1.03455495e+01   2.66855184e+00   5.12539651e+00 
  8.72549106e+00   6.60699334e-02   7.34425590e+00 
  7.26196799e+00  -1.51794511e+00   4.34737561e+00 
  4.99170430e+00   1.38400511e+00   3.61899446e+00 
  3.79727769e+00   1.99221867e+00   7.00506381e+00 
  5.93851129e-01   1.62308213e-02   7.24929621e+00 
 -1.15057404e+00  -9.89492388e-01   1.04493060e+01 
 -4.54668356e+00  -2.28460646e+00   1.13995162e+01 
 -3.72243011e+00   2.83828921e+00   1.37398589e+01 
 -7.04242291e-01   3.20123114e+00   1.14546170e+01 
 -7.79806779e-01   4.92390940e+00   8.09489432e+00 
  1.61872039e+00   6.36601734e+00   5.52785186e+00 
  1.48543960e+00   4.65041917e+00   2.13634241e+00 
  2.80744962e+00   5.30937568e+00  -1.40497185e+00 
  2.75939658e+00   9.10590355e+00  -6.57132183e-01 
  4.06184912e+00   1.17415400e+01  -3.18191520e+00 
  3.96109925e+00   9.16830243e+00  -5.99904393e+00 
  7.74018168e+00   9.68911084e+00  -6.10074362e+00 
  1.56831004e+01  -6.65777604e-01  -3.57034298e+00 

   2.060777547183e+01 

 -1.22807216e+00  -1.67570509e+00   4.74513362e+00 
 -2.66317995e+00  -2.14448255e+00  -5.08735182e-02 
 -1.67562676e+00  -2.40470429e+00  -9.39204217e-01 
  7.58533425e-01  -2.80851884e+00  -8.78408240e-01 
 -2.47427500e+00  -2.12224362e+00   4.53274290e+00 
 -2.21097110e-01  -1.40433076e+00   3.76981685e+00 
  2.08563010e+00  -3.02305198e+00  -1.15290369e+00 
 -1.93434610e+00  -3.83902317e-01  -1.88345077e+00 
  2.30209753e+00  -7.56654788e-01  -9.08323066e-01 
 -3.29983890e+00  -9.22921750e-01  -3.04780205e-01 
 -1.05999109e+00  -1.31723089e+00  -1.36352665e+00 
  2.91915927e-01  -1.64796924e+00  -1.50677864e+00 
 -1.63133746e+00  -1.73559516e+00   2.26884039e+00 
 -2.71980465e+00  -1.83858036e+00   3.18494840e+00 
 -3.25270989e+00  -2.48541577e-01  -1.47713520e+00 
 -3.93512215e-01  -1.95004836e+00   2.53953302e+00 
  2.81302673e+00  -1.93236309e+00  -1.32626953e+00 
  9.16442264e-01  -5.63537419e-01  -8.61785541e-01 
 -4.00703554e+00  -1.55903756e-01   7.11727722e-01 
 -3.10263442e+00  -5.03402123e-01   1.64008699e+00 
  8.72859466e-01  -3.67595177e+00   3.24568454e+00 
  1.80950794e+00  -2.11686980e+00   2.00222449e+00 
  1.37148185e+00  -2.84524252e+00   4.44698020e+00 
  2.90516343e+00  -2.73981183e+00   2.71185896e+00 
  3.76069541e+00  -3.03345719e+00   4.73840138e+00 
  3.65833575e-01   5.62892321e-01  -2.81409166e+00 
 -1.86316861e+00  -7.12432603e-01   1.50346545e+00 
 -5.02516504e+00   1.89175913e-01  -8.10986999e-02 
 -3.72296279e+00  -1.28943268e+00   2.48713247e+00 
 -4.53029621e+00   3.74677786e-01  -1.27911842e+00 
  5.71038460e-01  -2.74948420e+00   2.09104780e+00 
  3.71662276e+00  -1.94116005e+00  -2.39815292e+00 
  2.64801650e+00  -2.40411949e+00   4.09280967e+00 
  3.01001173e-01   5.95407776e-01  -1.41370403e+00 
 -7.99470942e+00  -9.97821989e+00   5.34107921e+00 
 -4.27557138e+00  -9.76776953e+00   4.91126842e+00 
 -3.22212874e+00  -6.13362814e+00   4.52611256e+00 
  2.63145997e-01  -7.21615642e+00   4.63409239e+00 
  3.43281873e+00  -8.38800304e+00   2.78991199e+00 
  6.98864718e+00  -8.15370714e+00  -3.58918773e+00 
  4.14228248e+00  -1.04751319e+01  -2.53008108e+00 
  1.20447938e+00  -1.06823917e+01  -1.37708014e-01 
 -1.56976851e+00  -8.07978708e+00  -1.84011011e-01 
 -5.13323648e+00  -8.62059743e+00   7.81500727e-01 
 -8.21837805e+00  -6.49010074e+00   1.28069999e+00 
 -9.84177059e+00  -3.24670937e+00  -3.27190055e+00 
 -6.26673765e+00  -4.09547412e+00  -2.23325331e+00 
 -5.15955458e+00  -7.24810305e+00  -3.97429227e+00 
 -1.48537360e+00  -7.87205142e+00  -4.40767633e+00 
 -2.91134503e-01  -1.13227652e+01  -5.47476082e+00 
 -9.31360195e-01   8.11392700e+00  -6.63701614e+00 
 -2.78932403e+00   5.02595785e+00  -5.59412547e+00 
 -4.77780867e+00   3.95429694e+00  -8.62362041e+00 
 -3.85265274e+00   6.30491633e-01  -1.02263092e+01 
 -7.33348464e+00  -6.44143903e-01  -1.11526878e+01 
 -6.37576184e+00  -3.83830403e+00  -1.29438029e+01 
 -2.33013999e+00  -6.22931712e+00  -9.04465935e+00 
 -5.64747118e+00  -4.73397246e+00  -8.02995356e+00 
 -5.29521734e+00  -1.35911304e+00  -6.39371434e+00 
 -7.68853857e+00   1.23467742e+00  -5.07541850e+00 
 -8.12033504e+00   6.05529590e-01  -1.35726600e+00 
 -7.34970298e+00   2.02510136e+00   5.20848507e+00 
 -4.34835507e+00   3.36608056e+00   6.80628406e+00 
 -7.21051890e-01   3.89123272e+00   5.94217699e+00 
  1.43808860e+00   6.72768498e+00   7.29317832e+00 
  3.51466797e+00   4.46475668e+00   9.49513992e+00 
  4.72784107e-01   3.48386897e+00   1.14564121e+01 
  5.98779278e-01   1.64361300e+01  -1.64394756e+00 
  8.68179868e+00   4.65797928e+00   3.07682269e+00 
  5.88987608e+00   5.43298850e+00   5.51102800e+00 
  4.41830621e+00   2.11921966e+00   4.81404604e+00 
  3.53315058e+00   2.98393219e+00   1.26796116e+00 
  2.14879306e+00   6.30063810e+00   1.85536484e+00 
 -1.55695662e+00   5.72355472e+00   2.25598383e+00 
 -4.01770676e+00   8.13008287e+00   3.82056455e+00 
 -7.75404394e+00   8.50749743e+00   3.92602819e+00 
 -5.44843796e+00   1.29746203e+01   1.25589009e+00 
 -2.20124304e+00   1.09989598e+01   1.12947063e+00 
 -1.11470710e+00   8.88537814e+00  -1.80536563e+00 
  2.01056896e+00   7.21072470e+00  -3.16569224e+00 
  1.76786804e+00   3.42306087e+00  -3.40671805e+00 
  3.76495869e+00   5.71846228e-01  -5.02075254e+00 
  5.02139603e+00   3.05028072e+00  -7.71407181e+00 
  7.58173905e+00   2.03867835e+00  -1.04414847e+01 
  6.96137834e+00  -1.65868820e+00  -9.72556085e+00 
  1.06299518e+01  -1.68281821e+00  -8.67483872e+00 
  1.36543177e+01  -4.82073838e+00   3.88399032e+00 

   2.060777542113e+01 

  2.36867543e+00  -3.90925418e+00   1.46255090e+00 
  1.41386270e+00   9.42986776e-01   5.54221920e-01 
  6.89454669e-01   1.20310696e+00  -5.59186621e-01 
 -2.99125640e-01  -8.09358469e-02  -2.42086359e+00 
  3.27047519e+00  -3.02568550e+00   1.91376215e+00 
  1.21085584e+00  -3.64555865e+00   6.69579256e-01 
 -9.74680816e-01  -5.22079531e-01  -3.53062720e+00 
 -1.04374300e+00   1.90895003e+00   6.81776436e-01 
 -2.62920806e+00  -1.09623193e+00  -2.05545850e+00 
  7.60636793e-01   1.35448227e+00   1.72297399e+00 
 -6.12654047e-01   1.11590429e+00  -3.62809979e-01 
 -1.16073724e+00   5.64041168e-01  -1.52582911e+00 
  1.56216940e+00  -1.60166730e+00   8.94370753e-01 
  2.61614856e+00  -1.79150754e+00   1.83655402e+00 
 -2.58686915e-01   2.24317621e+00   1.77424051e+00 
  1.16933118e+00  -2.45589988e+00   1.83337563e-02 
 -2.23106848e+00  -8.80043061e-01  -3.32540540e+00 
 -2.00484921e+00  -4.29622871e-01  -9.94652685e-01 
  1.02211942e+00   7.82193011e-01   3.03668777e+00 
  1.18814290e+00  -4.36902505e-01   2.50116023e+00 
  2.04481590e+00  -3.52300257e+00  -1.76377402e+00 
 -1.24560220e-01  -3.14056671e+00  -1.72146624e+00 
  1.69194367e+00  -4.89143702e+00  -1.14354686e+00 
  4.42667080e-02  -4.24466176e+00  -2.64047134e+00 
  6.70488781e-01  -6.37062684e+00  -2.75516712e+00 
 -3.36683271e+00   1.38022550e+00  -4.91698615e-01 
  6.15055756e-01  -9.48971550e-01   1.49717262e+00 
  9.77319568e-01   1.94692884e+00   3.68908704e+00 
  2.45623865e+00  -7.37672855e-01   2.64815601e+00 
  6.09530358e-02   2.67701609e+00   3.10444843e+00 
  1.03776356e+00  -2.49431267e+00  -1.30522549e+00 
 -3.17176646e+00  -4.49181537e-01  -4.27141958e+00 
  5.33752537e-01  -5.31234105e+00  -1.80005283e+00 
 -2.75242170e+00   2.29173548e-01   2.20372161e-02 
  1.22813059e+01   7.17930230e-02   4.80052461e-01 
  9.94567199e+00  -1.54189799e+00  -1.96981080e+00 
  6.57840809e+00  -2.17759665e+00  -3.19813478e-01 
  5.53770191e+00  -3.97721398e+00  -3.32130897e+00 
  3.89048935e+00  -3.95415916e+00  -6.80085064e+00 
 -9.37138496e-01  -4.65626709e-01  -1.10335654e+01 
  2.73156804e+00   3.95639234e-01  -1.03922191e+01 
  5.49046035e+00  -5.69885372e-02  -7.82692498e+00 
  5.07341735e+00   1.14681304e+00  -4.24236318e+00 
  7.79573573e+00   2.26387031e+00  -1.94798779e+00 
  8.12302836e+00   3.22363051e+00   1.69591870e+00 
  4.68214176e+00   7.55309116e+00   3.51174697e+00 
  3.82454294e+00   4.89496942e+00   9.08102746e-01 
  4.76616671e+00   6.13602871e+00  -2.52253227e+00 
  3.05824853e+00   4.64252696e+00  -5.51071017e+00 
  4.45955720e+00   5.30272001e+00  -8.98530090e+00 
 -9.79256438e+00   4.43975929e+00   4.26905903e+00 
 -6.10590689e+00   4.88171512e+00   3.73199700e+00 
 -5.56538230e+00   8.60178147e+00   3.34559401e+00 
 -4.34224920e+00   9.84088858e+00  -3.68260657e-02 
 -1.94701352e+00   1.25929549e+01   1.09809280e+00 
 -9.16550948e-01   1.39593915e+01  -2.27814522e+00 
  3.23538815e-01   8.81386531e+00  -5.32331479e+00 
  1.45820760e+00   9.53185119e+00  -1.79239525e+00 
 -4.73713547e-01   7.58802014e+00   7.92220620e-01 
 -5.01246236e-01   7.44155572e+00   4.55671653e+00 
  1.78842074e+00   4.60197865e+00   5.60607846e+00 
  3.17292030e+00  -1.50106274e+00   8.16619401e+00 
  1.27633610e+00  -4.57526755e+00   7.60806391e+00 
 -1.42524256e+00  -5.80963571e+00   5.29341442e+00 
 -4.06021233e+00  -8.40113782e+00   6.22808268e+00 
 -2.58625209e+00  -1.10953601e+01   4.02575007e+00 
  6.03904588e-01  -1.10428849e+01   5.99601236e+00 
 -1.44992129e+01  -1.50932016e+00   1.05130190e+01 
 -8.26656376e+00  -8.41513675e+00  -1.31108728e+00 
 -6.28035910e+00  -9.08980251e+00   1.83861805e+00 
 -3.38690381e+00  -7.35754440e+00   3.35433457e-01 
 -5.06583414e+00  -3.99809463e+00   3.70596296e-01 
 -6.47443477e+00  -4.13875418e+00   3.72590343e+00 
 -3.89268474e+00  -2.46635022e+00   5.90850124e+00 
 -3.64211508e+00  -2.76419155e+00   9.66923085e+00 
 -1.86326051e+00  -9.33756622e-01   1.24258528e+01 
 -7.49142207e+00  -3.92565967e-01   1.30827799e+01 
 -7.85749461e+00  -1.76927233e+00   9.55656927e+00 
 -8.17247707e+00   3.73262011e-01   6.46280390e+00 
 -9.22280404e+00   6.78060528e-02   2.82607282e+00 
 -6.44943387e+00   8.23329397e-01   3.35892741e-01 
 -6.14974399e+00   1.45620095e+00  -3.43671417e+00 
 -9.78209233e+00   2.79081950e+00  -3.44565140e+00 
 -1.15986054e+01   3.86097235e+00  -6.69719407e+00 
 -8.27567322e+00   3.99732061e+00  -8.57001130e+00 
 -9.77634386e+00   1.18742375e+00  -1.06713200e+01 
 -3.71615817e+00  -1.06439367e+01  -1.07741636e+01 

   2.060777542117e+01 

  2.06712091e-02  -4.25881665e+00  -1.45701750e+00 
  1.32960672e+00  -5.99173678e-02   9.79587887e-01 
  4.68978283e-01   3.59249837e-01   1.93652800e+00 
 -1.64637596e+00  -4.20580896e-01   2.94104922e+00 
  1.33407333e+00  -4.01085752e+00  -1.35190996e+00 
 -1.05514983e+00  -3.52033028e+00  -8.77249528e-01 
 -2.81436142e+00  -5.80029938e-01   3.64316258e+00 
 -6.48492741e-02   2.17136463e+00   7.22685636e-01 
 -3.83089964e+00   2.25545168e-01   1.75613698e+00 
  1.46679059e+00   8.70750464e-01  -5.82036110e-02 
 -5.17219239e-01   1.09576955e+00   1.46049517e+00 
 -1.66057585e+00   7.64105434e-01   2.19553615e+00 
  3.15959285e-01  -2.08015533e+00  -2.46851153e-01 
  1.40387195e+00  -2.67102444e+00  -9.55338524e-01 
  1.12923070e+00   2.17902657e+00   1.86905121e-02 
 -7.46585214e-01  -2.68601575e+00   1.47359599e-01 
 -3.89539627e+00  -8.12745433e-02   3.06751437e+00 
 -2.60999745e+00   5.82793045e-01   1.17193255e+00 
  1.88725965e+00   5.17571733e-01  -1.40735673e+00 
  1.21043883e+00  -6.39290467e-01  -1.34328406e+00 
 -1.26747412e+00  -4.37925322e+00   1.54117634e+00 
 -2.75771978e+00  -2.79212582e+00   1.20276691e+00 
 -1.98455449e+00  -5.12731423e+00   3.97494576e-01 
 -3.52121577e+00  -3.93340635e+00   1.65733329e+00 
 -4.12710336e+00  -5.99327824e+00   1.09626841e+00 
 -2.58803364e+00   2.90218683e+00   1.11346365e+00 
  1.27678798e-01  -8.94660280e-01  -7.42407966e-01 
  2.67643151e+00   1.58254054e+00  -1.57269124e+00 
  2.10864772e+00  -1.59489839e+00  -1.32962874e+00 
  2.09920978e+00   2.58450749e+00  -9.58333079e-01 
 -1.37140773e+00  -2.89074485e+00   1.30420710e+00 
 -4.77693589e+00   6.31349696e-01   3.89246876e+00 
 -3.34746774e+00  -4.90000424e+00   5.98433531e-01 
 -2.48199317e+00   1.73423741e+00   3.44691562e-01 
  9.36409795e+00  -7.16411061e+00   2.94005035e+00 
  5.80931006e+00  -7.52066519e+00   4.07909463e+00 
  3.49013825e+00  -5.72048616e+00   1.66127316e+00 
  6.45816563e-01  -7.09137179e+00   3.49463620e+00 
 -1.95253208e+00  -6.76495892e+00   6.31652707e+00 
 -5.60844988e+00  -1.98677152e+00   1.04631984e+01 
 -2.07130677e+00  -3.35116573e+00   1.09526507e+01 
  8.35940235e-01  -4.84423093e+00   9.02501938e+00 
  2.46776359e+00  -2.97070443e+00   6.14418695e+00 
  6.01999150e+00  -3.26159139e+00   5.03961811e+00 
  8.13538469e+00  -2.00710485e+00   2.16599899e+00 
  8.27794389e+00   3.76572671e+00   1.43441303e+00 
  5.30323900e+00   1.68874437e+00   2.62491695e+00 
  5.34937418e+00   1.45453975e+00   6.38512109e+00 
  2.14007509e+00   7.19805855e-01   8.18437944e+00 
  2.24143113e+00  -2.49728938e-01   1.18616107e+01 
 -4.28737462e+00   9.99855003e+00  -3.36642698e+00 
 -1.39146964e+00   8.06998892e+00  -1.96301481e+00 
  7.24448158e-01   1.05980481e+01  -1.15810031e-01 
  1.00795344e+00   1.02055493e+01   3.65748965e+00 
  4.67275072e+00   1.11701421e+01   4.14528742e+00 
  4.87100275e+00   1.09923533e+01   7.92114775e+00 
  2.13748597e+00   5.64209817e+00   9.01197048e+00 
  4.72136189e+00   6.20933132e+00   6.31526204e+00 
  3.23205960e+00   6.31449279e+00   2.85665408e+00 
  4.56872608e+00   6.93270492e+00  -6.11024008e-01 
  5.35231890e+00   3.55374673e+00  -2.15231869e+00 
  4.38816914e+00  -1.56574089e+00  -6.46270647e+00 
  1.17294835e+00  -2.96732395e+00  -7.49091176e+00 
 -2.42880436e+00  -2.78460452e+00  -6.40749117e+00 
 -5.41501617e+00  -3.08768014e+00  -8.75764848e+00 
 -6.43280328e+00  -6.49098311e+00  -7.46795963e+00 
 -3.16475412e+00  -7.95509445e+00  -8.58062130e+00 
 -8.53603421e+00   9.29214625e+00  -1.21971051e+01 
 -1.15746305e+01  -2.05495997e+00  -2.79733476e+00 
 -9.15903721e+00  -3.15554068e+00  -5.49445723e+00 
 -6.61192608e+00  -3.78762010e+00  -2.89734436e+00 
 -6.24885084e+00  -1.54028815e-01  -2.01919733e+00 
 -6.14421945e+00   1.20491947e+00  -5.39623097e+00 
 -2.46960983e+00   1.41155869e+00  -6.22125434e+00 
 -9.91907928e-01   1.74628424e+00  -9.68519961e+00 
  2.35150687e+00   2.65959713e+00  -1.11347570e+01 
 -1.52991090e+00   6.52724622e+00  -1.26763615e+01 
 -3.83715511e+00   4.99073662e+00  -1.00726569e+01 
 -4.19916209e+00   6.26910748e+00  -6.53771903e+00 
 -6.55324612e+00   5.95584232e+00  -3.57419609e+00 
 -4.95825917e+00   4.43981893e+00  -4.72411619e-01 
 -5.84466945e+00   4.04147629e+00   3.23952060e+00 
 -8.02676071e+00   7.22865991e+00   3.00386110e+00 
 -1.01527966e+01   8.52026474e+00   5.97526136e+00 
 -8.19997979e+00   6.31180780e+00   8.39954283e+00 
 -1.15614755e+01   4.59042969e+00   8.94749541e+00 
 -1.27170669e+01  -8.28921025e+00   5.86592385e+00 

   2.060777547180e+01 

  3.85702592e+00   3.71617295e+00   8.36586132e-01 
 -1.00568688e-01   7.44810562e-01   1.72508015e+00 
  1.31175643e-01  -5.86243587e-01   1.64324173e+00 
  2.06001392e+00  -2.06926933e+00   1.22837345e+00 
  2.91949766e+00   4.19754150e+00   1.66535212e+00 
  3.91470117e+00   2.41757796e+00   2.45646027e-01 
  2.91644166e+00  -3.11558485e+00   9.95321600e-01 
 -1.16138832e+00  -7.41958777e-01  -1.86296195e-01 
  2.66016909e+00  -2.57854597e+00  -1.21582012e+00 
 -1.03532972e+00   1.18201708e+00   7.77933770e-01 
  4.32024099e-02  -1.05320807e+00   4.12039038e-01 
  1.02971973e+00  -2.03670208e+00   2.81330748e-01 
  2.01607980e+00   2.01966321e+00   1.01268254e+00 
  1.81891159e+00   3.35599939e+00   1.47088660e+00 
 -1.90848431e+00   3.84945115e-01   1.19372189e-01 
  3.15023865e+00   1.44984283e+00   8.11524742e-01 
  3.06785928e+00  -3.45331674e+00  -2.74234897e-01 
  1.62251140e+00  -1.67901242e+00  -9.44514991e-01 
 -1.10761483e+00   2.55249645e+00   2.89780920e-01 
  2.29111170e-01   2.66358819e+00   3.26789692e-01 
  4.95937538e+00   8.84121542e-01   2.03139094e+00 
  4.47295527e+00  -3.10755552e-01   2.45360684e-01 
  5.87373935e+00   1.69543179e+00   1.08930409e+00 
  5.88169995e+00  -5.40932238e-01   4.78932803e-01 
  7.86062454e+00   4.63475816e-01   4.86590076e-01 
 -2.94772072e-01  -2.63207174e+00  -1.83850331e+00 
  1.10658268e+00   1.77755743e+00   1.17916716e-01 
 -2.44196282e+00   2.61370655e+00   2.92966262e-01 
  5.04135593e-01   3.52494110e+00   1.27682659e+00 
 -2.87936845e+00   1.42822031e+00  -5.03354069e-02 
  3.77756882e+00   3.60934558e-01   1.24893793e+00 
  3.05912370e+00  -4.82432245e+00  -5.67090160e-01 
  6.47809570e+00   7.54847971e-01   2.52869716e-01 
  5.31386073e-01  -1.49902153e+00  -1.84094375e+00 
  1.34486168e+00   6.45505857e+00   1.08994793e+01 
  3.75483252e+00   3.95679514e+00   9.48112294e+00 
  3.37348223e+00   3.79469308e+00   5.70046626e+00 
  6.27512171e+00   1.58169010e+00   5.58310679e+00 
  7.73774515e+00  -1.97894527e+00   5.64360037e+00 
  6.27476886e+00  -8.99623040e+00   4.22616128e+00 
  5.43298385e+00  -6.97045813e+00   7.35668144e+00 
  4.83253022e+00  -3.41112861e+00   8.52617765e+00 
  2.11042883e+00  -1.25346248e+00   6.97479528e+00 
  2.35264956e-01   1.49912650e+00   8.65705774e+00 
 -2.25316502e+00   4.16604981e+00   7.65628259e+00 
 -7.12850064e+00   2.27457412e+00   5.09999919e+00 
 -3.63347655e+00   7.80204773e-01   4.73707069e+00 
 -3.12415528e+00  -1.89120004e+00   7.34481461e+00 
 -5.39842062e-01  -4.54064349e+00   6.72957994e+00 
  5.32819882e-01  -6.80281779e+00   9.59388882e+00 
 -5.55305703e+00  -3.24651853e+00  -8.56817510e+00 
 -5.48599815e+00  -1.98115781e+00  -5.03694735e+00 
 -8.58628384e+00  -3.37831210e+00  -3.38874944e+00 
 -8.08061034e+00  -5.87008259e+00  -5.58982531e-01 
 -1.09022018e+01  -4.79005512e+00   1.78008265e+00 
 -1.05238370e+01  -7.42031543e+00   4.47573766e+00 
 -4.49388475e+00  -7.29594681e+00   5.43047724e+00 
 -6.66872439e+00  -4.22401817e+00   5.10845749e+00 
 -6.22720589e+00  -2.45405327e+00   1.81250189e+00 
 -7.80767532e+00   5.35481226e-01   1.51646900e-01 
 -5.62524331e+00   3.54788052e+00   9.06215816e-01 
 -1.28031061e+00   8.48798188e+00  -6.54265906e-01 
  1.59506232e+00   8.22812853e+00  -2.89569020e+00 
  3.58494440e+00   5.51310988e+00  -4.58354009e+00 
  5.31013846e+00   5.87552970e+00  -7.96361568e+00 
  8.79177308e+00   5.87782071e+00  -6.49396391e+00 
  8.03767671e+00   9.00175877e+00  -4.56157254e+00 
 -3.37461404e+00   1.46954702e+00  -1.69074937e+01 
  8.49871403e+00  -2.13540381e+00  -8.40019577e+00 
  7.78504079e+00   1.57592135e+00  -8.20638507e+00 
  7.09703728e+00   1.21302470e+00  -4.59704679e+00 
  3.99583961e+00  -8.34228804e-01  -5.14227367e+00 
  2.51500216e+00   1.14014000e+00  -7.82014878e+00 
  1.88600006e-01   3.53083924e+00  -6.05988979e+00 
 -1.23926830e+00   6.71241554e+00  -7.52048765e+00 
 -4.01385403e+00   9.09232740e+00  -6.65361195e+00 
 -5.12325751e+00   6.58662315e+00  -1.16427314e+01 
 -2.31984003e+00   4.14550897e+00  -1.08394238e+01 
 -2.83861271e+00   7.77152415e-01  -9.21273985e+00 
 -9.77558159e-01  -2.48680945e+00  -8.66017136e+00 
 -3.56122047e-01  -3.32475257e+00  -5.00297803e+00 
  8.11536756e-01  -6.36272013e+00  -2.97068146e+00 
 -5.83957006e-01  -8.68072408e+00  -5.73739355e+00 
 -1.65716417e-01  -1.25319215e+01  -5.63332610e+00 
  7.58152448e-01  -1.23833514e+01  -1.93301435e+00 
  4.12235026e+00  -1.37508371e+01  -3.10569783e+00 
  1.50433008e+01  -6.45048674e+00  -1.06725654e+00 

   2.060777542112e+01 

 -3.12897819e-01  -3.87571700e+00   3.86869168e+00 
 -2.72826373e+00  -5.01291980e-02   1.67506487e+00 
 -2.00163475e+00   1.07640840e+00   1.48787462e+00 
  2.77918963e-01   1.87072257e+00   2.00228911e+00 
 -1.63744203e+00  -3.81044740e+00   4.06586918e+00 
  5.14282999e-01  -2.93369192e+00   3.18513879e+00 
  1.46105105e+00   2.55601772e+00   2.11694616e+00 
 -2.06058424e+00   7.95358866e-01  -7.39159579e-01 
  2.13987922e+00   1.29471566e+00   3.30475824e-01 
 -3.16356523e+00  -6.10125905e-01   4.67219884e-01 
 -1.29029183e+00   1.05600287e+00   3.76466065e-01 
 -7.90272387e-02   1.69629631e+00   6.60038031e-01 
 -1.20103438e+00  -1.90054008e+00   2.60056222e+00 
 -2.08697815e+00  -2.89802829e+00   3.10529535e+00 
 -3.22401328e+00   4.20743272e-02  -7.17021078e-01 
  3.81132927e-03  -1.69090418e+00   2.99536517e+00 
  2.33007518e+00   2.35569806e+00   1.14050709e+00 
  8.51409325e-01   7.93343547e-01   1.11399725e-01 
 -3.50060612e+00  -2.01808896e+00   3.06636320e-01 
 -2.51164256e+00  -2.37651551e+00   1.13970496e+00 
  1.04052321e+00  -1.09043123e+00   4.90475362e+00 
  1.98695886e+00  -5.78809523e-01   2.98203958e+00 
  1.91235926e+00  -2.36294994e+00   4.85570735e+00 
  3.06552429e+00  -5.69606603e-01   3.94572514e+00 
  4.23432635e+00  -1.87781536e+00   5.30493719e+00 
  1.45918251e-01   1.71080472e+00  -1.89957912e+00 
 -1.38463697e+00  -1.83143191e+00   1.31684154e+00 
 -4.57279398e+00  -1.80096502e+00  -4.59886141e-01 
 -3.08792870e+00  -2.85615751e+00   2.21580440e+00 
 -4.29845184e+00  -7.67951205e-01  -1.21631028e+00 
  6.94690010e-01  -6.69568401e-01   3.49553835e+00 
  2.98643787e+00   3.48832632e+00   6.38674032e-01 
  3.15321386e+00  -1.94782130e+00   4.36834003e+00 
  3.66025505e-01   5.16793056e-01  -1.19797389e+00 
 -8.25453468e+00  -2.07678174e+00   1.08521577e+01 
 -4.72065913e+00  -8.37315767e-01   1.06610618e+01 
 -3.10579061e+00  -2.02805483e+00   7.43005522e+00 
  6.82851788e-02  -6.59702876e-01   8.60630736e+00 
  2.53657340e+00   2.28706814e+00   8.81872889e+00 
  4.74319276e+00   8.40297894e+00   5.48433851e+00 
  1.78031520e+00   7.91292754e+00   7.84944375e+00 
 -6.13503701e-01   5.25237840e+00   9.10968214e+00 
 -2.80788624e+00   3.27304423e+00   6.71404736e+00 
 -6.14771073e+00   1.79349073e+00   7.47529928e+00 
 -8.62156946e+00  -4.88035507e-01   5.74874991e+00 
 -1.04785522e+01   1.25781843e+00   5.15707342e-01 
 -6.99081846e+00   1.76342434e+00   1.98543541e+00 
 -6.85623065e+00   5.05282531e+00   3.81787717e+00 
 -3.52178504e+00   6.69422798e+00   4.33172044e+00 
 -3.22589404e+00   9.59486251e+00   6.77529742e+00 
 -4.50604370e-01   8.17259254e-01  -1.03943591e+01 
 -2.60819447e+00   9.80390298e-01  -7.32949822e+00 
 -5.31974183e+00   3.49168799e+00  -8.11769332e+00 
 -5.36491729e+00   6.70240592e+00  -6.07772505e+00 
 -9.13541208e+00   7.17434914e+00  -5.67802048e+00 
 -9.16228378e+00   1.04860641e+01  -3.84502951e+00 
 -4.94423493e+00   9.50485364e+00   4.59912733e-01 
 -7.65812553e+00   7.04716272e+00  -4.70118335e-01 
 -6.36735367e+00   4.12245038e+00  -2.46285893e+00 
 -7.92736183e+00   1.11738503e+00  -4.11501254e+00 
 -7.72612246e+00  -1.76943792e+00  -1.65885264e+00 
 -5.42376945e+00  -7.70648707e+00   6.14646637e-01 
 -1.96985033e+00  -8.89487812e+00   4.82527771e-01 
  1.44850855e+00  -7.47472007e+00  -2.08690576e-01 
  4.32171008e+00  -9.41842964e+00  -1.78959578e+00 
  6.33346571e+00  -9.57835531e+00   1.40554460e+00 
  3.61024861e+00  -1.15282141e+01   3.09193803e+00 
  3.55819261e+00  -7.01364783e+00  -1.47689942e+01 
  1.00755021e+01  -2.98216457e+00  -1.82228073e+00 
  8.01333612e+00  -6.12237907e+00  -1.36690973e+00 
  5.84208607e+00  -4.30331880e+00   1.00142044e+00 
  4.45119361e+00  -2.02456350e+00  -1.64029186e+00 
  3.85265483e+00  -4.51204547e+00  -4.23186072e+00 
  2.57616340e-01  -5.54325096e+00  -3.74356508e+00 
 -1.35355022e+00  -8.67814190e+00  -5.11146933e+00 
 -4.85847711e+00  -9.94282189e+00  -5.59089783e+00 
 -2.33436414e+00  -9.31744830e+00  -1.06543373e+01 
  3.97907679e-01  -7.37816651e+00  -8.85506188e+00 
  4.70510884e-01  -3.61632992e+00  -8.53198156e+00 
  2.89791440e+00  -8.34810659e-01  -7.64137633e+00 
  1.91111983e+00   1.16572259e+00  -4.56120095e+00 
  2.98342454e+00   4.43755564e+00  -2.86765086e+00 
  4.12269756e+00   5.78305189e+00  -6.31248669e+00 
  5.86003383e+00   9.22136208e+00  -6.73341056e+00 
  4.71550339e+00   1.02839942e+01  -3.25077084e+00 
  8.44928164e+00   1.03983315e+01  -2.47046628e+00 
  1.32548651e+01   2.33576091e+00   6.94324303e+00 

   2.060777547180e+01 

  2.09869635e-01   2.14469631e+00  -4.99507455e+00 
 -1.89687288e+00   2.72925902e+00  -4.67267628e-01 
 -1.07360987e+00   2.55589116e+00   5.93061771e-01 
  1.31741253e+00   2.07602148e+00   9.73402911e-01 
 -8.31618407e-01   2.98584365e+00  -4.92206588e+00 
  8.56452566e-01   1.46230319e+00  -3.92029361e+00 
  2.55880989e+00   1.78604168e+00   1.48077018e+00 
 -2.17212625e+00   6.92418213e-01   1.19545326e+00 
  2.04942335e+00  -3.85210862e-01   9.61776347e-01 
 -2.94157755e+00   1.79646401e+00  -4.88688501e-01 
 -9.52370523e-01   1.29239179e+00   9.54343442e-01 
  3.76432416e-01   1.11184196e+00   1.35338627e+00 
 -6.27335669e-01   2.15727736e+00  -2.62923605e+00 
 -1.41690915e+00   2.70705027e+00  -3.68230685e+00 
 -3.35317773e+00   1.06299869e+00   5.71528302e-01 
  6.38585985e-01   1.93972148e+00  -2.66900521e+00 
  2.83118448e+00   4.98855360e-01   1.61391534e+00 
  7.16515973e-01  -7.16646465e-02   6.70967634e-01 
 -3.65046487e+00   1.40774363e+00  -1.70034803e+00 
 -2.51859200e+00   1.48158728e+00  -2.41723911e+00 
  2.52096921e+00   3.15397178e+00  -2.92066586e+00 
  2.62009789e+00   1.27575604e+00  -1.77314436e+00 
  2.93875817e+00   2.29326705e+00  -4.13163541e+00 
  3.97740532e+00   1.52228936e+00  -2.20790387e+00 
  5.26154292e+00   1.64562023e+00  -4.01365743e+00 
 -5.50056692e-01  -1.07377801e+00   2.33681609e+00 
 -1.33280864e+00   1.22785884e+00  -2.05922403e+00 
 -4.85984264e+00   1.38665103e+00  -1.13356166e+00 
 -2.66198288e+00   2.49746781e+00  -3.23429357e+00 
 -4.70039929e+00   9.48698197e-01   9.00942426e-02 
  1.70696805e+00   2.31027453e+00  -1.96767539e+00 
  3.45703454e+00   1.07011958e-01   2.80566431e+00 
  3.89894090e+00   1.40392211e+00  -3.64512380e+00 
 -3.46155052e-01  -9.75976844e-01   9.52901360e-01 
 -3.13916904e+00   1.23235548e+01  -5.49441513e+00 
  1.35247648e-01   1.07796418e+01  -4.51686828e+00 
 -1.82699560e-01   6.98986107e+00  -4.47769283e+00 
  3.41333545e+00   6.77455470e+00  -3.88364854e+00 
  6.36551981e+00   6.60756630e+00  -1.41833892e+00 
  8.31511755e+00   4.65251362e+00   5.34690539e+00 
  6.67375057e+00   7.90312984e+00   4.18418221e+00 
  4.50338446e+00   9.31506509e+00   1.41054898e+00 
  1.06733789e+00   7.86628620e+00   6.57708904e-01 
 -1.84819609e+00   9.70337154e+00  -7.73301140e-01 
 -5.30627048e+00   8.84567077e+00  -2.04309742e+00 
 -8.77865772e+00   6.05406378e+00   1.70264451e+00 
 -4.99550205e+00   5.65894359e+00   1.36852231e+00 
 -3.26313924e+00   8.07595604e+00   3.68219586e+00 
  2.47781103e-01   7.32562766e+00   4.77178794e+00 
  2.29207549e+00   1.00403732e+01   6.48155918e+00 
 -5.01727555e+00  -7.94214250e+00   4.82379729e+00 
 -5.49454146e+00  -4.32764831e+00   3.93902142e+00 
 -7.56385925e+00  -2.85264665e+00   6.73592162e+00 
 -5.91502466e+00  -2.01270818e-01   8.90934558e+00 
 -8.88018214e+00   2.14871299e+00   9.44277070e+00 
 -7.28155132e+00   4.65354604e+00   1.17876001e+01 
 -1.98870992e+00   5.74466920e+00   8.94462312e+00 
 -5.34768224e+00   5.59998279e+00   7.22219013e+00 
 -5.82924293e+00   2.45171141e+00   5.21034124e+00 
 -8.64363366e+00   9.78884370e-01   3.18459690e+00 
 -8.10273079e+00   1.99735882e+00  -4.31630326e-01 
 -6.57920208e+00   8.94230523e-01  -6.92625497e+00 
 -3.94664388e+00  -1.29758945e+00  -8.20095041e+00 
 -9.47150834e-01  -3.13503551e+00  -6.85683636e+00 
  3.61080355e-01  -6.44181307e+00  -8.23026585e+00 
  3.46304184e+00  -4.90112222e+00  -9.74214072e+00 
  1.37058021e+00  -2.76344830e+00  -1.20034982e+01 
 -5.40704277e+00  -1.58676047e+01  -9.69830314e-01 
  6.90424578e+00  -7.39073578e+00  -2.67875876e+00 
  4.54853224e+00  -6.94306907e+00  -5.60639376e+00 
  4.16183827e+00  -3.38535907e+00  -4.69784433e+00 
  2.36180600e+00  -4.14474362e+00  -1.49017067e+00 
  9.29427539e-02  -6.70331730e+00  -2.74237060e+00 
 -3.05239987e+00  -4.82451439e+00  -3.63849478e+00 
 -5.81813311e+00  -6.08040714e+00  -5.88971977e+00 
 -9.36830723e+00  -5.10286969e+00  -6.63434315e+00 
 -9.25791442e+00  -1.02837210e+01  -4.27908296e+00 
 -5.62906014e+00  -9.59971500e+00  -3.36965042e+00 
 -4.49677220e+00  -8.23378235e+00  -3.60009613e-02 
 -1.32274456e+00  -7.87993437e+00   2.01890901e+00 
 -3.28805852e-01  -4.28078267e+00   2.74110707e+00 
  2.14825340e+00  -2.45001652e+00   5.02918783e+00 
  1.95095697e+00  -5.40737192e+00   7.51722325e+00 
  4.11470906e+00  -5.57456651e+00   1.07277861e+01 
  4.91790134e+00  -1.85417752e+00   1.04422967e+01 
  8.51426749e+00  -3.05032878e+00   9.99685206e+00 
  1.48125939e+01  -2.51459390e-01  -1.37038216e+00 

   2.060777547179e+01 

  2.69138192e+00  -1.48094498e+00  -3.73182335e+00 
  2.01114742e+00   1.95738950e+00  -1.26811813e-01 
  2.40979109e+00   1.59632758e+00   1.11529350e+00 
  3.50116009e+00  -3.46387395e-01   2.17674079e+00 
  2.72389092e+00  -1.96320271e-01  -4.11419818e+00 
  2.57973124e+00  -1.99265936e+00  -2.40345288e+00 
  4.04524617e+00  -1.27396388e+00   3.02887343e+00 
  2.83343082e-01   1.56937476e+00   1.83617511e+00 
  1.99934726e+00  -2.29553882e+00   2.91090568e+00 
  6.34531182e-01   2.20756724e+00  -1.92787818e-01 
  1.49505292e+00   9.10666569e-01   1.77467068e+00 
  2.17568260e+00  -5.70797589e-02   2.52151193e+00 
  2.26496829e+00  -4.86059133e-02  -1.71568494e+00 
  2.18507109e+00   5.02820027e-01  -3.02876016e+00 
 -1.63779006e-01   2.45806695e+00   8.70874128e-01 
  2.86411107e+00  -1.13755102e+00  -1.38903147e+00 
  3.19681752e+00  -2.16347773e+00   3.51641600e+00 
  1.42488721e+00  -1.21293374e+00   2.23454595e+00 
 -1.43980179e-01   2.11326239e+00  -1.42028882e+00 
  5.82613753e-01   1.06257970e+00  -1.83098892e+00 
  4.96612511e+00  -1.95018593e+00  -1.43647929e+00 
  3.57608680e+00  -2.70322039e+00   9.81126510e-02 
  4.50163912e+00  -3.15928365e+00  -2.27561508e+00 
  4.58590021e+00  -3.73075076e+00  -3.05614214e-02 
  5.41026661e+00  -5.23398358e+00  -1.43972708e+00 
 -8.87198431e-02  -2.67835752e-01   3.71754850e+00 
  1.11672048e+00   1.47128689e-01  -1.14155862e+00 
 -8.80913307e-01   3.20159637e+00  -1.18217097e+00 
  1.27344279e+00   1.47132060e+00  -2.86820804e+00 
 -1.09165054e+00   3.24490848e+00   1.09444772e-01 
  3.83153223e+00  -1.49549866e+00  -5.48457586e-01 
  3.30620536e+00  -2.45570710e+00   4.88321279e+00 
  4.39899752e+00  -4.22197865e+00  -1.37577564e+00 
  6.94459344e-02  -8.31104600e-01   2.44316323e+00 
  8.68875738e+00   6.63805667e+00  -7.36329448e+00 
  9.49586546e+00   3.62867695e+00  -5.27685620e+00 
  6.30326802e+00   1.73367502e+00  -4.45141126e+00 
  8.34621030e+00  -8.93796980e-01  -2.95026342e+00 
  1.00934965e+01  -2.38041392e+00   1.41340064e-01 
  9.94918326e+00  -2.68030936e+00   7.44072087e+00 
  1.14838119e+01   5.38521971e-03   5.19473077e+00 
  1.11893795e+01   1.50560865e+00   1.72201831e+00 
  7.92186063e+00   3.01644616e+00   4.92043923e-01 
  7.55152618e+00   5.76952480e+00  -1.99922143e+00 
  4.72212953e+00   7.45804748e+00  -3.85656370e+00 
  5.11414758e-01   9.74780295e+00  -5.53827931e-01 
  2.49695098e+00   6.56561796e+00   1.61290787e-01 
  5.54036044e+00   7.40979109e+00   2.21583958e+00 
  7.12349989e+00   4.70980430e+00   4.28477166e+00 
  1.05738990e+01   5.28498040e+00   5.78017118e+00 
 -8.17325253e+00   3.70990363e-02   6.52164086e+00 
 -5.63138648e+00   2.14669392e+00   4.74295301e+00 
 -5.63852703e+00   5.47947395e+00   6.52421497e+00 
 -2.46501197e+00   6.47212834e+00   8.37236161e+00 
 -2.39767901e+00   1.02136047e+01   7.60042586e+00 
  6.34606045e-01   1.12186242e+01   9.63098449e+00 
  4.63879273e+00   6.89937627e+00   8.01918227e+00 
  2.41998365e+00   8.76517028e+00   5.59718543e+00 
 -4.29371566e-01   6.66719054e+00   4.30463231e+00 
 -3.37668551e+00   7.26878755e+00   2.03635964e+00 
 -2.35446739e+00   6.22317442e+00  -1.46631027e+00 
 -2.50268626e+00   2.26849783e+00  -6.94871022e+00 
 -2.67120721e+00  -1.38237758e+00  -6.99326956e+00 
 -2.25266128e+00  -4.22804516e+00  -4.56288080e+00 
 -4.11504948e+00  -7.54761317e+00  -4.77390698e+00 
 -1.05009817e+00  -9.51645196e+00  -5.77959505e+00 
 -7.06382082e-01  -7.49138792e+00  -8.91691264e+00 
 -1.48672520e+01  -6.10820932e+00   2.78577694e+00 
 -6.97812396e-01  -1.11410934e+01   2.29306286e+00 
 -1.87348317e+00  -1.00995816e+01  -1.14988328e+00 
  7.35285676e-01  -7.48737155e+00  -1.20510239e+00 
 -8.63182908e-01  -5.48510254e+00   1.54112470e+00 
 -4.31258468e+00  -5.64901729e+00   3.84929987e-01 
 -4.77326606e+00  -2.51958455e+00  -1.66946163e+00 
 -7.52628641e+00  -1.90747828e+00  -4.18755350e+00 
 -8.94264946e+00   1.06676542e+00  -5.99353521e+00 
 -1.29018787e+01  -1.15997129e+00  -2.56325962e+00 
 -1.01171070e+01  -3.19653748e+00  -9.62967208e-01 
 -8.23972654e+00  -2.15358627e+00   2.14327602e+00 
 -5.95774220e+00  -3.64996359e+00   4.78443210e+00 
 -2.47946549e+00  -2.11554175e+00   4.88707343e+00 
  5.53590943e-01  -2.17236874e+00   7.23659310e+00 
 -1.82924106e+00  -2.86314295e+00   1.02064725e+01 
 -5.39794769e-01  -3.50618912e+00   1.38038739e+01 
  2.88624751e+00  -2.09836638e+00   1.28829052e+01 
  4.12022790e+00  -5.63132794e+00   1.36302376e+01 
  9.82097034e+00  -1.26052236e+01   3.85353916e+00 

   2.060777542113e+01 

  2.28449024e+00  -2.43273421e-01   2.67628521e+00 
 -1.57275348e+00   8.78184740e-01  -3.47780551e-01 
 -1.83581541e+00  -1.98174075e-02  -1.32578804e+00 
 -9.66382197e-01  -2.21059946e+00  -2.05822095e+00 
  1.30108293e+00   4.97016129e-01   3.20770732e+00 
  2.32629549e+00  -8.34058312e-01   1.37701191e+00 
 -6.74868173e-01  -3.38530006e+00  -2.70448397e+00 
 -1.19819047e+00   1.44646906e+00  -2.90237179e+00 
  1.05763682e+00  -2.21505827e+00  -3.63839761e+00 
 -1.21208239e+00   2.13164288e+00  -8.58440008e-01 
 -1.10159139e+00   1.61350660e-01  -2.40733712e+00 
 -7.95696746e-01  -1.10969545e+00  -2.90576649e+00 
  5.64679362e-01   1.74793077e-01   8.97041309e-01 
  5.60767496e-01   9.34637837e-01   2.10420382e+00 
 -1.45792871e+00   2.55980757e+00  -2.11846404e+00 
  1.14594887e+00  -9.57453272e-01   7.19221273e-01 
  2.63740879e-01  -3.30488070e+00  -3.63255165e+00 
  5.87705504e-01  -9.94252788e-01  -3.14010138e+00 
 -4.12547971e-01   3.10199820e+00  -1.22989593e-01 
  3.29125143e-01   2.12174435e+00   4.15128240e-01 
  1.01204472e+00  -3.04014683e+00   1.57101175e+00 
  1.70465982e+00  -2.78986633e+00  -5.05495871e-01 
  2.50890366e+00  -3.00543882e+00   1.94520697e+00 
  2.21948856e+00  -4.07622723e+00  -9.03744235e-02 
  3.63909294e+00  -5.04351853e+00   1.31465500e+00 
 -1.03129608e-01   2.23698871e-01  -4.99019695e+00 
  6.68179705e-01   1.01306658e+00  -8.93619046e-02 
 -1.12506160e+00   4.16452154e+00  -5.07189902e-01 
  4.63855357e-02   2.10226668e+00   1.69568137e+00 
 -1.50528475e+00   3.94356126e+00  -1.74054478e+00 
  7.84962875e-01  -2.18311163e+00   3.47676723e-01 
  1.66819321e-02  -3.97555674e+00  -4.83864150e+00 
  3.15954382e+00  -3.74312326e+00   9.54219559e-01 
  7.36503650e-01   2.20601722e-01  -3.86709748e+00 
 -5.85279845e+00   1.65934074e-01   9.65420503e+00 
 -4.29790090e+00  -2.65842178e+00   7.73944080e+00 
 -1.67181697e+00  -1.30532032e+00   5.34405571e+00 
 -7.45152127e-01  -4.74504530e+00   4.54389860e+00 
 -1.20086460e+00  -7.88223361e+00   2.35953904e+00 
 -3.30455294e+00  -1.02457645e+01  -4.22680599e+00 
 -5.46996911e+00  -9.41581048e+00  -1.18794750e+00 
 -5.48269938e+00  -7.31839803e+00   1.97398095e+00 
 -5.05418432e+00  -3.54069374e+00   1.84180075e+00 
 -6.43141010e+00  -1.06693416e+00   4.27218249e+00 
 -6.12265902e+00   2.64780393e+00   4.91382745e+00 
 -7.48210843e+00   6.12832311e+00   4.50751598e-01 
 -5.79835738e+00   2.70730190e+00   2.46677020e-01 
 -8.42112112e+00   2.80559045e-02  -1.26004322e-01 
 -7.43606693e+00  -3.25950002e+00  -1.64204635e+00 
 -9.80724975e+00  -6.22252041e+00  -1.37689775e+00 
  1.95215558e+00   5.98251545e+00  -1.09841458e+01 
 -2.80298589e-01   5.56446773e+00  -7.99808003e+00 
 -3.71346508e+00   6.67368849e+00  -9.12207513e+00 
 -6.44687409e+00   4.03017157e+00  -9.23387900e+00 
 -9.41326605e+00   6.09921790e+00  -8.00155199e+00 
 -1.21609748e+01   3.51725864e+00  -8.33556998e+00 
 -9.54561900e+00  -1.35482324e+00  -5.74519323e+00 
 -9.44626363e+00   2.13805448e+00  -4.30981750e+00 
 -6.08307143e+00   3.78916426e+00  -4.70200678e+00 
 -4.66270474e+00   7.18459406e+00  -3.89748565e+00 
 -3.01987755e+00   6.95578277e+00  -4.83441503e-01 
  2.23259946e+00   6.84049653e+00   3.77288783e+00 
  5.43267022e+00   5.15879449e+00   3.23372053e+00 
  6.88977821e+00   2.61924768e+00   8.65739846e-01 
  1.05418417e+01   2.51886146e+00  -2.22795214e-01 
  1.13262287e+01  -6.12345684e-01   1.74238676e+00 
  1.04981193e+01   1.12820665e+00   4.95898423e+00 
  1.11237752e+01   9.47434493e+00  -1.14528071e+01 
  9.89839495e+00  -4.28646818e+00  -5.49594768e+00 
  1.06211800e+01  -1.72007726e+00  -2.81042240e+00 
  7.36181881e+00  -2.48972309e+00  -1.25588848e+00 
  5.38385883e+00  -1.07629441e+00  -4.11872622e+00 
  7.29109149e+00   1.98399354e+00  -4.62777248e+00 
  5.48403285e+00   4.57979298e+00  -2.57290853e+00 
  6.90019697e+00   7.90398124e+00  -1.45987961e+00 
  5.52691529e+00   1.11111103e+01  -6.62510583e-02 
  7.88117576e+00   1.20830672e+01  -5.15677172e+00 
  7.97268679e+00   8.31163953e+00  -5.63786499e+00 
  5.29978019e+00   6.33410596e+00  -7.42839083e+00 
  4.78701658e+00   2.90581385e+00  -8.97958060e+00 
  2.04680312e+00   8.45983244e-01  -7.33284973e+00 
  9.99070945e-02  -2.37103670e+00  -8.09657868e+00 
  6.62383509e-01  -1.74922049e+00  -1.18744360e+01 
 -4.97491658e-01  -4.25649414e+00  -1.45921087e+01 
 -2.76959264e+00  -6.01121168e+00  -1.20768677e+01 
 -4.95352345e-01  -9.01416571e+00  -1.26877105e+01 
  6.41047272e+00  -1.39767835e+01  -2.47010201e+00 

   2.060777542116e+01 

  1.01606359e+00   2.85108436e+00   2.65856895e+00 
  1.76686375e+00  -3.97390104e-01  -1.10503092e+00 
  2.08987924e+00  -1.65979524e+00  -7.38831041e-01 
  2.51032134e+00  -2.88791326e+00   1.36041946e+00 
  1.46398908e+00   3.36406584e+00   1.50369200e+00 
  8.14039014e-01   1.47483280e+00   2.98106436e+00 
  2.75287933e+00  -3.81712576e+00   2.34036210e+00 
  1.28901525e-01  -2.43187744e+00  -1.51383643e+00 
  4.77687708e-01  -3.85522196e+00   2.59587302e+00 
  5.57774574e-01  -3.40052399e-01  -1.80989245e+00 
  1.03599742e+00  -2.40847679e+00  -4.73380057e-01 
  1.38666747e+00  -3.23374392e+00   6.00643346e-01 
  1.22485640e+00   9.82820398e-01   9.95970612e-01 
  1.26175658e+00   2.34321505e+00   5.68670424e-01 
 -4.26807517e-02  -1.39173118e+00  -2.41392154e+00 
  1.43297880e+00   5.60931407e-01   2.19186808e+00 
  1.68130221e+00  -4.41423573e+00   2.83427100e+00 
  2.70035818e-01  -3.08562540e+00   1.44517653e+00 
 -2.76514174e-01   8.51687020e-01  -1.88372669e+00 
  2.09901952e-02   1.17010082e+00  -6.14612349e-01 
  3.12305115e+00   5.76510570e-01   3.68334471e+00 
  1.65171728e+00  -1.06113611e+00   3.77011966e+00 
  2.22429198e+00   1.27530497e+00   4.72532923e+00 
  2.23926602e+00  -1.01380474e+00   5.09096977e+00 
  2.41495616e+00   2.53419349e-01   6.90434034e+00 
 -7.38748541e-01  -4.50060483e+00  -9.22565001e-02 
  2.48802507e-01   4.03679577e-01   3.64843999e-01 
 -5.80940809e-01   7.08501990e-01  -3.17642305e+00 
  7.47935197e-01   2.26054347e+00  -6.65829268e-01 
 -6.87992681e-01  -5.76638433e-01  -3.40338411e+00 
  2.26687273e+00  -2.87835558e-01   2.78752756e+00 
  1.76395582e+00  -5.80070169e+00   3.02500040e+00 
  1.81693158e+00   2.68817946e-01   5.60317224e+00 
 -8.58019059e-01  -3.28730032e+00   6.00572998e-01 
  9.20698842e+00   7.44411324e+00  -2.52671012e+00 
  9.05574043e+00   5.08016811e+00   3.80161372e-01 
  5.46151464e+00   3.98593534e+00   9.71148452e-01 
  6.56558467e+00   2.27372332e+00   4.00100430e+00 
  7.87629750e+00  -9.10163633e-01   5.72319673e+00 
  8.06626780e+00  -8.20306949e+00   5.31190701e+00 
  1.02932267e+01  -5.65593373e+00   3.53278773e+00 
  1.03271997e+01  -2.05582653e+00   2.33480335e+00 
  7.70837723e+00  -7.58174088e-01  -1.00358554e-01 
  8.15770268e+00   1.99278498e+00  -2.58094791e+00 
  5.97377278e+00   3.94335510e+00  -4.97511602e+00 
  3.00296424e+00   7.90387950e-01  -8.86282193e+00 
  3.81718051e+00  -1.98583493e-01  -5.26573456e+00 
  7.08056286e+00  -2.07984330e+00  -5.18007645e+00 
  7.76192717e+00  -4.37545558e+00  -2.29171254e+00 
  1.12820625e+01  -5.71828152e+00  -1.76467615e+00 
 -8.05096695e+00  -7.45715719e+00  -3.42480028e+00 
 -5.04935957e+00  -5.40902913e+00  -4.35792871e+00 
 -3.81045808e+00  -6.83819174e+00  -7.62947042e+00 
 -3.86334203e-01  -8.49574358e+00  -7.61926365e+00 
  9.12641474e-01  -7.34217817e+00  -1.10223524e+01 
  4.21926007e+00  -9.18333598e+00  -1.10886590e+01 
  6.40064010e+00  -7.92538695e+00  -5.52570429e+00 
  4.81686261e+00  -5.38004888e+00  -7.82424137e+00 
  1.35081838e+00  -4.38051225e+00  -6.73865321e+00 
 -1.33994675e+00  -2.13585825e+00  -8.12247067e+00 
 -9.44783445e-01   1.26504130e+00  -6.48397702e+00 
 -2.75931588e+00   6.30692698e+00  -2.36026441e+00 
 -4.17002879e+00   5.97209766e+00   9.94889013e-01 
 -4.60941747e+00   3.27335431e+00   3.58400394e+00 
 -7.50482556e+00   3.09629667e+00   6.05742591e+00 
 -5.36385913e+00   3.96975961e+00   9.04657069e+00 
 -4.53210796e+00   7.30599966e+00   7.55008177e+00 
 -1.66512962e+01  -4.53853859e+00   3.23149220e-01 
 -5.11647646e+00  -4.21590931e+00   9.97662281e+00 
 -6.06417914e+00  -7.14258782e-01   8.89906548e+00 
 -2.72668671e+00  -3.26682891e-01   7.36828307e+00 
 -3.37900181e+00  -2.89133123e+00   4.70313576e+00 
 -6.73749587e+00  -1.84354708e+00   3.76255464e+00 
 -6.21841048e+00   5.09408653e-01   8.60787735e-01 
 -8.73803144e+00   3.00835735e+00  -4.43569337e-01 
 -9.15368179e+00   5.07477417e+00  -3.55338223e+00 
 -1.34276542e+01   1.33729659e+00  -3.14710111e+00 
 -1.14198131e+01  -3.94510388e-01  -4.20764775e-01 
 -9.12011530e+00  -3.32993340e+00  -1.01719873e+00 
 -7.33775737e+00  -6.05370306e+00   9.38966416e-01 
 -3.54469199e+00  -5.91235090e+00   7.02177245e-01 
 -5.82229100e-01  -8.17972851e+00   1.59979394e+00 
 -2.87905428e+00  -1.12627328e+01   1.15829720e+00 
 -1.67916950e+00  -1.48742409e+01   1.88957197e+00 
  1.96154960e+00  -1.37292973e+01   1.84285653e+00 
  1.95279724e+00  -1.48048735e+01   5.50428932e+00 
  4.33738326e+00  -5.65850850e+00   1.48517636e+01 

   2.060777542117e+01 

