  2.67849392e+00   8.24906189e-01  -9.14967139e-01 
  2.69850316e+00   3.34385970e+00  -1.81654101e+00 
  4.16874604e+00   5.46059584e+00  -2.00136287e+00 
  1.26438564e+00   6.97708492e-01  -2.92427318e+00 
  1.94125421e+00  -1.61107827e-01  -2.03463172e+00 
 -1.68154625e-01   2.42542751e-01  -2.92280517e+00 
 -1.33209947e-01  -1.12317117e+00  -2.68667175e+00 
 -8.41471100e-01   9.07754885e-01  -1.72818285e+00 
 -1.69951469e+00   1.92521378e+00  -2.12390634e+00 
 -1.54575723e+00  -2.19970127e-01  -1.04480485e+00 
 -2.89367716e+00  -9.49504518e-02  -1.29636568e+00 
 -8.80039162e-01  -1.42602852e+00  -1.59917631e+00 
 -2.18845621e+00  -5.42322419e+00   1.26940910e+00 
  3.55921550e+00   1.13511877e-01   3.01350346e-02 
  2.74872379e+00   3.83018865e+00  -4.10664888e-01 
  4.07732562e+00   5.45966586e+00  -5.10762302e-01 
 -2.85410576e+00  -4.81494071e+00   2.57024947e-01 
  1.47496922e+00   1.58486354e+00  -6.50322805e-02 
  1.13921909e+00   3.37704247e+00  -2.32454321e+00 
  5.77191354e+00   5.25699033e+00  -2.29174047e+00 
 -2.39435772e+00  -3.71358514e+00  -3.38123769e-01 
  3.55471462e+00   1.92741185e+00  -1.77412557e+00 
  3.55099754e+00   4.21842648e+00  -2.94039311e+00 
  3.13926481e+00   6.66770969e+00  -2.48148609e+00 
 -1.15368742e+00  -3.25643709e+00  -4.00913464e-02 
 -4.36401968e-01  -3.97622657e+00   8.74608086e-01 
 -1.01611691e+00  -4.93873255e+00   1.68374912e+00 
 -2.73229769e-01  -5.49383892e+00   2.74615120e+00 
  7.18201734e-01  -3.35031399e+00   1.04474806e+00 
  7.48935057e-01  -2.32712395e+00   1.41825373e-01 
 -3.41503587e-01  -2.33526911e+00  -6.30205963e-01 
 -9.53731553e-01  -5.60815622e+00  -9.33137382e+00 
 -1.92197145e+00  -3.80510567e+00  -6.11455295e+00 
  2.59376390e-01  -8.78990847e-01  -6.96216218e+00 
  3.80103293e+00   6.07004594e-01  -6.89967685e+00 
  9.89038586e+00   9.93676860e-01  -3.17718682e+00 
  8.95205602e+00  -1.68895903e+00  -5.70013043e+00 
  5.86138138e+00  -3.21993053e+00  -7.24376199e+00 
  3.26495861e+00  -4.94172592e+00  -5.07483227e+00 
  1.01174967e+00  -7.75930243e+00  -6.07501887e+00 
 -1.90854515e+00  -9.62980986e+00  -4.56441603e+00 
 -1.03250953e+00  -1.20606278e+01   6.25334460e-01 
  5.01743248e-01  -8.83412040e+00  -6.26660501e-01 
  3.82512821e+00  -9.56142684e+00  -2.30657442e+00 
  6.28723084e+00  -6.70966037e+00  -2.58422489e+00 
  9.28462345e+00  -7.01830036e+00  -4.88282406e+00 
  3.45128416e-01  -4.74261410e+00   8.70232980e+00 
  8.44342360e+00  -9.11485573e+00   1.32074049e+00 
  5.26863064e+00  -1.10527352e+01   2.03794391e+00 
  2.65453844e+00  -9.07076044e+00   3.94450099e+00 
 -7.84857765e-01  -9.83066059e+00   5.37149739e+00 
 -3.33037299e+00  -8.65834878e+00   2.76882559e+00 
 -8.54233107e+00  -5.07766976e+00   6.45903566e-01 
 -8.54724441e+00  -1.28351707e+00   6.66133060e-01 
 -6.40430972e+00   1.70376429e+00   1.55239823e+00 
 -7.55214671e+00   4.97794531e+00   3.18055811e+00 
 -6.98083408e+00   6.97999638e+00  -1.70419694e-02 
 -3.12212539e+00   4.73428804e+00   1.41325622e+01 
  2.06553438e-01   8.74513093e+00   3.69351409e+00 
 -3.35243958e+00   7.63018934e+00   2.95955249e+00 
 -2.02761938e+00   5.11355451e+00   4.61368157e-01 
 -2.74277690e-01   3.09995790e+00   3.18802736e+00 
 -3.00351737e+00   3.12745191e+00   5.75627752e+00 
 -5.01401647e+00  -5.57467975e-02   5.11411769e+00 
 -8.52359289e+00  -8.26536876e-01   6.32054145e+00 
 -6.91875604e+00   3.80543489e-01   1.01858499e+01 
 -3.23843781e+00  -5.59112546e-01   9.88408046e+00 
  1.33402202e-01   1.02388212e+00   9.13270694e+00 
  1.89828404e+00  -4.15243178e-01   6.06666998e+00 
  5.49901480e+00  -1.08902298e-01   4.81722187e+00 
  6.83591490e+00   5.55866585e-01   8.32843349e+00 
  1.05587734e+01   1.32186728e+00   8.88363045e+00 
  1.14737624e+01   4.70038420e-02   5.42386521e+00 
  1.25494443e+01   3.65129712e+00   4.80652707e+00 
  6.87830873e+00   1.10390944e+01  -4.65447227e+00 

   1.734813118092e+00 

  1.51219548e+00  -2.55735327e+00   3.37025527e-01 
  3.57486766e+00  -3.19452820e+00   1.91747009e+00 
  4.84441069e+00  -5.19265467e+00   2.95287144e+00 
  3.14597919e+00  -7.84852120e-01  -1.55117756e-01 
  1.95577441e+00  -1.32211063e+00  -6.86099588e-01 
  2.88401684e+00   6.83098132e-01   3.42842238e-02 
  1.98370697e+00   1.03998169e+00  -9.57835308e-01 
  2.18427254e+00   8.36649563e-01   1.37956013e+00 
  3.02722181e+00   1.38505830e+00   2.33628188e+00 
  1.00681766e+00   1.70409392e+00   1.06982600e+00 
  1.26040563e+00   2.96108849e+00   1.57129070e+00 
  8.79792276e-01   1.59552726e+00  -4.05694593e-01 
 -3.65398903e+00   3.47924484e+00  -1.75304916e+00 
  3.53756618e-01  -3.34189550e+00  -1.29314444e-01 
  2.61641356e+00  -3.69575406e+00   2.94004716e+00 
  3.56124438e+00  -5.42462930e+00   3.68082227e+00 
 -2.48619005e+00   4.11283590e+00  -1.48318603e+00 
  1.14670344e+00  -1.87182454e+00   1.80155351e+00 
  3.99786981e+00  -1.65850461e+00   2.30766629e+00 
  5.02150886e+00  -6.54490715e+00   2.03856425e+00 
 -1.40280619e+00   3.46085270e+00  -1.05920883e+00 
  2.83114983e+00  -3.53802132e+00   4.78680968e-01 
  5.00424852e+00  -4.02387231e+00   1.76341529e+00 
  5.85356468e+00  -4.52869176e+00   4.08786699e+00 
 -1.40056795e+00   2.10570815e+00  -1.03461725e+00 
 -2.54073606e+00   1.48102445e+00  -1.45772623e+00 
 -3.73927559e+00   2.15365415e+00  -1.62538295e+00 
 -4.92137203e+00   1.42111975e+00  -1.85939093e+00 
 -2.34431339e+00   1.78153168e-01  -1.32438694e+00 
 -1.04488470e+00   1.25231992e-02  -9.40769531e-01 
 -4.06974473e-01   1.18519480e+00  -8.86875032e-01 
  5.38469905e+00   4.65091872e+00  -7.30877014e+00 
  3.52323155e+00   4.28116207e+00  -4.00202055e+00 
  5.78999910e+00   1.50725196e+00  -2.90389242e+00 
  6.56533701e+00  -2.25198713e+00  -3.05371855e+00 
  3.68377861e+00  -8.78582057e+00  -3.35731461e+00 
  4.46204922e+00  -6.52131830e+00  -6.30833191e+00 
  4.94528151e+00  -2.84915878e+00  -7.05714968e+00 
  2.15057926e+00  -3.60227756e-01  -6.42077316e+00 
  1.52560900e+00   2.83754488e+00  -8.26457975e+00 
 -7.85779753e-01   5.81298417e+00  -7.92837504e+00 
 -6.47050115e+00   4.68426475e+00  -7.78807137e+00 
 -3.71539172e+00   2.49668233e+00  -6.38958846e+00 
 -2.57847378e+00   2.08079064e-02  -9.03032120e+00 
 -8.33940105e-01  -3.10933173e+00  -7.83428834e+00 
  1.04222539e+00  -5.28764115e+00  -1.03037289e+01 
 -9.64324537e+00  -6.56184062e-01   1.27299805e+00 
 -5.37649515e+00  -5.15467193e+00  -8.76417323e+00 
 -7.04556101e+00  -1.75421540e+00  -8.75291215e+00 
 -7.72199593e+00  -3.84533112e-01  -5.27972454e+00 
 -9.40406089e+00   2.73045056e+00  -3.89741640e+00 
 -6.61836030e+00   5.25500448e+00  -3.19432494e+00 
 -3.06618325e+00   9.36345238e+00   6.77999010e-01 
 -1.14430413e+00   8.14337125e+00   3.71342606e+00 
 -3.36846731e-01   5.01697273e+00   5.68194943e+00 
 -8.48139597e-02   4.67721181e+00   9.49112304e+00 
  3.69732931e+00   4.18524071e+00   9.37894098e+00 
 -9.53315338e+00  -1.65819476e+00   1.26881256e+01 
  1.55216812e+00  -3.80261571e+00   9.74586271e+00 
  1.54313264e+00  -4.12071505e-03   9.88561729e+00 
  2.42937068e+00   1.13435308e-01   6.20726045e+00 
 -9.08433534e-01  -1.43589042e+00   5.19626007e+00 
 -3.15472267e+00   5.28166277e-01   7.46388391e+00 
 -4.26942988e+00   3.54354796e+00   5.40179785e+00 
 -5.76890291e+00   6.77363789e+00   6.69979315e+00 
 -8.44176160e+00   4.08362402e+00   8.84284042e+00 
 -8.59058724e+00   1.05398384e+00   6.53678467e+00 
 -7.06969473e+00  -2.40690676e+00   6.15091983e+00 
 -5.13611666e+00  -2.92135397e+00   2.89775207e+00 
 -3.83529765e+00  -6.07703797e+00   1.17442893e+00 
 -6.48639349e+00  -8.27018808e+00   2.82356691e+00 
 -6.49884238e+00  -1.20697107e+01   2.25952382e+00 
 -4.15971457e+00  -1.17691436e+01  -7.18851195e-01 
 -1.76582997e+00  -1.37898528e+01   1.45261328e+00 
  1.00287351e+01  -8.92368383e+00   5.12137638e+00 

   1.734813118647e+00 

 -1.23283882e-01  -2.32079754e+00  -1.74770849e+00 
  2.16217931e+00  -2.61774375e+00  -3.10672759e+00 
  3.13991513e+00  -2.79139125e+00  -5.49213289e+00 
  1.20920690e+00  -3.76543275e+00  -2.67613012e-01 
 -1.24426940e-01  -3.33911049e+00  -4.31487561e-01 
  1.58064098e+00  -3.41450311e+00   1.14598312e+00 
  4.07842520e-01  -3.50178831e+00   1.88030430e+00 
  2.02084029e+00  -1.95534927e+00   1.13747196e+00 
  3.39534803e+00  -1.83438517e+00   1.28779730e+00 
  1.25252470e+00  -1.34671753e+00   2.26619254e+00 
  2.12589013e+00  -1.13156283e+00   3.30864795e+00 
  1.64498969e-01  -2.32781688e+00   2.50855906e+00 
 -3.32265799e+00  -1.27498426e-01   5.49466248e+00 
 -1.46465516e+00  -1.87495758e+00  -2.16833896e+00 
  2.01946703e+00  -1.22787542e+00  -3.61997590e+00 
  2.65696310e+00  -1.38402202e+00  -5.61987258e+00 
 -2.14770965e+00  -7.24927154e-01   5.81184532e+00 
  7.83789393e-01  -9.94657134e-01  -1.33908572e+00 
  3.16182745e+00  -2.59351985e+00  -1.80647805e+00 
  2.26745197e+00  -3.60476852e+00  -6.62046516e+00 
 -1.30658882e+00  -1.18148921e+00   4.88307381e+00 
  6.00398433e-01  -3.15146872e+00  -2.97559598e+00 
  2.81302865e+00  -3.73512052e+00  -4.14717774e+00 
  4.78090660e+00  -2.65356733e+00  -5.30337216e+00 
 -1.68527213e+00  -1.19532943e+00   3.58174869e+00 
 -2.93908129e+00  -7.27950959e-01   3.30110364e+00 
 -3.68611182e+00  -5.87546670e-03   4.21642968e+00 
 -4.87638939e+00   6.25167603e-01   3.79958548e+00 
 -3.09597631e+00  -7.96177352e-01   1.98787536e+00 
 -1.98872276e+00  -1.42033201e+00   1.49033605e+00 
 -1.16647869e+00  -1.79583319e+00   2.47419409e+00 
 -3.35668742e-01  -1.03603159e+01   6.04553803e+00 
  4.30233668e-01  -6.69290081e+00   5.33857844e+00 
  1.91615879e+00  -7.52724032e+00   2.00170646e+00 
  1.25749504e+00  -8.25515401e+00  -1.71201071e+00 
 -2.85811994e+00  -6.63013218e+00  -7.32517575e+00 
 -3.58992797e+00  -9.24979945e+00  -4.67113324e+00 
 -2.67061516e+00  -1.00426819e+01  -1.09269203e+00 
 -3.46940184e+00  -7.59649425e+00   1.69805654e+00 
 -4.17820039e+00  -8.42577447e+00   5.27938919e+00 
 -4.69528306e+00  -6.51951974e+00   8.50547771e+00 
 -8.88863683e+00  -2.51632770e+00   8.51443018e+00 
 -6.69436673e+00  -3.45783356e+00   5.57663601e+00 
 -8.36002690e+00  -6.20703322e+00   3.56083250e+00 
 -7.27744201e+00  -6.61779824e+00  -3.51324748e-02 
 -8.22934809e+00  -9.74724478e+00  -1.94919815e+00 
 -6.71447250e+00   6.10435958e+00   2.06106538e+00 
 -1.16463404e+01  -4.19756546e+00  -8.94218126e-01 
 -1.18053553e+01  -2.96036855e+00   2.68252053e+00 
 -9.59685328e+00   4.76051619e-02   3.36901144e+00 
 -8.94901945e+00   2.27823180e+00   6.37698716e+00 
 -5.81102407e+00   9.18444133e-01   8.08924680e+00 
  4.02664782e-01   1.35496745e+00   1.04750196e+01 
  3.37408484e+00   2.19374013e+00   8.26975570e+00 
  4.31253399e+00   2.98865798e+00   4.69359950e+00 
  6.88727530e+00   5.55983931e+00   3.49004847e+00 
  9.30118744e+00   2.85504147e+00   2.29996049e+00 
  5.57125825e-01   1.42555764e+01  -1.40323778e+00 
  5.71235808e+00   4.42342772e+00  -4.99406730e+00 
  6.90908167e+00   4.61565897e+00  -1.39141217e+00 
  5.14710486e+00   1.34772597e+00  -6.52744324e-01 
  1.70831482e+00   2.88819016e+00  -1.25704680e+00 
  2.20763265e+00   6.12266340e+00   5.68972947e-01 
  9.61574010e-01   5.46989956e+00   4.11982054e+00 
  1.71480504e+00   7.51602224e+00   7.22024915e+00 
  4.73974765e-01   1.08510611e+01   4.70809677e+00 
 -2.02872169e+00   9.21954313e+00   2.34306403e+00 
 -2.23623140e+00   7.81263704e+00  -1.18076535e+00 
 -3.17552269e+00   4.11436602e+00  -1.34492377e+00 
 -4.32422701e+00   1.89974002e+00  -4.24255196e+00 
 -5.72851450e+00   4.87389716e+00  -6.17650460e+00 
 -7.21893270e+00   4.38984462e+00  -9.68350443e+00 
 -7.45728608e+00   6.28231988e-01  -9.20814077e+00 
 -4.95851331e+00   4.98632444e-01  -1.20836243e+01 
  7.07804919e+00  -4.88882545e+00  -1.05510125e+01 

   1.734813067450e+00 

  3.30993377e-01   1.68061988e+00  -1.98739021e+00 
 -7.01312437e-01   1.97444867e+00  -4.43819142e+00 
 -1.33060039e+00   3.73963495e+00  -6.21707741e+00 
  1.11375853e+00  -3.37984172e-01  -3.15602770e+00 
  1.37684147e+00   3.86223469e-01  -1.97556246e+00 
  8.07893553e-01  -1.74218182e+00  -2.71551834e+00 
  1.54914692e+00  -1.94908387e+00  -1.56226820e+00 
 -6.67935492e-01  -1.77424562e+00  -2.33620380e+00 
 -1.42563151e+00  -2.45143406e+00  -3.28253962e+00 
 -6.75286293e-01  -2.43743684e+00  -9.96471358e-01 
 -1.15621157e+00  -3.71748658e+00  -1.15763518e+00 
  7.34003661e-01  -2.31386896e+00  -5.45119874e-01 
  9.16100176e-01  -3.42992092e+00   4.41871856e+00 
  5.48582626e-01   2.64373043e+00  -8.91921429e-01 
 -1.89617356e+00   2.62968038e+00  -3.83944113e+00 
 -2.32558750e+00   4.18168272e+00  -5.19490241e+00 
  8.97651639e-01  -4.24622969e+00   3.33643862e+00 
 -1.20549683e+00   1.06880001e+00  -1.87216988e+00 
 -1.04656759e+00   3.90947656e-01  -4.69089111e+00 
 -3.44603500e-01   5.04150337e+00  -6.38697639e+00 
  7.63445286e-01  -3.78008556e+00   2.09416431e+00 
  5.39297516e-01   2.43133276e+00  -3.44151542e+00 
 -1.86273268e-01   2.55673712e+00  -5.90459551e+00 
 -2.22773735e+00   2.92234287e+00  -7.34608536e+00 
  7.95965890e-01  -2.44368049e+00   1.87050057e+00 
  9.69860577e-01  -1.64124018e+00   2.96370041e+00 
  8.27312000e-01  -2.10797509e+00   4.25949419e+00 
  8.11656325e-01  -1.19156057e+00   5.33125816e+00 
  9.39596976e-01  -3.88060695e-01   2.53655208e+00 
  8.74410970e-01  -4.37312273e-01   1.17403440e+00 
  9.20927739e-01  -1.69883699e+00   7.36472631e-01 
  8.35914726e+00  -6.08937548e+00  -2.75513281e+00 
  4.72967352e+00  -5.40852167e+00  -1.80659098e+00 
  4.30219910e+00  -3.04209611e+00  -4.67993733e+00 
  4.78342232e+00   5.37875565e-01  -5.98669992e+00 
  4.68310022e+00   7.45584646e+00  -4.19277640e+00 
  7.63740236e+00   5.08533408e+00  -3.88462883e+00 
  8.32453813e+00   1.38150067e+00  -3.58717870e+00 
  6.95579327e+00  -6.11777884e-01  -6.60821299e-01 
  8.47042122e+00  -3.66864476e+00   8.81096538e-01 
  7.48508576e+00  -6.22220661e+00   3.49207055e+00 
  6.07999023e+00  -4.17309515e+00   8.73008003e+00 
  5.44922867e+00  -2.46449569e+00   5.41124660e+00 
  8.38190840e+00  -2.17317625e-01   4.54775651e+00 
  7.75317831e+00   2.58668747e+00   2.09542013e+00 
  1.06781015e+01   4.41924191e+00   5.30240642e-01 
 -3.23941035e+00   1.64360519e+00   8.79151460e+00 
  7.69071700e+00   5.34878558e+00   6.34392747e+00 
  7.15221714e+00   2.26933746e+00   8.48310441e+00 
  3.56294884e+00   1.03999355e+00   8.53320368e+00 
  1.70069597e+00  -1.75164933e+00   1.03170337e+01 
  1.55710311e+00  -4.69803132e+00   7.88268045e+00 
 -1.55528327e+00  -9.32334456e+00   4.22045879e+00 
 -4.01014681e+00  -8.42704311e+00   1.46976199e+00 
 -5.60670482e+00  -5.47021588e+00  -2.65075354e-01 
 -9.23664369e+00  -5.16515651e+00  -1.45639140e+00 
 -8.23188576e+00  -5.30253465e+00  -5.13481603e+00 
 -1.42673651e+01   2.64806240e+00   5.84266599e+00 
 -8.75304519e+00   2.93049045e+00  -4.43612255e+00 
 -9.04882829e+00  -8.14319250e-01  -3.85548163e+00 
 -5.27336988e+00  -1.08710553e+00  -3.82171999e+00 
 -4.99879059e+00   9.87267142e-01  -6.30308536e-01 
 -7.80429374e+00  -5.73644683e-01   1.30311870e+00 
 -6.18330416e+00  -3.37067828e+00   3.33689178e+00 
 -7.92613043e+00  -6.30613450e+00   4.98379509e+00 
 -1.05159051e+01  -3.20660048e+00   6.61445888e+00 
 -8.18306494e+00  -2.00682070e-01   6.81692750e+00 
 -7.31224292e+00   2.96162892e+00   4.89828071e+00 
 -3.68141774e+00   3.14120825e+00   3.72723458e+00 
 -1.57425585e+00   6.03468660e+00   2.38265489e+00 
 -3.69958542e+00   8.63907217e+00   4.18765188e+00 
 -2.99625917e+00   1.23871471e+01   3.72729608e+00 
  4.27420963e-01   1.16969030e+01   2.23248287e+00 
 -1.04517443e+00   1.33027087e+01  -8.95122794e-01 
 -2.08372136e+00   6.57320557e+00  -1.22919470e+01 

   1.734813077802e+00 

 -1.86667445e+00   8.97233059e-01  -9.18702616e-01 
 -4.31116134e+00   1.26796340e+00   1.03781493e-01 
 -6.82963259e+00   1.06736549e+00  -4.37868621e-01 
 -1.55357295e+00   2.84208989e+00   5.55304860e-01 
 -8.83853488e-01   2.16866653e+00  -4.86406604e-01 
 -5.85213293e-01   2.88555059e+00   1.70411077e+00 
  6.78191026e-01   2.93319710e+00   1.13517858e+00 
 -7.16922013e-01   1.55897517e+00   2.44291200e+00 
 -1.37326541e+00   1.71025364e+00   3.65644618e+00 
  6.96296969e-01   1.09574355e+00   2.59471060e+00 
  1.06285754e+00   1.27136213e+00   3.91024244e+00 
  1.43219913e+00   1.90562514e+00   1.59089785e+00 
  6.05833820e+00  -1.32320020e-01   9.87185222e-01 
 -1.39979459e+00   1.46583843e-01  -2.09917421e+00 
 -4.52496298e+00  -2.04958508e-01   8.60926117e-02 
 -6.53272333e+00  -3.94085664e-01  -5.16900003e-01 
  5.58950808e+00   7.12505435e-01   1.93823920e+00 
 -1.93843262e+00  -1.29251648e-01   3.81128672e-01 
 -3.82448095e+00   1.70635444e+00   1.60761022e+00 
 -7.31895293e+00   1.44648009e+00  -1.95864166e+00 
  4.31044824e+00   1.08623606e+00   1.99198737e+00 
 -3.35462094e+00   1.54303929e+00  -1.21931550e+00 
 -5.62995683e+00   2.21826695e+00  -2.31445915e-01 
 -7.60568753e+00   1.25725762e+00   1.01441584e+00 
  3.46728990e+00   7.43550087e-01   9.87654991e-01 
  3.99967847e+00   1.81937763e-02  -4.17545898e-02 
  5.23708332e+00  -5.97063735e-01   4.36152711e-02 
  5.63661045e+00  -1.49903509e+00  -9.64120343e-01 
  3.01481311e+00  -2.36887790e-01  -8.89578920e-01 
  1.91928794e+00   4.39582038e-01  -4.36431697e-01 
  2.21508498e+00   1.16032836e+00   6.48961907e-01 
  3.89359191e+00   1.03198008e+01   9.38136369e-01 
  3.20032949e+00   6.77306536e+00   2.15323919e+00 
 -4.42399886e-01   7.08034187e+00   1.33175864e+00 
 -3.15132836e+00   6.83532061e+00  -1.38065893e+00 
 -5.21525486e+00   3.31740406e+00  -7.25015707e+00 
 -2.86452882e+00   6.30032260e+00  -7.11435948e+00 
 -5.48925808e-01   8.01891611e+00  -4.67234189e+00 
  2.39625324e+00   6.15995060e+00  -3.16226271e+00 
  5.64577638e+00   7.63633588e+00  -2.03226795e+00 
  8.73621721e+00   6.44098616e+00  -2.07684216e-01 
  1.15024359e+01   1.88614141e+00  -2.49046430e+00 
  7.76848666e+00   2.50642490e+00  -2.55952031e+00 
  6.84244529e+00   4.40913724e+00  -5.70882197e+00 
  3.25754953e+00   4.18318171e+00  -6.87891541e+00 
  1.97113346e+00   6.59527927e+00  -9.50380833e+00 
  5.75764396e+00  -7.45955308e+00  -1.90288715e+00 
  5.27892420e+00   9.23038303e-01  -1.01907730e+01 
  8.39049110e+00   5.09262159e-01  -8.07041286e+00 
  7.94548929e+00  -1.84665350e+00  -5.12962243e+00 
  1.02180282e+01  -3.20334908e+00  -2.40232517e+00 
  9.69095404e+00  -9.79877867e-01   6.64625245e-01 
  8.10407478e+00   1.95390682e-01   7.03587369e+00 
  4.67657044e+00  -5.96054047e-01   8.45780016e+00 
  1.29640676e+00  -1.99914354e+00   7.50530120e+00 
 -9.35812678e-01  -4.29643948e+00   9.60966667e+00 
 -3.52793268e+00  -1.55546469e+00   1.01816770e+01 
 -5.21677977e-01  -1.48159295e+01   4.24325302e+00 
 -7.26759600e+00  -5.30532548e+00   3.81806523e+00 
 -5.00501433e+00  -4.47922888e+00   6.75855537e+00 
 -3.67900550e+00  -1.47872355e+00   4.86959960e+00 
 -2.06145440e+00  -3.67891650e+00   2.20386132e+00 
 -5.77686367e-01  -6.28876918e+00   4.44720038e+00 
  2.97098551e+00  -5.08024791e+00   5.17779292e+00 
  5.24206684e+00  -6.22123986e+00   7.98973394e+00 
  4.20220869e+00  -1.01954389e+01   6.54148005e+00 
  3.57051739e+00  -9.58621081e+00   2.83357616e+00 
  6.97558182e-01  -9.06025968e+00   4.02685018e-01 
  7.78528672e-01  -5.70846806e+00  -1.42635833e+00 
 -1.11524862e+00  -4.42788083e+00  -4.49132662e+00 
 -1.62223485e+00  -7.95427924e+00  -5.85710424e+00 
 -3.66403770e+00  -8.52906481e+00  -9.05949766e+00 
 -3.47044164e+00  -4.85377483e+00  -1.00014631e+01 
 -7.25721826e+00  -4.94663409e+00  -9.57607419e+00 
 -1.33928642e+01   2.61983670e+00  -5.56448114e-01 

   1.734813166959e+00 

  8.36868137e-01  -3.81580656e+00   2.04336446e+00 
  2.86510125e+00  -5.12555677e+00   3.19627021e+00 
  3.42702945e+00  -6.88908876e+00   4.99918993e+00 
  2.44307947e+00  -4.07037078e+00   1.97145269e-01 
  1.08931691e+00  -3.73401412e+00   4.00513048e-01 
  3.03954954e+00  -2.92321489e+00  -5.69414076e-01 
  2.01190350e+00  -2.40830598e+00  -1.34458945e+00 
  3.43049293e+00  -1.86395246e+00   4.54359828e-01 
  4.80749571e+00  -1.79806176e+00   6.25608548e-01 
  2.84764448e+00  -6.03512895e-01  -9.91689391e-02 
  3.87882450e+00   1.56352861e-01  -6.04240861e-01 
  1.84539633e+00  -1.09128525e+00  -1.08031886e+00 
 -1.14427087e+00   2.82036810e+00  -2.37637624e+00 
 -5.68899647e-01  -3.63042846e+00   2.44884010e+00 
  2.59692925e+00  -4.39319454e+00   4.46404416e+00 
  2.88897420e+00  -5.86333138e+00   5.94182414e+00 
  8.42391583e-02   2.46803717e+00  -2.82876874e+00 
  1.76148558e+00  -2.62904204e+00   2.73982088e+00 
  4.07042102e+00  -4.35505926e+00   2.39372307e+00 
  2.39898848e+00  -8.15686497e+00   5.17751015e+00 
  7.67701925e-01   1.44563986e+00  -2.31288176e+00 
  1.36457149e+00  -5.30442811e+00   2.51977034e+00 
  3.36128088e+00  -6.70322516e+00   3.33560008e+00 
  5.07152346e+00  -6.80983750e+00   5.19105697e+00 
  1.73621919e-01   6.26845483e-01  -1.41082440e+00 
 -1.12267495e+00   9.11360889e-01  -1.08229659e+00 
 -1.72342670e+00   2.11737775e+00  -1.40111052e+00 
 -2.98500159e+00   2.43201194e+00  -8.55072550e-01 
 -1.49897986e+00   2.34592978e-02  -1.74632979e-01 
 -4.75091430e-01  -8.70432143e-01  -4.91923308e-02 
  5.13276354e-01  -5.91337099e-01  -9.03799779e-01 
  2.18689967e+00  -4.83533389e+00  -9.02692013e+00 
  2.71507108e+00  -2.58629249e+00  -5.99388898e+00 
  3.63446390e+00  -5.51153346e+00  -3.84065698e+00 
  2.37423117e+00  -8.40780202e+00  -1.65457431e+00 
 -2.68237177e+00  -1.04427207e+01   2.96891463e+00 
 -2.87562294e+00  -1.06412419e+01  -8.21244867e-01 
 -1.33778229e+00  -9.00696734e+00  -3.86150827e+00 
 -1.71986303e+00  -5.27710293e+00  -4.45509153e+00 
 -1.78416076e+00  -3.52235026e+00  -7.76155926e+00 
 -1.79908051e+00   5.54415215e-02  -8.98954094e+00 
 -6.04339224e+00   3.46731769e+00  -7.00095292e+00 
 -4.35526813e+00   6.55739839e-01  -5.10960990e+00 
 -6.25984700e+00  -2.58047081e+00  -5.65326038e+00 
 -5.79409219e+00  -5.31672823e+00  -3.09052538e+00 
 -6.96734790e+00  -8.83890968e+00  -3.85267510e+00 
 -5.24979883e+00   5.61807652e+00   3.74308497e+00 
 -1.03134761e+01  -3.64908945e+00  -1.51665361e+00 
 -9.89666430e+00  -3.82751405e-01  -3.38916666e+00 
 -7.69126908e+00   2.13990974e+00  -1.60898902e+00 
 -6.60527905e+00   5.71740163e+00  -2.29119470e+00 
 -3.18360846e+00   5.51520438e+00  -3.98799025e+00 
  3.33037101e+00   6.83246974e+00  -4.55819277e+00 
  5.85734717e+00   5.77270428e+00  -1.93382935e+00 
  6.14971384e+00   3.97469342e+00   1.38025129e+00 
  8.40659962e+00   4.91019137e+00   4.33322081e+00 
  1.06596173e+01   1.87596609e+00   3.80724657e+00 
  1.08738374e+00   8.89117519e+00   1.27123812e+01 
  5.83729322e+00  -1.33740637e+00   9.72008315e+00 
  7.62402357e+00   1.03315445e+00   7.34600411e+00 
  6.10862340e+00  -8.03576573e-01   4.40331396e+00 
  2.57415098e+00   2.79683579e-01   5.35067223e+00 
  3.28357767e+00   3.86496689e+00   6.18007148e+00 
  2.67978438e+00   5.78180436e+00   2.93221895e+00 
  3.89067296e+00   9.27008353e+00   2.07642895e+00 
  2.14439452e+00   1.02789244e+01   5.93722607e+00 
 -6.76359271e-01   7.73759732e+00   6.25933579e+00 
 -1.44025569e+00   4.40997086e+00   7.92761180e+00 
 -2.28664371e+00   1.58915081e+00   5.49592854e+00 
 -3.84761127e+00  -1.85984746e+00   6.03272513e+00 
 -5.64602774e+00  -7.35051589e-01   9.20422443e+00 
 -7.69724720e+00  -3.23818623e+00   1.12733967e+01 
 -7.74252908e+00  -5.75581127e+00   8.42874614e+00 
 -5.76722121e+00  -7.93991252e+00   1.08488841e+01 
  6.50484634e+00  -1.21054165e+01   7.96855892e+00 

   1.734813183440e+00 

  1.78984477e-02   2.93975256e+00   4.71541724e-01 
  1.80871241e+00   4.16822874e+00   2.03429478e+00 
  2.93300413e+00   6.44960749e+00   2.48995882e+00 
 -2.38773780e-01   1.77033232e+00   2.62091509e+00 
 -9.16291109e-01   1.91662086e+00   1.39342325e+00 
 -4.45479957e-02   2.91609296e-01   2.80798684e+00 
 -1.12419640e+00  -3.15746774e-01   2.18545424e+00 
  1.21504355e+00  -8.90016207e-02   2.03887007e+00 
  2.27688176e+00  -3.59191012e-01   2.89248596e+00 
  7.93758369e-01  -1.27571546e+00   1.23322617e+00 
  1.35205144e+00  -2.39752044e+00   1.80394067e+00 
 -6.88821170e-01  -1.19404658e+00   1.25209901e+00 
 -2.50126362e+00  -4.37954212e+00  -2.28153155e+00 
 -5.97977107e-01   3.33020748e+00  -8.10335138e-01 
  2.70141346e+00   4.33359493e+00   8.54779816e-01 
  3.50273057e+00   6.26147035e+00   1.12238371e+00 
 -2.08320994e+00  -4.62113064e+00  -1.01468617e+00 
  1.44730713e+00   2.15667814e+00   1.68281857e-01 
  2.28311787e+00   2.83561882e+00   2.86473944e+00 
  2.01151260e+00   7.80067527e+00   2.34371184e+00 
 -1.55380324e+00  -3.66937084e+00  -2.44986487e-01 
  2.85796168e-01   4.28057237e+00   1.39450318e+00 
  1.79947389e+00   5.40321113e+00   3.14307182e+00 
  4.19267570e+00   6.11941394e+00   3.51546163e+00 
 -1.56249403e+00  -2.38138444e+00  -6.66976901e-01 
 -2.12982024e+00  -2.13774428e+00  -1.88682970e+00 
 -2.41731700e+00  -3.14811785e+00  -2.78878780e+00 
 -2.80383330e+00  -2.81741257e+00  -4.10406641e+00 
 -2.00721955e+00  -8.40236580e-01  -2.12199213e+00 
 -1.48097482e+00  -2.82806032e-01  -9.92638634e-01 
 -1.32472246e+00  -1.19908347e+00  -3.28990445e-02 
 -6.94999244e+00  -2.60992404e+00   7.25849080e+00 
 -3.88944822e+00  -2.87877445e+00   5.00079641e+00 
 -2.60737970e+00   4.49493743e-01   6.14870627e+00 
 -2.76067935e+00   4.26479072e+00   5.72971168e+00 
 -3.55621676e+00   9.57945097e+00   1.01714813e+00 
 -6.34085476e+00   7.70620727e+00   2.80009856e+00 
 -6.93744156e+00   4.37661580e+00   4.48442481e+00 
 -6.56480228e+00   1.13350595e+00   2.54701027e+00 
 -8.38805256e+00  -2.07706418e+00   3.16672459e+00 
 -8.24584240e+00  -5.62825943e+00   1.87150295e+00 
 -8.78823707e+00  -6.32791713e+00  -3.85789304e+00 
 -7.13716538e+00  -3.40835348e+00  -2.10232174e+00 
 -9.69049892e+00  -6.69436340e-01  -1.49010497e+00 
 -8.38015034e+00   2.83346675e+00  -9.56928160e-01 
 -1.06709701e+01   5.51778489e+00   4.25000107e-01 
 -2.87905888e-01  -2.35237288e+00  -9.57011094e+00 
 -9.87681355e+00   3.37356898e+00  -5.76850609e+00 
 -9.97284638e+00  -3.77451023e-01  -6.28776527e+00 
 -6.56744116e+00  -1.93204249e+00  -6.90668938e+00 
 -5.31055092e+00  -5.43261834e+00  -7.68732065e+00 
 -4.22917335e+00  -6.97244357e+00  -4.35755176e+00 
  1.27025014e-01  -9.81732170e+00  -1.83543407e-01 
  3.33196199e+00  -8.09659398e+00   8.95099109e-01 
  5.30178045e+00  -4.89851592e+00   4.55119835e-01 
  9.10501903e+00  -4.54376749e+00   1.41593078e-01 
  9.41623169e+00  -2.89703893e+00   3.56952040e+00 
  1.10356394e+01  -1.50556524e+00  -1.11132516e+01 
  9.33500251e+00   4.02036797e+00  -9.78559291e-01 
  9.56736455e+00   4.06556862e-01   1.76671667e-01 
  6.01938195e+00   6.15831818e-01   1.47956314e+00 
  4.59302321e+00   1.06084711e+00  -2.03197514e+00 
  6.63553752e+00  -1.53267579e+00  -3.80601550e+00 
  4.53471291e+00  -4.71980721e+00  -3.67941266e+00 
  5.73173781e+00  -8.27186227e+00  -4.24220629e+00 
  7.48557166e+00  -6.57445903e+00  -7.84996195e+00 
  5.10295411e+00  -3.71388167e+00  -8.66175202e+00 
  4.80844287e+00   5.29971332e-02  -8.25718315e+00 
  1.78737105e+00   1.18376962e+00  -6.21244468e+00 
  1.46999052e-01   4.60846165e+00  -5.76414769e+00 
  1.42522672e+00   5.84656018e+00  -9.13922819e+00 
  7.69019792e-01   9.45982595e+00  -1.02654316e+01 
 -1.91220789e+00   9.93915419e+00  -7.61707327e+00 
  4.69109054e-01   1.25781968e+01  -6.24085138e+00 
  5.58971991e+00   1.15828238e+01   5.96734423e+00 

   1.734813223433e+00 

  9.85319086e-01  -2.49536304e+00   1.47095166e+00 
  8.50422747e-01  -5.16020483e+00   1.27375842e+00 
 -4.40355448e-01  -7.23193308e+00   2.12120273e+00 
  3.33755907e+00  -3.13940828e+00   1.14636641e+00 
  2.57898488e+00  -2.02346942e+00   1.55433031e+00 
  4.19718332e+00  -2.65754686e+00   1.13644416e-02 
  4.45051627e+00  -1.31872793e+00   2.67910022e-01 
  3.34794871e+00  -2.74025450e+00  -1.25154092e+00 
  3.74783197e+00  -3.79040526e+00  -2.07027617e+00 
  3.52838255e+00  -1.39990095e+00  -1.88843656e+00 
  4.35410498e+00  -1.55446137e+00  -2.97933703e+00 
  4.04981568e+00  -5.60992546e-01  -7.79638611e-01 
  3.74215001e+00   4.31835707e+00  -2.19931317e+00 
  3.18783582e-02  -1.50040172e+00   1.99629366e+00 
 -4.64973627e-01  -5.02750920e+00   5.89910592e-01 
 -1.58972207e+00  -6.61411874e+00   1.39490208e+00 
  4.67788385e+00   3.37953257e+00  -2.48399004e+00 
  6.43096377e-01  -2.78166928e+00  -1.25706196e-01 
  2.01703703e+00  -5.32642453e+00   1.32745536e-01 
 -9.31237728e-01  -7.24078059e+00   3.68800279e+00 
  4.55703390e+00   2.11071034e+00  -2.09151940e+00 
  8.69937174e-01  -3.89320725e+00   2.33937830e+00 
  1.03570034e+00  -6.45819570e+00   2.29139104e+00 
  4.69255211e-02  -8.48018862e+00   1.14555019e+00 
  3.55135196e+00   1.75909173e+00  -1.25364590e+00 
  2.70590515e+00   2.75685679e+00  -8.54959661e-01 
  2.66764662e+00   3.99278111e+00  -1.47805422e+00 
  1.63572189e+00   4.90010766e+00  -1.16083577e+00 
  1.78829237e+00   2.20296601e+00  -7.71219756e-02 
  2.15249280e+00   8.98845959e-01   9.53645551e-02 
  3.31301263e+00   6.39931702e-01  -5.13975340e-01 
  1.16917446e+01   7.17054265e-02   3.51947873e+00 
  8.98481574e+00  -2.02359764e-01   8.48566008e-01 
  7.60159445e+00  -3.31669351e+00   2.40627238e+00 
  5.30126272e+00  -4.80941724e+00   5.09618226e+00 
 -8.21856548e-01  -3.91588399e+00   8.67332813e+00 
  2.56702154e+00  -2.46678416e+00   9.59945564e+00 
  5.84689574e+00  -1.56303088e+00   7.95487665e+00 
  5.97077038e+00   1.01740106e+00   5.17346852e+00 
  8.83416627e+00   3.27677621e+00   4.32950753e+00 
  9.69584023e+00   5.73710559e+00   1.58849185e+00 
  5.92094378e+00   1.00424137e+01   6.80610316e-01 
  5.08052056e+00   6.51861318e+00   1.77987186e+00 
  5.02963714e+00   6.33495255e+00   5.56928630e+00 
  3.07580496e+00   3.50945397e+00   7.14115238e+00 
  3.54108765e+00   2.70554330e+00   1.08154457e+01 
 -3.69709262e+00   6.63551859e+00  -3.39070431e+00 
 -3.10416937e-01   7.20353493e+00   7.89621008e+00 
  1.33568009e+00   9.41097976e+00   5.29495540e+00 
  4.32122877e-01   8.51236428e+00   1.72105488e+00 
  1.24359740e+00   9.95149137e+00  -1.70147238e+00 
  4.19324045e+00   7.93335749e+00  -3.06332463e+00 
  7.26543298e+00   4.04440039e+00  -7.52763687e+00 
  5.97475648e+00   5.98673229e-01  -8.45349422e+00 
  3.20007908e+00  -1.85689422e+00  -7.69662241e+00 
  1.36023031e+00  -4.11487943e+00  -1.01876480e+01 
  2.96729313e+00  -7.27862723e+00  -8.78505742e+00 
 -9.52589194e+00   4.01686267e-01  -1.10382074e+01 
 -4.15274958e+00  -7.69632504e+00  -4.58118031e+00 
 -1.43051724e+00  -6.81660917e+00  -7.08393288e+00 
  7.64306793e-01  -5.61419201e+00  -4.24376494e+00 
 -1.61013441e+00  -2.74214958e+00  -3.42106024e+00 
 -2.32939902e+00  -1.58399365e+00  -6.91202179e+00 
  2.50155833e-01   1.14404632e+00  -7.61275914e+00 
  1.27678114e+00   2.50571699e+00  -1.09978129e+01 
 -3.02087821e+00   2.92052910e+00  -1.15732168e+01 
 -4.28140508e+00   3.48000607e+00  -8.02120163e+00 
 -5.87808610e+00   1.57239920e+00  -5.14866269e+00 
 -3.80817740e+00   1.53986819e+00  -1.93915965e+00 
 -4.68904714e+00   5.79133512e-01   1.65547718e+00 
 -8.38796120e+00   1.35467391e+00   1.13167933e+00 
 -1.09304903e+01   7.11510030e-01   3.93820333e+00 
 -8.18027020e+00   4.07361109e-01   6.54134324e+00 
 -9.42996990e+00  -3.17806558e+00   6.87608240e+00 
 -1.52997780e+00  -1.35279194e+01   4.28312154e+00 

   1.734813066083e+00 

  2.86871053e+00  -4.50967347e-01   4.88463923e-01 
  5.21159581e+00   6.45744023e-01   1.17141669e+00 
  7.46290111e+00   1.50155049e-01   2.33862021e+00 
  3.29206025e+00   1.12492767e+00  -1.35289381e+00 
  2.45565352e+00   3.14625146e-02  -1.04971982e+00 
  2.37204352e+00   2.25227189e+00  -1.72975205e+00 
  1.25820441e+00   1.65881100e+00  -2.30352234e+00 
  1.93232040e+00   2.91639312e+00  -4.30300425e-01 
  2.54129752e+00   4.15144022e+00  -2.53231780e-01 
  4.46379675e-01   3.00959316e+00  -5.64815397e-01 
  1.23209588e-01   4.32449737e+00  -8.14636419e-01 
  1.38293093e-01   2.03773722e+00  -1.64446204e+00 
 -4.88570405e+00   1.21412922e+00  -1.65515877e+00 
  2.19338186e+00  -1.68279777e+00   9.37319349e-01 
  4.82175621e+00   5.48278120e-01   2.60460928e+00 
  6.61234992e+00  -1.93195223e-02   3.55438501e+00 
 -4.16116850e+00   2.22244248e+00  -2.19957069e+00 
  2.46911171e+00   7.89009420e-01   1.51371844e+00 
  4.87469533e+00   2.16095060e+00   6.41134720e-01 
  8.12837254e+00  -1.33497896e+00   2.12080528e+00 
 -2.84273943e+00   2.32632854e+00  -2.02777903e+00 
  4.50230675e+00  -6.80524030e-01   4.79205287e-01 
  6.81296484e+00   3.95402949e-01   8.14207902e-01 
  8.18641725e+00   1.62798408e+00   2.53861582e+00 
 -2.16283422e+00   1.32301424e+00  -1.42104620e+00 
 -2.89468103e+00   2.42059129e-01  -1.01461296e+00 
 -4.27717026e+00   2.64082398e-01  -9.42508680e-01 
 -4.95849049e+00  -8.02555168e-01  -3.20572457e-01 
 -2.05688773e+00  -5.96680330e-01  -4.24309970e-01 
 -8.03473249e-01  -8.08891685e-02  -5.85647311e-01 
 -8.34774338e-01   1.03713863e+00  -1.31640345e+00 
  1.26193100e+00   1.81440596e+00  -1.03604984e+01 
  4.31964696e-01   2.83896132e+00  -6.78309285e+00 
  3.92779815e+00   2.11848532e+00  -5.64342738e+00 
  6.43042975e+00  -5.42011957e-01  -4.45424939e+00 
  7.17624707e+00  -6.55611105e+00  -6.64695295e-01 
  6.20425719e+00  -6.30193176e+00  -4.32978301e+00 
  4.66054083e+00  -3.81784099e+00  -6.72253048e+00 
  1.15599865e+00  -2.48359831e+00  -6.13253965e+00 
 -1.28275015e+00  -1.34388727e+00  -8.73438100e+00 
 -4.66983524e+00   3.39140182e-01  -8.79627318e+00 
 -8.91875991e+00  -2.26314980e+00  -5.83238280e+00 
 -5.24746673e+00  -2.21256116e+00  -4.90994627e+00 
 -3.50418595e+00  -5.22574433e+00  -6.41914305e+00 
 -2.58497945e-01  -6.32608708e+00  -4.82968720e+00 
  1.99496169e+00  -8.77847647e+00  -6.63823417e+00 
 -7.40198705e+00  -2.08463754e+00   5.04681454e+00 
 -3.26460585e+00  -9.86436711e+00  -2.79821464e+00 
 -6.37271074e+00  -7.84168042e+00  -3.57116773e+00 
 -7.03110645e+00  -5.03187250e+00  -1.10780917e+00 
 -9.77234203e+00  -2.43875849e+00  -6.55435897e-01 
 -8.53755980e+00   7.61947194e-01  -2.34617993e+00 
 -6.89296235e+00   7.22420285e+00  -2.50904570e+00 
 -4.12952385e+00   8.67495181e+00  -3.51543985e-01 
 -1.54959154e+00   7.71954702e+00   2.24319471e+00 
 -5.10686458e-01   9.73802301e+00   5.33110274e+00 
  2.93092378e+00   1.05246519e+01   3.88343126e+00 
 -4.84531492e+00   3.76813801e+00   1.45615423e+01 
  5.14134257e+00   4.04168380e+00   8.53396630e+00 
  3.26912958e+00   6.97322071e+00   7.00129696e+00 
  3.33120015e+00   5.23050228e+00   3.64144113e+00 
  1.08901914e+00   2.40711281e+00   4.89228082e+00 
 -1.40740362e+00   4.46288727e+00   6.78621784e+00 
 -4.20949999e+00   5.18185397e+00   4.29251707e+00 
 -6.86720930e+00   7.87185322e+00   4.55167195e+00 
 -7.43386039e+00   6.22138931e+00   8.54265210e+00 
 -6.45105520e+00   2.56973706e+00   8.07547234e+00 
 -3.50339424e+00   2.38219033e-01   8.63674949e+00 
 -2.16325240e+00  -1.39658963e+00   5.45587380e+00 
  2.15304338e-01  -4.33961531e+00   4.90693885e+00 
 -6.64911803e-01  -5.89402266e+00   8.27843265e+00 
  1.11652120e+00  -9.07745972e+00   9.48128209e+00 
  2.44359893e+00  -9.81084523e+00   5.99794252e+00 
  5.85778827e+00  -9.30660924e+00   7.61602165e+00 
  1.40999240e+01   2.68360451e-01   3.53701903e+00 

   1.734813167291e+00 

  1.64965920e+00  -4.53105701e+00  -2.45702743e-01 
  2.28140215e+00  -5.70183400e+00  -2.56703563e+00 
  4.12537865e+00  -7.06295169e+00  -3.76010715e+00 
 -5.32248625e-01  -5.30292751e+00  -1.08037475e+00 
  5.24401896e-02  -4.83112207e+00   1.12406954e-01 
 -1.70307564e+00  -4.39912061e+00  -1.34804608e+00 
 -2.16213420e+00  -3.99282475e+00  -1.04485262e-01 
 -1.15792607e+00  -3.17258929e+00  -2.07014153e+00 
 -1.50470100e+00  -3.17308727e+00  -3.41409290e+00 
 -1.74639190e+00  -2.02522291e+00  -1.31381936e+00 
 -2.74435261e+00  -1.47358167e+00  -2.08553877e+00 
 -2.16885854e+00  -2.64130212e+00  -3.04378418e-02 
 -3.19301479e+00   1.10006409e+00   3.26678953e+00 
  2.47098316e+00  -4.15766014e+00   9.20908742e-01 
  3.35573398e+00  -4.69113071e+00  -2.76657908e+00 
  4.93243252e+00  -5.81831926e+00  -3.58745794e+00 
 -3.95547881e+00   5.67226875e-01   2.28049439e+00 
  1.67944928e+00  -3.29198915e+00  -1.34671412e+00 
  9.49812092e-01  -5.21768205e+00  -3.39347461e+00 
  4.94366531e+00  -8.18110912e+00  -2.87917510e+00 
 -3.49261467e+00  -3.64528320e-01   1.44616168e+00 
  2.23974900e+00  -5.91349173e+00  -9.25485865e-01 
  2.59763964e+00  -7.24264787e+00  -3.09670701e+00 
  3.70007227e+00  -7.06522778e+00  -5.36216413e+00 
 -2.27570426e+00  -9.19240181e-01   1.66633154e+00 
 -1.58576756e+00  -4.74398463e-01   2.75965119e+00 
 -1.94164520e+00   6.73309302e-01   3.44763081e+00 
 -1.07383806e+00   1.19247467e+00   4.43054307e+00 
 -4.24468859e-01  -1.11082134e+00   2.77357550e+00 
 -4.65565793e-01  -2.02852332e+00   1.76399093e+00 
 -1.65397310e+00  -2.01784316e+00   1.15356745e+00 
 -8.62569312e+00  -8.05413594e+00   2.47798467e+00 
 -6.58369488e+00  -5.23914516e+00   9.15150386e-01 
 -4.27952718e+00  -7.67977957e+00  -7.50074953e-01 
 -1.18229399e+00  -9.92385516e+00  -3.94159386e-01 
  5.26592600e+00  -1.05142276e+01   2.63213073e+00 
  1.94460534e+00  -1.15255692e+01   4.17752492e+00 
 -1.73277477e+00  -1.07171997e+01   3.85748547e+00 
 -2.99929599e+00  -7.19102269e+00   4.46753144e+00 
 -6.37990376e+00  -6.20553444e+00   5.73889795e+00 
 -8.31597899e+00  -2.99375561e+00   6.23376626e+00 
 -5.80390999e+00   1.07566124e+00   9.51085316e+00 
 -4.03504238e+00  -1.36870614e+00   7.22437508e+00 
 -3.10582754e+00  -4.49548397e+00   9.16236020e+00 
 -3.13968960e-01  -6.62877277e+00   7.77445918e+00 
  2.25014820e-01  -1.01357836e+01   9.10622834e+00 
  3.15653499e+00   5.46909282e+00   4.91767858e+00 
  2.32307788e+00  -4.32691498e+00   1.14391974e+01 
 -2.77619684e-01  -1.59157392e+00   1.17606419e+01 
 -2.70681602e-02   1.09045532e+00   9.08845013e+00 
 -1.85726261e+00   4.34046932e+00   8.35971759e+00 
 -4.55721093e+00   3.51826081e+00   5.77860834e+00 
 -7.68011310e+00   4.19303842e+00  -7.66928587e-02 
 -5.94864506e+00   3.55183639e+00  -3.39134593e+00 
 -2.63169148e+00   2.50907855e+00  -4.87860761e+00 
 -9.68832291e-01   3.90095850e+00  -8.03872234e+00 
 -1.53908265e+00   6.67329784e-01  -9.98235175e+00 
  8.29028162e+00   1.01548999e+01  -4.19322231e+00 
  6.26792044e+00  -8.03517248e-01  -7.65214325e+00 
  2.93603428e+00   8.49045662e-01  -8.43687517e+00 
  1.22919043e+00  -1.47207286e+00  -5.98154981e+00 
  3.08570800e+00   5.09592031e-02  -3.01554002e+00 
  2.75689147e+00   3.66839000e+00  -3.93829898e+00 
 -4.17507825e-01   4.86429539e+00  -2.18323411e+00 
 -2.42851786e+00   7.98015546e+00  -2.96675742e+00 
  1.45437372e+00   9.93859601e+00  -2.72023627e+00 
  3.33110342e+00   7.74564154e+00  -2.32759575e-01 
  5.88347119e+00   4.93148161e+00  -1.57479973e-01 
  4.63134404e+00   1.71588504e+00   1.47914785e+00 
  6.46775844e+00  -1.40594696e+00   2.70469816e+00 
  9.71743766e+00   5.17705084e-01   3.24970281e+00 
  1.28970311e+01  -1.31125611e+00   4.38976905e+00 
  1.09173747e+01  -4.38182580e+00   5.43142830e+00 
  1.29189070e+01  -6.12086877e+00   2.69305320e+00 
  6.93723601e+00  -1.17124282e+01  -7.75711455e+00 

   1.734813090645e+00 

