  7.74674389e-01  -2.09430859e-01   1.71429839e+00 
 -1.52818138e+00  -1.87906341e+00  -2.85374312e-01 
  4.09691530e+00   2.52751412e+00   3.52232412e+00 
  7.60679176e-01  -1.52825252e+00  -1.83219230e+00 
  3.11614571e-01  -8.65716330e-01  -6.97367897e-01 
  1.17297112e+00  -7.15807849e-01   4.33228784e-01 
  2.47789489e+00  -1.17985467e+00   4.71481741e-01 
  3.14289636e+00  -1.26716798e+00  -6.99866375e-01 
  2.32046895e+00  -1.51571204e+00  -1.70185203e+00 
 -1.12565893e+00  -5.53961905e-01  -4.52191823e-01 
  1.54578116e+00  -3.07216326e-01   2.88705146e+00 
  2.75578098e+00   5.68259122e-01   2.98862540e+00 
  2.97419087e+00   1.73310707e+00   3.73581204e+00 
  5.15997952e+00   2.07325671e+00   2.81427868e+00 
  4.93741600e+00   8.73629221e-01   2.20218018e+00 
  4.01452174e+00  -2.64931730e-02   2.82720500e+00 
 -1.24672741e+00   7.93151858e-03   7.43983486e-01 
  9.51322374e-01   1.16279589e+01  -4.73675435e+00 
  1.75636690e+00   1.16794590e+01  -1.04277556e+00 
  4.84643635e+00   9.43353726e+00  -9.10589264e-01 
  6.60418630e+00   6.42046917e+00  -2.46552689e+00 
  5.35887855e+00   3.20233166e+00  -9.59719245e-01 
  7.85555015e+00   9.99537348e-01  -2.73391333e+00 
  8.80672665e+00  -6.24891747e-01  -6.04249029e+00 
  6.64401288e+00   2.16604238e+00  -8.61153438e+00 
  3.83229919e+00   2.49788544e+00  -6.08832046e+00 
  2.71179534e+00   5.69572994e+00  -4.36106631e+00 
  3.20542456e-01   6.57483943e+00  -1.58944842e+00 
 -2.06502399e+00   9.04212314e+00  -3.22250734e+00 
 -1.00021255e+01   8.68390540e+00  -8.50441992e-01 
 -6.47302200e+00   7.55497671e+00   7.88747261e-02 
 -5.22323931e+00   4.86764808e+00  -2.27639411e+00 
 -2.16254498e+00   3.09997535e+00  -3.54661078e+00 
 -1.27094175e+00   4.12527240e+00  -7.02161920e+00 
  8.39733524e-01   1.81003267e+00  -9.16414785e+00 
 -7.69078402e+00  -9.73338389e+00  -1.70814735e+00 
 -6.55466628e+00  -6.11074377e+00  -1.94847841e+00 
 -8.36022827e+00  -3.08364822e+00  -7.34957663e+00 
 -5.47771380e+00   2.12602226e+00  -8.17030143e+00 
 -5.52787256e+00  -1.86065606e-01  -5.17152185e+00 
 -7.18047320e+00  -7.19168278e-03  -1.81785725e+00 
 -4.88402620e+00   1.41890760e+00   7.26872677e-01 
 -8.79072316e-01   6.79884219e-01   6.09330321e+00 
  1.41821940e+00  -2.26296314e+00   6.75146990e+00 
  2.86561877e+00  -5.30842072e+00   4.98820658e+00 
  3.77307266e+00  -8.64761865e+00   6.61219614e+00 
  7.51293769e+00  -8.10853143e+00   6.03939829e+00 
  7.46477220e+00  -5.00613074e+00   8.13713677e+00 
  5.29129473e+00  -6.65671706e+00   1.07874569e+01 
  5.75354739e+00  -1.10496547e+01   2.76961628e+00 
  6.08544242e+00  -7.80831839e+00   9.24758380e-01 
  2.78680088e+00  -8.22596295e+00  -8.96065987e-01 
  7.58911119e-01  -9.51044975e+00   2.05007785e+00 
 -9.41704117e-01  -6.59602093e+00   3.71490999e+00 
 -2.43039065e+00  -6.24027082e+00   7.17438757e+00 
 -4.76665911e+00  -3.76792114e+00   8.87848894e+00 
 -7.22612722e+00  -8.88042823e+00   8.51570099e+00 
 -4.52403188e+00  -9.87813811e+00   6.02702084e+00 
 -4.84472924e+00  -9.53808461e+00   2.23696496e+00 
 -3.16059905e+00  -1.07215568e+01  -9.57220932e-01 
 -1.75026206e+00  -7.90131188e+00  -3.14723164e+00 
 -5.74784848e-01  -7.86093698e+00  -6.77379901e+00 
 -2.85345781e+00  -1.08512368e+01  -7.73514579e+00 
  1.50582832e+00   3.25018733e+00   1.21467494e+01 

   9.727944264089e+00 

 -2.10397532e+00   2.00815756e+00   2.70338612e+00 
 -1.09299162e+00  -4.38483633e-01   4.49197274e-01 
 -2.49038419e+00   5.62957015e+00   5.62454488e+00 
  1.14892474e-01   1.93632147e+00  -3.60687634e-01 
 -4.10718480e-01   1.54735552e+00   8.64415733e-01 
 -1.36577891e+00   2.37617482e+00   1.53042975e+00 
 -1.80320196e+00   3.59414401e+00   1.03561574e+00 
 -9.57545212e-01   4.28419659e+00   2.41513054e-01 
 -1.67590865e-01   3.47395894e+00  -4.37915626e-01 
 -2.76168172e-01   1.64603846e-01   1.40566544e+00 
 -3.21907015e+00   2.70898542e+00   3.19828129e+00 
 -2.96467513e+00   4.03170616e+00   3.85140233e+00 
 -2.97165680e+00   4.39280475e+00   5.20507163e+00 
 -2.27583385e+00   6.63951934e+00   4.74604931e+00 
 -2.39936268e+00   6.26376889e+00   3.43958178e+00 
 -3.30279793e+00   5.19231357e+00   3.14226304e+00 
 -9.45846322e-01   8.21374474e-02   2.54844610e+00 
  9.70166821e+00   4.21360736e+00   8.82987412e+00 
  6.57487070e+00   4.87090462e+00   1.08515877e+01 
  4.87666765e+00   7.58128378e+00   8.75871458e+00 
  4.31162077e+00   8.92691007e+00   5.22939351e+00 
  1.44682197e+00   7.15433272e+00   3.54845494e+00 
  1.42113160e+00   9.36017902e+00   4.87896393e-01 
  3.16333374e+00   1.01865759e+01  -2.79417430e+00 
  7.07162914e+00   8.57024331e+00  -1.70820579e+00 
  5.48902297e+00   5.74284647e+00   2.62491303e-01 
  5.93832836e+00   5.04767970e+00   3.97463530e+00 
  4.40055321e+00   2.70798055e+00   6.49134843e+00 
  7.38188606e+00   7.85999876e-01   7.85624490e+00 
  6.14263682e+00  -7.20230084e+00   9.70121321e+00 
  4.34421706e+00  -3.92202303e+00   8.92781474e+00 
  4.67981144e+00  -2.99775475e+00   5.27212222e+00 
  4.40906657e+00  -1.89299611e-01   2.79316195e+00 
  7.74659709e+00   9.82458804e-01   1.60583463e+00 
  8.00948515e+00   2.80463977e+00  -1.71324062e+00 
 -3.49694068e+00  -7.64902378e+00  -6.17812830e+00 
 -1.44679110e+00  -5.97353196e+00  -3.44652478e+00 
  4.89633802e+00  -7.08987491e+00  -3.78374120e+00 
  8.09321775e+00  -3.42807526e+00  -2.49009414e-01 
  4.34814964e+00  -3.94290426e+00  -4.73422220e-01 
  1.85881911e+00  -5.68094442e+00   1.71577878e+00 
  2.63550666e-01  -3.29868388e+00   4.07438676e+00 
 -5.05402911e+00   3.35152966e-01   6.04997855e+00 
 -7.47747936e+00   2.13701856e+00   3.75841740e+00 
 -7.85152681e+00   3.17941088e+00   1.18035400e-01 
 -1.11308003e+01   3.51069069e+00  -1.81785627e+00 
 -1.07957579e+01   7.30875584e+00  -2.07814552e+00 
 -1.08304004e+01   7.64400036e+00   1.65201905e+00 
 -1.36777332e+01   5.14458946e+00   1.99593419e+00 
 -9.49136401e+00   5.25828841e+00  -6.14401257e+00 
 -6.22669103e+00   6.14537323e+00  -4.53936086e+00 
 -4.56282314e+00   2.89583931e+00  -5.56060387e+00 
 -7.47184138e+00   5.83523693e-01  -4.76510644e+00 
 -7.05850765e+00  -7.24798090e-01  -1.26152214e+00 
 -9.55776358e+00  -2.27853973e+00   1.11552173e+00 
 -9.34507485e+00  -4.28270810e+00   4.34239287e+00 
 -1.15571053e+01  -7.46531515e+00   1.83515500e-01 
 -1.03548743e+01  -4.84749873e+00  -2.30484763e+00 
 -6.99042045e+00  -4.96376423e+00  -4.10760638e+00 
 -5.18684560e+00  -3.35162903e+00  -7.03811185e+00 
 -1.99200362e+00  -1.44874216e+00  -6.08365654e+00 
  8.98980404e-01  -1.38377652e-01  -8.19565179e+00 
  3.23696398e-01  -2.80028437e+00  -1.09600201e+01 
 -8.94110213e+00   2.83809124e+00   1.13001579e+01 

   9.727944264089e+00 

 -2.72413217e+00   8.61165459e-01   8.03841532e-01 
 -1.12372568e+00  -2.16049705e+00   1.73156829e-01 
 -5.66565445e+00   4.46876241e+00   1.16411972e+00 
 -2.66065811e+00  -1.59012200e+00  -2.07786690e+00 
 -2.74991400e+00  -1.13580783e+00  -7.68641298e-01 
 -2.80410440e+00   2.66614607e-01  -4.98583514e-01 
 -2.79724866e+00   1.23953678e+00  -1.48499328e+00 
 -3.30251890e+00   9.07177892e-01  -2.69170224e+00 
 -3.13221546e+00  -3.76587730e-01  -2.94680776e+00 
 -2.48885586e+00  -2.00526426e+00   4.14131469e-01 
 -2.51485997e+00   2.23137484e+00   1.04518945e+00 
 -3.65349879e+00   3.16071910e+00   7.61120898e-01 
 -4.52808859e+00   3.81965754e+00   1.63505130e+00 
 -5.82515658e+00   4.74969039e+00  -1.52475214e-01 
 -4.87557335e+00   4.18196267e+00  -9.52026418e-01 
 -3.57807074e+00   3.96374455e+00  -3.85036107e-01 
 -2.57435407e+00  -1.27074498e+00   1.51612451e+00 
 -1.53844501e+01  -3.65559066e+00   1.84612107e+00 
 -1.45242091e+01  -5.14204198e-01   3.76651287e+00 
 -1.34707131e+01   1.83493146e+00   9.41291706e-01 
 -1.18360396e+01   2.06525477e+00  -2.50267243e+00 
 -8.08746842e+00   2.25893110e+00  -2.21050698e+00 
 -7.48295496e+00   2.85773087e+00  -5.88602583e+00 
 -7.38188629e+00   1.27092140e+00  -9.34463956e+00 
 -9.98869491e+00  -2.10850229e+00  -8.42231863e+00 
 -8.58522423e+00  -2.38788561e+00  -4.91024272e+00 
 -1.05354003e+01  -2.04239973e+00  -1.66330601e+00 
 -9.67738577e+00  -1.85449537e+00   1.99747158e+00 
 -1.16283788e+01  -4.74053051e+00   3.51724947e+00 
 -8.00866306e+00  -8.80601031e+00   9.77201780e+00 
 -7.84220835e+00  -5.60372327e+00   7.69588393e+00 
 -6.58747493e+00  -6.29902984e+00   4.19257463e+00 
 -6.39383948e+00  -4.95067138e+00   6.92517216e-01 
 -8.69189849e+00  -6.73369173e+00  -1.64449736e+00 
 -7.97906091e+00  -6.66676362e+00  -5.37184190e+00 
  7.42148391e+00  -7.47325972e+00  -4.94863090e-01 
  3.74597780e+00  -6.87354199e+00   2.81691791e-01 
 -7.97096608e-02  -1.19636112e+01  -7.43263948e-01 
 -5.91669726e+00  -1.05314764e+01  -7.01898418e-01 
 -2.89045594e+00  -8.45443269e+00   2.30141379e-01 
 -1.46114438e+00  -7.32083154e+00   3.49849998e+00 
 -2.67014812e+00  -3.92222100e+00   4.37647190e+00 
 -1.60538300e+00   2.69502569e+00   5.05669935e+00 
  4.91123044e-01   4.84804178e+00   2.74579751e+00 
  2.18878848e+00   4.71081822e+00  -6.56845005e-01 
  5.39061332e+00   6.53854010e+00  -1.66620515e+00 
  3.52628104e+00   8.82682094e+00  -4.09382513e+00 
  1.43341401e+00   1.02029179e+01  -1.30922795e+00 
  4.44177961e+00   1.04996634e+01   1.00038566e+00 
  5.68662718e+00   5.33368802e+00  -6.45349924e+00 
  2.10407014e+00   4.24668969e+00  -6.39320024e+00 
  2.96319744e+00   6.14069823e-01  -5.73226340e+00 
  5.69118722e+00   1.21563158e+00  -3.15579256e+00 
  4.16087402e+00   1.10409325e+00   2.79808445e-01 
  5.41293722e+00   2.42660985e+00   3.59553136e+00 
  4.49407738e+00   1.89085431e+00   7.24837783e+00 
  9.73503737e+00  -5.89604578e-02   6.22422546e+00 
  8.97221489e+00   1.74949045e-01   2.50217477e+00 
  7.57635983e+00  -2.68986841e+00   3.98032109e-01 
  7.08415810e+00  -3.67578474e+00  -3.23864644e+00 
  3.42199556e+00  -4.21953099e+00  -4.25446346e+00 
  1.86425255e+00  -5.88917261e+00  -7.30751133e+00 
  4.96351008e+00  -8.15430505e+00  -7.87514574e+00 
 -2.75780634e+00   8.57483841e+00   8.66753620e+00 

   9.727944264089e+00 

  1.82423893e+00  -1.55880407e-02   1.18740750e+00 
 -1.03713786e+00  -5.82382815e-01  -7.04886091e-01 
  5.91606498e+00   1.37853819e+00   2.95106314e+00 
 -4.43350939e-01   2.12686575e+00  -9.53856280e-01 
  3.47801433e-01   1.04548905e+00  -5.88969997e-01 
  1.11113935e+00   1.09075802e+00   6.18474597e-01 
  1.13790828e+00   2.18362746e+00   1.46967881e+00 
  9.20540446e-01   3.40078798e+00   9.28219246e-01 
  1.21245638e-01   3.32477540e+00  -1.19390489e-01 
  2.28110117e-01  -3.00124866e-01  -1.21988554e+00 
  2.34948669e+00  -4.15618330e-02   2.49238167e+00 
  3.56101078e+00   7.95307955e-01   2.76207114e+00 
  4.90206959e+00   4.25406510e-01   2.92819068e+00 
  5.64366704e+00   2.69664797e+00   3.11283342e+00 
  4.31149326e+00   2.99016419e+00   3.06317001e+00 
  3.39473357e+00   1.97775375e+00   3.49582108e+00 
  1.05610677e+00  -1.13788141e+00  -6.08491500e-01 
  1.04837935e+01   2.53135235e+00  -8.82739616e+00 
  1.19247946e+01   1.08576929e+00  -5.64462479e+00 
  1.09762090e+01   3.77215186e+00  -3.09635070e+00 
  8.38759777e+00   6.41048159e+00  -2.13489183e+00 
  5.56335828e+00   4.88152664e+00  -1.70044451e-01 
  3.87479410e+00   8.16127907e+00   6.20785184e-01 
  1.72473101e+00   1.09890454e+01  -7.47116195e-01 
  2.72009188e+00   1.03851759e+01  -4.95558741e+00 
  2.86267429e+00   6.62212416e+00  -4.50661748e+00 
  5.87886034e+00   4.38647566e+00  -5.11459997e+00 
  6.72474424e+00   7.67366999e-01  -4.51516483e+00 
  7.64391791e+00  -5.15374807e-01  -7.97276383e+00 
  5.43639952e+00  -8.30298625e+00  -9.77069756e+00 
  5.87403508e+00  -5.82967362e+00  -6.89252433e+00 
  3.16436725e+00  -3.18627434e+00  -6.92604617e+00 
  2.20436387e+00   2.21443487e-01  -5.67232379e+00 
  2.35086157e+00   2.81306534e+00  -8.35260521e+00 
  3.22096181e-01   5.99882091e+00  -7.97738984e+00 
 -1.05177532e+01  -3.96916727e+00  -1.28791936e+00 
 -6.98100995e+00  -3.29086743e+00  -2.51405162e+00 
 -6.52339302e+00  -2.02043416e+00  -8.82054110e+00 
 -1.17148263e+00   2.44049210e-01  -1.03542672e+01 
 -2.33615913e+00  -1.25337778e+00  -7.07673970e+00 
 -1.69459137e+00  -4.52546158e+00  -5.37614879e+00 
  1.11384732e+00  -4.24743520e+00  -2.96400207e+00 
  3.41373051e+00  -3.94635482e+00   3.36089127e+00 
  1.74244835e+00  -2.13156307e+00   6.23915985e+00 
 -1.04099790e+00   3.75153701e-01   6.90824307e+00 
 -3.22848783e+00   5.49268834e-01   1.00380401e+01 
 -1.69085539e+00   3.86992442e+00   1.11399638e+01 
  1.70643737e+00   2.30943356e+00   1.13657663e+01 
  3.27058074e-01  -7.93807959e-01   1.30803629e+01 
 -5.89768591e+00   4.60318317e+00   9.09007509e+00 
 -3.45715396e+00   5.57655256e+00   6.42244091e+00 
 -5.47322148e+00   3.96211685e+00   3.64756551e+00 
 -6.38713162e+00   7.70800357e-01   5.49750445e+00 
 -3.83421197e+00  -1.87278522e+00   4.69021876e+00 
 -2.94830313e+00  -5.08996707e+00   6.47225056e+00 
 -9.87568410e-01  -8.22767690e+00   5.58629285e+00 
 -6.47542686e+00  -9.48523305e+00   6.37387742e+00 
 -7.23837474e+00  -5.76040122e+00   6.18999863e+00 
 -8.19951797e+00  -3.90657392e+00   2.99272874e+00 
 -9.67936157e+00  -5.92378723e-01   1.86760761e+00 
 -7.36553122e+00   1.50209134e+00  -3.68094278e-01 
 -8.05179707e+00   4.51630881e+00  -2.59943915e+00 
 -1.17673919e+01   3.52030223e+00  -3.11008290e+00 
  8.34672633e+00  -5.70997163e+00   7.99701335e+00 

   9.727944264089e+00 

  1.70452140e+00   6.25652000e-02  -5.25290132e-01 
 -1.29648333e+00   1.21040631e+00   8.03596563e-01 
  5.14853487e+00  -2.25195989e+00  -2.66511590e+00 
 -1.89025154e+00   1.52222781e-01  -1.70285187e+00 
 -8.13478861e-01  -5.79941856e-02  -8.51494683e-01 
  5.23058322e-01   8.33913030e-02  -1.33763768e+00 
  8.33331257e-01   4.03641988e-01  -2.64942996e+00 
 -4.78001688e-02   3.96480172e-02  -3.60495222e+00 
 -1.28317659e+00   2.89848330e-02  -3.14033662e+00 
 -9.50389711e-01  -1.29867441e-01   6.31457404e-01 
  2.98165978e+00   4.59525803e-01  -9.62162260e-01 
  3.69627624e+00  -4.50246685e-01  -1.91216826e+00 
  4.76989079e+00  -1.32468604e+00  -1.69869898e+00 
  4.70875840e+00  -2.15953287e+00  -3.94411456e+00 
  3.74672558e+00  -1.20808209e+00  -4.12450158e+00 
  3.77417355e+00  -6.73721289e-02  -3.25810817e+00 
  2.55836657e-01  -2.57826705e-01   1.16984531e+00 
 -7.71319251e-01  -1.31849553e+01  -1.45162188e-01 
  2.84733949e+00  -1.21126474e+01   8.21987141e-02 
  3.29753621e+00  -1.02618552e+01  -3.23172006e+00 
  1.58598617e+00  -8.10624773e+00  -5.87936965e+00 
  1.66147644e+00  -4.46727064e+00  -4.91666303e+00 
  2.08399102e-01  -3.21789424e+00  -8.16644169e+00 
 -2.95599968e+00  -2.85864900e+00  -1.02515583e+01 
 -5.17699642e+00  -6.10521415e+00  -8.35587377e+00 
 -3.66759366e+00  -5.32036636e+00  -4.96645207e+00 
 -1.54944573e+00  -7.65662073e+00  -2.84030295e+00 
  4.70051141e-01  -7.34728413e+00   3.21774347e-01 
 -1.06143110e+00  -9.96336292e+00   2.61436927e+00 
 -1.47754448e+00  -8.07321040e+00   1.06770468e+01 
  1.46795449e-01  -7.05737166e+00   7.37216056e+00 
 -2.35786379e+00  -5.41808797e+00   5.05474512e+00 
 -3.05566426e+00  -4.46986161e+00   1.48824707e+00 
 -5.64516928e+00  -6.65114583e+00  -7.96613432e-02 
 -7.58432699e+00  -5.37761260e+00  -3.08357457e+00 
 -6.71219582e+00   8.74354358e+00   4.75507802e+00 
 -5.55907028e+00   5.14599284e+00   4.30789328e+00 
 -1.01738247e+01   7.21985666e-01   5.16078600e+00 
 -8.55844389e+00  -4.72907407e+00   3.21151994e+00 
 -6.50111829e+00  -1.57511740e+00   3.61266072e+00 
 -3.92015852e+00  -4.90868203e-01   6.09725352e+00 
 -4.94719679e-01  -1.23192857e+00   4.87239573e+00 
  5.41565124e+00   8.11805418e-01   2.36738978e+00 
  5.90094488e+00   3.56717379e+00  -1.90640404e-01 
  3.89461231e+00   5.71616377e+00  -2.60628650e+00 
  4.71305962e+00   9.29515350e+00  -3.67025736e+00 
  5.50787999e+00   8.23326054e+00  -7.25438163e+00 
  8.26915228e+00   6.00141817e+00  -6.06191709e+00 
  9.53546620e+00   8.62930649e+00  -3.61993255e+00 
  1.16553764e+00   1.01108415e+01  -7.01797574e+00 
  5.04600524e-01   6.42994914e+00  -7.20266490e+00 
 -2.29200715e+00   6.55645588e+00  -4.64652604e+00 
 -6.08958547e-01   8.92174579e+00  -2.19402573e+00 
  1.19242188e+00   6.88898843e+00   4.09928891e-01 
  3.97013830e+00   7.82508391e+00   2.80131920e+00 
  5.48521693e+00   6.28357662e+00   5.93228019e+00 
  2.95422852e+00   1.12170272e+01   7.18666872e+00 
  1.25498172e+00   1.10805210e+01   3.78311183e+00 
 -2.19021575e+00   9.56094943e+00   3.14709027e+00 
 -4.89885216e+00   9.47032888e+00   4.83483486e-01 
 -5.65599343e+00   5.96705027e+00  -8.92290747e-01 
 -8.57153829e+00   4.63495554e+00  -2.95638607e+00 
 -1.09934113e+01   7.35996935e+00  -1.62700208e+00 
  1.23756654e+01   1.25719320e-01   2.20642657e+00 

   9.727944264089e+00 

 -3.26815866e-01  -8.03400413e-01   2.85465718e+00 
  8.79807788e-01   7.58419691e-01  -7.90911285e-03 
 -2.21835740e+00  -1.94109545e+00   6.96863702e+00 
 -1.50076564e+00   2.04239328e+00   6.54570176e-01 
 -6.34011450e-01   1.26976104e+00   1.41628944e+00 
 -1.13472408e+00   1.65441030e-01   2.17287433e+00 
 -2.47342849e+00  -1.88315127e-01   2.22141157e+00 
 -3.38390978e+00   7.91077166e-01   2.03777732e+00 
 -2.91849828e+00   1.73691566e+00   1.24347389e+00 
  8.48546633e-01   1.32312641e+00   1.26718911e+00 
 -8.05224148e-01  -2.02167547e+00   3.37084399e+00 
 -1.65587708e+00  -1.95976087e+00   4.60105952e+00 
 -1.35382876e+00  -2.27870068e+00   5.93143756e+00 
 -3.49919669e+00  -1.56779179e+00   6.72805698e+00 
 -3.77662387e+00  -1.38607599e+00   5.40392755e+00 
 -3.03468678e+00  -2.16732518e+00   4.45958162e+00 
  1.39519660e+00   4.18966125e-01   2.07023653e+00 
  1.44498917e+00   9.27064118e+00   1.16379069e+01 
  1.55207920e+00   5.75383815e+00   1.30224128e+01 
 -1.93847182e+00   4.48085248e+00   1.21247894e+01 
 -4.79447466e+00   4.67356835e+00   9.59650863e+00 
 -4.21883909e+00   2.31029003e+00   6.72279738e+00 
 -7.57908093e+00   2.89785423e+00   5.11128268e+00 
 -9.68463214e+00   5.29994764e+00   3.04082633e+00 
 -7.45490478e+00   8.91680788e+00   4.04743921e+00 
 -4.16922390e+00   7.02349629e+00   4.09364077e+00 
 -1.81363772e+00   6.65729769e+00   7.05712816e+00 
  1.29489512e+00   4.67123057e+00   7.80902608e+00 
  3.85197325e+00   7.33218122e+00   8.71786638e+00 
  1.16727103e+01   5.96043682e+00   6.32893672e+00 
  8.27657526e+00   4.27882626e+00   6.80970100e+00 
  5.80457089e+00   5.39027912e+00   4.16681430e+00 
  2.15956889e+00   5.59114835e+00   3.28387652e+00 
  8.33758928e-01   9.07141009e+00   3.51164856e+00 
 -2.28362546e+00   1.00094939e+01   1.56033425e+00 
  4.02930563e+00   1.11690530e-01  -9.56587486e+00 
  3.95977585e+00   1.45047157e+00  -6.00569581e+00 
  5.28028422e+00   7.74108206e+00  -5.47682829e+00 
  3.91049983e+00   9.95753430e+00  -6.07249282e-02 
  3.97493764e+00   6.37381902e+00  -1.28292694e+00 
  6.32743862e+00   3.51477329e+00  -7.33611240e-01 
  5.18084074e+00   1.36234598e+00   2.06557584e+00 
  2.46460449e+00  -4.37077859e+00   4.33223223e+00 
 -3.69154970e-01  -6.27832607e+00   2.68840951e+00 
 -2.99320542e+00  -5.86544645e+00  -3.60654771e-02 
 -4.42812493e+00  -8.64075096e+00  -2.23827990e+00 
 -7.88255913e+00  -8.37340539e+00  -6.25607102e-01 
 -6.46762363e+00  -9.24695559e+00   2.73037029e+00 
 -4.31699507e+00  -1.20210777e+01   1.26350981e+00 
 -7.83648650e+00  -6.13501486e+00  -4.79988789e+00 
 -7.63293859e+00  -3.33782150e+00  -2.31912311e+00 
 -5.09909419e+00  -1.38920825e+00  -4.35711312e+00 
 -2.91122462e+00  -4.32962273e+00  -5.36170067e+00 
 -1.11722085e-01  -4.66560589e+00  -2.87020423e+00 
  2.16327073e+00  -7.58177214e+00  -2.07577808e+00 
  5.43587397e+00  -8.03030722e+00  -1.88052170e-01 
  6.17055645e+00  -9.16302309e+00  -5.71032739e+00 
  2.80317026e+00  -7.51880917e+00  -6.37931462e+00 
  2.33626420e+00  -3.83577391e+00  -7.27388535e+00 
 -2.98234871e-01  -1.47626041e+00  -8.66379005e+00 
 -1.29765430e+00   1.36616741e+00  -6.28455833e+00 
 -3.20537855e+00   4.61262439e+00  -6.88161191e+00 
 -2.16471067e+00   4.74874367e+00  -1.06175071e+01 
  2.36385765e+00  -9.40322095e+00   9.19050289e+00 

   9.727944264089e+00 

  2.61307434e-01   6.79838290e-01   1.89435826e-01 
 -1.57927871e+00   3.48609577e+00  -7.19778171e-01 
  1.80138048e+00  -3.50641000e+00   1.56806186e+00 
 -2.96195531e+00   1.27674241e+00  -1.70036982e+00 
 -2.01474028e+00   1.39061934e+00  -6.91283417e-01 
 -8.62708199e-01   5.44759909e-01  -6.90643694e-01 
 -6.25930630e-01  -4.31198947e-01  -1.64514329e+00 
 -1.69843768e+00  -9.88429878e-01  -2.24608364e+00 
 -2.70275147e+00  -1.35507494e-01  -2.32363025e+00 
 -1.95695710e+00   2.55067165e+00   2.43594641e-01 
  1.49338438e+00   2.23214404e-02   1.86276979e-02 
  1.53219753e+00  -1.44769642e+00   2.98654646e-01 
  2.06309077e+00  -2.15137533e+00   1.38762199e+00 
  1.28534720e+00  -4.26562777e+00   5.70524041e-01 
  8.92805742e-01  -3.54368775e+00  -5.19438804e-01 
  1.59420956e+00  -2.32470169e+00  -7.92780834e-01 
 -9.02614865e-01   2.41211755e+00   1.03756087e+00 
 -8.26012680e+00  -4.57438204e+00   9.21990705e+00 
 -4.58639268e+00  -5.33691091e+00   9.68729930e+00 
 -3.76940907e+00  -7.15200495e+00   6.42415080e+00 
 -4.57343197e+00  -7.42746418e+00   2.70074314e+00 
 -2.60229641e+00  -4.91859371e+00   7.02030888e-01 
 -3.70963630e+00  -6.20988893e+00  -2.66542981e+00 
 -6.55974458e+00  -6.35193158e+00  -5.18473424e+00 
 -9.78372628e+00  -5.59917450e+00  -2.33764267e+00 
 -7.61896489e+00  -3.21749927e+00  -3.31678214e-01 
 -6.62631465e+00  -3.59718106e+00   3.32012031e+00 
 -4.28523914e+00  -1.83227995e+00   5.68174666e+00 
 -6.55176145e+00  -7.42259573e-01   8.53131326e+00 
 -4.84561922e+00   6.55956793e+00   1.20703794e+01 
 -3.42092402e+00   3.86238292e+00   9.77078853e+00 
 -5.11287349e+00   3.90713940e+00   6.38459789e+00 
 -5.76042908e+00   1.91714308e+00   3.26585560e+00 
 -9.27650793e+00   6.83351309e-01   3.07396692e+00 
 -1.07562660e+01  -2.09852193e-01  -3.05118394e-01 
 -2.02468634e+00   1.24451949e+01  -5.32721346e+00 
 -2.84307230e+00   9.85486777e+00  -2.66403980e+00 
 -8.85166717e+00   1.01945204e+01  -3.45279948e-01 
 -1.03861285e+01   5.34544306e+00   2.85706655e+00 
 -7.02184102e+00   6.37902935e+00   1.45913434e+00 
 -3.91620217e+00   7.77856397e+00   3.01041163e+00 
 -1.49710413e+00   5.08129472e+00   3.82021510e+00 
  4.23652700e+00   1.76911010e+00   2.57953185e+00 
  5.63099859e+00   9.68184260e-01  -8.53404208e-01 
  4.60256604e+00   9.87362110e-01  -4.51684972e+00 
  6.89707433e+00   1.60719037e+00  -7.51052675e+00 
  6.55669119e+00  -1.99563732e+00  -8.73897080e+00 
  8.02191357e+00  -3.30230955e+00  -5.54938654e+00 
  1.07384767e+01  -6.39090073e-01  -5.53585161e+00 
  3.75908978e+00   8.75555590e-01  -1.12622252e+01 
  1.37337255e+00  -8.18486778e-01  -8.92588399e+00 
 -6.13104569e-01   2.34334575e+00  -8.27198182e+00 
  2.33659872e+00   4.71579521e+00  -7.93621286e+00 
  3.27159258e+00   4.98197778e+00  -4.30130063e+00 
  6.46160180e+00   6.15680741e+00  -2.64167798e+00 
  7.46348309e+00   7.18716244e+00   8.80995314e-01 
  7.85807169e+00   1.16174112e+01  -2.65955868e+00 
  5.84282782e+00   9.62244736e+00  -5.19908311e+00 
  2.04311908e+00   9.77929839e+00  -5.54638420e+00 
 -7.14961425e-01   8.78524213e+00  -7.96393843e+00 
 -3.26656531e+00   6.30235517e+00  -6.52742578e+00 
 -6.72142287e+00   5.23922979e+00  -7.73948657e+00 
 -7.29580207e+00   8.59087111e+00  -9.60898382e+00 
  9.88114630e+00  -1.51651897e+00   5.08579091e+00 

   9.727944264089e+00 

 -2.51248536e+00  -5.06153223e-01  -6.98056219e-01 
  9.64241977e-01  -5.38392584e-01  -6.69140537e-01 
 -7.07546965e+00  -5.02675237e-01   2.90008461e-01 
  1.36552361e-01  -2.26612652e+00   1.35186470e+00 
 -5.21889623e-01  -1.22591135e+00   7.09333612e-01 
 -1.81188949e+00  -1.44138618e+00   1.33028622e-01 
 -2.48706653e+00  -2.64983535e+00   1.91469762e-01 
 -2.22812100e+00  -3.45830319e+00   1.24086670e+00 
 -9.89874009e-01  -3.30494706e+00   1.67140422e+00 
  1.54462212e-01   4.07569468e-02   3.07890152e-01 
 -3.64726194e+00  -8.16790688e-01  -1.46961561e+00 
 -4.93567145e+00  -1.03525662e+00  -7.39445994e-01 
 -6.06284828e+00  -2.11881257e-01  -6.19500532e-01 
 -7.17039331e+00  -1.72123586e+00   8.76423987e-01 
 -6.10028937e+00  -2.53199867e+00   6.29753293e-01 
 -5.40422601e+00  -2.34967393e+00  -6.09142848e-01 
 -7.10642662e-01   8.00841437e-01  -3.51717526e-01 
 -4.64269011e+00   5.80980730e+00   1.10212421e+01 
 -7.29953242e+00   6.19901945e+00   8.35930090e+00 
 -8.37296305e+00   2.56956183e+00   7.82549311e+00 
 -7.22980570e+00  -1.07449797e+00   7.83620391e+00 
 -5.70686999e+00  -2.02414875e+00   4.52659860e+00 
 -5.32313135e+00  -5.68404351e+00   5.35807410e+00 
 -3.31019886e+00  -8.26059284e+00   7.30735203e+00 
 -1.73977983e+00  -5.50447526e+00   1.03080572e+01 
 -1.44092547e+00  -2.71090178e+00   7.76068689e+00 
 -3.19768897e+00   6.59997238e-01   7.88704756e+00 
 -3.58354947e+00   3.59510951e+00   5.56131817e+00 
 -2.23878361e+00   6.51684697e+00   7.58625092e+00 
  1.91502110e+00   1.23521607e+01   3.40921662e+00 
 -4.39006208e-01   9.37325096e+00   2.98810650e+00 
  1.34235498e+00   6.10423859e+00   3.67461481e+00 
  8.53980382e-01   2.47351230e+00   4.50243358e+00 
  1.73304225e+00   1.69457106e+00   8.04395510e+00 
  2.63819520e+00  -1.86534414e+00   8.99968310e+00 
  9.66397090e+00  -1.95245620e+00  -5.56887984e+00 
  7.30403617e+00  -3.40608932e-01  -3.05796360e+00 
  1.01256680e+01   1.62977355e+00   2.39650341e+00 
  6.16309030e+00   2.96634955e+00   6.71329483e+00 
  5.60495696e+00   2.17255422e+00   3.05278649e+00 
  4.72895120e+00   4.26507090e+00   7.55161070e-02 
  1.06439068e+00   4.27102816e+00  -5.19495722e-01 
 -4.30840550e+00   2.32206983e+00  -4.08586788e+00 
 -4.81423355e+00  -1.10171193e+00  -5.63278083e+00 
 -3.32935070e+00  -4.60435903e+00  -5.55888547e+00 
 -3.25989767e+00  -7.09683760e+00  -8.45608832e+00 
 -5.70292495e+00  -9.46073082e+00  -6.70996993e+00 
 -8.34336027e+00  -6.80530071e+00  -6.64282113e+00 
 -7.59599655e+00  -5.76685336e+00  -1.02255172e+01 
 -1.26304999e+00  -1.10449814e+01  -6.24650981e+00 
 -1.99217925e+00  -9.53110128e+00  -2.90039957e+00 
  1.45225334e+00  -7.98077084e+00  -2.57911456e+00 
  1.75918744e+00  -6.72174743e+00  -6.15160084e+00 
  5.62662891e-01  -3.15702638e+00  -6.28851858e+00 
 -5.67902348e-01  -1.03185845e+00  -9.20677394e+00 
 -1.14857790e+00   2.68258468e+00  -9.79017167e+00 
  3.15389847e+00   8.27129616e-01  -1.30095366e+01 
  3.22770864e+00  -2.33375059e+00  -1.08897108e+01 
  5.42657985e+00  -2.81626061e+00  -7.80504614e+00 
  6.67188979e+00  -5.57271915e+00  -5.50485836e+00 
  5.61612856e+00  -5.17600647e+00  -1.83512187e+00 
  6.86190693e+00  -6.85692596e+00   1.35202633e+00 
  1.03664129e+01  -7.54558786e+00  -1.65410242e-01 
 -1.05670039e+01   3.90869752e+00  -6.77863206e+00 

   9.727944264089e+00 

 -1.59567281e+00  -1.69468122e+00   5.74996999e-01 
 -2.50476062e+00  -3.95761525e-01   3.66948815e+00 
 -6.67166414e-01  -2.51067519e+00  -3.92712908e+00 
 -1.28865443e+00   1.67756261e+00   2.26342642e+00 
 -1.87938912e+00   4.98577428e-01   1.82814937e+00 
 -1.16777338e+00  -3.79376082e-01   9.53245265e-01 
  1.05157680e-01  -1.18639281e-01   4.72317403e-01 
  4.70960914e-01   1.17448730e+00   3.46148419e-01 
 -1.27122485e-01   1.93291143e+00   1.24571796e+00 
 -3.10570105e+00  -7.59204746e-02   2.45198303e+00 
 -7.81085087e-01  -2.64671727e+00  -6.49964404e-02 
 -4.49490298e-01  -2.40992994e+00  -1.50543066e+00 
 -9.38887231e-01  -3.02766037e+00  -2.66377485e+00 
  3.05284139e-01  -1.58567819e+00  -4.11818968e+00 
  8.35458969e-01  -1.10138809e+00  -2.95729221e+00 
  8.44408342e-01  -1.97297248e+00  -1.82024747e+00 
 -3.37897742e+00  -1.23875927e+00   1.87375892e+00 
 -1.02535938e+01   5.13257342e+00  -7.18387413e+00 
 -9.12102350e+00   1.75339828e+00  -8.44668371e+00 
 -5.34567001e+00   2.27865504e+00  -8.73125009e+00 
 -2.30932860e+00   4.07798218e+00  -7.27209008e+00 
 -8.76438030e-01   2.16964430e+00  -4.36009278e+00 
  2.13743015e+00   4.39850400e+00  -3.93322097e+00 
  3.39373276e+00   7.76225160e+00  -2.66945914e+00 
 -4.34786422e-01   9.84863914e+00  -2.90622803e+00 
 -2.33382437e+00   6.73267546e+00  -1.87332558e+00 
 -4.99533716e+00   4.93046068e+00  -3.90643078e+00 
 -6.90597451e+00   1.70134196e+00  -3.59813427e+00 
 -1.05406008e+01   2.81201346e+00  -3.63275253e+00 
 -1.57865254e+01  -1.44080888e+00   1.17831517e+00 
 -1.22987394e+01  -1.52992904e+00  -3.77348033e-01 
 -9.97522937e+00   9.35278232e-01   1.31233760e+00 
 -6.75372856e+00   2.83342105e+00   9.58850059e-01 
 -7.31027102e+00   6.46365323e+00   3.00405930e-01 
 -4.56405710e+00   8.94992088e+00   1.12653933e+00 
 -2.10037316e+00  -8.78218122e-01   1.37340801e+01 
 -3.68349411e+00  -2.04063249e-01   1.03412513e+01 
 -7.84355618e+00   4.72351503e+00   1.02513658e+01 
 -9.27366487e+00   6.45825587e+00   4.67744357e+00 
 -7.32435698e+00   3.43668504e+00   5.86540554e+00 
 -8.13965515e+00  -2.07454925e-01   6.12169425e+00 
 -6.99051498e+00  -2.04692173e+00   3.10857011e+00 
 -2.72009256e+00  -6.30016794e+00   9.89560391e-02 
  1.01106597e+00  -6.50958186e+00   7.35890125e-01 
  3.80766506e+00  -4.58573956e+00   2.45540712e+00 
  6.92510819e+00  -6.08813805e+00   4.07880006e+00 
  9.23786463e+00  -4.59532179e+00   1.42777006e+00 
  7.48693055e+00  -6.49876383e+00  -1.28126205e+00 
  7.38212861e+00  -9.67158424e+00   8.15130983e-01 
  9.36869421e+00  -1.99085029e+00   5.38210271e+00 
  7.19475583e+00   2.38226622e-02   3.09409024e+00 
  4.75590893e+00   9.62860748e-01   5.84019614e+00 
  4.56346485e+00  -2.44438810e+00   7.51220909e+00 
  1.65117172e+00  -4.34066772e+00   6.06987559e+00 
  8.56737217e-01  -8.03926264e+00   6.06935938e+00 
 -2.22711613e+00  -1.01488532e+01   5.35235105e+00 
 -7.32769216e-01  -1.06294483e+01   1.08162583e+01 
  1.52887771e+00  -7.60382532e+00   1.03463307e+01 
  4.80779876e-01  -3.99555926e+00   1.10281766e+01 
  2.00493199e+00  -5.43625033e-01   1.14763226e+01 
  8.49263491e-01   2.04978604e+00   8.89221188e+00 
  1.12634926e+00   5.85163266e+00   8.82473193e+00 
  1.26498276e+00   6.09096518e+00   1.26953820e+01 
 -1.71408404e+00  -1.14649957e+01  -4.51091608e+00 

   9.727944264089e+00 

  1.89951432e+00   7.80725373e-01   5.13196604e-01 
 -7.05574162e-01   2.89732513e+00   1.42040548e+00 
  4.64536839e+00  -2.60457749e+00  -1.15926251e+00 
 -1.68566352e+00   2.98659583e-01   1.62278889e+00 
 -6.10048459e-01   8.19484270e-01   9.15517008e-01 
  6.87133433e-01   2.34800191e-01   1.05012822e+00 
  9.53825967e-01  -8.67769128e-01   1.84564363e+00 
 -5.19522463e-02  -1.74331446e+00   2.05477885e+00 
 -1.22607849e+00  -1.14081366e+00   2.03118620e+00 
 -6.45214214e-01   2.15022679e+00   2.43992650e-01 
  3.19288546e+00   3.52352581e-01   8.64202674e-01 
  3.63927662e+00  -9.79731557e-01   3.47326623e-01 
  4.53204025e+00  -1.30157564e+00  -6.83328991e-01 
  4.13649898e+00  -3.65547225e+00  -4.70454998e-01 
  3.37051977e+00  -3.28969500e+00   5.98557654e-01 
  3.68863482e+00  -2.05270447e+00   1.24760882e+00 
  5.49356744e-01   2.40194913e+00  -2.76442985e-01 
 -3.10851507e+00  -3.83030026e+00  -1.11242072e+01 
  6.57266902e-01  -3.74228450e+00  -1.07965373e+01 
  1.21074524e+00  -6.05795808e+00  -7.80630582e+00 
 -2.37602790e-01  -7.32168949e+00  -4.50609883e+00 
  6.28362282e-01  -4.99994697e+00  -1.67161947e+00 
 -7.92228190e-01  -7.21109286e+00   1.03507465e+00 
 -3.97258455e+00  -8.46934981e+00   2.70609561e+00 
 -6.64039427e+00  -7.72719015e+00  -6.70088923e-01 
 -4.75223960e+00  -4.58011661e+00  -1.62573651e+00 
 -2.98188185e+00  -3.92155199e+00  -4.92683803e+00 
 -7.06438873e-01  -1.24838223e+00  -6.28673225e+00 
 -2.54560050e+00   1.23948745e-03  -9.36913839e+00 
 -1.96534758e+00   8.10423481e+00  -1.10296710e+01 
 -4.28610766e-01   5.28278267e+00  -8.96314510e+00 
 -2.72896880e+00   4.22973539e+00  -6.14704362e+00 
 -3.49499918e+00   1.49696529e+00  -3.68713873e+00 
 -6.57605532e+00  -4.03571100e-01  -4.59097964e+00 
 -8.44822683e+00  -2.30931678e+00  -1.89490446e+00 
 -4.20956957e+00   1.03167513e+01   7.28269484e+00 
 -3.82735715e+00   8.29083717e+00   4.08556648e+00 
 -9.14663223e+00   7.98074463e+00   4.51783496e-01 
 -8.79312661e+00   3.78288714e+00  -3.83496022e+00 
 -6.12880340e+00   5.10199972e+00  -1.48926864e+00 
 -3.20308099e+00   7.39012171e+00  -1.95273089e+00 
 -9.48982681e-02   5.46674509e+00  -2.60303921e+00 
  5.89465492e+00   3.13115959e+00  -5.89415403e-01 
  6.71866372e+00   1.85654723e+00   2.88440901e+00 
  4.99856151e+00   8.44315297e-01   6.12408634e+00 
  6.42457659e+00   1.19946943e+00   9.65274105e+00 
  6.71886398e+00  -2.58421728e+00   1.01026440e+01 
  9.06734980e+00  -2.82414430e+00   7.19493593e+00 
  1.10099520e+01   2.45856599e-01   8.32366428e+00 
  2.86388403e+00  -9.57020619e-01   1.23226655e+01 
  1.47666305e+00  -2.50441921e+00   9.20800793e+00 
 -1.03705623e+00   2.78334555e-01   8.65270512e+00 
  1.26175435e+00   3.18899847e+00   9.48066178e+00 
  2.81884244e+00   4.44908319e+00   6.29549039e+00 
  5.90049961e+00   6.56362032e+00   5.70995416e+00 
  7.31493024e+00   8.54056248e+00   2.78323067e+00 
  5.91143589e+00   1.20416269e+01   7.03659158e+00 
  3.96475400e+00   9.17140985e+00   8.60584525e+00 
  2.49042125e-01   8.50819140e+00   8.02564418e+00 
 -2.61877896e+00   6.47755008e+00   9.47195758e+00 
 -4.15556565e+00   3.94080960e+00   7.03429208e+00 
 -7.42525764e+00   1.98335724e+00   7.14770399e+00 
 -9.15271138e+00   4.64711109e+00   9.37901527e+00 
  1.25491072e+01   1.65453718e+00  -2.16303238e+00 

   9.727944264089e+00 

