 -8.86734337e-02   3.34590033e+00  -6.48162031e-01 
 -7.31094609e-01   9.81247172e-01  -1.50385765e+00 
 -9.79136307e-01   1.41120431e+00   1.09801947e+00 
 -3.61577305e-01   2.33477895e+00  -1.69365700e+00 
  5.47636567e-03   1.03552896e+00  -3.22279151e+00 
 -1.52032025e+00   3.26831151e+00  -2.16582412e+00 
  3.02285078e-01  -1.84720611e+00   2.68877010e-01 
 -2.12459775e-01  -1.58426734e-01  -2.39849541e+00 
  2.05762863e+00  -2.60743940e+00   1.41845644e+00 
 -9.22987457e-01  -1.25752978e+00  -1.94313384e+00 
 -8.24492282e-01   1.77586772e+00   3.45230977e+00 
  1.13740341e+00   2.62335268e-01  -2.59512784e+00 
  1.81964496e-01   5.58402378e-01   6.92001292e+00 
  4.20831446e-01   3.73438096e-01  -1.21588668e+00 
  2.00835100e+00  -2.69608851e+00  -1.06107055e+00 
  4.39022776e-01  -8.03738714e-01  -5.98232748e-01 
  1.35141048e+00  -2.77859184e+00   1.99102736e-01 
  1.37444353e+00  -2.36610155e+00   2.61748806e+00 
 -3.69112882e-02  -1.95704791e+00   2.58399489e+00 
 -4.13451206e-01  -5.68900820e-01   2.48507496e+00 
  5.77039524e-01   4.92965854e-01   2.26988282e+00 
  1.68350711e+00   5.10750006e-02   3.04783799e+00 
  1.75364710e+00  -1.31346178e+00   3.61417621e+00 
 -1.56008162e-01   1.79187992e+00   2.21219233e+00 
 -5.22158646e-01   2.82317839e+00   4.30217945e+00 
 -6.70576431e-01   2.32962860e+00   5.75226521e+00 
 -3.38044141e-01   8.22264730e-01   5.69205903e+00 
 -1.93887545e-01   7.07542087e-01   4.16272709e+00 
 -2.13098154e-01   1.57500584e+00   7.92073656e+00 
 -7.03397108e-02  -6.43655993e-01   7.65313101e+00 
  2.05531479e+00  -1.36657474e+00  -1.74290329e+00 
  1.88727750e+00  -5.31994054e-01  -4.04052927e-01 
  1.76637280e+00   8.06942219e-01  -4.17990161e-02 
 -7.58980407e+00  -7.90225031e+00   4.50705234e+00 
 -7.63497264e+00  -4.10285337e+00   4.37201732e+00 
 -4.31347409e+00  -2.87391368e+00   3.70479724e+00 
 -5.51057328e+00   8.09327288e-01   4.02803125e+00 
 -6.92289381e+00   4.02662445e+00   2.50081257e+00 
 -9.52548223e+00   1.67725253e+00  -1.22258928e-01 
 -6.86360366e+00  -9.78655342e-01  -6.69930570e-01 
 -7.02714244e+00  -4.65051638e+00   3.66145452e-02 
 -4.61090100e+00  -7.53699285e+00   3.04358904e-02 
 -6.34059195e+00  -9.98145401e+00  -2.35209762e+00 
 -1.51633189e+00  -1.23059072e+01  -4.12260240e+00 
 -1.91452651e+00  -8.63562222e+00  -4.95602980e+00 
 -2.86758271e+00  -5.33892554e+00  -3.65703522e+00 
 -6.29377665e+00  -4.27867227e+00  -4.90531503e+00 
 -7.01736941e+00  -5.48313368e-01  -4.85586527e+00 
  5.63534031e+00  -1.13636486e+00  -7.71471314e+00 
 -4.15890646e+00  -4.13725444e+00  -9.17322074e+00 
 -6.21299419e-01  -3.88320809e+00  -7.94210094e+00 
  2.19076223e+00  -6.24882958e+00  -7.12623353e+00 
  2.02281295e+00  -6.91987453e+00  -3.40495320e+00 
  4.45289232e+00  -6.86163602e+00   2.76868403e+00 
  5.82888519e+00  -3.77180798e+00   4.32556183e+00 
  6.53823248e+00  -7.39983694e-02   3.96231679e+00 
  9.40995088e+00   2.04391091e+00   5.05246140e+00 
  7.44042299e+00   3.80736323e+00   7.77856328e+00 
  6.84359984e+00   5.00792232e-01   9.56654861e+00 
  1.74788970e+01   2.09772270e+00  -2.75246160e-01 
  7.79227158e+00   6.59215767e+00   3.90024853e+00 
  4.35148766e+00   5.35206884e+00   3.55338965e+00 
  4.58262123e+00   4.78234935e+00  -9.51940703e-02 
  8.03617735e+00   3.24039085e+00  -1.95545352e-01 
  7.71122683e+00  -5.59160346e-01  -6.75539035e-02 
  1.02118845e+01  -3.13757149e+00   8.56955060e-01 
  1.06876889e+01  -6.88018089e+00   6.08242925e-01 
  1.26259376e+01  -1.02765067e+00  -2.10552254e+00 
  1.00109033e+01   3.23534523e-01  -4.51341694e+00 
  7.95361159e+00   3.46693179e+00  -5.19731772e+00 
  4.19885492e+00   3.17339520e+00  -4.80542830e+00 
  1.28955087e+00   5.40601159e+00  -5.96809301e+00 
  3.29149343e+00   6.81173642e+00  -8.76499155e+00 
  1.68317338e+00   9.64177752e+00  -1.07816560e+01 
  5.92743862e+00  -1.01761828e+01   8.73464872e+00 

   3.190676540745e+01 

  2.78892802e+00  -1.61768083e+00   2.98287283e+00 
  1.07248178e+00   3.08596178e-01   2.70043040e+00 
  2.64211564e+00  -1.97562373e-01   6.27701415e-01 
  1.75996375e+00  -6.67751914e-01   3.46117218e+00 
 -3.42849502e-02  -1.01272443e-02   4.17477762e+00 
  2.85798527e+00  -9.93787891e-02   4.41427803e+00 
 -7.54185187e-01   5.86041204e-01  -2.65530114e-01 
 -4.15466412e-01   6.37650390e-01   2.91478744e+00 
 -1.76037363e+00  -6.96836628e-01  -1.78951429e+00 
 -6.19359159e-01   1.71578918e+00   2.06845668e+00 
  3.83799698e+00  -9.58670374e-01  -1.29327735e+00 
 -9.35336908e-01  -6.68810220e-01   3.16122392e+00 
  3.91539051e+00  -1.81555902e+00  -5.00540535e+00 
  1.32221257e-01  -3.88935902e-01   2.06117150e+00 
 -2.86988265e+00  -1.43564003e-01   3.60188059e-01 
 -4.55199268e-01   9.22487097e-02   9.69855302e-01 
 -2.02531507e+00   2.09742898e-01  -7.29901018e-01 
 -6.95551844e-01  -4.78656708e-01  -2.67337782e+00 
  3.53777795e-01   4.90563876e-01  -2.32712957e+00 
  1.51260233e+00   1.00632565e-01  -1.56319300e+00 
  1.64088802e+00  -1.23650598e+00  -9.71125722e-01 
  1.05649467e+00  -2.07459714e+00  -1.96149935e+00 
  2.84072453e-01  -1.52956544e+00  -3.09900697e+00 
  2.94809336e+00  -1.29077077e+00  -2.52700796e-01 
  4.79222891e+00  -1.91517053e+00  -1.58498376e+00 
  5.14646099e+00  -1.80733895e+00  -3.07872401e+00 
  3.85725924e+00  -1.28880979e+00  -3.75358304e+00 
  3.03457837e+00  -1.06173127e+00  -2.47122970e+00 
  5.29348084e+00  -2.20346868e+00  -5.38143465e+00 
  3.50770308e+00  -1.11779562e+00  -6.18565154e+00 
 -2.23647518e+00  -7.46218130e-01   1.57275200e+00 
 -9.66614149e-01  -1.29211384e+00   7.93821577e-01 
  2.16907890e-01  -1.95609280e+00   1.10527576e+00 
  1.04183111e+00   9.51415928e+00  -6.09423448e+00 
  3.73445368e+00   7.60047320e+00  -4.21187399e+00 
  2.51483658e+00   4.31951795e+00  -3.35414744e+00 
  5.95108254e+00   3.33974448e+00  -1.82573377e+00 
  8.36982168e+00   3.12952508e+00   1.13797270e+00 
  6.96948996e+00   7.01301657e+00   2.59779595e+00 
  3.37389135e+00   6.28024584e+00   1.61082783e+00 
  1.13396427e+00   8.19401256e+00  -6.97578121e-01 
 -2.25874131e+00   7.68403944e+00  -2.24660476e+00 
 -4.09964693e+00   1.08446116e+01  -1.12164388e+00 
 -9.16665341e+00   8.36787318e+00  -1.07197692e+00 
 -6.67617113e+00   6.94673459e+00   1.39824877e+00 
 -3.22832595e+00   5.78134192e+00   1.86529864e+00 
 -1.13763386e+00   8.31859953e+00   3.76594979e+00 
  1.95553754e+00   6.97131939e+00   5.51487410e+00 
 -6.60894593e+00  -2.72578178e+00   6.62200139e+00 
 -4.04787339e+00   7.26883144e+00   7.40204407e+00 
 -5.26367379e+00   3.95820019e+00   6.11502846e+00 
 -8.14298603e+00   2.69297450e+00   4.04663284e+00 
 -6.92280866e+00   2.48248360e+00   4.69861056e-01 
 -5.53622525e+00  -7.32732055e-01  -5.16593958e+00 
 -3.39639949e+00  -3.77920922e+00  -5.23215727e+00 
 -1.28721160e+00  -6.22570000e+00  -3.26367415e+00 
 -8.63095146e-01  -9.92481146e+00  -3.50330132e+00 
  2.65673650e+00  -9.71399528e+00  -4.91283222e+00 
  1.38330971e+00  -7.83261396e+00  -7.96656595e+00 
 -7.53343395e+00  -1.56732133e+01   4.91408984e-01 
  2.78504549e+00  -1.07268965e+01  -2.35464291e-01 
  3.62301502e+00  -7.15014296e+00  -1.93436466e-01 
  1.50945041e+00  -6.36042589e+00   2.73902969e+00 
 -1.52533820e+00  -8.41634778e+00   1.80201340e+00 
 -4.01911525e+00  -6.19292649e+00  -4.08207512e-02 
 -6.83415948e+00  -7.10844951e+00  -2.27544672e+00 
 -9.88709638e+00  -5.51091633e+00  -3.83199313e+00 
 -7.91939543e+00  -9.66033276e+00   1.09588040e+00 
 -6.56436753e+00  -7.73219694e+00   4.08055006e+00 
 -3.48177611e+00  -7.52519642e+00   6.32463042e+00 
 -1.47358736e+00  -4.31821388e+00   6.18187333e+00 
  1.21331016e+00  -2.83759070e+00   8.50324188e+00 
 -8.06859815e-02  -4.71091779e+00   1.14396849e+01 
  1.95537296e+00  -4.46437604e+00   1.46733272e+01 
 -6.13824619e+00  -1.35814811e+00  -1.20941188e+01 

   3.190676540745e+01 

  2.99897124e+00  -2.17058116e+00   1.33160070e+00 
  8.62572261e-01  -2.91135918e+00   5.74139467e-02 
  6.49239544e-01  -2.65269861e+00   2.68491014e+00 
  2.24553880e+00  -2.61936227e+00   1.39611703e-01 
  1.37225936e+00  -2.52912272e+00  -1.70165720e+00 
  3.17897709e+00  -3.87066619e+00   1.33168546e-01 
 -2.22264458e+00  -1.48096048e+00   8.61159124e-01 
  5.42484944e-03  -2.55151358e+00  -1.16897298e+00 
 -3.10504247e+00   4.84242959e-01   1.44431252e+00 
 -1.21772993e+00  -3.13163643e+00  -8.73031872e-01 
  4.59585159e-01  -2.04650898e+00   4.98624504e+00 
  5.55725509e-01  -1.27737864e+00  -1.50301627e+00 
 -1.46498629e+00  -3.47888962e-01   7.80242276e+00 
  2.87723601e-01  -1.71089404e+00  -3.04794279e-02 
 -2.61086545e+00  -5.00192071e-02  -9.28174377e-01 
 -9.97385065e-01  -1.54293452e+00   2.65928856e-01 
 -3.03425367e+00  -4.43833401e-01   3.72620441e-01 
 -3.20201354e+00   4.48180842e-02   2.77102464e+00 
 -2.89819822e+00  -1.35500708e+00   3.10050126e+00 
 -1.55622688e+00  -1.77719395e+00   3.41576464e+00 
 -4.05746965e-01  -8.74488399e-01   3.28747191e+00 
 -9.38340977e-01   3.73855768e-01   3.71494442e+00 
 -2.38927604e+00   5.87172413e-01   3.90704516e+00 
  8.14626069e-01  -1.63582036e+00   3.68612986e+00 
  1.29623738e+00  -1.60827045e+00   5.99545453e+00 
  4.65958125e-01  -1.45631383e+00   7.28227755e+00 
 -9.57250316e-01  -1.10569504e+00   6.79453526e+00 
 -6.98214502e-01  -1.26268116e+00   5.28421928e+00 
 -7.43295034e-01  -5.62749920e-01   9.07678590e+00 
 -2.82066250e+00  -4.21717683e-01   8.25270622e+00 
 -1.15834981e+00  -1.70445458e-01  -1.26044562e+00 
 -6.76501775e-01  -9.18157888e-02   2.49164128e-01 
  5.27436059e-01  -1.71467822e-01   9.43991755e-01 
 -9.65160555e+00  -8.23513598e+00   4.87394043e+00 
 -5.94032344e+00  -8.39810393e+00   5.68358128e+00 
 -4.35542075e+00  -5.30373774e+00   4.73447150e+00 
 -9.46667307e-01  -6.50272046e+00   6.16507666e+00 
  2.43066433e+00  -8.26562704e+00   5.76030678e+00 
  5.85407909e-01  -1.12759196e+01   3.17057969e+00 
 -1.67036926e+00  -8.71034847e+00   1.50663783e+00 
 -5.40742089e+00  -8.64252749e+00   1.31078109e+00 
 -8.03164066e+00  -6.20552645e+00   1.51253664e-01 
 -9.96348805e+00  -8.31060694e+00  -2.39438748e+00 
 -1.14560966e+01  -3.87437521e+00  -5.54132608e+00 
 -7.73073166e+00  -4.51770876e+00  -5.36263672e+00 
 -4.90893160e+00  -5.27603999e+00  -3.14311195e+00 
 -3.83154471e+00  -8.90560166e+00  -3.43749940e+00 
 -2.78941278e-01  -9.69552416e+00  -2.34358872e+00 
  7.25473835e-01   2.15727815e+00  -7.55051744e+00 
 -2.53780793e+00  -7.65674299e+00  -7.86008756e+00 
 -2.32928035e+00  -3.95322423e+00  -7.28101578e+00 
 -4.61392614e+00  -9.79069105e-01  -7.60395592e+00 
 -6.15222011e+00  -3.94851604e-01  -4.19532317e+00 
 -7.37573609e+00   3.20086098e+00   1.24492808e+00 
 -4.64920488e+00   4.78108770e+00   3.22815102e+00 
 -9.28916196e-01   5.31518328e+00   3.65606516e+00 
  1.07197170e+00   8.29310279e+00   4.68035252e+00 
  1.99928649e+00   6.85660378e+00   8.07107420e+00 
 -1.66910719e+00   6.70378180e+00   9.07408688e+00 
  2.95304731e+00   1.51516356e+01  -1.87077999e+00 
  5.63648092e+00   6.37047196e+00   4.99622536e+00 
  4.27095959e+00   2.95983185e+00   4.99952752e+00 
  4.59398428e+00   2.48193578e+00   1.34474482e+00 
  3.36906690e+00   5.88450688e+00   2.32610148e-01 
 -3.67077991e-01   5.68332630e+00  -5.15261272e-01 
 -2.90573761e+00   8.37881015e+00  -7.29232833e-01 
 -6.44096929e+00   8.88693799e+00  -1.96992448e+00 
  8.67787453e-03   1.01105628e+01  -3.47930683e+00 
  1.69880001e+00   7.04071289e+00  -4.95632081e+00 
  4.76005215e+00   4.81345411e+00  -4.45715219e+00 
  4.11576186e+00   1.21755849e+00  -3.46097780e+00 
  6.34618546e+00  -1.91695199e+00  -3.48265473e+00 
  8.50969500e+00  -5.39453973e-01  -6.17118658e+00 
  1.16129008e+01  -2.58142817e+00  -7.10028130e+00 
 -1.18876600e+01   5.90091404e+00   5.83900014e+00 

   3.190676540745e+01 

  3.30775623e+00  -2.07422427e+00   2.33599478e+00 
  7.22592383e-01  -2.04931160e+00   2.56580289e+00 
  1.99245456e+00   1.90124183e-01   3.18912448e+00 
  1.96405101e+00  -2.69408471e+00   2.34748380e+00 
  2.88300194e-01  -3.61159725e+00   1.63259831e+00 
  2.47190583e+00  -3.55653950e+00   3.54555110e+00 
 -1.09660462e+00   7.04139336e-01   1.41704709e+00 
 -5.58724228e-01  -2.42556587e+00   1.80103109e+00 
 -1.11034387e+00   2.17447714e+00  -2.61832436e-01 
 -1.52743835e+00  -1.65180552e+00   2.41999727e+00 
  3.18029166e+00   2.25248496e+00   3.37697548e+00 
 -2.14233866e-02  -2.66541128e+00   5.00409097e-01 
  3.43757312e+00   5.98763432e+00   2.66802714e+00 
  4.49380002e-01  -1.47740747e+00   1.39210215e+00 
 -2.07054616e+00  -9.75192362e-02  -5.34568692e-01 
 -4.16533077e-01  -4.72384551e-01   1.30437512e+00 
 -1.81046088e+00   1.05507197e+00   2.59347877e-01 
 -5.77293474e-01   3.15000644e+00   5.90729890e-01 
 -4.40000826e-01   2.86839402e+00   2.02677106e+00 
  7.44651875e-01   2.24194681e+00   2.55844925e+00 
  1.80860787e+00   1.72469151e+00   1.68932039e+00 
  1.85308485e+00   2.68734366e+00   6.42384422e-01 
  8.04757534e-01   3.71699118e+00   4.73698140e-01 
  2.86779016e+00   1.14365000e+00   2.56589810e+00 
  4.49345526e+00   2.67968102e+00   3.31657149e+00 
  4.52333751e+00   4.19520874e+00   3.58237353e+00 
  3.16575361e+00   4.71445173e+00   3.05920910e+00 
  2.54636198e+00   3.34756442e+00   2.71168691e+00 
  4.66260819e+00   6.51618199e+00   3.30906641e+00 
  2.54550911e+00   7.08956254e+00   2.85786882e+00 
 -1.07613067e+00  -1.21315749e+00  -4.99964481e-01 
  1.36441569e-01  -2.88032539e-01  -6.28213157e-02 
  1.47894541e+00  -4.50251606e-01   2.68787795e-01 
 -6.46933131e+00   6.28737719e+00   8.95840138e+00 
 -3.01991872e+00   4.76917002e+00   9.46068765e+00 
 -1.58364680e+00   3.93801742e+00   6.26160397e+00 
  1.73325476e+00   2.80518332e+00   7.94048503e+00 
  3.93599439e+00   1.10241588e-01   9.54150796e+00 
  4.27506510e-01  -1.65064404e+00   1.14814341e+01 
 -1.78384328e+00  -9.97100508e-01   8.46113592e+00 
 -4.94874199e+00   9.89873225e-01   8.25169382e+00 
 -7.22236127e+00   2.21266871e+00   5.51208914e+00 
 -1.05929586e+01   7.72187123e-01   6.61107660e+00 
 -1.25782549e+01   3.24376707e-01   1.35091318e+00 
 -9.55018463e+00  -1.81992773e+00   2.09717094e+00 
 -6.20777028e+00  -1.88846425e+00   3.60961304e+00 
 -6.22215012e+00  -3.67959856e+00   6.95816131e+00 
 -2.88134361e+00  -5.04986965e+00   8.14263517e+00 
 -2.38142252e+00  -6.58296556e+00  -4.74183513e+00 
 -7.24483081e+00  -7.53911147e+00   4.34072493e+00 
 -6.00630276e+00  -6.23665388e+00   1.04458908e+00 
 -7.44695136e+00  -4.41324001e+00  -1.91669256e+00 
 -6.78659180e+00  -7.26614596e-01  -1.36974293e+00 
 -4.17259490e+00   5.15471933e+00  -2.98201013e+00 
 -5.53836892e-01   5.56768652e+00  -3.75551561e+00 
  2.84377023e+00   3.92881695e+00  -4.03709843e+00 
  5.64414488e+00   4.37111424e+00  -6.46258734e+00 
  7.90911890e+00   6.11499334e+00  -3.96274454e+00 
  5.39071583e+00   8.94090831e+00  -3.56481024e+00 
  5.12813304e+00  -1.55022498e-02  -1.50641327e+01 
  9.17284309e+00   1.52266914e+00  -4.44623447e+00 
  7.35099296e+00   1.40834756e+00  -1.25798761e+00 
  5.58203440e+00  -1.75247752e+00  -2.01306156e+00 
  4.68311283e+00  -1.03467101e+00  -5.61742697e+00 
  1.17123787e+00   4.50591747e-01  -5.75632517e+00 
 -4.77876215e-01   2.43038418e+00  -8.42410596e+00 
 -3.94000194e+00   3.60251122e+00  -9.39115111e+00 
  8.18394551e-01  -9.17784952e-01  -1.09070754e+01 
  7.96399210e-01  -3.83340406e+00  -8.46561217e+00 
  3.12275110e+00  -5.76486989e+00  -6.13352248e+00 
  2.38247065e+00  -5.56232578e+00  -2.42557164e+00 
  3.56297862e+00  -7.66585810e+00   5.71421516e-01 
  4.20127254e+00  -1.06322767e+01  -1.57320419e+00 
  5.84333234e+00  -1.36537751e+01   1.11120148e-01 
 -4.89667711e+00   1.20086510e+01  -4.10119183e+00 

   3.190676540745e+01 

  6.13283043e-01   3.11460824e+00   2.94792136e+00 
  1.72588588e+00   7.95272145e-01   2.60252373e+00 
  2.27142052e+00   2.65538280e+00   7.97383104e-01 
  9.75666718e-01   1.73669660e+00   3.34784669e+00 
  7.30363147e-01  -2.36144888e-01   3.80474265e+00 
  1.74233024e+00   2.38289446e+00   4.54441069e+00 
  1.80795577e+00  -6.34114306e-01  -5.85066047e-01 
  1.39765737e+00  -7.08130813e-01   2.58636746e+00 
  5.39779932e-01  -8.35391486e-01  -2.41042520e+00 
  2.44549597e+00  -1.24615595e+00   1.85643973e+00 
  2.41229595e+00   4.26755755e+00  -9.57787444e-01 
 -2.90062930e-02  -6.60230064e-01   2.57325623e+00 
  2.35953610e+00   5.11243023e+00  -4.67310018e+00 
  8.46690831e-01   3.09877988e-01   1.72462775e+00 
  2.03246264e-01  -2.30877756e+00  -4.42121462e-01 
  1.25160143e+00  -2.97682450e-01   6.13551567e-01 
  1.05558628e+00  -1.57153476e+00  -1.31183630e+00 
  1.31873812e+00   1.33626406e-01  -3.05609627e+00 
  2.53983918e+00   6.37139893e-01  -2.41130525e+00 
  2.50242147e+00   1.75891964e+00  -1.50646829e+00 
  1.23876880e+00   2.36532857e+00  -1.07013068e+00 
  4.37980216e-01   2.29903810e+00  -2.24447966e+00 
  8.36247902e-01   1.50319511e+00  -3.42585005e+00 
  1.57042006e+00   3.48615664e+00  -1.41897568e-01 
  1.98001082e+00   5.55979461e+00  -1.18972861e+00 
  2.49342246e+00   6.00252035e+00  -2.57131116e+00 
  2.57889191e+00   4.69951129e+00  -3.39666607e+00 
  2.22219805e+00   3.71844844e+00  -2.26393320e+00 
  2.62156802e+00   6.55947505e+00  -4.84163935e+00 
  3.04663913e+00   4.58672380e+00  -5.81221653e+00 
 -3.15477404e-01  -1.62275570e+00   7.80583780e-01 
 -1.63536058e-01  -1.62123811e-01   1.79959043e-01 
 -3.54129666e-01   1.14710033e+00   6.13782071e-01 
  1.16358456e+01  -2.07939224e+00  -4.85525504e+00 
  1.06214929e+01   9.35085624e-01  -2.77205956e+00 
  7.02814723e+00   1.10601836e+00  -2.55647375e+00 
  7.21281940e+00   4.44180760e+00  -5.70977064e-01 
  7.42441936e+00   6.37746994e+00   2.72849016e+00 
  1.01008048e+01   3.33131967e+00   4.38119957e+00 
  8.21071915e+00   5.04668512e-01   2.68502512e+00 
  9.48209719e+00  -2.05355383e+00   2.66841768e-01 
  7.97666674e+00  -4.72679043e+00  -1.91432593e+00 
  9.89092727e+00  -7.83130807e+00  -7.56196469e-01 
  5.65958817e+00  -1.13749302e+01  -1.91799102e+00 
  4.90034292e+00  -8.81426469e+00   7.63555299e-01 
  5.11927113e+00  -5.27115940e+00   1.69220349e+00 
  7.87355038e+00  -4.65692715e+00   4.23342542e+00 
  7.55149556e+00  -1.50222702e+00   6.32764534e+00 
 -4.75343044e+00  -5.30997702e+00   4.68456430e+00 
  5.10982435e+00  -7.25370301e+00   7.13364307e+00 
  1.88907419e+00  -6.82551274e+00   5.25261128e+00 
  1.56813982e-03  -8.66239955e+00   2.56325017e+00 
  9.55017655e-01  -7.07141769e+00  -7.36165901e-01 
 -3.50318992e-01  -3.84610782e+00  -6.38558591e+00 
 -2.24071953e+00  -6.38712952e-01  -6.44273624e+00 
 -3.98021341e+00   2.06190200e+00  -4.44529878e+00 
 -7.10056335e+00   4.01329796e+00  -5.05864335e+00 
 -5.26581960e+00   7.25895714e+00  -5.77964789e+00 
 -3.50548810e+00   5.66991306e+00  -8.75667210e+00 
 -1.56403521e+01  -5.69278521e-02  -3.05851235e+00 
 -6.99521954e+00   7.27033332e+00  -1.31542911e+00 
 -3.45236720e+00   6.53057276e+00  -6.84495708e-01 
 -4.11577936e+00   3.96486321e+00   1.89759357e+00 
 -6.98636631e+00   2.18995229e+00   1.87570757e-01 
 -5.62223770e+00  -7.78723013e-01  -1.78338942e+00 
 -7.13870135e+00  -2.68469101e+00  -4.58050108e+00 
 -6.61113369e+00  -5.92906802e+00  -6.44893969e+00 
 -1.04888543e+01  -2.97941074e+00  -1.79746183e+00 
 -8.77337767e+00  -2.89687884e+00   1.59552947e+00 
 -7.79162054e+00  -4.55322498e-01   4.36249012e+00 
 -4.08757496e+00   3.53740644e-02   4.97665772e+00 
 -2.12862732e+00   1.58044374e+00   7.90508718e+00 
 -4.86904468e+00   8.63544526e-01   1.03098005e+01 
 -4.44655436e+00   2.23325687e+00   1.38605964e+01 
  1.34890173e-01  -3.34849477e+00  -1.33332614e+01 

   3.190676540745e+01 

  2.96194774e+00  -3.29193504e+00   2.50869591e-01 
  3.70439000e-01  -3.28315575e+00   3.94082462e-01 
  1.46029891e+00  -1.79669562e+00  -1.50823034e+00 
  1.65291827e+00  -3.75996200e+00   7.58112444e-01 
  1.25142664e-01  -4.06969077e+00   2.07378759e+00 
  2.02403263e+00  -5.15519504e+00   1.64219396e-01 
 -1.37509140e+00  -2.70558053e-01   9.74540422e-02 
 -7.79943102e-01  -3.12873609e+00   1.40452347e+00 
 -1.21382529e+00   1.87395243e+00   6.93932459e-01 
 -1.85177519e+00  -2.77267204e+00   6.01637653e-01 
  2.53483509e+00  -2.19272617e-01  -2.94234528e+00 
 -6.18844909e-02  -2.64850399e+00   2.54101128e+00 
  2.74893835e+00   3.28858032e+00  -4.41518939e+00 
  2.38970976e-01  -2.15518399e+00   1.09386003e+00 
 -2.04373053e+00   1.56693635e-01   2.28157869e+00 
 -6.43237527e-01  -1.22649367e+00   7.37749081e-01 
 -1.93684958e+00   6.82447643e-01   9.63028900e-01 
 -8.38203426e-01   2.20744868e+00  -6.13871475e-01 
 -8.87728503e-01   1.18684225e+00  -1.67041246e+00 
  2.35585501e-01   3.21413430e-01  -1.93064010e+00 
  1.42638647e+00   3.12065523e-01  -1.07224274e+00 
  1.57778229e+00   1.68546472e+00  -7.32233542e-01 
  5.25120436e-01   2.68663152e+00  -1.01005951e+00 
  2.37679488e+00  -6.96723171e-01  -1.62625906e+00 
  3.82737805e+00   1.14894489e-01  -3.30040784e+00 
  3.76502887e+00   1.24148277e+00  -4.34696379e+00 
  2.47329516e+00   2.01984379e+00  -4.01240964e+00 
  1.95772126e+00   1.08793070e+00  -2.89952146e+00 
  3.85487614e+00   3.33148295e+00  -5.39807588e+00 
  1.79943599e+00   4.14930508e+00  -5.05053342e+00 
 -1.02299950e+00  -8.41630602e-01   2.72448414e+00 
  8.38262926e-02  -3.54844045e-01   1.69722698e+00 
  1.37362795e+00  -7.29091740e-01   1.32987629e+00 
 -7.92734946e+00   5.61789307e-01  -8.46326285e+00 
 -4.52519038e+00  -1.13462716e+00  -8.51962354e+00 
 -2.63660148e+00  -1.60854471e-01  -5.60881149e+00 
  4.59795004e-01  -2.16574961e+00  -6.83213277e+00 
  2.52121255e+00  -5.39103443e+00  -6.99382010e+00 
 -1.15190299e+00  -7.76770444e+00  -7.17597633e+00 
 -2.95332255e+00  -5.48613883e+00  -4.72878726e+00 
 -6.13097123e+00  -3.56738274e+00  -5.20778451e+00 
 -8.05322508e+00  -9.57477173e-01  -3.29379905e+00 
 -1.14869518e+01  -2.61547612e+00  -2.97092520e+00 
 -1.27187259e+01  -5.41472183e-02   1.90078719e+00 
 -9.74394283e+00  -2.38993281e+00   2.03834933e+00 
 -6.63870745e+00  -3.41249545e+00   3.72278815e-01 
 -7.04366598e+00  -6.72992372e+00  -1.43100227e+00 
 -3.84747099e+00  -8.66718111e+00  -2.11873821e+00 
 -1.53954442e+00  -2.99265924e+00   9.33041702e+00 
 -7.55740791e+00  -8.50607884e+00   2.97059189e+00 
 -5.92975499e+00  -5.68042374e+00   4.83104298e+00 
 -7.01923220e+00  -2.48251587e+00   6.49113939e+00 
 -6.57553634e+00   2.86429369e-01   3.94899230e+00 
 -3.98404006e+00   5.98260374e+00   1.74440195e+00 
 -3.11256663e-01   6.59104438e+00   1.67566845e+00 
  3.15092329e+00   5.22044256e+00   2.34175934e+00 
  6.23767798e+00   6.78440704e+00   3.73699487e+00 
  8.07504353e+00   6.79467414e+00   4.13680553e-01 
  5.42377337e+00   9.06024084e+00  -1.11094243e+00 
  7.06077519e+00   7.78702011e+00   1.33188805e+01 
  9.56078287e+00   3.14753501e+00   3.13602471e+00 
  7.32670082e+00   1.40289063e+00   7.98885700e-01 
  5.79456764e+00  -7.63758719e-01   3.37732800e+00 
  5.36969660e+00   1.83121339e+00   6.09768837e+00 
  1.85736710e+00   3.30575260e+00   5.87896593e+00 
  5.15750525e-01   6.48490276e+00   7.23884785e+00 
 -2.82291109e+00   8.14329960e+00   7.87006196e+00 
  2.26060057e+00   4.96418639e+00   1.09400114e+01 
  2.01309778e+00   1.19494763e+00   1.04999626e+01 
  4.06915883e+00  -1.79116048e+00   9.30126041e+00 
  2.82330847e+00  -3.59856307e+00   6.21595791e+00 
  3.66067643e+00  -7.03960907e+00   4.71314969e+00 
  4.69398390e+00  -8.39469003e+00   8.01504446e+00 
  6.20098241e+00  -1.19148102e+01   8.03674714e+00 
 -4.80014451e+00   1.23729791e+01  -9.48239546e-01 

   3.190676540745e+01 

 -2.25285632e+00  -3.13080485e+00   5.05223784e-01 
  2.39644223e-01  -2.40839961e+00   4.59657790e-01 
 -1.43132749e+00  -8.28886353e-01   1.77462691e+00 
 -8.14609531e-01  -3.32078082e+00   2.13234045e-01 
  8.89247891e-01  -3.53134906e+00  -8.88383953e-01 
 -8.69520814e-01  -4.53557624e+00   1.19219619e+00 
  1.06795865e+00   9.36846421e-01  -1.18125842e-01 
  1.42156228e+00  -2.21834895e+00  -5.07381963e-01 
  4.14268224e-01   2.68046635e+00  -1.34824651e+00 
  2.25306810e+00  -1.35336910e+00   1.85899504e-01 
 -3.05473795e+00   7.05607029e-01   2.61691280e+00 
  7.45780985e-01  -2.31059118e+00  -1.76143404e+00 
 -4.37559862e+00   4.26564139e+00   2.93569903e+00 
  1.49734329e-01  -1.53761261e+00  -5.46790919e-01 
  1.85990162e+00   9.03452261e-01  -2.30255573e+00 
  7.01705020e-01  -3.31173033e-01  -4.60741771e-01 
  1.45633670e+00   1.72615286e+00  -1.21319195e+00 
 -1.93571305e-01   3.24616143e+00  -2.19892473e-01 
 -2.87743804e-03   2.62724521e+00   1.09955728e+00 
 -8.77504813e-01   1.58292908e+00   1.57173371e+00 
 -1.90849965e+00   9.84379513e-01   7.15154208e-01 
 -2.37826622e+00   2.09891345e+00  -3.44361939e-02 
 -1.67313279e+00   3.39906190e+00  -3.89162996e-02 
 -2.61546096e+00  -5.73555102e-02   1.51693891e+00 
 -4.42327337e+00   7.35822236e-01   2.80859374e+00 
 -4.79220643e+00   2.07979716e+00   3.46127111e+00 
 -3.72426008e+00   3.07256843e+00   2.95112982e+00 
 -2.84672003e+00   2.05604744e+00   2.19653915e+00 
 -5.56433147e+00   4.26103592e+00   3.81768424e+00 
 -3.77526673e+00   5.50866451e+00   3.31061101e+00 
  1.20469853e+00  -4.31549850e-01  -2.45482727e+00 
 -1.08779831e-01  -1.82519450e-02  -1.66663871e+00 
 -1.28674692e+00  -6.31916373e-01  -1.24901963e+00 
  6.06371206e+00   6.03068441e+00   8.00628330e+00 
  3.25732608e+00   3.50546148e+00   8.45699235e+00 
  1.54758458e+00   3.02068147e+00   5.32177300e+00 
 -1.02671892e+00   6.33161858e-01   6.98805696e+00 
 -2.15622145e+00  -2.86864607e+00   8.05558331e+00 
  1.96719357e+00  -3.91869065e+00   9.08920508e+00 
  3.37921742e+00  -2.00222798e+00   6.12732258e+00 
  5.84624334e+00   8.12374313e-01   6.10967506e+00 
  7.22100973e+00   3.21506703e+00   3.55877476e+00 
  1.09854519e+01   2.60893346e+00   3.88321955e+00 
  1.20744130e+01   3.92842125e+00  -1.49119859e+00 
  9.87091826e+00   8.88558441e-01  -1.01370865e+00 
  6.97188899e+00  -4.78543949e-01   7.72508701e-01 
  8.02418585e+00  -2.88113343e+00   3.51866593e+00 
  5.40184982e+00  -5.38760791e+00   4.65116261e+00 
  3.07954691e+00  -4.11745690e+00  -8.06117410e+00 
  9.52703292e+00  -5.60101794e+00  -1.05746824e-01 
  7.44414481e+00  -4.02016214e+00  -2.79969023e+00 
  7.83486300e+00  -1.25088121e+00  -5.31919770e+00 
  6.36112708e+00   1.86994051e+00  -3.76516751e+00 
  2.09413279e+00   6.94421032e+00  -3.50628590e+00 
 -1.58765493e+00   6.44970089e+00  -3.75958779e+00 
 -4.45013171e+00   4.00009482e+00  -4.09807447e+00 
 -7.64791698e+00   4.13478907e+00  -6.01555938e+00 
 -9.81303491e+00   4.55013148e+00  -2.92360359e+00 
 -8.06949228e+00   7.82442448e+00  -2.07180215e+00 
 -7.53191480e+00   2.09740827e+00  -1.54670607e+01 
 -9.92733115e+00   1.37603479e-02  -4.44953810e+00 
 -7.61148779e+00  -2.67663509e-01  -1.61144094e+00 
 -5.25358608e+00  -2.53134396e+00  -3.34528537e+00 
 -5.20775493e+00  -8.06882669e-01  -6.71261205e+00 
 -2.27043258e+00   1.62560336e+00  -6.82971458e+00 
 -1.67034726e+00   4.53622152e+00  -9.04881558e+00 
  1.15570573e+00   6.84539961e+00  -1.00369925e+01 
 -2.48033682e+00   1.59015465e+00  -1.21665549e+01 
 -1.29144556e+00  -1.65722985e+00  -1.05844384e+01 
 -2.60633955e+00  -4.64523354e+00  -8.60352860e+00 
 -1.30983426e+00  -5.05999723e+00  -5.07011894e+00 
 -1.37544000e+00  -8.02254715e+00  -2.61667053e+00 
 -1.59821232e+00  -1.04969046e+01  -5.37971329e+00 
 -2.09662282e+00  -1.41585448e+01  -4.37634907e+00 
  8.39725800e-01   1.37837068e+01  -2.87304580e+00 

   3.190676540745e+01 

  2.95116010e+00  -1.01648057e+00  -4.19690729e+00 
  3.72939743e+00   6.97201797e-01  -2.40969048e+00 
  4.06248543e+00  -1.86445599e+00  -1.82393101e+00 
  3.25126865e+00   3.42657622e-01  -3.69433300e+00 
  2.91349457e+00   2.25102568e+00  -3.05788086e+00 
  4.31416027e+00   4.30881353e-01  -4.83432774e+00 
  2.99244818e+00   1.46453462e-01   9.61391213e-01 
  3.25749713e+00   1.95693358e+00  -1.66229408e+00 
  1.35304418e+00  -6.41014690e-01   2.25482343e+00 
  4.06832793e+00   1.97246512e+00  -5.38664490e-01 
  3.98807960e+00  -4.17778568e+00  -1.23865633e+00 
  1.87236761e+00   1.95766635e+00  -2.00762186e+00 
  3.23426032e+00  -6.91498545e+00   1.30292510e+00 
  2.64052385e+00   6.52567699e-01  -1.64049941e+00 
  1.29611932e+00   1.67938692e+00   1.37685021e+00 
  2.73866146e+00   5.39393042e-01  -3.19464562e-01 
  2.01396911e+00   5.58321295e-01   1.88114963e+00 
  2.06999686e+00  -1.83093104e+00   2.43576707e+00 
  3.44375449e+00  -1.94045785e+00   1.92472604e+00 
  3.71034902e+00  -2.38257542e+00   5.78628262e-01 
  2.63433363e+00  -2.60864397e+00  -3.94009528e-01 
  1.60057467e+00  -3.16863649e+00   4.07553372e-01 
  1.65866933e+00  -3.16254833e+00   1.88545972e+00 
  3.26462347e+00  -3.04957777e+00  -1.67314086e+00 
  3.64705507e+00  -5.37102307e+00  -1.84728641e+00 
  3.89776292e+00  -6.51433257e+00  -8.48108290e-01 
  3.67670899e+00  -5.87876350e+00   5.42407964e-01 
  3.47221850e+00  -4.42654818e+00   7.11830932e-02 
  3.59710431e+00  -8.22637849e+00   7.20175189e-01 
  3.60896325e+00  -7.12145418e+00   2.66785449e+00 
  1.11874790e+00   1.79181992e+00  -1.03219572e-01 
  1.28443966e+00   2.36413141e-01  -3.68808989e-01 
  1.32102212e+00  -6.14987478e-01  -1.46988796e+00 
  1.15003964e+01  -1.31088647e+00   7.47305299e+00 
  1.12545974e+01  -2.65875463e+00   3.92643121e+00 
  7.82348483e+00  -2.56298109e+00   2.82819550e+00 
  8.75470960e+00  -4.27337091e+00  -5.35013945e-01 
  9.85116400e+00  -4.09477856e+00  -4.20161179e+00 
  1.25005857e+01  -7.32765921e-01  -3.27913960e+00 
  1.00230483e+01   7.67355162e-01  -8.19295328e-01 
  1.04931626e+01   1.54170437e+00   2.81221817e+00 
  8.30219445e+00   2.63527566e+00   5.67119836e+00 
  1.01001288e+01   5.80120164e+00   6.84934596e+00 
  5.38813546e+00   8.27206849e+00   8.72102714e+00 
  5.47194737e+00   7.62251460e+00   4.99339960e+00 
  6.23336114e+00   5.15946640e+00   2.38235485e+00 
  9.51022670e+00   5.94312152e+00   6.30446977e-01 
  9.95379695e+00   4.46071524e+00  -2.84047889e+00 
 -2.73607898e+00   7.16072464e+00  -2.30486985e+00 
  7.17906442e+00   9.79456149e+00  -9.58509097e-01 
  3.69196461e+00   8.51577299e+00  -4.11065967e-01 
  1.10502394e+00   8.64463909e+00   2.32034886e+00 
  1.49167583e+00   5.47701221e+00   4.35580357e+00 
 -6.52927588e-01  -2.67159555e-01   6.89108283e+00 
 -2.18438928e+00  -2.91770533e+00   4.77129643e+00 
 -3.18455943e+00  -4.02556725e+00   1.29549176e+00 
 -6.15438121e+00  -5.88840429e+00   1.84959555e-02 
 -4.20069234e+00  -9.05934229e+00  -7.22238571e-01 
 -3.27719433e+00  -9.41779610e+00   2.95269864e+00 
 -1.44383833e+01  -1.10261298e+00  -1.38391844e+00 
 -4.93603737e+00  -6.56878200e+00  -4.74425051e+00 
 -1.43133648e+00  -5.72401195e+00  -4.03674741e+00 
 -1.78466613e+00  -2.14319667e+00  -4.89877192e+00 
 -5.11397192e+00  -1.49741723e+00  -3.22143830e+00 
 -4.49978590e+00  -1.38229525e-01   2.90533827e-01 
 -6.75564165e+00  -2.29957297e-02   3.23230976e+00 
 -6.96051199e+00   1.65101330e+00   6.61625636e+00 
 -9.45308655e+00   1.85849438e+00   3.61860720e-01 
 -7.05874385e+00   3.58774124e+00  -2.03373726e+00 
 -5.27594697e+00   3.02599751e+00  -5.36348124e+00 
 -1.49583430e+00   2.82695156e+00  -5.26825715e+00 
  1.18218340e+00   3.07054608e+00  -8.01949290e+00 
 -1.04445331e+00   5.07772494e+00  -1.02148971e+01 
  2.54023324e-01   5.86009583e+00  -1.37312327e+01 
 -1.60241247e+00  -4.50008107e+00   1.23622889e+01 

   3.190676540745e+01 

 -3.29546637e+00   3.11802921e+00   1.76159253e-02 
 -8.63009557e-01   2.96521111e+00  -8.74743309e-01 
 -2.47387124e+00   9.46887102e-01  -1.46435779e+00 
 -1.93850597e+00   3.64335657e+00  -2.51813688e-01 
 -5.21313473e-02   4.31955461e+00   1.29471375e-01 
 -2.63191001e+00   4.72370072e+00  -1.14015900e+00 
  8.84496841e-01  -5.21400789e-02  -6.45782824e-01 
  5.98910260e-01   3.12592153e+00  -4.21777479e-01 
  1.15619176e+00  -1.77868187e+00   7.42004549e-01 
  1.29972391e+00   2.40495605e+00  -1.37534985e+00 
 -3.88028428e+00  -9.74800451e-01  -1.63375750e+00 
  4.25401778e-01   3.18051832e+00   9.94114322e-01 
 -4.34454237e+00  -4.75139022e+00  -1.42887612e+00 
 -3.71362431e-01   2.18992744e+00   9.29917424e-02 
  2.38596326e+00   3.49848999e-01   1.08165057e+00 
  3.79676464e-01   1.13064762e+00  -1.92384135e-01 
  1.81998126e+00  -6.35703871e-01   2.24466653e-01 
  3.31245260e-01  -2.56268696e+00  -7.49789025e-02 
 -1.24138677e-01  -2.03823439e+00  -1.37033370e+00 
 -1.33089995e+00  -1.25721740e+00  -1.48105635e+00 
 -2.08890254e+00  -8.24069507e-01  -3.00905781e-01 
 -1.97537994e+00  -1.94234077e+00   5.71638939e-01 
 -1.03123878e+00  -3.05104392e+00   3.12806898e-01 
 -3.26414594e+00  -3.85294897e-02  -7.80066151e-01 
 -5.17566977e+00  -1.32063545e+00  -1.29772422e+00 
 -5.42808596e+00  -2.76585546e+00  -1.76247483e+00 
 -4.04554803e+00  -3.45110463e+00  -1.68918914e+00 
 -3.22046164e+00  -2.20368157e+00  -1.32045249e+00 
 -5.73776327e+00  -5.08613260e+00  -1.80020882e+00 
 -3.64655989e+00  -5.86160987e+00  -2.00009994e+00 
  1.53567825e+00   1.51742714e+00   1.46698816e+00 
  1.63075309e-01   7.57783617e-01   1.22995517e+00 
 -1.19521819e+00   1.05893351e+00   1.28421113e+00 
  3.62792580e+00  -4.63956413e+00  -1.00447136e+01 
  3.38889728e-01  -2.84009185e+00  -9.41239008e+00 
 -1.73213978e-01  -2.46105922e+00  -5.86529097e+00 
 -3.66362403e+00  -8.53916475e-01  -6.44660032e+00 
 -5.89790155e+00   2.20567364e+00  -7.01665255e+00 
 -2.80874076e+00   4.03465878e+00  -9.52372613e+00 
 -4.45930915e-03   2.74754551e+00  -7.30590437e+00 
  2.88950599e+00   5.53761609e-01  -8.21187980e+00 
  5.62541340e+00  -1.25089069e+00  -6.36038096e+00 
  8.75461879e+00   1.32027880e-01  -8.07481874e+00 
  1.20059359e+01  -4.28794034e-01  -3.50036023e+00 
  9.12851234e+00   2.00014966e+00  -3.11981058e+00 
  5.54315001e+00   2.53401639e+00  -3.68908672e+00 
  4.92223557e+00   4.85171823e+00  -6.63253161e+00 
  1.55495797e+00   6.61192697e+00  -6.70120518e+00 
  4.39603022e+00   6.01279532e+00   5.95498812e+00 
  6.95365433e+00   8.14893643e+00  -3.84069013e+00 
  6.43298867e+00   6.39962953e+00  -5.59883572e-01 
  8.35776390e+00   4.02078672e+00   1.63233964e+00 
  7.20183017e+00   5.26485213e-01   7.49101370e-01 
  4.46372715e+00  -5.36023110e+00   2.11725228e+00 
  1.12283625e+00  -5.66203093e+00   3.73330521e+00 
 -1.91125152e+00  -3.87734993e+00   5.11827509e+00 
 -4.06098320e+00  -4.53507802e+00   8.09598714e+00 
 -7.03972268e+00  -5.69003112e+00   6.04327427e+00 
 -5.00557992e+00  -8.56683262e+00   4.60355988e+00 
 -9.93907841e-01  -1.68042255e+00   1.68102998e+01 
 -7.65906980e+00  -1.17007509e+00   7.49469064e+00 
 -6.67390054e+00  -6.45383710e-01   3.99450981e+00 
 -4.45340589e+00   2.22557251e+00   4.71366217e+00 
 -2.77733460e+00   8.62733605e-01   7.81981917e+00 
  4.86144208e-01  -8.47990548e-01   6.82901502e+00 
  2.52344425e+00  -3.34538933e+00   8.66439442e+00 
  5.97497929e+00  -4.88232393e+00   8.52258283e+00 
  2.23351537e+00  -3.79675602e-01   1.18544062e+01 
  1.96010503e+00   2.89338453e+00   9.93753751e+00 
 -6.52537894e-01   5.33108741e+00   8.59112845e+00 
 -8.70419670e-01   5.69994267e+00   4.82889348e+00 
 -2.52397611e+00   8.34360334e+00   2.57562372e+00 
 -2.30271908e+00   1.09474950e+01   5.21707625e+00 
 -3.98295987e+00   1.43061492e+01   4.46941714e+00 
  4.72005044e+00  -1.23370519e+01   2.00995918e+00 

   3.190676540745e+01 

  1.14062690e+00  -4.40899786e-01  -3.51822195e+00 
 -7.06804096e-01  -4.83987330e-02  -1.73792811e+00 
 -2.53710867e-01  -2.56023189e+00  -2.44613225e+00 
  2.32816144e-01   3.93836089e-01  -2.70029877e+00 
 -3.51423421e-01   1.72850292e+00  -1.27258735e+00 
 -3.90132848e-01   8.76315683e-01  -4.04798494e+00 
 -8.81713994e-01  -2.12159179e+00   1.06954171e+00 
 -9.72329466e-01   7.06019684e-01  -4.23179248e-01 
  4.55399126e-01  -3.17471680e+00   2.51307027e+00 
 -2.03406150e+00   5.71071318e-03   1.26842287e-01 
  4.69210858e-01  -4.79473045e+00  -2.87505803e+00 
  3.53624917e-01   1.11595228e+00  -8.90597596e-02 
  1.35024591e+00  -8.27792676e+00  -1.60570273e+00 
  3.59046210e-02  -2.99217886e-01  -6.58684717e-01 
 -6.54021186e-02  -7.61806572e-01   2.76796504e+00 
 -4.10872286e-01  -1.09003845e+00   3.12173556e-01 
 -4.46841364e-01  -2.08427327e+00   2.40464660e+00 
  1.97780519e-01  -4.38870312e+00   1.86304526e+00 
 -8.18865424e-01  -4.44796197e+00   8.03192205e-01 
 -4.85653037e-01  -4.17241248e+00  -5.72148407e-01 
  8.40062464e-01  -3.68247097e+00  -9.68854988e-01 
  1.71036637e+00  -4.39268965e+00  -9.54061668e-02 
  1.20822007e+00  -5.15713630e+00   1.06695765e+00 
  8.31818332e-01  -3.50121183e+00  -2.45038866e+00 
  1.38541778e+00  -5.42853233e+00  -3.69322905e+00 
  1.27366573e+00  -6.94598132e+00  -3.46251717e+00 
  8.16982713e-01  -7.08925147e+00  -1.99375490e+00 
  6.16182286e-01  -5.59111645e+00  -1.69699033e+00 
  1.68059173e+00  -9.14220692e+00  -2.76107988e+00 
  6.79948973e-01  -9.21607368e+00  -7.59153108e-01 
  4.99795007e-01   1.23413938e-01   1.70417690e+00 
  9.95766660e-01  -1.07621252e+00   7.91932282e-01 
  1.60513870e+00  -1.23244932e+00  -4.50183637e-01 
 -9.83483128e+00  -8.11905017e+00   1.95438377e+00 
 -8.05474259e+00  -7.38833332e+00  -1.32479736e+00 
 -4.73040228e+00  -6.16900240e+00  -6.54109869e-01 
 -3.91301454e+00  -6.03449633e+00  -4.45115821e+00 
 -3.83104948e+00  -4.18259026e+00  -7.80403352e+00 
 -7.66086431e+00  -2.27197083e+00  -6.87906280e+00 
 -6.76457663e+00  -1.86016620e+00  -3.20939336e+00 
 -8.56121945e+00  -3.15452319e+00  -1.91906159e-01 
 -7.89205943e+00  -3.33788119e+00   3.50790626e+00 
 -1.09779047e+01  -1.58119048e+00   4.93453997e+00 
 -8.28315298e+00   3.23514888e-01   9.50856067e+00 
 -6.99081119e+00   1.67958197e+00   6.21993078e+00 
 -5.98038336e+00   8.22628797e-01   2.79815070e+00 
 -8.62078762e+00   1.83427357e+00   2.63198124e-01 
 -7.42298660e+00   2.29754474e+00  -3.31342904e+00 
  2.62939759e+00   6.41685469e+00   3.79928750e+00 
 -7.47299792e+00   6.28122097e+00   1.56701042e+00 
 -4.10279254e+00   5.50749497e+00   3.02917419e+00 
 -2.69752537e+00   4.64444350e+00   6.41293863e+00 
 -2.51309115e+00   8.68546711e-01   6.60008325e+00 
  6.81603195e-01  -4.90824113e+00   7.26725966e+00 
  3.63235024e+00  -5.79183594e+00   5.17522374e+00 
  5.96948980e+00  -4.76940197e+00   2.38213872e+00 
  9.64832669e+00  -5.18298774e+00   1.91756631e+00 
  9.29509205e+00  -7.79653466e+00  -8.14655017e-01 
  7.49437707e+00  -1.01420262e+01   1.58171647e+00 
  1.56512730e+01   9.50127034e-01   6.37231580e+00 
  1.02656777e+01  -3.51049517e+00  -2.71413702e+00 
  6.65558719e+00  -3.75003779e+00  -3.35209590e+00 
  5.93634955e+00  -2.35435904e-01  -2.44631613e+00 
  8.12967121e+00   2.51533168e-03   6.27358461e-01 
  6.03118306e+00  -7.62505762e-01   3.72084421e+00 
  7.08555915e+00  -1.80057926e+00   7.12185938e+00 
  5.63452710e+00  -2.09789062e+00   1.06005782e+01 
  9.65648281e+00   1.70934477e+00   6.76622399e+00 
  7.64838258e+00   3.99506309e+00   4.48475810e+00 
  7.29010336e+00   4.93614479e+00   8.01401351e-01 
  3.99983579e+00   4.08722705e+00  -8.69351973e-01 
  2.38583486e+00   5.25855370e+00  -4.15924712e+00 
  4.29128675e+00   8.44836550e+00  -4.13041017e+00 
  3.93155285e+00   1.06971274e+01  -7.20879009e+00 
  1.38556951e+00  -1.11231701e+01   1.03708592e+01 

   3.190676540745e+01 

