 -3.14866786e+00  -1.79684242e+00  -7.99170212e-01 
  3.17865287e+00  -1.05459039e+00   1.14163080e+00 
  1.04528792e+00   5.33211487e-01  -2.02763807e+00 
 -1.90781606e-01   8.99828865e-01  -6.48731484e+00 
 -1.72652517e+00  -2.93431705e+00   1.44093894e+00 
  3.92399548e-01  -1.70753442e+00   8.71845922e-01 
  1.04545220e+00  -8.55348440e-01  -2.46228525e-02 
  3.57848888e-01  -1.00434498e-01  -9.75752407e-01 
 -1.01847201e+00  -1.89529024e-01  -8.45869863e-01 
 -1.63057596e+00  -1.15926404e+00  -8.91045109e-02 
 -9.79931149e-01  -1.82731900e+00   9.06600189e-01 
  2.47912446e+00  -6.82579716e-01  -1.53446026e-02 
  7.12558807e-01   1.63868857e+00  -2.84625454e+00 
  7.31800293e-02   1.43327144e+00  -4.14267217e+00 
  5.90274168e-01   1.30342188e+00  -5.42253016e+00 
 -1.44841287e+00   5.38810224e-01  -6.25219986e+00 
 -2.06456630e+00   8.03719076e-01  -5.06180921e+00 
 -1.31590059e+00   1.62564867e+00  -4.19040699e+00 
  3.09019849e+00  -8.53777655e-02  -9.20682878e-01 
 -1.35937703e+00  -3.66698227e+00   2.51720363e+00 
 -2.92950669e+00  -3.16713097e+00   1.12595206e+00 
  3.45300670e+00  -1.06445513e+01  -8.80436169e+00 
 -2.95146854e-01  -6.45465471e+00  -1.04126437e+01 
 -3.11470518e+00  -6.13872304e+00  -7.88040439e+00 
 -2.70423217e+00  -3.09438155e+00  -5.64465589e+00 
 -6.03563577e+00  -3.58974513e+00  -3.93299592e+00 
 -7.99035102e+00  -5.56311319e+00  -1.33634857e+00 
 -7.73221420e+00  -8.40776633e+00   5.30048616e+00 
 -6.64851267e+00  -1.00107626e+01   2.04297306e+00 
 -5.48722842e+00  -9.14524708e+00  -1.46075995e+00 
 -2.36974228e+00  -7.01984003e+00  -1.99537709e+00 
 -2.08108632e-02  -7.21249561e+00  -4.97486392e+00 
  2.92190037e+00  -5.20432297e+00  -6.20418507e+00 
  5.64988154e+00  -7.82468874e+00  -6.49049087e+00 
  1.33754644e+01  -5.48258515e+00  -4.60416103e+00 
  9.88544228e+00  -4.19712396e+00  -5.42363758e+00 
  7.44278752e+00  -4.73588725e+00  -2.57866509e+00 
  3.75494211e+00  -4.80953995e+00  -1.64220303e+00 
  2.73424686e+00  -8.40718765e+00  -9.67679753e-01 
 -3.02972824e-01  -9.02827223e+00   1.17831574e+00 
  5.13211736e+00   3.70129446e+00   9.35375054e+00 
  5.22488261e+00   1.46997468e+00   6.25968978e+00 
  7.02622194e+00  -4.64875628e+00   7.39963964e+00 
  9.10829136e+00  -9.95535756e+00   6.22313405e+00 
  3.21244418e+00  -1.00569067e+01   4.68480386e+00 
  5.89075357e+00  -8.28981657e+00   2.66679063e+00 
  5.82320002e+00  -4.51054205e+00   2.98432565e+00 
  7.98484828e+00  -1.68826943e+00   1.69929070e+00 
  6.40581369e+00  -3.69411750e-01  -1.47489959e+00 
  3.34143698e+00   4.25023394e+00  -5.27962002e+00 
  3.38800843e-01   6.17903952e+00  -4.17267494e+00 
 -2.18070036e+00   6.43297275e+00  -1.37009409e+00 
 -3.82233699e+00   9.58187566e+00   2.32967160e-02 
 -7.23140945e+00   8.68706785e+00  -1.42498490e+00 
 -5.84697547e+00   8.76162148e+00  -4.91621249e+00 
 -7.09118652e+00   7.61899461e+00   3.18832259e+00 
 -6.61556084e+00   4.26902306e+00   1.47137653e+00 
 -4.03412982e+00   3.12444414e+00   4.00782034e+00 
 -2.05358220e+00   6.36882172e+00   4.18849979e+00 
  7.55520687e-01   6.15071226e+00   1.65124094e+00 
  2.81988661e+00   8.93391725e+00   1.24517373e-01 
  6.05252633e+00   9.20359832e+00  -1.83562642e+00 
  6.63811083e+00   1.17224631e+01   3.18827691e+00 
  3.39914203e+00   1.00493150e+01   4.26204306e+00 
  3.18792021e+00   6.71252719e+00   6.07525146e+00 
  7.09685515e-01   4.60098945e+00   8.03962305e+00 
 -7.85304284e-02   1.17841428e+00   6.40480457e+00 
 -1.74940455e+00  -1.87987341e+00   7.97440174e+00 
 -7.27210697e-01  -9.59288601e-01   1.15537619e+01 
 -2.90295789e+00  -5.98842531e+00   1.21851889e+01 

   7.635587693930e-01 

  1.91787354e+00  -2.89480472e+00   1.98197933e+00 
 -3.06445617e+00   7.67221122e-01  -4.91599373e-01 
  1.01380713e+00   1.42519799e+00  -2.64749409e-01 
  4.85713634e+00   3.38626802e+00   1.44814813e+00 
 -9.16453816e-01  -3.42706222e+00   1.84887119e+00 
 -1.38632488e+00  -1.26933291e+00   6.47984064e-01 
 -8.65349977e-01  -7.00955436e-02   1.51224713e-01 
  5.03802038e-01   1.36063876e-01  -2.27346383e-02 
  1.25781525e+00  -9.99987439e-01   2.22046931e-01 
  7.53211960e-01  -2.09823910e+00   8.75476231e-01 
 -5.85561540e-01  -2.34678070e+00   9.59001889e-01 
 -1.71191419e+00   1.03413061e+00  -2.35252826e-01 
  2.21582810e+00   1.87102933e+00  -8.64166772e-01 
  3.38222853e+00   2.17982474e+00  -4.20624270e-02 
  3.83345898e+00   3.36338736e+00   5.21723279e-01 
  5.35466988e+00   2.22950082e+00   1.87429356e+00 
  5.08057680e+00   1.04959760e+00   1.24219152e+00 
  4.37644668e+00   1.19202836e+00   2.59165920e-02 
 -1.26387750e+00   2.16659571e+00  -4.93099624e-01 
 -2.15409460e+00  -3.95121085e+00   2.00202227e+00 
 -4.22841179e-02  -4.17228899e+00   2.37901079e+00 
 -7.23918119e-01   5.76764058e+00   1.21765921e+01 
  4.44030250e+00   4.62919964e+00   9.68154949e+00 
  4.71465128e+00   9.40426227e-01   8.79857644e+00 
  4.25558436e+00   3.14787911e-01   5.07931458e+00 
  5.05470883e+00  -3.36821730e+00   5.34443265e+00 
  3.79050152e+00  -6.81046844e+00   6.34959814e+00 
 -1.87370594e+00  -1.12900742e+01   6.11264451e+00 
 -1.10348598e+00  -8.65633384e+00   8.72522375e+00 
  7.98364011e-01  -5.41327943e+00   9.21451700e+00 
  4.23762549e-02  -2.37998857e+00   7.03517775e+00 
  4.09740231e-01   1.25750774e+00   8.06745728e+00 
  1.69060109e-01   4.58186487e+00   6.30840641e+00 
 -2.46300567e+00   6.40535941e+00   8.34243356e+00 
 -7.63783807e+00   1.14132835e+01   4.23510773e+00 
 -4.35251564e+00   9.50438853e+00   3.97629710e+00 
 -4.87501941e+00   5.76486915e+00   3.67022323e+00 
 -3.16976999e+00   2.37299925e+00   3.93467127e+00 
 -4.44735836e+00   5.98908188e-01   7.04276367e+00 
 -4.17031119e+00  -3.15822850e+00   7.19414036e+00 
 -7.69103548e+00  -2.22035260e+00  -8.46295697e+00 
 -6.65674889e+00  -5.39115899e-01  -5.19733303e+00 
 -1.10749405e+01  -8.80860238e-01  -4.70180505e-01 
 -1.38267576e+01   5.92057903e-01   4.44278303e+00 
 -9.11620851e+00  -2.89779206e+00   6.10695262e+00 
 -8.77453927e+00   6.89946110e-01   4.93233647e+00 
 -7.37596483e+00   1.04048291e+00   1.42385797e+00 
 -6.74694255e+00   3.94049479e+00  -9.17834311e-01 
 -3.12926879e+00   4.97722142e+00  -5.35925500e-01 
  3.20867068e+00   5.82040106e+00  -2.61606968e+00 
  5.19487716e+00   3.15725753e+00  -4.32606748e+00 
  5.07660075e+00  -4.86755512e-01  -5.31298566e+00 
  6.51489459e+00  -2.10956058e+00  -8.45144275e+00 
  9.25699846e+00  -3.90561971e+00  -6.50850333e+00 
  1.06817469e+01  -6.28319464e-01  -5.35079838e+00 
  5.72063199e+00  -6.90384131e+00  -7.48206806e+00 
  5.15169806e+00  -5.98782971e+00  -3.84425692e+00 
  1.38395564e+00  -5.83430095e+00  -4.27777753e+00 
  1.34776643e+00  -3.93566709e+00  -7.57551610e+00 
  1.12378154e+00  -2.35976572e-01  -6.77649537e+00 
  1.95599389e+00   2.73802837e+00  -8.96771392e+00 
  1.28827610e+00   6.46843087e+00  -8.91202537e+00 
 -1.31592528e+00   4.11815054e+00  -1.33416429e+01 
 -6.46942643e-01   7.22506359e-01  -1.17714900e+01 
 -3.07344185e+00  -1.12279144e+00  -9.49696366e+00 
 -3.64983552e+00  -4.58034710e+00  -8.02316797e+00 
 -3.49837292e+00  -4.68245571e+00  -4.15346907e+00 
 -4.72254323e+00  -7.43052961e+00  -1.79591183e+00 
 -7.32412397e+00  -8.78777256e+00  -4.26448333e+00 
 -8.43074124e+00  -1.16351927e+01   3.28161729e-01 

   7.635587693928e-01 

 -2.31314981e+00   1.74017069e+00  -3.17867986e+00 
 -1.94017240e+00  -1.97996072e+00   2.33259443e+00 
  8.31391084e-01   4.16594512e-01   4.11244686e-01 
  3.41856349e+00   4.23326771e+00  -1.27770775e-01 
 -4.29586193e+00   7.76495546e-02  -1.89832698e+00 
 -2.69446999e+00  -6.58156772e-01  -1.05888052e-01 
 -1.41391400e+00  -5.30938370e-01   4.42151006e-01 
 -3.58329732e-01   6.21082959e-02  -2.51663317e-01 
 -6.82377851e-01   3.82425119e-01  -1.55988978e+00 
 -1.97810440e+00   4.17222072e-01  -2.01555732e+00 
 -2.99119084e+00  -2.45583879e-01  -1.38674249e+00 
 -1.08957959e+00  -1.02317115e+00   1.76043221e+00 
  2.15012173e+00   6.26973395e-01  -5.73824222e-02 
  2.60800788e+00   1.97039716e+00  -3.99804643e-01 
  3.26984202e+00   2.94124885e+00   3.36202344e-01 
  2.82764271e+00   4.57042869e+00  -1.26986754e+00 
  2.31353315e+00   3.63285364e+00  -2.12045322e+00 
  2.61220379e+00   2.29902756e+00  -1.76392232e+00 
 -2.02624679e-02  -7.49404325e-01   2.33602899e+00 
 -5.44341186e+00  -5.40145887e-01  -1.53583598e+00 
 -4.47213264e+00   7.86545270e-01  -2.93127379e+00 
 -4.37295555e+00   1.08991417e+01   6.71159823e+00 
 -5.18066586e-01   1.11618336e+01   2.32283031e+00 
 -2.01271955e+00   9.71034481e+00  -8.58545295e-01 
 -6.70302262e-01   6.23939387e+00  -1.62371842e+00 
 -2.45186755e+00   6.00896546e+00  -4.94732230e+00 
 -5.76033890e+00   5.41025614e+00  -6.72305740e+00 
 -1.17156613e+01   1.32016277e+00  -6.83044521e+00 
 -1.11125967e+01   4.49261004e+00  -4.84870635e+00 
 -8.32525321e+00   6.60993956e+00  -3.39217788e+00 
 -5.87039632e+00   5.11879181e+00  -8.87772472e-01 
 -4.08996581e+00   7.00602103e+00   1.88718155e+00 
 -1.37379971e+00   6.19173552e+00   4.36970406e+00 
 -3.02617250e+00   6.98036663e+00   7.69203671e+00 
 -1.11964317e+00   2.11586738e+00   1.41286594e+01 
 -6.29243788e-02   3.11370554e+00   1.06084505e+01 
 -2.38600974e+00   1.72887408e+00   7.95586447e+00 
 -3.44057995e+00   2.02202645e+00   4.31106912e+00 
 -6.91526901e+00   3.55298186e+00   4.16079966e+00 
 -9.00052928e+00   2.94762561e+00   1.07843376e+00 
 -2.25986592e+00  -1.16365965e+01   1.61109818e+00 
 -2.39451121e+00  -8.00850762e+00   2.78559690e+00 
 -7.83949319e+00  -6.38114343e+00   5.89799705e+00 
 -1.13069009e+01  -3.33873967e+00   9.44765322e+00 
 -1.13151008e+01  -3.89123749e-01   4.11497240e+00 
 -8.40007020e+00  -3.62602028e-01   6.53782592e+00 
 -5.46101932e+00  -2.49571126e+00   5.44232017e+00 
 -2.14351403e+00  -3.45484762e+00   6.97968049e+00 
  4.80768975e-01  -1.07359965e+00   5.65642061e+00 
  5.98403874e+00   5.85164461e-01   2.16787478e+00 
  6.57939969e+00  -4.53985116e-01  -1.37149742e+00 
  4.92437574e+00  -2.17945223e+00  -4.29561896e+00 
  6.54780298e+00  -4.44210541e+00  -6.90272136e+00 
  6.15878315e+00  -1.85992915e+00  -9.67778983e+00 
  8.31493770e+00   5.81043266e-01  -7.80601607e+00 
  2.76521139e+00  -5.14716964e+00  -1.00253090e+01 
  1.00125003e+00  -2.19475039e+00  -8.42278162e+00 
 -9.98844097e-01  -4.41866124e+00  -6.08585240e+00 
  1.84009952e+00  -6.74063198e+00  -5.07093819e+00 
  3.41695144e+00  -5.33108275e+00  -1.92403141e+00 
  6.82203577e+00  -6.04546720e+00  -4.29448815e-01 
  8.54055554e+00  -5.47090426e+00   2.89942762e+00 
  7.94291964e+00  -1.10137454e+01   1.97913547e+00 
  5.55022007e+00  -1.01573076e+01  -8.46606984e-01 
  1.77208188e+00  -9.91542395e+00  -4.81016359e-01 
 -1.37202021e+00  -9.78113122e+00  -2.61539731e+00 
 -3.40557464e+00  -6.50872760e+00  -2.21046818e+00 
 -7.01016228e+00  -5.80110190e+00  -3.26630577e+00 
 -8.07917716e+00  -9.48076234e+00  -3.11973745e+00 
 -1.28631687e+01  -6.87724256e+00  -3.99146083e+00 

   7.635587693931e-01 

  1.54118533e+00   4.30041137e+00   2.01496072e+00 
  5.33002190e-01  -2.12409790e+00   5.79035380e-01 
 -1.36952396e+00   1.32952941e+00  -6.73752977e-01 
 -2.39096557e+00   4.69044376e+00  -3.70886496e+00 
  2.90923801e+00   1.93283129e+00   2.94093253e+00 
  1.39916961e+00   4.04848220e-01   1.63568711e+00 
  3.42643730e-01   3.03436592e-01   7.24740497e-01 
 -4.96358620e-01   1.37854674e+00   4.28845182e-01 
 -2.50899044e-01   2.49014620e+00   1.21825177e+00 
  8.92182863e-01   2.62952366e+00   1.96771072e+00 
  1.65757652e+00   1.56241582e+00   2.33719326e+00 
  3.40455269e-02  -9.29762275e-01   3.96573204e-02 
 -2.56351380e+00   2.02997752e+00  -9.68170858e-01 
 -2.52730336e+00   3.24884250e+00  -1.77113852e+00 
 -2.67593974e+00   3.46869013e+00  -3.13196840e+00 
 -1.87233069e+00   5.64790051e+00  -2.94627441e+00 
 -1.86196935e+00   5.55817544e+00  -1.58293524e+00 
 -2.58751277e+00   4.46126134e+00  -1.06739995e+00 
 -7.70152677e-01  -9.88917273e-01  -9.08743950e-01 
  3.77996009e+00   1.06719350e+00   3.50878467e+00 
  3.20022610e+00   3.12699756e+00   3.24072653e+00 
  8.15116528e+00   2.84779272e+00  -9.82333370e+00 
  4.13307269e+00   6.85902547e+00  -8.42497624e+00 
  4.54602629e+00   7.96142920e+00  -4.80888259e+00 
  1.91670009e+00   6.43359017e+00  -2.53129040e+00 
  3.03042295e+00   8.40384513e+00   4.93793349e-01 
  5.61202141e+00   8.74825180e+00   3.26406484e+00 
  9.53958346e+00   5.11590325e+00   8.12066463e+00 
  1.04305512e+01   5.88308267e+00   4.51885817e+00 
  8.85268949e+00   6.69430390e+00   1.16831856e+00 
  6.37026578e+00   4.28760447e+00  -4.33948836e-01 
  5.80423318e+00   3.81841288e+00  -4.16106610e+00 
  3.33171776e+00   1.92123271e+00  -6.28024333e+00 
  5.57975720e+00  -2.48061930e-01  -8.43213751e+00 
  2.85741803e+00  -7.85223207e+00  -1.03013045e+01 
  1.79750056e+00  -4.44991980e+00  -8.95778205e+00 
  3.06553484e+00  -3.82598116e+00  -5.44302939e+00 
  3.66498437e+00  -1.15276372e+00  -2.80159825e+00 
  7.40784855e+00  -6.03206334e-01  -2.44267780e+00 
  8.69212870e+00   8.91563146e-01   7.71670475e-01 
 -2.87403811e+00  -8.07376505e+00   7.42497666e+00 
 -1.24143497e+00  -6.53855363e+00   4.33655664e+00 
  4.77510747e+00  -8.62806970e+00   3.14562540e+00 
  9.56137731e+00  -9.76598353e+00   3.50034694e-02 
  9.97029828e+00  -3.92323201e+00   1.71810309e+00 
  7.62129491e+00  -5.18474285e+00  -9.76168558e-01 
  3.98193559e+00  -5.31681974e+00   8.49286566e-02 
  7.79029343e-01  -6.52215799e+00  -1.52062794e+00 
 -9.15447927e-01  -3.53866093e+00  -3.11301983e+00 
 -5.80781279e+00   1.01973164e+00  -3.81533867e+00 
 -7.20720444e+00   3.00463269e+00  -9.75741348e-01 
 -6.71551398e+00   3.71086238e+00   2.70207158e+00 
 -9.39350066e+00   4.37435796e+00   5.33650878e+00 
 -8.43632407e+00   8.04728567e+00   5.67324402e+00 
 -9.25918322e+00   8.66641731e+00   2.06070134e+00 
 -6.59302210e+00   5.54978222e+00   9.25203757e+00 
 -3.66028416e+00   6.05301893e+00   6.89784260e+00 
 -2.34719988e+00   2.53995117e+00   7.48227292e+00 
 -5.68811111e+00   7.29087869e-01   7.28155895e+00 
 -6.19673608e+00  -3.62438006e-01   3.68625852e+00 
 -9.39429081e+00  -1.35930032e+00   1.91972780e+00 
 -1.03209207e+01  -3.11502652e+00  -1.30883747e+00 
 -1.19626707e+01  -6.23045764e+00   3.10997907e+00 
 -9.81651947e+00  -4.00155331e+00   5.31663667e+00 
 -6.20862657e+00  -4.73530351e+00   6.27121082e+00 
 -3.55134127e+00  -3.61498014e+00   8.74965891e+00 
 -4.08753173e-01  -2.07185284e+00   7.09109483e+00 
  3.02708280e+00  -1.43210758e+00   8.63845919e+00 
  2.65399931e+00  -4.16365658e+00   1.13037218e+01 
  7.90503786e+00  -2.59333860e+00   1.19245982e+01 

   7.635587693933e-01 

  1.89458759e+00   2.21608645e+00  -3.25669677e+00 
 -2.08202831e+00  -6.07028996e-01   1.27862895e+00 
  1.98547975e+00  -9.08250094e-01   5.84892664e-01 
  5.83907326e+00  -3.01436368e+00  -9.20130784e-01 
 -9.47343349e-01   2.48393697e+00  -2.82528975e+00 
 -9.09748364e-01   9.53166227e-01  -8.31792326e-01 
 -1.45213606e-01   1.08721844e-01  -2.01549290e-02 
  1.25015484e+00   1.21139140e-01  -3.17094826e-02 
  1.77611698e+00   1.13054896e+00  -8.21343692e-01 
  1.02351347e+00   1.82180703e+00  -1.73976694e+00 
 -3.37225617e-01   1.88711429e+00  -1.66773878e+00 
 -7.48605812e-01  -8.23800548e-01   9.02705347e-01 
  3.31007969e+00  -9.59932000e-01   1.08055901e+00 
  4.39518656e+00  -1.45909719e+00   2.40870202e-01 
  4.95255084e+00  -2.72040759e+00   9.69088751e-02 
  6.08735559e+00  -2.08314692e+00  -1.83579510e+00 
  5.71275355e+00  -7.80919654e-01  -1.66049796e+00 
  5.20258964e+00  -4.91114667e-01  -3.75524693e-01 
 -9.68134686e-02  -1.70997696e+00   1.48542067e+00 
 -2.26186365e+00   2.78222178e+00  -2.93932622e+00 
 -2.78326500e-01   3.03439393e+00  -3.74724267e+00 
 -6.25286273e-01  -1.00116774e+01  -8.74114540e+00 
  4.56968987e+00  -7.48249088e+00  -7.84342715e+00 
  4.36529788e+00  -3.74087507e+00  -8.49188143e+00 
  4.29483100e+00  -1.72579912e+00  -5.27169853e+00 
  4.45737250e+00   1.60111271e+00  -7.05457621e+00 
  2.54328569e+00   4.21544044e+00  -9.04435834e+00 
 -3.68298225e+00   7.85242373e+00  -9.50501147e+00 
 -2.84631062e+00   4.47979191e+00  -1.10152210e+01 
 -5.31947966e-01   1.50970422e+00  -1.05723353e+01 
 -5.09360228e-01  -4.54741103e-01  -7.30701220e+00 
  2.95824864e-01  -4.14813240e+00  -6.92955437e+00 
  8.15050568e-01  -6.49689954e+00  -4.02830726e+00 
 -1.73306978e+00  -9.22423514e+00  -4.70572316e+00 
 -5.47399013e+00  -1.26384731e+01   1.85756970e+00 
 -2.52832769e+00  -1.04814995e+01   7.73713692e-01 
 -3.59500014e+00  -7.00060277e+00  -2.73312770e-01 
 -2.49910853e+00  -3.85227891e+00  -2.10897837e+00 
 -4.43153754e+00  -3.60133747e+00  -5.37128063e+00 
 -4.77719643e+00  -2.11166855e-01  -6.98466502e+00 
 -6.06056440e+00   4.86491549e+00   8.21422185e+00 
 -5.20084921e+00   2.12422793e+00   5.70222528e+00 
 -1.01880068e+01   1.21887848e-01   2.08254695e+00 
 -1.32793789e+01  -3.44968367e+00  -1.31840748e+00 
 -9.43731708e+00  -4.85458421e-01  -5.00483062e+00 
 -8.38134314e+00  -3.25261693e+00  -2.63922732e+00 
 -6.50533077e+00  -2.03430022e+00   4.24200478e-01 
 -5.12731486e+00  -3.68009037e+00   3.53574473e+00 
 -1.47038461e+00  -4.43253749e+00   2.92836974e+00 
  5.13521448e+00  -3.76346945e+00   3.98942443e+00 
  6.87594590e+00  -4.62207342e-01   4.17098635e+00 
  6.30771328e+00   3.24274236e+00   3.70484559e+00 
  7.86125412e+00   6.11528158e+00   5.67642558e+00 
  1.00099297e+01   7.23628935e+00   2.73593062e+00 
  1.17767481e+01   3.92191087e+00   2.67163589e+00 
  6.19681188e+00   1.00210533e+01   3.12099073e+00 
  5.31765026e+00   7.67580547e+00   2.70846800e-01 
  1.70971068e+00   7.34976826e+00   1.40392485e+00 
  2.40032372e+00   6.93582474e+00   5.12318610e+00 
  2.66654894e+00   3.22266898e+00   5.84284693e+00 
  4.23587125e+00   1.46860596e+00   8.80919350e+00 
  4.16823292e+00  -2.01736830e+00   1.02952149e+01 
  1.81511978e+00   1.64915035e+00   1.38933663e+01 
  1.72810589e+00   4.17937962e+00   1.10589906e+01 
 -1.23305951e+00   4.71920105e+00   8.73378419e+00 
 -2.53657867e+00   7.22555467e+00   6.18858795e+00 
 -2.90227501e+00   5.78418448e+00   2.61134672e+00 
 -4.84074293e+00   7.22833897e+00  -3.49284830e-01 
 -7.28562971e+00   9.20510616e+00   1.84595915e+00 
 -9.41230314e+00   9.85640770e+00  -3.20160049e+00 

   7.635587693929e-01 

 -3.45168439e+00  -3.82910663e+00  -8.55201321e-01 
  2.79683271e-01   1.67088069e+00  -4.31327382e-01 
  2.77345763e-01  -1.85294538e+00   1.73645267e+00 
 -6.01887327e-01  -4.48925973e+00   5.45502617e+00 
 -3.50125484e+00  -1.40202586e+00  -2.41765102e+00 
 -1.56571354e+00  -4.09871798e-01  -1.15748649e+00 
 -6.55988575e-01  -5.58181608e-01  -1.05460041e-01 
 -4.31030535e-01  -1.78397113e+00   5.22373316e-01 
 -1.09698065e+00  -2.83474351e+00  -8.70972584e-02 
 -2.11341318e+00  -2.64346648e+00  -9.91546842e-01 
 -2.27114722e+00  -1.47398554e+00  -1.67601617e+00 
  1.29893425e-01   5.46184085e-01   3.92653555e-01 
  9.88638982e-01  -2.90597942e+00   2.35943137e+00 
  3.33417164e-01  -3.75833939e+00   3.34729115e+00 
  2.56978036e-01  -3.68730416e+00   4.72982317e+00 
 -1.44078390e+00  -5.28184247e+00   4.79524206e+00 
 -1.30161358e+00  -5.52624433e+00   3.45817401e+00 
 -1.15173154e-01  -5.00792543e+00   2.89327130e+00 
  7.94028253e-01   4.78754332e-01   1.44340433e+00 
 -3.82916834e+00  -4.10049352e-01  -3.27695139e+00 
 -4.28388960e+00  -2.38762075e+00  -2.54676007e+00 
 -9.56191484e+00   3.12022188e+00   9.16073937e+00 
 -7.74061068e+00  -2.43558368e+00   9.24033606e+00 
 -8.32844618e+00  -4.08406962e+00   5.86411015e+00 
 -5.12131343e+00  -4.43322168e+00   3.85725518e+00 
 -6.77434023e+00  -6.39329400e+00   1.08254190e+00 
 -8.99886068e+00  -6.24550657e+00  -1.99761043e+00 
 -1.04227865e+01  -2.55829944e+00  -8.04601518e+00 
 -1.18465126e+01  -1.97838881e+00  -4.58305324e+00 
 -1.10866111e+01  -2.56025368e+00  -9.14562240e-01 
 -7.91038344e+00  -1.15106623e+00   6.49937351e-01 
 -7.48682401e+00  -9.28239103e-02   4.27383820e+00 
 -4.59411046e+00   1.00126525e+00   6.42760569e+00 
 -5.75510705e+00   4.37286766e+00   7.72165098e+00 
  7.95385860e-04   1.02649428e+01   8.66045700e+00 
 -5.19432082e-01   6.52603313e+00   8.15634982e+00 
 -1.65183349e+00   5.68639135e+00   4.64019207e+00 
 -3.20306508e+00   2.98521589e+00   2.45388893e+00 
 -6.73864643e+00   4.03285265e+00   1.53628815e+00 
 -8.30919330e+00   2.51455416e+00  -1.53680448e+00 
  6.56570235e+00   3.73864049e+00  -7.50831179e+00 
  4.17326407e+00   3.84657756e+00  -4.53758898e+00 
 -2.82821433e-01   8.54123111e+00  -4.83205054e+00 
 -4.23861115e+00   1.23384458e+01  -2.87959475e+00 
 -7.15306956e+00   7.02728788e+00  -3.53938203e+00 
 -4.70691397e+00   7.75939462e+00  -7.37834479e-01 
 -1.34318807e+00   6.05256828e+00  -1.13833392e+00 
  1.91811673e+00   6.10699093e+00   7.72213083e-01 
  1.92108171e+00   3.16324871e+00   3.14762733e+00 
  4.09937000e+00  -2.74138696e+00   5.51358721e+00 
  4.64834523e+00  -5.75199518e+00   3.36968739e+00 
  4.17775534e+00  -7.03667125e+00  -1.50963173e-01 
  6.44898710e+00  -9.39898291e+00  -2.10367625e+00 
  3.94082483e+00  -1.22632578e+01  -1.94547629e+00 
  4.10047765e+00  -1.22900190e+01   1.80747996e+00 
  3.73892272e+00  -1.01546200e+01  -6.18292025e+00 
  7.28184964e-01  -8.76495039e+00  -4.33881900e+00 
  1.22679816e+00  -5.28297589e+00  -5.76522450e+00 
  4.99881630e+00  -5.09801554e+00  -5.29739041e+00 
  5.66792527e+00  -3.50518131e+00  -1.92226292e+00 
  8.81604843e+00  -3.59124237e+00   1.80267844e-01 
  1.01889895e+01  -1.68845985e+00   3.15672592e+00 
  1.34201957e+01  -7.44453893e-01  -1.38148440e+00 
  1.06706457e+01  -2.28869564e+00  -3.50247691e+00 
  7.89098445e+00  -3.25445818e-01  -5.20118997e+00 
  5.22002228e+00  -7.50191889e-01  -7.87411842e+00 
  1.60042264e+00  -3.41749903e-01  -6.55517557e+00 
 -1.61161530e+00   2.10203197e-01  -8.55185765e+00 
  1.83059401e-01   1.78705917e+00  -1.15513316e+01 
 -5.13526563e+00   2.53323240e+00  -1.28096783e+01 

   7.635587693928e-01 

  1.82430440e+00   2.38275818e-01   3.23172249e+00 
  7.13240275e-01   1.72087194e+00  -3.16515796e+00 
  7.47550295e-01  -1.87346221e+00  -1.11669247e+00 
 -1.20553544e+00  -5.57143678e+00   8.98607313e-01 
  1.82791195e+00   2.78189665e+00   1.86628943e+00 
  1.34801699e+00   1.72148377e+00  -3.61698398e-01 
  1.06788487e+00   5.41958384e-01  -1.05926620e+00 
  1.28136614e+00  -7.22215661e-01  -5.08239401e-01 
  1.90935067e+00  -6.76004687e-01   7.25683817e-01 
  2.00868870e+00   4.78249245e-01   1.46431827e+00 
  1.89574282e+00   1.71637002e+00   9.02745360e-01 
  5.54854000e-01   5.50560716e-01  -2.40910937e+00 
  1.11555057e+00  -3.23828484e+00  -1.04772756e+00 
  4.66912293e-01  -4.13199377e+00  -9.26082827e-02 
 -6.31768797e-01  -4.97028842e+00  -2.04168434e-01 
 -7.43327578e-01  -5.25899681e+00   2.10525352e+00 
  4.32529990e-01  -4.58416072e+00   2.27497938e+00 
  1.17579954e+00  -4.40433017e+00   1.08728338e+00 
  1.20799347e-01  -4.72577859e-01  -2.96989725e+00 
  1.84706018e+00   4.10026706e+00   1.56384179e+00 
  2.01226397e+00   2.60055436e+00   3.10472106e+00 
 -1.17939268e+01   5.08068432e-01   2.58508275e+00 
 -8.38557918e+00  -3.73726587e+00   4.71833457e+00 
 -5.38139046e+00  -2.26050731e+00   6.52277138e+00 
 -2.19608394e+00  -2.53018853e+00   4.46944019e+00 
 -1.37341285e-03  -1.18301690e+00   7.23381881e+00 
  1.16202424e+00   1.90539992e+00   9.12216681e+00 
  3.25998282e+00   8.78303211e+00   8.41293733e+00 
 -2.67272758e-01   7.46136423e+00   8.82166660e+00 
 -2.36335694e+00   4.34927139e+00   8.27838728e+00 
 -2.67371234e+00   2.80799661e+00   4.80707024e+00 
 -5.66433213e+00   8.76262924e-01   3.48172690e+00 
 -6.40093255e+00  -1.12585655e+00   3.74883702e-01 
 -9.49498609e+00   5.86266542e-01  -9.98301018e-01 
 -1.02080744e+01   1.09520681e+00  -9.24213533e+00 
 -8.33121567e+00  -6.39605696e-01  -6.41865642e+00 
 -5.86084807e+00   1.66067196e+00  -4.69914974e+00 
 -3.70880070e+00   2.12011038e+00  -1.59428288e+00 
 -5.20078673e+00   4.89494219e+00   5.30371337e-01 
 -2.95140911e+00   6.67488051e+00   2.97738299e+00 
  8.00841386e+00   4.96004966e+00  -8.65711070e+00 
  4.60678181e+00   4.09256363e+00  -7.16145944e+00 
  5.05819541e-01   9.08860753e+00  -6.70887630e+00 
 -4.60918867e+00   1.18316953e+01  -6.27143322e+00 
 -3.02162867e+00   1.02685946e+01  -5.99206518e-01 
 -4.28377805e+00   7.80849718e+00  -3.19212486e+00 
 -1.58416744e+00   5.57576388e+00  -4.64653625e+00 
 -1.47761167e+00   2.93802644e+00  -7.35213188e+00 
 -1.86675515e+00  -4.40264436e-01  -5.69564826e+00 
  1.73187653e-01  -6.56641132e+00  -3.82044528e+00 
  3.43923405e+00  -7.23078944e+00  -2.13136721e+00 
  6.43654926e+00  -5.48594422e+00  -6.35223984e-01 
  1.00776091e+01  -6.62224008e+00  -6.95336276e-01 
  1.01049773e+01  -7.40138272e+00   3.03456498e+00 
  7.40025269e+00  -9.97002133e+00   2.59021581e+00 
  1.21760028e+01  -3.21726485e+00   2.23016461e+00 
  8.71852915e+00  -2.28653661e+00   3.48557445e+00 
  8.38847785e+00   5.77472980e-01   1.01658490e+00 
  9.75112095e+00  -1.24587850e+00  -2.03297130e+00 
  6.81251838e+00  -2.79109785e+00  -3.86415271e+00 
  6.78798514e+00  -5.59319545e+00  -6.41098773e+00 
  4.33646032e+00  -6.98816883e+00  -8.94257349e+00 
  8.81221781e+00  -4.80022027e+00  -1.16085948e+01 
  9.80328206e+00  -3.15759342e+00  -8.32791104e+00 
  8.82443796e+00   3.69489610e-01  -7.29444993e+00 
  9.73991086e+00   3.02994009e+00  -4.73653922e+00 
  6.84232928e+00   3.96910895e+00  -2.34281419e+00 
  6.53961896e+00   7.01443589e+00  -5.30697606e-02 
  8.88944693e+00   9.19197716e+00  -2.16038997e+00 
  6.94264828e+00   1.27764721e+01   1.55258226e+00 

   7.635587693931e-01 

  1.77857022e+00  -4.76976439e+00   7.21408642e-01 
  1.04674726e+00   1.84958802e+00   7.56665140e-01 
 -5.82917540e-01  -1.10828754e+00  -1.63327018e+00 
 -3.97042058e+00  -3.92299620e+00  -3.10065948e+00 
  2.96277607e+00  -2.75924138e+00   2.42137366e+00 
  1.82531115e+00  -8.82322324e-01   1.19579101e+00 
  9.26329226e-01  -5.19387606e-01   1.87592182e-01 
  5.11498125e-01  -1.41146794e+00  -8.02078797e-01 
  1.17615661e+00  -2.62577361e+00  -7.49568207e-01 
  1.91084723e+00  -3.02231444e+00   3.41640342e-01 
  2.39764089e+00  -2.13439458e+00   1.25580345e+00 
  3.78349070e-01   8.13066825e-01   8.94382618e-02 
 -9.56982460e-01  -1.57692332e+00  -2.91521289e+00 
 -1.88778582e+00  -2.69341784e+00  -3.05212591e+00 
 -3.26508857e+00  -2.74041521e+00  -3.20415263e+00 
 -3.31446026e+00  -5.02601560e+00  -2.75379616e+00 
 -1.94942851e+00  -5.08531558e+00  -2.75864027e+00 
 -1.32057283e+00  -3.94952710e+00  -3.31535876e+00 
 -5.61389887e-01   1.09887960e+00  -6.75349803e-01 
  3.62525982e+00  -2.10687611e+00   3.40396036e+00 
  3.13194025e+00  -4.00941446e+00   2.51642275e+00 
 -9.80269701e+00  -3.11631782e+00   7.72765689e+00 
 -8.86679443e+00  -6.57274006e+00   3.10513684e+00 
 -5.39057955e+00  -8.10654762e+00   3.26426680e+00 
 -2.97135692e+00  -6.43700042e+00   8.56976082e-01 
 -1.74175478e-01  -8.86974603e+00   1.58563214e+00 
  2.55309175e+00  -9.90962264e+00   4.02250326e+00 
  7.79320538e+00  -7.47971233e+00   8.36335643e+00 
  4.13309927e+00  -7.98779084e+00   9.20054039e+00 
  7.07421436e-01  -8.17812889e+00   7.58736154e+00 
 -6.33725296e-01  -5.25399486e+00   5.54465353e+00 
 -4.28993433e+00  -4.30594326e+00   5.13811887e+00 
 -6.20037182e+00  -1.82833523e+00   3.03687537e+00 
 -8.09352923e+00   1.78344954e-01   5.64059554e+00 
 -9.13482649e+00   8.27147153e+00   4.17590392e+00 
 -8.17446671e+00   4.95401870e+00   2.57078018e+00 
 -4.74321586e+00   3.76646293e+00   3.65102345e+00 
 -2.40617333e+00   7.65372581e-01   3.77051691e+00 
 -2.09327365e+00  -4.00535877e-01   7.37365731e+00 
  9.44569314e-01  -2.41348918e+00   8.34075360e+00 
  8.48545810e+00   7.49414023e+00  -1.82751486e+00 
  5.25518069e+00   6.06062681e+00  -3.88434432e-01 
  4.32466166e+00   7.29422186e+00   5.90406548e+00 
  1.37697762e+00   7.99207047e+00   1.08743132e+01 
  2.41531584e+00   2.01159062e+00   1.03325563e+01 
 -1.35507100e-01   3.90719529e+00   8.26656710e+00 
  9.18111339e-01   4.49514773e+00   4.67038746e+00 
 -5.60251309e-01   6.35334759e+00   1.72916359e+00 
 -2.47539373e+00   3.86066122e+00  -3.74871581e-01 
 -3.69098506e+00   2.28989429e-01  -5.90123803e+00 
 -1.09051237e+00  -1.80350281e+00  -7.65279711e+00 
  2.49054713e+00  -2.96732312e+00  -7.35553800e+00 
  5.02556856e+00  -3.47968990e+00  -1.01596858e+01 
  4.96427663e+00  -7.27206399e+00  -9.79346505e+00 
  1.30230676e+00  -7.36440846e+00  -1.06255317e+01 
  8.80167551e+00  -5.49227333e+00  -7.66044749e+00 
  6.41921676e+00  -6.19536246e+00  -4.79234900e+00 
  7.38846495e+00  -3.01507235e+00  -2.96103611e+00 
  7.37194485e+00  -6.90900500e-01  -5.97419926e+00 
  3.91480571e+00   8.45033923e-01  -6.22994850e+00 
  2.25374106e+00   2.51492649e+00  -9.19491808e+00 
 -7.68279664e-01   4.72941605e+00  -9.76787345e+00 
  3.95656588e+00   7.57355238e+00  -1.09982868e+01 
  5.91643244e+00   4.81218217e+00  -9.27286653e+00 
  6.96065540e+00   4.86371672e+00  -5.61589580e+00 
  9.31363785e+00   3.08137189e+00  -3.21887367e+00 
  7.51028029e+00   1.24999954e+00  -3.20268232e-01 
  8.99340475e+00  -8.32838194e-02   2.94029561e+00 
  1.19387479e+01   2.37214477e+00   2.94037375e+00 
  1.24072871e+01  -6.08608083e-02   7.86843085e+00 

   7.635587693928e-01 

  4.29554528e-01  -3.55851881e+00   2.09727560e+00 
 -1.24903866e+00   1.91902458e+00  -1.29852733e+00 
 -6.51106328e-02   1.34108605e+00   2.62332522e+00 
 -7.42198814e-01   1.01533968e+00   7.20442050e+00 
 -3.79519435e-01  -3.23003494e+00  -6.54437510e-01 
 -5.71211423e-01  -7.34189761e-01  -4.24839011e-01 
 -4.96111115e-01   3.70696690e-01   4.29526748e-01 
  1.07556936e-01   3.05650021e-01   1.68598790e+00 
  7.23693485e-01  -9.11198227e-01   1.92831541e+00 
  4.85292976e-01  -2.02811662e+00   1.16450292e+00 
 -1.49996789e-02  -1.95301364e+00  -1.02434628e-01 
 -1.02260946e+00   1.66406784e+00   6.16384326e-02 
  7.03685203e-01   1.74488318e+00   3.74083228e+00 
  3.84238851e-01   1.24929114e+00   5.07651287e+00 
 -4.08588183e-01   1.76200513e+00   6.09181252e+00 
 -3.65862033e-01  -2.58807391e-01   7.25100141e+00 
  5.51863727e-01  -7.72400054e-01   6.37873216e+00 
  1.17321763e+00   1.92047273e-01   5.55461377e+00 
 -1.13817261e+00   2.59910586e+00   8.75301817e-01 
 -7.71754180e-01  -3.43641729e+00  -1.93252201e+00 
 -1.16081535e-01  -4.32648655e+00  -8.08715253e-02 
 -1.26329097e+01  -1.80246136e+00   5.59519523e+00 
 -8.03628029e+00  -2.53099732e+00   9.13506718e+00 
 -5.57999222e+00  -5.02084491e+00   7.64199459e+00 
 -2.51962660e+00  -3.31548230e+00   6.17196900e+00 
 -7.69048962e-01  -6.57136113e+00   5.39213194e+00 
 -5.54830418e-01  -9.56127611e+00   3.05286079e+00 
 -6.76228070e-01  -1.16261219e+01  -3.87013971e+00 
 -3.61952735e+00  -1.11931308e+01  -1.52388619e+00 
 -4.67893728e+00  -9.35320766e+00   1.61716089e+00 
 -4.59515665e+00  -5.54567385e+00   1.74966595e+00 
 -6.88701548e+00  -3.33324006e+00   3.81955883e+00 
 -7.05868509e+00   3.45698739e-01   4.61923130e+00 
 -1.05627415e+01   1.27281128e+00   3.50020494e+00 
 -1.16138489e+01   8.78067933e+00   1.45296619e-01 
 -9.22333702e+00   6.63208984e+00   2.18814325e+00 
 -7.52884671e+00   3.96745549e+00   9.55078467e-02 
 -5.53889180e+00   7.26663276e-01   2.36699311e-01 
 -7.75035339e+00  -2.12163449e+00  -9.61844375e-01 
 -6.08821541e+00  -5.24790175e+00  -2.25779825e+00 
  4.56171865e+00   5.13777734e+00  -8.35176098e+00 
  1.62793948e+00   4.38638922e+00  -6.03034740e+00 
 -3.78912947e+00   2.50994277e+00  -9.04986562e+00 
 -9.48402401e+00   1.56906664e+00  -9.79961490e+00 
 -7.34635005e+00  -3.25224839e+00  -6.74624670e+00 
 -7.86493877e+00   1.67899803e-01  -5.19641501e+00 
 -4.65181593e+00   2.08526131e+00  -4.57361939e+00 
 -3.81627698e+00   5.54865448e+00  -3.31027338e+00 
 -3.11170477e+00   5.29315006e+00   3.97355963e-01 
  7.49778909e-01   5.62091729e+00   5.89180233e+00 
  4.10598706e+00   4.00054159e+00   6.15955507e+00 
  6.46577159e+00   1.69810914e+00   4.31644638e+00 
  1.02769983e+01   1.83531191e+00   4.22799086e+00 
  1.06390802e+01  -1.33263932e+00   6.31436508e+00 
  8.83699574e+00   2.72177548e-01   9.19324337e+00 
  1.13118790e+01  -2.31704164e+00   1.72946130e+00 
  7.76962211e+00  -3.50180477e+00   2.39668333e+00 
  6.51608438e+00  -2.23900826e+00  -9.56133742e-01 
  8.28959602e+00   1.12748382e+00  -9.05267090e-01 
  5.91593632e+00   3.66118871e+00   6.18672701e-01 
  6.68105035e+00   7.05016116e+00   2.12472308e+00 
  4.70673353e+00   1.01318744e+01   3.10959243e+00 
  8.22902295e+00   1.13819526e+01  -1.12809274e+00 
  8.75724351e+00   7.65076848e+00  -1.62060209e+00 
  6.77585703e+00   5.48848085e+00  -4.04240146e+00 
  6.90235769e+00   2.05909257e+00  -5.68017073e+00 
  3.92043609e+00  -2.33875291e-01  -4.75368347e+00 
  2.76279745e+00  -3.44411616e+00  -6.47496368e+00 
  4.27931265e+00  -2.51105648e+00  -9.87110226e+00 
  1.42952405e+00  -7.08481565e+00  -1.10476327e+01 

   7.635587693928e-01 

 -3.35142725e+00  -1.93131321e+00   1.63059897e+00 
  2.48469235e+00   1.56568601e-01  -8.05194922e-01 
 -1.26747065e+00   1.89744206e+00  -7.19998314e-01 
 -4.47134022e+00   4.88481941e+00   8.16813106e-01 
 -7.64505890e-01  -3.21241307e+00   1.59821985e+00 
  2.95602598e-01  -1.30794630e+00   3.46069407e-01 
  1.28508882e-01  -3.22452633e-02  -2.02584889e-01 
 -1.13006806e+00   5.28609009e-01  -4.23418269e-01 
 -2.16798978e+00  -3.52130015e-01  -1.66350603e-01 
 -1.99253106e+00  -1.52034945e+00   5.35239462e-01 
 -7.72817214e-01  -2.11720112e+00   6.66121722e-01 
  1.24978748e+00   7.87593595e-01  -5.97489700e-01 
 -2.29172781e+00   2.62786864e+00  -1.36830030e+00 
 -3.34763338e+00   3.27031554e+00  -5.91109531e-01 
 -3.47338061e+00   4.55203865e+00  -7.76338883e-02 
 -5.27167761e+00   3.92184246e+00   1.26333900e+00 
 -5.31405378e+00   2.68881321e+00   6.76231897e-01 
 -4.57308096e+00   2.59032509e+00  -5.22379723e-01 
  1.12999043e+00   1.98837289e+00  -9.03229428e-01 
  2.81926367e-01  -4.04459235e+00   1.80412991e+00 
 -1.81820206e+00  -3.67395622e+00   2.12479928e+00 
  1.32656915e+00   6.07573831e+00   1.16281300e+01 
 -3.90131199e+00   6.27827566e+00   9.01686645e+00 
 -5.14487659e+00   2.76944577e+00   8.23993803e+00 
 -4.79661727e+00   1.90375258e+00   4.55695482e+00 
 -6.56706205e+00  -1.41488951e+00   4.91129201e+00 
 -6.30141475e+00  -5.03013959e+00   6.05892831e+00 
 -2.05587755e+00  -1.08762382e+01   6.12825249e+00 
 -2.13816371e+00  -8.03600814e+00   8.63458838e+00 
 -3.10178844e+00  -4.38434680e+00   8.96721428e+00 
 -1.50965483e+00  -1.75129389e+00   6.71909653e+00 
 -9.00659461e-01   1.88676962e+00   7.62769723e+00 
  2.65637442e-01   4.95460516e+00   5.77521947e+00 
  3.25083482e+00   6.07639989e+00   7.82956664e+00 
  9.66936376e+00   9.34602886e+00   3.72586927e+00 
  5.99622613e+00   8.38491872e+00   3.42832314e+00 
  5.49421750e+00   4.63419216e+00   3.25301133e+00 
  2.93033192e+00   1.83989565e+00   3.57079659e+00 
  3.61720038e+00  -9.46376901e-02   6.76855548e+00 
  2.33153892e+00  -3.62960590e+00   7.02705201e+00 
  6.29205351e+00  -4.26515098e+00  -8.53990705e+00 
  5.68477239e+00  -2.24573175e+00  -5.35969307e+00 
  9.74898859e+00  -3.58753234e+00  -4.95035282e-01 
  1.26961660e+01  -2.72703829e+00   4.44995115e+00 
  7.18464486e+00  -4.75294829e+00   6.07986184e+00 
  7.84975420e+00  -1.25272499e+00   4.78587862e+00 
  6.66964207e+00  -6.70473952e-01   1.22826327e+00 
  6.89591592e+00   2.20151673e+00  -1.21912929e+00 
  3.68634881e+00   4.18853881e+00  -9.76968004e-01 
 -2.14388221e+00   6.62986387e+00  -3.26951387e+00 
 -4.74103945e+00   4.53822645e+00  -4.95512038e+00 
 -5.59247387e+00   9.62734256e-01  -5.82560463e+00 
 -7.35192059e+00  -3.29251302e-01  -8.95405775e+00 
 -1.05164129e+01  -1.24535428e+00  -7.03918983e+00 
 -1.10251308e+01   2.33581856e+00  -6.02563520e+00 
 -7.90346892e+00  -5.12018741e+00  -7.81458696e+00 
 -7.18207109e+00  -4.25521690e+00  -4.19135026e+00 
 -3.50516763e+00  -5.13929536e+00  -4.51720363e+00 
 -2.88995090e+00  -3.44615131e+00  -7.86921369e+00 
 -1.69020571e+00   8.35992755e-02  -7.17799337e+00 
 -1.64255890e+00   3.08721680e+00  -9.48336386e+00 
  7.70084078e-03   6.49895511e+00  -9.52255067e+00 
  1.96881999e+00   3.36881632e+00  -1.37984642e+01 
  3.74829067e-01   3.40715247e-01  -1.21452509e+01 
  2.16524491e+00  -2.00336076e+00  -9.74395729e+00 
  1.75518863e+00  -5.43032238e+00  -8.14809312e+00 
  1.50317212e+00  -5.34215642e+00  -4.28329673e+00 
  1.89051005e+00  -8.22775402e+00  -1.80703441e+00 
  4.07777954e+00  -1.03278437e+01  -4.15429907e+00 
  4.27969656e+00  -1.31932591e+01   5.54566599e-01 

   7.635587693928e-01 

