  4.74550643e+00  -2.25246835e+00   2.89264901e-01 
 -2.30841093e-01  -1.03725973e+00  -1.13400809e+00 
  1.89691041e+00  -1.63330746e-01   1.79243338e+00 
  3.19396025e+00  -6.40947633e-01   1.58804465e+00 
  2.47459798e+00  -1.20753026e+00  -5.54571258e-01 
  1.09045668e+00  -1.07200395e+00   1.11041697e+00 
 -1.30616982e-01  -1.38744112e+00   1.74916216e+00 
 -8.85668889e-01  -2.83834746e-01   1.79705390e+00 
 -2.51561418e-01  -2.46319406e+00   2.63499267e+00 
  3.45398640e+00  -1.19730556e+00   3.80977399e-01 
  1.19337739e+00  -7.51381501e-01  -2.13284809e-01 
 -2.12018975e+00  -5.44649379e-01   2.41735494e+00 
 -1.15707281e+00  -2.17255345e+00   3.64903176e+00 
 -3.01752819e+00   5.35870798e-01   2.00918250e+00 
 -9.31558924e-01   8.45972487e-01   8.65745477e-01 
 -9.48985272e-01  -2.59117358e+00   5.03462352e+00 
 -5.40227784e+00   2.51421249e+00  -1.45949250e-01 
  1.04230103e+00  -3.16844453e+00   2.91726884e+00 
 -2.50788168e+00   2.70492514e+00   1.02250345e+00 
 -3.19336168e+00   2.76390737e+00  -2.86430077e-01 
 -2.23469628e+00  -1.37347709e+00   3.45254267e+00 
 -2.24523465e+00   1.23352608e+00   1.05811858e+00 
  1.13011658e+00  -4.25814885e+00   1.97872552e+00 
 -4.20204625e+00   2.39508659e-01   1.77817823e+00 
 -4.19518304e+00   1.81512263e+00  -3.22609498e-01 
 -5.65475495e+00  -9.84188815e+00  -5.59846400e+00 
 -6.63324188e+00  -7.30620683e+00  -2.96136244e+00 
  2.43544517e+00  -1.25597093e+01   3.67093298e-02 
  5.10624104e-01  -1.40432021e+01   2.92674536e+00 
 -2.66713612e+00  -1.25229849e+01   1.44191754e+00 
 -1.29343096e+00  -9.03032290e+00   1.27045632e+00 
  1.01362704e+00  -8.87762018e+00   4.15882315e+00 
  1.27800941e-01  -1.13163640e+01   6.91814764e+00 
 -3.52320284e+00  -1.24827136e+01   7.05662403e+00 
 -4.93493358e+00  -9.60934316e+00   4.94056494e+00 
  6.34241917e+00  -1.31783279e+01  -5.20133158e+00 
  1.54461440e+00  -4.56367587e+00   1.13105550e+01 
  1.77723650e+00  -8.02736583e+00   1.29367751e+01 
  1.01838942e+00   8.41297703e+00   2.76348257e+00 
  3.47961495e+00   8.47549474e+00   5.68541312e+00 
  3.89327834e+00   4.66264586e+00   5.87920587e+00 
  4.77316373e+00   2.89684997e+00   9.13952743e+00 
  1.71439513e+00   3.01743120e+00   1.13697222e+01 
  3.28647959e-02   5.42019620e+00   9.00683375e+00 
 -2.42590717e+00   8.06612912e+00   1.00738370e+01 
 -3.63621149e+00   1.07876206e+01   7.69852800e+00 
  3.14530809e+00   7.48873109e+00   1.22669455e+01 
  6.26375638e+00   4.62185390e+00   1.52681534e+01 
  1.26227916e+01   3.87945557e+00   5.54809076e+00 
  9.50513136e-01   1.01815432e+01  -3.01079913e+00 
 -2.39582763e-01   6.74758657e+00  -3.99630960e+00 
  1.79047033e+00   3.62497865e+00  -2.88362970e+00 
  4.10776391e+00   4.30796602e+00   1.04874377e-02 
  2.79429735e+00   7.86526378e+00  -3.94381596e-01 
  3.98914813e+00   7.70106964e+00  -3.98766045e+00 
  7.42766829e+00   6.74389356e+00  -2.75078820e+00 
  3.42189593e+00   9.81493173e+00  -7.66707287e+00 
  8.90625666e-01   7.01978252e+00  -8.27180094e+00 
  2.15518096e+00   3.39916924e+00  -8.15764842e+00 
  5.16226309e+00   4.30673459e+00  -6.03730078e+00 
  7.76366304e+00   2.08567859e+00  -4.56662806e+00 
  1.11259952e+01   3.29060484e+00  -5.99240031e+00 
  1.36464046e+01   9.88487573e-01  -4.28179572e+00 
  1.30381970e+01  -1.44588349e+00  -1.43811933e+00 
  9.02122802e+00  -4.83225014e+00  -2.83730085e+00 
  7.91899240e+00  -8.01959551e+00  -1.03113459e+00 
  6.42924211e+00  -5.94874709e+00   4.52819611e+00 
  2.15248793e-01  -4.00840843e+00  -1.08693758e+01 
  9.00532181e-01  -7.32803264e+00  -9.03508066e+00 
  1.68868851e+00  -5.36200859e+00  -5.76884288e+00 
  4.08342728e+00  -2.49424876e+00  -6.54408584e+00 
 -3.48573684e+00  -3.00469276e+00  -1.08746674e+01 
 -2.40197206e+00  -1.21487399e+00  -7.63139375e+00 
 -5.95636307e+00   2.22558767e-02  -7.15493226e+00 
 -6.42250612e+00   1.61848102e+00  -1.05931640e+01 

   4.642067505662e+00 

 -2.05548405e+00   2.53047693e+00   1.92964800e+00 
 -1.74000770e+00  -1.41026797e+00  -1.62526322e+00 
  1.89206999e-01  -5.44950632e-01   1.43814038e+00 
 -2.30819884e-01   6.96993595e-01   1.92123997e+00 
 -1.51174208e+00   8.38134630e-01  -2.00520619e-02 
 -9.48606203e-01  -1.07514173e+00   8.33573861e-01 
 -1.13054203e+00  -2.46553664e+00   1.01300039e+00 
 -1.30241841e-01  -3.11011511e+00   4.01229393e-01 
 -1.86786270e+00  -2.98852718e+00   2.08044855e+00 
 -1.12662634e+00   1.37306588e+00   1.16320653e+00 
 -1.06652759e+00  -4.44044597e-01  -3.71995599e-01 
 -2.67631604e-01  -4.50231652e+00   5.41691448e-01 
 -1.33317927e+00  -4.19844537e+00   2.50815831e+00 
  5.52783537e-01  -5.10091554e+00  -5.10896454e-01 
  6.30991035e-01  -2.71929514e+00  -7.87746930e-01 
 -1.26444439e+00  -4.57405798e+00   3.91974990e+00 
  1.54445071e+00  -6.32851733e+00  -3.93942995e+00 
 -2.34540403e+00  -1.95351022e+00   3.05607287e+00 
  2.31777553e+00  -4.11446676e+00  -1.87094789e+00 
  1.89901700e+00  -4.22930202e+00  -3.28449979e+00 
 -7.23250070e-01  -5.06256704e+00   1.65982615e+00 
  9.60846556e-01  -3.97733731e+00  -1.25838560e+00 
 -3.67038198e+00  -1.57320843e+00   2.63674515e+00 
  1.10228977e-01  -6.11691433e+00  -1.07319286e+00 
  9.17699666e-01  -5.19362996e+00  -3.39515239e+00 
 -1.18936618e+01  -5.18917221e+00  -4.70699964e+00 
 -8.72172005e+00  -6.96222441e+00  -3.64091200e+00 
 -1.20322160e+01  -1.25001851e-01   4.17713885e+00 
 -1.26403417e+01  -3.11259037e+00   6.40481922e+00 
 -1.19232447e+01  -5.35851055e+00   3.39556439e+00 
 -8.58166427e+00  -3.81550283e+00   2.64185643e+00 
 -7.33159941e+00  -2.81482939e+00   5.97718502e+00 
 -8.80569685e+00  -4.85558476e+00   8.80710802e+00 
 -1.01331585e+01  -8.33486359e+00   7.88960065e+00 
 -8.21217697e+00  -8.62909776e+00   4.58048073e+00 
 -1.40187606e+01   5.47124629e+00   1.38075203e+00 
 -9.09626141e-01  -4.85516522e+00   1.09405358e+01 
 -3.63372492e+00  -5.48894890e+00   1.35622653e+01 
  8.52804466e+00  -1.20509848e+00  -8.63267054e-01 
  9.71539023e+00  -8.14388468e-02   2.59026958e+00 
  6.21214334e+00  -1.09806297e-02   4.16151364e+00 
  5.66642302e+00  -5.84178153e-01   7.88918684e+00 
  6.27356240e+00  -4.25733153e+00   8.58472389e+00 
  7.65067698e+00  -4.73185693e+00   5.11162996e+00 
  1.03085337e+01  -7.24477495e+00   4.21381251e+00 
  1.20174020e+01  -7.26206732e+00   8.08973231e-01 
  1.08882142e+01  -3.01906927e+00   8.45514567e+00 
  9.38677040e+00  -1.50235927e+00   1.31876253e+01 
  6.01659023e+00   8.08886911e+00   7.52028856e+00 
  8.32383017e+00   1.09581783e+00  -6.44348410e+00 
  4.67711850e+00   1.76857137e-01  -6.63486862e+00 
  2.24259826e+00   1.41557839e+00  -3.86927036e+00 
  3.99550815e+00   2.45593489e+00  -6.97965187e-01 
  7.12239325e+00   1.62571475e+00  -2.71708204e+00 
  5.89439588e+00   4.11631431e+00  -5.29685236e+00 
  5.64766910e+00   6.73312126e+00  -2.58375150e+00 
  6.65620265e+00   5.16167988e+00  -9.37792106e+00 
  3.63533289e+00   2.90124993e+00  -9.97008152e+00 
  3.51060975e-01   3.79618237e+00  -8.19987060e+00 
  2.11696267e+00   5.78606377e+00  -5.50097582e+00 
  6.91243465e-01   7.46510805e+00  -2.49907480e+00 
  1.61724820e+00   1.11842748e+01  -2.81578405e+00 
  1.86632903e-01   1.26902607e+01   3.87920768e-01 
 -1.23540052e+00   1.08718540e+01   3.39687397e+00 
 -5.18160498e+00   7.52068810e+00   1.73606034e+00 
 -7.68626356e+00   5.60742730e+00   3.90457471e+00 
 -4.04580225e+00   2.19514764e+00   7.44256042e+00 
 -7.65818889e+00   2.61879956e+00  -8.87414310e+00 
 -1.01453636e+01   2.32839689e+00  -5.94432820e+00 
 -7.17570040e+00   1.89750783e+00  -3.46436920e+00 
 -4.54281505e+00   4.57585580e+00  -4.13832332e+00 
 -6.98879961e+00  -7.17162684e-01  -1.06427776e+01 
 -4.17075981e+00  -8.78341014e-01  -8.01038550e+00 
 -3.11445046e+00  -4.25344077e+00  -9.38301521e+00 
 -2.75541761e+00  -3.24110670e+00  -1.30481203e+01 

   4.642067520644e+00 

 -2.07396886e+00  -2.00378013e+00  -3.18873296e+00 
 -2.47830300e+00  -8.86360080e-01   1.99337053e+00 
 -1.51615443e-01   1.99906681e-01  -7.01395123e-01 
 -5.94551212e-01  -2.95076208e-01  -1.93064217e+00 
 -2.48403438e+00  -1.01943509e+00  -7.75454511e-01 
 -5.74772585e-01  -7.55444932e-01   2.20257692e-01 
  3.33468371e-01  -1.01875934e+00   1.27109475e+00 
  4.60949913e-01   8.72685594e-02   2.01325095e+00 
  1.30176413e+00  -2.02446760e+00   1.18406760e+00 
 -1.78469712e+00  -9.41367534e-01  -1.93278578e+00 
 -1.90960806e+00  -5.35632962e-01   4.08615558e-01 
  1.35006172e+00  -1.22944821e-01   3.08196195e+00 
  2.46259054e+00  -1.65597082e+00   1.85444165e+00 
  1.06578051e+00   9.26057498e-01   4.06080394e+00 
 -5.19695014e-01   1.14386264e+00   2.27370728e+00 
  3.79800653e+00  -1.96961986e+00   1.34775901e+00 
 -6.65735258e-01   2.74273288e+00   6.87981174e+00 
  1.35030621e+00  -2.70971782e+00  -1.49806036e-01 
 -1.65398927e-01   3.01334711e+00   3.80488080e+00 
 -1.29673667e+00   2.97537446e+00   4.75635096e+00 
  2.44410276e+00  -8.71214112e-01   2.95995999e+00 
 -7.82717782e-02   1.54812066e+00   3.52057299e+00 
  4.98427807e-01  -3.86734798e+00  -4.89210379e-02 
  1.11779007e+00   6.16133617e-01   5.26310743e+00 
 -1.04595652e+00   2.02917174e+00   5.72947049e+00 
 -5.00546330e+00  -9.98826675e+00   8.12859167e+00 
 -2.41477985e+00  -7.25873773e+00   8.55222918e+00 
 -1.05893006e+00  -1.22947867e+01  -1.02007237e+00 
  2.27952287e+00  -1.35515505e+01   2.18196253e-01 
  1.40529591e+00  -1.21393097e+01   3.66135109e+00 
  6.83848387e-01  -8.67299414e+00   2.40463663e+00 
  2.98828862e+00  -8.30915670e+00  -4.66891165e-01 
  6.04651217e+00  -1.05309542e+01  -2.28257995e-01 
  7.05385470e+00  -1.16742313e+01   3.29133744e+00 
  5.08450256e+00  -8.96473290e+00   5.16409679e+00 
 -6.95476926e+00  -1.33160160e+01  -3.71827384e+00 
  9.51827744e+00  -3.47037427e+00  -2.46307307e+00 
  1.13082645e+01  -6.80237578e+00  -3.08721520e+00 
  3.47795258e-01   8.82723289e+00   6.55382345e-02 
  2.65840816e+00   9.10326822e+00  -2.96499856e+00 
  3.04047324e+00   5.31479143e+00  -3.46291796e+00 
  6.15650210e+00   3.79722901e+00  -5.04699902e+00 
  8.97777481e+00   4.09320903e+00  -2.53757064e+00 
  6.86102521e+00   6.31554558e+00  -3.54767822e-01 
  8.23341014e+00   9.04058258e+00   1.85334817e+00 
  5.97949788e+00   1.15786067e+01   3.58302371e+00 
  9.21212959e+00   8.61569443e+00  -4.06637231e+00 
  1.16754145e+01   5.97495105e+00  -7.79593955e+00 
  8.96491293e-01   4.48656964e+00  -1.19272385e+01 
 -5.39119272e+00   1.01561945e+01   1.39692373e+00 
 -5.84021119e+00   6.66083774e+00   2.72376595e+00 
 -4.96255135e+00   3.62569109e+00   4.59382975e-01 
 -2.69399527e+00   4.51870770e+00  -2.41610436e+00 
 -3.06892460e+00   8.03877411e+00  -9.97633613e-01 
 -6.81291992e+00   7.60144811e+00  -1.39454375e+00 
 -6.27799042e+00   6.73132021e+00  -5.03133089e+00 
 -1.04301230e+01   9.43372534e+00  -2.09279800e-02 
 -1.02668977e+01   6.60746685e+00   2.54256789e+00 
 -1.01598302e+01   3.00249962e+00   1.23346664e+00 
 -8.80987029e+00   4.05943784e+00  -2.14626239e+00 
 -7.77342174e+00   1.94876900e+00  -5.03314564e+00 
 -9.97495165e+00   3.03432271e+00  -7.99369150e+00 
 -8.68143003e+00   8.61089725e-01  -1.08541510e+01 
 -5.60116650e+00  -1.35069890e+00  -1.09046917e+01 
 -5.84785023e+00  -4.82251685e+00  -6.72774697e+00 
 -3.61570079e+00  -7.86199639e+00  -6.08322748e+00 
  1.96495432e+00  -5.37464019e+00  -5.79465038e+00 
 -1.18339218e+01  -4.58322849e+00   3.60898409e+00 
 -9.94945859e+00  -7.75707171e+00   2.50005868e+00 
 -7.08434227e+00  -5.55272592e+00   1.05549055e+00 
 -8.56726987e+00  -2.75761742e+00  -1.07713936e+00 
 -1.11165571e+01  -3.57330243e+00   7.23805831e+00 
 -8.32439936e+00  -1.54714955e+00   5.50732667e+00 
 -7.18679375e+00  -2.68575348e-01   8.89292624e+00 
 -1.05525851e+01   1.06544238e+00   1.01088761e+01 

   4.642067524258e+00 

 -3.76367908e+00   1.00581252e+00   1.99477189e+00 
  1.68666745e-01   1.09885349e+00  -1.58214623e+00 
 -2.11985615e-01  -4.36723993e-01   1.78718154e+00 
 -1.41728079e+00  -2.05321196e-02   2.35838744e+00 
 -1.61051253e+00   1.40066686e+00   5.22049453e-01 
 -4.70560634e-01  -4.42173322e-01   4.18129423e-01 
  1.18644795e-01  -1.50827545e+00  -2.99347641e-01 
  1.44918429e+00  -1.38011133e+00  -2.39596978e-01 
 -5.46829298e-01  -2.71995855e+00  -5.12771493e-01 
 -2.12806503e+00   9.05305442e-01   1.67154195e+00 
 -4.18315859e-01   8.62420839e-01   1.70528073e-02 
  2.08713153e+00  -2.41406060e+00  -9.47289236e-01 
  3.47165181e-01  -3.78462165e+00  -5.12743121e-01 
  3.44481277e+00  -1.94345358e+00  -1.22039536e+00 
  2.25694828e+00  -1.62279765e-01  -1.38130098e-01 
  2.95771488e-02  -5.07975212e+00   8.73968578e-02 
  6.25998970e+00  -9.54047706e-02  -2.92471923e+00 
 -1.87767608e+00  -2.81332737e+00   1.73690737e-01 
  4.69748694e+00  -1.10406080e-01  -2.15992896e-01 
  5.04646625e+00   8.30165680e-01  -1.30236393e+00 
  1.62245319e+00  -3.66132017e+00  -9.56418318e-01 
  3.40215682e+00  -6.06985308e-01  -7.73499890e-01 
 -2.86447720e+00  -2.37578432e+00  -7.80670598e-01 
  3.94028506e+00  -2.23393406e+00  -2.32240135e+00 
  4.94349597e+00   1.84983015e-01  -2.51821560e+00 
 -3.63303755e+00  -5.11507190e-02  -1.21223530e+01 
 -8.04614169e-01  -1.71223608e+00  -1.02296685e+01 
 -1.02716995e+01  -3.36968537e+00  -5.08611485e+00 
 -9.91781384e+00  -7.05731141e+00  -5.81699227e+00 
 -6.89003365e+00  -6.21853543e+00  -7.99483836e+00 
 -5.08236417e+00  -4.32232930e+00  -5.30191979e+00 
 -6.13518853e+00  -6.03676368e+00  -2.19696042e+00 
 -7.18463712e+00  -9.63379021e+00  -2.75023207e+00 
 -5.76865940e+00  -1.13636889e+01  -5.86661349e+00 
 -2.87349169e+00  -8.90231525e+00  -6.40193694e+00 
 -1.37241683e+01   2.21214173e+00  -5.17480134e+00 
 -2.44535860e+00  -1.04759451e+01   3.86258619e+00 
 -5.10023547e+00  -1.31107569e+01   3.02280872e+00 
  7.04270104e+00   1.64180768e+00   6.06709567e+00 
  5.82653774e+00  -8.60044800e-02   9.25063079e+00 
  2.64809644e+00  -1.54685237e+00   7.66637711e+00 
  1.05343527e+00  -4.76072250e+00   8.95091076e+00 
  3.29267657e+00  -7.63912884e+00   7.92866026e+00 
  5.97117216e+00  -5.22562556e+00   6.84022136e+00 
  9.66329466e+00  -5.95521000e+00   6.98505778e+00 
  1.22891214e+01  -3.26030455e+00   6.38839296e+00 
  5.92293119e+00  -6.28853257e+00   1.16840114e+01 
  2.04407651e+00  -8.96905317e+00   1.38566344e+01 
 -3.48870321e+00   1.25417860e+00   1.32718421e+01 
  7.88112743e+00   7.30494502e+00   4.14342249e+00 
  5.88944410e+00   6.49631501e+00   1.05166251e+00 
  2.31420352e+00   5.01350201e+00   1.41049839e+00 
  1.66392761e+00   3.49556734e+00   4.79948825e+00 
  5.19186346e+00   4.75534648e+00   5.51371700e+00 
  3.95988073e+00   8.20432419e+00   4.53747175e+00 
  1.17713261e+00   7.87555222e+00   7.07079548e+00 
  5.58449829e+00   1.20134046e+01   3.45130795e+00 
  4.96738130e+00   1.06811856e+01  -7.43497900e-02 
  1.39297299e+00   9.63495854e+00  -9.96320641e-01 
  4.05085115e-01   9.09588619e+00   2.62245782e+00 
 -2.80067492e+00   7.82222468e+00   4.02394391e+00 
 -4.13133027e+00   1.05937650e+01   6.33432291e+00 
 -7.32494287e+00   9.05502208e+00   7.75258547e+00 
 -8.53769132e+00   5.47546805e+00   7.43855313e+00 
 -8.75189408e+00   4.13596984e+00   2.17346769e+00 
 -1.03350865e+01   1.01886512e+00   6.19925431e-01 
 -7.25577369e+00  -3.52276054e+00   3.32278256e+00 
 -3.35615344e+00   8.60192122e+00  -7.50535229e+00 
 -6.16491695e+00   5.98541587e+00  -7.85021478e+00 
 -4.82681291e+00   4.13182132e+00  -4.69927198e+00 
 -4.20313299e+00   6.64793284e+00  -1.89926702e+00 
 -2.51342851e-01   7.79219295e+00  -9.60515784e+00 
  7.62504737e-01   5.98773212e+00  -6.34741325e+00 
  4.00200054e+00   4.89321948e+00  -7.99024891e+00 
  5.18786498e+00   8.33148179e+00  -9.15590933e+00 

   4.642067493737e+00 

 -8.08186032e-01  -1.93612552e+00  -3.07158666e+00 
  1.24856073e-01  -4.32711562e-01   1.94197715e+00 
  1.47842446e+00   6.28463276e-01  -1.35905350e+00 
  9.82772510e-01  -2.10494413e-01  -2.36040738e+00 
  6.97502721e-02  -1.47214052e+00  -6.27216867e-01 
  4.65264283e-01   6.49096358e-01  -4.02860932e-01 
  2.49806454e-01   1.90182807e+00   2.15800172e-01 
  1.34127366e+00   2.22468138e+00   9.19227964e-01 
 -6.68009306e-01   2.83137102e+00  -2.84351210e-01 
  2.38975231e-01  -1.26731144e+00  -1.95536504e+00 
  5.66624219e-01  -5.27970426e-01   2.82573530e-01 
  1.17660794e+00   3.46289169e+00   1.56463777e+00 
 -2.22210408e-01   4.13155577e+00  -7.57697403e-02 
  2.17002359e+00   3.49835761e+00   2.63759280e+00 
  2.30393118e+00   1.34565975e+00   1.58742529e+00 
 -4.07988701e-01   5.19554151e+00  -1.06157923e+00 
  3.75438877e+00   2.83825297e+00   5.99903117e+00 
 -1.30893983e+00   2.41986855e+00  -1.57701775e+00 
  4.15271437e+00   2.12388718e+00   2.98078491e+00 
  3.99291430e+00   1.43967485e+00   4.28193208e+00 
  5.26753184e-01   4.47807314e+00   1.00003668e+00 
  2.70861422e+00   2.19596633e+00   2.60043313e+00 
 -2.53637731e+00   1.74862987e+00  -1.23225795e+00 
  1.83183224e+00   4.02024886e+00   3.71348841e+00 
  3.04409092e+00   2.10169110e+00   5.03467731e+00 
 -9.32654400e+00   1.57155190e-01   8.04082306e+00 
 -6.40177234e+00   2.52630897e+00   7.62333013e+00 
 -1.10343568e+01   5.11940108e-01  -2.03640816e+00 
 -1.20402055e+01   4.14740557e+00  -2.20887144e+00 
 -1.08040233e+01   4.54176580e+00   1.38701084e+00 
 -7.37668769e+00   3.16826090e+00   6.92812611e-01 
 -6.73956888e+00   4.19090701e+00  -2.80529058e+00 
 -8.70206712e+00   7.25589409e+00  -3.85437448e+00 
 -9.85521578e+00   9.58954104e+00  -1.03769366e+00 
 -7.37478787e+00   8.29312604e+00   1.58790906e+00 
 -1.24715283e+01  -5.88274119e+00  -2.39231417e+00 
 -1.31433827e+00   9.14571205e+00  -6.81232149e+00 
 -4.46505807e+00   1.07887585e+01  -8.25080084e+00 
  1.00921494e+01   7.97537594e-01  -3.37547941e-01 
  1.06468095e+01   1.77190472e+00  -3.99026142e+00 
  6.91942610e+00   2.19252391e+00  -4.81255159e+00 
  5.71459557e+00   4.57676460e+00  -7.53021310e+00 
  6.17605489e+00   8.10871210e+00  -6.24301248e+00 
  8.15010343e+00   6.82574509e+00  -3.30343342e+00 
  1.09176480e+01   8.74195006e+00  -1.61408271e+00 
  1.32073617e+01   7.14028521e+00   9.75390221e-01 
  1.07434793e+01   7.44457663e+00  -7.48503128e+00 
  8.42535320e+00   8.49315754e+00  -1.20102898e+01 
  6.15247748e+00  -2.92128034e+00  -1.18969042e+01 
  1.08956197e+01  -4.09245638e+00   3.11455308e+00 
  7.33890590e+00  -3.77193128e+00   4.30899485e+00 
  4.45331910e+00  -3.60968957e+00   1.70958720e+00 
  5.61461881e+00  -2.65733437e+00  -1.74824289e+00 
  9.04933235e+00  -2.70648028e+00  -9.17867451e-02 
  8.30996196e+00  -6.28548948e+00   9.13345969e-01 
  7.59068296e+00  -7.10279565e+00  -2.70385445e+00 
  9.79204526e+00  -9.23325079e+00   3.64141877e+00 
  6.91847286e+00  -7.92626227e+00   5.79088849e+00 
  3.37358828e+00  -8.07766248e+00   4.33079025e+00 
  4.63509983e+00  -8.17497295e+00   7.58509970e-01 
  2.70123867e+00  -8.16283928e+00  -2.42320551e+00 
  3.68069373e+00  -1.13852606e+01  -4.27972422e+00 
  1.70541036e+00  -1.11214611e+01  -7.53656661e+00 
 -2.37147326e-01  -8.14575448e+00  -8.86103831e+00 
 -3.83364945e+00  -6.56611593e+00  -5.10189907e+00 
 -6.69152478e+00  -4.05631541e+00  -5.51393214e+00 
 -3.75266904e+00   1.04061776e+00  -7.18678322e+00 
 -4.38995269e+00  -8.21827675e+00   6.71754472e+00 
 -7.36152985e+00  -6.68123506e+00   4.80405753e+00 
 -4.88417854e+00  -4.72699715e+00   2.52404878e+00 
 -2.16478184e+00  -7.08879122e+00   1.26442356e+00 
 -3.42586357e+00  -6.25633692e+00   9.86811355e+00 
 -1.12407215e+00  -4.46532102e+00   7.34009924e+00 
  1.49824806e-01  -2.22496752e+00   1.01238386e+01 
  1.16119764e+00  -4.96630562e+00   1.25832966e+01 

   4.642067521004e+00 

  3.62169035e+00   1.01914474e+00  -4.24708453e-01 
 -1.43762456e+00  -3.40528263e-01   4.81516258e-01 
  1.80380036e+00  -2.14973374e+00   7.55093730e-01 
  2.83096555e+00  -1.35039760e+00   2.46935819e-01 
  1.14417295e+00   1.11976769e-01  -4.20515535e-01 
  8.81566126e-01  -1.23524895e+00   1.25950578e+00 
  2.55518052e-01  -1.61907349e+00   2.46750626e+00 
 -4.87505401e-01  -2.70769365e+00   2.23692614e+00 
  7.74720209e-01  -1.27075128e+00   3.71879300e+00 
  2.46343762e+00  -1.80363651e-01  -3.27609691e-01 
  2.07231708e-01  -7.41607811e-01   1.79146028e-01 
 -1.14179851e+00  -3.12835139e+00   3.40816342e+00 
  5.36035276e-01  -2.27292609e+00   4.65228965e+00 
 -2.24746820e+00  -3.98136403e+00   2.97319263e+00 
 -1.17674726e+00  -3.11355619e+00   1.00968936e+00 
  1.51471849e+00  -2.64911515e+00   5.67163919e+00 
 -5.65152379e+00  -4.94404494e+00   1.65751416e+00 
  2.09278495e+00  -5.56833590e-01   3.65424088e+00 
 -2.63985451e+00  -5.06032605e+00   8.23803947e-01 
 -3.92672786e+00  -4.54954167e+00   3.04447812e-01 
 -5.68084661e-01  -3.05859022e+00   4.60718302e+00 
 -2.21268512e+00  -3.83787525e+00   1.57108711e+00 
  1.79700184e+00   8.53305419e-01   3.64846714e+00 
 -3.31769282e+00  -3.89432106e+00   3.59875219e+00 
 -4.65542272e+00  -4.00328536e+00   1.34163972e+00 
 -7.22618204e+00   7.90330081e+00   5.52193443e+00 
 -6.93418750e+00   4.19178862e+00   6.21540699e+00 
  2.89721451e+00   8.88547414e+00   6.59207121e+00 
  3.05965480e+00   8.03771288e+00   1.02680756e+01 
 -5.79699879e-01   6.88869929e+00   1.00469681e+01 
  1.67278651e-02   4.50276603e+00   7.20677703e+00 
  3.47933752e+00   3.33500631e+00   7.78560804e+00 
  4.55638872e+00   3.56884019e+00   1.14093422e+01 
  1.75192598e+00   3.57295194e+00   1.40255048e+01 
 -9.38895695e-01   2.09877624e+00   1.17204305e+01 
  3.37670957e+00   1.31733653e+01   1.64554658e+00 
  7.24492839e+00  -3.92822687e+00   9.54783865e+00 
  8.76746837e+00  -1.98785331e+00   1.24825807e+01 
  4.95175473e-01  -9.76916368e+00  -3.18190926e+00 
  4.11562112e+00  -1.08468917e+01  -2.60723377e+00 
  5.05604878e+00  -7.79747693e+00  -4.71067714e-01 
  7.78359732e+00  -7.96481922e+00   2.18493677e+00 
  6.43982776e+00  -1.00028742e+01   5.08063908e+00 
  3.45186771e+00  -1.10271721e+01   3.02956838e+00 
  1.64895553e+00  -1.43119281e+01   3.41024405e+00 
 -9.95805344e-01  -1.54746822e+01   9.26961676e-01 
  7.53746859e+00  -1.37473079e+01   2.32029044e+00 
  1.21243286e+01  -1.23644073e+01   4.32014913e+00 
  1.22223225e+01  -4.94165826e+00  -4.64431423e+00 
 -2.92321028e+00  -8.03345399e+00  -7.84845720e+00 
 -4.00273992e+00  -5.01633063e+00  -5.87078479e+00 
 -1.31115607e+00  -2.64641764e+00  -4.37119450e+00 
  2.09465854e+00  -4.24035777e+00  -4.10297090e+00 
  3.25887143e-01  -7.17972321e+00  -5.76883129e+00 
 -6.11483935e-01  -4.79504129e+00  -8.56184009e+00 
  3.03705582e+00  -3.90048069e+00  -8.95854341e+00 
 -3.35193266e+00  -4.60356735e+00  -1.18453683e+01 
 -5.42030165e+00  -2.62231458e+00  -9.31904387e+00 
 -3.84171755e+00   5.15993029e-01  -7.77628953e+00 
 -3.12342964e-01  -6.71626215e-01  -8.47995923e+00 
  2.93140658e+00   9.12333547e-01  -7.56757634e+00 
  4.79263995e+00   1.51647627e+00  -1.08782922e+01 
  8.10984822e+00   3.01474564e+00  -9.72516988e+00 
  9.46250566e+00   3.26385350e+00  -6.19093004e+00 
  5.80621413e+00   5.80746012e+00  -3.07280218e+00 
  6.28291023e+00   7.11449332e+00   4.91008572e-01 
  7.79655105e+00   2.05159167e+00   3.57158021e+00 
 -5.96776168e+00   7.49305542e+00  -4.20003745e+00 
 -3.97519358e+00   9.30966177e+00  -1.44616689e+00 
 -1.80204829e+00   6.12372382e+00  -9.15157680e-01 
 -6.05297374e-01   4.80992391e+00  -4.29177967e+00 
 -9.17172210e+00   5.82341828e+00  -2.91482404e+00 
 -6.74296549e+00   2.86072901e+00  -2.44535866e+00 
 -9.59390827e+00   7.73672690e-01  -1.06422274e+00 
 -1.20527561e+01   1.27171248e+00  -3.94393381e+00 

   4.642067541525e+00 

 -3.94175383e-01   3.98192174e+00   1.09739557e+00 
  1.48707445e+00  -1.54482999e-01  -1.66261870e+00 
 -1.88833302e+00   7.78934088e-01  -4.01552165e-01 
 -1.84543147e+00   2.06397137e+00   1.45321376e-01 
  3.35485886e-01   2.16299059e+00  -6.68985817e-01 
 -6.09599128e-01   2.73101966e-01  -1.77495230e-01 
 -5.58957769e-01  -1.09517714e+00   1.74318096e-01 
 -9.97571534e-01  -1.81954908e+00  -8.61659884e-01 
 -5.93464092e-01  -1.52365383e+00   1.50541338e+00 
 -6.79742941e-01   2.74121888e+00   1.62327653e-02 
  1.94872189e-01   8.43641772e-01  -1.12242549e+00 
 -9.59740894e-01  -3.19387839e+00  -5.67341936e-01 
 -1.26856483e+00  -2.73347999e+00   1.62067091e+00 
 -9.92645401e-01  -3.88727354e+00  -1.85476291e+00 
 -9.09408182e-01  -1.53056427e+00  -2.29504391e+00 
 -2.15739757e+00  -3.03575171e+00   2.74184043e+00 
  2.48766411e-01  -5.34378360e+00  -5.10788703e+00 
 -7.94474117e-01  -4.15790447e-01   2.49707065e+00 
 -1.61616378e+00  -3.06226751e+00  -4.06125095e+00 
 -4.40551825e-01  -3.23222724e+00  -4.94200266e+00 
 -1.25090804e+00  -3.67051113e+00   6.40848808e-01 
 -8.86932264e-01  -2.82659520e+00  -2.77751208e+00 
  5.18504444e-01   5.56150529e-03   2.91488837e+00 
 -2.95446225e-01  -4.90923180e+00  -1.97227300e+00 
  4.22752626e-01  -4.15218190e+00  -4.38205104e+00 
  1.15207020e+01  -3.59462804e+00   2.12759947e+00 
  8.34703173e+00  -5.46021229e+00   1.23941329e+00 
  6.33153899e+00   1.93946746e+00   8.98613010e+00 
  5.52401836e+00  -8.91210354e-01   1.13511369e+01 
  6.74577503e+00  -3.32752059e+00   8.67051843e+00 
  4.48878731e+00  -1.99161090e+00   5.98045374e+00 
  1.49839227e+00  -8.75524145e-01   7.85136760e+00 
  1.02467238e+00  -2.68741052e+00   1.11436001e+01 
  2.66356226e+00  -6.14215300e+00   1.14404995e+01 
  3.07854421e+00  -6.70657677e+00   7.66740308e+00 
  9.54679298e+00   7.46772402e+00   7.50808583e+00 
 -6.60028658e+00  -2.95686945e+00   8.19626143e+00 
 -5.95415153e+00  -3.31581010e+00   1.19578505e+01 
 -7.23783092e+00  -4.08726635e-01  -7.12766993e+00 
 -1.02486447e+01   8.39415317e-01  -5.13355754e+00 
 -8.35775959e+00   1.16444672e+00  -1.80708324e+00 
 -1.01221662e+01   8.19228213e-01   1.55291395e+00 
 -1.09959351e+01  -2.83652909e+00   2.01813622e+00 
 -1.00443170e+01  -3.56308673e+00  -1.55265391e+00 
 -1.16348838e+01  -6.24691028e+00  -3.66268293e+00 
 -1.09943739e+01  -6.52991521e+00  -7.40742774e+00 
 -1.46459807e+01  -1.83304980e+00  -8.99955608e-01 
 -1.62512736e+01   6.56627741e-03   3.68153485e+00 
 -1.02503779e+01   9.43267430e+00   4.24854022e-01 
 -3.78470300e+00   1.59682176e+00  -1.16584994e+01 
 -7.26673299e-01   8.47486957e-01  -9.59293370e+00 
 -4.13014560e-01   2.34975275e+00  -6.02156339e+00 
 -3.71162483e+00   3.47214531e+00  -4.58226333e+00 
 -5.02832871e+00   2.38365082e+00  -7.99180615e+00 
 -2.52933608e+00   4.78911425e+00  -9.51989422e+00 
 -3.95734521e+00   7.55656253e+00  -7.38179309e+00 
 -7.33175253e-01   5.57579393e+00  -1.33255759e+01 
  2.06809552e+00   3.43656071e+00  -1.18550694e+01 
  3.65855196e+00   4.58390828e+00  -8.55733950e+00 
  6.22251574e-01   6.62736813e+00  -7.57385824e+00 
 -2.00582385e-02   8.53238106e+00  -4.43991016e+00 
 -6.06150886e-01   1.21797347e+01  -5.50917480e+00 
 -1.36277549e+00   1.39232058e+01  -2.19765019e+00 
 -1.98615143e+00   1.23401537e+01   1.19173544e+00 
  2.20178499e+00   9.10076365e+00   2.42813953e+00 
  2.94915985e+00   7.43071545e+00   5.78800512e+00 
 -2.05410173e+00   4.03996309e+00   6.72831283e+00 
  1.05190539e+01   3.76324156e+00  -4.28544683e+00 
  1.07892421e+01   3.75176255e+00  -4.40834151e-01 
  6.93093372e+00   3.31049016e+00  -1.69734849e-01 
  5.18916488e+00   5.81753112e+00  -2.45902348e+00 
  1.10524103e+01   3.08606482e-01  -5.86210019e+00 
  7.22393868e+00   1.51886429e-01  -5.39837195e+00 
  7.21128768e+00  -3.33937262e+00  -6.88233864e+00 
  9.08575487e+00  -2.54372172e+00  -1.01134449e+01 

   4.642067532306e+00 

  1.21757292e+00   3.53405253e+00  -8.09739991e-01 
  4.11277357e+00  -8.64621904e-01  -7.75918720e-02 
  7.79562836e-01  -1.98350127e-01  -1.59446178e+00 
  5.60389529e-01   1.18014390e+00  -1.65728599e+00 
  2.76478979e+00   1.40065652e+00  -9.35283327e-01 
  1.58761834e+00  -3.61538842e-01  -4.71238469e-01 
  1.30480632e+00  -1.50524048e+00   3.10085714e-01 
  1.56863739e+00  -2.59638828e+00  -4.18021906e-01 
  4.05608927e-01  -1.47180441e+00   1.38102964e+00 
  1.59049531e+00   1.97723211e+00  -1.28622620e+00 
  2.84703410e+00   3.28069661e-03  -8.53807442e-01 
  1.31185114e+00  -3.76690603e+00   3.17380152e-01 
 -2.75990268e-01  -2.67805386e+00   1.49544625e+00 
  2.04985673e+00  -4.83821628e+00  -3.51200892e-01 
  2.56381620e+00  -2.78295523e+00  -1.47665295e+00 
 -1.69237060e+00  -2.75165727e+00   1.85163154e+00 
  4.95803357e+00  -7.03071583e+00  -1.34157782e+00 
 -2.95748137e-01  -1.55851811e-01   1.54686427e+00 
  3.02364547e+00  -4.91083723e+00  -2.58380085e+00 
  4.47494606e+00  -5.14404080e+00  -2.42253076e+00 
  2.88856975e-01  -3.86506359e+00   1.16325354e+00 
  2.79183986e+00  -4.13864719e+00  -1.32473085e+00 
  4.83596112e-01   6.10298871e-01   2.48581819e+00 
  2.58768487e+00  -5.69752526e+00   3.67559306e-01 
  4.72007922e+00  -5.65629084e+00  -1.16449353e+00 
  9.20719412e+00  -9.87732023e-01   9.96750717e+00 
  7.18467953e+00  -3.58487909e+00   8.09515024e+00 
  1.27093082e+00   5.45114853e+00   9.58068647e+00 
 -1.05281145e+00   3.45674929e+00   1.17899052e+01 
  1.40706326e+00   5.40346816e-01   1.15499042e+01 
  1.46350646e+00   4.85982890e-01   7.79371159e+00 
 -1.94494304e+00   1.59166282e+00   6.87260421e+00 
 -4.52322136e+00   9.06604149e-01   9.56133184e+00 
 -3.69776159e+00  -1.90087172e+00   1.20404551e+01 
 -1.03358875e+00  -3.58711277e+00   9.85281896e+00 
  5.08757313e+00   1.06744670e+01   8.46971219e+00 
 -8.56198307e+00  -1.69503370e+00   2.94171848e+00 
 -1.04674194e+01  -6.75843070e-01   6.10817221e+00 
  8.18103058e-01  -4.47824910e+00  -9.14092282e+00 
 -2.67436201e+00  -3.21342920e+00  -1.00365942e+01 
 -3.29476651e+00  -1.47700025e+00  -6.66815104e+00 
 -6.80495452e+00  -1.01458072e+00  -5.25866482e+00 
 -8.03889693e+00  -4.40938099e+00  -4.11973564e+00 
 -5.10040766e+00  -6.08208859e+00  -5.77845725e+00 
 -5.18877231e+00  -9.55130442e+00  -7.24193807e+00 
 -2.34807394e+00  -1.09264283e+01  -9.37569496e+00 
 -8.93714930e+00  -5.09968448e+00  -8.76319546e+00 
 -1.29378737e+01  -2.18216659e+00  -7.20327247e+00 
 -5.56454239e+00   6.57644978e+00  -9.29823555e+00 
  6.49187499e+00  -3.47920948e+00  -1.09533630e+01 
  7.49080368e+00  -2.94061903e+00  -7.36286469e+00 
  5.58444796e+00  -3.18910477e-01  -5.21757135e+00 
  2.21152289e+00   5.94983727e-01  -6.63192049e+00 
  3.27188030e+00  -1.77217943e+00  -9.42757481e+00 
  6.34055169e+00   4.09871580e-01  -9.86136062e+00 
  4.08857673e+00   3.41772727e+00  -1.02497918e+01 
  1.01890574e+01   2.16172136e-01  -1.17267672e+01 
  1.12650138e+01  -7.75591877e-01  -8.19907898e+00 
  1.04908115e+01   1.65914218e+00  -5.33662191e+00 
  7.67535023e+00   3.32487848e+00  -7.24988896e+00 
  5.33730260e+00   6.00278301e+00  -6.14280868e+00 
  5.82624655e+00   8.92646165e+00  -8.59291289e+00 
  3.27601623e+00   1.14921452e+01  -7.37145591e+00 
  5.37492435e-01   1.10239269e+01  -4.79001419e+00 
  2.75118562e+00   9.18728141e+00  -1.76177293e-01 
  1.08246530e+00   8.87763420e+00   3.25249888e+00 
 -3.61820915e+00   5.13460970e+00   2.10907650e+00 
  1.30232900e+01   3.54618866e+00   2.14767013e+00 
  1.08006187e+01   4.84646987e+00   5.01527900e+00 
  7.62067917e+00   3.82581948e+00   3.01502247e+00 
  7.90638348e+00   5.08216466e+00  -5.76607274e-01 
  1.41802184e+01  -7.68478359e-02   2.63747503e+00 
  1.09222166e+01  -7.65080408e-01   6.85916021e-01 
  1.15966734e+01  -4.49079015e+00   9.21295803e-01 
  1.51430307e+01  -4.47339262e+00  -4.96361908e-01 

   4.642067525213e+00 

  6.00120870e-01   3.48162033e+00  -2.70561016e+00 
  2.48700711e-01  -1.55244349e+00  -1.03184671e+00 
  3.00441232e-01   1.74050203e+00   7.02782745e-01 
  5.58126724e-01   2.75418178e+00  -2.23649225e-01 
  9.12864805e-01   1.03851521e+00  -1.75986657e+00 
 -3.76029093e-01   7.71614784e-01  -3.53647984e-02 
 -1.42876835e+00   1.22439230e-01   6.49328089e-01 
 -9.11002599e-01  -5.74476036e-01   1.66745841e+00 
 -2.74625140e+00   5.90224770e-01   6.04830776e-01 
  8.43453222e-01   2.36373303e+00  -1.48867808e+00 
  5.76247959e-01   1.14021107e-01  -7.60836307e-01 
 -1.91804329e+00  -1.24942345e+00   2.37960013e+00 
 -3.39700972e+00   3.58148930e-01   1.81121813e+00 
 -1.24576735e+00  -2.31052006e+00   3.12892033e+00 
  4.03772251e-01  -1.21087423e+00   1.77810975e+00 
 -4.33057923e+00   1.31754134e+00   2.39979619e+00 
  3.95153328e-01  -5.63650203e+00   3.82933706e+00 
 -2.90877734e+00   1.88373674e+00  -1.37826144e-01 
  1.11545888e+00  -2.59828209e+00   3.65792228e+00 
  1.54355884e+00  -3.88566636e+00   3.06967003e+00 
 -3.11899602e+00  -7.15772342e-01   2.59082411e+00 
  7.64836104e-02  -2.23753949e+00   2.64517339e+00 
 -3.23590354e+00   1.53888375e+00  -1.49800467e+00 
 -1.83196982e+00  -3.40193412e+00   3.22625109e+00 
  4.33251916e-01  -4.66472147e+00   2.81385112e+00 
 -6.42474145e+00  -7.77948648e+00  -7.63204118e+00 
 -6.20198222e+00  -7.37896655e+00  -3.87286365e+00 
 -8.09129400e+00   2.26536059e+00  -8.58945381e+00 
 -1.14526086e+01   2.34391903e+00  -6.87089612e+00 
 -1.08177313e+01  -1.24430802e+00  -5.71524348e+00 
 -7.50619224e+00  -4.77167694e-01  -4.11515565e+00 
 -7.91538531e+00   3.00478257e+00  -2.93318048e+00 
 -1.15252788e+01   3.96060567e+00  -2.29983628e+00 
 -1.39532994e+01   1.07832575e+00  -1.58812924e+00 
 -1.12562573e+01  -1.48669293e+00  -6.53459121e-01 
 -4.36329467e+00   2.74653546e+00  -1.39704047e+01 
 -7.99503873e+00   6.96672875e+00   4.43812197e+00 
 -1.13710297e+01   8.32895708e+00   3.23692935e+00 
  6.02562054e+00   8.22171342e-01   7.15623491e+00 
  5.59238726e+00   4.45872637e+00   8.24575261e+00 
  2.74190325e+00   5.22519413e+00   5.78938592e+00 
  1.04069266e-01   7.87367536e+00   6.53054884e+00 
 -2.15258101e+00   6.51354085e+00   9.25120786e+00 
  1.99965622e-01   3.62807184e+00   9.82007555e+00 
  7.02322262e-01   1.93063274e+00   1.31444368e+01 
  3.49427412e+00  -5.93797029e-01   1.37324236e+01 
  1.39388845e+00   7.82655321e+00   1.21741529e+01 
 -1.05814644e+00   1.22981577e+01   1.12028880e+01 
  5.81264335e+00   1.24122343e+01   1.80887379e+00 
  1.02553905e+01  -2.50938624e+00   4.42045416e+00 
  7.64414978e+00  -3.75463563e+00   2.00997221e+00 
  5.50893303e+00  -1.19542827e+00   9.68460107e-03 
  5.50693767e+00   2.25432334e+00   1.53002254e+00 
  7.90673114e+00   6.42013664e-01   4.01697934e+00 
  1.00671308e+01  -2.91800518e-01   1.04596253e+00 
  1.00926521e+01   3.33361030e+00  -1.48064358e-02 
  1.33076246e+01  -2.93464079e+00   1.27889579e-01 
  1.04556860e+01  -5.14824097e+00  -1.11802654e+00 
  8.13395167e+00  -3.72910875e+00  -3.82295257e+00 
  8.96976775e+00  -1.40202412e-01  -2.93794747e+00 
  7.57412104e+00   3.01626033e+00  -4.33515964e+00 
  1.05629971e+01   4.95644466e+00  -5.78161073e+00 
  8.95215832e+00   8.18186256e+00  -7.03869186e+00 
  5.41463715e+00   9.41523335e+00  -6.44936489e+00 
  1.91313960e+00   5.57744389e+00  -8.05314041e+00 
 -1.87754207e+00   5.89777943e+00  -8.45866001e+00 
 -3.68500835e+00   7.49235472e+00  -2.83688880e+00 
  3.04740930e+00  -6.20802471e+00  -9.65141486e+00 
 -1.41207844e-01  -4.36635651e+00  -1.07894725e+01 
  3.82221935e-02  -2.10018071e+00  -7.62925360e+00 
  3.58472673e+00  -7.54438007e-01  -7.21558324e+00 
  2.33298648e+00  -9.38955538e+00  -7.63343936e+00 
  2.50772512e+00  -6.87397451e+00  -4.71143258e+00 
  1.78865178e+00  -9.69119195e+00  -2.27475877e+00 
  4.55218744e+00  -1.20759572e+01  -3.39835226e+00 

   4.642067512472e+00 

 -1.16856698e+00   6.48820448e-01  -1.10016876e+00 
  1.52583612e+00  -3.92228630e+00  -1.43456501e+00 
  2.49969841e-01  -1.88710918e+00   1.40887680e+00 
 -5.27820288e-01  -8.34422166e-01   9.19875356e-01 
 -2.77203716e-01  -1.83343039e+00  -1.17021472e+00 
  1.18967498e+00  -2.10843030e+00   4.04287648e-01 
  2.49129533e+00  -2.42102908e+00   8.58821157e-01 
  2.44936352e+00  -3.59332280e+00   1.50250319e+00 
  3.45977843e+00  -1.43608427e+00   1.07907944e+00 
 -7.59459135e-01  -8.18191799e-01  -4.14378946e-01 
  5.40705247e-01  -2.80463387e+00  -5.75365594e-01 
  3.72452500e+00  -3.95736114e+00   1.96970897e+00 
  4.28148449e+00  -1.77723228e+00   2.14732932e+00 
  3.67168641e+00  -5.39789639e+00   2.21749797e+00 
  1.56416728e+00  -4.73906724e+00   1.27985254e+00 
  4.76676947e+00  -7.92630668e-01   3.11350220e+00 
  3.73176083e+00  -9.10326867e+00   1.50199525e+00 
  2.95703583e+00  -3.47870541e-02   8.92640862e-01 
  1.74876027e+00  -6.87716473e+00   2.44585123e+00 
  1.85747607e+00  -7.90514193e+00   1.38844095e+00 
  4.58990561e+00  -3.06389894e+00   2.44353797e+00 
  2.40288650e+00  -5.74975803e+00   1.71347850e+00 
  3.24151116e+00   3.26086527e-01  -4.72954030e-01 
  4.68067920e+00  -6.06495375e+00   1.93245551e+00 
  3.15808124e+00  -7.95456343e+00   9.28939738e-01 
  9.42807353e+00  -3.63136899e+00  -9.45605756e+00 
  9.49019802e+00  -4.77709536e+00  -5.84705472e+00 
  6.44238635e+00   5.67242979e+00  -6.43643699e+00 
  9.60966157e+00   6.60413078e+00  -4.60385089e+00 
  1.07350577e+01   2.96562005e+00  -4.93360346e+00 
  7.62896733e+00   1.53444987e+00  -3.37827113e+00 
  6.61870120e+00   4.13119665e+00  -9.44196991e-01 
  9.50133429e+00   6.28740025e+00   2.33654922e-01 
  1.30046164e+01   4.75118196e+00  -4.27687910e-02 
  1.18179123e+01   1.11240184e+00  -3.22114749e-01 
  2.28053666e+00   6.37386339e+00  -1.14634740e+01 
  5.82193813e+00   4.71142491e+00   7.36651746e+00 
  8.10676603e+00   7.76636234e+00   6.98863200e+00 
 -3.71821367e+00  -7.54423986e+00   6.65472069e+00 
 -4.78487468e+00  -4.77659334e+00   9.06339276e+00 
 -2.85593969e+00  -1.98375868e+00   7.26734384e+00 
 -1.56441844e+00   1.08433631e+00   9.12224376e+00 
  1.35708940e+00  -1.80024235e-02   1.12656296e+01 
  5.74964104e-01  -3.63176519e+00   1.05493812e+01 
  1.24837735e+00  -6.45817108e+00   1.29458324e+01 
 -8.08704219e-02  -9.97926529e+00   1.23555299e+01 
 -2.04286879e+00  -1.59094629e+00   1.42339924e+01 
 -1.90748464e+00   3.51094973e+00   1.51845244e+01 
 -9.18165215e+00   3.98069293e+00   6.11071828e+00 
 -6.36586420e+00  -1.11500777e+01   2.59730860e+00 
 -3.77142373e+00  -1.01251845e+01   6.78644969e-02 
 -3.20737473e+00  -6.35164594e+00  -6.75189574e-01 
 -4.52821560e+00  -4.08608296e+00   2.03309199e+00 
 -5.68361044e+00  -7.38107521e+00   3.56658414e+00 
 -7.55159396e+00  -8.01985477e+00   3.31020229e-01 
 -9.27206279e+00  -4.67948378e+00   7.20084027e-01 
 -9.40436447e+00  -1.12868433e+01  -1.72380143e+00 
 -6.03948015e+00  -1.13722012e+01  -3.52826752e+00 
 -4.89511611e+00  -8.19019988e+00  -5.34107706e+00 
 -7.09832169e+00  -5.95143066e+00  -3.22072683e+00 
 -7.38455451e+00  -2.23911630e+00  -3.22846476e+00 
 -1.10646166e+01  -1.45410843e+00  -4.02276584e+00 
 -1.11723665e+01   2.35911281e+00  -3.86121603e+00 
 -8.48004046e+00   4.72610813e+00  -2.62375835e+00 
 -3.87079721e+00   3.73270026e+00  -5.33100651e+00 
 -6.70852573e-01   5.82950243e+00  -5.34123845e+00 
  9.01663029e-01   5.88255313e+00   5.69631961e-01 
  5.07039083e-02  -5.82315185e+00  -1.13348238e+01 
  1.96720124e+00  -2.48270164e+00  -1.14851752e+01 
  1.18823684e+00  -1.86492773e+00  -7.72135429e+00 
 -2.51640414e+00  -2.49393429e+00  -7.05815270e+00 
  2.30448989e+00  -8.84398255e+00  -1.06278429e+01 
  1.39381308e+00  -7.93315069e+00  -6.98945569e+00 
  3.54194924e+00  -1.08071112e+01  -5.75776035e+00 
  1.97932716e+00  -1.35757437e+01  -7.87426907e+00 

   4.642067520212e+00 

