 -1.67817811e+00   1.26772444e+00  -3.31642909e+00 
 -1.52699122e+00   3.98366872e-01  -4.56224179e+00 
 -2.43785046e-02   2.04387867e-01  -4.86205334e+00 
  8.81493415e-01   4.67922569e-02  -3.67351580e+00 
  2.98860673e-01  -7.68212437e-01  -5.56125003e+00 
 -1.45913483e+00  -8.70003953e-01  -3.74584692e+00 
  5.47268110e-01   1.04346689e+00  -2.92657488e+00 
  4.56780938e-01   8.04499845e-01  -1.46744624e+00 
  5.58846517e-01  -4.88737882e-01  -1.38692604e+00 
  6.05103971e-01  -9.14114115e-01  -2.84897766e+00 
 -2.71763763e+00   6.48160757e-01  -2.38132668e+00 
 -2.23139383e+00  -3.41576553e-01  -1.63693010e+00 
 -2.28353710e+00  -2.90828030e-01  -3.33421567e-01 
 -3.23427010e+00   6.39168091e-01  -3.00992336e-01 
 -3.39709073e+00   1.25873287e+00  -1.41823874e+00 
 -1.03400451e+00   1.80824692e-01   3.71681752e-01 
 -4.53561796e-01   3.90489722e-01   1.48575560e+00 
 -9.56701007e-01   1.48236145e+00   2.12377988e+00 
 -1.91284665e+00   2.22741966e+00   1.38224043e+00 
 -1.18023756e+00   2.70269240e+00   3.00985213e-01 
 -4.96777010e-01   1.54906745e+00   7.16609309e-02 
 -3.36499063e+00   2.48253888e+00   2.27948337e+00 
 -4.18649508e+00   3.10533995e+00   1.27664260e+00 
 -2.94940562e+00   3.06391903e+00   3.48166704e+00 
 -4.23555469e+00   1.05551500e+00   2.79278079e+00 
 -2.33643097e+00   2.69536247e+00  -3.29744026e+00 
 -4.16787250e+00  -3.79302386e+00  -1.19318192e+01 
  7.00156864e+00  -3.57148549e+00  -1.33286099e+01 
  2.66780571e+00  -1.35437483e+00  -1.14815631e+01 
  5.37709540e+00   8.34057335e-01  -1.00738896e+01 
  6.18005818e+00   3.77486710e+00  -1.23189945e+01 
  4.20371002e-01   3.32740908e+00  -1.27091378e+01 
  8.75613287e+00   1.23880843e+01  -4.83699701e+00 
  5.87941010e+00   1.08139697e+01  -2.95523796e+00 
  5.88617650e+00   7.64448217e+00  -5.08988102e+00 
  7.93264687e+00   9.12298022e+00  -8.02702260e+00 
 -3.06898746e+00  -1.42760047e+00   9.49339409e+00 
 -1.20510564e+00  -4.94075143e-01   6.42090784e+00 
  1.76376829e+00   1.67865950e+00   7.57545549e+00 
  3.41291571e+00   1.80127674e+00   4.09099695e+00 
  5.40711337e+00   4.68471656e+00   2.84235371e+00 
  3.46365926e+00   7.80148401e+00   2.22102400e+00 
  5.57422918e-01   5.98518497e+00   3.81311180e+00 
 -2.35337253e+00   7.67979840e+00   5.45177284e+00 
 -4.95136906e+00   5.63130560e+00   7.47200216e+00 
 -6.39786117e+00   8.55464812e+00   9.17675404e+00 
  6.79362787e+00   6.55382728e+00   7.28626362e+00 
  3.47920093e+00   8.24653977e+00   7.05518941e+00 
  2.86748012e+00   1.07317130e+01   4.23079611e+00 
  8.01674878e+00   1.01111790e+01   5.52993509e+00 
  1.19342558e+01   4.46754587e+00   7.24121505e+00 
  1.13783392e+01  -9.74334254e-01   6.18928667e+00 
 -3.56915177e+00  -6.02551118e+00   7.22689396e+00 
 -3.61851311e+00  -6.40099302e+00   3.39646077e+00 
 -5.05826212e-01  -5.97512982e+00   1.36541803e+00 
  1.99048175e+00  -3.83497788e+00   3.16518022e+00 
 -3.36511120e-01  -4.06817824e+00   6.15518787e+00 
 -2.24832880e-01  -7.78990525e+00   5.82432729e+00 
  3.54201071e+00  -7.59709267e+00   6.25540338e+00 
  3.33709772e+00  -5.15659504e+00   9.19348694e+00 
 -5.04933300e+00  -1.15610304e+01   9.89841889e+00 
 -2.50012537e+00  -1.11555882e+01   7.13112324e+00 
 -3.92243105e+00  -1.08851111e+01   3.57741833e+00 
 -1.42726925e+00  -1.11854701e+01   6.97793418e-01 
  1.48337252e+00  -1.00119096e+01   2.81576842e+00 
  5.00553339e+00  -9.30901747e+00   1.81676831e+00 
  1.18561302e+01  -7.79652293e+00   6.94515908e-01 
  9.27815744e+00  -8.20138763e+00  -4.00714246e+00 
  9.86810307e+00  -6.12661838e+00  -7.18632775e+00 
  8.99289467e+00  -4.32957757e-01  -5.19908620e+00 
  1.14867572e+01  -2.24202618e+00  -2.86943555e+00 
  1.33349353e+01  -7.40687632e+00   8.11653180e+00 
  1.99370846e+00  -8.80229765e+00  -7.38489990e+00 
  2.88578674e+00  -1.02555862e+01  -3.94063007e+00 
 -3.68216856e+00  -9.45719956e+00  -5.12976583e+00 
 -7.17674122e+00  -8.01418215e+00  -5.21941198e+00 
 -9.05674607e+00  -1.12143261e+01  -4.22906761e+00 

   2.965312369320e+01 

 -2.22744125e+00   1.47183662e+00   4.44418142e+00 
 -3.56794009e+00   2.20104306e+00   4.39934635e+00 
 -3.54330861e+00   3.23056511e+00   3.24833053e+00 
 -2.82608872e+00   2.81706645e+00   1.99426662e+00 
 -4.63478818e+00   3.61783161e+00   2.80334973e+00 
 -4.14396443e+00   1.21297402e+00   3.41355472e+00 
 -1.69192744e+00   2.39579595e+00   2.44058147e+00 
 -1.12301028e+00   1.17678665e+00   1.82034025e+00 
 -2.10662096e+00   7.48877140e-01   1.08633194e+00 
 -3.22668420e+00   1.72510996e+00   1.42264645e+00 
 -2.46574244e+00  -3.16877115e-02   4.59039669e+00 
 -2.75862037e+00  -6.31826788e-01   3.43966003e+00 
 -2.02926158e+00  -1.61697098e+00   2.99026545e+00 
 -1.47377689e+00  -1.88460252e+00   4.16909869e+00 
 -1.60787285e+00  -9.41465068e-01   5.03577083e+00 
 -9.82211360e-01  -1.26334079e+00   1.96090147e+00 
 -8.10727901e-02  -1.68850881e+00   1.16767064e+00 
  1.03332173e+00  -2.09496365e+00   1.83499907e+00 
  1.02172814e+00  -1.84983117e+00   3.23463568e+00 
  9.94288223e-01  -4.62675153e-01   3.31684497e+00 
  9.04240490e-02  -2.76863490e-01   2.31731405e+00 
  1.37912537e+00  -3.27530142e+00   4.13970728e+00 
  1.15866960e+00  -2.79778343e+00   5.47829466e+00 
  2.59178225e+00  -3.73888207e+00   3.61959611e+00 
  2.97171366e-01  -4.63318936e+00   3.93169516e+00 
 -1.20827179e+00   1.54788704e+00   5.63888543e+00 
 -1.15325292e+01   4.78169449e+00   7.35877867e+00 
 -9.55191116e+00   1.23636280e+01  -7.25029517e-01 
 -7.74929856e+00   9.20933769e+00   3.00454193e+00 
 -4.59745150e+00   1.04513153e+01   1.38146390e+00 
 -3.23175534e+00   1.35608468e+01   3.05457321e+00 
 -5.12003534e+00   1.03688601e+01   7.50115017e+00 
  8.36912109e+00   1.23188100e+01   2.22936521e+00 
  7.44449779e+00   8.73058660e+00   2.98043929e+00 
  3.72586066e+00   9.27932219e+00   2.29267105e+00 
  3.81642667e+00   1.31419674e+01   2.56205519e+00 
  2.14580164e+00  -9.77255017e+00  -8.21671728e-01 
  1.67943930e+00  -6.09466993e+00  -6.18202299e-01 
  4.74188032e+00  -4.51887185e+00  -2.35206617e+00 
  3.34673274e+00  -9.25960154e-01  -2.20811367e+00 
  5.47305186e+00   2.11158426e+00  -1.88834768e+00 
  7.22646554e+00   2.47847726e+00   1.37787855e+00 
  5.94286812e+00  -9.90860311e-01   2.14986939e+00 
  7.53425278e+00  -3.33836618e+00   4.59657450e+00 
  6.36243589e+00  -7.02504387e+00   4.84655071e+00 
  9.32151281e+00  -8.16824178e+00   6.71240498e+00 
  9.69413068e+00   2.18816437e-01  -3.82851678e+00 
  1.01876376e+01  -9.69232377e-01  -3.28647102e-01 
  1.05491419e+01   1.60253879e+00   2.46111876e+00 
  1.19189412e+01   3.41083755e+00  -2.38052328e+00 
  9.14980296e+00   2.54020053e+00  -8.83806149e+00 
  4.03885918e+00   1.20573510e+00  -1.06064256e+01 
 -2.91936348e+00  -9.89067302e+00  -1.74801905e+00 
 -5.29270167e+00  -7.18781226e+00  -3.77817929e-01 
 -5.32679185e+00  -3.73078762e+00  -1.80719973e+00 
 -2.05221743e+00  -2.92035981e+00  -3.44161610e+00 
 -1.16722216e+00  -6.57369076e+00  -2.91305177e+00 
 -4.34160907e+00  -7.49117708e+00  -4.66081585e+00 
 -3.09325404e+00  -5.56771420e+00  -7.68637599e+00 
  4.19652166e-01  -7.07080194e+00  -7.51153246e+00 
 -6.31772598e+00  -1.45669067e+01  -4.30808265e+00 
 -6.89249530e+00  -1.08940577e+01  -5.01560563e+00 
 -8.90622139e+00  -8.97919926e+00  -2.36925832e+00 
 -1.01268015e+01  -5.48694130e+00  -3.32978216e+00 
 -7.37161699e+00  -4.99294848e+00  -5.87925801e+00 
 -6.53296743e+00  -1.97669753e+00  -7.90325723e+00 
 -4.34293206e+00   3.32603193e+00  -1.20940295e+01 
 -7.78551096e+00   5.20448527e+00  -8.41496522e+00 
 -7.67337915e+00   8.60104770e+00  -6.62311908e+00 
 -2.18250317e+00   8.49273169e+00  -3.98277087e+00 
 -1.83084294e+00   7.60283065e+00  -7.72493102e+00 
  2.97246223e-01  -1.22181076e+00  -1.59941425e+01 
 -1.17511419e+01   3.30606818e+00  -1.66935042e+00 
 -1.08777752e+01   7.75240018e-01  -4.42670158e+00 
 -1.23680721e+01  -1.87781519e+00   1.56744684e+00 
 -1.20425151e+01  -3.35804490e+00   5.03231428e+00 
 -1.45386532e+01  -6.24148253e+00   4.57274539e+00 

   2.965312369320e+01 

 -2.28258316e+00  -4.43333851e+00  -2.74679827e-01 
 -2.99428376e+00  -4.62816004e+00  -1.61117382e+00 
 -2.19918773e+00  -3.89912091e+00  -2.71647198e+00 
 -1.57438179e+00  -2.58603150e+00  -2.33769032e+00 
 -2.80583087e+00  -3.60330360e+00  -3.75752296e+00 
 -3.79379069e+00  -3.35846886e+00  -1.44222828e+00 
 -9.50757528e-01  -2.87186761e+00  -1.24572965e+00 
 -1.00099367e+00  -1.87734451e+00  -1.49030182e-01 
 -1.89133360e+00  -1.03206693e+00  -5.75838477e-01 
 -2.36711512e+00  -1.67159555e+00  -1.87403519e+00 
 -3.30283787e+00  -4.05409230e+00   7.99566149e-01 
 -3.63071222e+00  -2.76478854e+00   7.81304671e-01 
 -3.45929629e+00  -2.01230680e+00   1.83430829e+00 
 -3.37885152e+00  -3.03357463e+00   2.68305933e+00 
 -3.16505318e+00  -4.16932742e+00   2.11475795e+00 
 -2.20216361e+00  -1.17588972e+00   1.86565482e+00 
 -1.52421962e+00  -2.93529134e-01   2.48522357e+00 
 -9.53406883e-01  -7.91914906e-01   3.61579527e+00 
 -1.11420472e+00  -2.19078046e+00   3.80691357e+00 
 -4.20487419e-01  -2.74235744e+00   2.73629120e+00 
 -8.67542829e-01  -1.85831215e+00   1.80400161e+00 
 -1.75397039e+00  -2.55683526e+00   5.36754056e+00 
 -1.95206751e+00  -3.97589180e+00   5.24313624e+00 
 -8.94093281e-01  -1.92087040e+00   6.26871724e+00 
 -3.32226440e+00  -1.88669247e+00   5.75369558e+00 
 -1.64120246e+00  -5.59143896e+00   5.73401447e-01 
 -8.79545604e+00  -8.21730138e+00  -7.29599101e+00 
 -1.53436582e+00  -3.23424611e+00  -1.43104224e+01 
 -2.46168474e+00  -5.67624850e+00  -9.80649447e+00 
  1.12035610e+00  -4.60558823e+00  -9.44084362e+00 
  3.55428179e+00  -7.25428983e+00  -1.06215183e+01 
 -5.81830979e-01  -1.03225829e+01  -7.97490244e+00 
  1.26345847e+01  -6.16246354e+00  -3.33042972e+00 
  9.82541522e+00  -5.63188765e+00  -8.56274474e-01 
  7.18531679e+00  -5.13862213e+00  -3.57453999e+00 
  9.24666813e+00  -6.71411509e+00  -6.45020526e+00 
 -3.55884324e+00   4.32064630e+00   9.47363322e+00 
 -2.04136084e+00   2.87550904e+00   6.40858473e+00 
  1.66549950e+00   3.93688999e+00   6.43359346e+00 
  2.38376336e+00   2.58543091e+00   2.89327866e+00 
  5.67864003e+00   1.22585461e+00   1.82299858e+00 
  6.66393696e+00  -1.98503234e+00   3.43442613e+00 
  3.61721936e+00  -1.51142763e+00   5.61917002e+00 
  3.19918011e+00  -3.02209233e+00   9.02105041e+00 
  2.34566666e-01  -1.98468618e+00   1.12930739e+01 
  1.69765350e+00  -3.37440109e+00   1.43708197e+01 
  8.55031059e+00   3.65695074e+00   5.14077078e+00 
  7.62780672e+00   7.70306849e-01   7.31341213e+00 
  8.72517224e+00  -2.73423653e+00   6.29289733e+00 
  1.17817567e+01   1.18351315e+00   4.31898718e+00 
  1.03324458e+01   7.57481983e+00   1.64006357e+00 
  5.76550139e+00   9.74074094e+00  -7.01188356e-01 
 -7.61430730e+00   5.27882690e+00   6.44657668e+00 
 -8.41925176e+00   3.08883913e+00   3.38526004e+00 
 -6.33429937e+00   3.24945744e+00   2.83246322e-01 
 -2.87672281e+00   4.47727023e+00   1.05044106e+00 
 -4.18268577e+00   5.22227058e+00   4.53596242e+00 
 -6.93576970e+00   7.20806492e+00   2.97060546e+00 
 -4.28280580e+00   9.38114815e+00   1.34223027e+00 
 -2.21374912e+00   9.69826704e+00   4.54360389e+00 
 -1.23750205e+01   9.31594145e+00   7.45020541e+00 
 -1.07669078e+01   8.72951293e+00   4.07517306e+00 
 -1.19474413e+01   5.60668822e+00   2.18328607e+00 
 -1.09167967e+01   5.32580572e+00  -1.48647745e+00 
 -7.87136038e+00   7.52653285e+00  -1.02062789e+00 
 -5.17997597e+00   8.38849820e+00  -3.45191180e+00 
  2.68903795e-01   1.04914631e+01  -7.49728131e+00 
 -2.31683740e+00   6.42410865e+00  -9.88181910e+00 
 -7.89303499e-01   3.57736151e+00  -1.19609038e+01 
  3.15395806e+00   1.08218677e+00  -8.04201608e+00 
  3.72454358e+00   4.89951608e+00  -8.18959797e+00 
  2.47676774e+00   1.56685983e+01  -2.42307035e+00 
 -7.94454404e+00   7.72482044e-01  -8.77657268e+00 
 -8.00798696e+00   4.22101286e+00  -7.08115057e+00 
 -1.18414448e+01  -4.89494084e-01  -4.19927138e+00 
 -1.30498514e+01  -3.24171494e+00  -1.90418808e+00 
 -1.65403789e+01  -1.80004548e+00  -1.20138762e+00 

   2.965312369320e+01 

 -2.76893567e+00   1.72037788e+00  -2.90496068e+00 
 -4.27980917e+00   1.93119927e+00  -2.84575785e+00 
 -4.62113385e+00   2.78592728e+00  -1.60547673e+00 
 -3.81037458e+00   2.52472364e+00  -3.67533329e-01 
 -5.78113645e+00   2.72453109e+00  -1.16966094e+00 
 -4.47931736e+00   7.12199432e-01  -1.97736537e+00 
 -2.59850254e+00   2.56933795e+00  -8.06125767e-01 
 -1.64280973e+00   1.56820888e+00  -2.78166111e-01 
 -2.41859832e+00   7.55270523e-01   3.75016858e-01 
 -3.80736518e+00   1.31070154e+00   8.60486623e-02 
 -2.46699347e+00   2.49893983e-01  -3.19695347e+00 
 -2.53725215e+00  -5.25437184e-01  -2.11803523e+00 
 -1.51203172e+00  -1.23587443e+00  -1.73250857e+00 
 -8.92766427e-01  -1.17605806e+00  -2.90842105e+00 
 -1.34360211e+00  -2.57027349e-01  -3.68991982e+00 
 -6.58825365e-01  -6.44935620e-01  -6.35335417e-01 
  3.30441620e-01  -8.07582526e-01   1.50113834e-01 
  1.51961655e+00  -7.34105926e-01  -5.07816333e-01 
  1.42953211e+00  -3.70812671e-01  -1.87862259e+00 
  9.20185435e-01   9.21612795e-01  -1.83485608e+00 
  3.79567343e-03   6.82436318e-01  -8.58340383e-01 
  2.26591628e+00  -1.48672725e+00  -2.89550459e+00 
  1.89873962e+00  -9.85167952e-01  -4.19244713e+00 
  3.56175478e+00  -1.55011030e+00  -2.37325513e+00 
  1.72482302e+00  -3.14904028e+00  -2.85443602e+00 
 -1.83497644e+00   2.26311659e+00  -4.04731025e+00 
 -1.26308548e+01   1.86939364e+00  -5.86385307e+00 
 -1.34566498e+01   8.82692157e+00   2.94905714e+00 
 -1.06499415e+01   6.87957962e+00  -9.80180773e-01 
 -8.13687659e+00   8.97016191e+00   8.70495062e-01 
 -7.93444811e+00   1.25097900e+01  -4.57534737e-01 
 -8.57024717e+00   9.31838601e+00  -5.24680684e+00 
  3.36687633e+00   1.52925904e+01   7.00068575e-01 
  3.75575104e+00   1.16996395e+01  -4.10727884e-01 
  7.62925673e-02   1.08537307e+01   1.79544674e-01 
 -1.18536185e+00   1.45145050e+01   2.67624458e-01 
  5.22902965e+00  -7.77240331e+00   1.47800099e+00 
  3.50962425e+00  -4.48362399e+00   1.59320693e+00 
  5.82192773e+00  -2.12367006e+00   3.58113012e+00 
  3.26149652e+00   7.57873687e-01   3.71178688e+00 
  4.19575232e+00   4.36003942e+00   3.75335023e+00 
  5.72566432e+00   5.63392237e+00   6.04716346e-01 
  5.73674203e+00   2.02944170e+00  -5.29960613e-01 
  8.05821408e+00   6.34224619e-01  -3.11719691e+00 
  8.24752589e+00  -3.18592716e+00  -3.74793987e+00 
  1.14278982e+01  -3.04114757e+00  -5.59421194e+00 
  8.80317605e+00   3.86623044e+00   5.67484232e+00 
  9.69597459e+00   3.27605789e+00   2.10290952e+00 
  9.15000087e+00   6.07652131e+00  -4.24303003e-01 
  9.78092022e+00   7.75841898e+00   4.61166297e+00 
  7.46050375e+00   5.34625468e+00   1.08504983e+01 
  3.12846325e+00   2.15399175e+00   1.22901296e+01 
  5.19284588e-01  -9.73088317e+00   2.19258347e+00 
 -2.64176760e+00  -7.89720875e+00   9.83853233e-01 
 -3.88637490e+00  -4.82630228e+00   2.72045911e+00 
 -1.10777304e+00  -3.09678846e+00   4.54777993e+00 
  9.98686444e-01  -6.14496346e+00   3.72262447e+00 
 -1.66392194e+00  -8.27470180e+00   5.25491813e+00 
 -1.17880678e+00  -6.34756404e+00   8.48956142e+00 
  2.63852918e+00  -6.51394247e+00   8.31458315e+00 
 -1.04539305e+00  -1.55245484e+01   4.18134727e+00 
 -2.86874366e+00  -1.23683191e+01   5.19839049e+00 
 -5.41208615e+00  -1.10184599e+01   2.66181423e+00 
 -7.77878330e+00  -8.27969253e+00   3.88908166e+00 
 -5.38064059e+00  -7.11609945e+00   6.57792169e+00 
 -5.65625399e+00  -4.21256442e+00   8.89981688e+00 
 -5.47298752e+00   1.07751211e+00   1.36389382e+01 
 -9.33801001e+00   2.00023605e+00   1.00160067e+01 
 -1.04099649e+01   5.38462452e+00   8.54741900e+00 
 -5.21453073e+00   7.44936317e+00   6.12312352e+00 
 -4.59134760e+00   6.37052331e+00   9.77922782e+00 
  4.44755038e-01  -1.94153502e+00   1.72845775e+01 
 -1.23615650e+01  -4.77259219e-01   2.97657015e+00 
 -1.06724804e+01  -2.80808905e+00   5.52315050e+00 
 -1.11163764e+01  -5.20548168e+00  -7.41429844e-01 
 -1.02791818e+01  -6.12988094e+00  -4.31171905e+00 
 -1.16144117e+01  -9.73041141e+00  -4.21444093e+00 

   2.965312369320e+01 

 -1.52004641e+00  -2.34255914e+00  -4.25782051e+00 
 -7.52168103e-01  -1.68966741e+00  -5.40446111e+00 
  7.63114190e-01  -1.84059442e+00  -5.14658441e+00 
  1.21604168e+00  -1.71492209e+00  -3.71930554e+00 
  1.52395261e+00  -1.05111359e+00  -5.72723562e+00 
 -6.75028081e-01  -3.65742665e-01  -4.68255924e+00 
  4.23205787e-01  -2.51940910e+00  -3.09705196e+00 
 -1.04321240e-01  -2.08041923e+00  -1.78428667e+00 
  2.62357368e-01  -8.34403963e-01  -1.73573292e+00 
  9.05505479e-01  -6.19706861e-01  -3.09989761e+00 
 -2.64238068e+00  -1.41193730e+00  -3.79623569e+00 
 -2.22480716e+00  -4.51620356e-01  -2.97552687e+00 
 -2.73155798e+00  -3.21811521e-01  -1.77937383e+00 
 -3.82449362e+00  -1.03069007e+00  -2.04922667e+00 
 -3.73351951e+00  -1.74442121e+00  -3.11736625e+00 
 -1.94667468e+00  -9.38560991e-01  -6.45999672e-01 
 -1.84988384e+00  -1.11412536e+00   6.11713489e-01 
 -2.78120594e+00  -1.99137897e+00   1.07590436e+00 
 -3.57026259e+00  -2.61970855e+00   7.50055034e-02 
 -2.64330739e+00  -3.36773338e+00  -6.41183043e-01 
 -1.67382799e+00  -2.41368534e+00  -6.62641976e-01 
 -5.25896919e+00  -2.46095096e+00   3.94252858e-01 
 -5.80732328e+00  -3.03128261e+00  -8.06775856e-01 
 -5.42906783e+00  -2.95315694e+00   1.69223555e+00 
 -5.89461358e+00  -8.34472156e-01   4.85225858e-01 
 -2.45825810e+00  -3.59499036e+00  -4.40942054e+00 
  3.51951388e-01   1.95566574e+00  -1.34260039e+01 
  1.09422645e+01  -6.74161035e-01  -1.06536767e+01 
  5.84833254e+00  -1.72168184e+00  -1.04022404e+01 
  7.31999865e+00  -4.20683797e+00  -8.00031862e+00 
  8.13577860e+00  -7.51409286e+00  -9.65264282e+00 
  3.13359492e+00  -5.97804041e+00  -1.21315797e+01 
  5.90336565e+00  -1.54264550e+01  -1.33309867e+00 
  3.00693973e+00  -1.30788086e+01  -7.05674564e-01 
  4.48470791e+00  -1.02781255e+01  -2.84454656e+00 
  7.01032210e+00  -1.25034158e+01  -4.76031126e+00 
 -6.55464040e+00   2.21087196e+00   7.02091282e+00 
 -4.02165686e+00   5.33871943e-01   4.88611492e+00 
 -2.22325530e+00  -2.02070956e+00   7.14616662e+00 
  4.44802949e-01  -2.92050434e+00   4.51025917e+00 
  2.01572082e+00  -6.28135469e+00   4.21519759e+00 
 -2.65749836e-01  -9.00010034e+00   3.08355385e+00 
 -3.03313412e+00  -6.44882040e+00   3.41888992e+00 
 -6.63905563e+00  -7.30044753e+00   3.96817683e+00 
 -9.21884071e+00  -4.52990752e+00   4.80247428e+00 
 -1.18015817e+01  -6.85920684e+00   6.00591249e+00 
  1.31599809e+00  -7.79894766e+00   8.94506358e+00 
 -2.01486426e+00  -8.80993544e+00   7.60814305e+00 
 -2.18115347e+00  -1.14666854e+01   4.88022928e+00 
  2.20254820e+00  -1.17257842e+01   7.93044564e+00 
  6.49495043e+00  -6.80669606e+00   1.06697503e+01 
  7.61878109e+00  -1.54639822e+00   9.22201859e+00 
 -5.15986682e+00   6.48318507e+00   4.50498011e+00 
 -3.80231019e+00   6.36209115e+00   9.05255416e-01 
 -3.72286503e-01   5.06313166e+00   1.68400250e-01 
  7.82254216e-01   2.71819739e+00   2.85526957e+00 
 -2.30702158e+00   3.79698394e+00   4.77933260e+00 
 -1.22428885e+00   7.34642733e+00   4.32951691e+00 
  2.01002407e+00   6.46156222e+00   6.10950218e+00 
  2.46090865e-01   4.51247520e+00   8.88798242e+00 
 -6.13336282e+00   1.25010793e+01   6.18045288e+00 
 -2.95851050e+00   1.12393833e+01   4.55281534e+00 
 -3.09569138e+00   1.08013265e+01   7.43062395e-01 
  2.33072707e-01   1.02213885e+01  -1.04335560e+00 
  1.88066850e+00   8.77352774e+00   2.04274634e+00 
  5.26438578e+00   7.25715910e+00   2.42843958e+00 
  1.15300526e+01   4.27284648e+00   3.94931579e+00 
  1.08928969e+01   4.57328856e+00  -1.38165200e+00 
  1.20373990e+01   2.02888256e+00  -4.02287057e+00 
  9.23169492e+00  -3.06869284e+00  -2.21299775e+00 
  1.11226779e+01  -1.50903726e+00   7.72133586e-01 
  1.02368177e+01   4.55902284e+00   1.14105929e+01 
  5.56479978e+00   6.17675073e+00  -7.20177440e+00 
  5.53283990e+00   7.85545694e+00  -3.74464121e+00 
 -2.20866362e-01   8.23979913e+00  -7.19958655e+00 
 -3.70597938e+00   7.52564843e+00  -8.48268816e+00 
 -5.01050424e+00   1.11378245e+01  -8.40193934e+00 

   2.965312369320e+01 

 -2.97914542e+00  -3.95303313e+00  -5.36267116e-01 
 -4.47591532e+00  -3.69006959e+00  -3.90598330e-01 
 -4.85722586e+00  -2.46144250e+00  -1.24525471e+00 
 -3.85828327e+00  -1.33975639e+00  -1.28992880e+00 
 -5.90276115e+00  -1.86177138e+00  -9.51041465e-01 
 -4.26056687e+00  -2.73791842e+00   7.61314347e-01 
 -2.75912263e+00  -1.94867839e+00  -1.57983824e+00 
 -1.52912884e+00  -1.50964541e+00  -8.80756777e-01 
 -1.99418406e+00  -7.09681185e-01   3.20113071e-02 
 -3.50156033e+00  -8.26748678e-01  -1.54513834e-01 
 -2.36598674e+00  -4.20579683e+00   8.41738221e-01 
 -2.10839385e+00  -3.08785774e+00   1.51553147e+00 
 -9.00524318e-01  -2.81512323e+00   1.92916886e+00 
 -4.67503923e-01  -4.06891863e+00   1.82754162e+00 
 -1.22387706e+00  -4.82621521e+00   1.11129293e+00 
 -8.68115931e-02  -1.88436206e+00   1.06169325e+00 
  1.00280498e+00  -1.24065610e+00   9.18822423e-01 
  2.04552494e+00  -2.06465595e+00   6.25279843e-01 
  1.69783447e+00  -3.42605008e+00   4.13326221e-01 
  8.97607292e-01  -3.37942930e+00  -7.22092686e-01 
  1.97709133e-01  -2.27063605e+00  -3.59768844e-01 
  2.64706352e+00  -4.49057371e+00   1.38523489e+00 
  2.00843140e+00  -5.74681863e+00   1.09811452e+00 
  3.97409686e+00  -4.15609649e+00   1.09702171e+00 
  2.53842166e+00  -4.28348308e+00   3.11816986e+00 
 -2.35741513e+00  -5.24452243e+00  -1.18226601e+00 
 -1.28693397e+01  -5.47688989e+00   1.89202768e+00 
 -1.42570733e+01   2.97732168e+00  -5.41256135e+00 
 -1.15760999e+01  -1.20221991e+00  -3.84652296e+00 
 -9.43846798e+00   1.55679170e-01  -6.62099057e+00 
 -1.02761695e+01  -1.37571062e+00  -9.98056026e+00 
 -1.07089590e+01  -5.84681067e+00  -6.32701615e+00 
  5.47866606e-02  -1.99499144e+00  -1.54295779e+01 
  1.16759435e+00  -2.95545993e+00  -1.19462537e+01 
 -2.08910117e+00  -1.80122242e+00  -1.03140564e+01 
 -4.18615546e+00  -1.73049554e+00  -1.35695378e+01 
  7.58244817e+00  -2.54035955e-01   6.39632675e+00 
  5.13964234e+00  -7.11606772e-02   3.60617388e+00 
  7.03563106e+00   1.43659092e+00   6.06193817e-01 
  3.88571518e+00   1.77670361e+00  -1.59347135e+00 
  3.90845161e+00   1.49100332e+00  -5.30399932e+00 
  4.67230395e+00  -1.90763806e+00  -6.62425315e+00 
  5.42168887e+00  -2.83713485e+00  -3.03895632e+00 
  7.66975457e+00  -5.65072452e+00  -2.00960280e+00 
  8.70656144e+00  -6.09606395e+00   1.69902762e+00 
  1.14970054e+01  -8.38268737e+00   9.71548827e-01 
  8.70054500e+00   2.75851429e+00  -6.07444691e+00 
  9.25441126e+00  -8.67425939e-01  -5.40371116e+00 
  7.72718702e+00  -3.43740315e+00  -7.76809038e+00 
  8.55536488e+00   1.35922591e+00  -9.98038859e+00 
  7.69808206e+00   7.98588561e+00  -7.63979416e+00 
  4.49436911e+00   1.01986809e+01  -3.65615058e+00 
  3.62281040e+00   1.22991283e+00   9.33692785e+00 
 -1.66783740e-02   3.88340746e-01   8.40874712e+00 
 -1.74596982e+00   2.11752289e+00   5.57770596e+00 
  7.32316645e-01   3.43379982e+00   3.09245769e+00 
  3.39922581e+00   2.48109542e+00   5.62017876e+00 
  1.55247595e+00   4.49002072e+00   8.17496384e+00 
  1.95415800e+00   7.51407335e+00   5.91534637e+00 
  5.64311211e+00   6.80491477e+00   5.19488491e+00 
  3.78489588e+00   3.72983714e+00   1.51415865e+01 
  1.38787993e+00   4.82595163e+00   1.24261462e+01 
 -1.70625491e+00   2.60983209e+00   1.19361731e+01 
 -4.49719586e+00   4.01371414e+00   9.73434404e+00 
 -2.13808484e+00   6.26613576e+00   7.81182227e+00 
 -2.82124782e+00   8.44435598e+00   4.86456579e+00 
 -3.34299294e+00   1.28178680e+01  -7.10193489e-01 
 -7.73995611e+00   9.73978956e+00  -3.82171991e-01 
 -9.78264640e+00   8.25981675e+00  -3.27993307e+00 
 -5.59684860e+00   5.01110441e+00  -6.28956011e+00 
 -4.27448304e+00   8.59331925e+00  -5.70780634e+00 
  3.54301716e+00   1.57377616e+01   5.07219970e-01 
 -1.09258061e+01   3.34754538e+00   3.33577225e+00 
 -8.41190698e+00   5.74820563e+00   4.97528062e+00 
 -9.03970782e+00  -2.50958008e-01   7.94267067e+00 
 -8.45737667e+00  -3.84939260e+00   8.94991078e+00 
 -8.84859190e+00  -3.36930029e+00   1.27410298e+01 

   2.965312369320e+01 

  2.37664089e+00   2.57121174e+00   2.44934985e+00 
  2.59694743e+00   1.45666941e+00   3.46912913e+00 
  3.01806022e+00   1.69823144e-01   2.72612813e+00 
  2.35296058e+00  -8.89010190e-02   1.40371894e+00 
  2.85076402e+00  -9.10559901e-01   3.31272457e+00 
  1.16970909e+00   9.78707412e-01   3.34907643e+00 
  2.50389383e+00   1.03234682e+00   7.84840888e-01 
  1.36170394e+00   1.53060292e+00  -1.60914928e-02 
  4.03031637e-01   7.23046286e-01   3.27659000e-01 
  1.05797846e+00  -1.39810829e-01   1.39873411e+00 
  1.06974940e+00   3.30150239e+00   2.76153884e+00 
 -8.16875039e-03   2.66727303e+00   2.30768332e+00 
 -8.31290496e-01   3.24916076e+00   1.47804118e+00 
 -4.14271480e-01   4.48051660e+00   1.76034530e+00 
  7.18135504e-01   4.52090647e+00   2.37241856e+00 
 -6.45472539e-01   2.93209897e+00   1.31513558e-02 
 -1.07700135e+00   3.09009155e+00  -1.17464279e+00 
 -8.27892484e-01   4.34320334e+00  -1.64375209e+00 
 -4.24674307e-02   5.16263839e+00  -7.88859895e-01 
  1.18075085e+00   4.50397990e+00  -7.48621116e-01 
  6.65540263e-01   3.24935451e+00  -6.43589439e-01 
 -7.95448031e-01   6.68654636e+00  -4.89564858e-01 
  1.04520453e-01   7.23574445e+00   4.88636837e-01 
 -1.05672199e+00   7.21561365e+00  -1.75754872e+00 
 -2.36855437e+00   6.65232129e+00   2.73270817e-01 
  3.23196496e+00   3.88772655e+00   2.36558108e+00 
  3.72408378e+00  -2.09375245e+00   1.15299449e+01 
  7.51167616e+00  -1.03428994e+01   4.86944655e+00 
  6.85244821e+00  -5.25896161e+00   5.77920376e+00 
  8.17350410e+00  -5.30215219e+00   2.26295911e+00 
  1.19454210e+01  -5.00624678e+00   2.12624669e+00 
  1.04738569e+01  -1.38918818e+00   6.40150261e+00 
  1.39134507e+01   1.25943956e+00  -7.55218248e+00 
  1.08566303e+01   3.08486939e+00  -6.28015946e+00 
  9.96304455e+00   3.54566603e-01  -3.76036796e+00 
  1.34345357e+01  -1.36285291e+00  -3.75619514e+00 
 -8.22618871e+00   7.00876493e+00  -3.96772295e+00 
 -5.10364382e+00   5.04225483e+00  -3.55754224e+00 
 -3.56619502e+00   4.70775524e+00  -7.07781634e+00 
 -8.12175750e-01   2.24745281e+00  -5.96495366e+00 
  2.56111769e+00   2.06821479e+00  -7.52665929e+00 
  4.73574243e+00   5.03533672e+00  -6.93971934e+00 
  1.68556117e+00   6.62316624e+00  -5.37284758e+00 
  1.13208858e+00   1.03171627e+01  -5.09407635e+00 
 -2.28839810e+00   1.17203083e+01  -3.92844847e+00 
 -1.64339599e+00   1.51436480e+01  -5.11553221e+00 
  1.35724333e+00   3.96262419e+00  -1.20128862e+01 
  1.91896428e+00   7.19938564e+00  -1.02488166e+01 
  5.39462161e+00   7.98734386e+00  -8.89736780e+00 
  5.35786009e+00   4.52329552e+00  -1.29700585e+01 
  1.13634087e+00  -8.96926116e-01  -1.46805871e+01 
 -2.23406386e+00  -4.15411288e+00  -1.16704771e+01 
 -1.01861261e+01   3.73354133e+00  -5.09468190e-01 
 -7.97966948e+00   2.03122854e+00   2.14558774e+00 
 -5.59519219e+00  -7.00352386e-01   1.22469279e+00 
 -4.61553858e+00  -4.67958617e-01  -2.38601624e+00 
 -7.29301201e+00   2.20635390e+00  -2.68369478e+00 
 -9.73071234e+00  -2.12424991e-01  -1.20710465e+00 
 -8.95449453e+00  -2.56772395e+00  -4.08150312e+00 
 -9.15613066e+00   1.86187910e-01  -6.72832487e+00 
 -1.62684156e+01   2.54025806e+00   7.36237941e-01 
 -1.35575018e+01  -9.95105307e-02   6.78479084e-01 
 -1.14001224e+01  -3.46626780e-01   3.84227072e+00 
 -9.13760734e+00  -3.41197413e+00   4.14716237e+00 
 -8.95980435e+00  -3.91811414e+00   3.99215422e-01 
 -6.94669143e+00  -6.36429755e+00  -1.56578810e+00 
 -3.45983530e+00  -1.07113878e+01  -5.97287419e+00 
 -1.32433555e+00  -1.10032058e+01  -1.04642177e+00 
  2.37901845e+00  -1.14413929e+01  -1.22796476e-01 
  4.97442160e+00  -6.66196533e+00  -2.87122235e+00 
  2.76549096e+00  -8.56322380e+00  -5.40601878e+00 
 -7.64158387e+00  -8.58298784e+00  -1.19233281e+01 
 -1.33655228e+00  -7.58940904e+00   6.24599740e+00 
 -4.40367043e+00  -7.71619373e+00   3.93351870e+00 
 -4.65586293e+00  -3.10871874e+00   8.82198217e+00 
 -4.40970954e+00   1.61951545e-01   1.07046659e+01 
 -7.81540515e+00  -2.89791392e-02   1.24712740e+01 

   2.965312369320e+01 

  4.61230909e+00  -2.23647789e+00   1.76672142e+00 
  5.24645180e+00  -1.03167719e+00   2.45737884e+00 
  5.30132780e+00   1.48340106e-01   1.46243784e+00 
  4.13021556e+00   2.96210445e-01   5.32549522e-01 
  5.39913909e+00   1.29134501e+00   1.93496685e+00 
  3.90506391e+00  -5.03377381e-01   2.90620781e+00 
  4.00387922e+00  -8.90043175e-01   4.28260420e-02 
  2.62989985e+00  -1.41672848e+00  -1.27857490e-01 
  1.90998354e+00  -5.33694568e-01   4.97711310e-01 
  2.95937399e+00   4.06362799e-01   1.07715195e+00 
  3.57037763e+00  -2.86816005e+00   2.69090120e+00 
  2.39972376e+00  -2.23619236e+00   2.67285624e+00 
  1.30158963e+00  -2.86379872e+00   2.34937438e+00 
  1.80420178e+00  -4.07637284e+00   2.56589855e+00 
  3.08998043e+00  -4.10426173e+00   2.63376645e+00 
  8.36652462e-01  -2.71256362e+00   9.20416700e-01 
 -6.41078189e-02  -2.97520818e+00   5.92068170e-02 
 -3.68054969e-02  -4.28114424e+00  -3.23145792e-01 
  1.04348002e+00  -5.04104449e+00   2.01012397e-01 
  2.16208751e+00  -4.43932168e+00  -3.63221655e-01 
  1.73773968e+00  -3.15807197e+00  -1.93261106e-01 
  4.98793011e-01  -6.48810105e+00   9.67951883e-01 
  1.73456580e+00  -6.97183899e+00   1.52230159e+00 
 -2.81506498e-01  -7.13572499e+00   4.79288275e-03 
 -5.91992024e-01  -6.30032852e+00   2.32171798e+00 
  5.35294972e+00  -3.59273888e+00   1.47721273e+00 
  9.72456710e+00   3.29595802e+00   8.78752407e+00 
  1.02402547e+01   1.06089013e+01   2.42850572e-01 
  1.00567114e+01   5.68595127e+00   1.92794328e+00 
  9.73297094e+00   5.29529439e+00  -1.79410049e+00 
  1.30786726e+01   4.81181203e+00  -3.49883872e+00 
  1.36072342e+01   1.73989393e+00   1.38074822e+00 
  1.07064147e+01  -2.52780415e+00  -1.22912436e+01 
  8.50331552e+00  -4.06444519e+00  -9.63051516e+00 
  8.77281867e+00  -1.04421518e+00  -7.30500946e+00 
  1.19005731e+01   5.00991465e-01  -8.98735503e+00 
 -7.70416096e+00  -6.83143794e+00   1.07274400e+00 
 -4.71720873e+00  -4.97963200e+00  -1.25015514e-01 
 -4.84852640e+00  -5.09140383e+00  -3.97705799e+00 
 -1.89309055e+00  -2.65762182e+00  -4.44425984e+00 
  4.76915694e-01  -2.80149450e+00  -7.31001113e+00 
  2.70331856e+00  -5.78753618e+00  -7.37317094e+00 
  6.32402960e-01  -7.05726453e+00  -4.47852176e+00 
  2.67072424e-01  -1.06712966e+01  -3.56476015e+00 
 -2.31162508e+00  -1.17828664e+01  -8.92314240e-01 
 -2.22838342e+00  -1.53388658e+01  -1.83697741e+00 
 -2.53593156e+00  -5.10224318e+00  -1.05953786e+01 
 -1.25650562e+00  -8.15663476e+00  -8.88136050e+00 
  2.46516881e+00  -8.95758012e+00  -9.06874210e+00 
  6.63488378e-01  -5.94618804e+00  -1.31027547e+01 
 -3.90343627e+00  -5.47421021e-01  -1.34526817e+01 
 -5.65948531e+00   3.16303813e+00  -9.68725470e+00 
 -7.99440748e+00  -3.12109363e+00   4.63323163e+00 
 -4.86546523e+00  -1.25154369e+00   5.87022193e+00 
 -3.12111072e+00   1.25355475e+00   3.70757935e+00 
 -3.79258673e+00   5.95008124e-01   7.90281127e-02 
 -6.32677763e+00  -1.96860571e+00   1.26864339e+00 
 -7.89905160e+00   7.03429324e-01   3.35703416e+00 
 -8.44647717e+00   2.70262008e+00   1.76519200e-01 
 -9.75889653e+00  -3.03669523e-01  -1.79074572e+00 
 -1.29502011e+01  -1.52160387e+00   8.21815794e+00 
 -1.05389098e+01   9.68518058e-01   6.69969326e+00 
 -7.22948535e+00   1.44875970e+00   8.58171552e+00 
 -5.06808885e+00   4.42081265e+00   7.53121370e+00 
 -6.52503636e+00   4.51854194e+00   4.03798441e+00 
 -5.56474093e+00   6.64686298e+00   1.13182577e+00 
 -4.33441912e+00   1.03364160e+01  -4.81386795e+00 
 -2.85146740e-01   1.10486739e+01  -1.34810219e+00 
  3.45295824e+00   1.14097952e+01  -2.15809295e+00 
  4.62823238e+00   6.25097610e+00  -5.18103960e+00 
  1.53530839e+00   7.97368776e+00  -6.72552561e+00 
 -1.06645344e+01   7.78646880e+00  -8.10816891e+00 
  2.85994825e+00   8.43031642e+00   5.58631319e+00 
 -9.04829008e-01   8.45381993e+00   4.81382004e+00 
  9.92052335e-01   4.40643789e+00   9.83478028e+00 
  2.03798627e+00   1.34556974e+00   1.17942399e+01 
 -2.74333833e-01   1.88032524e+00   1.48147256e+01 

   2.965312369320e+01 

  5.01134220e+00  -5.22595372e-01  -9.74855368e-02 
  5.81256255e+00   5.63964012e-01   6.15342635e-01 
  5.38858603e+00   6.10814943e-01   2.09973095e+00 
  3.93109153e+00   3.85798382e-01   2.38806952e+00 
  5.61526649e+00   1.65698899e+00   2.72698430e+00 
  4.75385766e+00   1.60721796e+00   3.49570625e-01 
  3.67357484e+00  -6.92367952e-01   1.72910812e+00 
  2.38183835e+00  -7.60652481e-01   1.00723303e+00 
  1.94280329e+00   4.59233013e-01   1.09938667e+00 
  3.08846194e+00   1.17682068e+00   1.80167850e+00 
  4.48146909e+00   1.86380708e-02  -1.42603836e+00 
  3.37851129e+00   7.50701698e-01  -1.29297372e+00 
  2.27895413e+00   4.30187621e-01  -1.91961045e+00 
  2.88742217e+00  -3.46751114e-01  -2.81178226e+00 
  4.08471810e+00  -6.85154037e-01  -2.47925180e+00 
  1.25521754e+00  -3.47081677e-01  -1.12665742e+00 
  9.27866239e-02  -8.67087397e-01  -1.10710923e+00 
  2.55356259e-02  -1.99104029e+00  -1.87171052e+00 
  1.26327634e+00  -2.42296206e+00  -2.42002473e+00 
  2.01388198e+00  -2.75155274e+00  -1.29737943e+00 
  1.63356879e+00  -1.67977750e+00  -5.50908952e-01 
  1.16136097e+00  -2.66349542e+00  -4.12607566e+00 
  2.53871860e+00  -2.93967415e+00  -4.43438016e+00 
  8.56644336e-02  -3.53942908e+00  -4.30377348e+00 
  7.23690069e-01  -1.27406563e+00  -5.09338234e+00 
  5.63305715e+00  -1.81792805e+00  -7.35757799e-01 
  1.22881902e+01   6.55324221e+00   1.63880483e+00 
  8.83173123e+00   5.11463095e+00   1.22567052e+01 
  9.61718227e+00   3.16608593e+00   7.49278853e+00 
  7.79656744e+00   3.78961928e-01   9.23299885e+00 
  1.01513149e+01  -2.09555348e+00   1.08656485e+01 
  1.28161244e+01  -7.94102782e-01   5.89257668e+00 
  4.71910946e+00  -1.23774459e+01   9.60954773e+00 
  3.90262522e+00  -1.08646324e+01   6.24218426e+00 
  4.95911752e+00  -7.34344259e+00   7.28499015e+00 
  7.02142372e+00  -8.42505806e+00   1.03797921e+01 
 -6.22696058e+00  -4.62857591e-01  -6.95224149e+00 
 -4.10685500e+00  -9.63483679e-01  -3.94554520e+00 
 -5.82101277e+00  -3.71672534e+00  -1.86004956e+00 
 -3.45574594e+00  -3.31561912e+00   1.16001669e+00 
 -2.48687765e+00  -6.10996590e+00   3.41901640e+00 
 -3.38422906e-01  -8.72722944e+00   1.86615531e+00 
 -9.51325187e-01  -6.91422009e+00  -1.39225585e+00 
 -7.18455099e-01  -8.50680139e+00  -4.77443135e+00 
 -1.89291979e+00  -6.60268886e+00  -7.94022089e+00 
 -2.02787627e+00  -9.59763012e+00  -1.00748317e+01 
 -6.47037935e+00  -9.05663561e+00   2.63595552e+00 
 -4.43995180e+00  -1.01928273e+01  -2.77895740e-01 
 -1.09702108e+00  -1.19099349e+01   3.57589644e-01 
 -4.56354607e+00  -1.22892819e+01   4.41062463e+00 
 -9.13264453e+00  -7.72969859e+00   7.31914217e+00 
 -9.35263696e+00  -2.16496327e+00   7.44153514e+00 
 -5.20094988e+00   4.53739577e+00  -6.26468169e+00 
 -1.94110422e+00   5.72582655e+00  -4.59834435e+00 
 -1.38381852e+00   5.32349615e+00  -9.20997929e-01 
 -3.46766814e+00   2.52833142e+00   4.55800013e-01 
 -5.14355973e+00   2.43226383e+00  -2.94884128e+00 
 -5.84036835e+00   6.08792681e+00  -2.59701949e+00 
 -7.76140333e+00   5.29575122e+00   5.80117007e-01 
 -9.61686535e+00   2.33508161e+00  -9.76176404e-01 
 -8.29373307e+00   9.52309902e+00  -8.61997575e+00 
 -6.86233597e+00   9.37466535e+00  -5.11999890e+00 
 -3.09946109e+00   1.00662794e+01  -4.82441036e+00 
 -1.72521613e+00   1.06319689e+01  -1.30308480e+00 
 -4.50485744e+00   8.64734780e+00   3.30858613e-01 
 -4.94927590e+00   7.70068476e+00   3.90912594e+00 
 -6.49137445e+00   5.54341586e+00   1.05004755e+01 
 -1.41040095e+00   7.29116702e+00   1.02894673e+01 
  1.62927149e+00   5.88304509e+00   1.21702933e+01 
  1.70447896e+00   7.00057228e-02   1.03438741e+01 
 -1.83426543e+00   9.82203716e-01   1.15946875e+01 
 -1.34783813e+01   3.37895766e+00   8.52010557e+00 
  4.46121168e+00   9.58732380e+00   5.28093816e+00 
  7.20070864e-01   1.01355673e+01   4.59235967e+00 
  4.73617120e+00   1.05127792e+01  -7.85200297e-01 
  6.65687388e+00   9.61246836e+00  -3.91612912e+00 
  5.78468520e+00   1.27528016e+01  -5.94928322e+00 

   2.965312369320e+01 

  1.87794945e-01   1.23341248e+00   3.15436822e+00 
  1.55943879e+00   1.90330830e+00   3.17721807e+00 
  2.17510617e+00   1.83938447e+00   1.76221729e+00 
  1.92179253e+00   5.83466645e-01   9.77001132e-01 
  3.40667661e+00   1.95634378e+00   1.66805952e+00 
  2.26159707e+00   5.98747507e-01   3.46870477e+00 
  6.44478040e-01   4.37436624e-01   1.07765167e+00 
  1.27395779e-01  -9.34818625e-01   1.28715357e+00 
  1.21194976e+00  -1.61188162e+00   1.52101906e+00 
  2.28780883e+00  -5.33363108e-01   1.52318672e+00 
  5.42003398e-02   2.96406842e-01   4.35558622e+00 
  6.38666622e-01  -8.84140176e-01   4.16891228e+00 
 -4.26892985e-02  -1.99395227e+00   4.26110802e+00 
 -1.04474923e+00  -1.44727251e+00   4.94437576e+00 
 -1.06829302e+00  -1.60484814e-01   4.89711359e+00 
 -5.29768866e-01  -2.59374282e+00   2.96343184e+00 
 -1.12660655e+00  -3.56528578e+00   2.39604945e+00 
 -2.46704587e+00  -3.54575933e+00   2.63110066e+00 
 -2.93997456e+00  -2.40503652e+00   3.33416318e+00 
 -2.67549588e+00  -1.35737444e+00   2.45999596e+00 
 -1.44242844e+00  -1.79145802e+00   2.08359906e+00 
 -3.88507643e+00  -2.84424586e+00   4.70992859e+00 
 -4.10057674e+00  -1.55187880e+00   5.30304525e+00 
 -4.87479751e+00  -3.69713239e+00   4.21093350e+00 
 -3.09284567e+00  -3.80732728e+00   5.93573354e+00 
 -1.17249564e+00   1.97275364e+00   3.42784928e+00 
  8.14250550e+00   6.85995570e+00   6.48592795e+00 
  1.09004116e+01   6.41595428e+00  -4.42064509e+00 
  7.23865796e+00   6.49704387e+00  -7.20152182e-01 
  5.24701103e+00   5.83484953e+00  -3.83557698e+00 
  3.98410341e+00   9.01594509e+00  -5.45400292e+00 
  3.38055425e+00   1.00649573e+01   2.08304788e-01 
 -6.43603903e+00   5.98985739e+00  -9.82062433e+00 
 -6.58565596e+00   4.07908314e+00  -6.56164529e+00 
 -2.85461934e+00   4.49992572e+00  -5.85125436e+00 
 -2.28451544e+00   7.42246857e+00  -8.32805128e+00 
 -3.96384883e+00  -1.09920733e+01   5.72186690e+00 
 -2.90116514e+00  -8.17093234e+00   3.55448044e+00 
 -4.70472322e+00  -8.65976944e+00   1.81620363e-01 
 -2.79612525e+00  -5.81416106e+00  -1.58923826e+00 
 -4.24722478e+00  -3.72023326e+00  -4.30215845e+00 
 -7.00102771e+00  -1.44569879e+00  -3.24368492e+00 
 -6.81074382e+00  -3.20875729e+00   9.32766016e-02 
 -9.63698441e+00  -3.40900903e+00   2.54315787e+00 
 -9.39207680e+00  -5.70170688e+00   5.65937225e+00 
 -1.29994951e+01  -5.63065104e+00   6.38458516e+00 
 -7.69755241e+00  -6.97707829e+00  -5.93081812e+00 
 -9.70432336e+00  -5.47733414e+00  -3.16898275e+00 
 -1.05879988e+01  -1.77314595e+00  -3.32896210e+00 
 -9.63581183e+00  -4.00894536e+00  -8.09155942e+00 
 -4.85046846e+00  -8.70382796e+00  -1.03685094e+01 
  1.82096658e-01  -1.01792745e+01  -8.49074429e+00 
  9.45216707e-01  -1.10276725e+01   7.27999986e+00 
  3.09914239e+00  -7.83769810e+00   7.26241235e+00 
  4.34759397e+00  -6.35779493e+00   4.06138610e+00 
  2.16499807e+00  -7.35159497e+00   1.18048618e+00 
  4.50663659e-01  -9.70749369e+00   3.61363694e+00 
  3.80557544e+00  -1.11346049e+01   4.43893282e+00 
  4.20071837e+00  -1.20202557e+01   7.68565186e-01 
  6.64069239e-01  -1.34459638e+01   4.68861294e-01 
  4.07703907e+00  -1.56594841e+01   1.02309260e+01 
  5.58257268e+00  -1.34551122e+01   7.54859832e+00 
  6.77301778e+00  -9.99518462e+00   8.70474330e+00 
  8.92333892e+00  -8.00613649e+00   6.24952557e+00 
  7.49598695e+00  -9.78540562e+00   3.22764442e+00 
  8.09484452e+00  -9.14740900e+00  -3.96166513e-01 
  8.74057673e+00  -8.55875911e+00  -7.44700249e+00 
  1.08240429e+01  -4.21917104e+00  -5.05063140e+00 
  1.07057301e+01  -5.81938984e-01  -6.28208074e+00 
  4.71686360e+00   4.16115978e-01  -6.80194011e+00 
  5.64554600e+00  -2.84418361e+00  -8.65324962e+00 
  5.13675891e+00  -1.51130039e+01  -8.66330044e+00 
  1.14789900e+01  -3.83170327e-01   1.99845917e+00 
  1.12416440e+01  -4.20335196e+00   1.65100406e+00 
  9.79599611e+00  -1.75809686e+00   7.74364976e+00 
  7.89733694e+00  -4.67653507e-01   1.07490155e+01 
  9.76602865e+00  -2.49810108e+00   1.34213544e+01 

   2.965312369320e+01 

