  3.82520203e+00  -1.80355443e+00   2.06683544e+00 
  2.68551117e+00  -6.57367086e+00  -1.50899044e+00 
 -8.67805171e-02  -2.76891512e+00   2.64233092e-01 
  2.60697007e+00  -5.17980129e+00  -1.21430829e+00 
  1.06002882e+00  -3.42469754e+00  -1.06040443e-01 
  2.26145724e+00  -7.28906757e+00  -3.67842060e-01 
  1.36068948e+00  -5.03867774e+00   2.11032363e+00 
  1.01460375e+00  -1.82724666e+00   1.82046827e+00 
  1.55826302e-02  -5.50140371e+00   2.04257096e+00 
  2.35514933e-01   2.87592798e+00  -7.81066763e-01 
  1.91941571e+00  -5.34052925e+00   8.84799069e-01 
  7.93663453e-01   1.12738126e+00   1.49591458e+00 
  1.53196864e-01  -1.54197371e+00   7.51255730e-01 
  3.07944858e+00  -4.97840476e+00   1.12325347e-01 
  2.29077672e+00  -2.91991361e+00   3.14785484e-01 
  2.01287904e+00  -6.74995502e+00   8.53899321e-01 
  2.21690830e+00  -2.47871315e+00   1.67476509e+00 
  2.03855519e-01   2.39271464e+00   1.29734683e+00 
  7.65600340e-01   5.48825269e-01   2.51505074e-01 
 -5.52985060e-01   6.74711577e-01   1.50995286e+00 
 -1.52397205e+00   9.37808834e-01   2.39940694e+00 
 -2.76722463e+00   1.75905110e+00   2.18026862e+00 
 -1.19754608e+00   1.51175264e+00   3.76592284e+00 
 -1.20750432e+00   2.92960655e+00   3.44384604e+00 
 -4.11078827e+00   3.89317327e+00   2.69599565e+00 
 -3.85263314e+00   5.16468389e+00   3.45124001e+00 
  6.39433488e-01   3.25780228e+00   5.09600752e-01 
  5.93198092e-01   1.38051801e+00  -6.81374212e-01 
 -4.50843956e-01   3.05805782e+00   2.30772765e+00 
 -6.88421611e-02  -5.14412577e-01  -8.97954739e-02 
 -3.03828936e+00   3.14469238e+00   2.13192871e+00 
 -3.30910593e+00   1.16304060e+00   3.12720530e+00 
 -3.14818130e+00   6.05597997e+00   2.66106587e+00 
  3.38617314e+00  -3.66803359e+00   3.21948729e-01 
  6.73742585e-01  -7.15571699e+00   1.87015677e+00 
  1.57249599e+01   2.40352666e+00   2.05308750e+00 
  3.79119049e+00   6.52890753e+00   8.87628040e+00 
  9.51409358e-01   5.92421197e+00   6.57088631e+00 
 -1.13873886e+00   3.67187350e+00   8.76172613e+00 
 -1.62269253e+00   6.18512809e-01   1.09200462e+01 
 -2.48972674e+00  -2.39450760e+00   8.66959437e+00 
 -3.81406140e+00  -5.68272811e+00   9.99437010e+00 
 -5.65329675e-01  -7.53664685e+00   9.57174213e+00 
  1.78770013e+00  -4.64682657e+00   1.02341225e+01 
  2.41265534e+00  -9.33309467e-01   9.97687772e+00 
  2.80919136e+00   6.81135906e-01   6.56810056e+00 
  5.20569648e+00   3.53489363e+00   6.11783766e+00 
  6.01806715e+00   6.06234088e+00   3.42197529e+00 
  9.58964672e+00   6.18402529e+00   2.39561190e+00 
  1.23134543e+01   6.44253794e+00  -1.87336709e-01 
  1.42926875e+01   3.64840670e+00  -1.76884700e+00 
  9.08811056e+00   6.64210908e+00  -3.39892086e+00 
  7.83223449e+00   3.48489050e+00  -1.73258770e+00 
  5.43435252e+00   2.13029631e+00   8.24545896e-01 
  7.10573956e+00  -8.96777367e-02   3.40667884e+00 
  5.15135585e+00  -2.55774294e+00   5.50281628e+00 
  6.83958261e+00  -3.93297690e+00   8.60003479e+00 
  5.31836628e+00  -7.08199918e+00   1.00642730e+01 
  4.44940461e+00  -7.48221910e+00   1.37936330e+01 
  3.94851547e+00  -1.14270026e+01  -4.59436763e+00 
  6.78987321e+00  -1.00386706e+01  -6.69409278e+00 
  6.05610986e+00  -1.21300447e+01  -9.82182070e+00 
 -2.47598928e+00  -5.63928340e+00  -9.17125353e+00 
  2.89536768e-01  -4.22682820e+00  -6.97094936e+00 
  3.63259819e+00  -5.94664941e+00  -7.07519249e+00 
  6.11641652e+00  -6.42124852e+00  -4.25590526e+00 
  9.47421469e+00  -4.88830336e+00  -5.26511272e+00 
  1.18664978e+01  -5.99854696e+00  -2.54896985e+00 
  9.97904317e+00  -5.40582900e+00   5.80494370e+00 
  8.15511254e+00  -5.54065519e+00   2.46823456e+00 
  8.85095791e+00  -2.77726554e+00  -9.88466175e-02 
  6.43777987e+00  -1.78430106e+00  -2.87650960e+00 
  5.74721870e+00   1.23042103e+00  -5.09459378e+00 
  3.91758520e+00   4.00269174e+00  -3.21355470e+00 
  2.70460400e-01   8.62480129e+00  -4.04349209e+00 
 -3.54839566e+00   8.72505105e+00  -3.88589900e+00 
 -3.82115508e+00   6.22000075e+00  -9.81476364e-01 
 -6.46466058e+00   3.54707720e+00  -4.68086984e-01 
 -9.78177703e+00   3.56054934e+00  -2.31336205e+00 
 -1.18807657e+01   3.39351709e+00   8.59783519e-01 
 -8.52101168e+00  -1.02096581e+01   2.42869367e+00 
 -9.99129399e+00  -8.18250606e+00  -4.22660936e-01 
 -1.16598850e+01  -5.00891633e+00   7.79446886e-01 
 -1.17826707e+01  -1.36566672e+00  -3.11550887e-01 
 -9.00528252e+00  -7.60375075e-01   2.18578041e+00 
 -6.82857731e+00  -3.11122818e+00   1.23751326e-01 
 -7.42474829e+00  -1.41603580e+00  -3.18346271e+00 
 -5.06001321e+00   1.46085647e+00  -3.84498561e+00 
 -5.38142463e+00   4.42972530e+00  -6.15911548e+00 
 -2.51680691e+00   4.94699646e+00  -8.62603042e+00 
 -4.59161331e+00   7.69705727e+00  -1.02702868e+01 
 -6.55089059e+00   3.60473966e+00  -1.22393001e+01 
 -6.91246855e+00   1.38766008e+00  -9.13422311e+00 
 -4.95682513e+00  -1.67567648e+00  -8.02126444e+00 
 -5.33063862e+00  -4.56571702e+00  -5.60162189e+00 
 -2.69606170e+00  -5.08444686e+00  -2.89157158e+00 
 -2.17007261e+00  -7.26069466e+00   1.70957943e-01 
 -2.80707871e+00  -1.06534983e+01  -1.38349226e+00 
 -1.06647212e+00  -1.36664690e+01   1.03541372e-01 
 -2.73521617e-01  -1.22140817e+01   3.51764024e+00 
 -3.35430491e+00  -1.36851222e+01   5.10044826e+00 
  2.73544702e+00   1.26114451e+01   5.03580706e-01 
  5.76749797e+00   1.47183445e+01  -4.33552229e-01 

   1.939722357468e+01 

  1.59403645e+00  -4.08721375e+00   1.86364829e-01 
 -2.72865970e+00  -4.20050326e+00   4.44562567e+00 
 -8.32331316e-01  -6.25713144e-01   1.45737209e+00 
 -2.25673095e+00  -3.84629284e+00   3.14652921e+00 
 -1.13302169e+00  -1.90338439e+00   1.85660666e+00 
 -1.76477231e+00  -3.78790409e+00   5.39142488e+00 
  8.58299492e-01  -2.24113472e+00   3.73492473e+00 
  9.72769560e-01  -1.36835382e+00   6.13680049e-01 
  5.47645806e-01  -1.01398093e+00   4.38729474e+00 
 -1.03230617e+00  -6.04003311e-02  -4.26110975e+00 
 -3.11281921e-01  -2.97401698e+00   3.74587514e+00 
  1.03430105e+00  -6.67231378e-01  -2.28262000e+00 
 -1.52186581e-01  -5.91476496e-01   3.01347547e-01 
 -8.63796692e-01  -4.12906274e+00   3.08693851e+00 
 -4.85313551e-01  -2.97289391e+00   1.23751017e+00 
 -5.24515071e-01  -3.31699437e+00   5.09975763e+00 
  9.00454117e-01  -2.67523041e+00   1.03570317e+00 
  9.35914235e-01   1.11131750e-01  -3.45430515e+00 
 -2.70747970e-01  -8.76726200e-01  -1.91243565e+00 
  8.05143116e-01   5.72069737e-01  -1.62672327e+00 
  1.58437956e+00   1.66496387e+00  -1.58836109e+00 
  1.31678472e+00   3.00217104e+00  -2.22742566e+00 
  3.04853795e+00   1.59510996e+00  -1.98166680e+00 
  2.92770672e+00   1.81954123e+00  -3.41315103e+00 
  1.93889089e+00   4.74856084e+00  -4.01313436e+00 
  2.89082104e+00   4.80194288e+00  -5.17277187e+00 
  3.41171634e-01  -2.48181077e-01  -4.49153535e+00 
 -1.09391671e+00  -6.62826851e-01  -2.84430038e+00 
  1.93195446e+00   9.78551301e-01  -3.83858183e+00 
 -8.64716874e-01  -2.84586119e-01  -7.98949945e-01 
  1.42518824e+00   3.50620283e+00  -3.54271763e+00 
  2.09073595e+00   3.53018819e+00  -1.41026871e+00 
  2.33411995e+00   4.18228893e+00  -6.27786202e+00 
 -4.35377300e-01  -4.17557326e+00   1.79489178e+00 
  2.37237751e-01  -1.96796296e+00   5.86824106e+00 
  3.75660244e+00  -1.49901914e+01  -5.79312825e+00 
  9.42637178e+00  -1.84720845e+00  -6.84464920e+00 
  6.70024952e+00   5.74299797e-01  -6.17435238e+00 
  8.25799638e+00   2.46045719e+00  -3.30078874e+00 
  9.88780251e+00   2.63056163e+00   9.48498406e-02 
  7.14578526e+00   2.70384643e+00   2.80973141e+00 
  7.81262453e+00   3.56428025e+00   6.43413156e+00 
  7.57577953e+00   1.34524324e-02   7.66109228e+00 
  8.94132599e+00  -1.70780690e+00   4.57902931e+00 
  9.28734145e+00  -1.69317165e+00   8.20430310e-01 
  6.21936060e+00  -2.16695136e+00  -1.35817050e+00 
  6.49392792e+00  -4.05791581e+00  -4.58908966e+00 
  4.30771813e+00  -4.70032137e+00  -7.60957952e+00 
  3.79553092e+00  -8.28463111e+00  -8.45501429e+00 
  1.66143055e+00  -1.11844584e+01  -9.54786676e+00 
 -1.28463488e-02  -1.37846631e+01  -7.38883520e+00 
 -1.89402603e+00  -8.34247517e+00  -9.74481907e+00 
 -8.64697638e-01  -7.48886814e+00  -6.20451230e+00 
  1.13574549e+00  -5.10376886e+00  -4.09899089e+00 
  3.58545981e+00  -6.84956700e+00  -1.78808551e+00 
  5.03855143e+00  -5.14451046e+00   1.25922246e+00 
  8.11306192e+00  -6.70209393e+00   2.82619919e+00 
  8.90969160e+00  -5.60938958e+00   6.36821277e+00 
  1.23973463e+01  -4.42479147e+00   7.48906325e+00 
 -6.25989116e+00  -6.62608697e+00   8.48511439e+00 
 -7.74744149e+00  -9.38946179e+00   6.34957818e+00 
 -1.12046758e+01  -9.37956869e+00   8.00555523e+00 
 -1.08086473e+01   1.81710747e-01   3.12951274e+00 
 -8.08357795e+00  -2.03630026e+00   1.66699081e+00 
 -7.97676903e+00  -5.62122970e+00   2.79907248e+00 
 -4.94363886e+00  -7.82873947e+00   3.31858428e+00 
 -5.27195166e+00  -1.09535124e+01   1.13425591e+00 
 -2.44040413e+00  -1.31946394e+01   2.27124897e+00 
  5.58643810e+00  -1.03365211e+01   3.32133004e+00 
  2.04943079e+00  -8.93810991e+00   3.20926394e+00 
  6.68427959e-03  -9.41098490e+00  -2.27913284e-03 
 -2.90428481e+00  -7.17675338e+00  -1.03149601e+00 
 -4.75530592e+00  -6.21104878e+00  -4.21368902e+00 
 -2.77013864e+00  -3.72853671e+00  -6.32733568e+00 
 -3.43197310e+00   5.63571354e-01  -1.03886352e+01 
 -3.77462881e+00   4.33456684e+00  -9.85878435e+00 
 -1.30841978e+00   4.47563578e+00  -6.91204463e+00 
 -1.52904562e+00   6.64694715e+00  -3.80834943e+00 
 -3.78190260e+00   9.69428395e+00  -3.59194798e+00 
 -9.72355986e-01   1.20630072e+01  -2.59285802e+00 
 -8.68890395e-01   6.55062930e+00   1.03839897e+01 
 -3.58260167e+00   8.03648705e+00   8.18641694e+00 
 -2.18644807e+00   1.03584137e+01   5.54817678e+00 
 -2.76835791e+00   1.10016956e+01   1.84328906e+00 
  1.37856946e-01   8.66217917e+00   1.21281427e+00 
 -1.92004954e+00   5.89465558e+00   2.83219241e+00 
 -5.01006749e+00   6.41734055e+00   7.47661545e-01 
 -4.94383745e+00   4.53860359e+00  -2.53441240e+00 
 -6.84605571e+00   5.12463740e+00  -5.74545402e+00 
 -8.81155234e+00   2.14522399e+00  -7.09421355e+00 
 -1.03215205e+01   4.48089636e+00  -9.70877428e+00 
 -1.30831976e+01   5.46325335e+00  -5.72493648e+00 
 -1.03920505e+01   5.76375494e+00  -3.01288386e+00 
 -9.46282511e+00   3.43178022e+00  -1.58811679e-01 
 -7.53922581e+00   3.55128312e+00   3.10188740e+00 
 -4.59920826e+00   1.17662168e+00   3.62323453e+00 
 -1.82534959e+00   6.11302172e-01   6.14871039e+00 
 -3.90628767e+00   4.68201223e-01   9.30820871e+00 
 -2.63179737e+00  -1.60389510e+00   1.22066832e+01 
  1.02579594e+00  -1.75317715e+00   1.12096612e+01 
  1.96262665e+00   1.17374537e+00   1.33813025e+01 
  1.91246152e+00  -6.52260070e-01  -1.39388298e+01 
  1.69087709e+00  -3.34941700e+00  -1.66196504e+01 

   1.939722353785e+01 

 -2.83209876e+00  -7.91027500e-02   1.30668194e+00 
 -1.73074004e+00   4.95905116e+00  -1.89388377e+00 
  1.16721084e+00   1.58175357e+00   4.51293982e-01 
 -1.48882197e+00   3.58508335e+00  -1.59468536e+00 
  4.00735096e-02   2.05837197e+00  -1.68931191e-01 
 -1.70023881e+00   5.68489736e+00  -6.83080043e-01 
 -1.01712984e+00   3.50740648e+00   1.92631168e+00 
 -8.26862208e-02   4.09425027e-01   1.71028093e+00 
  2.11913712e-01   4.18413297e+00   2.17021631e+00 
  2.03664529e+00  -3.99161734e+00  -6.63305657e-01 
 -1.32815977e+00   3.76634703e+00   6.06701604e-01 
  6.96165378e-01  -2.45415784e+00   1.43260086e+00 
  1.03242956e+00   3.12694092e-01   8.65422704e-01 
 -2.20730419e+00   3.25417393e+00  -4.12290397e-01 
 -1.15162426e+00   1.34378672e+00  -4.29812963e-02 
 -1.64644355e+00   5.14211090e+00   5.60931828e-01 
 -1.31295569e+00   8.63364141e-01   1.29597548e+00 
  1.51847509e+00  -3.59787921e+00   1.36912789e+00 
  9.06424409e-01  -1.82664561e+00   2.30067726e-01 
  1.91001650e+00  -1.79058563e+00   1.75638685e+00 
  2.68598095e+00  -1.93044931e+00   2.84332292e+00 
  4.06593885e+00  -2.52983021e+00   2.91116614e+00 
  2.16110905e+00  -2.60671068e+00   4.09653425e+00 
  2.48004748e+00  -3.98942923e+00   3.77947953e+00 
  5.59620516e+00  -4.43845645e+00   3.71182535e+00 
  5.39092837e+00  -5.76582166e+00   4.38245839e+00 
  1.42234042e+00  -4.48801318e+00   4.99024465e-01 
  1.42090813e+00  -2.57935115e+00  -6.41970950e-01 
  2.03074290e+00  -4.19057747e+00   2.49984015e+00 
  1.60649409e+00  -6.28955948e-01   9.32219465e-02 
  4.56856009e+00  -3.85009102e+00   2.92036619e+00 
  4.27347206e+00  -1.89458521e+00   3.95946582e+00 
  5.04169581e+00  -6.72514684e+00   3.44819503e+00 
 -2.32978933e+00   1.90375588e+00  -2.83761283e-01 
 -6.57620196e-01   5.71592706e+00   1.85849731e+00 
 -1.35485807e+01  -6.15160964e+00  -1.44809906e+00 
 -2.93888362e+00  -8.57630640e+00   7.90849694e+00 
  2.04677652e-01  -7.42330588e+00   6.31688039e+00 
  1.34158569e+00  -4.95701791e+00   8.93726236e+00 
  8.10089564e-01  -1.95949799e+00   1.11616598e+01 
  1.64508875e+00   1.24642112e+00   9.18187161e+00 
  2.06857946e+00   4.64666827e+00   1.07882170e+01 
 -1.26471865e+00   5.96673429e+00   9.64080447e+00 
 -3.18939011e+00   2.70892699e+00   9.73505915e+00 
 -3.11064938e+00  -1.04257241e+00   9.32624289e+00 
 -2.45441232e+00  -2.55448582e+00   5.91058163e+00 
 -4.17652773e+00  -5.73678714e+00   4.91192118e+00 
 -3.92725047e+00  -8.24623791e+00   2.09126632e+00 
 -7.10435088e+00  -8.90071446e+00   2.74104800e-01 
 -9.09457765e+00  -9.48720262e+00  -2.86480818e+00 
 -1.11056542e+01  -6.98583745e+00  -4.84581922e+00 
 -5.24252482e+00  -9.02651391e+00  -5.25361758e+00 
 -4.93970902e+00  -5.78092263e+00  -3.33102245e+00 
 -3.43976793e+00  -4.16542007e+00  -2.87330891e-01 
 -5.99622617e+00  -2.35615740e+00   1.85282056e+00 
 -5.00441100e+00   3.04846519e-01   4.35084619e+00 
 -7.55173939e+00   1.25675840e+00   6.98505182e+00 
 -6.94736467e+00   4.54574869e+00   8.77161807e+00 
 -7.01930307e+00   4.92344121e+00   1.26024806e+01 
 -3.06039944e+00   9.67023770e+00  -5.16618728e+00 
 -5.08332120e+00   7.93042285e+00  -7.86625198e+00 
 -4.02485873e+00   1.02431364e+01  -1.07343338e+01 
  5.10385956e+00   5.19671451e+00  -8.17487145e+00 
  2.19021873e+00   3.26377609e+00  -6.67185999e+00 
 -1.28286067e+00   4.42290455e+00  -7.53145069e+00 
 -4.38077748e+00   4.36990726e+00  -5.35362342e+00 
 -7.12065895e+00   2.35791912e+00  -7.11096930e+00 
 -1.02137894e+01   2.95077098e+00  -5.00998258e+00 
 -1.01826234e+01   2.31899306e+00   3.55166085e+00 
 -7.70355974e+00   2.88792102e+00   7.21631369e-01 
 -7.33196451e+00   1.59269282e-01  -1.94798411e+00 
 -4.22454873e+00  -3.12006522e-01  -4.10360287e+00 
 -2.55863053e+00  -3.07886837e+00  -6.11713889e+00 
 -7.62203185e-01  -5.59552848e+00  -3.87873179e+00 
  3.69809294e+00  -9.52746616e+00  -3.87087432e+00 
  7.34515463e+00  -9.01510003e+00  -2.84375576e+00 
  6.53471981e+00  -6.62384046e+00   5.63133387e-02 
  8.50994217e+00  -3.58252652e+00   1.17219487e+00 
  1.21115164e+01  -2.98119646e+00   1.35144974e-01 
  1.33844688e+01  -2.61091637e+00   3.70517933e+00 
  7.53246588e+00   1.01908869e+01   4.51957983e+00 
  9.92425273e+00   8.55056239e+00   2.07212743e+00 
  1.17859503e+01   5.64085482e+00   3.61113817e+00 
  1.27582940e+01   2.11483982e+00   2.56216516e+00 
  9.63151571e+00   9.63241187e-01   4.35493382e+00 
  7.61307442e+00   3.01589613e+00   1.85913424e+00 
  9.21285160e+00   1.58070142e+00  -1.23078082e+00 
  7.57267695e+00  -1.61034172e+00  -2.42791341e+00 
  8.89818814e+00  -4.38767689e+00  -4.61928030e+00 
  6.78994103e+00  -5.25696042e+00  -7.67850823e+00 
  9.61123433e+00  -7.56320071e+00  -8.81556958e+00 
  1.12509232e+01  -3.12834814e+00  -1.02669122e+01 
  1.05287627e+01  -1.01509531e+00  -7.15234861e+00 
  7.88901753e+00   1.64170341e+00  -6.50392671e+00 
  7.22033019e+00   4.44935649e+00  -4.05104682e+00 
  3.99485640e+00   4.42007294e+00  -2.01387506e+00 
  2.43707303e+00   6.35127231e+00   8.55931586e-01 
  2.83117889e+00   9.86500425e+00  -4.97455590e-01 
  3.22104582e-01   1.24911686e+01   5.64122842e-01 
 -9.64467768e-01   1.07867362e+01   3.70004198e+00 
  1.39075347e+00   1.26686900e+01   5.95209465e+00 
  9.75175089e-01  -1.40488068e+01  -2.53171248e-02 
 -1.37228028e+00  -1.65770240e+01  -1.64029317e+00 

   1.939722347187e+01 

 -2.42302106e+00   8.77953673e-01  -3.28454208e+00 
 -5.46855616e+00  -1.58234618e+00   1.35344039e+00 
 -1.13457399e+00   9.37032102e-01   9.36935798e-01 
 -4.26777044e+00  -1.37194005e+00   6.12046098e-01 
 -2.18720130e+00   1.65261280e-01   5.14415440e-01 
 -6.06693445e+00  -3.24996009e-01   1.58767393e+00 
 -4.07455651e+00   2.15286463e+00   2.06562148e-01 
 -1.07906714e+00   1.82824868e+00  -9.92916774e-01 
 -3.83089386e+00   2.68221113e+00   1.50595248e+00 
  3.77480537e+00  -5.07644404e-01  -1.68439920e+00 
 -4.40952874e+00   8.28191801e-01   4.01950818e-01 
  1.63973391e+00   1.43618045e+00  -2.14972768e+00 
 -2.58717900e-01   1.19977701e+00  -4.49197726e-02 
 -4.52240278e+00  -3.79216110e-01  -3.74587699e-01 
 -2.39530994e+00   1.15492606e-03  -8.55405019e-01 
 -5.67192771e+00   8.51695730e-01   1.03591366e+00 
 -2.18911396e+00   1.23661357e+00  -1.54881191e+00 
  3.04701430e+00   1.42085707e+00  -2.23717659e+00 
  1.34446288e+00   3.56885110e-01  -1.35475400e+00 
  1.88020203e+00   2.03958293e+00  -8.86122469e-01 
  2.42839773e+00   3.23394640e+00  -6.10309018e-01 
  3.76191015e+00   3.50100516e+00   3.66634105e-02 
  2.55971640e+00   4.29996022e+00  -1.68257518e+00 
  3.84493016e+00   3.92106197e+00  -2.24722158e+00 
  6.16774423e+00   4.39168516e+00  -1.73644291e-01 
  7.03193865e+00   4.88674402e+00  -1.29697449e+00 
  3.71491332e+00   4.69468335e-01  -2.69259377e+00 
  2.29273565e+00  -4.70390247e-01  -1.26466400e+00 
  3.77610576e+00   2.56722029e+00  -2.45274357e+00 
  8.68575798e-01   4.63749341e-01  -4.88537696e-02 
  5.09979344e+00   3.48113064e+00  -4.16573181e-01 
  3.35310559e+00   4.62378639e+00   3.79844746e-01 
  7.59454473e+00   3.81918551e+00  -1.97443484e+00 
 -3.56247246e+00  -4.01211800e-01  -1.34060719e+00 
 -5.55030018e+00   2.35765568e+00   1.87735709e+00 
 -4.38488283e+00  -4.36781700e+00  -1.45956222e+01 
  3.76500517e+00   6.53012134e+00  -1.00343183e+01 
  4.93876264e+00   5.66323246e+00  -6.62619645e+00 
  3.62955383e+00   8.66586497e+00  -4.75224886e+00 
  8.72348500e-01   1.10206397e+01  -3.71863442e+00 
 -9.83295325e-01   9.53553610e+00  -6.77943339e-01 
 -3.41813407e+00   1.15001961e+01   1.45114697e+00 
 -6.49426717e+00   9.88123975e+00   6.68036357e-03 
 -5.19968476e+00   9.31477591e+00  -3.50469219e+00 
 -2.23179535e+00   8.58230591e+00  -5.71877494e+00 
 -4.87567277e-01   5.22278938e+00  -5.48509403e+00 
  9.28237551e-01   3.63174572e+00  -8.57608047e+00 
  3.15770677e+00   6.86464267e-01  -9.39486128e+00 
  1.73769236e+00  -1.74142273e+00  -1.18265972e+01 
  1.07858384e+00  -5.23574287e+00  -1.30566577e+01 
 -2.03416179e+00  -7.31547412e+00  -1.25971806e+01 
  3.27328214e+00  -6.81505773e+00  -9.38978897e+00 
  8.66687337e-01  -4.57773101e+00  -7.51239277e+00 
  4.24787854e-01  -1.17233515e+00  -5.98537520e+00 
 -2.69210683e+00   6.14253884e-01  -7.20283945e+00 
 -4.23789463e+00   3.48828213e+00  -5.29095146e+00 
 -6.70974540e+00   5.68053768e+00  -7.13974473e+00 
 -8.95258081e+00   7.84479172e+00  -4.98097953e+00 
 -9.47002539e+00   1.16139611e+01  -5.57166541e+00 
 -9.79673253e+00  -4.59439241e+00   3.97366264e+00 
 -9.60599405e+00  -7.77218835e+00   1.90612871e+00 
 -1.05882509e+01  -1.01674806e+01   4.73324094e+00 
 -1.03052061e+00  -6.43639090e+00   7.90808574e+00 
 -1.45191092e+00  -5.68567698e+00   4.20086833e+00 
 -4.50568022e+00  -7.06390666e+00   2.49215258e+00 
 -6.52810239e+00  -5.51330088e+00  -3.09303973e-01 
 -6.62520226e+00  -7.92712781e+00  -3.27701677e+00 
 -9.14004345e+00  -6.39102726e+00  -5.65378821e+00 
 -9.03455852e+00   1.93180691e+00  -7.75647204e+00 
 -7.77187557e+00  -3.23935978e-01  -4.96438545e+00 
 -5.30271440e+00  -3.11906165e+00  -5.85938029e+00 
 -2.87019815e+00  -4.69470100e+00  -3.38450000e+00 
  4.16973704e-01  -6.61130724e+00  -3.46326645e+00 
  3.39358567e+00  -4.32105870e+00  -4.14567565e+00 
  9.25491730e+00  -3.84939471e+00  -3.26422650e+00 
  1.11193655e+01  -2.12033403e+00  -4.08927753e-01 
  8.62227942e+00   7.87545991e-01  -1.02155637e-01 
  7.47012115e+00   2.52723369e+00   3.06680216e+00 
  9.33404762e+00   2.23676570e+00   6.36073855e+00 
  9.68594740e+00   5.99970422e+00   6.82886822e+00 
 -3.94884608e+00   6.89492932e+00   1.03054350e+01 
 -1.05227305e+00   4.79280205e+00   1.15672814e+01 
  2.30222589e+00   6.37462652e+00   1.08283687e+01 
  5.69162544e+00   5.20263278e+00   9.55677585e+00 
  4.51792462e+00   6.26955884e+00   6.12151325e+00 
  1.77141549e+00   3.64334750e+00   6.39766059e+00 
  4.03831018e+00   7.84715709e-01   7.32285074e+00 
  5.52209527e+00  -9.86070837e-01   4.32805979e+00 
  8.61021938e+00  -3.14081618e+00   4.02280961e+00 
  8.09116045e+00  -6.60524968e+00   2.51036538e+00 
  1.17125815e+01  -7.40740864e+00   3.41214728e+00 
  9.39185084e+00  -8.11250820e+00   7.72259930e+00 
  7.15541597e+00  -5.00409974e+00   7.87783048e+00 
  3.40100681e+00  -4.61384258e+00   7.43131519e+00 
  6.92919870e-01  -2.07857848e+00   8.19644497e+00 
 -1.42195521e+00  -6.87030346e-01   5.34241955e+00 
 -4.03521136e+00   2.00998108e+00   4.80470930e+00 
 -6.43721569e+00   1.08429551e+00   7.58083573e+00 
 -1.01046675e+01   1.90013111e+00   7.12985764e+00 
 -9.74943269e+00   4.57137530e+00   4.45915077e+00 
 -9.81860752e+00   7.38573554e+00   6.95619019e+00 
  1.08442017e+01  -1.01120559e+00  -8.92672791e+00 
  1.13877262e+01  -3.26071335e+00  -1.19524345e+01 

   1.939722337395e+01 

 -2.96892512e+00   1.15532704e-02  -8.10743546e-01 
 -2.31957941e+00   2.75556033e+00   4.56404441e+00 
 -5.73971103e-02  -1.12824764e+00   2.30509558e+00 
 -1.78085943e+00   2.21442311e+00   3.35872997e+00 
 -7.79593747e-01   3.56259071e-02   2.38329208e+00 
 -3.19344013e+00   1.79815246e+00   5.12403023e+00 
 -3.21819443e+00  -1.02596296e+00   3.11386189e+00 
 -1.24112939e+00  -1.69080693e+00   6.30607424e-01 
 -2.64821008e+00  -1.78662655e+00   4.17429023e+00 
  3.25131376e+00  -1.28978970e+00  -2.39459465e+00 
 -2.86785769e+00   2.84871234e-01   3.36710348e+00 
  5.61466397e-01  -2.19540723e+00  -1.68883958e+00 
  9.26250882e-02  -1.56026646e+00   1.04373659e+00 
 -2.82638873e+00   1.54234700e+00   2.66664717e+00 
 -1.49897702e+00   4.58699293e-01   1.26519856e+00 
 -3.59773051e+00   6.50529783e-01   4.52022783e+00 
 -2.14138164e+00  -6.51200169e-01   6.28730004e-01 
  1.65061169e+00  -2.70080841e+00  -2.42820934e+00 
  1.11632851e+00  -1.20911319e+00  -9.12042485e-01 
  1.08312412e+00  -3.01758345e+00  -6.54179574e-01 
  1.16786984e+00  -4.35661512e+00  -6.00123237e-01 
  2.41722363e+00  -5.19656942e+00  -6.41743482e-01 
  3.62288652e-01  -5.22946072e+00  -1.54487667e+00 
  1.28372343e+00  -5.28839571e+00  -2.66810775e+00 
  3.88549434e+00  -6.89070579e+00  -1.90654452e+00 
  3.86946366e+00  -7.51093177e+00  -3.27359715e+00 
  2.35762093e+00  -2.01813301e+00  -3.19810373e+00 
  2.24394544e+00  -8.23379160e-01  -1.32606800e+00 
  1.67676873e+00  -3.99457156e+00  -2.89478350e+00 
  1.28409183e+00  -1.31229676e+00   4.67986201e-01 
  3.28758114e+00  -5.61962313e+00  -1.67097925e+00 
  1.79767308e+00  -6.11810468e+00  -8.27478326e-02 
  4.43963829e+00  -6.65123875e+00  -4.19615748e+00 
 -2.48844491e+00   1.33673410e+00   1.36333700e+00 
 -3.72222465e+00  -8.92600208e-01   5.29091970e+00 
 -7.54888163e+00   7.15678321e+00  -1.01529532e+01 
 -3.34088681e+00  -6.54068860e+00  -9.33878935e+00 
 -5.18373950e-01  -6.67453232e+00  -6.93875035e+00 
 -1.91551923e+00  -9.19278205e+00  -4.49991196e+00 
 -4.58852595e+00  -1.04519134e+01  -2.15786179e+00 
 -4.10147868e+00  -8.82323566e+00   1.30694535e+00 
 -5.86652260e+00  -1.00026526e+01   4.43983202e+00 
 -8.32607397e+00  -7.15412074e+00   4.52033140e+00 
 -8.65371061e+00  -6.62698300e+00   7.86521767e-01 
 -6.99415867e+00  -6.76430770e+00  -2.60082181e+00 
 -4.15515473e+00  -4.38288147e+00  -3.40840327e+00 
 -3.78681670e+00  -3.02378638e+00  -6.88794897e+00 
 -1.20180345e+00  -1.05542240e+00  -8.82672447e+00 
 -2.46329559e+00   2.04742610e+00  -1.04408469e+01 
 -2.14883871e+00   5.66799821e+00  -1.14156712e+01 
 -3.59327413e+00   8.68187932e+00  -9.66759041e+00 
  1.88952547e+00   5.76347901e+00  -9.30867058e+00 
 -7.56294517e-02   4.35961839e+00  -6.39503854e+00 
 -1.09860974e+00   1.19433854e+00  -4.64625352e+00 
 -4.84863578e+00   9.10284568e-01  -4.15049181e+00 
 -6.36594253e+00  -1.40629259e+00  -1.57444417e+00 
 -1.00487721e+01  -2.21570518e+00  -1.91456314e+00 
 -1.17269817e+01  -3.65448708e+00   1.16570539e+00 
 -1.39123933e+01  -6.82367240e+00   1.10580529e+00 
 -3.38484987e+00   6.77522874e+00   8.73281192e+00 
 -2.89734763e+00   9.90385724e+00   6.63911576e+00 
 -1.44650918e+00   1.20655005e+01   9.45287992e+00 
  6.12112787e+00   4.58977934e+00   7.97130186e+00 
  3.81003306e+00   4.58803131e+00   4.94749620e+00 
  1.15273746e+00   7.24535393e+00   4.79861625e+00 
 -2.34572901e+00   6.98828034e+00   3.37120256e+00 
 -2.79975904e+00   9.65438735e+00   6.63983670e-01 
 -6.49330495e+00   9.53643212e+00  -1.58747172e-01 
 -1.06841893e+01   2.18008336e+00  -1.58086709e+00 
 -7.51428024e+00   3.37073105e+00   1.54796307e-01 
 -4.83250258e+00   5.12192072e+00  -1.95514817e+00 
 -1.14450154e+00   5.29324785e+00  -1.00957317e+00 
  2.20761611e+00   5.81578904e+00  -2.73451712e+00 
  3.35861108e+00   2.69234280e+00  -4.60280803e+00 
  8.24373151e+00  -7.91256146e-02  -6.55446194e+00 
  1.03302587e+01  -2.77065265e+00  -4.81646660e+00 
  7.31537502e+00  -4.53103764e+00  -3.20499689e+00 
  7.13322561e+00  -6.13678343e+00   2.27888517e-01 
  1.02243150e+01  -7.04264538e+00   2.23611662e+00 
  9.21321066e+00  -1.06848063e+01   2.69976604e+00 
 -4.49402625e-01  -6.84458511e+00   1.22224781e+01 
  3.27099395e+00  -6.19486263e+00   1.18512165e+01 
  4.98091911e+00  -8.80492287e+00   9.71471966e+00 
  7.57814710e+00  -8.83308795e+00   6.93403906e+00 
  4.66353815e+00  -8.87843268e+00   4.52158114e+00 
  3.64673155e+00  -5.47696218e+00   5.90454724e+00 
  7.01499622e+00  -3.84940194e+00   5.48918091e+00 
  7.55281713e+00  -2.36516550e+00   2.05204871e+00 
  1.07389588e+01  -1.51743500e+00   2.07461468e-01 
  1.10256129e+01   2.06292990e+00  -1.08019690e+00 
  1.46421470e+01   1.30040879e+00  -2.03442490e+00 
  1.50203385e+01   2.21106318e+00   2.81228286e+00 
  1.20647567e+01   1.90268767e-01   4.17930456e+00 
  8.71239844e+00   1.31529459e+00   5.57331893e+00 
  5.88515643e+00  -8.94438074e-02   7.66619526e+00 
  2.35275244e+00  -1.58580322e-01   6.22678876e+00 
 -1.05210252e+00  -1.56234636e+00   7.13694028e+00 
 -1.34393731e+00  -2.01515126e-01   1.06577736e+01 
 -4.79897156e+00   5.01905333e-01   1.20314693e+01 
 -6.78950735e+00  -1.69747843e+00   9.66613478e+00 
 -6.84077290e+00  -4.60044114e+00   1.20600230e+01 
  5.81906869e+00  -2.47324560e+00  -1.21253072e+01 
  5.78415917e+00  -1.91346321e-01  -1.51752726e+01 

   1.939722345210e+01 

  3.02015756e+00  -8.10871943e-01   2.78814104e+00 
  1.26456764e+00  -5.40116064e+00  -7.73669880e-01 
 -9.65942977e-01  -1.23008307e+00   9.38762151e-01 
  1.37954701e+00  -4.00784337e+00  -4.88531141e-01 
  8.15824909e-02  -2.04373754e+00   5.88011290e-01 
  7.29758140e-01  -6.04068951e+00   3.65994141e-01 
  1.24128911e-01  -3.66630322e+00   2.81803696e+00 
  2.37576783e-01  -4.40508997e-01   2.50393583e+00 
 -1.27179253e+00  -3.93556998e+00   2.73498123e+00 
  1.61626229e-01   4.30459125e+00  -1.36769074e-01 
  6.50018869e-01  -4.05356854e+00   1.60204697e+00 
  4.39326600e-01   2.51310452e+00   2.15822801e+00 
 -5.61591857e-01  -4.53027093e-02   1.42144659e+00 
  1.85909459e+00  -3.86450220e+00   8.43108906e-01 
  1.36580772e+00  -1.71395648e+00   1.02237713e+00 
  5.44334224e-01  -5.46229718e+00   1.58096350e+00 
  1.33781741e+00  -1.25593118e+00   2.37851519e+00 
  3.62620488e-02   3.84725967e+00   1.94396051e+00 
  3.45573409e-01   1.93434461e+00   9.17128850e-01 
 -9.57765900e-01   2.25476297e+00   2.15681713e+00 
 -1.89306953e+00   2.65905206e+00   3.03139018e+00 
 -3.00529587e+00   3.64546937e+00   2.79042165e+00 
 -1.50618215e+00   3.19213239e+00   4.39868916e+00 
 -1.31214345e+00   4.59464433e+00   4.06784572e+00 
 -4.04095340e+00   5.95164019e+00   3.27476145e+00 
 -3.61558651e+00   7.18016171e+00   4.02547501e+00 
  5.99159807e-01   4.63609849e+00   1.15685317e+00 
  3.03761557e-01   2.77454891e+00  -2.30702742e-02 
 -5.30723461e-01   4.60620088e+00   2.94131777e+00 
 -6.26038449e-01   9.96507168e-01   5.71142115e-01 
 -3.07770731e+00   5.05504113e+00   2.72987751e+00 
 -3.63759388e+00   3.13933589e+00   3.73359323e+00 
 -2.78268969e+00   7.95709145e+00   3.23939547e+00 
  2.34470695e+00  -2.60874378e+00   1.04889012e+00 
 -8.51175827e-01  -5.66738871e+00   2.58156095e+00 
  1.53932935e+01   1.67830180e+00   2.90940262e+00 
  4.07541901e+00   7.49744658e+00   9.54516126e+00 
  1.20786145e+00   7.28029013e+00   7.20534304e+00 
 -1.20608442e+00   5.36228449e+00   9.38149554e+00 
 -2.14245578e+00   2.42483003e+00   1.15517800e+01 
 -3.39715900e+00  -4.53936052e-01   9.30833030e+00 
 -5.18811611e+00  -3.51221573e+00   1.06352514e+01 
 -2.22800790e+00  -5.80846647e+00   1.02679589e+01 
  5.00270846e-01  -3.27360273e+00   1.09443574e+01 
  1.64544653e+00   3.12738061e-01   1.06728046e+01 
  2.30816603e+00   1.82799202e+00   7.25985536e+00 
  5.08835604e+00   4.31214737e+00   6.82453044e+00 
  6.28245878e+00   6.67840905e+00   4.12443250e+00 
  9.84812029e+00   6.28772424e+00   3.14572974e+00 
  1.26133113e+01   6.13947076e+00   5.98309152e-01 
  1.41987009e+01   3.08193543e+00  -9.39113020e-01 
  9.48873670e+00   6.76561365e+00  -2.65775323e+00 
  7.77973131e+00   3.83011162e+00  -9.89211652e-01 
  5.18306178e+00   2.84713683e+00   1.54353261e+00 
  6.49247802e+00   4.34601626e-01   4.16160574e+00 
  4.18372838e+00  -1.71683780e+00   6.24624996e+00 
  5.62240407e+00  -3.29133832e+00   9.37438914e+00 
  3.65440403e+00  -6.18297944e+00   1.08372157e+01 
  2.69108074e+00  -6.42706282e+00   1.45568735e+01 
  1.86960894e+00  -1.04086428e+01  -3.81166053e+00 
  4.90431283e+00  -9.45106993e+00  -5.88125000e+00 
  3.92239005e+00  -1.14431672e+01  -9.00572521e+00 
 -3.61740788e+00  -3.81061279e+00  -8.51043259e+00 
 -7.08207996e-01  -2.78415438e+00  -6.28165060e+00 
  2.36019610e+00  -4.95838531e+00  -6.33011934e+00 
  4.71684285e+00  -5.75551050e+00  -3.47464064e+00 
  8.26952428e+00  -4.71879846e+00  -4.44774611e+00 
  1.04472905e+01  -6.13314672e+00  -1.69274194e+00 
  8.55773448e+00  -5.21388461e+00   6.63108541e+00 
  6.77493166e+00  -5.11714137e+00   3.27091710e+00 
  7.88532187e+00  -2.49986394e+00   6.96562939e-01 
  5.67112511e+00  -1.19915800e+00  -2.11951888e+00 
  5.44008631e+00   1.86495769e+00  -4.36519415e+00 
  3.99596133e+00   4.88217888e+00  -2.52612728e+00 
  1.04721578e+00   9.96505173e+00  -3.43364793e+00 
 -2.72108079e+00   1.06033260e+01  -3.32832283e+00 
 -3.38046355e+00   8.18491581e+00  -4.12538802e-01 
 -6.38047049e+00   5.91507157e+00   8.14539687e-02 
 -9.63921475e+00   6.38078844e+00  -1.80855762e+00 
 -1.17803660e+01   6.53633774e+00   1.33688395e+00 
 -1.03908935e+01  -7.39143947e+00   3.03456735e+00 
 -1.15250436e+01  -5.20026572e+00   1.51207306e-01 
 -1.27446975e+01  -1.81383701e+00   1.31114567e+00 
 -1.23392075e+01   1.80156603e+00   1.96230705e-01 
 -9.53573193e+00   2.02963562e+00   2.72712199e+00 
 -7.68635770e+00  -6.20697567e-01   7.09187224e-01 
 -7.99624831e+00   1.11509856e+00  -2.61613122e+00 
 -5.24162659e+00   3.62495079e+00  -3.26326467e+00 
 -5.11247646e+00   6.59092319e+00  -5.59971222e+00 
 -2.17288844e+00   6.67993711e+00  -8.03079474e+00 
 -3.81872209e+00   9.68156535e+00  -9.71979956e+00 
 -6.31030384e+00   5.89035063e+00  -1.16899703e+01 
 -7.01953200e+00   3.77112577e+00  -8.57651929e+00 
 -5.52915886e+00   4.71903479e-01  -7.41843474e+00 
 -6.33676363e+00  -2.31728929e+00  -4.98637901e+00 
 -3.83570453e+00  -3.18020231e+00  -2.23781874e+00 
 -3.66001607e+00  -5.38432190e+00   8.44854022e-01 
 -4.74924510e+00  -8.66591067e+00  -6.97222504e-01 
 -3.46933411e+00  -1.18820090e+01   8.31673974e-01 
 -2.52244222e+00  -1.05285520e+01   4.24720485e+00 
 -5.79935028e+00  -1.15384173e+01   5.79721372e+00 
  3.99225266e+00   1.36010078e+01   1.12178334e+00 
  7.30243066e+00   1.52523877e+01   2.12802277e-01 

   1.939722352548e+01 

  4.07991533e+00  -1.00153499e-01  -3.36578097e-02 
  2.59533682e+00   5.78067824e+00   1.93172436e-01 
  1.39577452e-01   1.49668065e+00   1.15325010e+00 
  2.33038018e+00   4.43427315e+00  -1.97779722e-01 
  1.10346793e+00   2.29642766e+00   5.93151743e-01 
  2.93467881e+00   5.78204148e+00   1.56382651e+00 
  2.77504364e+00   2.53743664e+00   2.77382279e+00 
  1.57428993e+00  -6.89328958e-02   1.26306005e+00 
  1.70757335e+00   2.91181299e+00   3.63889494e+00 
 -1.42566741e+00  -2.76777879e+00  -2.37170645e+00 
  2.75585396e+00   3.45415787e+00   1.74211064e+00 
  5.25914519e-01  -2.43268853e+00  -2.19362104e-01 
  2.75392631e-01   2.06311756e-01   8.11661881e-01 
  3.30011319e+00   3.59382620e+00   4.16251129e-01 
  2.22706463e+00   1.69822017e+00   2.18774858e-02 
  3.15963071e+00   4.67761968e+00   2.32192995e+00 
  2.68860292e+00   6.12899877e-01   8.33505015e-01 
 -3.72989585e-01  -3.43469646e+00  -6.39239842e-01 
  6.39770473e-02  -1.29426240e+00  -8.31476423e-01 
 -5.07473025e-01  -2.10944819e+00   7.00548235e-01 
 -9.86493074e-01  -2.83584700e+00   1.72330446e+00 
 -2.34560677e+00  -3.47518870e+00   1.83365972e+00 
 -2.12327096e-01  -4.02121098e+00   2.27007180e+00 
 -7.10525448e-01  -5.06531466e+00   1.38927821e+00 
 -3.76479963e+00  -5.62099155e+00   1.91774923e+00 
 -3.49979483e+00  -7.08776237e+00   1.73852139e+00 
 -5.74511373e-01  -3.74663987e+00  -1.83118170e+00 
 -7.15276163e-01  -1.52767568e+00  -1.79581628e+00 
 -6.22648100e-01  -4.55420583e+00   1.20065656e-01 
 -5.50602222e-01  -2.43992655e-01  -1.51410910e-01 
 -2.93186573e+00  -4.64456472e+00   1.30012057e+00 
 -2.22567016e+00  -3.48013887e+00   3.07105197e+00 
 -3.47625180e+00  -7.40941224e+00   3.92705160e-01 
  3.34424074e+00   2.37885370e+00  -1.97750277e-01 
  2.58622696e+00   4.44125798e+00   3.93625621e+00 
  1.32124174e+01  -3.19070599e+00  -8.17928804e+00 
  5.20693568e+00  -1.07491810e+01   1.02787223e+00 
  1.86134982e+00  -9.15491544e+00   1.12907501e+00 
  1.63524042e+00  -8.45506133e+00   4.83050728e+00 
  2.95630420e+00  -6.98757958e+00   8.04250099e+00 
  1.89700970e+00  -3.28332575e+00   8.26841694e+00 
  2.17129126e+00  -1.21782278e+00   1.14274930e+01 
  5.19131688e+00   7.19564987e-01   1.02891195e+01 
  6.81132742e+00  -1.99387088e+00   8.20599954e+00 
  6.33336065e+00  -5.00543539e+00   5.98136017e+00 
  4.70354402e+00  -4.59916411e+00   2.58104479e+00 
  5.85348298e+00  -6.70278261e+00  -3.07271231e-01 
  4.68961003e+00  -7.42866807e+00  -3.83347395e+00 
  7.23070862e+00  -6.85165200e+00  -6.48570756e+00 
  8.29424957e+00  -5.61920516e+00  -9.87798012e+00 
  9.92005424e+00  -2.33056237e+00  -1.07539360e+01 
  4.00657569e+00  -4.25763784e+00  -1.05983743e+01 
  4.46612243e+00  -2.47833333e+00  -7.29008607e+00 
  3.93178629e+00  -2.74788715e+00  -3.57989335e+00 
  7.08745027e+00  -2.12228778e+00  -1.57000839e+00 
  6.98503541e+00  -1.18346652e+00   2.09235269e+00 
  1.01910124e+01  -1.54570918e+00   4.07341933e+00 
  1.03285822e+01   3.20422469e-01   7.37085069e+00 
  1.14125098e+01  -1.30862557e+00   1.06866784e+01 
  3.40781144e+00   1.15781324e+01  -4.39273561e-01 
  4.52433613e+00   1.16000167e+01  -4.06728327e+00 
  2.95069367e+00   1.49779096e+01  -4.96641315e+00 
 -5.58320549e+00   8.74323898e+00  -3.05554700e+00 
 -2.54363796e+00   6.51066449e+00  -3.56654994e+00 
  6.72258417e-01   8.17227794e+00  -4.58722589e+00 
  4.21166273e+00   7.21823425e+00  -3.63568931e+00 
  6.23949149e+00   6.57238985e+00  -6.81594264e+00 
  9.80564559e+00   6.21083201e+00  -5.59738007e+00 
  1.19264451e+01   1.29249384e+00   1.11184388e+00 
  8.85631319e+00   3.06277636e+00  -2.73392910e-01 
  7.59611039e+00   2.06376027e+00  -3.75538086e+00 
  4.01177845e+00   2.55649773e+00  -4.95312373e+00 
  1.67056607e+00   1.10418785e+00  -7.57892003e+00 
  3.16462430e-01  -2.31494762e+00  -6.55557971e+00 
 -4.28877597e+00  -5.98285320e+00  -7.38770826e+00 
 -7.49681836e+00  -6.30896577e+00  -5.33328974e+00 
 -5.78141946e+00  -5.68796856e+00  -1.94845924e+00 
 -7.15617522e+00  -3.78176495e+00   1.03024128e+00 
 -1.08439980e+01  -2.97388653e+00   1.42494838e+00 
 -1.11229875e+01  -4.56464592e+00   4.87374230e+00 
 -4.26360476e+00   6.37689431e+00   1.05329990e+01 
 -7.32626883e+00   6.06397640e+00   8.31410860e+00 
 -8.95414741e+00   2.66105322e+00   8.58066881e+00 
 -1.04395241e+01   1.10956697e-01   6.17874271e+00 
 -7.05831483e+00  -1.58598941e+00   6.24761042e+00 
 -5.59329032e+00   1.58161047e+00   4.71904956e+00 
 -8.04207113e+00   1.82498655e+00   1.87105010e+00 
 -7.02274407e+00  -1.90120162e-01  -1.16316408e+00 
 -9.08262698e+00  -1.53810577e+00  -4.02890538e+00 
 -7.90733162e+00  -5.80960084e-01  -7.53059343e+00 
 -1.10995466e+01  -2.16251236e+00  -8.90159021e+00 
 -1.27007411e+01   2.27194017e+00  -7.40671761e+00 
 -1.10372073e+01   2.53927145e+00  -3.96450093e+00 
 -8.11770240e+00   4.65899107e+00  -2.76846133e+00 
 -6.62077875e+00   5.85602974e+00   4.98507305e-01 
 -2.99284312e+00   5.00261015e+00   1.31348251e+00 
 -6.01848996e-01   5.29402883e+00   4.24436463e+00 
 -1.05107300e+00   8.97108525e+00   5.02585860e+00 
  1.84635761e+00   1.08447963e+01   6.57925457e+00 
  3.75668472e+00   7.86644082e+00   7.94830786e+00 
  2.21618095e+00   8.17337715e+00   1.13678172e+01 
 -1.03569708e+00  -1.16434642e+01  -7.24518681e+00 
  6.09897399e-01  -1.28303455e+01  -1.04691421e+01 

   1.939722355999e+01 

  1.25044955e+00  -1.81390100e+00  -2.27008287e-01 
 -1.78640038e+00  -5.89767330e+00  -3.53452565e+00 
 -2.68504870e+00  -1.15628066e+00  -2.11479750e+00 
 -1.72311643e+00  -4.92242290e+00  -2.49495679e+00 
 -2.11419351e+00  -2.40218742e+00  -2.05147630e+00 
 -1.20996066e+00  -5.33990279e+00  -4.69662119e+00 
 -2.02288581e-01  -2.09376642e+00  -4.01540818e+00 
 -8.68064430e-01  -3.41363489e-01  -1.36909250e+00 
 -1.14940356e+00  -1.60120452e+00  -4.95793820e+00 
 -3.59726624e+00   1.05537697e+00   3.11367646e+00 
 -6.77254315e-01  -3.32869533e+00  -3.62234710e+00 
 -1.45466059e+00   1.17854713e+00   1.12682504e+00 
 -2.25208405e+00  -3.38744297e-01  -1.14302364e+00 
 -4.55702875e-01  -4.28004261e+00  -2.56430882e+00 
 -9.94897297e-01  -2.59011334e+00  -1.23999842e+00 
 -5.39356456e-01  -4.16015743e+00  -4.75627178e+00 
 -9.75241571e-02  -1.48032571e+00  -1.35297992e+00 
 -2.09095970e+00   2.08136499e+00   2.00337547e+00 
 -2.33006899e+00   1.24710183e-01   1.04227868e+00 
 -2.34479168e+00   1.72727950e+00   1.64960665e-01 
 -2.39406769e+00   2.97631652e+00  -3.25542802e-01 
 -3.46676953e+00   4.00798334e+00  -9.50880658e-02 
 -1.22418396e+00   3.92849157e+00  -1.57891396e-01 
 -1.55876796e+00   4.50061396e+00   1.13628466e+00 
 -4.16909661e+00   6.25236184e+00   9.51380867e-01 
 -3.53356221e+00   7.24655673e+00   1.87953606e+00 
 -2.41545066e+00   1.81292508e+00   3.17865644e+00 
 -3.17681858e+00   1.03544334e-01   1.97730953e+00 
 -1.86168047e+00   3.43649161e+00   1.94606802e+00 
 -3.08030102e+00  -1.69828485e-01  -9.51165594e-02 
 -3.78281791e+00   4.88156109e+00   9.69226917e-01 
 -3.11973024e+00   4.58028393e+00  -1.14273191e+00 
 -3.67537076e+00   6.83386798e+00   3.19287313e+00 
 -1.81811154e-01  -3.62567529e+00  -1.40158578e+00 
 -7.06284415e-01  -2.97933272e+00  -6.00867655e+00 
  9.18085804e+00  -6.48423431e+00   8.41038633e+00 
  5.56046244e+00   6.84113769e+00   4.49652141e+00 
  1.97997761e+00   6.76237600e+00   3.53812614e+00 
  2.26409042e+00   8.10322645e+00   2.20303599e-02 
  3.68946461e+00   8.05865040e+00  -3.46822115e+00 
  1.67551408e+00   5.56983262e+00  -5.62333568e+00 
  1.93625213e+00   5.37958778e+00  -9.39390633e+00 
  4.00368084e+00   2.23392514e+00  -9.41944220e+00 
  5.91068187e+00   2.82318429e+00  -6.20343876e+00 
  5.90564357e+00   4.30028850e+00  -2.72994216e+00 
  3.61787362e+00   2.85907024e+00  -7.05587057e-02 
  4.75696007e+00   2.72498709e+00   3.50359605e+00 
  3.20755906e+00   1.96770710e+00   6.87131702e+00 
  4.92975641e+00  -6.71247530e-01   8.84473689e+00 
  4.93681943e+00  -3.69257911e+00   1.10873269e+01 
  5.35674812e+00  -7.31200200e+00   1.01131261e+01 
  3.83280710e-01  -3.66694178e+00   1.09407438e+01 
  9.28167661e-01  -3.61825639e+00   7.19606264e+00 
  1.20218461e+00  -1.39198429e+00   4.18070131e+00 
  4.36578898e+00  -1.98402460e+00   2.17315654e+00 
  4.69028678e+00  -8.96003979e-01  -1.43457174e+00 
  8.17878853e+00  -7.29282466e-01  -2.89628752e+00 
  8.39430074e+00  -6.45024987e-01  -6.68060174e+00 
  1.05037838e+01   1.91982046e+00  -8.62867240e+00 
 -2.80355972e+00  -1.11253250e+01  -6.04615440e+00 
 -2.44422215e+00  -1.33125534e+01  -2.96452680e+00 
 -5.05963224e+00  -1.59182208e+01  -3.99650458e+00 
 -1.09298948e+01  -7.06458975e+00  -2.41403319e+00 
 -7.53111014e+00  -6.57216068e+00  -7.73810589e-01 
 -5.17850834e+00  -9.50636105e+00  -7.52084573e-01 
 -1.40113069e+00  -9.48764061e+00  -1.02387691e+00 
  8.99145977e-02  -1.12325520e+01   2.03804891e+00 
  3.77296882e+00  -1.15654304e+01   1.22725164e+00 
  8.43804084e+00  -5.05326425e+00  -1.85992552e+00 
  4.78589516e+00  -6.09937539e+00  -1.64553969e+00 
  3.23257204e+00  -6.58340260e+00   1.82770359e+00 
 -5.01216699e-01  -6.33897079e+00   2.55148824e+00 
 -2.77884401e+00  -5.66810846e+00   5.52596232e+00 
 -2.87841464e+00  -1.96484831e+00   6.44636327e+00 
 -6.31016587e+00   2.13787831e+00   9.04352133e+00 
 -8.84340581e+00   4.51023488e+00   7.43941608e+00 
 -6.77248473e+00   5.09274111e+00   4.25236520e+00 
 -8.04912816e+00   5.50633716e+00   7.03362984e-01 
 -1.16705635e+01   6.31847082e+00  -9.30128361e-02 
 -1.08273597e+01   9.38538446e+00  -2.18721973e+00 
 -6.45324241e+00   1.06927138e+00  -1.26993615e+01 
 -9.65844086e+00   1.27639544e+00  -1.06781933e+01 
 -1.01623346e+01   4.68777768e+00  -9.12596748e+00 
 -1.12792805e+01   6.05371201e+00  -5.75473595e+00 
 -7.60383798e+00   6.28616954e+00  -4.88639074e+00 
 -7.42314282e+00   2.49722482e+00  -5.24381907e+00 
 -1.03295276e+01   1.73904778e+00  -2.97562648e+00 
 -9.36600546e+00   1.50710514e+00   6.74570301e-01 
 -1.14544529e+01   1.87985582e+00   3.80059762e+00 
 -1.12841026e+01  -1.01344145e+00   6.28234411e+00 
 -1.40878210e+01   6.70509371e-01   8.25078739e+00 
 -1.65810525e+01  -1.59168958e+00   4.62736251e+00 
 -1.44467424e+01  -6.80131441e-01   1.57749788e+00 
 -1.20863539e+01  -2.78731320e+00  -5.28586013e-01 
 -1.04079447e+01  -2.64875319e+00  -3.92130129e+00 
 -6.60191554e+00  -2.80811519e+00  -4.12926463e+00 
 -3.88739874e+00  -2.41712397e+00  -6.75044466e+00 
 -5.21589809e+00  -4.81963546e+00  -9.35743228e+00 
 -2.73847412e+00  -6.54647386e+00  -1.16376795e+01 
  1.67282700e-01  -4.14438069e+00  -1.12123688e+01 
 -7.23798994e-01  -2.17757558e+00  -1.42942850e+01 
 -1.60546060e+00   5.62114110e+00   1.19379456e+01 
 -3.26681636e-01   4.41852895e+00   1.53186323e+01 

   1.939722334213e+01 

 -3.44289520e+00   1.75417142e+00  -1.17996725e+00 
 -2.98733595e-01   5.73005868e+00   2.15863141e+00 
  9.46136768e-01   2.22244715e+00  -1.22551303e+00 
 -5.21155092e-01   4.41349117e+00   1.65560778e+00 
  1.64223318e-01   2.83962282e+00  -2.82068102e-01 
 -3.39431396e-01   6.62929429e+00   1.07070680e+00 
 -8.89570386e-01   4.84789137e+00  -1.85178157e+00 
 -8.28882452e-01   1.62806059e+00  -2.23431271e+00 
  3.92087073e-01   5.24010817e+00  -2.33293691e+00 
  4.59703564e-01  -3.50255584e+00  -1.00497219e+00 
 -8.13045534e-01   4.93674627e+00  -4.76494357e-01 
 -8.34381065e-01  -1.34146667e+00  -2.49110486e+00 
  3.75050987e-01   1.11726271e+00  -1.72809403e+00 
 -1.54875553e+00   4.48011653e+00   6.74089155e-01 
 -1.17578311e+00   2.46768251e+00  -1.69296752e-01 
 -7.18144522e-01   6.31823345e+00  -1.96136277e-01 
 -1.75945403e+00   2.28487909e+00  -1.46375141e+00 
 -3.69491975e-01  -2.64248030e+00  -2.77328965e+00 
 -1.94673646e-01  -1.00602696e+00  -1.32391394e+00 
  4.11499465e-01  -9.43961071e-01  -3.04639202e+00 
  8.54399950e-01  -1.07250256e+00  -4.30752165e+00 
  1.96206714e+00  -1.96534385e+00  -4.80150386e+00 
 -1.04121595e-01  -1.36979308e+00  -5.44603181e+00 
 -1.19106477e-01  -2.82219764e+00  -5.37955066e+00 
  2.68274918e+00  -4.01419336e+00  -6.18298207e+00 
  1.97237396e+00  -5.11256322e+00  -6.91968588e+00 
 -5.12083239e-01  -3.62241646e+00  -2.01297503e+00 
  2.71958029e-01  -2.00255839e+00  -7.06790535e-01 
 -3.08372607e-01  -3.13185014e+00  -4.05739465e+00 
  8.22624756e-01  -5.63338371e-02  -1.24343631e+00 
  2.06300984e+00  -3.34478550e+00  -5.08916733e+00 
  2.09785659e+00  -1.22385711e+00  -5.79009063e+00 
  1.58752894e+00  -6.10836874e+00  -6.03918198e+00 
 -2.06706747e+00   3.24387192e+00   4.32964778e-01 
  7.48893973e-02   6.85651426e+00  -1.63559598e+00 
 -1.45251888e+01  -1.94074595e+00   3.59860264e+00 
 -7.37935796e+00  -5.16097210e+00  -8.42456575e+00 
 -3.76618906e+00  -5.10090436e+00  -7.59609499e+00 
 -2.60516291e+00  -2.55872597e+00  -1.01320099e+01 
 -2.76668052e+00   8.23027710e-01  -1.17912902e+01 
 -6.53326145e-01   3.33058360e+00  -9.75647338e+00 
  3.27460412e-01   6.75684301e+00  -1.10292772e+01 
 -2.16339137e+00   8.61809946e+00  -8.90765753e+00 
 -4.88745794e+00   5.99070250e+00  -8.85489576e+00 
 -5.76445043e+00   2.31977326e+00  -8.90080903e+00 
 -4.80729928e+00   1.14874430e-01  -5.96726451e+00 
 -7.07664262e+00  -2.68259815e+00  -4.91175557e+00 
 -6.90985793e+00  -5.63591955e+00  -2.55258924e+00 
 -9.65342563e+00  -5.81484973e+00  -4.95539639e-02 
 -1.09735946e+01  -6.44902806e+00   3.41635622e+00 
 -1.17146214e+01  -3.92705141e+00   6.12122009e+00 
 -6.71254753e+00  -7.36145683e+00   4.74599862e+00 
 -5.95819919e+00  -3.99773093e+00   3.18453380e+00 
 -4.78897003e+00  -2.28016819e+00   5.29917076e-02 
 -7.15353153e+00   4.41590992e-01  -1.12603271e+00 
 -6.04656284e+00   3.18294582e+00  -3.48492551e+00 
 -8.75120539e+00   5.17179080e+00  -5.23521437e+00 
 -7.67266188e+00   8.48009573e+00  -6.74063129e+00 
 -8.49179678e+00   9.53508546e+00  -1.03516522e+01 
  4.99547661e-01   9.96773127e+00   6.16800118e+00 
 -1.26966666e+00   8.31849827e+00   9.09366760e+00 
  1.00315220e+00   9.76278007e+00   1.18219165e+01 
  7.55746586e+00   3.19669772e+00   6.41107263e+00 
  3.96234522e+00   2.32124511e+00   5.52047799e+00 
  1.23183966e+00   4.11357347e+00   7.38505281e+00 
 -2.16426196e+00   5.19572604e+00   6.10501566e+00 
 -4.88973823e+00   3.62647847e+00   8.28502977e+00 
 -8.08475715e+00   5.31016163e+00   7.14917876e+00 
 -1.01461182e+01   6.21334822e+00  -1.13553750e+00 
 -7.03903071e+00   5.65758511e+00   9.89467245e-01 
 -6.85264998e+00   2.49227084e+00   3.14734503e+00 
 -3.59828266e+00   9.11520254e-01   4.34531635e+00 
 -2.36002262e+00  -2.48668024e+00   5.53034177e+00 
 -1.88136747e+00  -4.92593002e+00   2.63339219e+00 
  1.19182894e+00  -9.75287860e+00   1.01779821e+00 
  4.51165730e+00  -9.96263771e+00  -8.67215413e-01 
  3.77001355e+00  -6.97261301e+00  -3.16832034e+00 
  6.21047890e+00  -4.35004736e+00  -4.41830806e+00 
  9.97422999e+00  -4.82886329e+00  -4.30301591e+00 
  1.04677880e+01  -4.15163975e+00  -8.01788220e+00 
  8.37410132e+00   9.62022756e+00  -5.83888239e+00 
  1.07004557e+01   7.04509589e+00  -4.30328523e+00 
  1.12873664e+01   4.09138718e+00  -6.59066696e+00 
  1.14510692e+01   3.06735970e-01  -6.23251671e+00 
  7.80901998e+00   2.79500070e-01  -7.25802151e+00 
  7.05167213e+00   2.28408791e+00  -4.10769087e+00 
  8.83878328e+00  -1.77697757e-02  -1.72557413e+00 
  6.68789614e+00  -2.87843151e+00  -5.02301773e-01 
  7.64498195e+00  -6.23589163e+00   9.41346230e-01 
  6.11820018e+00  -7.09735674e+00   4.33046176e+00 
  8.36777570e+00  -1.01798908e+01   4.42320103e+00 
  1.14560847e+01  -6.60050446e+00   5.87686504e+00 
  1.06716686e+01  -3.85913662e+00   3.31616067e+00 
  8.79838907e+00  -5.72278394e-01   3.68305344e+00 
  8.40481813e+00   2.70181585e+00   1.81968034e+00 
  4.92765173e+00   3.81251746e+00   7.10595022e-01 
  3.36679087e+00   6.53855873e+00  -1.41640700e+00 
  5.01360052e+00   9.55700659e+00   1.67932456e-01 
  3.16145749e+00   1.28560996e+01   1.01097333e-01 
  7.84646619e-01   1.20946814e+01  -2.75639081e+00 
  3.00400934e+00   1.37200866e+01  -5.32405471e+00 
 -3.46799293e+00  -1.27301145e+01  -2.45605385e+00 
 -6.00207953e+00  -1.48614759e+01  -5.72899350e-01 

   1.939722368863e+01 

 -1.55194255e+00   2.55332979e+00  -1.96134401e+00 
 -3.84992111e+00  -1.42339444e+00  -5.92926902e+00 
 -2.75899992e+00  -1.58721131e+00  -1.02132311e+00 
 -2.93809528e+00  -1.07383861e+00  -4.88897394e+00 
 -2.67834911e+00  -1.13482294e+00  -2.31402836e+00 
 -5.14500630e+00  -1.02593572e+00  -5.53100251e+00 
 -4.97353487e+00   3.93598193e-01  -2.37308275e+00 
 -2.43348591e+00   4.06360185e-01  -3.56898489e-01 
 -5.77441975e+00  -6.63219454e-01  -1.85372325e+00 
  2.30856409e+00  -1.28603425e+00   1.67859891e+00 
 -4.38380380e+00  -1.13258802e-01  -3.51346745e+00 
 -3.24139916e-02   4.46142574e-01   1.40862003e+00 
 -1.96447756e+00  -9.03833629e-01  -1.83528118e-01 
 -3.29535759e+00   2.12698901e-01  -4.39810356e+00 
 -2.06613295e+00   9.43695597e-02  -2.56086756e+00 
 -5.43798461e+00  -2.70337391e-01  -4.44091234e+00 
 -2.44521031e+00   1.05512830e+00  -1.56944846e+00 
  8.52095843e-01   7.42366060e-02   2.44191529e+00 
  1.43902500e-01  -5.25018791e-01   4.54788989e-01 
 -8.67993264e-01  -5.53219614e-01   1.97578007e+00 
 -1.46062018e+00  -5.75745223e-01   3.18051349e+00 
 -1.14314121e+00  -1.48372409e+00   4.33936229e+00 
 -1.59831051e+00   6.89291247e-01   4.00759818e+00 
 -3.26872475e-01   6.59663302e-01   4.71237435e+00 
 -2.10898634e-01  -1.76165323e+00   6.72249855e+00 
  4.87247935e-01  -8.71848460e-01   7.70971794e+00 
  2.08691947e+00  -4.70007540e-02   2.30345347e+00 
  1.21307414e+00  -1.17876892e+00   6.00420100e-01 
  6.23433642e-01   4.15420193e-01   3.75473184e+00 
 -8.06650628e-01  -1.50032468e+00   1.57302437e-01 
 -1.29426560e-01  -1.50999917e+00   5.32296670e+00 
 -2.28657987e+00  -1.28766497e+00   4.78618591e+00 
  1.83841227e+00  -8.02179201e-01   7.41889374e+00 
 -2.26957080e+00   7.61069569e-01  -3.68946460e+00 
 -6.74878589e+00  -5.57860622e-01  -3.35009973e+00 
  5.93685767e+00   1.14909765e+01  -6.79271089e+00 
  1.46025618e+00   8.47272298e+00   6.50543479e+00 
  1.17102199e+00   4.78468570e+00   6.74893152e+00 
 -2.45235982e+00   4.52712806e+00   7.77181605e+00 
 -6.12041101e+00   5.25935447e+00   7.29772234e+00 
 -7.62796992e+00   2.65000682e+00   4.88665763e+00 
 -1.13476859e+01   2.17718990e+00   4.37528667e+00 
 -1.14377297e+01   3.89655964e+00   1.02780409e+00 
 -8.68799243e+00   6.42177298e+00   1.65134772e+00 
 -5.42982374e+00   7.21008267e+00   3.38627005e+00 
 -2.27651735e+00   5.33817726e+00   2.41887554e+00 
  1.03163279e+00   7.11181737e+00   2.43869350e+00 
  4.67976725e+00   6.15960882e+00   2.12248771e+00 
  6.55941880e+00   7.96557004e+00  -5.28882422e-01 
  9.04696325e+00   8.10946001e+00  -3.34831130e+00 
  8.36927465e+00   7.99499181e+00  -7.05684879e+00 
  9.71669481e+00   3.63284027e+00  -2.83039417e+00 
  5.94821895e+00   3.46523709e+00  -3.13446874e+00 
  2.73093745e+00   3.37564455e+00  -1.19415740e+00 
  2.56238846e-01   6.03454918e+00  -2.28743316e+00 
 -3.43954434e+00   5.77536166e+00  -1.52665323e+00 
 -5.51171518e+00   8.92623867e+00  -1.86153776e+00 
 -9.26343214e+00   8.43254932e+00  -2.09700549e+00 
 -1.17974844e+01   1.03701200e+01   5.88477351e-02 
 -5.61904943e+00  -3.38397207e+00  -1.11920449e+01 
 -2.45413054e+00  -2.65907668e+00  -1.31586027e+01 
 -2.74303160e+00  -5.65604216e+00  -1.55312755e+01 
 -1.00151176e+00  -1.02611654e+01  -5.98608727e+00 
 -5.23538535e-02  -6.58335510e+00  -5.74644852e+00 
 -1.67730196e-01  -4.55635332e+00  -8.91231188e+00 
 -1.11231151e+00  -9.13067832e-01  -9.33301703e+00 
  1.78764441e+00   9.56219924e-01  -1.09881108e+01 
  3.66381957e-01   4.37265703e+00  -1.17887669e+01 
 -4.12383208e+00   8.96665346e+00  -6.09358602e+00 
 -3.15815570e+00   5.33800702e+00  -6.70915738e+00 
  5.67474764e-01   4.42761269e+00  -6.74597613e+00 
  1.92121856e+00   9.36845064e-01  -6.03412210e+00 
  5.17620218e+00  -6.66499348e-01  -4.88542202e+00 
  5.73567684e+00  -2.41067789e-01  -1.13346405e+00 
  8.49490560e+00  -2.71978118e+00   3.51381243e+00 
  7.14797694e+00  -5.27425335e+00   6.01961263e+00 
  3.60024899e+00  -3.79469651e+00   6.11903206e+00 
  3.14238760e-01  -5.67170059e+00   6.39334838e+00 
  1.04481294e-01  -9.28517118e+00   7.53672251e+00 
 -2.39454103e+00  -8.56559952e+00   1.03187657e+01 
 -1.26625645e+01  -7.05321485e+00   7.75399897e-01 
 -1.01297157e+01  -9.78655279e+00   1.49294745e+00 
 -8.85090061e+00  -9.66500861e+00   5.04973009e+00 
 -5.48287475e+00  -9.99339657e+00   6.78960160e+00 
 -5.31371684e+00  -6.21497577e+00   6.68085465e+00 
 -5.32825442e+00  -6.46323450e+00   2.87891994e+00 
 -2.51339180e+00  -8.94904542e+00   2.62625623e+00 
  9.10138884e-01  -7.34194166e+00   2.57443977e+00 
  4.30853700e+00  -8.75996615e+00   3.41868024e+00 
  6.98853883e+00  -8.39936482e+00   7.26695466e-01 
  9.25449950e+00  -1.06107730e+01   2.85894873e+00 
  6.37328409e+00  -1.39436637e+01   6.10984730e-01 
  2.91657860e+00  -1.23452412e+01   1.04008383e+00 
  6.36363816e-01  -1.06330954e+01  -1.47317599e+00 
 -2.99929179e+00  -9.61787033e+00  -1.78620756e+00 
 -3.86923804e+00  -5.95135511e+00  -2.38156400e+00 
 -6.95966709e+00  -3.75420394e+00  -2.49898379e+00 
 -9.04077823e+00  -5.77036846e+00  -4.93564466e+00 
 -1.15493947e+01  -3.94068539e+00  -7.09857806e+00 
 -1.18866854e+01  -7.93303613e-01  -5.00701874e+00 
 -1.49352459e+01  -2.05888691e+00  -3.20002829e+00 
  1.01476970e+01   2.75301998e+00   6.67004933e+00 
  1.33451171e+01   4.52598613e+00   5.60061846e+00 

   1.939722347387e+01 

