 -2.89648539e+00  -1.58501105e+00  -1.06210455e+00 
 -3.27676308e+00  -1.83714889e-01  -9.07356364e-01 
 -2.24695290e+00   3.53038936e-01  -8.57992564e-02 
 -1.74563194e+00   1.72848395e+00  -1.93531463e-01 
 -6.87404473e-01   2.26077218e+00  -9.67116928e-01 
  2.96639363e-01   1.20146371e+00  -1.21345830e+00 
 -1.28725126e-01   7.52627717e-01  -1.02937574e-01 
 -1.08589934e+00  -3.48457531e-01  -2.80653180e-01 
 -5.22341447e-01   1.55698846e+00   9.40511911e-01 
 -1.46139667e+00   1.10940813e+00   1.95108967e+00 
 -1.53586256e+00  -4.44163543e-01   1.83637037e+00 
 -3.70387690e-01  -1.00426147e+00   1.04885230e+00 
  4.37392780e-01   6.05282335e-01   1.07759290e+00 
  3.62055138e-01   1.96818163e-01   2.55474603e+00 
  5.87861316e-01   2.74204141e+00  -5.58723773e-01 
  1.71835584e+00   2.46226936e+00  -1.37041359e-02 
  2.28366499e+00   3.81985698e+00   1.98006748e-01 
  1.34711595e+00   4.97723883e+00  -4.69124289e-02 
 -1.33372715e-01   4.64951733e+00   3.33882960e-01 
  1.64232249e-02   3.94608283e+00   1.61272526e+00 
  1.22594302e+00   3.40629868e+00   2.29642299e+00 
  2.59332971e+00   3.51974061e+00   1.58181935e+00 
  2.94305734e+00   1.97776532e+00   1.78794470e+00 
  2.75061225e+00   1.66503741e+00   4.76923197e-01 
 -3.21033106e+00   2.08192395e+00  -5.79271397e-01 
 -3.74289126e+00   9.40068449e-01  -1.28304719e+00 
 -4.32889487e+00  -6.51202949e-01   1.69490206e-01 
  1.26855041e+01  -4.94220960e+00  -6.77391391e+00 
  1.09629704e+01  -2.59035573e+00  -9.20179430e+00 
  7.56121478e+00  -9.03257092e-01  -9.28807225e+00 
  4.88868001e+00   4.68582906e+00  -9.05002521e+00 
  1.32941983e+00   3.76541516e+00  -8.31497888e+00 
  2.89318309e-02   4.52028199e+00  -5.06237691e+00 
 -3.63971650e+00   3.38320259e+00  -5.69773483e+00 
 -6.23102141e+00   6.57575630e-01  -6.42974676e+00 
 -7.15659629e+00  -1.45525191e+00  -3.46443496e+00 
 -9.72042263e+00  -4.01104011e+00  -2.75257479e+00 
 -7.39403544e+00  -6.96058527e+00  -3.14881721e+00 
 -4.98206942e+00  -5.45212267e+00  -5.61365737e+00 
 -3.10166135e+00  -2.38694835e+00  -6.83862845e+00 
 -3.22843028e-01  -1.04471712e+00  -4.90465324e+00 
  2.82542968e+00   4.66064320e-01  -6.13017532e+00 
  5.56729740e+00   2.47649367e+00  -4.44123926e+00 
  9.08898284e+00   1.14940321e+00  -5.35795317e+00 
  1.26104419e+01   3.19757144e-01  -4.37788739e+00 
  8.86559576e+00  -3.49769087e-01  -3.11070910e-01 
  5.18370032e+00  -6.49416622e-01  -1.16678833e+00 
  4.38709307e+00  -3.49453592e+00  -3.56161945e+00 
  8.35071529e-01  -4.89248631e+00  -3.72487049e+00 
  3.49605030e-02  -6.98447832e+00  -6.74302502e+00 
 -3.01378062e+00  -9.16573190e+00  -6.35311902e+00 
 -5.75254998e+00  -9.42056574e+00  -9.00196156e+00 
  2.00522956e+00  -1.20181062e+01   7.59416218e+00 
  5.79738232e+00  -1.19482208e+01   7.78973164e+00 
  2.88875445e+00  -4.00921005e+00   9.68840587e+00 
  5.01972709e+00  -6.84405397e+00   8.58051122e+00 
  5.28863264e+00  -8.45526989e+00   5.16057425e+00 
  8.94826223e+00  -8.43532512e+00   4.10853366e+00 
  8.91341836e+00  -1.05542239e+01   9.90283973e-01 
  3.40641422e+00  -9.57230179e+00  -5.38560376e+00 
  3.62340694e+00  -8.71340930e+00  -1.67335709e+00 
  6.48106851e+00  -6.44638274e+00  -5.17367076e-01 
  6.37144636e+00  -4.37016787e+00   2.66174380e+00 
  8.08346345e+00  -1.32871887e+00   4.10104715e+00 
  6.81157584e+00   1.90804145e+00   2.61220365e+00 
  5.57971092e+00   7.46690127e+00   3.81133583e+00 
  2.63912007e+00   9.16836303e+00   5.40011244e+00 
  3.00235765e-03   7.09925045e+00   3.75352073e+00 
 -3.17874470e+00   5.64544249e+00   5.19215253e+00 
 -4.79245314e+00   7.22551478e+00   8.36795632e+00 
 -8.14103159e+00   7.86182367e+00   6.68025392e+00 
 -9.12623652e+00   3.55972485e+00   8.87131553e+00 
 -8.12187321e+00   2.84778977e+00   5.31331272e+00 
 -6.13753407e+00  -1.91428937e-01   6.64636952e+00 
 -4.25832991e+00   1.73832086e+00   9.37019504e+00 
 -1.03090149e+00   3.37038886e+00   7.90987992e+00 
  9.43137736e-01   6.27934093e+00   9.30261419e+00 
  4.64493925e+00   5.64381078e+00   9.95518829e+00 
  4.82970368e+00   9.09052697e+00   1.15963114e+01 
 -1.91690889e+00  -3.69932624e+00   7.75088152e+00 
 -3.74597196e+00  -6.11179056e+00   5.37718206e+00 
 -4.71546095e+00  -8.68645270e+00   7.80391795e+00 
 -5.08954623e+00  -1.21987740e+01   6.40203052e+00 
 -5.61666169e+00  -1.11236086e+01   2.77956706e+00 
 -9.38657151e+00  -1.13599973e+01   3.19316784e+00 
  6.45615101e+00   9.76489672e+00  -2.01736675e+00 
  1.00181199e+01   1.06102712e+01  -3.10817336e+00 

   4.616617504334e+01 

 -3.98762871e+00  -3.14654744e+00   1.01312104e+00 
 -4.54883171e+00  -3.05904074e+00  -3.32086319e-01 
 -3.59433385e+00  -2.27902844e+00  -1.04207535e+00 
 -3.93926907e+00  -1.33930952e+00  -2.11572610e+00 
 -4.25115001e+00   3.96326410e-02  -2.06225258e+00 
 -3.60070834e+00   6.25578886e-01  -8.85497118e-01 
 -2.74831498e+00  -2.96719730e-01  -1.08154760e+00 
 -2.94766541e+00  -1.43682375e+00  -1.75690961e-01 
 -2.38665113e+00  -7.43430930e-01  -2.33069339e+00 
 -1.85844927e+00  -2.07569150e+00  -2.55319026e+00 
 -1.42569283e+00  -2.62436732e+00  -1.15892797e+00 
 -1.30403269e+00  -1.51659117e+00  -1.34107555e-01 
 -1.47850891e+00  -2.80615772e-01  -1.43252560e+00 
 -1.80253856e-01  -1.01737665e+00  -1.78779637e+00 
 -3.49223281e+00   1.16333777e+00  -2.49357535e+00 
 -2.41774099e+00   1.85454914e+00  -2.34855523e+00 
 -2.46928714e+00   2.72854481e+00  -3.54893627e+00 
 -3.52723834e+00   2.39435504e+00  -4.57153037e+00 
 -3.80478948e+00   8.59365375e-01  -4.67653179e+00 
 -2.45278715e+00   2.90101674e-01  -4.64960400e+00 
 -1.13567796e+00   9.12015125e-01  -4.33306854e+00 
 -1.10262530e+00   2.39672673e+00  -3.89969484e+00 
 -2.15265254e-01   2.10484401e+00  -2.60745589e+00 
 -1.24690999e+00   2.30502542e+00  -1.74186490e+00 
 -5.07075490e+00  -2.35356282e+00  -2.44752230e+00 
 -5.47677979e+00  -2.94853965e+00  -1.19696199e+00 
 -4.01380379e+00  -4.52022930e+00  -5.84669039e-01 
  1.90317167e-02   1.13223925e+01   8.84193929e+00 
 -3.59581397e+00   1.14969203e+01   7.70379486e+00 
 -5.88565002e+00   9.14203969e+00   5.79673552e+00 
 -8.97637523e+00   8.62339214e+00   4.47397727e-01 
 -9.74079502e+00   4.95340977e+00   3.95632298e-01 
 -8.01634985e+00   2.90442101e+00  -1.98521765e+00 
 -9.85539633e+00  -4.39275290e-01  -1.21501450e+00 
 -1.06886932e+01  -3.34893367e+00   1.13429377e+00 
 -7.98329192e+00  -5.93813580e+00   1.43535753e+00 
 -7.70487513e+00  -9.28762180e+00   2.95701169e+00 
 -5.85708336e+00  -8.12012234e+00   6.03784155e+00 
 -7.23806706e+00  -4.62407835e+00   6.23541928e+00 
 -8.43625955e+00  -1.51111008e+00   4.41730336e+00 
 -6.04965661e+00   6.59875493e-01   2.72774007e+00 
 -6.08691884e+00   4.34933069e+00   2.44048078e+00 
 -4.15562725e+00   6.80260537e+00   2.80914640e-01 
 -2.74452302e+00   9.74547564e+00   2.36708368e+00 
  1.08755097e-02   1.21717538e+01   3.12237722e+00 
  1.74460921e+00   7.22276537e+00   1.24812673e+00 
 -5.79713158e-01   4.23028042e+00   1.39288297e+00 
 -1.85519887e+00   3.44019226e+00   4.88765047e+00 
 -3.16563830e+00  -6.07580712e-02   5.67750394e+00 
 -5.21510342e+00  -3.74231969e-01   8.81235510e+00 
 -5.56019491e+00  -3.90230911e+00   1.00923160e+01 
 -8.89421387e+00  -5.41274833e+00   1.11809186e+01 
  9.05151191e+00  -5.53880647e+00   6.67573061e+00 
  1.09806089e+01  -2.28992168e+00   7.05898824e+00 
  8.26469102e+00  -2.81848025e+00  -1.15303873e+00 
  9.40680565e+00  -1.52517206e+00   2.13751489e+00 
  7.36783540e+00  -6.01942829e-01   5.19603477e+00 
  8.24986831e+00   2.96518057e+00   6.19489642e+00 
  6.49237157e+00   3.34384533e+00   9.50884355e+00 
 -1.59366095e+00   1.19092044e+00   1.08959998e+01 
  1.18169684e+00   3.30082243e-01   8.42175160e+00 
  2.64719674e+00   3.16312633e+00   6.30795805e+00 
  4.40051211e+00   2.62250203e+00   2.98184294e+00 
  5.27141348e+00   4.61946668e+00  -1.01446153e-01 
  2.30542261e+00   5.14597330e+00  -2.38982097e+00 
  6.80449763e-01   5.52233205e+00  -7.96424013e+00 
 -5.03552487e-02   2.96853165e+00  -1.06119345e+01 
 -1.87635146e+00   5.72038439e-01  -8.40644909e+00 
 -1.70429618e+00  -3.20416227e+00  -8.27439389e+00 
 -4.87552356e-01  -5.21860357e+00  -1.13805127e+01 
 -3.65978222e+00  -7.30459685e+00  -1.16080995e+01 
 -8.15198266e-01  -1.04065040e+01  -9.04568888e+00 
 -2.94080803e+00  -8.49013578e+00  -6.59940656e+00 
  1.66446407e-01  -8.27440552e+00  -4.30813554e+00 
  2.54937250e+00  -6.97170007e+00  -7.00983682e+00 
  2.31726803e+00  -3.08768934e+00  -7.28011172e+00 
  3.32271384e+00  -8.90993036e-01  -1.01890885e+01 
  5.83049368e+00   1.87587064e+00  -9.42189125e+00 
  5.99359087e+00   2.60967095e+00  -1.31691852e+01 
  4.31892814e+00  -6.19107255e+00  -1.18474212e+00 
  2.41510207e+00  -7.73980858e+00   1.77781892e+00 
  4.83356125e+00  -1.03289626e+01   2.72922712e+00 
  4.79658722e+00  -1.13358394e+01   6.39344067e+00 
  1.24897472e+00  -1.01229124e+01   7.10007101e+00 
 -1.20164479e-01  -1.36286413e+01   6.57615490e+00 
 -4.41531082e+00   9.16494360e+00  -7.07693560e+00 
 -3.90834839e+00   1.29403107e+01  -6.79104753e+00 

   4.616617504334e+01 

  4.45701301e-01   3.28155661e+00  -2.07501833e+00 
  1.70169429e+00   2.54764867e+00  -2.20170616e+00 
  1.63579585e+00   1.58927726e+00  -1.15253915e+00 
  2.20855433e+00   2.40376148e-01  -1.23734140e+00 
  1.63245946e+00  -9.74381531e-01  -1.67789685e+00 
  1.80975846e-01  -9.08516002e-01  -1.47785232e+00 
  4.97027723e-01  -1.29819473e-01  -5.24233993e-01 
  3.26718903e-01   1.28482163e+00  -8.84705198e-01 
  1.62659350e+00  -2.89024588e-01   2.43523605e-01 
  2.25392168e+00   8.19881047e-01   9.36493967e-01 
  1.20815715e+00   1.97641726e+00   9.69527087e-01 
 -1.88790085e-01   1.47737000e+00   6.66680032e-01 
  3.82038741e-01  -2.26801304e-01   7.84667994e-01 
  6.05502450e-01   3.42076808e-01   2.19212732e+00 
  1.23928328e+00  -2.12032265e+00  -9.31613187e-01 
  4.64737837e-01  -2.59766846e+00  -2.30115093e-02 
  1.08061665e+00  -3.92862093e+00   2.15103789e-01 
  2.41711309e+00  -4.17148384e+00  -4.41734949e-01 
  3.29287595e+00  -2.87932706e+00  -5.29047461e-01 
  3.10490724e+00  -2.27872258e+00   7.96334961e-01 
  2.14293167e+00  -2.60036111e+00   1.88853427e+00 
  1.09385627e+00  -3.71163669e+00   1.64815716e+00 
 -1.27382780e-01  -2.80099100e+00   2.11909717e+00 
 -6.14331884e-01  -2.64274835e+00   8.57569891e-01 
  3.30398505e+00   9.13676823e-01  -2.11241648e+00 
  2.66294647e+00   1.99234947e+00  -2.82536079e+00 
  2.41078944e+00   3.75714673e+00  -1.48099580e+00 
 -1.39375925e+01  -5.65226615e+00  -2.03482651e+00 
 -1.19324916e+01  -6.55844238e+00  -5.12535346e+00 
 -8.54945742e+00  -5.49917878e+00  -6.48870517e+00 
 -2.88870957e+00  -7.70463290e+00  -7.72519148e+00 
 -9.28943538e-01  -4.52948494e+00  -8.09062329e+00 
  1.44511264e+00  -3.70871265e+00  -5.53509934e+00 
  2.91016321e+00  -5.09725879e-01  -7.20114863e+00 
  2.54648659e+00   3.09759654e+00  -8.43998244e+00 
  2.62693977e+00   5.69650823e+00  -5.72834299e+00 
  2.80289088e+00   9.38013525e+00  -5.61908688e+00 
 -8.75397066e-01   9.88592391e+00  -4.92390512e+00 
 -2.20178002e+00   6.79787422e+00  -6.61893724e+00 
 -1.73353150e+00   3.12903996e+00  -7.48622078e+00 
 -2.07036815e+00   5.77107444e-01  -4.90981678e+00 
 -3.50460070e+00  -2.82200171e+00  -5.20139862e+00 
 -3.43596989e+00  -5.86925726e+00  -2.93828280e+00 
 -6.95999004e+00  -7.42092457e+00  -2.51707930e+00 
 -9.56381004e+00  -9.04628756e+00  -3.65839723e-01 
 -6.28977081e+00  -5.42527004e+00   2.31371868e+00 
 -4.31195677e+00  -2.85626111e+00   3.47290504e-01 
 -6.45757713e+00  -6.22653724e-01  -1.85992819e+00 
 -5.10343952e+00   2.75758522e+00  -3.01667761e+00 
 -6.92364001e+00   4.35487709e+00  -5.89094166e+00 
 -6.26876718e+00   8.04587267e+00  -6.28133814e+00 
 -5.43535557e+00   9.67657237e+00  -9.63221985e+00 
 -7.27758862e+00   8.82904781e+00   8.75934242e+00 
 -9.68745133e+00   6.25239780e+00   1.01653973e+01 
 -1.75816870e+00   2.75676547e+00   1.01637221e+01 
 -5.44630628e+00   3.20400676e+00   1.01144125e+01 
 -7.77110179e+00   3.67257574e+00   7.15805246e+00 
 -1.05089687e+01   1.03328016e+00   7.35370412e+00 
 -1.28861903e+01   2.11921915e+00   4.63635588e+00 
 -1.05120633e+01   4.15912137e+00  -3.24688774e+00 
 -8.93370157e+00   3.95129416e+00   2.21705593e-01 
 -8.92998940e+00   5.60074524e-01   1.99415236e+00 
 -6.46735970e+00  -3.88460147e-01   4.72639835e+00 
 -5.08796065e+00  -3.52501834e+00   6.31141242e+00 
 -2.49075707e+00  -5.23335623e+00   4.15570242e+00 
  2.48717452e+00  -8.24295458e+00   4.29298535e+00 
  6.08661205e+00  -7.25235302e+00   4.65217309e+00 
  5.92069859e+00  -4.22753696e+00   2.46938400e+00 
  7.48126338e+00  -8.14950013e-01   2.94438006e+00 
  1.06028223e+01  -3.91514652e-01   5.23849988e+00 
  1.27433392e+01   1.15050082e+00   2.49868574e+00 
  1.11325213e+01   5.25630759e+00   4.69574069e+00 
  8.89085620e+00   4.55800817e+00   1.75256272e+00 
  5.90779825e+00   5.61985495e+00   3.97187327e+00 
  6.81084208e+00   3.36832150e+00   6.93661221e+00 
  5.33495040e+00  -2.07248997e-01   6.43711276e+00 
  6.43574185e+00  -3.43157729e+00   8.07738926e+00 
  3.74440955e+00  -5.36824207e+00   9.95865107e+00 
  6.47598598e+00  -7.73825501e+00   1.11950994e+01 
  1.05042268e+00   5.47916334e+00   6.75127529e+00 
 -1.08112185e-01   8.09881819e+00   4.18318059e+00 
 -4.78502241e-01   1.09801642e+01   6.42338089e+00 
 -3.05593230e+00   1.35612776e+01   5.35738979e+00 
 -3.08122870e+00   1.25927964e+01   1.66720321e+00 
 -6.13274286e-01   1.53667142e+01   8.58657448e-01 
  1.68918462e+00  -1.13743311e+01  -1.14580103e+00 
 -4.32483642e-01  -1.45506613e+01  -1.10593013e+00 

   4.616617504334e+01 

 -2.95704457e+00   6.52173770e-01  -2.75659055e+00 
 -3.02733526e+00   2.05852793e+00  -2.37004657e+00 
 -2.50979513e+00   2.06697206e+00  -1.04503688e+00 
 -1.72948292e+00   3.17289070e+00  -4.76851416e-01 
 -3.32874768e-01   3.39864314e+00  -4.65357546e-01 
  3.55105270e-01   2.10564938e+00  -5.42890626e-01 
 -6.89749131e-01   1.68209044e+00   4.40694122e-02 
 -1.62372643e+00   1.03349981e+00  -8.87150549e-01 
 -1.38529129e+00   2.41335338e+00   9.77981867e-01 
 -2.79307474e+00   2.18882373e+00   1.24472605e+00 
 -3.14829785e+00   7.98462922e-01   6.33985518e-01 
 -1.90777785e+00  -2.00694278e-02   3.45297088e-01 
 -8.98357752e-01   1.17266676e+00   1.24107497e+00 
 -1.84684864e+00   6.08194736e-01   2.30701890e+00 
  5.93131316e-01   3.32825282e+00   6.12726775e-01 
  1.15363562e+00   2.58743484e+00   1.50174888e+00 
  1.81015557e+00   3.60765991e+00   2.35939825e+00 
  1.44716424e+00   5.04551806e+00   2.08111155e+00 
 -3.41852884e-02   5.21628305e+00   1.61132853e+00 
 -7.61081759e-01   4.32804830e+00   2.52530725e+00 
 -2.70600552e-01   3.29895750e+00   3.48559260e+00 
  1.24914119e+00   3.01929270e+00   3.55939253e+00 
  1.06847452e+00   1.44163901e+00   3.41498592e+00 
  1.54491681e+00   1.41208065e+00   2.13994072e+00 
 -2.62990520e+00   4.07785844e+00  -1.36529487e+00 
 -2.94597870e+00   3.31645047e+00  -2.54982439e+00 
 -4.56706397e+00   1.84637006e+00  -2.10670373e+00 
  1.19879699e+01  -7.17853723e+00  -1.33516427e+00 
  1.24339553e+01  -4.04098642e+00  -3.42078505e+00 
  1.01064846e+01  -1.25739628e+00  -4.54336835e+00 
  9.09179943e+00   4.81946826e+00  -3.85118056e+00 
  5.59700286e+00   5.13390014e+00  -5.17152802e+00 
  2.96716369e+00   5.82248794e+00  -2.83693912e+00 
  7.01623717e-02   6.17497904e+00  -5.41351499e+00 
 -2.26497821e+00   4.69107442e+00  -8.06396598e+00 
 -5.09409174e+00   2.64131038e+00  -6.68252211e+00 
 -8.14372122e+00   1.09470803e+00  -8.06808515e+00 
 -6.71941077e+00  -2.39993379e+00  -8.23457963e+00 
 -3.09147945e+00  -1.51108346e+00  -8.69991382e+00 
 -2.03970461e-01   8.24002956e-01  -7.89901086e+00 
  1.32019308e+00   7.89919859e-01  -4.59152845e+00 
  4.88039288e+00   1.23816959e+00  -3.68597031e+00 
  6.65951901e+00   1.86944505e+00  -3.92283731e-01 
  9.70580038e+00  -4.79139822e-01   6.39187661e-02 
  1.18469314e+01  -2.64397742e+00   2.24990853e+00 
  6.46899721e+00  -2.51547319e+00   3.68950721e+00 
  3.87176239e+00  -1.35350281e+00   1.18299746e+00 
  3.85918294e+00  -3.34689038e+00  -2.05594538e+00 
  7.43336372e-01  -3.34529155e+00  -4.26711495e+00 
  1.23559201e+00  -4.55197208e+00  -7.79237685e+00 
 -1.94869289e+00  -5.53313442e+00  -9.55373042e+00 
 -2.80680096e+00  -4.40614486e+00  -1.30999551e+01 
 -6.02314844e+00  -1.19815400e+01   3.47201459e+00 
 -3.03446001e+00  -1.32990491e+01   5.40991691e+00 
 -4.59384956e+00  -5.21054115e+00   8.10014277e+00 
 -2.91947128e+00  -8.42627346e+00   7.28753089e+00 
 -1.23342912e+00  -9.51256275e+00   4.07170546e+00 
  2.30655408e+00  -1.06477317e+01   4.89631829e+00 
  3.46750982e+00  -1.21378715e+01   1.63348323e+00 
  2.64887187e+00  -8.34044786e+00  -5.90658411e+00 
  1.02753788e+00  -8.16425973e+00  -2.45610714e+00 
  3.24584979e+00  -7.26016588e+00   5.27792742e-01 
  1.92515298e+00  -5.76668214e+00   3.76116520e+00 
  3.23910607e+00  -3.78016407e+00   6.69037702e+00 
  3.74933380e+00  -1.23225716e-01   5.86730962e+00 
  3.38060255e+00   5.27197657e+00   8.01490391e+00 
  5.30747068e-01   7.66103453e+00   8.50171353e+00 
 -1.19876552e+00   6.93171305e+00   5.27394587e+00 
 -4.88756071e+00   6.51704770e+00   4.54760151e+00 
 -7.54102999e+00   8.09006651e+00   6.92901405e+00 
 -9.20601103e+00   1.01175181e+01   4.17520141e+00 
 -1.21698007e+01   6.18123705e+00   4.20800021e+00 
 -9.60636436e+00   5.68230317e+00   1.49601934e+00 
 -9.40934260e+00   1.97595816e+00   2.58030792e+00 
 -8.90488738e+00   2.69047311e+00   6.30986035e+00 
 -5.12647050e+00   3.25647411e+00   7.09450622e+00 
 -3.60523618e+00   5.03395946e+00   1.00651852e+01 
 -1.09725121e+00   3.03141700e+00   1.21225916e+01 
 -1.03827958e+00   5.90775786e+00   1.46386324e+01 
 -7.38207367e+00  -2.92793321e+00   4.36384299e+00 
 -8.14469266e+00  -4.15661145e+00   7.98921259e-01 
 -1.08260387e+01  -6.53868235e+00   1.56961103e+00 
 -1.11822504e+01  -9.44271464e+00  -8.55536075e-01 
 -9.41713830e+00  -7.73654053e+00  -3.77605348e+00 
 -1.27532650e+01  -6.66905131e+00  -5.24910833e+00 
  7.75074539e+00   7.92583607e+00   4.28910394e+00 
  1.14216656e+01   7.59283988e+00   5.29189907e+00 

   4.616617504334e+01 

  2.74270493e+00  -4.04456316e+00   6.05391801e-01 
  1.52365260e+00  -4.76684501e+00   2.52674651e-01 
  7.42532720e-01  -3.79161702e+00  -4.27289957e-01 
 -7.22847512e-01  -3.72861214e+00  -3.68391126e-01 
 -1.57573094e+00  -3.03310505e+00   5.20692870e-01 
 -8.65008863e-01  -1.85732338e+00   1.03408586e+00 
 -2.64054563e-01  -1.91650153e+00  -8.43938508e-02 
  1.06168393e+00  -2.54031221e+00   3.15013797e-02 
 -8.71635968e-01  -2.31176089e+00  -1.25286795e+00 
 -1.24695125e-01  -2.87340092e+00  -2.36194871e+00 
  1.37546838e+00  -2.52793106e+00  -2.11204738e+00 
  1.53319894e+00  -1.42661755e+00  -1.08518045e+00 
 -2.40206960e-01  -1.11517771e+00  -1.12993858e+00 
  2.34576648e-01  -7.86008639e-01  -2.55146183e+00 
 -2.39376055e+00  -1.89123497e+00   2.93386558e-01 
 -2.43681189e+00  -6.44724317e-01  -1.91745229e-02 
 -3.89045967e+00  -4.54927846e-01  -2.60681261e-01 
 -4.72963966e+00  -1.70845189e+00  -2.93797493e-01 
 -3.96422632e+00  -2.93423775e+00  -8.90324636e-01 
 -3.28263108e+00  -2.34862917e+00  -2.05014664e+00 
 -3.09488189e+00  -9.27854093e-01  -2.45989787e+00 
 -3.63655564e+00   1.87591469e-01  -1.53488732e+00 
 -2.25889751e+00   9.90392611e-01  -1.52758944e+00 
 -1.95923172e+00   6.44709792e-01  -2.45280961e-01 
 -6.44850833e-01  -5.27927584e+00  -2.76645483e-01 
  5.72331713e-01  -5.59397043e+00   4.32007240e-01 
  2.32574058e+00  -5.41637835e+00  -9.38915139e-01 
  1.11213320e+00   1.04451739e+01   9.21252266e+00 
 -7.28208857e-01   7.69536672e+00   1.10684978e+01 
 -1.33965743e+00   4.00613315e+00   1.04041383e+01 
 -5.87724220e+00  -3.41915787e-02   9.17000175e+00 
 -3.91823395e+00  -2.97859006e+00   7.92557733e+00 
 -4.11755321e+00  -3.78617294e+00   4.44009396e+00 
 -1.97758435e+00  -7.03669910e+00   4.54120162e+00 
  1.35717706e+00  -8.84580635e+00   5.07621774e+00 
  3.77273041e+00  -8.54867931e+00   2.21429170e+00 
  6.99849391e+00  -1.01012868e+01   1.32217985e+00 
  9.11163457e+00  -7.16030140e+00   2.39649059e+00 
  6.85609516e+00  -5.79356781e+00   5.08220424e+00 
  3.32375353e+00  -5.12577333e+00   6.31037174e+00 
  1.30531653e+00  -2.51891233e+00   4.76316009e+00 
 -1.11692287e+00  -2.21706377e-01   6.36052889e+00 
 -3.77273825e+00   2.11494839e+00   4.98253799e+00 
 -3.58285158e+00   5.62203606e+00   6.61596415e+00 
 -3.78732874e+00   9.35466895e+00   6.34181836e+00 
 -1.87181784e+00   6.80783578e+00   1.77502596e+00 
 -5.36722639e-01   3.26647574e+00   2.00887383e+00 
  2.31255503e+00   2.85716139e+00   4.49454910e+00 
  4.68720099e+00  -1.19200428e-01   4.17816308e+00 
  6.79212249e+00  -8.64172967e-01   7.20143720e+00 
  9.78963328e+00  -3.04015960e+00   6.50521343e+00 
  1.07278909e+01  -6.05355353e+00   8.65493303e+00 
  1.16245980e+01   5.17105396e+00  -6.02722576e+00 
  1.04483413e+01   8.75342728e+00  -5.57271991e+00 
  3.80748198e+00   4.14961618e+00  -8.70271702e+00 
  5.83854848e+00   6.73734784e+00  -6.97551444e+00 
  7.15234906e+00   6.78425010e+00  -3.42079589e+00 
  6.00992073e+00   1.00154756e+01  -1.76124309e+00 
  7.91070058e+00   9.97806705e+00   1.49453085e+00 
  8.32626658e+00   3.29547610e+00   6.70159270e+00 
  7.59981813e+00   3.97357002e+00   3.01675637e+00 
  4.64231327e+00   6.24398657e+00   2.15633458e+00 
  2.82744683e+00   6.16937031e+00  -1.17984938e+00 
 -5.19616859e-01   7.19948757e+00  -2.59017974e+00 
 -3.29772781e+00   4.80513589e+00  -1.66273703e+00 
 -8.19037346e+00   2.31282941e+00  -3.58803142e+00 
 -8.88043500e+00  -6.23886967e-01  -5.81643215e+00 
 -6.19797593e+00  -2.83644781e+00  -4.45606618e+00 
 -3.81121943e+00  -5.14005769e+00  -6.27362176e+00 
 -4.70922730e+00  -6.48929101e+00  -9.81756934e+00 
 -4.40115754e+00  -1.01414694e+01  -8.80125633e+00 
  8.90700123e-02  -9.43308973e+00  -1.07027002e+01 
  3.21744063e-01  -8.97484304e+00  -6.97297446e+00 
  2.69465626e+00  -5.99653219e+00  -7.64412627e+00 
  4.14041776e-01  -4.24836957e+00  -1.01773639e+01 
 -2.15727153e+00  -1.95621524e+00  -8.34792772e+00 
 -5.45706325e+00  -6.51479862e-01  -9.65467252e+00 
 -5.91389781e+00   3.13281487e+00  -9.59549864e+00 
 -9.18908272e+00   2.65220990e+00  -1.15058542e+01 
  4.84608422e+00  -8.28355920e-01  -7.66083037e+00 
  7.58757833e+00  -2.32588862e+00  -5.41549948e+00 
  1.04341143e+01  -2.04384025e+00  -7.71235009e+00 
  1.38378807e+01  -1.67655718e+00  -6.06277241e+00 
  1.28132542e+01  -3.17358540e+00  -2.70641729e+00 
  1.41677370e+01  -6.57065004e+00  -3.73816014e+00 
 -1.08896449e+01   1.36504108e+00   2.05451543e+00 
 -1.27929049e+01   4.26449873e+00   3.65541719e+00 

   4.616617504334e+01 

 -3.44426811e+00   2.82380817e+00   1.13245903e+00 
 -4.44376313e+00   2.15920192e+00   3.00895868e-01 
 -3.69133675e+00   1.18365179e+00  -4.10248457e-01 
 -4.21435058e+00  -1.31733595e-01  -7.98830139e-01 
 -4.18642604e+00  -1.36875529e+00  -1.12821284e-01 
 -3.02983942e+00  -1.38257725e+00   7.88997503e-01 
 -2.52972899e+00  -6.02105247e-01  -8.07139332e-02 
 -2.60275414e+00   8.06612148e-01   3.32004682e-01 
 -2.77320342e+00  -7.12455811e-01  -1.42951333e+00 
 -2.66090843e+00   4.17938823e-01  -2.33118848e+00 
 -1.85488582e+00   1.51699924e+00  -1.57310907e+00 
 -1.12325698e+00   9.49249355e-01  -3.75358942e-01 
 -1.51638075e+00  -7.23900234e-01  -9.13866793e-01 
 -6.36533399e-01  -1.64371500e-01  -2.03960936e+00 
 -3.43211883e+00  -2.54451890e+00  -3.83576608e-01 
 -2.26454727e+00  -3.07518588e+00  -4.75803915e-01 
 -2.58533508e+00  -4.37502931e+00  -1.11996406e+00 
 -3.99756765e+00  -4.53742569e+00  -1.62579886e+00 
 -4.60863531e+00  -3.19967030e+00  -2.15613840e+00 
 -3.49977397e+00  -2.62902068e+00  -2.92910805e+00 
 -2.06285891e+00  -3.01676737e+00  -3.01081046e+00 
 -1.55745000e+00  -4.17834449e+00  -2.12279343e+00 
 -3.27126781e-01  -3.34039549e+00  -1.55127692e+00 
 -8.84729068e-01  -3.18992414e+00  -3.18374129e-01 
 -5.57196736e+00   6.11067361e-01  -9.54335945e-01 
 -5.58581446e+00   1.66453010e+00   3.19597674e-02 
 -4.36374894e+00   3.39395869e+00  -6.75883718e-01 
  6.17281303e+00  -6.85725694e+00   1.11565637e+01 
  2.52010827e+00  -7.61153028e+00   1.18506543e+01 
 -7.61193784e-01  -6.35541504e+00   1.04081153e+01 
 -5.69076962e+00  -8.24058151e+00   7.15505186e+00 
 -7.16667185e+00  -4.96136652e+00   6.09474551e+00 
 -6.94895755e+00  -4.05323710e+00   2.63520594e+00 
 -9.01140917e+00  -7.57599290e-01   2.83688517e+00 
 -9.47579826e+00   2.84296011e+00   4.06165442e+00 
 -7.46612383e+00   5.40310300e+00   2.18530685e+00 
 -7.33647772e+00   9.08892115e+00   2.08560638e+00 
 -4.25463333e+00   9.38954485e+00   4.24911339e+00 
 -4.69184855e+00   6.26049239e+00   6.29517059e+00 
 -5.81228468e+00   2.63442244e+00   6.46256781e+00 
 -3.85214551e+00   3.13543322e-02   4.83604791e+00 
 -3.22333308e+00  -3.43423600e+00   5.97194605e+00 
 -1.79323167e+00  -6.50593726e+00   4.25974540e+00 
  8.87853166e-01  -8.24757578e+00   6.44658816e+00 
  4.16472772e+00  -1.00391294e+01   6.76587442e+00 
  3.97711804e+00  -6.28918949e+00   2.65322480e+00 
  1.31285445e+00  -3.59115370e+00   2.67963256e+00 
  1.32986168e+00  -1.44244254e+00   5.81766605e+00 
 -2.81908595e-01   2.02096701e+00   5.74864365e+00 
 -9.99370198e-01   3.56113745e+00   9.10110377e+00 
 -1.56070235e+00   7.28682943e+00   9.00707281e+00 
 -4.46484759e+00   9.00746173e+00   1.07924382e+01 
  9.95579028e+00   7.79854095e+00  -7.37756810e-01 
  1.25188325e+01   5.07812817e+00  -6.41673465e-02 
  6.83444095e+00   2.00678651e+00  -5.83889885e+00 
  9.38690896e+00   2.25917030e+00  -3.15077227e+00 
  8.90852795e+00   2.64683189e+00   5.88902295e-01 
  1.08295636e+01  -1.36004278e-01   2.33976522e+00 
  1.05880626e+01   8.61881964e-01   5.96748182e+00 
  3.38330569e+00   3.13790449e+00   9.82162366e+00 
  4.76050084e+00   2.96375886e+00   6.26654780e+00 
  5.86796059e+00  -4.47742232e-01   4.93345172e+00 
  6.06718152e+00  -1.30413203e+00   1.23800334e+00 
  6.09496496e+00  -4.38595282e+00  -9.42505174e-01 
  2.66219420e+00  -5.92337981e+00  -1.34670008e+00 
 -8.45749267e-01  -8.66738416e+00  -5.09117660e+00 
 -3.04660011e+00  -7.49324155e+00  -7.89187339e+00 
 -4.35249958e+00  -4.45024572e+00  -6.16664568e+00 
 -4.93716863e+00  -9.67167818e-01  -7.52055256e+00 
 -5.44572473e+00  -4.12506410e-01  -1.13441810e+01 
 -8.82584959e+00   1.27983272e+00  -1.09235265e+01 
 -5.93678944e+00   5.26265740e+00  -1.11878613e+01 
 -6.51863557e+00   4.48940539e+00  -7.54938392e+00 
 -2.80226665e+00   5.36000421e+00  -6.93119919e+00 
 -1.41256462e+00   3.11680272e+00  -9.70812976e+00 
 -9.12070652e-01  -5.24186042e-01  -8.40230932e+00 
 -6.54937666e-01  -3.70916521e+00  -1.04242718e+01 
  2.47469738e+00  -5.81228308e+00  -9.86269752e+00 
  1.34785769e+00  -8.05222616e+00  -1.27471668e+01 
  2.56309804e+00   4.92274314e+00  -5.39476444e+00 
  1.65278742e+00   7.51429005e+00  -2.70123068e+00 
  3.65173332e+00   1.03394197e+01  -3.91807042e+00 
  4.80339983e+00   1.27958329e+01  -1.25699414e+00 
  2.13108794e+00   1.18807038e+01   1.30764240e+00 
 -3.49265165e-02   1.47925384e+01   1.81247141e-01 
 -4.33533902e+00  -1.17577683e+01  -8.13911909e-01 
 -2.98010152e+00  -1.50420229e+01   5.89349633e-01 

   4.616617504334e+01 

  2.07352657e+00  -2.40518476e-01   2.01106367e+00 
  2.57777239e+00   1.12981918e+00   2.02106031e+00 
  1.53381487e+00   1.87433680e+00   1.40509281e+00 
  1.75661107e+00   3.05375191e+00   5.60036748e-01 
  1.94663322e+00   3.15731834e+00  -8.38096360e-01 
  1.28798581e+00   2.02029777e+00  -1.48965495e+00 
  5.14464688e-01   2.08206099e+00  -4.82929885e-01 
  8.45434112e-01   1.07245755e+00   5.32606513e-01 
  1.50747227e-01   3.26106878e+00   1.24002627e-01 
 -2.64613924e-01   3.32080603e+00   1.51228460e+00 
 -5.98395669e-01   1.85952613e+00   1.94302981e+00 
 -7.82213060e-01   9.50786755e-01   7.46104585e-01 
 -7.63169641e-01   2.37679185e+00  -3.53946952e-01 
 -2.00250239e+00   2.59645401e+00   5.23722109e-01 
  1.07654908e+00   3.66916658e+00  -1.84092877e+00 
 -4.93334321e-02   3.54964096e+00  -2.45038660e+00 
 -1.17158655e-01   4.83529748e+00  -3.19195732e+00 
  9.30164301e-01   5.86311983e+00  -2.84076207e+00 
  1.33894844e+00   5.82041687e+00  -1.33234397e+00 
  4.45106912e-02   5.67532719e+00  -6.57009640e-01 
 -1.31079334e+00   5.36755010e+00  -1.19568571e+00 
 -1.46034446e+00   5.08947666e+00  -2.71014384e+00 
 -2.27297617e+00   3.73626976e+00  -2.48443238e+00 
 -1.23375823e+00   2.94218800e+00  -2.86268026e+00 
  2.96140196e+00   3.32785929e+00   1.50470743e+00 
  3.46171323e+00   2.04134824e+00   1.92581628e+00 
  2.16600732e+00   1.20577926e+00   3.54086441e+00 
 -2.92667860e+00  -6.69453751e+00  -1.28225984e+01 
  6.16795513e-01  -5.38700812e+00  -1.31791095e+01 
  3.03894693e+00  -3.63590881e+00  -1.08354967e+01 
  5.97613239e+00   1.76114816e+00  -1.00098394e+01 
  7.06076710e+00   1.46545869e+00  -6.43325959e+00 
  5.44332145e+00   3.54302300e+00  -4.00259946e+00 
  7.59726412e+00   2.51156110e+00  -9.28152015e-01 
  8.76629030e+00  -8.80490453e-02   1.63215067e+00 
  6.31325421e+00  -7.74388350e-01   4.39355528e+00 
  6.38592664e+00  -2.64597951e+00   7.57221364e+00 
  4.54981867e+00  -5.66715269e+00   6.24175427e+00 
  5.62132045e+00  -5.44030612e+00   2.64051822e+00 
  6.47494024e+00  -3.25833526e+00  -3.49819330e-01 
  3.84805533e+00  -1.45900568e+00  -2.11774603e+00 
  3.54797659e+00  -7.89271903e-01  -5.74505846e+00 
  1.33300057e+00   1.52631668e+00  -7.78076486e+00 
 -2.60349163e-01  -3.03232070e-01  -1.08003327e+01 
 -3.19221786e+00  -9.22902598e-01  -1.30519253e+01 
 -4.54414770e+00   3.50091394e-01  -7.80188667e+00 
 -1.95997051e+00  -2.19357898e-03  -5.04937535e+00 
 -4.99025874e-01  -3.50074549e+00  -4.74891184e+00 
  1.14333984e+00  -4.59122408e+00  -1.47610501e+00 
  3.31999630e+00  -7.64877343e+00  -1.67465891e+00 
  4.02080160e+00  -9.27138916e+00   1.65411059e+00 
  7.51137580e+00  -1.03635220e+01   2.75197320e+00 
 -1.04978399e+01  -6.68704105e+00   4.87643117e+00 
 -1.26930181e+01  -6.81548597e+00   1.77994144e+00 
 -1.02273236e+01   1.40858726e+00   2.95379898e+00 
 -1.13648467e+01  -1.77698075e+00   1.41658957e+00 
 -9.31096508e+00  -4.63087463e+00   1.96741837e-03 
 -1.04707148e+01  -5.29208341e+00  -3.56424339e+00 
 -8.63987408e+00  -8.46860519e+00  -4.44296922e+00 
 -3.51547583e-01  -9.71564008e+00  -3.14229331e+00 
 -3.12374362e+00  -7.46812329e+00  -1.78983077e+00 
 -4.90713847e+00  -5.13820033e+00  -4.24602981e+00 
 -6.71987487e+00  -1.96620293e+00  -3.20590943e+00 
 -7.87084096e+00   1.26640646e+00  -4.78024175e+00 
 -5.04437450e+00   3.72490271e+00  -5.30736024e+00 
 -3.65346182e+00   9.37416094e+00  -5.22032523e+00 
 -2.79129698e+00   1.17721841e+01  -2.46852320e+00 
 -6.84581395e-01   9.41224016e+00  -4.85086365e-01 
 -5.16371695e-01   8.88181500e+00   3.25618187e+00 
 -1.65663635e+00   1.17058825e+01   5.68740632e+00 
  1.67828889e+00   1.18547763e+01   7.51012689e+00 
 -7.89412632e-01   8.86219277e+00   1.05489304e+01 
  1.24140537e+00   6.72344931e+00   8.20873045e+00 
 -1.79140985e+00   4.33286468e+00   8.01218633e+00 
 -4.37272517e+00   7.04799830e+00   7.21254347e+00 
 -4.49551290e+00   7.72957932e+00   3.37420648e+00 
 -5.79208142e+00   1.08038010e+01   1.59470844e+00 
 -8.50724980e+00   1.02184866e+01  -1.01648931e+00 
 -8.86462544e+00   1.40109023e+01  -1.32816394e+00 
 -6.00148213e+00   1.26332034e+00   5.96471079e+00 
 -3.86622416e+00  -1.75754197e+00   7.02063184e+00 
 -6.01107518e+00  -3.07750081e+00   9.68805829e+00 
 -5.75791180e+00  -6.82121877e+00   1.02898165e+01 
 -2.30949001e+00  -7.24197663e+00   8.71265995e+00 
 -6.53823431e-01  -7.02496350e+00   1.21259925e+01 
  1.12685374e+00   9.09377434e+00  -9.35465355e+00 
  2.97278426e-01   9.17905108e+00  -1.30824776e+01 

   4.616617504334e+01 

 -1.63249511e+00  -2.60800622e+00   3.61390055e-01 
 -5.80110005e-01  -3.41690375e+00  -2.47181584e-01 
  4.62279971e-01  -2.48014541e+00  -4.91060076e-01 
  1.89155164e+00  -2.80559557e+00  -4.13325975e-01 
  2.79065834e+00  -2.73245152e+00   6.76567466e-01 
  2.31817790e+00  -1.70482334e+00   1.61032511e+00 
  1.82890074e+00  -1.18502079e+00   5.58632115e-01 
  3.91685642e-01  -1.46039998e+00   4.21763240e-01 
  2.44015024e+00  -1.24221285e+00  -6.71741796e-01 
  1.69497236e+00  -1.13830003e+00  -1.91163386e+00 
  2.94766579e-01  -5.57444029e-01  -1.54513597e+00 
  2.92599724e-01   7.29777816e-02  -1.68622361e-01 
  2.08649088e+00  -6.70162833e-02  -8.91067173e-02 
  1.83614602e+00   8.83409425e-01  -1.26746088e+00 
  3.86328155e+00  -1.82823006e+00   9.14413740e-01 
  4.21634068e+00  -6.08283803e-01   1.11545366e+00 
  5.69153024e+00  -7.03566664e-01   9.66534222e-01 
  6.22517350e+00  -2.01462287e+00   4.44041382e-01 
  5.26320331e+00  -2.69335552e+00  -5.84641535e-01 
  4.84530432e+00  -1.56303115e+00  -1.42155478e+00 
  5.02323270e+00  -9.41382490e-02  -1.24143596e+00 
  5.71203536e+00   4.16150541e-01   4.63644993e-02 
  4.55702132e+00   1.46707001e+00   3.68848189e-01 
  4.06610192e+00   7.44707453e-01   1.41326272e+00 
  1.45699147e+00  -4.20426941e+00  -9.36706923e-01 
  1.38279386e-01  -4.45595518e+00  -4.07171824e-01 
 -1.39073002e+00  -3.34648599e+00  -1.59738951e+00 
  2.39946250e+00   6.64201290e+00   1.39582430e+01 
  3.38558707e+00   3.03285908e+00   1.45863425e+01 
  3.20860501e+00  -1.54580201e-01   1.25285293e+01 
  6.81301587e+00  -4.40101002e+00   9.80583785e+00 
  4.36756462e+00  -6.07348599e+00   7.50836527e+00 
  4.71093619e+00  -5.51736995e+00   3.98510776e+00 
  1.89254961e+00  -7.93007154e+00   2.80562570e+00 
 -1.80004329e+00  -8.92935153e+00   2.59128453e+00 
 -3.80175474e+00  -6.98406323e+00   7.67651280e-02 
 -7.19460238e+00  -7.23871156e+00  -1.35002949e+00 
 -8.68157446e+00  -4.50629300e+00   7.92796895e-01 
 -6.44242851e+00  -4.86149195e+00   3.79754907e+00 
 -2.98423807e+00  -5.59886688e+00   5.18642606e+00 
 -2.91077752e-01  -3.18058842e+00   4.78332200e+00 
  2.42364022e+00  -2.33304650e+00   7.15143622e+00 
  5.65756328e+00  -3.76338567e-01   6.79759230e+00 
  6.10965950e+00   2.17686712e+00   9.67518706e+00 
  7.17700216e+00   5.55980693e+00   1.08859773e+01 
  5.18045690e+00   5.49440553e+00   5.68783689e+00 
  3.06403880e+00   2.57454501e+00   4.51583691e+00 
 -2.78581742e-02   1.96295885e+00   6.64436656e+00 
 -2.97201622e+00   1.10280724e-02   5.18845693e+00 
 -5.46936159e+00  -1.28678541e+00   7.67940279e+00 
 -8.80038926e+00  -2.22781075e+00   6.18828165e+00 
 -1.05956211e+01  -5.50253161e+00   6.98547090e+00 
 -7.52940377e+00   1.03098632e+01  -2.12101936e+00 
 -5.62338352e+00   1.30435246e+01  -2.99554019e-01 
  7.37278846e-02   8.49975373e+00  -4.98890778e+00 
 -1.47573667e+00   1.06487798e+01  -2.38397753e+00 
 -3.07797138e+00   9.66117080e+00   9.05668080e-01 
 -1.39900899e+00   1.16317997e+01   3.69811918e+00 
 -3.56083142e+00   1.08265619e+01   6.68015597e+00 
 -5.96961765e+00   2.98901978e+00   8.85130586e+00 
 -4.76066984e+00   4.81665874e+00   5.72660770e+00 
 -1.29859848e+00   6.44355091e+00   5.82271017e+00 
  7.62304489e-01   7.20051712e+00   2.72285335e+00 
  4.37440717e+00   7.83486126e+00   1.82656635e+00 
  6.43853849e+00   4.66584369e+00   1.73904513e+00 
  1.08027050e+01   1.97570433e+00  -1.01296011e+00 
  1.10210891e+01   3.47591442e-02  -4.21472493e+00 
  7.79104135e+00  -1.79804641e+00  -3.82843089e+00 
  5.13028298e+00  -2.57628215e+00  -6.40164821e+00 
  6.03427652e+00  -2.65227955e+00  -1.01915602e+01 
  4.81386936e+00  -6.22024797e+00  -1.06879611e+01 
  8.02040240e-01  -3.76475953e+00  -1.21560338e+01 
  3.24139459e-01  -4.71710568e+00  -8.54499120e+00 
 -1.23973109e+00  -1.22408132e+00  -7.99310146e+00 
  1.60774997e+00   7.39010746e-01  -9.64012581e+00 
  4.44371268e+00   1.45726806e+00  -7.06061377e+00 
  8.06212180e+00   2.30872733e+00  -7.75392057e+00 
  9.35398919e+00   5.54914363e+00  -6.21643338e+00 
  1.26029377e+01   5.04392902e+00  -8.16486025e+00 
 -2.15676629e+00   3.91878649e+00  -5.98090755e+00 
 -5.36699583e+00   2.40166188e+00  -4.50014284e+00 
 -7.84385110e+00   4.22431574e+00  -6.50038333e+00 
 -1.12181710e+01   4.75913910e+00  -4.83618433e+00 
 -1.08830859e+01   1.89676330e+00  -2.33606523e+00 
 -1.28649765e+01  -4.08474569e-01  -4.61579184e+00 
  1.26672655e+01  -1.67661809e+00   3.80436895e+00 
  1.50145127e+01  -1.66088803e-01   6.41221692e+00 

   4.616617504334e+01 

  2.06268032e+00   5.23958093e-01   1.74214817e+00 
  9.57222559e-01   1.32145743e+00   2.26573867e+00 
  2.85749023e-01   1.77085813e+00   1.09495600e+00 
 -1.16572213e+00   1.97231847e+00   1.00879846e+00 
 -2.19405410e+00   1.08005454e+00   6.24079013e-01 
 -1.63318405e+00   7.86453572e-02  -2.89028429e-01 
 -8.30424164e-01   1.01758860e+00  -5.88372921e-01 
  4.70040794e-01   8.68608972e-01   8.00206690e-02 
 -1.19298399e+00   2.34342084e+00  -6.26268673e-01 
 -2.31680612e-01   3.41407899e+00  -4.44589783e-01 
  1.18184431e+00   2.78436482e+00  -6.38749510e-01 
  1.10565781e+00   1.43824497e+00  -1.32750424e+00 
 -6.37005205e-01   1.71056542e+00  -1.69210504e+00 
  8.59072082e-02   2.82332831e+00  -2.46259612e+00 
 -2.99277006e+00   1.06276912e+00  -5.53402153e-01 
 -3.01833706e+00   9.42774521e-01  -1.83335695e+00 
 -4.40593802e+00   1.37700134e+00  -2.13905407e+00 
 -5.18082574e+00   1.98522401e+00  -9.96138303e-01 
 -4.27553893e+00   2.80117124e+00  -1.68839417e-02 
 -3.40769527e+00   3.54748778e+00  -9.34792194e-01 
 -3.19431717e+00   3.41535892e+00  -2.40406392e+00 
 -3.93821828e+00   2.29072429e+00  -3.16240544e+00 
 -2.61468058e+00   1.75526908e+00  -3.87234947e+00 
 -2.55067935e+00   6.30223002e-01  -3.10829032e+00 
 -1.05390215e+00   2.39127610e+00   2.50246156e+00 
  1.77501599e-02   1.61216117e+00   3.07455942e+00 
  1.99119143e+00   2.48726111e+00   2.50434942e+00 
 -1.65213542e+00  -1.19591978e+01  -9.07750568e+00 
 -3.71517166e+00  -1.24058058e+01  -5.92514707e+00 
 -4.06492528e+00  -1.04434849e+01  -2.69209024e+00 
 -8.14870820e+00  -7.09579645e+00   5.56400432e-01 
 -5.89149118e+00  -5.33262382e+00   2.97548736e+00 
 -5.40240899e+00  -1.80674422e+00   2.56380281e+00 
 -3.21096076e+00  -1.21778614e+00   5.72707530e+00 
  2.24427258e-02  -1.73712596e+00   7.71582692e+00 
  2.92289597e+00   3.49568462e-01   6.55527512e+00 
  6.30976822e+00   1.08277539e+00   7.82157197e+00 
  8.08144255e+00  -1.29168208e+00   5.47806523e+00 
  5.31486172e+00  -3.80216300e+00   5.01763874e+00 
  1.59371229e+00  -4.49192078e+00   4.68739130e+00 
 -1.83912765e-01  -3.55343632e+00   1.65045664e+00 
 -2.94039819e+00  -5.33859117e+00  -5.57075485e-02 
 -5.36634414e+00  -4.34557619e+00  -2.80177333e+00 
 -5.60692276e+00  -7.06210487e+00  -5.55248156e+00 
 -5.88245421e+00  -8.01820861e+00  -9.16626949e+00 
 -3.05483961e+00  -3.31210654e+00  -8.23442564e+00 
 -1.66852473e+00  -2.59638767e+00  -4.77837696e+00 
  6.73058822e-01  -5.29304686e+00  -3.47089131e+00 
  3.16427629e+00  -4.45460958e+00  -6.98053110e-01 
  4.68528973e+00  -7.39477394e+00   1.08178303e+00 
  7.83232996e+00  -6.59089938e+00   2.99349425e+00 
  8.44994593e+00  -7.74566775e+00   6.58058572e+00 
  1.17184153e+01   1.88873768e+00  -8.87441422e+00 
  1.03567883e+01   4.93719178e-01  -1.21337775e+01 
  4.58534842e+00   6.17772806e+00  -9.05554815e+00 
  6.16531623e+00   3.33404660e+00  -1.08505391e+01 
  6.78279614e+00  -2.12052566e-01  -9.66386515e+00 
  5.23901483e+00  -2.60871858e+00  -1.21883071e+01 
  6.49183402e+00  -5.96152775e+00  -1.10035953e+01 
  6.14425151e+00  -8.61378135e+00  -2.95449922e+00 
  6.10320036e+00  -5.30090642e+00  -4.84889412e+00 
  3.28579207e+00  -4.70662207e+00  -7.36901090e+00 
  2.13625682e+00  -1.25835175e+00  -8.47238374e+00 
 -9.17735501e-01   3.31937798e-01  -1.00206469e+01 
 -3.73810245e+00   8.01038418e-01  -7.54346194e+00 
 -8.09250250e+00   4.33646077e+00  -5.99545656e+00 
 -8.24996097e+00   7.50617681e+00  -3.99686584e+00 
 -5.79874819e+00   6.48291437e+00  -1.37272834e+00 
 -3.03534592e+00   8.48021888e+00   2.64683039e-01 
 -3.20261701e+00   1.23731888e+01   3.21415077e-01 
 -2.96810582e+00   1.25975595e+01   4.11098871e+00 
  1.77349858e+00   1.32678888e+01   2.95026467e+00 
  1.28293459e+00   9.62697919e+00   3.77373623e+00 
  3.63747940e+00   8.80258248e+00   8.19420499e-01 
  1.81760187e+00   1.09881048e+01  -1.74692045e+00 
 -1.12878965e+00   9.01853529e+00  -3.37542688e+00 
 -4.16523135e+00   1.04124406e+01  -5.14618705e+00 
 -4.75305653e+00   9.17899052e+00  -8.70514033e+00 
 -7.59098510e+00   1.17224369e+01  -8.99551556e+00 
  5.57698003e+00   6.68367077e+00  -3.98552671e+00 
  7.89499688e+00   4.59310033e+00  -1.73692314e+00 
  1.11123901e+01   6.08164730e+00  -2.68055952e+00 
  1.41295397e+01   3.79257089e+00  -2.36660658e+00 
  1.25416747e+01   1.38766382e+00   1.33629263e-01 
  1.41808045e+01   3.22002921e+00   3.03101699e+00 
 -1.17737567e+01  -4.65093227e-02  -3.30089821e+00 
 -1.40419631e+01  -2.13433613e+00  -5.55663724e+00 

   4.616617504334e+01 

 -5.44236413e-01  -6.07587004e+00   5.59900728e-02 
 -8.00870984e-01  -5.90675081e+00  -1.37149949e+00 
 -1.95304702e-01  -4.65555321e+00  -1.67376395e+00 
 -7.13486813e-01  -3.71448459e+00  -2.67409143e+00 
 -1.63133050e+00  -2.64630842e+00  -2.53928320e+00 
 -1.57543559e+00  -2.14675844e+00  -1.16142749e+00 
 -3.73396466e-01  -2.55592815e+00  -1.21910834e+00 
 -1.99207925e-01  -3.85774336e+00  -5.59495169e-01 
  3.95069414e-01  -2.49670721e+00  -2.35782249e+00 
  1.51194319e+00  -3.39353934e+00  -2.58521064e+00 
  1.86111114e+00  -4.03243235e+00  -1.20601228e+00 
  1.24922021e+00  -3.25718487e+00  -5.84902080e-02 
  7.86156038e-01  -1.93126810e+00  -1.18609069e+00 
  2.31933498e+00  -1.95454350e+00  -1.24371616e+00 
 -1.40931779e+00  -1.24171995e+00  -2.58977527e+00 
 -8.29764742e-01  -2.25151997e-01  -2.05681699e+00 
 -1.03880128e+00   8.10312647e-01  -3.10159293e+00 
 -1.59394050e+00   3.25761864e-01  -4.41828319e+00 
 -1.10281304e+00  -1.11100668e+00  -4.79076564e+00 
  3.23006876e-01  -1.05727691e+00  -4.44893641e+00 
  1.10994259e+00  -4.24642488e-02  -3.69220982e+00 
  3.65286628e-01   1.16967243e+00  -3.08435626e+00 
  1.00876922e+00   9.69024776e-01  -1.63931109e+00 
 -1.47843843e-01   5.08589912e-01  -1.08807865e+00 
 -1.15557174e+00  -4.99308689e+00  -3.44142169e+00 
 -1.48086896e+00  -5.98525616e+00  -2.44516039e+00 
  3.87535486e-01  -6.90664795e+00  -1.64172290e+00 
 -5.33823227e+00   6.39218344e+00   1.04607578e+01 
 -8.31432949e+00   5.32322838e+00   8.36478011e+00 
 -8.82244974e+00   2.76860415e+00   5.60047257e+00 
 -1.01842580e+01   2.32480748e+00  -4.31568142e-01 
 -9.13692290e+00  -1.20019280e+00  -1.16180788e+00 
 -6.22419538e+00  -1.70973407e+00  -3.18588758e+00 
 -6.42021429e+00  -5.59176208e+00  -3.40278585e+00 
 -6.26349790e+00  -9.05755351e+00  -1.77690926e+00 
 -2.78909214e+00  -1.02823714e+01  -1.04061517e+00 
 -1.30333707e+00  -1.34740553e+01   6.28744521e-02 
 -8.62312685e-01  -1.24279037e+01   3.66564651e+00 
 -3.71161165e+00  -9.97913604e+00   3.89696582e+00 
 -5.82331967e+00  -7.30433767e+00   2.21829814e+00 
 -4.42833983e+00  -4.00289027e+00   1.57165115e+00 
 -6.10950751e+00  -7.10930769e-01   1.75238269e+00 
 -5.14454546e+00   2.76317888e+00   5.64283304e-01 
 -5.70321853e+00   5.42674928e+00   3.32056322e+00 
 -4.59594736e+00   8.51483003e+00   5.13363325e+00 
 -4.35134240e-01   5.34166743e+00   3.22842794e+00 
 -1.08789054e+00   1.71790433e+00   2.32253323e+00 
 -2.52217901e+00  -3.47239517e-01   5.17603993e+00 
 -2.19275985e+00  -4.15313645e+00   5.10967171e+00 
 -4.44420242e+00  -6.03359680e+00   7.45929726e+00 
 -3.36619924e+00  -9.58186705e+00   8.13190684e+00 
 -5.76508749e+00  -1.25508374e+01   8.01914668e+00 
  1.06951509e+01  -4.14295809e+00   8.87343094e+00 
  1.07824714e+01  -5.85273984e-01   1.01996334e+01 
  1.03206788e+01  -1.91574051e-01   1.55528732e+00 
  1.00520434e+01   6.22160293e-01   5.17060008e+00 
  7.25294456e+00  -1.50136848e-01   7.60635431e+00 
  6.16565219e+00   3.10468199e+00   9.25681656e+00 
  3.81055189e+00   1.90934698e+00   1.19473749e+01 
 -2.45580357e+00  -3.66330335e+00   1.06739671e+01 
  8.33888358e-01  -2.67235253e+00   9.01219060e+00 
  1.21169897e+00   9.31135888e-01   7.78171008e+00 
  3.64052203e+00   1.98553273e+00   5.05801828e+00 
  4.08497373e+00   4.84303737e+00   2.63105749e+00 
  1.73629007e+00   4.62931900e+00  -3.26809971e-01 
  1.27167544e+00   5.63230078e+00  -6.03947069e+00 
  2.35021083e+00   3.72743974e+00  -9.08488094e+00 
  1.44077674e+00   3.35681650e-01  -7.81582049e+00 
  3.30949659e+00  -2.93913127e+00  -8.11618664e+00 
  5.91250275e+00  -3.45351887e+00  -1.09703376e+01 
  4.18239686e+00  -6.54292946e+00  -1.23590355e+01 
  7.56258258e+00  -8.70593100e+00  -9.49980431e+00 
  4.35158147e+00  -8.49469444e+00  -7.54536522e+00 
  6.47843787e+00  -7.57175572e+00  -4.45082833e+00 
  8.47393015e+00  -4.78956822e+00  -6.16897015e+00 
  6.53107742e+00  -1.41163796e+00  -6.00352889e+00 
  6.96457128e+00   1.63479870e+00  -8.20122054e+00 
  7.69804378e+00   4.91638588e+00  -6.40503301e+00 
  8.24786373e+00   6.53245980e+00  -9.82457664e+00 
  8.47828701e+00  -4.77775906e+00  -3.11956132e-02 
  6.95835722e+00  -7.64045323e+00   2.04117029e+00 
  1.00549990e+01  -9.14102679e+00   3.31275575e+00 
  9.75701577e+00  -1.09244867e+01   6.65522572e+00 
  5.99035892e+00  -1.14995401e+01   6.46110598e+00 
  6.53363057e+00  -1.50168214e+01   5.12965789e+00 
 -4.99212621e+00   6.50498443e+00  -6.20045596e+00 
 -6.35735607e+00   9.95935411e+00  -5.30848223e+00 

   4.616617504334e+01 

