 -5.26147236e-01  -3.12381057e-01  -1.22371278e+00 
  9.69774168e-01  -2.00199742e+00  -4.15113662e+00 
 -1.11255298e-02  -1.55124138e+00  -5.28509653e-01 
  3.33273990e+00   2.65834573e+00   3.14225855e-01 
  1.30920361e+00  -1.04386516e+00  -8.90853010e-01 
  1.56912167e+00  -9.06791991e-01  -2.26528115e+00 
  5.34658023e-01  -1.28966500e+00  -3.09330235e+00 
 -6.40275367e-01  -8.60510111e-01  -2.59280618e+00 
  3.99000363e-01  -2.56906713e-02   1.25733304e+00 
  1.09265131e-01   1.17364211e+00   5.09173213e-01 
  1.07716487e+00   1.76997177e+00  -3.31735622e-01 
  2.40339125e+00   1.68949663e+00  -1.41587914e-01 
  2.58694600e+00   5.65083875e-01   5.35540471e-01 
  1.75387880e+00  -2.02094329e-01   1.26554081e+00 
 -1.76091716e+00  -1.35118731e+00   8.42519514e-01 
 -3.23671349e-01  -1.13486363e+00   7.97699509e-01 
 -1.90840362e+00  -2.82121439e+00   5.03268240e-01 
 -9.59589293e-01  -3.72904460e+00   9.67118200e-01 
 -1.34596950e+00  -4.99412239e+00   1.32063606e+00 
 -2.64653202e+00  -5.39872513e+00   1.04643818e+00 
 -3.35699607e+00  -4.63037664e+00   1.63452853e-01 
 -3.03127084e+00  -3.32519233e+00  -9.13914249e-02 
  2.20033841e+00   1.29373957e+01  -1.14422986e+00 
 -1.23448687e+00   1.13865857e+01  -1.40563646e+00 
 -1.15698076e+01   5.38924520e+00  -1.55138361e+00 
 -8.71584905e+00   4.42862406e+00   7.49328080e-01 
 -7.58141825e+00   1.65830479e+00  -1.61560400e+00 
 -7.73700726e+00   4.07650634e+00  -4.53440735e+00 
 -5.76532707e+00   6.60096536e+00  -2.49641031e+00 
 -3.26454265e+00   3.90362068e+00  -1.53404847e+00 
 -3.13122661e+00   2.34735174e+00  -4.91065906e+00 
 -2.49768683e+00   5.61492896e+00  -6.63181806e+00 
  2.38590305e-01   6.52190834e+00  -4.28075753e+00 
  1.98098152e+00   3.18390993e+00  -4.87547607e+00 
  1.88710230e+00   3.39191287e+00  -8.53268904e+00 
  3.70424591e+00   6.74588475e+00  -8.36841856e+00 
  6.39030947e+00   5.35283065e+00  -6.06279579e+00 
  7.10952413e+00   2.64001259e+00  -8.57087630e+00 
  8.58407989e+00   5.10419696e+00  -1.10633616e+01 
  1.08886995e+01   6.47991810e+00  -8.42721676e+00 
  1.18056118e+01   2.95923561e+00  -7.32925326e+00 
  1.10520904e+01  -7.29655588e+00  -4.88381309e+00 
  8.92089578e+00  -4.17428342e+00  -5.58266185e+00 
  6.43807063e+00  -4.96454543e+00  -2.84391642e+00 
  8.97641239e+00  -5.74238746e+00  -2.01415678e-01 
  1.08159223e+01  -2.49634000e+00  -1.19246277e+00 
  7.72556696e+00  -4.03145811e-01  -8.87734964e-01 
  6.90198872e+00  -2.07580025e+00   2.47223043e+00 
  1.02947443e+01  -1.59176487e+00   4.03156210e+00 
  1.01235851e+01   2.06444860e+00   3.05408417e+00 
  6.58725077e+00   2.44616341e+00   4.60650471e+00 
  7.83500205e+00   8.31582126e-01   7.87369547e+00 
  6.33386162e+00   5.12118647e+00   1.01830127e+01 
  1.51005516e+00   3.92161751e+00   9.22098974e+00 
  2.83309114e+00   6.96861001e+00   7.36819209e+00 
  1.78072817e+00   6.06595782e+00   3.74187310e+00 
  2.45112902e+00   9.82782536e+00   3.04264950e+00 
 -5.98657275e-01   1.38484181e+01   4.51228025e+00 
 -1.81915881e+00   1.03118161e+01   5.05554806e+00 
 -1.11495140e+00   8.82948796e+00   8.44633859e+00 
 -7.33686294e+00  -2.82865919e-01   7.95567105e+00 
 -1.11048435e+01  -2.48950122e+00   3.64102285e+00 
 -8.78069706e+00  -8.17706546e+00   5.10067643e+00 
 -6.48246154e+00  -5.15166709e+00   5.30225881e+00 
 -6.05291975e+00  -4.65047264e+00   9.06515074e+00 
 -4.18864131e+00  -7.96672347e+00   9.01662247e+00 
 -1.53051209e+00  -6.46878912e+00   6.77193619e+00 
 -1.58370951e+00  -3.21334662e+00   8.78781542e+00 
 -9.72089288e-01  -5.17024019e+00   1.19282868e+01 
  2.12087449e+00  -6.83161086e+00   1.04404930e+01 
  3.50103887e+00  -3.56615876e+00   9.02525052e+00 
  2.96100843e+00  -1.74043727e+00   1.23295230e+01 
  7.83296772e+00  -6.44731667e-01   1.24770018e+01 
  1.63884339e+01  -5.65931890e+00  -4.41907306e+00 
  4.09009577e+00  -9.38078138e+00   4.43730896e+00 
  4.78858523e+00  -8.91539076e+00   7.62869310e-01 
  3.47443753e+00  -1.23788476e+01  -6.71409353e-02 
  4.45593448e-01  -1.19264122e+01   2.07567667e+00 
  9.85548921e-02  -8.44958127e+00   4.88639717e-01 
  1.10467964e-01  -9.86512348e+00  -3.02953493e+00 
 -2.47197932e+00  -1.24390729e+01  -1.94351155e+00 
 -4.72967039e+00  -9.63392071e+00  -6.71184187e-01 
 -4.10365573e+00  -7.40952420e+00  -3.69326819e+00 
 -4.87032152e+00  -1.02565329e+01  -6.01943087e+00 
 -9.63049412e+00  -3.24693953e+00  -7.80420129e+00 
 -6.12174341e+00  -1.83602022e+00  -7.46405913e+00 

   9.860171900414e+00 

 -1.41872499e-01  -9.42971406e-01  -1.97318958e+00 
 -2.26764468e+00   1.43259177e+00  -3.84407224e+00 
 -8.26563856e-01  -2.82380987e-01  -7.99265180e-01 
 -3.10181710e+00  -5.10385259e+00  -1.88951694e+00 
 -2.04255233e+00  -8.81075206e-01  -1.34226480e+00 
 -2.41565239e+00  -4.72598761e-01  -2.63429804e+00 
 -1.58063967e+00   4.60488040e-01  -3.21254373e+00 
 -2.94597023e-01   1.49009125e-01  -2.95913799e+00 
 -7.11310758e-01  -2.47527665e+00   1.29520168e-01 
 -2.59583925e-01  -3.13187646e+00  -1.07334176e+00 
 -1.16642994e+00  -3.51973828e+00  -2.08667062e+00 
 -2.45137631e+00  -3.84415930e+00  -1.87419722e+00 
 -2.79192310e+00  -3.19742427e+00  -7.68629296e-01 
 -2.06399527e+00  -2.64483799e+00   2.21415081e-01 
  1.06460626e+00  -6.31745233e-01   3.33453786e-01 
 -2.91531895e-01  -1.14040315e+00   2.04473099e-01 
  8.62948495e-01   8.30441072e-01   6.78719520e-01 
 -1.98741531e-01   1.19900660e+00   1.50120931e+00 
 -5.02088960e-02   2.24206029e+00   2.37565082e+00 
  1.09902087e+00   3.01943142e+00   2.30230580e+00 
  1.85433063e+00   2.89578900e+00   1.16699109e+00 
  1.78382916e+00   1.78993809e+00   3.62821501e-01 
 -4.78166961e-03  -1.31744646e+01  -7.74972007e+00 
  2.97941592e+00  -1.08992417e+01  -7.31461925e+00 
  1.17493441e+01  -3.16732807e+00  -4.84194890e+00 
  9.02451975e+00  -3.98997147e+00  -2.34001058e+00 
  7.08454933e+00  -8.27900236e-01  -3.23012336e+00 
  7.42575183e+00  -1.64817392e+00  -6.91821690e+00 
  6.26039172e+00  -5.18889329e+00  -6.19768946e+00 
  3.36930674e+00  -3.83982515e+00  -4.12950140e+00 
  2.54682186e+00  -1.06623639e+00  -6.46872790e+00 
  2.42935148e+00  -3.32704148e+00  -9.45466738e+00 
  2.15888739e-01  -5.77204950e+00  -7.73425166e+00 
 -2.24165034e+00  -3.01758407e+00  -6.78277184e+00 
 -2.50394747e+00  -1.60849399e+00  -1.01551469e+01 
 -3.54871034e+00  -5.03255398e+00  -1.14827183e+01 
 -6.20052403e+00  -5.44058124e+00  -8.78588480e+00 
 -7.74050441e+00  -2.16924622e+00  -9.83180848e+00 
 -8.92739951e+00  -3.59724043e+00  -1.31501100e+01 
 -1.05921868e+01  -6.47133932e+00  -1.13834272e+01 
 -1.21020674e+01  -4.08859056e+00  -8.83701719e+00 
 -1.32544578e+01   3.98365192e+00  -2.11093368e+00 
 -1.06048135e+01   2.06379763e+00  -4.12898819e+00 
 -8.06046252e+00   2.16454635e+00  -1.33510414e+00 
 -1.04031723e+01   1.11045951e+00   1.39100693e+00 
 -1.16177447e+01  -1.72933803e+00  -9.24847949e-01 
 -8.14282689e+00  -2.95578269e+00  -1.59223479e+00 
 -7.32835035e+00  -2.74365532e+00   2.15703269e+00 
 -1.03543809e+01  -4.63530991e+00   3.35762637e+00 
 -9.52766305e+00  -7.36395194e+00   8.62889759e-01 
 -5.84271184e+00  -7.52774673e+00   2.06939388e+00 
 -7.03890347e+00  -7.81543210e+00   5.71968839e+00 
 -4.43011325e+00  -1.21919169e+01   5.88613087e+00 
 -9.86460969e-02  -9.59465031e+00   5.53089098e+00 
 -9.46659058e-01  -1.17694139e+01   2.52776647e+00 
 -5.07064470e-01  -9.17881172e+00  -3.30202015e-01 
 -4.45760586e-01  -1.23175690e+01  -2.61810038e+00 
  3.52032390e+00  -1.57338150e+01  -3.09313101e+00 
  4.02385019e+00  -1.25947571e+01  -1.04737729e+00 
  3.39697571e+00  -1.29224716e+01   2.65266346e+00 
  7.47926766e+00  -3.29735016e+00   6.21357184e+00 
  1.02095584e+01   1.36652740e+00   3.30207181e+00 
  6.91720691e+00   5.15151580e+00   7.13808923e+00 
  5.34012650e+00   1.88440880e+00   5.99162437e+00 
  5.43642170e+00  -2.67662966e-01   9.14668519e+00 
  2.92431462e+00   2.20483770e+00   1.05789833e+01 
  4.11636860e-01   1.23375415e+00   7.91599680e+00 
  1.36474311e+00  -2.45689992e+00   8.28365365e+00 
  7.01176624e-01  -2.24157886e+00   1.19686737e+01 
 -2.81420961e+00  -8.84984079e-01   1.13840587e+01 
 -3.62442766e+00  -3.45135892e+00   8.67699089e+00 
 -2.35808613e+00  -6.33287096e+00   1.08302166e+01 
 -6.84657338e+00  -8.50163453e+00   1.05011146e+01 
 -1.80462118e+01   1.09700428e+00  -2.39280053e+00 
 -5.91408554e+00   3.44737307e+00   7.13719330e+00 
 -6.89426768e+00   4.45237374e+00   3.63930553e+00 
 -6.43352081e+00   8.13865026e+00   4.42065395e+00 
 -3.16277319e+00   7.54020914e+00   6.12778168e+00 
 -2.26895068e+00   5.27090051e+00   3.16488690e+00 
 -2.95933494e+00   8.01112918e+00   6.35859431e-01 
 -8.71614219e-01   1.03994989e+01   2.73603660e+00 
  2.04852318e+00   7.94074187e+00   2.62547829e+00 
  1.57839112e+00   7.14925454e+00  -1.06577750e+00 
  1.47388634e+00   1.08103571e+01  -1.89629532e+00 
  7.37525509e+00   6.58700998e+00  -6.62032126e+00 
  4.29844767e+00   4.38256416e+00  -6.92256752e+00 

   9.860171916477e+00 

 -7.85812608e-01  -1.44182207e+00   1.96918428e+00 
 -4.00964339e+00  -3.00425502e+00   1.05928980e+00 
 -1.55537774e+00  -1.86482821e-01   1.62975229e+00 
  1.71435065e+00  -1.60935507e+00  -2.48076434e+00 
 -1.58507427e+00  -7.30645882e-01   2.75133182e-01 
 -2.23803031e+00  -1.96461379e+00   1.12857264e-01 
 -2.78110904e+00  -2.49078837e+00   1.26628424e+00 
 -1.93067507e+00  -2.31911041e+00   2.29703756e+00 
  5.59257543e-01   5.37048030e-01   7.99337820e-01 
  1.22367472e+00  -7.37146170e-01   9.29759164e-01 
  1.08892803e+00  -1.74313706e+00  -5.48524806e-02 
  8.57355733e-01  -1.50810178e+00  -1.35585694e+00 
  2.39305070e-01  -3.36191105e-01  -1.38978553e+00 
  1.47625571e-01   6.68675289e-01  -4.96878396e-01 
 -3.27943447e-01   8.32101191e-01   3.19096820e+00 
 -4.57401933e-01   7.13787476e-01   1.74745814e+00 
 -1.69599379e+00   1.31471814e+00   3.63072019e+00 
 -2.39689467e+00   2.20968431e+00   2.82615897e+00 
 -3.18703118e+00   3.16708410e+00   3.40388671e+00 
 -3.40691788e+00   3.11660343e+00   4.77483780e+00 
 -3.08758792e+00   1.94452965e+00   5.40658107e+00 
 -2.20071565e+00   1.04837582e+00   4.87280664e+00 
  9.71744270e+00  -8.28950924e+00  -3.10890908e+00 
  8.97646355e+00  -7.77519523e+00   5.59582164e-01 
  5.97488868e+00  -4.98206654e+00   1.17844076e+01 
  5.80667169e+00  -2.45430719e+00   8.96603746e+00 
  2.04984238e+00  -2.97802821e+00   8.55809281e+00 
  2.57041304e+00  -6.73553452e+00   8.52141708e+00 
  5.33533460e+00  -6.28739121e+00   5.95857309e+00 
  3.09864883e+00  -3.99033475e+00   3.91495769e+00 
  2.27560701e-02  -6.03656177e+00   4.35421355e+00 
  1.71500111e+00  -9.20536823e+00   3.28840445e+00 
  3.14744812e+00  -7.62131704e+00   2.42729654e-01 
 -2.80648743e-01  -6.32762024e+00  -8.09015951e-01 
 -1.99213047e+00  -9.54695460e+00  -4.42803523e-01 
  5.17515096e-01  -1.11314731e+01  -2.84470491e+00 
  2.60977011e-02  -8.37569759e+00  -5.42068679e+00 
 -3.67490870e+00  -9.06105761e+00  -5.42000997e+00 
 -3.21849076e+00  -1.24423818e+01  -7.09848342e+00 
 -1.16260083e+00  -1.08731115e+01  -9.83048645e+00 
 -3.69755546e+00  -8.06422174e+00  -1.01847362e+01 
 -1.07928060e+01  -6.01874722e-01  -7.79729173e+00 
 -8.13959503e+00  -2.89020870e+00  -6.21522214e+00 
 -6.87721636e+00  -2.04975048e-01  -3.87310909e+00 
 -6.65303448e+00   2.50953828e+00  -6.44453706e+00 
 -4.83859023e+00   7.03604885e-04  -8.75024848e+00 
 -2.32713857e+00  -9.15289439e-01  -6.12761779e+00 
 -1.80429947e+00   2.80147065e+00  -5.30431279e+00 
 -1.26560056e+00   3.95093060e+00  -8.84903750e+00 
  1.29634349e+00   1.19049624e+00  -9.26027138e+00 
  3.12427414e+00   2.22572399e+00  -5.99708735e+00 
  3.23519924e+00   5.88155684e+00  -7.20577095e+00 
  8.29778978e+00   5.54916584e+00  -6.70902704e+00 
  7.76016353e+00   5.25064611e+00  -1.68353690e+00 
  9.06360683e+00   2.10233181e+00  -3.37369289e+00 
  6.63639533e+00  -5.28162728e-01  -1.86982956e+00 
  9.26352663e+00  -3.08809531e+00  -3.14844160e+00 
  1.39737417e+01  -4.02854287e+00  -1.01404944e+00 
  1.15619368e+01  -1.73264137e+00   7.76026689e-01 
  1.19550820e+01   1.94581628e+00   6.53679285e-02 
  5.36908846e+00   6.18297584e+00   7.85378204e+00 
  2.04074809e+00   3.59087330e+00   1.23131766e+01 
 -2.38547328e+00   7.88141097e+00   1.09418387e+01 
 -2.24960509e-01   6.51292641e+00   8.12492612e+00 
  2.06373168e+00   9.45634826e+00   7.29235369e+00 
 -1.08637784e+00   1.12055427e+01   6.07066266e+00 
 -1.53879080e+00   8.57144083e+00   3.38648149e+00 
  2.22433350e+00   8.56834555e+00   2.67697765e+00 
  2.11150864e+00   1.22819075e+01   2.16436125e+00 
 -6.57386616e-01   1.19652461e+01  -4.38144960e-01 
  1.04379105e+00   9.07499034e+00  -2.26115841e+00 
  4.38666493e+00   1.09083592e+01  -2.34461499e+00 
  4.40465869e+00   1.05706002e+01  -7.32896612e+00 
 -1.02523387e+01  -9.44410388e-01  -1.33618028e+01 
 -6.28955697e+00   8.25314719e+00  -1.39373317e+00 
 -7.95379297e+00   4.90216808e+00  -1.84898885e+00 
 -1.10007540e+01   5.99046680e+00   1.36707115e-01 
 -8.90782596e+00   7.50198785e+00   2.83951854e+00 
 -6.77704237e+00   4.31397119e+00   2.68510536e+00 
 -9.78557434e+00   2.07044909e+00   3.22989368e+00 
 -1.08446729e+01   4.28857591e+00   6.13366242e+00 
 -7.40406565e+00   3.83924476e+00   7.72901509e+00 
 -7.25359319e+00   1.14347734e-01   6.97050855e+00 
 -1.06759776e+01  -3.80560682e-01   8.43571907e+00 
 -4.83653462e+00  -5.70073575e+00   1.19820392e+01 
 -4.18546631e+00  -6.07272118e+00   8.25974297e+00 

   9.860171921943e+00 

 -4.43229104e-01  -1.44049728e-01  -1.60088825e+00 
  1.09077966e+00  -3.26092530e+00  -2.86342678e+00 
 -1.04065037e+00  -1.10831967e+00  -6.02599892e-01 
  3.17568935e+00   1.55224232e+00   1.57827204e+00 
  3.39144219e-01  -1.30445921e+00  -1.67126262e-01 
  1.22839890e+00  -1.81987085e+00  -1.12574911e+00 
  6.65731339e-01  -2.08711665e+00  -2.35612218e+00 
 -1.83369089e-01  -1.09918065e+00  -2.69999924e+00 
 -7.68034582e-01   7.26702682e-01   8.95110237e-01 
 -5.23774395e-03   1.55449048e+00  -7.65339228e-03 
  1.38776175e+00   1.37594114e+00  -1.72838079e-01 
  2.21067230e+00   8.96424136e-01   7.72863371e-01 
  1.44350982e+00   1.43050157e-01   1.54771924e+00 
  1.08859495e-01   8.46798291e-02   1.72326592e+00 
 -2.82193354e+00   2.35940803e-01  -5.66137932e-01 
 -1.65610671e+00  -1.24901031e-01   2.24479083e-01 
 -3.54108926e+00  -1.08441998e+00  -7.59624970e-01 
 -3.54770985e+00  -2.01729350e+00   2.74486826e-01 
 -4.64847816e+00  -2.80772873e+00   4.69876218e-01 
 -5.66828657e+00  -2.78039036e+00  -4.73304066e-01 
 -5.37111794e+00  -2.21658900e+00  -1.68515409e+00 
 -4.33948162e+00  -1.33013417e+00  -1.84161416e+00 
  8.40890157e+00   1.00833447e+01  -1.40537893e+00 
  5.25137587e+00   9.92896809e+00  -3.47362313e+00 
 -5.24015041e+00   8.58979189e+00  -9.03648911e+00 
 -4.74959227e+00   7.63012390e+00  -5.40339289e+00 
 -4.29835253e+00   3.95192605e+00  -6.30989191e+00 
 -1.80503770e+00   4.91403449e+00  -9.00230374e+00 
 -4.46951457e-03   7.11951453e+00  -6.49084040e+00 
 -6.16232527e-02   4.29993996e+00  -3.94085698e+00 
  7.70292787e-01   1.61964818e+00  -6.38321247e+00 
  3.72467618e+00   3.47734990e+00  -7.74755639e+00 
  5.08446965e+00   4.15831670e+00  -4.35278515e+00 
  4.86249453e+00   4.68043764e-01  -3.42297365e+00 
  6.58298157e+00  -7.47810968e-01  -6.42111095e+00 
  9.56679062e+00   1.48461151e+00  -5.58957135e+00 
  9.70824282e+00   2.22904308e-01  -2.00353521e+00 
  9.95711943e+00  -3.31045670e+00  -3.27656275e+00 
  1.34492605e+01  -2.74020830e+00  -4.66903431e+00 
  1.46133846e+01  -1.39403730e+00  -1.35455076e+00 
  1.29260215e+01  -4.27644619e+00   4.58229525e-01 
  5.89743012e+00  -1.17121803e+01   3.11116523e+00 
  6.32129795e+00  -8.56611420e+00   9.42905115e-01 
  2.86773654e+00  -7.25677035e+00   1.74797103e+00 
  3.07021582e+00  -7.81324391e+00   5.44665277e+00 
  6.54406723e+00  -6.13069446e+00   5.38128858e+00 
  5.28012036e+00  -3.11160359e+00   3.56138982e+00 
  2.27118423e+00  -2.91317988e+00   5.94308636e+00 
  4.24454820e+00  -3.13869289e+00   9.14171177e+00 
  6.48300978e+00  -3.67995037e-01   7.85125526e+00 
  3.43072506e+00   1.85487518e+00   6.95470295e+00 
  1.98205732e+00   1.30769863e+00   1.04817676e+01 
  2.08770583e+00   6.38214854e+00   1.09569601e+01 
 -1.56170906e+00   6.76002875e+00   7.46810410e+00 
  1.83278343e+00   8.12753849e+00   6.43145097e+00 
  2.26991250e+00   6.33631016e+00   3.01488769e+00 
  5.04008532e+00   8.99664399e+00   2.43286890e+00 
  4.27853832e+00   1.40835796e+01   1.35115140e+00 
  1.30287983e+00   1.17542168e+01   1.45805354e+00 
 -5.23699411e-01   1.15659831e+01   4.74722274e+00 
 -9.53254577e+00   5.95418576e+00   1.69205186e+00 
 -1.14114471e+01   3.78735845e+00  -3.73544917e+00 
 -1.33879443e+01  -1.30001478e+00  -5.58662532e-01 
 -1.02476795e+01   4.93064859e-01   6.24182074e-01 
 -1.14046935e+01   2.22637569e+00   3.82605901e+00 
 -1.17785401e+01  -1.27718536e+00   5.26158230e+00 
 -8.05579872e+00  -1.86021752e+00   4.87560237e+00 
 -7.31655235e+00   1.69580460e+00   6.08914835e+00 
 -9.34289327e+00   1.04289586e+00   9.17687478e+00 
 -7.30800438e+00  -2.07361598e+00   1.00056234e+01 
 -3.95907246e+00  -3.71848430e-01   9.32761888e+00 
 -4.90885515e+00   2.65677976e+00   1.14414548e+01 
 -9.05179791e-01   1.85587446e+00   1.43201816e+01 
  1.03719616e+01  -1.21020250e+01   6.45768122e+00 
 -4.47134281e+00  -7.28919679e+00   6.66419431e+00 
 -2.03932940e+00  -8.58449675e+00   4.09251827e+00 
 -4.41360363e+00  -1.13531191e+01   3.03948254e+00 
 -7.33557174e+00  -9.02615374e+00   2.90665546e+00 
 -5.03738855e+00  -6.58027006e+00   1.04561921e+00 
 -4.15403506e+00  -9.15239408e+00  -1.59735244e+00 
 -7.85340280e+00  -9.95794498e+00  -1.97107445e+00 
 -8.59126402e+00  -6.26497031e+00  -2.60541963e+00 
 -5.59070719e+00  -5.79319197e+00  -4.89600798e+00 
 -6.56237809e+00  -8.82489141e+00  -6.88824852e+00 
 -5.49425033e+00  -1.85507533e+00  -1.19141543e+01 
 -2.39294588e+00  -1.81529192e+00  -9.72368947e+00 

   9.860172805252e+00 

 -1.08899816e+00  -1.96263761e+00  -1.05028390e+00 
 -3.83478731e+00  -7.53451630e-01  -3.20917907e+00 
 -9.96609513e-01  -4.89578031e-01  -7.26425216e-01 
  2.85048502e+00  -1.91888514e+00  -4.29983123e+00 
 -6.21219053e-01  -3.40707619e-01  -2.12959408e+00 
 -1.57697876e+00  -7.45474013e-01  -3.07726203e+00 
 -2.75827209e+00  -1.21875944e+00  -2.54554967e+00 
 -2.50342499e+00  -2.00424791e+00  -1.48102011e+00 
  1.33974919e+00  -9.54717514e-01  -6.27110717e-01 
  1.25476312e+00  -2.29822204e+00  -1.14655432e+00 
  1.18058625e+00  -2.54803652e+00  -2.53641278e+00 
  1.70481578e+00  -1.75208844e+00  -3.48146531e+00 
  1.73762436e+00  -5.44672363e-01  -2.93595748e+00 
  1.67797096e+00  -1.23518828e-01  -1.65747345e+00 
 -3.35701486e-01  -1.11233268e+00   1.31246293e+00 
  1.84105676e-01  -5.71522692e-01   6.67369659e-02 
 -1.39840255e+00  -1.10048547e-01   1.71730164e+00 
 -1.18947102e+00   1.24495797e+00   1.47278268e+00 
 -1.66581913e+00   2.17588713e+00   2.35660491e+00 
 -2.49542164e+00   1.75678075e+00   3.38931660e+00 
 -3.03728047e+00   5.04650987e-01   3.27387637e+00 
 -2.48109132e+00  -4.58506647e-01   2.47541310e+00 
  6.52732506e+00  -1.12123461e+01  -7.32968383e+00 
  4.46520251e+00  -1.17872511e+01  -4.21705097e+00 
 -1.89768255e+00  -1.22479239e+01   5.88789862e+00 
  3.53855980e-01  -9.31506690e+00   5.05728430e+00 
 -2.59857629e+00  -7.24547371e+00   3.81053455e+00 
 -3.77159765e+00  -1.01745257e+01   1.70437784e+00 
 -2.41771480e-01  -1.05733085e+01   3.64555945e-01 
 -5.56925585e-02  -6.83779276e+00  -3.18760069e-01 
 -3.51871730e+00  -6.56582939e+00  -1.65095498e+00 
 -3.05312434e+00  -9.40656570e+00  -4.04977919e+00 
  1.47543674e-01  -8.01981310e+00  -5.34205214e+00 
 -1.47901245e+00  -4.63643330e+00  -6.00441226e+00 
 -4.34555829e+00  -5.98565663e+00  -7.84561080e+00 
 -1.95155333e+00  -7.71109470e+00  -1.02683562e+01 
  3.29612788e-02  -4.51399242e+00  -1.08267569e+01 
 -3.13455600e+00  -2.74551866e+00  -1.18300105e+01 
 -3.43493841e+00  -4.75302440e+00  -1.50453950e+01 
  9.82491586e-02  -3.87363535e+00  -1.59922139e+01 
 -5.15233938e-01  -2.36726351e-01  -1.50768060e+01 
 -3.97188411e+00   8.38825786e+00  -1.00379327e+01 
 -3.61609007e+00   4.58004264e+00  -9.65073204e+00 
 -2.58364584e+00   4.80656379e+00  -6.02134429e+00 
 -6.26472319e-02   7.53847809e+00  -6.48203000e+00 
  1.35411365e+00   5.55279948e+00  -9.47414166e+00 
  1.69866910e+00   2.39734912e+00  -7.48694778e+00 
  3.29977971e+00   4.36729763e+00  -4.60231421e+00 
  5.85330141e+00   6.18145815e+00  -6.69160970e+00 
  6.86395890e+00   2.85091932e+00  -8.18787325e+00 
  7.20773845e+00   1.23286999e+00  -4.67715556e+00 
  9.40702454e+00   4.17729300e+00  -3.52313205e+00 
  1.29696920e+01   6.82662055e-01  -2.48292593e+00 
  1.00901279e+01  -1.09615584e+00   1.28236570e+00 
  1.05523594e+01  -3.45079123e+00  -1.66880398e+00 
  6.85089275e+00  -4.38301212e+00  -2.37769120e+00 
  8.40033343e+00  -7.28562387e+00  -4.44263054e+00 
  1.06701915e+01  -1.16093645e+01  -2.49858542e+00 
  8.93838573e+00  -9.21513731e+00  -1.40435053e-01 
  1.11351997e+01  -6.61428089e+00   1.47205076e+00 
  4.19610423e+00  -2.59155660e+00   9.06510766e+00 
 -1.56268088e+00  -4.06506122e+00   1.05975088e+01 
 -2.54462998e+00   2.14009449e+00   1.12394959e+01 
 -1.37441738e-01   9.34351161e-01   8.55113901e+00 
  3.27728504e+00   1.91613633e+00   9.95501832e+00 
  2.13906129e+00   5.51324837e+00   9.46443525e+00 
  1.91675667e+00   4.95968497e+00   5.72382736e+00 
  5.16971697e+00   2.93968607e+00   5.77325679e+00 
  6.89618670e+00   5.79767402e+00   7.48126032e+00 
  5.81910134e+00   8.24023411e+00   4.75840533e+00 
  6.76169036e+00   5.87454916e+00   1.91480214e+00 
  1.01765386e+01   5.15733531e+00   3.45347557e+00 
  1.23630894e+01   6.79144129e+00  -7.30663050e-01 
 -1.11175652e+00   9.92055664e+00  -1.46035203e+01 
  3.10539963e-01   9.42661362e+00   9.29271250e-01 
 -2.19344534e+00   8.26671638e+00  -1.63796559e+00 
 -5.02227838e+00   1.01286671e+01   7.73272635e-02 
 -4.01004810e+00   8.89410663e+00   3.45690174e+00 
 -3.63522294e+00   5.42963605e+00   1.84930349e+00 
 -7.17866105e+00   5.48293168e+00   4.99192514e-01 
 -8.40962379e+00   6.58089080e+00   3.92744381e+00 
 -6.66758940e+00   3.57499667e+00   5.51326581e+00 
 -7.77902403e+00   1.16595215e+00   2.78668337e+00 
 -1.13296048e+01   2.34557588e+00   3.11216722e+00 
 -1.06969081e+01  -6.25849100e+00   3.85254661e+00 
 -8.61927215e+00  -5.50919209e+00   7.63886397e-01 

   9.860171771095e+00 

  3.24364538e-01  -6.93173389e-01   4.45897262e-01 
  4.80407836e-01  -4.34031788e+00  -1.33611236e-01 
 -1.09731041e+00  -1.04088996e+00   8.21697891e-01 
 -8.86854023e-01   1.02254089e+00  -4.20919604e+00 
 -1.23421556e+00  -1.42101687e+00  -5.81402601e-01 
 -4.01328216e-01  -2.46042343e+00  -1.03008262e+00 
  4.29952506e-01  -2.99530010e+00  -6.84545258e-02 
  9.45894756e-01  -2.01213645e+00   6.94701898e-01 
 -1.57098171e+00   1.07007847e+00  -1.80411691e-01 
 -2.51233802e-01   1.28664432e+00  -7.22083805e-01 
  1.48247802e-01   7.02612523e-01  -1.94639266e+00 
 -6.86646625e-01   3.98063938e-01  -2.95220875e+00 
 -1.86414357e+00   2.03389978e-01  -2.37590925e+00 
 -2.35866042e+00   5.63711521e-01  -1.17546250e+00 
 -9.85080540e-01   6.42412357e-01   2.28296209e+00 
 -1.55304498e+00   2.98579929e-01   9.89274200e-01 
 -1.54190364e+00  -4.21369763e-01   3.20829213e+00 
 -2.84253776e+00  -8.80764173e-01   3.01615151e+00 
 -3.60659887e+00  -1.23192654e+00   4.09668647e+00 
 -3.01046911e+00  -1.27989718e+00   5.35074829e+00 
 -1.64164572e+00  -1.28937945e+00   5.38171502e+00 
 -8.87035840e-01  -8.21818118e-01   4.33934820e+00 
  6.55858281e+00   6.21794100e+00  -9.37085258e+00 
  7.55599112e+00   6.16198607e+00  -5.72755811e+00 
  9.37582303e+00   5.70746764e+00   6.07464710e+00 
  5.90720842e+00   6.02733586e+00   4.58221368e+00 
  5.25855458e+00   2.28916506e+00   4.98176997e+00 
  8.61175926e+00   1.52875864e+00   3.37890294e+00 
  7.76863817e+00   3.93628326e+00   5.67005966e-01 
  4.33510355e+00   2.34421154e+00   2.03949442e-01 
  5.54153823e+00  -1.15285599e+00   5.99037463e-01 
  8.21857278e+00  -7.53951417e-01  -1.99238227e+00 
  5.85558938e+00   7.21737174e-01  -4.45732900e+00 
  3.43469972e+00  -2.19004682e+00  -4.01842475e+00 
  5.95508537e+00  -4.80843048e+00  -4.48620548e+00 
  6.87445993e+00  -3.29129711e+00  -7.86720267e+00 
  3.23711790e+00  -3.16742201e+00  -8.97442167e+00 
  2.92238587e+00  -6.85485722e+00  -8.28819708e+00 
  5.20916800e+00  -7.75975542e+00  -1.11883531e+01 
  3.15030700e+00  -5.66606736e+00  -1.35401090e+01 
 -5.06240880e-02  -7.15289936e+00  -1.21312161e+01 
 -7.17064921e+00  -1.10162796e+01  -5.34082544e+00 
 -3.84685152e+00  -9.09048055e+00  -5.49094346e+00 
 -4.81858781e+00  -6.72396581e+00  -2.70796186e+00 
 -8.24306214e+00  -5.94397506e+00  -4.01010196e+00 
 -6.65395544e+00  -5.37037204e+00  -7.48120778e+00 
 -4.08863396e+00  -2.99095224e+00  -6.14632699e+00 
 -6.80318138e+00  -1.16816563e+00  -4.12785557e+00 
 -9.23082282e+00  -7.35482072e-01  -6.97315085e+00 
 -6.40364148e+00   6.95052699e-01  -9.04999763e+00 
 -5.40582226e+00   3.16206828e+00  -6.22517849e+00 
 -9.06741561e+00   4.32092004e+00  -5.92853199e+00 
 -7.32111030e+00   9.00836189e+00  -6.91097380e+00 
 -4.97242403e+00   9.04650017e+00  -2.42594986e+00 
 -2.68446319e+00   9.00916321e+00  -5.46424518e+00 
 -3.44207773e-01   6.06096133e+00  -4.51358850e+00 
  1.94229264e+00   7.50841568e+00  -7.30047839e+00 
  4.85136934e+00   1.18737162e+01  -6.97131988e+00 
  3.07152998e+00   1.06054102e+01  -3.88657407e+00 
 -3.20193294e-01   1.20990018e+01  -3.21133923e+00 
 -2.14398632e+00   8.33282323e+00   7.01001748e+00 
  1.24973268e+00   4.93084181e+00   1.08300057e+01 
 -4.14258580e+00   2.03612484e+00   1.23868662e+01 
 -3.67871610e+00   3.24534900e+00   8.80941477e+00 
 -6.02599640e+00   6.25292071e+00   8.60987283e+00 
 -8.84699499e+00   3.73012610e+00   9.00092307e+00 
 -7.87243755e+00   2.09440392e+00   5.72641630e+00 
 -7.26192063e+00   5.52201707e+00   4.13166579e+00 
 -1.07203165e+01   6.57927529e+00   5.12566848e+00 
 -1.22762746e+01   3.55402226e+00   3.40315587e+00 
 -1.01723113e+01   3.95703672e+00   2.43730455e-01 
 -1.09723960e+01   7.67864303e+00   1.47410195e-02 
 -1.28811607e+01   6.94936499e+00  -4.54406067e+00 
 -9.20421475e+00  -1.13323956e+01  -1.05501977e+01 
 -1.08754597e+01  -3.06187734e+00   2.57746857e+00 
 -8.59325191e+00  -5.78421846e+00   1.31791376e+00 
 -9.40014510e+00  -8.02083500e+00   4.27727676e+00 
 -8.99619618e+00  -5.21984618e+00   6.71888958e+00 
 -5.79212893e+00  -4.30119171e+00   4.81693091e+00 
 -4.35228813e+00  -7.78708077e+00   5.21302129e+00 
 -5.24107392e+00  -7.67436648e+00   8.91047768e+00 
 -3.30515333e+00  -4.40251384e+00   9.27387235e+00 
 -3.90033428e-01  -5.59013811e+00   7.13743409e+00 
 -1.53101704e-01  -8.76768479e+00   9.12530863e+00 
  7.43566225e+00  -4.61500257e+00   8.74366657e+00 
  6.26964750e+00  -4.60294094e+00   5.13009099e+00 

   9.860172731509e+00 

  1.09890762e+00   1.46246871e-01   6.04115576e-01 
  4.23290351e+00   8.74108193e-01  -1.21543893e+00 
  4.97312440e-01   6.04726536e-01  -7.04003958e-01 
  2.72829379e-01   4.57321608e+00   3.01251824e+00 
  1.08682680e+00   1.89778954e+00  -3.68713275e-01 
  2.48623806e+00   1.93137058e+00  -2.42552222e-01 
  3.11934851e+00   7.27526487e-01  -4.70916139e-01 
  2.42418818e+00  -2.75285452e-01   1.00277446e-01 
 -1.18150243e+00   1.51718497e+00   7.22073020e-01 
 -4.88785956e-01   1.26411996e+00   1.96229099e+00 
  5.11130752e-01   2.14209879e+00   2.44077262e+00 
  5.54480964e-01   3.45856432e+00   2.18285415e+00 
 -8.64308253e-02   3.60571230e+00   1.03215127e+00 
 -9.54537244e-01   2.81737136e+00   3.68567694e-01 
 -1.15642771e+00  -8.38601252e-01  -2.99591016e-01 
 -8.60782671e-01   5.84926069e-01  -2.73788578e-01 
 -8.56068892e-01  -1.23668671e+00  -1.73107544e+00 
 -1.15342490e+00  -3.51121972e-01  -2.76397568e+00 
 -1.57488401e+00  -8.34915937e-01  -3.97352417e+00 
 -1.53373461e+00  -2.20540669e+00  -4.19804665e+00 
 -7.83653721e-01  -2.94957736e+00  -3.32719915e+00 
 -4.68809120e-01  -2.50247601e+00  -2.07201301e+00 
  1.56755391e+00   4.58118975e+00   1.33754862e+01 
  1.21823901e+00   9.77918488e-01   1.22957630e+01 
 -4.71068354e-01  -9.93000257e+00   7.71630818e+00 
 -2.24467548e+00  -6.87378397e+00   6.34706389e+00 
  2.66595470e-01  -6.54478810e+00   3.49404861e+00 
  3.12679390e+00  -6.88126435e+00   5.96332080e+00 
  1.47713693e+00  -4.26848673e+00   8.16917816e+00 
  9.50421828e-01  -2.01967479e+00   5.14908333e+00 
  4.29010750e+00  -2.68168113e+00   3.64926074e+00 
  6.11304901e+00  -1.92762488e+00   6.83503414e+00 
  4.27952437e+00   1.27065971e+00   7.33146989e+00 
  5.15048455e+00   2.42433904e+00   3.80411747e+00 
  8.73653016e+00   1.72639477e+00   4.08787310e+00 
  8.90952200e+00   3.97379320e+00   7.16966351e+00 
  7.09946455e+00   6.80958253e+00   5.39386233e+00 
  9.67969609e+00   6.71618594e+00   2.65510144e+00 
  1.24042928e+01   8.05049077e+00   4.94751886e+00 
  1.02173895e+01   1.09392423e+01   5.96027603e+00 
  9.27677788e+00   1.15565352e+01   2.33046495e+00 
  6.68174101e+00   9.88241869e+00  -7.77856110e+00 
  7.01567528e+00   8.09640467e+00  -4.39068453e+00 
  3.88207555e+00   6.04329365e+00  -4.89557346e+00 
  1.71792077e+00   8.87507490e+00  -6.04817373e+00 
  3.03186190e+00   1.09296598e+01  -3.05567657e+00 
  2.20487035e+00   8.24487867e+00  -5.79261384e-01 
 -1.25622657e+00   7.80140635e+00  -2.18846987e+00 
 -2.19810111e+00   1.14468749e+01  -2.18366157e+00 
 -1.24550045e+00   1.15962050e+01   1.48007054e+00 
 -3.38806584e+00   8.46509714e+00   2.29673057e+00 
 -6.39670060e+00   1.00345635e+01   4.73782060e-01 
 -8.90883993e+00   9.53998038e+00   4.88190537e+00 
 -8.80828285e+00   4.50647870e+00   4.34584233e+00 
 -6.73682804e+00   5.88123590e+00   7.22447424e+00 
 -3.35421529e+00   4.10570565e+00   6.53320231e+00 
 -2.52847048e+00   5.13855555e+00   1.01857818e+01 
 -4.48497348e+00   2.95140887e+00   1.45463597e+01 
 -5.25176775e+00   1.38463028e+00   1.11923226e+01 
 -8.47605575e+00   2.46268404e+00   9.56986823e+00 
 -9.12618055e+00  -4.90486338e+00   1.36713140e+00 
 -5.54586791e+00  -9.62301049e+00  -2.46368164e-01 
 -6.60929124e+00  -7.85766287e+00  -6.21575298e+00 
 -6.39101253e+00  -5.17798860e+00  -3.52367355e+00 
 -1.00187805e+01  -4.03990636e+00  -3.15068071e+00 
 -9.66429413e+00  -2.66967968e+00  -6.68228684e+00 
 -6.98284377e+00  -2.65837838e-01  -5.50788836e+00 
 -8.95942068e+00   4.64258698e-01  -2.31029709e+00 
 -1.19559255e+01   1.34550354e+00  -4.38646254e+00 
 -9.96119685e+00   3.88512953e+00  -6.41413078e+00 
 -8.30944727e+00   5.42051591e+00  -3.33430991e+00 
 -1.16472999e+01   5.70894617e+00  -1.51262288e+00 
 -1.09379398e+01   1.06344132e+01  -1.07130758e+00 
  7.16251497e+00   1.53880183e+01  -6.86735646e+00 
 -3.72072295e+00   4.42742514e+00  -9.09304292e+00 
  2.16955421e-02   4.53392009e+00  -8.65832035e+00 
  5.91240388e-01   2.64742450e+00  -1.19030183e+01 
 -2.04388317e+00   1.23283787e-01  -1.10936765e+01 
 -5.22682579e-01  -2.85329626e-02  -7.57367877e+00 
  2.93603850e+00  -8.14867498e-01  -8.91546342e+00 
  1.40280086e+00  -3.48868491e+00  -1.11456066e+01 
 -2.28054555e-01  -5.09859691e+00  -8.09054973e+00 
  2.86893446e+00  -4.71604561e+00  -5.91449856e+00 
  5.01049959e+00  -6.24569360e+00  -8.59370485e+00 
  5.97688984e+00  -1.02689868e+01  -9.87213005e-01 
  6.26079033e+00  -6.59850567e+00  -5.72994235e-02 

   9.860171923594e+00 

  9.88702338e-01  -1.37029865e+00   1.37140165e+00 
  1.23132649e+00  -4.54420242e+00  -5.07321170e-01 
 -1.58694650e-01  -1.15156468e+00   4.12788754e-01 
  4.25366973e+00   1.58857508e+00  -1.21042794e+00 
  8.76623520e-01  -1.14937730e+00  -6.16802668e-01 
  1.62653183e+00  -2.33061224e+00  -7.49744692e-01 
  1.26707477e+00  -3.34706964e+00   1.10277976e-01 
  1.02364831e+00  -2.84864051e+00   1.33808115e+00 
  5.75768609e-01   1.11482036e+00   5.06866518e-01 
  1.78913430e+00   8.56381123e-01   1.24375480e+00 
  2.96596878e+00   4.15838011e-01   5.95230317e-01 
  3.28570734e+00   7.00623846e-01  -6.76838191e-01 
  2.12697503e+00   9.11317586e-01  -1.28469103e+00 
  8.95870394e-01   1.19904268e+00  -8.18803141e-01 
 -1.14113910e+00  -2.94657289e-03   2.05505991e+00 
 -4.37660308e-01   1.91634454e-01   7.97391716e-01 
 -2.30793681e+00  -8.92529002e-01   1.67416754e+00 
 -2.93166206e+00  -7.11955127e-01   4.42130456e-01 
 -4.28095884e+00  -9.14128773e-01   3.27268756e-01 
 -4.97041505e+00  -1.45922633e+00   1.40331774e+00 
 -4.21678038e+00  -2.05183135e+00   2.38086246e+00 
 -2.89368335e+00  -1.75033363e+00   2.56270790e+00 
  1.31687011e+01   4.06344876e+00   3.63369201e+00 
  1.07543943e+01   2.86448117e+00   6.28040426e+00 
  2.10569718e+00  -6.64383442e-01   1.37339939e+01 
  1.37778739e+00   1.38313608e+00   1.06293438e+01 
  3.53747178e-01  -1.72664454e+00   8.67102144e+00 
  3.50677838e+00  -3.49643693e+00   9.81877122e+00 
  5.53589794e+00  -4.50173010e-01   8.81043843e+00 
  3.73729598e+00  -3.33075371e-01   5.46278723e+00 
  3.79467017e+00  -4.01324445e+00   4.92031560e+00 
  7.47221372e+00  -4.27490068e+00   5.58968247e+00 
  8.27037846e+00  -1.47898902e+00   3.26956065e+00 
  6.27730275e+00  -3.11674298e+00   4.62964972e-01 
  7.86536840e+00  -6.40344772e+00   7.83849795e-01 
  1.12852527e+01  -4.77575945e+00   3.01132198e-01 
  1.01292817e+01  -2.90709006e+00  -2.80424515e+00 
  9.06559069e+00  -6.17045028e+00  -4.34894069e+00 
  1.26587738e+01  -7.35792039e+00  -4.72048717e+00 
  1.35918447e+01  -4.16695732e+00  -6.48119443e+00 
  1.04868588e+01  -4.40904148e+00  -8.65873613e+00 
  5.43055933e-01  -6.16979964e+00  -1.17813786e+01 
  2.72785872e+00  -5.84309360e+00  -8.63511041e+00 
  1.07726192e-01  -3.89635410e+00  -6.72864142e+00 
 -7.10090030e-01  -1.49877420e+00  -9.48796134e+00 
  3.08209756e+00  -9.70285372e-01  -9.98068256e+00 
  3.66108855e+00  -2.18463402e-01  -6.35797942e+00 
  6.25358195e-01   2.13731146e+00  -6.34297548e+00 
  1.60596440e+00   4.11467400e+00  -9.39337777e+00 
  5.03906407e+00   4.59858648e+00  -7.86613701e+00 
  3.51528941e+00   5.79298795e+00  -4.50268005e+00 
  1.28902651e+00   8.30628319e+00  -6.39091886e+00 
  3.49803297e+00   1.19074378e+01  -3.53800436e+00 
  1.17362534e+00   1.00521063e+01   5.59392825e-01 
  4.95653821e+00   9.65861279e+00   5.12560507e-01 
  5.25375944e+00   5.87320973e+00   1.32178780e+00 
  8.96068286e+00   6.74250180e+00   2.09182297e+00 
  1.07317248e+01   9.30524131e+00   6.32526921e+00 
  7.08563919e+00   8.32054379e+00   6.15573536e+00 
  4.73314204e+00   1.09400375e+01   4.81606796e+00 
 -4.98967723e+00   6.34031760e+00   7.32577480e+00 
 -6.47715645e+00   1.13518807e+00   1.02200538e+01 
 -1.10748232e+01   5.45534455e-01   5.93112157e+00 
 -7.78079668e+00   2.13289514e+00   4.87979619e+00 
 -8.69070660e+00   5.82370703e+00   4.49895145e+00 
 -1.08383844e+01   4.70847746e+00   1.56309719e+00 
 -7.75070561e+00   3.50466743e+00  -2.71320804e-01 
 -5.79892283e+00   6.59484670e+00   8.71400540e-01 
 -8.48826523e+00   8.79311908e+00  -5.43274645e-01 
 -8.23222166e+00   7.12112753e+00  -3.96072726e+00 
 -4.41647392e+00   7.21885602e+00  -4.00045565e+00 
 -4.35844198e+00   1.08924810e+01  -2.97868008e+00 
 -1.78384781e+00   1.19656816e+01  -7.12325028e+00 
  3.61465749e+00  -4.54877717e+00  -1.61757578e+01 
 -7.34016518e+00   8.45880218e-01  -6.45871198e+00 
 -5.24987064e+00  -2.27384230e+00  -6.78140006e+00 
 -8.32427372e+00  -4.50078140e+00  -6.77785561e+00 
 -9.84381874e+00  -2.68351176e+00  -3.88671397e+00 
 -6.38392041e+00  -2.84636988e+00  -2.23442686e+00 
 -6.19344046e+00  -6.61552926e+00  -2.60666008e+00 
 -9.71151893e+00  -6.87872008e+00  -1.18274143e+00 
 -8.61877879e+00  -4.87784122e+00   1.88115774e+00 
 -5.31664768e+00  -6.73341893e+00   2.23553945e+00 
 -7.08519697e+00  -1.00393590e+01   2.01747863e+00 
 -2.08654707e+00  -9.50140548e+00   9.06766819e+00 
  2.03500065e-01  -8.27578537e+00   6.29798770e+00 

   9.860172136848e+00 

  1.11766792e+00   1.46912499e+00  -4.44462457e+00 
  7.86857840e-01   5.14959990e+00  -4.52643526e+00 
 -2.09085310e-01   1.59083282e+00  -3.73174185e+00 
  3.82367491e+00   7.88840129e-01  -1.67227302e-01 
  5.60886200e-01   2.27490581e+00  -2.69678351e+00 
  1.20940745e+00   3.46050892e+00  -3.08299032e+00 
  1.01436536e+00   3.82764875e+00  -4.39806666e+00 
  1.08122428e+00   2.74333936e+00  -5.19491032e+00 
  6.22631943e-01  -2.60714339e-01  -2.48086001e+00 
  1.96087578e+00  -2.25731212e-01  -3.01930246e+00 
  2.93728377e+00   6.61756383e-01  -2.51078405e+00 
  2.96765886e+00   1.11729761e+00  -1.24862150e+00 
  1.71018554e+00   1.06579311e+00  -8.33152764e-01 
  6.32548724e-01   3.91964757e-01  -1.28048633e+00 
 -7.37956672e-01  -3.70749855e-01  -4.65586554e+00 
 -3.35022445e-01   2.14163974e-01  -3.38701306e+00 
 -1.99769606e+00   3.92809134e-01  -5.01346219e+00 
 -2.87936980e+00   7.70356572e-01  -4.00368324e+00 
 -4.22627638e+00   7.85106128e-01  -4.24924036e+00 
 -4.67258682e+00   5.91806810e-01  -5.55070839e+00 
 -3.73998054e+00   7.13659988e-01  -6.54577546e+00 
 -2.39875253e+00   5.76566663e-01  -6.30723196e+00 
  1.37103807e+01  -2.36816079e+00  -1.33075415e+00 
  1.19210523e+01  -3.07724504e+00  -4.58143254e+00 
  5.07721834e+00  -5.23572867e+00  -1.41371846e+01 
  3.74214298e+00  -5.50611610e+00  -1.06008888e+01 
  2.16434750e+00  -2.03850003e+00  -1.08019068e+01 
  5.41899660e+00  -6.27740071e-01  -1.21466370e+01 
  7.28890449e+00  -2.37602878e+00  -9.34293387e+00 
  4.77510028e+00  -1.05651507e+00  -6.81406863e+00 
  4.55027343e+00   2.34449365e+00  -8.30529418e+00 
  8.26867338e+00   2.80371973e+00  -8.36238689e+00 
  8.62941771e+00   1.74061400e+00  -4.81599659e+00 
  5.97666673e+00   4.24063781e+00  -3.70038430e+00 
  7.45527102e+00   7.11022503e+00  -5.43427129e+00 
  1.07382124e+01   6.51454406e+00  -3.57809378e+00 
  8.97917747e+00   6.32864273e+00  -2.10171164e-01 
  7.45148074e+00   9.70993014e+00  -8.42770955e-01 
  1.08092502e+01   1.14688070e+01  -5.41481751e-01 
  1.14466234e+01   9.80800594e+00   2.77345192e+00 
  7.91659239e+00   1.06318620e+01   3.91435640e+00 
 -2.54419328e+00   1.21474787e+01   3.84955979e+00 
  3.17488567e-01   1.06151318e+01   1.79004695e+00 
 -1.70902252e+00   7.58614525e+00   7.86069234e-01 
 -3.03731799e+00   6.82968156e+00   4.20577304e+00 
  5.58726862e-01   7.22837218e+00   5.55196822e+00 
  1.98678285e+00   4.84166668e+00   3.04423768e+00 
 -8.61516072e-01   2.36222305e+00   3.75491890e+00 
 -5.26009692e-01   2.39209674e+00   7.50499024e+00 
  3.18364350e+00   1.74558659e+00   7.08886701e+00 
  2.52637947e+00  -1.21452973e+00   4.66664077e+00 
  3.39952877e-02  -2.73295860e+00   7.18072690e+00 
  2.99034984e+00  -6.88521543e+00   7.10506109e+00 
  1.59442726e+00  -7.76154299e+00   2.31792969e+00 
  5.24497671e+00  -6.81019515e+00   2.80359665e+00 
  5.55984028e+00  -3.96924915e+00   1.76374304e-01 
  9.37786919e+00  -4.51429804e+00   6.40447948e-01 
  1.21820722e+01  -8.55761694e+00  -1.20742376e+00 
  8.55643605e+00  -8.21041084e+00  -2.22056477e+00 
  6.07191393e+00  -1.01173979e+01  -1.27442196e-01 
 -2.99865563e+00  -9.02539966e+00  -6.33382483e+00 
 -3.99960855e+00  -6.32226659e+00  -1.17536344e+01 
 -9.48120761e+00  -4.36574103e+00  -9.30327607e+00 
 -6.45318060e+00  -4.65807921e+00  -7.01827576e+00 
 -7.26914429e+00  -7.73286128e+00  -4.90285147e+00 
 -1.00798120e+01  -5.63395458e+00  -3.42967146e+00 
 -7.55074699e+00  -3.19719566e+00  -2.01050249e+00 
 -5.25936330e+00  -6.08798523e+00  -9.82213080e-01 
 -8.10641700e+00  -7.65306044e+00   8.91555327e-01 
 -8.71439741e+00  -4.46028935e+00   2.88570495e+00 
 -5.00947039e+00  -3.92336431e+00   3.63161438e+00 
 -4.56242090e+00  -7.54431377e+00   4.74151262e+00 
 -2.96723023e+00  -5.94223577e+00   9.19649937e+00 
 -4.99926116e-01   1.34906231e+01   8.88843167e+00 
 -8.68742624e+00   2.26312650e+00   1.78608007e+00 
 -6.86142861e+00   5.39728519e+00   7.61918719e-01 
 -9.94401646e+00   6.79825022e+00  -9.54535459e-01 
 -1.06794481e+01   3.55139507e+00  -2.65373805e+00 
 -6.94235134e+00   3.39319022e+00  -3.51194761e+00 
 -7.00242224e+00   6.80398412e+00  -5.16856528e+00 
 -1.01065254e+01   5.75046800e+00  -7.09945779e+00 
 -8.25457787e+00   2.67078386e+00  -8.39207646e+00 
 -5.04109863e+00   4.58081375e+00  -9.09795859e+00 
 -6.95070988e+00   7.21309135e+00  -1.09763622e+01 
 -4.46433139e-01   3.96003313e+00  -1.56763700e+01 
  1.19509978e+00   4.68963336e+00  -1.23310814e+01 

   9.860171650249e+00 

 -1.40884603e+00  -2.82422462e+00  -1.27176878e-01 
 -3.83968749e+00  -2.00416077e-01  -1.05914269e+00 
 -6.93065401e-01  -2.27593963e+00  -1.33976500e+00 
  1.52162320e+00  -3.42461587e-01   3.23936138e+00 
 -5.72252930e-01  -1.05352377e+00  -5.50435364e-01 
 -1.77582090e+00  -4.38364492e-01  -1.65241654e-01 
 -2.91912253e+00  -1.07278836e+00  -6.03755260e-01 
 -2.78416767e+00  -2.40732032e+00  -4.77128225e-01 
  1.25247004e+00  -2.75574512e+00  -4.77112123e-02 
  5.55103446e-01  -3.07024655e+00   1.17572523e+00 
  1.19267658e-01  -2.05469997e+00   2.05795829e+00 
  7.13934071e-01  -8.59269999e-01   2.19502513e+00 
  1.31687417e+00  -6.39190527e-01   1.03549022e+00 
  1.67648933e+00  -1.45908036e+00   2.85439561e-02 
  6.15941258e-02  -4.35010013e+00  -1.67084306e+00 
  4.94894787e-01  -3.04807631e+00  -1.18978991e+00 
 -4.29776422e-01  -4.06304719e+00  -3.07588679e+00 
  2.35319689e-01  -3.11739878e+00  -3.85246612e+00 
  3.38811414e-01  -3.29968163e+00  -5.20551440e+00 
 -3.67631304e-01  -4.33976579e+00  -5.79673652e+00 
 -1.36385932e+00  -4.90981184e+00  -5.05017346e+00 
 -1.38967353e+00  -4.82282192e+00  -3.68403437e+00 
  6.51766814e-01  -3.23637483e+00   1.32362499e+01 
 -8.18892767e-01  -6.01192095e+00   1.11374319e+01 
 -4.75113798e+00  -1.42579552e+01   3.43348644e+00 
 -1.75164815e+00  -1.20671853e+01   2.68215792e+00 
 -3.85751601e+00  -9.70603750e+00   5.50315249e-01 
 -6.45912195e+00  -9.52732110e+00   3.30551752e+00 
 -3.69435633e+00  -8.84926126e+00   5.81749074e+00 
 -2.21747184e+00  -6.21061688e+00   3.51268529e+00 
 -5.49474128e+00  -4.75146052e+00   2.52706261e+00 
 -6.64271699e+00  -4.37798093e+00   6.07441140e+00 
 -3.47551354e+00  -2.72372826e+00   7.10862284e+00 
 -3.76433943e+00  -1.91739068e-01   4.27357247e+00 
 -7.23002501e+00   7.49094814e-01   5.00225299e+00 
 -6.21374538e+00   1.65058370e+00   8.57055878e+00 
 -3.29950070e+00   3.77920462e+00   7.36738482e+00 
 -5.66787378e+00   5.78347417e+00   5.23644473e+00 
 -7.34436027e+00   7.34296015e+00   8.27231727e+00 
 -4.00575448e+00   8.40861410e+00   9.64026693e+00 
 -2.97436225e+00   9.71607685e+00   6.22436563e+00 
 -1.77028325e+00   1.05607489e+01  -4.24302133e+00 
 -2.84476277e+00   8.09470548e+00  -1.49657423e+00 
 -1.11532936e+00   5.15563816e+00  -3.12770314e+00 
  2.12192490e+00   6.91209646e+00  -3.81033122e+00 
  2.04527350e+00   8.19754278e+00  -1.71008072e-01 
  1.52634097e+00   4.77178769e+00   1.25005451e+00 
  4.29589151e+00   3.38824647e+00  -1.02611393e+00 
  6.88866355e+00   5.97894102e+00  -1.64621624e-01 
  6.21965811e+00   5.29983082e+00   3.50197651e+00 
  6.59255269e+00   1.47061203e+00   2.99262710e+00 
  9.93846057e+00   2.02795230e+00   1.16711976e+00 
  1.20033547e+01  -9.93284794e-01   4.71609411e+00 
  9.45884939e+00  -4.93241190e+00   2.80768622e+00 
  8.38736776e+00  -3.83033994e+00   6.28687054e+00 
  4.55215295e+00  -3.54486057e+00   5.75574927e+00 
  4.42264904e+00  -3.54637195e+00   9.63817228e+00 
  5.17911762e+00  -7.70205859e+00   1.27662591e+01 
  5.00543936e+00  -8.21601197e+00   9.02490583e+00 
  8.30621419e+00  -8.22970217e+00   7.20963904e+00 
  5.09434397e+00  -1.18610715e+01  -2.71422681e+00 
 -3.64924828e-01  -1.36113754e+01  -4.90874077e+00 
  1.27305474e+00  -1.06230843e+01  -1.02254503e+01 
  2.44991083e+00  -9.21251278e+00  -6.89365998e+00 
  6.18204124e+00  -1.00287107e+01  -6.88734573e+00 
  6.44961387e+00  -7.54857540e+00  -9.76011655e+00 
  5.30226685e+00  -4.74776289e+00  -7.48267231e+00 
  7.46346253e+00  -6.10781674e+00  -4.62890199e+00 
  1.04584334e+01  -6.02929151e+00  -6.88509283e+00 
  9.89746528e+00  -2.34896631e+00  -7.71017131e+00 
  9.27574989e+00  -1.37046950e+00  -4.07326891e+00 
  1.23781014e+01  -3.24603858e+00  -2.88983467e+00 
  1.41599724e+01   1.00002950e+00  -9.52391825e-01 
  5.04842608e-01   1.50260658e+01  -1.74151777e+00 
  4.64033375e+00   1.80817474e+00  -8.93279741e+00 
  1.43220466e+00   3.43424942e+00  -7.80592658e+00 
 -6.18606823e-02   3.22019665e+00  -1.12892171e+01 
  1.03592177e+00  -3.26021222e-01  -1.17244425e+01 
 -2.79739308e-01  -9.50117284e-01  -8.17381051e+00 
 -3.71746029e+00   4.06642570e-01  -9.02393177e+00 
 -3.73080478e+00  -1.74606331e+00  -1.21607320e+01 
 -3.01110591e+00  -4.83868539e+00  -1.00388360e+01 
 -5.47790839e+00  -3.85988805e+00  -7.31310384e+00 
 -8.15862353e+00  -3.26128380e+00  -9.87435421e+00 
 -1.07670608e+01  -8.71166791e+00  -3.67202765e+00 
 -9.21039539e+00  -5.85958368e+00  -1.70728121e+00 

   9.860172794540e+00 

