  2.88253080e-01  -4.03489350e-01  -5.61400024e-01 
 -3.82561272e-01  -1.41795622e+00  -1.24463704e+00 
  1.79272059e-01  -2.51927941e+00  -2.06983461e+00 
  3.03359764e-01  -3.72723657e+00  -1.46539860e+00 
  1.65723410e+00  -4.04213933e+00  -1.33330773e+00 
  2.35463715e+00  -4.03898503e+00  -2.48486489e+00 
  3.12930456e+00  -5.00383651e+00  -3.06611354e+00 
  2.00026761e+00  -2.98193393e+00  -3.29828847e+00 
  7.00975310e-01  -2.47381029e+00  -3.31335359e+00 
 -1.99430136e+00  -8.55821392e-01  -1.10425099e+00 
 -1.64660298e+00   4.98366534e-01  -8.07628690e-02 
 -3.70313851e-01   2.24803021e-01   4.33108881e-01 
 -3.69729943e-02   9.34952140e-01   1.55617446e+00 
 -1.11891917e+00   1.38266591e+00   2.30601346e+00 
 -2.04279205e+00   2.11288631e+00   1.66543174e+00 
 -2.43163263e+00   1.46088219e+00   5.38240283e-01 
 -2.72817409e+00   3.22275577e+00   2.08767138e+00 
  1.74704149e+00  -4.18597367e-01  -7.55861356e-01 
  2.07011970e+00  -1.83633073e-01  -1.92903424e+00 
  2.54235112e+00  -1.06402260e+00   2.48865345e-01 
  2.18505551e+00  -7.41367757e-01   1.51008758e+00 
  3.04444252e+00  -5.69511679e-01   2.59470410e+00 
  4.17548943e+00  -1.38039766e+00   2.48683307e+00 
  4.77478154e+00  -1.69530557e+00   3.64848195e+00 
  5.79334358e+00  -1.21700625e+00   4.40162110e+00 
  6.27687070e+00  -2.35559335e+00   5.21765581e+00 
  6.32718670e+00  -2.23885885e+00   6.58308008e+00 
  6.90146288e+00  -1.04978861e+00   7.06504645e+00 
  6.42427119e+00  -1.00863527e+00   8.48523099e+00 
  5.36688885e+00  -2.06486467e+00   8.64953251e+00 
  5.09429202e+00  -2.42338841e+00   7.22064758e+00 
  4.67146695e+00  -1.31461542e+00   1.22381566e+00 
  3.85625060e+00  -1.32170389e+00   7.85581579e-02 
 -4.73357003e-01   1.26142832e+01   2.43476375e+00 
  2.48962897e+00   1.12604392e+01   5.50740785e-01 
  1.12416636e+01   6.22310986e+00  -5.69133797e+00 
  7.64141187e+00   5.04023244e+00  -5.98554955e+00 
  8.33024627e+00   2.18101636e+00  -3.58282226e+00 
  9.94553809e+00   4.49913836e+00  -1.10954976e+00 
  6.96625761e+00   6.81084134e+00  -1.49739387e+00 
  4.52749744e+00   3.93222580e+00  -9.38501079e-01 
  6.54321136e+00   2.30898868e+00   1.77077456e+00 
  6.85738689e+00   5.57585949e+00   3.66844454e+00 
  3.14982378e+00   6.17601812e+00   3.37374849e+00 
  2.37371023e+00   2.67298145e+00   4.67506303e+00 
  4.53873527e+00   3.18857858e+00   7.68949021e+00 
  2.83345224e+00   6.29529223e+00   8.77106490e+00 
 -6.16767397e-01   4.74410094e+00   8.44958524e+00 
  4.24583322e-01   1.95319954e+00   1.07354701e+01 
  5.10951016e-01   4.31934710e+00   1.37365296e+01 
 -4.12120023e+00   1.90195979e+00   1.25190648e+01 
 -1.89149054e+00  -1.08601244e+01   1.07810162e+01 
 -4.26582975e+00  -8.21859419e+00   9.49321308e+00 
 -2.32291918e+00  -4.95908937e+00   8.97060338e+00 
 -1.80135899e+00  -5.41474135e+00   5.26606955e+00 
 -5.41938088e+00  -6.43501965e+00   4.56618924e+00 
 -6.52769228e+00  -3.37750982e+00   6.61760970e+00 
 -4.33306413e+00  -1.03188209e+00   4.65857659e+00 
 -5.54352568e+00  -2.56235975e+00   1.38337104e+00 
 -9.27337130e+00  -2.40076535e+00   2.19276689e+00 
 -8.72753952e+00   1.24274899e+00   3.07732989e+00 
 -6.92358067e+00   1.95916754e+00  -2.08912379e-01 
 -9.70829830e+00   2.23691830e-01  -2.22107663e+00 
 -1.00690073e+01   4.60903065e+00  -4.76765266e+00 
 -5.57305892e+00   3.77950746e+00  -6.87260245e+00 
 -5.69657874e+00   6.67267989e+00  -4.42970839e+00 
 -2.74625656e+00   5.90980692e+00  -2.19202683e+00 
 -3.02438872e+00   9.51777226e+00  -9.51778490e-01 
 -1.63462077e+00   1.37704539e+01  -3.71750060e+00 
 -7.83914891e-01   1.03149628e+01  -5.04967776e+00 
  8.13535757e+00  -1.66035931e+00  -1.01533865e+01 
  5.71432979e+00  -7.48877441e+00  -1.02667370e+01 
  3.59860884e+00  -4.65249984e+00  -8.95495923e+00 
 -3.51866144e-01  -7.63013312e+00  -1.07791411e+01 
 -1.14069173e+00  -6.30590352e+00  -7.21047199e+00 
 -2.47134804e+00  -3.06013715e+00  -8.66725115e+00 
 -6.22757986e+00  -6.95485351e+00  -8.05314768e+00 
 -6.73245497e+00  -3.83428764e+00  -5.94940946e+00 
 -1.23430209e+01  -1.21325212e+00  -6.03580694e+00 
 -8.93857933e+00  -7.01044738e+00   1.23302402e+01 
 -4.16219478e+00  -9.72527699e+00  -2.19175011e+00 
 -2.53717398e+00  -9.32506890e+00   1.22407588e+00 
 -8.40445787e-01  -1.27187295e+01   9.00974483e-01 
  2.88899604e-01  -1.20190000e+01  -2.60406286e+00 
  1.31655563e+00  -8.68270395e+00  -1.29093150e+00 
  3.51236585e+00  -1.00387685e+01   1.44372250e+00 
  5.05001276e+00  -1.22872988e+01  -1.16351013e+00 
  5.91504037e+00  -9.29172790e+00  -3.34883990e+00 
  7.18781067e+00  -7.26360688e+00  -4.38495857e-01 
  9.32562841e+00  -1.00938768e+01   7.62686264e-01 
  1.23997194e+01  -5.75391264e+00  -1.98433270e+00 
  1.38982802e+01  -2.72226002e+00  -2.37392930e-01 
  1.08487298e+01  -1.53903678e+00   1.59493862e+00 

   4.172878590906e+00 

 -2.73912618e-01   3.07404036e-01  -1.58613250e+00 
  1.09153811e+00   1.73798917e-01  -1.33385934e+00 
  1.84475145e+00   4.66141225e-01  -8.61710381e-02 
  2.12748152e+00  -5.92367471e-01   7.13531521e-01 
  1.42090133e+00  -4.69501988e-01   1.91154487e+00 
  1.64008182e+00   6.76229244e-01   2.58364955e+00 
  2.05138012e+00   8.96870855e-01   3.86858104e+00 
  1.69860339e+00   1.76561985e+00   1.73843000e+00 
  2.19639582e+00   1.65802673e+00   4.39506030e-01 
  1.65973144e+00  -1.23931150e-01  -2.92191572e+00 
  1.04348935e-01  -1.93656321e-01  -3.68229108e+00 
 -7.91581950e-01  -3.85721947e-01  -2.62010760e+00 
 -2.02401054e+00  -8.60138230e-01  -2.98446065e+00 
 -2.04747430e+00  -1.56301898e+00  -4.18392795e+00 
 -1.55508088e+00  -9.40112102e-01  -5.26404072e+00 
 -3.20369957e-01  -4.49391554e-01  -4.97847247e+00 
 -2.01489027e+00  -9.32965559e-01  -6.55569444e+00 
 -1.03409221e+00   8.76616355e-01  -4.61752037e-01 
 -7.10925502e-01   2.04781818e+00  -2.17269048e-01 
 -1.70032922e+00  -3.98139082e-02   4.18503999e-01 
 -2.37195940e+00  -1.01693466e+00  -2.26938300e-01 
 -3.59026360e+00  -1.57591114e+00   1.57449152e-01 
 -3.74477399e+00  -1.56548356e+00   1.54469721e+00 
 -4.57013920e+00  -2.50305275e+00   2.04217328e+00 
 -5.87574045e+00  -2.59283330e+00   2.38973951e+00 
 -5.96655579e+00  -3.68780409e+00   3.38416559e+00 
 -6.82296029e+00  -4.73581156e+00   3.16327246e+00 
 -8.11869772e+00  -4.37823602e+00   2.75196114e+00 
 -8.64504569e+00  -5.65943907e+00   2.17941752e+00 
 -7.49444772e+00  -6.61958800e+00   2.05730568e+00 
 -6.33034361e+00  -5.70280142e+00   2.27849443e+00 
 -3.37848351e+00  -3.54900161e-01   2.04053295e+00 
 -2.24759638e+00   3.48041042e-01   1.58974404e+00 
 -8.95422506e+00   4.07722698e+00  -1.10444654e+01 
 -8.91085766e+00   5.79983316e+00  -7.69895058e+00 
 -7.81028920e+00   1.09293819e+01   2.95059512e+00 
 -4.80339230e+00   9.55552743e+00   1.07478405e+00 
 -4.91213968e+00   6.36558234e+00   3.13272774e+00 
 -8.58891301e+00   5.94622014e+00   2.49601175e+00 
 -7.90919301e+00   6.55707582e+00  -1.18302915e+00 
 -5.10147687e+00   3.97583996e+00  -1.20009471e+00 
 -6.88779551e+00   1.52582539e+00   1.00096644e+00 
 -1.00069560e+01   1.67638715e+00  -1.14856176e+00 
 -7.95876191e+00   1.15510276e+00  -4.26725120e+00 
 -6.20491316e+00  -1.86894336e+00  -2.73552105e+00 
 -9.47836639e+00  -3.46757675e+00  -1.85869706e+00 
 -1.08378394e+01  -3.30427633e+00  -5.30175236e+00 
 -7.69455913e+00  -4.79522508e+00  -6.82175898e+00 
 -7.98947733e+00  -7.75468096e+00  -4.52971713e+00 
 -1.10681258e+01  -9.02047352e+00  -6.40912246e+00 
 -6.21895582e+00  -1.05432327e+01  -8.12655135e+00 
  7.32534797e-01  -1.47987935e+01   2.09255776e+00 
  1.35962203e+00  -1.31133085e+01  -1.23001760e+00 
 -1.38881569e+00  -1.05150380e+01  -1.83621428e+00 
  6.18840670e-01  -7.55229995e+00  -6.55234188e-01 
  3.76863044e+00  -8.51791476e+00  -2.59618630e+00 
  1.53930873e+00  -9.00392973e+00  -5.69117591e+00 
 -3.72522844e-02  -5.60773442e+00  -5.32173618e+00 
  3.38989451e+00  -4.02470207e+00  -4.78954839e+00 
  5.08937133e+00  -5.67530957e+00  -7.78625594e+00 
  2.17801788e+00  -4.44085581e+00  -9.87329350e+00 
  2.50940031e+00  -8.74225233e-01  -8.55562764e+00 
  6.29837521e+00  -8.79073347e-01  -9.23310747e+00 
  5.41383067e+00   3.27836698e+00  -1.20223059e+01 
  4.35750369e+00   5.88020360e+00  -7.84533410e+00 
  1.41284235e+00   5.27326436e+00  -1.01505520e+01 
 -1.16698946e+00   3.90341194e+00  -7.75022556e+00 
 -3.76035552e+00   4.59283746e+00  -1.04764193e+01 
 -5.49923289e+00   9.36494927e+00  -1.18436167e+01 
 -3.28648792e+00   8.99017276e+00  -8.77732956e+00 
  1.06312130e+00   9.79831925e+00   6.36986168e+00 
  5.92715131e+00   6.31308826e+00   8.37959383e+00 
  4.84166486e+00   6.03625423e+00   4.77590523e+00 
  9.93994753e+00   4.92877712e+00   4.01354040e+00 
  7.66992544e+00   2.43114622e+00   2.08479252e+00 
  7.41669865e+00   4.85289595e+00  -8.30487141e-01 
  1.15689868e+01   1.34650349e+00  -1.17535168e+00 
  8.91161938e+00   1.02134800e+00  -3.86816011e+00 
  1.08280098e+01   7.85615538e-01  -9.75268382e+00 
  1.89787997e+00  -1.61788276e+01  -5.88359701e+00 
  8.65878743e+00  -4.24333532e+00   1.39008887e+00 
  5.55302906e+00  -6.38283126e+00   1.88561724e+00 
  6.66065938e+00  -7.31291079e+00   5.40816184e+00 
  7.52881946e+00  -3.76795698e+00   6.26252111e+00 
  4.26588270e+00  -2.89943575e+00   4.67816744e+00 
  2.20382687e+00  -5.18648135e+00   6.83598445e+00 
  4.01970529e+00  -3.72114265e+00   9.79795618e+00 
  2.99519146e+00  -1.97691681e-01   8.78156626e+00 
 -5.52210226e-01  -1.21716810e+00   8.02003443e+00 
 -8.80611259e-01  -2.99267839e+00   1.13007732e+01 
 -3.69253985e+00   2.28895745e+00   1.11310141e+01 
 -7.30488696e+00   2.78539963e+00   1.00388171e+01 
 -7.16953731e+00   9.95965264e-01   6.74688471e+00 

   4.172878590905e+00 

 -2.03831590e+00  -5.50417727e-01   1.09515332e+00 
 -1.66097079e+00  -1.51078629e+00   2.03390283e+00 
 -1.26452831e+00  -2.92662446e+00   1.81537110e+00 
  6.65031555e-02  -3.18674709e+00   1.79102790e+00 
  4.36153708e-01  -3.59017586e+00   5.06430233e-01 
 -2.40771014e-01  -4.65150293e+00   2.91225548e-02 
  2.00126480e-01  -5.84907729e+00  -4.61104958e-01 
 -1.58416865e+00  -4.58663377e+00   3.38424231e-01 
 -2.03570118e+00  -3.99300463e+00   1.51753402e+00 
 -2.07080111e+00  -6.90129752e-01   3.48026788e+00 
 -2.52305929e+00   8.09497889e-01   2.73943962e+00 
 -1.95835163e+00   7.45824115e-01   1.45691632e+00 
 -1.83756637e+00   1.95263768e+00   8.19957821e-01 
 -1.77339048e+00   3.05476708e+00   1.66524235e+00 
 -2.76840240e+00   3.20060486e+00   2.55169058e+00 
 -2.93962402e+00   2.03758542e+00   3.23355265e+00 
 -3.41822835e+00   4.33721360e+00   2.95874327e+00 
 -2.10156800e+00  -1.05915789e+00  -2.84444345e-01 
 -2.98709095e+00  -1.91333676e+00  -4.33272795e-01 
 -9.58243225e-01  -8.41569671e-01  -1.12350972e+00 
 -4.65117321e-01   4.12948186e-01  -1.04962045e+00 
  7.67252740e-02   1.15173029e+00  -2.10084885e+00 
  6.90626781e-01   3.26887046e-01  -3.04488164e+00 
  1.65947114e+00   9.05297044e-01  -3.77599629e+00 
  1.76170236e+00   1.52582613e+00  -4.97514178e+00 
  3.17538894e+00   1.38480793e+00  -5.39668162e+00 
  3.90723875e+00   2.50354396e+00  -5.70224283e+00 
  3.26654625e+00   3.43161803e+00  -6.54138786e+00 
  4.07649109e+00   4.67517139e+00  -6.33187883e+00 
  4.98713579e+00   4.44276400e+00  -5.15825793e+00 
  4.40336289e+00   3.18741444e+00  -4.58566110e+00 
 -1.09238340e-01  -7.36737142e-01  -3.31774305e+00 
 -8.17727661e-01  -1.43766130e+00  -2.32628409e+00 
 -1.06305904e+01   9.51901468e+00  -8.53897954e-01 
 -1.06023043e+01   6.55854824e+00  -3.17694777e+00 
 -1.00993398e+01  -3.31577251e+00  -9.74818520e+00 
 -9.43743217e+00  -3.37101960e+00  -6.00567289e+00 
 -5.68931614e+00  -3.32438922e+00  -6.61572186e+00 
 -5.99917463e+00  -4.39547443e-01  -8.99933460e+00 
 -8.16161332e+00   1.31200871e+00  -6.42515205e+00 
 -5.60001339e+00   6.59259549e-01  -3.67588596e+00 
 -2.61411678e+00   1.34478496e+00  -5.83288671e+00 
 -4.06485828e+00   4.64301818e+00  -7.01157637e+00 
 -4.82770037e+00   5.64782139e+00  -3.46171682e+00 
 -1.27275033e+00   4.81338853e+00  -2.35127109e+00 
  1.96474997e-01   6.94207566e+00  -5.06236186e+00 
 -1.67687921e+00   9.99456679e+00  -4.11246419e+00 
 -7.33492873e-01   9.66848948e+00  -4.49507052e-01 
  2.89984453e+00   9.57956761e+00  -1.39278005e+00 
  2.82600079e+00   1.32685135e+01  -2.39212831e+00 
  3.88552393e+00   1.20246200e+01   2.71795453e+00 
  1.30749633e+01   2.73224129e+00   2.98084798e+00 
  1.01242612e+01   3.83002353e+00   5.06934898e+00 
  7.26664303e+00   4.85055309e+00   2.73162961e+00 
  5.41075547e+00   1.57742828e+00   2.94505436e+00 
  5.69788367e+00   1.30496997e+00   6.74823810e+00 
  4.46582535e+00   4.94130416e+00   6.95836293e+00 
  1.47768312e+00   4.25303007e+00   4.77812034e+00 
  6.87682264e-01   1.10424078e+00   6.77701381e+00 
  9.39660147e-01   2.71940697e+00   1.02296545e+01 
 -1.41564421e+00   5.39214504e+00   8.93946335e+00 
 -3.91669587e+00   2.81844930e+00   7.64033206e+00 
 -3.82686941e+00   9.10165299e-01   1.09818462e+01 
 -8.86886279e+00   1.55882504e+00   1.10442982e+01 
 -9.34766753e+00  -1.63565188e+00   7.18443589e+00 
 -1.01842933e+01   1.97476214e+00   6.39804977e+00 
 -8.14175968e+00   2.56912769e+00   3.27260889e+00 
 -1.02779308e+01   5.69503114e+00   2.72626860e+00 
 -1.52959634e+01   5.67781397e+00   1.14987157e+00 
 -1.33203022e+01   2.43201300e+00   1.13105606e+00 
 -6.59529091e+00  -1.06224891e+01  -4.64508468e+00 
 -2.08712674e+00  -1.35147479e+01  -1.30503366e+00 
 -3.61787777e+00  -1.03419133e+01   4.82627428e-02 
 -2.45802894e+00  -1.25461757e+01   4.69543071e+00 
 -1.38416715e+00  -8.81088185e+00   4.62039888e+00 
 -4.88841527e+00  -7.74337230e+00   5.62464960e+00 
 -1.52143463e+00  -8.62802101e+00   9.81225681e+00 
 -2.75484194e+00  -5.05855383e+00   9.41709200e+00 
 -5.05779392e+00  -2.26404383e+00   1.44413200e+01 
  1.07376538e+01   7.85641969e+00   8.91054852e+00 
  4.28136272e+00  -6.16613952e+00   7.25027990e+00 
  6.06910710e+00  -3.66288592e+00   5.01277734e+00 
  8.62837752e+00  -6.28937476e+00   3.98715331e+00 
  5.98926559e+00  -8.88189267e+00   3.38360683e+00 
  4.15119013e+00  -6.16893178e+00   1.60243199e+00 
  6.94459459e+00  -5.35162941e+00  -7.78268425e-01 
  7.20892139e+00  -9.05377437e+00  -1.44322147e+00 
  3.52793203e+00  -9.22332043e+00  -2.40184301e+00 
  3.70298316e+00  -6.08466506e+00  -4.48066988e+00 
  6.74509583e+00  -7.30290154e+00  -6.29312165e+00 
  1.71723446e+00  -7.65737522e+00  -9.52211470e+00 
  3.97181186e-01  -4.89600844e+00  -1.17850141e+01 
  4.71242555e-01  -2.05411997e+00  -9.34055117e+00 

   4.172878590904e+00 

 -5.01769655e-01   1.78924892e-01  -1.78653230e+00 
 -5.54537862e-01   1.29106458e+00  -2.62695396e+00 
 -1.69093383e+00   2.21328117e+00  -2.88703329e+00 
 -1.68932438e+00   3.38519407e+00  -2.20401157e+00 
 -2.76034690e+00   3.40070533e+00  -1.30832322e+00 
 -3.96931448e+00   3.20482852e+00  -1.86733529e+00 
 -5.11061480e+00   3.95592666e+00  -1.82061116e+00 
 -3.93515871e+00   2.22314820e+00  -2.83673194e+00 
 -2.80296754e+00   2.01136520e+00  -3.62404901e+00 
  9.26336462e-01   1.10039657e+00  -3.46604088e+00 
  1.49797853e+00  -2.60448293e-01  -2.55853130e+00 
  7.13356349e-01  -2.54937515e-01  -1.39571025e+00 
  1.22421755e+00  -9.81126885e-01  -3.52458587e-01 
  2.60343517e+00  -1.15482501e+00  -3.82481489e-01 
  3.12566212e+00  -1.68716915e+00  -1.49648175e+00 
  2.66846960e+00  -1.00568267e+00  -2.57972602e+00 
  4.13451119e+00  -2.60476984e+00  -1.63817712e+00 
 -1.78166180e+00  -1.32269837e-01  -1.12991900e+00 
 -2.65716428e+00  -4.73062196e-01  -1.93817535e+00 
 -1.97801671e+00   3.58233832e-01   2.04029197e-01 
 -9.13943561e-01   1.65824811e-01   1.01222158e+00 
 -9.53108076e-01  -1.51871551e-01   2.36942779e+00 
 -2.08077701e+00   3.87661921e-01   2.99047994e+00 
 -1.96551977e+00   6.04225536e-01   4.31243384e+00 
 -2.25841428e+00  -5.87026037e-02   5.45619805e+00 
 -2.41068280e+00   9.74323632e-01   6.50775062e+00 
 -1.65478471e+00   8.97187189e-01   7.64933291e+00 
 -1.60384840e+00  -3.71129936e-01   8.25327820e+00 
 -4.10124601e-01  -2.57249332e-01   9.15238017e+00 
  3.17668708e-01   1.00979417e+00   8.79799247e+00 
 -3.44646523e-01   1.36912210e+00   7.50308613e+00 
 -3.17921324e+00   1.70884252e-01   2.22107806e+00 
 -3.17679443e+00   3.16125499e-01   8.22814206e-01 
  4.40310118e+00  -1.22440843e+01  -9.92469867e-01 
  6.96419420e-01  -1.16379051e+01  -7.58420370e-01 
 -1.08429366e+01  -8.85847665e+00  -5.25214448e-01 
 -8.36604478e+00  -6.92765817e+00  -2.66636349e+00 
 -8.12809982e+00  -4.20623650e+00  -2.81909818e-02 
 -7.55724929e+00  -6.73371743e+00   2.68951097e+00 
 -4.93210917e+00  -8.34976360e+00   4.83260763e-01 
 -3.24004593e+00  -4.98963258e+00  -1.43461853e-01 
 -3.64305138e+00  -3.75304388e+00   3.37031259e+00 
 -2.16781426e+00  -6.94116905e+00   4.79573738e+00 
  7.50738844e-01  -6.72562202e+00   2.42326029e+00 
  1.40843936e+00  -3.09437769e+00   3.39718656e+00 
  1.48588488e+00  -3.96547969e+00   7.04069154e+00 
  4.08248740e+00  -6.58415100e+00   6.68058095e+00 
  6.35038395e+00  -4.32794525e+00   4.63613972e+00 
  6.25388011e+00  -1.75434154e+00   7.36854940e+00 
  8.35595706e+00  -3.97573838e+00   9.66183094e+00 
  1.08890987e+01  -6.47597378e-01   6.30184912e+00 
  5.57312833e+00   1.12488622e+01   7.34007742e+00 
  7.27090288e+00   9.14740141e+00   4.69904938e+00 
  6.07205052e+00   5.52558824e+00   5.04200200e+00 
  3.46711574e+00   5.72639037e+00   2.32590038e+00 
  5.76108650e+00   7.48836440e+00  -1.74905166e-01 
  8.41930746e+00   4.82096140e+00   6.02184910e-01 
  6.02358745e+00   1.98506438e+00  -9.68651919e-03 
  4.83234634e+00   3.62789179e+00  -3.23716436e+00 
  8.30604876e+00   4.31455459e+00  -4.67064560e+00 
  9.09780008e+00   6.73070673e-01  -3.98631711e+00 
  5.93797584e+00  -5.35004807e-01  -5.75351143e+00 
  6.67984027e+00   1.69624830e+00  -8.80088406e+00 
  6.40281907e+00  -2.59018296e+00  -1.15204655e+01 
  1.44967091e+00  -2.83837483e+00  -1.06618632e+01 
  3.50896061e+00  -5.54728565e+00  -8.99616114e+00 
  2.26331748e+00  -5.37061944e+00  -5.43094627e+00 
  3.90833315e+00  -8.78475555e+00  -4.91076806e+00 
  2.08066503e+00  -1.33324272e+01  -6.81976947e+00 
 -4.39028399e-02  -1.01954481e+01  -7.11026606e+00 
 -1.24583423e+01  -6.47238203e-01  -5.18076252e+00 
 -1.17500769e+01   5.56202890e+00  -6.06846097e+00 
 -8.74890270e+00   3.30490934e+00  -6.44243170e+00 
 -7.21629101e+00   7.00905024e+00  -9.86743295e+00 
 -4.30101403e+00   6.01497497e+00  -7.49589269e+00 
 -3.41299185e+00   3.09006623e+00  -9.75070456e+00 
 -8.38834243e-01   7.73119661e+00  -1.09708839e+01 
  1.37893426e+00   4.87212094e+00  -9.81947869e+00 
  6.34110185e+00   3.54059626e+00  -1.32777552e+01 
  1.28554382e+01   9.09063306e+00   4.30831592e+00 
  2.73417535e-01   1.01857277e+01  -4.72306691e+00 
  9.86931023e-01   9.55930601e+00  -1.03969608e+00 
 -1.23084165e+00   1.24861650e+01  -3.21275382e-02 
 -3.97824825e+00   1.14343021e+01  -2.35498584e+00 
 -3.39067063e+00   8.00196909e+00  -1.01890775e+00 
 -3.87000279e+00   8.93951170e+00   2.59081254e+00 
 -7.02464953e+00   1.07046941e+01   1.51831849e+00 
 -8.35516953e+00   7.51796904e+00  -8.53908729e-02 
 -7.32088954e+00   5.36348540e+00   2.82867617e+00 
 -8.91620469e+00   7.69771263e+00   5.28425835e+00 
 -1.20630584e+01   2.69710808e+00   4.32368373e+00 
 -1.16674404e+01  -5.26013082e-01   6.30947755e+00 
 -7.95485339e+00  -9.48679735e-01   6.00082816e+00 

   4.172878590916e+00 

 -9.67488224e-01   1.17869284e-01  -7.03623745e-02 
 -1.06191565e+00   5.14947394e-01   1.26356424e+00 
 -8.91613742e-01  -2.99030844e-01   2.49561827e+00 
  3.17249195e-01  -2.28274786e-01   3.10680165e+00 
  9.57591208e-01  -1.46538557e+00   3.01137374e+00 
  2.59988332e-01  -2.50424493e+00   3.50794832e+00 
  5.90828533e-01  -3.43706274e+00   4.45097199e+00 
 -1.07876475e+00  -2.42827963e+00   3.18150967e+00 
 -1.73019545e+00  -1.20206723e+00   3.04506090e+00 
 -1.70836436e+00   2.08795262e+00   1.06066389e+00 
 -1.64021994e+00   2.11167269e+00  -6.70532436e-01 
 -7.53654562e-01   1.07442074e+00  -9.95994133e-01 
 -2.31693486e-01   1.13822115e+00  -2.26098043e+00 
 -2.07713732e-01   2.41162867e+00  -2.81880831e+00 
 -1.36956900e+00   3.07894127e+00  -2.86232966e+00 
 -1.94360548e+00   3.06672926e+00  -1.63058296e+00 
 -1.88424734e+00   3.87636521e+00  -3.85180746e+00 
 -7.26317513e-01  -1.32324390e+00  -2.46817969e-01 
 -1.67538454e+00  -2.01369667e+00   1.51263815e-01 
  6.29273999e-01  -1.74798912e+00  -4.48138664e-01 
  1.30606157e+00  -9.90597730e-01  -1.33738818e+00 
  2.25490601e+00  -1.44128605e+00  -2.25447476e+00 
  2.94819742e+00  -2.55237685e+00  -1.77150105e+00 
  4.17638987e+00  -2.73697411e+00  -2.28648967e+00 
  4.73251940e+00  -3.44443367e+00  -3.29825961e+00 
  6.15526372e+00  -3.64223173e+00  -2.93388859e+00 
  7.13979180e+00  -3.23709677e+00  -3.79824512e+00 
  6.95218238e+00  -3.60788560e+00  -5.14111186e+00 
  7.88567343e+00  -2.68758304e+00  -5.86772544e+00 
  8.36109528e+00  -1.64588545e+00  -4.89329577e+00 
  7.41352880e+00  -1.86463521e+00  -3.75363495e+00 
  2.07600933e+00  -3.43738097e+00  -1.22232929e+00 
  9.94823883e-01  -3.04679137e+00  -4.13181298e-01 
 -6.59737543e+00   1.95646574e+00  -1.20680031e+01 
 -6.45819081e+00  -1.47608762e+00  -1.05317977e+01 
 -5.94770714e+00  -1.18492976e+01  -4.78094844e+00 
 -6.40977968e+00  -8.56073781e+00  -2.93177672e+00 
 -2.70459521e+00  -8.44474580e+00  -2.10663322e+00 
 -1.77226730e+00  -9.12834046e+00  -5.67922291e+00 
 -4.21473608e+00  -6.42206510e+00  -6.71889875e+00 
 -2.71883608e+00  -3.96437629e+00  -4.21522373e+00 
  8.33514366e-01  -4.98694331e+00  -4.82623837e+00 
  4.25626544e-01  -4.62356487e+00  -8.57775622e+00 
 -1.12146972e+00  -1.21619605e+00  -8.14256521e+00 
  1.74385226e+00  -8.82826354e-02  -5.88761977e+00 
  4.30016960e+00  -1.12963038e+00  -8.42154590e+00 
  2.83862578e+00   8.68101822e-01  -1.11787944e+01 
  2.61316867e+00   4.00240355e+00  -9.04832946e+00 
  6.28075040e+00   3.74776955e+00  -8.28490463e+00 
  7.18813690e+00   4.68201208e+00  -1.18788318e+01 
  6.48496195e+00   8.62686565e+00  -8.31141220e+00 
  1.33049725e+01   5.82133242e+00   2.48116161e+00 
  1.01389373e+01   7.66243545e+00   1.55371064e+00 
  8.31565900e+00   5.68846013e+00  -1.17602781e+00 
  5.89848290e+00   3.96688203e+00   1.14703982e+00 
  5.02625700e+00   7.13969647e+00   3.09469306e+00 
  4.48866512e+00   8.89424152e+00  -2.84302813e-01 
  2.17791940e+00   6.19871279e+00  -1.52959474e+00 
  2.73232773e-01   6.24293645e+00   1.77264141e+00 
 -1.78344595e-01   1.00320337e+01   1.95097486e+00 
 -1.52111672e+00   9.84556483e+00  -1.58707165e+00 
 -3.97969343e+00   7.06371660e+00  -7.01841549e-01 
 -5.21085942e+00   9.00914815e+00   2.38277506e+00 
 -9.84452101e+00   8.55108927e+00   3.41765665e-01 
 -9.78467083e+00   3.60402839e+00   1.26668749e+00 
 -9.66972205e+00   4.55702427e+00  -2.39828466e+00 
 -6.74292232e+00   2.50507578e+00  -3.62992815e+00 
 -8.00842966e+00   3.21343635e+00  -7.16966031e+00 
 -1.22740051e+01   1.02966764e+00  -9.33806872e+00 
 -1.10196034e+01  -2.47915636e-01  -5.98649115e+00 
 -5.48633648e+00  -1.04714301e+01   4.68460590e+00 
 -2.75000464e+00  -8.28202450e+00   9.93471422e+00 
 -3.98287455e+00  -5.82353046e+00   7.35066154e+00 
 -4.63864752e+00  -2.72814300e+00   1.15683304e+01 
 -2.90944997e+00  -7.90645142e-01   8.67571792e+00 
 -6.29017991e+00   1.56563324e-02   7.14327084e+00 
 -4.49360195e+00   3.72481939e+00   1.07027137e+01 
 -4.87132989e+00   4.92782221e+00   7.12100309e+00 
 -7.95355889e+00   1.02199968e+01   6.19986600e+00 
  1.03665146e+01   1.30221548e+01  -4.77096622e-02 
  2.15377661e+00   3.68619811e+00   9.25084933e+00 
  4.94356164e+00   3.28602741e+00   6.69630648e+00 
  7.15095700e+00   1.54429944e+00   9.26418552e+00 
  4.35960493e+00  -6.73419542e-01   1.04219443e+01 
  3.65115658e+00  -1.17593773e+00   6.79470865e+00 
  7.11147952e+00  -2.35741963e+00   5.91772985e+00 
  6.85802742e+00  -4.69287298e+00   8.86719220e+00 
  3.64292263e+00  -6.20202045e+00   7.49498270e+00 
  4.99088223e+00  -6.42074219e+00   3.98236441e+00 
  8.14107671e+00  -8.06915209e+00   5.15818352e+00 
  4.27725884e+00  -1.18353759e+01   2.56629093e+00 
  4.20275420e+00  -1.26418806e+01  -1.15290253e+00 
  4.10271582e+00  -9.14642055e+00  -2.50529504e+00 

   4.172878590901e+00 

  3.06043237e-01  -7.49963967e-01   1.38732178e+00 
  5.54406878e-01  -1.41271111e+00   2.58941557e+00 
  2.95606973e-01  -9.55453969e-01   3.97990433e+00 
 -8.37535874e-01  -1.41384466e+00   4.56792337e+00 
 -1.71692533e+00  -3.48668596e-01   4.77203514e+00 
 -1.21404733e+00   6.71032377e-01   5.49299872e+00 
 -1.67023527e+00   1.27394905e+00   6.63198160e+00 
  9.18417082e-02   9.51849567e-01   5.14602861e+00 
  9.66592124e-01  -4.76815609e-02   4.71903177e+00 
  1.48988207e+00  -2.72792207e+00   2.01625225e+00 
  1.32865515e+00  -2.36915863e+00   3.28786190e-01 
  2.35242283e-01  -1.49273014e+00   2.64470363e-01 
 -3.35085834e-01  -1.37299704e+00  -9.75325599e-01 
 -1.35673414e-01  -2.46164831e+00  -1.81698276e+00 
  1.13178373e+00  -2.84467645e+00  -2.02662459e+00 
  1.76146429e+00  -2.99504726e+00  -8.31736323e-01 
  1.73801678e+00  -3.26996900e+00  -3.18051054e+00 
 -2.28402609e-01   6.10780148e-01   1.55717521e+00 
  5.84510825e-01   1.37393274e+00   2.09818558e+00 
 -1.65084788e+00   7.78743291e-01   1.47348101e+00 
 -2.21223103e+00   1.20776441e-01   4.36959703e-01 
 -3.28310129e+00   5.61544902e-01  -3.39850162e-01 
 -4.15587251e+00   1.36371433e+00   3.97193911e-01 
 -5.42364147e+00   1.40144012e+00  -4.89952719e-02 
 -6.16722812e+00   2.18974014e+00  -8.60856986e-01 
 -7.57747604e+00   1.99865679e+00  -4.47602031e-01 
 -8.50893080e+00   1.60600725e+00  -1.37429532e+00 
 -8.47668980e+00   2.30446355e+00  -2.59375916e+00 
 -9.24721328e+00   1.40100197e+00  -3.50829751e+00 
 -9.44781587e+00   8.87635382e-02  -2.80227920e+00 
 -8.49941296e+00   2.33564411e-01  -1.65157285e+00 
 -3.44842389e+00   2.26138952e+00   1.13151651e+00 
 -2.26633437e+00   1.92996798e+00   1.81640102e+00 
  5.49220240e+00   1.41344475e+00  -1.07552836e+01 
  4.75718361e+00   4.29814108e+00  -8.45311148e+00 
  2.51164595e+00   1.27438045e+01  -4.17896743e-01 
  3.72788461e+00   9.28982156e+00   6.01091965e-01 
  1.74458254e-01   8.22023974e+00   1.40847274e+00 
 -1.07922686e+00   9.49261425e+00  -1.89444579e+00 
  1.79172171e+00   7.66435836e+00  -3.56346962e+00 
  9.64151146e-01   4.44376851e+00  -1.69551145e+00 
 -2.75006802e+00   4.81692566e+00  -2.01723434e+00 
 -2.49362455e+00   5.41322499e+00  -5.75233359e+00 
 -2.73485713e-01   2.39498379e+00  -6.14509808e+00 
 -2.72088942e+00   2.11058677e-01  -4.19375908e+00 
 -5.57498590e+00   1.24857039e+00  -6.38867316e+00 
 -3.90382042e+00   2.82521842e-01  -9.55149150e+00 
 -2.93374757e+00  -3.13823434e+00  -8.22072294e+00 
 -6.52811654e+00  -3.83340249e+00  -7.38641806e+00 
 -7.43482317e+00  -4.08964292e+00  -1.10911037e+01 
 -5.75282913e+00  -8.51019358e+00  -8.55882507e+00 
 -1.23656983e+01  -9.72624597e+00   2.65074172e+00 
 -8.95376512e+00  -1.06067824e+01   1.28803399e+00 
 -7.72214633e+00  -7.72649165e+00  -9.16378480e-01 
 -5.56923504e+00  -6.11703785e+00   1.72518283e+00 
 -3.96934792e+00  -9.39811651e+00   2.86350031e+00 
 -3.28623026e+00  -1.01830381e+01  -8.38160775e-01 
 -1.63707833e+00  -6.85422264e+00  -1.43436400e+00 
  4.24175432e-01  -7.25447518e+00   1.74770786e+00 
  1.63447023e+00  -1.08049786e+01   1.02514643e+00 
  2.70750562e+00  -9.54002776e+00  -2.38132907e+00 
  4.60620590e+00  -6.58509018e+00  -8.87946173e-01 
  6.37673840e+00  -8.88391701e+00   1.64107400e+00 
  1.07000719e+01  -7.01809294e+00  -2.75653742e-01 
  9.70445127e+00  -2.53683920e+00   1.78822085e+00 
  9.57249294e+00  -2.62984082e+00  -1.99693079e+00 
  6.22847865e+00  -1.00575586e+00  -2.68505241e+00 
  7.40494472e+00  -6.07538955e-01  -6.30310965e+00 
  1.10155512e+01   2.85209254e+00  -7.93419677e+00 
  9.72522334e+00   3.04054165e+00  -4.36511346e+00 
  2.87922971e+00   9.17493776e+00   8.46107691e+00 
  9.42286170e-01   5.32403460e+00   1.30723068e+01 
  2.49194685e+00   3.83263253e+00   9.97137771e+00 
  3.99486489e+00   6.15718286e-02   1.33359773e+01 
  2.52539430e+00  -1.48000796e+00   1.00839907e+01 
  5.90549260e+00  -1.19349998e+00   8.37498527e+00 
  5.09488680e+00  -5.90807226e+00   1.09770887e+01 
  5.49962333e+00  -6.15538228e+00   7.20965317e+00 
  9.52067639e+00  -1.03370086e+01   5.04150295e+00 
 -8.19549241e+00  -1.53857461e+01  -1.52789548e+00 
 -1.49783725e+00  -6.92245435e+00   9.63393504e+00 
 -4.45313696e+00  -6.53860382e+00   7.27012694e+00 
 -6.81343387e+00  -5.92792442e+00   1.01952393e+01 
 -4.46070582e+00  -3.50254956e+00   1.18177549e+01 
 -4.07646642e+00  -2.04859081e+00   8.40460004e+00 
 -7.74774061e+00  -1.44439011e+00   7.86098857e+00 
 -7.79806209e+00   1.55699223e-01   1.12749438e+01 
 -5.03419979e+00   2.57330291e+00   1.02681462e+01 
 -6.59792334e+00   3.30338929e+00   6.91776352e+00 
 -9.94154608e+00   3.94721551e+00   8.47635447e+00 
 -7.06491501e+00   8.92504642e+00   6.80973195e+00 
 -7.36684435e+00   1.05572521e+01   3.38436422e+00 
 -6.64697735e+00   7.56259101e+00   1.24637201e+00 

   4.172878590912e+00 

 -8.49732144e-01   4.45786370e-01   3.76058286e-01 
 -1.20746990e+00  -7.95111207e-01  -1.51335927e-01 
 -1.24914072e+00  -2.11998555e+00   5.21339329e-01 
 -1.80843324e-01  -2.93280315e+00   3.26482101e-01 
  5.03415672e-01  -3.09553524e+00   1.53267254e+00 
 -2.43669973e-01  -3.56648643e+00   2.54880878e+00 
 -6.93566843e-02  -4.65207350e+00   3.36122095e+00 
 -1.49791194e+00  -2.99135366e+00   2.57511716e+00 
 -2.14874963e+00  -2.60137076e+00   1.40426247e+00 
 -1.85139743e+00  -3.02677247e-01  -1.66006918e+00 
 -1.45695685e+00   1.37768996e+00  -1.50831374e+00 
 -4.93534822e-01   1.41614150e+00  -4.89415025e-01 
  2.56642229e-01   2.56168943e+00  -4.48689762e-01 
  3.47106404e-01   3.24324942e+00  -1.65724505e+00 
 -8.05222768e-01   3.57500665e+00  -2.25656339e+00 
 -1.60177631e+00   2.47728529e+00  -2.34245418e+00 
 -1.14701148e+00   4.72497535e+00  -2.92033860e+00 
 -5.35623091e-01   4.13463106e-01   1.81355535e+00 
 -1.52144325e+00   1.23926385e-01   2.50655567e+00 
  8.45864348e-01   3.11810231e-01   2.18735480e+00 
  1.65557297e+00   1.13878869e+00   1.49242573e+00 
  2.77440939e+00   1.80847461e+00   1.98659107e+00 
  3.39710425e+00   1.08516521e+00   3.00517537e+00 
  4.70571911e+00   1.34003107e+00   3.17929228e+00 
  5.46494125e+00   2.14640674e+00   3.95826435e+00 
  6.79813449e+00   1.50515760e+00   4.04479185e+00 
  7.91588046e+00   2.21173434e+00   3.68156278e+00 
  7.99772580e+00   3.51651780e+00   4.19810340e+00 
  9.02354731e+00   4.15523162e+00   3.31150059e+00 
  9.27355394e+00   3.23134790e+00   2.15192803e+00 
  8.13418870e+00   2.26980201e+00   2.29970085e+00 
  2.46401589e+00   6.12270424e-01   3.87192251e+00 
  1.23760454e+00   6.58187086e-02   3.45533107e+00 
 -4.15576671e+00   1.34072247e+01   7.48908343e-02 
 -4.20576147e+00   1.15005068e+01   3.31890830e+00 
 -4.47884405e+00   4.63946844e+00   1.30033249e+01 
 -5.38330504e+00   3.28449622e+00   9.56914767e+00 
 -1.90711797e+00   1.80541806e+00   9.18035573e+00 
 -2.93818885e-01   5.04517135e+00   1.01809550e+01 
 -2.57622342e+00   6.81307906e+00   7.72420146e+00 
 -1.65793175e+00   4.36417127e+00   4.94824562e+00 
  1.97534356e+00   4.18931266e+00   5.84652780e+00 
  2.27536806e+00   7.96820939e+00   5.89372241e+00 
  5.70595000e-01   8.20801556e+00   2.54270731e+00 
  2.92054898e+00   5.60073604e+00   1.04375852e+00 
  5.94155278e+00   7.48582692e+00   2.20991181e+00 
  4.96913185e+00   1.06704619e+01   5.84500591e-01 
  4.24824518e+00   8.97988556e+00  -2.73752189e+00 
  7.71054090e+00   7.52689977e+00  -2.74986594e+00 
  9.25405033e+00   1.09716676e+01  -3.35287919e+00 
  7.76711980e+00   8.05647993e+00  -7.60417613e+00 
  1.24991378e+01  -4.05607294e+00  -6.27855199e+00 
  9.51175296e+00  -2.35974758e+00  -7.85068984e+00 
  8.30028935e+00   4.24214107e-01  -5.51524397e+00 
  5.54011605e+00  -1.58741641e+00  -3.92213359e+00 
  4.21799437e+00  -2.97542469e+00  -7.23065439e+00 
  4.27764465e+00   6.18164928e-01  -8.59725673e+00 
  2.32830640e+00   1.96290398e+00  -5.67357238e+00 
 -1.68473234e-01  -9.03735975e-01  -5.96169961e+00 
 -7.61062580e-01  -5.73676287e-01  -9.72107206e+00 
 -1.40222147e+00   3.10891771e+00  -9.10220417e+00 
 -3.89801792e+00   2.39119595e+00  -6.30527964e+00 
 -5.75055384e+00  -1.76696107e-01  -8.49374353e+00 
 -9.89692886e+00   2.62357197e+00  -7.59239459e+00 
 -9.86265624e+00   1.16031894e+00  -2.77677523e+00 
 -9.08393016e+00   4.82331244e+00  -3.35079575e+00 
 -5.91546255e+00   5.25605693e+00  -1.33408059e+00 
 -6.50777607e+00   9.02530132e+00  -1.60784825e+00 
 -1.02161094e+01   1.16902527e+01   1.00218478e+00 
 -9.58164833e+00   8.04360420e+00   1.86138715e+00 
 -5.86306432e+00  -4.53531525e+00   1.06336458e+01 
 -4.24006004e+00  -9.92539515e+00   7.77750467e+00 
 -5.03496544e+00  -6.90108611e+00   5.66488316e+00 
 -6.57276751e+00  -1.05542437e+01   2.18784469e+00 
 -4.38634763e+00  -7.83511241e+00   4.74041301e-01 
 -7.43813276e+00  -5.62314822e+00   3.21971953e-03 
 -6.46314919e+00  -9.01971025e+00  -4.14020755e+00 
 -6.19134333e+00  -5.31901277e+00  -4.94612594e+00 
 -9.20296883e+00  -3.26134680e+00  -9.95130966e+00 
  9.87525159e+00  -2.43392232e-01  -1.30209741e+01 
  3.36960685e-01  -8.83760998e+00  -4.28983550e+00 
  3.57143311e+00  -6.90446854e+00  -3.77033707e+00 
  5.30391864e+00  -1.00139345e+01  -2.41758846e+00 
  2.41265165e+00  -1.08735075e+01  -1.92270795e-01 
  2.42056169e+00  -7.25639552e+00   7.17509744e-01 
  6.01880635e+00  -7.17215658e+00   1.80579521e+00 
  5.28201624e+00  -1.02643025e+01   3.83401672e+00 
  2.43302892e+00  -8.49646031e+00   5.63828641e+00 
  4.42866585e+00  -5.34065153e+00   6.14978013e+00 
  7.34752756e+00  -7.25516516e+00   7.50566173e+00 
  4.16205670e+00  -4.42676720e+00   1.17109415e+01 
  4.81881966e+00  -8.71024722e-01   1.28999573e+01 
  4.87045593e+00   8.55947795e-01   9.57247869e+00 

   4.172878590908e+00 

  2.53419646e-01   1.20818788e+00   3.11179790e-01 
  1.21011566e+00   8.32334816e-01   1.25426778e+00 
  2.13511314e+00  -3.31080100e-01   1.23514028e+00 
  1.75944010e+00  -1.41632644e+00   1.95695139e+00 
  1.48690205e+00  -2.47698766e+00   1.09074803e+00 
  2.49828962e+00  -2.80990710e+00   2.66900541e-01 
  3.12860007e+00  -4.00508052e+00   5.91334453e-02 
  3.14010539e+00  -1.69653262e+00  -2.36152659e-01 
  3.25418016e+00  -5.20256927e-01   5.05426412e-01 
  1.21024791e+00   2.22612040e+00   2.24964291e+00 
 -9.23297621e-02   3.04355789e+00   1.45131065e+00 
 -7.31399331e-01   2.03677639e+00   7.12530435e-01 
 -2.00609111e+00   2.33775877e+00   3.10940266e-01 
 -2.65539017e+00   3.28683134e+00   1.09259599e+00 
 -2.03328256e+00   4.46165407e+00   1.26545874e+00 
 -7.57260893e-01   4.24047559e+00   1.67742443e+00 
 -2.55034215e+00   5.73136279e+00   1.28374051e+00 
  2.24918641e-01   3.48456140e-01  -8.83037994e-01 
  1.26970656e+00   4.24310129e-01  -1.54529681e+00 
 -7.47175997e-01  -7.06282483e-01  -9.16583907e-01 
 -1.97813407e+00  -3.18949147e-01  -5.20146080e-01 
 -3.19262712e+00  -7.58944037e-01  -1.04539331e+00 
 -3.10455548e+00  -2.07157283e+00  -1.51196420e+00 
 -4.26209848e+00  -2.75501874e+00  -1.53920457e+00 
 -5.23722321e+00  -3.02041128e+00  -2.44040157e+00 
 -5.88556625e+00  -4.27575929e+00  -1.99336200e+00 
 -7.23998304e+00  -4.30143490e+00  -1.78020002e+00 
 -8.02002030e+00  -3.71485274e+00  -2.79185015e+00 
 -9.33364416e+00  -3.49384814e+00  -2.10491569e+00 
 -9.13294391e+00  -3.73115552e+00  -6.33835276e-01 
 -7.63751121e+00  -3.76480659e+00  -5.49519663e-01 
 -1.96655021e+00  -2.22794296e+00  -2.23724094e+00 
 -7.31183853e-01  -1.67738924e+00  -1.85383091e+00 
 -5.01092772e+00   1.19375118e+01  -5.70444196e+00 
 -3.37291697e+00   9.22442540e+00  -7.73367950e+00 
  2.31949742e+00   4.19409787e-01  -1.33018447e+01 
  3.37261052e+00   1.61014159e+00  -9.84921050e+00 
  1.48078923e+00  -1.25569750e+00  -8.22727143e+00 
 -1.60255744e+00  -5.05555517e-01  -1.02348058e+01 
 -1.21600576e+00   3.13775803e+00  -9.26148673e+00 
 -8.43632600e-01   2.22241089e+00  -5.57776340e+00 
 -3.46773369e+00  -4.51414465e-01  -5.63186794e+00 
 -5.97661899e+00   1.86765027e+00  -7.27495523e+00 
 -5.24550901e+00   4.55680479e+00  -4.73980503e+00 
 -5.72556518e+00   2.10935602e+00  -1.85076050e+00 
 -9.07446369e+00   1.04883255e+00  -3.15464463e+00 
 -1.04566109e+01   4.48381986e+00  -3.29604864e+00 
 -9.32971760e+00   5.29141809e+00   2.38276734e-01 
 -1.11743296e+01   2.28034894e+00   1.51486624e+00 
 -1.45482224e+01   3.93612266e+00   8.16487547e-01 
 -1.22093082e+01   4.80267481e+00   5.56636910e+00 
 -8.43550548e+00  -6.66961504e+00   1.05671880e+01 
 -7.32975267e+00  -3.05833619e+00   1.06650703e+01 
 -7.73488146e+00  -1.54636722e+00   7.16904189e+00 
 -4.13307833e+00  -1.97666050e+00   6.14675201e+00 
 -2.71461163e+00  -6.17852363e-01   9.42737319e+00 
 -5.11834165e+00   2.36154907e+00   9.06640841e+00 
 -3.99432514e+00   3.08414344e+00   5.54921959e+00 
 -3.43649081e-01   2.78201279e+00   6.60554898e+00 
 -5.97006474e-01   5.05858723e+00   9.66267207e+00 
 -2.22951126e+00   7.61091309e+00   7.38755854e+00 
  5.50452555e-01   7.34006884e+00   4.78652877e+00 
  3.25217623e+00   7.71821818e+00   7.50186033e+00 
  4.94419871e+00   1.16283274e+01   4.72797088e+00 
  6.46574053e+00   8.44767175e+00   1.13620059e+00 
  3.56490476e+00   1.06881906e+01   1.77731707e-01 
  1.09394009e+00   8.18668379e+00  -1.21165393e+00 
 -7.52601577e-01   1.11729330e+01  -2.73006992e+00 
  9.13199478e-01   1.39582899e+01  -6.86925680e+00 
  2.73360520e+00   1.07631180e+01  -5.91227485e+00 
  8.61417321e+00  -3.79966172e+00  -7.44654003e+00 
  1.01963099e+01  -7.05536341e+00  -2.27528328e+00 
  8.70410394e+00  -3.61113495e+00  -1.88528191e+00 
  1.16352140e+01  -3.55758094e+00   2.49717376e+00 
  8.04055789e+00  -2.26161980e+00   3.21142927e+00 
  9.03806042e+00   1.23156171e+00   2.10214000e+00 
  9.74857438e+00   2.71790992e-01   7.41525831e+00 
  7.19109732e+00   2.94259471e+00   6.55231956e+00 
  7.62332091e+00   8.36693255e+00   9.50959587e+00 
 -9.60676063e+00   4.83106022e-01   1.43551045e+01 
  4.27686387e+00  -3.56232102e+00   8.70250828e+00 
  6.41915244e-01  -4.42367051e+00   7.98560395e+00 
  1.34402654e+00  -8.13453376e+00   8.47217049e+00 
  4.44117293e+00  -8.00651381e+00   6.36465433e+00 
  2.37857449e+00  -6.01386736e+00   3.98005587e+00 
 -3.48055820e-01  -8.58054691e+00   3.63877983e+00 
  2.37648295e+00  -1.11254327e+01   3.07455170e+00 
  3.79713390e+00  -9.08062574e+00   1.93944243e-01 
  3.96508298e-01  -8.39067248e+00  -1.27678061e+00 
 -5.53687811e-01  -1.20086556e+01  -1.10112048e+00 
  8.23348052e-01  -1.01476821e+01  -6.62126429e+00 
 -1.67326972e+00  -8.70654764e+00  -9.10690941e+00 
 -3.21566947e+00  -6.07632698e+00  -6.92513116e+00 

   4.172878590904e+00 

 -2.22208270e-01  -4.92947227e-01  -2.33616687e+00 
  4.61168813e-01  -1.56885351e+00  -1.76927253e+00 
  1.87258037e+00  -1.64187713e+00  -1.30872347e+00 
  2.08526663e+00  -1.48363892e+00   2.15495694e-02 
  2.78269219e+00  -2.94052439e-01   2.40796150e-01 
  3.95171319e+00  -1.92765551e-01  -4.19200597e-01 
  5.21790394e+00   5.40233202e-02   3.32971358e-02 
  3.85758695e+00  -6.73221857e-01  -1.70950860e+00 
  3.00506010e+00  -1.72792490e+00  -2.03719216e+00 
 -6.78994461e-01  -2.81892311e+00  -2.03528685e+00 
 -1.93104667e+00  -1.81389922e+00  -2.68685365e+00 
 -1.56963544e+00  -5.15398888e-01  -2.29814563e+00 
 -2.58352062e+00   4.04471451e-01  -2.34893531e+00 
 -3.86275466e+00  -1.30864186e-01  -2.24749714e+00 
 -4.19060344e+00  -1.09358075e+00  -3.12088128e+00 
 -3.22856580e+00  -2.05344253e+00  -3.11689545e+00 
 -5.37000688e+00  -1.30632508e+00  -3.78690863e+00 
  6.15471358e-01   6.98074446e-01  -2.55033341e+00 
  1.50936678e+00   5.03319244e-01  -3.38636197e+00 
  5.74711292e-01   1.72501999e+00  -1.54918989e+00 
 -6.74758375e-01   2.02993732e+00  -1.13894752e+00 
 -1.14685991e+00   3.29675354e+00  -7.97230752e-01 
 -1.34487984e-01   4.09434885e+00  -2.61148503e-01 
 -5.45445151e-01   5.07887991e+00   5.57117305e-01 
 -8.51378203e-01   6.39376441e+00   4.52517075e-01 
 -6.58014063e-01   6.97393409e+00   1.80237083e+00 
 -1.68978689e+00   7.64546279e+00   2.40655303e+00 
 -2.35773698e+00   8.57895303e+00   1.59512750e+00 
 -3.64106907e+00   8.79819948e+00   2.33763635e+00 
 -3.73885541e+00   7.75179025e+00   3.41287518e+00 
 -2.64627253e+00   6.81319735e+00   3.00072656e+00 
  9.90086610e-01   3.98075258e+00  -1.01478094e+00 
  1.44605996e+00   2.75564585e+00  -1.53193129e+00 
 -9.19309483e+00   2.52907883e+00  -1.17918531e+01 
 -5.75065439e+00   4.04720999e+00  -1.18731160e+01 
  5.42466691e+00   8.04259134e+00  -1.15807688e+01 
  4.52500098e+00   4.53826851e+00  -1.04154813e+01 
  4.50439061e+00   5.69109535e+00  -6.79701845e+00 
  2.31515764e+00   8.62686812e+00  -7.62673607e+00 
  5.28953567e-02   6.25945003e+00  -9.53671167e+00 
 -8.58533614e-02   3.84566146e+00  -6.58701453e+00 
 -3.14350587e-01   6.52301655e+00  -3.97593533e+00 
 -3.16467042e+00   8.23350751e+00  -5.79862566e+00 
 -4.99420329e+00   4.95806827e+00  -6.14121520e+00 
 -4.58324898e+00   4.21967077e+00  -2.41926364e+00 
 -6.01946071e+00   7.55129794e+00  -1.48251325e+00 
 -9.14689995e+00   7.09833958e+00  -3.41730425e+00 
 -9.77417183e+00   3.64678920e+00  -1.96579155e+00 
 -9.57680828e+00   5.06946199e+00   1.50348236e+00 
 -1.28966533e+01   6.90662423e+00   1.03879339e+00 
 -1.29992978e+01   1.86308588e+00   2.86498944e+00 
 -4.38154276e+00   7.34252931e-01   1.26283518e+01 
 -5.86343169e+00  -1.44208530e+00   9.91889390e+00 
 -6.17299002e+00   6.21756100e-01   6.70686549e+00 
 -2.99473478e+00  -6.47895801e-01   5.12892621e+00 
 -3.68651302e+00  -4.31843887e+00   5.94711879e+00 
 -7.21690126e+00  -3.82588564e+00   4.50531552e+00 
 -5.90708475e+00  -2.34458046e+00   1.30433307e+00 
 -3.32936133e+00  -5.13834877e+00   1.01321275e+00 
 -5.75997832e+00  -8.02266546e+00   1.61802759e+00 
 -7.94640300e+00  -6.49040157e+00  -1.07033534e+00 
 -5.04715639e+00  -6.23653307e+00  -3.53951156e+00 
 -4.03396710e+00  -9.88813090e+00  -2.86526089e+00 
 -4.50631242e+00  -1.05402039e+01  -7.88502659e+00 
 -4.37972137e-01  -7.67991429e+00  -8.65950990e+00 
 -3.70887589e+00  -6.17919052e+00  -9.84376160e+00 
 -3.57629050e+00  -2.73510144e+00  -8.28997062e+00 
 -6.39379114e+00  -1.77440154e+00  -1.06924138e+01 
 -5.81483863e+00  -1.01176539e+00  -1.58643742e+01 
 -2.73528937e+00  -1.48319841e+00  -1.36888416e+01 
  1.11095728e+01   1.90648064e+00  -6.91835622e+00 
  1.29256844e+01  -1.32500553e+00  -1.80916038e+00 
  9.56981175e+00  -2.08495254e+00  -3.35902776e+00 
  1.05085091e+01  -6.90125453e+00  -1.42970809e+00 
  6.87499806e+00  -5.76897668e+00  -6.38017909e-01 
  5.71082600e+00  -6.99494894e+00  -4.03942152e+00 
  5.41154072e+00  -1.07245349e+01  -8.26762892e-02 
  2.09644791e+00  -9.66780260e+00  -1.60320949e+00 
 -1.77989234e+00  -1.41542746e+01  -3.39242636e+00 
 -1.07369883e+01  -4.06385169e+00   1.07660757e+01 
  3.46867373e+00  -6.81212003e+00   5.13415425e+00 
  1.54130551e+00  -3.79705981e+00   6.42387898e+00 
  4.25193564e+00  -3.06688998e+00   8.99672753e+00 
  7.00110902e+00  -3.50516415e+00   6.48668955e+00 
  4.88029611e+00  -1.41552215e+00   4.24017872e+00 
  4.58640095e+00   1.47957444e+00   6.62153704e+00 
  8.32643633e+00   1.26366840e+00   7.04982244e+00 
  8.85384612e+00   1.59560557e+00   3.29362218e+00 
  6.32667617e+00   4.37228433e+00   2.96683675e+00 
  7.85341435e+00   6.26839741e+00   5.81242223e+00 
  9.17012808e+00   8.53316617e+00   4.30180594e-01 
  7.10467633e+00   1.11733976e+01  -1.37300754e+00 
  3.74335263e+00   9.52542237e+00  -1.16589781e+00 

   4.172878590911e+00 

 -6.89384748e-01  -2.07994942e+00   7.59193513e-01 
 -1.51715232e+00  -2.88210755e+00  -2.64851319e-02 
 -2.92037611e+00  -2.64142892e+00  -4.53752333e-01 
 -3.09690783e+00  -2.14434742e+00  -1.70341135e+00 
 -3.61228799e+00  -8.49465391e-01  -1.61825679e+00 
 -4.75955986e+00  -7.40929116e-01  -9.22230945e-01 
 -5.97271150e+00  -2.15578985e-01  -1.27032330e+00 
 -4.74681123e+00  -1.52126194e+00   2.15974177e-01 
 -4.05927312e+00  -2.73434994e+00   2.63785452e-01 
 -5.72917165e-01  -4.30952433e+00  -9.21449781e-02 
  8.06480922e-01  -3.67687818e+00   7.44076763e-01 
  6.40750635e-01  -2.28532982e+00   6.81293421e-01 
  1.77706876e+00  -1.55837383e+00   9.20082658e-01 
  2.96574373e+00  -2.23190488e+00   6.61777738e-01 
  3.14308020e+00  -3.41056132e+00   1.27531552e+00 
  2.05186418e+00  -4.19443732e+00   1.07122495e+00 
  4.27356445e+00  -3.94126962e+00   1.84117692e+00 
 -1.34686948e+00  -8.66111240e-01   1.26950497e+00 
 -2.26639628e+00  -1.12307757e+00   2.05967022e+00 
 -1.14914215e+00   3.51742179e-01   5.37177287e-01 
  1.34689540e-01   5.63014920e-01   1.77194165e-01 
  7.88612168e-01   1.79373940e+00   1.30546599e-01 
 -9.27149674e-02   2.83188751e+00  -1.75966605e-01 
  4.63608466e-01   3.91276376e+00  -7.50385364e-01 
  9.56457134e-01   5.10791736e+00  -3.47687536e-01 
  8.60501388e-01   6.01235954e+00  -1.51767409e+00 
  1.98380470e+00   6.65297282e+00  -1.97412384e+00 
  2.77361506e+00   7.26264472e+00  -9.83935716e-01 
  4.08122524e+00   7.46531131e+00  -1.68779046e+00 
  4.03475794e+00   6.69994020e+00  -2.98112755e+00 
  2.81406591e+00   5.85677822e+00  -2.77244284e+00 
 -1.22799951e+00   2.70540947e+00   5.59333537e-01 
 -1.86134366e+00   1.47097643e+00   7.85813010e-01 
  8.54757530e+00  -2.69526032e+00   1.04193908e+01 
  5.36166619e+00  -7.62929039e-01   1.09464592e+01 
 -5.11185603e+00   4.74494620e+00   1.18977675e+01 
 -4.72133134e+00   1.52396878e+00   9.91777580e+00 
 -4.50380197e+00   3.48461210e+00   6.67258449e+00 
 -1.91815503e+00   5.79657120e+00   8.11105904e+00 
 -3.95670208e-02   2.74602395e+00   9.35024201e+00 
 -2.28802330e-01   1.10394066e+00   5.91307861e+00 
  4.07632218e-01   4.26175813e+00   3.99962212e+00 
  3.46118082e+00   5.06676337e+00   6.09726605e+00 
  4.79257086e+00   1.57613037e+00   5.61152723e+00 
  4.30921618e+00   1.80544467e+00   1.83252989e+00 
  6.22184355e+00   5.02330699e+00   1.66771566e+00 
  9.23433306e+00   3.68298054e+00   3.35824683e+00 
  9.36537547e+00   6.19379801e-01   1.11977914e+00 
  9.40523212e+00   2.83526620e+00  -1.91123894e+00 
  1.29528403e+01   4.01595966e+00  -1.11568205e+00 
  1.23366226e+01  -4.13944233e-01  -4.07862558e+00 
  3.72660382e+00   2.04304023e+00  -1.36019661e+01 
  4.85433319e+00  -9.01269464e-01  -1.15204109e+01 
  5.43411309e+00   2.78319006e-01  -7.92251976e+00 
  2.09229727e+00  -8.60260237e-01  -6.60376312e+00 
  2.25015371e+00  -4.29331658e+00  -8.28009487e+00 
  5.80270923e+00  -4.66604036e+00  -6.85690385e+00 
  4.69580884e+00  -3.81197760e+00  -3.36383625e+00 
  1.73725180e+00  -6.19692713e+00  -3.66962451e+00 
  3.72791530e+00  -9.17364202e+00  -4.99981624e+00 
  6.09164762e+00  -8.64963811e+00  -2.08540890e+00 
  3.23990717e+00  -8.57472239e+00   4.50113802e-01 
  1.71251595e+00  -1.17796576e+01  -1.03676189e+00 
  2.04396224e+00  -1.36609603e+01   3.67462864e+00 
 -1.57187432e+00  -1.05131278e+01   5.20738773e+00 
  1.87253826e+00  -9.81892230e+00   6.62426316e+00 
  2.25446159e+00  -6.12259595e+00   5.92791483e+00 
  5.16185808e+00  -6.17057433e+00   8.41341902e+00 
  4.65748074e+00  -6.57784512e+00   1.36331612e+01 
  1.56004693e+00  -6.07582314e+00   1.14901044e+01 
 -1.15895116e+01   7.63826386e-01   6.07550308e+00 
 -1.38139001e+01  -8.73726535e-01   3.99662792e-01 
 -1.06168540e+01  -2.45074320e+00   1.63796984e+00 
 -1.22294714e+01  -6.48887800e+00  -1.34416437e+00 
 -8.46364667e+00  -5.73338874e+00  -1.94335475e+00 
 -7.51785193e+00  -7.88252174e+00   1.04236974e+00 
 -7.73116828e+00  -1.05739741e+01  -3.68687928e+00 
 -4.31029678e+00  -1.03923090e+01  -2.04883757e+00 
 -1.14168127e+00  -1.56817531e+01  -1.46797784e+00 
  9.30206456e+00  -3.91789215e+00  -1.30890420e+01 
 -5.19782498e+00  -5.85831299e+00  -7.88708822e+00 
 -2.84236768e+00  -2.93149256e+00  -8.48229353e+00 
 -5.39698172e+00  -1.23350761e+00  -1.07386196e+01 
 -8.20113701e+00  -1.85490770e+00  -8.33011300e+00 
 -5.81772011e+00  -6.81363792e-01  -5.71221680e+00 
 -5.08683234e+00   2.62203252e+00  -7.35300989e+00 
 -8.81491754e+00   3.05095252e+00  -7.72086429e+00 
 -9.31927139e+00   2.55717700e+00  -3.97931424e+00 
 -6.41827630e+00   4.78681712e+00  -3.07584645e+00 
 -7.62997367e+00   7.50042580e+00  -5.35436537e+00 
 -8.64775017e+00   8.59260684e+00   4.42419011e-01 
 -6.23548140e+00   1.04080476e+01   2.76050761e+00 
 -3.14765835e+00   8.39229639e+00   2.08278366e+00 

   4.172878590910e+00 

