 -1.88652930e+00   1.95123674e+00  -3.08642771e+00 
 -7.22874977e-01   1.85859848e+00  -2.08781749e+00 
 -5.06482795e-01   5.43756492e-01  -2.59018118e+00 
 -1.03062352e+00   1.92740084e+00  -6.70677015e-01 
  1.50429154e-01   1.78727529e+00   2.61719121e-01 
  3.29672158e-01   5.01195377e-01  -4.42190833e-01 
  1.84876744e+00   8.55539413e-01   1.31517109e-01 
  2.00537545e+00  -1.75800745e-01   1.15051625e+00 
  3.07634600e+00  -8.46311899e-01   1.72111307e+00 
  2.73527389e+00  -1.53854289e+00   2.87745420e+00 
  1.83832972e+00  -7.41257455e-01   3.65321668e+00 
  6.52772737e-01  -7.03902905e-01   2.85827851e+00 
  1.10443589e+00   3.16039200e-01   2.09742885e+00 
  2.14274907e-01   1.45331353e+00   1.64768695e+00 
 -1.13094411e+00   9.38341791e-01   1.84056985e+00 
 -2.10960760e+00   1.66794920e+00   1.32099477e+00 
 -3.06336543e+00   7.76712374e-01   5.73726278e-01 
 -2.61587026e+00   3.76746306e-02  -4.48408278e-01 
 -1.85331273e+00  -9.12655248e-01   2.50399878e-01 
 -9.94115144e-01  -1.81763502e-01   1.23054057e+00 
 -3.43545988e+00  -6.59518561e-02  -1.64638317e+00 
 -3.55680280e+00  -9.54460547e-01  -2.77343862e+00 
 -4.72995823e+00  -4.13075856e-01  -3.56747218e+00 
 -5.54057412e+00  -1.28130283e+00  -3.94425997e+00 
 -4.67882447e+00   6.56900968e-01  -4.42970519e+00 
  2.95744578e+00  -2.84811834e+00   2.78137945e+00 
 -1.33354331e+00  -1.41740183e+01   4.42396159e+00 
 -3.69847779e+00  -1.15196796e+01   5.68295660e+00 
 -1.02406810e+01  -2.32544351e+00   9.60250736e+00 
 -6.47057537e+00  -2.12747344e+00   9.31073239e+00 
 -6.77971476e+00  -3.07301459e-01   6.03605240e+00 
 -9.20716092e+00  -2.92669950e+00   4.74491551e+00 
 -6.82280672e+00  -5.63716407e+00   5.91724247e+00 
 -3.83209926e+00  -3.89839101e+00   4.28551471e+00 
 -5.80114894e+00  -3.02343898e+00   1.17269463e+00 
 -6.99003084e+00  -6.54074531e+00   6.65889835e-01 
 -3.48575208e+00  -7.90335896e+00   1.10479363e+00 
 -2.00512266e+00  -5.53607655e+00  -1.42134217e+00 
 -4.64388198e+00  -6.35837191e+00  -4.06413766e+00 
 -3.82682509e+00  -9.99726109e+00  -3.87559795e+00 
 -8.01765513e-02  -9.41233218e+00  -4.20436394e+00 
 -6.83774602e-01  -7.51757247e+00  -7.39919637e+00 
 -1.72392937e+00  -1.06541081e+01  -9.26403281e+00 
  3.52290976e+00  -9.38612986e+00  -9.07480830e+00 
  4.84112806e+00   3.21679924e+00  -1.24280951e+01 
  6.65883405e+00   6.94343350e-01  -1.02687531e+01 
  4.09587271e+00  -1.58114076e+00  -8.56435036e+00 
  4.16020187e+00   4.70802710e-01  -5.35195322e+00 
  7.93189481e+00   6.56754768e-01  -5.05560941e+00 
  7.91600833e+00  -3.16531271e+00  -5.70345098e+00 
  5.42134921e+00  -3.94442209e+00  -2.97954636e+00 
  7.26924799e+00  -1.57838808e+00  -6.01608445e-01 
  1.07233238e+01  -3.04259327e+00  -1.20656531e+00 
  9.18195159e+00  -6.46163410e+00  -6.23679884e-01 
  7.73152195e+00  -5.36083278e+00   2.72314322e+00 
  1.10625196e+01  -3.85082879e+00   3.85507214e+00 
  1.06349409e+01  -6.95581634e+00   7.88807656e+00 
  6.74889252e+00  -4.25348438e+00   9.62272222e+00 
  5.86132884e+00  -7.75887517e+00   8.41617729e+00 
  2.94323245e+00  -7.03411870e+00   6.05777549e+00 
  2.15797314e+00  -1.07723533e+01   6.29808843e+00 
  1.29703938e-01  -1.32242774e+01   1.05278304e+01 
  2.57627257e-01  -9.41688415e+00   1.04088082e+01 
 -5.01037320e+00   5.47367561e+00   1.05468703e+01 
 -1.26588640e+00   1.00826012e+01   8.46045608e+00 
 -7.81460913e-02   6.46195508e+00   8.24401999e+00 
  4.53827933e+00   8.67599122e+00   8.65365523e+00 
  4.62850627e+00   5.97861591e+00   5.94635741e+00 
  5.35554359e+00   3.33914444e+00   8.49401892e+00 
  9.85841441e+00   5.66003677e+00   6.50549618e+00 
  9.44492578e+00   1.97312822e+00   5.73459070e+00 
  1.08298895e+01   9.44006546e-01   9.12930768e+00 
  1.43100251e+01  -1.82941830e+00   6.82137893e+00 
  1.05158714e+01  -2.74446328e+00  -1.24014684e+01 
  7.97862959e+00   6.45299668e+00   1.76349848e-02 
  6.03772604e+00   5.31252796e+00  -3.05473611e+00 
  5.21541916e+00   8.85168882e+00  -3.98759695e+00 
  4.28637090e+00   9.76316223e+00  -4.64495142e-01 
  2.31186590e+00   6.66725274e+00  -3.79211287e-01 
  3.18838941e-01   7.68998308e+00  -3.51418665e+00 
 -3.36645952e-01   1.09210457e+01  -1.85190561e+00 
 -1.69993100e+00   9.37635596e+00   1.36489423e+00 
 -3.83435716e+00   6.89794286e+00  -5.00425705e-01 
 -5.26459349e+00   9.48434855e+00  -2.72442896e+00 
 -1.14512574e+01   4.26549526e+00   1.07729444e+00 
 -9.02437060e+00   1.67237060e+00  -3.20212009e-01 

   2.511778066188e+01 

  2.16682589e-01  -6.22481553e+00  -2.22965283e+00 
  4.76229419e-01  -5.06199810e+00  -1.25991748e+00 
 -8.94603222e-01  -5.17400539e+00  -8.90760931e-01 
  8.54569714e-01  -3.77666954e+00  -1.81895163e+00 
  1.05394812e+00  -2.66222440e+00  -8.17880485e-01 
 -3.41028075e-01  -2.97975896e+00  -4.50685668e-01 
  2.81506727e-01  -2.27840144e+00   9.21502005e-01 
 -4.55277205e-01  -1.02018475e+00   9.45751647e-01 
 -8.65615626e-01  -1.34422055e-01   1.93022648e+00 
 -1.28836169e+00   1.08924025e+00   1.42369409e+00 
 -4.15571178e-01   1.48387251e+00   3.63277926e-01 
 -6.81617385e-01   5.25849081e-01  -6.61552756e-01 
  1.63180144e-01  -3.85636694e-01  -1.33646963e-01 
  1.07046631e+00  -1.24516466e+00  -9.85756561e-01 
  4.93318269e-01  -1.14660625e+00  -2.31586945e+00 
  9.81662752e-01  -1.98383459e+00  -3.22175898e+00 
 -1.48368393e-01  -2.62431361e+00  -3.98016752e+00 
 -1.06620378e+00  -3.34082037e+00  -3.32033114e+00 
 -1.74494795e+00  -2.31141149e+00  -2.64759240e+00 
 -7.22705200e-01  -1.42335539e+00  -2.01555195e+00 
 -1.53107700e+00  -4.58902713e+00  -3.90640469e+00 
 -2.67181870e+00  -5.45905415e+00  -3.77917608e+00 
 -2.44952020e+00  -6.54172124e+00  -4.81758626e+00 
 -3.45484954e+00  -6.81159128e+00  -5.50269085e+00 
 -1.61826501e+00  -7.62682580e+00  -4.66767383e+00 
 -2.55589074e+00   1.36446574e+00   1.72568678e+00 
 -1.35053138e+01   5.10840865e+00  -2.20873829e+00 
 -1.08596489e+01   5.25892231e+00  -4.89226230e+00 
 -1.64709346e+00   5.62366541e+00  -1.24878572e+01 
 -1.17289581e+00   5.89982111e+00  -8.74127259e+00 
 -2.30549201e-01   2.26547322e+00  -8.55253845e+00 
 -3.29899472e+00   1.30689853e+00  -1.05740607e+01 
 -5.41256347e+00   3.49340748e+00  -8.30291132e+00 
 -3.84485126e+00   1.97637941e+00  -5.16108023e+00 
 -3.93226378e+00  -1.53064386e+00  -6.58427852e+00 
 -7.56366771e+00  -1.31513449e+00  -7.48327590e+00 
 -8.44645487e+00   1.02802629e-02  -4.04914068e+00 
 -6.62795288e+00  -2.76125243e+00  -2.26327715e+00 
 -8.30487374e+00  -5.49790687e+00  -4.34227869e+00 
 -1.16987214e+01  -4.26652509e+00  -3.38826580e+00 
 -1.08617553e+01  -4.12730627e+00   3.22220699e-01 
 -9.85572678e+00  -7.75156164e+00   2.03566447e-01 
 -1.34318011e+01  -8.90420827e+00  -3.26047926e-01 
 -1.16698886e+01  -8.20297015e+00   4.73130568e+00 
 -1.76337027e-01  -1.43788592e+01   5.98538706e+00 
 -1.92404567e+00  -1.13890753e+01   7.51388435e+00 
 -3.95276786e+00  -9.59834835e+00   4.80664025e+00 
 -1.19199226e+00  -7.04214492e+00   4.19178442e+00 
 -5.87870151e-01  -6.20157375e+00   7.83548337e+00 
 -4.43777108e+00  -5.85542297e+00   8.12975078e+00 
 -4.76928906e+00  -3.45955248e+00   5.23149399e+00 
 -1.73863209e+00  -1.49292010e+00   6.50228545e+00 
 -2.97522267e+00  -1.14580040e+00   1.00787168e+01 
 -6.28273158e+00   2.79909781e-02   8.63371764e+00 
 -4.55043849e+00   2.71012050e+00   6.55475721e+00 
 -2.50748358e+00   3.94232244e+00   9.54890723e+00 
 -4.57783647e+00   8.50703273e+00   8.56607723e+00 
 -1.91390819e+00   8.85528038e+00   4.30049695e+00 
 -5.67380255e+00   8.44847996e+00   3.82196554e+00 
 -5.81383860e+00   5.54703633e+00   1.33909779e+00 
 -9.44128024e+00   6.59598012e+00   7.14466506e-01 
 -1.09832892e+01   1.09264993e+01  -1.90952607e+00 
 -7.32143154e+00   9.87036721e+00  -1.95597513e+00 
  6.60483435e+00   5.39065901e+00  -7.91340684e+00 
  1.09068110e+01   2.83468939e+00  -4.09548638e+00 
  7.46794531e+00   3.73451800e+00  -2.70582423e+00 
  1.01378351e+01   4.30564158e+00   1.64465240e+00 
  6.88938224e+00   2.41940035e+00   2.35393633e+00 
  5.01983152e+00   5.63436599e+00   2.74731668e+00 
  7.20579513e+00   3.87217972e+00   7.40916954e+00 
  3.41965613e+00   4.00296351e+00   7.32786859e+00 
  3.37118784e+00   7.72427050e+00   8.13461787e+00 
  4.62739048e-01   6.78194325e+00   1.21073636e+01 
 -5.39792976e+00  -1.19354787e+01   1.18594770e+01 
  6.23614792e+00  -2.81989644e+00   6.68073273e+00 
  4.21390830e+00  -5.77400850e+00   5.38034489e+00 
  7.33197351e+00  -7.69115847e+00   4.55919761e+00 
  8.97255480e+00  -4.70933730e+00   2.97067742e+00 
  5.81704791e+00  -4.16150339e+00   1.17255251e+00 
  5.86483880e+00  -7.73089100e+00  -2.77755202e-01 
  9.32474598e+00  -7.06734272e+00  -1.38290256e+00 
  8.47801593e+00  -3.82610930e+00  -3.21862259e+00 
  5.43518710e+00  -5.32117963e+00  -4.85681746e+00 
  7.26542251e+00  -8.32669393e+00  -5.99628355e+00 
  2.55782490e+00  -4.37152762e+00  -1.24893202e+01 
 -5.61952628e-02  -4.65974322e+00  -9.72328882e+00 

   2.511778066188e+01 

 -2.62127403e+00  -1.94711564e+00  -4.40437710e+00 
 -2.76361080e+00  -1.07094437e+00  -3.15059891e+00 
 -2.26632510e+00  -2.18577554e+00  -2.41720767e+00 
 -1.95284357e+00   1.29944195e-01  -3.05975172e+00 
 -2.10575459e+00   9.26312116e-01  -1.78448723e+00 
 -1.70182653e+00  -3.44703756e-01  -1.14968050e+00 
 -2.54801953e+00   4.44356164e-01   4.35054940e-02 
 -1.47604656e+00   7.52843058e-01   9.82791195e-01 
 -1.38902273e+00   9.50970749e-01   2.35221302e+00 
 -1.83507490e-01   1.51950377e+00   2.74736102e+00 
  1.87003136e-01   2.53135358e+00   1.80881845e+00 
  4.75617755e-01   1.79427225e+00   6.20424531e-01 
 -8.20968499e-01   1.74271967e+00   2.47088049e-01 
 -1.26242824e+00   1.91201029e+00  -1.18974919e+00 
 -4.65331006e-02   1.69182731e+00  -1.95468865e+00 
 -2.01930839e-01   1.57548762e+00  -3.26708496e+00 
  5.83794178e-01   3.94354707e-01  -3.76701346e+00 
  3.19989126e-01  -8.27024083e-01  -3.28760913e+00 
  8.32066693e-01  -6.96418202e-01  -1.98619745e+00 
  3.17977715e-01   5.85903797e-01  -1.41658195e+00 
  2.95114202e-01  -1.94983156e+00  -4.21297071e+00 
  4.11638000e-01  -3.38366110e+00  -4.14239565e+00 
  3.62473316e-01  -3.84664408e+00  -5.58569393e+00 
  1.22626087e+00  -4.69391372e+00  -5.88383896e+00 
 -7.81404732e-01  -3.98691830e+00  -6.33587857e+00 
  5.00807608e-01   7.48381818e-01   3.59036895e+00 
  1.12278970e+01  -4.32617771e+00   6.51698353e+00 
  1.14669805e+01  -2.01879838e+00   3.54337669e+00 
  1.11210268e+01   5.73067776e+00  -5.54085211e+00 
  8.64978788e+00   5.88324847e+00  -2.67593992e+00 
  6.07261138e+00   4.09935086e+00  -4.75151040e+00 
  8.59435297e+00   1.41521944e+00  -5.67727131e+00 
  9.54090260e+00   1.11614130e+00  -2.01384263e+00 
  5.87376637e+00   9.18714373e-01  -9.44575191e-01 
  4.96400438e+00  -1.36808375e+00  -3.82124583e+00 
  7.72618642e+00  -3.78499983e+00  -3.06586371e+00 
  6.78360355e+00  -3.88403027e+00   5.98976349e-01 
  3.15898634e+00  -4.60737887e+00  -1.19750595e-01 
  3.97914413e+00  -7.46910140e+00  -2.52005762e+00 
  5.98133389e+00  -9.21478492e+00   1.04531664e-01 
  3.25205164e+00  -8.88589365e+00   2.73710704e+00 
  8.35983137e-01  -1.05852350e+01   4.05530072e-01 
  2.61327373e+00  -1.39227916e+01   7.20723688e-01 
 -1.19358754e+00  -1.26753411e+01   4.34350857e+00 
 -1.18391837e+01  -8.57271800e+00  -2.11062335e+00 
 -1.02141633e+01  -7.98679538e+00   1.25769972e+00 
 -6.40975804e+00  -7.98561486e+00   8.35697053e-01 
 -6.26190770e+00  -4.18018116e+00   6.59855661e-01 
 -8.44555744e+00  -3.54121437e+00   3.68829762e+00 
 -6.23566920e+00  -6.15075442e+00   5.51445356e+00 
 -2.96727842e+00  -4.48144032e+00   4.63070920e+00 
 -4.46557767e+00  -1.06821781e+00   5.50959883e+00 
 -5.81021394e+00  -2.10063481e+00   8.91056606e+00 
 -2.38672391e+00  -3.57854382e+00   9.61832664e+00 
 -6.65439799e-01  -2.91029952e-01   8.75451639e+00 
 -3.06241450e+00   1.72968551e+00   1.09518197e+01 
  1.15056368e+00   3.39794701e+00   1.33090669e+01 
  2.47353586e+00   6.01276983e+00   9.20718789e+00 
  4.71801591e+00   3.03918196e+00   1.00142622e+01 
  4.82116788e+00   1.23030686e+00   6.64974918e+00 
  7.84916733e+00  -6.48960055e-01   8.04558417e+00 
  1.26621129e+01   1.41391904e+00   8.81798956e+00 
  1.00305085e+01   3.38161423e+00   6.88677028e+00 
  3.39551687e+00   1.11391038e+01  -5.16718767e+00 
 -2.81350251e+00   1.21697781e+01  -5.11933883e+00 
 -1.23303535e+00   1.01231539e+01  -2.31218671e+00 
 -5.18773951e+00   1.20180448e+01   3.61919528e-01 
 -4.76103278e+00   8.29890880e+00   1.13611872e+00 
 -2.23685453e+00   9.06304548e+00   3.78764496e+00 
 -7.33969739e+00   8.99759566e+00   5.67796785e+00 
 -5.04505185e+00   6.32739616e+00   7.07910995e+00 
 -3.55839715e+00   8.72213527e+00   9.63965711e+00 
 -4.87114932e+00   5.55732530e+00   1.32989499e+01 
 -1.12265321e+01  -1.13353851e+01   5.61805053e+00 
 -9.85818004e+00   3.84550026e+00   2.02175705e+00 
 -9.44167043e+00   5.05591675e-01   2.38846496e-01 
 -1.17304657e+01   1.57333004e+00  -2.53485659e+00 
 -1.01052737e+01   4.94633977e+00  -2.83102739e+00 
 -6.87841755e+00   3.19280627e+00  -2.77518046e+00 
 -7.88178405e+00   9.65461993e-01  -5.75484444e+00 
 -8.82741651e+00   4.05393214e+00  -7.54362505e+00 
 -5.48193137e+00   5.80954004e+00  -6.97972436e+00 
 -3.49788702e+00   2.74305052e+00  -7.89511229e+00 
 -5.42206407e+00   2.16731974e+00  -1.10011286e+01 
  3.43234298e+00   2.05635119e+00  -1.22467220e+01 
  3.05078731e+00  -3.29235642e-01  -9.29198168e+00 

   2.511778066188e+01 

  3.26298761e+00  -3.40050794e+00   3.30288046e+00 
  2.44913698e+00  -2.97076065e+00   2.07289672e+00 
  1.32228484e+00  -2.91558087e+00   2.94189832e+00 
  2.78886690e+00  -1.71236769e+00   1.43355270e+00 
  1.92507086e+00  -1.32397225e+00   2.55890383e-01 
  8.33514277e-01  -1.43367676e+00   1.24487368e+00 
  7.43578849e-02  -1.67581814e+00  -2.13687282e-01 
 -7.22753886e-01  -4.58831364e-01  -3.14205207e-01 
 -1.91385536e+00  -1.06019828e-01  -9.29790435e-01 
 -2.11543406e+00   1.26839422e+00  -9.84478500e-01 
 -8.78582530e-01   1.91096183e+00  -1.29957451e+00 
 -7.83842181e-02   1.68106469e+00  -1.39532538e-01 
  3.05549287e-01   4.54941694e-01  -5.54732695e-01 
  1.71599258e+00  -6.13371539e-02  -3.75419714e-01 
  2.28143359e+00   8.17260730e-01   6.34707076e-01 
  3.45443864e+00   4.47343128e-01   1.13198727e+00 
  3.42652991e+00   5.59777778e-01   2.63163617e+00 
  2.52791844e+00  -1.42954084e-01   3.33153125e+00 
  1.35419002e+00   5.48623218e-01   2.98942580e+00 
  1.34420118e+00   7.31436725e-01   1.50632821e+00 
  2.95189610e+00  -7.83918657e-01   4.56725646e+00 
  2.33147488e+00  -1.29802636e+00   5.76107242e+00 
  3.48739121e+00  -1.74327080e+00   6.63599822e+00 
  3.39785352e+00  -1.38757130e+00   7.82694159e+00 
  4.17789636e+00  -2.92447746e+00   6.49865092e+00 
 -3.22011450e+00   1.65526420e+00  -3.49190133e-01 
 -8.35709716e+00   9.37002815e+00   7.61827498e+00 
 -4.74020223e+00   1.01821147e+01   6.92395199e+00 
  6.62722724e+00   1.20131281e+01   3.74178062e+00 
  4.15636108e+00   1.02790075e+01   1.45580870e+00 
  5.50451216e+00   6.92233228e+00   2.47920610e+00 
  5.21338785e+00   7.86097587e+00   6.14730782e+00 
  1.67629421e+00   9.07623635e+00   5.50060523e+00 
  7.82171267e-01   5.87879022e+00   3.60137362e+00 
  2.60000275e+00   3.67322639e+00   6.08397778e+00 
  8.49732028e-01   5.17420625e+00   9.03784760e+00 
 -2.52545101e+00   4.79858280e+00   7.36561298e+00 
 -1.97405877e+00   1.16229856e+00   6.55873313e+00 
 -8.95331670e-01   3.07988152e-01   1.01266583e+01 
 -4.07744398e+00   1.68506469e+00   1.15131882e+01 
 -6.25456358e+00  -2.33224615e-01   9.04987324e+00 
 -4.64522008e+00  -3.44504184e+00   1.01704279e+01 
 -6.29752937e+00  -3.28271333e+00   1.35823066e+01 
 -8.98632001e+00  -5.62006510e+00   9.52273925e+00 
 -9.72202532e-01  -1.41740091e+01   3.65588172e+00 
 -3.92868700e+00  -1.20093358e+01   2.70562595e+00 
 -3.71314300e+00  -8.68655118e+00   4.59354296e+00 
 -2.09802528e+00  -6.91434148e+00   1.62963117e+00 
 -4.54631885e+00  -8.15755267e+00  -9.79650334e-01 
 -7.33284606e+00  -7.08398146e+00   1.49236541e+00 
 -6.02700225e+00  -3.57123985e+00   1.94558758e+00 
 -5.45982876e+00  -3.28793833e+00  -1.83138079e+00 
 -8.93124837e+00  -4.46559528e+00  -2.83281957e+00 
 -1.03076808e+01  -1.97270298e+00  -3.23567506e-01 
 -8.32869077e+00   8.76135493e-01  -1.89978215e+00 
 -9.47058686e+00  -6.66243601e-02  -5.43024924e+00 
 -1.11977857e+01   4.73179710e+00  -5.71455848e+00 
 -6.47189121e+00   6.48595951e+00  -5.75700152e+00 
 -8.45967192e+00   7.29048271e+00  -2.60537420e+00 
 -6.05491347e+00   6.12681548e+00   1.26956846e-01 
 -8.20185562e+00   8.18753577e+00   2.53379117e+00 
 -8.34333743e+00   1.34732380e+01   2.77433091e+00 
 -5.68679804e+00   1.17296208e+01   6.69723802e-01 
  8.71078924e+00   7.56652584e+00  -4.31803935e+00 
  9.34622944e+00   2.50700282e+00  -8.00774710e+00 
  5.89959599e+00   3.40284448e+00  -6.63485403e+00 
  4.34095372e+00   1.08662577e+00  -1.09461074e+01 
  2.18072870e+00  -5.48028980e-02  -8.00603866e+00 
 -8.74032255e-02   2.88798466e+00  -8.43212672e+00 
 -1.62249896e+00  -1.41423366e+00  -1.13903370e+01 
 -4.04415316e+00  -3.50486282e-01  -8.67692675e+00 
 -5.55540520e+00   2.37132981e+00  -1.08699050e+01 
 -1.00845034e+01   3.24583340e-01  -1.02157932e+01 
 -9.18866637e+00  -1.37729357e+01   3.39332886e+00 
 -1.11075690e-01  -6.41043360e+00  -7.03048550e+00 
  2.33236527e-01  -7.74752489e+00  -3.48071429e+00 
  3.30595963e+00  -9.69646212e+00  -4.39290613e+00 
  4.79856843e+00  -6.81734128e+00  -6.28735669e+00 
  3.92671947e+00  -4.70964605e+00  -3.40845080e+00 
  5.86663939e+00  -6.98656812e+00  -9.79759620e-01 
  8.74452832e+00  -6.72206077e+00  -3.27767082e+00 
  8.74467688e+00  -2.90347961e+00  -3.38184295e+00 
  8.32193312e+00  -2.60848472e+00   3.48035167e-01 
  1.10540770e+01  -4.99835486e+00   1.05878921e+00 
  1.17550883e+01   2.64905081e+00   5.64028576e+00 
  8.13211823e+00   1.67354810e+00   6.33998703e+00 

   2.511778066188e+01 

  2.24190438e-01   2.78237835e+00   3.15316399e+00 
  1.70754552e-01   2.48876410e+00   1.64623637e+00 
  1.45707704e+00   1.89758510e+00   1.80078788e+00 
 -8.60022268e-01   1.58895782e+00   1.16087273e+00 
 -8.33978356e-01   1.30594776e+00  -3.23415038e-01 
  5.38945772e-01   8.44946980e-01  -3.32832830e-02 
  5.87130412e-01   1.24801796e+00  -1.64497897e+00 
  7.37668835e-01  -6.87008096e-02  -2.25336841e+00 
  1.29615347e+00  -5.58024959e-01  -3.42418037e+00 
  9.25522780e-01  -1.86898049e+00  -3.70106885e+00 
 -4.58967789e-01  -2.03964723e+00  -3.39116716e+00 
 -5.00097764e-01  -1.91588421e+00  -1.96924647e+00 
 -5.44440059e-01  -5.67051858e-01  -2.01235989e+00 
 -1.41716702e+00   2.49478427e-01  -1.08517425e+00 
 -1.74634733e+00  -6.75761311e-01  -1.39200013e-02 
 -2.33716103e+00  -1.44153869e-01   1.04834181e+00 
 -1.67975871e+00  -6.54266941e-01   2.30132789e+00 
 -3.73984492e-01  -4.37441388e-01   2.49913625e+00 
  1.68143738e-01  -1.30774988e+00   1.53912906e+00 
 -5.60499790e-01  -1.08529050e+00   2.53559366e-01 
  7.68664061e-02  -5.71471045e-02   3.82944417e+00 
  1.30964836e+00  -6.95611876e-02   4.57410539e+00 
  9.30979155e-01   4.26607067e-01   5.95624396e+00 
  1.40896971e+00  -2.43191243e-01   6.89207541e+00 
  7.46428291e-01   1.74421893e+00   6.30373608e+00 
  1.96544136e+00  -2.69849625e+00  -3.76472032e+00 
  6.86909351e+00  -1.33552907e+01  -3.33452150e-01 
  3.31851005e+00  -1.29286884e+01   8.64406528e-01 
 -8.02414042e+00  -1.06556077e+01   3.84344363e+00 
 -6.40635584e+00  -9.12356319e+00   7.81804531e-01 
 -5.79460611e+00  -5.92348666e+00   2.65727641e+00 
 -4.25175690e+00  -7.84566653e+00   5.54615445e+00 
 -2.12255032e+00  -9.76755962e+00   3.06041111e+00 
 -1.06778767e+00  -6.55325617e+00   1.27549446e+00 
 -6.05957947e-01  -4.67589088e+00   4.53042294e+00 
  1.59079795e+00  -7.32837041e+00   6.00702410e+00 
  3.71585641e+00  -7.46306269e+00   2.87727863e+00 
  4.25254287e+00  -3.73682100e+00   2.80841608e+00 
  5.30292172e+00  -3.59948778e+00   6.48284560e+00 
  8.00105948e+00  -6.11386013e+00   5.89750121e+00 
  9.36866675e+00  -4.28387262e+00   2.85309647e+00 
  9.75848642e+00  -1.17180969e+00   4.93264069e+00 
  1.25786547e+01  -2.68200595e+00   6.97306985e+00 
  1.37970234e+01  -1.80935559e-01   2.34347805e+00 
  7.81629341e+00   1.14826950e+01   2.26196577e+00 
  8.98519803e+00   8.92340484e+00  -2.70482181e-01 
  8.42974702e+00   5.41005615e+00   1.14353427e+00 
  5.12453781e+00   5.00318208e+00  -7.12308165e-01 
  6.39614369e+00   6.17366790e+00  -4.08292337e+00 
  9.37529065e+00   3.75986135e+00  -3.51163346e+00 
  7.21713609e+00   7.51455287e-01  -2.77552622e+00 
  4.94800010e+00   1.64905678e+00  -5.72726620e+00 
  7.75113708e+00   2.05088654e+00  -8.26132728e+00 
  9.07606616e+00  -1.29752035e+00  -7.06209491e+00 
  5.70219652e+00  -2.96830434e+00  -7.64708984e+00 
  5.38631981e+00  -1.47215716e+00  -1.11568885e+01 
  4.88108989e+00  -6.30507099e+00  -1.27306046e+01 
  3.74922663e-01  -6.61799720e+00  -1.04924135e+01 
  3.11193102e+00  -8.74457834e+00  -8.90568025e+00 
  2.82360182e+00  -7.73538559e+00  -5.23130768e+00 
  4.88809700e+00  -1.08686286e+01  -4.47670305e+00 
  3.15160294e+00  -1.58561862e+01  -4.83079581e+00 
  6.92149552e-01  -1.29564684e+01  -5.09442286e+00 
 -1.17023816e+01  -3.83249509e+00  -1.54078113e+00 
 -1.20065473e+01   1.99824538e+00  -3.89162129e+00 
 -8.92138129e+00  -1.40359117e-01  -4.58065771e+00 
 -8.74185918e+00   2.71821201e+00  -8.84416375e+00 
 -5.23875504e+00   2.39889155e+00  -7.34759040e+00 
 -4.68075348e+00  -8.29897159e-01  -9.15023563e+00 
 -3.17366530e+00   3.51092098e+00  -1.20661562e+01 
 -3.78205741e-01   1.14217095e+00  -1.11002411e+01 
 -1.14970359e+00  -1.20512869e+00  -1.39978772e+01 
  3.58108484e+00  -7.30360782e-01  -1.55865874e+01 
  1.42195011e+01   8.92700119e+00  -2.23330202e+00 
 -5.81608999e-01   7.38428066e+00  -7.11307145e+00 
  1.23580626e+00   7.77105960e+00  -3.78821904e+00 
 -9.47534165e-01   1.06578400e+01  -2.80252083e+00 
 -4.08131871e+00   8.91016900e+00  -3.91211590e+00 
 -2.85646264e+00   5.95797549e+00  -2.10245294e+00 
 -2.49160721e+00   7.94911906e+00   1.17602721e+00 
 -5.96252962e+00   9.10513632e+00   6.77101914e-01 
 -7.42550508e+00   5.60390306e+00   2.37235639e-01 
 -5.50928440e+00   4.22401643e+00   3.17010730e+00 
 -6.52059409e+00   6.99350834e+00   5.40358624e+00 
 -7.85868798e+00  -1.09907971e+00   8.96502756e+00 
 -4.24015461e+00  -1.37775672e+00   7.78364923e+00 

   2.511778066188e+01 

 -4.58810391e+00   2.68236792e+00  -3.30681638e+00 
 -3.73310262e+00   1.43275624e+00  -3.04731871e+00 
 -2.84959600e+00   2.28872699e+00  -2.32986874e+00 
 -4.31312831e+00   3.58136803e-01  -2.26214783e+00 
 -3.40834434e+00  -8.24704251e-01  -2.00497829e+00 
 -2.53013448e+00   2.00812906e-01  -1.40607862e+00 
 -1.48435860e+00  -1.01884060e+00  -1.83169478e+00 
 -1.08333915e+00  -1.50822958e+00  -5.17834190e-01 
  3.79059426e-02  -2.13596812e+00   2.64408943e-03 
 -1.74508292e-01  -2.67682239e+00   1.26557544e+00 
 -1.46928313e+00  -3.28013653e+00   1.30495159e+00 
 -2.35871547e+00  -2.16770295e+00   1.20361522e+00 
 -2.27718818e+00  -2.12864793e+00  -1.43604779e-01 
 -3.47675871e+00  -1.85979106e+00  -1.02496384e+00 
 -4.45086560e+00  -1.27741825e+00  -1.17235023e-01 
 -5.52879231e+00  -7.52196813e-01  -6.84935556e-01 
 -5.80553638e+00   6.01249772e-01  -8.99882151e-02 
 -4.87884145e+00   1.56322694e+00  -1.73798683e-01 
 -3.92432087e+00   1.06459107e+00   7.27980912e-01 
 -3.70335370e+00  -3.79087931e-01   4.11652834e-01 
 -5.30631497e+00   2.91926541e+00  -4.83694605e-01 
 -4.78543973e+00   4.25399063e+00  -3.36645824e-01 
 -5.89262514e+00   5.15854225e+00  -8.42419688e-01 
 -6.12895495e+00   6.14012202e+00  -1.11985151e-01 
 -6.16173095e+00   5.42045968e+00  -2.16525458e+00 
  6.30960884e-01  -2.16052481e+00   2.19198506e+00 
  1.70676249e+00   2.73407027e+00   1.33397321e+01 
 -1.80112066e+00   1.57076416e+00   1.25880855e+01 
 -1.24306252e+01  -2.75047854e+00   9.26577116e+00 
 -9.18582015e+00  -4.08836041e+00   7.84473853e+00 
 -9.62888642e+00  -1.99342898e+00   4.75490410e+00 
 -1.02954591e+01   1.08813145e+00   6.87160950e+00 
 -7.22804454e+00   2.59950085e-01   8.94795183e+00 
 -5.09260224e+00  -2.80421080e-01   5.82095910e+00 
 -6.58218573e+00   2.72022806e+00   4.05755548e+00 
 -5.92127697e+00   5.02225978e+00   6.93949661e+00 
 -2.34556159e+00   3.81321075e+00   7.22547230e+00 
 -1.62966177e+00   4.35924755e+00   3.56938384e+00 
 -3.02567292e+00   7.91925130e+00   3.60276887e+00 
 -7.04411057e-01   8.89858763e+00   6.35908660e+00 
  2.35204055e+00   7.44532016e+00   4.61732845e+00 
  1.60341636e+00   9.56153530e+00   1.59696513e+00 
  2.49073039e+00   1.27722907e+01   3.41386261e+00 
  6.43867114e+00   1.00209963e+01   9.60897307e-01 
  2.54039074e+00   7.20789013e+00  -1.12336055e+01 
  4.83417358e+00   5.71515282e+00  -8.61828663e+00 
  3.29920795e+00   6.24077012e+00  -5.15141565e+00 
  1.78761239e+00   2.74119234e+00  -5.10515724e+00 
  4.92246226e+00   9.22196022e-01  -6.20608145e+00 
  6.76888644e+00   2.99641497e+00  -3.50118139e+00 
  4.41291025e+00   2.05329034e+00  -7.06564397e-01 
  4.47479122e+00  -1.59297065e+00  -1.87634518e+00 
  8.26017551e+00  -1.87992578e+00  -2.04673341e+00 
  8.35384559e+00  -3.76335430e-01   1.43692358e+00 
  5.93001293e+00  -3.00290296e+00   2.75711783e+00 
  7.91607824e+00  -5.86733601e+00   1.17361266e+00 
  8.15038160e+00  -7.77962269e+00   5.90406269e+00 
  3.20432358e+00  -8.74979087e+00   5.81323763e+00 
  4.26064999e+00  -5.99494982e+00   8.22701265e+00 
  1.86450558e+00  -3.17917786e+00   7.26133270e+00 
  2.82793937e+00  -1.56552840e+00   1.05955059e+01 
  1.33616304e+00  -3.26561727e+00   1.53809866e+01 
 -2.53971055e-01  -4.74570054e+00   1.22492777e+01 
 -1.16059372e+01  -8.73845023e+00   2.01744135e+00 
 -1.00254349e+01  -1.03548033e+01  -3.85673229e+00 
 -7.30986723e+00  -9.19601405e+00  -1.43814812e+00 
 -4.38219095e+00  -1.22580295e+01  -4.34226825e+00 
 -2.54415330e+00  -8.97778072e+00  -3.65305027e+00 
 -1.22235160e+00  -1.03102906e+01  -4.18358655e-01 
  2.03441299e+00  -1.13911027e+01  -4.64233060e+00 
  3.49848747e+00  -9.11144465e+00  -1.99314057e+00 
  4.49432004e+00  -1.20505920e+01   2.13904865e-01 
  9.23364578e+00  -1.04174246e+01   1.77581711e-01 
  1.01677217e+01   7.32079185e+00  -8.14311240e+00 
  1.32971830e+00  -5.60803721e+00  -8.15150117e+00 
  7.69653595e-01  -1.84342368e+00  -8.29728234e+00 
 -1.36319326e+00  -2.16646404e+00  -1.13662702e+01 
 -3.28312621e+00  -5.06987365e+00  -9.95551481e+00 
 -3.61347641e+00  -3.11306326e+00  -6.86482545e+00 
 -5.18645021e+00  -1.43881980e-01  -8.75054024e+00 
 -7.55003230e+00  -2.55112241e+00  -1.02509661e+01 
 -8.67376730e+00  -4.04374855e+00  -6.91904466e+00 
 -9.03554041e+00  -6.61465573e-01  -5.30442177e+00 
 -1.10087105e+01   7.04891879e-01  -8.11883607e+00 
 -1.47759542e+01   2.12165295e+00  -1.33536833e-01 
 -1.12144587e+01   3.35006247e+00   4.77903013e-01 

   2.511778066188e+01 

  1.64622392e+00  -3.75181984e+00  -6.52649688e-01 
  9.29517391e-01  -2.52341514e+00  -1.23338133e+00 
  2.00081418e-01  -2.47547538e+00  -1.12400690e-02 
  1.72162744e+00  -1.34051144e+00  -1.51803997e+00 
  9.53111548e-01  -1.51511693e-01  -2.04676114e+00 
  1.94018214e-01  -3.05279294e-01  -7.89084054e-01 
 -8.68118498e-01   4.74990184e-01  -1.80170249e+00 
 -9.32251047e-01   1.78925458e+00  -1.17309773e+00 
 -1.87414863e+00   2.80386070e+00  -1.09861797e+00 
 -1.35170242e+00   4.00183565e+00  -6.24756491e-01 
 -5.81713317e-02   4.20722998e+00  -1.19622024e+00 
  7.34577626e-01   3.17667760e+00  -6.05984441e-01 
  3.41519984e-01   2.25289858e+00  -1.50893057e+00 
  1.29145643e+00   1.23390628e+00  -2.09827149e+00 
  2.42322548e+00   1.24650227e+00  -1.18670467e+00 
  3.31652118e+00   2.81129763e-01  -1.36033123e+00 
  3.66473411e+00  -3.31179452e-01  -3.13494908e-02 
  2.70309484e+00  -8.92490418e-01   7.11191879e-01 
  2.00598053e+00   2.56275468e-01   1.12024235e+00 
  1.78043156e+00   1.11048836e+00  -8.49742322e-02 
  2.98803563e+00  -2.14810624e+00   1.38931214e+00 
  2.45813778e+00  -2.89631165e+00   2.50008787e+00 
  3.37779813e+00  -4.09491286e+00   2.63222533e+00 
  3.73422087e+00  -4.34353778e+00   3.80014387e+00 
  3.32149927e+00  -5.22818751e+00   1.85541787e+00 
 -1.94218463e+00   4.41745268e+00   4.94248345e-01 
 -6.16698347e-01   8.69226499e+00   1.18677148e+01 
  2.66855478e+00   8.33305480e+00   1.00506904e+01 
  1.24158672e+01   7.10323085e+00   3.25549269e+00 
  8.99114490e+00   7.71820550e+00   1.76180431e+00 
  8.61517667e+00   4.05324269e+00   1.01426318e+00 
  9.62001782e+00   3.16786387e+00   4.56773669e+00 
  7.15593408e+00   5.75343098e+00   5.85196707e+00 
  4.37955015e+00   4.43317329e+00   3.57626712e+00 
  5.28873574e+00   8.20481461e-01   4.25020020e+00 
  5.21453069e+00   1.26299408e+00   7.97047053e+00 
  1.85814128e+00   3.00556430e+00   7.80487695e+00 
  2.91700354e-01   2.81442112e-01   5.73049206e+00 
  1.50203826e+00  -2.49455757e+00   8.06555016e+00 
 -1.57601033e-01  -8.76936477e-01   1.09936115e+01 
 -3.46859132e+00  -4.33396097e-01   9.16927066e+00 
 -3.53243571e+00  -4.12543218e+00   8.44387924e+00 
 -4.11275675e+00  -5.00561916e+00   1.20888609e+01 
 -8.39872028e+00  -3.94918597e+00   8.97640828e+00 
 -7.31385665e+00  -1.09559004e+01  -2.04834015e+00 
 -8.87246724e+00  -7.68273851e+00  -9.58963615e-01 
 -6.60025762e+00  -6.00609316e+00   1.62512447e+00 
 -4.96906899e+00  -3.78025314e+00  -1.00526817e+00 
 -8.19194537e+00  -2.62805208e+00  -2.62809472e+00 
 -9.44942450e+00  -1.91471910e+00   9.68855812e-01 
 -6.47152193e+00   1.91974280e-01   1.94041707e+00 
 -6.64487471e+00   2.00269911e+00  -1.42984404e+00 
 -1.03506691e+01   2.82178095e+00  -1.23826595e+00 
 -9.69964856e+00   4.12929812e+00   2.26487479e+00 
 -6.92455004e+00   6.42103293e+00   1.01446911e+00 
 -9.09756947e+00   7.76765757e+00  -1.83535710e+00 
 -8.14651112e+00   1.23729025e+01   1.58659646e-01 
 -3.31885508e+00   1.20461575e+01  -1.25553281e+00 
 -3.90540440e+00   1.19264416e+01   2.50916007e+00 
 -1.92237305e+00   8.81002018e+00   3.48799689e+00 
 -2.15600911e+00   1.01060329e+01   7.08167821e+00 
  4.76065290e-01   1.42646553e+01   9.02964351e+00 
  1.35987341e+00   1.28898291e+01   5.58646038e+00 
  1.01942110e+01   6.61100381e+00  -5.90399184e+00 
  7.36720777e+00   4.08884756e+00  -1.09302510e+01 
  5.23835550e+00   5.42650346e+00  -8.05878544e+00 
  1.85283215e+00   6.20145749e+00  -1.18428069e+01 
  8.42933391e-02   4.69219038e+00  -8.80836808e+00 
 -3.93152641e-01   8.08311643e+00  -7.30515886e+00 
 -4.49003563e+00   6.62080310e+00  -1.05752963e+01 
 -5.39773608e+00   7.07669134e+00  -6.92470615e+00 
 -5.72695603e+00   1.08506482e+01  -7.31224098e+00 
 -1.04118578e+01   1.05804221e+01  -5.54916505e+00 
 -1.40151500e+01  -7.47256059e+00   1.22260512e+00 
 -4.86852547e+00   1.34184059e-03  -9.06063550e+00 
 -4.52094898e+00  -2.87994988e+00  -6.59393969e+00 
 -3.14526345e+00  -5.13907819e+00  -9.25399725e+00 
 -8.26904146e-01  -2.49212682e+00  -1.05673972e+01 
  1.25528581e-01  -1.85437853e+00  -7.07787747e+00 
  1.08877878e+00  -5.54358479e+00  -6.52280041e+00 
  3.14232313e+00  -5.30497036e+00  -9.58198714e+00 
  5.07097152e+00  -2.20644544e+00  -8.45421384e+00 
  5.65025776e+00  -3.58644566e+00  -4.99910865e+00 
  6.85662980e+00  -6.84269069e+00  -6.27299864e+00 
  1.23065307e+01  -3.17198946e+00  -2.07615377e-01 
  8.93387341e+00  -2.94357363e+00   1.56441980e+00 

   2.511778066188e+01 

 -2.07351962e+00  -3.14468561e+00   3.60501585e+00 
 -1.62760083e+00  -2.82337408e+00   2.17050864e+00 
 -2.25742507e+00  -1.55843849e+00   2.34732412e+00 
 -2.03604513e-01  -2.76271882e+00   1.89431040e+00 
  1.71753354e-01  -2.40017317e+00   4.76019081e-01 
 -6.25980465e-01  -1.19011980e+00   7.60642384e-01 
 -6.81724788e-01  -1.32272332e+00  -8.95153449e-01 
  1.23044871e-01  -1.72643506e-01  -1.29038764e+00 
  1.77064089e-01   6.62341696e-01  -2.39584026e+00 
  1.32695723e+00   1.44254688e+00  -2.43663701e+00 
  2.44441821e+00   6.51469004e-01  -2.02742182e+00 
  2.19012435e+00   4.05547422e-01  -6.44047460e-01 
  1.37927008e+00  -6.42903638e-01  -9.01805967e-01 
  1.39385181e+00  -1.90745908e+00  -7.19058662e-02 
  2.07203329e+00  -1.51218535e+00   1.15114052e+00 
  2.03181972e+00  -2.39054051e+00   2.14459034e+00 
  1.66977335e+00  -1.68981583e+00   3.42532240e+00 
  5.09066198e-01  -1.02935181e+00   3.51326532e+00 
  7.85129956e-01   6.56144553e-02   2.67792624e+00 
  1.38769287e+00  -4.59895165e-01   1.41544591e+00 
 -2.68598951e-01  -1.14445522e+00   4.73784588e+00 
 -1.30888728e+00  -4.05362231e-01   5.40565388e+00 
 -1.53509707e+00  -1.14817278e+00   6.70832113e+00 
 -1.61338987e+00  -4.14031766e-01   7.71220979e+00 
 -2.27642832e+00  -2.29785513e+00   6.84821151e+00 
  1.06711177e+00   2.74863523e+00  -2.42277550e+00 
  3.55255167e+00   1.36972359e+01   2.40810504e+00 
  5.81423471e+00   1.09770008e+01   3.71524264e+00 
  1.25888508e+01   1.67094982e+00   6.90887225e+00 
  1.08364309e+01   1.82217198e+00   3.55563835e+00 
  8.07766165e+00  -3.77191304e-01   4.85337325e+00 
  7.69291392e+00   1.82210884e+00   7.92515181e+00 
  7.64569513e+00   4.87371828e+00   5.66870242e+00 
  5.07466702e+00   3.27234976e+00   3.33297305e+00 
  3.06324136e+00   1.85836935e+00   6.21171805e+00 
  2.84706889e+00   5.15840423e+00   7.97375504e+00 
  1.76952478e+00   6.90782994e+00   4.79448932e+00 
 -9.80170766e-01   4.43227699e+00   4.09558766e+00 
 -2.40359143e+00   4.68153972e+00   7.63611448e+00 
 -2.78797916e+00   8.38217923e+00   7.31649435e+00 
 -4.54023448e+00   8.14435686e+00   3.94593861e+00 
 -7.10414876e+00   5.85059595e+00   5.47119387e+00 
 -8.59831690e+00   8.63620724e+00   7.57005646e+00 
 -1.04288235e+01   7.93266987e+00   2.53744516e+00 
 -1.32176405e+01  -4.77050588e+00   9.04080629e-01 
 -1.21241444e+01  -1.85062136e+00  -1.24257668e+00 
 -9.69080966e+00   3.32571360e-01   7.48437926e-01 
 -6.64454581e+00  -1.32737972e+00  -8.32367099e-01 
 -7.85996799e+00  -1.09785438e+00  -4.41260905e+00 
 -8.69077226e+00   2.60571520e+00  -3.62426427e+00 
 -5.25572170e+00   3.43147038e+00  -2.29439661e+00 
 -3.66196705e+00   1.54669129e+00  -5.22270489e+00 
 -5.68165780e+00   3.27387244e+00  -7.93898989e+00 
 -4.75394137e+00   6.56403687e+00  -6.28987368e+00 
 -1.04349883e+00   5.70685410e+00  -6.41065622e+00 
 -1.23433873e+00   4.67728795e+00  -1.00931139e+01 
  2.42931952e+00   8.15793272e+00  -1.08358225e+01 
  5.73387875e+00   5.29061356e+00  -8.33155923e+00 
  4.75816604e+00   8.53038423e+00  -6.57566764e+00 
  3.80486468e+00   7.25426939e+00  -3.10214421e+00 
  4.09816853e+00   1.08975325e+01  -1.96663231e+00 
  8.61962348e+00   1.35935320e+01  -1.41476606e+00 
  8.70294715e+00   9.82935194e+00  -2.00703239e+00 
  1.18732343e+01  -5.40528713e+00   7.04924801e-01 
  8.76973204e+00  -9.81913327e+00  -2.53586783e+00 
  7.86849089e+00  -6.14481404e+00  -3.03964601e+00 
  6.55064661e+00  -7.82221448e+00  -7.71198536e+00 
  3.86415700e+00  -5.45176664e+00  -6.37887376e+00 
  5.73901913e+00  -2.48233042e+00  -7.66468581e+00 
  2.27771203e+00  -4.54699922e+00  -1.13216115e+01 
  1.50085552e+00  -1.03095515e+00  -1.01415730e+01 
  3.99257228e+00   5.08345659e-01  -1.25753396e+01 
  3.19938186e-01   3.34045846e+00  -1.44781427e+01 
 -1.58286169e+01   1.69693936e+00  -3.46570498e+00 
 -2.86411167e+00  -6.25120283e+00  -7.20918419e+00 
 -4.97838014e+00  -5.66552146e+00  -4.09565149e+00 
 -5.27966624e+00  -9.35196978e+00  -3.47002930e+00 
 -1.62709503e+00  -9.94961535e+00  -4.10854645e+00 
 -9.62183329e-01  -7.07856796e+00  -1.91638353e+00 
 -2.97492842e+00  -8.64354076e+00   9.72547355e-01 
 -9.86436097e-01  -1.17162302e+01   4.85636267e-01 
  2.40143127e+00  -9.96418241e+00   6.97996873e-01 
  1.38362351e+00  -7.93942265e+00   3.70501205e+00 
  8.10652980e-02  -1.08907749e+01   5.51446585e+00 
  5.68624537e+00  -5.92676328e+00   1.04037282e+01 
  3.27705493e+00  -3.27640426e+00   9.08520712e+00 

   2.511778066188e+01 

  3.90969461e+00   4.77982896e+00   4.09642767e-02 
  3.26127235e+00   3.38733904e+00   6.13600122e-02 
  3.61177959e+00   3.29591190e+00  -1.31588001e+00 
  1.83840592e+00   3.29939311e+00   3.36035578e-01 
  1.25100634e+00   1.90744307e+00   2.99703965e-01 
  1.78740457e+00   1.90696453e+00  -1.07648480e+00 
  1.70324408e+00   2.94623162e-01  -6.81993639e-01 
  6.29320197e-01  -1.48456052e-01  -1.56342210e+00 
  2.81329284e-01  -1.34411548e+00  -2.17288476e+00 
 -1.01018171e+00  -1.34053811e+00  -2.68730218e+00 
 -1.87884934e+00  -6.76308536e-01  -1.76741308e+00 
 -1.43811033e+00   6.81079979e-01  -1.81337996e+00 
 -4.46684007e-01   4.68526497e-01  -9.21713776e-01 
 -9.85573227e-02   1.46436036e+00   1.62338806e-01 
 -7.19874777e-01   2.69865817e+00  -2.87647248e-01 
 -3.87057397e-01   3.79251624e+00   3.85238016e-01 
 -6.05307205e-02   4.89997359e+00  -5.78756709e-01 
  9.29118335e-01   4.73605213e+00  -1.46470946e+00 
  3.35782488e-01   3.79812481e+00  -2.32563838e+00 
 -2.60820372e-01   2.71596988e+00  -1.48533799e+00 
  1.83278827e+00   5.84869929e+00  -1.71572021e+00 
  2.74693274e+00   6.25841313e+00  -2.75056330e+00 
  3.26163864e+00   7.61118238e+00  -2.29782328e+00 
  3.27751275e+00   8.48056795e+00  -3.19046093e+00 
  4.24810573e+00   7.81234010e+00  -1.36116481e+00 
 -1.04417071e+00  -1.54785716e+00  -4.00238474e+00 
 -5.37710581e+00   1.96489940e+00  -1.48777187e+01 
 -6.84047231e+00   3.93823891e+00  -1.20162527e+01 
 -1.10419282e+01   9.30624221e+00  -2.20658471e+00 
 -9.71406477e+00   5.76071473e+00  -2.14306346e+00 
 -6.42210704e+00   6.97538236e+00  -7.94093813e-01 
 -6.22231290e+00   9.62277333e+00  -3.50926945e+00 
 -7.07639439e+00   6.96919147e+00  -6.08515022e+00 
 -4.46563181e+00   4.56088440e+00  -4.66593417e+00 
 -1.91176777e+00   7.31463896e+00  -4.18953009e+00 
 -2.25026341e+00   8.54360986e+00  -7.71327616e+00 
 -1.91138249e+00   5.03190462e+00  -9.08528498e+00 
  1.23066785e+00   4.32915448e+00  -7.13302644e+00 
  2.91484392e+00   7.57415095e+00  -8.25424779e+00 
  2.44087592e+00   6.68212165e+00  -1.18492835e+01 
  3.85246484e+00   3.17502214e+00  -1.14073854e+01 
  6.99915660e+00   4.65245293e+00  -9.96623015e+00 
  8.04788950e+00   6.11306853e+00  -1.33075105e+01 
  9.46984637e+00   1.03189023e+00  -1.21531442e+01 
  1.48066732e+01   8.63724295e-01  -1.82093566e-01 
  1.28859478e+01  -1.51000219e+00  -2.41946563e+00 
  1.02458488e+01   4.58906220e-01  -4.37007167e+00 
  7.49585024e+00  -4.45189119e-01  -1.88930056e+00 
  8.26251802e+00  -4.15224603e+00  -1.75508046e+00 
  8.33306306e+00  -4.01823511e+00  -5.62873705e+00 
  4.95302726e+00  -2.36965691e+00  -5.95666973e+00 
  3.52550867e+00  -4.75851735e+00  -3.32551560e+00 
  4.83018950e+00  -7.93976851e+00  -4.94352630e+00 
  3.37262722e+00  -6.66626390e+00  -8.20835742e+00 
 -5.08381263e-02  -6.16357807e+00  -6.61338828e+00 
 -1.14215910e-02  -9.65378713e+00  -5.04055394e+00 
 -4.40723105e+00  -1.03848935e+01  -7.53679884e+00 
 -6.72898497e+00  -7.07639968e+00  -4.52411022e+00 
 -6.31791753e+00  -5.94703875e+00  -8.14168565e+00 
 -4.76086735e+00  -2.48732991e+00  -7.68492857e+00 
 -5.73257137e+00  -1.85308877e+00  -1.13321617e+01 
 -1.06570064e+01  -1.08759786e+00  -1.31155540e+01 
 -9.96916384e+00  -1.12124051e+00  -9.36688558e+00 
 -9.41733819e+00   4.13372254e+00   5.51869508e+00 
 -5.76239475e+00   1.16670176e+00   9.69657455e+00 
 -5.74773095e+00   2.83082138e-02   6.05370549e+00 
 -4.57236986e+00  -4.49196087e+00   8.19072081e+00 
 -2.35287232e+00  -3.88352930e+00   5.13833197e+00 
 -4.95555153e+00  -5.31504032e+00   2.86615038e+00 
 -1.51264165e+00  -9.07273711e+00   4.77473515e+00 
 -1.41355149e+00  -8.52066325e+00   1.02720819e+00 
 -4.41599187e+00  -1.07912988e+01   4.51981996e-01 
 -1.66855628e+00  -1.35544789e+01  -2.70177727e+00 
  1.54743975e+01  -4.69345078e+00  -6.21633099e+00 
  4.26702241e+00  -5.48893714e+00   4.69361591e+00 
  6.50424078e+00  -2.80348765e+00   3.18019108e+00 
  7.67128043e+00  -1.70563245e+00   6.57206519e+00 
  4.19448021e+00  -1.75538986e+00   7.99176418e+00 
  3.13906467e+00   7.49673775e-02   4.98735254e+00 
  5.72847540e+00   2.86003135e+00   5.60749369e+00 
  4.42633236e+00   3.08750870e+00   9.05499746e+00 
  7.75176374e-01   3.50199367e+00   8.01112198e+00 
  1.62104745e+00   6.02557533e+00   5.34771011e+00 
  3.71743726e+00   8.04498976e+00   7.62989677e+00 
 -2.31908765e+00   1.28867122e+01   3.14855411e+00 
 -6.98376836e-01   1.08923178e+01   3.26713097e-01 

   2.511778066188e+01 

 -2.30648773e+00   1.45522316e+00   2.94573458e+00 
 -1.41020632e+00   2.19201966e-01   2.77594993e+00 
 -2.26728293e+00  -1.50975820e-01   1.70059305e+00 
 -2.17681777e-02   4.26774062e-01   2.40597236e+00 
  7.97142142e-01  -8.28468402e-01   2.21197391e+00 
 -2.44103201e-01  -1.14266984e+00   1.21262192e+00 
  3.58791051e-01  -2.63132558e+00   1.64014217e+00 
  1.04266159e+00  -3.01452852e+00   4.10498142e-01 
  1.36922635e+00  -4.21253740e+00  -2.06165510e-01 
  2.29523003e+00  -4.06508930e+00  -1.23252557e+00 
  3.29058280e+00  -3.12075254e+00  -8.33174515e-01 
  2.57489904e+00  -1.88655243e+00  -7.74742870e-01 
  2.11676249e+00  -2.12422179e+00   4.72974201e-01 
  2.03136247e+00  -1.04456388e+00   1.52895379e+00 
  2.11360403e+00   1.91482162e-01   7.69058775e-01 
  1.84970463e+00   1.30337733e+00   1.44293836e+00 
  9.12423339e-01   2.16813126e+00   6.45397316e-01 
 -2.89133082e-01   1.69408510e+00   2.95068648e-01 
  9.15481134e-02   7.49258122e-01  -6.72059835e-01 
  1.21024534e+00  -6.33822417e-02  -1.05287253e-01 
 -1.44229469e+00   2.57670820e+00   3.88899473e-01 
 -2.76886089e+00   2.64939221e+00  -1.67306345e-01 
 -3.34283183e+00   3.94581046e+00   3.70966291e-01 
 -3.92262215e+00   4.64506758e+00  -4.82126849e-01 
 -3.87187239e+00   4.11811981e+00   1.62847828e+00 
  1.82926383e+00  -4.47060480e+00  -2.41236083e+00 
  3.64055538e-01  -2.03633900e+00  -1.42999253e+01 
  2.38864227e+00   5.94061646e-01  -1.25095234e+01 
  8.92713285e+00   8.11165453e+00  -5.91928702e+00 
  8.58642681e+00   4.44478691e+00  -5.03836556e+00 
  5.96407889e+00   5.26390331e+00  -2.47234491e+00 
  4.06619475e+00   7.36719441e+00  -5.00117424e+00 
  4.35800907e+00   4.52732575e+00  -7.50239475e+00 
  3.18744459e+00   1.95718746e+00  -4.92278890e+00 
  5.06721499e-01   4.26140465e+00  -3.56755704e+00 
 -9.28412836e-01   4.95179078e+00  -6.95953162e+00 
 -9.97144771e-01   1.26165579e+00  -7.80066290e+00 
 -2.80318479e+00   3.40594969e-01  -4.62772768e+00 
 -5.48785857e+00   3.01915265e+00  -5.11909713e+00 
 -6.35175714e+00   1.66130337e+00  -8.48875116e+00 
 -6.61880660e+00  -1.92245406e+00  -7.23456958e+00 
 -9.13456752e+00  -8.07900937e-01  -4.66744715e+00 
 -1.17705569e+01  -1.06224301e-01  -7.30498438e+00 
 -1.13954853e+01  -5.10722705e+00  -5.29944491e+00 
 -1.11221384e+01  -4.29295744e+00   7.78024547e+00 
 -9.81318558e+00  -6.62010945e+00   5.09685153e+00 
 -8.73646517e+00  -4.55659140e+00   2.05807648e+00 
 -5.08137534e+00  -4.55716502e+00   3.14178473e+00 
 -4.86122858e+00  -8.27140381e+00   3.85173615e+00 
 -6.55323705e+00  -8.77229230e+00   4.00016447e-01 
 -4.08118549e+00  -6.63123193e+00  -1.48540488e+00 
 -1.19369670e+00  -8.28180861e+00   4.13394900e-01 
 -2.29087600e+00  -1.18593063e+01  -2.48585308e-01 
 -2.64210868e+00  -1.08883547e+01  -3.90088769e+00 
  9.22150101e-01  -9.54579381e+00  -4.00249601e+00 
  2.32857788e+00  -1.26922378e+01  -2.33553117e+00 
  5.34121136e+00  -1.30315410e+01  -6.44622560e+00 
  7.88250394e+00  -8.92957176e+00  -4.98723769e+00 
  5.77005457e+00  -8.48219061e+00  -8.12868517e+00 
  3.80033151e+00  -5.32073243e+00  -7.27546142e+00 
  3.00767043e+00  -5.11698280e+00  -1.10143054e+01 
  6.44139892e+00  -3.79590671e+00  -1.48196689e+01 
  7.39007599e+00  -3.35026477e+00  -1.11552196e+01 
  1.18572298e+01   4.03598729e+00   2.07306363e+00 
  1.10313836e+01   1.18085553e+00   7.62127969e+00 
  9.77261529e+00  -5.09536723e-01   4.43934218e+00 
  1.06436770e+01  -4.76547747e+00   7.17966344e+00 
  7.28759099e+00  -5.05055772e+00   5.37166675e+00 
  8.96995436e+00  -6.34849182e+00   2.29416895e+00 
  7.57355080e+00  -1.02971140e+01   5.76908614e+00 
  5.81359818e+00  -1.03767027e+01   2.41426943e+00 
  8.73959642e+00  -1.21488062e+01   7.41097929e-01 
  5.64086325e+00  -1.58180668e+01  -6.95614574e-01 
 -1.29418681e+01  -1.07725482e+01   3.04278209e+00 
  1.62892674e+00  -7.84037921e+00   7.97829826e+00 
 -1.57856837e+00  -5.86490752e+00   7.41551376e+00 
 -1.45658853e+00  -4.46090164e+00   1.08920013e+01 
  2.20767712e+00  -3.67370065e+00   1.06478034e+01 
  1.48291557e+00  -2.19058053e+00   7.36669465e+00 
 -1.17691822e+00   1.60788652e-01   8.86420975e+00 
  1.34349314e+00   1.16044634e+00   1.13703653e+01 
  4.03905855e+00   2.03569149e+00   8.80905961e+00 
  1.62074539e+00   3.91384302e+00   6.61770539e+00 
  2.55726202e-01   5.87317779e+00   9.44241612e+00 
  2.63171547e+00   1.09181332e+01   2.45189102e+00 
  4.89476210e-01   8.24605626e+00   7.67279728e-01 

   2.511778066188e+01 

