  5.91250551e-01   2.13921584e+00   2.42616688e+00 
 -3.05086248e-01   5.33724368e-01   1.53227002e+00 
  5.99539663e-01   1.45112126e-01   2.65787686e+00 
  2.53919317e+00   1.19769606e+00   3.97270362e+00 
 -2.53736201e+00   3.30918578e-01   3.60754465e+00 
  1.46831377e+00   1.13380679e+00   3.03349993e+00 
 -9.62164483e-01  -2.63729812e+00   3.73770782e+00 
 -3.92176337e-01  -7.26657805e-01   9.04465870e-01 
 -7.22486957e-01  -3.04337684e+00   4.95459868e+00 
 -2.81842515e-01  -1.94379227e+00   1.66608330e+00 
 -2.78778890e+00  -9.54290172e-01   1.89612859e+00 
  2.51968727e-01  -2.16781795e+00   2.93093130e+00 
 -3.08157437e+00   2.24626328e+00  -2.58023739e+00 
  5.33975111e-01  -9.68991589e-01   3.42513979e+00 
 -4.71779977e+00   2.96951637e+00  -3.89031597e+00 
 -1.76198751e+00  -2.92069936e+00   5.77190320e+00 
 -6.38424955e+00   1.44411875e+00  -2.35548146e+00 
 -2.70835571e+00  -2.16815075e+00   5.03920661e+00 
 -2.07257917e+00  -1.88925862e+00   3.88956638e+00 
 -1.33573222e+00  -2.87126980e+00   7.19432736e+00 
 -5.08427043e+00   8.69520596e-01  -2.47000518e+00 
 -2.22663728e+00  -7.35106349e-01   3.08157384e+00 
 -2.87507974e+00  -7.82915015e-02   8.77639632e-01 
 -2.93811237e+00  -6.18232854e-01  -3.49593862e-01 
 -2.76553552e+00   2.12223427e-01  -1.41899899e+00 
 -2.62091319e+00   1.59818840e+00  -1.31504826e+00 
 -3.34029750e+00   2.09471561e+00  -2.23617246e-01 
 -3.22013013e+00   1.28431987e+00   8.98876038e-01 
 -6.79426392e+00   1.84107445e+00  -3.71497910e+00 
 -2.81244761e+00   3.45884887e+00  -3.06002310e+00 
 -3.55518650e+00   3.60689092e+00  -4.20203981e+00 
 -6.43755443e+00   2.69699589e+00  -1.61247438e+00 
 -4.24964762e+00   1.90277418e+00  -3.17810080e+00 
 -5.75660778e-01   1.49406515e+00   2.35131759e+00 
  2.40851680e-02  -2.59863302e+00   7.45002251e+00 
 -1.25574629e+00  -4.19319054e+00   7.51280121e+00 
 -2.10238921e+00  -2.08147961e+00   7.87528930e+00 
 -3.66472975e+00  -1.78678797e+00  -4.85775163e-01 
  7.85184530e+00  -4.39630760e+00   1.24513858e+01 
  4.41677540e+00  -8.49330765e+00  -6.40635388e+00 
  1.55019376e+00  -8.56833259e+00  -8.89328643e+00 
 -8.88397552e-01  -7.70952224e+00  -6.02767398e+00 
  1.19144365e-01  -1.10811258e+01  -4.41072273e+00 
 -1.61797599e+00  -1.28857579e+01  -7.25393603e+00 
 -4.98784005e+00  -1.16141093e+01  -6.02843058e+00 
 -4.55937648e+00  -1.29810571e+01  -2.47384172e+00 
 -5.34036773e+00  -2.28559368e+00  -8.22578014e+00 
 -6.25690092e+00   1.42237460e+00  -8.48514011e+00 
 -2.64325109e+00   2.62426329e+00  -8.68545901e+00 
 -4.91952712e-01  -3.06762232e-01  -7.46744973e+00 
  3.48661026e+00  -4.07126460e+00  -8.91444783e+00 
  5.65603545e+00  -6.89374467e+00  -1.02582249e+01 
  4.54123093e+00  -1.05985060e+01   7.78700332e+00 
  2.89253304e+00  -8.87042478e+00   1.06677614e+01 
  3.16533199e-01  -2.73967389e+00   1.26645866e+01 
  4.34915851e+00   1.15686588e+01   2.31311674e+00 
  1.07891577e+00   1.03557738e+01   6.08764923e-01 
 -2.11106742e+00   1.14931032e+01  -1.13738448e+00 
 -1.69739153e+00   8.47601443e+00  -3.38071011e+00 
  4.97976738e-01   8.86897099e+00  -6.41357565e+00 
  3.89405574e+00   7.36034918e+00  -5.81713533e+00 
  8.17113305e+00   2.92523798e+00  -6.87136464e+00 
  1.05215368e+01   4.05731482e+00  -4.13773024e+00 
  8.60432285e+00  -1.12790058e+00   8.66739466e+00 
  7.42733923e+00  -3.87796072e+00   6.55353525e+00 
  3.65816764e+00  -4.75655676e+00   6.93668734e+00 
  1.14368153e+00  -7.03867588e+00   5.54223379e+00 
  2.41793904e+00  -1.04362009e+01   4.58118766e+00 
  5.81421998e+00  -9.01716522e+00   3.78705406e+00 
  4.48145047e+00  -8.16927169e+00   3.73548128e-01 
  7.81241220e+00  -5.08197574e+00  -9.44421978e-01 
  4.48818510e+00  -3.34878722e+00  -2.33322188e+00 
  2.52940827e+00  -1.22455860e+00  -3.26791692e-01 
  2.58180527e+00   1.68757910e+00   2.56120596e+00 
 -4.37635508e-01   3.71035928e+00   4.86882678e+00 
 -4.31553467e-01   1.61876111e+00   7.87465512e+00 
  2.78701065e+00  -2.93876842e-02   9.20421595e+00 
  5.50460311e+00   2.03952692e+00   1.06850228e+01 
  3.48609349e+00   5.25873947e+00   1.09892003e+01 
  4.91115001e+00   7.43351957e+00   6.25180243e+00 
  7.35109793e+00   5.03109493e+00   4.54806113e+00 
  7.26073075e+00   1.58918542e+00   2.96345720e+00 
  6.71130734e+00   1.64348839e+00  -7.88783221e-01 
  8.70551867e+00  -8.14718964e-01  -2.94102120e+00 
  8.47513882e+00  -1.63537220e+00  -6.62609225e+00 
  1.17371137e+01  -3.07522968e-01  -8.14139793e+00 

   3.356828058040e+01 

  2.73426254e+00  -1.08891775e+00  -4.17939767e-01 
  9.21719606e-01  -1.96296289e+00  -5.62668232e-02 
  1.16280867e+00  -1.69871326e+00  -1.50830210e+00 
  2.70178861e+00  -2.10307879e-01  -2.92786127e+00 
  1.89973793e+00  -4.78871243e+00  -6.80422019e-01 
  2.17888244e+00  -8.13075763e-01  -1.74624877e+00 
 -5.91611480e-01  -4.23175076e+00  -2.86936511e+00 
 -4.77587758e-01  -2.13231192e+00  -1.15813219e-01 
 -3.00621735e-01  -4.59525476e+00  -4.08852810e+00 
 -1.11227091e+00  -2.64989458e+00  -1.30026940e+00 
 -8.81071421e-02  -4.69239843e+00   1.45783554e-01 
 -6.48719286e-01  -2.72352447e+00  -2.60972767e+00 
  2.76268648e-01  -2.38342379e+00   5.13613135e+00 
  6.22988183e-01  -2.34673536e+00  -2.56796215e+00 
  2.40322243e-01  -3.13509627e+00   7.22187602e+00 
  2.60561970e-01  -5.79629833e+00  -4.16704583e+00 
 -2.04006642e-01  -5.60287455e+00   6.13917019e+00 
  5.36813243e-01  -6.15217828e+00  -2.82696331e+00 
  1.51443246e-01  -5.07403046e+00  -2.12499997e+00 
  1.04213408e+00  -5.95322524e+00  -5.42081867e+00 
 -7.84806738e-01  -4.56138922e+00   5.35737482e+00 
  7.09271020e-01  -4.59395885e+00  -9.13796957e-01 
  1.20815950e-01  -4.14599484e+00   1.35826340e+00 
 -9.83426446e-01  -3.87280363e+00   2.07074295e+00 
 -8.46516820e-01  -3.08907443e+00   3.17983809e+00 
  3.81708618e-01  -2.63415864e+00   3.66680233e+00 
  1.39697439e+00  -3.55853301e+00   3.40214755e+00 
  1.29779824e+00  -4.09848452e+00   2.12551562e+00 
 -5.73709653e-01  -5.33758223e+00   7.54161774e+00 
  1.04626900e+00  -1.63985310e+00   5.92808426e+00 
  5.88186377e-01  -1.81833423e+00   7.20717944e+00 
  1.25319092e+00  -5.60396577e+00   6.17346447e+00 
 -3.01625282e-01  -3.27743340e+00   5.97672992e+00 
  2.17601182e+00  -2.26289156e+00  -1.11924236e-01 
  1.37460503e+00  -4.77684043e+00  -6.12395165e+00 
  8.54931310e-02  -6.35499088e+00  -6.30326993e+00 
  2.09113412e+00  -6.68391270e+00  -5.21849366e+00 
 -2.02950118e+00  -4.77242705e+00   1.97884872e+00 
  2.29055493e+00  -2.53770385e-01  -1.43836109e+01 
 -1.10491858e+01   2.87499326e+00  -3.67134283e-01 
 -1.23530706e+01   1.27644568e+00   2.81913039e+00 
 -1.00514991e+01  -1.75455020e+00   2.17737485e+00 
 -1.20870812e+01  -2.37810384e+00  -1.05758562e+00 
 -1.50758933e+01  -3.29883565e+00   1.08190050e+00 
 -1.32655352e+01  -6.41339094e+00   2.30545528e+00 
 -1.25622854e+01  -7.76329010e+00  -1.21170852e+00 
 -6.49360887e+00  -3.41006071e+00   8.39600911e+00 
 -3.45861168e+00  -3.13899056e+00   1.07136895e+01 
 -2.63372945e+00   4.51914550e-01   9.72976932e+00 
 -4.53410436e+00   1.10987475e+00   6.46507860e+00 
 -8.59348147e+00   4.18779210e+00   3.98674706e+00 
 -1.17532897e+01   5.87560271e+00   2.70399875e+00 
 -5.35409916e+00  -3.03013395e+00  -1.21397380e+01 
 -2.32603111e+00  -5.13825722e+00  -1.27641232e+01 
  3.99784766e+00  -6.56071484e+00  -1.02752753e+01 
  1.05886809e+01   4.77460787e+00   2.22331488e+00 
  8.74131423e+00   2.21687190e+00   4.48508757e+00 
  8.86577856e+00   3.68506182e-01   7.81474240e+00 
  5.11005308e+00   7.98042319e-01   7.94314392e+00 
  3.78937605e+00   4.00972502e+00   9.39684142e+00 
  2.73806639e+00   6.38412464e+00   6.67250520e+00 
 -1.69110252e+00   9.39742050e+00   3.45109061e+00 
  6.53459639e-01   1.07245388e+01   8.01460805e-01 
  3.05163281e+00   2.73216566e+00  -1.03745908e+01 
 -3.69358151e-01   1.77597350e+00  -9.48070030e+00 
 -8.19378464e-01  -1.93716115e+00  -8.41510012e+00 
 -3.43017732e+00  -4.22885757e+00  -7.22890214e+00 
 -6.85413797e+00  -3.63210113e+00  -8.64696198e+00 
 -6.15262025e+00   5.24178168e-02  -8.98047030e+00 
 -7.19969748e+00   4.10928086e-01  -5.38570739e+00 
 -5.35609623e+00   4.68085905e+00  -4.52980349e+00 
 -4.53378340e+00   2.73414782e+00  -1.13608718e+00 
 -1.62270508e+00   7.92916410e-01  -7.72549550e-01 
  2.37228483e+00   4.99853203e-01  -1.65458782e+00 
  5.38252612e+00  -2.52202403e+00  -1.07107990e+00 
  5.19148349e+00  -4.22631315e+00  -4.30662086e+00 
  4.41278062e+00  -2.32774474e+00  -7.56734796e+00 
  6.88299784e+00   5.39021832e-02  -9.01105507e+00 
  9.82764408e+00  -9.95643289e-01  -6.82982897e+00 
  9.14034536e+00   2.66209361e+00  -2.91166937e+00 
  6.14065759e+00   4.83877742e+00  -3.85593907e+00 
  2.38416364e+00   4.45679115e+00  -4.18566110e+00 
  4.64943489e-01   5.42814509e+00  -1.06201122e+00 
 -2.80754771e+00   7.36834353e+00  -1.48417456e+00 
 -5.44234095e+00   8.36432248e+00   1.04014432e+00 
 -5.19527872e+00   1.21832370e+01   1.27395450e+00 

   3.356828058041e+01 

 -4.47273410e+00  -7.18869462e-02  -5.27957557e-01 
 -2.68260267e+00   9.12108438e-01  -4.42771498e-01 
 -2.68464897e+00  -2.11227618e-01  -1.42992406e+00 
 -4.07362930e+00  -2.32357241e+00  -1.88565552e+00 
 -3.27835678e+00   2.68412988e+00  -2.85854613e+00 
 -3.71718871e+00  -1.09332811e+00  -1.25922345e+00 
 -4.97700926e-01   9.87608437e-01  -3.69417049e+00 
 -1.28551796e+00   1.06605103e+00  -3.21355058e-01 
 -5.34025202e-01   4.97107672e-01  -4.90299560e+00 
 -4.07045873e-01   7.56464334e-01  -1.41957809e+00 
 -1.48541276e+00   3.20913853e+00  -1.78470362e+00 
 -6.22307024e-01  -2.37502957e-02  -2.55090925e+00 
 -2.93440091e+00   4.51100451e+00   3.37022441e+00 
 -1.90967470e+00  -3.45153829e-01  -2.53251050e+00 
 -3.20245799e+00   6.40161387e+00   4.49733405e+00 
 -9.62992501e-01   1.36081396e+00  -5.81601057e+00 
 -2.35472428e+00   7.66813040e+00   2.23086251e+00 
 -1.43992717e+00   2.46380538e+00  -5.07120878e+00 
 -1.28299921e+00   2.07797550e+00  -3.79442603e+00 
 -1.49239406e+00   6.66902592e-01  -7.01836175e+00 
 -1.73956256e+00   6.39220540e+00   2.39461814e+00 
 -2.08755209e+00   2.43676507e+00  -2.68419270e+00 
 -1.95415726e+00   3.53174250e+00  -5.64655104e-01 
 -1.02278156e+00   3.81047283e+00   3.60796419e-01 
 -1.42375374e+00   3.88648774e+00   1.66329815e+00 
 -2.75451399e+00   3.78412987e+00   2.07708588e+00 
 -3.62013300e+00   4.29665378e+00   1.10585073e+00 
 -3.24813325e+00   3.92430675e+00  -1.80285532e-01 
 -2.26503965e+00   8.35303359e+00   3.53346903e+00 
 -3.89595654e+00   4.39346704e+00   4.28377959e+00 
 -3.65818553e+00   5.35105447e+00   5.23471120e+00 
 -3.78886485e+00   7.62886033e+00   1.97337317e+00 
 -2.43755605e+00   5.75761535e+00   3.56752400e+00 
 -3.87526699e+00   1.05821855e+00  -9.14478573e-01 
 -1.79829189e+00  -7.03634471e-01  -6.88848173e+00 
 -3.62327635e-01   4.69279566e-01  -7.75265922e+00 
 -2.49125351e+00   1.31871511e+00  -7.52101561e+00 
  9.89689799e-02   4.49868682e+00  -6.35577643e-02 
 -1.63283368e+00  -9.42896232e+00  -1.05436664e+01 
  8.67349226e+00  -2.54868080e+00   4.64319743e+00 
  9.52821902e+00   7.43310991e-01   6.32842286e+00 
  7.65672136e+00   2.60846805e+00   3.51511464e+00 
  1.02816670e+01   1.15968194e+00   1.06397978e+00 
  1.29131443e+01   3.34039634e+00   2.70042635e+00 
  1.11993463e+01   6.45675001e+00   1.34906654e+00 
  1.12549238e+01   5.28232541e+00  -2.29851719e+00 
  3.21329391e+00   7.63392024e+00   6.52700657e+00 
 -1.96858998e-01   8.74228484e+00   7.86816820e+00 
 -1.15078754e+00   5.29292333e+00   9.18538293e+00 
  1.23266030e+00   2.82065080e+00   7.47963183e+00 
  5.37668759e+00  -9.56033365e-01   8.29076653e+00 
  8.55075823e+00  -2.93993200e+00   8.97484104e+00 
  5.70859554e+00  -5.53954896e+00  -9.07404839e+00 
  3.03971309e+00  -4.41379255e+00  -1.14432203e+01 
 -3.47314798e+00  -2.01695077e+00  -1.16599757e+01 
 -1.31623269e+01  -3.32539424e+00   3.58965273e+00 
 -1.15252909e+01   1.59886217e-01   4.08293350e+00 
 -1.20736231e+01   3.67591453e+00   5.44507344e+00 
 -8.45386168e+00   3.57984240e+00   6.53803248e+00 
 -7.70396990e+00   2.03961167e+00   9.89029763e+00 
 -6.40164142e+00  -1.46926712e+00   9.49438907e+00 
 -1.75750309e+00  -5.64416683e+00   9.77222492e+00 
 -3.70323585e+00  -8.43323016e+00   8.12480191e+00 
 -3.35674858e+00  -9.28473734e+00  -5.79239156e+00 
 -7.73994677e-02  -7.83627079e+00  -5.04116803e+00 
  5.05536575e-01  -4.25641150e+00  -6.44480049e+00 
  3.05802553e+00  -1.61825366e+00  -6.45629280e+00 
  6.61228861e+00  -2.82482724e+00  -6.50002620e+00 
  5.65544256e+00  -5.93564369e+00  -4.60627293e+00 
  6.01145702e+00  -3.92522872e+00  -1.44736393e+00 
  3.67192543e+00  -6.79767943e+00   1.49191598e+00 
  2.43705112e+00  -3.19442394e+00   2.70634123e+00 
 -3.07452854e-01  -1.57667677e+00   1.21452757e+00 
 -4.04007483e+00  -2.06793133e+00  -4.13361880e-01 
 -6.82446495e+00   5.25632684e-01  -2.42690937e+00 
 -5.91082365e+00  -1.58765865e-01  -5.90637516e+00 
 -4.73800863e+00  -3.64324490e+00  -7.05797936e+00 
 -7.11501981e+00  -6.50647145e+00  -7.15925617e+00 
 -1.02946457e+01  -4.44984604e+00  -6.72278645e+00 
 -1.06428251e+01  -4.82501739e+00  -1.34306425e+00 
 -7.72936708e+00  -6.98540101e+00  -1.29709604e-01 
 -3.95515783e+00  -6.73489193e+00   1.12089216e-01 
 -2.71538677e+00  -5.45979319e+00   3.46189727e+00 
  3.93826176e-01  -7.09809527e+00   4.97865423e+00 
  2.43911694e+00  -6.18638894e+00   8.02691153e+00 
  1.81496062e+00  -9.02838448e+00   1.05235704e+01 

   3.356828058039e+01 

  2.07522387e+00  -4.79216239e-01  -1.37700601e+00 
  1.35975398e+00  -4.04084040e-01   5.36768149e-01 
  1.49074611e+00   9.47003610e-01  -9.07361350e-02 
  1.68858229e+00   1.91852984e+00  -2.46053683e+00 
  4.08451825e+00   2.00861678e-01   1.77799722e+00 
  1.61976607e+00   9.12091786e-01  -1.45290830e+00 
  2.14232630e+00   2.80689786e+00   2.64111230e+00 
  4.88938375e-01  -4.99186263e-02   1.58868680e+00 
  2.72291524e+00   3.96350930e+00   2.47277753e+00 
  5.15416484e-01   1.27149591e+00   2.16036322e+00 
  2.52273389e+00  -2.08744804e-01   3.20504750e+00 
  1.02572919e+00   2.46132201e+00   1.65156372e+00 
  6.80100034e-01  -5.31555465e+00   2.26011386e+00 
  1.66314483e+00   2.13620751e+00   5.33996554e-01 
  9.71671242e-01  -7.29381188e+00   3.21829976e+00 
  3.96597650e+00   4.00864262e+00   2.93792116e+00 
  2.48149317e+00  -5.97651861e+00   5.07431350e+00 
  4.27760037e+00   2.66805858e+00   3.26120329e+00 
  3.18341702e+00   1.98670396e+00   2.88413042e+00 
  4.75483952e+00   5.08517105e+00   2.28507417e+00 
  1.42071134e+00  -5.16642279e+00   4.57260543e+00 
  3.12578597e+00   6.57360290e-01   2.39609585e+00 
  2.17077935e+00  -1.47298512e+00   2.90481811e+00 
  1.12514154e+00  -1.96323244e+00   3.58885860e+00 
  5.66955004e-01  -3.12815994e+00   3.14790637e+00 
  1.07501459e+00  -3.88463870e+00   2.08855009e+00 
  2.46658453e+00  -3.76898364e+00   2.01484945e+00 
  2.89840075e+00  -2.46483071e+00   2.22435524e+00 
  1.89521672e+00  -7.28940330e+00   5.40070710e+00 
  6.31259154e-01  -6.29662502e+00   1.36116803e+00 
  3.03405463e-01  -7.44059089e+00   2.04060513e+00 
  3.51464398e+00  -6.30608530e+00   4.10035669e+00 
  8.08751754e-01  -5.95773892e+00   3.44791392e+00 
  2.46569002e+00  -5.84025983e-01  -1.04192145e-01 
  4.24149399e+00   5.62357212e+00   1.08698636e+00 
  4.44193633e+00   6.16908598e+00   3.04830280e+00 
  5.98930898e+00   4.72455846e+00   2.13918086e+00 
  1.01716559e+00  -1.59910162e+00   4.91844110e+00 
  2.55982484e+00   1.31941498e+01  -4.33310857e+00 
 -1.04876388e+01   2.00005074e+00   5.08258585e+00 
 -1.06164404e+01  -7.37264766e-01   7.70904109e+00 
 -6.80620929e+00  -3.70010400e-01   8.20227579e+00 
 -7.49885422e+00   3.24614922e+00   9.40269969e+00 
 -9.19378853e+00   1.82710884e+00   1.24803071e+01 
 -5.85905573e+00   4.78042920e-01   1.37190624e+01 
 -4.07117533e+00   3.86312424e+00   1.35403514e+01 
 -3.73953342e+00  -7.05322377e+00   8.17275937e+00 
 -2.00028516e+00  -9.95235410e+00   6.37654415e+00 
 -3.81730038e+00  -9.40560703e+00   3.06857626e+00 
 -5.30333636e+00  -5.87590426e+00   3.25682526e+00 
 -1.00870455e+01  -2.84169937e+00   3.31986426e+00 
 -1.33815468e+01  -1.06258374e+00   3.99776205e+00 
 -1.16259770e+00   1.27467849e+01   3.22515402e+00 
  2.51963187e+00   1.28860465e+01   2.57321265e+00 
  7.75907591e+00   9.26766575e+00  -1.95314561e-01 
  3.31359585e+00  -5.05791681e+00  -1.03520259e+01 
  3.55791315e+00  -6.71593391e+00  -6.85035781e+00 
  4.60418162e+00  -9.86641927e+00  -4.97997994e+00 
  1.62275106e+00  -9.25807614e+00  -2.73332635e+00 
 -1.69640425e+00  -1.06301231e+01  -3.86161064e+00 
 -3.82769117e+00  -7.91863572e+00  -5.36842373e+00 
 -8.75573826e+00  -4.07905725e+00  -5.15165005e+00 
 -7.75128038e+00  -2.05873323e+00  -8.18283925e+00 
  6.24816662e-01   8.91870800e+00  -6.21556379e+00 
 -1.22939638e+00   8.80653106e+00  -3.05869300e+00 
  9.31113392e-01   8.11221959e+00   9.97118123e-02 
  5.53911408e-01   7.64161451e+00   3.72068648e+00 
 -2.15516174e+00   9.68150945e+00   5.33011706e+00 
 -4.18940114e+00   9.61162713e+00   2.16214861e+00 
 -5.53895648e+00   6.28871848e+00   3.29537363e+00 
 -7.28673536e+00   4.78480560e+00  -8.33459616e-01 
 -5.68228087e+00   1.43668422e+00   6.49444076e-01 
 -2.29716319e+00   6.23334005e-01   1.45106589e-01 
  8.33854518e-01   6.93084992e-01  -2.50360690e+00 
  5.02025212e+00  -2.81045418e-01  -2.26087370e+00 
  6.39139723e+00   3.03505175e+00  -1.53061016e+00 
  4.83831128e+00   6.24772427e+00  -2.98317496e+00 
  5.07841975e+00   6.99223547e+00  -6.62275647e+00 
  7.68661431e+00   4.33544755e+00  -7.44070117e+00 
  4.26323840e+00   3.96956244e-01  -8.84504362e+00 
  7.08619069e-01   1.77935564e+00  -8.55977560e+00 
 -1.66289778e+00   2.89105040e+00  -5.82008220e+00 
 -4.01255460e+00   1.63437184e-01  -4.62703521e+00 
 -7.64804844e+00   1.10756710e+00  -3.88974784e+00 
 -1.04641997e+01  -8.90936294e-01  -2.34651373e+00 
 -1.29711848e+01  -1.43180482e+00  -5.19647881e+00 

   3.356828058105e+01 

  1.74604110e+00  -3.81483137e+00   2.57709438e-01 
  2.15910186e+00  -1.84921301e+00  -1.24127449e-01 
  1.32665783e+00  -2.04288899e+00   1.10301753e+00 
 -1.70245340e-01  -3.87668356e+00   2.10073315e+00 
  4.51557777e+00  -1.72774967e+00   1.81577410e+00 
  7.45293420e-01  -3.27925756e+00   1.18539768e+00 
  2.35256804e+00   5.91120475e-01   2.93502843e+00 
  1.89453314e+00  -4.78576428e-01  -3.28197809e-01 
  2.17097320e+00   5.49184263e-01   4.22670688e+00 
  1.60781125e+00   3.94513269e-01   7.80475223e-01 
  4.27931494e+00   2.49888021e-02   5.84714468e-01 
  1.18675496e+00   9.83809042e-02   2.07275988e+00 
  4.75265141e+00  -1.54120430e+00  -4.67748055e+00 
  1.23362298e+00  -1.22366121e+00   2.17746091e+00 
  6.34617246e+00  -1.42354928e+00  -6.21484271e+00 
  3.29886966e+00   4.49086892e-01   4.92055698e+00 
  7.80191025e+00  -5.92734325e-02  -4.34958438e+00 
  4.29682191e+00   2.00986486e-01   3.95033847e+00 
  3.61007188e+00   1.26669771e-01   2.79859340e+00 
  3.06017462e+00  -1.19815023e-01   6.27214961e+00 
  6.40313954e+00   1.87620668e-01  -4.22425187e+00 
  3.91999329e+00  -6.63886369e-01   1.66385862e+00 
  4.43927978e+00  -4.62898259e-01  -6.59749502e-01 
  4.24077657e+00   4.12888961e-01  -1.65734914e+00 
  4.13313109e+00  -8.14288225e-02  -2.92507550e+00 
  4.30936659e+00  -1.42780723e+00  -3.25496412e+00 
  5.24073619e+00  -2.03227315e+00  -2.40499569e+00 
  5.07527692e+00  -1.64366841e+00  -1.08106888e+00 
  8.13014072e+00   7.47314421e-02  -5.78074717e+00 
  4.70313027e+00  -2.58585500e+00  -5.50164066e+00 
  5.32401661e+00  -2.20465718e+00  -6.66223019e+00 
  8.21407881e+00  -1.42260807e+00  -4.03968484e+00 
  5.74015373e+00  -7.62285484e-01  -5.18536359e+00 
  2.72624487e+00  -2.91159816e+00   3.40620360e-01 
  1.83204291e+00  -7.79326653e-01   6.48557654e+00 
  2.72893243e+00   9.88054400e-01   6.99201190e+00 
  4.05459881e+00  -8.62725670e-01   6.63881698e+00 
  4.67242309e+00   1.71013658e+00  -1.45030058e+00 
 -5.57174660e+00  -2.50496480e+00   1.21180867e+01 
 -5.31000976e+00   7.67526917e+00  -4.62986210e+00 
 -2.83504581e+00   9.17779637e+00  -7.08439219e+00 
  4.52646062e-02   8.13606733e+00  -4.73606725e+00 
 -1.48560320e+00   1.05282909e+01  -2.10337033e+00 
 -5.25663156e-01   1.34576524e+01  -4.30689069e+00 
  3.15912357e+00   1.27453108e+01  -3.68250806e+00 
  2.85214133e+00   1.28562038e+01   1.35959400e-01 
  5.29707633e+00   4.86077629e+00  -8.70616199e+00 
  6.96960714e+00   1.73559559e+00  -1.01526113e+01 
  3.70968166e+00  -1.98829407e-01  -1.05697625e+01 
  1.12168414e+00   1.62439887e+00  -8.40628160e+00 
 -3.72576436e+00   4.55624392e+00  -8.43407756e+00 
 -6.60177147e+00   7.02950963e+00  -8.73420418e+00 
 -4.26247200e+00   5.40811798e+00   9.50029812e+00 
 -1.95474646e+00   3.36582824e+00   1.16231952e+01 
  2.11677323e+00  -2.25679404e+00   1.14888871e+01 
  1.63425680e-01  -1.34111680e+01  -2.64998675e+00 
  2.86944321e+00  -1.09893563e+01  -4.02209806e+00 
  6.00908847e+00  -1.07460668e+01  -6.16732215e+00 
  4.68796418e+00  -7.39892861e+00  -7.33255109e+00 
  2.29900295e+00  -7.40491905e+00  -1.02420456e+01 
 -1.25392940e+00  -7.01683448e+00  -9.06259850e+00 
 -6.49274518e+00  -3.65411992e+00  -8.49518235e+00 
 -8.20713473e+00  -6.07973559e+00  -6.15937202e+00 
 -6.01758473e+00  -4.59351066e+00   7.53480186e+00 
 -5.72416430e+00  -1.14248839e+00   6.34279828e+00 
 -2.22156113e+00   4.77405755e-01   6.82560774e+00 
 -4.46956279e-01   3.61102932e+00   6.11399707e+00 
 -2.53806102e+00   6.72154324e+00   6.32015877e+00 
 -5.60792309e+00   4.81457668e+00   5.26258601e+00 
 -4.52264759e+00   5.36263203e+00   1.70322748e+00 
 -7.22300027e+00   2.08475274e+00  -3.77000927e-01 
 -3.78137883e+00   1.70508810e+00  -2.37557293e+00 
 -1.18668276e+00  -3.69810946e-01  -1.21917237e+00 
 -2.66080972e-01  -3.92381947e+00   6.09854044e-01 
  3.36849989e+00  -5.73453151e+00   2.03986106e+00 
  3.24852232e+00  -4.68928297e+00   5.54740790e+00 
 -7.88609305e-02  -4.34490715e+00   7.45874443e+00 
 -2.08714107e+00  -7.35663922e+00   8.32752878e+00 
  6.10369857e-01  -9.92701885e+00   7.52327892e+00 
 -8.36780115e-01  -1.08887001e+01   2.40621731e+00 
 -3.92396182e+00  -8.76355626e+00   1.64411684e+00 
 -4.77440451e+00  -5.09484607e+00   1.21611020e+00 
 -4.66124238e+00  -3.90527360e+00  -2.38336682e+00 
 -7.38036982e+00  -1.48753337e+00  -3.57192421e+00 
 -7.76074867e+00   4.12603266e-01  -6.82016804e+00 
 -1.08033688e+01  -1.16483079e+00  -8.53888258e+00 

   3.356828058041e+01 

 -1.90912792e+00  -1.41122158e+00  -2.66341490e+00 
 -1.54685039e+00  -1.58040213e+00  -6.58369501e-01 
 -7.67011685e-01  -4.78216286e-01  -1.30132846e+00 
 -8.86198264e-01   9.11255750e-01  -3.45866944e+00 
  9.96153001e-01  -3.23319063e+00  -1.02220178e+00 
 -1.24078340e+00  -1.13107717e-01  -2.53243137e+00 
  1.98140860e+00  -4.84704827e-01   6.46209821e-01 
 -1.41663553e+00  -1.15904112e+00   6.81699512e-01 
  3.07369443e+00   4.68381641e-02   1.69195860e-01 
 -2.56452442e-01  -4.26988033e-01   1.11956301e+00 
  3.22062618e-01  -3.06644778e+00   1.01770486e+00 
  6.85001162e-01   2.88196928e-01   3.86652376e-01 
 -4.72000436e+00  -5.27135663e+00   1.30691467e+00 
  4.09183443e-01   5.22428421e-02  -8.89750592e-01 
 -5.55563295e+00  -7.19291345e+00   2.03215857e+00 
  4.03345648e+00  -8.37453511e-01  -7.67368108e-02 
 -3.00849591e+00  -7.80841888e+00   2.80212983e+00 
  3.40967868e+00  -2.09685921e+00   7.68373615e-02 
  2.12918836e+00  -1.78838056e+00   3.39231621e-01 
  5.00770705e+00  -3.23255833e-01  -1.07366404e+00 
 -3.27527379e+00  -6.41098755e+00   2.89825310e+00 
  9.77076374e-01  -2.53591569e+00  -1.07434028e-02 
 -8.89075710e-01  -3.65290857e+00   9.78707295e-01 
 -1.59628435e+00  -3.60236127e+00   2.11840582e+00 
 -2.91663932e+00  -3.94388572e+00   2.06280412e+00 
 -3.54912300e+00  -4.42956634e+00   9.15329069e-01 
 -2.65919415e+00  -5.16845358e+00   1.29614739e-01 
 -1.40720476e+00  -4.57085171e+00   4.85765658e-02 
 -4.15221678e+00  -8.50260978e+00   3.42174343e+00 
 -5.78253303e+00  -5.63386572e+00   5.90948675e-01 
 -6.51609721e+00  -6.48600858e+00   1.37422117e+00 
 -2.99363490e+00  -8.33781123e+00   1.44414421e+00 
 -4.63156839e+00  -6.21743748e+00   2.27486645e+00 
 -1.25482558e+00  -2.16166229e+00  -1.77334127e+00 
  4.61122814e+00   7.86288688e-01  -1.84860248e+00 
  5.87181299e+00   3.79641217e-01  -2.89728826e-01 
  5.44244768e+00  -1.28223102e+00  -1.82639762e+00 
 -8.92483070e-01  -3.73367069e+00   3.30139391e+00 
  6.79011904e+00   9.08738861e+00  -5.83147478e+00 
 -5.24017110e+00   5.78534172e+00   9.28699293e+00 
 -6.21358848e+00   3.00300127e+00   1.16783927e+01 
 -3.47263528e+00   7.76939258e-01   1.01202396e+01 
 -8.99098048e-01   3.37114289e+00   1.14025798e+01 
 -1.71983177e+00   2.32936457e+00   1.49521206e+01 
 -1.75557946e-01  -1.09095479e+00   1.43263640e+01 
  3.19610591e+00   3.02761466e-01   1.31530495e+01 
 -6.30651931e+00  -5.85792541e+00   8.69954176e+00 
 -7.97970514e+00  -8.37147122e+00   6.34606219e+00 
 -9.97144991e+00  -5.73671034e+00   4.43972617e+00 
 -8.32751664e+00  -2.37325739e+00   5.26870721e+00 
 -9.06318871e+00   2.68600669e+00   7.70937894e+00 
 -9.54125365e+00   5.72999118e+00   9.94189960e+00 
  7.16133069e+00   8.43296602e+00   2.57196674e+00 
  9.22288343e+00   6.51573735e+00   1.06713972e-01 
  8.77801695e+00   1.69211597e+00  -4.86761647e+00 
 -7.83466200e+00  -2.35128699e+00  -1.08520271e+01 
 -7.49091813e+00  -4.89008103e+00  -7.93539245e+00 
 -8.33815463e+00  -8.42291752e+00  -6.78656472e+00 
 -8.83861078e+00  -6.94625208e+00  -3.34048507e+00 
 -1.22315541e+01  -5.51904641e+00  -2.55095994e+00 
 -1.22034310e+01  -1.76480472e+00  -2.81536840e+00 
 -1.24039241e+01   3.90527285e+00  -1.91435469e-01 
 -1.15608461e+01   5.78124542e+00  -3.36140381e+00 
  1.91044248e+00   7.85565125e+00  -6.32022379e+00 
  1.93738751e+00   7.81797002e+00  -2.65765955e+00 
  3.97495142e+00   4.92009192e+00  -1.05265898e+00 
  4.82018061e+00   3.56753839e+00   2.25360709e+00 
  5.23710470e+00   6.12122877e+00   4.97304788e+00 
  2.73803373e+00   8.39913765e+00   3.31630100e+00 
  4.29681246e-02   6.45474427e+00   5.07788452e+00 
 -3.65716242e+00   7.86350148e+00   2.49173205e+00 
 -4.45637399e+00   3.98292355e+00   3.02611879e+00 
 -3.18198925e+00   1.51461712e+00   8.67803966e-01 
 -2.27338100e+00   5.70067155e-01  -3.01884990e+00 
 -3.39920470e-01  -2.75787047e+00  -4.94766760e+00 
  3.08439985e+00  -1.47253811e+00  -5.12592296e+00 
  3.83165546e+00   2.26949125e+00  -5.65706018e+00 
  3.08803628e+00   3.90772942e+00  -8.91615693e+00 
  2.48570746e+00   7.02073979e-01  -1.08887714e+01 
 -2.86953176e+00   4.52635732e-01  -1.02086340e+01 
 -3.93321027e+00   3.50634273e+00  -8.16628582e+00 
 -3.52415387e+00   4.80209751e+00  -4.62798548e+00 
 -6.38225130e+00   3.87144920e+00  -2.31513098e+00 
 -7.62586364e+00   6.50551260e+00   1.68199221e-01 
 -1.01199660e+01   6.25963749e+00   3.00109423e+00 
 -1.31095652e+01   8.37911316e+00   1.87418054e+00 

   3.356828058040e+01 

  2.37729564e+00   3.57112738e+00   5.30906040e-01 
  9.46960248e-01   2.67601546e+00  -6.23645387e-01 
  4.20856770e-01   3.15128970e+00   6.93050447e-01 
  1.37844067e+00   3.80929350e+00   2.98412484e+00 
 -1.51577929e-01   5.30991127e+00  -1.71302877e+00 
  1.39835946e+00   3.42254797e+00   1.61190052e+00 
 -2.75931656e+00   3.85987174e+00  -1.62033579e-01 
 -9.80656759e-02   1.78397038e+00  -9.43742570e-01 
 -3.43152556e+00   4.68074781e+00   5.97879229e-01 
 -1.44069018e+00   2.01685553e+00  -4.78151247e-01 
 -9.57524088e-01   3.54711882e+00  -2.65453495e+00 
 -1.90603569e+00   2.81446707e+00   5.62161964e-01 
  3.23107355e+00   8.13123587e-01  -4.96724454e+00 
 -8.53132353e-01   3.49293409e+00   1.00037600e+00 
  4.00874528e+00   5.82747270e-01  -7.03092788e+00 
 -3.69694124e+00   5.84630653e+00   1.94119080e-02 
  1.88605639e+00   2.11267814e+00  -7.81394399e+00 
 -2.93601709e+00   5.83767911e+00  -1.17210241e+00 
 -2.26415512e+00   4.67632462e+00  -1.11275196e+00 
 -3.96124854e+00   6.90764425e+00   1.02496220e+00 
  1.57585582e+00   1.30406202e+00  -6.68118632e+00 
 -9.75985261e-01   4.40212951e+00  -1.63628715e+00 
  1.32778763e-01   2.97905118e+00  -3.20303482e+00 
 -6.38183829e-02   1.78495940e+00  -3.78364359e+00 
  1.03784830e+00   1.05258703e+00  -4.11984072e+00 
  2.35086618e+00   1.51017335e+00  -3.98120759e+00 
  2.41856778e+00   2.89511694e+00  -4.16182458e+00 
  1.36815103e+00   3.55921351e+00  -3.53991366e+00 
  2.56060894e+00   1.23642998e+00  -8.78918095e+00 
  4.55436063e+00   6.65142749e-01  -4.96823181e+00 
  4.88170164e+00   3.51746637e-02  -6.14031052e+00 
  2.87106953e+00   3.15884515e+00  -7.56922026e+00 
  2.87887784e+00   6.72924103e-01  -6.26959746e+00 
  1.59919614e+00   3.78627018e+00  -5.32944868e-01 
 -3.55498242e+00   6.65367962e+00   2.35133454e+00 
 -5.29031534e+00   6.74029103e+00   1.27168522e+00 
 -3.51288889e+00   8.05015875e+00   6.14017782e-01 
 -1.25360352e+00   1.60542552e+00  -4.46497947e+00 
 -5.35762579e+00   7.18207761e+00   1.16244333e+01 
 -4.77548002e+00  -8.85916841e+00   3.75478080e-01 
 -4.63811923e+00  -9.84148236e+00  -3.28839206e+00 
 -4.97031571e+00  -6.11706986e+00  -4.24464237e+00 
 -8.44728403e+00  -6.18272865e+00  -2.54059871e+00 
 -9.68094628e+00  -8.46763859e+00  -5.30020187e+00 
 -9.33122784e+00  -5.64169188e+00  -7.82342577e+00 
 -1.15096364e+01  -3.18828187e+00  -5.84288418e+00 
  6.79120568e-02  -4.50464615e+00  -9.35219202e+00 
  3.51762776e+00  -3.20729905e+00  -1.03878958e+01 
  5.28542027e+00  -4.49003855e+00  -7.26177718e+00 
  2.51452744e+00  -5.23112270e+00  -4.71707888e+00 
 -5.02035226e-02  -9.26596755e+00  -1.67792960e+00 
 -2.03291263e+00  -1.21797575e+01  -2.43625120e-01 
 -1.05366383e+01   2.62228784e+00   6.76953434e+00 
 -9.92138088e+00   6.30405577e+00   6.50632495e+00 
 -5.03126831e+00   1.09658816e+01   4.90527084e+00 
  1.19676817e+01   4.84289521e+00   3.60599105e+00 
  1.07509013e+01   4.34666913e+00  -4.68977338e-02 
  1.17926016e+01   4.50685991e+00  -3.70855698e+00 
  9.58661734e+00   1.48083550e+00  -4.24078950e+00 
  1.11150883e+01  -1.90114886e+00  -3.60968834e+00 
  1.00590797e+01  -3.24720047e+00  -2.57372041e-01 
  6.79935750e+00  -7.27425876e+00   3.24005765e+00 
  7.51972940e+00  -5.54238701e+00   6.52036820e+00 
 -1.12335122e+00   4.63429080e+00   1.05534535e+01 
 -3.36154381e+00   2.45398577e+00   8.64209620e+00 
 -4.89522478e+00   4.05717457e+00   5.44788267e+00 
 -7.09162269e+00   3.18712597e+00   2.63824572e+00 
 -9.86462022e+00   7.91429063e-01   3.45165644e+00 
 -7.76663349e+00  -8.44848263e-01   6.11625498e+00 
 -6.26237994e+00  -2.96654682e+00   3.39911733e+00 
 -2.44901567e+00  -4.51087731e+00   5.73086455e+00 
 -9.57139763e-01  -3.80507048e+00   2.08952728e+00 
  2.18534303e-01  -6.24356505e-01   1.15370380e+00 
  2.22680680e+00   2.73150227e+00   2.39018025e+00 
  3.05803256e+00   6.57431667e+00   6.36436911e-01 
  2.69900131e-01   8.50631057e+00   2.01612572e+00 
 -1.14205993e+00   7.81922376e+00   5.53430210e+00 
  8.60754317e-01   8.61432283e+00   8.56993311e+00 
  3.52136920e+00   1.06963705e+01   6.80458880e+00 
  7.07604566e+00   6.71705146e+00   5.94861601e+00 
  5.63137848e+00   3.51300172e+00   7.45683565e+00 
  2.76633151e+00   1.12793649e+00   6.77211158e+00 
  3.73012917e+00  -1.85055997e+00   4.63113628e+00 
  2.28132681e+00  -5.27400365e+00   5.54371216e+00 
  2.44577614e+00  -8.59564645e+00   3.74206268e+00 
  4.62783488e+00  -1.08239705e+01   5.97208645e+00 

   3.356828058084e+01 

  1.41436394e+00   2.43652689e+00  -2.46704664e+00 
  7.74780458e-01   2.02816390e+00  -5.68561284e-01 
  2.04106755e+00   1.31622524e+00  -9.23552383e-01 
  3.30726791e+00   6.65713307e-01  -3.06189961e+00 
  2.61191720e+00   4.08716855e+00   7.41544877e-01 
  2.29658935e+00   1.28287362e+00  -2.26778988e+00 
  3.49358073e+00   1.14503577e+00   2.11086030e+00 
  4.07091578e-01   1.23672761e+00   5.39914868e-01 
  4.78507120e+00   9.65205296e-01   2.16455012e+00 
  1.40459022e+00   5.95019357e-01   1.35652868e+00 
  1.17678352e+00   3.19151849e+00   2.07631920e+00 
  2.73603384e+00   2.99074301e-01   1.08329481e+00 
 -3.85697544e+00   4.38315494e+00   1.76588043e-01 
  3.00560618e+00   8.74193710e-01  -8.18329871e-02 
 -5.44414945e+00   5.82903269e+00   7.30619713e-01 
  5.45173356e+00   2.02031759e+00   2.61830868e+00 
 -3.81105495e+00   6.56361820e+00   2.79289925e+00 
  4.49107228e+00   3.05614558e+00   2.67286825e+00 
  3.37917209e+00   2.48580156e+00   2.18088157e+00 
  6.87098292e+00   2.00001441e+00   2.17927971e+00 
 -3.67589222e+00   5.18196854e+00   2.46732342e+00 
  2.34469799e+00   3.11595567e+00   1.44506730e+00 
 -2.46006514e-04   3.56476298e+00   1.54003266e+00 
 -1.09414804e+00   3.05279825e+00   2.12559428e+00 
 -2.28537222e+00   3.18454149e+00   1.47237439e+00 
 -2.44752024e+00   3.89813072e+00   2.81946433e-01 
 -1.55637004e+00   4.97386998e+00   2.19407934e-01 
 -2.87832253e-01   4.63386852e+00   6.73702521e-01 
 -5.25690270e+00   6.84358864e+00   2.86403367e+00 
 -4.54055800e+00   4.78007834e+00  -8.94931604e-01 
 -5.75819655e+00   5.22116708e+00  -4.47073621e-01 
 -3.34380505e+00   7.48451876e+00   1.76419937e+00 
 -4.48877444e+00   4.98298458e+00   1.21622985e+00 
  1.35284729e+00   2.96532342e+00  -1.24226345e+00 
  7.20296965e+00   1.13890972e+00   1.11293197e+00 
  7.45462198e+00   1.23189977e+00   3.14087377e+00 
  7.29853996e+00   3.20091583e+00   1.95506646e+00 
 -1.06588744e+00   2.91775220e+00   3.50145887e+00 
  1.32288097e+01  -5.06601620e+00  -2.72207015e+00 
 -4.67220999e+00  -8.54560484e+00   4.46440452e+00 
 -7.37042419e+00  -6.83221600e+00   6.51176664e+00 
 -4.99701612e+00  -3.83352704e+00   7.03216661e+00 
 -2.64305748e+00  -6.26346783e+00   8.91674879e+00 
 -5.22719910e+00  -6.51829038e+00   1.16763544e+01 
 -4.62897909e+00  -2.87629051e+00   1.25998840e+01 
 -8.47686778e-01  -3.29277498e+00   1.30642096e+01 
 -8.67739192e+00   2.38726857e+00   5.68040949e+00 
 -9.76675067e+00   5.21493953e+00   3.34077187e+00 
 -9.83760849e+00   3.02703852e+00   2.18081194e-01 
 -7.84510885e+00  -1.28021760e-01   1.10017071e+00 
 -8.09745201e+00  -5.74496188e+00   1.79338915e+00 
 -8.62118397e+00  -9.36757203e+00   2.83307022e+00 
  9.59321142e+00  -7.00751152e+00   4.63978547e+00 
  1.18868631e+01  -4.12219816e+00   3.99374733e+00 
  1.23420841e+01   1.87764763e+00   5.29094631e-01 
 -2.07570139e-01   4.94064932e+00  -1.21700228e+01 
 -1.95574745e+00   6.46763421e+00  -9.05833755e+00 
 -4.20806250e+00   9.29068529e+00  -7.84342670e+00 
 -5.74687134e+00   6.75672226e+00  -5.49447782e+00 
 -8.55899878e+00   4.64441078e+00  -6.83701637e+00 
 -7.33166041e+00   1.21114071e+00  -7.77046732e+00 
 -7.03654090e+00  -4.95206604e+00  -6.76907393e+00 
 -4.36221503e+00  -5.59389904e+00  -9.36036402e+00 
  8.96192590e+00  -4.51959884e+00  -5.37959282e+00 
  7.33482346e+00  -5.61888348e+00  -2.28756539e+00 
  7.50324825e+00  -3.08345661e+00   6.56689177e-01 
  6.34800283e+00  -2.71165951e+00   4.12113480e+00 
  6.22205308e+00  -5.88651926e+00   6.11986433e+00 
  5.50701243e+00  -7.89650766e+00   3.01701090e+00 
  1.87587506e+00  -7.04120382e+00   3.49713326e+00 
  3.09079935e-01  -8.13447726e+00  -8.28794901e-01 
 -1.72814738e+00  -4.78686057e+00  -3.73651861e-02 
 -3.97309293e-01  -1.60297302e+00  -7.20480251e-01 
  1.83788256e+00   6.32685016e-01  -3.33382523e+00 
  3.37529139e+00   4.65388146e+00  -3.32249279e+00 
  6.72452255e+00   4.03782330e+00  -1.97603563e+00 
  8.67627743e+00   8.10998990e-01  -2.76441392e+00 
  9.97898533e+00   1.72519495e-01  -6.19279556e+00 
  9.42536430e+00   3.69753826e+00  -7.53368367e+00 
  4.51688876e+00   2.88542973e+00  -9.64336163e+00 
  3.58547984e+00  -7.78420178e-01  -9.06335670e+00 
  2.72280523e+00  -3.02971353e+00  -6.13874598e+00 
 -9.99961263e-01  -3.32168041e+00  -5.47550554e+00 
 -2.40228891e+00  -6.75723950e+00  -4.53624997e+00 
 -5.85179264e+00  -7.79620666e+00  -3.38396244e+00 
 -7.26485535e+00  -9.89883323e+00  -6.26181408e+00 

   3.356828058037e+01 

  7.90094383e-01   6.06549205e-01  -5.52916397e+00 
 -5.02760939e-01   6.63352167e-01  -3.94632707e+00 
  7.59288696e-01  -7.91793635e-02  -3.64262343e+00 
  3.13609329e+00  -2.38045806e-01  -4.60414278e+00 
 -1.67895274e+00  -2.09883689e+00  -4.51009517e+00 
  1.77015050e+00   1.64517541e-01  -4.53265070e+00 
 -3.96409345e-01  -2.32055274e+00  -1.40938162e+00 
 -9.27706444e-01   8.82145464e-01  -2.61898507e+00 
  2.99235967e-01  -3.40718934e+00  -1.21325140e+00 
 -5.93311924e-01  -4.66429633e-02  -1.57056563e+00 
 -2.70400298e+00  -9.86530905e-01  -2.97534194e+00 
  4.01350458e-01  -1.01735235e+00  -1.51266534e+00 
 -4.61449657e+00   3.65286519e+00  -5.25431600e+00 
  9.43431322e-01  -1.05647429e+00  -2.72327349e+00 
 -6.59422399e+00   4.35572871e+00  -5.96375005e+00 
 -2.95772752e-01  -4.50836002e+00  -1.65708200e+00 
 -7.57101631e+00   1.97367937e+00  -5.05197849e+00 
 -1.40785413e+00  -4.04312512e+00  -2.39574157e+00 
 -1.29004012e+00  -2.70641112e+00  -2.34114458e+00 
  6.85264659e-01  -5.59473364e+00  -1.91161160e+00 
 -6.47821553e+00   2.44212998e+00  -4.26485404e+00 
 -1.68761730e+00  -1.76867543e+00  -3.32665839e+00 
 -3.14726045e+00   9.68933611e-02  -3.64019364e+00 
 -3.75083215e+00   1.03231066e+00  -2.89032198e+00 
 -3.98260210e+00   2.25107569e+00  -3.45949877e+00 
 -3.71466909e+00   2.55067433e+00  -4.79780846e+00 
 -3.88016642e+00   1.42098572e+00  -5.60508102e+00 
 -3.35944256e+00   2.73808708e-01  -5.01856232e+00 
 -8.48104222e+00   3.11856994e+00  -5.23905570e+00 
 -4.48789108e+00   4.47772281e+00  -6.29189409e+00 
 -5.62615524e+00   5.23956071e+00  -6.33357646e+00 
 -7.22605587e+00   1.59604862e+00  -6.41689580e+00 
 -5.94563854e+00   3.64650968e+00  -4.99385260e+00 
 -3.43029699e-01   6.27364622e-02  -5.07772028e+00 
  2.04336943e+00  -5.22681952e+00  -2.00650520e+00 
  8.00919789e-01  -6.16685912e+00  -6.80923138e-01 
  3.26122283e-01  -6.30696873e+00  -2.93091459e+00 
 -4.54539382e+00   5.87554226e-01  -1.84969588e+00 
  1.11005717e+01  -7.06140135e+00   2.33948222e-02 
 -1.27751949e-01   7.36978953e+00   7.08490587e+00 
 -3.76640230e+00   8.44649241e+00   7.17811023e+00 
 -4.72966869e+00   5.15873958e+00   5.40080421e+00 
 -3.37145815e+00   3.29701396e+00   8.51313848e+00 
 -6.25040210e+00   4.71091351e+00   1.05307399e+01 
 -8.71204242e+00   2.61846470e+00   8.52153051e+00 
 -6.93863738e+00  -7.05135702e-01   9.22576346e+00 
 -9.31517444e+00   6.69380808e+00  -1.38817790e-01 
 -1.00040116e+01   7.46583324e+00  -3.82471117e+00 
 -6.72827748e+00   9.34113313e+00  -4.36871998e+00 
 -4.46862840e+00   8.38575045e+00  -1.42189595e+00 
 -1.71516352e+00   1.03080864e+01   3.14070208e+00 
 -4.96237807e-01   1.16628925e+01   6.48095007e+00 
  5.74076340e+00  -5.70636312e+00   6.39679445e+00 
  5.55895866e+00  -8.48965797e+00   3.90210939e+00 
  4.46591538e+00  -9.78174291e+00  -2.83175767e+00 
  4.78832166e+00   4.45331925e+00  -1.40300807e+01 
  1.03189725e+00   4.40179927e+00  -1.30518098e+01 
 -2.51044934e+00   4.98793303e+00  -1.43272613e+01 
 -3.27103906e+00   6.41189953e+00  -1.09066933e+01 
 -2.51339482e+00   1.00568657e+01  -1.03476523e+01 
  7.13096756e-01   1.04828211e+01  -8.45732232e+00 
  3.85527442e+00   1.20097961e+01  -3.27368769e+00 
  7.19957881e+00   1.07690191e+01  -4.52062523e+00 
  1.04313955e+01  -2.61381258e+00  -2.28711445e+00 
  8.29978422e+00  -1.85918655e+00   5.94429556e-01 
  4.98077580e+00  -3.87919103e+00   7.65181009e-01 
  1.96647296e+00  -4.17105358e+00   2.83979023e+00 
  2.49363523e+00  -3.64402289e+00   6.51876523e+00 
  5.34011156e+00  -1.27294165e+00   5.84453902e+00 
  2.77002212e+00   1.44765956e+00   5.47011937e+00 
  5.45219194e+00   4.66298510e+00   3.27207611e+00 
  1.97678677e+00   5.02361044e+00   1.32921698e+00 
  1.17715148e+00   2.99269191e+00  -1.42956343e+00 
  2.62129760e+00   1.15169520e+00  -4.79839037e+00 
  9.77868323e-01  -1.58421001e+00  -7.68763579e+00 
  2.09120214e+00  -4.75997065e+00  -6.24373270e+00 
  5.45188824e+00  -5.08846285e+00  -4.38869546e+00 
  8.67191365e+00  -4.84595921e+00  -6.24102745e+00 
  7.18467736e+00  -5.12197713e+00  -9.73990967e+00 
  6.65558998e+00   1.69784416e-01  -1.06994511e+01 
  7.99867900e+00   2.05152883e+00  -7.65267009e+00 
  7.02592639e+00   2.59100853e+00  -4.02933034e+00 
  4.97206595e+00   5.72525627e+00  -3.44429062e+00 
  5.72071145e+00   7.81865571e+00  -3.28363904e-01 
  3.92509586e+00   1.08054169e+01   1.14177818e+00 
  6.34392475e+00   1.37431071e+01   6.73741698e-01 

   3.356828058042e+01 

  3.86704655e+00  -1.41088519e+00   1.02198993e+00 
  2.45691973e+00  -1.98578307e+00  -3.42234722e-01 
  2.42772578e+00  -2.80572575e+00   9.08045232e-01 
  3.26550303e+00  -2.59297281e+00   3.32709950e+00 
  4.14935508e+00  -4.26078589e+00  -1.47844541e+00 
  3.09577707e+00  -2.23490152e+00   1.95744767e+00 
  1.35606116e+00  -5.74599388e+00  -3.38197028e-01 
  1.17576660e+00  -2.32111993e+00  -8.28528679e-01 
  1.59011158e+00  -6.82807186e+00   3.52814026e-01 
  5.83966815e-01  -3.60139452e+00  -5.38147943e-01 
  2.34075610e+00  -3.85628245e+00  -2.57788471e+00 
  8.83710407e-01  -4.52558049e+00   4.57350165e-01 
  2.60982330e+00   1.33618083e+00  -4.40370852e+00 
  1.97998744e+00  -4.07549281e+00   1.05446994e+00 
  3.05657539e+00   2.29568620e+00  -6.35214289e+00 
  2.47011695e+00  -7.64387529e+00  -2.16091185e-01 
  3.23959395e+00  -2.36773146e-01  -7.35850447e+00 
  3.00254201e+00  -6.90191026e+00  -1.29534923e+00 
  2.40226036e+00  -5.70547383e+00  -1.18641295e+00 
  3.10256352e+00  -8.54607269e+00   7.80642754e-01 
  2.28289631e+00  -1.45783181e-01  -6.30509340e+00 
  2.93580503e+00  -4.44176927e+00  -1.54283152e+00 
  2.52443360e+00  -2.58965659e+00  -2.99529891e+00 
  1.48534803e+00  -2.03269337e+00  -3.63694132e+00 
  1.51731557e+00  -6.84563070e-01  -3.84810591e+00 
  2.60384414e+00   1.30791632e-01  -3.52058088e+00 
  3.80814989e+00  -5.69047658e-01  -3.64365546e+00 
  3.71853123e+00  -1.86305539e+00  -3.14497208e+00 
  2.98289221e+00   8.97888240e-01  -8.26435611e+00 
  3.21398678e+00   2.51050313e+00  -4.23358801e+00 
  2.99094401e+00   3.23945021e+00  -5.37230121e+00 
  4.62331124e+00  -2.99777517e-02  -6.94964726e+00 
  2.43307188e+00   1.24336280e+00  -5.74533599e+00 
  3.72674348e+00  -2.07511754e+00  -1.28059771e-01 
  2.97963952e+00  -8.19105686e+00   2.13993213e+00 
  2.20859651e+00  -9.57188661e+00   8.42501861e-01 
  4.33838463e+00  -8.77553889e+00   4.71883796e-01 
  7.52530708e-01  -2.85160495e+00  -4.47622782e+00 
  1.48104314e+00  -1.08242278e+01   1.11031747e+01 
 -1.03554167e+01  -3.66254455e-01  -5.04084749e-01 
 -1.07206327e+01   6.31199793e-01  -4.14818339e+00 
 -7.71640618e+00  -1.63188912e+00  -5.01367124e+00 
 -9.85452634e+00  -4.62022594e+00  -3.79069615e+00 
 -1.21454650e+01  -4.11052977e+00  -6.76558364e+00 
 -9.35191147e+00  -5.16617254e+00  -9.12283085e+00 
 -8.71571379e+00  -8.51326965e+00  -7.36800249e+00 
 -3.09039427e+00   2.09444668e+00  -9.34785460e+00 
 -1.39092642e-02   4.31212359e+00  -9.87080643e+00 
 -4.26055800e-01   6.19883965e+00  -6.58240760e+00 
 -2.82240437e+00   4.09247052e+00  -4.45561082e+00 
 -7.88786826e+00   3.94746671e+00  -1.92296508e+00 
 -1.15400016e+01   3.80484350e+00  -8.64609441e-01 
 -4.64970097e+00  -1.21085648e+01   5.45088740e+00 
 -1.23122542e+00  -1.36298491e+01   5.39652004e+00 
  5.48461896e+00  -1.20480474e+01   4.61900437e+00 
  9.87529529e+00   5.50971973e+00   5.38721856e+00 
  9.16837697e+00   5.11794306e+00   1.59022368e+00 
  1.02472322e+01   6.22419014e+00  -1.89271147e+00 
  6.58016103e+00   6.14049164e+00  -2.81577464e+00 
  4.55018269e+00   9.22941468e+00  -2.10158110e+00 
  2.51149228e+00   8.80102645e+00   1.03294572e+00 
 -2.97601872e+00   8.03623800e+00   3.92730624e+00 
 -1.47885517e+00   7.36365797e+00   7.33096460e+00 
  1.80286248e+00  -5.81191513e+00   1.05196939e+01 
 -1.03964709e+00  -6.26716382e+00   8.25487368e+00 
 -2.26182505e-01  -8.13317524e+00   4.94101373e+00 
 -1.86728890e+00  -9.20210320e+00   1.83627999e+00 
 -5.46037675e+00  -1.02286138e+01   2.19196817e+00 
 -5.93727397e+00  -7.82997545e+00   5.05520720e+00 
 -6.59341368e+00  -5.15640216e+00   2.49225826e+00 
 -6.01791645e+00  -1.36328736e+00   5.25718694e+00 
 -4.24134536e+00  -1.91758522e-01   1.87273591e+00 
 -8.61971943e-01  -9.09547765e-01   1.20976537e+00 
  2.89817255e+00  -1.23754027e+00   2.81524231e+00 
  6.72102077e+00  -2.53361109e+00   1.31864350e+00 
  6.65121563e+00  -6.03781535e+00   2.37954111e+00 
  4.94663846e+00  -7.14254476e+00   5.65326544e+00 
  6.39618458e+00  -6.21227818e+00   8.95355718e+00 
  9.76459617e+00  -5.01619079e+00   7.62939223e+00 
  8.50388144e+00   2.13967724e-01   7.12004584e+00 
  4.89897107e+00   6.70299700e-01   8.31340528e+00 
  1.41710253e+00  -3.00540583e-01   7.17325725e+00 
 -3.05334504e-01   2.35202951e+00   5.08012427e+00 
 -4.03366824e+00   2.98197322e+00   5.67551403e+00 
 -6.51438953e+00   5.13527273e+00   3.80051579e+00 
 -7.39178911e+00   7.97330641e+00   6.22446917e+00 

   3.356828058039e+01 

