  3.85312961e+00  -2.36476834e+00   3.65962083e+00 
 -3.40449282e+00  -3.98991045e+00  -1.65269267e+00 
 -2.90331653e+00  -3.12792174e+00  -2.71691140e+00 
 -3.50002655e+00  -3.58785756e+00  -3.87447717e+00 
 -4.77529106e+00  -2.66907001e+00  -4.09630031e+00 
 -5.53327301e+00  -2.90045332e+00  -2.83379160e+00 
 -4.83226403e+00  -3.84614740e+00  -1.82588378e+00 
 -2.56931861e+00  -3.18110861e+00  -8.23548367e-01 
 -2.70943776e+00  -1.71783954e+00  -2.67117486e+00 
 -1.35537557e+00  -2.74297477e+00  -1.39612932e+00 
 -8.32601037e-01  -2.16376053e+00  -1.82267266e-01 
 -1.03094484e+00  -2.60843612e+00   1.07328209e+00 
 -2.25732758e-01  -3.66695000e+00   1.61194640e+00 
  9.68669034e-01  -3.33143974e+00   9.02658807e-01 
  3.80064487e-01  -3.03867589e+00  -2.33928567e-01 
  2.23536818e+00  -3.20576400e+00   1.60306927e+00 
  2.38861760e+00  -2.68713486e+00   2.77930607e+00 
  1.33619582e+00  -3.27857447e+00   3.57430770e+00 
  1.21161011e-01  -3.53591606e+00   3.05448893e+00 
 -9.33425666e-01  -3.45257734e+00  -2.36227072e+00 
 -3.10851087e+00  -5.70314762e-01  -2.01671786e+00 
 -2.80746146e+00   8.28970629e-01  -2.08596056e+00 
 -2.08150874e+00   1.32175152e+00  -3.05644512e+00 
 -2.10491817e+00   2.63654233e+00  -3.25932825e+00 
 -1.84840251e+00   3.38964950e+00  -2.10098156e+00 
 -2.64418111e+00   2.23128355e+00  -1.08417437e+00 
 -1.35668476e+00   4.79863458e+00  -2.52372832e+00 
 -2.48899982e+00   5.61590327e+00  -2.96689918e+00 
 -3.40803781e+00   4.60429147e+00  -3.53538729e+00 
 -2.37901422e+00   3.75816104e+00  -4.29215152e+00 
 -2.20617895e+00   6.41752446e+00  -4.16661482e+00 
 -3.88719169e+00  -9.12743352e-01  -1.12987719e+00 
 -1.41836136e-01  -1.18930303e+01   7.42484382e+00 
  5.66315729e+00  -1.11165707e+01  -7.42126539e+00 
  1.06004506e+01  -8.91550099e-01  -4.81005580e+00 
  1.01492691e+01   1.21679279e+00  -7.93795430e+00 
  6.45492840e+00   1.43817025e-01  -8.09239567e+00 
  7.56004154e+00  -3.46325952e+00  -8.59047436e+00 
  8.93133518e+00  -2.49378360e+00  -1.20080031e+01 
  4.12457531e+00  -5.49172443e+00  -1.22800703e+01 
  2.01633900e+00   5.95116551e+00  -9.10480652e+00 
 -6.87289473e-02   8.82344826e+00  -7.90199567e+00 
  4.10595131e+00   6.15595809e+00  -4.30544368e+00 
  9.42181288e+00   4.08190518e+00  -4.01068728e+00 
  1.29393861e+01   2.78024408e+00  -4.54435394e+00 
  3.44051991e+00  -1.24905462e+01  -2.48173833e-01 
 -1.84343462e-01  -1.31012970e+01   5.69882425e-01 
 -5.99655959e+00  -9.87089813e+00   2.53998075e+00 
 -1.29954391e-01   1.05590039e+01   8.92426272e+00 
 -4.17389500e+00   6.79764121e+00   9.36810993e+00 
 -4.66606724e+00   7.57466244e+00   5.56741701e+00 
 -6.28156025e+00   9.95719702e+00   3.06438515e+00 
 -3.31797585e+00   9.23018874e+00   8.37316554e-01 
  2.30963896e+00   9.72620080e+00   3.61767489e+00 
  7.96254340e+00   6.91298423e+00   4.08081230e+00 
  7.41245240e+00   5.43710230e+00   7.55488780e+00 
  4.60808029e+00   3.35478387e+00   9.09973741e+00 
  1.06332155e+00  -7.01013327e+00   8.34072984e+00 
  2.82429754e+00  -7.40041714e+00   5.07448005e+00 
  4.30981456e-01  -7.67267904e+00   1.78844970e+00 
  5.78372299e-01  -7.89837898e+00  -1.83212730e+00 
  3.80591671e+00  -9.82034719e+00  -2.99931106e+00 
  5.87260312e+00  -8.73695064e+00  -2.54257478e-02 
  6.44148129e+00  -5.47169289e+00  -1.87992801e+00 
  1.15196559e+01  -1.25489477e+00   1.61895572e+00 
  8.10279992e+00  -2.83437994e+00   1.78434754e+00 
  6.00249161e+00  -2.01632567e-01  -1.96670871e-01 
  2.01244602e+00   1.53818124e-01   1.20282124e-01 
 -9.73776294e-01  -5.20533950e-02   2.53015591e+00 
 -4.60612528e+00   1.33041617e-01   2.40409799e+00 
 -5.58163272e+00  -3.49806996e+00   2.45349319e+00 
 -3.62006297e+00  -5.79095639e+00   4.52893516e+00 
 -3.84640264e+00  -5.87177389e+00   8.34977687e+00 
 -6.86624781e+00  -3.53255679e+00   8.48931767e+00 
 -4.18184436e+00   1.08215243e+00   8.98665866e+00 
 -4.55708026e-01   3.76356806e-01   8.92795714e+00 
  2.23536556e+00  -8.04501966e-01   6.59363353e+00 
  4.06755679e+00   1.91140797e+00   4.68637169e+00 
  7.81611607e+00   1.44365042e+00   4.02151722e+00 
  1.02429087e+01   3.49265595e+00   1.93999833e+00 

   1.429878467893e+01 

  3.25117946e-01   1.19717445e+00  -4.97113919e+00 
  2.76659677e+00  -3.42868262e+00   2.52389454e+00 
  2.01462070e+00  -2.53825432e+00   3.40049925e+00 
  2.62064539e+00  -2.64164041e+00   4.63727241e+00 
  1.77339562e+00  -3.71453564e+00   5.44395645e+00 
  1.88485632e+00  -4.90928775e+00   4.55956579e+00 
  2.68838053e+00  -4.67266431e+00   3.25572935e+00 
  1.84358341e+00  -2.97213599e+00   1.53456750e+00 
  6.02957648e-01  -2.35638510e+00   3.44668924e+00 
  1.43467405e+00  -1.62447146e+00   1.63487557e+00 
  7.06179400e-01  -1.60933245e+00   3.89355365e-01 
  1.01259518e+00  -2.28958767e+00  -7.31727324e-01 
  1.97774468e+00  -1.77527335e+00  -1.66067895e+00 
  1.68677057e+00  -3.93683736e-01  -1.43978136e+00 
  1.54264592e+00  -4.86427961e-01  -1.38003510e-01 
  1.44308020e+00   4.99973540e-01  -2.55910639e+00 
  7.90652237e-01   1.88859228e-01  -3.63313824e+00 
  1.32165900e+00  -1.09946943e+00  -4.01740480e+00 
  1.67413853e+00  -2.01819813e+00  -3.09846961e+00 
  2.23494764e+00  -8.69090056e-01   2.27046111e+00 
 -5.97833773e-01  -2.96220399e+00   3.13769338e+00 
 -1.98920638e+00  -2.63691529e+00   3.24585215e+00 
 -2.39216176e+00  -1.58188256e+00   3.90631329e+00 
 -3.67432559e+00  -1.50418660e+00   4.25330804e+00 
 -4.56086442e+00  -1.70973564e+00   3.18254349e+00 
 -3.49990769e+00  -2.85721043e+00   2.42978493e+00 
 -5.92805700e+00  -1.07059851e+00   3.54035640e+00 
 -6.65405072e+00  -1.92692348e+00   4.48168804e+00 
 -5.55633785e+00  -2.56563195e+00   5.24211222e+00 
 -4.66322434e+00  -1.33553956e+00   5.43378168e+00 
 -7.32393871e+00  -1.18536926e+00   5.56022673e+00 
 -3.33109119e-01  -4.03077006e+00   2.59164030e+00 
  9.48975015e+00  -4.09577760e+00  -7.95752340e+00 
  1.02081601e+01   7.06378051e+00   3.42913302e+00 
 -3.96604787e-01   1.07408196e+01   3.04282293e-01 
 -2.12381701e+00   1.15807486e+01   3.58203777e+00 
 -9.24253087e-01   8.22523983e+00   5.03973758e+00 
  2.67929982e+00   9.38240847e+00   4.64512048e+00 
  2.05826545e+00   1.19954801e+01   7.34438066e+00 
  5.21792200e+00   7.63315337e+00   9.12013125e+00 
 -6.43761159e+00   4.62447912e+00   8.36971449e+00 
 -9.35989827e+00   2.27879995e+00   8.41762087e+00 
 -7.24766135e+00   4.67364065e+00   3.19441681e+00 
 -5.38877788e+00   9.41884062e+00   6.10897576e-01 
 -4.14690961e+00   1.28448472e+01  -4.24807077e-01 
  1.08346430e+01   2.19246984e+00  -2.41543898e+00 
  1.14633952e+01  -1.47242216e+00  -1.81953197e+00 
  8.21659189e+00  -7.54260333e+00  -9.77039618e-01 
 -1.29773869e+01  -4.33149156e+00  -6.72690764e+00 
 -9.16427981e+00  -8.28336536e+00  -5.99123859e+00 
 -9.49221869e+00  -7.23819364e+00  -2.23739589e+00 
 -1.15254076e+01  -7.70992368e+00   9.55576020e-01 
 -1.06459733e+01  -4.12278784e+00   1.74946640e+00 
 -1.16293901e+01  -2.38506088e-02  -2.92793568e+00 
 -9.06602607e+00   4.95447734e+00  -5.88249541e+00 
 -7.97434382e+00   3.06733131e+00  -9.01250112e+00 
 -5.99190446e+00  -1.49005695e-01  -9.57126906e+00 
  4.49917608e+00  -3.27103521e+00  -8.69773369e+00 
  5.19922335e+00  -3.79099914e-01  -6.44642495e+00 
  5.91535567e+00  -1.30057800e+00  -2.54282200e+00 
  6.54277920e+00   2.47533493e-01   6.80675227e-01 
  8.48122143e+00   3.64500693e+00   2.64818321e-01 
  7.00499944e+00   4.40025140e+00  -3.13213754e+00 
  3.95316378e+00   5.69839802e+00  -1.28124014e+00 
 -7.89102418e-01   9.06702839e+00  -5.96895549e+00 
  8.68702776e-01   5.83413056e+00  -4.97041206e+00 
 -1.45649892e+00   4.71589794e+00  -2.03611808e+00 
 -1.71933160e+00   9.25537089e-01  -7.27932603e-01 
 -1.69217487e+00  -2.76803541e+00  -1.78820614e+00 
 -1.74719495e+00  -6.05856075e+00  -2.34653745e-01 
  1.88418840e+00  -7.03052068e+00  -3.20521899e-01 
  3.86560228e+00  -6.07174341e+00  -3.24751543e+00 
  3.52251816e+00  -7.77546056e+00  -6.65870792e+00 
  1.27892211e+00  -1.05736099e+01  -5.33677394e+00 
 -3.44481930e+00  -8.22798953e+00  -6.30281522e+00 
 -2.85481797e+00  -4.78678257e+00  -7.78459771e+00 
 -1.50396889e+00  -1.41534525e+00  -6.83908910e+00 
 -4.04414243e+00   1.05767060e+00  -5.49653545e+00 
 -3.62295718e+00   4.76016020e+00  -6.40576358e+00 
 -5.49993430e+00   7.83840481e+00  -5.21335700e+00 

   1.429878468014e+01 

 -2.42338332e+00   3.16611137e+00  -3.21044068e+00 
 -3.83487353e-01   1.64811165e+00   5.56847413e+00 
  4.62286275e-01   5.05131895e-01   5.24439399e+00 
  1.34817363e+00   3.92633710e-01   6.29801160e+00 
  7.20352787e-01  -6.89286945e-01   7.27523437e+00 
 -5.99382955e-01  -7.38114553e-02   7.59381029e+00 
 -8.72499294e-01   1.27200641e+00   6.87561063e+00 
 -9.99671434e-01   1.34284060e+00   4.31696168e+00 
  6.04569914e-02  -7.36364135e-01   4.67410139e+00 
 -1.45189404e-01   8.68172879e-01   3.29812953e+00 
 -1.14728567e+00   8.85175715e-01   2.25997862e+00 
 -2.16210219e+00   1.76136794e+00   2.13382100e+00 
 -1.95580075e+00   3.03742526e+00   1.51084858e+00 
 -9.60408451e-01   2.59975118e+00   5.83547527e-01 
 -3.25616527e-01   1.81137391e+00   1.41990704e+00 
 -1.07311857e+00   2.91890818e+00  -8.29368317e-01 
 -2.17719404e+00   2.93043319e+00  -1.50529658e+00 
 -3.10652232e+00   3.65251866e+00  -6.66034131e-01 
 -3.08526455e+00   3.53095180e+00   6.74680415e-01 
  1.07785703e+00   1.18471767e+00   3.43583734e+00 
 -1.02451959e+00  -1.57183272e+00   4.50320868e+00 
 -1.28033537e+00  -2.83564768e+00   3.87810474e+00 
 -3.05433804e-01  -3.57767838e+00   3.41915158e+00 
 -5.55031504e-01  -4.85755409e+00   3.15456946e+00 
 -1.67471253e+00  -5.05374832e+00   2.32839765e+00 
 -2.50895643e+00  -3.69619570e+00   3.01400693e+00 
 -1.55262806e+00  -6.44242257e+00   1.64838343e+00 
 -1.90024885e+00  -7.50166677e+00   2.59897662e+00 
 -1.47771349e+00  -6.91920130e+00   3.89256306e+00 
 -1.38981462e-01  -6.32048372e+00   3.44888274e+00 
 -1.01027748e+00  -8.67026226e+00   2.53388145e+00 
 -1.99708404e+00  -1.00623709e+00   4.99748343e+00 
 -4.30069877e+00   1.28321297e+01   1.68529309e+00 
  1.05411375e+01   6.97965151e+00   1.26553922e+00 
  7.14401102e+00  -6.85048830e-01  -6.82508664e+00 
  8.96596711e+00  -3.89571928e+00  -5.92815033e+00 
  7.90390055e+00  -3.43754827e+00  -2.25590625e+00 
  9.92086096e+00  -2.13976045e-01  -2.11164459e+00 
  1.31034222e+01  -2.27665869e+00  -2.45293154e+00 
  1.22856891e+01  -2.50458936e-01   2.78084696e+00 
  5.10399882e+00  -9.67351579e+00   5.23411511e-01 
  2.30989231e+00  -1.20711938e+01   1.22225312e+00 
  1.80662045e+00  -7.70526650e+00  -3.03967613e+00 
  4.40986189e+00  -5.04250116e+00  -7.37324006e+00 
  6.73260537e+00  -3.63279287e+00  -1.00133212e+01 
  3.92525746e+00   1.07886549e+01   1.21268878e+00 
  1.91613174e+00   1.12188373e+01   4.36867100e+00 
 -3.19060083e+00   8.33667569e+00   8.07178419e+00 
 -1.26320091e+01  -7.01180178e+00  -4.88356447e+00 
 -1.35051317e+01  -3.91339371e+00  -3.74037959e-01 
 -1.07071677e+01  -6.18303255e+00   1.14629073e+00 
 -9.98762979e+00  -9.54065243e+00   2.80764893e+00 
 -6.62876245e+00  -9.39158990e+00   1.08515116e+00 
 -6.82688527e+00  -8.04782308e+00  -5.06314181e+00 
 -3.99548158e+00  -4.60395265e+00  -9.55835283e+00 
 -6.72684366e+00  -1.95625617e+00  -9.84012006e+00 
 -8.55421136e+00   2.02187893e-01  -7.27322313e+00 
 -6.11791720e+00   8.89836414e+00  -1.02711202e+00 
 -2.47574647e+00   8.18146842e+00  -1.40446919e+00 
 -5.75559704e-01   6.83482936e+00   1.93857396e+00 
  2.64874996e+00   5.62830942e+00   3.09156089e+00 
  5.58730082e+00   7.31649761e+00   1.09449748e+00 
  3.56343794e+00   7.76101660e+00  -2.06703959e+00 
  4.35701173e+00   4.12658253e+00  -2.83244072e+00 
  2.14821834e+00   2.29916994e+00  -9.73122504e+00 
  1.08716379e+00   3.37911630e+00  -6.28087561e+00 
  1.08128911e+00  -6.01017213e-02  -4.42646668e+00 
 -9.54834148e-01  -7.52612280e-01  -1.03207433e+00 
 -4.18605660e+00   1.69194188e-02   9.00390724e-01 
 -5.64202331e+00  -6.51220776e-01   4.16809013e+00 
 -4.94743624e+00   2.55281861e+00   6.00947718e+00 
 -5.18651133e+00   5.70278438e+00   4.15661388e+00 
 -8.51826237e+00   7.25765438e+00   3.08965250e+00 
 -1.06241527e+01   4.80942791e+00   5.13471636e+00 
 -1.13865290e+01   1.13765279e+00   1.30251576e+00 
 -9.57025888e+00   2.21840847e+00  -1.84689928e+00 
 -6.09010771e+00   2.70448535e+00  -3.16509815e+00 
 -4.55524560e+00  -2.94270622e-01  -4.90360329e+00 
 -2.28677733e+00   3.33133316e-01  -7.93228971e+00 
 -1.47069332e-01  -2.05374730e+00  -9.96819681e+00 

   1.429878467883e+01 

  2.82769874e+00   1.34669652e+00  -2.64682244e+00 
 -5.87508339e+00  -9.48844596e-01  -1.05719243e+00 
 -5.77278294e+00  -6.22920957e-01   3.60577774e-01 
 -7.06249985e+00  -3.42589107e-01   7.67525718e-01 
 -7.62002172e+00  -1.69120133e+00   1.39209762e+00 
 -7.48706105e+00  -2.63022806e+00   2.42074396e-01 
 -6.86106300e+00  -2.00540651e+00  -1.03046391e+00 
 -4.46002266e+00  -1.11237812e+00  -9.57109458e-01 
 -4.96982637e+00  -1.26975988e+00   1.34285677e+00 
 -3.78846628e+00  -2.29988724e-01  -8.31135258e-02 
 -2.46005869e+00  -6.52479038e-01  -4.56046680e-01 
 -2.05671520e+00  -1.06140525e+00  -1.67406680e+00 
 -1.68947695e+00  -1.09188292e-01  -2.68272774e+00 
 -1.15851405e+00   8.70086297e-01  -1.78754544e+00 
 -2.08510234e+00   7.36517584e-01  -8.66898494e-01 
  1.54394063e-01   1.44853332e+00  -2.01682094e+00 
  1.18698388e+00   8.03136442e-01  -2.45638435e+00 
  6.83525460e-01   3.33680080e-02  -3.57146571e+00 
 -5.49079302e-01  -5.08038124e-01  -3.55384549e+00 
 -4.40226166e+00   8.57186073e-01   1.54190677e-01 
 -4.32340764e+00  -2.45378075e+00   1.63375964e+00 
 -3.52180734e+00  -2.96969198e+00   2.70366501e+00 
 -3.38416971e+00  -2.31482001e+00   3.82788887e+00 
 -2.91591411e+00  -2.96877020e+00   4.88782751e+00 
 -1.71756000e+00  -3.65931915e+00   4.63917590e+00 
 -2.17978714e+00  -4.02034385e+00   3.00669940e+00 
 -9.92816702e-01  -3.89802204e+00   5.98954924e+00 
 -1.63215571e+00  -4.99696264e+00   6.71758851e+00 
 -3.04258356e+00  -4.88925979e+00   6.28139904e+00 
 -3.19181579e+00  -3.36638212e+00   6.35944713e+00 
 -1.78262569e+00  -4.74364794e+00   8.15810648e+00 
 -4.47639180e+00  -3.19578850e+00   6.66233012e-01 
 -1.98522784e+00   2.10383811e+00  -1.25051642e+01 
 -6.50902965e+00   1.19276102e+01  -7.69044020e-01 
  3.00546307e+00   8.90943168e+00   5.24022847e+00 
  1.83078118e+00   8.68756621e+00   8.84624037e+00 
 -1.21051689e+00   6.62501446e+00   7.69747192e+00 
 -2.42367514e+00   9.60839341e+00   5.67063801e+00 
 -3.07891581e+00   1.14633063e+01   8.93097391e+00 
 -7.81290767e+00   9.68388113e+00   6.36395664e+00 
 -2.09513549e+00   6.01862440e-01   1.18676563e+01 
 -1.45615652e+00  -2.98334285e+00   1.27521220e+01 
  2.21534087e+00   8.77794319e-02   8.93545288e+00 
  4.97409608e+00   5.00378020e+00   8.00316256e+00 
  6.40295650e+00   8.51199322e+00   7.94621634e+00 
 -4.39430089e+00   8.15424934e+00  -7.05957961e+00 
 -6.60460373e+00   5.49782193e+00  -8.55618322e+00 
 -7.82930553e+00  -1.32793493e+00  -8.46803878e+00 
  9.20793507e+00  -1.07633552e+01   2.17443647e+00 
  5.05275791e+00  -1.18544479e+01  -1.32446686e+00 
  2.84372792e+00  -1.11074056e+01   1.81454202e+00 
  1.38815732e+00  -1.25856455e+01   5.01572595e+00 
  1.71491730e+00  -9.11508382e+00   6.47162362e+00 
  7.32408402e+00  -6.37747022e+00   5.64144817e+00 
  1.00670721e+01  -8.78036807e-01   4.11952174e+00 
  1.10696255e+01  -1.87629982e+00   5.77151697e-01 
  9.15797694e+00  -3.41942008e+00  -2.34714186e+00 
  1.59651021e+00  -4.98460029e-02  -9.56123259e+00 
  6.65688978e-01   2.77321601e+00  -7.30609649e+00 
 -2.98665978e+00   2.49091580e+00  -5.52263394e+00 
 -5.12420223e+00   4.18272467e+00  -3.12473102e+00 
 -4.54600202e+00   8.07262972e+00  -3.21217022e+00 
 -9.22591164e-01   7.79778787e+00  -4.25346278e+00 
 -1.37859292e-01   7.17863547e+00  -5.89372810e-01 
  7.23617002e+00   7.18961811e+00   6.08543360e-01 
  4.33541851e+00   5.47854730e+00  -1.08110473e+00 
  2.97948810e+00   3.29720465e+00   1.86343003e+00 
  6.74478769e-01   4.68020987e-02   1.34469774e+00 
  1.22455445e-02  -3.00423858e+00  -8.95836895e-01 
 -2.39381660e+00  -5.72034081e+00  -1.17469855e+00 
 -4.67994254e+00  -4.47160504e+00  -3.88639791e+00 
 -3.20477018e+00  -2.61591734e+00  -6.67796240e+00 
 -1.14247428e+00  -4.27891206e+00  -9.44165153e+00 
 -1.99617132e+00  -7.82995618e+00  -8.31375082e+00 
  2.20024607e+00  -8.58263254e+00  -5.06221753e+00 
  4.32098255e+00  -5.43859223e+00  -5.00588533e+00 
  4.19501689e+00  -1.87671540e+00  -3.83007180e+00 
  5.53714587e+00  -1.24719677e+00  -3.41069746e-01 
  7.42508252e+00   2.02767881e+00   3.09629791e-01 
  8.75419723e+00   3.52835475e+00   3.53482645e+00 

   1.429878467933e+01 

  4.45689282e+00  -4.28463307e+00   6.90001955e-01 
  3.28971271e+00   4.57702572e+00  -1.21880293e+00 
  2.29902589e+00   4.74367763e+00  -1.61669848e-01 
  2.33167154e+00   6.08528049e+00   1.64824221e-01 
  1.16224867e+00   6.76042389e+00  -6.69626022e-01 
  1.55555137e+00   6.41781686e+00  -2.06602730e+00 
  2.83926970e+00   5.55727761e+00  -2.18078067e+00 
  2.88856776e+00   3.20787981e+00  -1.15814969e+00 
  1.00880438e+00   4.14632617e+00  -8.09675350e-02 
  2.55876538e+00   2.70858930e+00   1.20680764e-01 
  2.41304254e+00   1.33642701e+00  -3.01431307e-01 
  3.11306415e+00   7.11852981e-01  -1.26753625e+00 
  4.40569200e+00   1.53258100e-01  -9.91743071e-01 
  4.13524423e+00  -2.04634742e-01   3.65099721e-01 
  3.46023949e+00   8.80841632e-01   6.65276611e-01 
  4.43191197e+00  -1.54108474e+00   8.51705947e-01 
  4.26424236e+00  -2.63396545e+00   1.78287072e-01 
  4.82605129e+00  -2.34626633e+00  -1.12210508e+00 
  4.70952770e+00  -1.12911009e+00  -1.68575300e+00 
  3.06946084e+00   3.34889402e+00   1.09238363e+00 
  8.44544240e-03   3.57497938e+00  -8.40724588e-01 
 -1.28011978e+00   2.99471569e+00  -6.03409215e-01 
 -1.85422301e+00   3.06868555e+00   5.69882960e-01 
 -3.15763156e+00   2.81473326e+00   6.53663136e-01 
 -3.53279988e+00   1.59567816e+00   6.38403696e-02 
 -2.32851438e+00   1.74184678e+00  -1.17603995e+00 
 -4.88328657e+00   1.14226227e+00   6.77305815e-01 
 -5.98489273e+00   1.91569006e+00   9.87393212e-02 
 -5.34162738e+00   3.21682421e+00  -1.91825170e-01 
 -4.53372775e+00   3.36783044e+00   1.10123856e+00 
 -6.99369057e+00   2.33531999e+00   1.08268016e+00 
  4.08827611e-01   3.54643274e+00  -2.00217491e+00 
  1.36904652e+01  -1.43712359e+00  -4.55949946e+00 
  1.03223751e+01   5.16678223e+00   9.57387218e+00 
  2.20829958e+00  -3.01236125e+00   1.13087254e+01 
 -6.64410961e-01  -1.17264190e+00   1.29806674e+01 
 -3.84577249e-01   1.60900821e+00   1.03335183e+01 
  3.12341430e+00   2.39482220e+00   1.15812564e+01 
  1.60415792e+00   3.64481881e+00   1.48415019e+01 
  3.47087233e+00   7.81699607e+00   1.14836865e+01 
 -6.99208713e+00   3.31047543e+00   7.52332785e+00 
 -9.81115581e+00   2.87546939e+00   5.09271235e+00 
 -5.58459567e+00  -1.47489629e+00   5.92286307e+00 
 -2.53486568e+00  -4.39380234e+00   9.77333019e+00 
 -7.67110905e-01  -5.83123613e+00   1.28000892e+01 
  1.30080553e+01   1.92134659e+00   3.20712750e+00 
  1.31066905e+01   3.82510917e+00  -4.06141119e-02 
  9.43448152e+00   5.09054147e+00  -5.78623697e+00 
 -7.24181705e+00  -9.55062370e+00  -6.09342115e+00 
 -4.32606291e+00  -6.12838782e+00  -9.33147372e+00 
 -6.11192472e+00  -3.36845431e+00  -7.21375641e+00 
 -9.30842703e+00  -1.32133713e+00  -6.83541622e+00 
 -8.61661046e+00  -1.38914741e+00  -3.12219666e+00 
 -7.32270068e+00  -7.07232807e+00  -7.40238994e-01 
 -3.46520247e+00  -1.00917112e+01   3.27062699e+00 
 -1.29549879e+00  -1.17420729e+01   6.02533891e-01 
  5.38002275e-01  -1.04102573e+01  -2.47182044e+00 
  9.51409896e+00  -4.37977211e+00  -4.37861145e+00 
  9.39735061e+00  -3.05672067e+00  -8.91829264e-01 
  8.37665939e+00   8.69726123e-01  -5.15944640e-01 
  7.70898811e+00   3.41229526e+00   1.98821165e+00 
  9.85139616e+00   2.80163349e+00   5.23020222e+00 
  9.96185054e+00  -9.51650936e-01   4.79478206e+00 
  6.50422863e+00  -1.02190012e+00   6.36469450e+00 
  4.34287213e+00  -8.03404561e+00   7.76818408e+00 
  5.23641677e+00  -5.49550271e+00   5.13106265e+00 
  1.84175376e+00  -3.59018837e+00   4.79471794e+00 
  8.28177017e-01  -1.40367345e+00   1.57927348e+00 
  1.06349306e+00  -1.15838979e+00  -2.24850153e+00 
  1.68049753e-01   1.16927306e+00  -4.89883671e+00 
  3.44229990e+00   2.89017845e+00  -5.57470372e+00 
  6.51181591e+00   8.99061086e-01  -5.41325009e+00 
  7.50580125e+00  -1.63930798e+00  -8.10123583e+00 
  4.74844858e+00  -5.62839281e-01  -1.05197260e+01 
  1.00168045e+00  -4.06004132e+00  -8.94485483e+00 
  2.36270692e+00  -6.15275140e+00  -6.08935903e+00 
  3.40674139e+00  -5.82990898e+00  -2.49893624e+00 
  6.96607810e-01  -6.48912395e+00   6.84263862e-02 
  1.68361580e+00  -8.24126839e+00   3.33466747e+00 
 -3.24650643e-01  -8.94372581e+00   6.48012232e+00 

   1.429878467861e+01 

  2.35910470e+00   2.84632240e+00   3.67897874e+00 
 -3.79736804e+00   3.39361920e+00  -3.05396418e+00 
 -4.38716186e+00   2.10475805e+00  -2.71081443e+00 
 -5.68117239e+00   2.15283792e+00  -3.19121480e+00 
 -5.63851885e+00   1.45245890e+00  -4.61505863e+00 
 -4.64266387e+00   2.29733901e+00  -5.33370857e+00 
 -4.02854872e+00   3.43571943e+00  -4.48013085e+00 
 -2.64524165e+00   2.85912888e+00  -2.40120031e+00 
 -3.77364801e+00   8.22077389e-01  -2.79060569e+00 
 -2.88723491e+00   2.02922380e+00  -1.28488271e+00 
 -1.50154948e+00   1.90905864e+00  -9.00629202e-01 
 -5.45279613e-01   2.84849166e+00  -1.02915927e+00 
 -3.95474593e-01   3.88165538e+00  -4.47344097e-02 
 -8.04640769e-01   3.09227335e+00   1.07406794e+00 
 -1.78293073e+00   2.47035122e+00   4.57495250e-01 
  2.72179162e-04   3.04749528e+00   2.28278379e+00 
  1.29431491e+00   3.02906632e+00   2.31646259e+00 
  1.69419291e+00   4.05923010e+00   1.38465645e+00 
  1.00747939e+00   4.28647759e+00   2.49074692e-01 
 -4.01203047e+00   2.20690114e+00  -7.20719965e-01 
 -2.75993602e+00   1.21037923e-01  -3.41130645e+00 
 -2.24619980e+00  -1.21637447e+00  -3.38212917e+00 
 -2.87495881e+00  -2.17331549e+00  -2.74919646e+00 
 -2.54605549e+00  -3.43375289e+00  -3.02031208e+00 
 -1.16691413e+00  -3.68772613e+00  -2.92983867e+00 
 -7.63641869e-01  -2.10163061e+00  -3.50481987e+00 
 -9.55606506e-01  -5.20853101e+00  -2.71009633e+00 
 -1.14247577e+00  -5.93092307e+00  -3.97093049e+00 
 -2.14341286e+00  -5.09482434e+00  -4.67110080e+00 
 -3.07524867e+00  -4.81252432e+00  -3.48809440e+00 
 -1.89972218e+00  -7.18319686e+00  -3.82847004e+00 
 -2.15340082e+00   9.17950194e-01  -4.12343490e+00 
  1.69889554e+00   1.36091314e+01   1.52207313e+00 
 -1.10563999e+01   5.94757235e+00   7.29360685e+00 
 -4.20216696e+00  -3.03157696e+00   1.01468226e+01 
 -6.27679825e+00  -6.11221506e+00   9.34808476e+00 
 -7.17396838e+00  -4.58521469e+00   5.92950929e+00 
 -8.94723931e+00  -1.72809167e+00   7.71073535e+00 
 -1.15695717e+01  -4.20893467e+00   8.92260647e+00 
 -1.34314627e+01  -8.09927793e-01   4.78174138e+00 
 -6.21984900e+00  -9.46699471e+00   4.78899707e-01 
 -4.17910631e+00  -1.12136260e+01  -2.13432040e+00 
 -1.55846914e+00  -8.07023590e+00   2.41874407e+00 
 -1.62290255e+00  -6.98391148e+00   8.02788752e+00 
 -2.30455308e+00  -6.62237903e+00   1.17369455e+01 
 -5.23334051e+00   1.04494408e+01   5.26718361e+00 
 -5.05266177e+00   1.19408345e+01   1.81391993e+00 
 -2.50620512e+00   1.08108919e+01  -4.53725837e+00 
  1.18949737e+01  -5.98399884e+00  -2.77807532e+00 
  1.04572247e+01  -1.73867796e+00  -6.03514108e+00 
  7.24005293e+00  -3.88600143e+00  -6.60968149e+00 
  5.73967536e+00  -6.76479729e+00  -8.61289327e+00 
  3.68408615e+00  -7.50894055e+00  -5.53197603e+00 
  6.93238117e+00  -7.78541202e+00  -1.45080678e-01 
  6.76208117e+00  -6.02329697e+00   5.93356490e+00 
  9.31143975e+00  -3.20289480e+00   5.62356858e+00 
  9.65315041e+00  -2.33595994e-01   3.24584538e+00 
  4.56486080e+00   9.38250071e+00   1.75831415e+00 
  1.58187593e+00   8.11987439e+00   3.61015502e+00 
 -1.74863662e+00   7.44493372e+00   1.36245129e+00 
 -5.13717880e+00   6.16408701e+00   1.60448314e+00 
 -6.66855113e+00   6.87728415e+00   5.15688477e+00 
 -3.33447893e+00   6.75201037e+00   6.93372946e+00 
 -3.69691368e+00   2.97154439e+00   6.89603801e+00 
  1.62134355e+00  -2.69363820e-01   1.10220764e+01 
  8.42900758e-01   1.79524038e+00   7.96781122e+00 
 -1.25333576e-01  -1.01634338e+00   5.43312433e+00 
 -5.65581132e-02  -5.34298548e-01   1.44436881e+00 
  1.79764792e+00   1.12646248e+00  -1.48327209e+00 
  1.42644107e+00   1.52281613e+00  -5.08177897e+00 
 -4.35106019e-02   4.97366234e+00  -5.34623526e+00 
  1.13212580e+00   7.54102860e+00  -3.01408140e+00 
  4.57632884e+00   9.19163710e+00  -3.27802942e+00 
  5.35009412e+00   7.65392631e+00  -6.69087966e+00 
  7.86143986e+00   3.24996220e+00  -4.94532104e+00 
  7.86744813e+00   3.23168033e+00  -1.15252265e+00 
  5.51071670e+00   2.89858379e+00   1.74925055e+00 
  4.99841540e+00  -6.22418760e-01   3.05721485e+00 
  4.54530869e+00  -1.10285501e+00   6.83561828e+00 
  3.66525116e+00  -4.19467157e+00   8.85717986e+00 

   1.429878474606e+01 

 -4.67596989e+00   6.89193526e-01   2.25973655e+00 
  4.46290149e+00   8.12432659e-01   2.28592458e+00 
  4.51768823e+00   1.93864298e+00   1.36103951e+00 
  5.73740461e+00   2.54442858e+00   1.59099189e+00 
  6.72687629e+00   1.94778624e+00   5.02580483e-01 
  6.65490619e+00   4.89152436e-01   8.01262343e-01 
  5.68226262e+00   1.13811042e-01   1.94787140e+00 
  3.17839209e+00   6.00318053e-01   1.69923929e+00 
  4.08989797e+00   1.96651437e+00   3.01464713e-03 
  2.45466403e+00   1.75880676e+00   1.34204250e+00 
  1.24132270e+00   1.06009093e+00   9.92983344e-01 
  7.61513129e-01  -5.86407703e-02   1.56892030e+00 
 -7.23976758e-03   1.12571763e-02   2.77851131e+00 
 -6.19354116e-01   1.27269704e+00   2.50221951e+00 
  4.50505289e-01   1.84041949e+00   1.99518029e+00 
 -2.05740090e+00   1.44047859e+00   2.62373805e+00 
 -2.94219550e+00   5.58463867e-01   2.28435183e+00 
 -2.44825036e+00  -6.80763359e-01   2.84090732e+00 
 -1.13174412e+00  -9.60287459e-01   2.87863673e+00 
  2.79135932e+00   2.81304657e+00   1.96671947e+00 
  3.83629504e+00   1.16337258e+00  -1.09016193e+00 
  3.39001955e+00   1.34745858e+00  -2.43937482e+00 
  3.27539835e+00   2.54163048e+00  -2.96138639e+00 
  3.18048089e+00   2.64742140e+00  -4.28433141e+00 
  2.18211086e+00   1.83221034e+00  -4.84417589e+00 
  2.44249618e+00   5.82486126e-01  -3.66971390e+00 
  1.78290759e+00   2.41400278e+00  -6.22544140e+00 
  2.80172801e+00   2.08383711e+00  -7.22517211e+00 
  4.04016466e+00   2.04254589e+00  -6.41539574e+00 
  3.79409250e+00   3.28634956e+00  -5.55521010e+00 
  3.11958642e+00   3.19441913e+00  -8.13482889e+00 
  4.01471853e+00   1.06923990e-03  -7.33365637e-01 
 -1.95629020e+00  -4.37141735e+00   1.16361960e+01 
  1.72342191e+00   1.10316685e+01   9.65820130e+00 
 -5.51315813e+00   1.14484630e+01   5.36550266e-01 
 -3.73397610e+00   1.36489672e+01  -1.99815212e+00 
 -4.94297384e-01   1.16526533e+01  -1.41292089e+00 
 -4.67149499e-01   1.28257398e+01   2.20695338e+00 
  2.13804468e-01   1.63648408e+01   9.77767308e-01 
  4.74918815e+00   1.38799592e+01   3.30634385e+00 
  2.63128250e+00   9.68151639e+00  -7.80015170e+00 
  3.11647469e+00   7.38964769e+00  -1.07252494e+01 
 -1.82023013e+00   7.00362314e+00  -7.12544741e+00 
 -5.89176031e+00   9.94130193e+00  -4.39787577e+00 
 -8.18240283e+00   1.24736681e+01  -2.75698529e+00 
 -3.47219835e-01   3.96377274e+00   1.16677936e+01 
  2.20100484e+00   1.20364179e+00   1.19325480e+01 
  5.17635631e+00  -3.90014141e+00   8.29973902e+00 
 -6.74048146e+00  -6.34952613e+00  -1.02622248e+01 
 -3.09250363e+00  -8.94311369e+00  -6.99666726e+00 
 -6.64075374e-01  -6.17539542e+00  -8.31338057e+00 
  1.64483757e+00  -5.17118579e+00  -1.11790290e+01 
  6.64864570e-01  -1.60902613e+00  -1.03904357e+01 
 -5.52399494e+00  -5.92771474e-01  -9.83212335e+00 
 -9.83304165e+00   2.43060290e+00  -6.31426371e+00 
 -1.11167910e+01  -6.57237928e-01  -4.47925555e+00 
 -9.38485190e+00  -3.47694192e+00  -2.57222388e+00 
 -4.29828656e+00  -4.57729648e+00   7.09674646e+00 
 -3.77900307e+00  -8.86617513e-01   7.27275475e+00 
  6.42757915e-02   3.89038404e-01   6.82331776e+00 
  2.05175773e+00   3.41870452e+00   6.59466791e+00 
  4.63662766e-01   6.31658344e+00   8.72857863e+00 
 -3.08096744e+00   5.07542405e+00   8.29956254e+00 
 -3.04894934e+00   6.79966939e+00   4.91567985e+00 
 -9.85647735e+00   6.78482279e+00   1.83854287e+00 
 -6.93357345e+00   4.70863037e+00   2.99746038e+00 
 -4.57725526e+00   4.99774290e+00  -1.05967738e-01 
 -1.61867151e+00   2.39749358e+00  -9.01426067e-01 
 -5.62035612e-01  -1.29416253e+00  -7.51111397e-01 
  2.39211257e+00  -3.32037675e+00  -1.39265192e+00 
  3.78044025e+00  -3.80593761e+00   2.06795535e+00 
  1.42223156e+00  -4.26431310e+00   4.83224322e+00 
 -5.62698264e-01  -7.49199040e+00   5.37881893e+00 
  1.37241527e+00  -9.44953531e+00   2.72660727e+00 
 -1.87080858e+00  -8.44263532e+00  -1.42267739e+00 
 -4.70387686e+00  -6.19397303e+00  -2.81219061e-01 
 -5.32476300e+00  -2.68850040e+00   9.06860518e-01 
 -6.18040021e+00  -1.64600653e-01  -1.78916513e+00 
 -8.72706266e+00   2.58051890e+00  -9.57687851e-01 
 -9.84393622e+00   5.61594501e+00  -2.94747397e+00 

   1.429878467880e+01 

 -3.37155874e-01   4.96874891e+00   1.21923844e+00 
  3.14057944e+00  -1.26277993e+00  -4.49112473e+00 
  2.67078783e+00  -2.37421192e+00  -3.67211412e+00 
  2.56006853e+00  -3.44638268e+00  -4.53568427e+00 
  3.91488877e+00  -4.26023899e+00  -4.38811838e+00 
  4.92516072e+00  -3.22731277e+00  -4.75474778e+00 
  4.33198485e+00  -1.83268522e+00  -5.07845338e+00 
  3.06907566e+00  -5.37568677e-01  -3.26307243e+00 
  3.08785355e+00  -2.71659332e+00  -2.35422023e+00 
  2.01372825e+00  -8.84936151e-01  -2.39184017e+00 
  2.25490395e+00   1.83078958e-01  -1.45193532e+00 
  2.70787901e+00   1.41914446e+00  -1.73555005e+00 
  1.80880537e+00   2.44543791e+00  -2.17980817e+00 
  6.78366216e-01   1.99941123e+00  -1.42786456e+00 
  8.69044108e-01   7.16812541e-01  -1.63421157e+00 
 -7.54801443e-02   2.92792438e+00  -6.02955502e-01 
  4.37672028e-01   3.88514224e+00   1.01603344e-01 
  1.37850009e+00   4.52497334e+00  -7.89956272e-01 
  2.10318553e+00   3.81570624e+00  -1.67568603e+00 
  1.01935233e+00  -1.44305303e+00  -2.95284689e+00 
  4.12263680e+00  -2.57293537e+00  -1.45257064e+00 
  4.40297127e+00  -2.98977270e+00  -1.10525887e-01 
  3.63184335e+00  -3.84389747e+00   5.11979696e-01 
  4.10130945e+00  -4.44054233e+00   1.60468332e+00 
  4.61479253e+00  -3.54535623e+00   2.55847287e+00 
  5.19595880e+00  -2.46183617e+00   1.33487077e+00 
  4.60835785e+00  -4.23999803e+00   3.94525745e+00 
  5.72089995e+00  -5.18862262e+00   4.03921147e+00 
  5.87815771e+00  -5.63417751e+00   2.63638614e+00 
  4.39727944e+00  -5.80242073e+00   2.28112249e+00 
  5.36015305e+00  -6.46171813e+00   4.68029760e+00 
  4.96710877e+00  -1.85527436e+00  -1.98352959e+00 
  6.03316996e-01   1.03244271e+01  -8.33882910e+00 
 -9.44468776e+00  -2.02230492e+00  -7.19707388e+00 
 -8.54106291e+00  -1.50913251e+00   4.40751321e+00 
 -8.47696879e+00  -5.13950253e+00   5.52497859e+00 
 -5.86244282e+00  -5.90024116e+00   2.80306504e+00 
 -8.41360910e+00  -4.96196153e+00   1.40070387e-01 
 -1.04403707e+01  -8.03858364e+00   1.10260152e+00 
 -7.70425900e+00  -8.60038296e+00  -3.83345807e+00 
 -1.94195705e-01  -9.75642669e+00   5.53292872e+00 
  3.14640854e+00  -1.00748064e+01   7.20124162e+00 
 -9.20199095e-02  -4.88589731e+00   7.45901438e+00 
 -5.27144912e+00  -2.61097202e+00   8.26225183e+00 
 -8.93982251e+00  -1.79494803e+00   8.74140170e+00 
 -5.47700130e+00   4.40030813e+00  -8.33227184e+00 
 -2.37684527e+00   4.40598371e+00  -1.04702304e+01 
  4.51770741e+00   3.72220276e+00  -1.01600578e+01 
  1.01093994e+01   4.78886342e+00   1.12911014e+01 
  1.21653073e+01   5.31398334e+00   6.17291840e+00 
  1.14837309e+01   1.46662805e+00   6.01616141e+00 
  1.28651809e+01  -1.97501986e+00   6.90953287e+00 
  9.26516302e+00  -3.02955130e+00   7.35567463e+00 
  5.76866245e+00   8.11217152e-01   1.09150916e+01 
  7.36135528e-02   3.55458300e+00   1.12677597e+01 
  1.23007454e+00   7.04999057e+00   1.02703870e+01 
  3.32299434e+00   8.38538736e+00   7.36805766e+00 
  1.87962414e+00   9.96993344e+00  -3.40128823e+00 
 -9.60962488e-01   7.55067512e+00  -3.40273130e+00 
 -2.75917389e-01   4.00914373e+00  -5.29702610e+00 
 -1.82781940e+00   7.99878407e-01  -5.98510880e+00 
 -5.73457482e+00   1.15198901e+00  -6.27939285e+00 
 -5.93714429e+00   4.07390383e+00  -3.88976647e+00 
 -5.79654619e+00   1.51605440e+00  -1.08577864e+00 
 -7.08127784e+00   4.72830686e+00   5.53557531e+00 
 -4.78355575e+00   4.48781238e+00   2.55905599e+00 
 -2.70249483e+00   1.32270753e+00   3.51737962e+00 
  9.04544445e-01   4.78022204e-01   1.96076705e+00 
  4.21875607e+00   1.98139344e+00   7.26556594e-01 
  7.29392281e+00   8.75275692e-01  -8.74681269e-01 
  6.68133711e+00   1.78766691e+00  -4.47069388e+00 
  4.88724653e+00   4.89897659e+00  -5.18730750e+00 
  6.45706184e+00   8.36576725e+00  -4.77061308e+00 
  9.97627700e+00   6.99721373e+00  -4.17642527e+00 
  9.74962075e+00   6.72210169e+00   1.17351425e+00 
  6.31963097e+00   7.84338204e+00   2.34124079e+00 
  2.72747663e+00   6.76027739e+00   2.24806098e+00 
  1.56926352e+00   4.64794332e+00   5.17506054e+00 
 -2.00855637e+00   5.14643656e+00   6.46472522e+00 
 -3.99629824e+00   3.23262589e+00   9.07368628e+00 

   1.429878467863e+01 

 -3.42251543e+00  -5.18257826e-01   3.19858384e+00 
  2.33363149e+00   5.25019822e+00  -9.39837637e-01 
  2.11350460e+00   4.63960327e+00  -2.24577856e+00 
  2.41613628e+00   5.62289155e+00  -3.16725593e+00 
  3.92180826e+00   5.36209598e+00  -3.59692234e+00 
  4.62658365e+00   5.45497597e+00  -2.28670553e+00 
  3.69780696e+00   5.70914401e+00  -1.07245617e+00 
  1.91600696e+00   3.97481923e+00  -4.51826529e-01 
  2.45774313e+00   3.31957521e+00  -2.65448188e+00 
  9.13015687e-01   3.31752702e+00  -1.19710727e+00 
  7.26863685e-01   2.23991945e+00  -2.55644160e-01 
  8.33766808e-01   2.31343088e+00   1.08474708e+00 
 -2.65869687e-01   2.77305720e+00   1.88382189e+00 
 -1.29815607e+00   2.25521256e+00   1.04211326e+00 
 -7.23613572e-01   2.57041416e+00  -9.56677789e-02 
 -2.37690152e+00   1.45695013e+00   1.59887289e+00 
 -2.24560097e+00   5.81454115e-01   2.54346880e+00 
 -1.43344013e+00   1.24383707e+00   3.53899057e+00 
 -4.38637015e-01   2.08208573e+00   3.19192892e+00 
  1.92758063e-01   4.08103456e+00  -1.91355120e+00 
  3.29684606e+00   2.26105104e+00  -2.37195886e+00 
  3.52978586e+00   9.46262819e-01  -2.89205106e+00 
  2.97153049e+00   5.46036938e-01  -4.00553695e+00 
  3.46465322e+00  -5.32709230e-01  -4.60846410e+00 
  3.58560196e+00  -1.64621955e+00  -3.75981583e+00 
  3.96599387e+00  -6.52040368e-01  -2.39018746e+00 
  3.62084726e+00  -2.93079409e+00  -4.62835836e+00 
  4.94116457e+00  -3.08729772e+00  -5.24377265e+00 
  5.37973686e+00  -1.68410563e+00  -5.41661447e+00 
  4.06104009e+00  -1.09185536e+00  -5.92435141e+00 
  4.89167429e+00  -3.52184735e+00  -6.64756007e+00 
  3.95367195e+00   2.57527510e+00  -1.38204445e+00 
 -2.97719197e+00   8.13670923e+00   9.96745850e+00 
 -9.10238028e+00   9.90182190e+00  -4.66381767e+00 
 -9.72025147e+00  -1.69045682e+00  -5.65560190e+00 
 -8.74106142e+00  -2.39742080e+00  -9.25751976e+00 
 -5.72445872e+00  -3.67173503e-02  -8.86961508e+00 
 -8.11526564e+00   2.86268169e+00  -8.27137930e+00 
 -9.26569155e+00   2.56413936e+00  -1.18890063e+01 
 -5.93724692e+00   7.05928386e+00  -1.09499948e+01 
  4.63009234e-01  -3.15303817e+00  -1.14103104e+01 
  3.53960486e+00  -5.26358951e+00  -1.10576025e+01 
 -1.06408335e+00  -5.59759526e+00  -7.03601823e+00 
 -6.73576909e+00  -5.85143381e+00  -6.39219523e+00 
 -1.05133364e+01  -5.85535850e+00  -6.67927148e+00 
 -7.05122499e+00   9.70638480e+00   2.68708259e+00 
 -3.86068663e+00   1.13352752e+01   3.84856778e+00 
  2.85549674e+00   1.00596989e+01   5.01664588e+00 
  5.40734596e+00  -1.19768338e+01   4.35611759e+00 
  7.79673986e+00  -7.31944576e+00   6.17211272e+00 
  8.27548901e+00  -6.63771665e+00   2.35147051e+00 
  1.04783660e+01  -7.34530262e+00  -6.81368494e-01 
  7.30864046e+00  -7.12087835e+00  -2.72432762e+00 
  2.46999222e+00  -1.05100576e+01  -5.45471103e-01 
 -3.77528996e+00  -1.02947395e+01   4.71436425e-01 
 -3.56895799e+00  -9.87608374e+00   4.25722335e+00 
 -1.63166923e+00  -7.49018774e+00   6.52471665e+00 
 -2.22713472e+00   3.13223772e+00   9.24177615e+00 
 -4.23030695e+00   3.83156145e+00   6.17257544e+00 
 -2.34144918e+00   5.97884959e+00   3.27060130e+00 
 -2.81315754e+00   7.24417822e+00  -9.95139715e-02 
 -6.59507899e+00   8.08729637e+00  -7.77411191e-01 
 -7.90340946e+00   5.44858683e+00   1.59206512e+00 
 -7.35373198e+00   2.95514777e+00  -1.21957595e+00 
 -1.02591993e+01  -3.70794568e+00   5.04627044e-01 
 -7.66455161e+00  -1.10645529e+00   1.33954231e+00 
 -4.88369074e+00  -2.01451321e+00  -1.25069538e+00 
 -1.03277365e+00  -9.39787170e-01  -8.47372099e-01 
  1.82614085e+00  -3.96262452e-01   1.66232655e+00 
  5.25186018e+00   8.31847009e-01   1.67976515e+00 
  4.81837877e+00   4.35635258e+00   2.91628457e+00 
  2.29816112e+00   4.98937419e+00   5.49704610e+00 
  2.74376492e+00   3.95949476e+00   9.15728900e+00 
  6.41583348e+00   2.99271286e+00   8.71897597e+00 
  5.66691589e+00  -2.19749869e+00   7.60105927e+00 
  1.94914614e+00  -2.94761795e+00   7.56649842e+00 
 -1.14310128e+00  -2.19148986e+00   5.57862332e+00 
 -1.97068458e+00  -4.65778290e+00   2.82122533e+00 
 -5.66348044e+00  -5.43655418e+00   2.13617105e+00 
 -7.30048434e+00  -7.48646030e+00  -6.09474646e-01 

   1.429878467892e+01 

  3.57743533e+00   1.45692916e+00  -1.63200182e+00 
  1.20546674e-01  -6.89916139e+00  -3.05135394e-01 
 -5.49170832e-01  -6.50002927e+00   9.27316795e-01 
 -7.04950344e-01  -7.66370628e+00   1.65474446e+00 
 -2.17352953e+00  -8.17636238e+00   1.33830430e+00 
 -2.12219817e+00  -8.33354852e+00  -1.43134378e-01 
 -7.72106937e-01  -7.92866345e+00  -7.87302847e-01 
  4.40307867e-02  -5.50588481e+00  -6.08585872e-01 
 -1.61358295e+00  -5.56505027e+00   1.07169004e+00 
  1.93525351e-01  -4.61930901e+00   4.80038485e-01 
  2.22954046e-01  -3.42053844e+00  -3.22667749e-01 
  7.39948715e-01  -3.29134902e+00  -1.55939359e+00 
  2.14463471e+00  -3.06630268e+00  -1.74699770e+00 
  2.34228606e+00  -2.30671883e+00  -5.52754060e-01 
  1.56829550e+00  -3.04201248e+00   2.11628599e-01 
  3.03207259e+00  -1.02866519e+00  -5.93622725e-01 
  2.91330619e+00  -1.47143394e-01  -1.53426754e+00 
  3.01916812e+00  -9.08962888e-01  -2.75813191e+00 
  2.50159217e+00  -2.14741031e+00  -2.86353221e+00 
  8.10551401e-01  -5.10137204e+00   1.48098900e+00 
 -2.64523853e+00  -4.95412796e+00   3.88421656e-01 
 -3.66807375e+00  -3.99465068e+00   6.82768828e-01 
 -3.89555097e+00  -3.59658264e+00   1.90811448e+00 
 -5.04243838e+00  -2.97435593e+00   2.16863184e+00 
 -5.30653306e+00  -1.89628610e+00   1.30679795e+00 
 -4.55191584e+00  -2.69192345e+00  -3.72582599e-02 
 -6.30904355e+00  -9.38753254e-01   2.00238796e+00 
 -7.66314088e+00  -1.49467179e+00   1.94042363e+00 
 -7.40939116e+00  -2.95288541e+00   1.96020048e+00 
 -6.32308236e+00  -2.98268271e+00   3.04027525e+00 
 -8.42249500e+00  -1.34320660e+00   3.19035879e+00 
 -2.58680616e+00  -5.34231811e+00  -7.76044152e-01 
  1.01905172e+01  -5.13110529e+00  -7.44485535e+00 
  9.59757633e+00  -6.60962473e+00   8.43501227e+00 
  4.15874093e+00   3.67547785e+00   9.05313946e+00 
  1.54888331e+00   3.21707879e+00   1.17754431e+01 
  5.00329285e-01  -1.20099504e-01   1.01670101e+01 
  3.97568159e+00  -1.50597453e+00   1.08610074e+01 
  3.19906161e+00  -1.38613943e+00   1.45869078e+01 
  3.15409291e+00  -6.63825665e+00   1.24468478e+01 
 -6.83106214e+00  -5.68785342e-01   9.45938970e+00 
 -1.00616635e+01  -8.13770066e-03   7.64468463e+00 
 -4.96711528e+00   3.04082990e+00   6.15202165e+00 
 -4.32203833e-01   5.88344570e+00   8.15228556e+00 
  2.36492450e+00   7.50284938e+00   1.01286578e+01 
  1.10166360e+01  -6.02157561e+00   9.56935097e-01 
  9.81245703e+00  -8.65311468e+00  -1.45279995e+00 
  4.50816451e+00  -1.02865374e+01  -5.61153003e+00 
 -8.19520664e+00   7.84033616e+00  -7.22329164e+00 
 -7.06785006e+00   3.01781004e+00  -9.70736295e+00 
 -8.72434246e+00   1.52021082e+00  -6.49730184e+00 
 -1.20405916e+01   6.24495238e-01  -4.83849458e+00 
 -1.03448211e+01   1.45912205e+00  -1.56756644e+00 
 -7.29423116e+00   6.96625900e+00  -1.45880673e+00 
 -1.93621598e+00   9.71673521e+00   4.93259172e-01 
 -3.02013018e-01   9.93830620e+00  -2.94626304e+00 
  2.87609840e-01   7.39338713e+00  -5.73245093e+00 
  6.93122020e+00  -1.19330098e+00  -7.37687542e+00 
  7.51813808e+00  -1.47563852e+00  -3.70297288e+00 
  5.85390324e+00  -4.71889918e+00  -1.88317451e+00 
  5.39873012e+00  -6.22896002e+00   1.38695966e+00 
  8.43633132e+00  -5.42253226e+00   3.75254082e+00 
  9.19437654e+00  -2.09927934e+00   2.11843795e+00 
  6.40211981e+00  -6.55505632e-01   4.24999291e+00 
  6.21394220e+00   6.79456821e+00   3.72805103e+00 
  5.79410359e+00   3.51235683e+00   1.92586917e+00 
  2.12248657e+00   2.61730916e+00   2.91844485e+00 
 -1.74446664e-01   4.50946836e-02   8.55661295e-01 
 -1.06905144e+00  -1.24350465e+00  -2.65241357e+00 
 -3.12715570e+00  -3.83224027e+00  -4.17121707e+00 
 -5.99316303e-01  -6.51691852e+00  -4.90712133e+00 
  2.73638127e+00  -5.49685086e+00  -6.02297512e+00 
  3.44565625e+00  -4.13008145e+00  -9.52803765e+00 
 -3.59956296e-02  -4.97999973e+00  -1.08571771e+01 
 -2.38999747e+00  -2.87731784e-01  -9.76621400e+00 
  1.13362922e-01   2.00665141e+00  -8.07663451e+00 
  2.02465610e+00   2.34956421e+00  -4.86497784e+00 
  3.32712864e-01   4.38720529e+00  -2.15276727e+00 
  2.52909843e+00   6.57879132e+00   1.02307728e-01 
  1.66526822e+00   8.60981433e+00   3.19248722e+00 

   1.429878468014e+01 

