  2.78339847e+00  -4.00041155e+00   4.62854074e+00 
  1.57976210e+00   2.56926427e+00  -2.21518012e+00 
 -4.66119185e+00  -1.36033199e+00  -2.80187211e+00 
  2.44961917e+00  -1.43687875e-01   2.75806022e+00 
  3.22036516e+00  -1.64651409e+00   2.56373101e+00 
  8.59020056e-01   3.24822074e+00  -1.28498918e+00 
  2.20720057e+00   1.10488024e+00   2.09114421e+00 
 -5.56316962e+00  -3.34599878e-01  -2.73280921e+00 
 -3.38895106e+00  -1.23267987e+00  -2.12657499e+00 
  2.98822280e+00  -2.29897673e+00   4.16873184e+00 
 -3.73337572e-01   2.62389308e+00  -1.01905302e+00 
 -3.36181179e+00  -2.66033425e-01  -1.16820754e+00 
  1.09875376e+00   9.20881858e-01  -1.03105426e+00 
  2.87964061e+00   1.72254267e+00   1.06100835e+00 
  2.45836082e+00  -5.20743167e-02   4.15443720e+00 
  2.95546929e-01   2.92546490e-01  -1.73925922e-01 
  8.08590055e-01   1.44815029e+00  -2.52085151e+00 
  2.59534212e+00   2.47414307e+00  -3.23695232e-02 
 -9.07335133e-01  -3.15862880e-01  -7.20659099e-01 
 -2.21140704e+00  -3.94361180e-02  -3.25380700e-01 
  1.66548883e+00   3.53569833e+00  -1.20485683e-01 
  2.74266345e+00   2.23868400e+00  -1.46397830e+00 
  2.72105039e+00  -1.17232345e+00   4.82088047e+00 
 -1.25248928e+00   2.32602102e+00  -2.03565235e+00 
 -5.10111224e+00  -2.38206907e+00  -3.58955884e+00 
 -3.56359286e+00   2.30596342e+00  -3.36648950e+00 
 -4.03272148e+00   3.63684271e+00  -4.04150798e+00 
 -3.08870947e+00   2.72263981e+00  -4.68954224e+00 
 -6.42843295e+00  -9.30555648e-02  -3.75474855e+00 
  1.13896871e+00   1.73946350e+00   2.35116264e+00 
 -5.39286043e+00   4.87491011e-01  -1.82369658e+00 
 -2.14555666e+00  -1.15469396e+00  -2.74650595e+00 
 -5.61202731e-01   2.84710202e+00   1.23025341e-01 
  2.04111837e+00   1.96196119e-01  -1.23518552e+00 
 -1.07848870e+00  -1.14831003e+00  -1.81307743e+00 
 -5.40265211e+00  -1.83480216e+00  -4.87038389e+00 
 -6.62167293e+00  -1.18765594e+00  -4.61414649e+00 
 -2.70719422e+00   2.67691892e+00  -2.20007695e+00 
 -2.63204953e+00   1.04800293e+00   3.24752289e-01 
  8.73602275e+00   2.49308967e+00   1.07897819e+01 
  5.58764566e+00  -9.74722122e+00  -4.18694064e+00 
  4.05967169e+00  -9.90144715e+00  -7.66050870e+00 
  3.41533791e+00  -6.16001609e+00  -7.47638669e+00 
  7.19714831e+00  -5.56672209e+00  -7.18571345e+00 
  7.50251227e+00  -6.73229736e+00  -1.07916339e+01 
  5.71535960e+00  -3.58499812e+00  -1.19533748e+01 
  8.13552226e+00  -1.18878285e+00  -1.02014066e+01 
 -4.20439218e+00  -8.16070699e+00  -1.02298327e+01 
 -3.54742224e+00  -4.51439869e+00  -9.32102802e+00 
 -7.30547659e+00  -4.27160514e+00  -8.61641190e+00 
 -7.33027297e+00  -6.76387677e+00  -5.67652694e+00 
 -3.67149848e+00  -7.24189005e+00  -4.76771962e+00 
  5.70663501e-01  -1.10660644e+01  -4.40961265e+00 
  1.17867349e+01   9.85720285e-01   2.94312726e+00 
  1.05545086e+01   4.30029534e+00   4.18997578e+00 
  1.11687180e+01   4.95124385e+00   7.94320635e+00 
  7.75611782e+00   6.67579687e+00   8.25565238e+00 
  4.91566758e+00   7.66401151e+00   5.90346568e+00 
  6.58533806e+00   1.02603433e+01   3.60407886e+00 
  1.42272273e+01   5.00216149e+00   2.89408399e+00 
 -1.03572984e+01  -1.51094810e+00   5.52977762e+00 
 -1.29813677e+01  -9.12215763e-01   2.86141986e+00 
 -1.07099910e+01  -2.85512467e+00   4.92420538e-01 
 -1.13187270e+01  -6.56542138e+00   4.54257853e-01 
 -8.75556893e+00  -8.34181108e+00   2.56939309e+00 
 -3.76969514e+00  -1.21333773e+01   3.05920730e+00 
 -3.22116921e+00  -1.14417882e+01   6.73804552e+00 
  4.77715593e+00  -7.99210829e-01   1.06076077e+01 
  6.34824552e+00  -1.70231840e+00   7.32327330e+00 
  6.10636149e+00   1.01600924e+00   4.53797796e+00 
  6.83848060e+00   1.65195306e+00   9.77783404e-01 
  9.96357727e+00  -2.13311889e-02  -2.77406064e-01 
  9.53695956e+00  -2.81104530e+00   2.20826417e+00 
  7.17287404e+00  -4.33851681e+00  -2.34691134e-01 
  5.00442576e+00  -7.37021718e+00   2.58028358e+00 
  2.03430968e+00  -6.37285193e+00   2.23150094e-01 
  1.78243976e-01  -3.16598634e+00   1.01749648e+00 
 -1.25376333e+00  -8.17978990e-01   3.61888399e+00 
 -3.27803924e+00   2.33050146e+00   3.79823910e+00 
 -2.93452874e-01   4.61350272e+00   4.42384364e+00 
  2.19037508e+00   3.48834593e+00   7.03158620e+00 
  1.60160237e+00   3.08058098e+00   1.07063502e+01 
 -1.81120161e+00   4.83949355e+00   1.06084594e+01 
 -4.78928802e+00   4.33637816e-01   9.96066074e+00 
 -2.46198356e+00  -2.56677274e+00   9.70530049e+00 
  7.15455661e-02  -3.97603932e+00   7.32632714e+00 
 -1.28206826e+00  -6.41272837e+00   4.78239892e+00 
  9.09598350e-01  -9.42638704e+00   3.95991179e+00 
  5.71346731e-01  -1.22712088e+01   1.48518840e+00 
 -1.11377132e-01  -1.54432916e+01   3.47994595e+00 

   1.691766481092e+01 

  3.63441678e+00   1.79107688e+00   3.00085038e+00 
 -6.51549292e-01  -1.71137745e+00  -4.79723745e+00 
 -5.85281480e+00  -2.75053262e+00   3.60522690e-01 
  2.02094675e+00   1.62677400e+00  -9.80882338e-01 
  3.01673392e+00   7.48419743e-01   8.08237812e-02 
 -1.23647054e+00  -4.88819380e-01  -4.89174252e+00 
  1.35625858e+00   1.53939523e+00  -2.25092713e+00 
 -6.90325055e+00  -2.14829817e+00  -2.75375168e-01 
 -4.50696917e+00  -2.29237136e+00   9.65828412e-02 
  3.34835628e+00   1.99403414e+00   1.26152950e+00 
 -2.19771366e+00  -2.88708420e-01  -3.88418792e+00 
 -4.44051544e+00  -1.05400340e+00  -4.65244294e-01 
 -4.51303766e-01  -1.19111310e+00  -2.78728429e+00 
  1.59477326e+00   7.32137174e-01  -3.34009932e+00 
  2.36819455e+00   2.92994541e+00  -6.07393506e-01 
 -8.55289774e-01  -5.24173982e-01  -1.70718264e+00 
 -1.21920930e+00  -2.29603665e+00  -3.66543703e+00 
  8.86529667e-01   7.28608776e-02  -4.29138269e+00 
 -2.00072880e+00  -1.06139899e+00  -9.89276846e-01 
 -3.18751968e+00  -3.85914971e-01  -7.27621105e-01 
 -2.38156054e-01   5.50469382e-01  -5.00291660e+00 
  7.07942065e-01  -1.34273798e+00  -4.59275169e+00 
  3.02468748e+00   3.06291297e+00   5.41279737e-01 
 -3.22437186e+00  -1.18583781e+00  -3.69388492e+00 
 -6.25300807e+00  -3.78846745e+00   1.14822652e+00 
 -5.74087121e+00  -2.03135185e+00  -3.43884780e+00 
 -6.63900770e+00  -2.05779755e+00  -4.71933159e+00 
 -5.72115466e+00  -3.15022847e+00  -4.38614082e+00 
 -8.03265843e+00  -2.84519910e+00  -5.75663909e-01 
  2.81073012e-01   2.19160216e+00  -2.42422387e+00 
 -6.68376900e+00  -1.03330814e+00  -7.65214676e-01 
 -3.51023413e+00  -3.02607667e+00  -5.39548649e-01 
 -2.12904634e+00   8.65512452e-01  -3.65499269e+00 
  5.38649012e-01  -1.80691501e+00  -2.47797527e+00 
 -2.26585418e+00  -2.34684507e+00  -5.50021305e-01 
 -6.98223025e+00  -4.69391407e+00   3.23999417e-01 
 -8.20320548e+00  -4.01602248e+00   1.82058255e-01 
 -4.71271948e+00  -9.66269393e-01  -3.63894749e+00 
 -3.64805705e+00   6.90761311e-01  -1.36857559e+00 
  9.45061315e+00   8.92945816e+00  -2.54653957e+00 
  5.23519295e+00  -8.88280767e+00   4.45290597e+00 
  2.93556136e+00  -1.18537555e+01   3.89681264e+00 
  1.58126744e+00  -1.01446521e+01   7.83575109e-01 
  5.09586057e+00  -1.02611393e+01  -7.56743087e-01 
  4.70556063e+00  -1.40362221e+01  -9.82184565e-01 
  2.05431450e+00  -1.35949688e+01  -3.67016217e+00 
  4.27747838e+00  -1.14709385e+01  -5.95366643e+00 
 -5.88562245e+00  -1.21900978e+01   3.89905960e+00 
 -5.80669842e+00  -1.00682579e+01   7.29740583e-01 
 -9.22084522e+00  -8.72948064e+00   1.83862008e+00 
 -7.96069980e+00  -7.01088263e+00   5.05006479e+00 
 -4.17608564e+00  -6.95741788e+00   4.71107691e+00 
  7.27372023e-01  -8.78454565e+00   7.02757386e+00 
  1.06328166e+01   7.26054596e-01  -4.65741326e+00 
  9.08759402e+00   3.33182858e+00  -6.86686891e+00 
  1.04920423e+01   6.89499430e+00  -6.39879631e+00 
  6.98849860e+00   8.39119032e+00  -6.85066100e+00 
  3.49670590e+00   7.09001173e+00  -7.68242259e+00 
  3.92981562e+00   5.72886891e+00  -1.12567315e+01 
  1.20690551e+01   1.83237216e+00  -8.99367984e+00 
 -9.05309912e+00   5.68237565e+00   4.89153331e+00 
 -1.23393609e+01   3.90922701e+00   4.24281289e+00 
 -1.03934414e+01   6.43328946e-01   4.54857302e+00 
 -1.01898321e+01  -7.19435010e-01   8.04709751e+00 
 -6.85309573e+00   1.07981209e-01   9.59005756e+00 
 -1.22149353e+00  -1.70660720e+00   1.17036601e+01 
  9.32719576e-02   1.81514499e+00   1.21299211e+01 
  6.36967517e+00   8.13572149e+00   1.50597734e+00 
  7.19965118e+00   4.55010438e+00   7.81218409e-01 
  5.67973458e+00   3.10188008e+00  -2.50482627e+00 
  5.32120855e+00  -7.92749382e-03  -4.45828629e+00 
  8.30078269e+00  -2.29514519e+00  -4.27814882e+00 
  9.12860850e+00  -1.03910013e+00  -8.31382425e-01 
  6.59657513e+00  -3.46637874e+00   4.28452233e-01 
  5.91791257e+00  -1.72360902e+00   4.70859816e+00 
  2.30065365e+00  -3.00492460e+00   3.90480321e+00 
  7.38922855e-02  -7.51507494e-01   1.82547352e+00 
 -1.10691372e+00   2.74624342e+00   9.87296229e-01 
 -3.63771987e+00   4.44524484e+00  -1.19239818e+00 
 -1.14742312e+00   5.41098259e+00  -3.90846773e+00 
  2.10273924e+00   6.94928805e+00  -2.76579516e+00 
  2.57741184e+00   1.02278560e+01  -1.02153348e+00 
 -1.03893871e+00   1.13642585e+01  -1.63890397e+00 
 -3.07828325e+00   9.56138649e+00   2.97530380e+00 
 -3.12666050e-01   7.80141030e+00   4.90865018e+00 
  1.76461485e+00   4.68934784e+00   4.65523221e+00 
  3.52399878e-01   1.65815324e+00   6.40415719e+00 
  2.84737590e+00  -6.00604645e-01   8.20280163e+00 
  2.49692126e+00  -3.88919740e+00   1.00450859e+01 
  3.03838194e+00  -3.18518769e+00   1.37489251e+01 

   1.691766488246e+01 

  3.90710394e+00   3.18375105e+00  -1.53344679e+00 
 -4.21873185e+00   3.19586749e-01   2.61558163e+00 
 -1.81172751e+00  -5.96682341e+00  -4.54091083e-01 
  9.83433748e-01   2.46998703e+00   1.53688397e+00 
  1.12391122e+00   3.09945103e+00  -3.61220593e-02 
 -3.42502699e+00  -8.22216527e-02   3.64237259e+00 
  1.57511504e-02   2.09276692e+00   2.52872499e+00 
 -1.86895371e+00  -6.77471266e+00   6.47958034e-01 
 -1.56979282e+00  -4.55139724e+00  -2.84066469e-01 
  2.85769715e+00   3.31009757e+00  -1.08300156e-01 
 -2.65625422e+00  -1.20960599e+00   3.30005383e+00 
 -1.04008374e+00  -4.21838381e+00   9.25119278e-01 
 -2.46184972e+00   1.36536118e-01   1.50628507e+00 
 -1.29880401e+00   2.46617206e+00   2.69416042e+00 
  2.21281942e+00   2.87864472e+00   2.06598229e+00 
 -1.26668624e+00  -4.11745075e-01   1.29271568e+00 
 -3.91515751e+00  -5.46188936e-01   1.56519508e+00 
 -2.47168419e+00   1.90977593e+00   3.08907970e+00 
 -1.24583822e+00  -1.74136105e+00   7.03068649e-01 
 -6.49318560e-01  -2.86847887e+00   1.25715251e+00 
 -2.67615499e+00   1.03176968e+00   4.17839858e+00 
 -3.72374898e+00   1.63550030e+00   2.39356523e+00 
  3.13102260e+00   3.27978750e+00   1.19185471e+00 
 -3.24918289e+00  -2.35155600e+00   2.81067066e+00 
 -2.06270603e+00  -6.64877260e+00  -1.60730176e+00 
 -3.85507635e+00  -4.94484952e+00   2.66765000e+00 
 -4.80035502e+00  -5.53851537e+00   3.76355020e+00 
 -5.31538559e+00  -4.85112133e+00   2.57648982e+00 
 -2.65470990e+00  -7.88548074e+00   6.61810477e-01 
  3.07291923e-01   1.16590455e+00   3.34564857e+00 
 -1.37097230e+00  -6.32371127e+00   1.68715547e+00 
 -2.47499642e+00  -3.53359053e+00  -5.68910497e-01 
 -1.65148346e+00  -1.05691294e+00   3.89720106e+00 
 -2.63993041e+00   9.55443989e-01   6.38777143e-01 
 -1.90575812e+00  -2.24566303e+00  -4.04078538e-01 
 -3.33096351e+00  -7.28223060e+00  -1.46170030e+00 
 -3.00867329e+00  -8.35412391e+00  -6.14570541e-01 
 -3.14579496e+00  -3.77948214e+00   3.27620899e+00 
 -3.25147649e-01  -3.04780524e+00   2.53968620e+00 
  5.73968411e+00   1.08705851e+01   5.75449365e+00 
 -2.82002510e+00   3.15877382e+00  -1.00978851e+01 
 -5.51827826e+00   7.01790259e-01  -1.11498919e+01 
 -6.46490960e+00   2.70495262e-01  -7.49404432e+00 
 -7.37151299e+00   3.99753978e+00  -7.33381185e+00 
 -1.03127595e+01   3.22326324e+00  -9.61503109e+00 
 -1.19815224e+01   1.29319400e+00  -6.79739608e+00 
 -1.18341706e+01   4.19556280e+00  -4.30282566e+00 
 -6.32379943e+00  -7.88403299e+00  -9.26276408e+00 
 -6.91521000e+00  -6.86595639e+00  -5.63416038e+00 
 -5.40009581e+00  -1.02573992e+01  -4.69561100e+00 
 -1.88361595e+00  -9.53436706e+00  -6.09792417e+00 
 -1.83379151e+00  -5.78771911e+00  -6.73134051e+00 
 -1.28833088e+00  -1.75825133e+00  -1.07580457e+01 
 -1.62216615e+00   1.15085348e+01   1.44806421e+00 
 -1.31151657e+00   1.08009176e+01   5.11715885e+00 
  1.70364772e+00   1.24797434e+01   6.84285489e+00 
  2.26969197e+00   9.36070306e+00   9.00358986e+00 
  5.31008180e-01   6.00590343e+00   9.55113041e+00 
 -2.86227516e+00   7.04455532e+00   1.10420427e+01 
 -3.66220863e+00   1.39762703e+01   4.88875927e+00 
  7.23142020e+00  -9.06063680e+00   2.79189790e+00 
  5.28444860e+00  -1.23119275e+01   2.84506983e+00 
  3.22477885e+00  -1.08787689e+01  -2.72055456e-02 
  4.61310501e+00  -1.16054004e+01  -3.44521265e+00 
  6.47751817e+00  -8.61183657e+00  -4.77249853e+00 
  6.94083480e+00  -3.83123493e+00  -8.82295116e+00 
  9.89162477e+00  -2.23505600e+00  -7.07421212e+00 
  7.71152977e+00   6.90829500e+00   3.11684231e+00 
  4.64787597e+00   7.44743480e+00   1.02062107e+00 
  1.26220662e+00   6.52090987e+00   2.71896652e+00 
 -2.36210670e+00   6.23281149e+00   2.08902523e+00 
 -3.72483171e+00   8.81020440e+00  -2.86205901e-01 
 -4.14826178e-01   9.00852111e+00  -2.06038041e+00 
 -1.49815080e+00   5.99442837e+00  -3.96608545e+00 
  2.63764788e+00   4.60896029e+00  -5.63735747e+00 
  9.24491325e-01   1.12885873e+00  -5.06603868e+00 
  1.02213179e+00  -3.08960459e-01  -1.56131346e+00 
  2.93904787e+00  -8.57424722e-01   1.65672209e+00 
  2.54343701e+00  -2.63330478e+00   4.93274869e+00 
  1.56645658e+00   4.85574911e-01   6.88962486e+00 
  3.67425477e+00   3.56644955e+00   6.34094583e+00 
  7.28758929e+00   4.03260460e+00   7.20306963e+00 
  7.47082403e+00   7.97939965e-01   9.26556283e+00 
  9.15113547e+00  -2.39686040e+00   5.30703173e+00 
  9.34994566e+00  -3.46959874e-01   2.10666220e+00 
  7.03195568e+00   1.35357696e+00  -3.01517907e-01 
  5.90947322e+00  -7.53608023e-01  -3.22402343e+00 
  5.63458441e+00   1.00464212e+00  -6.59967143e+00 
  4.45451086e+00  -1.24667740e-01  -1.00148950e+01 
  7.51656125e+00  -3.24969385e-01  -1.22712105e+01 

   1.691766487248e+01 

  2.67870381e+00   1.42364429e+00  -4.45434996e+00 
 -4.59959114e+00  -1.21421744e+00   1.15953065e+00 
  1.92382117e-01   1.49735668e+00   6.10118265e+00 
 -2.92625348e-01  -1.08435144e+00  -2.61981517e+00 
 -1.20989446e-01   4.30289477e-01  -3.37260733e+00 
 -3.89018962e+00  -2.35575042e+00   1.35793491e+00 
 -1.22594616e+00  -1.88809681e+00  -1.88135639e+00 
  2.31136843e-01   4.35128843e-01   6.96178700e+00 
 -7.44961038e-02   1.26492427e+00   4.69917623e+00 
  1.43552604e+00   1.98919722e-01  -4.13373785e+00 
 -2.74971998e+00  -2.13262838e+00   2.15086983e+00 
  1.18739906e-01  -2.28022262e-02   4.30165594e+00 
 -2.72869013e+00  -4.21650663e-01   6.88112591e-01 
 -2.59884999e+00  -1.83049508e+00  -1.79972343e+00 
  6.34380644e-01  -1.82419604e+00  -3.36255121e+00 
 -1.40187071e+00  -4.08396414e-01   8.06512651e-01 
 -3.86676092e+00  -2.17813132e-01   1.80387475e+00 
 -3.57025259e+00  -2.00799671e+00  -8.69097569e-01 
 -8.52372887e-01   1.90614084e-01   2.01281235e+00 
 -1.35839438e-02  -4.39431096e-01   2.92538615e+00 
 -3.64359879e+00  -3.03115390e+00   1.04087231e-01 
 -4.53638929e+00  -1.10258154e+00  -2.58026951e-01 
  1.49520110e+00  -1.12821883e+00  -4.09924496e+00 
 -2.84923371e+00  -1.52956730e+00   3.38435797e+00 
  3.64604030e-01   2.68764406e+00   6.74270072e+00 
 -2.53819096e+00  -1.24150318e+00   6.01741426e+00 
 -3.39550092e+00  -2.14819769e+00   6.96075751e+00 
 -3.91450506e+00  -9.01791151e-01   6.39155134e+00 
 -1.37502399e-01   5.75243204e-01   8.26404959e+00 
 -7.78414540e-01  -2.72766230e+00  -1.04093989e+00 
  3.82817599e-01  -6.81650618e-01   6.45079251e+00 
 -1.20716861e+00   1.68482944e+00   4.00839374e+00 
 -1.95837472e+00  -2.89651338e+00   1.72692404e+00 
 -3.02709306e+00   4.49979242e-01  -9.04175523e-02 
 -1.12655581e+00   1.40312286e+00   2.62126257e+00 
 -6.30987694e-01   2.77335417e+00   7.75875831e+00 
 -1.11895905e-01   1.90107508e+00   8.72836103e+00 
 -2.35678767e+00  -1.98240385e+00   4.73301432e+00 
  1.45138019e-01  -1.75551842e+00   3.08295125e+00 
  7.09438082e-01  -6.19664707e+00  -1.17762840e+01 
 -2.22759224e+00   1.10191110e+01  -2.88639139e+00 
 -3.76646359e+00   1.25609660e+01   2.24650804e-01 
 -5.08212737e+00   9.13074234e+00   1.19933288e+00 
 -7.17705242e+00   9.06797761e+00  -2.01715992e+00 
 -9.30181381e+00   1.18346759e+01  -5.05494692e-01 
 -1.06650110e+01   9.37919130e+00   2.05601077e+00 
 -1.18751776e+01   6.84918056e+00  -5.52216255e-01 
 -1.99075612e+00   1.09825536e+01   8.72652952e+00 
 -3.44792406e+00   7.49406647e+00   8.21655404e+00 
 -1.06985647e+00   6.36420214e+00   1.09998062e+01 
  2.18775731e+00   7.12695358e+00   9.08642922e+00 
  1.10202663e+00   7.68057627e+00   5.48701858e+00 
  9.19441163e-01   1.14860263e+01   1.21692699e+00 
 -5.67686811e+00  -6.96209852e-01  -1.03238688e+01 
 -5.73303413e+00  -4.35176541e+00  -9.49122630e+00 
 -3.74934692e+00  -6.59897274e+00  -1.19207748e+01 
 -2.53714228e+00  -8.77334318e+00  -9.00182444e+00 
 -3.13930077e+00  -8.95756949e+00  -5.23606238e+00 
 -6.87543059e+00  -9.85780260e+00  -5.01933817e+00 
 -8.92998824e+00  -3.77363981e+00  -1.17508761e+01 
  9.11889053e+00  -3.20818611e+00   6.35121539e+00 
  8.36664496e+00  -2.87128432e+00   1.00505456e+01 
  6.43004854e+00   2.89164906e-01   9.15207073e+00 
  8.50025017e+00   3.42802500e+00   9.14602813e+00 
  9.46113974e+00   4.36445570e+00   5.62481185e+00 
  8.95883872e+00   8.19510743e+00   6.70132076e-01 
  1.09061273e+01   5.93766146e+00  -1.65904186e+00 
  4.26397793e+00  -3.87375168e+00  -8.85830391e+00 
  1.56422848e+00  -1.28974281e+00  -8.53418296e+00 
 -1.55130154e+00  -2.36327820e+00  -6.44935316e+00 
 -4.73213169e+00  -1.11307048e+00  -5.05838039e+00 
 -6.47430354e+00   1.41885231e+00  -7.22540271e+00 
 -3.17782480e+00   2.59210309e+00  -8.60377550e+00 
 -2.89523333e+00   4.70540768e+00  -5.54695670e+00 
  1.67473625e+00   5.66094175e+00  -5.68771127e+00 
  1.13379085e+00   5.45096839e+00  -1.81012046e+00 
  1.14527998e+00   2.00605466e+00  -2.31395273e-01 
  2.60354437e+00  -1.48489628e+00  -9.75164306e-02 
  2.30292317e+00  -4.61393563e+00   1.94239072e+00 
  5.93539269e-02  -6.42403741e+00  -5.47820696e-01 
  1.09548908e+00  -6.29786200e+00  -4.17358572e+00 
  4.17096807e+00  -7.77776174e+00  -5.71243155e+00 
  5.08021138e+00  -9.78745087e+00  -2.56839873e+00 
  8.31904549e+00  -6.12599800e+00  -3.76620395e-01 
  8.33437243e+00  -3.04203608e+00  -2.60660873e+00 
  5.99623715e+00  -2.98493101e-01  -3.64114152e+00 
  6.10435760e+00   2.80807112e+00  -1.50133616e+00 
  5.80212461e+00   6.15115045e+00  -3.31639988e+00 
  5.61271426e+00   9.73682751e+00  -2.11693429e+00 
  8.88533170e+00   1.14342558e+01  -3.07397775e+00 

   1.691766498453e+01 

  4.90057762e+00   1.85499242e+00   2.32814125e+00 
 -4.00175555e+00   1.16006152e+00  -1.09416997e+00 
 -1.25521210e+00  -5.51757082e+00  -2.70696341e+00 
  6.02467223e-01   1.90254284e+00   2.23754173e+00 
  1.95071913e+00   2.48306134e+00   1.37990079e+00 
 -4.29363007e+00   5.61651207e-01   9.00687746e-02 
 -8.26704977e-01   1.78210672e+00   2.16385240e+00 
 -2.23586213e+00  -6.28938357e+00  -2.14740670e+00 
 -9.74427488e-01  -4.21330450e+00  -2.14935170e+00 
  3.18842827e+00   2.23994673e+00   2.59009895e+00 
 -3.72944260e+00  -7.23933855e-01   1.80460256e-01 
 -1.44729995e+00  -4.03468184e+00  -8.85191432e-01 
 -2.06084390e+00   5.36328938e-01  -6.53181742e-01 
 -1.75374229e+00   2.48088202e+00   1.42414258e+00 
  1.10194822e+00   1.97754278e+00   3.54261372e+00 
 -1.20798910e+00  -3.00357268e-01  -6.39095828e-02 
 -3.18455812e+00   2.51019244e-01  -1.76563682e+00 
 -2.91475544e+00   2.24354354e+00   7.63148396e-01 
 -9.94021642e-01  -1.58717760e+00  -7.07571246e-01 
 -1.19728480e+00  -2.83296481e+00  -1.24550520e-01 
 -3.99577636e+00   1.44201072e+00   1.19702526e+00 
 -3.28474501e+00   2.30507246e+00  -6.46094558e-01 
  2.41667163e+00   2.13318607e+00   3.66667688e+00 
 -3.96283885e+00  -1.67175139e+00  -7.90238898e-01 
 -6.98728476e-01  -6.10546289e+00  -3.80361048e+00 
 -4.70784814e+00  -4.02038849e+00  -1.81085872e+00 
 -6.23542824e+00  -4.35605394e+00  -1.83917848e+00 
 -5.59253503e+00  -3.55284049e+00  -2.88244840e+00 
 -2.95832322e+00  -7.16012780e+00  -2.90322610e+00 
 -1.38900434e+00   8.06990304e-01   2.75070807e+00 
 -2.58546153e+00  -5.98765252e+00  -9.99338211e-01 
 -1.19082577e+00  -2.99500628e+00  -2.78606040e+00 
 -3.47262395e+00  -8.38662090e-01   1.32516317e+00 
 -1.40514195e+00   1.37816978e+00  -1.21554654e+00 
 -7.11388998e-01  -1.89827751e+00  -2.02626517e+00 
 -1.75451487e+00  -6.39134078e+00  -4.71714750e+00 
 -2.34347580e+00  -7.51470542e+00  -4.11578703e+00 
 -4.48021755e+00  -3.08056241e+00  -6.72255978e-01 
 -1.94822516e+00  -3.09677879e+00   9.47191231e-01 
  2.13038629e+00   8.76989708e+00   1.00787388e+01 
  6.68129235e+00   3.61186000e+00  -8.27126237e+00 
  5.23603324e+00   1.93929692e+00  -1.13596090e+01 
  1.86984521e+00   1.74673230e+00  -9.60489244e+00 
  1.79595948e+00   5.58059485e+00  -9.41901943e+00 
  1.37617364e+00   5.60315664e+00  -1.31976067e+01 
 -2.11635400e+00   4.15323006e+00  -1.28116422e+01 
 -3.33568738e+00   6.90589207e+00  -1.04442639e+01 
  1.84433437e+00  -6.15878943e+00  -1.22782272e+01 
 -1.01637966e+00  -5.04242159e+00  -1.00147965e+01 
 -1.28220808e+00  -8.71489225e+00  -8.95616709e+00 
  2.19456434e+00  -8.91520815e+00  -7.30485517e+00 
  3.33618178e+00  -5.30465195e+00  -6.98599846e+00 
  7.32821330e+00  -1.53016262e+00  -8.58770310e+00 
  5.01661569e-01   1.13076059e+01   2.07522868e+00 
 -2.08889329e+00   1.05238615e+01   4.67026257e+00 
 -1.05906966e+00   1.13592108e+01   8.29370966e+00 
 -2.79744689e+00   8.18795987e+00   9.57385506e+00 
 -4.92778466e+00   5.39186265e+00   8.08354865e+00 
 -8.08329661e+00   7.26207190e+00   6.91691113e+00 
 -2.93159276e+00   1.41990840e+01   3.46884390e+00 
  1.83630802e+00  -1.08557391e+01   5.28257489e+00 
 -5.38424437e-02  -1.34954427e+01   3.32715284e+00 
  9.22406444e-01  -1.15641377e+01   1.86583908e-01 
  4.20795706e+00  -1.26055040e+01  -1.31640600e+00 
  6.92752566e+00  -1.01865875e+01  -3.40735511e-01 
  1.10121306e+01  -5.66506308e+00  -1.87261912e+00 
  1.19682587e+01  -4.89309082e+00   1.70549288e+00 
  4.67507770e+00   4.44762983e+00   8.90075306e+00 
  4.26615023e+00   5.76975217e+00   5.41427597e+00 
  6.25141779e-01   5.73813875e+00   4.01865908e+00 
 -1.36677352e+00   6.39756926e+00   9.83391714e-01 
 -9.34141420e-02   9.25202452e+00  -1.10759549e+00 
  3.42697049e+00   8.59997787e+00   4.34293699e-02 
  3.57767258e+00   5.97747426e+00  -2.60039880e+00 
  7.29670219e+00   3.58173819e+00  -1.10148127e+00 
  5.14430325e+00   6.57866184e-01  -2.58153184e+00 
  2.40633770e+00  -7.75566240e-01  -3.88646187e-01 
  1.23627226e+00  -1.81717893e+00   3.05766028e+00 
 -1.72020059e+00  -3.44887360e+00   4.68234679e+00 
 -3.25518121e+00  -1.94257105e-01   5.93236867e+00 
 -9.26764391e-01   2.24205566e+00   7.62898773e+00 
  9.19415858e-01   1.75623725e+00   1.08496078e+01 
 -1.02095314e+00  -1.42751128e+00   1.17711564e+01 
  2.42579625e+00  -4.92590855e+00   9.63074774e+00 
  5.24405239e+00  -2.97915842e+00   7.97195077e+00 
  5.75706935e+00  -7.25438296e-01   5.01867558e+00 
  6.77952548e+00  -2.45609644e+00   1.82482059e+00 
  9.36131678e+00  -6.68071236e-01  -3.42977411e-01 
  1.08735962e+01  -1.43637980e+00  -3.72740770e+00 
  1.45122688e+01  -2.40702762e+00  -3.15717311e+00 

   1.691766480397e+01 

 -1.62363472e+00  -5.14219533e+00  -5.57063692e-01 
  2.99760837e+00   3.18100704e+00   3.46972035e-01 
 -3.98821346e+00   5.19395691e+00   1.71884793e+00 
  1.20742707e+00  -2.23858781e+00   8.70616492e-01 
  5.69671798e-01  -2.86531692e+00  -5.75347030e-01 
  2.99757414e+00   2.91160906e+00   1.67856169e+00 
  2.04095166e+00  -1.18824311e+00   1.38485769e+00 
 -3.79176919e+00   5.83880870e+00   2.90882027e+00 
 -3.10919497e+00   4.10759770e+00   1.34725434e+00 
 -1.68457432e-01  -4.32387491e+00   4.37880159e-02 
  1.71197980e+00   3.03147404e+00   2.23720616e+00 
 -2.40929670e+00   3.57701914e+00   2.38754232e+00 
  1.36358413e+00   1.88476523e+00   3.31680887e-01 
  3.00386842e+00  -4.18926042e-01   7.71852917e-01 
  1.20355142e+00  -3.39857177e+00   1.65341583e+00 
  3.17987370e-01   1.31568351e+00   9.29635141e-01 
  1.66319682e+00   3.43432216e+00   3.03737422e-02 
  3.45566603e+00   8.60156291e-01   8.03997674e-01 
 -8.90233888e-01   2.11662835e+00   1.05071405e+00 
 -1.54274727e+00   2.43167565e+00   2.23739573e+00 
  3.67034966e+00   1.66129593e+00   1.94915663e+00 
  3.45264940e+00   1.93857248e+00  -1.77634274e-01 
  4.81066640e-01  -4.41833236e+00   1.19931569e+00 
  9.75890917e-01   4.18466042e+00   2.08430676e+00 
 -5.00597246e+00   5.74230572e+00   9.96742317e-01 
 -4.53714944e-01   6.31059620e+00   2.82553793e+00 
  2.96773274e-01   7.49129146e+00   3.52529080e+00 
  2.45343128e-01   7.35288498e+00   2.06753125e+00 
 -4.10685674e+00   7.15469587e+00   3.05247715e+00 
  1.82110063e+00  -7.51884548e-01   2.55647715e+00 
 -3.10701592e+00   5.24381416e+00   3.75049603e+00 
 -2.21292082e+00   4.11702255e+00   2.82801564e-01 
  1.69596966e+00   2.21238806e+00   3.08473588e+00 
  1.43027872e+00   1.42837072e+00  -7.82833992e-01 
 -1.57315542e+00   2.86411999e+00   1.07108486e-01 
 -4.71030580e+00   7.12568242e+00   8.24124163e-01 
 -5.01719380e+00   7.63455273e+00   2.09586005e+00 
  3.14834187e-01   5.06241585e+00   3.11338968e+00 
 -1.02194778e+00   2.39360126e+00   3.46598575e+00 
  6.81405983e+00  -1.09771915e+01   2.65458843e+00 
 -3.69610203e+00  -6.31843197e-01  -1.02507219e+01 
 -4.60137594e+00   2.93014420e+00  -1.12081597e+01 
 -2.17497942e+00   4.19129810e+00  -8.56817587e+00 
  6.98821259e-01   2.48302460e+00  -1.04553571e+01 
  2.12012259e-01   5.05366554e+00  -1.32138209e+01 
  1.52516953e+00   7.77165243e+00  -1.09035909e+01 
  4.81258920e+00   5.96370905e+00  -1.01338736e+01 
 -8.45604497e+00   9.22651830e+00  -6.36835173e+00 
 -5.30443770e+00   9.27918929e+00  -4.21954782e+00 
 -7.58202244e+00   1.03874242e+01  -1.34506480e+00 
 -9.66498514e+00   7.14764007e+00  -1.20385990e+00 
 -7.72238316e+00   4.64292610e+00  -3.29998772e+00 
 -7.92318474e+00   1.33457482e+00  -7.96509088e+00 
  8.07745545e+00  -6.10644271e+00  -4.26125857e+00 
  9.73907837e+00  -5.62101895e+00  -9.35168751e-01 
  1.04180156e+01  -8.87242771e+00   1.02826452e+00 
  9.51495621e+00  -7.13124983e+00   4.32529622e+00 
  8.57076531e+00  -3.60291142e+00   5.43740558e+00 
  1.17570770e+01  -1.58878883e+00   4.65836132e+00 
  1.27153706e+01  -5.90372429e+00  -3.52793002e+00 
 -8.24862253e+00   5.56531273e-01   9.60762814e+00 
 -9.33223559e+00   4.14067020e+00   1.01944032e+01 
 -9.21447420e+00   4.57253338e+00   6.40684696e+00 
 -1.24332613e+01   3.74133029e+00   4.64991821e+00 
 -1.22552715e+01   2.94745586e-01   3.13711816e+00 
 -1.19592962e+01  -3.43833849e+00  -1.90785053e+00 
 -1.12874582e+01  -6.58575531e+00   8.09960141e-02 
  1.76235656e+00  -1.01045688e+01   3.16840947e+00 
  2.27333400e+00  -8.27634198e+00  -6.69130591e-02 
  4.34791021e+00  -4.98310975e+00   1.70444708e-01 
  5.50694133e+00  -2.08879222e+00  -1.80313979e+00 
  6.31737216e+00  -2.89007316e+00  -5.38680732e+00 
  3.77439632e+00  -5.66068931e+00  -5.40225729e+00 
  1.22460682e+00  -3.02707651e+00  -6.07500689e+00 
 -2.64442907e+00  -5.39415274e+00  -4.95925276e+00 
 -3.66493890e+00  -1.80249747e+00  -3.76304223e+00 
 -2.46192882e+00  -6.95157418e-01  -3.44493378e-01 
 -1.74293519e+00  -1.56532011e+00   3.26897737e+00 
 -6.57911516e-01   1.18704773e-01   6.43583717e+00 
  2.97110497e+00  -1.01376428e+00   6.19205985e+00 
  3.56642595e+00  -4.64560078e+00   5.36092702e+00 
  2.66723102e+00  -7.62993246e+00   7.43496052e+00 
  1.81352916e+00  -5.53030480e+00   1.05354804e+01 
 -3.42833181e+00  -5.02727245e+00   9.55061051e+00 
 -4.20077343e+00  -6.73342532e+00   6.23760618e+00 
 -3.50668406e+00  -6.24469176e+00   2.58473905e+00 
 -6.09238481e+00  -4.24057737e+00   7.03535898e-01 
 -6.93015441e+00  -5.41105590e+00  -2.83059086e+00 
 -9.17634880e+00  -4.03060603e+00  -5.54732104e+00 
 -1.21480599e+01  -6.38989030e+00  -5.87879686e+00 

   1.691766521026e+01 

  4.24878436e+00   1.13901943e+00   3.56280281e+00 
 -2.76165743e+00  -2.99741863e+00  -1.45619912e+00 
 -3.38842212e+00   4.06858134e+00  -3.55723241e+00 
  2.28704796e+00  -1.54134741e+00   8.33029310e-01 
  2.14170924e+00  -9.15083823e-01   2.40688311e+00 
 -1.86155989e+00  -3.03813693e+00  -2.47299747e+00 
  1.58786206e+00  -2.32057045e+00  -1.50030169e-01 
 -3.36041758e+00   3.88851076e+00  -4.91268950e+00 
 -2.69030027e+00   3.13379146e+00  -2.70302074e+00 
  3.75568666e+00  -2.76128133e-01   2.61281523e+00 
 -1.60710233e+00  -1.75834725e+00  -2.99890788e+00 
 -1.75317943e+00   2.38445738e+00  -3.34640195e+00 
 -1.55145484e+00  -1.44301220e+00  -7.70702916e-01 
  5.58247695e-01  -3.22472468e+00  -1.86309970e-02 
  3.68094181e+00  -1.62069086e+00   7.37690400e-01 
 -6.97204963e-01  -4.44261456e-01  -9.88400550e-01 
 -3.05814102e+00  -1.64467669e+00  -1.29119977e+00 
 -5.57036152e-01  -3.60055394e+00  -6.93966401e-01 
 -1.25474512e+00   8.06791538e-01  -1.47830459e+00 
 -8.92313806e-01   1.45460610e+00  -2.65398400e+00 
 -6.87492117e-01  -3.78875647e+00  -2.08927173e+00 
 -1.97979614e+00  -3.51536160e+00  -3.85519682e-01 
  4.37719417e+00  -9.51484900e-01   1.65175162e+00 
 -2.63455958e+00  -9.52578976e-01  -3.43496418e+00 
 -4.16212511e+00   5.13024616e+00  -3.19367615e+00 
 -4.01144953e+00   5.86343583e-01  -5.12274071e+00 
 -4.72513031e+00  -1.05802343e-01  -6.33045355e+00 
 -5.33341413e+00  -3.55973822e-02  -4.99930845e+00 
 -4.40491873e+00   4.27862514e+00  -5.69257725e+00 
  1.81195308e+00  -2.09720355e+00  -1.37937987e+00 
 -2.46639101e+00   3.15416740e+00  -5.35176062e+00 
 -3.28634148e+00   2.25953919e+00  -1.79920245e+00 
 -4.74289940e-01  -1.80670373e+00  -3.32117561e+00 
 -1.72029660e+00  -1.51587979e+00   4.21384899e-01 
 -2.33172880e+00   1.55013461e+00  -1.02756853e+00 
 -5.46061442e+00   4.92030909e+00  -3.74212838e+00 
 -5.24366543e+00   5.23326079e+00  -5.09321991e+00 
 -2.83630022e+00  -2.60001508e-01  -4.75633697e+00 
 -2.75070094e-01   9.09703245e-01  -3.70480511e+00 
  1.03848695e+01  -7.68743607e+00   3.59544118e+00 
 -4.37854019e+00   3.65430109e+00   9.71470865e+00 
 -7.87825387e+00   4.78643366e+00   8.76899068e+00 
 -7.79008084e+00   2.39035584e+00   5.81968254e+00 
 -7.43560679e+00  -5.44013674e-01   8.26965274e+00 
 -1.10078935e+01   1.45231028e-01   9.37334270e+00 
 -1.22751212e+01  -1.04741943e+00   5.99388421e+00 
 -1.05276305e+01  -4.44980730e+00   6.18986116e+00 
 -1.06532910e+01   8.91650904e+00   1.47734637e+00 
 -9.81214367e+00   5.73418450e+00  -4.50951557e-01 
 -9.18978727e+00   8.01969527e+00  -3.46217762e+00 
 -6.19662146e+00   9.90426874e+00  -1.93108945e+00 
 -5.20310532e+00   7.85600217e+00   1.11170681e+00 
 -4.67416782e+00   7.94721246e+00   6.80910531e+00 
  2.63722421e+00  -8.53174907e+00   7.11824516e+00 
  3.78513108e+00  -1.02231575e+01   3.97485800e+00 
  7.53478827e+00  -1.11297052e+01   3.89760461e+00 
  7.73944557e+00  -1.01865039e+01   1.84645999e-01 
  5.30862116e+00  -9.05593392e+00  -2.53388564e+00 
  2.98685413e+00  -1.21024484e+01  -2.91357554e+00 
  2.54915202e+00  -1.31624158e+01   6.31877546e+00 
  4.82680168e+00   7.89982824e+00  -7.99769356e+00 
  2.09294377e+00   9.18261566e+00  -1.02878577e+01 
 -1.85742856e-01   9.16097158e+00  -7.22954159e+00 
 -1.54269033e-01   1.23569530e+01  -5.24889620e+00 
  2.05141442e+00   1.20033556e+01  -2.21424937e+00 
  2.72643618e+00   1.15806175e+01   4.01797003e+00 
  6.39949265e+00   1.06868703e+01   3.86673149e+00 
  1.01949245e+01  -2.60335020e+00   2.78235683e+00 
  6.96404766e+00  -2.94507396e+00   4.65730040e+00 
  4.11498548e+00  -4.82515373e+00   2.77215081e+00 
  5.57255792e-01  -5.77403191e+00   3.01212347e+00 
 -5.96729231e-01  -6.56378027e+00   6.50299915e+00 
  1.94082077e+00  -4.18941826e+00   7.94048458e+00 
 -5.15397086e-01  -1.47620647e+00   7.23654068e+00 
  2.32116915e+00   2.22459387e+00   7.51122678e+00 
 -1.17462513e-01   3.43353318e+00   4.68917429e+00 
  5.67790423e-01   2.23490707e+00   1.16020545e+00 
  3.08691006e+00   1.39872080e+00  -1.53903831e+00 
  3.15532806e+00   3.56684302e-01  -5.13795361e+00 
  3.79098808e+00  -3.32779793e+00  -4.40875927e+00 
  6.47303214e+00  -4.12155406e+00  -1.87651119e+00 
  1.01431547e+01  -3.43921755e+00  -2.16185770e+00 
  9.93689223e+00  -2.52043335e+00  -5.88527604e+00 
  9.32613326e+00   2.75939321e+00  -5.21399253e+00 
  9.18463443e+00   3.49087045e+00  -1.48184580e+00 
  6.88951234e+00   2.89481241e+00   1.42355924e+00 
  4.37303475e+00   5.62906746e+00   2.08116607e+00 
  3.66221802e+00   6.46155534e+00   5.73680955e+00 
  1.24463229e+00   8.83555286e+00   7.42532140e+00 
  3.29469685e+00   1.16680161e+01   8.93582518e+00 

   1.691766485604e+01 

  3.75814800e-01   1.04225076e+00  -5.10615410e+00 
  3.51217157e+00   2.59945216e-01   3.89379782e+00 
 -3.75963427e+00  -8.01433766e-01   4.74801834e+00 
  2.62694143e+00  -3.83791230e-01  -1.73224659e+00 
  2.15990027e+00   1.06140295e+00  -2.49619009e+00 
  3.50409768e+00  -1.07917212e+00   3.66484987e+00 
  3.25350760e+00  -8.90930663e-01  -5.43686558e-01 
 -3.72027314e+00  -1.97508522e+00   5.44906578e+00 
 -2.69844089e+00  -4.97209985e-01   3.81410434e+00 
  1.65005581e+00   4.19387740e-01  -4.04003505e+00 
  2.19533916e+00  -1.58881817e+00   3.58352544e+00 
 -1.96201611e+00  -1.57833844e+00   3.43666402e+00 
  2.11784259e+00   2.87869634e-01   2.34273770e+00 
  4.09895702e+00  -2.85991570e-01   3.58593891e-01 
  2.78459563e+00  -1.20456249e+00  -2.85466152e+00 
  1.15833773e+00  -2.92539234e-01   1.62362640e+00 
  2.16782648e+00   6.30685801e-01   3.91170477e+00 
  4.33059048e+00  -2.90562713e-01   1.69557254e+00 
 -1.69881820e-01  -3.44736375e-01   2.21446422e+00 
 -9.12164990e-01  -1.49689310e+00   2.44854797e+00 
  4.36384014e+00  -1.41479231e+00   2.55249903e+00 
  4.18752351e+00   7.26388602e-01   2.73093287e+00 
  2.25989495e+00  -7.60400361e-01  -3.99286828e+00 
  1.28471086e+00  -1.37185064e+00   4.59286495e+00 
 -4.82481007e+00  -2.65579201e-02   5.09859989e+00 
 -5.06145761e-01  -1.99129869e+00   6.46954149e+00 
  9.66318955e-03  -2.67650320e+00   7.77775821e+00 
  3.96216708e-02  -1.22329634e+00   7.59288656e+00 
 -4.25500588e+00  -2.06343517e+00   6.69713454e+00 
  2.91811126e+00  -2.03894952e+00  -1.18235573e-01 
 -2.98018068e+00  -2.85945415e+00   5.00020538e+00 
 -1.77459771e+00   5.35316871e-01   3.94399013e+00 
  2.28193445e+00  -2.46243608e+00   2.79690201e+00 
  2.30349555e+00   1.38342351e+00   1.87349942e+00 
 -9.29356960e-01   6.46560369e-01   2.81122354e+00 
 -4.75624471e+00   1.82228884e-01   6.50666379e+00 
 -5.19361248e+00  -1.06029367e+00   6.99174050e+00 
  4.46913298e-01  -2.34735937e+00   5.37574409e+00 
 -4.41384540e-01  -2.74331778e+00   2.53181607e+00 
  9.53068961e+00  -2.65381962e+00  -9.35888584e+00 
 -2.03004863e+00   1.09480146e+01  -1.27320816e+00 
 -3.47516227e+00   1.20555389e+01   2.05981568e+00 
 -1.39838154e+00   9.37725343e+00   3.78060928e+00 
  1.79165078e+00   1.11054348e+01   2.52540246e+00 
  9.94831224e-01   1.39640449e+01   4.90190872e+00 
  1.74603201e+00   1.17026270e+01   7.86344447e+00 
  5.25472807e+00   1.07593573e+01   6.65200464e+00 
 -8.51019990e+00   7.56655617e+00   7.75401592e+00 
 -5.49879924e+00   5.31310083e+00   8.39147217e+00 
 -8.04099184e+00   2.55798980e+00   9.18197937e+00 
 -9.56137745e+00   2.37990073e+00   5.64481139e+00 
 -7.14840817e+00   4.32210865e+00   3.44334535e+00 
 -6.61215369e+00   8.87730581e+00   2.12074429e-02 
  1.02417013e+01   4.37436823e+00  -4.53722867e+00 
  1.16664137e+01   1.01108533e+00  -3.68987500e+00 
  1.27970609e+01  -1.08302594e+00  -6.72698349e+00 
  1.14874676e+01  -4.28637437e+00  -5.07133864e+00 
  9.92747775e+00  -5.24570759e+00  -1.72117172e+00 
  1.27637303e+01  -4.50988612e+00   7.74875728e-01 
  1.47489022e+01   3.48842581e+00  -3.54224346e+00 
 -7.50098914e+00  -8.68990832e+00  -3.17670985e-01 
 -9.18678871e+00  -9.11783857e+00   3.04972914e+00 
 -8.99215918e+00  -5.32419103e+00   3.39102319e+00 
 -1.19560661e+01  -3.48609948e+00   1.98572559e+00 
 -1.11486830e+01  -2.09727262e+00  -1.42285730e+00 
 -1.00373502e+01   2.80589749e+00  -5.19100047e+00 
 -8.93197192e+00   6.90180528e-01  -8.12612222e+00 
  4.38787184e+00  -2.96309699e+00  -9.32884044e+00 
  4.71633263e+00   3.12381770e-01  -7.53045971e+00 
  6.20457680e+00   1.14542364e-01  -3.93164055e+00 
  6.94462217e+00   2.14323311e+00  -9.39613261e-01 
  8.01832967e+00   5.66776651e+00  -1.69230258e+00 
  5.97304210e+00   5.67773101e+00  -4.84822781e+00 
  3.05030653e+00   6.52650825e+00  -2.69712151e+00 
 -4.13470148e-01   5.46602626e+00  -5.64586669e+00 
 -2.06252870e+00   4.42740027e+00  -2.24376571e+00 
 -1.19655577e+00   1.00854735e+00  -8.57584047e-01 
 -4.87045741e-01  -2.65483308e+00  -1.49590357e+00 
  1.76946266e-01  -5.79880506e+00   4.32064771e-01 
  3.95031021e+00  -5.71885154e+00  -8.43197955e-02 
  5.17260037e+00  -5.03151590e+00  -3.58705940e+00 
  4.69953490e+00  -7.17264406e+00  -6.62160441e+00 
  3.38690873e+00  -1.01693297e+01  -4.60978713e+00 
 -1.82249195e+00  -8.98755958e+00  -5.01695130e+00 
 -2.16903294e+00  -5.70915015e+00  -6.91850440e+00 
 -1.42126803e+00  -2.06803878e+00  -6.42114991e+00 
 -4.22697539e+00  -3.21925535e-02  -4.92966178e+00 
 -4.71799725e+00   3.48736962e+00  -6.32019745e+00 
 -7.05253926e+00   6.32503262e+00  -5.40955433e+00 
 -9.57596042e+00   6.67937529e+00  -8.24045239e+00 

   1.691766493027e+01 

 -5.79714909e+00  -4.38719592e-01  -7.16458649e-02 
  3.67157595e+00   5.40122802e-02   1.17218005e+00 
  2.95205566e+00   2.45188584e+00  -5.78969905e+00 
 -1.77692824e+00  -1.68620404e+00   8.03500443e-01 
 -2.88934581e+00  -4.53686972e-01   1.16922842e+00 
  3.70480082e+00  -1.16121806e+00   5.65701906e-01 
 -3.99425549e-01  -2.05932873e+00   9.63827560e-01 
  3.85124399e+00   1.61715146e+00  -6.39395298e+00 
  2.25797454e+00   2.00644712e+00  -4.60194857e+00 
 -4.36008101e+00  -1.21969243e+00   6.16244799e-01 
  3.41162982e+00  -1.06970277e+00  -8.07211281e-01 
  2.27854104e+00   6.57637099e-01  -4.41793885e+00 
  1.85633928e+00   2.38124926e-01   1.61376496e-01 
  5.47214817e-01  -1.64506370e+00   1.87328390e+00 
 -2.65328418e+00  -2.77205151e+00   6.97299442e-01 
  1.05231127e+00  -5.59105294e-02  -8.59262739e-01 
  3.29798178e+00   9.47574389e-01   1.68680184e-01 
  1.87687797e+00  -1.37644081e+00   1.90563948e+00 
  1.30828497e+00   6.24801300e-01  -2.11905542e+00 
  1.57220077e+00   9.82572051e-03  -3.33783619e+00 
  2.91370865e+00  -2.12279073e+00   1.29963096e+00 
  2.63668126e+00  -1.51647568e-01   2.12749387e+00 
 -3.94661908e+00  -2.48238203e+00   5.90092902e-01 
  4.11496582e+00  -2.17537507e-01  -1.62829743e+00 
  2.88543670e+00   3.66819486e+00  -6.40135857e+00 
  5.59275932e+00   5.25961484e-01  -3.72024319e+00 
  7.09160496e+00   7.95875805e-02  -3.75474979e+00 
  6.64736750e+00   1.26938676e+00  -3.02405728e+00 
  4.92923392e+00   2.11316765e+00  -7.05977946e+00 
  1.42989582e-01  -2.78986484e+00   7.86410206e-02 
  3.76739864e+00   4.16707229e-01  -6.10547097e+00 
  2.40669943e+00   2.54230553e+00  -3.32634058e+00 
  2.84823241e+00  -2.07803481e+00  -1.04245583e+00 
  1.24644380e+00   9.74594086e-01   8.96586269e-01 
  1.50816537e+00   1.96669531e+00  -2.39291573e+00 
  4.20355239e+00   4.20961472e+00  -6.42041735e+00 
  4.79631236e+00   3.45731515e+00  -7.44664760e+00 
  4.84545635e+00  -4.87573099e-01  -2.91665889e+00 
  1.99946775e+00  -1.24150449e+00  -3.52149156e+00 
 -6.96633324e+00  -8.67937531e+00   6.73182258e+00 
 -4.59315187e+00   1.01867607e+01   1.99091852e+00 
 -1.97226107e+00   1.26774502e+01   8.28369038e-01 
  6.68602750e-01   9.96530774e+00   1.17106350e+00 
 -9.32344291e-02   9.75845923e+00   4.92810135e+00 
  1.43992652e+00   1.32202924e+01   5.27392070e+00 
  4.86777475e+00   1.17725248e+01   4.49750016e+00 
  4.72880691e+00   9.13847925e+00   7.27435061e+00 
  3.10020574e+00   1.25137002e+01  -6.39449491e+00 
  4.85165371e+00   9.47230228e+00  -4.89935634e+00 
  5.51951813e+00   8.39036393e+00  -8.51346385e+00 
  1.82127634e+00   7.89961921e+00  -9.48148410e+00 
 -6.76823026e-02   7.94388267e+00  -6.18437146e+00 
 -4.06111262e+00   1.06979859e+01  -3.14859617e+00 
 -3.53311275e+00  -1.58092554e+00   1.00445018e+01 
 -1.75014132e+00  -4.85015137e+00   9.60561247e+00 
 -3.97749998e+00  -7.97686046e+00   9.99324575e+00 
 -2.10685745e+00  -9.72718970e+00   7.13762029e+00 
  8.93848852e-01  -8.96609597e+00   4.90289246e+00 
  3.80860748e+00  -8.83957705e+00   7.41369485e+00 
 -1.34297240e+00  -3.97640187e+00   1.34437882e+01 
 -1.27355793e+00  -4.17412657e+00  -1.21242153e+01 
  1.61305683e+00  -2.89665285e+00  -1.42217980e+01 
  1.26714939e+00   3.88178436e-01  -1.23148581e+01 
 -1.12584379e+00   2.83832340e+00  -1.38668315e+01 
 -4.44286941e+00   2.74999904e+00  -1.20811432e+01 
 -8.69455241e+00   5.46503713e+00  -8.33593745e+00 
 -1.08267468e+01   2.35869133e+00  -7.99334680e+00 
 -8.10553469e+00  -6.76186182e+00   2.08741974e+00 
 -6.93359669e+00  -3.57679960e+00   3.68513488e+00 
 -3.11319215e+00  -3.37963531e+00   4.44098408e+00 
 -4.70304247e-01  -1.11340021e+00   5.66359312e+00 
 -1.59787691e+00   1.26408746e+00   8.35018851e+00 
 -5.09366149e+00   1.26330767e+00   6.96360569e+00 
 -3.90196896e+00   3.82837209e+00   4.53658755e+00 
 -7.33618873e+00   3.56179207e+00   1.38181794e+00 
 -4.29224733e+00   4.30652029e+00  -9.74495418e-01 
 -2.11876837e+00   1.37507782e+00  -1.99556543e+00 
 -1.86484467e+00  -2.26221318e+00  -3.01372268e+00 
  7.24599817e-01  -4.72091018e+00  -4.15055950e+00 
  1.11731941e+00  -6.39160899e+00  -7.49718182e-01 
 -2.05779502e+00  -7.28669104e+00   1.08144401e+00 
 -4.65628005e+00  -9.77468528e+00   4.48160530e-02 
 -2.48618385e+00  -1.12467587e+01  -2.76128720e+00 
 -4.33965226e+00  -8.13601072e+00  -6.70946820e+00 
 -6.85366105e+00  -5.68835879e+00  -5.23541918e+00 
 -6.89018116e+00  -2.72590583e+00  -2.93610761e+00 
 -6.52343214e+00   6.30820430e-01  -4.62109378e+00 
 -8.63070200e+00   3.48929103e+00  -3.22445766e+00 
 -8.85657278e+00   7.17734629e+00  -4.04840707e+00 
 -1.22219059e+01   7.76599792e+00  -5.73224270e+00 

   1.691766480689e+01 

  2.03278741e+00   3.27510517e+00   3.38073272e+00 
  1.62904158e+00  -4.93134544e+00  -1.51199233e+00 
 -5.42235340e+00  -2.70445701e+00  -1.74479449e+00 
  2.90050334e+00   3.30856733e-01   3.70255352e-01 
  2.72363207e+00   4.90004274e-01   2.05361993e+00 
  1.73019682e+00  -4.14995680e+00  -2.61875173e+00 
  3.05164006e+00  -6.47672355e-01  -6.69988300e-01 
 -5.62427840e+00  -2.78527107e+00  -3.09504347e+00 
 -4.09648148e+00  -2.42205691e+00  -1.24159706e+00 
  2.83290497e+00   2.22914524e+00   2.19159417e+00 
  5.53801785e-01  -3.41371174e+00  -2.84949954e+00 
 -3.25347598e+00  -1.88351047e+00  -2.16513367e+00 
  9.07504946e-01  -3.17993479e+00  -6.38669168e-01 
  3.49218110e+00  -1.95103552e+00  -6.25144176e-01 
  3.47699927e+00   1.57123719e+00   7.45633250e-02 
  2.92815106e-01  -2.00091746e+00  -7.20458346e-01 
  3.67134634e-01  -4.65227140e+00  -9.87835799e-01 
  3.21259890e+00  -3.13957460e+00  -1.21709156e+00 
 -1.15862359e+00  -2.01799563e+00  -8.15790653e-01 
 -1.91410883e+00  -1.45431541e+00  -1.83790125e+00 
  2.94641724e+00  -3.36964437e+00  -2.58659046e+00 
  2.67836021e+00  -4.39869366e+00  -7.11281161e-01 
  3.40295667e+00   2.50095145e+00   1.02232639e+00 
 -6.69440086e-01  -4.03896333e+00  -2.93807256e+00 
 -6.55530190e+00  -2.97442991e+00  -1.03664262e+00 
 -3.01631535e+00  -4.71896069e+00  -4.00697895e+00 
 -3.00914553e+00  -5.68115867e+00  -5.24031359e+00 
 -2.93884147e+00  -6.17595973e+00  -3.86295603e+00 
 -6.58133074e+00  -3.60260000e+00  -3.61220734e+00 
  2.60317509e+00  -3.83197516e-01  -1.82773127e+00 
 -4.75495255e+00  -2.27500983e+00  -3.81281868e+00 
 -3.30491169e+00  -3.29758019e+00  -5.04478086e-01 
  9.40967822e-01  -2.40522528e+00  -3.32123229e+00 
  1.23404440e+00  -3.33405984e+00   5.12204400e-01 
 -2.10259587e+00  -2.69166024e+00  -6.03453558e-02 
 -7.01646871e+00  -4.26039719e+00  -1.44229968e+00 
 -7.58005818e+00  -3.96933195e+00  -2.69454017e+00 
 -1.71990919e+00  -3.97679758e+00  -4.01464717e+00 
 -1.48539278e+00  -1.13600015e+00  -3.06143299e+00 
  1.21759746e+01   5.32447017e+00   4.69616578e-01 
 -1.79727943e+00  -3.44633036e+00   1.10460114e+01 
 -4.39285433e+00  -6.21354697e+00   1.08740706e+01 
 -3.05291942e+00  -7.17371611e+00   7.44915866e+00 
  3.43741223e-01  -7.97303984e+00   9.04987112e+00 
 -1.32695645e+00  -1.09343358e+01   1.07510120e+01 
 -1.68488618e+00  -1.26589966e+01   7.38256243e+00 
  2.03926719e+00  -1.24294601e+01   6.51866673e+00 
 -1.10967348e+01  -7.26596810e+00   5.22811125e+00 
 -8.49535056e+00  -7.82944380e+00   2.49529487e+00 
 -1.10999637e+01  -6.41269126e+00   6.89547778e-02 
 -1.11998575e+01  -2.87631645e+00   1.59831573e+00 
 -8.17856140e+00  -2.71870366e+00   3.89787987e+00 
 -6.49531684e+00  -2.05611295e+00   9.32706585e+00 
  1.09263921e+01  -2.01421642e+00   4.68049659e+00 
  1.19961534e+01  -1.72555376e+00   1.09835256e+00 
  1.42077475e+01   1.33582518e+00   3.08084029e-01 
  1.24358284e+01   1.81118536e+00  -3.06118199e+00 
  9.76412415e+00  -2.33071332e-02  -5.07963444e+00 
  1.14615849e+01  -3.38602373e+00  -5.87132611e+00 
  1.47603631e+01  -3.98404305e+00   2.80690993e+00 
 -6.88173784e+00   6.24478440e+00  -6.17963322e+00 
 -9.68616353e+00   4.20527827e+00  -7.70934791e+00 
 -9.69945068e+00   2.18882138e+00  -4.47208498e+00 
 -1.19651208e+01   3.55717266e+00  -1.80139967e+00 
 -9.97850262e+00   5.50730221e+00   7.38184229e-01 
 -7.63926789e+00   6.10935290e+00   6.53822794e+00 
 -5.48850722e+00   9.10399650e+00   5.69006303e+00 
  7.39361858e+00   7.18289411e+00   9.39131841e-01 
  6.97463091e+00   4.13687257e+00   3.08785499e+00 
  7.02857021e+00   7.25284614e-01   1.20007617e+00 
  6.57237784e+00  -2.90553329e+00   1.67389607e+00 
  7.78528201e+00  -4.19272228e+00   4.99258879e+00 
  7.05339078e+00  -8.77637040e-01   6.61051572e+00 
  3.52741987e+00  -2.04620846e+00   6.91387838e+00 
  1.42043828e+00   2.04882858e+00   7.69412003e+00 
 -1.35179865e+00   2.36253023e-01   5.59609608e+00 
 -9.99422686e-01   2.91105594e-01   1.82345780e+00 
 -3.87506321e-02   2.19011301e+00  -1.30735770e+00 
 -7.94085024e-02   1.74229282e+00  -5.02763041e+00 
  3.61504745e+00   8.54395593e-01  -5.29941728e+00 
  6.03442084e+00   3.04998952e+00  -3.41218640e+00 
  6.75634040e+00   6.67485095e+00  -4.00883397e+00 
  4.84609309e+00   6.76426402e+00  -7.33952877e+00 
  1.37069843e-01   8.35389190e+00  -5.33992250e+00 
  4.60404853e-01   8.61282140e+00  -1.55674865e+00 
  9.05855828e-01   6.34562949e+00   1.39717312e+00 
 -2.28850108e+00   5.16437296e+00   3.02257606e+00 
 -2.29279992e+00   4.94149431e+00   6.83208093e+00 
 -4.84887570e+00   3.73093702e+00   9.34856936e+00 
 -6.15130459e+00   6.78692832e+00   1.12118493e+01 

   1.691766490014e+01 

