  5.63831415e+00  -3.77334542e+00  -6.76407785e-01 
  4.97109376e+00  -2.37111024e+00  -1.43985587e+00 
  3.30180154e-01   3.03424061e+00  -3.10114753e+00 
  2.15907266e+00   2.94623484e+00  -4.94696108e+00 
  1.13984318e+00   2.06475812e+00  -4.30696283e+00 
  5.47880103e+00  -1.39490282e+00  -2.24856967e+00 
 -1.16068466e+00   2.64584279e+00  -5.46886985e-01 
  1.16417397e-01   1.81471737e+00  -5.34930283e+00 
  3.35451718e+00  -2.41118891e+00  -2.03448165e+00 
  4.56712461e+00  -5.58679278e-01  -2.82458717e+00 
 -5.07060628e+00   3.67641055e+00   2.94786096e+00 
  3.54722902e-01   1.05210532e+00  -1.24322908e+00 
  3.28116432e+00  -9.23475896e-01  -2.81888698e+00 
 -4.40415237e+00   4.22625831e+00   6.98602444e-01 
  2.08299325e+00  -4.88542838e-01  -3.53917514e+00 
  1.87638053e+00   7.64154539e-01  -3.54026348e+00 
 -5.63151161e+00   2.36176521e+00   3.05733299e+00 
 -5.00552633e+00   4.46561927e+00   4.17859345e+00 
 -8.78548289e-01   2.30170569e+00  -2.82065248e+00 
 -1.97986988e+00   3.29000339e+00  -2.70648863e+00 
 -2.14720996e+00   3.49458249e+00  -1.25767363e+00 
 -1.22606563e+00   2.31694905e+00   8.84229050e-01 
 -7.57975123e-01   3.12951645e+00   1.94371911e+00 
 -2.07031036e+00   1.33293231e+00   1.44703512e+00 
 -1.80194650e+00   3.63615034e+00   2.74276757e+00 
 -3.06583320e+00   1.87921448e+00   2.26982716e+00 
 -2.94753461e+00   3.28119440e+00   2.11641154e+00 
 -4.17120783e+00   4.10644527e+00   1.91233512e+00 
 -7.11962804e-01   1.70220358e+00  -1.46807743e+00 
 -2.65907025e+00   6.11523275e-01   3.94853238e-01 
  1.10503806e+01  -7.78430145e-01  -9.58856723e+00 
 -3.53581856e+00  -7.04951075e+00  -1.14287858e+01 
 -3.31479878e+00  -1.03358839e+01  -2.01231518e-01 
 -6.87796461e+00  -9.87812620e+00   9.59504588e-01 
 -6.91122509e+00  -6.45397639e+00  -7.29816237e-01 
 -6.40208979e+00  -8.07995766e+00  -4.11444072e+00 
 -9.90207543e+00  -9.51760807e+00  -3.82918055e+00 
 -9.53403744e+00  -5.11462014e+00  -7.48011106e+00 
 -9.55519712e+00  -1.29518910e+00   3.76507484e+00 
 -9.10832822e+00   1.47710126e+00   6.34550300e+00 
 -6.10850416e+00  -1.86371893e-01   8.01041682e+00 
 -4.79257651e+00  -2.84634442e+00   5.57710878e+00 
 -3.85234988e+00  -8.42992040e+00   4.57916729e+00 
 -3.89776501e+00  -1.21315021e+01   3.75588508e+00 
  3.78240928e+00  -4.88106534e+00  -1.13823230e+01 
  4.64293412e+00  -1.32839448e+00  -1.23722143e+01 
  5.33456631e+00   5.01960290e+00  -9.73926332e+00 
  6.91616285e+00   2.95256218e+00   1.21594106e+01 
  8.19428732e+00   6.33887786e+00   7.94924182e+00 
  4.36125081e+00   6.73570735e+00   7.73619703e+00 
  1.34187775e+00   8.53500320e+00   9.23260192e+00 
 -5.79879200e-01   5.31978462e+00   8.55520348e+00 
 -3.79549355e-01   2.79414209e+00   1.13886824e+01 
  2.08709400e+00   1.18241071e-02   1.06536007e+01 
  3.26013205e+00  -5.96073950e+00   8.98085258e+00 
  6.93521981e+00  -5.36375545e+00   8.27728492e+00 
  8.89876400e+00  -2.85966227e+00   6.18223926e+00 
  1.08279276e+01  -1.17507106e+00  -4.45982707e+00 
  7.80541580e+00  -3.26121461e+00  -5.26481439e+00 
  4.87755586e+00  -1.35325114e+00  -6.82114771e+00 
  1.21066256e+00  -1.54124314e+00  -7.86790908e+00 
  4.52777809e-01  -4.94217992e+00  -9.43551641e+00 
  3.06733955e+00  -6.64886779e+00  -7.29221280e+00 
  4.37768514e-01  -6.60867661e+00  -4.54306646e+00 
  3.38438991e+00  -7.65564001e+00  -9.11062241e-01 
  7.46350820e-01  -5.30218446e+00   7.56023824e-01 
  1.23535777e+00  -1.62091099e+00   4.70056794e-01 
  3.40238758e+00   1.53687539e+00   1.54037507e-01 
  2.96833754e+00   5.23709935e+00  -1.76295715e-01 
  3.61108227e+00   5.39905705e+00  -3.85793935e+00 
  6.64397669e+00   3.36032402e+00  -5.06433017e+00 
  1.03026195e+01   3.86113845e+00  -4.26082670e+00 
  9.71565065e+00   7.26362594e+00  -2.60790300e+00 
  9.14560193e+00   5.41879101e+00   2.38614034e+00 
  9.40672402e+00   1.60899070e+00   2.37663734e+00 
  7.45991104e+00  -1.36169307e+00   1.15948641e+00 
  4.91420713e+00  -2.75628472e+00   3.61194776e+00 
  4.48989672e+00  -6.55784206e+00   3.63997141e+00 
  2.07018744e+00  -8.81655506e+00   5.54926245e+00 
  4.16319284e+00  -1.07327299e+01   8.08904471e+00 

   4.429895469680e+00 

 -1.27609405e+00  -1.16044363e+00  -5.83838866e+00 
 -6.26789392e-01   1.16725939e-01  -4.86805781e+00 
  1.45146155e+00   3.94932150e+00   1.00611408e+00 
  2.49436936e+00   5.06797549e+00  -1.09640929e+00 
  2.45671640e+00   3.74550118e+00  -4.07160745e-01 
 -2.71287423e-01   1.41221757e+00  -5.11318195e+00 
 -2.60470309e-01   2.28610110e+00   2.79525500e+00 
  3.82439086e+00   3.53136504e+00   1.21994477e-01 
  5.03387849e-01  -2.49861208e-01  -3.62032798e+00 
  4.10328571e-01   2.04636866e+00  -4.11544922e+00 
 -2.24982511e+00   7.89236587e-01   7.52443310e+00 
  1.54392596e-01   1.59113777e+00   6.35079442e-01 
  9.41154784e-01   1.30293736e+00  -3.13956827e+00 
 -5.52240125e-01   2.22812225e+00   6.60060610e+00 
  1.93881820e+00   1.53491952e+00  -2.09341973e+00 
  1.75885383e+00   2.58003668e+00  -1.39536918e+00 
 -1.88079420e+00  -5.95723423e-01   7.49926980e+00 
 -3.55494693e+00   1.10912682e+00   8.10422577e+00 
  1.77925514e+00   2.81502805e+00   1.83212067e+00 
  1.86917579e+00   3.29760317e+00   3.23276051e+00 
  5.68257576e-01   2.95092117e+00   3.82967418e+00 
 -1.47352735e+00   1.50560984e+00   3.07791296e+00 
 -2.77208967e+00   2.03296260e+00   3.27163121e+00 
 -1.48262581e+00   1.74123816e-01   3.55210154e+00 
 -3.22827534e+00   1.88249041e+00   4.59612791e+00 
 -1.98590794e+00   6.68488926e-02   4.85659583e+00 
 -2.17416533e+00   1.39974638e+00   5.29363496e+00 
 -1.71702767e+00   1.80126376e+00   6.65373545e+00 
  6.09692875e-01   1.89513941e+00   1.78019173e+00 
 -1.65943359e-01  -3.13873703e-01   3.50350459e+00 
  4.28819905e+00   6.16636127e+00  -1.15867283e+01 
  1.24785847e+01  -3.53762270e+00  -1.87999468e+00 
  2.84223258e+00  -1.00491130e+01  -5.96146276e-01 
  2.97105423e+00  -1.11794418e+01   3.00368947e+00 
  3.82423972e+00  -7.59934871e+00   4.02091213e+00 
  7.05543561e+00  -7.77191140e+00   2.04904378e+00 
  8.34504256e+00  -1.02781880e+01   4.58944386e+00 
  1.06414597e+01  -5.05835483e+00   5.16465127e+00 
 -3.71307313e-01  -5.34720309e+00   9.60060344e+00 
 -3.44674203e+00  -3.58399084e+00   1.10065527e+01 
 -5.70141516e+00  -4.62958164e+00   8.11496860e+00 
 -3.41576823e+00  -5.76846298e+00   5.25020207e+00 
 -1.70710921e+00  -1.00930667e+01   1.86870432e+00 
 -1.86982917e-01  -1.31244722e+01   1.71258851e-01 
  9.36710415e+00   7.49446045e-01  -7.37548935e+00 
  9.23613512e+00   4.50557517e+00  -6.91059875e+00 
  5.29667026e+00   9.50491842e+00  -4.22823278e+00 
 -1.47960811e+01   1.03306532e+00  -9.36557105e-01 
 -1.21099719e+01   5.82879478e+00  -1.71890852e+00 
 -1.06205465e+01   5.00532788e+00   1.74499304e+00 
 -1.12659332e+01   5.13280633e+00   5.50804707e+00 
 -9.30409739e+00   1.87586292e+00   5.69008100e+00 
 -1.14424049e+01  -1.22606181e+00   5.18680450e+00 
 -1.10917675e+01  -2.65423892e+00   1.69347443e+00 
 -8.77283278e+00  -7.02810564e+00  -2.22283123e+00 
 -9.57308034e+00  -5.07453085e+00  -5.36938102e+00 
 -8.87986394e+00  -1.52986351e+00  -6.58183665e+00 
 -2.22537198e-01   4.06725355e+00  -1.02609345e+01 
  2.02077121e+00   1.49652926e+00  -8.68152492e+00 
  4.10090346e+00   2.74704904e+00  -5.72447290e+00 
  6.40915504e+00   1.73071481e+00  -2.85808141e+00 
  8.80178699e+00  -1.02224363e+00  -3.99587601e+00 
  6.25852468e+00  -2.38757759e+00  -6.44744563e+00 
  4.69044111e+00  -4.10392391e+00  -3.43591089e+00 
  5.37619047e-01  -5.26193696e+00  -5.52954444e+00 
 -5.13028294e-01  -4.57445283e+00  -1.82810634e+00 
 -1.17793213e+00  -1.05472736e+00  -8.07244092e-01 
 -2.31131048e+00   2.55530492e+00  -1.47843469e+00 
 -2.60826910e+00   5.80644684e+00   3.46680122e-01 
  4.81312186e-01   7.36124081e+00  -1.07841278e+00 
  9.06461754e-01   6.93095672e+00  -4.87899249e+00 
 -1.24098356e+00   8.30171245e+00  -7.67034767e+00 
 -3.22877833e+00   1.05912784e+01  -5.33364673e+00 
 -7.19706761e+00   7.13781727e+00  -4.33608216e+00 
 -6.50618214e+00   3.84421352e+00  -6.14097090e+00 
 -4.09351933e+00   9.72439012e-01  -5.97227072e+00 
 -5.12924278e+00  -1.89328429e+00  -3.70181112e+00 
 -4.22811066e+00  -5.41451543e+00  -4.89410542e+00 
 -4.63832782e+00  -8.82891762e+00  -3.22805559e+00 
 -7.31280532e+00  -1.06790890e+01  -5.20969944e+00 

   4.429895467800e+00 

  1.74272312e-01  -5.79075996e+00   7.23977149e-01 
 -9.61085015e-01  -4.79638623e+00  -1.22470692e-01 
 -4.62241707e+00   1.12646576e+00  -2.36451624e+00 
 -5.91962719e+00  -9.76744133e-01  -3.17281752e+00 
 -5.40577227e+00  -3.67169397e-01  -1.91194388e+00 
 -1.77752694e+00  -4.98898294e+00  -1.20001568e+00 
 -2.48450613e+00   2.93494758e+00  -1.33623934e+00 
 -6.60728805e+00   4.52498170e-02  -1.14863125e+00 
 -1.91760863e+00  -3.66029552e+00   7.50948483e-01 
 -2.69576862e+00  -4.00841349e+00  -1.43989158e+00 
 -2.88756203e-01   7.70040695e+00  -3.20076602e-01 
 -2.50021587e+00   7.12111352e-01  -7.19653847e-01 
 -2.94223319e+00  -3.12104553e+00  -4.71061886e-01 
 -2.36619548e+00   6.74114266e+00  -1.07485604e+00 
 -3.99850346e+00  -2.13977666e+00  -2.16095320e-01 
 -4.26795479e+00  -1.36894632e+00  -1.18828148e+00 
 -9.26348562e-02   7.56429265e+00   1.09341936e+00 
  7.63815748e-01   8.39388702e+00  -1.06373664e+00 
 -4.52422710e+00   1.85643995e+00  -1.12602180e+00 
 -4.85704635e+00   3.27291787e+00  -1.41870403e+00 
 -3.55173327e+00   3.94303842e+00  -1.54500163e+00 
 -1.07840575e+00   3.25956369e+00  -1.05686119e+00 
 -9.42937557e-02   3.58042981e+00  -2.02146767e+00 
 -5.77591531e-01   3.65234731e+00   2.05155789e-01 
  3.23876647e-01   4.92372171e+00  -1.94584406e+00 
 -1.31705861e-01   4.98177858e+00   2.21419836e-01 
 -4.92628738e-01   5.51083683e+00  -1.04068547e+00 
 -1.13061813e+00   6.85486629e+00  -1.12167064e+00 
 -3.08918444e+00   1.83638725e+00  -7.29683435e-01 
 -1.60013677e+00   3.47693759e+00   1.15266872e+00 
 -7.51943625e+00  -1.14862333e+01  -4.38038028e+00 
 -1.17613187e+01  -3.01450781e+00   8.49231783e+00 
 -4.27522681e-01  -1.41167100e+00   1.09177857e+01 
 -2.73585403e-01   2.09430937e+00   1.23096802e+01 
 -2.48787551e+00   3.25838384e+00   9.42496984e+00 
 -5.30876323e+00   1.04520133e+00   1.06510129e+01 
 -5.64504369e+00   3.32783011e+00   1.36634292e+01 
 -9.80194343e+00   4.04314048e+00   9.78274662e+00 
  2.54746090e-01   9.25931596e+00   6.21958454e+00 
  2.34383812e+00   1.09930477e+01   3.54120442e+00 
  4.95631177e+00   8.21937740e+00   3.40074878e+00 
  3.42025058e+00   5.12960360e+00   5.08061403e+00 
  3.66901408e+00   1.37713280e+00   9.42954588e+00 
  3.51573848e+00  -6.07387048e-01   1.26575135e+01 
 -1.02994571e+01  -7.99655461e+00   2.89740596e+00 
 -1.16498485e+01  -7.29861491e+00  -5.71202020e-01 
 -1.00718842e+01  -4.03587958e+00  -6.45104489e+00 
  1.15616000e+01   2.24447848e-01  -6.04172253e+00 
  7.27107495e+00  -4.66000522e-01  -9.49728905e+00 
  6.05914054e+00   2.82205417e+00  -7.88016208e+00 
  6.43349432e+00   6.62348470e+00  -7.92777625e+00 
  5.87482093e+00   6.46354645e+00  -4.16586111e+00 
  9.06525206e+00   5.93519454e+00  -2.16846155e+00 
  9.45230764e+00   2.34607389e+00  -1.01331739e+00 
  9.18213636e+00  -1.98704820e+00   3.56891287e+00 
  9.30841492e+00  -4.94255121e+00   1.20104860e+00 
  7.35656922e+00  -5.98820181e+00  -1.89928292e+00 
 -2.61334976e+00  -9.95751473e+00  -4.05766766e+00 
 -3.75974641e+00  -8.70620325e+00  -7.02732375e-01 
 -6.29347773e+00  -5.84209301e+00  -8.11983222e-01 
 -8.15824898e+00  -3.22122428e+00   1.24490360e+00 
 -9.24836810e+00  -4.69672523e+00   4.59641416e+00 
 -6.26657090e+00  -7.03015605e+00   4.67711235e+00 
 -4.29617938e+00  -4.01893380e+00   5.91167953e+00 
  7.23200563e-02  -5.86408694e+00   5.21752851e+00 
  6.06686915e-01  -2.06026609e+00   4.49461682e+00 
 -1.85747323e-01  -7.83463416e-01   1.08660046e+00 
 -5.04467012e-01  -1.15077969e+00  -2.72533905e+00 
 -1.56883511e+00   8.83201702e-01  -5.67818268e+00 
 -4.95086832e+00  -6.71516603e-01  -6.05037483e+00 
 -5.00368970e+00  -4.51212808e+00  -5.81119747e+00 
 -3.42731698e+00  -7.04898283e+00  -8.12668585e+00 
 -2.58583589e+00  -4.43793561e+00  -1.07965134e+01 
  2.35816461e+00  -3.35749406e+00  -9.04768932e+00 
  3.07503011e+00  -5.40313464e+00  -5.90373586e+00 
  1.95292854e+00  -5.58671050e+00  -2.32551227e+00 
  3.91016552e+00  -3.42170313e+00   1.07999447e-01 
  4.49334016e+00  -4.88678215e+00   3.59312759e+00 
  6.11354488e+00  -3.40278847e+00   6.71961077e+00 
  9.38201605e+00  -5.28780104e+00   7.23602392e+00 

   4.429895528771e+00 

 -5.58270085e+00  -1.74039371e+00   2.63056196e+00 
 -5.04758124e+00  -6.28394540e-01   1.41755390e+00 
 -6.09866648e-01   3.26242418e+00  -2.90454306e+00 
 -3.00365903e+00   4.25761107e+00  -3.10243308e+00 
 -1.97532808e+00   3.95518547e+00  -2.06489545e+00 
 -5.66353037e+00   3.28893681e-02   3.93800655e-01 
  1.67814575e+00   1.43550756e+00  -2.33371435e+00 
 -1.49931106e+00   5.27156307e+00  -1.57812809e+00 
 -3.82485932e+00   5.24667432e-01   1.79691698e+00 
 -4.92690602e+00   1.00124030e+00  -2.24185356e-01 
  6.75772355e+00  -1.81414601e-01  -2.71709754e+00 
 -2.29018331e-01   1.32262337e+00  -1.04089910e+00 
 -3.82120400e+00   1.44103543e+00   3.84753089e-01 
  5.36246484e+00   1.69551327e+00  -3.29676834e+00 
 -2.94809010e+00   2.60494579e+00   2.21806562e-01 
 -2.55515930e+00   2.82547255e+00  -9.65156158e-01 
  7.09113817e+00  -2.18822109e-01  -1.32340990e+00 
  7.31206285e+00  -1.24772965e+00  -3.55227310e+00 
  4.73493158e-01   3.37928297e+00  -1.96164248e+00 
  1.67737576e+00   3.80214945e+00  -2.71970788e+00 
  2.43183598e+00   2.55737664e+00  -2.94374758e+00 
  2.24484518e+00   1.08080456e-01  -2.05559307e+00 
  2.37111630e+00  -9.50727183e-01  -2.98557397e+00 
  3.06746074e+00  -2.00945140e-01  -9.48514964e-01 
  3.71290602e+00  -1.23315076e+00  -3.30939307e+00 
  4.38126390e+00  -5.19027797e-01  -1.32161674e+00 
  4.44514613e+00  -2.64580785e-01  -2.71238577e+00 
  5.60832760e+00   4.78647990e-01  -3.27332283e+00 
  7.54970945e-01   2.00587806e+00  -1.46032140e+00 
  3.06828421e+00   9.07098654e-01  -8.45630361e-02 
 -1.34845990e+01   4.74056619e+00  -1.00871155e+00 
 -2.04219061e+00   1.12385161e+01   8.06423604e+00 
  1.62347323e+00   4.67431263e-01   1.07943514e+01 
  5.37868463e+00   7.99642868e-01   1.09970425e+01 
  5.30996592e+00   2.75086512e+00   7.71561513e+00 
  3.25271421e+00   5.48494226e+00   9.34385966e+00 
  6.29473007e+00   6.38384623e+00   1.14262358e+01 
  5.25420197e+00   1.00962633e+01   7.18521015e+00 
  1.03169802e+01   2.02392363e-01   2.99939547e+00 
  1.13824534e+01  -2.02482259e+00   9.28210582e-02 
  9.04747564e+00  -4.87654345e+00   1.06938462e+00 
  6.46320635e+00  -3.43832820e+00   3.51503644e+00 
  4.30049548e+00  -3.50686142e+00   8.84178174e+00 
  3.40838414e+00  -3.15087112e+00   1.25104206e+01 
 -8.28845872e+00   8.67368495e+00   4.50522894e+00 
 -8.87018060e+00   9.65879375e+00   8.95109326e-01 
 -7.41623268e+00   7.69426927e+00  -5.56512806e+00 
 -5.91880445e-01  -1.32590526e+01  -4.72069932e+00 
 -2.84298737e+00  -9.49156882e+00  -8.12141726e+00 
  6.07098785e-01  -7.80183378e+00  -7.75153539e+00 
  4.22311803e+00  -7.83224738e+00  -8.98314377e+00 
  5.16620417e+00  -6.84606784e+00  -5.42960452e+00 
  5.68096055e+00  -9.81040317e+00  -3.10682406e+00 
  2.70193129e+00  -1.03814831e+01  -8.34105764e-01 
 -4.48279351e-04  -9.96186821e+00   4.85506446e+00 
 -3.50363581e+00  -1.06374720e+01   3.57878387e+00 
 -5.69005141e+00  -9.17218592e+00   8.24187506e-01 
 -1.13354505e+01   6.72428738e-02  -7.80594001e-01 
 -9.26034917e+00   1.71425322e+00   1.88715834e+00 
 -6.90755229e+00   4.46656834e+00   6.52638167e-01 
 -4.03145479e+00   6.79355223e+00   1.59622697e+00 
 -4.52152013e+00   8.13675801e+00   5.13934295e+00 
 -6.32725496e+00   4.98626102e+00   6.21461994e+00 
 -2.86210957e+00   3.45885514e+00   6.58052632e+00 
 -4.27520218e+00  -1.11067954e+00   6.88512567e+00 
 -8.45915430e-01  -1.37959067e+00   5.02909903e+00 
 -7.93943022e-01  -8.86293527e-01   1.33766998e+00 
 -2.35838043e+00  -1.05889680e+00  -2.16806535e+00 
 -1.48544234e+00  -1.73726163e-01  -5.69562084e+00 
 -3.48553500e+00   2.98449610e+00  -5.83361030e+00 
 -7.03941640e+00   2.71631281e+00  -4.38160486e+00 
 -9.95199306e+00   6.51269676e-01  -5.62042998e+00 
 -8.21125188e+00  -2.61688320e-01  -8.90523522e+00 
 -6.03916030e+00  -4.84324803e+00  -7.18470010e+00 
 -6.90705510e+00  -5.36313807e+00  -3.50241403e+00 
 -6.11285825e+00  -3.84390442e+00  -1.62106400e-01 
 -3.07651994e+00  -5.29230110e+00   1.60506918e+00 
 -3.30812076e+00  -5.58659191e+00   5.41196314e+00 
 -7.41433736e-01  -6.68102546e+00   8.02280175e+00 
 -1.95411194e+00  -1.00222915e+01   9.38963366e+00 

   4.429895453054e+00 

 -2.94641374e+00   9.83008232e-01   3.81115662e+00 
 -1.61337603e+00   1.77391483e+00   3.04189308e+00 
  4.57751284e+00   2.77937942e+00  -7.23099564e-01 
  3.97665476e+00   5.01895986e+00   4.52904429e-01 
  4.23441886e+00   3.58791364e+00   7.86191047e-01 
 -1.34174115e+00   3.06820359e+00   2.70159966e+00 
  4.41165891e+00   3.56754243e-02  -1.88196449e+00 
  5.51682962e+00   3.57510402e+00   1.52891902e+00 
 -8.15933163e-03   1.22168151e+00   3.33656395e+00 
 -6.68743907e-02   3.32492079e+00   2.28803078e+00 
  6.16655972e+00  -4.05173499e+00  -4.84448477e+00 
  3.05651876e+00   6.14173216e-01  -1.07048828e-01 
  8.74928270e-01   2.40856843e+00   2.53319103e+00 
  6.90149775e+00  -1.90867289e+00  -4.02425083e+00 
  2.33896947e+00   2.40608959e+00   2.52083239e+00 
  2.87267682e+00   2.88295583e+00   1.47216806e+00 
  6.18739365e+00  -5.07129799e+00  -3.83702094e+00 
  5.73061645e+00  -4.45971537e+00  -6.18063988e+00 
  5.21278584e+00   1.54978595e+00  -3.21972298e-01 
  6.34311097e+00   1.31022603e+00  -1.25350829e+00 
  5.81845085e+00   3.44931112e-01  -2.23422387e+00 
  3.65704255e+00  -1.11166570e+00  -2.40610171e+00 
  2.98352875e+00  -1.16268041e+00  -3.64935295e+00 
  3.78049017e+00  -2.43929951e+00  -1.93711545e+00 
  3.58613863e+00  -2.05478607e+00  -4.55822013e+00 
  4.34318973e+00  -3.30056635e+00  -2.89004396e+00 
  4.73071376e+00  -2.46466968e+00  -3.96437393e+00 
  6.07214873e+00  -2.64042796e+00  -4.58861001e+00 
  4.22908677e+00   4.59482158e-01  -5.67648367e-01 
  4.57547933e+00  -2.41924695e+00  -7.78783960e-01 
 -2.06139454e+00   1.14550959e+01   6.50162272e+00 
  8.94893639e+00   1.31761621e+00   1.21118129e+01 
  2.22390741e+00  -7.59705639e+00   8.61757339e+00 
  4.69073194e+00  -1.02017180e+01   7.44133169e+00 
  6.55469720e+00  -7.46934031e+00   5.53358959e+00 
  7.35048638e+00  -5.69337450e+00   8.78495221e+00 
  9.65017420e+00  -8.57833013e+00   9.67185231e+00 
  1.24473359e+01  -3.84337135e+00   8.05719712e+00 
  7.97815373e+00  -9.53505132e+00  -1.35946750e+00 
  7.13492009e+00  -9.68123932e+00  -5.07584552e+00 
  3.37123429e+00  -9.85578439e+00  -4.49084507e+00 
  2.73352506e+00  -8.74082402e+00  -8.74452029e-01 
  8.38016090e-01  -1.01864845e+01   4.35750880e+00 
  2.08315266e-01  -1.14215795e+01   7.88731972e+00 
  3.57682166e+00   6.52375091e+00   1.05961300e+01 
  4.39971207e+00   9.36495938e+00   8.23134245e+00 
  4.37035177e+00   1.10222995e+01   1.52610050e+00 
 -8.42338955e+00  -3.64171049e+00  -8.84757672e+00 
 -6.38719424e+00   1.50639330e+00  -9.26855059e+00 
 -3.03376433e+00  -3.66954534e-01  -9.64294243e+00 
 -7.88163020e-01  -2.24565610e+00  -1.20967298e+01 
  1.84116415e-01  -4.42580123e+00  -9.13172171e+00 
 -2.12453487e+00  -7.39789116e+00  -8.59843782e+00 
 -4.58336526e+00  -6.81102927e+00  -5.77430779e+00 
 -6.44635955e+00  -7.85787058e+00   1.65300939e-01 
 -8.92541372e+00  -4.99267812e+00   2.16376625e-01 
 -8.75867255e+00  -1.27878465e+00  -6.16932641e-01 
 -4.54786425e+00   7.72140977e+00   3.97421034e+00 
 -2.28425900e+00   5.52952721e+00   6.02538666e+00 
  1.43769451e+00   5.78917956e+00   5.18007612e+00 
  4.90024481e+00   4.28919894e+00   5.76139546e+00 
  5.31063251e+00   3.28319355e+00   9.42440516e+00 
  1.61105446e+00   2.54786791e+00   9.76333220e+00 
  2.40294251e+00  -7.76724674e-01   8.09179553e+00 
 -2.11708888e+00  -1.99987229e+00   7.07032933e+00 
 -1.06859110e-01  -3.50993850e+00   4.07769653e+00 
  7.06631844e-01  -1.29030036e+00   1.19947175e+00 
  1.17130539e-02   1.66552125e+00  -1.15586170e+00 
  1.60703256e+00   3.39299806e+00  -4.06445807e+00 
  2.96150354e+00   6.29263747e+00  -2.12764515e+00 
  4.90852865e-01   7.87219672e+00   3.64580958e-01 
 -2.75289185e+00   9.67806929e+00  -3.41873265e-01 
 -2.10639525e+00   9.85474532e+00  -4.11075841e+00 
 -4.66303005e+00   5.32335360e+00  -5.37525034e+00 
 -5.97975814e+00   3.67085763e+00  -2.19431898e+00 
 -4.64720525e+00   1.95207413e+00   8.66167892e-01 
 -4.19346449e+00  -1.80787158e+00   5.54695413e-01 
 -4.96640066e+00  -3.87553989e+00   3.67879335e+00 
 -4.59658095e+00  -7.61141201e+00   4.39200742e+00 
 -8.12828279e+00  -9.01024637e+00   4.66262383e+00 

   4.429895470131e+00 

 -9.97487936e-01  -5.24320298e+00   1.79492992e+00 
 -2.46106215e-01  -3.83472328e+00   2.46269663e+00 
  1.67786668e+00   3.15470414e+00   3.44230738e+00 
  2.39341096e+00   1.81823909e+00   5.55451793e+00 
  1.17318365e+00   2.11010300e+00   4.74750171e+00 
  7.65925030e-01  -3.62841656e+00   3.35599785e+00 
  8.09577573e-01   3.86379191e+00   6.77970188e-01 
  3.17225605e-01   2.95887765e+00   5.60965268e+00 
 -1.19626330e+00  -2.43564360e+00   2.79175876e+00 
  9.29447310e-01  -2.34555693e+00   3.79162268e+00 
 -5.61680246e-02   7.23296544e+00  -3.37943727e+00 
  2.04105223e-01   1.83034997e+00   1.58347449e+00 
 -5.97264600e-02  -1.47272175e+00   3.57599610e+00 
  5.39901777e-01   7.25909845e+00  -1.04499384e+00 
 -4.00244419e-01  -1.49722039e-01   4.10261248e+00 
  5.44486715e-01   6.98347384e-01   4.08903381e+00 
 -1.44968175e+00   6.97586491e+00  -3.59615272e+00 
  7.63445319e-01   7.44924583e+00  -4.57245518e+00 
  4.47181289e-01   3.73047307e+00   2.96243521e+00 
  7.06261387e-01   5.16601320e+00   2.68880816e+00 
  9.30506669e-01   5.23277199e+00   1.23480644e+00 
  6.38248781e-01   3.55997168e+00  -7.49932713e-01 
  1.67456455e+00   3.47505606e+00  -1.70950182e+00 
 -5.83098960e-01   3.66056998e+00  -1.45418437e+00 
  1.62509344e+00   4.51648561e+00  -2.65712761e+00 
 -5.71148051e-01   4.68006338e+00  -2.41697919e+00 
  6.56743726e-01   5.35758346e+00  -2.22635547e+00 
  6.81783824e-01   6.84723367e+00  -2.20776248e+00 
  1.63224085e-01   3.09744045e+00   1.64507580e+00 
 -1.60601173e+00   3.89423305e+00  -5.19725480e-01 
  3.52337304e+00  -7.00640255e+00   1.14974761e+01 
 -9.67888327e+00   1.98332140e+00   1.09011261e+01 
 -1.12279071e+01  -1.39202163e+00  -1.94576666e-01 
 -1.26203293e+01   1.67432293e+00  -1.90094608e+00 
 -9.92110293e+00   3.76308795e+00  -1.88943712e-01 
 -1.13511844e+01   2.88934824e+00   3.20961134e+00 
 -1.43913787e+01   4.99087378e+00   2.35000716e+00 
 -1.08473334e+01   7.52155809e+00   6.07646677e+00 
 -6.54164208e+00   8.17998479e+00  -4.97202437e+00 
 -3.71792669e+00   8.97810024e+00  -7.40790424e+00 
 -3.36264974e+00   5.37318897e+00  -8.59803795e+00 
 -5.14164109e+00   3.14976696e+00  -6.02515889e+00 
 -9.44047238e+00  -5.19824216e-01  -4.97142346e+00 
 -1.26611814e+01  -2.37548580e+00  -4.21966811e+00 
 -3.96410913e+00  -2.94398461e+00   1.20516860e+01 
 -6.13702555e-01  -1.61818999e+00   1.32173923e+01 
  5.35506661e+00   8.99098409e-01   1.08205123e+01 
  6.60025782e+00  -4.29850195e+00  -1.05748261e+01 
  9.71679761e+00  -3.00337827e+00  -6.16618748e+00 
  7.99520914e+00   4.28232306e-01  -6.56027769e+00 
  8.05362459e+00   3.72346181e+00  -8.49195273e+00 
  4.26056939e+00   3.67365511e+00  -8.17585389e+00 
  2.51848228e+00   1.78617200e+00  -1.09776622e+01 
  1.41375654e+00  -1.67557363e+00  -9.89976309e+00 
 -3.15504253e+00  -5.66364331e+00  -8.14847522e+00 
 -7.70536216e-01  -8.31172600e+00  -6.86026679e+00 
  2.17444109e+00  -8.33028891e+00  -4.44325588e+00 
  3.57389841e+00  -7.68301537e+00   6.39351687e+00 
  1.34448063e-01  -6.19118447e+00   6.67674209e+00 
  3.38065489e-02  -2.52795460e+00   7.77468006e+00 
 -2.17356143e+00   5.55057277e-01   8.22155129e+00 
 -5.59232808e+00  -4.51301739e-01   9.59899166e+00 
 -5.43106912e+00  -3.81928057e+00   7.87468373e+00 
 -6.52376870e+00  -1.95598145e+00   4.74287930e+00 
 -5.48503373e+00  -5.43237203e+00   1.61143548e+00 
 -4.74098192e+00  -2.17709332e+00  -4.19995503e-01 
 -1.41057303e+00  -5.61531458e-01  -6.43363269e-03 
  2.36698778e+00  -6.21404611e-01   6.96306472e-01 
  5.21899825e+00   1.77832795e+00   1.00699654e+00 
  5.33581048e+00   1.79568149e+00   4.74597327e+00 
  5.11145449e+00  -1.67663361e+00   6.39004633e+00 
  7.55393809e+00  -4.55325083e+00   6.18653777e+00 
  1.02684548e+01  -2.43735040e+00   4.51081765e+00 
  8.90221228e+00  -3.58911304e+00  -5.36530971e-01 
  5.83286772e+00  -5.86111572e+00  -5.40875964e-01 
  2.17947237e+00  -5.68993534e+00   3.07610319e-01 
 -1.05564752e-01  -4.63321586e+00  -2.53879094e+00 
 -3.52815594e+00  -6.33495653e+00  -2.68917151e+00 
 -6.52693213e+00  -5.78080798e+00  -4.99187689e+00 
 -6.78002291e+00  -8.87774982e+00  -7.19363736e+00 

   4.429895489376e+00 

  4.35370552e+00   3.84315313e+00  -1.57025644e+00 
  3.70091786e+00   2.25021254e+00  -1.39504257e+00 
 -1.10509047e+00  -3.16171706e+00  -3.32843160e-01 
  1.09449433e+00  -4.20471659e+00  -1.24581508e+00 
  8.09199713e-02  -3.17410186e+00  -1.61449911e+00 
  4.24762614e+00   1.01112094e+00  -1.22028621e+00 
 -3.07909999e+00  -1.27856974e+00   8.73373530e-01 
 -6.33077055e-01  -3.71925313e+00  -2.79322946e+00 
  2.28438117e+00   1.80762407e+00  -2.27028962e+00 
  3.39073767e+00  -4.45536617e-02  -1.33653450e+00 
 -7.78907895e+00   1.99918388e-02   3.03964305e+00 
 -1.24735367e+00  -4.49649286e-01  -2.57556789e-01 
  2.19770868e+00   1.67498507e-01  -1.90091618e+00 
 -6.70165041e+00  -1.82916623e+00   1.94248069e+00 
  1.15078879e+00  -6.94143934e-01  -2.45327823e+00 
  7.86408492e-01  -1.65221415e+00  -1.70410469e+00 
 -8.18132536e+00   1.05563349e+00   2.12941970e+00 
 -8.11359176e+00   2.30657452e-01   4.45106951e+00 
 -2.23843749e+00  -2.48846107e+00  -9.14732232e-01 
 -3.45691217e+00  -3.21849325e+00  -4.84498859e-01 
 -3.97885312e+00  -2.43555946e+00   6.48410521e-01 
 -3.42797976e+00  -9.90454828e-02   1.67810870e+00 
 -3.32773717e+00   3.21402072e-03   3.08572294e+00 
 -4.24151533e+00   9.67793534e-01   1.23335966e+00 
 -4.58505126e+00   8.75086448e-02   3.71587585e+00 
 -5.46281669e+00   1.04015974e+00   1.91869193e+00 
 -5.49861326e+00  -1.13194663e-01   2.73819720e+00 
 -6.74045236e+00  -9.34015023e-01   2.80213229e+00 
 -2.30990056e+00  -1.14354274e+00  -2.80088093e-01 
 -4.47182536e+00   7.95090507e-01  -1.41876243e-01 
  1.12270651e+01  -3.95556974e+00  -4.67242010e+00 
 -1.58503518e+00  -1.18209324e+00  -1.38172689e+01 
 -3.52140471e+00   8.64349130e+00  -7.76619619e+00 
 -7.28442184e+00   8.86898219e+00  -7.56157957e+00 
 -7.37991827e+00   5.17691645e+00  -6.59242509e+00 
 -5.89553783e+00   4.22225103e+00  -9.94562654e+00 
 -9.14592014e+00   5.31163741e+00  -1.15723986e+01 
 -8.53238640e+00  -3.79840163e-01  -1.12864243e+01 
 -1.16445740e+01   4.07536953e+00  -7.26674741e-01 
 -1.21735164e+01   3.68882985e+00   3.03027758e+00 
 -9.44461995e+00   6.18983789e+00   3.94464860e+00 
 -7.26472795e+00   6.67984578e+00   8.24380781e-01 
 -5.39131434e+00   1.02964641e+01  -3.23352978e+00 
 -4.75690612e+00   1.25534814e+01  -6.21429400e+00 
  5.17395073e+00  -2.40722490e+00  -1.04892165e+01 
  5.76232959e+00  -5.69292866e+00  -8.70041958e+00 
  4.98515708e+00  -8.73418817e+00  -2.54781152e+00 
  1.74421973e+00   7.20877168e+00   1.23399085e+01 
  3.49816676e+00   1.96799905e+00   1.18067534e+01 
 -2.00907397e-01   1.32841256e+00   1.09107314e+01 
 -3.69398641e+00   7.87852367e-01   1.23596953e+01 
 -4.96648293e+00   2.67442615e+00   9.30826234e+00 
 -5.09181334e+00   6.44336791e+00   9.78466401e+00 
 -2.17703826e+00   8.19486229e+00   8.11064910e+00 
  1.27485824e-01   1.16769945e+01   3.37677272e+00 
  3.75394723e+00   1.09588798e+01   4.20787387e+00 
  5.79855213e+00   7.80162128e+00   4.81328020e+00 
  9.88484863e+00  -3.18807492e-01  -1.28374184e+00 
  7.43131454e+00   5.73690056e-01  -3.98914701e+00 
  4.71454049e+00  -2.03740812e+00  -4.64958580e+00 
  1.44471401e+00  -2.77075481e+00  -6.47923037e+00 
  1.52374013e+00  -1.26419315e+00  -9.98951733e+00 
  3.77680969e+00   1.56167510e+00  -8.85786746e+00 
  6.03594902e-01   3.18867857e+00  -7.53211686e+00 
  2.74716974e+00   6.50544922e+00  -4.81655061e+00 
 -4.90679698e-01   5.67757548e+00  -2.78970561e+00 
 -4.39483655e-01   2.73484790e+00  -5.07070541e-01 
  1.30563666e+00   2.55882627e-01   1.85443270e+00 
  4.74571328e-01  -2.77843332e+00   3.87715353e+00 
  1.92002908e+00  -5.27102434e+00   1.49146656e+00 
  5.39104560e+00  -4.35948437e+00   1.01702842e-01 
  8.66758738e+00  -4.02177235e+00   1.95436285e+00 
  7.27203141e+00  -5.54420724e+00   5.17744718e+00 
  5.81690726e+00  -9.19307921e-01   7.44939633e+00 
  6.57391235e+00   1.96686896e+00   5.06617635e+00 
  5.36917278e+00   3.31492795e+00   1.77560635e+00 
  2.53452909e+00   5.83673917e+00   1.98853850e+00 
  2.62093838e+00   8.70531325e+00  -5.40581238e-01 
  1.46856950e-01   1.15320015e+01  -1.24124092e+00 
  1.83348518e+00   1.47477260e+01  -9.35115492e-02 

   4.429895466671e+00 

 -1.84038147e-01   2.34502205e+00  -4.30625558e+00 
  8.54531960e-01   1.06659283e+00  -3.77589123e+00 
  4.49906824e+00  -3.48130817e+00   6.45195635e-01 
  4.62362455e+00  -4.43381548e+00  -1.77078497e+00 
  3.60973281e+00  -4.02013714e+00  -7.57715328e-01 
  1.79590686e+00   2.88959128e-01  -4.38733214e+00 
  4.11945090e+00  -1.65200633e+00   2.97069208e+00 
  2.93859252e+00  -5.27038835e+00  -3.30131909e-01 
  2.92343704e-01  -5.50583639e-02  -2.59506259e+00 
  2.25909408e+00  -7.72004144e-01  -3.66481115e+00 
  4.58451404e+00  -2.29317177e-01   8.10132267e+00 
  2.90331382e+00  -1.31812972e+00   1.03912517e+00 
  1.56821259e+00  -1.15324720e+00  -2.58586056e+00 
  4.94311366e+00  -2.13171471e+00   6.66676039e+00 
  1.55084235e+00  -2.34999279e+00  -1.74260836e+00 
  2.68691334e+00  -2.73830984e+00  -1.32971985e+00 
  3.20026312e+00  -1.24142280e-02   8.40422408e+00 
  5.54059544e+00   7.00391728e-01   8.70414636e+00 
  3.52127798e+00  -3.49708242e+00   1.70352528e+00 
  4.18431244e+00  -4.04831707e+00   2.91155597e+00 
  4.55369290e+00  -2.86440418e+00   3.70576204e+00 
  4.00736056e+00  -3.13824817e-01   3.56840165e+00 
  5.06741725e+00   6.06436442e-01   3.74532252e+00 
  2.93081779e+00   1.20918289e-01   4.37453240e+00 
  5.39132406e+00   8.08898938e-01   5.10146407e+00 
  3.30904832e+00   3.52808449e-01   5.70481757e+00 
  4.65096684e+00  -8.83524483e-02   5.79248781e+00 
  5.07675715e+00  -9.29331784e-01   6.94639133e+00 
  3.20161960e+00  -2.07610625e+00   2.01250655e+00 
  1.92627796e+00  -8.60184413e-01   4.32472017e+00 
  2.75628573e+00  -4.36741441e+00  -1.23052951e+01 
 -7.39984277e+00  -9.86742701e+00  -1.25660955e+00 
 -8.75416815e+00   1.07815295e+00   2.65068341e+00 
 -9.09682157e+00   6.82338475e-01   6.38953119e+00 
 -6.10619045e+00  -1.69111658e+00   6.33880353e+00 
 -8.03269360e+00  -4.12832481e+00   4.16918453e+00 
 -1.02949435e+01  -4.81420670e+00   7.13734192e+00 
 -6.56482888e+00  -9.03724066e+00   6.08698833e+00 
 -1.22200034e+00   7.20363030e-02   1.15198919e+01 
  1.92852933e+00   1.85967607e+00   1.27125408e+01 
  1.40423012e+00   4.87460558e+00   1.04380245e+01 
 -1.14449055e+00   3.84441707e+00   7.76017800e+00 
 -6.35604174e+00   4.68460698e+00   5.48201041e+00 
 -1.00149189e+01   4.84891749e+00   4.49858064e+00 
 -3.36826875e+00  -7.65017035e+00  -7.34684762e+00 
  9.08845615e-02  -9.09810313e+00  -7.87556461e+00 
  6.71643621e+00  -8.05949407e+00  -6.22286423e+00 
  8.51441118e+00   1.26387983e+01   1.17134907e+00 
  1.14360712e+01   8.50482924e+00  -1.10910704e+00 
  1.07535613e+01   6.79449712e+00   2.28266166e+00 
  1.18840164e+01   6.56800502e+00   5.92466054e+00 
  8.20706296e+00   6.04658893e+00   6.75996638e+00 
  6.29045381e+00   9.28317392e+00   7.30649910e+00 
  4.19285782e+00   1.02298772e+01   4.29488240e+00 
 -1.42923100e+00   1.06489055e+01   1.45549492e+00 
  1.64793136e-02   1.12338181e+01  -1.99782764e+00 
  2.60528918e+00   9.46577917e+00  -4.16286129e+00 
  3.10163369e+00   2.38683902e-01  -1.00303470e+01 
  1.84166329e-01  -1.08509411e+00  -8.06271333e+00 
  9.76872481e-01  -4.03677489e+00  -5.76181824e+00 
 -3.44591701e-01  -6.28661067e+00  -2.97450376e+00 
 -4.02199195e+00  -7.12718775e+00  -3.58129637e+00 
 -4.61769915e+00  -3.81625592e+00  -5.32065856e+00 
 -4.86502291e+00  -2.34074360e+00  -1.82269251e+00 
 -4.51705693e+00   2.26208694e+00  -3.11230748e+00 
 -2.73120956e+00   2.19233713e+00   3.63760421e-01 
  8.58068358e-01   1.20473970e+00   4.84063305e-01 
  4.39460197e+00   9.42276720e-01  -9.96285773e-01 
  7.74768492e+00  -4.31977434e-01  -7.02994714e-02 
  7.51246698e+00  -3.52886463e+00  -2.15541269e+00 
  6.20213812e+00  -2.97844213e+00  -5.73177653e+00 
  7.78186968e+00  -1.02696148e+00  -8.55637485e+00 
  1.11132529e+01  -6.09071532e-01  -6.71766461e+00 
  9.96728837e+00   4.10675518e+00  -4.45566588e+00 
  6.41177848e+00   5.13990336e+00  -5.39040773e+00 
  2.87839729e+00   4.06545055e+00  -4.71422590e+00 
  1.24345826e+00   5.66235046e+00  -1.67828159e+00 
 -2.48224408e+00   6.47289129e+00  -1.98629753e+00 
 -4.98824718e+00   7.84467539e+00   5.51475171e-01 
 -5.86254193e+00   1.13690284e+01  -5.96311446e-01 

   4.429895484756e+00 

  1.49330424e+00  -1.36100377e+00  -5.55512245e+00 
 -4.72145430e-02  -8.87788338e-01  -4.92491377e+00 
 -5.17032520e+00   1.46979570e+00  -2.65485012e-01 
 -6.18309176e+00   1.50016368e+00  -2.65984738e+00 
 -5.02434995e+00   2.05742800e+00  -1.90340752e+00 
 -1.33538115e+00  -1.02416380e+00  -5.35711828e+00 
 -3.41121183e+00   9.07485556e-01   2.07702607e+00 
 -5.27097369e+00   3.51589891e+00  -1.81161074e+00 
 -1.98100334e-01   5.99000040e-01  -4.06747178e+00 
 -2.27774566e+00  -3.18936077e-01  -4.66659408e+00 
 -2.19778560e+00   8.54802100e-01   7.28160589e+00 
 -2.52269004e+00   8.99147013e-01  -5.17847993e-02 
 -1.86692162e+00   6.60360591e-01  -3.85480325e+00 
 -3.87590382e+00   1.71089665e+00   5.77940411e+00 
 -2.51943995e+00   1.78908694e+00  -3.18863382e+00 
 -3.57414426e+00   1.50111746e+00  -2.54318084e+00 
 -9.76790261e-01   1.60463687e+00   7.23898376e+00 
 -2.24257238e+00  -2.71899610e-01   8.21452139e+00 
 -4.30987637e+00   2.34094017e+00   4.94166607e-01 
 -5.01255613e+00   2.66408675e+00   1.76087394e+00 
 -4.42800012e+00   1.74766898e+00   2.75454137e+00 
 -2.38831004e+00   1.16034022e-01   2.77548202e+00 
 -2.57146126e+00  -1.17452418e+00   3.32576052e+00 
 -1.19490378e+00   6.42533090e-01   3.31987976e+00 
 -2.51417184e+00  -1.17873091e+00   4.73350033e+00 
 -1.16285234e+00   5.76736624e-01   4.72028481e+00 
 -2.44781965e+00   1.21754852e-01   5.10098710e+00 
 -3.16581796e+00   7.92913263e-01   6.22082540e+00 
 -3.11368496e+00   1.53884893e+00   8.71523399e-01 
 -1.07676201e+00   1.97778136e+00   2.89882706e+00 
 -6.06036791e+00  -9.74454103e-02  -1.32383469e+01 
 -5.60237682e-01   1.29976218e+01  -5.90773389e+00 
  8.01265005e+00   6.53902012e+00  -1.24949510e+00 
  8.48683755e+00   7.99453565e+00   2.20153575e+00 
  4.69547043e+00   7.96843146e+00   2.65384973e+00 
  4.30217670e+00   1.04221800e+01  -2.06772984e-01 
  5.93907066e+00   1.30604902e+01   1.97452470e+00 
  2.71402304e-01   1.37311846e+01   1.44648255e+00 
  2.80430413e+00   5.00229350e+00   9.09071812e+00 
  1.73291400e+00   2.05185526e+00   1.12565748e+01 
  3.78593914e+00  -4.86772627e-01   9.28720495e+00 
  4.70506074e+00   1.15079205e+00   5.94030401e+00 
  8.88799397e+00   3.08515910e+00   2.50264419e+00 
  1.16278736e+01   4.92114045e+00   6.30802877e-01 
 -2.93648863e+00   7.34088946e+00  -1.04481782e+01 
 -6.54431640e+00   6.21121660e+00  -1.02261750e+01 
 -1.06600722e+01   1.84461927e+00  -6.80547796e+00 
  2.26649757e+00  -1.30000670e+01   3.13760319e+00 
 -2.88939781e+00  -1.22207837e+01   1.23083552e+00 
 -3.05060407e+00  -9.65511495e+00   4.10944677e+00 
 -3.58973340e+00  -9.24185330e+00   7.86868137e+00 
 -1.04930718e+00  -6.41498512e+00   7.65723190e+00 
  2.55171769e+00  -7.56369884e+00   8.05808404e+00 
  4.36379288e+00  -7.77684046e+00   4.73589846e+00 
  8.51382138e+00  -5.41888058e+00   6.05162859e-01 
  7.36614225e+00  -7.61095909e+00  -2.26455501e+00 
  4.00166095e+00  -8.38870984e+00  -3.87408076e+00 
 -3.06316863e+00  -3.20797104e+00  -1.04361748e+01 
 -1.46999391e+00   5.38828305e-02  -9.45756257e+00 
 -3.68126343e+00   2.38931407e+00  -7.38610713e+00 
 -3.78503033e+00   5.59497320e+00  -5.31484545e+00 
 -1.63185499e+00   8.29696279e+00  -6.94616207e+00 
  7.33405041e-01   5.71376025e+00  -8.38667649e+00 
  2.31235533e+00   5.63680270e+00  -4.92618045e+00 
  4.85625862e+00   1.62189700e+00  -5.54201821e+00 
  3.90329989e+00   1.47878077e+00  -1.75406667e+00 
  5.76106797e-01   8.75729958e-02  -8.22907490e-01 
 -2.44538769e+00  -2.22607646e+00  -1.35677968e+00 
 -5.74239421e+00  -2.97792037e+00   2.41226382e-01 
 -7.82530988e+00  -1.02583771e+00  -2.17633696e+00 
 -6.93337411e+00  -1.55852960e+00  -5.88187074e+00 
 -7.22139390e+00  -4.70424744e+00  -7.95639975e+00 
 -9.23113514e+00  -6.56506991e+00  -5.28208912e+00 
 -5.04072385e+00  -8.86105425e+00  -2.86594963e+00 
 -1.81223431e+00  -7.73148464e+00  -4.56412597e+00 
  2.43236628e-01  -4.61397257e+00  -4.95476516e+00 
  2.88813844e+00  -4.06187385e+00  -2.28274349e+00 
  6.18031213e+00  -2.50219344e+00  -3.44965460e+00 
  9.27379420e+00  -1.38044358e+00  -1.50692302e+00 
  1.20612467e+01  -3.80637770e+00  -2.42771454e+00 

   4.429895462992e+00 

 -2.17285565e+00   2.00919706e+00   4.12954563e+00 
 -2.81785343e+00   1.43130124e+00   2.63144774e+00 
 -3.30589456e+00  -2.02056753e+00  -3.79979342e+00 
 -5.31865050e+00  -3.86104893e-01  -3.60746718e+00 
 -3.82776800e+00  -3.71808856e-01  -3.55761347e+00 
 -4.07072334e+00   1.38088186e+00   2.09055657e+00 
 -9.65805855e-01  -3.74861341e+00  -3.13960390e+00 
 -3.39390557e+00   3.51308983e-01  -4.77632295e+00 
 -1.89754722e+00   1.59991036e+00   1.18468417e+00 
 -4.14174173e+00   1.03394544e+00   7.72682068e-01 
  2.66923858e+00  -7.52816451e+00  -4.17148811e+00 
 -1.41948257e+00  -1.89127294e+00  -1.84891576e+00 
 -3.02058053e+00   1.07455041e+00   4.59361492e-02 
  9.48067754e-01  -6.26060859e+00  -5.28349715e+00 
 -2.71983671e+00   1.06305194e+00  -1.38689069e+00 
 -3.28846612e+00   1.43475190e-01  -2.05244944e+00 
  3.86186767e+00  -6.76672898e+00  -3.94176561e+00 
  2.68476821e+00  -8.92126436e+00  -3.72333634e+00 
 -1.91535904e+00  -1.89600968e+00  -4.15651597e+00 
 -1.65204392e+00  -2.85647815e+00  -5.25693185e+00 
 -1.04688028e+00  -4.02422870e+00  -4.59434464e+00 
 -1.36532606e-01  -4.51028895e+00  -2.19476688e+00 
 -4.90788813e-01  -5.73536151e+00  -1.58190829e+00 
  1.25680277e+00  -4.34121655e+00  -2.02796162e+00 
  2.91998351e-01  -6.81607369e+00  -2.03393944e+00 
  1.99253107e+00  -5.45824730e+00  -2.44918005e+00 
  1.04522576e+00  -6.32476681e+00  -3.04487020e+00 
  1.35622607e+00  -6.97132791e+00  -4.35072427e+00 
 -1.12853010e+00  -2.37369418e+00  -2.98628599e+00 
  1.64753142e+00  -3.20568538e+00  -2.75738854e+00 
 -1.14216628e+01   6.91376405e+00   1.28496070e+00 
  1.71983162e+00   1.01921073e+01  -7.20173980e+00 
  8.10881270e+00   4.83772020e+00   1.00913029e+00 
  1.08539624e+01   3.12477833e+00  -9.35864075e-01 
  8.22145884e+00   1.85837205e+00  -3.39469860e+00 
  7.38037221e+00   5.41874465e+00  -4.38211955e+00 
  1.07977935e+01   5.65844688e+00  -6.01365790e+00 
  6.50666199e+00   5.11434934e+00  -9.77414764e+00 
  9.02104565e+00  -5.31799057e+00  -4.68629947e+00 
  8.19665212e+00  -8.97776330e+00  -4.00049303e+00 
  7.71375582e+00  -8.44734455e+00  -2.55697800e-01 
  7.28690872e+00  -4.67545724e+00   3.08908197e-01 
  9.39098121e+00   1.15446044e-01   2.69142027e+00 
  1.11921732e+01   3.29163374e+00   3.71567312e+00 
 -4.68049640e+00   9.84145518e+00  -3.05762953e+00 
 -7.72830945e+00   8.15189557e+00  -4.54020560e+00 
 -1.07438997e+01   1.96769762e+00  -5.14834794e+00 
 -1.57464223e+00  -1.13562224e+01   9.84245187e+00 
 -6.16299122e+00  -1.06458707e+01   6.79799006e+00 
 -3.76348808e+00  -1.14164688e+01   3.87503812e+00 
 -2.02907418e+00  -1.42186020e+01   1.94289017e+00 
  8.84174730e-01  -1.17981536e+01   1.56335792e+00 
  3.36180383e+00  -1.19257378e+01   4.44305697e+00 
  2.89629991e+00  -9.04327627e+00   6.85981114e+00 
  4.77665282e+00  -3.47489296e+00   9.16263213e+00 
  1.54076680e+00  -2.80351639e+00   1.10162606e+01 
 -2.14979704e+00  -2.80889779e+00   1.00702522e+01 
 -8.90422311e+00   3.63298204e+00   4.35248795e+00 
 -5.90858637e+00   5.15982564e+00   2.67007742e+00 
 -5.57095006e+00   4.39381758e+00  -1.06276020e+00 
 -3.30233690e+00   4.63734161e+00  -4.12401119e+00 
 -1.47772682e+00   7.99408706e+00  -4.15752518e+00 
 -1.46411877e+00   8.16238941e+00  -3.74139274e-01 
  1.51887031e+00   5.80824145e+00  -5.58083681e-01 
  1.54030903e+00   4.54205120e+00   4.06430922e+00 
  2.75955574e+00   1.29400077e+00   2.26410834e+00 
  1.94345009e-01  -1.03192349e+00   8.92083451e-01 
 -3.27309223e+00  -2.68838596e+00   8.72272740e-01 
 -5.21387828e+00  -5.15047255e+00  -1.16750424e+00 
 -7.29306747e+00  -2.62833691e+00  -2.98675328e+00 
 -8.77984450e+00   1.46084910e-01  -7.72628751e-01 
 -1.13222688e+01  -1.52895035e-01   2.00744885e+00 
 -1.21598430e+01  -3.79264893e+00   1.16821741e+00 
 -8.62618291e+00  -6.01432018e+00   4.52176836e+00 
 -6.64181057e+00  -3.26992779e+00   6.28623993e+00 
 -4.07485781e+00  -6.55669658e-01   5.46591302e+00 
 -4.56225286e-01  -1.77724548e+00   5.76197053e+00 
  2.02447680e+00   8.21746461e-01   7.07498913e+00 
  5.82083652e+00   7.05500329e-01   7.49485471e+00 
  6.48824506e+00   6.62899428e-01   1.12439387e+01 

   4.429895461770e+00 

