  5.33546238e+00  -2.07722745e+00   9.00231794e-01 
  1.90553430e+00  -4.01690683e+00  -6.73158014e-01 
 -2.55322909e+00   7.78489229e-01  -5.46273616e-01 
  3.23822700e+00   1.38444292e+00  -1.79832187e+00 
  2.54153792e+00  -3.75668270e+00   3.55964330e-01 
 -8.42257770e-01   1.86315243e+00   1.25619705e-02 
 -1.93840011e+00  -2.74619716e+00  -2.97667956e+00 
 -5.37185849e-01   3.79929748e-01   1.99046387e+00 
  4.35624470e+00   6.80655294e-01  -1.49633519e+00 
  2.36458722e+00   7.71436471e-01  -2.64496572e+00 
 -1.81425277e+00  -3.57462966e+00  -1.85337018e+00 
 -9.47127357e-01  -1.82025910e+00  -3.28795660e+00 
 -7.91591498e-01  -3.22629425e+00   2.50002787e+00 
 -8.14033711e-01  -3.91453324e+00   1.33340224e+00 
  2.94388798e+00   4.49346348e-01   1.48255768e+00 
  4.17832404e+00  -6.44777141e-01  -1.26168925e+00 
  2.29234194e+00  -5.83562720e-01  -2.60473127e+00 
 -4.69382555e-01  -3.93741943e+00  -1.81882934e+00 
 -3.16949461e-02  -1.77194817e+00  -2.20205050e+00 
  4.53551970e-01  -2.72945747e+00   2.77040136e+00 
  4.08879195e-01  -4.56342105e+00   1.08643747e+00 
  3.05415263e+00  -8.49402950e-01   1.99377958e+00 
  1.70966247e+00   8.35775673e-01   9.34225974e-01 
  1.07994514e+00  -1.11488496e+00   8.56377524e-01 
  4.71381719e+00  -3.01690498e+00   2.68777594e-02 
 -1.63215032e+00  -1.94441225e-01   1.27169350e+00 
  3.07629942e+00  -1.20044703e+00  -1.75927762e+00 
  4.83289211e-01  -2.99230179e+00  -2.07736472e+00 
  2.12208254e+00  -1.68390724e+00   1.64878095e+00 
  6.50848354e-01   6.19209244e-02   1.23469653e+00 
  1.73991174e+00  -3.01761254e+00   2.26156356e+00 
  1.75616006e+00  -4.05031204e+00   1.43201564e+00 
  3.30729448e+00  -2.82345604e+00  -9.05138448e-02 
  2.26574153e+00  -2.06283410e+00  -7.88565793e-01 
  1.85309409e+00  -3.11935707e+00  -1.63057381e+00 
 -1.45008287e+00   5.81265874e-01  -1.56461844e-02 
 -1.44746638e+00   5.20135266e+00  -9.27302106e+00 
 -8.88058501e-01   6.69940694e+00  -5.75187761e+00 
 -6.41131282e-01   9.61826381e+00   1.54139017e+00 
 -7.12739307e-02   8.89260113e+00   8.40267841e+00 
  1.38811404e+00   5.85343416e+00   6.63158518e+00 
  4.65960761e+00   5.99329294e+00   8.65267740e+00 
  2.48422490e+00   5.90969875e+00   1.18235036e+01 
  4.51297339e-01   2.92981972e+00   1.04744773e+01 
  3.69665758e+00   1.05519309e+00   9.76381965e+00 
  2.07214252e+00  -2.70223257e+00   1.26031446e+01 
  1.16469962e+01  -6.21399676e-01   5.66058416e+00 
  9.37077037e+00   2.34363178e+00   6.61726354e+00 
  1.17425052e+01   4.92320171e+00   5.01614056e+00 
  1.19296887e+01   3.16004051e+00   1.60338745e+00 
  8.13908341e+00   2.22882561e+00   1.59245802e+00 
  7.18837578e+00   5.88547118e+00   2.49810415e+00 
  9.42657554e+00   7.24156028e+00  -3.60623998e-01 
  7.87887911e+00   4.71795198e+00  -2.90328067e+00 
  4.84560084e+00   5.61324414e+00  -5.14327180e+00 
  3.25911381e+00   2.16918833e+00  -6.05991660e+00 
  5.26879495e-01   1.18971938e+00  -8.29724069e+00 
 -2.27315036e+00  -1.25192881e+00  -8.02698715e+00 
 -3.02827589e+00  -3.48056130e+00  -1.10473758e+01 
 -6.17503109e+00  -1.03507417e+01  -8.14059927e+00 
 -4.48741194e+00  -7.25133568e+00  -6.63453479e+00 
 -9.33950667e-01  -6.87982000e+00  -7.99756510e+00 
  1.37797995e+00  -3.94820433e+00  -7.17023357e+00 
  4.68890046e+00  -2.76744087e+00  -8.51921970e+00 
  7.01663327e+00  -3.17623221e-01  -6.78325785e+00 
  1.06960393e+01   6.26659767e-01  -6.21761174e+00 
  1.02326916e+01  -8.22120188e-01  -2.66702222e+00 
  8.84447363e+00  -4.25553953e+00  -3.70306315e+00 
  6.74304073e+00  -5.95950881e+00  -6.35057504e+00 
  4.02802596e+00  -7.97564812e+00  -4.62300066e+00 
  7.89889680e-01  -9.82379556e+00  -5.62885304e+00 
 -2.21338985e+00  -1.15179655e+01  -3.94159084e+00 
  3.30708773e+00  -1.25459665e+01   2.58707503e+00 
  2.90932333e+00  -8.84590524e+00   3.01616495e+00 
  5.19140517e+00  -6.29845117e+00   1.35514320e+00 
  6.88201938e+00  -5.45655849e+00   4.65272556e+00 
  7.39232708e+00  -9.28641146e+00   5.03741863e+00 
  4.83212671e+00  -1.05320324e+01   7.63436387e+00 
  3.27607347e+00  -1.39776003e+01   7.16499167e+00 
 -1.33905240e+01  -4.38249913e+00  -1.84364828e-01 
 -9.32814643e+00  -6.88405450e+00   3.91549226e+00 
 -8.48674820e+00  -8.18829624e+00   7.39056029e+00 
 -5.07327994e+00  -9.67275181e+00   8.24899825e+00 
 -4.26693664e+00  -1.18619293e+01   1.13031581e+01 
 -8.32261210e-01  -1.27961122e+01   1.28286231e+01 
 -5.25835484e+00  -4.83997288e+00   1.09763388e+01 
 -7.67196115e+00  -2.30413580e+00   5.20909956e+00 
 -1.07813621e+01  -9.00176330e-01   3.51588906e+00 
 -1.07834126e+01  -4.89434242e-02  -1.77916942e-01 
 -1.36562286e+01   1.94963371e+00  -1.68239429e+00 
 -9.45309744e+00   5.51390540e+00  -1.36549757e+00 
 -7.59335353e+00   2.93077649e+00   7.80432536e-01 
 -7.91378729e+00   3.10914483e+00   4.52463868e+00 
 -5.39983659e+00   1.10015071e+00   6.54584214e+00 
 -3.71477565e+00   5.95451456e+00   7.39849329e+00 
 -5.46029758e+00   7.12423684e+00   4.20173619e+00 
 -3.89930040e+00   6.48379753e+00   8.75435744e-01 
 -5.72129882e+00   7.96550646e+00  -2.13470776e+00 
 -5.22809377e+00   6.50001988e+00  -5.68229218e+00 

   2.310176727054e+01 

 -7.18021159e-01  -3.89597881e+00  -4.04191592e+00 
 -2.54254696e+00  -3.49569026e+00  -2.32311300e-01 
  1.53842554e+00   6.25754783e-01   2.80939370e+00 
  3.07732577e+00  -3.68067968e+00  -1.00625878e+00 
 -2.49175540e+00  -3.04867226e+00  -1.38508677e+00 
  2.61982156e+00   2.89766064e-01   1.03909942e+00 
 -1.14211193e+00  -2.51360133e+00   4.10033521e+00 
  7.14909083e-01   1.17114521e+00  -3.02339934e-01 
  2.44548850e+00  -4.33025736e+00  -2.01390299e+00 
  2.61465777e+00  -3.94329897e+00   2.47885188e-01 
 -2.21606182e+00  -1.97929020e+00   3.37597832e+00 
 -6.47656385e-02  -3.09967890e+00   3.44252839e+00 
 -2.90504950e+00   7.26623883e-01  -1.34317451e-01 
 -3.26367990e+00  -3.13810558e-01   6.55666802e-01 
  1.29314447e+00  -1.31529805e+00  -2.72380120e+00 
  1.09347832e+00  -4.40691636e+00  -1.91535960e+00 
  1.29635711e+00  -4.23650099e+00   3.85573309e-01 
 -2.42652580e+00  -2.87414624e+00   2.32888509e+00 
 -2.01637253e-01  -2.83877083e+00   2.05229299e+00 
 -2.36318505e+00   3.01397843e-01  -1.31579593e+00 
 -3.68845446e+00  -1.42102600e+00  -1.00107001e-01 
 -7.39465033e-02  -1.35523027e+00  -3.02333214e+00 
  1.67226598e+00  -8.63809326e-01  -1.44876984e+00 
 -2.47246156e-01  -1.06616631e+00  -7.54386946e-01 
 -1.45954922e+00  -4.42035992e+00  -2.94312421e+00 
  2.31881063e-01   1.15032937e+00   1.04365074e+00 
  5.69904043e-01  -4.25414702e+00  -7.01539233e-01 
 -1.34867881e+00  -3.39201598e+00   1.66730868e+00 
 -8.86110134e-01  -1.26853620e+00  -2.01482219e+00 
  7.36279906e-01  -2.03229428e-01  -7.43180645e-01 
 -2.36680634e+00  -9.41374946e-01  -1.98822793e+00 
 -3.13950576e+00  -1.84835231e+00  -1.40926960e+00 
 -1.39673256e+00  -3.59536276e+00  -1.78340915e+00 
 -5.98697744e-01  -3.27117211e+00  -5.96491310e-01 
 -1.43772919e+00  -3.93166882e+00   3.28287061e-01 
  1.33121463e+00   2.92435823e-01   1.63322425e+00 
  8.17634177e+00  -5.33735857e+00   6.97136447e+00 
  8.75657363e+00  -2.65489920e+00   4.24679953e+00 
  9.68248602e+00   3.40856802e+00  -6.67397054e-01 
  7.26013714e+00   7.96426248e+00  -5.28332740e+00 
  4.96546833e+00   4.93054011e+00  -5.09856090e+00 
  4.92940272e+00   4.47141003e+00  -8.91888789e+00 
  3.78565702e+00   8.13571472e+00  -9.16003013e+00 
  1.05722562e+00   7.56651074e+00  -6.50221821e+00 
 -2.02097626e-01   4.54562853e+00  -8.46179818e+00 
 -4.72355913e+00   6.62950824e+00  -8.64295908e+00 
  1.25590883e-01  -3.81955378e+00  -1.20355907e+01 
  2.47240213e+00  -9.12142070e-01  -1.10726207e+01 
  5.62270856e+00  -2.85196362e+00  -1.21476044e+01 
  4.84127381e+00  -5.98215742e+00  -1.00543065e+01 
  3.53770997e+00  -3.92609000e+00  -7.00319452e+00 
  6.70572742e+00  -1.67911575e+00  -7.10199662e+00 
  8.99561775e+00  -4.80437016e+00  -7.20195569e+00 
  7.06884696e+00  -6.43367458e+00  -4.22505267e+00 
  8.18096736e+00  -6.00190396e+00  -5.37691785e-01 
  4.94327777e+00  -6.64862847e+00   1.54022769e+00 
  4.28898849e+00  -6.90769417e+00   5.13670834e+00 
  1.57118534e+00  -5.65807726e+00   7.35634779e+00 
  1.38301796e-01  -8.04697212e+00   9.98309531e+00 
 -7.55260254e+00  -5.82744067e+00   1.11973907e+01 
 -4.78807338e+00  -4.89795808e+00   8.70419206e+00 
 -3.68914251e+00  -7.98244005e+00   6.72902408e+00 
 -8.40643007e-01  -7.98474955e+00   4.17760854e+00 
  1.00448632e+00  -1.06908879e+01   2.32059178e+00 
  3.15575138e+00  -1.01580915e+01  -7.65151601e-01 
  4.31513798e+00  -1.17302212e+01  -4.07176687e+00 
  1.94943891e+00  -9.20063544e+00  -5.78201582e+00 
 -1.22537510e+00  -1.00543386e+01  -3.78686372e+00 
 -2.39890709e+00  -1.12006635e+01  -3.75474205e-01 
 -5.07910416e+00  -8.80408113e+00   8.46633773e-01 
 -6.94270942e+00  -8.07427501e+00   4.14925054e+00 
 -9.33497021e+00  -5.44406857e+00   5.59695644e+00 
 -1.14210840e+01  -4.24374662e+00  -2.67125548e+00 
 -8.02694322e+00  -2.67726100e+00  -2.91342309e+00 
 -4.90159337e+00  -4.61550764e+00  -3.87874046e+00 
 -4.76923858e+00  -2.96879484e+00  -7.30099344e+00 
 -8.48773923e+00  -4.03431556e+00  -7.63812805e+00 
 -1.06385251e+01  -8.76870994e-01  -7.13315144e+00 
 -1.39909788e+01  -1.20999747e+00  -5.35450941e+00 
 -4.68762592e+00   6.11802447e+00   1.14860071e+01 
 -7.71313627e+00   6.00391009e+00   5.97212992e+00 
 -9.77831066e+00   7.71904931e+00   3.27428641e+00 
 -1.10540197e+01   5.86786139e+00   1.85933506e-01 
 -1.38621731e+01   7.05136201e+00  -2.15590216e+00 
 -1.47815632e+01   5.83247667e+00  -5.71480598e+00 
 -7.14913577e+00   9.32046070e+00  -1.72717182e+00 
 -3.47645572e+00   7.19653094e+00   3.51850207e+00 
 -2.02725577e+00   8.21940798e+00   6.88896423e+00 
 -2.48146107e-01   5.70559981e+00   9.09901931e+00 
  1.74804799e+00   6.88558828e+00   1.21212128e+01 
  5.54260052e+00   5.51956408e+00   8.35210945e+00 
  2.70806513e+00   5.27701370e+00   5.77475046e+00 
  1.86835275e+00   8.30490685e+00   3.70584352e+00 
 -3.11630899e-01   7.72560777e+00   6.47515635e-01 
  4.30640079e+00   8.64719693e+00  -1.57863302e+00 
  6.07143901e+00   7.65503395e+00   1.66707284e+00 
  6.49417572e+00   4.05414130e+00   2.54227503e+00 
  8.50152603e+00   3.33216609e+00   5.70855226e+00 
  8.07413550e+00  -4.50673568e-03   7.62171981e+00 

   2.310176667567e+01 

  4.56022285e+00  -8.95492402e-01   2.35882365e+00 
  2.66427120e+00  -2.08629672e+00  -1.24520378e+00 
 -2.71448286e+00   1.64987588e+00  -1.25726911e+00 
  2.69020347e+00   3.26101503e+00   6.57965607e-01 
  2.77472127e+00  -2.31330348e+00  -3.37646292e-02 
 -1.71992430e+00   2.45692532e+00   4.08825508e-01 
 -2.60400089e-01  -1.66399650e-01  -4.32069328e+00 
 -1.74395579e+00   2.25381420e-01   1.51531475e+00 
  3.77217932e+00   2.59314461e+00   1.12673567e+00 
  2.40510719e+00   3.07293457e+00  -6.60809377e-01 
 -3.21707078e-01  -1.42600755e+00  -3.70982144e+00 
  4.62014677e-01   8.70181237e-01  -3.73722866e+00 
 -1.11150428e+00  -3.17503204e+00   3.44362651e-01 
 -5.04959396e-01  -3.20228624e+00  -8.66644035e-01 
  1.50068898e+00   8.16686129e-01   2.74122824e+00 
  3.91297826e+00   1.31341297e+00   6.95442129e-01 
  2.71904098e+00   1.87142443e+00  -1.20915277e+00 
  9.60006149e-01  -1.64857986e+00  -3.21077112e+00 
  8.60203146e-01   4.53980921e-01  -2.43809922e+00 
 -2.53225093e-01  -2.77502949e+00   1.33112049e+00 
  8.54894757e-01  -3.54486640e+00  -7.61872160e-01 
  1.78687274e+00  -5.52050226e-01   2.67151046e+00 
  4.97999266e-01   1.32085441e+00   1.89644570e+00 
  5.33924522e-01  -3.84712276e-01   7.57366743e-01 
  4.60219855e+00  -1.33331906e+00   1.00281997e+00 
 -2.28342816e+00  -1.01600028e-02   2.11890233e-01 
  3.28145097e+00   9.85432805e-01  -4.29004177e-01 
  1.62344471e+00  -6.24278617e-01  -2.59575139e+00 
  1.33035729e+00  -1.18253375e+00   1.63310987e+00 
 -3.24567679e-01   4.16334735e-01   1.33475658e+00 
  1.15414253e+00  -2.67130282e+00   1.40347097e+00 
  1.77135553e+00  -3.15952184e+00   3.37870400e-01 
  3.34513706e+00  -1.22235348e+00   3.41789474e-01 
  2.45914025e+00  -3.04734201e-01  -3.81837315e-01 
  2.70824245e+00  -8.42314981e-01  -1.66419048e+00 
 -1.87590680e+00   1.30863137e+00  -4.10068326e-01 
  1.75640980e-01   9.85657718e+00  -5.86639134e+00 
 -1.05180936e+00   9.47583848e+00  -2.21890339e+00 
 -4.34739591e+00   8.45333730e+00   4.84268559e+00 
 -6.14382332e+00   4.50621580e+00   1.02391830e+01 
 -3.32486220e+00   2.85587971e+00   8.28143087e+00 
 -1.21147275e+00   2.25251002e+00   1.14400052e+01 
 -4.27148870e+00   4.48537253e-01   1.29149200e+01 
 -4.71282965e+00  -1.64132193e+00   9.71026760e+00 
 -1.03957607e+00  -2.65573417e+00   9.88228738e+00 
 -2.42710826e+00  -7.44045654e+00   9.86453455e+00 
  7.97902794e+00  -1.45246433e+00   9.61259646e+00 
  4.75707767e+00   4.66432746e-01   1.05208318e+01 
  6.69350509e+00   3.68275074e+00   1.13857665e+01 
  8.61846608e+00   3.84096558e+00   8.06005609e+00 
  5.53958485e+00   2.73000028e+00   5.93358588e+00 
  3.30836056e+00   5.38187147e+00   7.68979471e+00 
  5.94121821e+00   8.14210986e+00   7.00446976e+00 
  6.23355449e+00   7.07282660e+00   3.26278774e+00 
  4.11117419e+00   8.70118638e+00   4.58576304e-01 
  4.04084278e+00   6.03291650e+00  -2.38638701e+00 
  2.72663135e+00   6.05753971e+00  -5.80727936e+00 
  8.58421222e-01   3.57849290e+00  -7.86611750e+00 
  1.94112444e+00   3.06385552e+00  -1.15023662e+01 
  8.39714164e-02  -4.57898409e+00  -1.34232739e+01 
  1.27983584e-01  -2.49039793e+00  -1.02048420e+01 
  3.66196780e+00  -1.21076551e+00  -9.50018897e+00 
  4.55497832e+00   1.11565756e+00  -6.59952474e+00 
  7.63494102e+00   3.07091662e+00  -5.66844028e+00 
  8.34897827e+00   4.53508764e+00  -2.23626945e+00 
  1.11227705e+01   5.37640136e+00   2.83244064e-01 
  9.83336253e+00   2.34086076e+00   2.29398290e+00 
  9.97896741e+00  -2.43560957e-01  -5.50037996e-01 
  9.58262278e+00  -5.95225231e-01  -4.29811719e+00 
  7.13312330e+00  -3.41257182e+00  -4.99323264e+00 
  5.17244160e+00  -4.78656667e+00  -8.02318826e+00 
  2.38949084e+00  -7.32819228e+00  -8.75262358e+00 
  5.18087760e+00  -1.09719294e+01  -1.46649861e+00 
  3.60054571e+00  -8.00374577e+00   1.84311373e-01 
  5.48897096e+00  -4.79323858e+00   9.47762283e-01 
  5.53374194e+00  -5.54174164e+00   4.67320806e+00 
  6.95346769e+00  -9.01233831e+00   3.66539748e+00 
  4.09955793e+00  -1.15745846e+01   4.04024533e+00 
  3.89300918e+00  -1.44610517e+01   1.56258779e+00 
 -1.09373937e+01  -3.88716210e+00  -8.03477421e+00 
 -8.12010905e+00  -7.73751116e+00  -3.93511493e+00 
 -8.26969807e+00  -1.05045250e+01  -1.32618217e+00 
 -5.13485476e+00  -1.19359115e+01   3.21892786e-01 
 -4.90528509e+00  -1.52673397e+01   2.22434087e+00 
 -2.15513583e+00  -1.65465364e+01   4.63203343e+00 
 -7.69612866e+00  -9.09419979e+00   4.34598230e+00 
 -8.45502468e+00  -4.26260634e+00  -3.01294228e-01 
 -1.09921117e+01  -2.46707031e+00  -2.50254015e+00 
 -9.88884283e+00   8.23054443e-02  -5.08171266e+00 
 -1.24580159e+01   2.32055065e+00  -6.78481472e+00 
 -9.88871485e+00   5.60001131e+00  -3.16346065e+00 
 -8.28097581e+00   2.45765485e+00  -1.65445347e+00 
 -9.98614149e+00   7.50834846e-01   1.23221421e+00 
 -7.92046922e+00  -1.77896094e+00   3.17499664e+00 
 -8.14791517e+00   2.15262722e+00   6.58409499e+00 
 -8.86077038e+00   4.59288229e+00   3.72556192e+00 
 -6.07758281e+00   5.79477055e+00   1.55292952e+00 
 -7.01672315e+00   8.40807688e+00  -1.06708498e+00 
 -4.85804460e+00   8.91563896e+00  -4.23866551e+00 

   2.310176708347e+01 

  4.58701214e-01  -1.41376248e+00   3.75762116e+00 
 -1.54625124e+00  -1.93577882e+00   5.48942334e-02 
  1.06874118e+00   2.83038671e+00  -3.59703971e+00 
  3.91691158e+00  -4.54724690e-01   4.72910552e-01 
 -1.58207135e+00  -1.37649396e+00   1.15816426e+00 
  2.26694204e+00   2.99534138e+00  -1.87851020e+00 
 -6.48565578e-01  -1.05090590e+00  -4.42944005e+00 
  2.41489321e-01   3.43944255e+00  -4.98153478e-01 
  3.53560291e+00  -1.14792215e+00   1.57322199e+00 
  3.50190615e+00  -9.65100655e-01  -7.20105363e-01 
 -1.80248220e+00  -7.68064689e-01  -3.68641220e+00 
  5.75222138e-01  -1.23992893e+00  -3.79422371e+00 
 -3.10414512e+00   1.98124221e+00  -3.90055018e-01 
 -3.17981596e+00   8.06471235e-01  -1.06040715e+00 
  1.59675311e+00   1.47809765e+00   2.08963678e+00 
  2.25925359e+00  -1.61105383e+00   1.57054771e+00 
  2.31806830e+00  -1.62897923e+00  -7.44754940e-01 
 -1.70899537e+00  -1.57337240e+00  -2.55318198e+00 
  4.21668023e-01  -8.86334719e-01  -2.42638568e+00 
 -2.41927681e+00   1.84921176e+00   7.86323825e-01 
 -3.24161696e+00  -2.91649632e-01  -1.84133645e-01 
  3.10336053e-01   1.08696171e+00   2.48002820e+00 
  1.78290928e+00   1.88422451e+00   7.57827145e-01 
 -2.33794768e-02   1.08083759e+00   2.10582935e-01 
 -1.42988554e-01  -2.23528418e+00   2.76000470e+00 
 -2.65770823e-01   3.14555546e+00  -1.80267438e+00 
  1.66842994e+00  -1.73718022e+00   3.84890285e-01 
 -5.04070559e-01  -1.69687293e+00  -1.92032393e+00 
 -5.29924644e-01   8.37857311e-01   1.52288647e+00 
  6.71368531e-01   2.17931088e+00   5.94573803e-02 
 -2.04225982e+00   7.31444131e-01   1.56421786e+00 
 -2.54459344e+00  -4.10587834e-01   1.11891220e+00 
 -3.62283206e-01  -1.54960336e+00   1.53066381e+00 
  2.64551294e-01  -1.13815398e+00   2.70325432e-01 
 -3.84832065e-01  -2.09915422e+00  -5.36099860e-01 
  1.00990192e+00   2.57499871e+00  -2.38511646e+00 
  8.97270700e+00  -1.42378199e+00  -7.64363437e+00 
  8.86413194e+00   1.57891512e+00  -5.20898495e+00 
  8.20264498e+00   8.13003580e+00  -9.17445321e-01 
  4.75480368e+00   1.22716082e+01   3.42866897e+00 
  3.41770695e+00   8.71337070e+00   3.66137772e+00 
  3.65818424e+00   8.65780487e+00   7.50144749e+00 
  1.52474583e+00   1.18580860e+01   7.49389400e+00 
 -1.02519240e+00   1.02755987e+01   5.08020032e+00 
 -1.29386162e+00   7.24074479e+00   7.37564024e+00 
 -6.21216068e+00   7.97831271e+00   7.66786879e+00 
  1.54536292e+00  -2.82352384e-01   1.16414934e+01 
  2.92528164e+00   3.05203043e+00   1.02756439e+01 
  6.53677127e+00   2.19603311e+00   1.13088749e+01 
  6.60436964e+00  -1.22553194e+00   9.55417587e+00 
  4.65361839e+00   5.68068014e-02   6.42589255e+00 
  7.04860897e+00   3.10068274e+00   6.11980473e+00 
  1.01383010e+01   7.71679295e-01   6.34420225e+00 
  8.64695634e+00  -1.63008226e+00   3.65415070e+00 
  9.44972357e+00  -1.28478410e+00  -1.21584417e-01 
  6.45620640e+00  -3.02471763e+00  -1.91884988e+00 
  5.76828090e+00  -3.82527514e+00  -5.42821320e+00 
  2.72515150e+00  -3.62412364e+00  -7.56681051e+00 
  1.93699271e+00  -6.57605584e+00  -9.87431941e+00 
 -6.10750374e+00  -6.74243127e+00  -1.07740709e+01 
 -3.63212367e+00  -4.82294664e+00  -8.55805415e+00 
 -1.62391895e+00  -7.25473337e+00  -6.39555543e+00 
  1.20037917e+00  -6.19490591e+00  -4.04529903e+00 
  3.81053003e+00  -8.06822069e+00  -2.08215587e+00 
  5.83432328e+00  -6.63853591e+00   7.97783257e-01 
  7.51827987e+00  -7.47325223e+00   4.14692495e+00 
  4.59439814e+00  -5.54792272e+00   5.77913967e+00 
  1.72328580e+00  -7.45911054e+00   4.07828621e+00 
  7.98821124e-01  -9.23316737e+00   8.64729916e-01 
 -2.49857436e+00  -7.82444995e+00  -3.85579473e-01 
 -4.61598484e+00  -7.99075526e+00  -3.61074110e+00 
 -7.71291425e+00  -6.30142136e+00  -5.12461162e+00 
 -9.74235603e+00  -4.89193130e+00   3.12466479e+00 
 -6.93092946e+00  -2.41918738e+00   3.00615551e+00 
 -3.34790714e+00  -3.29193266e+00   3.93182979e+00 
 -3.56300678e+00  -1.33161872e+00   7.18020323e+00 
 -6.80643817e+00  -3.35786922e+00   7.85174718e+00 
 -9.78738087e+00  -1.00071314e+00   7.21286444e+00 
 -1.29692345e+01  -2.44276127e+00   5.69309246e+00 
 -6.78923158e+00   5.43129870e+00  -1.22975315e+01 
 -9.44611555e+00   5.03959570e+00  -6.60922132e+00 
 -1.18122944e+01   6.37369414e+00  -3.94343137e+00 
 -1.23884967e+01   4.56645775e+00  -6.27691525e-01 
 -1.53275207e+01   5.14803570e+00   1.77947599e+00 
 -1.57255384e+01   4.09256248e+00   5.48410958e+00 
 -9.56418360e+00   9.15419652e+00   7.15607669e-01 
 -5.63783296e+00   7.61951239e+00  -4.55174654e+00 
 -4.66939806e+00   8.65609485e+00  -8.08645770e+00 
 -2.33052657e+00   6.52963825e+00  -1.01785442e+01 
 -8.70091523e-01   7.90553336e+00  -1.34165886e+01 
  3.29567070e+00   8.05492324e+00  -9.79789670e+00 
  7.47812197e-01   7.29245345e+00  -7.02963724e+00 
 -8.43796235e-01   1.01587044e+01  -5.18434823e+00 
 -2.65052904e+00   9.30814013e+00  -1.95114455e+00 
  1.59181755e+00   1.17130932e+01  -1.20887914e-01 
  3.44333512e+00   1.09283247e+01  -3.37518551e+00 
  4.84437784e+00   7.52091274e+00  -3.95637296e+00 
  6.85365490e+00   7.07016376e+00  -7.17126152e+00 
  7.32608545e+00   3.56949957e+00  -8.75188863e+00 

   2.310176645781e+01 

 -4.66392021e+00  -1.38086773e-01   1.16097770e+00 
 -1.35326140e+00  -2.71838520e+00   1.78020444e+00 
  3.71321183e+00   1.23353730e+00   5.14403055e-01 
 -1.35877751e+00   2.76838336e+00   3.23337023e+00 
 -2.17327233e+00  -2.30050509e+00   9.52981385e-01 
  2.14089655e+00   2.62502932e+00   4.24492750e-01 
  3.11543412e+00  -2.24836815e+00   3.00879230e+00 
  1.07813706e+00   1.31902766e+00  -1.41115864e+00 
 -2.62474731e+00   2.28483487e+00   3.23009177e+00 
 -4.23382083e-01   1.97156219e+00   3.82163226e+00 
  2.56149809e+00  -2.98548499e+00   1.95362748e+00 
  2.41985676e+00  -1.18180015e+00   3.57044531e+00 
  5.41131068e-01  -2.24728709e+00  -1.98247906e+00 
  7.36302858e-01  -2.98686913e+00  -8.64389438e-01 
 -2.08661207e+00   1.96297339e+00  -1.47228647e-02 
 -2.75451529e+00   9.62118065e-01   2.95238267e+00 
 -6.09068256e-01   6.28298871e-01   3.75860795e+00 
  1.20982918e+00  -3.10823318e+00   2.26880510e+00 
  1.28173949e+00  -9.21560076e-01   2.76018432e+00 
 -6.21109310e-01  -1.52942967e+00  -1.91767639e+00 
 -4.79255428e-01  -3.42601535e+00  -3.10188385e-01 
 -2.55535965e+00   7.30155296e-01  -4.84456807e-01 
 -7.04644857e-01   2.10233422e+00   1.94949529e-01 
 -4.37276106e-01   7.08162456e-02   9.91337724e-02 
 -4.01953264e+00  -1.21382659e+00   1.83900890e+00 
  2.19852892e+00   5.28384860e-01  -1.00495915e+00 
 -1.68073808e+00   1.99817393e-01   3.14393600e+00 
  5.41106275e-01  -2.02670262e+00   2.76930490e+00 
 -1.73194125e+00  -2.69094725e-01  -3.96894610e-01 
  8.54988657e-02   1.17333804e+00  -3.73273168e-01 
 -1.76516983e+00  -1.61621044e+00  -1.09285413e+00 
 -1.75495212e+00  -2.67096348e+00  -2.91474545e-01 
 -2.61864519e+00  -1.27261891e+00   1.58676627e+00 
 -1.31403409e+00  -7.39699921e-01   1.99246977e+00 
 -8.97114479e-01  -1.89269516e+00   2.69403918e+00 
  2.49428390e+00   1.25750125e+00   2.88508914e-01 
  5.68734776e+00   5.33784824e+00   9.24420659e+00 
  4.52649076e+00   7.08501100e+00   5.99533842e+00 
  2.95478122e+00   1.03651638e+01  -9.72009063e-01 
  5.30918643e-01   1.00942953e+01  -7.45135305e+00 
 -9.50224685e-01   7.26819365e+00  -5.37227681e+00 
 -4.54885169e+00   8.07289261e+00  -6.47199074e+00 
 -3.30704590e+00   7.77375176e+00  -1.00999280e+01 
 -1.56779291e+00   4.42336616e+00  -9.33693892e+00 
 -4.80666488e+00   3.10483484e+00  -7.81290470e+00 
 -4.66482653e+00  -7.29454231e-01  -1.09904570e+01 
 -1.16131315e+01   2.62411075e+00  -1.78825517e+00 
 -9.16139487e+00   5.19519005e+00  -3.29376320e+00 
 -1.05412766e+01   8.06223955e+00  -1.12145667e+00 
 -1.01650045e+01   6.18887749e+00   2.21615876e+00 
 -6.72900607e+00   4.61694117e+00   1.23705417e+00 
 -5.39892202e+00   8.09495113e+00   1.28270073e-01 
 -6.55106692e+00   9.67231945e+00   3.47567897e+00 
 -4.88572622e+00   6.79471517e+00   5.51898604e+00 
 -1.27119099e+00   7.03852056e+00   6.89574688e+00 
 -1.49999641e-01   3.33044734e+00   7.35588677e+00 
  2.84047671e+00   1.78219360e+00   8.80152824e+00 
  4.99184889e+00  -1.09008875e+00   7.80324273e+00 
  6.07913860e+00  -3.56459718e+00   1.05151842e+01 
  7.08984808e+00  -1.07204524e+01   6.86519354e+00 
  5.65993012e+00  -7.30436968e+00   5.86116843e+00 
  2.69920137e+00  -6.39302517e+00   8.10321175e+00 
  8.19393382e-01  -3.06806371e+00   7.91645562e+00 
 -1.76883740e+00  -1.40195185e+00   1.00847361e+01 
 -3.98236019e+00   1.49752628e+00   9.02308199e+00 
 -7.45202546e+00   3.09086537e+00   9.43768734e+00 
 -8.17933136e+00   1.76398848e+00   5.88374186e+00 
 -7.21401301e+00  -1.90536488e+00   6.51062502e+00 
 -4.84843764e+00  -4.07780937e+00   8.51395034e+00 
 -3.07331837e+00  -6.44365059e+00   6.13227485e+00 
 -7.30723825e-02  -8.87193630e+00   6.25423623e+00 
  2.04411461e+00  -1.09729350e+01   3.83764691e+00 
 -5.05214606e+00  -1.07018357e+01  -1.03329488e+00 
 -4.11787022e+00  -7.10946888e+00  -1.53787766e+00 
 -5.40304623e+00  -4.29246254e+00   6.68787486e-01 
 -7.69962417e+00  -3.00645583e+00  -2.07216740e+00 
 -8.97189937e+00  -6.66624448e+00  -2.32454773e+00 
 -7.42715945e+00  -8.20361486e+00  -5.50270415e+00 
 -6.44937657e+00  -1.18854557e+01  -5.46665849e+00 
  1.29868090e+01  -5.69761159e+00  -2.67346914e+00 
  7.63053870e+00  -7.25019591e+00  -5.58356418e+00 
  5.70913087e+00  -8.21314740e+00  -8.72459259e+00 
  1.98015467e+00  -9.04016806e+00  -8.67043399e+00 
  4.03847057e-02  -1.09006954e+01  -1.14174778e+01 
 -3.78001093e+00  -1.11492979e+01  -1.19999485e+01 
  2.32944555e+00  -4.18132196e+00  -1.13348302e+01 
  6.55132439e+00  -2.39375848e+00  -6.38538771e+00 
  1.01901438e+01  -1.63535951e+00  -5.55462110e+00 
  1.12885251e+01  -9.83861024e-01  -1.98562015e+00 
  1.47614415e+01   4.09878728e-01  -1.27341017e+00 
  1.13292681e+01   4.65838328e+00  -4.72884303e-01 
  8.54970130e+00   2.54676789e+00  -2.07014659e+00 
  7.93019017e+00   2.85487013e+00  -5.76812346e+00 
  4.66434048e+00   1.41484449e+00  -7.07270661e+00 
  3.71962825e+00   6.52399471e+00  -7.44012932e+00 
  6.40458867e+00   7.21225219e+00  -4.80355449e+00 
  5.65582750e+00   6.68517972e+00  -1.18796852e+00 
  8.42192111e+00   7.67648762e+00   1.24959849e+00 
  8.59559293e+00   6.14196936e+00   4.79805903e+00 

   2.310176612777e+01 

 -4.41635550e+00  -2.94216383e+00  -2.32396725e+00 
 -4.09206207e-01  -1.55643602e+00  -2.48149319e+00 
  1.90711902e-01   1.54051107e+00   3.25793434e+00 
 -4.66275214e+00   1.42349264e+00  -1.91761013e-01 
 -1.14634629e+00  -2.49427002e+00  -2.15226682e+00 
 -1.86263032e+00   1.09548839e+00   3.30215679e+00 
  2.02723139e+00   1.95842673e+00  -6.35547046e-01 
 -1.34851067e+00  -1.33561283e+00   3.12773259e+00 
 -5.14132730e+00   5.74376722e-01  -1.13329842e+00 
 -3.53705427e+00   2.11063842e+00  -5.33150509e-01 
  2.34970547e+00   5.96197904e-01  -6.98045499e-01 
  7.03689619e-01   2.37871845e+00  -7.27451845e-01 
  1.00748782e+00  -3.27632880e+00   1.12452448e+00 
  1.52992642e+00  -2.56022372e+00   1.00091403e-01 
 -4.10493896e+00  -1.74589572e+00   9.79572990e-01 
 -4.21243153e+00  -1.58712476e-01  -1.79907868e+00 
 -2.65921234e+00   1.50588049e+00  -1.37368711e+00 
  1.50465292e+00   6.90357272e-02  -1.67241909e+00 
 -1.29594997e-01   1.22915738e+00  -6.66789881e-01 
 -2.98890153e-01  -3.60922966e+00   8.94519311e-01 
  9.75960642e-01  -2.93713886e+00  -1.13628160e+00 
 -3.44026107e+00  -2.77923413e+00   3.08243344e-01 
 -3.32368072e+00  -7.92168836e-01   1.65284957e+00 
 -1.63413438e+00  -1.41185125e+00   6.68430219e-01 
 -3.28898064e+00  -2.43749845e+00  -3.03566302e+00 
 -8.05059707e-02  -6.86561399e-01   2.99981425e+00 
 -2.96659887e+00   3.08862617e-01  -1.80090303e+00 
  1.96084532e-01   4.61805135e-01  -1.70369048e+00 
 -2.17058338e+00  -2.60731167e+00   1.01998535e-01 
 -2.03841073e+00  -1.12011325e+00   1.87819496e+00 
 -1.10292940e+00  -3.61920261e+00  -2.67409331e-01 
 -4.26594791e-01  -3.35390223e+00  -1.37514570e+00 
 -2.28600433e+00  -1.89676588e+00  -2.18059782e+00 
 -1.87336960e+00  -6.99987802e-01  -1.44024007e+00 
 -8.42512423e-01  -3.25811959e-01  -2.33064167e+00 
 -6.00725641e-01   7.17312450e-01   2.77483914e+00 
 -2.72691696e+00   1.07272397e+01   1.24933672e+00 
 -4.34040218e+00   8.19034505e+00   3.68173009e+00 
 -6.84967678e+00   3.08629294e+00   9.10617886e+00 
 -7.36647492e+00  -3.30660968e+00   1.17124511e+01 
 -6.54140022e+00  -3.46186543e+00   7.99786099e+00 
 -9.36206372e+00  -5.97582322e+00   7.26920658e+00 
 -7.82612829e+00  -8.20477159e+00   1.00016294e+01 
 -4.30763661e+00  -7.81691620e+00   8.48438384e+00 
 -5.68081353e+00  -8.83546496e+00   5.07433449e+00 
 -2.32223899e+00  -1.25104756e+01   4.89175194e+00 
 -1.06427533e+01  -8.02283718e+00  -2.51344191e+00 
 -1.07168102e+01  -6.98895265e+00   1.20320591e+00 
 -1.40415419e+01  -5.08455118e+00   8.00427703e-01 
 -1.28651193e+01  -2.94506925e+00  -2.17098861e+00 
 -9.30169343e+00  -2.38173669e+00  -6.80876213e-01 
 -1.08402444e+01  -1.33862424e+00   2.73082354e+00 
 -1.32225536e+01   1.15645587e+00   9.64508738e-01 
 -1.02767157e+01   2.65193046e+00  -1.11264027e+00 
 -8.25757544e+00   5.74404126e+00   6.28095568e-02 
 -4.84179875e+00   5.44389448e+00  -1.79753531e+00 
 -1.92089460e+00   7.64429822e+00  -2.03539479e+00 
  1.75697994e+00   7.05893868e+00  -1.96275904e+00 
  3.93225353e+00   8.89528078e+00  -4.52316814e+00 
  1.03816875e+01   4.19635254e+00  -5.89291123e+00 
  7.05184918e+00   3.81183002e+00  -4.02558832e+00 
  4.11775385e+00   4.25392128e+00  -6.43777786e+00 
  4.46657174e-01   4.22585372e+00  -5.36733745e+00 
 -2.78874437e+00   5.06814184e+00  -7.09911355e+00 
 -6.24666047e+00   4.04124900e+00  -5.90670322e+00 
 -9.77118395e+00   3.03191702e+00  -7.05065035e+00 
 -8.78673247e+00  -5.50217860e-01  -5.99267263e+00 
 -5.52527187e+00  -7.92701165e-01  -8.01579740e+00 
 -2.63226782e+00   1.28890286e+00  -9.29105098e+00 
  6.11935201e-01  -3.93743753e-01  -8.25930435e+00 
  4.36971618e+00   4.92719076e-01  -8.18113977e+00 
  7.64902597e+00  -9.42548849e-01  -6.79446379e+00 
  3.42714541e+00  -8.42983887e+00  -7.31636563e+00 
  1.46027754e+00  -7.09544597e+00  -4.42094065e+00 
 -1.76965285e+00  -5.13051280e+00  -4.82475836e+00 
 -3.86184297e+00  -8.04446676e+00  -3.57078031e+00 
 -1.96525424e+00  -1.01674245e+01  -6.21130294e+00 
  6.23820796e-01  -1.23068362e+01  -4.32187030e+00 
  3.98338911e+00  -1.30023113e+01  -5.97805972e+00 
  1.18685197e+01   1.72728058e+00   6.05193890e+00 
  9.87479617e+00  -3.93010628e+00   4.15760945e+00 
  9.74555126e+00  -7.71393345e+00   4.54625007e+00 
  7.88619874e+00  -9.96277529e+00   2.08093855e+00 
  8.35384582e+00  -1.37575652e+01   1.69179955e+00 
  6.09386093e+00  -1.63499909e+01  -8.82255908e-02 
  4.89256154e+00  -1.01785083e+01   6.75214875e+00 
  5.68542134e+00  -3.48077078e+00   6.92151259e+00 
  7.41509794e+00  -6.21701362e-01   8.74918210e+00 
  7.17241462e+00   2.94271216e+00   7.48235291e+00 
  8.33958834e+00   5.83670563e+00   9.66715824e+00 
  2.82657331e+00   6.04665608e+00   9.84972757e+00 
  2.76816920e+00   2.60030267e+00   8.15989987e+00 
  2.63607937e+00  -4.79603857e-01   1.03163640e+01 
  1.72069586e+00  -3.73433938e+00   8.58141857e+00 
 -2.62574871e+00  -2.79188291e+00   1.12927501e+01 
 -1.72060011e+00   9.21330868e-01   1.14571974e+01 
 -2.31914989e+00   3.12590818e+00   8.50886343e+00 
 -1.55703657e+00   6.83236149e+00   9.01611068e+00 
 -7.93483130e-01   9.14027753e+00   6.00499194e+00 

   2.310176646442e+01 

  4.69891060e+00  -2.04345054e+00   1.22170775e+00 
  4.93803681e-01  -2.54588615e+00   1.47995694e+00 
 -1.67883890e+00   3.52725176e+00   3.45251189e-01 
  3.21948664e+00   2.04996566e+00   3.39433041e+00 
  1.47490029e+00  -2.57558630e+00   7.26374518e-01 
  3.87843555e-01   3.89644524e+00   4.39682333e-01 
 -3.16981886e+00   1.22043178e-01   2.55600622e+00 
  7.64433362e-01   2.32340743e+00  -1.45467192e+00 
  4.04851542e+00   9.78001222e-01   3.40278105e+00 
  1.96320331e+00   1.82932563e+00   3.87279667e+00 
 -2.99432914e+00  -7.40776369e-01   1.46593136e+00 
 -2.07062408e+00   6.38977088e-01   3.23524920e+00 
 -5.75560017e-01  -9.64794712e-01  -2.30497170e+00 
 -1.21392953e+00  -1.54981670e+00  -1.26311503e+00 
  3.68272525e+00   1.15038547e+00   1.22764712e-01 
  3.49730478e+00  -2.02009599e-01   3.01905037e+00 
  1.43188593e+00   5.91660404e-01   3.70344050e+00 
 -1.93107789e+00  -1.56624853e+00   1.82577223e+00 
 -9.01184452e-01   3.08448348e-01   2.49860171e+00 
  7.80878588e-01  -9.63026083e-01  -2.13061959e+00 
 -4.49609678e-01  -2.58612739e+00  -6.97934243e-01 
  3.48253001e+00  -1.20199783e-01  -4.30197740e-01 
  2.56020804e+00   1.97907258e+00   2.85543272e-01 
  1.28980982e+00   3.93037199e-01   5.91729828e-03 
  3.53927167e+00  -2.65818490e+00   1.77805249e+00 
 -6.31610836e-01   2.21364976e+00  -1.16401943e+00 
  2.17273774e+00  -3.00958803e-01   3.09990298e+00 
 -8.42105214e-01  -1.01956024e+00   2.44452172e+00 
  2.25716254e+00  -5.46354735e-01  -4.62662791e-01 
  1.45215521e+00   1.62874614e+00  -3.92483548e-01 
  1.64484086e+00  -1.67559984e+00  -1.26893317e+00 
  1.02644062e+00  -2.60939257e+00  -5.61513418e-01 
  2.33520080e+00  -1.96480645e+00   1.46355624e+00 
  1.46653071e+00  -8.51136843e-01   1.85830297e+00 
  4.58963658e-01  -1.65150453e+00   2.44112193e+00 
 -6.09771568e-01   2.92318860e+00   1.73207563e-01 
 -1.93874986e+00   7.60622533e+00   9.30282702e+00 
  2.14236525e-01   8.65472830e+00   6.26619630e+00 
  3.80761611e+00   1.09845996e+01  -3.24102870e-01 
  6.25241524e+00   9.82068053e+00  -6.69570904e+00 
  5.88685361e+00   6.53504235e+00  -4.80521348e+00 
  9.45777993e+00   5.39972331e+00  -5.68076144e+00 
  8.53551713e+00   5.97788355e+00  -9.36974995e+00 
  5.25991545e+00   3.99248715e+00  -8.96877505e+00 
  7.21620800e+00   1.10241446e+00  -7.42866812e+00 
  5.36739921e+00  -1.92700537e+00  -1.09248798e+01 
  1.22854364e+01  -3.16455760e+00  -1.18754942e+00 
  1.16460758e+01   3.80805544e-01  -2.56944744e+00 
  1.41303268e+01   1.99207962e+00  -1.04721371e-01 
  1.25736840e+01   4.22291848e-01   3.04223903e+00 
  8.91121290e+00   9.25583568e-01   1.78973498e+00 
  9.66484124e+00   4.63811220e+00   9.27013799e-01 
  1.11940361e+01   5.20966940e+00   4.44205173e+00 
  8.12332342e+00   3.52296382e+00   6.16100526e+00 
  5.05874782e+00   5.54540007e+00   7.40110746e+00 
  2.14915280e+00   2.94851446e+00   7.49585684e+00 
 -1.31567710e+00   3.11570628e+00   8.67787342e+00 
 -4.55418049e+00   1.84238883e+00   7.34914389e+00 
 -6.97751022e+00   1.63561693e-01   9.79224109e+00 
 -1.12462086e+01  -5.21772240e+00   5.50609170e+00 
 -8.18091719e+00  -3.00270022e+00   4.85790310e+00 
 -5.36620161e+00  -3.88512269e+00   7.29138736e+00 
 -2.03016725e+00  -2.02408751e+00   7.46765700e+00 
  8.63258859e-01  -2.06563950e+00   9.87652874e+00 
  4.33379593e+00  -6.96424371e-01   9.15953889e+00 
  8.08131718e+00  -1.17014219e+00   9.85333393e+00 
  8.29975319e+00  -2.49805129e+00   6.23267731e+00 
  5.52967434e+00  -5.15180406e+00   6.50336173e+00 
  2.23001075e+00  -5.87062625e+00   8.21341749e+00 
 -3.15127830e-01  -6.83819664e+00   5.56639485e+00 
 -4.13724817e+00  -7.34783413e+00   5.35522312e+00 
 -6.83420393e+00  -7.90964567e+00   2.68173818e+00 
 -2.56346756e-01  -1.11309842e+01  -1.84719063e+00 
  8.45296096e-01  -7.55833421e+00  -2.08209165e+00 
  3.22027929e+00  -5.94207346e+00   4.08622245e-01 
  6.06183909e+00  -5.90450796e+00  -2.11427253e+00 
  5.27411609e+00  -9.67219051e+00  -2.62440072e+00 
  3.41734121e+00  -1.00136950e+01  -5.98387699e+00 
  6.77536323e-01  -1.26413950e+01  -6.30305023e+00 
 -1.29104118e+01   2.62284380e+00  -3.80749609e+00 
 -8.91537854e+00  -1.34430207e+00  -6.61301014e+00 
 -7.52416994e+00  -3.00614581e+00  -9.74157872e+00 
 -4.77823150e+00  -5.65805933e+00  -9.60225536e+00 
 -3.86705789e+00  -8.11411282e+00  -1.24143901e+01 
 -6.93136678e-01  -1.02885552e+01  -1.28556404e+01 
 -2.35021910e+00  -1.20156293e+00  -1.18547014e+01 
 -5.42047562e+00   2.26995961e+00  -6.95170951e+00 
 -8.19589475e+00   4.77126684e+00  -6.21222174e+00 
 -9.08100664e+00   5.71671168e+00  -2.64971809e+00 
 -1.13770918e+01   8.67862330e+00  -1.96712728e+00 
 -6.31967044e+00   1.04662271e+01  -6.64293336e-01 
 -4.91471464e+00   7.29968569e+00  -2.31820711e+00 
 -3.93119593e+00   7.42782626e+00  -5.94723693e+00 
 -1.78808697e+00   4.56471713e+00  -7.23213276e+00 
  1.68808113e+00   8.44225595e+00  -7.12260424e+00 
 -4.55417714e-01   1.02941263e+01  -4.55156538e+00 
 -3.79521453e-01   9.27002641e+00  -9.65961782e-01 
 -2.41954037e+00   1.14325000e+01   1.42945558e+00 
 -3.64516405e+00   1.00349200e+01   4.82372110e+00 

   2.310176668815e+01 

 -3.90996019e+00  -3.43233393e+00   1.97484630e+00 
 -3.06037092e+00   5.41604256e-01   3.19499405e+00 
  2.22175708e+00   1.97394773e+00  -4.02099775e-01 
  9.52657229e-01  -3.30442830e+00   2.04672527e+00 
 -3.69039863e+00  -1.61447117e-01   2.39495176e+00 
  2.00599737e+00  -6.23399587e-02  -8.74589326e-01 
  7.06081087e-01   3.27185608e+00   3.43519677e+00 
 -2.77576451e-01   3.77640764e-01  -1.76724718e+00 
 -1.87917358e-01  -3.92251160e+00   2.43871500e+00 
  1.32342119e+00  -2.22318849e+00   2.78798308e+00 
 -5.60355627e-01   3.55719325e+00   2.90765114e+00 
  1.14290086e+00   1.95622711e+00   3.55839660e+00 
 -3.08785106e+00   2.40268578e+00  -6.13383343e-01 
 -2.94999867e+00   2.79444542e+00   6.76077651e-01 
 -1.38925029e+00  -2.65234512e+00  -3.65819338e-01 
 -1.21188137e+00  -3.10670986e+00   2.79863103e+00 
  3.39378038e-01  -1.47911705e+00   3.35443593e+00 
 -1.40015061e+00   2.57787305e+00   3.43408282e+00 
  2.11560873e-01   1.11745045e+00   2.88859053e+00 
 -3.38505151e+00   1.07116407e+00  -7.08539761e-01 
 -3.79603636e+00   2.07056571e+00   1.53500275e+00 
 -2.66237367e+00  -2.10459745e+00  -1.67268091e-01 
 -2.99433634e-01  -1.76905054e+00  -4.39331582e-01 
 -1.42469747e+00  -2.40922858e-01   3.39204206e-01 
 -3.86770459e+00  -2.40280633e+00   2.95995981e+00 
  1.43908858e-01   1.62843424e+00  -1.21650819e+00 
 -8.93926274e-01  -1.86408472e+00   3.15298048e+00 
 -9.61887356e-01   1.28479845e+00   3.49273868e+00 
 -2.70112581e+00  -8.71727791e-01   2.36155352e-01 
 -5.91323879e-01  -4.71491236e-01  -6.42859924e-01 
 -3.85143255e+00   1.16618542e-01   2.23121080e-01 
 -4.16431673e+00   6.40982518e-01   1.39872300e+00 
 -3.08163840e+00  -1.28295758e+00   2.56301893e+00 
 -1.71644572e+00  -7.51122792e-01   2.49905364e+00 
 -1.86283898e+00   1.56010576e-01   3.57198401e+00 
  1.33416525e+00   1.10891266e+00  -4.38363526e-01 
  9.73241131e+00  -1.01644879e+00   5.21856650e+00 
  8.68907561e+00  -2.33176062e+00   1.73477358e+00 
  6.76987870e+00  -4.17616742e+00  -5.66031243e+00 
  2.28431645e+00  -4.45401237e+00  -1.09263950e+01 
  4.17383957e-01  -4.14442159e+00  -7.62158498e+00 
 -1.92700918e+00  -7.08465807e+00  -8.43759323e+00 
 -2.80843280e+00  -5.23382945e+00  -1.16919645e+01 
 -3.41832260e+00  -1.94746146e+00  -9.77880308e+00 
 -5.74544657e+00  -3.79017908e+00  -7.38288061e+00 
 -9.36335709e+00  -5.57217005e-01  -8.51319173e+00 
 -8.03201678e+00  -9.72103252e+00  -8.67353785e-01 
 -5.44051465e+00  -9.26991346e+00  -3.69019274e+00 
 -3.66436904e+00  -1.25821906e+01  -2.84332170e+00 
 -3.18214965e+00  -1.17804611e+01   8.87001148e-01 
 -2.29215965e+00  -8.03761289e+00   2.27482698e-01 
  2.85711128e-01  -9.07840910e+00  -2.48659237e+00 
  1.90329329e+00  -1.16313493e+01  -6.03345190e-02 
  2.07387450e+00  -8.96752294e+00   2.78638604e+00 
  5.19614225e+00  -6.74967452e+00   3.38002743e+00 
  3.82788355e+00  -3.62464603e+00   5.27228813e+00 
  5.45213876e+00  -7.22320285e-01   6.81113197e+00 
  4.67520950e+00   2.91966582e+00   6.89512531e+00 
  4.99322644e+00   4.76093539e+00   1.02370444e+01 
 -3.10517237e-01   1.08749503e+01   1.00386114e+01 
  4.44365793e-01   7.82317790e+00   7.83875128e+00 
 -1.26168414e-02   4.59733807e+00   9.84082180e+00 
  7.29533429e-01   1.10585163e+00   8.46882865e+00 
  9.57366765e-01  -2.31845953e+00   1.00175023e+01 
  8.47879968e-01  -5.60096469e+00   8.10782408e+00 
 -2.87319132e-01  -9.26654849e+00   8.26316610e+00 
 -3.08081203e+00  -8.21495085e+00   5.81149853e+00 
 -4.45859935e+00  -5.26380910e+00   7.85632749e+00 
 -3.40263080e+00  -2.53233759e+00   1.02548241e+01 
 -4.69315711e+00   7.89793436e-01   8.94389082e+00 
 -4.16308630e+00   4.53933214e+00   9.70072535e+00 
 -5.07705485e+00   7.94911228e+00   8.19251932e+00 
 -1.16483593e+01   3.55559326e+00   4.77626329e+00 
 -9.00883027e+00   2.02583639e+00   2.60246341e+00 
 -7.18660671e+00  -1.19150583e+00   3.48841343e+00 
 -9.05620278e+00  -3.14829823e+00   8.20752187e-01 
 -1.22783834e+01  -1.66829314e+00   2.40303444e+00 
 -1.35402408e+01   1.11282948e+00   5.28366258e-02 
 -1.51647038e+01   4.20257888e+00   1.57867590e+00 
  2.72487131e+00   1.39245410e+01  -1.47107300e+00 
 -3.00603548e+00   1.15859797e+01  -2.59221436e+00 
 -6.19171006e+00   1.14397084e+01  -4.66950338e+00 
 -9.15327844e+00   9.22069831e+00  -3.72222548e+00 
 -1.27439288e+01   9.55969431e+00  -5.04999045e+00 
 -1.56730950e+01   7.03045958e+00  -4.90949533e+00 
 -7.01832482e+00   6.88604172e+00  -8.28511565e+00 
 -1.03952178e+00   7.82021569e+00  -5.30224831e+00 
  2.19001817e+00   9.83563695e+00  -5.42340871e+00 
  4.81604118e+00   9.49005811e+00  -2.71168455e+00 
  8.28074148e+00   1.09974457e+01  -3.19589848e+00 
  8.98142951e+00   5.56529403e+00  -3.88267753e+00 
  5.15967101e+00   5.21308465e+00  -3.96193895e+00 
  3.39303788e+00   5.31741564e+00  -7.28184305e+00 
 -2.11153542e-01   4.11377588e+00  -7.33072003e+00 
  2.18331524e+00   1.94542867e-01  -9.78781284e+00 
  5.49310595e+00   1.18325321e+00  -8.14399891e+00 
  6.18266926e+00   2.31127390e-01  -4.60434759e+00 
  9.65118191e+00   1.12461376e+00  -3.28262373e+00 
  1.02979363e+01   1.51513946e+00   5.12830662e-01 

   2.310176640164e+01 

  3.66352612e+00  -1.25066253e+00  -3.27861942e+00 
  2.33487027e+00   2.74365438e+00  -2.74708607e+00 
 -4.14810025e+00   1.96878641e+00  -2.23352894e+00 
 -5.01305798e-01  -1.11924793e+00  -5.78846152e+00 
  2.72744150e+00   1.71999263e+00  -2.17322484e+00 
 -3.58899983e+00   4.59216834e-03  -2.72903729e+00 
 -1.55928949e+00   5.15291656e+00  -3.60031479e+00 
 -2.14691424e+00  -1.06011813e-01  -7.00920052e-01 
  8.19955774e-01  -1.41979407e+00  -5.76723239e+00 
 -8.06031279e-01   1.90050006e-01  -6.00925913e+00 
 -7.85275412e-01   5.10829544e+00  -2.43306499e+00 
 -1.50569974e+00   4.11578061e+00  -4.52677982e+00 
  1.80945302e-01   2.22827885e+00   8.67340671e-01 
  5.09491903e-01   3.25911076e+00   5.20545977e-02 
  2.71847739e-01  -1.87965740e+00  -2.54078084e+00 
  1.61947295e+00  -5.36423529e-01  -5.11612580e+00 
  6.92667938e-02   1.12590692e+00  -5.56104011e+00 
  4.39378097e-01   4.57648882e+00  -2.83164611e+00 
 -7.60402293e-01   3.05016983e+00  -3.95359226e+00 
  7.72635964e-01   1.06096640e+00   4.70360426e-01 
  1.81086943e+00   3.12291957e+00  -4.63127865e-01 
  1.29130376e+00  -1.30858362e+00  -1.76951139e+00 
 -9.43456929e-01  -1.18237550e+00  -2.64122616e+00 
 -7.80318229e-02   5.26482033e-01  -1.90742398e+00 
  3.76099040e+00   1.49272892e-01  -3.52930086e+00 
 -2.62471767e+00   1.24161777e+00  -7.33309785e-01 
  1.14736252e+00   6.97599201e-01  -4.95758281e+00 
  4.57415737e-01   3.52307752e+00  -3.70206431e+00 
  1.14862472e+00  -5.49638799e-02  -1.46574988e+00 
 -1.15047684e+00  -2.04374786e-01  -1.74074056e+00 
  1.84617379e+00   7.69808344e-01  -4.01085370e-01 
  2.47345964e+00   1.85114845e+00  -8.39358310e-01 
  2.59831366e+00   8.69560405e-01  -3.13068946e+00 
  1.25157369e+00   1.27664263e+00  -3.54445974e+00 
  1.58329666e+00   2.62234916e+00  -3.81731291e+00 
 -3.15849969e+00   1.22641544e+00  -2.14997846e+00 
 -7.29029235e+00   2.50270114e+00  -1.15491538e+01 
 -7.53165826e+00  -4.95646499e-01  -9.11869609e+00 
 -8.56626482e+00  -6.06652239e+00  -3.67190506e+00 
 -6.92915491e+00  -9.15621094e+00   2.30324564e+00 
 -3.98966552e+00  -7.09017121e+00   1.04071175e+00 
 -1.50137191e+00  -9.99327820e+00   1.47363658e+00 
 -2.68205281e+00  -1.02123805e+01   5.12760077e+00 
 -2.26652580e+00  -6.41253075e+00   5.59751127e+00 
  1.28515529e+00  -6.64511166e+00   4.22527869e+00 
  2.97188423e+00  -4.53980638e+00   8.41356395e+00 
  7.74738128e+00  -8.06040749e+00  -2.02706294e+00 
  4.18038152e+00  -9.22807607e+00  -1.13215644e+00 
  3.96911174e+00  -1.15489339e+01  -4.20005474e+00 
  4.94321930e+00  -8.84523494e+00  -6.75577436e+00 
  2.83229129e+00  -6.06906162e+00  -5.00282693e+00 
 -2.51821634e-01  -8.42837302e+00  -4.87261852e+00 
  1.40285570e-01  -9.25137673e+00  -8.63955169e+00 
  4.69168424e-01  -5.46701147e+00  -9.53364086e+00 
 -2.57543543e+00  -3.29299403e+00  -1.05454985e+01 
 -1.47431881e+00   3.62370709e-01  -9.74267098e+00 
 -3.02295301e+00   3.62970561e+00  -1.03395842e+01 
 -3.35735935e+00   6.73139690e+00  -8.30426977e+00 
 -2.70650733e+00   1.00955209e+01  -1.00127489e+01 
  6.71283516e-03   1.51292156e+01  -4.28115466e+00 
 -7.23562466e-01   1.13693796e+01  -4.51127089e+00 
  1.45096547e+00   9.75704756e+00  -7.21215896e+00 
  1.21485444e+00   6.07969517e+00  -8.23449088e+00 
  2.66372102e+00   4.05189986e+00  -1.10567206e+01 
  2.86405420e+00   2.59309397e-01  -1.11548788e+01 
  4.94457387e+00  -2.72614507e+00  -1.23829196e+01 
  5.97426445e+00  -3.17235337e+00  -8.68684706e+00 
  7.19898127e+00   4.20443429e-01  -8.06970188e+00 
  6.55715985e+00   4.01467226e+00  -9.06889820e+00 
  6.14933956e+00   6.08946190e+00  -5.91460651e+00 
  4.95748025e+00   9.64420827e+00  -4.98931100e+00 
  4.11722610e+00   1.16838895e+01  -1.84759829e+00 
  9.50927127e+00   6.15753305e+00   1.96570205e+00 
  6.74523879e+00   3.68256314e+00   1.44864900e+00 
  6.48457967e+00   1.46247277e+00  -1.62700993e+00 
  7.48563970e+00  -1.62654884e+00   3.47013514e-01 
  1.05062163e+01   4.86054272e-01   1.56738150e+00 
  9.77783536e+00   1.54083004e+00   5.20155635e+00 
  1.09495699e+01   4.96768259e+00   6.38359196e+00 
 -8.43850798e+00   1.14048666e+01   3.83014725e+00 
 -3.35621469e+00   8.84982800e+00   6.51558544e+00 
 -1.48842830e+00   7.60442496e+00   9.58892450e+00 
  2.08598331e+00   6.26876797e+00   9.41050175e+00 
  4.48667797e+00   5.83993825e+00   1.23809216e+01 
  7.77237968e+00   3.80442585e+00   1.26208692e+01 
 -1.05159858e+00   1.81843351e+00   1.04961807e+01 
 -5.14087186e+00   4.20983600e+00   5.69244916e+00 
 -8.52910594e+00   5.82419467e+00   5.04418534e+00 
 -9.50371407e+00   7.00458287e+00   1.57637443e+00 
 -1.31058170e+01   7.99445938e+00   8.30846816e-01 
 -1.24581734e+01   3.06355629e+00  -1.56445368e+00 
 -9.12290481e+00   2.73619165e+00   3.07724208e-01 
 -9.07813305e+00   1.01959118e+00   3.65509624e+00 
 -5.67377328e+00  -5.70519478e-03   4.99688634e+00 
 -7.67149144e+00  -4.63782389e+00   3.69926112e+00 
 -1.00725737e+01  -2.92268698e+00   1.26461883e+00 
 -8.85980043e+00  -1.79402135e+00  -2.07700465e+00 
 -1.15090068e+01  -3.34703754e-01  -4.40683784e+00 
 -1.05305645e+01   2.05920846e+00  -7.28574251e+00 

   2.310176701009e+01 

  9.92839473e-01   3.07649440e+00   2.17713911e+00 
 -2.37031342e+00   5.96233855e-01   2.91184188e+00 
 -1.74062440e+00  -3.97053410e+00  -1.73957160e+00 
  2.69194363e+00  -1.39531690e+00   1.29234280e+00 
 -1.95708146e+00   1.59154424e+00   2.30363652e+00 
  6.59802920e-02  -2.93136235e+00  -2.00946421e+00 
 -3.49352128e+00  -3.87020932e+00   2.21254221e+00 
 -1.19830558e+00  -8.35308555e-01  -2.47100619e+00 
  2.84059187e+00  -2.16031133e-01   1.94329918e+00 
  1.83066778e+00  -2.28192200e+00   1.86515975e+00 
 -4.23391655e+00  -2.71651820e+00   1.92203904e+00 
 -2.10944601e+00  -3.80978212e+00   2.34498657e+00 
 -4.12305130e+00   7.30890871e-01  -9.45318084e-01 
 -4.42930681e+00   1.94247050e-01   2.60253183e-01 
  1.20175806e+00   9.92162611e-01  -6.59898370e-01 
  1.70274975e+00   3.38841120e-01   2.43421388e+00 
  7.75218164e-01  -1.77994238e+00   2.55570503e+00 
 -3.63723018e+00  -1.70550097e+00   2.67251534e+00 
 -1.68268132e+00  -2.51841157e+00   1.93292732e+00 
 -2.99944555e+00   1.50797870e+00  -8.82425633e-01 
 -4.07040900e+00   1.04828260e+00   1.31822689e+00 
  2.18377012e-01   1.90449569e+00  -2.58816827e-01 
  7.89879613e-01  -3.04625359e-01  -1.00908611e+00 
 -1.04497529e+00  -6.51710868e-03  -1.41846779e-01 
  5.79852822e-02   2.45601759e+00   3.05648041e+00 
 -2.19904139e+00  -1.79005790e+00  -2.10721468e+00 
  6.70542279e-01  -4.78486728e-01   2.62726582e+00 
 -2.27385371e+00  -1.64129917e+00   2.73990073e+00 
 -9.37727150e-01   1.40364328e+00   5.21992165e-02 
 -5.23514615e-01  -4.73615765e-01  -1.24726642e+00 
 -2.28456153e+00   2.08720020e+00   1.90032935e-01 
 -2.88270272e+00   1.93448433e+00   1.36208289e+00 
 -6.88630021e-01   1.41544218e+00   2.43252388e+00 
 -6.71909108e-01  -4.21742171e-03   2.06524565e+00 
 -1.56352986e+00  -4.27011087e-01   3.07606105e+00 
 -1.26959556e+00  -2.84128000e+00  -1.53869042e+00 
  3.86530606e+00  -1.08556374e+01   2.51765785e+00 
  4.68029038e+00  -8.70274705e+00  -5.89799648e-01 
  5.64177079e+00  -4.74792477e+00  -7.31351622e+00 
  4.19993423e+00   5.17317683e-01  -1.15713244e+01 
  3.22928218e+00   1.40944502e+00  -7.99849791e+00 
  5.07654590e+00   4.78272855e+00  -8.12352050e+00 
  3.01632155e+00   5.58085508e+00  -1.12718484e+01 
 -2.51484473e-01   4.53168873e+00  -9.52455942e+00 
  5.98214832e-01   6.81896558e+00  -6.59233710e+00 
 -3.75756727e+00   9.15046840e+00  -7.23280654e+00 
  5.27259605e+00   9.71054425e+00   6.63330021e-01 
  5.81062561e+00   7.78225711e+00  -2.63517891e+00 
  9.55032477e+00   7.20909214e+00  -1.90777955e+00 
  9.00308771e+00   5.70196739e+00   1.58791147e+00 
  5.86140922e+00   3.66050919e+00   4.93368248e-01 
  7.77859812e+00   2.26866864e+00  -2.58593356e+00 
  1.07615816e+01   1.23251086e+00  -3.38950151e-01 
  8.36689490e+00  -4.90577298e-01   2.21554262e+00 
  7.47947368e+00  -4.25833792e+00   2.02508565e+00 
  4.07773753e+00  -4.55627683e+00   3.91135660e+00 
  1.99957510e+00  -7.41294226e+00   4.88626275e+00 
 -1.66844864e+00  -8.06039083e+00   4.85058853e+00 
 -3.24290942e+00  -9.71865254e+00   7.92161480e+00 
 -1.08970873e+01  -7.10814230e+00   8.30753618e+00 
 -7.79386321e+00  -6.21668868e+00   6.23446205e+00 
 -4.96406777e+00  -5.03662552e+00   8.51981251e+00 
 -1.45419518e+00  -4.14481185e+00   7.29130440e+00 
  1.81372122e+00  -3.41878412e+00   9.01463119e+00 
  4.80913541e+00  -1.71941063e+00   7.41044121e+00 
  7.78531104e+00   6.21011041e-01   8.05388065e+00 
  5.75521977e+00   3.27905135e+00   6.12164386e+00 
  2.51183509e+00   3.02171887e+00   8.17179485e+00 
  3.83410125e-01   5.64213392e-01   1.01106884e+01 
 -3.18593409e+00   7.89895985e-01   8.83419070e+00 
 -6.46226089e+00  -1.22225593e+00   9.19446751e+00 
 -9.97299006e+00  -1.32915588e+00   7.64527585e+00 
 -8.36898075e+00   6.95096832e+00   5.90647647e+00 
 -5.97286846e+00   5.56994076e+00   3.37979522e+00 
 -2.30379817e+00   4.91209884e+00   4.12948836e+00 
 -1.19916379e+00   7.87963442e+00   2.02841856e+00 
 -3.76951757e+00   9.93028340e+00   4.09352802e+00 
 -6.83078525e+00   1.05443891e+01   1.83476590e+00 
 -1.02971237e+01   1.05680332e+01   3.41507614e+00 
 -1.26407195e+01  -8.58387242e+00  -3.76604883e+00 
 -1.26186120e+01  -2.29647119e+00  -3.57484069e+00 
 -1.36826666e+01   1.07832591e+00  -4.97615037e+00 
 -1.27274379e+01   4.38016673e+00  -3.30955526e+00 
 -1.43897554e+01   7.78840571e+00  -3.93497165e+00 
 -1.31382467e+01   1.13423913e+01  -3.04091313e+00 
 -9.78371314e+00   4.24875756e+00  -8.01555353e+00 
 -8.40249015e+00  -2.13620025e+00  -6.33003384e+00 
 -9.06514505e+00  -5.77834178e+00  -7.22561288e+00 
 -7.75136196e+00  -8.59732907e+00  -5.05856889e+00 
 -7.85648510e+00  -1.21910681e+01  -6.31750341e+00 
 -2.55921588e+00  -1.06930643e+01  -6.72429882e+00 
 -3.66139826e+00  -7.08160793e+00  -6.03239086e+00 
 -4.43283546e+00  -4.82710085e+00  -8.94371828e+00 
 -4.66387644e+00  -1.10726610e+00  -8.20154453e+00 
 -1.44353023e-01  -1.33147436e+00  -1.07811924e+01 
  1.82869503e-01  -5.03733083e+00  -9.89019324e+00 
  1.33901594e+00  -6.05012822e+00  -6.49189654e+00 
  1.81247470e+00  -9.79802417e+00  -5.93978475e+00 
  1.70830671e+00  -1.13172498e+01  -2.38204758e+00 

   2.310176598798e+01 

