 -1.16147021e+00  -4.67070783e+00  -1.32659605e+00 
 -3.35660600e-01  -4.09303069e+00  -5.22482340e-01 
  6.77030984e-01  -4.69017325e+00   3.87069875e-02 
  7.41577846e-01  -6.00373109e+00  -2.31191140e-01 
 -1.57548773e-01  -6.62264730e+00  -1.04639147e+00 
 -1.10288093e+00  -5.93978543e+00  -1.59694272e+00 
  1.40920413e+00  -6.58837941e+00   7.98640022e-01 
  6.19431747e-01  -4.77055982e+00   1.40935629e+00 
  4.66193057e-01  -6.03818547e+00   1.53825516e+00 
  1.95017892e+00  -1.88826756e+00   2.71427320e+00 
  3.00624114e+00  -2.37191997e+00   1.81833988e+00 
  3.36719379e+00  -3.40043516e+00   2.54066687e+00 
  2.24053698e+00  -4.11100414e+00   2.96448182e+00 
  1.05867887e+00  -3.96245728e+00   2.33174825e+00 
  8.47110487e-01  -2.76961862e+00   2.91466127e+00 
  1.87062647e+00   1.22971023e+00   1.69843391e+00 
  9.62685028e-01   8.21642778e-01   8.25796310e-01 
  5.13707074e-01   1.96149621e+00   2.13432846e-01 
  7.22278214e-01   3.05592125e+00   9.83015888e-01 
  1.57450192e+00   2.52255059e+00   1.84931262e+00 
  8.60967302e-01   4.55369723e+00   8.04217887e-01 
  3.19694210e+00   8.20687858e-01   1.58100472e+00 
  4.20334786e+00   3.21313311e-01   2.22681157e+00 
  5.33770218e+00   1.16109318e+00   2.04486134e+00 
  5.16876242e+00   2.36653462e+00   1.31162888e+00 
  4.59514411e+00   1.90126018e+00   1.15370142e-01 
  3.72291699e+00   7.67810912e-01   3.30679006e-01 
  6.53383823e+00   2.86872086e+00   1.07739708e+00 
  1.42610869e+00  -3.20645560e-02  -1.67634797e-01 
  1.89941670e+00  -1.23562632e+00   8.15085517e-02 
  8.14107788e-01  -1.64405437e+00   4.79522740e-01 
  2.92157399e+00  -2.09117775e+00   4.04938349e-01 
 -4.36915500e-01   5.10633120e+00   1.08043053e+00 
  1.87891219e+00   4.56793567e+00  -1.91815821e-01 
  1.63914368e+00   5.29368802e+00   1.85672365e+00 
 -5.31257794e-01  -7.90913756e+00  -7.38464413e-01 
  5.27247397e+00  -1.12512740e+01   9.08605823e-01 
  6.80106562e+00  -9.23500616e+00   3.75798185e+00 
  9.35066034e+00  -6.69866237e+00   4.97512919e+00 
  8.84081146e+00  -2.98438407e+00   4.83071717e+00 
  1.04949879e+01  -1.98958590e-01   6.69165422e+00 
  1.26153672e+01   4.74315656e-01   3.51586099e+00 
  1.29079270e+01  -3.04515820e+00   2.16003336e+00 
  1.12339487e+01  -6.25143723e+00   1.03189543e+00 
  7.75233801e+00  -6.29960910e+00  -4.23741431e-01 
  4.10221754e+00  -9.90379430e+00  -5.10281724e+00 
  7.83257871e-01  -6.36393577e+00  -8.14344163e+00 
  2.63347236e+00  -5.71878663e+00  -4.85333303e+00 
  6.10889278e+00  -4.23939233e+00  -5.29158390e+00 
  7.71523371e+00  -2.29835545e+00  -2.55364898e+00 
  1.13873503e+01  -2.08780357e+00  -2.85152500e+00 
  1.39354341e+01   1.59831313e-01  -1.18596223e+00 
  1.01420578e+01   6.39018775e+00   1.25733706e-01 
  4.68505060e+00   7.50016964e+00   3.64177781e-01 
  3.45875458e+00   6.91820826e+00  -3.40902806e+00 
  2.02907269e+00   1.04211809e+01  -3.61768668e+00 
  1.00276113e-01   9.79263432e+00  -3.59385824e-01 
 -1.86406956e+00   6.92407544e+00  -2.03651748e+00 
 -2.31356922e+00   8.73730520e+00  -5.23905288e+00 
 -4.59676841e+00   1.10671633e+01  -3.19355077e+00 
 -7.10734372e+00   8.29699610e+00  -2.47391577e+00 
 -9.54912742e+00   6.37171739e+00  -4.65440671e+00 
 -1.17183411e+01   3.86182857e+00  -2.83778209e+00 
 -1.14449876e+01  -7.66383893e-01   7.16099610e-04 
 -8.23679812e+00   1.00949750e+00  -2.14120583e-02 
 -5.39906311e+00  -4.96043210e-01  -2.11300329e+00 
 -4.61509904e+00   1.49310984e+00  -5.26844603e+00 
 -1.27561090e+00   2.93135328e+00  -6.50256462e+00 
 -5.51025011e-01   1.50104911e+00  -9.95573967e+00 
  2.73735787e+00   3.38435748e+00  -1.04475829e+01 
  6.41774759e+00   3.93798428e+00  -9.63655482e+00 
  1.01717292e+01   3.67664420e-01  -6.70421503e+00 
  6.57079094e+00   1.39992095e+00  -5.97645727e+00 
  3.92748956e+00  -7.32710818e-01  -7.78859061e+00 
  6.95200303e-01  -1.26270247e+00  -5.92308174e+00 
 -2.49019206e+00  -3.24923359e+00  -6.32901564e+00 
 -2.17191903e+00  -6.85351687e+00  -5.05508148e+00 
 -4.61722096e+00  -8.21893744e+00  -2.42129447e+00 
 -4.31535231e+00  -1.17861403e+01  -3.58862278e+00 
 -2.90074495e+00  -1.17161166e+01   1.87033278e+00 
 -3.14232213e+00  -1.06274784e+01   5.51339054e+00 
 -1.34733390e+01  -9.65533694e-01   6.29048074e+00 
 -3.53449401e+00   6.74523540e+00   1.31232648e+01 
 -2.81230895e+00   3.09470566e+00   1.24506839e+01 
 -6.10008097e+00   1.33697883e+00   1.21026882e+01 
 -5.37405280e+00  -2.25906045e+00   1.30245424e+01 
 -2.51421370e+00  -6.15127921e+00   1.07969378e+01 
 -3.00723062e+00  -3.37194593e+00   8.22913041e+00 
 -6.00482339e+00  -4.98291999e+00   6.53092341e+00 
 -5.70283881e+00  -7.31471882e+00   3.55701201e+00 
 -7.94880636e+00  -9.66907252e+00   1.65911328e+00 
 -8.54834146e+00  -9.27776489e+00  -2.10399693e+00 
 -1.10745994e+01  -6.56703275e+00   2.45134176e+00 
 -9.00134877e+00  -3.43224277e+00   1.90300479e+00 
 -6.97926774e+00  -1.08553115e+00   3.97290675e+00 
 -3.43223888e+00  -2.08657622e+00   3.21498331e+00 
 -1.26211610e+00   1.10860335e-01   2.67280337e+00 
 -5.64402928e-01   3.40265517e+00   5.09174033e+00 
  3.53156628e+00   3.87757200e+00   5.32510268e+00 
  3.59220940e+00  -3.70358586e-01   5.76382464e+00 
  9.70681786e-01   3.96924886e-01   8.19906204e+00 
  3.19555646e+00   2.79519577e+00   1.01940680e+01 

   5.413749120368e+01 

 -6.94199696e-01   1.90896652e+00   3.40570294e+00 
 -3.26016714e-01   1.67560067e+00   2.19233879e+00 
 -9.79610176e-02   2.60298492e+00   1.30633370e+00 
 -2.00708391e-01   3.84888519e+00   1.79584506e+00 
 -5.47219188e-01   4.09423440e+00   3.09036180e+00 
 -8.00951678e-01   3.11121819e+00   3.88557126e+00 
  5.83366858e-01   4.64546886e+00   1.02204233e+00 
  1.19839631e+00   2.67183891e+00   8.55581011e-01 
  1.53674073e+00   3.80078178e+00   1.36350145e+00 
  1.54793896e+00   4.75223386e-01  -1.75861103e+00 
  4.00701758e-01   1.29682619e+00  -2.15948485e+00 
  1.06948013e+00   2.39395335e+00  -2.40224983e+00 
  1.96088322e+00   2.65614784e+00  -1.35796262e+00 
  1.78609042e+00   2.08569160e+00  -1.48320474e-01 
  2.24664547e+00   9.02865727e-01  -5.91295146e-01 
  2.36213704e-01  -2.47327233e+00  -2.34665580e+00 
 -1.87363343e-01  -2.42842454e+00  -1.09328273e+00 
 -7.37128730e-01  -3.65992525e+00  -8.54532465e-01 
 -2.43859334e-01  -4.59781634e+00  -1.69748738e+00 
  3.15731150e-01  -3.78441104e+00  -2.58431908e+00 
 -6.52728492e-01  -5.94725523e+00  -2.25099906e+00 
 -3.00083723e-01  -1.61580731e+00  -3.30443463e+00 
 -4.28399593e-03  -7.81003748e-01  -4.25042552e+00 
 -6.91938811e-01  -1.15840973e+00  -5.43777206e+00 
 -1.46325141e+00  -2.35165411e+00  -5.41532248e+00 
 -2.29932046e+00  -2.13661132e+00  -4.30568332e+00 
 -1.63794046e+00  -1.39056415e+00  -3.25790656e+00 
 -2.23916890e+00  -2.33164378e+00  -6.66753668e+00 
 -1.16194172e+00  -1.47577745e+00  -8.22827522e-01 
 -9.48006284e-01  -1.79947593e-01  -9.21371234e-01 
 -1.34451283e-01  -1.85053557e-01  -4.18732464e-03 
 -9.09437517e-01   9.89408022e-01  -1.63726182e+00 
  1.25093547e-03  -6.92679466e+00  -1.42697884e+00 
 -1.94288183e+00  -5.60495853e+00  -2.74782477e+00 
 -5.89877312e-02  -6.34655714e+00  -3.57347538e+00 
  3.87148636e-02   5.16337778e+00   3.72529944e+00 
 -1.12911834e-01   1.03868024e+01  -7.75686512e-01 
  1.70235044e+00   9.08577777e+00  -3.86324724e+00 
  1.57377734e+00   7.64943691e+00  -7.37541423e+00 
  1.14528045e+00   3.99907322e+00  -8.12900819e+00 
  1.90330181e+00   2.01508744e+00  -1.12026356e+01 
 -1.88352824e+00   2.11588667e+00  -1.20301166e+01 
 -2.78614149e+00   5.49038251e+00  -1.05780064e+01 
 -2.80623313e+00   7.86769368e+00  -7.62790268e+00 
 -2.88150134e+00   6.64477060e+00  -4.05836333e+00 
 -5.41130638e+00   8.64472087e+00   2.09042213e+00 
 -7.47215644e+00   4.11581509e+00   4.92474559e+00 
 -5.18948996e+00   4.21442540e+00   1.85163044e+00 
 -7.04497520e+00   4.07965160e+00  -1.46472704e+00 
 -5.35103194e+00   2.87560114e+00  -4.55099693e+00 
 -6.98427098e+00   3.99690529e+00  -7.66430905e+00 
 -6.66110394e+00   2.83415389e+00  -1.12507094e+01 
 -4.88056911e+00  -4.32936610e+00  -1.05864329e+01 
 -2.82584673e+00  -7.32541607e+00  -6.35918259e+00 
 -5.78873319e+00  -7.26368410e+00  -3.65787509e+00 
 -5.91579317e+00  -1.10484602e+01  -3.52493726e+00 
 -2.12803584e+00  -1.11211972e+01  -2.90893690e+00 
 -2.59323164e+00  -9.16926686e+00   3.88580495e-01 
 -5.62052170e+00  -1.10567580e+01   1.39802431e+00 
 -3.20602781e+00  -1.40300711e+01   1.79165215e+00 
 -1.27375862e+00  -1.23409418e+01   4.60374554e+00 
 -2.15238890e+00  -1.14461871e+01   8.18857065e+00 
  6.35008766e-01  -9.86544073e+00   1.01977522e+01 
  3.75394715e+00  -5.41880022e+00   1.04252532e+01 
  2.34108835e+00  -5.92189951e+00   7.07899484e+00 
 -4.23489144e-01  -3.51869074e+00   5.94946196e+00 
 -3.87716329e+00  -5.12612160e+00   5.82120549e+00 
 -6.41262943e+00  -5.27986184e+00   2.94170051e+00 
 -9.67766413e+00  -3.72145968e+00   4.12751086e+00 
 -1.15670150e+01  -4.30093636e+00   8.56917293e-01 
 -1.22240891e+01  -3.48495378e+00  -2.80531762e+00 
 -1.04169357e+01   1.22770541e+00  -5.96177498e+00 
 -8.57333990e+00  -1.02296579e+00  -3.49244792e+00 
 -9.01213624e+00  -3.32328178e-03   1.93576272e-01 
 -6.05014332e+00  -6.51708771e-01   2.43297406e+00 
 -5.01341964e+00   5.15760206e-02   5.99505313e+00 
 -3.48716236e+00   3.54241122e+00   6.44190036e+00 
  6.63488213e-03   3.96474343e+00   7.98971238e+00 
 -7.19202478e-01   7.38912295e+00   9.37733727e+00 
  3.79750569e+00   7.89069352e+00   6.03757824e+00 
  7.10687032e+00   6.82683071e+00   4.47819848e+00 
  1.03202937e+01  -5.89574236e+00   9.81645769e+00 
  1.20276388e+01  -9.44209001e+00  -3.94696965e+00 
  1.16168567e+01  -5.78351056e+00  -3.08305885e+00 
  1.27145974e+01  -5.32991227e+00   4.67907666e-01 
  1.37670189e+01  -1.70383651e+00   6.96850538e-01 
  1.11773365e+01   2.93265193e+00   4.02241216e-01 
  8.62680971e+00   1.34879306e-01   8.80444940e-01 
  8.35417409e+00   5.41582860e-01   4.65204573e+00 
  5.80118634e+00   2.79416080e+00   6.31961236e+00 
  5.16785552e+00   4.16268599e+00   9.77148154e+00 
  1.86131324e+00   3.54191915e+00   1.16031449e+01 
  6.63123251e+00   1.52506401e-01   1.11123186e+01 
  4.96847052e+00  -2.03230739e+00   8.48786366e+00 
  5.84270125e+00  -3.47240942e+00   5.16488473e+00 
  3.98677042e+00  -1.27057085e+00   2.74303022e+00 
  2.41571663e+00  -2.54592008e+00   3.47744527e-01 
  3.97002720e+00  -5.34047021e+00  -2.28827099e+00 
  2.63930659e+00  -4.30770276e+00  -6.05915176e+00 
  3.57124479e+00  -3.17898240e-01  -4.85332516e+00 
  6.67004094e+00  -1.95088492e+00  -3.79392295e+00 
  7.39496988e+00  -3.36693972e+00  -7.27976406e+00 

   5.413749121287e+01 

  4.86207215e+00  -1.03079759e+00   1.28106337e+00 
  3.61527020e+00  -1.03931733e+00   1.60920509e+00 
  3.13295702e+00  -1.68564453e+00   2.63228293e+00 
  4.07334440e+00  -2.28665873e+00   3.37852606e+00 
  5.39601434e+00  -2.24052158e+00   3.05529669e+00 
  5.77739628e+00  -1.61397985e+00   1.99461489e+00 
  3.56964640e+00  -2.40051291e+00   4.63606777e+00 
  2.57629601e+00  -8.96612122e-01   3.61004413e+00 
  3.43017336e+00  -1.09217178e+00   4.54792314e+00 
 -7.03437992e-01  -3.11072873e-01   2.78435312e+00 
 -6.01548314e-01  -1.77392096e+00   2.74439739e+00 
 -4.89280754e-01  -1.95955200e+00   4.03390881e+00 
  4.47609210e-01  -1.07088850e+00   4.56906853e+00 
  1.35595201e+00  -4.71062724e-01   3.77263388e+00 
  4.35017056e-01   3.82054495e-01   3.29148969e+00 
 -2.20229091e+00   1.29438004e-01  -1.00001222e-01 
 -9.84206558e-01   2.14338306e-01  -6.11282342e-01 
 -1.16759540e+00   5.63249639e-01  -1.92297084e+00 
 -2.36387532e+00   1.16783694e+00  -2.11525538e+00 
 -2.93471172e+00   8.35643860e-01  -9.64144161e-01 
 -3.33494013e+00   1.41675709e+00  -3.25084016e+00 
 -2.67606061e+00  -1.08183091e+00   3.98585346e-01 
 -3.25780455e+00  -1.64606226e+00   1.40977415e+00 
 -4.39667923e+00  -2.36558654e+00   9.51169175e-01 
 -4.73361037e+00  -2.28005260e+00  -4.26666561e-01 
 -3.52671888e+00  -2.65147830e+00  -1.04474843e+00 
 -2.36991407e+00  -2.20440130e+00  -3.00597473e-01 
 -5.76700317e+00  -3.30931672e+00  -6.34513440e-01 
 -2.41527652e-01  -9.59754569e-01  -5.90773266e-01 
  1.39102723e-01  -1.55066170e+00   5.23045350e-01 
  8.67296652e-01  -6.16337222e-01   8.39107786e-01 
 -6.96629819e-02  -2.41639855e+00   1.56626288e+00 
 -3.04607214e+00   2.73902727e+00  -3.73496013e+00 
 -3.48620937e+00   7.86798511e-02  -3.71468594e+00 
 -4.77516214e+00   1.63352362e+00  -2.87707512e+00 
  6.31014633e+00  -2.17178376e+00   4.07958333e+00 
  4.23016522e+00  -6.73199156e+00   8.81716015e+00 
  6.69061347e-01  -5.69568163e+00   9.69207669e+00 
 -3.07491635e+00  -6.20282842e+00   9.31743600e+00 
 -5.11203940e+00  -4.76062391e+00   6.51621292e+00 
 -8.78355926e+00  -4.14147212e+00   6.20868769e+00 
 -8.99978942e+00  -7.35063902e+00   4.04317775e+00 
 -6.25485076e+00  -9.40818511e+00   5.63765461e+00 
 -2.64229848e+00  -9.72900505e+00   6.73386570e+00 
  1.57174181e-01  -7.88083011e+00   5.00470230e+00 
  6.87793929e+00  -8.79444776e+00   3.52018342e+00 
  7.99556788e+00  -6.86850289e+00  -1.75552275e+00 
  4.92474364e+00  -6.24985208e+00   4.47106644e-01 
  2.08911720e+00  -8.72032392e+00  -1.14300604e-01 
 -1.41742993e+00  -7.82929009e+00   7.54303696e-01 
 -3.61338081e+00  -1.07586757e+01   1.21688204e+00 
 -7.37956829e+00  -1.11009130e+01   1.34893871e+00 
 -9.76637460e+00  -5.54832003e+00  -2.94049644e+00 
 -7.33052531e+00  -8.76465363e-01  -4.75932173e+00 
 -4.44761624e+00  -2.22719304e+00  -7.19734899e+00 
 -5.76660613e+00  -1.77397279e-01  -1.00985420e+01 
 -5.73286389e+00   2.94423022e+00  -7.86558284e+00 
 -1.90791221e+00   2.64165211e+00  -7.44340436e+00 
 -1.31229494e+00   1.74251287e+00  -1.09906365e+01 
 -2.41684194e+00   5.35702915e+00  -1.17258411e+01 
  5.46501461e-01   6.84980678e+00  -9.85905854e+00 
  4.28151607e+00   6.91941785e+00  -1.05434414e+01 
  6.35669435e+00   8.84429066e+00  -8.03472650e+00 
  7.86408977e+00   8.81769834e+00  -2.81178251e+00 
  4.80079738e+00   6.87668804e+00  -3.35535220e+00 
  5.05997249e+00   3.06045605e+00  -3.10366695e+00 
  4.78064470e+00   1.29193057e+00  -6.46854870e+00 
  2.42666222e+00  -1.53306444e+00  -7.57394523e+00 
  4.54153613e+00  -4.46402921e+00  -8.77057111e+00 
  1.58096567e+00  -6.69764401e+00  -9.69154321e+00 
 -1.36300585e+00  -8.90667124e+00  -8.71033239e+00 
 -2.67056810e+00  -1.12374815e+01  -3.39095092e+00 
 -1.52548351e+00  -7.74325745e+00  -4.41131235e+00 
  2.29188666e+00  -7.37496741e+00  -4.74455751e+00 
  3.69598302e+00  -4.00165110e+00  -3.81830155e+00 
  7.08321556e+00  -2.38253323e+00  -3.41464281e+00 
  8.63356844e+00  -3.00994238e+00   3.75727978e-02 
  9.74790906e+00  -6.55758899e-02   2.24428993e+00 
  1.24297836e+01  -2.03901534e+00   4.00262292e+00 
  8.97512174e+00  -4.31094336e-02   7.98858491e+00 
  6.70357229e+00   2.51863056e+00   9.65978572e+00 
  6.25606569e+00   1.38478485e+01   1.16651597e+00 
 -7.90643673e+00   1.23800611e+01   2.64730542e+00 
 -5.65440190e+00   1.03353695e+01   4.89404597e+00 
 -2.38152463e+00   1.21354596e+01   5.15500415e+00 
 -9.15467911e-01   1.09991453e+01   8.45165349e+00 
  9.43046170e-01   6.36293783e+00   1.02797235e+01 
  6.39902616e-01   6.14760770e+00   6.48194331e+00 
  4.27747321e+00   7.01134448e+00   5.78423275e+00 
  7.00550207e+00   4.40012107e+00   5.44945295e+00 
  1.07690404e+01   4.34696524e+00   5.30025888e+00 
  1.26403035e+01   2.81581356e+00   2.32914535e+00 
  1.02562254e+01   8.14180389e+00   2.98573217e+00 
  7.23777289e+00   7.19276243e+00   8.84726377e-01 
  3.53253945e+00   7.51244302e+00   1.10698417e+00 
  2.41364049e+00   4.05229008e+00   2.07308695e+00 
 -5.74492440e-02   2.74675716e+00   6.51326612e-01 
 -3.74665892e+00   4.56937612e+00   1.59523092e-01 
 -6.61731520e+00   1.69234316e+00   8.93734809e-01 
 -4.10300665e+00   5.98572747e-01   4.16833065e+00 
 -4.17388799e+00   4.21647034e+00   4.71356270e+00 
 -7.99887372e+00   4.35373484e+00   4.89367350e+00 

   5.413749112926e+01 

 -3.87024423e+00   3.75366368e+00  -3.30740192e-01 
 -2.61119272e+00   3.57720493e+00  -1.16490736e-01 
 -1.84034935e+00   4.44813872e+00   4.70325565e-01 
 -2.46158004e+00   5.60126604e+00   7.64909368e-01 
 -3.78220950e+00   5.80342018e+00   4.98191669e-01 
 -4.47990082e+00   4.86416907e+00  -4.40938694e-02 
 -1.50615341e+00   6.56743423e+00   8.07779599e-01 
 -8.34457946e-01   4.95817311e+00  -3.14857702e-01 
 -1.24634910e+00   6.16887110e+00  -4.22113290e-01 
  1.86415562e+00   2.84662960e+00  -1.14626672e-01 
  1.56571249e+00   3.14671898e+00   1.28991858e+00 
  1.96884082e+00   4.39054596e+00   1.27465664e+00 
  1.45781112e+00   5.04914943e+00   1.52614999e-01 
  3.89226758e-01   4.55415257e+00  -5.04868780e-01 
  1.13429909e+00   3.59635703e+00  -1.08360787e+00 
  2.09227558e+00  -4.15341046e-01   1.45284371e-01 
  7.94002490e-01  -4.30526140e-01  -1.12838170e-01 
  4.67251324e-01  -1.75463668e+00  -2.38835645e-01 
  1.54699460e+00  -2.50607660e+00  -5.59854152e-01 
  2.49104686e+00  -1.61711645e+00  -2.77307518e-01 
  1.99055409e+00  -3.95058076e+00  -4.54377424e-01 
  2.56698116e+00   1.00491269e-01   1.34891896e+00 
  3.43338926e+00   9.06214537e-01   1.87757951e+00 
  4.18006056e+00   2.05479608e-01   2.86577417e+00 
  3.93058526e+00  -1.18318080e+00   3.03506359e+00 
  2.53935719e+00  -1.20625115e+00   3.23633415e+00 
  1.85809786e+00  -1.85693932e-01   2.47067717e+00 
  4.64460764e+00  -1.55453810e+00   4.26906863e+00 
 -2.06914050e-02   1.09132891e-01   8.74831269e-01 
  1.54967606e-02   1.37892305e+00   1.22261741e+00 
 -3.90979118e-01   1.75111998e+00   1.27462696e-01 
  5.19083815e-01   2.41671868e+00   1.96475444e+00 
  1.70303525e+00  -4.54627539e+00  -1.73058494e+00 
  1.76320289e+00  -4.15459489e+00   9.36726789e-01 
  3.47219771e+00  -4.20529325e+00  -4.26147128e-01 
 -4.17874896e+00   7.06128600e+00   1.10861711e-01 
 -9.51471328e-01   1.14713375e+01   4.31830753e+00 
  2.75686997e+00   1.06954811e+01   3.90949285e+00 
  5.91754919e+00   9.03643009e+00   5.20277243e+00 
  6.79587038e+00   5.44109872e+00   4.58732258e+00 
  1.00649987e+01   3.64121098e+00   4.76404039e+00 
  8.95555206e+00   2.25752142e+00   8.21215169e+00 
  6.86357550e+00   5.15843338e+00   9.44460135e+00 
  4.00974126e+00   7.58679557e+00   8.88443531e+00 
  1.01366890e+00   6.71590605e+00   6.76123294e+00 
 -5.78123012e+00   8.11868448e+00   6.49903077e+00 
 -8.70254512e+00   3.39251203e+00   5.11320362e+00 
 -4.94684558e+00   4.08594179e+00   4.83335181e+00 
 -2.93794022e+00   3.00297070e+00   7.87484790e+00 
  6.99667023e-01   2.27171862e+00   7.59694125e+00 
  2.49119897e+00   2.44920394e+00   1.08181970e+01 
  5.90106054e+00   1.20532947e+00   1.18879502e+01 
  7.01917717e+00  -4.70120839e+00   7.55320095e+00 
  4.68154683e+00  -6.36526915e+00   2.77468072e+00 
  9.03899542e-01  -7.19373013e+00   3.83422508e+00 
  1.17184478e+00  -1.07296159e+01   2.49852058e+00 
  2.46233904e+00  -9.33668288e+00  -8.37080988e-01 
 -8.57185951e-01  -7.43934427e+00  -1.36717505e+00 
 -2.96580900e+00  -1.02303946e+01  -1.38413677e-01 
 -1.80028533e+00  -1.20485604e+01  -3.32606068e+00 
 -3.51646918e+00  -9.54055033e+00  -5.61938324e+00 
 -7.16001253e+00  -8.75143584e+00  -6.34425583e+00 
 -7.75505479e+00  -6.08993614e+00  -8.96485175e+00 
 -6.97847702e+00  -7.98911534e-01  -9.94167809e+00 
 -4.68791361e+00  -2.05999927e+00  -7.37074824e+00 
 -5.31463151e+00  -9.58644636e-01  -3.75296364e+00 
 -6.67156081e+00  -3.74127164e+00  -1.52947610e+00 
 -5.36651821e+00  -5.05976665e+00   1.83240496e+00 
 -8.14725254e+00  -4.73916589e+00   4.41309482e+00 
 -6.14213899e+00  -6.24220937e+00   7.29799048e+00 
 -3.36909159e+00  -6.02775123e+00   9.90063721e+00 
 -3.10989515e-01  -1.25212299e+00   1.17116023e+01 
 -1.30903512e+00  -2.44737150e+00   8.22774886e+00 
 -4.84417761e+00  -1.37085382e+00   7.14941406e+00 
 -5.29380351e+00  -6.86751555e-01   3.46993124e+00 
 -7.97601674e+00   6.36751168e-01   1.16517968e+00 
 -8.04212881e+00   4.46865887e+00   1.00023614e+00 
 -7.76100606e+00   6.28498172e+00  -2.37654077e+00 
 -9.71796353e+00   9.29264061e+00  -1.23501730e+00 
 -4.70577317e+00   1.11690669e+01  -3.01355896e+00 
 -1.63703828e+00   1.12920881e+01  -5.26813518e+00 
 -3.24232412e+00   1.15626894e+00  -1.50341673e+01 
  9.96015475e+00  -2.59653383e+00  -1.09678762e+01 
  8.58222998e+00   7.02768434e-01  -9.73650507e+00 
  5.96827973e+00   1.81724489e+00  -1.21748127e+01 
  5.84836682e+00   5.58016839e+00  -1.18081115e+01 
  4.31735477e+00   8.87880409e+00  -7.92669674e+00 
  3.00631401e+00   5.38083552e+00  -7.14771397e+00 
 -4.51525252e-01   5.95944552e+00  -8.62191598e+00 
 -3.39098861e+00   7.22585924e+00  -6.59008215e+00 
 -6.85687476e+00   8.53363629e+00  -7.27328483e+00 
 -9.96314391e+00   6.87605838e+00  -5.76428152e+00 
 -6.84951410e+00   5.47901125e+00  -1.05428533e+01 
 -5.10893976e+00   2.62819888e+00  -8.73475553e+00 
 -1.63111849e+00   1.35434618e+00  -8.33168420e+00 
 -6.74554385e-01   2.50369397e+00  -4.87886558e+00 
  8.03964750e-01   5.46374549e-01  -2.92567036e+00 
  4.16988214e+00  -1.67111267e+00  -3.88860404e+00 
  6.68867873e+00  -1.51582548e+00  -6.19271945e-01 
  5.61888064e+00   2.61727172e+00  -5.01131205e-01 
  6.37649615e+00   2.34684445e+00  -4.07107493e+00 
  9.92144553e+00   1.02649075e+00  -3.46128755e+00 

   5.413749137041e+01 

 -1.26932360e+00  -5.06704597e+00  -1.31604489e+00 
 -7.46053620e-01  -4.40554461e+00  -3.40924933e-01 
 -9.27739424e-02  -4.95117034e+00   6.45276405e-01 
 -8.10155057e-02  -6.29299942e+00   6.03169205e-01 
 -6.72282535e-01  -6.99313098e+00  -4.04936123e-01 
 -1.25783139e+00  -6.36486868e+00  -1.36694529e+00 
  8.01652813e-02  -6.72904971e+00   1.88068549e+00 
 -6.69353636e-01  -4.79528890e+00   1.88290514e+00 
 -1.00251246e+00  -6.01302369e+00   2.11328550e+00 
  3.91667943e-01  -1.80719533e+00   3.19696343e+00 
  1.64464389e+00  -2.48994550e+00   2.85671115e+00 
  1.58902253e+00  -3.39880803e+00   3.79518188e+00 
  3.12987281e-01  -3.96765454e+00   3.84028326e+00 
 -5.19896463e-01  -3.86681033e+00   2.78419912e+00 
 -7.98173515e-01  -2.58314026e+00   3.07089752e+00 
  1.05315516e+00   1.09373883e+00   1.81600251e+00 
  4.99220112e-01   5.91817155e-01   7.23477181e-01 
  4.45250827e-01   1.63349264e+00  -1.64172845e-01 
  4.72216788e-01   2.82998687e+00   4.69263086e-01 
  8.70606901e-01   2.40712599e+00   1.66248998e+00 
  8.36682212e-01   4.26656829e+00   1.56429670e-01 
  2.27097638e+00   6.02094298e-01   2.28005671e+00 
  2.89778647e+00   1.67357833e-01   3.32764970e+00 
  4.10479563e+00   9.03823794e-01   3.48834866e+00 
  4.36123761e+00   1.97496300e+00   2.59047829e+00 
  4.22981659e+00   1.34457371e+00   1.34071988e+00 
  3.21815512e+00   3.10993320e-01   1.35222343e+00 
  5.76187353e+00   2.35823163e+00   2.83913006e+00 
  1.20165148e+00  -4.40689924e-01   1.14410791e-01 
  1.40716411e+00  -1.60774687e+00   6.89192883e-01 
  2.13081398e-01  -1.88572312e+00   6.85721763e-01 
  2.12911086e+00  -2.44841887e+00   1.49755603e+00 
 -3.98319059e-01   4.92504893e+00  -1.71301832e-01 
  2.14855716e+00   4.05885179e+00  -3.57689019e-01 
  1.24148783e+00   5.13232160e+00   1.31726991e+00 
 -1.27740209e+00  -8.18770392e+00  -9.45813667e-02 
  3.06455360e+00  -1.15012188e+01   4.11665776e+00 
  3.62969022e+00  -9.11441536e+00   7.03293415e+00 
  5.80569753e+00  -6.54528119e+00   8.78777134e+00 
  5.81182885e+00  -2.88753987e+00   7.95259917e+00 
  6.95068727e+00   8.24440907e-02   9.91224841e+00 
  1.01696603e+01   9.69633959e-02   7.75054922e+00 
  1.05488503e+01  -3.61159969e+00   7.10761118e+00 
  9.06900966e+00  -6.87072423e+00   5.86532582e+00 
  6.40712789e+00  -6.98273810e+00   3.19236471e+00 
  4.39718702e+00  -1.11312296e+01  -1.99968124e+00 
  2.88651995e+00  -7.98863864e+00  -6.54207106e+00 
  3.42669048e+00  -6.89348592e+00  -2.91256678e+00 
  6.95598284e+00  -5.69305931e+00  -2.16269953e+00 
  7.62595434e+00  -3.40323956e+00   6.92471719e-01 
  1.11396977e+01  -3.43808679e+00   1.81940145e+00 
  1.31132708e+01  -1.07712042e+00   4.02158120e+00 
  9.83740049e+00   5.47473402e+00   2.89494855e+00 
  4.85367454e+00   6.89237156e+00   8.40522919e-01 
  5.07595506e+00   5.74508651e+00  -2.99534968e+00 
  4.23608629e+00   9.23201600e+00  -4.21777939e+00 
  1.16746235e+00   9.26548743e+00  -1.91250360e+00 
 -3.35159990e-01   6.26098617e+00  -3.81388173e+00 
  6.58953924e-01   7.52706197e+00  -7.15377628e+00 
 -1.94516249e+00   1.02854308e+01  -6.49404574e+00 
 -4.83878204e+00   7.81188514e+00  -6.43690061e+00 
 -6.48475554e+00   5.67550035e+00  -9.11088151e+00 
 -9.44661929e+00   3.62593648e+00  -7.95683159e+00 
 -1.07851575e+01  -4.63039529e-01  -4.63406189e+00 
 -7.62429972e+00   1.11355644e+00  -3.64916182e+00 
 -4.39932346e+00  -8.70264895e-01  -4.24757583e+00 
 -2.26825883e+00   5.12534143e-01  -7.08915911e+00 
  1.43006126e+00   1.54487497e+00  -7.11177204e+00 
  3.23072938e+00  -4.85016469e-01  -9.78241817e+00 
  6.65385059e+00   1.11363780e+00  -9.20901641e+00 
  9.79783305e+00   1.60365357e+00  -7.11502173e+00 
  1.17458775e+01  -1.60994836e+00  -2.49808669e+00 
  8.27710091e+00  -2.82911184e-01  -3.37473421e+00 
  6.28398121e+00  -2.55050283e+00  -5.76312797e+00 
  2.55020876e+00  -2.58770210e+00  -5.24706891e+00 
 -4.52871786e-01  -4.44524817e+00  -6.58454386e+00 
 -1.04675722e+00  -7.79358770e+00  -4.80943338e+00 
 -4.43961574e+00  -8.56406977e+00  -3.17372254e+00 
 -4.12803546e+00  -1.22881949e+01  -3.63478355e+00 
 -4.86785342e+00  -1.13693220e+01   1.88015714e+00 
 -6.33418159e+00  -9.66877326e+00   4.95804614e+00 
 -1.50346020e+01   5.11236594e-01   3.36655961e-01 
 -7.58252528e+00   8.73763148e+00   9.37638297e+00 
 -7.07944854e+00   4.99327454e+00   9.54088420e+00 
 -1.01725241e+01   3.37606378e+00   8.18528464e+00 
 -1.02582114e+01  -4.50321774e-02   9.79686893e+00 
 -7.23233105e+00  -4.40199399e+00   9.40788209e+00 
 -6.40701336e+00  -2.07538477e+00   6.49804284e+00 
 -8.70969144e+00  -3.79181471e+00   4.00480155e+00 
 -7.57987270e+00  -6.60578530e+00   1.72935203e+00 
 -9.20040315e+00  -9.12687220e+00  -5.52624927e-01 
 -8.29504562e+00  -9.34726804e+00  -4.26817499e+00 
 -1.20217038e+01  -5.77662950e+00  -1.46750681e+00 
 -9.55337174e+00  -2.89240820e+00  -1.58811569e+00 
 -8.20422556e+00  -3.38050687e-01   7.64643204e-01 
 -4.77018476e+00  -1.63668602e+00   1.58858938e+00 
 -2.32128800e+00   3.20983730e-01   1.63879815e+00 
 -2.21436126e+00   3.93367341e+00   3.66634374e+00 
  1.51984345e+00   4.22675201e+00   5.40611964e+00 
  9.29528973e-01   1.17062326e-01   6.40755456e+00 
 -2.30922828e+00   1.42116806e+00   7.50362693e+00 
 -7.39554923e-01   4.00300774e+00   9.85990921e+00 

   5.413749135267e+01 

  3.26317297e+00   2.56392049e+00   1.14767959e+00 
  2.14240248e+00   2.19346799e+00   1.66622426e+00 
  1.72589378e+00   2.55934096e+00   2.84509383e+00 
  2.53969094e+00   3.43759647e+00   3.45239219e+00 
  3.70286725e+00   3.86256460e+00   2.88450812e+00 
  4.05852466e+00   3.40915349e+00   1.73083396e+00 
  1.77570877e+00   4.15234676e+00   4.32050509e+00 
  5.78167388e-01   3.31510496e+00   2.84872438e+00 
  1.06575775e+00   4.43393688e+00   3.24548825e+00 
 -2.11379051e+00   1.18569738e+00   2.86276173e+00 
 -1.31937281e+00   7.32685255e-01   4.00973631e+00 
 -1.55620682e+00   1.76111827e+00   4.78180590e+00 
 -1.38801876e+00   2.94999307e+00   4.06614297e+00 
 -6.74573815e-01   2.96573438e+00   2.92162207e+00 
 -1.67857344e+00   2.39088126e+00   2.23680379e+00 
 -2.61556580e+00  -1.73734325e+00   1.46129337e+00 
 -1.49548706e+00  -1.50318848e+00   7.95737790e-01 
 -1.38757560e+00  -2.53258555e+00  -1.01269263e-01 
 -2.59131568e+00  -3.09586159e+00  -3.60675808e-01 
 -3.27149511e+00  -2.57079327e+00   6.50748556e-01 
 -3.13614642e+00  -4.41487074e+00  -8.68451877e-01 
 -2.58576272e+00  -1.96924674e+00   2.83442795e+00 
 -3.11885407e+00  -1.63659784e+00   3.96778123e+00 
 -3.55748425e+00  -2.81169907e+00   4.63995513e+00 
 -3.42788934e+00  -4.05672765e+00   3.96736289e+00 
 -2.06461226e+00  -4.06111463e+00   3.62382989e+00 
 -1.57361102e+00  -2.73651915e+00   3.31359257e+00 
 -3.71363572e+00  -5.07790961e+00   4.99012410e+00 
 -3.34903890e-01  -1.49062083e+00   1.55950619e+00 
 -1.02219450e-01  -5.98006418e-01   2.49957558e+00 
 -5.54893177e-02   3.24792946e-01   1.69373849e+00 
 -1.96999006e-01  -1.48568687e-01   3.79201727e+00 
 -3.37461834e+00  -4.22901617e+00  -2.27373334e+00 
 -2.47104145e+00  -5.29470824e+00   3.26584340e-02 
 -4.53724899e+00  -4.77383839e+00  -4.57351376e-01 
  4.08562253e+00   5.16633179e+00   3.09230906e+00 
  3.03038138e+00   6.43195320e+00   9.78941002e+00 
 -6.56779657e-01   5.66652489e+00   1.03723677e+01 
 -3.35239916e+00   3.31031511e+00   1.16360251e+01 
 -4.79899682e+00   5.05307793e-01   9.60724741e+00 
 -7.99474039e+00  -1.39672874e+00   9.96431229e+00 
 -5.93906631e+00  -4.27530559e+00   1.15526869e+01 
 -3.23008128e+00  -2.27672424e+00   1.32782756e+01 
 -4.80052074e-01   3.22858852e-01   1.30922373e+01 
  1.48434157e+00   9.51689339e-01   9.93175973e+00 
  7.89163287e+00   2.86628657e+00   8.06411023e+00 
  9.59208154e+00  -1.67377000e-01   3.51475191e+00 
  6.07532247e+00   2.42364115e-01   4.97384358e+00 
  5.11942403e+00  -2.43836489e+00   7.49558294e+00 
  1.54824188e+00  -3.22819101e+00   8.17895359e+00 
  1.00273728e+00  -4.91456546e+00   1.14156402e+01 
 -1.95365869e+00  -6.82334625e+00   1.28066946e+01 
 -5.16653380e+00  -9.66788591e+00   6.76405989e+00 
 -4.81802763e+00  -8.38240548e+00   1.35167312e+00 
 -1.02922639e+00  -9.31195382e+00   4.24023590e-01 
 -2.14677432e+00  -1.16376478e+01  -2.35097551e+00 
 -4.33159561e+00  -8.82563258e+00  -3.78310533e+00 
 -1.19868867e+00  -6.65203100e+00  -4.38351341e+00 
  8.64624578e-01  -9.47939312e+00  -5.60616129e+00 
 -1.52527743e+00  -9.45826776e+00  -8.62496598e+00 
 -4.20616487e-01  -5.98446014e+00  -9.72365143e+00 
  2.81910909e+00  -4.62140108e+00  -1.11623315e+01 
  2.78421612e+00  -9.43408345e-01  -1.20434272e+01 
  2.33889411e+00   3.98865877e+00  -9.80097394e+00 
  9.38484192e-01   1.37817187e+00  -7.63974217e+00 
  2.89040684e+00   4.77678513e-01  -4.46590606e+00 
  4.59486961e+00  -2.92695089e+00  -4.64328652e+00 
  4.37765076e+00  -5.91394806e+00  -2.24027588e+00 
  7.89166787e+00  -6.74908202e+00  -1.03634091e+00 
  6.83692630e+00  -9.70411845e+00   1.14483357e+00 
  5.16866834e+00  -1.11209654e+01   4.26236722e+00 
  3.49214761e+00  -8.27916452e+00   9.21733006e+00 
  3.08992213e+00  -7.38779027e+00   5.52875063e+00 
  6.14076638e+00  -5.60568810e+00   4.00054932e+00 
  5.37812127e+00  -3.06505474e+00   1.32243368e+00 
  7.24211165e+00  -5.06741149e-01  -7.36298950e-01 
  7.69148357e+00   2.83626257e+00   1.09057816e+00 
  6.48262141e+00   6.11627395e+00  -5.09687910e-01 
  9.04694713e+00   8.24123166e+00   1.24745596e+00 
  3.98231524e+00   1.03286191e+01   2.58856189e+00 
  3.63017312e-01   1.13449508e+01   1.96958792e+00 
 -2.66286064e+00   7.98365708e+00  -1.14554978e+01 
 -1.40122311e+01   1.53478247e+00  -5.57948727e+00 
 -1.19230983e+01   3.81020062e+00  -3.39812636e+00 
 -1.01927557e+01   6.25500426e+00  -5.64512180e+00 
 -9.51900894e+00   9.26651957e+00  -3.45759275e+00 
 -6.37895049e+00   1.01708223e+01   7.39150131e-01 
 -5.29530023e+00   6.90958107e+00  -9.19595872e-01 
 -2.50993072e+00   8.46926478e+00  -2.98691957e+00 
  1.07360421e+00   8.73692269e+00  -1.77892637e+00 
  4.22212330e+00   1.05029184e+01  -2.85479359e+00 
  7.44295675e+00   8.57716729e+00  -3.62374331e+00 
  2.74048262e+00   9.61789268e+00  -6.98302911e+00 
  1.40702912e+00   6.10449955e+00  -6.43173622e+00 
 -1.84469806e+00   4.51253358e+00  -5.55292178e+00 
 -1.41976192e+00   3.60200744e+00  -1.92685807e+00 
 -2.35559010e+00   7.93584816e-01  -8.92895611e-01 
 -6.08059318e+00  -8.76031994e-01  -1.60747930e+00 
 -7.29018446e+00  -2.66922700e+00   1.91080711e+00 
 -5.77318270e+00   8.68281249e-01   3.76166107e+00 
 -7.73440091e+00   2.43747096e+00   1.10029357e+00 
 -1.09832502e+01   6.92304659e-01   2.14010960e+00 

   5.413749135268e+01 

 -3.38074491e+00   3.05864670e-01  -2.48780257e+00 
 -2.19746565e+00  -1.43773675e-01  -2.24296969e+00 
 -1.69221201e+00  -1.21054280e+00  -2.79412984e+00 
 -2.49190053e+00  -1.76653679e+00  -3.71814006e+00 
 -3.72500030e+00  -1.26493310e+00  -4.00783900e+00 
 -4.16259657e+00  -2.29184335e-01  -3.37634419e+00 
 -1.68966806e+00  -2.44268076e+00  -4.58262681e+00 
 -5.92378817e-01  -9.90722623e-01  -3.58816717e+00 
 -1.10084388e+00  -1.27227551e+00  -4.73234894e+00 
  2.20143499e+00  -1.03368327e+00  -1.59466513e+00 
  1.54481063e+00  -2.30780522e+00  -1.28264904e+00 
  1.79678015e+00  -2.89829712e+00  -2.42182934e+00 
  1.49699680e+00  -2.04207272e+00  -3.48526173e+00 
  6.78912959e-01  -9.85102790e-01  -3.30432415e+00 
  1.64373988e+00  -2.90551431e-01  -2.67652476e+00 
  2.72797213e+00  -1.70785015e-02   1.47932362e+00 
  1.53895926e+00   5.58029093e-01   1.39076513e+00 
  1.40335892e+00   1.28444521e+00   2.54394685e+00 
  2.60628208e+00   1.58197094e+00   3.08986125e+00 
  3.34912635e+00   7.29375356e-01   2.39521736e+00 
  3.17215083e+00   1.95024710e+00   4.44583410e+00 
  2.84064396e+00  -1.40512876e+00   1.50866342e+00 
  3.45929741e+00  -2.41998077e+00   9.92310527e-01 
  4.02312001e+00  -3.20399996e+00   2.03753165e+00 
  3.89896715e+00  -2.73130602e+00   3.37185211e+00 
  2.51164167e+00  -2.53176324e+00   3.48175171e+00 
  1.92177975e+00  -2.08825685e+00   2.23788845e+00 
  4.33546695e+00  -3.85418959e+00   4.21984441e+00 
  4.56720071e-01  -3.09893226e-01   1.31354948e+00 
  2.65243321e-01  -1.13261946e+00   3.03055318e-01 
  9.22175649e-02  -2.13057559e-01  -4.89148902e-01 
  4.56856878e-01  -2.33199801e+00  -3.34252301e-01 
  3.26643356e+00   3.38453035e+00   4.45823918e+00 
  2.64419185e+00   8.70859003e-01   5.21047045e+00 
  4.62331671e+00   1.63641891e+00   4.68365244e+00 
 -4.15718520e+00  -1.32350229e+00  -5.31141321e+00 
 -2.54545307e+00  -7.63188471e+00  -7.58584842e+00 
  1.21661890e+00  -7.94090218e+00  -7.06412063e+00 
  4.14440253e+00  -9.24612635e+00  -5.02957033e+00 
  5.54443780e+00  -7.49941210e+00  -2.01866188e+00 
  8.85892844e+00  -7.79687631e+00  -3.20532183e-01 
  7.12302553e+00  -9.97720872e+00   2.37534102e+00 
  4.48367518e+00  -1.16675672e+01   2.57072037e-01 
  1.59018973e+00  -1.13945006e+01  -2.17362978e+00 
 -6.95196365e-01  -8.39224113e+00  -2.25271458e+00 
 -7.34532024e+00  -6.93085823e+00  -3.61190294e+00 
 -9.29892528e+00  -3.05333071e+00   1.21677976e-01 
 -5.68790165e+00  -4.07577217e+00  -6.39500005e-01 
 -4.35292573e+00  -6.84207141e+00   1.60206520e+00 
 -6.95310895e-01  -7.26515756e+00   2.13791218e+00 
  2.44731292e-01  -1.06361037e+01   3.30860586e+00 
  3.41926056e+00  -1.19769465e+01   4.87169087e+00 
  6.19834638e+00  -6.10442942e+00   8.43787027e+00 
  5.27071877e+00  -6.27924827e-01   7.97402548e+00 
  1.46787757e+00  -2.30033350e-01   9.18219750e+00 
  2.44415859e+00   2.28609555e+00   1.18419512e+01 
  4.32681021e+00   4.31623001e+00   9.18375920e+00 
  1.03695268e+00   4.89816196e+00   7.25030606e+00 
 -9.74648828e-01   5.49234231e+00   1.03075068e+01 
  1.11490595e+00   8.71008290e+00   1.06318333e+01 
 -2.77037386e-01   1.01724300e+01   7.40403131e+00 
 -3.70782893e+00   1.14541139e+01   6.39878873e+00 
 -3.95766170e+00   1.28465839e+01   2.89111689e+00 
 -3.57336271e+00   1.13826152e+01  -2.33011017e+00 
 -1.83440944e+00   9.02629267e+00  -1.23182246e-01 
 -3.42582218e+00   5.57561664e+00   3.81183299e-01 
 -4.95045679e+00   5.09504030e+00   3.84133828e+00 
 -4.34421664e+00   2.32741181e+00   6.43294810e+00 
 -7.67789438e+00   6.67533751e-01   7.22450505e+00 
 -6.26181121e+00  -1.79227870e+00   9.78306649e+00 
 -4.23171072e+00  -4.89395906e+00   1.06593164e+01 
 -2.25311965e+00  -9.20050505e+00   7.05694859e+00 
 -2.25020351e+00  -5.40124323e+00   6.69979676e+00 
 -5.52464081e+00  -3.95288584e+00   5.28582232e+00 
 -5.15840917e+00  -8.78360597e-01   3.13596861e+00 
 -7.34563666e+00   1.32267092e+00   9.84382874e-01 
 -7.80292239e+00  -4.79454548e-02  -2.56911350e+00 
 -6.93189831e+00   2.11522270e+00  -5.62569332e+00 
 -9.43137814e+00   4.26366135e-01  -7.87936184e+00 
 -4.38468408e+00  -8.52855150e-02  -1.03441766e+01 
 -9.01059626e-01   1.03492957e+00  -1.14047601e+01 
  1.02365501e+00   1.40847989e+01  -6.23915771e+00 
  1.32129133e+01   8.53432667e+00  -1.18566324e+00 
  1.12175718e+01   6.49720111e+00  -3.66941143e+00 
  9.15164179e+00   8.88106874e+00  -5.68665119e+00 
  8.52351554e+00   7.08560067e+00  -8.95623565e+00 
  5.74880270e+00   2.76311854e+00  -1.03373397e+01 
  4.69359721e+00   3.82446203e+00  -6.82714137e+00 
  1.64435245e+00   5.79908131e+00  -7.95308132e+00 
 -1.81843240e+00   4.28445683e+00  -8.24927784e+00 
 -5.14636188e+00   5.27523304e+00  -9.70960707e+00 
 -8.31511762e+00   5.43317500e+00  -7.56307344e+00 
 -4.01476358e+00   9.36498380e+00  -8.29036626e+00 
 -2.44488953e+00   8.45921835e+00  -4.95254575e+00 
  9.57514679e-01   7.69760935e+00  -3.63955404e+00 
  9.27196921e-01   3.95489661e+00  -3.25338553e+00 
  2.10877241e+00   2.63347898e+00  -6.66913218e-01 
  5.83551951e+00   3.47784097e+00   9.36980613e-01 
  7.46812873e+00  -1.18272473e-01   2.14511986e+00 
  5.94120079e+00  -1.59308543e+00  -1.56088439e+00 
  7.55360663e+00   1.44866864e+00  -2.80159909e+00 
  1.09767428e+01   5.06527964e-01  -1.36065797e+00 

   5.413749115094e+01 

 -2.47969994e+00   3.86172937e+00  -7.33109807e-01 
 -2.14490769e+00   2.63387989e+00  -9.39360553e-01 
 -1.81409236e+00   2.15200534e+00  -2.10358651e+00 
 -1.77038407e+00   3.07831853e+00  -3.07439755e+00 
 -2.08198851e+00   4.38475903e+00  -2.84607673e+00 
 -2.44509938e+00   4.76290172e+00  -1.66785966e+00 
 -9.01805428e-01   2.62517216e+00  -4.01696647e+00 
 -5.19980935e-01   1.69995633e+00  -2.20053332e+00 
 -5.15693044e-02   2.57873613e+00  -3.01003073e+00 
 -4.35415147e-01  -1.56157014e+00  -1.13451363e+00 
 -1.48126304e+00  -1.56989977e+00  -2.16310160e+00 
 -6.90941081e-01  -1.41337796e+00  -3.19302419e+00 
  2.28232493e-01  -3.90121672e-01  -2.94418237e+00 
 -7.34143585e-03   5.22995175e-01  -1.97987551e+00 
  3.11936860e-01  -3.53249256e-01  -1.01152775e+00 
 -2.08122496e+00  -3.15290877e+00   1.21474427e+00 
 -2.49261480e+00  -1.95626247e+00   1.60358204e+00 
 -3.18037257e+00  -2.17262316e+00   2.76811135e+00 
 -2.80160551e+00  -3.32843621e+00   3.36322704e+00 
 -2.15462871e+00  -3.86952236e+00   2.33855493e+00 
 -3.36560309e+00  -4.32893448e+00   4.35085625e+00 
 -2.51793859e+00  -3.69175127e+00   6.83327126e-03 
 -2.13068939e+00  -4.26717767e+00  -1.08781897e+00 
 -2.86131555e+00  -5.47564421e+00  -1.26349485e+00 
 -3.76536871e+00  -5.86741924e+00  -2.39555807e-01 
 -4.56727892e+00  -4.72049168e+00  -1.05188664e-01 
 -3.82061034e+00  -3.50130603e+00  -3.24145286e-01 
 -4.53800107e+00  -6.98228793e+00  -8.14562771e-01 
 -3.34960997e+00  -1.30211940e+00   7.27151458e-01 
 -2.98757348e+00  -9.16199417e-01  -4.78924133e-01 
 -2.17705855e+00  -1.07413939e-01  -4.06955072e-02 
 -2.81644647e+00  -1.14081582e+00  -1.82117282e+00 
 -2.82659493e+00  -3.96529483e+00   5.63282021e+00 
 -4.60912810e+00  -4.59957600e+00   3.71140882e+00 
 -2.82637586e+00  -5.73075558e+00   4.27970057e+00 
 -1.37444828e+00   5.34698911e+00  -3.52649706e+00 
 -9.35764548e-01   3.15260766e+00  -1.00502439e+01 
  7.06683262e-01  -2.78951631e-01  -9.83193717e+00 
  4.01301142e-01  -4.06327058e+00  -9.85572490e+00 
 -4.48895939e-01  -6.11311712e+00  -6.83051162e+00 
  6.44820974e-02  -9.73905062e+00  -6.09082809e+00 
 -3.68798600e+00  -1.02895492e+01  -6.89757274e+00 
 -4.18955184e+00  -7.63463981e+00  -9.54530489e+00 
 -3.92489117e+00  -4.00970981e+00  -1.06153219e+01 
 -4.12930481e+00  -1.16258755e+00  -8.14651322e+00 
 -6.39057708e+00   5.39818610e+00  -7.92307777e+00 
 -8.95190926e+00   6.41487183e+00  -2.90340660e+00 
 -6.68327731e+00   3.50103263e+00  -3.91697839e+00 
 -8.55286833e+00   4.68224280e-01  -5.24585226e+00 
 -7.01970545e+00  -2.91997299e+00  -5.12907841e+00 
 -8.52257961e+00  -5.30307825e+00  -7.51230819e+00 
 -8.34785158e+00  -9.07441083e+00  -7.76794044e+00 
 -7.40542321e+00  -1.12364906e+01  -7.41959859e-01 
 -5.69701702e+00  -8.54717633e+00   3.83152325e+00 
 -8.62397166e+00  -5.88527410e+00   4.48487383e+00 
 -9.18739084e+00  -7.17935872e+00   8.00144742e+00 
 -5.43143509e+00  -6.81409817e+00   8.70233801e+00 
 -5.65691605e+00  -3.00673064e+00   8.10797540e+00 
 -8.87881294e+00  -2.64041958e+00   9.90555757e+00 
 -6.82306380e+00  -3.50719634e+00   1.30436800e+01 
 -4.69915208e+00  -3.60199295e-01   1.27605724e+01 
 -5.45658629e+00   3.33491980e+00   1.32032630e+01 
 -2.49848689e+00   5.65807386e+00   1.28060417e+01 
  1.11445331e+00   7.39440767e+00   9.13398674e+00 
 -3.58143622e-01   4.17468700e+00   8.17923485e+00 
 -2.82999206e+00   4.16247540e+00   5.24940165e+00 
 -6.44678582e+00   3.60118934e+00   6.31333974e+00 
 -8.99251126e+00   9.97353260e-01   5.09549818e+00 
 -1.20515146e+01   2.83363326e+00   3.76666764e+00 
 -1.40059759e+01  -3.22469812e-01   2.86039976e+00 
 -1.45763581e+01  -3.37406076e+00   6.53136469e-01 
 -1.22468007e+01  -4.60790393e+00  -4.68438100e+00 
 -1.06677014e+01  -3.25526069e+00  -1.48457346e+00 
 -1.09734854e+01   5.59845568e-01  -1.07182008e+00 
 -8.09895351e+00   2.24972615e+00   6.86058216e-01 
 -6.97611644e+00   5.76207236e+00   1.49875606e+00 
 -5.05496058e+00   7.41662418e+00  -1.37990649e+00 
 -1.53068357e+00   8.84414366e+00  -8.12215044e-01 
 -1.85109860e+00   1.14498749e+01  -3.51151644e+00 
  2.68225190e+00   8.33612239e+00  -4.76032428e+00 
  5.84123964e+00   6.33798037e+00  -4.02301918e+00 
  7.57955948e+00   6.34407012e+00   1.00363404e+01 
  8.81993152e+00  -7.80651976e+00   8.26260064e+00 
  8.83782489e+00  -5.61215678e+00   5.18285872e+00 
  9.99235787e+00  -2.20683655e+00   6.22735771e+00 
  1.14577646e+01  -6.80888125e-01   3.09167575e+00 
  9.42063386e+00   9.11089216e-01  -1.55656928e+00 
  6.56529394e+00   4.21144556e-01   9.27064446e-01 
  6.35396152e+00   4.07722366e+00   1.95330781e+00 
  4.08409052e+00   6.58701239e+00   2.44130216e-01 
  3.62464639e+00   1.03257274e+01   2.26806047e-01 
  2.74565230e-01   1.19423048e+01   1.14178612e+00 
  4.61892112e+00   9.99023320e+00   4.57648290e+00 
  2.70601347e+00   6.81788774e+00   5.41491689e+00 
  3.39689459e+00   3.16024806e+00   5.57236330e+00 
  1.80004057e+00   1.83378644e+00   2.43412482e+00 
  8.41552058e-02  -7.88816038e-01   2.53294790e+00 
  1.29618294e+00  -4.35182072e+00   4.26785270e+00 
  8.13803415e-02  -7.39086772e+00   1.74883863e+00 
  1.47239041e+00  -4.81849071e+00  -1.36385399e+00 
  4.36506018e+00  -4.59724209e+00   8.66643810e-01 
  4.90986101e+00  -8.38955766e+00   9.24466425e-01 

   5.413749146802e+01 

 -6.95773987e-01   4.65856611e+00  -1.27458175e+00 
 -4.39276455e-01   3.64026028e+00  -5.26572724e-01 
  2.06395123e-01   3.70694443e+00   6.02911549e-01 
  5.16184918e-01   4.96060481e+00   9.70043352e-01 
  2.05799102e-01   6.04057270e+00   1.99732702e-01 
 -3.94922746e-01   5.87398608e+00  -9.29172178e-01 
  6.29013178e-01   4.96129737e+00   2.32482914e+00 
 -5.21417992e-01   3.34818031e+00   1.71198439e+00 
 -6.02886691e-01   4.49222051e+00   2.28772940e+00 
 -2.89781538e-01  -5.45438542e-02   2.09803132e+00 
  1.11167085e+00   3.73287082e-01   2.02906062e+00 
  1.15468805e+00   9.61654556e-01   3.19603369e+00 
  3.70292449e-02   1.78446124e+00   3.36250683e+00 
 -6.77812446e-01   2.19360840e+00   2.29443662e+00 
 -1.25990153e+00   9.88399330e-01   2.16761525e+00 
 -1.33382160e-01  -2.51038306e+00  -7.09391546e-02 
 -4.41791109e-01  -1.59914883e+00  -9.80290956e-01 
 -6.25674087e-01  -2.29874313e+00  -2.14333765e+00 
 -9.30403796e-01  -3.59581670e+00  -1.90188084e+00 
 -5.81281105e-01  -3.64056509e+00  -6.22260616e-01 
 -8.57534905e-01  -4.92684209e+00  -2.62127606e+00 
  1.10466481e+00  -2.48097489e+00   5.66648133e-01 
  1.69371322e+00  -2.52827924e+00   1.71995813e+00 
  2.68535718e+00  -3.54864506e+00   1.69598531e+00 
  2.79712880e+00  -4.34759224e+00   5.26173287e-01 
  2.94364294e+00  -3.37432955e+00  -4.77745292e-01 
  2.18774674e+00  -2.17474924e+00  -1.92246148e-01 
  4.04430171e+00  -5.11224745e+00   7.00440620e-01 
  5.31641309e-01  -6.37240451e-01  -1.22029251e+00 
  9.23947950e-01   2.31388104e-01  -3.11332135e-01 
 -1.72655480e-01   7.78504693e-01  -2.76139624e-01 
  1.72015278e+00   6.05911003e-01   7.40893199e-01 
 -2.16360219e+00  -5.14576854e+00  -3.18028880e+00 
  5.15920307e-01  -4.90414291e+00  -2.99755234e+00 
 -7.80810420e-01  -6.15900903e+00  -1.76289108e+00 
 -1.53142535e-01   7.20596305e+00   8.34177852e-01 
  4.32460075e+00   8.02811838e+00   6.01494908e+00 
  4.03280973e+00   4.84527048e+00   8.08985029e+00 
  5.38939218e+00   1.43601761e+00   9.06534535e+00 
  4.68525509e+00  -1.71932991e+00   7.16151035e+00 
  4.92611703e+00  -5.30840611e+00   8.17074267e+00 
  8.27931880e+00  -5.48183701e+00   6.23143859e+00 
  9.52896219e+00  -1.95031080e+00   6.75803812e+00 
  8.94276077e+00   1.78441278e+00   6.50644021e+00 
  6.67687967e+00   3.29431577e+00   3.89323176e+00 
  6.20095345e+00   9.10975369e+00   1.30073630e-01 
  4.54202177e+00   7.85704216e+00  -5.20565059e+00 
  4.43127983e+00   5.67449210e+00  -2.06102713e+00 
  7.50907010e+00   3.49485357e+00  -1.57563211e+00 
  7.34681347e+00   3.94088963e-01   4.74506768e-01 
  1.06389988e+01  -7.43819966e-01   1.69280737e+00 
  1.17962210e+01  -4.03887153e+00   3.14959378e+00 
  7.30767329e+00  -9.00265362e+00  -3.49336078e-02 
  2.38820458e+00  -8.52741526e+00  -2.61191711e+00 
  3.27211847e+00  -6.42168647e+00  -5.90800510e+00 
  1.82717135e+00  -9.10375822e+00  -8.16122748e+00 
 -1.40636650e+00  -9.05213973e+00  -6.09399811e+00 
 -1.99873297e+00  -5.35985692e+00  -7.05122811e+00 
 -9.48784202e-01  -5.82038408e+00  -1.05770799e+01 
 -4.14960291e+00  -7.93822340e+00  -1.08849375e+01 
 -6.42001154e+00  -4.96177277e+00  -1.01916022e+01 
 -7.25743987e+00  -1.81938589e+00  -1.21531483e+01 
 -9.80615026e+00   4.67096423e-01  -1.05465197e+01 
 -1.05700979e+01   3.63376465e+00  -6.19441641e+00 
 -7.95748944e+00   1.12709607e+00  -5.61338911e+00 
 -4.33091705e+00   2.35916329e+00  -5.45815031e+00 
 -2.25827136e+00   1.37355876e+00  -8.50132132e+00 
  1.10423282e+00  -4.70415833e-01  -8.69402452e+00 
  3.58517099e+00   1.74002877e+00  -1.05525432e+01 
  6.49200629e+00  -7.32917995e-01  -1.03599655e+01 
  9.20555398e+00  -2.54447750e+00  -8.39414058e+00 
  1.12960322e+01  -1.35280172e+00  -2.94914184e+00 
  7.73728788e+00  -1.49565647e+00  -4.31913474e+00 
  6.56091866e+00   1.77068756e+00  -5.98228542e+00 
  2.89247509e+00   2.55937747e+00  -5.62277341e+00 
  5.32717193e-01   5.38919511e+00  -6.44829367e+00 
  4.96966320e-01   8.13110291e+00  -3.76580262e+00 
 -2.80211292e+00   9.19783281e+00  -2.10482683e+00 
 -1.63440077e+00   1.27081809e+01  -1.40292388e+00 
 -3.15273776e+00   1.04597891e+01   3.54132698e+00 
 -5.28165777e+00   8.35777139e+00   5.90026922e+00 
 -1.54445020e+01   2.33682675e+00  -1.91970521e+00 
 -1.10029519e+01  -9.67342565e+00   4.47952847e+00 
 -9.71315621e+00  -6.36918474e+00   5.79054823e+00 
 -1.22108316e+01  -3.73535946e+00   4.87146220e+00 
 -1.17200911e+01  -1.00198608e+00   7.43978602e+00 
 -7.78971719e+00   2.41930979e+00   8.50622001e+00 
 -7.18243060e+00   8.93147285e-01   5.06188354e+00 
 -8.76824657e+00   3.75300498e+00   3.11994797e+00 
 -6.80909510e+00   6.73977275e+00   1.84969804e+00 
 -7.58024870e+00   1.01208673e+01   3.79004817e-01 
 -6.25002637e+00   1.11676622e+01  -3.05731407e+00 
 -1.09500144e+01   7.95617809e+00  -1.61590584e+00 
 -9.17500917e+00   4.71965914e+00  -2.51046775e+00 
 -8.68198714e+00   1.35302344e+00  -9.92868340e-01 
 -5.15741180e+00   1.49297378e+00   3.17002308e-01 
 -3.21694827e+00  -9.28303477e-01  -1.34774054e-01 
 -4.12481528e+00  -4.88367316e+00   7.04709254e-01 
 -7.57311081e-01  -6.55394749e+00   2.41558654e+00 
 -5.38751446e-01  -2.88586340e+00   4.59234514e+00 
 -4.08397638e+00  -3.62631324e+00   5.11648972e+00 
 -3.38351927e+00  -7.07269094e+00   6.63756588e+00 

   5.413749134786e+01 

  1.22457901e+00   1.29948283e+00   2.99104159e+00 
  1.33602901e-01   1.09589713e+00   2.33486005e+00 
 -1.05790249e+00   1.32922604e+00   2.80703457e+00 
 -1.05079604e+00   1.88794413e+00   4.02776983e+00 
  1.04697089e-01   2.14336954e+00   4.70279458e+00 
  1.23985859e+00   1.83478522e+00   4.17437947e+00 
 -2.21037649e+00   2.58667318e+00   4.15151084e+00 
 -1.76607415e+00   2.30362797e+00   2.14559509e+00 
 -1.79268746e+00   3.20143979e+00   3.06220623e+00 
 -3.39995943e+00   8.42430880e-01  -4.95717698e-01 
 -3.82187182e+00   3.20284171e-02   6.51934991e-01 
 -4.58668236e+00   9.34227224e-01   1.20956865e+00 
 -3.92631026e+00   2.16542628e+00   1.25364166e+00 
 -2.58422924e+00   2.22777175e+00   1.13485106e+00 
 -2.64818116e+00   2.01536079e+00  -1.91134536e-01 
 -2.57072655e+00  -1.60655129e+00  -2.51435747e+00 
 -1.36249353e+00  -1.50765533e+00  -1.98260030e+00 
 -5.77142192e-01  -2.36064981e+00  -2.71166709e+00 
 -1.10021153e+00  -2.59374314e+00  -3.93870556e+00 
 -2.32084798e+00  -2.12065276e+00  -3.72064483e+00 
 -1.01882490e+00  -3.65163631e+00  -5.01977044e+00 
 -3.63956142e+00  -2.07843414e+00  -1.75601773e+00 
 -4.86572883e+00  -1.84359785e+00  -1.40859888e+00 
 -5.65647583e+00  -2.99508117e+00  -1.68041314e+00 
 -5.03412966e+00  -4.09946635e+00  -2.32251164e+00 
 -3.93117536e+00  -4.33937060e+00  -1.48436138e+00 
 -3.39673684e+00  -3.11977037e+00  -9.19708009e-01 
 -6.01099252e+00  -5.19843105e+00  -2.23020968e+00 
 -1.26121937e+00  -1.88299922e+00  -6.48691848e-01 
 -1.87212484e+00  -1.24297676e+00   3.26908899e-01 
 -1.21209122e+00  -2.24836002e-01   1.51236886e-01 
 -2.95836656e+00  -1.01946629e+00   1.13406866e+00 
 -5.12190713e-02  -3.17290670e+00  -5.96886489e+00 
 -1.32112959e+00  -4.80016855e+00  -4.23366201e+00 
 -2.19545036e+00  -3.76422163e+00  -5.94919058e+00 
  1.62569752e-01   3.27491382e+00   5.48109465e+00 
 -5.80113595e+00   3.53509511e+00   8.93551353e+00 
 -8.50344648e+00   3.49901950e+00   6.24904845e+00 
 -1.11286529e+01   1.59994962e+00   4.26997240e+00 
 -1.03785128e+01  -4.19359419e-01   1.19811244e+00 
 -1.25931532e+01  -1.61340633e+00  -1.56370638e+00 
 -1.25771542e+01  -5.10447016e+00   1.23644629e-01 
 -1.23113195e+01  -4.08015697e+00   3.75554511e+00 
 -1.05094563e+01  -2.14984196e+00   6.47257920e+00 
 -6.81164010e+00  -1.41452813e+00   6.30418250e+00 
 -1.44277074e+00  -6.39660979e-01   1.06380035e+01 
  3.22515306e+00  -3.11708634e+00   8.43252194e+00 
 -7.75856108e-02  -2.21705869e+00   6.71604170e+00 
 -2.63796589e+00  -5.02838926e+00   6.70630400e+00 
 -5.34905040e+00  -5.13085818e+00   4.15999799e+00 
 -8.23437947e+00  -7.20333873e+00   5.15863556e+00 
 -1.11230842e+01  -8.63873298e+00   3.18030682e+00 
 -8.26574683e+00  -9.60219650e+00  -3.58983132e+00 
 -3.77191586e+00  -7.48700166e+00  -6.11951385e+00 
 -7.20676387e-01  -9.03912633e+00  -4.03134367e+00 
  8.17788733e-01  -1.05379375e+01  -7.15305432e+00 
  5.99750807e-01  -7.11031163e+00  -8.86644688e+00 
  2.96688626e+00  -5.59889307e+00  -6.21834859e+00 
  5.21619999e+00  -8.54541410e+00  -6.14973430e+00 
  6.15394374e+00  -7.47168082e+00  -9.72646404e+00 
  7.67010340e+00  -4.18302659e+00  -8.55141401e+00 
  1.07735817e+01  -3.32467097e+00  -6.53766094e+00 
  1.14213335e+01   3.69301932e-01  -6.04759933e+00 
  9.33203307e+00   4.80403289e+00  -3.69809203e+00 
  6.78616475e+00   2.22053156e+00  -4.23733302e+00 
  5.46576472e+00   3.70496734e-01  -1.15058091e+00 
  6.67225332e+00  -3.23695007e+00  -9.07932152e-01 
  4.65849399e+00  -6.48190295e+00  -5.09360605e-01 
  5.85127878e+00  -8.26055171e+00   2.63848017e+00 
  3.50295647e+00  -1.12534845e+01   2.27795600e+00 
  2.59581956e-02  -1.28020334e+01   2.42639448e+00 
 -4.94747581e+00  -1.05857028e+01   4.83285371e+00 
 -2.27474751e+00  -8.99037897e+00   2.62527236e+00 
  7.81271142e-01  -7.67287434e+00   4.56017891e+00 
  2.41984893e+00  -4.59468571e+00   3.12889674e+00 
  5.16727289e+00  -2.18019399e+00   4.06681949e+00 
  3.96538403e+00   6.08093206e-01   6.41117631e+00 
  4.47145159e+00   4.30247127e+00   5.47515174e+00 
  4.62311727e+00   5.47397078e+00   9.05053332e+00 
  4.57439016e-01   8.34184903e+00   6.55480848e+00 
 -1.26480425e+00   1.02138944e+01   3.71848965e+00 
  7.56472898e+00   1.00190829e+01  -7.35799704e+00 
 -3.95679731e+00   5.25753162e+00  -1.43940303e+01 
 -4.43222715e+00   6.60178163e+00  -1.08915594e+01 
 -1.61601748e+00   8.96966215e+00  -1.01971221e+01 
 -2.96453077e+00   1.13271857e+01  -7.56424605e+00 
 -4.38682336e+00   1.07703930e+01  -2.46940085e+00 
 -2.38500259e+00   7.69751533e+00  -3.52370893e+00 
  9.38594656e-01   8.95456874e+00  -2.16789271e+00 
  2.16161197e+00   8.21868264e+00   1.34427265e+00 
  4.91857439e+00   9.41950622e+00   3.61288208e+00 
  7.50600139e+00   7.00654325e+00   5.08134973e+00 
  7.29669357e+00   9.62207604e+00  -1.71873535e-01 
  6.07554342e+00   6.44196203e+00  -1.85164109e+00 
  3.41056046e+00   5.46547751e+00  -4.26509283e+00 
  8.01396159e-01   3.85788444e+00  -2.08200430e+00 
 -5.65955194e-01   1.18268159e+00  -2.97962886e+00 
 -2.25510276e+00   5.16312402e-01  -6.70476317e+00 
 -5.76743114e+00  -1.56409615e+00  -6.07831672e+00 
 -6.33950537e+00   1.17450953e+00  -2.85129158e+00 
 -5.43653795e+00   3.57784817e+00  -5.45901529e+00 
 -8.22620210e+00   2.42520965e+00  -7.81932031e+00 

   5.413749137003e+01 

