  7.70044500e-01  -4.55365933e-01  -1.98664856e+00 
  2.51303459e+00   4.74387842e-01  -1.75625417e+00 
  7.20161074e-01  -1.96011230e-01   2.22193926e+00 
 -5.14833507e-01  -2.97705788e-01   2.91264174e+00 
 -1.50687908e+00  -9.52179420e-01   2.24651396e+00 
  7.79944449e-01  -3.52944386e-01   6.54570033e-01 
  1.57632795e+00   4.66656457e-02  -4.81095041e-01 
  3.89261507e+00   8.74017300e-01  -1.48809341e+00 
  3.03948363e+00  -6.26578463e-01  -2.92607615e+00 
  2.02852901e+00   1.80708613e+00  -2.76489355e+00 
  1.64621493e+00   1.35284625e+00  -1.56938019e-01 
  1.07350096e+00   6.08598198e-02  -3.42693504e+00 
 -3.84213513e-01   4.44985794e-01  -1.85592607e+00 
  1.46678272e+00  -1.85464746e+00  -2.23272114e+00 
  8.20204658e+00   1.09156485e+01  -1.55202275e+00 
  5.63838928e+00   1.07755939e+01   1.07558127e+01 
  5.42887134e+00   1.22036810e+01   7.16153596e+00 
  9.44520742e-01   9.81645388e+00   9.30593470e+00 
  2.25199139e+00   8.44221336e+00   6.01208602e+00 
  2.30253622e-01   1.08631831e+01   3.88889142e+00 
 -2.93833937e+00   1.00286998e+01   5.85361660e+00 
 -2.47556618e+00   6.36879665e+00   5.12472108e+00 
 -1.46773386e+00   6.62050196e+00   1.48218906e+00 
 -4.39672201e+00   8.85860802e+00   5.49796459e-01 
 -6.84777243e+00   6.40534030e+00   2.08733870e+00 
 -4.91210136e+00   4.75526764e+00  -2.83247569e+00 
 -8.73334780e+00   5.02304319e+00  -2.62685504e+00 
 -9.17567726e+00   1.40699497e+00  -1.36276658e+00 
 -8.16209574e+00   1.87414372e+00  -6.90087303e+00 
 -4.76634949e+00   3.31310261e+00  -7.63603131e+00 
 -4.01368584e+00   5.88456351e+00  -1.02843658e+01 
 -7.75549263e-01   7.68887183e+00  -9.37560609e+00 
  1.24908397e+00   8.43747728e+00  -6.28462882e+00 
  4.68633835e+00   1.00029168e+01  -6.19140257e+00 
  4.47558311e+00   1.07335163e+01  -9.94533418e+00 
 -1.34595151e+00  -1.02617928e-01   1.06575974e+01 
 -2.70657090e+00  -4.73085389e+00   9.09862875e+00 
 -4.65559946e+00  -2.91527799e+00   6.38449879e+00 
 -7.74205349e+00  -4.66995326e+00   7.61862507e+00 
 -5.94530107e+00  -7.98855047e+00   7.00452008e+00 
 -4.58854863e+00  -6.70078768e+00   3.63032243e+00 
 -8.16564241e+00  -6.01188210e+00   2.39687740e+00 
 -9.83421254e+00  -9.11265976e+00   3.86435742e+00 
 -7.31726177e+00  -1.13807392e+01   2.21466795e+00 
 -7.85928688e+00  -9.57431270e+00  -1.12797505e+00 
  6.93901634e-03  -8.54927034e+00   7.23394576e+00 
  3.29242924e+00  -6.79388999e+00   6.56380495e+00 
  4.36342611e+00  -6.65861871e+00   1.02491376e+01 
  1.17496742e+00  -4.74913148e+00   1.09681008e+01 
  4.93705194e-01  -2.72338347e+00   7.75257217e+00 
  4.04536115e+00  -1.53861407e+00   7.22890137e+00 
  6.85077338e+00  -2.42837979e+00   9.72139516e+00 
  5.51467799e+00  -7.38851510e-01   1.28692939e+01 
  4.90046730e+00   2.79953679e+00   1.14027010e+01 
  7.59497098e+00   2.95653342e+00   8.70008675e+00 
  9.90496959e+00  -3.40854481e+00   7.58755564e+00 
  9.13254116e+00  -6.89379206e+00   6.25741859e+00 
  1.19907520e+01  -6.52909784e+00   3.79858597e+00 
  1.07455695e+01  -3.06068783e+00   2.66710132e+00 
  7.20579652e+00  -4.24065140e+00   1.90284358e+00 
  8.63336044e+00  -7.21038466e+00  -3.75202519e-02 
  1.06227243e+01  -4.77197662e+00  -2.13008722e+00 
  5.52410883e+00  -5.66413120e+00  -3.73859727e+00 
  8.29588585e+00  -6.59072267e+00  -6.29971340e+00 
  8.25175237e+00  -2.99486864e+00  -7.63992018e+00 
  4.43317629e+00  -2.94783342e+00  -7.94147458e+00 
  8.47015602e+00   4.48934792e+00  -8.50292251e+00 
  5.96269395e+00   7.25100409e+00  -9.22978464e+00 
  3.08739145e+00   4.82258372e+00  -8.97922670e+00 
  1.15347751e+00   2.38185350e+00  -1.11559155e+01 
  9.21174960e-01  -1.17246530e+00  -9.78087053e+00 
 -2.39122682e+00  -2.73280129e+00  -8.83799450e+00 
 -1.64700946e+00  -5.75930728e+00  -6.72016758e+00 
 -2.58737133e+00  -8.54863547e+00  -9.22019654e+00 
 -5.81023957e+00  -6.84980660e+00  -1.03029071e+01 
 -6.68162343e+00  -6.08395575e+00  -6.61969097e+00 
 -6.20915377e+00  -9.81509123e+00  -5.68681804e+00 
 -3.51284609e+00  -8.93906066e+00  -3.14230616e+00 
 -1.38857911e+00  -1.11875283e+01  -1.02666786e+00 
  1.88486591e+00  -9.86420685e+00  -2.55561323e+00 
  1.19239973e+01   3.40489563e+00  -5.95527772e+00 

   1.017481526854e+01 

  4.82353695e-01  -5.11485899e-02  -8.18342766e-01 
  4.72130646e-01  -1.84584077e+00  -1.67538188e+00 
 -3.29079070e+00  -1.32013340e+00   5.72709797e-01 
 -3.85839948e+00  -6.98894209e-01   1.71485713e+00 
 -3.40745634e+00   5.58427964e-01   1.98320304e+00 
 -1.91208491e+00  -8.25391222e-01  -9.74251554e-03 
 -7.83465354e-01  -1.30193979e+00  -7.73133979e-01 
  2.57281049e-01  -3.03079866e+00  -2.50276887e+00 
  1.08562717e+00  -1.00420576e+00  -3.00693566e+00 
  1.94931848e+00  -2.32081012e+00  -8.87658847e-01 
 -5.91910586e-01  -2.42953141e+00  -6.04520109e-02 
  1.97858109e+00  -2.48759289e-01  -1.21237347e+00 
  8.04096335e-01  -9.96189157e-02   6.14893478e-01 
  1.17014780e-01   6.78262695e-01  -2.17424467e+00 
  3.75662284e+00  -1.32421480e+01  -8.02026857e-01 
 -7.40934253e+00  -1.48472907e+01   4.74950392e+00 
 -3.53848187e+00  -1.48812091e+01   4.61743404e+00 
 -6.03117899e+00  -1.09824860e+01   7.61628738e+00 
 -3.63306702e+00  -9.83407181e+00   4.90010193e+00 
 -5.82673215e-01  -9.95201222e+00   7.16674346e+00 
 -2.43422952e+00  -7.96843364e+00   9.85628708e+00 
 -3.19329721e+00  -5.24168794e+00   7.38060293e+00 
  1.69551327e-01  -5.07389575e+00   5.64560421e+00 
  2.13249436e+00  -4.83099320e+00   8.89295698e+00 
 -2.78118298e-03  -1.91450309e+00   1.00439965e+01 
  3.73352702e+00  -4.97894845e-01   6.20897918e+00 
  3.97736686e+00   1.48202458e+00   9.48561937e+00 
  1.47799469e+00   4.18491287e+00   8.33805041e+00 
  6.66795021e+00   4.67918231e+00   6.16175513e+00 
  7.59701456e+00   1.77765387e+00   3.95718580e+00 
  1.09475298e+01   5.57905831e-02   3.91448072e+00 
  1.05150431e+01  -3.46303021e+00   2.50106028e+00 
  7.77706040e+00  -6.03095633e+00   2.15049386e+00 
  7.98764861e+00  -9.27019931e+00   2.17370052e-01 
  1.17407142e+01  -8.72664694e+00  -3.20448299e-01 
 -1.08450784e+01  -2.38449620e+00   4.72454403e+00 
 -1.10493126e+01   2.37027762e+00   2.97736017e+00 
 -7.69095046e+00   2.82848283e+00   4.70159427e+00 
 -9.22630644e+00   5.66064214e+00   6.63800967e+00 
 -1.00771714e+01   7.31395132e+00   3.29718177e+00 
 -6.59817411e+00   6.41244529e+00   1.89426067e+00 
 -4.89021041e+00   8.30213115e+00   4.77584476e+00 
 -7.27479758e+00   1.12751379e+01   4.94143873e+00 
 -6.83535772e+00   1.19710842e+01   1.26404108e+00 
 -3.02368676e+00   1.17760460e+01   1.66821606e+00 
 -1.10178170e+01   4.19647474e+00  -1.72205430e+00 
 -1.00188740e+01   1.09984023e+00  -3.65540991e+00 
 -1.34544875e+01  -5.94059928e-01  -3.38287885e+00 
 -1.31147124e+01  -3.78362691e-01   3.81074783e-01 
 -9.32472201e+00  -6.93259504e-01   1.04756716e+00 
 -8.70051028e+00  -3.54639236e+00  -1.35288369e+00 
 -1.15773756e+01  -5.15869158e+00  -3.35255485e+00 
 -1.37188264e+01  -6.49406955e+00  -4.92506018e-01 
 -1.09707963e+01  -8.46541776e+00   1.40761515e+00 
 -8.65588112e+00  -9.45877151e+00  -1.46354093e+00 
 -1.02494400e+01  -5.63904599e+00  -6.93695938e+00 
 -1.02812834e+01  -2.16547886e+00  -8.50098450e+00 
 -8.12619194e+00  -3.47775556e+00  -1.13261817e+01 
 -5.65863124e+00  -5.11323734e+00  -8.85698103e+00 
 -5.09590211e+00  -1.93435413e+00  -6.83598262e+00 
 -4.56077766e+00   1.40755117e-02  -1.00824470e+01 
 -1.87993301e+00  -2.47552400e+00  -1.10296574e+01 
 -2.95117139e-01   1.61648986e+00  -7.84800602e+00 
  1.47117837e+00   1.37212310e+00  -1.13007038e+01 
  4.07518375e+00  -1.01035197e+00  -9.79364098e+00 
  4.70203751e+00   1.26980456e+00  -6.77990386e+00 
  7.69391548e+00  -6.65407571e+00  -6.34993234e+00 
  9.62987355e+00  -7.11346409e+00  -3.11211398e+00 
  8.72611711e+00  -3.63129297e+00  -1.97850092e+00 
  9.97144330e+00  -5.72971490e-02  -2.31148297e+00 
  7.37511129e+00   2.44619251e+00  -3.56427765e+00 
  6.20140942e+00   5.33773959e+00  -1.42955287e+00 
  3.03677156e+00   6.67014505e+00  -2.98150416e+00 
  4.36127814e+00   1.00138404e+01  -4.38868752e+00 
  6.28330998e+00   1.08818840e+01  -1.22681212e+00 
  3.25767490e+00   9.84294466e+00   9.36069158e-01 
  9.40267149e-01   1.21846064e+01  -1.10380673e+00 
 -1.30430232e+00   9.26810172e+00  -2.08765365e+00 
 -4.29110684e+00   9.19561243e+00  -4.34990665e+00 
 -2.66430219e+00   6.66178439e+00  -6.74521850e+00 
  4.63605502e+00  -8.51137896e+00  -8.95674326e+00 

   1.017481526756e+01 

 -1.04906274e+00   2.06477457e+00   2.70285058e-01 
 -1.46992758e+00   1.62596718e+00  -1.62335020e+00 
  1.53826963e-01  -1.97617928e+00   3.45861382e-01 
  1.05175054e+00  -2.41816134e+00   1.35135200e+00 
  1.07623772e+00  -1.66611097e+00   2.48714973e+00 
 -3.64495423e-01  -4.87593405e-01   3.28842118e-01 
 -8.65015777e-01   5.13326992e-01  -5.82915313e-01 
 -2.02447924e+00   1.14932743e+00  -2.88831668e+00 
 -2.87913682e+00   2.50774084e+00  -1.31615767e+00 
 -4.31098350e-01   2.88279768e+00  -2.23113585e+00 
  1.02989746e-01   3.63587284e-01  -1.50844949e+00 
 -1.21396161e+00   3.47422812e+00  -3.77213146e-01 
  3.84637569e-01   2.28774853e+00   5.04432217e-01 
 -2.56815608e+00   1.97538584e+00   7.04279199e-01 
  2.34730125e+00   1.73899902e+00  -1.28857841e+01 
  6.80452516e+00  -9.72669302e+00  -1.02885081e+01 
  7.12711592e+00  -6.00035091e+00  -1.12947223e+01 
  8.85333813e+00  -7.52831151e+00  -6.28551216e+00 
  6.23938414e+00  -4.77504331e+00  -6.47051265e+00 
  8.80674907e+00  -1.98523807e+00  -6.75705060e+00 
  1.07436484e+01  -3.38470661e+00  -3.77604425e+00 
  7.64157759e+00  -3.26867302e+00  -1.65377442e+00 
  6.31016640e+00   1.04469158e-01  -2.74757040e+00 
  9.61926088e+00   1.89125502e+00  -2.18655774e+00 
  9.82345752e+00   5.44126050e-01   1.35374657e+00 
  6.21953102e+00   4.71496966e+00   8.15316316e-01 
  8.96452862e+00   5.30247048e+00   3.42984186e+00 
  6.95314011e+00   3.66722465e+00   6.28460441e+00 
  5.32951115e+00   8.90918436e+00   4.94225695e+00 
  3.96528665e+00   9.15292647e+00   1.44631181e+00 
  4.69947824e+00   1.19282971e+01  -9.93130397e-01 
  4.08526406e+00   1.06568561e+01  -4.53898486e+00 
  4.01847373e+00   7.36052276e+00  -6.36748502e+00 
  2.91154290e+00   6.80911617e+00  -9.93745202e+00 
  2.69672132e+00   1.05952792e+01  -1.04750612e+01 
  3.54730418e+00  -9.74803990e+00   2.22213454e+00 
  7.50903613e-01  -8.60043790e+00   6.29219461e+00 
  2.69769494e+00  -5.33399176e+00   6.33535057e+00 
  3.74911985e+00  -6.16614244e+00   9.84678594e+00 
  4.46392127e-02  -6.37685722e+00   1.07692621e+01 
 -7.08698025e-01  -3.19101630e+00   8.72788495e+00 
  1.84226276e+00  -1.19661426e+00   1.08031058e+01 
  1.05219983e+00  -2.71799738e+00   1.42109847e+01 
 -2.61201815e+00  -1.92094030e+00   1.38382831e+01 
 -1.74095468e+00   1.67815709e+00   1.28293316e+01 
 -4.20577878e+00  -7.84537355e+00   6.82291998e+00 
 -5.25529927e+00  -7.59980699e+00   3.19482169e+00 
 -4.99853895e+00  -1.13698426e+01   2.51077844e+00 
 -1.36929954e+00  -1.11804099e+01   3.57004853e+00 
 -2.19750598e-01  -7.64737617e+00   2.51952013e+00 
 -1.81926695e+00  -7.67437207e+00  -9.05825513e-01 
 -3.71432223e+00  -1.07671458e+01  -2.21657563e+00 
 -8.89307556e-01  -1.33299440e+01  -2.23331953e+00 
  1.71147140e+00  -1.13011991e+01  -4.27500730e+00 
 -5.73733028e-01  -9.18487861e+00  -6.48592280e+00 
 -6.91895949e+00  -9.42930667e+00  -3.88468925e+00 
 -9.22655703e+00  -8.46301267e+00  -1.01169088e+00 
 -1.14129125e+01  -6.58712090e+00  -3.47118334e+00 
 -8.37047257e+00  -4.76939256e+00  -4.98777062e+00 
 -7.07640007e+00  -3.49358274e+00  -1.64052289e+00 
 -1.05984307e+01  -2.29635228e+00  -7.54964804e-01 
 -1.06404469e+01  -3.21688699e-01  -3.97695023e+00 
 -8.31532748e+00   2.11937120e+00   2.67359412e-01 
 -1.13962727e+01   3.93486570e+00  -1.25329673e+00 
 -9.09833066e+00   5.73679654e+00  -3.74343411e+00 
 -6.63217927e+00   6.78599901e+00  -1.00629365e+00 
 -4.06849915e+00   7.55587004e+00  -9.05358699e+00 
 -6.11657435e-01   9.13195011e+00  -9.14664177e+00 
 -4.12426879e-01   9.12111571e+00  -5.38000403e+00 
 -1.40653514e+00   1.12803920e+01  -2.41614900e+00 
 -3.48531341e+00   9.50461286e+00   2.49030931e-01 
 -2.21431964e+00   9.02621241e+00   3.77768218e+00 
 -4.38045375e+00   6.40967168e+00   5.40874621e+00 
 -6.35172022e+00   8.64005268e+00   7.86929121e+00 
 -3.27242549e+00   1.05567186e+01   9.00485283e+00 
 -1.29018537e+00   7.25651017e+00   9.30694456e+00 
 -4.06125988e+00   5.74743414e+00   1.15560975e+01 
 -4.60454513e+00   2.86719665e+00   9.12276176e+00 
 -7.11699757e+00   8.81933526e-02   9.21644166e+00 
 -8.66968533e+00   1.11084578e+00   5.84781550e+00 
 -6.51548419e+00   4.25555892e+00  -1.07015390e+01 

   1.017481527303e+01 

  5.42325615e-01  -4.81461201e-01  -5.67377115e-01 
  1.10929994e+00   6.56472109e-01   9.62064466e-01 
 -3.20708249e+00  -1.89576975e-01   1.34018351e+00 
 -4.20651419e+00  -1.15847772e+00   1.06634375e+00 
 -4.08367131e+00  -1.80659766e+00  -1.25738729e-01 
 -1.81853366e+00  -2.34310131e-01   5.95330717e-01 
 -4.41704778e-01   1.63110480e-01   7.68674243e-01 
  1.37336736e+00   1.72023288e+00   1.92822889e+00 
  1.96587330e+00   1.49847392e+00  -2.27499502e-01 
  2.31421472e+00  -4.89826506e-01   1.47429665e+00 
 -3.01480729e-01  -3.37799854e-01   2.01186018e+00 
  2.09665366e+00  -6.05357032e-01  -6.08730217e-01 
  3.91565406e-01  -1.89803834e+00  -2.05961190e-01 
  5.13035508e-01   7.47089770e-01  -1.56426456e+00 
  5.81017350e+00   9.22846390e-01   1.18825586e+01 
 -6.10690418e+00   5.35594497e-02   1.57943744e+01 
 -2.45016529e+00  -1.17294305e+00   1.54392465e+01 
 -6.39050851e+00  -3.80714964e+00   1.26212037e+01 
 -3.47846901e+00  -2.38019402e+00   1.06384590e+01 
 -1.34048754e+00  -5.50155741e+00   1.10160755e+01 
 -4.26168367e+00  -7.70424096e+00   9.91548467e+00 
 -4.63571954e+00  -5.70009576e+00   6.75576698e+00 
 -9.73344890e-01  -5.31915102e+00   5.86751553e+00 
 -2.23914821e-01  -9.02899071e+00   6.23201165e+00 
 -3.07407722e+00  -9.90389441e+00   3.88652468e+00 
  1.39861349e+00  -7.97190597e+00   1.25277890e+00 
  2.43565752e-01  -1.14449266e+01   1.03904057e-01 
 -2.17413679e+00  -1.00444405e+01  -2.55367357e+00 
  3.27795816e+00  -9.96173186e+00  -4.03152255e+00 
  5.33837754e+00  -7.70230396e+00  -1.84250411e+00 
  8.76554022e+00  -8.50048633e+00  -4.97113923e-01 
  9.40721540e+00  -6.36975441e+00   2.60371200e+00 
  7.39915451e+00  -4.59139811e+00   5.25301534e+00 
  8.75969161e+00  -2.26371987e+00   7.89968866e+00 
  1.23393087e+01  -3.18946092e+00   6.89991724e+00 
 -1.13999422e+01  -1.14476168e+00   4.06091776e+00 
 -1.18313534e+01  -3.96623265e-01  -9.34719647e-01 
 -9.32958400e+00  -3.24066831e+00  -1.27246521e+00 
 -1.18577111e+01  -5.02877436e+00  -3.40305513e+00 
 -1.18596390e+01  -1.99097477e+00  -5.72475943e+00 
 -8.01529842e+00  -1.74708234e+00  -5.51061467e+00 
 -7.66368731e+00  -5.35271090e+00  -6.80189024e+00 
 -1.04402829e+01  -5.24830542e+00  -9.41571065e+00 
 -8.97036846e+00  -2.16731196e+00  -1.10118097e+01 
 -5.51337719e+00  -3.83320705e+00  -1.10770066e+01 
 -1.06048060e+01   3.54392180e+00  -3.83095232e+00 
 -8.53322778e+00   5.56829397e+00  -1.39469079e+00 
 -1.15383079e+01   6.84974485e+00   6.23820648e-01 
 -1.24629486e+01   3.23959593e+00   1.28802479e+00 
 -9.08998054e+00   1.36420156e+00   1.40364283e+00 
 -7.25920182e+00   3.90037640e+00   3.52690386e+00 
 -9.02961996e+00   7.05278179e+00   4.86947431e+00 
 -1.17169649e+01   5.44055448e+00   7.04382692e+00 
 -9.43153080e+00   3.12120085e+00   9.15231557e+00 
 -6.18689820e+00   5.13569711e+00   9.20974146e+00 
 -6.56312975e+00   9.96644033e+00   4.35068628e+00 
 -6.67679250e+00   1.07355220e+01   6.21284541e-01 
 -3.54218955e+00   1.28258138e+01   1.01264546e+00 
 -1.75697119e+00   1.00177605e+01   2.95903564e+00 
 -2.41452808e+00   7.35077080e+00   3.20636763e-01 
 -1.20421863e+00   9.75985653e+00  -2.39113619e+00 
  2.01745167e+00   1.01741136e+01  -4.59426433e-01 
  1.78744756e+00   5.90838957e+00  -3.79557166e+00 
  4.58072340e+00   8.50211383e+00  -4.55111129e+00 
  6.92693834e+00   6.67328389e+00  -2.12646116e+00 
  6.16260783e+00   3.24883198e+00  -3.66386027e+00 
  1.01481041e+01   3.34877320e+00   3.82145268e+00 
  1.09936502e+01  -2.06348678e-01   4.86481337e+00 
  9.20197096e+00  -1.60608427e+00   1.85516033e+00 
  9.86794769e+00  -2.43145886e+00  -1.79318036e+00 
  7.42710114e+00  -8.61856391e-01  -4.27441237e+00 
  5.16265070e+00  -2.96975634e+00  -6.44804828e+00 
  2.48490005e+00  -6.99507835e-01  -7.81713987e+00 
  3.60738381e+00  -5.23392338e-01  -1.15081786e+01 
  4.24080791e+00  -4.26213488e+00  -1.17645621e+01 
  9.02462062e-01  -4.98379257e+00  -9.96274182e+00 
 -9.99106255e-01  -2.75900632e+00  -1.25022772e+01 
 -2.28573074e+00  -5.05137686e-01  -9.71360176e+00 
 -4.33377785e+00   2.62698552e+00  -9.91199420e+00 
 -1.62369334e+00   4.74563828e+00  -8.18832244e+00 
  8.44457689e+00   7.16852761e+00   5.27163430e+00 

   1.017481527028e+01 

  1.88192867e+00  -2.57279800e-01   1.52587261e+00 
  3.67429965e+00   9.39948150e-02   7.38763576e-01 
  7.11252547e-01  -1.59380531e-01  -2.52405358e+00 
 -6.46424830e-01   8.91238381e-02  -2.85205880e+00 
 -1.54930440e+00  -2.09294245e-01  -1.87636950e+00 
  1.16821462e+00  -2.65751860e-01  -1.01916011e+00 
  2.33314381e+00  -8.08403689e-02  -1.87044897e-01 
  4.97485864e+00   4.83187915e-02   7.44504567e-02 
  4.18321151e+00  -1.06793008e+00   1.85621616e+00 
  3.88812576e+00   1.54905323e+00   1.66896579e+00 
  2.66899611e+00   1.12979863e+00  -6.74513220e-01 
  2.71383511e+00   1.99232729e-01   2.76382596e+00 
  1.03681678e+00   9.43354794e-01   1.59146158e+00 
  2.20115323e+00  -1.79079033e+00   1.75043432e+00 
  1.17441278e+01   8.31792871e+00  -2.20593069e+00 
  5.85235273e+00   8.47713932e+00  -1.33116242e+01 
  7.08052369e+00   1.00410605e+01  -9.98778521e+00 
  1.69184462e+00   9.03512463e+00  -1.05852134e+01 
  3.44523710e+00   7.46026936e+00  -7.60311477e+00 
  2.86925279e+00   1.04590421e+01  -5.33770447e+00 
 -8.28710468e-01   1.05426821e+01  -6.29403221e+00 
 -1.21667493e+00   6.94492119e+00  -5.27132209e+00 
  8.14106280e-01   7.02300303e+00  -2.07492343e+00 
 -9.83790183e-01   1.00746237e+01  -6.91947460e-01 
 -4.35309813e+00   8.41643452e+00  -1.22895675e+00 
 -1.63779207e+00   6.45285849e+00   3.18076109e+00 
 -5.12689955e+00   7.85200061e+00   3.94525034e+00 
 -6.89982177e+00   4.49112702e+00   3.28900580e+00 
 -4.26451686e+00   4.84669065e+00   8.27347699e+00 
 -5.39518137e-01   5.22245107e+00   7.91944495e+00 
  1.62077287e+00   7.54863093e+00   9.94790004e+00 
  4.83536794e+00   8.25581588e+00   8.01575793e+00 
  6.02189393e+00   8.23796833e+00   4.43727736e+00 
  9.58456779e+00   8.68938343e+00   3.26357023e+00 
  1.06626693e+01   9.59543087e+00   6.82544852e+00 
 -3.55759042e+00   2.23323580e-01  -1.00784188e+01 
 -5.65184839e+00  -3.71481493e+00  -7.66856755e+00 
 -6.16172943e+00  -1.29164698e+00  -4.78242727e+00 
 -9.83292428e+00  -2.08089929e+00  -4.94843151e+00 
 -8.93477935e+00  -5.76016846e+00  -4.42416535e+00 
 -6.37157490e+00  -4.81073319e+00  -1.70150608e+00 
 -9.11001653e+00  -3.02784553e+00   3.26751983e-01 
 -1.19220495e+01  -5.53607381e+00  -2.67978854e-01 
 -9.77596319e+00  -8.39126479e+00   9.33227415e-01 
 -8.81895910e+00  -6.37648278e+00   4.05653231e+00 
 -3.69629304e+00  -8.09783959e+00  -6.12409624e+00 
 -2.75827090e-03  -7.38992920e+00  -6.55018948e+00 
 -3.09761548e-02  -7.72776429e+00  -1.03753795e+01 
 -2.62820003e+00  -4.97542195e+00  -1.04667843e+01 
 -1.77396516e+00  -2.71468031e+00  -7.45568330e+00 
  1.96306253e+00  -2.63633607e+00  -8.02195192e+00 
  3.57951941e+00  -4.42705378e+00  -1.10310957e+01 
  1.92923972e+00  -2.53750973e+00  -1.39042685e+01 
  2.76896478e+00   1.07581698e+00  -1.27697742e+01 
  6.05316855e+00   5.18481459e-01  -1.09009506e+01 
  6.71501237e+00  -6.19837031e+00  -9.66243205e+00 
  5.41369429e+00  -9.23387813e+00  -7.76371874e+00 
  8.83659318e+00  -9.65221592e+00  -6.19624351e+00 
  8.98270100e+00  -5.92840003e+00  -5.21010875e+00 
  5.62428261e+00  -5.95548909e+00  -3.41381574e+00 
  6.65824785e+00  -9.13934780e+00  -1.56551001e+00 
  9.75779437e+00  -7.33446163e+00  -3.74942544e-01 
  5.28980063e+00  -6.58444730e+00   2.60056207e+00 
  8.30270084e+00  -8.20290480e+00   4.44546483e+00 
  9.64541629e+00  -4.71163484e+00   5.30361795e+00 
  6.24152351e+00  -3.50379879e+00   6.58006272e+00 
  1.21766804e+01   2.38618766e+00   5.16370708e+00 
  1.08528684e+01   5.80147355e+00   6.17651867e+00 
  7.46741474e+00   4.34508420e+00   6.97963987e+00 
  5.63252582e+00   2.68786628e+00   9.86442302e+00 
  4.03789794e+00  -6.81849616e-01   9.03975845e+00 
  2.96441537e-01  -1.20647543e+00   9.18789087e+00 
 -4.66645113e-01  -4.39675530e+00   7.33354316e+00 
 -1.39530556e+00  -6.67299950e+00   1.03119773e+01 
 -3.57028556e+00  -4.04066571e+00   1.19809425e+01 
 -5.20394008e+00  -3.19207661e+00   8.58639134e+00 
 -6.07556860e+00  -6.92546732e+00   8.02344297e+00 
 -4.08195976e+00  -7.00309743e+00   4.77820848e+00 
 -3.36170956e+00  -9.86814938e+00   2.47239616e+00 
  4.44683474e-01  -9.53470567e+00   2.92459887e+00 
  1.43180046e+01   2.12351923e-01   1.95673011e+00 

   1.017481527512e+01 

 -1.99662873e-01  -8.58360538e-01   1.85455517e-01 
 -1.27205793e+00  -8.71830723e-01   1.86037420e+00 
 -6.52078959e-01   3.31359096e+00   6.00306217e-01 
  2.55378319e-01   4.18269928e+00  -5.83216539e-02 
  8.83292274e-01   3.65832907e+00  -1.14780623e+00 
 -5.48622802e-01   1.75177960e+00   4.13490187e-01 
 -8.67374376e-01   5.19245721e-01   1.09385636e+00 
 -2.29893320e+00  -8.07489201e-01   2.89778900e+00 
 -2.09212376e+00  -2.14007024e+00   1.10088742e+00 
 -5.16490802e-02  -1.75496499e+00   2.73149793e+00 
 -3.32928023e-01   8.66497668e-01   2.28122641e+00 
  6.96576798e-03  -2.31261504e+00   7.10290626e-01 
  1.21418860e+00  -5.25724222e-01   4.09979230e-01 
 -1.44925071e+00  -1.24904488e+00  -7.03295629e-01 
 -1.04861574e+00  -1.24227045e+00   1.37447877e+01 
 -7.39021271e-01   1.13040903e+01   1.29912910e+01 
  6.74954264e-01   7.82763981e+00   1.39489531e+01 
  3.03133913e+00   1.05658786e+01   9.78287561e+00 
  1.72102675e+00   7.07178031e+00   9.06051285e+00 
  4.96057993e+00   5.35565308e+00   1.00688144e+01 
  6.97822555e+00   7.75913174e+00   7.88962212e+00 
  4.88904922e+00   6.86206008e+00   4.89446818e+00 
  4.68708013e+00   3.11673086e+00   5.42251131e+00 
  8.43894960e+00   2.71092015e+00   5.88753309e+00 
  9.10800231e+00   4.53527951e+00   2.62957510e+00 
  7.36361170e+00  -6.69328828e-01   1.89249202e+00 
  1.07436584e+01   1.28961517e-01   2.63407525e-01 
  9.15775393e+00   1.34075103e+00  -3.03596455e+00 
  9.33730430e+00  -4.27145797e+00  -2.41382742e+00 
  7.24009053e+00  -5.47792147e+00   4.65112760e-01 
  8.25081825e+00  -8.13487724e+00   2.93727695e+00 
  6.22526381e+00  -7.68285095e+00   6.14035438e+00 
  4.39883021e+00  -4.91949611e+00   7.94082887e+00 
  2.20562609e+00  -5.31049130e+00   1.09922195e+01 
  3.30125903e+00  -8.96464341e+00   1.13342015e+01 
 -8.16017336e-02   1.19657192e+01   9.72540812e-02 
 -9.59636050e-01   1.05010625e+01  -4.67622252e+00 
  2.00723799e+00   8.17256256e+00  -4.18910890e+00 
  3.60996056e+00   9.81515686e+00  -7.16590522e+00 
  5.27047972e-01   8.83627486e+00  -9.20452322e+00 
  4.95523164e-01   5.33234362e+00  -7.59027598e+00 
  4.08613610e+00   4.68395058e+00  -8.80627766e+00 
  3.77570936e+00   6.30006419e+00  -1.22478269e+01 
  7.44726416e-01   4.21805694e+00  -1.30718969e+01 
  2.59283985e+00   1.05221733e+00  -1.19351646e+01 
 -4.88992257e+00   8.13158655e+00  -6.76402194e+00 
 -6.74653608e+00   7.01545628e+00  -3.66045362e+00 
 -8.14430286e+00   1.04946865e+01  -2.83086758e+00 
 -4.57577246e+00   1.17502721e+01  -2.69515341e+00 
 -2.51913359e+00   8.73773905e+00  -1.42934192e+00 
 -4.90643020e+00   7.70883102e+00   1.31553148e+00 
 -8.12000214e+00   9.71358323e+00   2.04249043e+00 
 -6.60846965e+00   1.30770616e+01   3.01779048e+00 
 -4.12423965e+00   1.18254356e+01   5.72156075e+00 
 -5.95910040e+00   8.74641200e+00   7.04141719e+00 
 -1.09069180e+01   7.10809907e+00   2.57789199e+00 
 -1.17613787e+01   5.81213777e+00  -9.01080550e-01 
 -1.36706345e+01   2.95474372e+00   6.92116012e-01 
 -1.07290098e+01   2.12907374e+00   3.04279918e+00 
 -8.15896398e+00   1.88422545e+00   2.42562372e-01 
 -1.05572719e+01  -3.37729114e-01  -1.74069160e+00 
 -1.07553590e+01  -2.63973302e+00   1.24992044e+00 
 -6.58129068e+00  -3.47046050e+00  -2.10659069e+00 
 -9.03630846e+00  -6.45299079e+00  -1.68465052e+00 
 -7.03166773e+00  -7.66576276e+00   1.35489895e+00 
 -3.68742314e+00  -7.37520557e+00  -4.90711516e-01 
 -3.41059234e+00  -8.33494109e+00   7.93106793e+00 
  2.06661328e-01  -8.58738846e+00   9.06868986e+00 
  1.44239958e+00  -7.96822645e+00   5.55913802e+00 
  2.22350719e+00  -9.89150493e+00   2.37699511e+00 
  4.71330514e-01  -8.60062603e+00  -7.60106075e-01 
  2.40660120e+00  -7.20533233e+00  -3.69328736e+00 
 -3.38007823e-02  -5.31565071e+00  -5.85484431e+00 
 -2.28798435e-01  -7.72112733e+00  -8.86988024e+00 
  3.53225481e+00  -8.24584495e+00  -9.02578980e+00 
  4.11156425e+00  -4.45183369e+00  -8.59940031e+00 
  1.73313648e+00  -3.71115001e+00  -1.15674491e+01 
 -5.26089235e-01  -1.58709995e+00  -9.35467864e+00 
 -3.76766047e+00   1.10798253e-01  -1.01630049e+01 
 -5.69934459e+00  -1.86422552e+00  -7.48491391e+00 
 -7.28445096e+00  -6.38103840e+00   8.80915896e+00 

   1.017481526319e+01 

 -1.96736863e+00   1.02988589e+00   1.10958438e+00 
 -3.42784052e+00   1.18975418e+00  -2.30950310e-01 
  2.58783728e-01  -1.00136678e-01  -2.28883306e+00 
  1.45513953e+00  -8.44442846e-01  -2.12338406e+00 
  2.05923597e+00  -7.20742084e-01  -9.08486653e-01 
 -5.61499592e-01   3.92119355e-01  -1.03597350e+00 
 -1.90506762e+00   7.48868021e-01  -6.47110963e-01 
 -4.34675913e+00   1.56961407e+00  -1.30152090e+00 
 -3.78073421e+00   2.61675004e+00   6.03859351e-01 
 -4.44311415e+00   6.10306345e-02   6.19564311e-01 
 -2.50269369e+00  -3.36085177e-01  -1.17792982e+00 
 -3.24479869e+00   1.08576126e+00   2.00291543e+00 
 -1.69601250e+00  -3.60224735e-01   1.50201330e+00 
 -1.74244423e+00   2.59546746e+00   1.15811267e+00 
 -1.26688034e+01  -4.15251338e+00  -5.47415474e+00 
 -4.17502312e+00  -8.06266151e+00  -1.38789906e+01 
 -6.85072779e+00  -8.56828583e+00  -1.11245209e+01 
 -1.57302912e+00  -9.56437408e+00  -9.87537001e+00 
 -3.43123707e+00  -7.03601618e+00  -7.73016189e+00 
 -4.73975393e+00  -9.65309669e+00  -5.30217057e+00 
 -1.24025807e+00  -1.11404953e+01  -4.93115554e+00 
  1.31582670e-01  -7.77595159e+00  -3.96252567e+00 
 -2.65277936e+00  -6.65137203e+00  -1.65389844e+00 
 -2.64130456e+00  -9.87293652e+00   3.65716255e-01 
  1.09320813e+00  -9.56763806e+00   9.57672759e-01 
 -1.89835923e+00  -6.12568747e+00   4.10054340e+00 
  4.00772798e-01  -8.48902604e+00   6.06128890e+00 
  3.41000353e+00  -6.08108488e+00   5.93584909e+00 
 -5.53846892e-01  -4.72501069e+00   9.72598501e+00 
 -3.84831513e+00  -3.86158273e+00   8.13126741e+00 
 -7.22938903e+00  -4.96149584e+00   9.37670638e+00 
 -9.71851705e+00  -4.82869881e+00   6.48646179e+00 
 -9.65751235e+00  -4.97461559e+00   2.71967520e+00 
 -1.25876351e+01  -4.36626790e+00   4.13532770e-01 
 -1.49587858e+01  -4.27551460e+00   3.42012478e+00 
  6.16257450e+00  -3.10312935e+00  -7.90712190e+00 
  8.73207525e+00   2.15705113e-01  -5.06366508e+00 
  7.39111105e+00  -1.74712881e+00  -2.09539560e+00 
  1.09518956e+01  -2.29127454e+00  -1.02167752e+00 
  1.13801785e+01   1.50764579e+00  -9.64190887e-01 
  7.94864827e+00   1.93080958e+00   7.47489204e-01 
  9.06079998e+00  -3.32760124e-01   3.65109814e+00 
  1.26425931e+01   9.40957947e-01   3.96866123e+00 
  1.14631478e+01   4.50788444e+00   4.26300751e+00 
  8.91769935e+00   3.46034217e+00   6.93762277e+00 
  8.18558974e+00   5.18824562e+00  -4.43463684e+00 
  4.81656419e+00   5.72169405e+00  -6.07475568e+00 
  6.13636689e+00   5.41991698e+00  -9.66836851e+00 
  7.41022596e+00   1.97040113e+00  -8.76979021e+00 
  4.89714357e+00   6.42144947e-01  -6.15683231e+00 
  1.76814711e+00   1.75175390e+00  -7.96523358e+00 
  1.94122988e+00   3.48551644e+00  -1.14059684e+01 
  3.55824456e+00   7.17801626e-01  -1.34733200e+01 
  1.12579018e+00  -2.16605414e+00  -1.25706120e+01 
 -2.11314351e+00  -2.36009696e-01  -1.19595855e+01 
 -5.60942179e-01   6.41103270e+00  -1.12556384e+01 
  1.13297845e+00   9.08220617e+00  -9.13235519e+00 
 -2.18728815e+00   1.08829299e+01  -8.84695398e+00 
 -4.00825811e+00   7.63712589e+00  -7.84225421e+00 
 -1.60583232e+00   6.80350508e+00  -5.00679608e+00 
 -1.88622541e+00   1.03989769e+01  -3.73548743e+00 
 -5.63901488e+00   9.96932260e+00  -3.61636645e+00 
 -2.91561781e+00   8.22438104e+00   7.33047087e-01 
 -5.51307409e+00   1.10418551e+01   1.37778884e+00 
 -8.25597309e+00   8.39859005e+00   1.84460667e+00 
 -6.11640407e+00   6.32258539e+00   4.25024945e+00 
 -1.30826524e+01   2.65899416e+00   1.09214819e+00 
 -1.35091649e+01  -7.96878411e-01   2.61447315e+00 
 -1.02454224e+01  -4.72052849e-01   4.47722188e+00 
 -8.90062825e+00   8.96036945e-01   7.75670742e+00 
 -5.99277455e+00   3.34620293e+00   7.41178769e+00 
 -2.56534501e+00   2.58257525e+00   8.81366755e+00 
 -1.38152949e-01   4.98648447e+00   7.22346341e+00 
  6.15726986e-01   7.25158645e+00   1.02592081e+01 
  1.02674798e+00   4.33557787e+00   1.26619385e+01 
  3.17754913e+00   2.45587137e+00   1.00633464e+01 
  5.50817053e+00   5.53059887e+00   9.70405063e+00 
  4.78287825e+00   5.76750836e+00   5.97177653e+00 
  5.92742219e+00   8.30334856e+00   3.46108537e+00 
  2.33113220e+00   9.36128000e+00   2.59403462e+00 
 -1.31655952e+01   4.89518811e+00  -2.72728900e+00 

   1.017481527139e+01 

  6.50465140e-01   8.40735522e-01  -1.05065085e+00 
 -8.73910444e-01  -1.75676110e-01  -2.76856257e-01 
  2.59047177e+00  -5.18560516e-01   2.43799483e+00 
  4.00798406e+00  -5.60791902e-01   2.47660468e+00 
  4.64324343e+00   2.79709740e-01   1.61276477e+00 
  1.83715339e+00   4.44320574e-02   1.17292195e+00 
  5.76850712e-01  -6.80959315e-02   4.78218285e-01 
 -2.00980011e+00  -6.78671143e-01   4.92290835e-01 
 -1.77035497e+00   1.17645761e+00  -7.52122448e-01 
 -1.03019070e+00  -1.17752313e+00  -1.69109082e+00 
  5.40539075e-01  -1.41510631e+00   4.60719862e-01 
 -3.23551230e-01   7.13011778e-01  -2.26225344e+00 
  1.64717367e+00  -2.23298158e-02  -1.70005348e+00 
  5.27262818e-02   2.23076154e+00  -5.87492079e-01 
 -6.79304234e+00  -1.04880090e+01  -6.20562265e-02 
  1.10411941e+00  -1.35147445e+01   9.24108700e+00 
 -4.84136129e-01  -1.39353404e+01   5.73356715e+00 
  4.68610058e+00  -1.20475381e+01   6.06756868e+00 
  2.15502346e+00  -9.89789471e+00   4.21820989e+00 
  2.74858894e+00  -1.16021540e+01   8.71622493e-01 
  6.52707427e+00  -1.12084794e+01   1.27727231e+00 
  6.12783952e+00  -7.50395621e+00   1.78467937e+00 
  3.55052028e+00  -6.81934584e+00  -9.05272452e-01 
  5.50735069e+00  -8.63078298e+00  -3.61580045e+00 
  8.60761272e+00  -6.58839730e+00  -2.83654217e+00 
  4.80462696e+00  -3.76504200e+00  -5.70710044e+00 
  8.25480716e+00  -3.94724868e+00  -7.37412070e+00 
  9.56169551e+00  -7.80279467e-01  -5.60445112e+00 
  6.09425305e+00   1.96866767e-01  -9.95625634e+00 
  2.61912245e+00  -1.11180381e+00  -9.36211456e+00 
  5.03908400e-01  -2.91702170e+00  -1.19036963e+01 
 -2.11593862e+00  -5.00646274e+00  -1.00768031e+01 
 -2.56742005e+00  -6.61301305e+00  -6.69614371e+00 
 -5.71317855e+00  -8.26369745e+00  -5.41027789e+00 
 -7.30784614e+00  -7.96977870e+00  -8.88026866e+00 
  8.25880372e+00  -2.76507978e+00   8.62354001e+00 
  9.18509132e+00   2.15409283e+00   7.81981579e+00 
  9.50140973e+00   1.18690590e+00   4.15566188e+00 
  1.29600724e+01   2.65764708e+00   4.20787043e+00 
  1.14007926e+01   5.95742391e+00   5.34744994e+00 
  8.54008642e+00   5.56062864e+00   2.78947507e+00 
  1.10781931e+01   5.34405785e+00  -9.19628739e-02 
  1.35147219e+01   8.00243014e+00   1.15255867e+00 
  1.07472418e+01   1.05384298e+01   1.48491794e+00 
  9.53259188e+00   9.69804477e+00  -2.05748245e+00 
  6.29080877e+00   6.23455721e+00   8.44704080e+00 
  2.91326898e+00   4.60747270e+00   8.96638425e+00 
  3.63429381e+00   3.46772088e+00   1.25619505e+01 
  6.60494434e+00   1.54595333e+00   1.12160801e+01 
  5.55095828e+00   4.65346200e-01   7.66237845e+00 
  2.05816540e+00  -6.59446761e-01   8.57199648e+00 
  7.96178001e-01  -5.55339783e-01   1.22149475e+01 
  3.25646271e+00  -2.96939518e+00   1.38484289e+01 
  2.79939800e+00  -5.97205123e+00   1.14352388e+01 
 -8.32761645e-01  -5.50173622e+00   1.03511063e+01 
 -2.78825095e+00   8.48709452e-01   1.20645596e+01 
 -2.38512245e+00   4.58568031e+00   1.14437490e+01 
 -6.07037934e+00   4.78585672e+00   1.05910791e+01 
 -5.80964549e+00   1.78368866e+00   8.18699926e+00 
 -2.91543114e+00   3.24343884e+00   6.18723284e+00 
 -4.78579916e+00   6.56962622e+00   5.94134983e+00 
 -7.72934773e+00   4.70381439e+00   4.47967706e+00 
 -3.86785323e+00   6.16211342e+00   9.66651434e-01 
 -7.40233086e+00   7.63693902e+00   3.08632881e-01 
 -8.31158193e+00   4.52610533e+00  -1.74666151e+00 
 -5.07448386e+00   4.69047184e+00  -3.78843884e+00 
 -9.59966442e+00  -2.46773944e+00  -4.24325164e+00 
 -7.97111475e+00  -4.85245833e+00  -6.71375334e+00 
 -5.08494244e+00  -2.47982532e+00  -7.23142795e+00 
 -4.13808739e+00   5.13356840e-01  -9.37140179e+00 
 -2.97221312e+00   3.58437740e+00  -7.42526065e+00 
  5.35304985e-01   4.95237348e+00  -7.77393163e+00 
  1.12650082e+00   7.28526849e+00  -4.87447038e+00 
  1.07928286e+00   1.06659802e+01  -6.74084122e+00 
  3.27810301e+00   9.42405841e+00  -9.58125986e+00 
  5.65792288e+00   7.74320964e+00  -7.04686973e+00 
  6.01496097e+00   1.10773825e+01  -5.10505089e+00 
  4.70784922e+00   9.46938060e+00  -1.90851680e+00 
  4.00394851e+00   1.10058620e+01   1.43629719e+00 
  2.85711741e-01   1.00223706e+01   1.32788426e+00 
 -1.13920512e+01  -2.21262129e+00  -2.03718618e-01 

   1.017481526180e+01 

  1.00991867e+00   2.56717744e+00   3.04582162e-01 
  2.07603598e+00   1.28524694e+00   1.38882770e+00 
 -5.45813403e-01  -9.91829055e-01  -1.33710072e+00 
 -1.80146876e+00  -9.65295893e-01  -1.99683661e+00 
 -2.18057730e+00   2.48039574e-01  -2.48704938e+00 
  9.21537324e-02   3.33136802e-01  -7.69379510e-01 
  1.00568834e+00   7.87853867e-01   2.51572345e-01 
  3.01990934e+00   3.02493465e-01   1.91622996e+00 
  3.34376957e+00   2.35395533e+00   1.05947683e+00 
  1.48721363e+00   1.93889826e+00   2.89023080e+00 
  4.56450058e-01   8.45861502e-02   1.26143277e+00 
  1.55692865e+00   3.46711950e+00   1.45518316e+00 
 -3.72168292e-01   2.71463165e+00   7.82209343e-01 
  2.22825450e+00   2.88017749e+00  -6.55456553e-01 
  2.90162305e+00  -4.71826154e+00   1.16212662e+01 
 -3.38413593e+00  -1.37343296e+01   5.51597899e+00 
 -2.90451926e+00  -1.10851642e+01   8.30058775e+00 
 -6.56851976e+00  -1.00663523e+01   4.30761626e+00 
 -3.81069350e+00  -7.50663000e+00   4.84582581e+00 
 -5.76491790e+00  -5.55014257e+00   7.45535365e+00 
 -8.83141946e+00  -5.46616345e+00   5.17807395e+00 
 -6.78600724e+00  -3.94893113e+00   2.41137305e+00 
 -4.79194108e+00  -1.46018729e+00   4.45513733e+00 
 -7.85666481e+00  -1.97050721e-02   6.18427748e+00 
 -9.54199354e+00   5.85813374e-01   2.84014525e+00 
 -5.59186377e+00   4.29340062e+00   3.99097439e+00 
 -9.05152549e+00   5.80397322e+00   3.30919944e+00 
 -8.47104789e+00   6.06699207e+00  -4.93858099e-01 
 -5.91797108e+00   1.00643879e+01   2.57515138e+00 
 -3.30058515e+00   8.66662579e+00   4.88549860e+00 
 -2.74887180e+00   9.73319714e+00   8.45630078e+00 
 -9.59199438e-01   6.92789983e+00   1.03256006e+01 
 -5.42044202e-01   3.19104210e+00   1.00507069e+01 
  1.78438319e+00   1.04588903e+00   1.21146989e+01 
  2.58382232e+00   4.04274805e+00   1.43619032e+01 
 -5.19246224e+00  -7.08687868e+00  -5.42328496e+00 
 -4.06616451e+00  -3.73969955e+00  -9.06060296e+00 
 -5.52738562e+00  -1.13903425e+00  -6.70202257e+00 
 -7.92523866e+00  -2.02300551e-01  -9.44081488e+00 
 -4.90133730e+00   4.98773804e-01  -1.16730885e+01 
 -3.09416305e+00   2.28488192e+00  -8.76994254e+00 
 -6.02181167e+00   4.75096699e+00  -8.39728416e+00 
 -6.76220795e+00   5.25249194e+00  -1.21057518e+01 
 -3.17335864e+00   6.16021524e+00  -1.28106626e+01 
 -3.20933232e+00   8.63724206e+00  -9.87923414e+00 
  3.58085944e-01  -2.26755224e+00  -1.09787457e+01 
  2.73751801e+00  -3.76572616e+00  -8.44523589e+00 
  2.36952590e+00  -7.36858192e+00  -9.72234962e+00 
 -1.34713679e+00  -7.08162684e+00  -9.06402359e+00 
 -1.62964977e+00  -4.71348243e+00  -6.02766468e+00 
  1.14826376e+00  -6.28113012e+00  -3.99841704e+00 
  3.06604030e+00  -9.37706694e+00  -5.26800501e+00 
  2.11786664e-01  -1.18989693e+01  -5.47335015e+00 
 -1.18002409e+00  -1.14818946e+01  -1.87651095e+00 
  1.98596577e+00  -1.05248445e+01   3.39038752e-02 
  6.78625243e+00  -8.71006712e+00  -4.52151832e+00 
  7.90383141e+00  -6.17594891e+00  -7.13726331e+00 
  1.10492240e+01  -5.56114457e+00  -5.11816710e+00 
  9.02876303e+00  -5.11018230e+00  -1.86624859e+00 
  6.69177658e+00  -2.47768950e+00  -3.32050823e+00 
  9.70974635e+00  -6.09652575e-01  -4.74337921e+00 
  1.11899128e+01  -5.35595793e-01  -1.26690704e+00 
  7.68487049e+00   3.43065355e+00  -2.43424078e+00 
  1.12850446e+01   4.56714242e+00  -1.51349417e+00 
  1.03192920e+01   4.59823084e+00   2.20061713e+00 
  7.11684406e+00   6.59744692e+00   1.55090019e+00 
  7.92920812e+00   2.91654835e+00   9.14794885e+00 
  4.95754400e+00   3.83057896e+00   1.13334008e+01 
  3.32987244e+00   5.69532648e+00   8.48721552e+00 
  3.33211544e+00   9.14923852e+00   6.90429141e+00 
  4.03239235e+00   9.20400678e+00   3.15135821e+00 
  1.46346923e+00   1.04277198e+01   6.61613288e-01 
  2.55228528e+00   9.25143550e+00  -2.74861009e+00 
  3.65160173e+00   1.26228747e+01  -4.27820950e+00 
  5.91135359e-01   1.44897687e+01  -3.01590499e+00 
 -1.68910033e+00   1.15916011e+01  -4.16179727e+00 
 -1.66146053e-01   1.17433241e+01  -7.72163453e+00 
  9.63652857e-01   8.11203369e+00  -7.49953424e+00 
  2.94253639e+00   6.06151532e+00  -9.93334521e+00 
  5.76558782e+00   5.41631679e+00  -7.39989010e+00 
  1.04610050e+01  -4.64804498e-01   7.82431520e+00 

   1.017481526828e+01 

 -2.51043282e-01  -1.74078327e+00   1.44132703e+00 
 -5.53710548e-01  -3.69921884e+00   1.60999991e+00 
 -9.99826995e-01  -2.54946920e+00  -2.62897077e+00 
 -1.40470644e+00  -1.49463318e+00  -3.48689132e+00 
 -1.05323900e+00  -2.42105081e-01  -3.08209944e+00 
 -6.50648441e-01  -2.26759083e+00  -1.11786283e+00 
 -6.20999390e-01  -2.92647045e+00   1.66145077e-01 
 -4.89393534e-01  -5.15889328e+00   1.60234682e+00 
  7.88782315e-01  -3.62667037e+00   2.63479693e+00 
 -1.84474097e+00  -3.48375515e+00   2.75673898e+00 
 -1.85409707e+00  -3.46357363e+00   8.21446675e-02 
 -4.62199258e-01  -1.92166374e+00   2.97615358e+00 
 -1.49858783e+00  -9.74668500e-01   1.31193080e+00 
  1.32021579e+00  -1.90226374e+00   1.53649548e+00 
 -8.39069444e+00  -1.23298098e+01   3.95967965e+00 
 -1.05629160e+01  -1.21604064e+01  -8.42287095e+00 
 -1.15486837e+01  -1.17560057e+01  -4.69904469e+00 
 -1.10930573e+01  -7.22175979e+00  -7.80383190e+00 
 -8.98307897e+00  -7.39969555e+00  -4.64728343e+00 
 -1.16821832e+01  -5.89218352e+00  -2.43397727e+00 
 -1.22080429e+01  -3.04007857e+00  -4.92103552e+00 
 -8.55012252e+00  -2.18114797e+00  -4.77206837e+00 
 -8.01888926e+00  -2.52957153e+00  -1.03796520e+00 
 -1.09940036e+01  -3.38560341e-01  -1.40409977e-01 
 -9.71559293e+00   2.43530162e+00  -2.39020130e+00 
 -6.94561320e+00   2.05843211e+00   2.39093960e+00 
 -8.51718872e+00   5.49316936e+00   1.72113048e+00 
 -5.43950874e+00   6.81462180e+00  -1.89636653e-01 
 -4.88680951e+00   6.74107344e+00   5.43222483e+00 
 -4.99107592e+00   3.26072490e+00   6.85294687e+00 
 -6.82731914e+00   2.23458992e+00   9.97830481e+00 
 -7.51741255e+00  -1.51645154e+00   9.83559569e+00 
 -7.88824355e+00  -4.20541623e+00   7.21917884e+00 
 -8.19286471e+00  -7.91654063e+00   7.85853022e+00 
 -8.50947805e+00  -7.26138942e+00   1.16189470e+01 
 -2.77034542e+00  -2.20552376e+00  -1.11251403e+01 
  1.26872071e+00   8.09050250e-01  -1.05769416e+01 
 -7.71880644e-01   2.54863497e+00  -7.88040379e+00 
 -3.25973781e-01   5.74910342e+00  -9.80038230e+00 
  3.45306357e+00   5.23740109e+00  -9.52546323e+00 
  3.10457333e+00   4.18769383e+00  -5.82938643e+00 
  1.39032307e+00   7.52655525e+00  -4.98978376e+00 
  3.54696999e+00   9.78938609e+00  -7.17631361e+00 
  6.71061312e+00   8.46578467e+00  -5.61421927e+00 
  5.22952113e+00   9.01399505e+00  -2.11620987e+00 
  5.97113079e+00  -1.68426097e-01  -9.04319607e+00 
  5.52652495e+00  -3.65801105e+00  -7.64676781e+00 
  5.33511497e+00  -5.37477306e+00  -1.10765048e+01 
  2.38642309e+00  -3.14184567e+00  -1.18818398e+01 
  6.38549975e-01  -2.55663932e+00  -8.48921961e+00 
  7.99865502e-01  -6.14070138e+00  -7.29730907e+00 
  2.29299708e+00  -8.92911481e+00  -9.50408462e+00 
 -1.03985976e-01  -8.79728618e+00  -1.24682056e+01 
 -3.44442477e+00  -9.07351158e+00  -1.05153836e+01 
 -2.36137200e+00  -1.11347812e+01  -7.48763157e+00 
  4.49337568e+00  -1.10705942e+01  -7.17717194e+00 
  7.63876614e+00  -9.00654560e+00  -6.57794884e+00 
  8.55519378e+00  -1.13305841e+01  -3.73063002e+00 
  5.02678730e+00  -1.10589234e+01  -2.20185166e+00 
  5.01490107e+00  -7.25081952e+00  -2.13423455e+00 
  8.49729349e+00  -7.28536001e+00  -5.54985983e-01 
  7.14054866e+00  -9.52278849e+00   2.17180963e+00 
  6.42889575e+00  -4.19938454e+00   2.90258652e+00 
  8.53308255e+00  -6.01638316e+00   5.61764685e+00 
  5.31790114e+00  -6.86464108e+00   7.53372282e+00 
  4.01227840e+00  -3.26950194e+00   7.32162242e+00 
 -1.49281725e+00  -9.27290871e+00   9.68321519e+00 
 -4.83734709e+00  -7.67737945e+00   1.05263353e+01 
 -3.57643604e+00  -4.27999088e+00   9.47980602e+00 
 -1.70186709e+00  -1.30907770e+00   1.09271587e+01 
  1.37661194e+00  -2.23009732e-01   8.94692679e+00 
  1.59829536e+00   3.17992360e+00   7.31396222e+00 
  4.42933941e+00   3.05382822e+00   4.83039979e+00 
  7.00431290e+00   5.26936696e+00   6.66769693e+00 
  4.45021810e+00   7.93186472e+00   7.58031376e+00 
  3.01086296e+00   7.82445579e+00   3.99860672e+00 
  6.54517448e+00   8.39154938e+00   2.51472648e+00 
  6.34710995e+00   5.13750079e+00   5.43942835e-01 
  8.92091045e+00   3.48145942e+00  -1.61872553e+00 
  8.97541491e+00   2.97313601e-01   5.40567289e-01 
  3.95815740e-01  -1.26135730e+01   7.47673513e+00 

   1.017481527814e+01 

