  8.18502119e-01  -2.18710157e-01   7.37282570e-01 
  1.07534898e+00  -1.15040580e+00  -2.08389587e-01 
  5.11735800e-01   8.97166069e-01  -2.83103431e-01 
  1.80099459e+00   1.31308811e+00  -5.37472752e-01 
 -8.84177870e-01   1.46558577e+00  -2.04173496e+00 
 -7.69361539e-01  -7.61650254e-01  -1.85623431e+00 
 -1.18111946e+00  -1.04020808e+00  -3.10904326e+00 
  1.19555796e-01  -1.59176964e+00  -1.14316849e+00 
 -6.20966442e-01  -2.69641858e+00  -5.58771449e-01 
  4.47902053e-02  -3.72111114e+00   9.85396467e-03 
  1.64356534e+00  -2.36098832e+00   1.73659861e+00 
  1.77236312e+00  -2.26725701e+00   2.67467302e-01 
  2.35307858e+00  -1.12826980e+00   2.30740032e+00 
  2.27021097e+00  -1.46247648e+00   3.74529895e+00 
  4.85135645e+00  -1.81605340e+00   7.62811664e+00 
  3.61302595e+00  -1.29940085e+00   7.04002101e+00 
  3.22205193e+00  -2.09638344e+00   5.86572451e+00 
  3.34203457e+00  -1.22876519e+00   4.67561298e+00 
  4.84422842e+00  -2.21566558e+00   9.05192230e+00 
 -1.38880158e-01   4.88560960e-01  -1.52710050e+00 
 -8.41466457e+00   1.74833101e+00  -3.08264451e+00 
 -7.07227995e+00  -1.79857643e+00  -3.12570134e+00 
 -6.48458453e+00  -1.31372803e+00  -6.88080885e+00 
 -5.27207348e+00   1.12827750e+01  -2.33117366e+00 
 -8.07754458e+00   9.56328946e+00  -3.65357724e-01 
 -7.74320200e+00   6.01897372e+00   1.07998696e+00 
 -4.70248947e+00   1.10643700e+01   3.63400404e+00 
 -2.97355398e+00   8.08390694e+00   1.90313247e+00 
 -8.05566287e-01   6.26182691e+00   4.49438941e+00 
 -2.58312531e+00   7.68407335e+00   7.61157046e+00 
 -5.97503277e-01   5.32063061e+00   9.85286948e+00 
 -2.26640763e+00   2.28267064e+00   8.17961862e+00 
 -5.67451042e+00   2.92517194e+00   9.87559194e+00 
 -3.92017100e+00   2.64157162e+00   1.32281631e+01 
 -3.17424061e+00  -1.06387631e+00   1.26988514e+01 
 -6.98369515e+00  -5.71547974e+00   1.07252811e+01 
 -5.32931485e+00  -3.50821890e+00   8.12458381e+00 
 -6.62693014e+00  -5.12419995e+00   4.90430362e+00 
 -6.85086683e+00  -2.17130061e+00   2.40591190e+00 
 -9.06344475e+00   9.59543242e-01   2.46570366e+00 
 -7.59187422e+00   3.27554021e+00   5.07293541e+00 
  1.84085026e+00   1.05937394e+01   2.31693650e+00 
  3.38387519e+00   7.73989766e+00   4.23849225e+00 
  6.69736271e+00   5.96032130e+00   4.94722685e+00 
  6.17777760e+00   6.48395191e+00   1.60942275e-01 
  9.11238045e+00   4.18057501e+00  -4.01249839e-01 
  7.92467030e+00   8.72903450e-01   1.08829101e+00 
  1.00329030e+01   8.85692600e-01   4.27667473e+00 
  1.30413506e+01   2.77330190e+00   3.02436964e+00 
  1.54119322e+01   1.51252733e-02   4.27203617e+00 
  1.45608824e+01   1.25631416e+00   7.80640355e+00 
  4.20697880e+00   1.03192344e+01  -3.98319963e+00 
  4.04857455e+00   6.47354653e+00  -4.29451766e+00 
  6.26783937e+00   3.48580925e+00  -5.04717658e+00 
  6.05776282e+00   5.76526788e-02  -6.60937984e+00 
  7.97962835e+00  -3.20660503e+00  -6.51626097e+00 
  6.42543578e+00  -6.60861796e+00  -5.86194831e+00 
  4.35402402e+00  -5.55881448e+00  -2.82130274e+00 
  6.14883973e+00  -7.69640979e+00  -1.46023926e-01 
  4.43749108e+00  -1.10496624e+01   7.35539114e-01 
  7.50216615e+00  -1.29566481e+01  -4.81214107e-01 
  7.89613111e+00  -1.12097850e+01  -3.81651753e+00 
  6.58686128e+00  -1.23066140e+01  -7.17094049e+00 
  4.07039982e+00  -9.64639354e+00  -8.13095318e+00 
  8.82600326e+00   1.10724797e+01  -7.75393670e+00 
  5.57607715e+00   9.28798500e+00  -8.51371863e+00 
  5.02628363e+00   5.69603581e+00  -9.53259637e+00 
  1.94380016e+00   3.73415164e+00  -8.38674168e+00 
 -3.03874253e-01  -7.49068174e+00  -1.11816968e+01 
 -4.01429023e+00  -6.63234933e+00  -1.09143072e+01 
 -7.12722058e+00  -5.72588830e+00  -6.97432392e+00 
 -1.01133348e+01  -6.60677041e+00  -4.79165386e+00 
 -7.80819278e+00  -7.79672077e+00  -1.93899439e+00 
 -2.55260648e+00  -7.26739976e+00  -3.24885557e+00 
 -9.24559558e-01  -7.69750591e+00  -6.67018298e+00 
  2.22115414e+00  -5.70171228e+00  -7.43963024e+00 
  4.40875456e+00  -4.84407513e+00  -1.05175196e+01 
  3.99417616e+00  -1.90258919e+00  -1.29481075e+01 
  1.68913939e+00   1.43719858e+00   1.54232153e+01 
  4.36630376e+00   3.53003319e+00   1.35861759e+01 
  9.76801026e-01  -1.02043096e+01   9.53263250e+00 
  2.90919705e-03  -1.17214399e+01   6.13446226e+00 
 -3.69271387e+00  -1.09135533e+01   6.63172017e+00 
 -3.85074840e+00  -1.23113143e+01   1.01722424e+01 

   3.292437004490e+00 

 -3.07287392e-01  -7.79829414e-01   5.14364637e-01 
  2.41659700e-01  -2.92778375e-01  -6.21311936e-01 
  6.63912268e-01  -1.97514719e+00   6.06340486e-01 
  1.30081749e-02  -2.84391351e+00  -2.43042852e-01 
  2.90650525e+00  -2.53060958e+00   7.69738847e-01 
  2.69405276e+00  -5.08063680e-01  -1.64255581e-01 
  3.91163405e+00  -4.78288750e-01  -7.41558420e-01 
  1.57445380e+00   1.52006920e-01  -7.10643778e-01 
  1.61781139e+00   1.55582992e+00  -3.39775253e-01 
  7.53662022e-01   2.42321035e+00  -9.03209982e-01 
 -1.59999910e+00   1.16509066e+00  -3.88353431e-01 
 -5.72600558e-01   6.21084582e-01  -1.30062029e+00 
 -2.49742036e+00  -1.58074057e-02  -2.43450722e-03 
 -3.53088896e+00   7.21042897e-01   7.55924190e-01 
 -8.15601561e+00   1.29877937e+00   1.12744255e+00 
 -6.90214112e+00   1.07100933e+00   1.85005470e+00 
 -5.75686557e+00   1.58354622e+00   1.08020792e+00 
 -4.93587984e+00   4.24199086e-01   6.73490147e-01 
 -9.22824593e+00   2.06580585e+00   1.79748418e+00 
  2.03114941e+00  -1.74754394e+00   1.40886608e-01 
  8.61675398e+00  -6.18479720e-01   5.41823176e+00 
  7.77651605e+00   2.12708505e+00   2.94027352e+00 
  1.02332416e+01   4.31008449e-01   5.38374243e-01 
  5.98092117e+00  -1.00260202e+01   7.84655969e+00 
  6.32968229e+00  -7.00026119e+00   1.01735489e+01 
  5.02212813e+00  -3.50448992e+00   9.26093420e+00 
  1.09487611e+00  -8.32063434e+00   1.08753704e+01 
  1.27838447e+00  -6.69155338e+00   7.38528237e+00 
 -2.09732959e+00  -5.02210583e+00   6.64214160e+00 
 -3.29601711e+00  -4.83700209e+00   1.03065929e+01 
 -6.28696726e+00  -2.71941836e+00   9.24733180e+00 
 -3.92569559e+00   8.90558516e-02   8.08497231e+00 
 -2.98193652e+00   1.10638710e+00   1.16875622e+01 
 -6.66539500e+00   1.74079354e+00   1.23414208e+01 
 -6.74753784e+00   4.68615549e+00   9.91551420e+00 
 -2.75749522e+00   9.56369539e+00   9.33801750e+00 
 -1.87397111e+00   6.29437037e+00   7.63405146e+00 
  1.41334419e+00   7.26026479e+00   5.92349286e+00 
  3.44637683e+00   3.96223726e+00   5.88455661e+00 
  4.84338409e+00   1.88100268e+00   8.78595156e+00 
  1.90531871e+00   5.31227497e-02   1.03201112e+01 
 -2.18545548e+00  -1.04105388e+01   5.43081543e+00 
 -4.64445138e+00  -7.79706375e+00   4.27288528e+00 
 -7.34453081e+00  -7.07539642e+00   1.65808822e+00 
 -3.38367421e+00  -8.73728690e+00  -5.78519217e-01 
 -4.87362459e+00  -7.78070745e+00  -3.90996074e+00 
 -5.21991929e+00  -3.98790562e+00  -3.65537736e+00 
 -9.01088273e+00  -3.78301544e+00  -3.21128793e+00 
 -1.00324910e+01  -6.82396196e+00  -5.18386369e+00 
 -1.25226715e+01  -4.75880988e+00  -7.26184702e+00 
 -1.46425030e+01  -4.59498821e+00  -4.06246190e+00 
  1.03553918e+00  -1.27269069e+01  -1.20941935e-02 
  1.37981930e+00  -9.29746604e+00  -1.75328136e+00 
  5.02556790e-01  -7.54425477e+00  -5.00518336e+00 
  1.82663048e+00  -4.82963151e+00  -7.26671338e+00 
  5.04139958e-01  -2.48963536e+00  -9.93749107e+00 
  1.02958946e+00   1.27074402e+00  -9.96544375e+00 
  8.14182481e-02   1.86588173e+00  -6.30687273e+00 
 -3.11349906e+00   3.96561184e+00  -6.88257287e+00 
 -2.65734156e+00   7.79800473e+00  -6.64835955e+00 
 -3.73753441e+00   8.16880991e+00  -1.02822284e+01 
 -1.47352350e+00   5.51791889e+00  -1.17580399e+01 
  1.92222507e+00   5.98160473e+00  -1.33147229e+01 
  4.29022964e+00   4.13417459e+00  -1.10102638e+01 
  8.68309139e-01  -1.59876998e+01  -5.05793278e+00 
  3.57023257e+00  -1.35323877e+01  -4.06055538e+00 
  4.70546423e+00  -1.04046730e+01  -5.84132308e+00 
  5.85612502e+00  -7.30281545e+00  -3.91307605e+00 
  9.45552916e+00   2.75500432e+00  -8.88753581e+00 
  1.16776728e+01   3.27078904e+00  -5.82625142e+00 
  1.07300229e+01   4.59124713e+00  -9.89535072e-01 
  1.10316568e+01   6.98186745e+00   1.95169449e+00 
  7.36762543e+00   8.11099670e+00   1.54270906e+00 
  4.92235338e+00   5.54302700e+00  -2.58564178e+00 
  6.44760926e+00   4.42619682e+00  -5.89733231e+00 
  4.97073156e+00   1.38004263e+00  -7.63242103e+00 
  5.86857763e+00  -9.82835437e-01  -1.05658865e+01 
  7.97494627e+00  -4.18896608e+00  -1.04397510e+01 
 -1.19918342e+01   1.61551693e+00   9.28421895e+00 
 -1.23546641e+01  -1.66819070e+00   7.28234529e+00 
 -7.05304781e+00   1.06672574e+01   1.25891589e+00 
 -3.84288105e+00   1.13876489e+01  -7.34467149e-01 
 -1.80428690e+00   1.20093719e+01   2.43020825e+00 
 -4.37829452e+00   1.43267694e+01   4.01707999e+00 

   3.292437004490e+00 

 -9.59763646e-01  -5.71572613e-02   6.53498782e-01 
 -1.78181515e+00   6.84432799e-01  -1.22773343e-01 
 -2.04043657e+00  -3.51244580e-01   1.71469226e+00 
 -2.65351115e+00  -1.42328286e+00   1.10251858e+00 
 -3.48674339e+00   6.60403174e-01   3.21443430e+00 
 -2.98792741e+00   2.08745851e+00   1.56432241e+00 
 -4.04889715e+00   2.89999654e+00   1.73980593e+00 
 -2.38398380e+00   1.88228628e+00   3.06987305e-01 
 -1.47619998e+00   2.98110848e+00   2.65222481e-02 
 -9.27755000e-01   3.09909080e+00  -1.19897761e+00 
  1.38804770e-01   6.16436747e-01  -1.49315818e+00 
 -1.31532261e+00   8.71688860e-01  -1.42927439e+00 
  3.26322728e-01  -8.70329652e-01  -1.17193977e+00 
  1.77723075e+00  -9.79505649e-01  -1.43473275e+00 
  4.94778361e+00  -3.51109349e+00  -3.75900885e+00 
  4.59510035e+00  -2.89077499e+00  -2.47952918e+00 
  3.68552992e+00  -1.75189982e+00  -2.68607017e+00 
  2.38019036e+00  -2.10790913e+00  -2.09204263e+00 
  6.37752752e+00  -3.62079266e+00  -4.12061875e+00 
 -3.01629327e+00   7.07467018e-01   1.96889969e+00 
 -2.75297071e+00   5.72746459e+00   8.84099043e+00 
 -2.55675508e+00   7.32722624e+00   5.40781918e+00 
 -6.37280625e+00   7.63766822e+00   5.55840308e+00 
 -4.26313448e+00  -3.21018378e+00   1.32209512e+01 
 -1.44722724e+00  -6.99166165e-01   1.38971079e+01 
  4.13949447e-01   1.15389420e+00   1.10926171e+01 
  1.35806905e+00  -5.08182090e+00   1.22965503e+01 
 -2.44246157e-01  -3.66661430e+00   9.08748957e+00 
  2.01441320e+00  -4.54368769e+00   6.11024942e+00 
  5.20131420e+00  -5.22233457e+00   8.17965009e+00 
  7.25191371e+00  -5.50445895e+00   4.97536776e+00 
  6.51534587e+00  -1.81943161e+00   4.14335076e+00 
  8.84555637e+00  -4.83808746e-01   6.91653099e+00 
  1.16916267e+01  -2.37133855e+00   5.26275227e+00 
  1.15869206e+01  -1.32447869e-01   2.17352382e+00 
  1.13193393e+01   6.17621302e+00   1.75694712e+00 
  8.08980800e+00   4.26093070e+00   2.28080030e+00 
  5.55967532e+00   7.13560900e+00   2.27318549e+00 
  2.75483836e+00   5.91313011e+00   4.65019165e+00 
  2.84494385e+00   5.17418292e+00   8.41145439e+00 
  4.63667538e+00   1.86539146e+00   8.82208361e+00 
 -1.37512464e+00  -8.71409241e+00   7.38658994e+00 
  5.49817183e-01  -8.27319027e+00   4.17443813e+00 
  7.26028962e-01  -9.41701746e+00   5.26287208e-01 
 -3.82393356e+00  -8.11702681e+00   1.55611393e+00 
 -4.69550710e+00  -8.29390632e+00  -2.11029742e+00 
 -2.46988419e+00  -5.61226766e+00  -3.66769756e+00 
  8.89223614e-02  -7.89515599e+00  -5.35634470e+00 
 -2.11677489e+00  -1.08547116e+01  -6.10335508e+00 
 -1.04834103e+00  -1.08413618e+01  -9.79688156e+00 
  2.34843859e+00  -1.21212197e+01  -8.53972594e+00 
 -7.93307804e+00  -8.34618101e+00   5.89544241e+00 
 -7.59346858e+00  -5.47197117e+00   3.33909560e+00 
 -8.37206618e+00  -4.64593090e+00  -2.84390171e-01 
 -9.28527539e+00  -1.68342638e+00  -2.43531662e+00 
 -9.13929944e+00  -7.01486792e-01  -6.09210513e+00 
 -7.61358949e+00   2.51888323e+00  -7.40311912e+00 
 -4.37259170e+00   2.31547343e+00  -5.38002316e+00 
 -1.89602274e+00   1.88198789e+00  -8.31711191e+00 
 -1.22895537e-01   5.10942896e+00  -9.49601596e+00 
 -1.71489768e+00   4.75077466e+00  -1.29378487e+01 
 -5.27977460e+00   4.19266235e+00  -1.17927935e+01 
 -8.01693092e+00   6.74982780e+00  -1.14209670e+01 
 -8.75974939e+00   6.82179226e+00  -7.70963064e+00 
 -1.27569821e+01  -1.08829943e+01   3.36250902e+00 
 -1.24403060e+01  -7.28005416e+00   4.47707092e+00 
 -1.27266657e+01  -4.12880613e+00   2.42034593e+00 
 -1.05940008e+01  -1.03908936e+00   3.17471155e+00 
 -1.09908175e+01   9.05109126e+00  -2.89912499e+00 
 -9.99322779e+00   1.08304841e+01   3.27947091e-01 
 -5.62156621e+00   1.11670326e+01   2.93769521e+00 
 -2.68607627e+00   1.31523600e+01   4.31546655e+00 
 -3.07810575e-01   1.16713394e+01   1.66636146e+00 
 -2.88656147e+00   8.19037723e+00  -1.62758003e+00 
 -6.48492340e+00   8.35952343e+00  -2.87825596e+00 
 -8.27677413e+00   5.10039079e+00  -3.67705589e+00 
 -1.18789153e+01   3.90628044e+00  -4.44726335e+00 
 -1.45719664e+01   2.79903230e+00  -1.94657343e+00 
  1.26620065e+01  -5.84436854e+00   2.89870071e-01 
  9.94154827e+00  -8.56668176e+00  -4.17881588e-02 
  8.99898991e+00   4.37689842e+00  -6.97918185e+00 
  6.20643031e+00   7.01778514e+00  -7.13741813e+00 
  7.42888788e+00   8.75911218e+00  -3.97025006e+00 
  1.10804030e+01   8.86101240e+00  -5.05194430e+00 

   3.292437004490e+00 

  1.99787557e-01  -1.40557992e-01   6.84874575e-01 
 -5.85478738e-01   9.19731233e-01   3.89127202e-01 
 -2.85750090e-01  -2.37326569e-01   2.14616235e+00 
 -1.43409042e+00  -9.71444451e-01   1.94056919e+00 
 -4.25243608e-01   9.44500038e-01   4.13319235e+00 
 -3.09266888e-01   2.36969482e+00   2.41169799e+00 
 -8.20547014e-01   3.43451528e+00   3.06086618e+00 
 -4.73149656e-01   2.17049342e+00   1.02562573e+00 
  5.07358994e-01   2.96656535e+00   3.07980527e-01 
  4.21822812e-01   3.08399720e+00  -1.03196535e+00 
  3.19831767e-01   4.62393046e-01  -1.74221360e+00 
 -7.52558525e-01   1.13899656e+00  -9.83327598e-01 
  1.22788520e-01  -1.04014673e+00  -1.51337579e+00 
  1.14865964e+00  -1.54996815e+00  -2.44814004e+00 
  1.79955829e+00  -4.57326437e+00  -5.95522041e+00 
  2.31888946e+00  -4.06343507e+00  -4.68375749e+00 
  1.86244569e+00  -2.68347263e+00  -4.45056878e+00 
  9.53888889e-01  -2.70322398e+00  -3.28538333e+00 
  2.76172269e+00  -5.06303333e+00  -6.96582879e+00 
 -6.07763614e-01   1.02192450e+00   2.81577568e+00 
  4.51301947e+00   4.68832926e+00   8.54555771e+00 
  3.60558135e+00   6.62250559e+00   5.41188244e+00 
  6.62325186e-01   8.06224708e+00   7.39825699e+00 
  2.31924165e+00  -3.88470607e+00   1.33452049e+01 
  5.78201561e+00  -2.48007832e+00   1.24920060e+01 
  6.61452026e+00  -9.06979401e-01   9.08682235e+00 
  5.84985517e+00  -7.23674875e+00   9.84462646e+00 
  3.51549661e+00  -4.95722727e+00   7.78966990e+00 
  3.67277836e+00  -6.05098863e+00   4.11357043e+00 
  7.01669874e+00  -7.96047164e+00   4.38075915e+00 
  7.09804326e+00  -8.39820644e+00   5.92124950e-01 
  7.34755233e+00  -4.58572196e+00   1.26380171e-01 
  1.09989104e+01  -4.43703313e+00   1.37127928e+00 
  1.19152330e+01  -6.85013616e+00  -1.40993551e+00 
  1.11380163e+01  -4.27115458e+00  -4.11395390e+00 
  1.28484707e+01   1.80798823e+00  -4.51732265e+00 
  9.80977012e+00   9.20027965e-01  -2.43155503e+00 
  8.70659962e+00   4.40189921e+00  -1.28047200e+00 
  7.11528113e+00   3.77222495e+00   2.19558024e+00 
  8.70001927e+00   2.51387594e+00   5.45233048e+00 
  9.24222749e+00  -1.20774955e+00   5.02509158e+00 
  9.61582333e-02  -9.11960009e+00   6.99483746e+00 
  3.14572175e-01  -8.83718864e+00   3.24113873e+00 
 -1.63352215e+00  -9.44863870e+00   3.94030252e-03 
 -4.43192038e+00  -6.97780217e+00   3.08884094e+00 
 -6.91918729e+00  -6.35556589e+00   3.21202183e-01 
 -4.92639588e+00  -4.29168709e+00  -2.19658755e+00 
 -4.39423274e+00  -6.98395369e+00  -4.85724578e+00 
 -7.54254962e+00  -8.98760187e+00  -4.35168761e+00 
 -8.39320552e+00  -8.77674101e+00  -8.09545433e+00 
 -5.46025420e+00  -1.12008110e+01  -8.62296710e+00 
 -5.83642655e+00  -6.55221998e+00   8.88656410e+00 
 -5.78733911e+00  -3.58719400e+00   6.41319855e+00 
 -7.84088053e+00  -2.05557005e+00   3.61046745e+00 
 -8.59609294e+00   1.31864654e+00   2.10010814e+00 
 -9.85722509e+00   2.71852145e+00  -1.18737000e+00 
 -8.13969181e+00   5.46881377e+00  -3.16304790e+00 
 -4.61322854e+00   3.99665542e+00  -2.97552157e+00 
 -4.10974927e+00   3.24794599e+00  -6.73500779e+00 
 -2.12584711e+00   5.91030309e+00  -8.71646121e+00 
 -5.15792250e+00   6.55017925e+00  -1.09314992e+01 
 -7.72304813e+00   6.95395638e+00  -8.17685177e+00 
 -8.92474534e+00   1.01463983e+01  -6.58511908e+00 
 -7.77096001e+00   9.91355751e+00  -2.98712796e+00 
 -1.18174821e+01  -7.10179722e+00   9.10141929e+00 
 -9.82415878e+00  -3.96621477e+00   9.82148479e+00 
 -9.95952569e+00  -6.19775219e-01   8.08208781e+00 
 -6.82362157e+00   1.52770982e+00   7.61508650e+00 
 -6.59263605e+00   1.20107470e+01   2.23797993e+00 
 -3.66842450e+00   1.29207585e+01   4.51751591e+00 
  1.23823613e+00   1.15269873e+01   4.65002365e+00 
  4.95002091e+00   1.23003483e+01   4.36463576e+00 
  5.15523328e+00   1.05548015e+01   9.32685627e-01 
  3.34818422e-01   8.53709667e+00  -5.87042028e-01 
 -3.13377959e+00   9.97656112e+00   7.46068547e-02 
 -6.06902235e+00   7.57153818e+00   3.41009795e-01 
 -9.77488245e+00   7.66065276e+00   1.46047367e+00 
 -1.11781885e+01   7.08759340e+00   4.98670506e+00 
  9.21203450e+00  -9.70866818e+00  -6.12741836e+00 
  5.91730707e+00  -1.13904346e+01  -5.01462354e+00 
  6.25897972e+00   2.06836707e+00  -1.09556699e+01 
  4.79218078e+00   5.43200967e+00  -9.80149498e+00 
  7.85929477e+00   6.24583298e+00  -7.68298621e+00 
  1.03712632e+01   5.37709955e+00  -1.04123314e+01 

   3.292437004490e+00 

  9.99586932e-01  -1.19649848e+00  -1.33440106e+00 
  1.23497759e+00   1.29384468e-01  -1.21213679e+00 
 -6.69168192e-02  -1.22570258e+00  -2.19865375e-01 
  7.68402010e-01  -1.33568451e+00   8.71019379e-01 
 -2.11031212e+00  -3.36662428e-01   4.11485593e-01 
 -1.07748960e+00   1.06466716e+00  -9.94831095e-01 
 -1.77406591e+00   2.16616806e+00  -6.51106603e-01 
  2.57816161e-01   1.11599016e+00  -1.44434144e+00 
  2.75323240e-01   1.45900391e+00  -2.85578659e+00 
  1.44507387e+00   1.75036954e+00  -3.45857277e+00 
  2.89672429e+00  -4.46976055e-01  -2.78622872e+00 
  2.43324175e+00   5.51307459e-01  -1.80015815e+00 
  3.22443677e+00  -1.71452584e+00  -1.98952260e+00 
  3.80909214e+00  -2.52458261e+00  -3.07952250e+00 
  7.54578507e+00  -5.10641182e+00  -4.19077660e+00 
  6.08277033e+00  -5.03002753e+00  -4.19220953e+00 
  5.63446392e+00  -3.62789356e+00  -4.19968615e+00 
  4.96367437e+00  -3.36537639e+00  -2.90947344e+00 
  8.21483798e+00  -5.86157676e+00  -5.27200617e+00 
 -9.11572752e-01  -3.95344450e-02  -8.81479433e-02 
 -8.96801594e+00   2.64320658e-01  -2.82616560e+00 
 -6.46617288e+00   2.73448715e+00  -4.24864987e+00 
 -7.52785276e+00   5.11547001e+00  -1.44061627e+00 
 -9.75259946e+00  -6.87400734e+00   4.22896810e+00 
 -1.07377236e+01  -7.09543227e+00   5.31369901e-01 
 -8.54640660e+00  -5.69899282e+00  -2.29901294e+00 
 -7.01004416e+00  -1.10453951e+01   9.07314010e-01 
 -5.01773148e+00  -7.74613064e+00   1.02495134e+00 
 -1.52914846e+00  -8.37760645e+00  -4.46709469e-01 
 -2.44960416e+00  -1.16054847e+01  -2.35272150e+00 
  9.68120451e-01  -1.16091465e+01  -4.04716029e+00 
  1.30622135e-01  -8.29281508e+00  -5.81202664e+00 
 -2.38310774e+00  -9.94470670e+00  -8.23209157e+00 
  4.33752092e-01  -1.21862476e+01  -9.43153485e+00 
  2.31566034e+00  -9.25131555e+00  -1.09844426e+01 
  1.87479041e-01  -4.59246021e+00  -1.47006570e+01 
 -2.22451111e-01  -4.24135015e+00  -1.09481538e+01 
 -1.86448129e+00  -7.87886143e-01  -1.07414466e+01 
 -4.11602877e+00  -1.01459249e+00  -7.59647256e+00 
 -7.18544741e+00  -3.20498920e+00  -6.90214497e+00 
 -5.89276100e+00  -6.69843059e+00  -6.22994845e+00 
 -1.77391752e+00  -9.80403220e+00   4.88392700e+00 
  1.34405257e+00  -9.23544410e+00   2.84121187e+00 
  5.09806612e+00  -8.53972572e+00   3.10908232e+00 
  2.70882660e+00  -5.43268168e+00   5.95346092e+00 
  5.88303735e+00  -3.45336909e+00   6.44356981e+00 
  6.71118336e+00  -2.24359086e+00   2.91926997e+00 
  9.65189210e+00  -4.57269127e+00   2.18570158e+00 
  1.10033796e+01  -4.98496238e+00   5.67649066e+00 
  1.45380519e+01  -3.99911859e+00   4.52841815e+00 
  1.46237947e+01  -7.40936971e+00   2.76222908e+00 
 -1.96407564e+00  -5.06666184e+00   9.66794147e+00 
 -7.12707540e-01  -2.18773533e+00   7.41912271e+00 
  2.05386742e+00   4.05553914e-01   7.22133555e+00 
  2.64254901e+00   3.90242067e+00   5.93205453e+00 
  5.57391149e+00   6.07577012e+00   4.91162189e+00 
  5.82427932e+00   7.95739608e+00   1.62313724e+00 
  4.77258425e+00   5.04348384e+00  -6.22171744e-01 
  8.09923023e+00   4.57090888e+00  -2.53473370e+00 
  8.28059042e+00   6.25525515e+00  -6.01040010e+00 
  1.11715466e+01   8.43432391e+00  -4.82577027e+00 
  9.60729551e+00   9.64195671e+00  -1.59688042e+00 
  7.70414077e+00   1.28345114e+01  -1.00108550e+00 
  4.18921124e+00   1.17087924e+01  -1.59062422e-01 
  2.72855704e-01  -2.88218591e+00   1.48007211e+01 
 -2.05692176e+00  -1.08291568e+00   1.24219665e+01 
 -1.49349166e+00   2.13547084e+00   1.05333114e+01 
 -2.91746307e+00   2.67646207e+00   7.02000654e+00 
 -1.46265416e+00   1.24552292e+01   6.07523122e-01 
 -4.83721618e+00   1.16904702e+01  -1.00582532e+00 
 -6.38572697e+00   8.23016663e+00  -4.42106893e+00 
 -7.77135527e+00   7.27431142e+00  -7.83035843e+00 
 -4.31782199e+00   6.01678252e+00  -8.99614418e+00 
 -5.57734521e-01   6.57044007e+00  -5.10097922e+00 
 -2.61333803e-01   9.33501582e+00  -2.49132852e+00 
  1.34018311e+00   8.49775734e+00   8.56043256e-01 
  1.73311277e+00   1.01222858e+01   4.34904387e+00 
 -6.50463016e-01   9.85543478e+00   7.34559683e+00 
  6.44707406e+00  -1.29763138e+01  -8.45742700e+00 
  7.22515814e+00  -1.31049266e+01  -4.67590304e+00 
  8.23345018e+00  -6.77522501e-01  -1.24922379e+01 
  6.76175043e+00   2.83472879e+00  -1.19482698e+01 
  3.50320281e+00   1.93825623e+00  -1.37190833e+01 
  5.20574790e+00   3.39915539e-01  -1.67291756e+01 

   3.292437004490e+00 

 -7.45670144e-01   1.31739044e-01   3.42841081e-01 
 -1.22693444e-01   9.29575710e-01  -5.53640704e-01 
 -1.06242708e+00   1.28368651e+00   1.31913765e+00 
  1.40330874e-01   1.33006867e+00   1.99078125e+00 
 -2.16587329e+00   3.31258993e+00   1.49354564e+00 
 -1.64219681e+00   2.91755195e+00  -6.46052807e-01 
 -1.73131258e+00   4.19611769e+00  -1.06318270e+00 
 -7.63850734e-01   1.98341004e+00  -1.23224574e+00 
 -1.36681421e+00   1.45299530e+00  -2.44271573e+00 
 -6.34347170e-01   6.84747521e-01  -3.27328723e+00 
  2.79880272e-01  -1.18404565e+00  -1.52415506e+00 
  6.76852454e-01   2.38407017e-01  -1.47159349e+00 
  5.97264132e-01  -1.76771329e+00  -1.43061958e-01 
  2.99191726e-01  -3.18884056e+00  -4.21744159e-01 
  2.07286980e+00  -7.49793342e+00  -3.52385898e-02 
  8.98005568e-01  -6.64853678e+00   1.75636094e-01 
  9.18053465e-01  -5.49541333e+00  -7.39196460e-01 
  1.09449990e+00  -4.27769018e+00   7.90575856e-02 
  1.86345797e+00  -8.92492115e+00  -3.62065720e-01 
 -1.35603023e+00   2.58659394e+00   7.24144041e-01 
 -9.23676632e+00   5.74917675e+00   1.01718058e-01 
 -7.22356462e+00   5.23689084e+00  -3.07144830e+00 
 -6.01065193e+00   8.84603121e+00  -2.64221074e+00 
 -8.30148929e+00   5.25491355e+00   1.01130701e+01 
 -1.10351138e+01   3.70114490e+00   7.92107767e+00 
 -1.02853001e+01   1.91852120e+00   4.60098544e+00 
 -8.89850572e+00  -7.08867312e-01   1.02929614e+01 
 -6.29326274e+00   4.08484583e-01   7.67905089e+00 
 -4.36163844e+00  -2.68653555e+00   6.48555321e+00 
 -6.97426772e+00  -5.28647477e+00   7.63176566e+00 
 -5.03835132e+00  -8.05188528e+00   5.85505237e+00 
 -5.69109575e+00  -6.36727581e+00   2.45648994e+00 
 -9.42662503e+00  -7.34156261e+00   2.42675312e+00 
 -8.35437073e+00  -1.09725712e+01   2.67956920e+00 
 -6.78424544e+00  -1.09121753e+01  -7.98646742e-01 
 -9.10336719e+00  -8.67680381e+00  -6.24558411e+00 
 -7.44580014e+00  -6.24647003e+00  -3.85423502e+00 
 -7.72221019e+00  -2.99339044e+00  -5.85585319e+00 
 -8.03692330e+00  -2.51358933e-01  -3.13667277e+00 
 -1.08037166e+01   3.69632255e-01  -5.55881422e-01 
 -1.03800691e+01  -2.25508357e+00   2.13826199e+00 
 -2.26682027e+00  -6.70718109e-01   1.11822014e+01 
 -5.92467227e-01  -3.08355455e+00   8.81735951e+00 
  2.80367947e+00  -4.54395514e+00   7.82649418e+00 
  3.15224401e+00   2.82848746e-01   8.00855121e+00 
  6.54400836e+00   9.15048051e-02   6.36756947e+00 
  5.77768057e+00  -1.43237133e+00   2.95280423e+00 
  7.16200929e+00  -4.94254594e+00   3.56346570e+00 
  9.91423576e+00  -4.11030598e+00   5.99548552e+00 
  1.24969095e+01  -6.00829359e+00   3.87150188e+00 
  1.07262811e+01  -9.20366948e+00   5.05937241e+00 
  1.31158999e+00   5.03530152e+00   1.11380139e+01 
  1.99953467e+00   5.03750138e+00   7.33827013e+00 
  4.88170802e+00   5.10589854e+00   4.86711564e+00 
  5.68463753e+00   6.37823212e+00   1.40686419e+00 
  8.16921924e+00   5.64982141e+00  -1.35970193e+00 
  7.23680937e+00   5.00324501e+00  -4.98321989e+00 
  4.43297672e+00   2.50045412e+00  -4.26703574e+00 
  6.05386585e+00  -6.35006511e-01  -5.84481864e+00 
  4.91566423e+00  -1.47076466e+00  -9.44428750e+00 
  8.48226454e+00  -1.01118935e+00  -1.07002608e+01 
  9.17058163e+00   2.33173632e+00  -9.06256248e+00 
  8.80468798e+00   5.76309076e+00  -1.05663255e+01 
  6.04468830e+00   7.39801795e+00  -8.55625331e+00 
  6.33891816e+00   7.93707695e+00   1.26958632e+01 
  3.73478706e+00   9.12812486e+00   1.02212692e+01 
  4.13694823e+00   9.91729050e+00   6.55275888e+00 
  1.34994214e+00   9.19654674e+00   4.02752576e+00 
  2.02145871e+00   1.13798195e+01  -7.53288446e+00 
 -1.76325367e+00   1.18785873e+01  -7.48188088e+00 
 -5.71580406e+00   8.67571708e+00  -7.08888841e+00 
 -8.83543433e+00   7.01544970e+00  -8.49184922e+00 
 -6.95218743e+00   3.69370771e+00  -9.02732917e+00 
 -1.75900847e+00   4.04933863e+00  -7.43939860e+00 
  5.70114656e-01   7.06029792e+00  -7.66371736e+00 
  3.33596918e+00   7.40378926e+00  -5.07473717e+00 
  5.87280811e+00   1.00861486e+01  -3.90686023e+00 
  5.36410328e+00   1.27960895e+01  -1.23676429e+00 
 -3.16898313e+00  -1.42630959e+01   2.81122976e+00 
 -6.59540701e-01  -1.27794356e+01   5.34565872e+00 
 -3.24789629e-01  -9.36939337e+00  -8.96558405e+00 
 -2.75370944e-01  -5.99353084e+00  -1.08091731e+01 
 -4.08144985e+00  -5.72688060e+00  -1.07937780e+01 
 -4.65499766e+00  -9.28422613e+00  -1.20308488e+01 

   3.292437004490e+00 

 -3.87486419e-01   5.96129646e-01  -6.99153795e-01 
 -8.68948363e-01   1.48398239e+00   1.99865001e-01 
 -1.77515159e+00   1.18609197e-02  -1.03603410e+00 
 -2.17803956e+00   9.44288102e-01  -1.96777653e+00 
 -3.61177989e+00  -1.05106630e+00  -1.07894555e-01 
 -2.53075929e+00   1.08832374e-01   1.47141007e+00 
 -3.55955503e+00   1.79733065e-01   2.33929355e+00 
 -1.54070931e+00   1.10830695e+00   1.37874559e+00 
 -5.54983035e-01   9.04780228e-01   2.42615331e+00 
  3.83036340e-01   1.84553682e+00   2.65343797e+00 
  1.40094710e+00   2.12924997e+00   1.49235978e-01 
  2.21496836e-02   2.51730102e+00   5.12630103e-01 
  1.41675463e+00   1.98654732e+00  -1.37660957e+00 
  2.86548778e+00   1.76326887e+00  -1.57008475e+00 
  6.55168173e+00   3.24254406e+00  -4.03733440e+00 
  5.80412670e+00   2.07748634e+00  -3.55769835e+00 
  5.05919561e+00   2.40553372e+00  -2.33112720e+00 
  3.61813954e+00   2.34033131e+00  -2.65148443e+00 
  8.01430251e+00   3.11841517e+00  -4.21704459e+00 
 -2.74256756e+00  -5.51899616e-02   5.82229486e-02 
 -4.67408996e+00  -7.28116246e+00   4.12637831e+00 
 -3.26183394e+00  -4.38547824e+00   6.12761506e+00 
 -6.88656809e+00  -3.29829916e+00   6.72814835e+00 
 -7.89316614e+00  -9.53943284e+00  -5.14098231e+00 
 -5.39452449e+00  -1.14782627e+01  -2.97546629e+00 
 -2.62495930e+00  -9.76073123e+00  -9.40134719e-01 
 -2.36162312e+00  -1.02784047e+01  -7.33447816e+00 
 -2.72131628e+00  -6.96419209e+00  -5.39671907e+00 
  3.87888120e-01  -4.81635261e+00  -6.07080539e+00 
  2.65033960e+00  -7.70651143e+00  -7.26563341e+00 
  5.66196625e+00  -5.36546988e+00  -7.30572217e+00 
  5.37979287e+00  -4.88770678e+00  -3.49700433e+00 
  6.66549980e+00  -8.44400828e+00  -2.71984582e+00 
  9.83961504e+00  -7.57565142e+00  -4.60897732e+00 
  1.08733873e+01  -4.99395409e+00  -1.99496105e+00 
  1.09787262e+01  -5.44586409e+00   4.31606257e+00 
  7.70163036e+00  -4.57414355e+00   2.62096755e+00 
  5.42570650e+00  -4.14630059e+00   5.67097176e+00 
  1.93746646e+00  -5.24382773e+00   4.39060507e+00 
  7.11175311e-01  -8.66730252e+00   3.17516697e+00 
  2.14112362e+00  -9.16012892e+00  -2.94615311e-01 
 -3.37329773e+00  -4.25980767e+00  -1.00775530e+01 
 -4.52438759e-01  -1.97599590e+00  -9.39162168e+00 
  9.21359050e-01   1.53058184e+00  -1.00735223e+01 
 -3.65959339e+00   1.89818638e+00  -8.54629626e+00 
 -3.23073298e+00   5.62892798e+00  -8.18415704e+00 
 -5.17095126e-01   5.94164122e+00  -5.51798778e+00 
  2.38573470e+00   6.99652617e+00  -7.76996380e+00 
  4.69155113e-01   8.86380761e+00  -1.04198840e+01 
  2.73567878e+00   1.19445568e+01  -1.00252678e+01 
  5.45249273e+00   9.82922646e+00  -1.17284671e+01 
 -9.00986408e+00  -7.37667371e-01  -8.98701181e+00 
 -7.71941485e+00   1.10605075e+00  -5.84905545e+00 
 -7.18385541e+00   4.61810546e+00  -4.50858776e+00 
 -7.20557362e+00   6.48928548e+00  -1.23214422e+00 
 -5.78503357e+00   9.70093412e+00   1.90879183e-01 
 -3.79464581e+00   9.93839564e+00   3.41567378e+00 
 -1.44942263e+00   7.00331731e+00   2.69206964e+00 
  1.86576576e+00   8.97574481e+00   2.43351688e+00 
  4.04358959e+00   9.00660963e+00   5.62824715e+00 
  3.71292165e+00   1.27953577e+01   5.84123228e+00 
 -4.53875037e-02   1.30006655e+01   5.43632593e+00 
 -2.65623219e+00   1.31910249e+01   8.14125256e+00 
 -4.62014960e+00   9.97249642e+00   7.80202061e+00 
 -1.27604121e+01   3.60377632e+00  -1.07776765e+01 
 -1.27216866e+01   1.92972022e+00  -7.38360133e+00 
 -1.21805012e+01   3.47626053e+00  -3.98392264e+00 
 -1.03306036e+01   1.60732675e+00  -1.20028434e+00 
 -8.28424189e+00   5.90929642e+00   9.57775627e+00 
 -8.39014702e+00   2.30959656e+00   1.08451802e+01 
 -5.16529151e+00  -1.62846436e+00   1.04881674e+01 
 -2.81204919e+00  -4.18306851e+00   1.20351412e+01 
  2.76797901e-01  -2.29172706e+00   1.07125760e+01 
 -1.13714558e+00   2.14833231e+00   7.90121675e+00 
 -4.08320483e+00   4.48845429e+00   8.52216227e+00 
 -5.60359364e+00   6.31000957e+00   5.54876183e+00 
 -8.76374669e+00   8.40477726e+00   4.76141130e+00 
 -1.21853739e+01   7.13782012e+00   3.57008438e+00 
  1.23330237e+01  -2.75750350e+00  -7.49020895e+00 
  9.79907700e+00  -1.14017416e+00  -9.91616021e+00 
  1.17250199e+01   3.72773610e+00   3.83688705e+00 
  9.24619342e+00   4.41780885e+00   6.69642009e+00 
  9.37065624e+00   8.04473099e-01   7.91539086e+00 
  1.31731784e+01   5.78449435e-01   7.85417886e+00 

   3.292437004490e+00 

  1.21836085e+00  -4.68467850e-01   3.66770991e-01 
  1.03026756e+00   6.09346253e-01   1.16129008e+00 
  1.50085303e+00  -1.42771293e+00   1.54172629e+00 
  2.84008096e+00  -1.15548580e+00   1.72129259e+00 
  5.84522756e-01  -2.29906964e+00   3.48222548e+00 
 -3.69283219e-01  -3.29739341e-01   3.01300708e+00 
 -8.30723249e-01  -8.41973649e-02   4.25536434e+00 
  4.17051498e-03   6.96508308e-01   2.12133272e+00 
 -1.18475213e+00   1.22866956e+00   1.47836327e+00 
 -1.09596274e+00   2.34382703e+00   7.26630688e-01 
  9.09334884e-01   1.62995373e+00  -9.63585121e-01 
  1.10558939e+00   1.83370305e+00   4.86825717e-01 
  2.10101403e+00   7.93896588e-01  -1.44288445e+00 
  1.83267995e+00   8.26171788e-01  -2.89652429e+00 
  3.83935392e+00   1.73128117e+00  -7.02176833e+00 
  3.00682350e+00   7.97919446e-01  -6.25889367e+00 
  2.31720603e+00   1.49367050e+00  -5.16008867e+00 
  2.86326308e+00   9.74676395e-01  -3.88887291e+00 
  3.60731304e+00   1.85786365e+00  -8.47679312e+00 
  7.67316968e-01  -1.18044128e+00   2.78211717e+00 
 -5.89279486e+00  -5.86856428e+00   5.26400326e+00 
 -6.38076624e+00  -2.14403091e+00   4.74042159e+00 
 -5.53564257e+00  -1.71786380e+00   8.45329701e+00 
  1.35313188e+00  -1.28560160e+01   5.39918430e+00 
 -1.98211530e+00  -1.29545377e+01   3.51287822e+00 
 -3.39646119e+00  -9.92746435e+00   1.61566111e+00 
  1.59579018e+00  -1.33196277e+01  -5.74227850e-01 
  1.75989670e+00  -9.65125468e+00   6.02378629e-01 
  2.74384998e+00  -7.45625741e+00  -2.38903938e+00 
  1.76582299e+00  -9.99980496e+00  -5.12274523e+00 
  2.34294901e+00  -7.36260358e+00  -7.81793952e+00 
 -5.16674132e-01  -5.22434743e+00  -6.38105851e+00 
 -3.26236475e+00  -7.62249287e+00  -7.65164087e+00 
 -1.93759920e+00  -7.07929397e+00  -1.11655845e+01 
 -3.01332999e+00  -3.41736889e+00  -1.11715220e+01 
 -8.51275534e+00  -8.13890880e-01  -9.43297054e+00 
 -5.94552779e+00  -1.57597073e+00  -6.74946943e+00 
 -7.76683073e+00  -2.69625199e-01  -3.64435726e+00 
 -6.50640343e+00  -2.56721546e+00  -7.90565869e-01 
 -6.98209928e+00  -6.33347998e+00  -2.51841062e-01 
 -4.66132233e+00  -8.07629287e+00  -2.68157699e+00 
  7.17621245e+00  -9.67984387e+00   4.40889819e-02 
  7.14036107e+00  -6.76994088e+00  -2.35359621e+00 
  9.20345279e+00  -3.79265181e+00  -3.58963775e+00 
  9.11786565e+00  -3.75380462e+00   1.25224654e+00 
  1.06333367e+01  -2.98842725e-01   1.24303652e+00 
  7.98775980e+00   1.81086947e+00  -5.23348476e-01 
  9.76852756e+00   2.28419953e+00  -3.87229221e+00 
  1.33432524e+01   2.22002002e+00  -2.68936479e+00 
  1.40996501e+01   5.53280265e+00  -4.48858706e+00 
  1.38420074e+01   3.51166454e+00  -7.74515109e+00 
  9.29768507e+00  -7.37657276e+00   6.00730360e+00 
  7.35296605e+00  -4.04397494e+00   5.85503567e+00 
  7.92020187e+00  -2.92977359e-01   6.01772119e+00 
  6.15960683e+00   2.84359325e+00   7.15750123e+00 
  6.31213202e+00   6.56837549e+00   6.47901031e+00 
  3.32093190e+00   8.71947083e+00   5.56094589e+00 
  1.91028037e+00   6.37700335e+00   2.88489135e+00 
  2.41432218e+00   8.66198696e+00  -1.92865231e-01 
 -6.98375995e-01   1.06628608e+01  -1.31437516e+00 
  1.13581594e+00   1.39325645e+01  -6.40510235e-01 
  2.39420579e+00   1.31025862e+01   2.83203626e+00 
  8.10929389e-01   1.39708686e+01   6.13486784e+00 
 -1.27788055e-01   1.06318958e+01   7.65178765e+00 
  1.38232817e+01  -5.31792136e+00   9.38401105e+00 
  1.01370856e+01  -5.14590001e+00   1.02242947e+01 
  7.98556133e+00  -2.10701499e+00   1.08396034e+01 
  4.31334660e+00  -1.99584366e+00   9.75971605e+00 
 -2.88716767e+00   7.19589259e+00   1.13488283e+01 
 -5.76010995e+00   4.68926040e+00   1.15448289e+01 
 -8.18000494e+00   1.85190410e+00   8.06215854e+00 
 -1.12847672e+01   9.04226066e-01   6.08245210e+00 
 -9.88872004e+00   2.57047832e+00   2.89780403e+00 
 -4.97212797e+00   4.74045069e+00   3.75538595e+00 
 -3.65011852e+00   6.39533092e+00   6.92629619e+00 
  8.39491632e-02   6.22588353e+00   7.63254127e+00 
  2.49735907e+00   6.96228577e+00   1.05698367e+01 
  3.58258098e+00   4.57606048e+00   1.33734406e+01 
  2.38143299e+00  -3.77114028e+00  -1.40178138e+01 
  5.77623919e+00  -4.07777037e+00  -1.22003573e+01 
 -3.58100265e+00   6.97076180e+00  -9.56899310e+00 
 -5.06567806e+00   8.36787952e+00  -6.30686012e+00 
 -7.95539443e+00   5.87677169e+00  -6.34555229e+00 
 -8.84659673e+00   6.47946426e+00  -1.00002108e+01 

   3.292437004490e+00 

  5.83981368e-01   5.99194269e-01  -1.97302648e+00 
  1.35057851e+00   6.75664464e-01  -3.08424385e+00 
  1.38490433e+00   1.67361114e+00  -1.20841958e+00 
  7.73097307e-01   2.79835749e+00  -1.71883209e+00 
  3.49748626e+00   2.19166192e+00  -4.12755235e-01 
  3.66434144e+00   7.68415100e-01  -2.13167973e+00 
  4.95015786e+00   1.04059117e+00  -2.43045331e+00 
  2.72411230e+00   3.67081966e-01  -3.10257415e+00 
  2.87366127e+00  -1.05561255e+00  -3.35499794e+00 
  2.21084070e+00  -1.62597509e+00  -4.38062803e+00 
 -3.23423180e-01  -8.10675294e-01  -3.83248941e+00 
  7.59593085e-01   1.15751445e-01  -4.22304092e+00 
 -1.39963815e+00   4.89402956e-02  -3.16044704e+00 
 -2.44304311e+00  -9.84471928e-01  -2.98875282e+00 
 -6.97270098e+00  -1.84941358e+00  -3.76184877e+00 
 -5.87704933e+00  -1.90831124e+00  -2.79111333e+00 
 -4.57718779e+00  -1.98990117e+00  -3.47720171e+00 
 -3.84440362e+00  -7.37337484e-01  -3.19857244e+00 
 -8.03734838e+00  -2.87318448e+00  -3.68848451e+00 
  2.82374049e+00   1.72513452e+00  -1.46314259e+00 
  8.62476210e+00  -1.32036014e+00   3.97454588e+00 
  8.49187485e+00  -2.74900352e+00   4.63745151e-01 
  1.10689650e+01  -8.22981543e-02  -4.99886123e-01 
  4.57956204e+00   5.98744004e+00   9.59403183e+00 
  4.92231080e+00   2.26799204e+00   1.04542415e+01 
  4.18176268e+00  -5.33914181e-01   7.93156633e+00 
 -4.75904859e-01   2.94371808e+00   1.06586833e+01 
  4.19267898e-01   2.99992911e+00   6.90850986e+00 
 -2.58912644e+00   1.68597095e+00   4.91907871e+00 
 -4.29673599e+00  -1.18994594e-01   7.87297235e+00 
 -6.82775204e+00  -1.68375602e+00   5.48603767e+00 
 -4.00855074e+00  -3.61296440e+00   3.71277233e+00 
 -3.50694135e+00  -6.05497071e+00   6.66053271e+00 
 -7.14809808e+00  -7.05607755e+00   6.28954520e+00 
 -6.52139251e+00  -8.65702012e+00   2.88203140e+00 
 -1.95123741e+00  -1.26375559e+01   1.06176902e+00 
 -1.20635305e+00  -8.92041473e+00   1.08646498e+00 
  2.39082402e+00  -8.91656918e+00  -2.27196693e-01 
  4.00996139e+00  -5.85073885e+00   1.50219682e+00 
  4.70271539e+00  -5.18168496e+00   5.21349283e+00 
  1.37498718e+00  -4.31930812e+00   6.79764883e+00 
 -3.11827011e+00   7.05782625e+00   6.09102799e+00 
 -5.05463640e+00   5.11073185e+00   3.50703418e+00 
 -7.22761229e+00   5.48909680e+00   3.79189539e-01 
 -3.19479363e+00   8.11302447e+00  -1.72222281e-01 
 -4.04446783e+00   8.63913819e+00  -3.81018285e+00 
 -3.98275300e+00   5.10140107e+00  -5.24220444e+00 
 -7.74767162e+00   4.57364473e+00  -5.63901710e+00 
 -8.80616173e+00   8.12618266e+00  -6.30322132e+00 
 -1.06980983e+01   7.07073365e+00  -9.47977140e+00 
 -1.32424144e+01   5.45022251e+00  -7.10132922e+00 
  5.95488388e-01   1.16332647e+01   2.82928106e+00 
  1.59380156e+00   9.31635429e+00  -9.41796626e-02 
  1.42607183e+00   9.11531818e+00  -3.88227379e+00 
  3.38177902e+00   7.70653453e+00  -6.78527339e+00 
  2.75744709e+00   6.70744628e+00  -1.03866133e+01 
  3.71381280e+00   3.35616515e+00  -1.18937997e+01 
  2.30060661e+00   1.19467814e+00  -9.07082582e+00 
 -5.05603603e-01  -5.72033932e-01  -1.10587158e+01 
  3.51578523e-01  -4.10468647e+00  -1.23762042e+01 
 -1.18202442e-01  -2.90382328e+00  -1.59604125e+01 
  2.01933597e+00   2.12525434e-01  -1.57361619e+01 
  5.64150748e+00   6.05859818e-01  -1.66819613e+01 
  7.40462653e+00   1.36219479e+00  -1.34184748e+01 
  8.13453013e-01   1.67517213e+01  -3.13188919e-01 
  3.60061199e+00   1.42163276e+01   4.35089446e-02 
  5.34639591e+00   1.22195648e+01  -2.64119967e+00 
  6.54533084e+00   8.63657719e+00  -2.01795664e+00 
  1.19956957e+01   1.88710121e+00  -9.99284194e+00 
  1.37757434e+01   1.82240904e-01  -7.07731455e+00 
  1.22696420e+01  -3.14344405e+00  -3.51263319e+00 
  1.23998584e+01  -6.55979434e+00  -1.84875992e+00 
  8.99535835e+00  -7.54398494e+00  -3.36799522e+00 
  6.91897281e+00  -3.53782999e+00  -6.41043668e+00 
  8.78592086e+00  -1.03448899e+00  -8.59876895e+00 
  7.24407548e+00   2.40155785e+00  -9.13454029e+00 
  8.29349164e+00   5.83721304e+00  -1.05800640e+01 
  9.97041012e+00   8.75159164e+00  -8.72903339e+00 
 -1.19310805e+01  -5.82774275e+00   2.63613514e+00 
 -1.23665686e+01  -2.01783848e+00   2.17045378e+00 
 -4.82271138e+00  -1.02941703e+01  -7.37651782e+00 
 -1.28713353e+00  -9.94966401e+00  -8.85256500e+00 
  3.09424348e-01  -1.18020405e+01  -5.92386557e+00 
 -2.18788346e+00  -1.46787750e+01  -5.96700500e+00 

   3.292437004490e+00 

  1.43698927e+00  -1.20763351e+00  -1.43614634e+00 
  9.33203628e-01  -1.79700212e-01  -7.16510274e-01 
  2.05888490e+00  -2.96819379e-01  -2.51509785e+00 
  3.24001982e+00   1.39117648e-02  -1.87615374e+00 
  1.54662537e+00   1.31433070e+00  -4.09821074e+00 
 -1.60655987e-02   1.30375879e+00  -2.49631850e+00 
 -4.89402913e-01   2.54255022e+00  -2.73718548e+00 
 -3.09518779e-02   7.17417707e-01  -1.21424299e+00 
 -1.35007709e+00   1.67463639e-01  -9.54239997e-01 
 -1.65803752e+00  -2.76025016e-01   2.80685025e-01 
  4.10943669e-01  -1.98529951e+00   7.11220319e-01 
  5.79366889e-01  -5.21876978e-01   5.93962823e-01 
  1.79368478e+00  -2.59626680e+00   4.59100155e-01 
  1.47967012e+00  -4.00752728e+00   7.68700360e-01 
  2.93484460e+00  -7.66639261e+00   3.29036124e+00 
  2.48143889e+00  -7.20503927e+00   1.97589362e+00 
  1.64004288e+00  -6.00426924e+00   2.10711207e+00 
  2.36962867e+00  -4.87673812e+00   1.49075111e+00 
  2.62410309e+00  -9.05354579e+00   3.69804866e+00 
  1.32804831e+00   9.26471681e-01  -2.84254986e+00 
 -3.33557492e+00   1.81076932e+00  -9.91107032e+00 
 -5.03623493e+00   2.21042054e+00  -6.54470179e+00 
 -4.25024125e+00   5.95042904e+00  -6.82010448e+00 
  5.80184572e+00   5.68417945e-01  -1.39496736e+01 
  2.62060106e+00  -1.45202933e+00  -1.46491064e+01 
  2.26894915e-01  -2.60263645e+00  -1.18725520e+01 
  5.97709440e+00  -5.31051717e+00  -1.27822485e+01 
  4.96904663e+00  -3.24740533e+00  -9.68455515e+00 
  5.07465032e+00  -5.54029555e+00  -6.60782619e+00 
  4.89162548e+00  -8.86972110e+00  -8.55224026e+00 
  4.47830874e+00  -1.07866371e+01  -5.28014918e+00 
  1.12677838e+00  -9.01029686e+00  -4.62740844e+00 
 -7.22219688e-01  -1.09798696e+01  -7.38535828e+00 
  2.29030503e-01  -1.41733173e+01  -5.57017684e+00 
 -1.98809991e+00  -1.33191282e+01  -2.58326858e+00 
 -7.97388701e+00  -1.12709441e+01  -2.44315285e+00 
 -5.20783677e+00  -8.73444466e+00  -2.97956514e+00 
 -7.24872590e+00  -5.49954551e+00  -3.16825467e+00 
 -5.20667567e+00  -3.24963067e+00  -5.57234230e+00 
 -4.40152320e+00  -3.69476684e+00  -9.29455168e+00 
 -1.72264028e+00  -6.36001073e+00  -9.51153187e+00 
  1.00722885e+01  -3.51503973e+00  -7.80458822e+00 
  9.00109664e+00  -5.10774157e+00  -4.55904297e+00 
  9.92928700e+00  -5.45219289e+00  -8.61988426e-01 
  1.00026660e+01  -7.65388406e-01  -2.07901634e+00 
  1.02994694e+01   1.67523805e-01   1.56448218e+00 
  7.04893773e+00  -1.14939791e+00   3.07108079e+00 
  8.45927399e+00  -4.17726147e+00   4.92946535e+00 
  1.18957214e+01  -2.86521733e+00   5.73659842e+00 
  1.14608819e+01  -3.73771285e+00   9.45594422e+00 
  1.17684953e+01  -7.40493781e+00   8.35438923e+00 
  1.15249138e+01   2.93582538e+00  -6.52324067e+00 
  8.59044336e+00   3.52139391e+00  -4.08247879e+00 
  7.90089579e+00   4.64561181e+00  -5.21739519e-01 
  5.24909749e+00   6.44092426e+00   1.47367714e+00 
  4.14765685e+00   6.72388875e+00   5.08814476e+00 
  5.86518066e-01   6.21971051e+00   6.30528341e+00 
 -6.88962950e-02   2.97398277e+00   4.38850409e+00 
 -4.48837909e-01   5.95360244e-01   7.41267225e+00 
 -4.08240179e+00  -1.49342411e-01   8.50482711e+00 
 -3.40039107e+00   1.41414459e+00   1.19106583e+01 
 -1.82043141e+00   4.62908632e+00   1.06863767e+01 
 -3.48608158e+00   7.95792395e+00   1.01261765e+01 
 -3.22449519e+00   8.54151879e+00   6.39496149e+00 
  1.52381673e+01   6.94868257e+00  -4.02725412e+00 
  1.17308564e+01   7.61404469e+00  -5.28414437e+00 
  8.72398147e+00   8.85767901e+00  -3.37245393e+00 
  5.18363676e+00   7.65198150e+00  -4.19460335e+00 
 -4.57465785e+00   1.11148787e+01   1.43076135e+00 
 -6.45763208e+00   1.05296299e+01  -1.83838383e+00 
 -7.93123507e+00   6.32824723e+00  -4.33084309e+00 
 -1.06195237e+01   4.01710795e+00  -5.70511352e+00 
 -9.95808461e+00   1.42646394e+00  -2.92691457e+00 
 -5.99909099e+00   3.05162714e+00   4.34977546e-01 
 -5.18471119e+00   6.59936623e+00   1.57134994e+00 
 -1.57973772e+00   7.43241941e+00   2.45506065e+00 
  5.58228763e-01   1.05809633e+01   3.16942108e+00 
  2.46223111e+00   1.27511611e+01   6.40194094e-01 
  3.12260533e+00  -1.58813797e+01  -4.27912787e-01 
  6.49062470e+00  -1.40257094e+01  -6.07439126e-02 
 -5.87691525e+00  -9.20214175e+00   6.28978883e+00 
 -7.62438898e+00  -5.77537239e+00   6.25376379e+00 
 -9.53638241e+00  -6.58452449e+00   3.05264992e+00 
 -1.07014194e+01  -1.00134275e+01   4.23557905e+00 

   3.292437004490e+00 

