 -1.45885850e+00  -1.07054447e+00  -2.13056957e+00 
 -1.75436010e+00   2.86556489e-01  -1.92043974e+00 
 -4.41433413e-03   1.60909812e+00   3.11995439e+00 
  1.18331011e+00   2.46244227e+00   1.19688013e+00 
 -2.42898359e+00   1.56240356e+00   8.61050755e-01 
 -2.29050021e+00  -7.75283418e-01   3.83814852e-01 
  1.11482594e+00   2.59177240e+00   2.72190911e+00 
 -1.20465219e+00   2.41132915e+00   1.23875011e+00 
  2.54106518e-02   1.72268811e+00   7.71922161e-01 
 -1.52308089e+00   3.93988529e-01   4.81113634e-01 
 -2.94530005e+00   9.69556836e-01  -2.34772678e+00 
 -2.93705045e+00   2.22893227e+00  -2.16107808e+00 
 -1.76548512e+00  -1.91558590e+00   3.74296022e-01 
 -3.42788965e+00  -8.14717862e-01  -3.90352903e-01 
  2.27338759e+00   1.82712489e+00   3.07953418e+00 
 -1.16548678e+00   2.11787141e+00   2.61441658e+00 
 -3.24268520e-01   4.29592089e-01   1.22024001e+00 
 -1.09252748e+00   8.61532070e-01  -8.50682762e-01 
 -4.03750060e+00   4.89934939e-01  -3.03160545e+00 
 -5.74075103e-01   1.33762083e+01   3.24007740e+00 
 -1.30892859e+00   1.07338589e+01   5.84303942e+00 
  1.87786763e+00   6.11856778e+00   8.02258535e+00 
  6.52372780e+00   7.65283269e+00   5.39555081e+00 
  7.85417815e+00   1.13368139e+01   2.45472554e+00 
 -7.30409929e+00   9.58519301e+00   6.89430318e+00 
 -7.91362822e+00   7.62045313e+00   3.67841927e+00 
 -5.67033711e+00   7.20922918e+00   6.53700106e-01 
  3.03814814e+00   1.31610032e+01  -1.15871222e+00 
  2.50948315e+00   9.71363299e+00   3.27539198e-01 
  2.58996362e+00   5.92328906e+00  -5.52726340e-01 
 -2.11682463e-01   6.43902300e+00  -2.96854631e+00 
 -3.97521502e-01   3.61989633e+00  -5.46186742e+00 
 -6.59321971e-01   4.64074891e+00  -9.11906266e+00 
 -3.74142219e+00   2.85709433e+00  -1.04355563e+01 
  8.13041491e+00   3.10659613e-01  -7.28454795e+00 
  6.65707711e+00  -2.61480214e+00  -5.37174045e+00 
  3.94063930e+00  -5.24759201e+00  -5.33667645e+00 
  2.10149009e+00  -7.86037475e+00  -3.33766252e+00 
  4.27784736e+00  -1.02902151e+01  -1.43275568e+00 
 -4.64815405e+00  -1.49709027e+01   3.41876218e+00 
 -5.00433039e+00  -1.12025498e+01   3.19992595e+00 
 -7.01941913e+00  -8.36896724e+00   4.66177328e+00 
 -1.19413058e+01  -7.03405234e+00   9.56484144e-01 
 -8.62636434e+00  -5.31564788e+00   2.82738142e-01 
 -6.85906772e+00  -4.89412591e+00  -3.06599439e+00 
 -4.71915733e+00  -7.94179388e+00  -2.27727918e+00 
 -7.72594555e+00  -1.01950378e+01  -1.73705009e+00 
 -6.51921071e+00  -5.62000099e+00   9.03224199e+00 
 -2.74958567e+00  -5.78254679e+00   8.44065951e+00 
 -1.87002920e+00  -5.54174263e+00   1.21748136e+01 
 -2.50886374e+00  -1.02668652e+01   1.00299427e+01 
 -1.86202353e-01  -1.14611479e+01   1.69659865e+00 
  1.91845979e-01  -7.68704838e+00   1.63064446e+00 
  2.08236377e+00  -4.71627199e+00   1.85494309e-01 
  5.74893803e+00  -5.51015898e+00  -6.03006680e-02 
  6.97651618e+00  -2.22157845e+00   1.31486313e+00 
  5.32585526e+00  -3.06131488e+00   4.66089691e+00 
  6.75132879e+00  -6.50171981e+00   4.55443314e+00 
  1.02909548e+01  -5.08220686e+00   4.17505783e+00 
  9.62038351e+00  -2.68612795e+00   7.05358624e+00 
  8.32821814e+00  -5.42707167e+00   9.35953867e+00 
  9.47596296e+00  -1.19771341e+01  -4.65820927e+00 
  6.75632312e+00  -9.64150014e+00  -5.89018934e+00 
  3.49325678e+00  -1.12580069e+01  -6.99189404e+00 
  2.31802217e+00  -8.26041351e+00  -8.99699852e+00 
  3.81002818e+00  -4.87488139e+00  -9.92245274e+00 
  2.78618282e+00  -1.26611138e+00  -9.14546039e+00 
  4.35799877e+00   1.99476783e+00  -7.99196791e+00 
  3.85466446e+00   4.98785424e+00  -5.71299963e+00 
  3.62689665e+00   8.40733922e+00  -7.28786673e+00 
  1.36269825e+01   1.05094286e+00   6.38339538e+00 

   1.808338837273e+00 

 -2.12597493e+00  -9.93215113e-01   2.95698684e+00 
 -3.21911720e+00  -1.14984751e-01   2.87361903e+00 
 -3.52406207e+00   1.67374221e+00  -2.31525984e+00 
 -2.80224944e+00   3.19549988e+00  -5.83110801e-01 
 -4.98973282e+00   3.02943144e-01   3.22178548e-01 
 -3.37388081e+00  -1.42846243e+00   6.43066627e-01 
 -3.19155742e+00   3.15809035e+00  -2.06438376e+00 
 -4.62512225e+00   1.69599769e+00  -2.15201210e-01 
 -3.17420072e+00   1.93222478e+00  -4.88512334e-03 
 -3.51108475e+00  -4.30702030e-02   4.77356618e-01 
 -4.48546523e+00  -2.74469534e-01   3.53568318e+00 
 -5.27999513e+00   7.13337206e-01   3.41781736e+00 
 -2.26951797e+00  -2.00833156e+00   5.01095858e-01 
 -4.09890607e+00  -2.10367239e+00   1.59856409e+00 
 -1.88861658e+00   3.23780368e+00  -2.65669917e+00 
 -4.64766053e+00   1.39987496e+00  -1.59066948e+00 
 -2.73029710e+00   6.68823446e-01  -4.54472011e-01 
 -3.23898970e+00   6.74231328e-01   1.73795078e+00 
 -4.92183956e+00  -1.27559956e+00   4.37111442e+00 
 -1.11740814e+01   1.06130975e+01  -1.70784251e+00 
 -1.05673330e+01   7.91086854e+00  -4.28218632e+00 
 -5.65046036e+00   6.06927916e+00  -7.22155962e+00 
 -2.55108495e+00   1.02831738e+01  -5.35708650e+00 
 -3.27653017e+00   1.41930846e+01  -2.49761184e+00 
 -1.46800678e+01   3.27963637e+00  -4.34352019e+00 
 -1.34085390e+01   1.56220929e+00  -1.18008908e+00 
 -1.09117958e+01   2.79956720e+00   1.38615432e+00 
 -7.50640686e+00   1.29283258e+01   1.98427085e+00 
 -6.05992181e+00   9.78760121e+00   4.29818664e-01 
 -3.53342679e+00   6.89925202e+00   1.07967516e+00 
 -5.60789751e+00   5.75277816e+00   3.96646530e+00 
 -3.60858552e+00   3.57257347e+00   6.30058625e+00 
 -3.81768427e+00   4.45376274e+00   9.99727932e+00 
 -4.88975824e+00   1.24952051e+00   1.17285823e+01 
  5.31691172e+00   6.27686672e+00   6.44621751e+00 
  5.64187872e+00   2.94486281e+00   4.66295373e+00 
  5.14336447e+00  -7.93735693e-01   4.95657093e+00 
  4.97980699e+00  -4.10740397e+00   3.16827239e+00 
  7.82626432e+00  -4.82143505e+00   7.89792771e-01 
  2.96326244e+00  -1.42737512e+01  -2.69223197e+00 
  4.22412878e-01  -1.15004407e+01  -2.21466816e+00 
 -3.11405591e+00  -1.05850432e+01  -3.15392643e+00 
 -7.11138918e+00  -1.22949388e+01   1.41047028e+00 
 -5.48353411e+00  -8.87259674e+00   1.59308116e+00 
 -3.80905752e+00  -7.24701336e+00   4.60449852e+00 
 -4.24990187e-01  -8.39970082e+00   3.29722346e+00 
 -1.46520607e+00  -1.20479892e+01   3.16428035e+00 
 -5.14408220e+00  -8.38889332e+00  -7.39231524e+00 
 -2.02923428e+00  -6.18021185e+00  -7.46920771e+00 
 -2.12611129e+00  -5.69301380e+00  -1.12808696e+01 
  6.28494324e-01  -9.67734133e+00  -9.31296566e+00 
  4.56077918e+00  -8.66966787e+00  -1.58073311e+00 
  2.55852892e+00  -5.45381037e+00  -1.37985461e+00 
  2.44964712e+00  -1.86156020e+00  -1.26095344e-01 
  5.81216053e+00  -2.36582778e-01  -5.58981581e-01 
  4.52046703e+00   3.02150134e+00  -1.94793849e+00 
  3.19216959e+00   1.13689290e+00  -4.99911165e+00 
  6.41462525e+00  -7.04344557e-01  -5.32364142e+00 
  8.34920691e+00   2.60007245e+00  -5.48524827e+00 
  5.88094504e+00   3.89908796e+00  -8.07310991e+00 
  6.16697686e+00   7.98117656e-01  -1.02644678e+01 
  1.34217564e+01  -2.77665959e+00   2.97588850e+00 
  1.00990927e+01  -2.51154568e+00   4.78116476e+00 
  8.74868428e+00  -5.70790948e+00   6.34132653e+00 
  6.34661022e+00  -3.92840566e+00   8.67597697e+00 
  5.58840310e+00  -2.84934788e-01   9.50941388e+00 
  2.46059477e+00   1.89124833e+00   9.11414239e+00 
  1.48948895e+00   5.35162134e+00   7.88237310e+00 
 -1.11299581e+00   7.26264305e+00   5.88720965e+00 
 -3.11257585e+00   9.92566778e+00   7.65778609e+00 
  6.80987516e+00   9.33753788e+00  -7.90565698e+00 

   1.808338837273e+00 

 -2.14760372e+00   2.05753990e+00  -1.86518176e+00 
 -3.18599310e+00   2.38098673e+00  -9.76177579e-01 
 -2.03357043e+00   2.60535823e-02   3.85530370e+00 
 -3.84211814e+00  -8.52731718e-01   2.51590393e+00 
 -2.84928977e+00   2.72901549e+00   2.11980349e+00 
 -1.07831307e+00   2.55420810e+00   5.24561798e-01 
 -3.19645246e+00  -9.85179083e-01   3.89890909e+00 
 -3.52601768e+00   1.50317917e+00   2.75358853e+00 
 -3.28998117e+00   3.18495918e-01   1.88986301e+00 
 -2.12175001e+00   1.83251525e+00   1.12121508e+00 
 -3.86112764e+00   3.64740862e+00  -8.88026522e-01 
 -4.85857925e+00   3.66907763e+00  -9.71074358e-02 
 -1.52756208e-01   1.98596037e+00  -1.05089063e-01 
 -1.30537194e+00   3.78288280e+00  -5.28014189e-02 
 -2.48161718e+00  -2.21371339e+00   3.71300433e+00 
 -2.59976933e+00   1.26586100e+00   3.78599044e+00 
 -1.91508341e+00   5.47602630e-01   1.66067313e+00 
 -3.22630589e+00   1.60655260e+00   1.69084826e-01 
 -3.66809712e+00   4.79992605e+00  -1.61264506e+00 
 -1.20841432e+01   1.08794905e+00   9.91023468e+00 
 -8.44265986e+00   1.34847773e+00   1.08946912e+01 
 -3.71712259e+00  -2.30201036e+00   1.01529114e+01 
 -6.82442230e+00  -6.47914098e+00   8.22015060e+00 
 -1.15950225e+01  -7.23810653e+00   7.41045083e+00 
 -6.30179068e+00   7.09085566e+00   1.17938216e+01 
 -6.12166734e+00   8.04252636e+00   8.10119163e+00 
 -7.49036818e+00   6.21232541e+00   5.08003147e+00 
 -1.44422963e+01  -1.90325552e+00   5.67518692e+00 
 -1.06761417e+01  -1.73124364e+00   5.27608401e+00 
 -7.84188258e+00  -1.85770350e+00   2.61168263e+00 
 -9.18118341e+00   1.26428211e+00   1.05898576e+00 
 -7.95179521e+00   1.66166286e+00  -2.48069710e+00 
 -1.06056428e+01   2.45917314e+00  -5.08968670e+00 
 -9.38739183e+00   5.60987552e+00  -6.82256296e+00 
 -6.88602439e+00  -6.67851158e+00  -6.51858443e+00 
 -3.26165748e+00  -5.60616762e+00  -6.19932555e+00 
 -6.83142096e-01  -3.03700438e+00  -7.23010437e+00 
  2.75190450e+00  -1.60052542e+00  -6.64517422e+00 
  5.55992446e+00  -4.11821830e+00  -6.43169948e+00 
  1.29312930e+01   3.85792179e+00  -3.75519444e+00 
  9.60435828e+00   4.40471346e+00  -2.02090513e+00 
  8.08669208e+00   6.32587643e+00   8.48344282e-01 
  5.62822487e+00   1.17565325e+01  -1.20105755e+00 
  3.46277132e+00   8.64119074e+00  -1.23484013e+00 
  1.26507789e+00   7.36230223e+00  -4.07202455e+00 
  4.06178116e+00   5.00438275e+00  -5.12475183e+00 
  6.59134953e+00   7.80934315e+00  -5.50318553e+00 
  7.80830585e+00   5.36081282e+00   5.93746739e+00 
  7.26101248e+00   1.70209941e+00   4.98838884e+00 
  8.79732607e+00   3.37828282e-01   8.23708366e+00 
  1.18930498e+01   1.05328602e+00   4.08497835e+00 
  8.58119605e+00  -1.72997751e-01  -3.90210764e+00 
  5.24722869e+00  -3.73389835e-01  -2.10332962e+00 
  1.76985324e+00  -1.91984909e+00  -2.03735589e+00 
  1.94914531e+00  -5.55082771e+00  -2.99562892e+00 
 -3.45677259e-01  -6.80793127e+00  -2.81542426e-01 
  2.19985104e+00  -5.66240958e+00   2.33262024e+00 
  4.97078823e+00  -7.20942860e+00   3.81124750e-01 
  3.18481560e+00  -1.05999848e+01   4.29345905e-01 
  2.60067914e+00  -1.02201145e+01   4.16983638e+00 
  6.23991553e+00  -9.37212370e+00   4.90246898e+00 
  4.88399182e+00  -8.90198894e+00  -1.05461017e+01 
  2.54561129e+00  -5.94147811e+00  -1.01762993e+01 
  3.74411687e+00  -2.63333471e+00  -1.16234416e+01 
  2.90763233e-01  -1.06829567e+00  -1.17338397e+01 
 -3.24745683e+00  -2.27231406e+00  -1.09750817e+01 
 -5.87630957e+00  -1.20602777e+00  -8.40071496e+00 
 -8.29247200e+00  -2.77516889e+00  -5.92393504e+00 
 -9.70511894e+00  -2.45380922e+00  -2.41583517e+00 
 -1.34111548e+01  -1.86629783e+00  -2.03492738e+00 
 -1.38043598e+00  -1.39323797e+01   5.08498581e+00 

   1.808338837273e+00 

 -2.95773136e+00   3.16648609e-01   9.93467784e-02 
 -3.19785416e+00  -1.00003786e+00   5.25816653e-01 
  1.06915904e-01  -1.99146457e+00   4.80513522e+00 
  5.61637380e-01  -3.06573954e+00   2.68941741e+00 
 -2.93222095e+00  -2.00083348e+00   3.48342363e+00 
 -2.90623033e+00   2.77871104e-01   2.76332501e+00 
  1.00468494e+00  -3.06356915e+00   4.15598957e+00 
 -1.67255245e+00  -2.88093597e+00   3.51462830e+00 
 -6.53860884e-01  -2.30183331e+00   2.60242382e+00 
 -2.17843306e+00  -9.19393843e-01   2.71368490e+00 
 -4.47893227e+00  -1.65019213e+00   5.85314263e-01 
 -4.43847568e+00  -2.88819080e+00   8.79686169e-01 
 -2.38787159e+00   1.38302151e+00   2.47012201e+00 
 -4.23590960e+00   3.14716074e-01   2.40957224e+00 
  2.23387118e+00  -2.33621188e+00   4.03392731e+00 
 -1.16810400e+00  -2.47641325e+00   4.76442939e+00 
 -8.02536563e-01  -9.58703345e-01   3.01383502e+00 
 -2.22984631e+00  -1.51913984e+00   1.36634817e+00 
 -5.72539405e+00  -1.17029400e+00   2.58725755e-01 
 -6.68000416e-01  -1.36588593e+01   6.24570067e+00 
 -4.26135565e-01  -1.07725556e+01   8.67637611e+00 
  3.41478342e+00  -6.17266579e+00   9.21984484e+00 
  6.87518678e+00  -8.17206736e+00   5.36403132e+00 
  7.05658299e+00  -1.21555166e+01   2.51982737e+00 
 -5.69430235e+00  -9.21446497e+00   1.15373957e+01 
 -7.29872504e+00  -7.49426049e+00   8.53067620e+00 
 -6.18860558e+00  -7.45975394e+00   4.90895972e+00 
  1.26691468e+00  -1.40087134e+01   8.99905515e-01 
  1.34815627e+00  -1.04257416e+01   2.13623235e+00 
  1.21894850e+00  -6.73203693e+00   9.16436031e-01 
 -2.24124047e+00  -7.29351394e+00  -3.73224498e-01 
 -3.18439847e+00  -4.68609489e+00  -2.92478881e+00 
 -4.67969824e+00  -5.99240020e+00  -6.17184924e+00 
 -7.98156059e+00  -4.15898298e+00  -6.55941515e+00 
  4.31681693e+00  -2.01114165e+00  -7.78022948e+00 
  3.63866186e+00   1.13968233e+00  -5.78015517e+00 
  1.15388301e+00   3.91068726e+00  -5.10247381e+00 
  1.52603055e-01   6.77755879e+00  -2.87006564e+00 
  2.89802044e+00   9.23518654e+00  -2.03815560e+00 
 -3.77491052e+00   1.47845884e+01   5.01845089e+00 
 -4.27289101e+00   1.10362134e+01   5.29582345e+00 
 -5.74867522e+00   8.44867154e+00   7.60957755e+00 
 -1.16572318e+01   7.08044028e+00   5.89113765e+00 
 -8.80087707e+00   5.13333624e+00   4.32726182e+00 
 -8.26733529e+00   4.33823896e+00   6.39690645e-01 
 -5.91535654e+00   7.31957199e+00   3.76218574e-01 
 -8.51348172e+00   9.77088933e+00   1.66094419e+00 
 -3.87920784e+00   6.05035494e+00   1.18120994e+01 
 -5.22516677e-01   5.95684599e+00   9.99266420e+00 
  1.55060307e+00   5.98044227e+00   1.32295039e+01 
  3.42516153e-01   1.05381598e+01   1.09704994e+01 
 -2.31530832e-01   1.09050023e+01   2.26408874e+00 
  1.31684120e-02   7.12354161e+00   2.44234538e+00 
  1.23981110e+00   3.94381847e+00   7.47430250e-01 
  4.63015273e+00   4.51295964e+00  -7.74443785e-01 
  6.16911050e+00   1.28831197e+00   4.28071036e-01 
  5.75443299e+00   2.49294486e+00   4.03399434e+00 
  7.14299133e+00   5.82947387e+00   3.12891126e+00 
  1.03166328e+01   4.19203535e+00   1.73797997e+00 
  1.05920582e+01   2.08445191e+00   4.89377126e+00 
  1.02118321e+01   5.07454869e+00   7.22070698e+00 
  6.75451744e+00   1.03608827e+01  -6.95037420e+00 
  3.72488073e+00   8.08276220e+00  -6.97987678e+00 
  3.20512062e-01   9.77765317e+00  -7.08972992e+00 
 -1.52885268e+00   6.69205563e+00  -8.29227893e+00 
 -5.13410526e-01   3.16473048e+00  -9.32728119e+00 
 -1.30311676e+00  -3.05376054e-01  -7.90956396e+00 
  4.86541330e-01  -3.53974301e+00  -7.03179533e+00 
  7.04621493e-01  -6.30047294e+00  -4.43633402e+00 
 -1.18177410e-01  -9.82176061e+00  -5.50801361e+00 
  1.40533510e+01  -1.90875771e+00   3.29958869e+00 

   1.808338837273e+00 

  3.40494813e+00   9.21858143e-01  -1.80008227e+00 
  4.32728407e+00   1.27157730e+00  -7.99986421e-01 
  1.53602015e+00   1.88801523e+00   3.89531437e+00 
  2.98786076e+00  -2.45391692e-02   3.62811652e+00 
  3.68459782e+00   3.08458642e+00   1.67378484e+00 
  2.28390485e+00   2.76530529e+00  -2.36144718e-01 
  2.13705067e+00   7.01584794e-01   4.67501476e+00 
  3.66770046e+00   2.14276077e+00   2.88827969e+00 
  3.09145879e+00   8.36263564e-01   2.48057883e+00 
  2.81370102e+00   2.11045151e+00   8.84604542e-01 
  5.45248687e+00   2.15287284e+00  -9.56952953e-01 
  6.22584214e+00   2.21959189e+00   5.22063275e-02 
  1.31728136e+00   2.29532260e+00  -8.84817604e-01 
  3.09892557e+00   3.45127347e+00  -1.10777216e+00 
  1.00799441e+00  -1.80492169e-01   4.71994582e+00 
  2.57772918e+00   2.70930762e+00   3.57464466e+00 
  1.99900863e+00   1.35395004e+00   1.74988389e+00 
  3.85344022e+00   1.13937251e+00   4.92682607e-01 
  5.88394644e+00   2.84010871e+00  -2.06698842e+00 
  9.98942950e+00   2.38500901e+00   1.20865714e+01 
  6.69721315e+00   4.19697906e+00   1.16676359e+01 
  1.05273000e+00   2.30686268e+00   1.07877080e+01 
  2.35744951e+00  -3.02841323e+00   1.16073628e+01 
  6.41734265e+00  -5.52971617e+00   1.27258529e+01 
  7.08175829e+00   1.00567831e+01   9.69748805e+00 
  7.90936804e+00   9.21377198e+00   6.06733212e+00 
  8.83168218e+00   5.87814423e+00   4.52677692e+00 
  1.14936695e+01  -2.78294289e+00   1.02228775e+01 
  8.27176220e+00  -1.63898493e+00   8.58474904e+00 
  6.11276115e+00  -2.07348874e+00   5.37570361e+00 
  8.87698474e+00  -6.09315812e-01   3.33446527e+00 
  8.50970370e+00  -1.51343874e+00  -3.05085242e-01 
  1.16272601e+01  -2.87910517e+00  -2.00847997e+00 
  1.21517756e+01  -6.69738065e-01  -5.05109423e+00 
  4.66094596e+00  -9.96302614e+00  -1.19415667e+00 
  1.83364152e+00  -7.78597496e+00  -2.48050074e+00 
  7.87478410e-01  -5.31115567e+00  -5.14370530e+00 
 -1.75862044e+00  -2.76914143e+00  -6.26651624e+00 
 -5.36408761e+00  -3.88247522e+00  -6.09210480e+00 
 -8.97711391e+00   6.29271026e+00  -9.01292742e+00 
 -6.05329483e+00   6.49596833e+00  -6.60768252e+00 
 -4.33938238e+00   8.93050082e+00  -4.29201291e+00 
  4.80635432e-01   1.17352862e+01  -7.23084616e+00 
  1.09534266e+00   8.44859872e+00  -5.43766333e+00 
  2.96154663e+00   5.39512782e+00  -6.74480752e+00 
 -3.65619297e-01   3.83125514e+00  -7.73163948e+00 
 -1.37138675e+00   6.78550770e+00  -9.89278609e+00 
 -5.30612251e+00   1.03710017e+01   5.96585186e-01 
 -6.21982119e+00   6.72189103e+00   1.25659253e+00 
 -8.68261089e+00   7.55796743e+00   4.08699116e+00 
 -1.04821225e+01   7.22447479e+00  -8.10549477e-01 
 -6.78494916e+00   1.50622592e+00  -6.27847678e+00 
 -4.18200275e+00   1.11546973e+00  -3.54661344e+00 
 -1.74785036e+00  -1.23322949e+00  -1.80117857e+00 
 -3.29618068e+00  -4.63512517e+00  -1.39594086e+00 
 -2.21289653e+00  -5.15885678e+00   2.17687122e+00 
 -4.41050967e+00  -2.20909770e+00   3.22338860e+00 
 -7.22846523e+00  -3.51832990e+00   1.16797309e+00 
 -7.08183729e+00  -6.87705586e+00   3.00790649e+00 
 -6.99198679e+00  -5.03183670e+00   6.33414745e+00 
 -9.99315080e+00  -2.84737708e+00   5.48501187e+00 
 -6.13923506e+00  -9.95711026e+00  -7.75571775e+00 
 -2.85701786e+00  -8.06083072e+00  -7.73171894e+00 
 -2.29334608e+00  -5.59589711e+00  -1.05743982e+01 
  1.46711888e+00  -5.43038422e+00  -1.01067498e+01 
  3.99110909e+00  -7.19618907e+00  -7.85824324e+00 
  6.37986282e+00  -5.95682569e+00  -5.13188459e+00 
  7.47654607e+00  -6.88684725e+00  -1.61523431e+00 
  8.31709708e+00  -5.45710146e+00   1.79869439e+00 
  1.18104494e+01  -5.95889962e+00   3.12897650e+00 
 -5.16178019e+00  -8.95100714e+00   9.76316132e+00 

   1.808338837273e+00 

 -4.99918421e-01  -1.61649244e+00   2.99757847e+00 
  7.52622696e-01  -2.24534895e+00   2.90334991e+00 
  3.53510868e+00   1.90162868e-01  -1.16396535e+00 
  2.70502568e+00  -2.05632031e+00  -1.48236087e+00 
  3.39754568e+00  -8.39153704e-01   1.98324705e+00 
  1.33985665e+00   2.51268382e-01   2.52046923e+00 
  3.59779572e+00  -1.00019434e+00  -2.14167062e+00 
  3.70463453e+00  -1.40104663e+00   5.86002763e-01 
  2.42803933e+00  -1.61454108e+00  -1.41963054e-01 
  1.94168158e+00  -6.05572347e-01   1.58814575e+00 
  1.55903862e+00  -2.69509847e+00   4.00553882e+00 
  2.59688388e+00  -3.35486314e+00   3.67611499e+00 
  2.53490999e-01   8.33797199e-01   2.28279079e+00 
  1.40559553e+00  -1.07061732e-02   3.87013336e+00 
  2.70873358e+00  -5.42076595e-01  -3.16858018e+00 
  4.15839392e+00  -2.14533734e-01  -1.93063946e-02 
  1.82929288e+00  -3.82165939e-01   2.01716930e-01 
  1.44089825e+00  -1.98621897e+00   1.73197135e+00 
  1.31969659e+00  -2.62408860e+00   5.35768609e+00 
  1.26918260e+01  -7.00741661e+00  -2.93969132e+00 
  1.23245876e+01  -3.24440771e+00  -2.98797049e+00 
  8.58989993e+00   4.80089993e-01  -5.88404162e+00 
  6.44561400e+00  -3.57118474e+00  -9.01908657e+00 
  7.17315870e+00  -8.38766535e+00  -9.53139710e+00 
  1.45418828e+01  -2.59933137e-01   1.96613632e+00 
  1.17072720e+01  -1.23207385e+00   4.33120755e+00 
  8.92259438e+00  -3.75180044e+00   3.83428254e+00 
  8.78117058e+00  -1.10002057e+01  -4.03888633e+00 
  7.15928572e+00  -7.60091320e+00  -3.60634595e+00 
  3.83078691e+00  -5.87541428e+00  -2.56145322e+00 
  4.19815244e+00  -7.28152484e+00   8.79372860e-01 
  9.03311893e-01  -7.28845060e+00   2.70766150e+00 
 -5.47426193e-02  -1.05556001e+01   4.40872645e+00 
 -7.45637945e-01  -9.63291640e+00   8.02607899e+00 
 -6.13449205e+00  -8.65427687e+00  -3.25914213e+00 
 -6.74701642e+00  -5.03662837e+00  -2.29720840e+00 
 -7.55342059e+00  -2.67539311e+00   5.46403155e-01 
 -7.73156568e+00   8.98979210e-01   1.72847211e+00 
 -9.52954517e+00   3.29283103e+00  -5.75018329e-01 
 -6.81201568e+00   1.20263947e+01   5.86388399e+00 
 -3.93491893e+00   9.57540178e+00   5.56357919e+00 
 -2.10123367e-01   9.36100909e+00   6.11738773e+00 
  1.02868235e+00   7.01603838e+00   1.18360070e+01 
  5.71265042e-01   4.61412863e+00   8.93475155e+00 
 -1.54692712e+00   1.44871967e+00   8.84268769e+00 
 -4.35510758e+00   3.42126051e+00   7.19563782e+00 
 -4.49844218e+00   5.98619980e+00   9.99032432e+00 
  3.84126286e+00   1.07138013e+01   3.17387903e+00 
  1.81622837e+00   9.44672306e+00   1.93910594e-01 
  3.49914039e+00   1.18208906e+01  -2.31739361e+00 
 -8.61780199e-01   1.33854180e+01   1.05412539e-01 
 -6.93691128e+00   7.43885144e+00   2.10461716e+00 
 -4.29137574e+00   4.91449135e+00   1.09474314e+00 
 -3.58744477e+00   1.50846584e+00  -4.51704485e-01 
 -5.86986974e+00   9.19559564e-01  -3.38055481e+00 
 -3.22732908e+00  -4.49940643e-01  -5.69447650e+00 
 -1.47483840e+00   2.94852581e+00  -5.62388682e+00 
 -4.72404991e+00   4.68825863e+00  -6.16762360e+00 
 -5.35413545e+00   2.63561676e+00  -9.34213905e+00 
 -1.81930056e+00   3.40505612e+00  -1.05209907e+01 
 -2.17260538e+00   7.15023745e+00  -9.93050533e+00 
 -1.46333923e+01   6.97942557e-01  -3.31124760e+00 
 -1.23367814e+01  -1.00716207e+00  -8.23759246e-01 
 -1.27169126e+01   1.27555170e-02   2.82174725e+00 
 -1.09684708e+01  -3.06137620e+00   4.19282419e+00 
 -9.52161081e+00  -6.24841712e+00   2.67831389e+00 
 -5.97984604e+00  -7.70124292e+00   2.53549585e+00 
 -3.61614333e+00  -9.30154374e+00   2.82203863e-02 
 -4.60296146e-03  -9.39102669e+00  -1.13555669e+00 
  1.87393646e+00  -1.26502402e+01  -8.64302206e-01 
 -1.05063381e+00  -4.39917649e-01  -1.44059640e+01 

   1.808338837273e+00 

 -1.55662272e-01   3.20585499e+00  -7.00391480e-01 
 -7.92751610e-01   2.80935619e+00  -1.88786975e+00 
 -1.46286928e+00  -2.64252416e+00  -1.67587352e+00 
  1.65194051e-01  -1.71219389e+00  -3.19935491e+00 
 -2.74993213e+00   3.75474939e-01  -2.14332697e+00 
 -1.93994538e+00   1.31912689e+00  -1.02455936e-01 
 -5.15577814e-01  -3.03338153e+00  -2.82767947e+00 
 -1.98075985e+00  -6.97771572e-01  -2.92998748e+00 
 -5.49473243e-01  -6.54579393e-01  -2.53658882e+00 
 -1.54018807e+00   6.05778786e-01  -1.24128206e+00 
 -1.84086052e+00   3.52346231e+00  -2.56530745e+00 
 -2.17561506e+00   3.03998513e+00  -3.69452022e+00 
 -1.22137879e+00   1.38764471e+00   9.24670428e-01 
 -2.65073543e+00   2.49254274e+00  -2.13893219e-01 
  5.48020677e-01  -3.65254966e+00  -2.09267220e+00 
 -2.41652809e+00  -1.82968708e+00  -2.21655708e+00 
 -7.59920417e-01  -5.63069571e-01  -1.14278121e+00 
 -7.37653224e-01   1.45162312e+00  -2.14579298e+00 
 -2.45189227e+00   4.71053900e+00  -2.23649388e+00 
 -4.54042701e+00  -5.47525048e+00  -1.26898703e+01 
 -5.64313250e+00  -6.73754889e+00  -9.30046410e+00 
 -2.64348508e+00  -8.83894772e+00  -4.52623730e+00 
  2.21185962e+00  -8.97507886e+00  -7.21814966e+00 
  3.75646652e+00  -7.94302361e+00  -1.17501823e+01 
 -1.11792694e+01  -4.75051713e+00  -7.35893023e+00 
 -1.00571667e+01  -1.20886748e+00  -6.48072700e+00 
 -6.78459301e+00   5.34895501e-01  -7.25528386e+00 
  4.50435304e-01  -3.18819180e+00  -1.42079204e+01 
  1.38245572e-01  -3.37117896e+00  -1.04340835e+01 
  1.36373475e+00  -1.68650040e+00  -7.14651812e+00 
 -3.20934538e-01   1.48873154e+00  -8.16198842e+00 
  1.08363278e+00   4.43779787e+00  -6.28346241e+00 
  2.04921553e+00   7.45461961e+00  -8.39348445e+00 
  1.79105338e-01   1.03830857e+01  -6.86355131e+00 
  1.01443240e+01   3.14457454e+00  -4.48614237e+00 
  8.70801728e+00   2.87136455e+00  -9.86104853e-01 
  6.82319181e+00   4.68743202e+00   1.74541088e+00 
  4.95854222e+00   4.41957738e+00   5.00983977e+00 
  6.69086826e+00   2.44186134e+00   7.72222080e+00 
 -2.19050260e+00   3.31095395e+00   1.44665142e+01 
 -3.23199652e+00   2.70170390e+00   1.08721659e+01 
 -6.21246128e+00   1.59699642e+00   8.84159421e+00 
 -9.47295667e+00   6.60098413e+00   6.82530789e+00 
 -6.60797139e+00   5.30820359e+00   4.70015799e+00 
 -3.81474408e+00   7.32824692e+00   3.07771114e+00 
 -1.54970402e+00   6.48748074e+00   6.01918594e+00 
 -3.97209537e+00   7.89705084e+00   8.57943266e+00 
 -8.04848437e+00  -3.09353688e+00   7.60226487e+00 
 -4.40491866e+00  -4.17914378e+00   7.23846486e+00 
 -5.11680333e+00  -7.85006416e+00   8.12901360e+00 
 -3.84528180e+00  -4.52323623e+00   1.19566516e+01 
  1.72579655e+00   1.97287894e+00   1.02161736e+01 
  1.28194254e+00   9.10967841e-01   6.60142101e+00 
  2.90107761e+00   5.87188040e-01   3.17190252e+00 
  6.45332744e+00  -5.92841830e-01   3.52331288e+00 
  6.31588740e+00  -3.14680642e+00   7.53626871e-01 
  3.71783711e+00  -5.10941539e+00   2.75963822e+00 
  5.77385772e+00  -4.76659092e+00   5.84750901e+00 
  8.79006540e+00  -6.33585837e+00   4.07895433e+00 
  6.55893668e+00  -9.13873760e+00   2.79726855e+00 
  5.09298713e+00  -9.87718301e+00   6.23319212e+00 
  1.29633647e+01   3.39780525e+00   7.82998173e+00 
  1.05031156e+01   5.05375569e+00   5.46896405e+00 
  8.35164721e+00   7.83291762e+00   6.92563553e+00 
  7.43403701e+00   9.31859733e+00   3.55845071e+00 
  8.40546748e+00   8.61385493e+00  -6.14990308e-02 
  6.41326907e+00   7.47431190e+00  -3.12871024e+00 
  6.67635342e+00   4.96937867e+00  -5.97310466e+00 
  4.69989164e+00   2.46107581e+00  -8.02435397e+00 
  4.37434093e+00   3.05642261e+00  -1.17344134e+01 
  9.61021036e+00  -1.12457626e+01  -1.29147988e+00 

   1.808338837273e+00 

  1.72897999e+00  -1.18956733e+00  -3.12856612e+00 
  5.28256098e-01  -1.56850061e+00  -3.75135860e+00 
 -3.51524152e+00  -9.61173991e-01  -7.73579435e-02 
 -2.82031799e+00  -3.18691908e+00  -7.10003387e-01 
 -2.28770401e+00  -3.59767700e-01  -3.09643466e+00 
 -1.83767937e-01   4.95718720e-01  -2.35258781e+00 
 -3.89791927e+00  -2.44547066e+00   8.75926602e-02 
 -3.05182271e+00  -1.46354667e+00  -2.34802740e+00 
 -2.10269197e+00  -2.20889444e+00  -1.48268531e+00 
 -1.06056569e+00  -5.89986485e-01  -2.21817703e+00 
  1.57199510e-01  -1.29287354e+00  -5.11288289e+00 
 -9.22891921e-01  -1.84698978e+00  -5.49666664e+00 
  7.46951542e-01   7.03002083e-01  -1.53599974e+00 
  2.23534898e-01   9.28906429e-01  -3.59395735e+00 
 -3.42341012e+00  -2.69147370e+00   1.41769422e+00 
 -3.70029708e+00  -6.56759667e-01  -1.39477751e+00 
 -1.43633959e+00  -1.08179141e+00  -9.52614550e-01 
 -5.25056101e-01  -1.79334644e+00  -2.88361609e+00 
  8.47824799e-01  -6.22328262e-01  -6.09473573e+00 
 -1.26384504e+01  -6.49298157e+00  -5.07435602e+00 
 -1.23538213e+01  -3.33578444e+00  -3.01316135e+00 
 -9.89181893e+00  -2.13805192e+00   2.34510181e+00 
 -8.91527547e+00  -7.48879841e+00   3.46544593e+00 
 -9.71944480e+00  -1.17627199e+01   1.21218709e+00 
 -1.27585550e+01   1.98144455e+00  -6.16434006e+00 
 -9.27070077e+00   1.80877913e+00  -7.70664264e+00 
 -6.80000226e+00  -1.06259431e+00  -7.74199229e+00 
 -9.30206469e+00  -1.11093083e+01  -5.03101652e+00 
 -7.66983365e+00  -8.24291314e+00  -3.16222224e+00 
 -4.20535850e+00  -6.80768892e+00  -2.12030334e+00 
 -3.34595479e+00  -6.30604573e+00  -5.72046553e+00 
  3.77355051e-01  -5.98141347e+00  -6.20029807e+00 
  1.90135376e+00  -8.13810539e+00  -8.94107613e+00 
  3.78799942e+00  -5.72148013e+00  -1.11803643e+01 
  4.93756111e+00  -1.11909841e+01   4.98063790e-02 
  5.80283063e+00  -7.71475570e+00   1.29681396e+00 
  7.51417083e+00  -4.44962902e+00   4.47044126e-01 
  8.04830326e+00  -8.32869730e-01   1.36296713e+00 
  8.91273877e+00  -1.75253163e-01   4.98092466e+00 
  8.48499513e+00   1.08899502e+01   3.40045857e+00 
  5.70955992e+00   9.11230280e+00   1.52638173e+00 
  2.40774276e+00   9.81199326e+00  -1.57425502e-01 
  3.24658393e+00   1.07431233e+01  -6.33524681e+00 
  2.70182884e+00   7.20543193e+00  -5.07680882e+00 
  4.69428739e+00   4.08291480e+00  -5.96844966e+00 
  6.73822507e+00   4.52501871e+00  -2.78781590e+00 
  7.80807798e+00   8.05222498e+00  -3.69553925e+00 
 -2.42607191e+00   1.02368965e+01   1.67607214e+00 
 -1.53995909e+00   7.37863006e+00   4.04916734e+00 
 -4.01364771e+00   8.49752372e+00   6.77028013e+00 
  8.97276469e-01   1.02841504e+01   6.93199819e+00 
  7.35712507e+00   5.11292503e+00   4.14013961e+00 
  4.55485850e+00   2.89298970e+00   2.87116879e+00 
  3.39956637e+00  -6.66380494e-01   2.17531480e+00 
  4.53706358e+00  -2.95868719e+00   4.92956037e+00 
  1.27408009e+00  -4.81038550e+00   5.29961123e+00 
 -3.85288003e-01  -1.55815224e+00   6.43770487e+00 
  2.45613512e+00  -8.60150885e-01   8.74395814e+00 
  1.97505221e+00  -4.25684686e+00   1.04524401e+01 
 -1.75803704e+00  -3.57304639e+00   1.07230826e+01 
 -1.26574200e+00  -1.22241834e-01   1.22558819e+01 
  1.27875700e+01  -4.57148067e+00   7.41577974e+00 
  1.15107945e+01  -4.46470064e+00   3.84816931e+00 
  1.31144077e+01  -1.89920303e+00   1.54141926e+00 
  1.19823739e+01  -3.59864117e+00  -1.65507816e+00 
  1.01383935e+01  -6.83068956e+00  -2.49052678e+00 
  6.78208698e+00  -7.56257147e+00  -4.18603643e+00 
  3.71667719e+00  -9.75219864e+00  -3.69280311e+00 
 -7.32999483e-02  -9.78827692e+00  -3.89375035e+00 
 -1.70501003e+00  -1.21535258e+01  -6.33671620e+00 
 -3.77641209e+00  -8.62241516e+00   1.16705668e+01 

   1.808338837273e+00 

  2.14116789e+00  -1.94076855e+00   2.69065570e+00 
  1.61730909e+00  -2.23506800e+00   1.42094763e+00 
  6.69333304e-01   2.53843969e+00  -1.13482343e+00 
 -1.20336736e+00   1.21568007e+00  -3.72983949e-01 
  2.03821435e+00  -4.79754119e-01  -1.14055659e+00 
  3.19959670e+00  -2.39055782e-01   9.34284966e-01 
 -8.68599194e-01   2.45745537e+00  -1.20548267e+00 
  6.80361261e-01   1.84272441e-01  -1.41916481e+00 
  2.76262424e-02   5.13863866e-01  -1.26680419e-01 
  1.93948014e+00  -1.02042181e-01   3.35177408e-01 
  2.03312159e+00  -3.31077870e+00   5.62257871e-01 
  1.32693225e+00  -3.46327052e+00  -4.86062276e-01 
  3.46535885e+00   2.76352023e-01   2.04772400e+00 
  3.91917533e+00  -1.40617138e+00   8.13482184e-01 
 -1.22756494e+00   3.47938577e+00  -2.66521300e-01 
  1.14658472e+00   1.45297901e+00  -1.81048174e+00 
  1.16650796e+00   1.06382569e+00   5.02487418e-01 
  1.01810127e+00  -1.16442716e+00   7.82451348e-01 
  2.99895444e+00  -4.26974218e+00   7.57668157e-01 
 -5.81116104e+00  -5.68676588e-01  -1.04703923e+01 
 -3.07197778e+00   1.98964398e+00  -9.97109098e+00 
 -2.29507861e+00   6.45432443e+00  -6.01254841e+00 
 -7.40521697e+00   5.92234331e+00  -3.90475855e+00 
 -1.12987122e+01   3.08291148e+00  -4.78145152e+00 
  2.48206174e+00   4.65968034e-01  -1.22509413e+01 
  3.35737761e+00  -2.06910179e+00  -9.53416363e+00 
  1.15762337e+00  -3.54000771e+00  -6.82346201e+00 
 -9.50639666e+00  -2.64559957e+00  -6.66573134e+00 
 -6.71337912e+00  -7.47786204e-01  -4.94231935e+00 
 -4.74409251e+00  -5.13796503e-01  -1.59340748e+00 
 -3.45305617e+00  -3.97794631e+00  -2.12658633e+00 
 -2.23059920e+00  -5.48861803e+00   1.10174629e+00 
 -3.49044100e+00  -8.99316847e+00   1.88703689e+00 
 -3.66813406e-01  -1.10664094e+01   2.48582197e+00 
 -7.28895687e+00  -2.36115021e+00   8.28720898e+00 
 -3.97455396e+00  -6.56482413e-01   8.99199575e+00 
 -3.14319513e-01  -1.19456226e+00   9.78256529e+00 
  3.11813407e+00   3.39981846e-01   1.00444755e+01 
  3.32013905e+00   3.56428334e+00   1.20021268e+01 
  1.41154692e+01   4.85361155e+00   9.37190965e+00 
  1.21138260e+01   3.55977520e+00   6.42324101e+00 
  1.23398203e+01   3.18856077e+00   2.67652292e+00 
  1.44812074e+01  -2.54368515e+00   1.16260356e+00 
  1.07487863e+01  -2.05210981e+00   1.63490710e+00 
  8.34868162e+00  -4.22454239e+00   3.64365342e+00 
  8.68143932e+00  -1.81701217e+00   6.57326752e+00 
  1.24603994e+01  -2.14929495e+00   6.71030660e+00 
  1.13570566e+01   6.46558266e+00  -1.22262105e+00 
  8.40359417e+00   7.70504388e+00   8.57585474e-01 
  8.45954020e+00   1.12383293e+01  -6.55119849e-01 
  1.12391073e+01   1.02991893e+01   3.67239519e+00 
  8.19336069e+00   4.51725080e+00   9.46534818e+00 
  5.65735555e+00   3.68490394e+00   6.76961557e+00 
  2.10395865e+00   2.55780117e+00   6.00082519e+00 
 -3.15896522e-01   4.20499383e+00   8.35995550e+00 
 -2.88255922e+00   5.11208149e+00   5.75184889e+00 
 -3.26183354e-01   7.43988467e+00   4.11720657e+00 
  5.79796441e-01   8.85667207e+00   7.44160268e+00 
 -3.08044911e+00   9.77679828e+00   8.10783461e+00 
 -3.30137897e+00   1.13359383e+01   4.64415764e+00 
 -1.43457107e-01   1.34127293e+01   5.10713605e+00 
 -4.54843115e-01   3.57809517e+00   1.71030063e+01 
 -2.36731990e-02   7.07630038e-01   1.46649899e+01 
  3.19143256e+00  -1.30556973e+00   1.49558005e+01 
  1.85767602e+00  -4.30526612e+00   1.30557739e+01 
 -1.51086341e+00  -5.27189038e+00   1.15514618e+01 
 -2.66883292e+00  -5.97539145e+00   7.96825228e+00 
 -5.53699413e+00  -5.09537409e+00   5.63722157e+00 
 -6.38043100e+00  -4.12351198e+00   2.06654846e+00 
 -8.59376949e+00  -6.43230261e+00   6.76536148e-02 
 -8.75901640e+00   1.16369240e+01   3.87520340e+00 

   1.808338837273e+00 

  3.79359020e-01  -1.23368542e+00  -2.91332941e+00 
  1.69155762e+00  -8.43513797e-01  -3.22813047e+00 
  4.52025284e+00  -5.71024118e-01   1.47731660e+00 
  3.94342743e+00   1.47390165e+00   3.27250846e-01 
  4.24643130e+00  -1.69773345e+00  -1.62734279e+00 
  2.05597854e+00  -2.61936648e+00  -1.37392335e+00 
  4.77471471e+00   9.49307854e-01   1.50236470e+00 
  4.71302304e+00  -4.36952240e-01  -8.82331565e-01 
  3.52292413e+00   3.37745797e-01  -4.47915913e-01 
  2.80886692e+00  -1.45339339e+00  -1.17577643e+00 
  2.45240785e+00  -1.27547775e+00  -4.36914570e+00 
  3.57253689e+00  -6.89270092e-01  -4.51949131e+00 
  9.38481283e-01  -2.78936847e+00  -8.27736200e-01 
  2.04453071e+00  -3.25748359e+00  -2.59344007e+00 
  3.92531222e+00   1.33861032e+00   2.58947353e+00 
  5.09171353e+00  -1.04133446e+00   3.30691628e-01 
  2.78064639e+00  -7.56797504e-01   4.84311841e-02 
  2.43784255e+00  -4.07421721e-01  -2.14837040e+00 
  2.10509130e+00  -2.13563915e+00  -5.38409535e+00 
  1.44533414e+01   4.97190587e+00  -1.59082678e+00 
  1.37198639e+01   2.12511500e+00   7.87244583e-01 
  9.86565260e+00   1.48710973e+00   5.36381616e+00 
  8.37787566e+00   6.83695585e+00   5.29337287e+00 
  9.61582740e+00   1.08030548e+01   2.69957190e+00 
  1.52474454e+01  -3.52854120e+00  -1.23001278e+00 
  1.23514976e+01  -3.87994695e+00  -3.69245829e+00 
  9.87602293e+00  -1.26851790e+00  -4.87687793e+00 
  1.10524286e+01   9.23982918e+00  -3.22252628e+00 
  9.07359824e+00   6.53528408e+00  -1.44982845e+00 
  5.52076802e+00   4.96564524e+00  -1.20146781e+00 
  5.76292394e+00   3.88722169e+00  -4.76934555e+00 
  2.35554504e+00   3.17511230e+00  -6.21202735e+00 
  1.59930870e+00   4.78175622e+00  -9.57841389e+00 
  5.47362181e-01   1.91786796e+00  -1.18379434e+01 
 -4.03815771e+00   8.79889400e+00  -2.40511839e+00 
 -5.07741454e+00   5.47185426e+00  -9.08911507e-01 
 -6.32764360e+00   1.98292527e+00  -1.66795576e+00 
 -6.94837297e+00  -1.50066861e+00  -3.70100269e-01 
 -8.79427448e+00  -1.71297969e+00   2.91880481e+00 
 -7.45281198e+00  -1.28108023e+01   3.31676764e+00 
 -4.33259489e+00  -1.10811149e+01   2.03315495e+00 
 -6.57829944e-01  -1.17216624e+01   1.47407398e+00 
  3.68755793e-01  -1.35862024e+01  -4.45936902e+00 
  3.73469690e-01  -9.87228496e+00  -3.68317383e+00 
 -1.40755658e+00  -7.09260776e+00  -5.58484882e+00 
 -4.26392720e+00  -7.25690529e+00  -3.07412753e+00 
 -4.87273745e+00  -1.09566211e+01  -3.66673532e+00 
  3.45164115e+00  -1.14606507e+01   4.62877538e+00 
  1.79457219e+00  -8.38373239e+00   6.16928182e+00 
  3.42006374e+00  -8.88707964e+00   9.61600954e+00 
 -1.24593197e+00  -1.10535986e+01   8.68324840e+00 
 -6.83641742e+00  -6.91119305e+00   3.40568850e+00 
 -3.88472691e+00  -4.65748129e+00   2.63147656e+00 
 -2.73129878e+00  -1.14529257e+00   1.72474464e+00 
 -4.71481369e+00   1.40551421e+00   3.64659062e+00 
 -1.78134538e+00   3.56790280e+00   4.61179774e+00 
 -3.84612863e-01   6.66149402e-01   6.67450137e+00 
 -3.73939155e+00   5.64731231e-02   8.17565101e+00 
 -3.91981666e+00   3.68942716e+00   9.38270795e+00 
 -3.99242540e-01   3.37837846e+00   1.07918184e+01 
 -1.16569934e+00   1.49280809e-01   1.26587284e+01 
 -1.33930465e+01   2.62908818e+00   3.43590726e+00 
 -1.11346390e+01   2.13062614e+00   4.32487048e-01 
 -1.18900275e+01  -8.64964059e-01  -1.78793563e+00 
 -9.95498536e+00   4.57585881e-01  -4.77015963e+00 
 -8.08856648e+00   3.68721945e+00  -5.56408828e+00 
 -4.41974368e+00   4.46146726e+00  -6.34861174e+00 
 -1.72536394e+00   6.95730745e+00  -5.37620084e+00 
  1.95525868e+00   7.29443574e+00  -4.51308447e+00 
  4.12134274e+00   9.42357844e+00  -6.74910621e+00 
  1.03971436e+00   8.66733229e+00   1.14430171e+01 

   1.808338837273e+00 

