 -3.74517280e+00  -2.04176122e+00   4.85476889e-01 
 -3.20562326e+00  -8.15313284e-01   8.58071953e-01 
 -3.09895143e+00  -7.63276734e-02   2.00309414e+00 
 -2.34619233e+00   1.14764356e+00   1.96935893e+00 
 -1.20198273e+00   9.69528436e-01   1.28483359e+00 
 -1.60368315e+00   7.83725920e-01   1.03305606e-02 
 -2.64047357e+00  -1.18827423e-01  -2.11304881e-01 
  4.12515574e-01   1.46984320e+00   1.24103596e+00 
  1.07168820e+00   1.72959407e+00  -2.33860978e-02 
  4.01728016e-01   2.70986736e+00   1.93340212e+00 
  1.19224420e+00   3.57655849e-01   2.10712167e+00 
  1.73548033e+00   7.45126469e-01   3.21627447e+00 
  7.93347084e-01   2.75947163e-01   4.24645452e+00 
  1.03827325e+00  -1.15049222e+00   4.41897923e+00 
 -6.44508143e-01   2.37745827e-01   4.05335083e+00 
  4.00735571e-01  -8.28126988e-01   2.31174383e+00 
  1.73968952e-02  -1.13438425e+00   9.85803172e-01 
 -6.71108375e-01  -2.16838269e+00   8.83384294e-01 
  9.78326653e-01  -9.54278287e-01  -6.50088371e-03 
  1.17801289e+00  -2.19287770e+00  -6.63137105e-01 
  2.27506664e+00  -2.34433381e+00  -1.51890631e+00 
  2.10390734e+00  -1.77368590e+00  -2.59230718e+00 
  3.52824504e+00  -2.22743364e+00  -9.94615487e-01 
  4.60585488e+00  -1.45352922e+00  -1.39829298e+00 
  5.04228714e+00  -7.34934388e-01  -1.83249377e-01 
  5.29282829e+00  -1.80269881e+00   6.14277229e-01 
  5.52395244e+00  -2.91762334e+00   4.83396785e-02 
  4.65698014e+00  -3.91512724e+00   3.60681740e-01 
  4.01026794e+00  -4.40080100e+00  -7.26992973e-01 
  4.73580451e+00  -3.76443724e+00  -1.86765960e+00 
  5.59782824e+00  -2.66489509e+00  -1.40493134e+00 
  2.25339417e+00  -6.99589768e-01   8.17402340e-01 
  1.67704088e+00  -3.12936189e+00   1.32719362e+00 
  1.47698602e+00  -3.97978737e+00   2.37033093e+00 
  2.40745400e+00  -3.97181031e+00   3.35194915e+00 
  3.46455016e+00  -3.12866290e+00   3.20063739e+00 
  3.28402999e+00  -2.02017457e+00   2.46320508e+00 
  2.36586279e+00  -1.99488477e+00   1.47711195e+00 
 -5.54224531e+00   8.03907357e+00  -7.53940966e+00 
 -3.67437301e+00   8.27018907e+00  -4.25439630e+00 
 -1.74555828e-01   9.73237564e+00  -3.82212203e+00 
  1.53310141e+00   7.11851281e+00  -1.82224583e+00 
  5.13826025e+00   7.54873763e+00  -6.51111278e-01 
  4.48824924e+00   2.54437767e+00  -2.52462559e+00 
  5.27489102e+00   1.06990514e+00  -7.67169352e+00 
  2.28566165e+00   2.58506297e+00  -9.31021173e+00 
 -6.84834439e-01   1.84877620e-01  -9.37386240e+00 
  4.13567809e+00  -8.06493718e+00  -6.78594854e+00 
  1.71060851e+00  -8.26416377e+00  -7.55987201e-01 
  1.86581804e-01  -9.23492241e+00   2.61378303e+00 
  7.02303284e-01  -1.27405467e+01   3.29752379e+00 
  1.58848136e-02  -1.12143381e+01  -6.18052832e+00 
 -2.34917104e-01  -1.13098607e+01  -1.00090160e+01 
 -6.12970267e+00  -6.13621575e+00  -7.62764821e+00 
 -5.17816894e+00  -3.11633377e+00  -5.68767579e+00 
 -7.69044368e+00  -1.83009144e+00  -3.22701559e+00 
 -7.36271115e+00   1.72590269e+00  -4.85461422e+00 
 -5.40023746e+00   3.40497799e+00  -7.61328600e+00 
 -1.98867875e+00   4.36869752e+00  -6.28357661e+00 
  8.12913650e-01   6.48490797e+00  -7.53626481e+00 
  4.02818817e+00   5.15172086e+00  -6.08409330e+00 
  7.58490055e+00   6.43704995e+00  -5.98602966e+00 
  8.48010452e+00   5.45151176e+00  -9.51657094e+00 
  6.30841984e+00   1.04700896e+01  -7.75245553e+00 
  1.04958940e+01   3.78908987e+00   1.00354757e+01 
  8.94855539e+00   4.63947282e+00   6.60987561e+00 
  7.12524132e+00   7.91802168e+00   6.14590600e+00 
  4.07492431e+00   6.68247608e+00   4.27319313e+00 
  1.47864587e+00   9.15620356e+00   2.88629392e+00 
 -6.00131494e-01   4.68020139e+00   5.04861990e+00 
 -2.60908570e+00   4.40727280e+00   1.02069299e+01 
  7.88561058e-01   3.82656585e+00   1.18538783e+01 
  1.89829882e+00   2.12251447e-01   1.21730319e+01 
 -5.77312745e+00  -4.22609619e+00   8.52792863e+00 
 -4.06025458e+00  -4.69849044e+00   1.44578760e+00 
 -2.91724600e+00  -6.07562559e+00  -1.88995339e+00 
 -2.71193080e+00  -9.65329357e+00  -8.47085861e-01 
 -4.92292498e+00  -9.48941574e+00   2.12736451e+00 
 -5.07697449e+00  -8.72990347e+00   5.85596132e+00 
 -3.16389939e+00  -9.18945612e+00   9.06534654e+00 
 -4.19870898e+00  -9.08453090e+00   1.26870037e+01 
  4.80107944e+00  -6.20514875e+00   9.76264823e+00 
  8.23309545e+00  -6.26935220e+00   8.10514471e+00 
  8.54667149e+00  -2.45881690e+00   8.28841921e+00 
  7.75382027e+00   2.50899305e-01   1.07626500e+01 
  5.23540111e+00   2.56908437e+00   9.04971548e+00 
  4.41650552e+00   6.09195039e+00   9.93574167e+00 
  9.66921235e-01   6.83907827e+00   8.55616605e+00 

   2.230529546208e+01 

 -4.21422393e+00  -2.49378754e+00   2.95549180e+00 
 -3.81765783e+00  -1.19587438e+00   2.65172835e+00 
 -4.34115480e+00  -1.18858903e-01   1.99252946e+00 
 -3.52358637e+00   1.05037124e+00   1.81825235e+00 
 -2.27858225e+00   6.95322243e-01   1.45298523e+00 
 -1.77272780e+00   8.82586482e-02   2.54652526e+00 
 -2.56434123e+00  -8.70769948e-01   3.17284074e+00 
 -9.74203770e-01   1.20658786e+00   5.06390391e-01 
  3.86925671e-01   1.05849064e+00   9.81928431e-01 
 -1.18484786e+00   2.60410686e+00   3.65973358e-01 
 -1.20022035e+00   4.66760793e-01  -9.06625570e-01 
 -1.45386107e+00   1.21459466e+00  -1.93223269e+00 
 -2.90963674e+00   1.07874426e+00  -2.10908628e+00 
 -3.13354337e+00  -2.03089856e-01  -2.76578243e+00 
 -3.83659591e+00   9.31782071e-01  -1.00214236e+00 
 -2.15028595e+00  -6.11601205e-01  -8.12032471e-01 
 -1.62174707e+00  -1.34865297e+00   2.72523345e-01 
 -2.26482533e+00  -2.38112205e+00   5.44810283e-01 
 -2.35687826e-01  -1.47263397e+00   3.35452010e-01 
  8.92148425e-02  -2.85083707e+00   3.22462890e-01 
  1.41760148e+00  -3.23849409e+00   1.12897242e-01 
  2.11250663e+00  -3.05783086e+00   1.10868408e+00 
  2.00902085e+00  -2.91461937e+00  -1.07214720e+00 
  3.21427375e+00  -2.28096478e+00  -1.33477687e+00 
  2.88058856e+00  -1.18931625e+00  -2.27293479e+00 
  2.32361430e+00  -1.92719986e+00  -3.26502770e+00 
  2.63696479e+00  -3.15784034e+00  -3.32902459e+00 
  1.59951687e+00  -4.02559756e+00  -3.20691141e+00 
  1.74391873e+00  -4.86250320e+00  -2.15055502e+00 
  3.14845946e+00  -4.61225785e+00  -1.70656738e+00 
  3.69477630e+00  -3.39390106e+00  -2.32571210e+00 
  2.03112127e-01  -9.19607119e-01  -1.03242792e+00 
 -1.04253133e+00  -3.06500870e+00  -1.61679736e+00 
 -2.04426985e+00  -3.53198263e+00  -2.41041955e+00 
 -2.00949992e+00  -3.17146456e+00  -3.71357985e+00 
 -9.70614386e-01  -2.39027552e+00  -4.11570617e+00 
 -3.93864027e-01  -1.59190724e+00  -3.20186386e+00 
 -4.10013733e-01  -1.92208465e+00  -1.89542895e+00 
  1.78238315e+00   4.32877089e+00   1.22691873e+01 
  1.03388081e+00   5.68706238e+00   8.81542656e+00 
  3.59224240e+00   7.32491673e+00   6.50333014e+00 
  2.99358099e+00   5.57036359e+00   3.29225162e+00 
  4.93507480e+00   6.48007595e+00   1.36804647e-01 
  4.67705067e+00   1.11943392e+00   5.52890501e-01 
  8.32540463e+00  -1.93615327e+00   3.12933853e+00 
  7.53241787e+00  -1.14250000e+00   6.68703766e+00 
  4.92736456e+00  -3.52732698e+00   8.14137108e+00 
  5.06569945e+00  -1.03063407e+01   9.28887395e-01 
 -6.92295274e-01  -8.59503140e+00  -1.56069139e+00 
 -4.20694444e+00  -8.45556267e+00  -3.06008158e+00 
 -4.99023428e+00  -1.15233841e+01  -4.79149752e+00 
  1.03423821e+00  -1.32167622e+01   2.52096846e+00 
  3.34274213e+00  -1.45720337e+01   5.27113076e+00 
 -1.45834763e+00  -9.10111948e+00   9.04003503e+00 
 -1.42655281e+00  -5.58205046e+00   7.85523999e+00 
 -4.60675432e+00  -3.64306127e+00   8.23920860e+00 
 -2.58089656e+00  -8.09670030e-01   1.00473497e+01 
  9.95447715e-01  -6.53882093e-02   1.10151682e+01 
  2.80021271e+00   1.39360485e+00   8.02355030e+00 
  6.08799321e+00   3.07265167e+00   7.50606096e+00 
  7.20443957e+00   2.39707448e+00   3.96751285e+00 
  9.98749699e+00   3.76014052e+00   1.79759761e+00 
  1.27539214e+01   1.70036727e+00   3.32783510e+00 
  1.10341720e+01   6.94528438e+00   4.92400182e+00 
  1.06343603e+00   6.61616217e+00  -1.17810066e+01 
  2.35632606e+00   6.24324782e+00  -8.16970288e+00 
  1.99843142e+00   9.12565048e+00  -5.75055198e+00 
  7.57396931e-01   7.24373264e+00  -2.70813870e+00 
  2.79408206e-01   9.03786373e+00   6.58773828e-01 
 -3.55705179e+00   5.45366432e+00  -5.52281248e-01 
 -8.45578344e+00   6.82300323e+00  -2.75361950e+00 
 -7.18197913e+00   6.92773629e+00  -6.35363567e+00 
 -7.31616810e+00   3.65725221e+00  -8.27263880e+00 
 -1.14050262e+01  -1.98264705e+00  -1.69166121e+00 
 -5.61119780e+00  -4.69690871e+00   1.82659802e+00 
 -2.87157859e+00  -7.05421402e+00   2.95253567e+00 
 -4.13071130e+00  -1.00824075e+01   1.17094513e+00 
 -7.65599961e+00  -9.02431245e+00   7.06743568e-01 
 -1.00589838e+01  -7.08840184e+00  -1.52505857e+00 
 -1.08649185e+01  -6.40543677e+00  -5.13826016e+00 
 -1.39710029e+01  -5.15166607e+00  -6.86410436e+00 
 -4.92424319e+00  -3.09615667e+00  -1.02948338e+01 
 -1.35414488e+00  -3.58748853e+00  -1.15370759e+01 
 -4.74384602e-01   8.01936243e-02  -1.08842150e+01 
 -2.12451308e+00   3.42421347e+00  -1.13173414e+01 
 -2.36360064e+00   4.96705415e+00  -7.82262515e+00 
 -2.82660494e+00   8.55645561e+00  -6.94624499e+00 
 -4.27978861e+00   8.69488110e+00  -3.44908092e+00 

   2.230529546247e+01 

  1.60268700e-01  -1.33839043e+00  -4.96020473e+00 
 -2.11615384e-01  -1.66020701e-01  -4.31109115e+00 
  3.05331285e-01   1.08729324e+00  -4.13626992e+00 
 -3.86314552e-01   2.00745444e+00  -3.27558469e+00 
 -7.84798432e-01   1.38220375e+00  -2.15315051e+00 
 -1.74028151e+00   5.26593529e-01  -2.57174286e+00 
 -1.45638412e+00  -2.57934328e-01  -3.68646100e+00 
 -1.02514035e+00   1.64319304e+00  -4.99989969e-01 
 -2.17375497e+00   1.07644282e+00   1.78384472e-01 
 -1.17172566e+00   3.05214236e+00  -3.97383133e-01 
  3.61032701e-01   1.17887094e+00   1.76754480e-01 
  1.07283208e+00   2.09276080e+00   7.54340541e-01 
  2.13576156e+00   2.37532125e+00  -2.25123984e-01 
  3.10823008e+00   1.29568288e+00  -1.10367378e-01 
  1.92626371e+00   2.34056444e+00  -1.66077038e+00 
  1.16847077e+00   3.91156157e-01  -7.18790545e-01 
  2.41069616e-01  -5.93525035e-01  -1.13015867e+00 
  7.15758911e-01  -1.44235131e+00  -1.90980846e+00 
 -6.24007641e-01  -1.09087854e+00  -1.58180967e-01 
 -4.39352404e-01  -2.49223178e+00  -7.26353714e-02 
 -9.95503709e-01  -3.19095892e+00   1.00499195e+00 
 -2.20908985e+00  -3.33234997e+00   8.84897968e-01 
 -5.69983409e-01  -2.88750420e+00   2.26432253e+00 
 -1.28893460e+00  -2.57109303e+00   3.40716249e+00 
 -6.86196341e-01  -1.31873937e+00   3.90863657e+00 
  5.91339764e-01  -1.74676011e+00   4.06232630e+00 
  7.80749191e-01  -2.99753518e+00   4.19057696e+00 
  1.56421532e+00  -3.56430444e+00   3.23707228e+00 
  9.21031526e-01  -4.53796987e+00   2.54754378e+00 
 -3.39262428e-01  -4.73188388e+00   3.32633914e+00 
 -5.48165414e-01  -3.63497401e+00   4.28515797e+00 
 -3.15933014e-02  -5.04321656e-01   1.13583270e+00 
  1.75030465e+00  -2.14461560e+00   3.42020795e-01 
  3.08069269e+00  -2.22058763e+00   6.70263686e-02 
  3.92602473e+00  -1.71779466e+00   9.95505924e-01 
  3.37253155e+00  -1.19819176e+00   2.12460986e+00 
  2.12428062e+00  -7.07626814e-01   2.04449335e+00 
  1.25687693e+00  -1.18657367e+00   1.13112477e+00 
 -1.22767413e+01   2.37459668e+00  -5.84569261e+00 
 -9.62921431e+00   4.31602015e+00  -3.96017362e+00 
 -9.93607684e+00   5.49278280e+00  -3.41534177e-01 
 -6.71377417e+00   4.39038206e+00   1.12453298e+00 
 -5.81903896e+00   5.14531995e+00   4.75540113e+00 
 -4.51050959e+00   4.18795526e-02   3.65141152e+00 
 -7.82999029e+00  -4.18345936e+00   4.29410058e+00 
 -1.01918961e+01  -3.67082858e+00   1.45253045e+00 
 -9.01818149e+00  -5.43810703e+00  -1.72361889e+00 
 -1.92047652e+00  -1.10211676e+01   2.33175861e+00 
  2.99739299e+00  -7.52622646e+00  -9.33201955e-02 
  6.23040011e+00  -6.25982998e+00  -1.69469115e+00 
  8.82803401e+00  -8.75717310e+00  -1.49839302e+00 
  1.71224724e-01  -1.29263800e+01  -2.05609396e+00 
 -2.91542022e+00  -1.51918817e+01  -2.31960662e+00 
 -4.24132058e+00  -9.16754471e+00  -7.71736594e+00 
 -4.34085131e+00  -5.66327596e+00  -6.49308738e+00 
 -3.19706255e+00  -3.01013596e+00  -8.87497608e+00 
 -6.55174414e+00  -1.07901958e+00  -8.22804100e+00 
 -9.66953004e+00  -1.44966111e+00  -6.12496194e+00 
 -8.96139416e+00  -1.54688063e-01  -2.63824239e+00 
 -1.10564332e+01   6.35485092e-01   3.42176181e-01 
 -8.93969458e+00   1.46606490e-01   3.42512525e+00 
 -9.41523692e+00   9.82544156e-01   7.08394390e+00 
 -1.16887989e+01  -1.92137403e+00   7.88127052e+00 
 -1.32393965e+01   3.34203287e+00   6.17640861e+00 
  5.34679006e+00   7.84357583e+00   9.76400051e+00 
  1.97994764e+00   6.67720823e+00   8.29564495e+00 
 -3.74715435e-01   9.21438506e+00   6.77678411e+00 
 -1.35204899e+00   7.35816353e+00   3.62443796e+00 
 -4.03850618e+00   8.76641911e+00   1.26152163e+00 
  1.91614094e-01   6.52604089e+00  -1.21204383e+00 
  4.46080053e+00   9.42747344e+00  -3.23055617e+00 
  6.31408144e+00   9.64950679e+00   1.02575124e-01 
  8.70660747e+00   6.80909122e+00   8.80118414e-01 
  7.88278177e+00   1.67135602e+00  -7.16731403e+00 
  2.45416270e+00  -2.92318753e+00  -5.51384454e+00 
  5.77292894e-01  -6.05205573e+00  -4.50497683e+00 
  3.49388040e+00  -8.37774287e+00  -4.62381373e+00 
  5.71727687e+00  -6.36438445e+00  -6.80685118e+00 
  8.32039936e+00  -3.58581519e+00  -6.88636029e+00 
  1.13049190e+01  -2.25341659e+00  -5.01860608e+00 
  1.41513209e+01  -3.17175457e-03  -6.03477818e+00 
  1.05695434e+01  -1.98718290e-02   3.18527499e+00 
  9.42766310e+00  -1.28458046e+00   6.59508494e+00 
  7.40600389e+00   1.89843340e+00   7.25343526e+00 
  7.83178112e+00   5.58891969e+00   6.71309190e+00 
  4.97214899e+00   6.67682129e+00   4.41318059e+00 
  3.63190769e+00   1.01156263e+01   3.91857283e+00 
  1.89892798e+00   1.01869941e+01   5.49195903e-01 

   2.230529533774e+01 

 -1.51794242e+00   5.19304331e+00   2.06811029e+00 
 -8.87574029e-01   4.65653456e+00   9.50571923e-01 
 -1.16565737e+00   4.50864963e+00  -3.79612619e-01 
 -2.41415686e-01   3.77802926e+00  -1.20291264e+00 
  1.64954145e-01   2.66412644e+00  -5.67565978e-01 
  9.13211102e-01   3.12158476e+00   4.57655396e-01 
  3.84007705e-01   4.15292699e+00   1.22899000e+00 
  6.21643181e-01   1.06167946e+00  -8.54655864e-01 
  1.72528446e+00   4.66206400e-01  -1.27949423e-01 
  1.01214122e+00   1.06029543e+00  -2.22018222e+00 
 -7.41918814e-01   2.24763532e-01  -6.66708756e-01 
 -1.22453818e+00  -3.63090941e-01  -1.71406946e+00 
 -2.32409444e+00   5.22504069e-01  -2.13324515e+00 
 -3.44552841e+00   2.46878825e-01  -1.24391957e+00 
 -2.27871104e+00   1.96697357e+00  -2.00048137e+00 
 -1.76121177e+00   9.86718266e-01   7.76801231e-03 
 -1.06130301e+00   1.42634722e+00   1.15482718e+00 
 -1.75227832e+00   2.10217763e+00   1.94190751e+00 
 -1.92403370e-01   5.15598157e-01   1.75149352e+00 
 -5.98741231e-01   3.26807798e-01   3.09479305e+00 
 -5.49609786e-02  -7.31574202e-01   3.83163367e+00 
  1.09783248e+00  -5.01563085e-01   4.18570164e+00 
 -2.86006013e-01  -2.00573973e+00   3.40479661e+00 
  5.94230923e-01  -3.05083254e+00   3.16804912e+00 
  2.66974469e-01  -3.53166967e+00   1.80979256e+00 
 -1.04019319e+00  -3.83614548e+00   2.00351502e+00 
 -1.42140200e+00  -4.05861527e+00   3.19597028e+00 
 -2.38644478e+00  -3.22323037e+00   3.65969737e+00 
 -1.99309378e+00  -2.53459114e+00   4.75888266e+00 
 -7.06818752e-01  -3.19603547e+00   5.13365590e+00 
 -2.15562937e-01  -4.06080967e+00   4.04875166e+00 
 -5.35900691e-01  -7.92126525e-01   1.01573477e+00 
 -2.64197882e+00  -2.79185285e-01   2.35632759e+00 
 -3.98803672e+00  -1.41540086e-01   2.21311537e+00 
 -4.63265998e+00  -1.11619830e+00   1.53196831e+00 
 -3.88203975e+00  -2.15149924e+00   1.06727563e+00 
 -2.58520710e+00  -1.91915600e+00   8.03754517e-01 
 -1.91333920e+00  -9.55888392e-01   1.46461088e+00 
  1.11971288e+01   7.52283216e+00   6.02266207e-01 
  9.12982498e+00   5.50825488e+00  -1.84751681e+00 
  1.00159793e+01   2.01607291e+00  -3.10961252e+00 
  6.83088692e+00   1.75540529e-01  -2.64538996e+00 
  6.47014682e+00  -3.47276126e+00  -3.70059212e+00 
  4.21504301e+00  -2.81684835e+00   1.14300534e+00 
  6.83001090e+00  -3.38697773e+00   5.84644821e+00 
  8.92551537e+00  -3.00874185e-01   5.87362367e+00 
  7.13848230e+00   2.63043607e+00   7.54776117e+00 
 -3.16619716e-01  -2.43704570e+00   1.16387446e+01 
 -4.81164786e+00  -2.98381464e-01   7.45521720e+00 
 -7.94003741e+00   1.05162232e+00   5.71995152e+00 
 -1.08827223e+01   4.48491869e-01   7.71989991e+00 
 -3.15647059e+00   1.59908939e+00   1.33426071e+01 
 -5.38938556e-01   2.02595736e+00   1.61167063e+01 
  1.18936871e+00   7.88604586e+00   1.06523894e+01 
  2.00486652e+00   6.89398909e+00   7.16821842e+00 
  1.07229544e+00   9.30951909e+00   4.46334800e+00 
  4.75265840e+00   9.11494134e+00   3.11475965e+00 
  7.97191341e+00   7.31002288e+00   3.92689965e+00 
  7.86896042e+00   3.85626347e+00   2.37881326e+00 
  1.03743656e+01   1.15026447e+00   1.83386138e+00 
  8.54902021e+00  -2.15002745e+00   1.81519633e+00 
  9.54775327e+00  -5.68635896e+00   9.15874849e-01 
  1.13754622e+01  -6.43219240e+00   4.13158044e+00 
  1.35930478e+01  -4.26456275e+00  -7.05573290e-01 
 -3.48342549e+00  -9.38100724e+00  -8.50282203e+00 
 -5.36662525e-01  -7.66266069e+00  -6.70950584e+00 
  2.03259467e+00  -5.76733170e+00  -8.73318755e+00 
  2.34132484e+00  -2.65352301e+00  -6.60083982e+00 
  4.95618794e+00   4.38137690e-02  -7.41966209e+00 
  1.70017981e-01   1.94772010e+00  -5.83869750e+00 
 -3.74497459e+00   3.71008109e+00  -9.34377516e+00 
 -5.16627709e+00   2.30658261e-01  -1.00273159e+01 
 -7.90297548e+00  -9.50600688e-01  -7.67958891e+00 
 -8.81941716e+00   6.80968137e+00  -2.13212600e+00 
 -4.09071570e+00   5.42046085e+00   3.25518813e+00 
 -2.66672042e+00   4.41174193e+00   6.61450190e+00 
 -5.92708788e+00   4.10074805e+00   8.40411414e+00 
 -8.00344652e+00   6.17346755e+00   6.13358035e+00 
 -1.00980583e+01   6.16623485e+00   2.95308251e+00 
 -1.25994689e+01   4.09892997e+00   1.04511282e+00 
 -1.51214806e+01   4.96583668e+00  -1.61686816e+00 
 -1.06242571e+01  -3.84089972e+00  -1.38198521e+00 
 -9.35082083e+00  -7.19275650e+00  -8.83091705e-02 
 -6.76609826e+00  -7.45326889e+00  -2.89961711e+00 
 -6.62368102e+00  -6.73286313e+00  -6.58114978e+00 
 -3.88595745e+00  -4.10065480e+00  -7.05755650e+00 
 -2.05000179e+00  -3.26735499e+00  -1.01882337e+01 
 -7.01381158e-01   2.54171199e-01  -9.81261428e+00 

   2.230529534029e+01 

 -3.50696228e+00   9.48576573e-01   1.94603555e+00 
 -2.31187576e+00   4.84935226e-01   2.48538966e+00 
 -1.18110051e+00   1.02995243e+00   3.02658722e+00 
 -9.72007506e-02   1.58048300e-01   3.38824485e+00 
  1.04157914e-01  -7.56463969e-01   2.42247918e+00 
 -9.92722663e-01  -1.54030000e+00   2.47433993e+00 
 -2.23234626e+00  -9.08045409e-01   2.52195908e+00 
  1.32868037e+00  -1.64520742e+00   1.66782586e+00 
  1.12079373e+00  -3.03444100e+00   1.31071565e+00 
  2.38334109e+00  -1.64405689e+00   2.61905786e+00 
  1.73287815e+00  -7.51081081e-01   3.90243794e-01 
  2.92459632e+00  -2.46084460e-01   3.74591439e-01 
  2.71087294e+00   1.15948524e+00   7.58917961e-01 
  2.21281086e+00   1.84623530e+00  -4.26321220e-01 
  1.69721689e+00   1.58079275e+00   1.70822266e+00 
  7.46413646e-01   2.55970153e-01   9.49682318e-02 
 -4.33032495e-01  -5.21952010e-01   4.36406292e-02 
 -1.45823463e+00   1.29976715e-01  -2.34996404e-01 
 -3.37400353e-01  -1.77402002e+00  -5.59386196e-01 
 -1.25475308e+00  -1.82050452e+00  -1.63711949e+00 
 -1.16949722e+00  -2.86625633e+00  -2.56336898e+00 
 -1.60877464e+00  -3.91938384e+00  -2.11042332e+00 
 -3.16140301e-02  -2.98519302e+00  -3.30508683e+00 
  7.95618654e-01  -4.07759838e+00  -3.51821127e+00 
  2.15873167e+00  -3.59541081e+00  -3.21394156e+00 
  2.22213718e+00  -2.57059577e+00  -4.09974913e+00 
  1.44270918e+00  -2.61222923e+00  -5.10350267e+00 
  5.72733961e-01  -1.57424650e+00  -5.20326867e+00 
 -7.21199957e-01  -1.97745870e+00  -5.18559854e+00 
 -6.17328821e-01  -3.46295668e+00  -5.30796522e+00 
  7.61521193e-01  -3.92238433e+00  -5.07583858e+00 
  1.06340702e+00  -1.72290823e+00  -1.19546913e+00 
 -2.65135471e-01   6.64694171e-03  -2.51436134e+00 
 -2.17899907e-01   1.30594850e+00  -2.91549985e+00 
  9.35801738e-01   1.72919845e+00  -3.48055832e+00 
  1.93606266e+00   8.16243472e-01  -3.61174270e+00 
  1.97246523e+00  -2.05949728e-01  -2.74053802e+00 
  8.41234474e-01  -6.52444135e-01  -2.16003666e+00 
 -4.05072102e+00  -9.34579921e+00   9.88201714e+00 
 -8.44605340e-01  -7.53756348e+00   8.99612258e+00 
  2.32003806e+00  -9.21090170e+00   7.67005271e+00 
  3.17256973e+00  -7.08954824e+00   4.75099043e+00 
  6.29593190e+00  -7.74487088e+00   2.66081054e+00 
  2.15964498e+00  -6.73992403e+00  -6.34240848e-01 
 -1.17779507e+00  -1.05155381e+01  -2.60698293e+00 
 -3.17804152e+00  -1.13526343e+01   4.28506612e-01 
 -6.29418035e+00  -9.16593310e+00   7.39665722e-01 
 -6.15339906e+00  -5.24079036e+00  -8.34700024e+00 
 -4.17589299e+00   6.36154140e-01  -6.38943603e+00 
 -3.62588448e+00   4.37370770e+00  -5.79895965e+00 
 -4.74936461e+00   6.30358609e+00  -8.63379929e+00 
 -9.97071897e+00  -1.73171020e+00  -7.73649877e+00 
 -1.24379525e+01  -4.66656933e+00  -7.90584150e+00 
 -1.19148431e+01  -2.79456327e+00   5.70971061e-02 
 -8.59818043e+00  -2.96830336e+00   1.71788724e+00 
 -8.00342217e+00  -5.94721673e-01   4.55217209e+00 
 -6.89576491e+00  -3.63354983e+00   6.77483747e+00 
 -6.44394032e+00  -7.37018584e+00   6.43673884e+00 
 -3.06471901e+00  -8.06347455e+00   4.87602139e+00 
 -9.79471274e-01  -1.11138216e+01   4.38248020e+00 
  1.14451206e+00  -1.05964050e+01   1.30918623e+00 
  4.05335527e+00  -1.24805895e+01  -2.07509975e-01 
  1.99515252e+00  -1.52203623e+01  -1.78706569e+00 
  4.34867044e+00  -1.52222259e+01   3.45462394e+00 
  1.39143415e+01   4.51934777e-01  -2.97963240e+00 
  1.13897307e+01  -2.08167745e+00  -1.54462049e+00 
  1.17240573e+01  -3.22404698e+00   2.04311693e+00 
  8.10177919e+00  -2.98485851e+00   3.12011088e+00 
  6.99457720e+00  -4.20501166e+00   6.59414810e+00 
  4.64852270e+00   3.59337566e-01   4.95266232e+00 
  6.32641030e+00   5.40748612e+00   6.50814998e+00 
  9.07269835e+00   5.67104290e+00   3.86577384e+00 
  8.03981079e+00   7.12604907e+00   5.17220003e-01 
 -1.14031202e+00   9.18321458e+00   2.34194002e+00 
 -4.52858092e+00   3.04095624e+00   3.15613033e-01 
 -6.52590842e+00   5.37911530e-01  -1.70322709e+00 
 -7.66469366e+00   2.90949311e+00  -4.35052649e+00 
 -7.17198837e+00   6.08486798e+00  -2.49661414e+00 
 -4.66230429e+00   8.79744950e+00  -1.57661173e+00 
 -1.83638824e+00   1.08388601e+01  -2.99717284e+00 
 -2.72710418e-01   1.41033131e+01  -1.95004736e+00 
  5.01587384e+00   6.95534269e+00  -6.28319757e+00 
  6.10094742e+00   4.31806087e+00  -8.81253373e+00 
  8.40448243e+00   2.62465149e+00  -6.26730271e+00 
  1.08071766e+01   3.69839110e+00  -3.59015984e+00 
  9.47302359e+00   2.25617717e+00  -3.05244442e-01 
  1.13482657e+01   1.69746319e+00   2.86296752e+00 
  8.81579789e+00   1.59381912e+00   5.68021420e+00 

   2.230529534030e+01 

 -5.72176518e+00   2.15691581e+00   1.68280335e+00 
 -4.55608867e+00   1.65977005e+00   2.25564043e+00 
 -3.53414243e+00   2.14382982e+00   3.02369202e+00 
 -2.42800219e+00   1.27841071e+00   3.32923295e+00 
 -2.05596554e+00   5.96270448e-01   2.23111878e+00 
 -3.08686595e+00  -2.41824409e-01   1.99643427e+00 
 -4.37085329e+00   2.96088679e-01   2.02300702e+00 
 -6.93406676e-01  -4.67650040e-02   1.46381145e+00 
 -7.52641419e-01  -1.34153359e+00   8.15135858e-01 
  2.53605131e-01  -1.83030119e-01   2.51345584e+00 
 -2.31002055e-01   1.11360387e+00   4.46570214e-01 
  9.12229088e-01   1.67719176e+00   6.72069742e-01 
  5.49338975e-01   2.95854994e+00   1.30091211e+00 
  1.24015687e-01   3.84646461e+00   2.26113979e-01 
 -5.87350550e-01   3.11662445e+00   2.18924054e+00 
 -1.25810541e+00   2.10278218e+00   2.43994206e-01 
 -2.36064307e+00   1.28716022e+00  -9.96075144e-02 
 -3.39979020e+00   1.92384977e+00  -3.61311021e-01 
 -2.10431728e+00   1.94325488e-01  -9.24513867e-01 
 -2.89849995e+00   3.20208572e-01  -2.09011810e+00 
 -2.63528992e+00  -5.04830738e-01  -3.18958804e+00 
 -3.03445647e+00  -1.65189905e+00  -3.01041672e+00 
 -1.42085685e+00  -4.03510731e-01  -3.80110750e+00 
 -4.92199292e-01  -1.37985855e+00  -4.12886580e+00 
  7.89620437e-01  -8.95077223e-01  -3.57651875e+00 
  8.63211218e-01   2.92714622e-01  -4.22663883e+00 
  1.97727615e-01   4.15798137e-01  -5.30308880e+00 
 -7.36584038e-01   1.40130510e+00  -5.29560119e+00 
 -1.98941822e+00   9.30962986e-01  -5.51087337e+00 
 -1.75626374e+00  -4.88837577e-01  -5.91370385e+00 
 -3.76892228e-01  -9.07970111e-01  -5.61731548e+00 
 -6.53597859e-01   4.54692114e-01  -1.36847060e+00 
 -1.97094528e+00   2.34205728e+00  -2.46314473e+00 
 -1.98531395e+00   3.69678740e+00  -2.58895275e+00 
 -8.16384084e-01   4.29203618e+00  -2.91871168e+00 
  2.61142348e-01   3.48375849e+00  -3.11065442e+00 
  2.87813765e-01   2.30716746e+00  -2.46248479e+00 
 -8.58598547e-01   1.68728536e+00  -2.11969171e+00 
 -6.26895051e+00  -9.57032993e+00   7.28833149e+00 
 -3.14141618e+00  -7.44037710e+00   7.16369856e+00 
  2.65971650e-01  -8.62233548e+00   5.91223042e+00 
  1.24589928e+00  -5.89848242e+00   3.59528378e+00 
  4.61101272e+00  -5.93035799e+00   1.79842919e+00 
  7.71941982e-01  -4.50005390e+00  -1.69326343e+00 
 -2.03400191e+00  -7.96771510e+00  -4.75716358e+00 
 -4.26548974e+00  -9.52586996e+00  -2.20598187e+00 
 -7.56023217e+00  -7.62981402e+00  -1.83389635e+00 
 -6.78960610e+00  -1.90838232e+00  -9.87537744e+00 
 -5.49661887e+00   3.53832862e+00  -6.56741909e+00 
 -5.30809393e+00   7.09780841e+00  -5.18356926e+00 
 -6.28090128e+00   9.50596558e+00  -7.68903906e+00 
 -1.09151522e+01   1.17791040e+00  -9.03101192e+00 
 -1.31116659e+01  -1.79259177e+00  -1.00706084e+01 
 -1.35661407e+01  -1.58183025e+00  -1.88919817e+00 
 -1.04361129e+01  -1.90834329e+00   8.18360946e-02 
 -1.03278277e+01  -1.42746785e-01   3.38209992e+00 
 -9.21957032e+00  -3.50833068e+00   5.06917823e+00 
 -8.44103183e+00  -7.06271599e+00   4.04882157e+00 
 -4.87409838e+00  -7.22679179e+00   2.78957983e+00 
 -2.51424709e+00  -9.98672733e+00   1.94677738e+00 
 -1.30877017e-01  -8.72603311e+00  -6.90334323e-01 
  3.05932060e+00  -1.00889054e+01  -2.19934250e+00 
  1.39903394e+00  -1.25541189e+01  -4.52393292e+00 
  3.18951423e+00  -1.35077036e+01   8.51866256e-01 
  1.21005425e+01   3.67154923e+00  -1.16006804e+00 
  9.64917442e+00   7.57866195e-01  -5.65630917e-01 
  9.69926600e+00  -1.08126178e+00   2.73645045e+00 
  5.97738500e+00  -1.27435227e+00   3.40603503e+00 
  4.61617986e+00  -3.24709495e+00   6.41252993e+00 
  2.09921736e+00   1.41859990e+00   5.44924255e+00 
  3.20235366e+00   6.12208688e+00   8.16566541e+00 
  6.17814873e+00   7.08072208e+00   5.97035811e+00 
  5.38594681e+00   9.13641233e+00   2.88114036e+00 
 -4.06762075e+00   1.02514508e+01   3.98700545e+00 
 -6.73122539e+00   4.48039151e+00   3.93429214e-01 
 -8.30436408e+00   2.34069773e+00  -2.30420135e+00 
 -9.34671261e+00   5.14063338e+00  -4.54100602e+00 
 -9.30144606e+00   7.88643084e+00  -2.04675216e+00 
 -7.12304147e+00   1.04869357e+01  -3.16161188e-01 
 -4.33550699e+00   1.29338351e+01  -9.59191248e-01 
 -3.15185748e+00   1.59938238e+01   8.93821469e-01 
  3.10592017e+00   1.02061247e+01  -4.12430099e+00 
  4.65239458e+00   8.21445441e+00  -6.98294542e+00 
  6.80649296e+00   6.16361320e+00  -4.57337692e+00 
  8.82637773e+00   6.79388195e+00  -1.47244533e+00 
  7.27731652e+00   4.63058461e+00   1.27913030e+00 
  8.85248233e+00   3.53507779e+00   4.47052167e+00 
  6.05791661e+00   2.70850276e+00   6.89295647e+00 

   2.230529534027e+01 

  1.02237696e+00   3.39578288e+00   4.32603270e+00 
  9.94163923e-01   3.76863388e+00   2.98652439e+00 
  1.90575690e+00   4.04712871e+00   2.00671252e+00 
  1.43245801e+00   4.30835642e+00   6.74948075e-01 
  4.74044076e-01   3.42509241e+00   3.41964344e-01 
 -5.65124772e-01   3.74706098e+00   1.13989995e+00 
 -3.00387644e-01   3.93884468e+00   2.49334364e+00 
 -1.45259016e-01   2.57063138e+00  -9.79087201e-01 
 -1.57522592e+00   2.40407669e+00  -1.14691545e+00 
  2.91163132e-01   3.32157895e+00  -2.10281659e+00 
  6.21752342e-01   1.15502953e+00  -9.25994815e-01 
  1.42796274e+00   8.81920037e-01  -1.90113309e+00 
  2.76105431e+00   1.14561350e+00  -1.33338111e+00 
  3.09591478e+00  -2.96581599e-03  -5.00844625e-01 
  3.02443199e+00   2.20428219e+00  -3.76286191e-01 
  1.26028485e+00   9.27764992e-01   3.44862481e-01 
  1.88305244e-01   1.16217906e+00   1.23638147e+00 
  4.81613640e-01   9.95585996e-01   2.43634282e+00 
 -1.06481566e+00   6.88192251e-01   8.54958779e-01 
 -1.52545609e+00  -2.05351580e-01   1.85225348e+00 
 -2.63453015e+00  -1.01607571e+00   1.58488351e+00 
 -3.68689507e+00  -3.85277064e-01   1.62765254e+00 
 -2.54520331e+00  -1.92482760e+00   5.72336058e-01 
 -3.38565182e+00  -2.15919084e+00  -5.05539161e-01 
 -2.50533468e+00  -2.14588173e+00  -1.69213998e+00 
 -1.64918564e+00  -3.13326517e+00  -1.33019630e+00 
 -2.05591835e+00  -3.97849016e+00  -4.71752689e-01 
 -1.32626637e+00  -4.03749286e+00   6.72075878e-01 
 -2.06381358e+00  -3.75571107e+00   1.77379475e+00 
 -3.46348700e+00  -3.73551164e+00   1.25132880e+00 
 -3.48340531e+00  -3.69550142e+00  -2.19789549e-01 
 -7.25468318e-01  -1.80202715e-01  -3.69871271e-01 
  3.49399102e-01  -1.42824725e+00   1.57509794e+00 
  1.53490509e+00  -1.96731505e+00   1.96918699e+00 
  2.16993234e+00  -2.76333471e+00   1.07893069e+00 
  1.55999745e+00  -2.96615809e+00  -1.20260407e-01 
  7.31704901e-01  -2.01045434e+00  -5.73874422e-01 
  8.31829770e-02  -1.20066266e+00   2.86170765e-01 
 -7.69752914e+00   1.23558868e+01   7.30300307e-01 
 -5.22947687e+00   1.07468796e+01  -1.64741337e+00 
 -6.14378566e+00   9.08378410e+00  -4.95975952e+00 
 -4.33647578e+00   5.85319795e+00  -4.74805717e+00 
 -4.41160450e+00   3.34057418e+00  -7.61768420e+00 
 -5.09923118e+00   7.14846407e-01  -2.96915046e+00 
 -9.90324279e+00  -2.44562469e-01  -6.69910715e-01 
 -1.07912014e+01   3.16018120e+00   5.69104503e-01 
 -9.52980220e+00   3.76633925e+00   4.12301055e+00 
 -7.14026262e+00  -5.57501887e+00   6.36426030e+00 
 -7.19978715e-01  -4.62082846e+00   5.97627137e+00 
  3.06858465e+00  -4.53382836e+00   6.48588593e+00 
  4.16090560e+00  -7.32311474e+00   8.49826665e+00 
 -4.77227468e+00  -4.69607443e+00   1.09335491e+01 
 -8.26506168e+00  -4.12749226e+00   1.24189664e+01 
 -5.13917010e+00   3.38348934e+00   1.14187551e+01 
 -4.13636756e+00   4.46056320e+00   8.00950818e+00 
 -1.29051653e+00   6.88258655e+00   7.77342880e+00 
 -3.53230946e+00   9.19281181e+00   5.52869073e+00 
 -7.00499793e+00   9.18131525e+00   4.03831869e+00 
 -6.96536403e+00   7.14749627e+00   8.44945147e-01 
 -9.35887995e+00   6.63104376e+00  -1.96589373e+00 
 -8.74585240e+00   3.20204644e+00  -3.41169248e+00 
 -9.95979378e+00   1.41845491e+00  -6.51926920e+00 
 -1.33677468e+01   5.14982625e-01  -5.17496533e+00 
 -1.19262236e+01   5.24616371e+00  -8.09939613e+00 
  4.61965161e+00  -4.35999399e+00  -1.16401287e+01 
  1.73453951e+00  -2.25279074e+00  -1.01951611e+01 
  1.28547543e+00   1.32543071e+00  -1.13279963e+01 
  6.74521306e-01   2.97533817e+00  -7.97500270e+00 
 -2.63883823e-01   6.69736951e+00  -7.75253641e+00 
  3.17149251e+00   5.00641175e+00  -3.96167971e+00 
  8.66156225e+00   5.70616478e+00  -4.25855559e+00 
  9.27079687e+00   2.61962363e+00  -6.42553760e+00 
  9.85974035e+00  -6.37891896e-01  -4.57123058e+00 
  9.55159676e+00   2.50318691e+00   4.47724144e+00 
  2.47928899e+00   1.75147568e+00   6.12984035e+00 
 -7.53624780e-01   3.82153178e-01   7.54529055e+00 
  7.82054363e-01  -2.26775731e+00   9.67814997e+00 
  4.21236281e+00  -8.73700331e-01   9.90694465e+00 
  7.61948099e+00  -6.90686065e-01   8.21547612e+00 
  1.01228938e+01  -2.78304063e+00   6.33767865e+00 
  1.38116193e+01  -2.37211953e+00   5.68755738e+00 
  7.83337796e+00  -6.76264022e+00  -8.56351550e-01 
  5.24755096e+00  -9.14568006e+00  -2.32767834e+00 
  4.66191594e+00  -6.86730686e+00  -5.34730652e+00 
  6.74989434e+00  -4.77075024e+00  -7.65766154e+00 
  5.50941129e+00  -1.17149108e+00  -7.26123361e+00 
  5.97660036e+00   1.66986313e+00  -9.62231492e+00 
  5.60467232e+00   4.87406838e+00  -7.63340815e+00 

   2.230529533600e+01 

 -3.79654276e+00  -6.18317010e-01  -2.22609397e+00 
 -3.50332030e+00   1.34879434e-01  -1.09436361e+00 
 -3.81133900e+00   1.00557289e-01   2.37003268e-01 
 -3.19302091e+00   1.05556437e+00   1.11535164e+00 
 -1.88477479e+00   1.17321067e+00   8.25122518e-01 
 -1.86609837e+00   1.76600297e+00  -3.86687693e-01 
 -2.70519599e+00   1.24649707e+00  -1.36888362e+00 
 -3.82139657e-01   1.44966545e+00   1.54933390e+00 
  6.02066963e-01   2.29900507e+00   9.08495393e-01 
 -7.09087327e-01   2.09194372e+00   2.77315445e+00 
  1.94279228e-01  -2.72958467e-02   1.83460621e+00 
  3.42187238e-01  -3.75890272e-01   3.07237191e+00 
 -8.21892630e-01  -1.24024352e+00   3.33087191e+00 
 -5.16982596e-01  -2.53923472e+00   2.74424160e+00 
 -2.12569797e+00  -1.02118771e+00   2.73230345e+00 
 -5.15606334e-01  -1.04160437e+00   1.09860840e+00 
 -4.53555961e-01  -5.21731311e-01  -2.14697538e-01 
 -9.86428769e-01  -1.25077480e+00  -1.07390140e+00 
  7.42122742e-01   8.08696422e-02  -5.98996420e-01 
  1.23742518e+00  -5.98916408e-01  -1.73819453e+00 
  2.55012640e+00  -3.59641751e-01  -2.16052935e+00 
  2.66121721e+00   7.23867213e-01  -2.72698259e+00 
  3.57197999e+00  -6.78730531e-01  -1.31609638e+00 
  4.64938046e+00   7.68354977e-02  -8.78587840e-01 
  4.63519145e+00  -4.60712904e-02   5.93775740e-01 
  4.72590037e+00  -1.39543895e+00   6.93274341e-01 
  5.21299688e+00  -2.02642249e+00  -2.97361462e-01 
  4.38257722e+00  -2.93722480e+00  -8.67502338e-01 
  4.13849022e+00  -2.67133779e+00  -2.17397966e+00 
  5.11560843e+00  -1.58593032e+00  -2.48957059e+00 
  5.69890574e+00  -1.01973202e+00  -1.26263634e+00 
  1.68249873e+00  -2.92581527e-01   5.61047718e-01 
  1.19335129e+00  -2.52551476e+00  -5.66164286e-01 
  7.63311140e-01  -3.78634426e+00  -2.89212720e-01 
  1.35020604e+00  -4.41658394e+00   7.53769304e-01 
  2.32617827e+00  -3.74163935e+00   1.41946145e+00 
  2.28036632e+00  -2.39887536e+00   1.41008744e+00 
  1.70337752e+00  -1.73984189e+00   3.85987404e-01 
 -3.96391184e+00   1.23388514e+01  -3.38083338e+00 
 -3.19994595e+00   1.05230858e+01  -1.47714933e-01 
 -1.34266120e-01   1.11422286e+01   2.04129376e+00 
  1.11256838e+00   7.70327614e+00   2.64700404e+00 
  4.14560848e+00   7.04965995e+00   4.86672122e+00 
  4.52874186e+00   4.01676143e+00   4.36045608e-01 
  6.95462603e+00   5.57135142e+00  -4.14476393e+00 
  4.47773080e+00   8.03013993e+00  -5.46205722e+00 
  1.88534054e+00   6.37862102e+00  -7.72939077e+00 
  6.40191366e+00  -2.35509493e+00  -8.87692571e+00 
  2.30010413e+00  -5.61835480e+00  -5.02889274e+00 
 -7.75966506e-02  -8.13538307e+00  -3.40667626e+00 
  5.11524919e-01  -1.14630049e+01  -4.67270270e+00 
  2.58187560e+00  -4.88163390e+00  -1.13833569e+01 
  3.50534779e+00  -2.81432743e+00  -1.44821888e+01 
 -3.26022543e+00   7.31173668e-01  -1.15084903e+01 
 -3.20415657e+00   2.05701939e+00  -8.04039997e+00 
 -6.44301136e+00   2.00776513e+00  -6.16205183e+00 
 -5.95132519e+00   5.81567663e+00  -5.34984659e+00 
 -3.40311026e+00   8.53570114e+00  -5.97352297e+00 
 -6.48128990e-01   8.25448863e+00  -3.39154262e+00 
  2.20514484e+00   1.04175031e+01  -2.35392279e+00 
  4.93696170e+00   8.18976398e+00  -1.01283526e+00 
  8.17277163e+00   8.84222482e+00   8.35330393e-01 
  1.01721866e+01   9.89438681e+00  -2.18672930e+00 
  7.14143438e+00   1.32816306e+01   1.32830705e+00 
  6.34143453e+00  -2.51397634e+00   1.26614369e+01 
  5.82994563e+00   2.41457739e-01   1.00160500e+01 
  3.95272603e+00   3.39032548e+00   1.09376360e+01 
  1.72804120e+00   3.71163505e+00   7.89041383e+00 
 -5.35034464e-01   6.78397221e+00   7.41835687e+00 
 -2.77040276e+00   2.09444704e+00   5.98894658e+00 
 -6.20808249e+00  -7.88365456e-01   9.24323653e+00 
 -3.42730676e+00  -2.52036873e+00   1.12082207e+01 
 -2.15481275e+00  -5.79518777e+00   9.77538023e+00 
 -7.95461667e+00  -6.67697359e+00   2.19772125e+00 
 -4.15361338e+00  -3.31465021e+00  -3.05212254e+00 
 -1.94342517e+00  -2.71882343e+00  -6.06713898e+00 
 -1.75092836e+00  -6.27394226e+00  -7.18673726e+00 
 -4.76069817e+00  -7.56555007e+00  -5.44438537e+00 
 -6.09632622e+00  -8.98832052e+00  -2.17408890e+00 
 -5.20647722e+00  -1.13375027e+01   6.29598748e-01 
 -7.28918687e+00  -1.31539957e+01   3.19102160e+00 
  1.88672940e+00  -1.00534914e+01   5.19806640e+00 
  5.65053038e+00  -9.53118190e+00   4.89611188e+00 
  5.56109358e+00  -6.51483537e+00   7.25105655e+00 
  3.82684769e+00  -5.56701114e+00   1.04427599e+01 
  1.74949853e+00  -2.45035800e+00   9.65427502e+00 
  3.98089012e-01   5.20625297e-02   1.20579899e+01 
 -2.52702452e+00   1.77864832e+00   1.03776249e+01 

   2.230529534016e+01 

 -1.61312939e+00   3.73776196e+00  -6.00247453e+00 
 -2.23911465e+00   3.19729790e+00  -4.88437055e+00 
 -3.22697685e+00   2.28619900e+00  -4.63420732e+00 
 -3.51262416e+00   1.93175587e+00  -3.27087850e+00 
 -2.36721681e+00   1.74758206e+00  -2.58996940e+00 
 -1.82544404e+00   2.98078494e+00  -2.51291470e+00 
 -1.77160943e+00   3.73303060e+00  -3.68333647e+00 
 -1.69336352e+00   8.17970102e-01  -1.34876797e+00 
 -8.00658906e-01   1.41799868e+00  -3.77281132e-01 
 -2.82115623e+00   3.68511122e-01  -6.11735103e-01 
 -1.00248598e+00  -4.19175292e-01  -2.11505853e+00 
 -1.49741878e+00  -1.59652807e+00  -1.90448547e+00 
 -2.30720875e+00  -1.85269413e+00  -3.10766228e+00 
 -1.37847080e+00  -2.23794096e+00  -4.16289375e+00 
 -3.03552349e+00  -8.14912829e-01  -3.81388012e+00 
 -8.52529225e-01  -1.71885278e-01  -3.52601484e+00 
 -1.99204485e-01   1.08188707e+00  -3.51696969e+00 
  7.93571773e-02   1.51631460e+00  -4.65158782e+00 
  7.78988011e-01   1.27677327e+00  -2.54452416e+00 
  1.99924917e+00   1.58153443e+00  -3.19510668e+00 
  3.18987376e+00   1.56241202e+00  -2.45967879e+00 
  3.29992579e+00   2.54797160e+00  -1.73601818e+00 
  3.58736190e+00   3.85056808e-01  -1.89857267e+00 
  3.96337915e+00   8.81269264e-02  -5.97200095e-01 
  3.14695384e+00  -1.08314026e+00  -2.16719487e-01 
  3.53265111e+00  -1.93625891e+00  -1.19772254e+00 
  4.64839744e+00  -1.71337571e+00  -1.76534335e+00 
  4.58198095e+00  -1.49070132e+00  -3.10333341e+00 
  5.06447371e+00  -2.72960088e-01  -3.45184288e+00 
  5.70117520e+00   2.15219329e-01  -2.19137689e+00 
  5.29703366e+00  -6.04021810e-01  -1.03737990e+00 
  9.48456495e-01  -1.39106015e-01  -1.96482945e+00 
  1.82841548e+00  -3.49851915e-01  -4.34750053e+00 
  1.68541213e+00  -1.10150068e+00  -5.47264722e+00 
  1.71920498e+00  -2.44478169e+00  -5.31817047e+00 
  1.90873595e+00  -2.92177183e+00  -4.05808973e+00 
  1.50820696e+00  -2.15617957e+00  -3.02921383e+00 
  1.46367283e+00  -8.14701237e-01  -3.14964103e+00 
 -4.65858150e+00   1.18283977e+01   3.71958058e+00 
 -5.40955773e+00   8.11781165e+00   3.75508858e+00 
 -4.45568776e+00   5.71610697e+00   6.56498493e+00 
 -2.88742257e+00   2.91365522e+00   4.71169439e+00 
 -1.62522261e+00  -2.02967377e-01   6.51373078e+00 
  2.03370516e+00   1.31919651e+00   2.87073037e+00 
  6.09363582e+00   4.75951786e+00   3.85375422e+00 
  4.24946109e+00   7.99569060e+00   4.05904017e+00 
  3.99131122e+00   9.71656557e+00   6.58931911e-01 
  1.05500756e+01   4.13855110e+00  -4.22598863e+00 
  6.08219138e+00   9.04627388e-01  -7.66994475e+00 
  4.01165230e+00  -8.57690199e-01  -1.03583431e+01 
  6.10723301e+00  -1.95447230e+00  -1.30838674e+01 
  9.71955670e+00   5.99466338e+00  -9.03463093e+00 
  1.16304773e+01   9.13992791e+00  -7.94603673e+00 
  3.72135327e+00   1.12797277e+01  -7.71577560e+00 
  1.42195658e+00   9.38171550e+00  -5.50242486e+00 
 -2.14180626e+00   9.09841639e+00  -6.61603548e+00 
 -3.27471853e+00   1.04158399e+01  -3.09715996e+00 
 -1.69743464e+00   1.14776732e+01   1.68655742e-01 
 -9.59684569e-01   8.39358487e+00   2.23740878e+00 
  6.02831559e-02   7.78788712e+00   5.77142776e+00 
  2.02445074e+00   4.57036942e+00   5.88892431e+00 
  3.29507326e+00   2.38284090e+00   8.70177469e+00 
  6.27496127e+00   4.52451685e+00   9.57977717e+00 
  9.91244571e-01   4.83410857e+00   1.18160536e+01 
 -1.73126675e+00  -1.21416773e+01   2.70606847e+00 
 -1.37913347e+00  -8.44443759e+00   3.73493443e+00 
 -4.22590845e+00  -6.72668886e+00   5.53322146e+00 
 -4.29912648e+00  -3.45979339e+00   3.62008447e+00 
 -6.62891361e+00  -5.97263215e-01   4.69780998e+00 
 -6.25037679e+00  -1.31394833e+00  -6.28974908e-01 
 -9.97075401e+00  -4.12804043e+00  -3.62200506e+00 
 -8.46113300e+00  -7.55873356e+00  -2.88372867e+00 
 -5.75616117e+00  -8.74503850e+00  -5.26542002e+00 
 -5.68159555e+00  -1.45443755e+00  -1.14845894e+01 
 -6.74713001e-01   2.99707434e+00  -8.58131869e+00 
  2.59014910e+00   4.80590765e+00  -7.94970573e+00 
  4.35807049e+00   3.61500921e+00  -1.10133067e+01 
  1.39184324e+00   2.66552755e+00  -1.30289173e+01 
 -1.11362618e+00  -1.05203275e-01  -1.37696586e+01 
 -1.37524144e+00  -3.83234845e+00  -1.42291629e+01 
 -3.94617764e+00  -6.01995051e+00  -1.59033565e+01 
  1.15565709e+00  -9.09773536e+00  -8.00795217e+00 
  4.09653538e+00  -9.92736730e+00  -5.72911035e+00 
  1.85278687e+00  -1.00010386e+01  -2.62874533e+00 
 -1.57031127e+00  -1.12598567e+01  -1.73949421e+00 
 -3.58824264e+00  -8.20104013e+00  -6.33982555e-01 
 -6.69467856e+00  -8.14430064e+00   1.41859007e+00 
 -8.47678404e+00  -4.87925458e+00   6.94273076e-01 

   2.230529546240e+01 

  4.57143681e+00  -4.97830696e+00   1.28766271e-01 
  4.31136314e+00  -4.00563885e+00   1.08813840e+00 
  3.98088189e+00  -3.97227113e+00   2.41411882e+00 
  3.69505953e+00  -2.70276924e+00   3.02449586e+00 
  2.91720922e+00  -1.96313242e+00   2.21369419e+00 
  3.71702373e+00  -1.66426849e+00   1.16907620e+00 
  4.44487247e+00  -2.70531057e+00   5.98879204e-01 
  1.67393885e+00  -8.17672840e-01   2.24589384e+00 
  1.67546576e+00   3.00787462e-01   1.32405400e+00 
  1.77073351e+00  -2.49158121e-01   3.54380337e+00 
  3.28261828e-01  -1.69470115e+00   2.12335591e+00 
 -4.70702836e-01  -1.69800937e+00   3.14173920e+00 
 -1.94123410e-01  -2.98842244e+00   3.79546229e+00 
 -8.91209016e-01  -4.00768161e+00   3.02108229e+00 
  1.12357874e+00  -3.59524951e+00   3.83543945e+00 
  5.91385633e-01  -3.03786715e+00   1.67490396e+00 
  1.36045442e+00  -2.79385722e+00   5.13935083e-01 
  1.69949239e+00  -3.82687563e+00  -9.56629394e-02 
  9.68312877e-01  -1.72586719e+00  -2.89877043e-01 
  6.93258757e-01  -2.22237253e+00  -1.58718254e+00 
  3.19717954e-02  -1.40140610e+00  -2.50779176e+00 
  7.71788044e-01  -5.36439172e-01  -2.96782160e+00 
 -1.23291385e+00  -9.85202583e-01  -2.21481000e+00 
 -1.78650738e+00   2.86278443e-01  -2.21537153e+00 
 -2.43786271e+00   4.24774358e-01  -8.96380484e-01 
 -3.28253180e+00  -6.33791041e-01  -9.66500233e-01 
 -3.58480813e+00  -1.06896397e+00  -2.12236030e+00 
 -3.24370795e+00  -2.36164499e+00  -2.36076790e+00 
 -2.39170679e+00  -2.48954755e+00  -3.40713581e+00 
 -2.38722392e+00  -1.12347632e+00  -4.01237303e+00 
 -3.00081312e+00  -1.37300645e-01  -3.10840271e+00 
 -3.93991111e-01  -1.34464401e+00   3.16979169e-01 
 -8.01334347e-01  -3.65167852e+00  -6.86777388e-01 
 -1.28732903e+00  -4.88148910e+00  -3.66221432e-01 
 -2.48370676e+00  -4.92030106e+00   2.63528030e-01 
 -3.09906057e+00  -3.73096713e+00   5.04504485e-01 
 -2.32728580e+00  -2.63906169e+00   6.35838949e-01 
 -1.13016560e+00  -2.56782473e+00   2.11210503e-02 
  1.22468963e+01   5.52416114e+00   3.21343424e-01 
  9.38805733e+00   4.96130525e+00   2.73876176e+00 
  6.59447030e+00   7.46423360e+00   3.44924808e+00 
  3.55469784e+00   5.36200105e+00   3.15212514e+00 
  7.65492195e-02   6.79343057e+00   3.79033591e+00 
 -7.40664607e-02   3.72385335e+00  -6.29074632e-01 
  8.46729364e-01   5.52591578e+00  -5.64802892e+00 
  4.53987813e+00   6.04290439e+00  -5.55154941e+00 
  6.45338083e+00   2.91728916e+00  -6.62757259e+00 
 -1.17215244e+00  -2.16193149e+00  -1.03754854e+01 
 -1.50247142e+00  -6.39457717e+00  -5.45037864e+00 
 -1.79037177e+00  -9.47130366e+00  -3.19843522e+00 
 -3.53116254e+00  -1.21437081e+01  -4.88685990e+00 
  1.25962077e+00  -6.70429176e+00  -1.12189295e+01 
  2.96431678e+00  -5.01861344e+00  -1.42159020e+01 
  8.66433302e+00  -5.13730391e+00  -8.32678377e+00 
  7.94795566e+00  -3.41916887e+00  -5.11377674e+00 
  9.53785930e+00  -4.85313830e+00  -2.04185034e+00 
  1.09318897e+01  -1.28690833e+00  -1.18146588e+00 
  1.08025309e+01   2.21722405e+00  -2.59043275e+00 
  7.58571344e+00   3.87293829e+00  -1.47405032e+00 
  6.25719057e+00   7.35465666e+00  -1.56973958e+00 
  2.49384364e+00   7.16857522e+00  -1.73335818e+00 
 -2.68650081e-01   9.73155583e+00  -1.39922191e+00 
  6.07161921e-02   1.11531720e+01  -4.87886582e+00 
  2.71661436e+00   1.29656059e+01  -1.16961959e-01 
 -9.91168282e+00   1.30646286e+00   9.00289166e+00 
 -6.96141694e+00   2.88390999e+00   7.08984759e+00 
 -4.23468802e+00   4.66947704e+00   9.00435143e+00 
 -1.19697346e+00   3.24860839e+00   7.24609099e+00 
  2.33360840e+00   4.53173139e+00   8.06589065e+00 
  1.98538447e+00  -7.92909956e-01   7.31855889e+00 
  1.61584762e+00  -4.45843295e+00   1.14593253e+01 
 -2.16419303e+00  -4.10079198e+00   1.18800951e+01 
 -4.30988791e+00  -6.39663978e+00   9.75366042e+00 
  2.52107718e+00  -1.14703485e+01   5.34549941e+00 
  3.69223122e+00  -7.55044581e+00  -7.02357823e-01 
  3.61463792e+00  -6.39624833e+00  -4.30679170e+00 
  1.98121909e+00  -9.44272379e+00  -5.71404754e+00 
  2.77856300e+00  -1.18128329e+01  -2.97369521e+00 
  1.65943972e+00  -1.31506509e+01   4.11689125e-01 
 -1.41005218e+00  -1.41635005e+01   2.34133920e+00 
 -1.91036565e+00  -1.63429850e+01   5.37412150e+00 
 -7.75450381e+00  -8.57972848e+00   3.52567129e+00 
 -1.01072142e+01  -6.20901206e+00   1.68865373e+00 
 -9.34285319e+00  -3.34824176e+00   4.11431672e+00 
 -8.84139295e+00  -2.93647329e+00   7.81187928e+00 
 -5.29500235e+00  -1.57180041e+00   8.27160348e+00 
 -3.90590213e+00   2.03208886e-01   1.12357162e+01 
 -1.37881240e-01  -1.87136327e-01   1.11322270e+01 

   2.230529546254e+01 

