  4.53923600e+00   5.96167418e-01  -2.17382157e+00 
  4.92147123e+00  -2.70073378e-01  -1.19015458e+00 
  3.99145222e+00  -1.09625743e+00  -6.35416944e-01 
  2.74414378e+00  -1.13547849e+00  -1.26798097e+00 
  2.76693708e+00  -7.36093973e-01  -2.62065755e+00 
  3.76723912e+00   9.78251916e-02  -3.15383797e+00 
  1.41973249e+00  -8.35516181e-01  -3.19739736e+00 
  4.59803835e+00  -2.33568428e+00  -2.42628233e-02 
  2.11532331e+00  -2.36986564e+00  -1.23804007e+00 
  2.35940241e+00  -3.18523410e+00  -2.31456945e-01 
  2.33503088e+00  -2.41635234e+00   9.51478469e-01 
  2.75012232e+00  -1.55316490e+00   1.70036647e+00 
  1.01537706e+00  -2.79672488e+00   1.17807963e+00 
  3.04702944e-01  -1.76028082e+00   1.94883435e+00 
 -2.08471636e-01  -3.90713045e+00   2.62764192e+00 
 -5.53651155e-01  -2.47043975e+00   2.81325108e+00 
  4.93457390e-01  -6.95523866e-01   1.17029374e+00 
  1.35667069e+00   4.09205274e-01   8.29093824e-01 
  4.60589204e-01   1.00415398e+00  -1.65709368e-01 
  6.78037319e-01   1.26307686e+00  -1.49887940e+00 
  1.88399604e+00   2.04931686e+00  -1.64744757e+00 
  2.59764695e+00   1.96378499e+00  -3.97934562e-01 
  2.20832033e+00   2.97170894e+00  -2.67181951e+00 
 -1.14442211e+00   6.12693587e-01   4.32813760e-01 
 -1.48339414e+00  -1.02019277e+00   3.61003802e-02 
 -1.30180634e+00  -1.22932885e+00  -1.24654375e+00 
 -9.68069132e-01  -2.55522554e+00  -1.52447055e+00 
 -1.00648694e+00  -3.66001841e+00  -7.27638275e-01 
 -2.05071409e+00  -3.26260833e+00   1.39009000e-01 
 -2.26587623e+00  -1.95926888e+00   5.76909230e-01 
  9.61201900e-01  -1.05572513e+00  -4.14674088e-02 
 -1.81136951e+00   1.49590776e+00  -4.16191177e-01 
 -1.09811091e+00   5.94695231e-01   1.89103953e+00 
  1.14047862e+00  -4.08705015e+00   2.73191541e+00 
  1.77946579e+00  -5.23654147e+00   2.25288956e+00 
  1.03594871e+00  -6.36082828e+00   2.32502243e+00 
 -2.63113836e-01  -6.23580315e+00   2.64763108e+00 
 -8.71459211e-01  -5.03362611e+00   2.51187653e+00 
 -8.52873505e-01  -7.63441603e+00   3.88954321e+00 
 -2.27143313e-01  -4.78524817e+00  -6.72803520e-01 
 -7.46525198e+00   6.25609051e+00  -7.62743881e+00 
 -5.57291568e+00   6.58296034e+00  -4.34323647e+00 
 -7.29945016e+00   7.07375955e+00  -9.84320059e-01 
 -5.48108456e+00   4.74214575e+00   1.13937243e+00 
 -6.01683390e+00   4.14783746e+00   4.83532678e+00 
 -5.33439998e+00  -4.72685790e-01   2.29910927e+00 
 -9.69814010e+00  -3.42186012e+00   2.91463950e-01 
 -1.02075248e+01  -1.57788986e+00  -2.83032079e+00 
 -8.10454149e+00  -2.92207701e+00  -5.73085706e+00 
 -4.61695232e+00  -1.14656129e+01  -1.73289983e+00 
  1.68406476e+00  -9.00128163e+00  -1.37060427e+00 
  5.43481413e+00  -8.36711712e+00  -8.71870992e-01 
 -1.92038649e+00  -6.39772177e+00  -1.07241497e+01 
 -1.93520066e+00  -3.49554500e+00  -8.37892568e+00 
  6.31555588e-01  -8.45981751e-01  -8.89182722e+00 
 -2.22039067e+00   1.74597160e+00  -8.77638675e+00 
 -5.94582262e+00   1.95360289e+00  -8.32220262e+00 
 -6.65696621e+00   2.11781460e+00  -4.62802582e+00 
 -9.63665532e+00   2.88728308e+00  -2.51762269e+00 
 -9.19014097e+00   9.95432973e-01   7.22056966e-01 
 -1.10821504e+01   1.17556116e+00   3.99567805e+00 
  2.21326596e+00   1.88485338e+00   1.40077786e+01 
 -3.49379568e-01   2.18554273e+00   1.11286102e+01 
 -1.32198994e+00   5.57553008e+00   9.84781928e+00 
 -1.10490705e+00   5.07550981e+00   6.12598023e+00 
 -2.24292643e+00   7.79046066e+00   3.69596063e+00 
  2.33992647e+00   5.36933267e+00   2.12074672e+00 
  7.46360286e+00   7.13007871e+00   3.23910147e+00 
  7.55525525e+00   5.66822781e+00   6.69473356e+00 
  8.77921001e+00   2.12861544e+00   7.02908520e+00 
  1.44053971e+01  -9.74643102e-01  -2.48067171e+00 
  1.07804275e+01  -3.24057204e-01  -1.94458362e+00 
  4.15511927e+00  -3.35993895e+00  -4.34211971e+00 
  1.73029810e+00  -5.74702319e+00  -5.27432940e+00 
  3.98535641e+00  -8.71733515e+00  -5.20375024e+00 
  7.31100725e+00  -7.00745694e+00  -5.66541688e+00 
  1.00345975e+01  -5.30270329e+00  -3.60330423e+00 
  1.19473391e+01  -5.47683022e+00  -3.51813859e-01 
  1.53426000e+01  -4.14748167e+00   6.55795282e-01 
  8.27074825e+00  -5.25930960e+00   7.24989599e+00 
  5.63122170e+00  -6.89169969e+00   9.35523014e+00 
  4.09667991e+00  -3.54309591e+00   1.04428422e+01 
  5.34570299e+00  -1.40436389e-01   1.13819949e+01 
  3.97782010e+00   2.29396057e+00   8.75131259e+00 
  3.60100291e+00   5.94917956e+00   9.17415788e+00 
  3.54416943e+00   7.44442905e+00   5.70833473e+00 
  2.67266733e+00   1.09321451e+01   4.54280782e+00 

   3.731458442138e+01 

  3.22744611e+00   1.23349434e+00   4.78888949e-01 
  2.28602766e+00   1.79496960e+00   1.29285170e+00 
  9.70744657e-01   1.69573309e+00   9.53077635e-01 
  6.98822225e-01   1.19617619e+00  -3.25157565e-01 
  1.76227367e+00   1.33649594e+00  -1.24117263e+00 
  3.10471235e+00   1.46415562e+00  -8.38841798e-01 
  1.36939477e+00   8.06018828e-01  -2.55330550e+00 
  1.23233240e-01   2.78494137e+00   1.56381249e+00 
 -4.16739897e-01   1.74347414e+00  -9.38403803e-01 
 -1.40792425e+00   2.17918070e+00  -1.86556849e-01 
 -1.62896613e+00   1.21696933e+00   8.21631056e-01 
 -1.31535833e+00   5.77479346e-01   1.80697357e+00 
 -2.66072623e+00   6.59896963e-01   7.15571212e-02 
 -2.80961056e+00  -7.73329391e-01   3.83036100e-01 
 -4.83075013e+00   3.20150449e-01   1.54745801e-01 
 -4.19812321e+00  -1.01516235e+00   3.41249437e-01 
 -1.57904665e+00  -1.21478427e+00   1.25471483e-01 
 -2.45768707e-01  -1.43007613e+00   6.33403311e-01 
  2.74261821e-01  -2.08489451e+00  -5.69667496e-01 
  1.33407433e+00  -1.73229677e+00  -1.37221452e+00 
  2.52122658e+00  -1.56977042e+00  -5.60589037e-01 
  2.08399834e+00  -1.48271536e+00   8.10251175e-01 
  3.87378814e+00  -1.74825404e+00  -9.40219839e-01 
 -1.12583448e+00  -2.91749725e+00  -1.22840439e+00 
 -2.09927541e+00  -1.76862294e+00  -2.04767153e+00 
 -1.38530119e+00  -1.10214420e+00  -2.92400876e+00 
 -1.89882941e+00   1.72451267e-01  -3.16551863e+00 
 -3.09080086e+00   7.25849393e-01  -2.80517134e+00 
 -3.86852645e+00  -4.54025201e-01  -2.75657274e+00 
 -3.40476496e+00  -1.69296596e+00  -2.32437874e+00 
 -8.60815901e-01  -2.90509432e-01  -5.42910104e-01 
 -3.94712448e-01  -3.70030742e+00  -2.12191319e+00 
 -1.97466923e+00  -3.33637250e+00  -1.18024065e-01 
 -4.33616119e+00   1.20934514e+00   1.06441359e+00 
 -4.46713743e+00   2.59342685e+00   9.02365380e-01 
 -5.59466575e+00   2.97786190e+00   2.67662933e-01 
 -6.35122497e+00   2.02437512e+00  -3.03092010e-01 
 -5.80891823e+00   8.12269706e-01  -5.68378021e-01 
 -8.26696372e+00   2.33563220e+00  -2.13903748e-02 
 -3.45147281e+00   2.00563215e+00  -2.47541616e+00 
  4.07830597e+00  -8.29210825e+00  -1.02171699e+01 
  3.28885626e+00  -8.46642526e+00  -6.49962962e+00 
  7.60659758e-01  -1.08995056e+01  -5.01882563e+00 
 -1.07175165e+00  -8.76195919e+00  -2.71103886e+00 
 -3.89710023e+00  -9.79405453e+00  -4.19275354e-01 
 -5.00058309e+00  -5.13912653e+00  -2.73471765e+00 
 -7.86109130e+00  -4.84730463e+00  -7.58271313e+00 
 -5.09915772e+00  -5.54135013e+00  -9.88382302e+00 
 -3.19717738e+00  -2.39427178e+00  -1.09424770e+01 
 -9.25754769e+00   4.77599554e+00  -7.33721326e+00 
 -4.77138909e+00   6.49613602e+00  -2.56005164e+00 
 -2.79780734e+00   8.05415395e+00   3.37663315e-01 
  6.12497556e-01   5.38951208e+00  -1.13375532e+01 
  1.06737572e+00   2.47036160e+00  -9.05835177e+00 
  4.33156411e+00   2.14750840e+00  -7.29401731e+00 
  4.49444280e+00  -1.49336606e+00  -8.55193577e+00 
  2.50663171e+00  -3.96662238e+00  -1.05667275e+01 
  7.75793177e-02  -5.66812484e+00  -8.24632251e+00 
 -2.15947274e+00  -8.64803562e+00  -8.44578798e+00 
 -5.05271320e+00  -7.99192983e+00  -6.10637817e+00 
 -7.81040926e+00  -1.02622503e+01  -4.85364622e+00 
 -6.65843135e+00  -6.18490438e+00   1.12572014e+01 
 -6.04192397e+00  -6.99914047e+00   7.52839479e+00 
 -3.61312754e+00  -9.70035052e+00   6.58899632e+00 
 -1.62694209e+00  -8.02728560e+00   3.86773306e+00 
  9.68367569e-01  -9.95801859e+00   1.84102830e+00 
  2.63584686e+00  -4.97475567e+00   3.15710164e+00 
  5.64289045e+00  -3.65346218e+00   7.60845869e+00 
  2.71930327e+00  -3.59437777e+00   9.96133866e+00 
  8.78773856e-01  -3.36362492e-01   1.03304396e+01 
  7.31330343e+00   8.26540594e+00   6.28987872e+00 
  5.60891526e+00   5.49353951e+00   4.48357488e+00 
  1.79912781e+00   4.65286954e+00  -2.12235424e+00 
 -3.74667674e-01   5.31728512e+00  -4.82053409e+00 
 -1.18486710e+00   8.83431521e+00  -3.87872923e+00 
  1.82846857e+00   9.64160221e+00  -1.76561474e+00 
  3.04991634e+00   9.30623121e+00   1.83612160e+00 
  1.97114069e+00   9.52917014e+00   5.44827414e+00 
  3.90997890e+00   1.01990369e+01   8.62667361e+00 
 -4.20398133e+00   4.82603809e+00   8.77966575e+00 
 -7.79682608e+00   3.84362871e+00   8.34348714e+00 
 -7.07135426e+00   9.93513951e-02   8.79612588e+00 
 -4.84020459e+00  -2.01367014e+00   1.09355568e+01 
 -2.41910835e+00  -3.80547474e+00   8.55947614e+00 
 -5.30708743e-01  -6.89398918e+00   9.31879146e+00 
  2.43745743e+00  -6.95452430e+00   6.98700385e+00 
  4.91068703e+00  -9.70617374e+00   6.21666907e+00 

   3.731458353842e+01 

  2.82027368e+00   2.52057312e+00  -1.79308364e+00 
  1.61672516e+00   3.14848391e+00  -1.93871063e+00 
  4.70373393e-01   2.42485861e+00  -1.80613599e+00 
  6.21573431e-01   1.03597577e+00  -1.73191498e+00 
  1.82288928e+00   5.52544067e-01  -2.29121690e+00 
  2.97416836e+00   1.34930515e+00  -2.43273949e+00 
  1.87375143e+00  -9.11570770e-01  -2.18534275e+00 
 -7.02317464e-01   3.04676267e+00  -2.52422414e+00 
 -4.00753159e-01   3.07395742e-01  -2.31855477e+00 
 -1.61102992e+00   8.27943765e-01  -2.36134803e+00 
 -1.86804419e+00   1.40592151e+00  -1.09999667e+00 
 -1.67769140e+00   2.21236133e+00  -2.10244954e-01 
 -2.55341860e+00   2.59530624e-01  -7.08176427e-01 
 -2.47843062e+00   8.77971089e-02   7.54090523e-01 
 -4.56387711e+00  -3.97963811e-01  -1.10639668e-01 
 -3.73702873e+00  -4.26576578e-01   1.12771308e+00 
 -1.15883888e+00   8.64835985e-02   9.38812569e-01 
  2.79677417e-02   8.78266748e-01   1.15445362e+00 
  9.44227384e-01  -2.54780651e-01   1.30702678e+00 
  2.07164405e+00  -5.74775463e-01   5.87215038e-01 
  2.96989142e+00   5.59779188e-01   5.67080264e-01 
  2.20718842e+00   1.70676753e+00   9.92116429e-01 
  4.38125693e+00   5.58436629e-01   4.51072572e-01 
 -5.67606001e-02  -1.50499933e+00   2.02979849e+00 
 -1.01678400e+00  -2.20683617e+00   7.95135356e-01 
 -2.63600643e-01  -2.60518954e+00  -2.02832522e-01 
 -9.51868320e-01  -2.60932562e+00  -1.41647626e+00 
 -2.28236400e+00  -2.47072700e+00  -1.67625433e+00 
 -2.79239792e+00  -2.99351281e+00  -4.65518900e-01 
 -2.20455350e+00  -2.81978603e+00   7.83917829e-01 
 -5.04124782e-01  -4.68969171e-02  -2.31841926e-01 
  1.01135330e+00  -2.33066865e+00   2.38065217e+00 
 -1.04456922e+00  -8.61538788e-01   2.88951677e+00 
 -4.49425909e+00   8.32109513e-01  -6.97852585e-01 
 -4.86079398e+00   1.04394107e+00  -2.03198969e+00 
 -5.85624761e+00   2.45470445e-01  -2.47187583e+00 
 -6.24304124e+00  -7.70785051e-01  -1.68137563e+00 
 -5.41814458e+00  -1.20239205e+00  -6.98068594e-01 
 -8.19228298e+00  -9.85560219e-01  -1.65668643e+00 
 -2.96411619e+00  -1.90768931e+00  -2.72260435e+00 
  8.13907865e+00  -9.72260573e+00   3.46783322e+00 
  6.53011898e+00  -6.61407720e+00   4.95850955e+00 
  4.26864535e+00  -6.70402577e+00   8.02152112e+00 
  1.53946535e+00  -4.52172708e+00   7.00079067e+00 
 -1.48400546e+00  -3.55633327e+00   9.05661308e+00 
 -2.91984094e+00  -4.65243341e+00   4.05816800e+00 
 -4.52657656e+00  -9.82713426e+00   2.50546894e+00 
 -1.21023684e+00  -1.13159846e+01   2.06946512e+00 
  2.10185036e-01  -1.08192838e+01  -1.44877876e+00 
 -7.86681419e+00  -7.24522210e+00  -6.25775470e+00 
 -5.10902648e+00  -1.08030352e+00  -6.80046310e+00 
 -4.25038732e+00   2.58814859e+00  -7.52446385e+00 
  2.33897628e+00  -7.82535309e+00  -9.30761917e+00 
  2.81515454e+00  -6.45314045e+00  -5.87055798e+00 
  5.55386872e+00  -3.98096010e+00  -5.36076893e+00 
  6.75129177e+00  -6.12727359e+00  -2.39016919e+00 
  5.85251189e+00  -9.25795987e+00  -5.14348412e-01 
  3.33428883e+00  -8.34287761e+00   2.13152715e+00 
  1.86482947e+00  -1.00369189e+01   5.11397819e+00 
 -1.57768710e+00  -8.56253296e+00   5.61346557e+00 
 -4.03511143e+00  -8.88083873e+00   8.47494893e+00 
 -7.64976704e+00   7.31998900e+00   9.88091247e+00 
 -6.00132480e+00   3.86627909e+00   9.33182531e+00 
 -2.92105023e+00   2.94440280e+00   1.12658003e+01 
 -7.20837744e-01   1.52589162e+00   8.56464869e+00 
  2.62269584e+00  -1.17120233e-01   9.39667912e+00 
  2.87551650e+00   3.00437191e+00   4.97655051e+00 
  4.38902474e+00   8.32424564e+00   4.87060210e+00 
  1.03577908e+00   9.63030902e+00   5.93686712e+00 
 -1.46203682e+00   1.03645645e+01   3.22387593e+00 
  3.86946448e+00   1.10384616e+01  -6.91715755e+00 
  3.25023686e+00   8.09500054e+00  -4.72546061e+00 
  1.39603678e+00   7.13522771e-01  -5.69244144e+00 
 -1.52372583e-01  -2.19259959e+00  -6.95892852e+00 
 -1.86285497e+00  -5.59803982e-01  -9.84359405e+00 
  3.24060472e-01   2.48191568e+00  -1.02464730e+01 
  6.84184845e-01   6.02759442e+00  -8.87700107e+00 
 -1.25476531e+00   9.06950676e+00  -7.75962707e+00 
 -3.16168225e-01   1.27283625e+01  -7.55501982e+00 
 -6.96163570e+00   8.94599394e+00  -1.53339171e+00 
 -1.00667561e+01   7.21333330e+00  -3.41814134e-01 
 -8.72626914e+00   6.76191230e+00   3.22891784e+00 
 -6.69449123e+00   8.75875942e+00   5.65883499e+00 
 -3.46040341e+00   6.78607510e+00   6.26492456e+00 
 -1.22333014e+00   7.14353869e+00   9.18881695e+00 
  2.16740033e+00   5.86933379e+00   8.12575622e+00 
  5.25938847e+00   5.10013011e+00   1.01579469e+01 

   3.731458319662e+01 

  2.48370020e+00   2.66892896e+00  -2.25961216e+00 
  1.65442070e+00   3.59374322e+00  -1.69304530e+00 
  1.04522808e+00   3.30246030e+00  -5.10092060e-01 
  1.48269336e+00   2.14417988e+00   1.41367727e-01 
  2.77981184e+00   1.72772321e+00  -2.24294405e-01 
  3.37770430e+00   2.07898140e+00  -1.44880001e+00 
  3.15275666e+00   5.23494485e-01   5.29478686e-01 
  6.51704596e-01   4.53530617e+00   2.66336299e-01 
  1.47364225e+00   2.21646585e+00   1.52514156e+00 
  5.96350008e-01   3.00269610e+00   2.11655771e+00 
 -6.43413128e-01   2.81604276e+00   1.46905567e+00 
 -1.39841254e+00   2.88128277e+00   5.18276840e-01 
 -1.03032484e+00   1.91552258e+00   2.45739090e+00 
 -1.99326579e+00   9.38615653e-01   1.91723942e+00 
 -2.53747670e+00   1.67127878e+00   4.03853649e+00 
 -2.90717441e+00   7.06687980e-01   2.96568513e+00 
 -1.29829510e+00   4.40650023e-01   8.95243241e-01 
 -9.35325790e-01   5.76710085e-01  -4.94595574e-01 
 -1.47280198e-01  -6.56131163e-01  -5.70082842e-01 
  1.17300257e+00  -8.34257688e-01  -9.11673521e-01 
  1.42770013e+00  -2.15159005e-01  -2.19474816e+00 
  3.13764642e-01   6.57970794e-01  -2.46813867e+00 
  2.39803194e+00  -5.71427235e-01  -3.16271294e+00 
 -9.42391627e-01  -1.72880378e+00   5.72099954e-01 
 -4.50690141e-01  -1.29017434e+00   2.15463477e+00 
  8.58542862e-01  -1.26084570e+00   2.23804562e+00 
  1.30660749e+00  -3.76702549e-01   3.21997341e+00 
  6.19949379e-01   2.72666498e-01   4.20169263e+00 
 -4.27889462e-01  -6.59416894e-01   4.38231660e+00 
 -1.01331946e+00  -1.40290482e+00   3.36186643e+00 
 -1.42461252e-03   8.00810568e-01   9.67783558e-01 
 -2.90375856e-01  -2.88124138e+00   1.33404973e-01 
 -2.36874346e+00  -1.42145694e+00   5.73235348e-01 
 -2.41953759e+00   2.92965357e+00   3.52343579e+00 
 -1.74384967e+00   3.95226572e+00   4.19931845e+00 
 -1.82235508e+00   3.88010108e+00   5.54490900e+00 
 -2.34767772e+00   2.76688146e+00   6.08532806e+00 
 -2.41886424e+00   1.63536913e+00   5.34489129e+00 
 -3.52790336e+00   3.16796340e+00   7.59942125e+00 
  7.89096928e-01   1.49837753e+00   4.78957200e+00 
  5.50597187e+00  -1.13185844e+01  -1.22321984e+00 
  2.52931548e+00  -9.27912747e+00  -2.42903714e+00 
 -1.08297373e+00  -1.03968368e+01  -1.97459174e+00 
 -2.67968908e+00  -7.32633906e+00  -8.45291669e-01 
 -6.34202895e+00  -6.83664773e+00  -4.08163438e-02 
 -3.31061536e+00  -4.44447708e+00   3.61097224e+00 
 -1.71812067e+00  -7.08519779e+00   8.32908881e+00 
  1.10432988e+00  -8.97663453e+00   6.96487508e+00 
  4.40226471e+00  -7.03864426e+00   7.06574131e+00 
  1.79482150e+00   8.28338127e-01   1.27621991e+01 
  2.15992612e+00   5.06811234e+00   7.48990275e+00 
  2.17647959e+00   8.04955932e+00   5.07543700e+00 
  1.05758492e+01  -9.44851966e-01   6.97035077e+00 
  7.99399850e+00  -1.96031773e+00   4.47516075e+00 
  8.63859678e+00  -1.15549441e+00   8.96197692e-01 
  7.85135563e+00  -4.83810880e+00   6.94381800e-02 
  6.82196689e+00  -8.04023038e+00   1.74704645e+00 
  3.06381985e+00  -8.07156688e+00   1.98118668e+00 
  4.64802443e-01  -1.06174700e+01   2.81039116e+00 
 -2.47870339e+00  -8.73529157e+00   4.24823686e+00 
 -6.00288266e+00  -9.85750920e+00   5.05392292e+00 
 -1.39131959e+01   2.92769180e+00  -2.12064496e+00 
 -1.14951838e+01   8.08073327e-02  -1.12293600e+00 
 -1.06991046e+01  -2.63526108e+00  -3.58614451e+00 
 -6.95689418e+00  -2.86649930e+00  -3.28323027e+00 
 -4.99172870e+00  -5.59784437e+00  -5.08569680e+00 
 -2.52261153e+00  -7.79991815e-01  -5.27759257e+00 
 -3.01380538e+00   2.93297600e+00  -9.34890225e+00 
 -6.26371840e+00   4.34005257e+00  -8.10584291e+00 
 -6.07643215e+00   7.17581549e+00  -5.64375232e+00 
  4.42250942e+00   1.18086955e+01  -5.81184905e+00 
  3.28645293e+00   8.49012815e+00  -4.56786941e+00 
  4.92914202e+00   3.89133629e+00   1.34922030e+00 
  5.70361009e+00   2.82253137e+00   4.62105021e+00 
  6.25310661e+00   6.21348304e+00   6.07453585e+00 
  7.04973019e+00   8.13519707e+00   2.93298280e+00 
  5.27220375e+00   9.99347923e+00   1.10887577e-01 
  2.37776831e+00   1.22897288e+01  -6.70645716e-01 
  1.77471583e+00   1.47178857e+01  -3.50797585e+00 
 -5.67865659e+00   1.03941556e+01   1.01760490e+00 
 -7.99645368e+00   9.31251765e+00   3.76014463e+00 
 -9.61216704e+00   6.55749775e+00   1.62703469e+00 
 -1.06663474e+01   6.12673243e+00  -1.93991343e+00 
 -8.51218020e+00   3.30067541e+00  -3.38599164e+00 
 -9.32740907e+00   1.26626686e+00  -6.36559532e+00 
 -6.06537980e+00  -1.29192786e-01  -7.65500467e+00 
 -5.37665861e+00  -2.78616924e+00  -1.02526893e+01 

   3.731458313071e+01 

 -2.15894568e+00  -4.37543234e+00  -6.35212867e-01 
 -1.00970722e+00  -4.60785693e+00  -1.33468701e+00 
 -2.75725689e-01  -3.54868286e+00  -1.77595141e+00 
 -8.72108582e-01  -2.28919135e+00  -1.65189683e+00 
 -2.27998925e+00  -2.31951251e+00  -1.57041756e+00 
 -2.99536104e+00  -3.45000911e+00  -1.13391485e+00 
 -2.80754553e+00  -9.52568344e-01  -1.46749687e+00 
  5.91863756e-01  -3.88985900e+00  -2.96275756e+00 
 -5.60846927e-01  -1.39592070e+00  -2.66446145e+00 
  6.00484579e-01  -1.50744277e+00  -3.27801378e+00 
  1.58143801e+00  -1.73418312e+00  -2.28934828e+00 
  2.11426840e+00  -2.38256134e+00  -1.40962434e+00 
  1.89928497e+00  -3.79036131e-01  -2.28603000e+00 
  2.42478512e+00   2.46208208e-02  -9.69122954e-01 
  3.57132106e+00   9.75677239e-01  -2.73370843e+00 
  3.43390997e+00   9.68322941e-01  -1.25077605e+00 
  1.42595667e+00  -3.55905833e-01  -1.73507911e-01 
  8.38301250e-01  -1.42767352e+00   5.93253834e-01 
 -2.56505754e-01  -6.33070068e-01   1.15593427e+00 
 -1.61567888e+00  -8.21635238e-01   1.06267002e+00 
 -1.94703645e+00  -2.16485122e+00   1.48748292e+00 
 -7.16364486e-01  -2.91523531e+00   1.50534793e+00 
 -3.15455505e+00  -2.62926247e+00   2.06335834e+00 
  4.28920016e-01   9.78669204e-01   1.29700531e+00 
  4.11110061e-01   1.70894228e+00  -2.53816738e-01 
 -7.93720980e-01   1.66029993e+00  -7.71436524e-01 
 -7.70732491e-01   1.65904200e+00  -2.16646174e+00 
  2.53640922e-01   1.90142502e+00  -3.03183252e+00 
  1.01862233e+00   2.77028065e+00  -2.21987601e+00 
  1.15543196e+00   2.65180413e+00  -8.40000376e-01 
  3.21498538e-01  -6.51921483e-01  -8.87246218e-01 
 -5.90292614e-01   1.47545832e+00   2.10946922e+00 
  1.85366776e+00   8.47629682e-01   1.58308109e+00 
  3.70124060e+00  -2.99233279e-01  -3.20328458e+00 
  3.48596587e+00  -6.24980749e-01  -4.54739270e+00 
  3.81501268e+00   3.51731446e-01  -5.41903439e+00 
  4.11277298e+00   1.56455015e+00  -4.92137498e+00 
  3.71705289e+00   1.88650547e+00  -3.66701906e+00 
  5.64141987e+00   2.38295053e+00  -5.83776096e+00 
  5.52056290e-01   1.40045644e+00  -4.27141233e+00 
 -8.63362528e+00   6.31403823e+00   6.41292204e+00 
 -5.52286793e+00   4.19810279e+00   6.97839271e+00 
 -2.34383158e+00   5.55398558e+00   8.57831674e+00 
  2.31611786e-01   4.19436743e+00   6.39400403e+00 
  3.97134810e+00   4.62321225e+00   6.75497118e+00 
  2.52809733e+00   5.18244786e+00   1.67049931e+00 
  1.27040564e+00   1.02240420e+01  -5.13701592e-01 
 -2.18027810e+00   1.04866084e+01   6.81614147e-01 
 -4.72483083e+00   8.93351347e+00  -1.71744527e+00 
  1.05317440e+00   7.26920541e+00  -9.77866989e+00 
  7.98331773e-01   5.59868116e-01  -8.86999921e+00 
  1.10912907e+00  -3.25951125e+00  -9.05675084e+00 
 -8.86802425e+00   4.03803487e+00  -7.55913825e+00 
 -7.23200505e+00   3.23843233e+00  -4.30226855e+00 
 -8.34794876e+00   1.66709646e-01  -2.51585243e+00 
 -8.79028837e+00   2.33163713e+00   6.43631314e-01 
 -8.36096304e+00   5.87336443e+00   1.82668337e+00 
 -4.79114635e+00   6.29782178e+00   2.94731137e+00 
 -2.88022394e+00   8.88354409e+00   4.84110685e+00 
  6.96686619e-01   8.68577036e+00   3.64075508e+00 
  3.86352649e+00   1.02792159e+01   4.96758035e+00 
  1.33443138e+01  -3.41407901e+00   4.62422662e+00 
  1.04937309e+01  -8.16962872e-01   4.90020915e+00 
  8.49520758e+00  -5.74849907e-01   8.06650470e+00 
  4.97795632e+00  -4.40392294e-01   6.73978123e+00 
  2.01204369e+00   1.89023085e-01   9.05885432e+00 
  9.78265750e-01  -3.60585053e+00   5.33386775e+00 
  1.62852362e+00  -9.05648416e+00   6.01986123e+00 
  5.32278088e+00  -9.02199274e+00   5.35786851e+00 
  6.43019791e+00  -9.41522218e+00   1.78610727e+00 
 -2.19308088e+00  -1.35756937e+01  -4.54233155e+00 
 -1.78417198e+00  -1.02386392e+01  -2.94615612e+00 
 -3.38239660e+00  -2.95676548e+00  -4.75708605e+00 
 -3.73495274e+00   5.93013782e-03  -6.63997739e+00 
 -3.02129918e+00  -1.50347476e+00  -9.97545282e+00 
 -3.88352088e+00  -5.09872351e+00  -9.24890902e+00 
 -2.27955572e+00  -8.26403632e+00  -7.83997988e+00 
  9.11337226e-01  -1.02822490e+01  -7.76103937e+00 
  1.56557059e+00  -1.39480863e+01  -7.09498798e+00 
  8.30371813e+00  -7.23182132e+00  -5.04121818e+00 
  1.07443987e+01  -4.42242330e+00  -5.50399852e+00 
  1.10683651e+01  -3.77136207e+00  -1.73279750e+00 
  1.12109009e+01  -5.82674277e+00   1.39372228e+00 
  8.11424672e+00  -4.89714329e+00   3.45883532e+00 
  7.71135408e+00  -5.40003124e+00   7.10112177e+00 
  3.99941527e+00  -5.47542417e+00   7.78424229e+00 
  2.09048685e+00  -5.36123117e+00   1.10438160e+01 

   3.731458333071e+01 

 -4.22718999e+00   1.74381461e+00   3.17929958e+00 
 -3.65865158e+00   6.96469697e-01   3.84553119e+00 
 -3.07581363e+00  -3.06395260e-01   3.13149757e+00 
 -3.28805414e+00  -2.84401381e-01   1.74879735e+00 
 -4.43643904e+00   4.30762815e-01   1.34950687e+00 
 -5.01886128e+00   1.44115625e+00   2.13701167e+00 
 -4.58223158e+00   3.73554816e-01  -1.10954511e-01 
 -3.01224162e+00  -1.60812517e+00   3.89247634e+00 
 -3.38190366e+00  -1.53277492e+00   1.15478446e+00 
 -2.73767383e+00  -2.54678331e+00   1.69730466e+00 
 -1.44908027e+00  -2.09081815e+00   2.04770302e+00 
 -6.68801634e-01  -1.40586640e+00   2.68032111e+00 
 -9.36520531e-01  -2.61193186e+00   8.63133653e-01 
  2.49468339e-01  -1.84862948e+00   4.34047133e-01 
  4.85346039e-01  -4.12796916e+00   1.48127687e-01 
  1.12442293e+00  -2.80865914e+00  -1.14612869e-01 
 -2.53615748e-01  -6.16189447e-01   3.75307980e-01 
 -5.49691549e-01   5.99405993e-01   1.09408263e+00 
 -1.04118172e+00   1.34870348e+00  -6.50528668e-02 
 -2.26608980e+00   1.93831502e+00  -2.73763016e-01 
 -2.56961652e+00   2.82450249e+00   8.29427738e-01 
 -1.65992108e+00   2.49256408e+00   1.89723747e+00 
 -3.37538656e+00   3.98902121e+00   8.22175015e-01 
 -1.03034274e-01   7.05738380e-01  -1.40441434e+00 
 -7.77431904e-01  -8.03413573e-01  -1.85864884e+00 
 -2.06370876e+00  -6.82116470e-01  -2.08820141e+00 
 -2.75578021e+00  -1.87278711e+00  -1.86469320e+00 
 -2.29157748e+00  -3.13709808e+00  -1.65735436e+00 
 -1.07794432e+00  -3.04003343e+00  -2.37643468e+00 
 -2.80677104e-01  -1.90099332e+00  -2.43758341e+00 
 -1.59987341e+00  -6.36970355e-01   4.38910443e-01 
 -4.57079527e-01   1.71567634e+00  -2.29904790e+00 
  1.21794455e+00   3.39244463e-01  -9.04799108e-01 
  1.26239634e-01  -4.22676419e+00   1.46115778e+00 
 -7.98628096e-01  -5.17545006e+00   1.91250587e+00 
 -7.90703919e-01  -6.33599862e+00   1.22326401e+00 
 -6.85892664e-02  -6.38975116e+00   9.06037301e-02 
  2.95769031e-01  -5.23921110e+00  -5.23528227e-01 
  8.97359453e-01  -8.08714075e+00  -8.85779721e-02 
 -2.76244439e+00  -4.18087132e+00  -9.05421188e-01 
 -4.16098656e+00   7.64429841e+00  -9.89900936e+00 
 -1.63567718e+00   7.30710703e+00  -7.07361171e+00 
  2.09815951e+00   6.84103717e+00  -7.66158720e+00 
  2.90711914e+00   4.20711512e+00  -5.28236206e+00 
  6.31451922e+00   2.69847027e+00  -4.63937946e+00 
  2.60868175e+00  -1.10762118e+00  -4.80679620e+00 
  1.34278303e+00  -3.79998139e+00  -9.59416687e+00 
 -9.03825438e-01  -1.29902987e+00  -1.10443049e+01 
 -4.54667919e+00  -1.74136110e+00  -9.95974086e+00 
 -4.09410961e+00  -1.07140939e+01  -5.44048212e+00 
 -5.05063057e+00  -7.94852411e+00   6.70372830e-01 
 -5.57051837e+00  -7.17649862e+00   4.39230794e+00 
 -1.18900328e+01  -3.43599705e+00  -5.66317544e+00 
 -8.99690402e+00  -1.19653715e+00  -4.92984726e+00 
 -9.57690504e+00   1.68202128e+00  -2.63863215e+00 
 -7.94941869e+00   3.94925424e+00  -5.29867247e+00 
 -6.34881274e+00   3.76300553e+00  -8.69442110e+00 
 -2.69788334e+00   2.97544771e+00  -8.21479966e+00 
  3.39807096e-01   2.98765602e+00  -1.03818950e+01 
  2.70168577e+00   4.07095275e-01  -8.95483190e+00 
  6.32871059e+00  -3.51176411e-01  -9.72821180e+00 
  1.16700714e+01  -1.09679048e+00   6.03324137e+00 
  9.87907633e+00  -3.00225475e-01   2.70085171e+00 
  9.85533897e+00   3.21675891e+00   1.39380145e+00 
  6.24397739e+00   3.64937987e+00   4.34513464e-01 
  5.04401248e+00   6.77894403e+00  -1.39217947e+00 
  1.59352006e+00   5.15870878e+00   2.45674037e+00 
  1.51109582e+00   6.97295571e+00   7.68211392e+00 
  4.28788507e+00   4.72973614e+00   8.84159328e+00 
  3.32805408e+00   1.31559573e+00   1.00909286e+01 
 -7.90060885e+00   1.03219756e+00   1.24481334e+01 
 -6.14335147e+00   1.26221323e+00   9.17551113e+00 
 -7.10298109e+00  -1.58812335e+00   2.11760296e+00 
 -7.82724538e+00  -3.85259868e+00  -4.89067139e-01 
 -9.19842964e+00  -6.57547247e+00   1.66006782e+00 
 -1.01993383e+01  -4.56204655e+00   4.68354486e+00 
 -8.70025705e+00  -3.20869655e+00   7.92364062e+00 
 -6.33800668e+00  -4.02133981e+00   1.07557053e+01 
 -6.10660374e+00  -2.72617817e+00   1.43023961e+01 
  1.81596868e+00  -5.92317123e+00   9.63969399e+00 
  4.13816707e+00  -8.20800215e+00   7.78208190e+00 
  6.45025438e+00  -5.34570604e+00   6.68103252e+00 
  7.79482344e+00  -2.18800671e+00   8.17806219e+00 
  6.40933188e+00   7.01692384e-01   6.06899342e+00 
  7.83685940e+00   4.10765883e+00   5.86155107e+00 
  5.04862031e+00   6.38823435e+00   4.73216278e+00 
  5.12483772e+00   9.97944755e+00   3.55775477e+00 

   3.731458332152e+01 

  4.24462103e+00   1.19432553e+00  -1.29914818e+00 
  3.76683427e+00   2.41403057e+00  -9.14370190e-01 
  2.42052028e+00   2.61692484e+00  -8.74623990e-01 
  1.62712232e+00   1.60963956e+00  -1.43434267e+00 
  2.29560152e+00   8.01522807e-01  -2.37761741e+00 
  3.69408098e+00   6.45841839e-01  -2.39494047e+00 
  1.37382881e+00  -2.04578431e-01  -2.92122974e+00 
  2.04252138e+00   4.07235543e+00  -1.00293408e+00 
  4.71859811e-01   2.05673599e+00  -2.05531222e+00 
 -9.47091155e-02   3.16626700e+00  -1.62460695e+00 
 -9.20233629e-02   3.12297885e+00  -2.14191272e-01 
  4.46257934e-01   3.11108385e+00   8.75909730e-01 
 -1.40160319e+00   2.65137394e+00  -2.20632841e-01 
 -1.66182819e+00   1.83423029e+00   9.78495716e-01 
 -3.41936022e+00   3.22903179e+00   4.32181037e-01 
 -2.99125922e+00   2.13105570e+00   1.34284209e+00 
 -6.97979038e-01   9.20295128e-01   8.72813038e-01 
  6.73737576e-01   5.77595846e-01   1.16068310e+00 
  6.08838154e-01  -7.84213656e-01   6.24147478e-01 
  1.35004519e+00  -1.36992156e+00  -3.75415649e-01 
  2.75950779e+00  -1.20764676e+00  -8.98851405e-02 
  2.86736645e+00  -1.94758550e-01   9.30102298e-01 
  3.83456794e+00  -2.04325806e+00  -4.79011635e-01 
 -1.05124056e+00  -1.27280194e+00   9.28834966e-01 
 -2.05137999e+00  -5.54870034e-01  -2.64029550e-01 
 -1.60271466e+00  -8.29003361e-01  -1.46630260e+00 
 -1.95139677e+00   1.49959129e-01  -2.39725849e+00 
 -2.82424253e+00   1.19158790e+00  -2.29670089e+00 
 -3.71486838e+00   6.33842910e-01  -1.35061680e+00 
 -3.33713759e+00  -1.90880541e-01  -2.95165738e-01 
 -1.27958049e-01   9.53801266e-01  -3.48171700e-01 
 -8.31642171e-01  -2.62530696e+00   6.67692903e-01 
 -1.49841870e+00  -6.33602829e-01   2.16187898e+00 
 -2.49055925e+00   4.22906631e+00   4.27351271e-01 
 -2.44139776e+00   5.19687231e+00  -5.82607200e-01 
 -3.64224490e+00   5.51647089e+00  -1.10970202e+00 
 -4.69973754e+00   4.75916105e+00  -7.69937031e-01 
 -4.49732528e+00   3.52281104e+00  -2.55993569e-01 
 -6.30523842e+00   5.83747437e+00  -4.44542377e-01 
 -2.82547000e+00   2.44960966e+00  -2.83888690e+00 
 -4.04441394e-01  -1.22743298e+01  -2.98475730e+00 
  1.84324005e-01  -9.97045925e+00  -1.50112214e-02 
 -2.00235240e+00  -9.99105673e+00   3.10307732e+00 
 -2.49916821e+00  -6.43307520e+00   3.69190245e+00 
 -4.43509724e+00  -4.85146941e+00   6.52923296e+00 
 -5.51748813e+00  -2.38157836e+00   1.94932489e+00 
 -9.84531343e+00  -3.94307998e+00  -1.30671482e+00 
 -8.25520896e+00  -6.77258862e+00  -3.00091177e+00 
 -6.37338116e+00  -5.76003346e+00  -6.17515244e+00 
 -9.45400097e+00   3.75365187e+00  -7.24175638e+00 
 -3.32818301e+00   6.16570167e+00  -5.64101328e+00 
 -2.13978310e-01   8.27426212e+00  -4.88293362e+00 
 -1.73746215e+00  -1.64972918e+00  -1.22472488e+01 
 -9.77721488e-01  -2.63546022e+00  -8.72954653e+00 
  2.60232510e+00  -3.02367006e+00  -7.77834217e+00 
  1.69814913e+00  -6.47784033e+00  -6.32366063e+00 
 -1.26109125e+00  -8.74187368e+00  -5.82902322e+00 
 -2.93317391e+00  -7.77656450e+00  -2.59609538e+00 
 -5.54925052e+00  -9.27346342e+00  -3.96205813e-01 
 -7.25235115e+00  -6.40249062e+00   1.37330897e+00 
 -9.70518122e+00  -6.35323646e+00   4.25594008e+00 
 -2.16004853e+00   5.53273618e+00   1.31612109e+01 
 -3.07437936e+00   2.55978631e+00   1.08650109e+01 
 -1.62888369e+00  -8.34521830e-01   1.15486435e+01 
 -5.12708663e-01  -1.89341090e+00   8.11611161e+00 
  8.19975757e-01  -5.41106207e+00   7.46721532e+00 
  3.64618823e+00  -1.59600860e+00   4.85895268e+00 
  8.23099375e+00   8.66115442e-01   6.73522019e+00 
  6.40654553e+00   3.31812979e+00   8.91375382e+00 
  5.38680425e+00   6.57992105e+00   7.34552702e+00 
  1.12507405e+01   8.24129264e+00  -2.37937555e+00 
  8.57777757e+00   5.77708763e+00  -1.58316606e+00 
  2.55746733e+00   2.71012187e+00  -5.21757826e+00 
 -3.02587209e-01   2.41774051e+00  -7.26247551e+00 
 -1.27154557e-01   5.83069218e+00  -8.75716267e+00 
  3.53457922e+00   6.56250052e+00  -8.25401922e+00 
  5.90083692e+00   7.95990993e+00  -5.60352849e+00 
  6.25135784e+00   1.05979307e+01  -2.92411459e+00 
  9.28879248e+00   1.22301454e+01  -1.36850925e+00 
  1.01146951e+00   1.12913426e+01   3.66467943e+00 
 -2.60561476e+00   1.16082284e+01   4.60274680e+00 
 -2.39283199e+00   8.86497105e+00   7.28231271e+00 
  7.95927351e-02   7.75203081e+00   9.86465137e+00 
  1.14911431e+00   4.19680172e+00   8.89788937e+00 
  2.64808346e+00   1.69420732e+00   1.11720011e+01 
  4.52078810e+00  -7.62656998e-01   9.00231613e+00 
  6.05981489e+00  -4.11215470e+00   9.83543357e+00 

   3.731458318562e+01 

 -4.26079450e-01  -3.36574357e+00  -2.11573617e+00 
  9.17025207e-01  -3.47509557e+00  -1.89637082e+00 
  1.45802806e+00  -2.89459213e+00  -7.89283156e-01 
  5.51419240e-01  -2.39917956e+00   1.54125643e-01 
 -7.28624133e-01  -2.98871061e+00   9.38742834e-02 
 -1.23265708e+00  -3.60245067e+00  -1.06782810e+00 
 -1.59398123e+00  -2.41998571e+00   1.13557196e+00 
  2.75577291e+00  -3.53734553e+00  -3.64604050e-01 
  9.66581890e-01  -2.50604403e+00   1.47183092e+00 
  2.25759532e+00  -2.48381044e+00   1.73708179e+00 
  2.83222856e+00  -1.45750980e+00   9.57556887e-01 
  3.15609224e+00  -9.35934268e-01  -9.18636567e-02 
  2.76179168e+00  -5.87142221e-01   2.04149804e+00 
  2.64516947e+00   8.07167861e-01   1.57711668e+00 
  4.06634888e+00   5.67754987e-01   3.38150788e+00 
  3.40384511e+00   1.56349349e+00   2.49398108e+00 
  1.56116512e+00   7.24739559e-01   8.06666415e-01 
  1.03529658e+00   4.36103715e-01  -5.05615159e-01 
 -3.55768440e-01   7.72875860e-01  -1.92351506e-01 
 -1.48723079e+00  -4.49755248e-03  -2.76371799e-01 
 -1.58826623e+00  -5.68197036e-01  -1.60546516e+00 
 -2.99331572e-01  -4.04904784e-01  -2.22991047e+00 
 -2.75661508e+00  -9.46409657e-01  -2.31068245e+00 
 -2.14928122e-01   2.04412567e+00   1.01243184e+00 
  1.45286169e-01   1.31723544e+00   2.52257510e+00 
 -7.29676645e-01   3.80212740e-01   2.80246785e+00 
 -1.99256639e-01  -6.08524346e-01   3.63172621e+00 
  9.69092404e-01  -6.38505586e-01   4.33246971e+00 
  1.12962969e+00   7.50889640e-01   4.54031179e+00 
  7.78781159e-01   1.73637709e+00   3.62240595e+00 
  9.12037258e-01  -4.40014592e-01   1.00371089e+00 
 -1.55202446e+00   2.43421680e+00   9.37008843e-01 
  9.87965075e-01   2.81796583e+00   7.24059930e-01 
  4.68634900e+00  -3.92426150e-01   2.63557924e+00 
  5.06980879e+00  -1.62531236e+00   3.17598149e+00 
  5.42758743e+00  -1.57868274e+00   4.47668519e+00 
  5.19576135e+00  -4.39722057e-01   5.15216361e+00 
  4.30005430e+00   4.52793945e-01   4.66761339e+00 
  6.68319408e+00   2.83683095e-02   6.34158871e+00 
  1.81914225e+00  -1.65990257e+00   4.66522720e+00 
 -1.15732206e+01   4.49547618e+00   2.33442364e+00 
 -8.44817119e+00   5.16320469e+00   2.69964285e-01 
 -6.54503405e+00   8.46028451e+00   3.78443657e-01 
 -3.09119347e+00   7.32472597e+00   5.63430647e-01 
  7.21341170e-03   9.49046244e+00   6.59664460e-01 
  4.28732785e-01   5.50350125e+00   4.14877276e+00 
 -1.21177673e+00   6.07474979e+00   9.51092762e+00 
 -4.80055476e+00   5.52258264e+00   9.04112893e+00 
 -5.79337583e+00   1.83267801e+00   9.24427211e+00 
  2.74843073e+00  -2.23502209e+00   1.26545253e+01 
  3.93791219e+00  -5.29044982e+00   6.72533277e+00 
  5.27957791e+00  -7.32912061e+00   3.76512385e+00 
 -6.08606928e+00  -6.82735393e+00   8.82580959e+00 
 -5.60512733e+00  -4.19052353e+00   6.22986449e+00 
 -6.45409980e+00  -5.05695693e+00   2.70841030e+00 
 -8.56779304e+00  -1.83542083e+00   2.57083644e+00 
 -9.53955167e+00   1.09969750e+00   4.70822802e+00 
 -6.86930850e+00   3.73051095e+00   4.35021547e+00 
 -6.52739032e+00   7.32727932e+00   5.28317384e+00 
 -2.84086359e+00   7.96715618e+00   5.80690842e+00 
 -9.10813557e-01   1.11904828e+01   6.26894654e+00 
  1.12570470e+01   7.86855896e+00  -4.61304149e+00 
  7.93171818e+00   8.17733693e+00  -2.66526418e+00 
  4.92611172e+00   9.67630756e+00  -4.33784691e+00 
  2.23241217e+00   7.22075057e+00  -3.40855236e+00 
 -1.42923244e+00   7.88669578e+00  -4.25696504e+00 
 -3.19827611e-03   2.72570713e+00  -5.07907169e+00 
  1.74832684e+00   5.90741379e-01  -9.87250208e+00 
  5.28253591e+00   1.79288856e+00  -9.48370809e+00 
  7.67927945e+00  -4.76954564e-01  -7.68317376e+00 
  3.36908589e+00  -1.11019245e+01  -7.18130379e+00 
  2.28153629e+00  -7.98986077e+00  -5.45409860e+00 
 -3.83684651e-01  -6.10507574e+00   1.48879130e+00 
 -7.83410387e-01  -6.02488395e+00   4.99319148e+00 
  1.46612279e+00  -8.89976294e+00   5.75981866e+00 
  1.36751798e+00  -1.06911120e+01   2.44644799e+00 
  3.11150648e+00  -1.06575023e+01  -9.49781956e-01 
  6.46039843e+00  -1.02497087e+01  -2.64679598e+00 
  7.75747204e+00  -1.14417743e+01  -5.99442255e+00 
  1.12780163e+01  -3.35376318e+00  -1.88121144e+00 
  1.28957800e+01  -1.08611286e+00   6.29638459e-01 
  1.16381467e+01   2.10667061e+00  -1.09526421e+00 
  1.11594156e+01   3.30796724e+00  -4.60919507e+00 
  7.39543035e+00   3.89417634e+00  -5.06406837e+00 
  5.83614130e+00   6.05090008e+00  -7.63284850e+00 
  2.28907786e+00   4.83405032e+00  -8.06692885e+00 
 -6.37165183e-01   6.37151009e+00  -9.89863544e+00 

   3.731458328903e+01 

 -3.67191034e+00  -1.95831096e+00  -3.45766914e+00 
 -3.95756229e+00  -6.28933175e-01  -3.58093360e+00 
 -3.22979558e+00   2.75011151e-01  -2.86783015e+00 
 -2.37045848e+00  -2.51482089e-01  -1.89735808e+00 
 -2.72457344e+00  -1.54040577e+00  -1.44678468e+00 
 -3.50378301e+00  -2.42898786e+00  -2.21068648e+00 
 -1.77872245e+00  -1.99102307e+00  -4.17334668e-01 
 -3.96678188e+00   1.57204371e+00  -2.63941352e+00 
 -2.22585467e+00   5.30488494e-01  -7.62603917e-01 
 -2.36553951e+00   1.83708408e+00  -8.66946786e-01 
 -1.67492467e+00   2.24515978e+00  -2.02782412e+00 
 -1.48768073e+00   2.28512394e+00  -3.22848558e+00 
 -5.69523360e-01   2.59037638e+00  -1.25558584e+00 
  6.69154081e-01   2.47388043e+00  -2.04643899e+00 
  6.29763732e-01   4.34448195e+00  -6.92768218e-01 
  1.48067952e+00   3.54373054e+00  -1.61610141e+00 
  5.93072055e-01   1.20491782e+00  -2.44568823e+00 
  9.16644251e-02   2.81390480e-01  -3.43444512e+00 
  7.31727764e-01  -9.10327794e-01  -2.87167603e+00 
  1.66639435e-01  -2.08345154e+00  -2.42884547e+00 
 -6.75418213e-01  -2.63609840e+00  -3.46810972e+00 
 -8.95758757e-01  -1.58726633e+00  -4.43211549e+00 
 -1.00338687e+00  -3.99388440e+00  -3.70093676e+00 
  2.21212716e+00  -2.89510362e-01  -2.15718290e+00 
  1.82088261e+00   4.38655834e-01  -6.55414773e-01 
  1.14686494e+00  -3.96811182e-01   9.92949174e-02 
  3.11367679e-01   2.61609665e-01   1.00211815e+00 
  2.48696757e-01   1.57853115e+00   1.34666231e+00 
  1.59708369e+00   1.92782230e+00   1.10335910e+00 
  2.37665767e+00   1.41259509e+00   7.20377316e-02 
 -3.57784691e-01   5.36458088e-01  -1.76313396e+00 
  2.79940999e+00  -1.54255532e+00  -1.98207143e+00 
  2.67099411e+00   8.38638439e-01  -2.96069216e+00 
 -5.75499916e-01   4.61386868e+00  -1.27382373e+00 
 -1.68838082e+00   5.02199360e+00  -5.29486207e-01 
 -1.39156405e+00   5.75913417e+00   5.61629719e-01 
 -1.00499016e-01   5.85384368e+00   9.24197179e-01 
  7.90281321e-01   4.94394679e+00   4.63435495e-01 
  3.74667313e-01   7.66941808e+00   1.49359971e+00 
 -7.93876939e-01   2.38664625e+00   1.71626360e+00 
  6.85366585e+00  -1.04225832e+01   1.38462878e+00 
  6.44586624e+00  -8.01971284e+00  -1.53660790e+00 
  9.28688800e+00  -5.86387634e+00  -2.87270706e+00 
  7.64525664e+00  -2.64259103e+00  -3.29842355e+00 
  9.19496526e+00   5.33710578e-01  -4.64369994e+00 
  6.16071349e+00   1.60406288e+00  -4.13462393e-01 
  8.29018501e+00   1.72658354e+00   4.80391418e+00 
  8.27565303e+00  -1.87186304e+00   5.47935140e+00 
  4.97627273e+00  -3.10817257e+00   6.97203443e+00 
  4.28912671e-01   5.63031810e+00   8.99672812e+00 
 -4.13006249e+00   4.66881088e+00   4.07760719e+00 
 -7.02651116e+00   4.84813004e+00   1.56811375e+00 
 -3.33944429e+00  -4.34889336e+00   9.10896055e+00 
 -1.53508381e+00  -4.42378468e+00   5.84374215e+00 
 -3.06632271e+00  -6.37807419e+00   3.06748541e+00 
  3.43923474e-01  -8.11281742e+00   2.59212589e+00 
  3.83229687e+00  -8.10390343e+00   3.99187793e+00 
  5.79064385e+00  -5.42621728e+00   2.21015136e+00 
  9.38975455e+00  -4.47222939e+00   1.96391610e+00 
  9.48402984e+00  -7.56380178e-01   1.28745129e+00 
  1.23355947e+01   1.52491414e+00   2.90955817e-01 
  4.40747804e+00   9.44823239e+00  -1.20329610e+01 
  5.75397953e+00   6.91451874e+00  -9.44174683e+00 
  7.30426579e+00   3.70321464e+00  -1.06089748e+01 
  5.65558607e+00   1.19313180e+00  -8.34388899e+00 
  6.72475556e+00  -2.47127325e+00  -8.34196552e+00 
  1.35101609e+00  -1.86651166e+00  -8.02120921e+00 
 -2.15257885e+00  -1.86265608e+00  -1.23022981e+01 
 -1.52783365e+00   1.72223971e+00  -1.32215429e+01 
 -3.67664505e+00   4.32047852e+00  -1.15570900e+01 
 -1.29439326e+01  -6.40826601e-01  -6.95030476e+00 
 -9.36576962e+00  -8.48602684e-01  -5.94802023e+00 
 -5.42109612e+00  -1.09243568e+00   6.27669483e-01 
 -4.42651921e+00  -4.03150824e-01   3.94168414e+00 
 -7.37736364e+00   1.68419836e+00   4.86280578e+00 
 -9.87193963e+00   4.14857912e-01   2.34034731e+00 
 -1.09663945e+01   1.04390122e+00  -1.26285047e+00 
 -1.15723169e+01   3.74501074e+00  -3.83149648e+00 
 -1.37468012e+01   3.84663958e+00  -6.92527582e+00 
 -5.64584230e+00   9.21086477e+00  -6.35176549e+00 
 -3.15599668e+00   1.17237917e+01  -5.10675684e+00 
 -3.06819873e-01   1.03176585e+01  -7.26449343e+00 
  7.26211134e-02   8.91624213e+00  -1.07158966e+01 
  1.17882581e+00   5.26625220e+00  -1.03014095e+01 
  2.88756767e+00   3.21869387e+00  -1.28644461e+01 
  2.24006747e+00  -3.93556201e-01  -1.19793702e+01 
  3.77476038e+00  -3.57406881e+00  -1.33251479e+01 

   3.731458409890e+01 

 -3.35142268e+00  -5.44299313e-01  -2.51618132e+00 
 -3.56160062e+00   1.64537703e-02  -1.28921860e+00 
 -2.88486562e+00  -4.70784269e-01  -2.12236566e-01 
 -2.17103026e+00  -1.65667240e+00  -4.15902398e-01 
 -2.63242509e+00  -2.43264501e+00  -1.49973347e+00 
 -3.35343653e+00  -1.88627491e+00  -2.57765861e+00 
 -1.83639851e+00  -3.66182516e+00  -1.61337225e+00 
 -3.58609266e+00  -1.94661387e-01   1.09531077e+00 
 -2.12821871e+00  -2.50515924e+00   6.78779580e-01 
 -2.19699169e+00  -1.98778729e+00   1.88921662e+00 
 -1.35591210e+00  -8.55031025e-01   1.91371465e+00 
 -1.02560419e+00   2.65967095e-01   1.57838005e+00 
 -3.36100881e-01  -1.61747363e+00   2.47598819e+00 
  9.81550956e-01  -1.06429852e+00   2.11389515e+00 
  8.63470268e-01  -1.76180186e+00   4.31215617e+00 
  1.78231872e+00  -1.24449656e+00   3.26040952e+00 
  8.97793609e-01  -1.06772047e+00   7.84054453e-01 
  4.77401657e-01  -3.55220482e-01  -3.98140985e-01 
  9.92840385e-01  -1.33317107e+00  -1.35966998e+00 
  3.28220098e-01  -2.03920484e+00  -2.33507056e+00 
 -4.07731258e-01  -1.12185302e+00  -3.17846732e+00 
 -4.65398286e-01   1.37317638e-01  -2.47909782e+00 
 -7.65002950e-01  -1.27731954e+00  -4.53993284e+00 
  2.40362483e+00  -2.00393731e+00  -5.55190650e-01 
  1.86908305e+00  -3.14725321e+00   6.04890671e-01 
  1.07404006e+00  -4.03030630e+00   4.80786253e-02 
  1.66847411e-01  -4.57383040e+00   9.58146568e-01 
  1.21512266e-01  -4.48631605e+00   2.31725966e+00 
  1.50330394e+00  -4.32046917e+00   2.56721491e+00 
  2.37664420e+00  -3.60476406e+00   1.75365813e+00 
 -1.55916329e-01  -1.79642721e+00   3.65063092e-01 
  2.91025063e+00  -2.62842262e+00  -1.69494462e+00 
  3.00403412e+00  -9.57775721e-01   2.65768688e-01 
 -2.51016821e-01  -9.78227024e-01   4.39402647e+00 
 -1.42546469e+00  -1.41405742e+00   5.01838839e+00 
 -1.22829751e+00  -2.25434042e+00   6.05618002e+00 
  1.33476561e-02  -2.73095610e+00   6.25222371e+00 
  9.11782840e-01  -2.68849555e+00   5.23995614e+00 
  4.96776158e-01  -2.77085151e+00   8.15248364e+00 
 -9.21106227e-01  -4.45459550e+00   3.20528034e+00 
  6.14064733e+00  -9.04409746e+00  -9.11314273e+00 
  6.18940806e+00  -5.49928244e+00  -7.73269258e+00 
  9.26128249e+00  -3.93717769e+00  -6.11162181e+00 
  7.82518993e+00  -2.33854467e+00  -3.17313292e+00 
  9.66216323e+00  -2.90854422e-01  -5.78438514e-01 
  6.19626420e+00  -3.56766888e+00   1.76621131e+00 
  7.69329085e+00  -8.72109908e+00   3.49007349e+00 
  7.44022125e+00  -1.04612175e+01   2.78690240e-01 
  3.93553199e+00  -1.18305274e+01  -4.17375417e-01 
 -4.31542461e-01  -1.04809519e+01   8.54063330e+00 
 -4.41087945e+00  -5.55870304e+00   6.12357951e+00 
 -6.97755266e+00  -2.76956494e+00   5.53023386e+00 
 -4.62181407e+00  -1.31732045e+01  -8.92837602e-01 
 -2.44686067e+00  -1.03450427e+01  -1.98563104e+00 
 -3.72145586e+00  -8.13239112e+00  -4.69702463e+00 
 -3.58495896e-01  -8.64888998e+00  -6.51047097e+00 
  2.93557836e+00  -1.04084381e+01  -6.08523304e+00 
  5.20786281e+00  -8.15397168e+00  -4.10186099e+00 
  8.84912865e+00  -8.08498132e+00  -3.28917179e+00 
  9.18654537e+00  -6.31795281e+00   3.31680140e-02 
  1.22339632e+01  -5.03901249e+00   1.87872716e+00 
  6.18459523e+00   1.00226329e+01   5.62877137e+00 
  7.10047842e+00   6.63000107e+00   4.01686337e+00 
  8.63579912e+00   6.54849286e+00   5.94259695e-01 
  6.62055775e+00   3.85030375e+00  -1.08142450e+00 
  7.51965950e+00   2.58790712e+00  -4.56981381e+00 
  2.17780002e+00   3.15213626e+00  -3.86867405e+00 
 -7.88095707e-01   7.63533561e+00  -5.17523399e+00 
  9.86924657e-02   9.52387085e+00  -2.05530352e+00 
 -2.11645586e+00   9.02401357e+00   9.41646296e-01 
 -1.20751805e+01   4.33007184e+00  -2.30031182e+00 
 -8.65430541e+00   2.86739609e+00  -2.20485946e+00 
 -5.53449818e+00  -3.90976451e+00  -4.17018621e-01 
 -4.91187079e+00  -6.95004492e+00   1.26109145e+00 
 -7.85663779e+00  -6.80410362e+00   3.54581854e+00 
 -1.00868556e+01  -4.49838459e+00   1.56922101e+00 
 -1.07160639e+01  -7.67855120e-01   1.05523073e+00 
 -1.08927161e+01   2.56102038e+00   2.82963323e+00 
 -1.26770949e+01   5.78592611e+00   1.97757797e+00 
 -4.47389129e+00   5.86519871e+00   7.21493596e+00 
 -2.04170547e+00   5.14690826e+00   9.97761793e+00 
  9.79323392e-01   6.38927842e+00   7.95754454e+00 
  1.70467365e+00   9.16638000e+00   5.55304234e+00 
  2.59206982e+00   7.51464939e+00   2.20604930e+00 
  4.50183329e+00   9.08692325e+00  -5.43910485e-01 
  3.59532577e+00   7.22512764e+00  -3.70030805e+00 
  5.13776303e+00   7.32354230e+00  -7.14893828e+00 

   3.731458347410e+01 

