 -1.94610290e-01   5.41174060e-01  -1.44265841e+00 
 -3.25856846e-01   4.93833805e-01  -3.79907887e-02 
  2.31700835e+00   4.23203799e-01  -2.77372309e+00 
  1.13448062e+00  -9.04235647e-02  -1.38604843e+00 
  1.36923269e+00  -1.35199161e+00  -3.81321915e+00 
  2.52077895e+00  -3.31353794e+00  -1.47552491e+00 
  1.39054853e+00  -3.34622767e-01  -2.79389858e+00 
  3.10859544e-01  -1.32338414e+00  -1.37456241e+00 
  1.41361818e-01  -1.49464263e+00   2.09885472e+00 
  2.23332459e+00  -1.15977832e+00  -4.90055761e+00 
  1.69516791e+00   2.30712527e-02   2.22778042e+00 
  1.97555384e-01   2.82965673e+00   3.22770311e+00 
  3.10301642e+00   1.31493441e-01  -4.73623826e+00 
  2.83304823e+00   3.93765673e+00   1.40037996e+00 
  3.38613946e+00  -2.04681683e+00  -5.18596895e+00 
  1.86585975e+00  -8.57335310e-01  -6.31422927e+00 
 -9.10564662e-01  -1.56326225e+00  -9.11796690e-01 
 -9.69502619e-01  -6.29185016e-01   1.91831781e-01 
  8.54846378e-01  -2.40544141e+00  -1.91973160e+00 
  2.26679580e+00  -1.96182825e+00  -1.47874585e+00 
  2.29642938e+00  -1.16893967e+00  -2.64555040e-01 
  1.21236138e+00  -1.84113679e+00   4.77485480e-01 
  1.50402897e+00  -3.10689827e+00   4.98429201e-01 
  2.77148042e+00  -2.77673184e+00   1.18798091e+00 
  3.80396670e+00  -2.03787150e+00   7.43238795e-01 
  4.61387594e+00  -1.23236319e+00   1.39819520e+00 
  4.43740217e+00  -1.07145730e+00   2.73118078e+00 
  3.57575338e+00  -1.90169965e+00   3.33102161e+00 
  2.66483364e+00  -2.50947411e+00   2.51050593e+00 
  1.27662767e+00  -1.16973725e+00   1.78062754e+00 
  4.92810340e-01   7.42863173e-01   2.70537908e+00 
  1.10908161e+00   1.91088620e+00   3.22880334e+00 
  2.15197660e+00   1.48914186e+00   4.03686048e+00 
  1.34960001e+00   3.56169512e-01   4.48846611e+00 
  1.02360292e+00   2.01254169e-01   5.85389110e+00 
  1.58555384e+00  -1.08389401e+00   5.89011303e+00 
  9.03753089e-01  -1.96008102e+00   5.10518770e+00 
  9.62327311e-02  -1.42583251e+00   4.17287454e+00 
  3.41637034e-01  -1.59559950e-01   3.79340485e+00 
  5.22702411e-01   1.44079974e+00   1.95694762e-01 
  1.85764575e+00   1.93493770e+00   2.40596600e-01 
  1.93137430e+00   3.30613597e+00   6.22370624e-01 
  3.87483629e+00   3.24556080e+00   1.82977643e+00 
  4.02383995e+00   1.97702885e+00   1.37136994e+00 
  3.16012744e+00   1.55296187e+00   3.38659672e-01 
 -8.55754043e+00   4.81630020e+00  -7.29811132e+00 
 -7.75750042e+00   1.41579299e+00  -5.77607579e+00 
 -9.74649730e+00  -1.30998640e-01  -2.99389744e+00 
 -7.10401077e+00  -1.25489612e+00  -6.99354686e-01 
 -7.95013983e+00  -3.06703829e+00   2.53990660e+00 
 -4.06675528e+00   5.64588539e-01   3.17440366e+00 
 -4.94144257e+00   5.65173130e+00   4.85464470e+00 
 -6.31696752e+00   7.18455402e+00   1.77662032e+00 
 -3.56549921e+00   8.75764903e+00  -3.50516328e-01 
  3.89645963e+00   8.57741259e+00   6.50693633e+00 
  6.73911720e+00   3.43598428e+00   3.23594049e+00 
  9.20230513e+00   9.33959593e-01   2.15043708e+00 
  1.24638276e+01   1.56171759e+00   3.74052168e+00 
  7.94177926e+00   9.79591519e+00   3.21880520e+00 
  4.19719302e+00   1.03704267e+01  -3.93138106e+00 
  1.97988444e+00   7.42893191e+00  -3.88425208e+00 
  2.35416442e+00   5.09564108e+00  -6.57884618e+00 
 -1.51474215e+00   5.27227820e+00  -7.14582630e+00 
 -4.57488822e+00   6.65850615e+00  -5.75574108e+00 
 -5.63471878e+00   4.43150854e+00  -2.97089750e+00 
 -8.71391515e+00   4.33783322e+00  -8.57071375e-01 
 -7.61778649e+00   2.95437704e+00   2.47049364e+00 
 -9.68230021e+00   1.83663230e+00   5.47228245e+00 
 -1.27584072e+01   5.80503418e+00   4.05877934e+00 
 -1.35799453e+01   2.16873732e+00   3.21096606e+00 
 -1.62911191e+00  -1.22849097e+01   8.22457932e+00 
 -3.41231382e+00  -9.24985943e+00   6.64596636e+00 
 -6.03145540e+00  -9.69647881e+00   3.96187564e+00 
 -4.90150003e+00  -7.02701830e+00   1.50064086e+00 
 -6.98884205e+00  -6.28175700e+00  -1.64457750e+00 
 -1.74356273e+00  -6.37637312e+00  -2.24941025e+00 
  9.76642155e-01  -1.08485486e+01  -4.43509021e+00 
  1.37438791e+00  -1.24971900e+01  -1.07682826e+00 
  4.43727353e+00  -1.15986694e+01   9.58823571e-01 
  1.24379630e+01  -6.94276936e+00  -5.96277069e+00 
  9.11106868e+00  -5.68608997e+00  -4.68384004e+00 
  5.88297849e+00   1.01814710e+00  -2.83265039e+00 
  5.74435730e+00   4.40037574e+00  -1.64194238e+00 
  9.21577672e+00   4.73095988e+00  -3.56711789e-01 
  1.07714223e+01   2.24580526e+00  -2.66045998e+00 
  1.16440909e+01  -1.42345985e+00  -2.92970079e+00 
  1.27889077e+01  -4.42581182e+00  -1.00784365e+00 
  1.45074768e+01  -7.65265157e+00  -1.96636625e+00 
  8.43075570e+00  -7.36322619e+00   5.60039465e+00 
  7.00845792e+00  -6.29016192e+00   8.85521918e+00 
  3.67700448e+00  -7.99074895e+00   8.09072619e+00 
  2.43178119e+00  -1.11524726e+01   6.54599446e+00 
  3.07729195e-01  -1.00543351e+01   3.55602170e+00 
 -2.26635576e+00  -1.20787059e+01   1.77837593e+00 
 -2.64915214e+00  -1.05699627e+01  -1.63723750e+00 

   4.583688044614e+01 

 -1.66826897e+00  -1.68994756e+00  -2.86171468e+00 
 -6.92369180e-01  -2.27759455e+00  -2.02814231e+00 
 -1.86914583e+00   1.11703045e+00  -3.27940087e+00 
 -1.53207562e+00  -3.90239060e-01  -2.18287645e+00 
 -3.98313572e+00   7.96412548e-01  -2.53215917e+00 
 -2.96596361e+00   1.32777248e+00   5.20973328e-01 
 -2.63419923e+00   3.50642683e-01  -2.76913143e+00 
 -2.50978943e+00  -1.01323374e+00  -1.25840670e+00 
 -7.45488345e-02  -2.31490461e+00   8.62412785e-01 
 -4.38876711e+00   1.94469748e+00  -3.22699296e+00 
  1.42045924e+00  -1.09153092e+00  -1.38931841e-01 
  3.25741571e+00  -3.16796932e+00  -1.99192226e+00 
 -3.23084015e+00   2.54470325e+00  -4.09298558e+00 
  3.42915177e+00  -2.28383280e-01  -3.67775836e+00 
 -4.71398831e+00   3.22550078e+00  -2.55538550e+00 
 -5.39627503e+00   2.03836046e+00  -4.32295636e+00 
 -2.71957756e+00  -2.28019809e+00  -9.20234740e-01 
 -1.38278929e+00  -2.81904897e+00  -1.04914688e+00 
 -3.34854984e+00  -1.90388244e-01  -6.39227172e-01 
 -2.28298856e+00   9.26822172e-01  -6.03493483e-01 
 -9.14080672e-01   4.50883767e-01  -5.45299269e-01 
 -1.11552706e+00  -7.28663732e-01   3.18270510e-01 
 -1.72327073e+00  -3.08914720e-01   1.38696824e+00 
 -5.86549069e-01   6.03812533e-01   1.64327449e+00 
 -1.42892797e-01   1.62741441e+00   8.91515644e-01 
  1.08304294e+00   2.06634839e+00   6.96080538e-01 
  2.10896947e+00   1.43509757e+00   1.31484869e+00 
  1.78727588e+00   5.30250673e-01   2.24721987e+00 
  5.16241045e-01   2.83447284e-02   2.17672028e+00 
  2.62177915e-01  -1.18724779e+00   5.29750929e-01 
  1.77653517e+00  -2.46264731e+00  -5.69177876e-01 
  3.04521516e+00  -2.20473767e+00  -1.15395846e+00 
  3.76392015e+00  -1.44987599e+00  -2.41763016e-01 
  3.17891772e+00  -2.21274917e+00   8.56950367e-01 
  3.99742060e+00  -2.95607120e+00   1.73569340e+00 
  3.48247395e+00  -2.28653627e+00   2.85608137e+00 
  2.16303150e+00  -2.55357459e+00   3.04692828e+00 
  1.49645979e+00  -3.06063113e+00   1.99559788e+00 
  2.02083640e+00  -2.85854650e+00   7.74169694e-01 
  3.13363780e-01  -1.67861067e+00  -2.57688680e+00 
  1.08597132e+00  -5.06764047e-01  -2.81786009e+00 
  2.17943424e+00  -7.32996784e-01  -3.70361850e+00 
  3.71054978e+00   6.85337366e-01  -2.76417597e+00 
  2.69479780e+00   1.13283375e+00  -1.98345310e+00 
  1.38657775e+00   7.23772523e-01  -2.32042631e+00 
 -6.45545157e+00  -8.06142875e+00  -1.05421180e+01 
 -6.98912732e+00  -7.40960110e+00  -6.82587914e+00 
 -6.47805407e+00  -1.00117504e+01  -4.16941371e+00 
 -4.50427510e+00  -8.17511889e+00  -1.67105407e+00 
 -3.41275317e+00  -9.83041598e+00   1.57873532e+00 
  4.64320384e-01  -6.85782505e+00  -6.13074029e-01 
  4.32490468e+00  -8.85835176e+00  -3.86286357e+00 
  2.43384181e+00  -9.29858040e+00  -7.01657412e+00 
  2.68735145e+00  -6.20687547e+00  -9.24075434e+00 
  1.02532748e+01  -1.51216100e+00  -4.39777580e+00 
  5.84843671e+00   2.86670545e+00  -1.82148855e+00 
  4.45205517e+00   5.83675867e+00  -1.67810900e-01 
  7.11294688e+00   8.27428708e+00   5.65734745e-01 
  9.88086484e+00   3.22067634e+00  -6.87218837e+00 
  3.59388683e+00   2.04891055e+00  -1.18298142e+01 
  1.18970308e+00   3.20234699e-01  -9.63831439e+00 
 -2.02541461e+00   1.85752154e+00  -9.25764131e+00 
 -3.67135532e+00  -1.58843745e+00  -1.01163400e+01 
 -2.88953017e+00  -5.08225237e+00  -1.07491720e+01 
 -2.44714440e+00  -6.73430961e+00  -7.44567338e+00 
 -1.97748092e+00  -1.03080932e+01  -6.46282642e+00 
  8.94634560e-02  -1.02307226e+01  -3.31482214e+00 
  9.83644668e-01  -1.30293370e+01  -8.87787339e-01 
  1.14389778e+00  -1.59131482e+01  -5.23135837e+00 
 -1.84722736e+00  -1.59531913e+01  -2.85061373e+00 
 -2.27564115e+00  -4.70673048e+00   1.29671084e+01 
 -2.32940697e+00  -6.21354699e+00   9.41605607e+00 
 -5.48309021e+00  -7.70633751e+00   7.97051614e+00 
 -5.40728425e+00  -6.15117306e+00   4.50118916e+00 
 -8.04201562e+00  -7.13788549e+00   1.87642382e+00 
 -6.75237578e+00  -2.02330624e+00   2.13260101e+00 
 -1.00071257e+01   1.79579950e+00   4.77799250e+00 
 -8.30777258e+00   1.24275525e+00   8.08865846e+00 
 -5.22777703e+00   3.31235992e+00   8.83888253e+00 
 -4.99324861e+00   1.25392512e+01   1.88140672e+00 
 -4.45964684e+00   8.84928137e+00   1.26292430e+00 
 -3.52944001e-01   4.39570653e+00  -3.43760155e+00 
  2.42025194e+00   3.45476272e+00  -5.51135731e+00 
  4.75577204e+00   6.22679398e+00  -4.69095457e+00 
  2.14969427e+00   8.75527232e+00  -3.84330249e+00 
  1.51075791e-01   1.01081101e+01  -9.32480154e-01 
  2.61123295e-01   1.08994846e+01   2.72536873e+00 
 -1.70944332e+00   1.32196912e+01   4.96551066e+00 
  2.02112497e+00   4.97110712e+00   8.47406593e+00 
  4.57552944e+00   2.42058199e+00   9.33321763e+00 
  1.89363040e+00  -2.28213230e-01   9.93847483e+00 
 -1.49122139e+00  -4.88332926e-01   1.14903810e+01 
 -3.82109243e+00  -1.60439245e+00   8.66486293e+00 
 -7.18459638e+00  -3.16657177e+00   9.02601469e+00 
 -9.00155251e+00  -2.56328189e+00   5.79739474e+00 

   4.583688043918e+01 

  2.38334300e+00  -7.40947212e-01   1.30634080e+00 
  1.89008533e+00   5.42399163e-01   9.86551678e-01 
  8.92948970e-01  -2.65172299e+00   2.79686642e+00 
  1.02221089e+00  -1.26258490e+00   1.51571062e+00 
  1.25234379e+00  -3.94378780e+00   9.71631276e-01 
 -1.51227320e+00  -2.82129794e+00  -3.45882467e-01 
  1.28465718e+00  -2.68237220e+00   1.66608496e+00 
  1.10196590e+00  -1.45547214e+00   4.76803227e-02 
 -2.64913426e-01   1.65783531e+00  -7.01719021e-01 
  1.10402430e+00  -5.08778859e+00   1.76859820e+00 
 -8.47542919e-01   1.87962431e+00   1.38292918e+00 
  1.21117909e+00   4.14448450e+00   2.70633686e+00 
  9.42664140e-01  -4.72892656e+00   3.28382738e+00 
  3.88221994e-01   2.17514936e+00   5.34381738e+00 
 -9.51083257e-02  -5.95795307e+00   1.72178266e+00 
  2.11130337e+00  -6.15817235e+00   2.02287489e+00 
  1.76601410e+00  -7.94473391e-01  -8.93434738e-01 
  1.78886665e+00   5.35713440e-01  -3.24171927e-01 
  4.00023007e-01  -2.46353801e+00  -4.57361075e-01 
 -6.90957520e-01  -2.29195524e+00   6.22063178e-01 
 -8.47933092e-01  -9.34470516e-01   1.10828202e+00 
 -6.04744996e-01  -2.07311201e-01  -1.52567272e-01 
 -1.42365192e+00  -7.01254047e-01  -1.03180533e+00 
 -2.55436861e+00  -3.06233814e-01  -1.62153025e-01 
 -2.84806435e+00  -7.29111920e-01   1.08068955e+00 
 -3.38574552e+00  -7.95372679e-02   2.09199115e+00 
 -3.71853003e+00   1.22292810e+00   1.92855517e+00 
 -3.66503050e+00   1.70833038e+00   6.82334436e-01 
 -2.88919754e+00   1.00466128e+00  -1.98205692e-01 
 -8.81160329e-01   1.17925834e+00   2.40014223e-01 
  2.35344808e-01   2.87853462e+00   1.23671164e+00 
  7.04356486e-02   3.58611389e+00   2.45743907e+00 
 -1.27634666e+00   3.88967261e+00   2.56900344e+00 
 -1.34777430e+00   4.12159587e+00   1.12939666e+00 
 -1.72070457e+00   5.38477068e+00   6.19494494e-01 
 -2.76793820e+00   4.82548953e+00  -1.28309433e-01 
 -2.31043322e+00   4.00030780e+00  -1.10729933e+00 
 -1.04681238e+00   3.56067724e+00  -9.77946829e-01 
 -5.04552018e-01   3.58841876e+00   2.52025271e-01 
  1.55917035e+00   8.51060605e-01   2.19760621e+00 
  7.14299295e-01   7.04030163e-01   3.33460085e+00 
  1.12846254e+00   1.49897759e+00   4.44272126e+00 
 -9.26633769e-01   2.04522479e+00   5.28933558e+00 
 -1.43806506e+00   1.15689661e+00   4.40003671e+00 
 -5.28416066e-01   3.12628730e-01   3.72769029e+00 
  1.33372304e+01  -2.30584134e+00   1.05142386e+00 
  1.05240947e+01  -2.31799410e+00  -1.51883949e+00 
  1.02449093e+01   1.87330787e-01  -4.29994660e+00 
  6.70585523e+00   1.15978666e+00  -4.09931487e+00 
  5.21639268e+00   3.67964134e+00  -6.53332000e+00 
  3.55824035e+00   4.45944907e+00  -1.50197600e+00 
  5.89246698e+00   7.95375475e+00   1.93439211e+00 
  8.94033352e+00   6.07749997e+00   2.88620433e+00 
  8.36196375e+00   3.96688239e+00   6.01361330e+00 
 -4.14213499e-01   8.08165674e+00   8.97767143e+00 
 -3.67440455e+00   2.61013297e+00   6.82174676e+00 
 -6.32000537e+00   1.14344213e-01   6.29500573e+00 
 -9.25593156e+00   8.88775227e-01   8.37840550e+00 
 -1.70042691e+00   4.45789478e+00   1.27026192e+01 
  4.44403471e+00  -7.79531718e-01   1.21621170e+01 
  4.82527181e+00  -1.15445214e+00   8.51723303e+00 
  4.56353560e+00  -4.48188882e+00   7.21159182e+00 
  7.92847847e+00  -3.89646024e+00   5.29964111e+00 
  1.04087507e+01  -1.35006779e+00   4.53634531e+00 
  9.08370265e+00   6.75365954e-01   1.71146545e+00 
  1.06042750e+01   3.36993575e+00  -3.82726427e-01 
  7.74309050e+00   5.59689212e+00  -1.40373816e+00 
  7.63025599e+00   8.46751661e+00  -3.90754914e+00 
  1.24546790e+01   9.38144301e+00  -2.14739023e+00 
  1.17828063e+01   7.58876084e+00  -5.45665723e+00 
 -6.32286338e+00   3.93906340e+00  -1.14341965e+01 
 -2.87857682e+00   4.03776894e+00  -9.69911347e+00 
  8.15527980e-02   2.16883895e+00  -1.11163136e+01 
  1.42164617e+00   5.67957563e-01  -7.93797451e+00 
  4.69746996e+00  -1.44889865e+00  -8.01559330e+00 
  7.64180952e-01  -3.42929603e+00  -5.10098649e+00 
 -2.53696337e+00  -7.66109505e+00  -6.93713079e+00 
 -4.98138867e+00  -5.31074286e+00  -8.56649301e+00 
 -7.81890208e+00  -3.98902524e+00  -6.43715937e+00 
 -9.16178275e+00  -1.07610717e+01   2.83286305e+00 
 -6.48497417e+00  -8.28789283e+00   1.83225669e+00 
 -1.62301752e+00  -3.45448756e+00   5.26648161e+00 
 -4.50595123e-01  -1.18354210e+00   7.78534629e+00 
 -3.56351494e+00  -8.41780765e-01   9.78653999e+00 
 -4.98676966e+00  -4.18566244e+00   8.95214680e+00 
 -7.24704716e+00  -5.92208879e+00   6.46749273e+00 
 -1.03132921e+01  -5.52976634e+00   4.35504598e+00 
 -1.27558066e+01  -7.96103617e+00   2.80334505e+00 
 -1.09275772e+01   5.75987865e-01  -1.44437001e+00 
 -1.06462453e+01   4.25522708e+00  -1.83467851e+00 
 -8.48498686e+00   3.87412737e+00  -4.95857917e+00 
 -8.31978717e+00   1.73050030e+00  -8.00994711e+00 
 -4.91678228e+00  -1.55512249e-02  -7.84168275e+00 
 -3.08659259e+00  -1.62256995e+00  -1.06615939e+01 
 -6.94616092e-01  -4.07662003e+00  -9.13012425e+00 

   4.583688045433e+01 

 -2.01667233e+00  -1.96392865e-01   1.07601424e+00 
 -9.79328376e-01   6.91176830e-01   1.43471499e+00 
 -3.12560608e+00  -3.14228403e-01  -1.54133635e+00 
 -1.66736298e+00  -1.01037900e-01  -3.51397301e-01 
 -2.51810687e+00  -2.49160142e+00  -1.39981890e+00 
  3.91359497e-01  -1.74448034e+00  -2.67072739e+00 
 -2.51497420e+00  -1.13413434e+00  -9.18492640e-01 
 -7.11377085e-01  -1.16763464e+00   3.22006731e-02 
  1.87614117e+00   1.04622198e+00   7.57580639e-01 
 -3.50693348e+00  -2.81486593e+00  -2.33986086e+00 
  7.45954819e-01   2.64440438e+00  -1.92609911e-01 
 -3.66882223e-01   4.60718442e+00   2.26274399e+00 
 -4.38447080e+00  -1.57444105e+00  -2.71670168e+00 
 -2.69861294e+00   4.97631627e+00  -1.74409191e-01 
 -3.20190869e+00  -3.17860431e+00  -3.74411747e+00 
 -4.67941539e+00  -3.71826976e+00  -2.15509706e+00 
 -9.37250206e-02  -1.42711519e+00   1.17882041e+00 
  3.54649142e-02  -9.29089130e-02   1.72395406e+00 
 -3.91531740e-01  -2.04543023e+00  -9.11823086e-01 
 -5.33715269e-01  -9.69737309e-01  -2.01069817e+00 
 -2.36438156e-01   3.80663802e-01  -1.57266089e+00 
  8.67709296e-01   8.37070893e-02  -6.39734505e-01 
  1.74118869e+00  -6.10797043e-01  -1.30482893e+00 
  1.86844671e+00   5.12701445e-01  -2.26005740e+00 
  9.32446032e-01   1.03833266e+00  -3.07083956e+00 
  7.47825873e-01   2.28370129e+00  -3.45650850e+00 
  1.59305017e+00   3.23973127e+00  -3.00318028e+00 
  2.68540673e+00   2.82120435e+00  -2.35267593e+00 
  2.62463137e+00   1.55381185e+00  -1.84037040e+00 
  1.30949397e+00   1.42937827e+00  -2.56198740e-01 
  6.98853414e-01   3.01584051e+00   1.23976560e+00 
  1.86673744e-01   4.33587354e+00   1.12477319e+00 
  9.47687793e-01   4.98161868e+00   1.64388535e-01 
  2.14185326e+00   4.28823717e+00   6.38259732e-01 
  3.24658426e+00   5.01257043e+00   1.13778974e+00 
  4.11724634e+00   4.40974029e+00   2.17338418e-01 
  4.24680444e+00   3.07442244e+00   4.38167763e-01 
  3.29550261e+00   2.49702970e+00   1.19209647e+00 
  2.11476028e+00   3.13214930e+00   1.29234207e+00 
 -1.56420403e+00   1.75158752e+00   9.82046491e-01 
 -2.01357955e+00   2.56125288e+00  -9.99709082e-02 
 -2.71365095e+00   3.72610473e+00   3.29417764e-01 
 -2.01496838e+00   5.18903051e+00  -1.28620744e+00 
 -1.46338677e+00   4.11449140e+00  -1.90481587e+00 
 -1.80747565e+00   2.83548288e+00  -1.41690164e+00 
 -8.30534306e+00  -4.37530137e+00   9.16864312e+00 
 -4.92637581e+00  -5.23014286e+00   7.62853162e+00 
 -1.67837860e+00  -5.00120792e+00   9.49596536e+00 
  4.62945188e-01  -3.23079926e+00   7.08947517e+00 
  4.10455667e+00  -2.46205691e+00   7.88960132e+00 
  1.61354802e+00   1.64305587e+00   5.51998051e+00 
 -6.82194708e-01   5.74755912e+00   8.23104279e+00 
 -3.79057775e+00   4.14060531e+00   9.44408076e+00 
 -6.67164683e+00   4.64204378e+00   6.99094741e+00 
 -2.45839646e+00   1.18162272e+01   1.20150548e+00 
 -1.44477545e+00   7.26810057e+00  -3.64630942e+00 
 -7.02963746e-01   5.77630256e+00  -6.92198573e+00 
 -3.49818573e-01   8.39902442e+00  -9.48257170e+00 
 -6.03989399e+00   1.17429586e+01  -2.77702593e+00 
 -1.11102794e+01   5.90878829e+00  -3.83110760e-01 
 -8.79023823e+00   3.29026046e+00   7.70933804e-01 
 -9.09177186e+00   7.88417348e-02  -7.91421809e-01 
 -9.22641384e+00  -1.53798976e+00   2.77072224e+00 
 -8.91045615e+00  -7.58202794e-01   6.30776231e+00 
 -5.27683927e+00  -6.40671314e-01   7.09587016e+00 
 -3.41013173e+00  -3.18140200e-01   1.03160997e+01 
 -2.02381824e-01   1.45869790e+00   9.45505533e+00 
  2.90712468e+00   2.08660909e+00   1.15666827e+01 
 -5.64697695e-01   2.59037266e+00   1.54268957e+01 
  1.47104881e+00  -6.02748529e-01   1.49014350e+01 
  1.39459690e+01  -2.27091448e+00   1.21049575e-01 
  1.08824052e+01  -2.02952444e+00   2.45336171e+00 
  9.56577909e+00  -5.06400881e+00   4.27603895e+00 
  5.84296696e+00  -4.65216360e+00   3.61910609e+00 
  3.31134557e+00  -7.05588244e+00   5.23706402e+00 
  2.42330274e+00  -5.71319154e+00   2.07516526e-01 
  3.74536983e+00  -9.13114019e+00  -4.12223563e+00 
  7.23109439e+00  -7.74501575e+00  -4.40960971e+00 
  7.72857429e+00  -4.71228291e+00  -6.62038095e+00 
 -1.22570883e+00  -3.70695401e+00  -1.38596526e+01 
 -8.70454098e-01  -3.17879128e+00  -1.01343385e+01 
 -3.94337519e+00   1.26207209e+00  -4.69096612e+00 
 -5.46236637e+00   4.19495534e+00  -3.28837959e+00 
 -5.13690456e+00   6.49119434e+00  -6.19238260e+00 
 -5.17503729e+00   3.86010437e+00  -8.83422694e+00 
 -2.87846031e+00   1.62993461e+00  -1.08465973e+01 
  4.68536172e-01   1.42360803e+00  -1.25119094e+01 
  1.88336473e+00  -7.02985634e-01  -1.52976928e+01 
  7.62961704e+00   2.56558147e+00  -8.18691474e+00 
  9.31597344e+00   4.99155981e+00  -5.94211836e+00 
  1.03049632e+01   2.22429458e+00  -3.50507273e+00 
  1.15587470e+01  -1.28996754e+00  -3.61122047e+00 
  8.89275606e+00  -3.37413261e+00  -1.82063894e+00 
  9.31797735e+00  -6.78092393e+00  -3.72561199e-01 
  5.88844745e+00  -8.29073515e+00  -1.53246936e-01 

   4.583688044741e+01 

 -5.08985578e-01   2.32718380e+00  -3.81183407e-01 
  6.04409399e-01   1.62669800e+00  -8.93273719e-01 
 -3.10056742e+00   1.17527143e+00  -1.56054028e-01 
 -1.21143737e+00   1.07220071e+00  -6.46913857e-02 
 -2.86229636e+00   1.74843669e+00   2.02221783e+00 
 -1.52055015e+00  -1.16312551e+00   2.62344308e+00 
 -2.34883658e+00   1.56819333e+00   6.88659221e-01 
 -4.06010126e-01   1.18525245e+00   1.17513193e+00 
  2.25632564e+00  -6.82022528e-01  -6.90326294e-02 
 -4.25792143e+00   1.79237626e+00   2.14957722e+00 
  1.01333247e+00  -1.29660924e+00  -1.74585047e+00 
  2.14114939e+00   3.52330716e-01  -4.41577098e+00 
 -4.97839795e+00   1.57107664e+00   7.77469883e-01 
 -1.14505363e+00  -1.33487274e-01  -5.10617339e+00 
 -5.03918914e+00   7.55736554e-01   2.86531837e+00 
 -5.10263667e+00   2.96409577e+00   2.52173915e+00 
  7.82215009e-01   1.73076051e+00   1.40773465e+00 
  1.42677085e+00   1.52998772e+00   1.27818132e-01 
 -9.34537077e-01   6.62553514e-01   2.27578319e+00 
 -1.63577352e+00  -4.43315218e-01   1.45714729e+00 
 -9.40210328e-01  -8.25882668e-01   2.43208349e-01 
  4.49446206e-01  -7.05912406e-01   7.24978244e-01 
  5.34964153e-01  -1.42933858e+00   1.80061331e+00 
  1.32228064e-01  -2.61152256e+00   1.00611635e+00 
 -1.02204988e+00  -2.83214064e+00   3.51363477e-01 
 -1.24736680e+00  -3.47238371e+00  -7.76952713e-01 
 -1.99328747e-01  -4.01810542e+00  -1.43852346e+00 
  9.73822208e-01  -4.04472137e+00  -7.94669236e-01 
  1.10472871e+00  -3.16082014e+00   2.41673953e-01 
  1.21184388e+00  -1.21093941e+00  -4.22539198e-01 
  2.00101562e+00  -3.95850730e-01  -2.38222298e+00 
  1.73281615e+00  -6.78573534e-01  -3.74831497e+00 
  1.71932638e+00  -2.05732756e+00  -3.87981083e+00 
  2.80875749e+00  -2.16447878e+00  -2.91384670e+00 
  4.04406680e+00  -2.74266974e+00  -3.28036677e+00 
  3.96681507e+00  -3.68049447e+00  -2.23959359e+00 
  4.02837807e+00  -3.08993722e+00  -1.01643134e+00 
  3.77377259e+00  -1.77078027e+00  -9.74826993e-01 
  3.07528018e+00  -1.24262518e+00  -1.99501521e+00 
  1.93331846e-02   1.24706105e+00  -1.98184785e+00 
 -9.28593152e-01   4.37013111e-01  -2.66997512e+00 
 -9.84642243e-01   7.10751300e-01  -4.06756765e+00 
 -1.37602188e+00  -1.40799572e+00  -4.83975987e+00 
 -1.54328498e+00  -1.76233474e+00  -3.54054195e+00 
 -1.63519402e+00  -7.23260247e-01  -2.58965236e+00 
 -1.33884764e-01   1.33888982e+01  -3.83523306e-01 
  1.14636257e+00   1.06212112e+01   1.90141625e+00 
  4.78981907e+00   9.93097164e+00   2.48275676e+00 
  4.94610333e+00   6.27883659e+00   2.09772765e+00 
  8.22378592e+00   4.39241757e+00   2.53464507e+00 
  5.37675391e+00   2.61982837e+00  -1.63957611e+00 
  6.11532592e+00   4.33161854e+00  -6.73777034e+00 
  4.47361637e+00   7.64901056e+00  -6.61281951e+00 
  7.97529606e-01   7.42722654e+00  -7.61640972e+00 
  8.92627164e-01  -1.91790341e+00  -1.15403778e+01 
 -2.28118777e+00  -4.21381034e+00  -6.07500991e+00 
 -4.16933063e+00  -6.40391373e+00  -3.80695635e+00 
 -5.29320434e+00  -9.43105803e+00  -5.57706338e+00 
 -4.40184303e+00  -2.58534246e+00  -1.19696253e+01 
 -7.23576601e+00   4.34936497e+00  -8.91094044e+00 
 -5.13395210e+00   4.79331310e+00  -5.91822359e+00 
 -6.84829177e+00   5.09376153e+00  -2.78517059e+00 
 -4.75060184e+00   8.31616853e+00  -2.05247155e+00 
 -2.01814343e+00   1.03366991e+01  -3.34456187e+00 
  1.15694296e+00   8.69566733e+00  -2.31307209e+00 
  4.73255724e+00   9.74716284e+00  -2.57349565e+00 
  6.70783699e+00   6.55531965e+00  -2.88721301e+00 
  1.04711562e+01   5.96756563e+00  -2.76758146e+00 
  1.06490520e+01   1.05685782e+01  -5.21861433e+00 
  1.13285289e+01   1.02108828e+01  -1.47339232e+00 
  1.00917709e+01  -7.02042049e+00   7.38205957e+00 
  9.49293276e+00  -3.64373261e+00   5.61494966e+00 
  9.36446645e+00  -4.10616689e-01   7.56280596e+00 
  6.28597517e+00   1.17370195e+00   5.99013461e+00 
  5.22689880e+00   4.74085262e+00   6.96925056e+00 
  1.35827922e+00   1.18994632e+00   6.41020868e+00 
 -1.08761909e+00  -1.35414602e+00   1.08511773e+01 
  1.42419202e+00  -4.15485905e+00   1.08811861e+01 
  6.97602733e-01  -7.17662130e+00   8.71934611e+00 
 -1.05418085e+01  -7.38145528e+00   6.03034168e+00 
 -7.68755711e+00  -5.15456146e+00   4.94530471e+00 
 -5.61207161e+00  -1.17459821e+00  -1.27132425e+00 
 -5.35906960e+00  -4.02291352e-01  -4.76647229e+00 
 -6.78020554e+00  -3.53145079e+00  -6.18088162e+00 
 -8.95711118e+00  -4.37409552e+00  -3.27327030e+00 
 -8.96619364e+00  -6.30842790e+00  -2.42941790e-02 
 -7.70565609e+00  -9.39400031e+00   1.68116228e+00 
 -8.86193104e+00  -1.13931529e+01   4.67301224e+00 
  5.54944507e-01  -1.10123980e+01   2.33988858e+00 
  3.62534703e+00  -1.13498674e+01   2.83924500e-01 
  5.61526096e+00  -9.15073150e+00   2.68788905e+00 
  5.97048882e+00  -8.62480340e+00   6.36625278e+00 
  4.97491670e+00  -4.97794033e+00   6.97176830e+00 
  5.79999739e+00  -2.90059424e+00   9.95303254e+00 
  3.26579632e+00  -1.34098234e-01   1.00693430e+01 

   4.583688067983e+01 

 -2.19762101e-01  -2.78114901e+00   5.29936145e-01 
 -1.42696837e+00  -2.19890484e+00   9.72880341e-01 
  2.30662065e+00  -1.49580528e+00   7.73397957e-01 
  4.39913870e-01  -1.46676063e+00   4.53432853e-01 
  2.37003599e+00  -1.80833813e+00  -1.46901045e+00 
  9.40288109e-01   1.09199435e+00  -1.89624774e+00 
  1.68813968e+00  -1.81568636e+00  -2.00348202e-01 
 -2.00316913e-01  -1.46319218e+00  -8.84031797e-01 
 -3.10090445e+00   1.17218492e-01   2.16614906e-01 
  3.77088602e+00  -1.77404801e+00  -1.42087552e+00 
 -2.11028524e+00   5.77067519e-01   2.09851376e+00 
 -3.45487369e+00  -1.43439549e+00   4.39321949e+00 
  4.30440198e+00  -1.69026607e+00   4.85085872e-02 
 -3.11835833e-01  -8.90627032e-01   5.55024912e+00 
  4.57032267e+00  -6.23816758e-01  -1.90579649e+00 
  4.72293276e+00  -2.85263831e+00  -1.81484910e+00 
 -1.31672253e+00  -2.02866486e+00  -1.32838812e+00 
 -2.12320033e+00  -2.01483713e+00  -1.26972549e-01 
  4.26220122e-01  -7.86771344e-01  -1.84000148e+00 
  9.55387065e-01   2.40907755e-01  -8.15930531e-01 
  9.55645149e-02   4.40718725e-01   3.34979407e-01 
 -1.21543742e+00   3.18640011e-01  -3.31394195e-01 
 -1.21227467e+00   1.16364130e+00  -1.31811336e+00 
 -9.80529794e-01   2.25653789e+00  -3.47186194e-01 
  7.01572216e-02   2.44676455e+00   4.71115821e-01 
  1.17763476e-01   2.95370109e+00   1.68541496e+00 
 -1.03373550e+00   3.36710687e+00   2.26595674e+00 
 -2.11919441e+00   3.41984630e+00   1.48458487e+00 
 -2.06991455e+00   2.66433249e+00   3.44760208e-01 
 -2.14064794e+00   6.45036908e-01   7.59720466e-01 
 -3.11265697e+00  -4.37924342e-01   2.49464145e+00 
 -3.03017716e+00  -3.12567439e-01   3.90726909e+00 
 -3.11506680e+00   1.03901636e+00   4.19795360e+00 
 -4.08324677e+00   1.21451708e+00   3.11942466e+00 
 -5.38626666e+00   1.68782814e+00   3.38912035e+00 
 -5.23886892e+00   2.74842065e+00   2.48240021e+00 
 -5.11554232e+00   2.30978126e+00   1.20137231e+00 
 -4.77952854e+00   1.01831858e+00   1.04030008e+00 
 -4.18029349e+00   4.01035195e-01   2.07353694e+00 
 -1.00257919e+00  -1.92945594e+00   2.16397249e+00 
 -1.95550797e-01  -1.16814270e+00   3.05687759e+00 
 -2.94001573e-01  -1.60786846e+00   4.40905915e+00 
 -1.26542810e-01   4.15927353e-01   5.46487649e+00 
  1.76328204e-01   9.33500066e-01   4.24753055e+00 
  4.45173271e-01   2.36326207e-02   3.20244728e+00 
  6.77271413e-02  -1.37657557e+01  -7.95501288e-01 
 -1.08734001e+00  -1.07993794e+01  -2.88991879e+00 
 -4.66747855e+00  -1.02065517e+01  -3.84926318e+00 
 -5.08692612e+00  -6.63951306e+00  -3.06750364e+00 
 -8.39355474e+00  -4.86202913e+00  -3.69936493e+00 
 -6.18699004e+00  -3.48776857e+00   9.81944830e-01 
 -7.43774203e+00  -5.84129369e+00   5.71099444e+00 
 -5.59818868e+00  -9.04188081e+00   5.41432805e+00 
 -2.09156013e+00  -8.78064436e+00   6.89929735e+00 
 -3.22086026e+00   1.00924337e-03   1.18333916e+01 
  4.52525375e-01   3.08719889e+00   7.12213665e+00 
  2.46894560e+00   5.62021383e+00   5.38328878e+00 
  3.18630608e+00   8.45536874e+00   7.62098095e+00 
  1.93262458e+00   8.46553898e-01   1.30114545e+01 
  5.52637198e+00  -5.52876873e+00   9.55926607e+00 
  3.83501572e+00  -5.69681583e+00   6.29090593e+00 
  5.93305709e+00  -5.53514547e+00   3.38967645e+00 
  4.13610389e+00  -8.73419034e+00   2.02651109e+00 
  1.39192341e+00  -1.10174405e+01   2.71554706e+00 
 -1.72600056e+00  -9.40596635e+00   1.48275852e+00 
 -5.23761715e+00  -1.06399425e+01   1.15971063e+00 
 -7.42314524e+00  -7.60171266e+00   1.58504799e+00 
 -1.11721487e+01  -7.17231390e+00   1.05321298e+00 
 -1.13726708e+01  -1.20417780e+01   2.91245026e+00 
 -1.16110210e+01  -1.12595496e+01  -8.22213923e-01 
 -1.03341943e+01   6.96306177e+00  -7.39284304e+00 
 -9.75486302e+00   3.42575321e+00  -5.96623183e+00 
 -9.19755900e+00   4.64016456e-01  -8.24247319e+00 
 -6.24462022e+00  -1.16172011e+00  -6.48244990e+00 
 -4.86344149e+00  -4.53154523e+00  -7.72396597e+00 
 -1.31033605e+00  -9.06563101e-01  -6.26703824e+00 
  1.50228011e+00   2.26799526e+00  -1.00338005e+01 
 -1.14963200e+00   4.93648706e+00  -1.00609971e+01 
 -8.73226242e-01   7.70063416e+00  -7.48892884e+00 
  9.92258250e+00   8.07655574e+00  -3.37720434e+00 
  7.09526409e+00   5.60858746e+00  -2.93162232e+00 
  4.51897492e+00   8.09832394e-01   2.46550625e+00 
  3.88859549e+00  -3.94576649e-01   5.78641550e+00 
  4.93775433e+00   2.59847094e+00   7.72363910e+00 
  7.39852229e+00   3.88660297e+00   5.23590537e+00 
  7.68795974e+00   6.20210579e+00   2.26064467e+00 
  6.46286164e+00   9.41367811e+00   7.76349517e-01 
  7.85373502e+00   1.18132128e+01  -1.79122138e+00 
 -1.73767275e+00   1.07302139e+01  -7.43147046e-01 
 -5.05027440e+00   1.06764329e+01   9.27817011e-01 
 -6.59786074e+00   8.70110310e+00  -1.94935158e+00 
 -6.47035767e+00   8.61354169e+00  -5.67889021e+00 
 -5.19282763e+00   5.11615016e+00  -6.56975086e+00 
 -5.52330136e+00   3.38414115e+00  -9.85226336e+00 
 -2.83341473e+00   7.68473851e-01  -9.96238924e+00 

   4.583688034041e+01 

 -3.30150519e-01  -5.13476050e-01   1.83406843e+00 
 -5.90759888e-01   6.02133787e-01   1.00941790e+00 
  2.02901609e+00  -2.08873280e+00   1.61763261e+00 
  1.11600135e+00  -4.29853664e-01   1.56898876e+00 
  2.26145143e+00  -1.54102155e+00   3.80306203e+00 
  3.95668492e+00   1.10873496e+00   2.94073713e+00 
  1.63247103e+00  -1.40249426e+00   2.51477326e+00 
  1.04642304e+00   5.43070552e-01   2.68580076e+00 
  5.61521567e-01   3.29466328e+00   6.08247622e-01 
  3.03148012e+00  -2.69657018e+00   3.99710226e+00 
  1.08839475e+00   2.06464627e+00  -1.10751501e+00 
 -1.74581995e+00   1.49114582e+00  -2.76820476e+00 
  3.08864469e+00  -3.58517599e+00   2.70952432e+00 
  1.51658391e-01  -1.23520083e+00  -3.46053071e+00 
  4.50092359e+00  -2.66805354e+00   4.18999015e+00 
  2.73866820e+00  -3.84544056e+00   4.90227565e+00 
  7.42226316e-02   1.35194873e+00   3.09091028e+00 
 -5.90678746e-01   1.62519166e+00   1.83503299e+00 
  2.13043953e+00   6.53167877e-01   3.44525069e+00 
  3.04864763e+00   3.48264029e-01   2.24159642e+00 
  2.51772122e+00   7.67486998e-01   9.58560253e-01 
  1.84930377e+00   2.01361260e+00   1.38052649e+00 
  2.74315160e+00   2.72523887e+00   1.99881400e+00 
  3.56600312e+00   2.71312236e+00   7.68503386e-01 
  4.11975923e+00   1.66254825e+00   1.36536552e-01 
  4.31448092e+00   1.45312810e+00  -1.14876586e+00 
  3.91758435e+00   2.39981110e+00  -2.03202264e+00 
  3.53669904e+00   3.57815702e+00  -1.52410674e+00 
  3.17524978e+00   3.56909215e+00  -2.04379101e-01 
  1.39909343e+00   2.56459321e+00   9.72391976e-02 
 -3.61166567e-01   2.29491394e+00  -1.30144764e+00 
 -5.00521285e-01   1.81611291e+00  -2.63162270e+00 
  5.02146554e-01   2.40911168e+00  -3.38093158e+00 
  3.45039819e-01   3.64548105e+00  -2.62061535e+00 
 -2.10985651e-02   4.84761541e+00  -3.26519250e+00 
  1.11051593e+00   5.51258622e+00  -2.76923147e+00 
  1.07694147e+00   5.63448354e+00  -1.41546869e+00 
  2.31978830e-01   4.81895018e+00  -7.61509510e-01 
 -1.61490684e-01   3.69942106e+00  -1.39359677e+00 
 -3.83689177e-01  -1.91880259e-02  -1.05248515e-01 
  4.92035917e-01  -6.31854073e-01  -1.04650185e+00 
 -1.95015809e-01  -1.20034887e+00  -2.15834153e+00 
  1.33864645e+00  -7.61002723e-01  -3.79949777e+00 
  2.17183904e+00  -3.70117426e-01  -2.80223424e+00 
  1.78257173e+00  -6.62391413e-01  -1.47733123e+00 
 -8.90526715e+00  -5.34490668e+00   6.89629025e+00 
 -6.67074424e+00  -2.33879007e+00   7.59649937e+00 
 -7.91179486e+00   1.20343861e+00   7.63642401e+00 
 -5.37337886e+00   2.92482525e+00   5.61056752e+00 
 -5.56362143e+00   6.67580995e+00   4.98889930e+00 
 -4.20255627e+00   3.93415701e+00   5.95393976e-01 
 -7.75992329e+00   2.31974335e+00  -3.17371212e+00 
 -9.33447330e+00  -5.65690186e-01  -1.46758547e+00 
 -7.53977082e+00  -3.83014219e+00  -2.29961488e+00 
 -1.95221184e+00  -5.10037690e-01  -1.00774103e+01 
  3.50169594e+00  -5.63759734e-01  -6.14468653e+00 
  7.01099173e+00  -4.89651568e-01  -5.05606307e+00 
  9.26485198e+00  -5.23768682e-01  -7.96792280e+00 
  1.26700896e+00  -4.76318742e+00  -1.05340260e+01 
 -1.32731696e+00  -9.50423864e+00  -4.51164231e+00 
 -1.71022086e+00  -7.10306769e+00  -1.74417848e+00 
  1.35953473e-01  -7.79766902e+00   1.24819568e+00 
 -3.17251045e+00  -7.32981779e+00   3.28689680e+00 
 -6.65496537e+00  -6.34132262e+00   2.94946097e+00 
 -6.75816466e+00  -2.62286626e+00   2.97249335e+00 
 -9.58781339e+00  -1.85169631e-01   3.06855271e+00 
 -8.35801162e+00   2.86853526e+00   1.23807154e+00 
 -9.91018357e+00   6.33344467e+00   9.10257699e-01 
 -1.43833602e+01   3.65117696e+00   8.41145943e-01 
 -1.31136546e+01   5.44403795e+00   3.97002437e+00 
  3.82999079e+00   1.49192487e+01   3.96614286e+00 
  9.54190092e-01   1.23476640e+01   3.97538844e+00 
 -7.11571773e-01   1.12853022e+01   7.19413899e+00 
 -8.15431180e-01   7.52163427e+00   6.66072291e+00 
 -2.58307667e+00   5.24983353e+00   9.21398522e+00 
  1.99764108e+00   3.49777540e+00   7.25566089e+00 
  6.87063739e+00   3.88137916e+00   1.01338234e+01 
  7.63902242e+00   7.30028299e+00   8.76456932e+00 
  9.53035008e+00   7.48648798e+00   5.49032487e+00 
  1.47980003e+01  -2.60752987e+00   3.50043017e+00 
  1.11689539e+01  -1.55442779e+00   3.43618853e+00 
  4.76190446e+00  -3.41758411e+00  -3.41728435e-01 
  2.76408515e+00  -4.55031490e+00  -3.09891613e+00 
  5.38621421e+00  -4.68611651e+00  -5.72910077e+00 
  8.26594935e+00  -5.30071668e+00  -3.44157697e+00 
  1.09209424e+01  -3.49221541e+00  -1.44711814e+00 
  1.31951052e+01  -5.18204047e-01  -1.40619636e+00 
  1.64273302e+01   2.85315942e-01   3.80365735e-01 
  1.01811064e+01   7.35181952e+00  -1.92516565e+00 
  8.02090537e+00   9.50528950e+00  -4.03807952e+00 
  6.15546142e+00   1.08300576e+01  -9.81914393e-01 
  6.90793941e+00   1.19209213e+01   2.50765562e+00 
  4.90912321e+00   9.55993420e+00   4.76329700e+00 
  3.97824067e+00   1.01267761e+01   8.32646109e+00 
  3.30132624e+00   6.74627393e+00   9.81080388e+00 

   4.583688042413e+01 

 -1.11647991e+00   2.94143748e+00   8.95788299e-01 
 -2.63302256e-01   2.10737731e+00   1.41473424e-01 
 -2.30030123e+00   2.13701907e+00   3.35452474e+00 
 -1.70917124e+00   1.78560956e+00   1.58961279e+00 
 -4.22484483e+00   2.64614187e+00   2.27421296e+00 
 -4.40645076e+00  -4.23726991e-01   1.18731353e+00 
 -2.80319101e+00   2.41705387e+00   2.30489784e+00 
 -2.57111655e+00   1.77614174e+00   3.83108289e-01 
 -5.19587827e-01  -4.08535039e-01  -1.38918035e+00 
 -4.84438710e+00   2.87132607e+00   3.51169835e+00 
  5.74268524e-01  -8.33264685e-01   4.43152172e-01 
  3.52845795e+00   6.86800274e-01   1.56956765e-01 
 -3.83242918e+00   2.76402172e+00   4.70131022e+00 
  2.97177516e+00   6.45740258e-01   3.50383556e+00 
 -5.82985263e+00   1.93719863e+00   4.10628264e+00 
 -5.45351038e+00   4.13901075e+00   4.00858896e+00 
 -2.34077172e+00   2.15791727e+00  -8.67797816e-01 
 -9.22677227e-01   1.89051751e+00  -9.74983589e-01 
 -3.80614384e+00   1.31340952e+00   5.39816174e-01 
 -3.33486218e+00   3.19708540e-01   1.62393772e+00 
 -1.96642617e+00  -1.35403795e-01   1.46881762e+00 
 -1.91112354e+00  -2.05072231e-01  -4.19776258e-03 
 -2.90901225e+00  -9.47090829e-01  -3.80080547e-01 
 -2.35547225e+00  -2.05592992e+00   4.29225630e-01 
 -2.16830733e+00  -2.11473229e+00   1.76010930e+00 
 -1.22037054e+00  -2.70553306e+00   2.45734253e+00 
 -2.45881154e-01  -3.37567060e+00   1.79766946e+00 
 -4.24916941e-01  -3.56425987e+00   4.84684722e-01 
 -1.31241278e+00  -2.71842570e+00  -1.23039056e-01 
 -5.84929509e-01  -7.91203039e-01  -2.29460163e-01 
  1.55526875e+00  -6.19867892e-02  -3.53487276e-01 
  2.72219175e+00  -2.89750182e-01   4.23980203e-01 
  2.79058462e+00  -1.65304274e+00   6.59009558e-01 
  2.27844546e+00  -1.91441422e+00  -6.82927604e-01 
  3.04413050e+00  -2.64506049e+00  -1.61808392e+00 
  2.01254117e+00  -3.57781446e+00  -1.80385098e+00 
  9.15389906e-01  -3.01609341e+00  -2.37777354e+00 
  8.32014913e-01  -1.67557507e+00  -2.32513362e+00 
  1.55061790e+00  -1.04731537e+00  -1.37824786e+00 
  5.27426770e-01   1.82169812e+00   1.12357738e+00 
  7.98849914e-01   1.15194545e+00   2.35077759e+00 
  2.09148299e+00   1.44833280e+00   2.87293320e+00 
  2.59470935e+00  -5.90684892e-01   3.78271537e+00 
  1.31057081e+00  -9.36402790e-01   3.51255950e+00 
  4.28119694e-01   9.35976698e-02   3.12178080e+00 
 -5.83969894e-01   1.38572137e+01  -8.54537275e-01 
 -2.35229883e+00   1.09165881e+01  -2.51159726e+00 
 -1.60749857e+00   9.74659400e+00  -5.99951685e+00 
 -1.32280258e+00   6.11073971e+00  -5.54090064e+00 
 -6.17773519e-01   3.80489548e+00  -8.48684559e+00 
  2.18574636e+00   2.47462300e+00  -4.12304594e+00 
  7.26575361e+00   4.13924042e+00  -3.17972568e+00 
  6.67685851e+00   7.64160008e+00  -2.12972970e+00 
  6.28141069e+00   7.91720228e+00   1.65676538e+00 
  9.63999162e+00  -1.30888966e+00   4.17411690e+00 
  3.32027188e+00  -3.23739751e+00   5.42164330e+00 
  4.47893312e-01  -5.18923250e+00   6.62394698e+00 
  1.58546414e+00  -8.01988469e+00   8.68630584e+00 
  8.11063320e+00  -1.26983912e+00   9.30448750e+00 
  4.48678596e+00   5.93754238e+00   9.93585525e+00 
  2.46908441e+00   6.06359572e+00   6.85623365e+00 
 -1.05814005e+00   6.54671784e+00   7.26904693e+00 
 -8.71040539e-01   9.45622491e+00   4.65736371e+00 
  1.38930678e+00   1.11167143e+01   2.34390231e+00 
  1.51184364e+00   9.06002374e+00  -7.53372811e-01 
  3.07921472e+00   9.63613812e+00  -4.09551722e+00 
  3.96862455e+00   6.21677966e+00  -5.40132245e+00 
  5.19062857e+00   5.13852070e+00  -8.84607993e+00 
  7.70419368e+00   9.70708438e+00  -8.70861512e+00 
  4.44436067e+00   9.21570522e+00  -1.06446995e+01 
 -4.87243487e+00  -7.81507106e+00  -1.05152594e+01 
 -3.31985138e+00  -4.36680819e+00  -9.75214510e+00 
 -5.06653998e+00  -1.16981831e+00  -1.07481686e+01 
 -4.65180966e+00   8.24854597e-01  -7.53728300e+00 
 -5.81836631e+00   4.48744771e+00  -7.36597500e+00 
 -6.81652131e+00   1.48265928e+00  -3.13954993e+00 
 -1.19280898e+01  -7.74428398e-01  -2.16256768e+00 
 -1.11520444e+01  -3.88088047e+00  -4.13788559e+00 
 -9.50607915e+00  -6.75335114e+00  -2.30153522e+00 
 -1.10519677e+01  -5.44644439e+00   9.07823222e+00 
 -8.93346273e+00  -3.60002545e+00   6.55121565e+00 
 -2.24847336e+00   1.51569790e-01   6.37594689e+00 
  1.12867085e+00   9.28342448e-01   7.30760460e+00 
  1.82397893e+00  -1.96890523e+00   9.52895112e+00 
 -1.70044628e+00  -2.55527949e+00   1.05956866e+01 
 -4.80182174e+00  -4.51278216e+00   9.67525556e+00 
 -6.04832837e+00  -7.75856500e+00   8.28624120e+00 
 -9.32522423e+00  -9.62642149e+00   8.52665192e+00 
 -3.74697571e+00  -1.04558604e+01   6.23400041e-01 
 -7.37108969e-01  -1.11674372e+01  -1.42663747e+00 
 -2.18348064e+00  -9.27933932e+00  -4.41296128e+00 
 -5.46616475e+00  -8.85138404e+00  -6.13753467e+00 
 -6.25870653e+00  -5.11335395e+00  -5.89993541e+00 
 -8.66689015e+00  -3.20036879e+00  -8.00353530e+00 
 -9.58864383e+00  -1.26757123e-01  -6.05608536e+00 

   4.583688037644e+01 

  7.90384756e-01  -7.90235855e-01   7.76211308e-01 
  5.79358130e-01   5.57435330e-01   4.13148344e-01 
 -9.55798995e-01  -2.89948293e+00   4.33130828e-03 
 -5.22666883e-02  -1.26915136e+00  -3.32466958e-01 
  9.38335668e-01  -3.77022893e+00  -8.81227253e-01 
  3.12854844e-01  -2.23092972e+00  -3.68805480e+00 
  1.91095904e-01  -2.69904046e+00  -2.74025112e-01 
  1.22347593e+00  -1.13416900e+00  -1.07604980e+00 
  5.95696649e-01   2.13872805e+00  -2.08437801e+00 
  3.82315993e-01  -5.05302132e+00  -7.75375269e-01 
 -1.46733872e+00   1.92235366e+00  -1.42746605e+00 
 -1.76524888e+00   3.71766822e+00   1.36673252e+00 
 -1.00304631e+00  -5.03244966e+00  -4.66183269e-02 
 -4.07206208e+00   1.25887149e+00   1.74719266e+00 
 -1.06771730e-01  -5.82298331e+00  -1.94380987e+00 
  8.98032563e-01  -6.20734008e+00   1.61807954e-02 
  2.25793220e+00  -3.17961711e-01  -9.10918070e-01 
  1.59727264e+00   8.48548401e-01  -3.66187061e-01 
  1.40584425e+00  -1.96385021e+00  -2.09700994e+00 
 -1.07687244e-01  -1.97686456e+00  -2.40343581e+00 
 -8.04079543e-01  -7.55284709e-01  -2.04763581e+00 
  2.49043816e-01   2.19894745e-01  -2.39056070e+00 
  5.92891972e-01  -1.95871363e-02  -3.62022186e+00 
 -8.05765743e-01   2.33792554e-01  -4.03317957e+00 
 -1.91949808e+00  -4.38429887e-01  -3.69047188e+00 
 -3.14581585e+00  -1.73089839e-03  -3.49244413e+00 
 -3.39910250e+00   1.32079973e+00  -3.63607752e+00 
 -2.42515661e+00   2.06794325e+00  -4.16969345e+00 
 -1.16573849e+00   1.53626555e+00  -4.10960368e+00 
 -4.41268040e-01   1.49727191e+00  -2.17872061e+00 
 -9.04602452e-01   2.86711927e+00  -4.36204992e-01 
 -2.10525782e+00   3.29293491e+00   1.92427099e-01 
 -2.98862572e+00   3.63813928e+00  -8.16994072e-01 
 -1.88597799e+00   4.18864206e+00  -1.59964548e+00 
 -1.87175388e+00   5.55234622e+00  -1.96671304e+00 
 -1.75156543e+00   5.23269787e+00  -3.32762074e+00 
 -5.68609750e-01   4.62238941e+00  -3.60477311e+00 
  9.27568444e-02   4.09563093e+00  -2.55985722e+00 
 -6.18458010e-01   3.81849968e+00  -1.45306224e+00 
 -6.42981568e-01   6.06307377e-01   8.31393075e-01 
 -2.01789555e+00   2.56697514e-01   7.06311501e-01 
 -2.81975873e+00   7.60554389e-01   1.77143219e+00 
 -4.73425497e+00   1.21742713e+00   6.03305576e-01 
 -4.15069906e+00   5.79356860e-01  -4.42558139e-01 
 -2.96577078e+00  -1.42953813e-01  -1.84634476e-01 
  7.30005170e+00  -2.86384031e+00   9.48405949e+00 
  7.85015806e+00  -2.14694447e+00   5.78223337e+00 
  9.58153463e+00   9.26630209e-01   4.49979983e+00 
  7.30877479e+00   2.02461168e+00   1.82776625e+00 
  8.08454367e+00   5.10209557e+00  -2.74601361e-01 
  2.92797647e+00   4.83182386e+00   1.14263369e+00 
  8.61275652e-01   7.33759139e+00   5.49202240e+00 
  2.06006715e+00   5.13041328e+00   8.21363467e+00 
 -4.90489306e-01   2.41136103e+00   9.03303044e+00 
 -8.41087247e+00   6.24225647e+00   4.00015941e+00 
 -7.59600424e+00   1.57811791e+00  -7.74391157e-01 
 -8.23869297e+00  -5.86927197e-01  -3.67356944e+00 
 -1.16881273e+01  -1.34682650e-01  -4.88057050e+00 
 -1.16060145e+01   1.95660408e+00   4.29237707e+00 
 -6.94952232e+00  -3.36109072e+00   8.23141839e+00 
 -3.69693577e+00  -2.93488080e+00   6.55508541e+00 
 -2.25425643e+00  -5.86798227e+00   5.08510538e+00 
  1.08005878e+00  -5.05870588e+00   6.96884443e+00 
  2.67934209e+00  -2.54780927e+00   9.05596227e+00 
  3.94303240e+00   1.26453597e-01   6.79996267e+00 
  6.07784847e+00   3.13137893e+00   7.40944220e+00 
  4.98427281e+00   5.68496937e+00   4.86557051e+00 
  6.52368986e+00   9.04309506e+00   3.92987577e+00 
  7.60824364e+00   9.27288241e+00   9.02688179e+00 
  1.02248142e+01   8.30276800e+00   6.41369224e+00 
  5.67476888e+00   7.08639383e+00  -1.24193625e+01 
  6.14374651e+00   6.60486321e+00  -8.62048182e+00 
  9.23189644e+00   4.93756561e+00  -7.22508383e+00 
  7.62102263e+00   2.59693464e+00  -4.69783183e+00 
  9.81035389e+00   4.69633209e-01  -2.35554849e+00 
  5.55856532e+00  -1.88924239e+00  -4.41605402e+00 
  5.89577895e+00  -5.41578155e+00  -8.84627226e+00 
  5.51134379e+00  -2.62964052e+00  -1.13450156e+01 
  1.99342287e+00  -1.66040572e+00  -1.23536513e+01 
 -5.28087318e+00  -1.02426952e+01  -9.70299218e+00 
 -3.36728294e+00  -7.76105679e+00  -7.59046848e+00 
 -4.24320792e+00  -4.09162571e+00  -9.14972244e-01 
 -6.01066304e+00  -2.50763292e+00   1.77642078e+00 
 -9.42321611e+00  -2.44835895e+00   3.05778430e-01 
 -9.00596851e+00  -5.43802580e+00  -1.88305072e+00 
 -7.95142074e+00  -6.44909342e+00  -5.37063442e+00 
 -7.97904948e+00  -5.42653751e+00  -8.97228807e+00 
 -7.68055862e+00  -7.31164765e+00  -1.22344977e+01 
 -4.52378069e+00   1.84240901e+00  -1.15245798e+01 
 -4.62232412e+00   5.49470483e+00  -1.08770682e+01 
 -8.10934965e-01   5.70008359e+00  -1.07987476e+01 
  2.11213012e+00   4.28453497e+00  -1.26386014e+01 
  4.12831126e+00   2.35897097e+00  -1.00147415e+01 
  7.69894603e+00   1.32178475e+00  -1.02573775e+01 
  8.15066313e+00  -1.54055086e+00  -7.87154605e+00 

   4.583688067765e+01 

  1.29342128e+00   4.15917708e-01   1.08112674e+00 
  3.47350437e-01   9.03054692e-01   1.53653061e-01 
  6.48132794e-01  -1.46248303e+00   3.11805771e+00 
  4.73885225e-01  -7.74985512e-01   1.36169544e+00 
  2.30387529e+00  -2.66496570e+00   2.14712762e+00 
  1.11658946e-01  -4.05778963e+00   1.74144900e-01 
  1.38392850e+00  -1.55716408e+00   2.17854757e+00 
  1.18969966e+00  -1.28426647e+00   1.67157738e-01 
 -1.24332472e+00  -2.05598746e-01  -2.07773099e+00 
  2.51278958e+00  -3.33328199e+00   3.36188164e+00 
 -2.58453807e+00   1.75586651e-01  -4.07334728e-01 
 -2.76074103e+00   3.48848526e+00  -7.06996268e-02 
  1.62797671e+00  -2.74689277e+00   4.51253480e+00 
 -3.30308167e+00   2.33578827e+00   3.07412808e+00 
  2.10005202e+00  -4.73770806e+00   3.59534812e+00 
  3.75461015e+00  -3.35553697e+00   4.18792513e+00 
  1.68440473e+00  -6.61282709e-01  -8.96202359e-01 
  7.67153570e-01   4.52349375e-01  -1.00776824e+00 
  1.39765580e+00  -2.59495619e+00   1.14029799e-01 
  7.89294302e-02  -2.87113868e+00   8.68715690e-01 
 -9.57147071e-01  -1.87943762e+00   6.52191418e-01 
 -6.94651027e-01  -1.57659216e+00  -7.68044320e-01 
 -7.12587129e-01  -2.71110846e+00  -1.40066883e+00 
 -2.10349118e+00  -2.91718526e+00  -9.38249690e-01 
 -2.56205272e+00  -3.04446694e+00   3.20029128e-01 
 -3.69814810e+00  -2.64503135e+00   8.52473224e-01 
 -4.59258789e+00  -1.99474023e+00   7.08175232e-02 
 -4.34720880e+00  -1.98078171e+00  -1.24491058e+00 
 -3.05186752e+00  -2.22536262e+00  -1.61191551e+00 
 -1.80112594e+00  -6.69333304e-01  -1.09311667e+00 
 -2.25653857e+00   1.53880597e+00  -8.82634925e-01 
 -3.22239425e+00   2.28219193e+00  -1.52883584e-01 
 -4.44144904e+00   1.65138051e+00  -3.38476306e-01 
 -4.08009648e+00   1.35026260e+00  -1.72055330e+00 
 -4.85330822e+00   1.84640697e+00  -2.79323174e+00 
 -5.05696719e+00   5.55676415e-01  -3.30435443e+00 
 -3.89821315e+00  -9.85024036e-03  -3.73578196e+00 
 -2.75842937e+00   5.41098333e-01  -3.28404282e+00 
 -2.82764843e+00   1.27011559e+00  -2.15647510e+00 
 -5.23537717e-01   1.25568072e+00   1.04169528e+00 
 -1.50624958e+00   9.32650406e-01   2.02056297e+00 
 -2.04171633e+00   2.08148065e+00   2.67236196e+00 
 -4.20090990e+00   1.37337003e+00   2.94623684e+00 
 -3.77018801e+00   1.59231604e-01   2.51978697e+00 
 -2.37624516e+00  -3.65259896e-02   2.41526869e+00 
  1.04737601e+01   6.36977352e+00   2.74680908e+00 
  9.33033983e+00   3.78567560e+00   1.90417737e-01 
  8.80762846e+00   4.55589923e+00  -3.44588827e+00 
  5.54423503e+00   2.99427644e+00  -4.09581873e+00 
  3.97321460e+00   3.08800483e+00  -7.56218703e+00 
  4.14227297e-01   4.01587633e+00  -3.67057175e+00 
 -1.01426884e+00   8.98370326e+00  -2.01304245e+00 
  1.93659744e+00   9.92566631e+00   1.69649141e-02 
  1.47055927e+00   8.97503110e+00   3.68425360e+00 
 -8.47116457e+00   7.01340184e+00   3.45603402e+00 
 -7.14868751e+00   4.26743988e-01   3.74131067e+00 
 -7.58808607e+00  -3.19894075e+00   4.15005716e+00 
 -1.09978075e+01  -3.96110607e+00   5.31319194e+00 
 -8.87412525e+00   4.71350461e+00   8.27363315e+00 
 -1.21333228e+00   4.87796278e+00   1.08740946e+01 
  6.45380367e-01   3.80573146e+00   7.87966986e+00 
  2.74163293e+00   9.21265029e-01   8.24123399e+00 
  5.67282817e+00   2.96674479e+00   6.64585894e+00 
  6.44502233e+00   6.14621430e+00   5.06056178e+00 
  5.41230438e+00   5.88651257e+00   1.49627273e+00 
  5.88240058e+00   8.15964228e+00  -1.43124745e+00 
  2.90790818e+00   7.56522914e+00  -3.66445792e+00 
  2.20823516e+00   8.78049912e+00  -7.20788475e+00 
  4.67974950e+00   1.30710749e+01  -5.56738360e+00 
  6.38861433e+00   1.04159235e+01  -7.72291736e+00 
 -3.00360368e+00  -5.65833228e+00  -1.32248453e+01 
 -1.11880952e+00  -2.84509847e+00  -1.13764313e+01 
  2.65185534e+00  -2.64216946e+00  -1.14444491e+01 
  3.33311946e+00  -1.97217196e+00  -7.76375858e+00 
  6.91819889e+00  -1.27916607e+00  -6.55060329e+00 
  3.93879290e+00  -4.38270256e+00  -3.48809775e+00 
  4.43876435e+00  -1.00330990e+01  -3.49895517e+00 
  1.93929176e+00  -1.04462271e+01  -6.28034292e+00 
 -1.71017505e+00  -1.07469320e+01  -5.31938047e+00 
 -2.53274380e+00  -1.36851731e+01   5.82902733e+00 
 -1.48398516e+00  -1.04980517e+01   4.08962985e+00 
 -1.73641418e+00  -2.94649070e+00   5.39518047e+00 
 -3.03116703e+00   1.40753091e-01   6.68708337e+00 
 -6.30869050e+00  -1.06410351e+00   7.95909819e+00 
 -5.25393380e+00  -4.57904555e+00   8.61938028e+00 
 -5.07963052e+00  -7.98891608e+00   6.99458880e+00 
 -6.80445930e+00  -1.03210100e+01   4.62719377e+00 
 -6.74115339e+00  -1.40665482e+01   4.12552407e+00 
 -8.39609909e+00  -8.11710226e+00  -3.36656627e+00 
 -1.00312422e+01  -5.46485681e+00  -5.38155566e+00 
 -7.02634487e+00  -5.23234653e+00  -7.72496372e+00 
 -4.59474568e+00  -7.51446839e+00  -9.40202567e+00 
 -1.15310274e+00  -6.47733586e+00  -8.08411335e+00 
  2.15283790e+00  -7.23250762e+00  -9.62828911e+00 
  4.70581353e+00  -6.95467058e+00  -6.89070080e+00 

   4.583688042136e+01 

