 -2.19210231e-01  -3.40518280e+00   6.09865136e+00 
  4.31736614e+00  -2.33211935e+00   4.29386563e+00 
  2.09030662e+00  -2.89478784e+00   1.40852455e+00 
  1.10273268e+00  -1.46703082e+00  -2.98163611e+00 
  3.44556076e+00  -3.41981639e+00   4.76426198e+00 
  1.31215788e+00   1.14986984e+00   1.27870570e+00 
  1.75111579e+00  -3.19174876e-04   4.50425845e+00 
  3.07634150e+00  -2.31974988e+00   2.26682341e+00 
  2.60287124e+00  -1.79627731e+00   3.47634198e+00 
  2.98990471e+00  -5.11362290e-01   3.88797677e+00 
  3.91295806e+00  -1.62481666e+00   1.68100219e+00 
  1.49881273e+00  -1.95965969e+00   5.33492566e-01 
  2.91852126e+00  -1.23134635e+00  -8.10215221e-01 
  2.08625815e+00  -7.88755325e-01   3.40123640e-02 
 -1.02847563e+00   2.20601459e+00   1.24011952e+00 
  7.79257888e-01  -1.16899443e+00   1.65310131e+00 
 -6.04212725e-01   9.61847113e-01   2.88861987e+00 
  1.65549307e-01  -2.09286078e+00   2.46199967e+00 
  2.83932589e+00  -2.89888491e+00   5.84863768e+00 
 -2.70373686e-01  -2.23953618e+00   3.71504039e+00 
 -2.86002734e-01  -3.24124158e+00   1.77145509e+00 
  1.70717869e-01  -3.36534699e+00   4.40495849e+00 
 -1.01109208e-01  -4.41692244e+00   2.39034084e+00 
  4.95501406e-02  -4.54330625e+00   3.73225399e+00 
  2.27145136e+00   2.33205673e-01   1.04576463e+00 
  1.12915641e+00   1.83870468e+00  -2.91777966e-03 
  2.05805246e+00   1.35657497e+00  -9.27177145e-01 
 -7.88026840e-01   5.06807315e-02   8.14243713e-02 
 -1.28873800e+00  -1.12709002e+00  -2.92711311e-01 
 -6.61993695e-01  -1.81959567e+00  -1.29039278e+00 
  4.11351493e-02  -1.08600428e+00  -2.23848796e+00 
 -5.57156794e-01   1.28938318e-01  -2.34340558e+00 
 -5.65624971e-01   7.17443418e-01  -1.08267065e+00 
  3.28205993e+00   1.74104239e+00  -2.03950327e-01 
  2.20513513e+00   1.51416149e+00  -2.32146772e+00 
  1.10743059e+00  -9.13778974e-01  -4.26359949e+00 
  2.63697853e+00  -1.59371501e+00   5.80281440e+00 
  3.82210190e+00  -1.15745087e+00   5.03498070e+00 
  1.63507064e+00  -8.97252239e-01   5.50749732e+00 
  1.92713589e+00  -5.89845158e+00   3.32970569e+00 
  1.00775023e+00  -5.41622140e+00   4.26085479e+00 
 -3.61756264e-01   9.39611077e-01   1.48080585e+00 
 -1.20334203e+01  -2.86809665e+00  -4.38951566e+00 
 -9.87384944e+00   1.10651688e-01  -3.44432994e+00 
 -1.03032878e+01   2.26752984e+00  -3.50003726e-01 
 -6.93271962e+00   2.49518205e+00   1.09974641e+00 
 -6.22059534e+00   4.58621722e+00   4.22099238e+00 
 -3.75086189e+00  -1.68416077e-01   4.58692977e+00 
 -5.98176631e+00  -4.70544413e+00   6.72625002e+00 
 -8.37538202e+00  -5.64358691e+00   4.09451716e+00 
 -6.85155623e+00  -8.04496746e+00   1.51685332e+00 
  1.80847901e+00  -1.03899765e+01   6.48147413e+00 
  5.53240203e+00  -6.69983555e+00   2.29250349e+00 
  8.14936160e+00  -5.08296310e+00   9.89678789e-02 
  1.13449963e+01  -6.80754503e+00   6.70886020e-01 
  4.09478437e+00  -1.29610897e+01   2.34040466e+00 
  1.66135509e+00  -1.58489288e+01   3.11504389e+00 
 -1.35372785e+00  -1.22030581e+01  -3.56436197e+00 
 -2.33076204e+00  -8.62896788e+00  -3.43777240e+00 
 -1.94856559e+00  -6.58380882e+00  -6.52561205e+00 
 -5.63734227e+00  -5.43033558e+00  -6.13423792e+00 
 -8.54374579e+00  -5.86814598e+00  -3.77795168e+00 
 -8.07170532e+00  -3.42115190e+00  -9.09778698e-01 
 -1.02357913e+01  -2.21060150e+00   1.87460975e+00 
 -7.95981729e+00  -1.17858424e+00   4.70280903e+00 
 -8.61968724e+00   6.57719682e-01   7.99358457e+00 
 -1.00966927e+01  -2.27526461e+00   9.84813651e+00 
 -1.28811054e+01   1.66754622e+00   6.76180743e+00 
  4.11735706e+00   1.12471943e+01   6.80949001e+00 
  1.10378312e+00   8.92963522e+00   6.20269219e+00 
 -1.86870121e+00   1.02228442e+01   4.27438639e+00 
 -2.49082626e+00   7.34487336e+00   1.93081449e+00 
 -5.44471441e+00   7.14424394e+00  -4.59073584e-01 
 -8.19532962e-01   5.24081343e+00  -2.57587871e+00 
  2.40179542e+00   8.29548487e+00  -5.82686265e+00 
  4.23696439e+00   9.97731865e+00  -2.95089801e+00 
  7.30041573e+00   8.20649481e+00  -1.64790028e+00 
  7.70561987e+00   7.73586462e-01  -7.68942234e+00 
  3.42741842e+00  -4.21820394e+00  -4.07753340e+00 
  2.58756823e+00  -7.14510220e+00  -2.05864174e+00 
  5.98869576e+00  -8.67075631e+00  -1.77187784e+00 
  7.52082632e+00  -6.97195529e+00  -4.67943226e+00 
  9.37033035e+00  -3.89386228e+00  -5.84143478e+00 
  1.20123493e+01  -1.41208946e+00  -4.82606731e+00 
  1.41501138e+01   1.00862278e+00  -6.78124367e+00 
  1.43315297e+01   2.84960650e+00   9.77547320e-01 
  1.09447730e+01   3.15857009e+00   2.32058017e+00 
  1.03799417e+01   2.88901920e+00   6.04119611e+00 
  7.60107931e+00   5.52761915e+00   5.96495329e+00 
  6.98473500e+00   8.80712038e+00   4.28361193e+00 
  3.82848128e+00   8.24629469e+00   2.18022965e+00 
  1.67207976e+00   1.10059769e+01   8.20207433e-01 
 -1.16564701e-01   9.56910589e+00  -2.19310049e+00 

   2.907504211415e+01 

  2.56258802e+00   1.96082564e+00  -4.23492776e+00 
  4.97344279e-01  -2.54457310e+00  -4.88568890e+00 
  1.43646329e+00  -2.26805284e+00  -1.32960275e+00 
  1.23818127e-01  -3.40497287e+00   3.06013105e+00 
  1.75864283e+00  -1.78931077e+00  -4.94115848e+00 
 -2.35256480e+00  -8.85572865e-01  -4.84164016e-01 
 -1.22869431e+00   1.69302977e-01  -3.57328460e+00 
  6.90378055e-01  -2.54055400e+00  -2.51668781e+00 
  3.14624908e-01  -1.42284851e+00  -3.27221777e+00 
 -1.01068312e+00  -1.28277773e+00  -3.71290286e+00 
 -1.83345254e-01  -3.40271777e+00  -2.37742306e+00 
  6.23137285e-01  -2.03608209e+00  -2.00633177e-01 
 -4.29085640e-01  -3.76697114e+00   2.97630547e-01 
 -6.59911874e-01  -2.55181688e+00   3.03907005e-02 
 -2.88759808e+00   1.26094877e+00   8.20238544e-01 
  3.66002245e-02  -7.05808603e-01  -7.32291592e-01 
 -1.71448382e+00   1.50344877e+00  -9.14857404e-01 
  1.09301028e+00   3.88310670e-02  -1.19491726e+00 
  1.41017624e+00  -6.25071100e-01  -5.52244688e+00 
  1.36552229e+00   1.01511391e+00  -2.06342142e+00 
  2.29047306e+00  -1.63258995e-01  -4.70584180e-01 
  2.39141625e+00   7.76632684e-01  -2.97372031e+00 
  3.41750331e+00  -2.33538223e-01  -1.19467402e+00 
  3.54808119e+00   3.01636438e-01  -2.43400636e+00 
 -1.66793518e+00  -1.98787516e+00  -8.46067031e-01 
 -3.02366489e+00  -1.25177857e+00   7.67244994e-01 
 -2.77724286e+00  -2.59648169e+00   1.05112142e+00 
 -8.67212731e-01   4.22100700e-02   1.51227462e+00 
  3.78658667e-01   3.72929536e-02   1.98721963e+00 
  8.92735223e-01  -1.13374412e+00   2.46914712e+00 
 -8.75601745e-04  -2.06183871e+00   2.99016856e+00 
 -1.06335412e+00  -1.37529959e+00   3.48498057e+00 
 -1.59960956e+00  -6.07477227e-01   2.45601985e+00 
 -3.39192372e+00  -3.17447806e+00  -1.55995768e-01 
 -3.00299266e+00  -3.40127557e+00   2.18769701e+00 
 -4.54752218e-01  -3.95512560e+00   4.20562307e+00 
  1.77114437e-01  -2.21750735e-01  -5.27057371e+00 
 -5.23160456e-01  -1.51966555e+00  -5.17296352e+00 
 -2.98629117e-01   6.02476199e-01  -4.45178661e+00 
  4.46050872e+00  -1.74223497e+00  -3.15102217e+00 
  4.21234020e+00  -4.01912042e-01  -3.44558672e+00 
 -1.78541545e+00   5.76428254e-01   1.69981360e-01 
  4.24447537e+00   6.58605216e+00   1.07867938e+01 
  9.03484433e-01   5.85088709e+00   9.13532275e+00 
 -1.02165820e+00   8.21789505e+00   6.87645603e+00 
 -1.91848129e+00   6.18484243e+00   3.94785184e+00 
 -4.02130789e+00   7.59776849e+00   1.08364299e+00 
  1.08021526e-01   4.78076086e+00  -8.79236540e-01 
  5.07606696e+00   6.84522302e+00  -1.97251777e+00 
  6.42469530e+00   7.31654997e+00   1.41785587e+00 
  8.37096990e+00   4.25002319e+00   2.65948162e+00 
  8.96447549e+00  -9.17922821e-01  -6.17704250e+00 
  4.44636783e+00  -5.44626508e+00  -4.14886533e+00 
  2.24681295e+00  -8.43761873e+00  -3.45033526e+00 
  3.26820766e+00  -1.11585064e+01  -5.70133577e+00 
  1.08688024e+01  -5.45505018e+00  -3.99202616e+00 
  1.42294055e+01  -3.59361139e+00  -3.67165365e+00 
  1.11150083e+01  -3.76721088e+00   3.89584721e+00 
  7.83566590e+00  -2.17987678e+00   4.58216029e+00 
  5.66694180e+00  -3.67473579e+00   7.21378535e+00 
  5.33618832e+00  -1.61558890e-01   8.83825589e+00 
  6.45044360e+00   3.38783688e+00   8.24562048e+00 
  4.04364414e+00   4.94244666e+00   5.75013652e+00 
  3.40260529e+00   8.41513777e+00   4.55385755e+00 
  1.99305429e+00   8.16116062e+00   1.06209006e+00 
  4.35727068e-01   1.07580712e+01  -1.27615677e+00 
  3.66843222e+00   1.23629373e+01  -2.37032572e+00 
  3.19668265e-01   1.38919515e+01   2.01966114e+00 
 -1.26499481e+01   1.58873806e+00  -5.79976115e+00 
 -9.76323245e+00   3.34180848e+00  -3.95184613e+00 
 -1.04504012e+01   5.09741547e+00  -6.85028217e-01 
 -7.57548772e+00   3.85152796e+00   1.39938682e+00 
 -6.82103264e+00   5.06073629e+00   4.92723575e+00 
 -6.00707384e+00  -2.65926716e-01   4.24850896e+00 
 -9.77027537e+00  -4.01969548e+00   5.67135562e+00 
 -1.17193724e+01  -3.75228701e+00   2.41603989e+00 
 -1.06032978e+01  -5.99792037e+00  -3.99962681e-01 
 -3.60571879e+00  -1.08927878e+01   3.95741475e+00 
  2.28460848e+00  -6.45285436e+00   2.59501700e+00 
  5.38070736e+00  -5.29571666e+00   1.03837223e+00 
  6.15596133e+00  -8.29503390e+00  -1.05469129e+00 
  4.08626265e+00  -1.07279059e+01   8.11946251e-01 
  6.52743782e-01  -1.22615294e+01   1.13545114e+00 
 -2.30346599e+00  -1.34624486e+01  -8.61796801e-01 
 -5.17931157e+00  -1.57724512e+01  -5.79274162e-02 
 -6.79003084e+00  -1.15938704e+01  -6.65839912e+00 
 -6.33238243e+00  -8.01341142e+00  -6.07523708e+00 
 -5.84058783e+00  -5.69185766e+00  -9.00836854e+00 
 -7.82898933e+00  -2.88570328e+00  -7.31663633e+00 
 -1.09499722e+01  -2.58263660e+00  -5.28450120e+00 
 -9.79234465e+00  -1.12874876e+00  -1.93085458e+00 
 -1.20688226e+01   5.24233940e-01   5.59336245e-01 
 -1.03728574e+01   1.96035505e-01   3.92980253e+00 

   2.907504263743e+01 

  2.00536525e+00   2.14061100e+00  -4.10026799e+00 
  3.31712809e+00   3.45359972e+00   5.41345808e-01 
  2.09714973e+00  -2.38454234e-02   6.84955932e-01 
 -3.20949941e-01  -3.11106450e+00   3.31348601e+00 
  3.80891843e+00   2.88482112e+00  -7.23183892e-01 
 -1.67180199e+00   1.38362231e+00   1.57695693e+00 
  3.10627043e-02   3.46828198e+00  -5.85044737e-01 
  2.30229386e+00   1.35389134e+00   1.00018575e+00 
  1.80737601e+00   2.27406424e+00   6.77303358e-02 
  1.02988464e+00   3.36179470e+00   4.95039017e-01 
  2.09532181e+00   1.63757854e+00   2.18455457e+00 
  8.64829678e-01  -5.25707408e-01   1.15349808e+00 
  8.27892741e-01  -5.14461661e-01   3.23918066e+00 
  1.44390587e-01  -7.56544778e-02   2.26885003e+00 
 -3.82655486e+00   7.28457025e-01   3.42738593e-01 
  1.32477343e-03   3.33879060e-01   1.98561031e-01 
 -2.30773968e+00   1.58486920e+00  -8.42700046e-01 
  5.54154121e-01   2.16909593e-01  -1.05251097e+00 
  3.22333295e+00   3.64705936e+00  -1.66702877e+00 
  6.37223997e-01   8.76747877e-01  -2.20982086e+00 
  1.13940791e+00  -1.04655252e+00  -1.29882691e+00 
  1.91413107e+00   1.08024519e+00  -2.72566780e+00 
  2.30565182e+00  -1.04138421e+00  -1.96160810e+00 
  2.70736728e+00  -2.60752600e-02  -2.76608027e+00 
 -4.31234454e-01   1.24204403e+00   2.08265112e+00 
 -2.54352678e+00   6.58713073e-01   2.50708793e+00 
 -1.78750894e+00   1.87886467e-01   3.58240724e+00 
 -2.11062738e+00  -1.02154246e+00   5.40092191e-01 
 -1.47733914e+00  -2.08579555e+00   4.59802324e-02 
 -7.25681138e-01  -2.85307128e+00   8.90988019e-01 
 -1.09562963e+00  -2.88563667e+00   2.23020798e+00 
 -2.43786234e+00  -2.68591250e+00   2.28995429e+00 
 -2.72347125e+00  -1.47561680e+00   1.66587831e+00 
 -1.31727489e+00   1.48986385e+00   4.08520070e+00 
 -2.06030488e+00  -7.10096645e-01   4.63584049e+00 
 -9.78632938e-01  -3.80959453e+00   4.32790642e+00 
  2.03318265e+00   4.12154527e+00  -1.34311799e+00 
  2.20019718e+00   4.31554930e+00   1.12519694e-01 
  8.65348668e-01   3.74622268e+00  -1.61030544e+00 
  4.78345732e+00  -5.97607626e-02  -1.66494100e+00 
  4.03366830e+00   4.20791316e-01  -2.73813286e+00 
 -2.38280444e+00   6.38884533e-01   2.25334793e-01 
 -6.58574892e+00  -1.10756821e+01  -5.27841507e+00 
 -7.69873563e+00  -7.95892850e+00  -3.41369746e+00 
 -9.20859707e+00  -4.85289534e+00  -4.98985506e+00 
 -7.31807350e+00  -2.05756880e+00  -3.53163647e+00 
 -8.14473989e+00   1.58236067e+00  -4.36185544e+00 
 -2.82889083e+00   8.28598386e-01  -4.47857708e+00 
  2.02258651e-02  -7.41366490e-01  -8.90079337e+00 
 -9.41784088e-01  -4.28294817e+00  -9.16014479e+00 
  1.45083089e+00  -6.59470603e+00  -7.24593602e+00 
  8.91380823e+00   1.54587906e-01  -5.27268012e+00 
  7.24838168e+00   5.13195206e-01   1.21808084e+00 
  7.00042412e+00   8.72722013e-01   4.97089418e+00 
  1.02578010e+01   2.02389275e+00   6.22694134e+00 
  1.16121442e+01  -3.03977645e+00  -1.88132494e+00 
  1.27766959e+01  -4.96068039e+00  -5.01424791e+00 
  7.05944812e+00  -9.69565130e+00  -1.56595922e+00 
  3.60932747e+00  -8.40974070e+00  -1.13254972e+00 
  1.64288631e+00  -9.58503303e+00   1.80263358e+00 
 -1.26063446e+00  -1.05168227e+01  -6.04040974e-01 
 -2.11342590e+00  -1.03461156e+01  -4.26935817e+00 
 -3.40450357e+00  -6.84459341e+00  -4.98313629e+00 
 -5.13622095e+00  -5.23592556e+00  -7.86668676e+00 
 -4.28416173e+00  -1.56019924e+00  -7.78387696e+00 
 -5.62528598e+00   1.43401163e+00  -9.75180270e+00 
 -3.72680833e+00   7.54644423e-01  -1.29388936e+01 
 -8.98483206e+00  -1.04952168e+00  -1.15524199e+01 
 -7.54228761e+00   1.15332995e+01   3.29046866e+00 
 -7.38546886e+00   8.56861123e+00   8.39561684e-01 
 -1.03841611e+01   6.31094032e+00   4.69181859e-01 
 -8.73700332e+00   2.92976207e+00   5.97983940e-01 
 -1.05726103e+01  -3.56399212e-01   4.21387345e-02 
 -6.81760234e+00  -6.14317866e-01   3.95744358e+00 
 -8.08554376e+00  -8.95769929e-02   9.28603050e+00 
 -8.00082297e+00   3.71294225e+00   9.25065535e+00 
 -4.66043252e+00   5.32557712e+00   9.92856028e+00 
  6.96635375e-01  -2.43924647e+00   1.16378434e+01 
  3.03520111e+00  -4.09663790e+00   4.70596938e+00 
  5.30378741e+00  -4.34665141e+00   1.85307317e+00 
  8.46445511e+00  -3.21819547e+00   3.50058411e+00 
  7.44082458e+00  -3.87114521e+00   6.99530278e+00 
  5.73822037e+00  -2.42971593e+00   1.00398049e+01 
  5.30875896e+00   7.39048417e-01   1.20259888e+01 
  4.17653931e+00   1.42080691e+00   1.55623546e+01 
  4.00936756e+00   8.15482152e+00   1.12908128e+01 
  2.11760429e+00   7.68610655e+00   8.19713315e+00 
  2.62722451e+00   1.00701634e+01   5.31768230e+00 
 -1.07322661e+00   9.91168125e+00   4.33196124e+00 
 -4.37423423e+00   9.88290881e+00   6.08251517e+00 
 -5.97873927e+00   6.54718500e+00   5.08291994e+00 
 -9.64407902e+00   5.78298944e+00   5.39415159e+00 
 -9.92659606e+00   2.01367840e+00   5.63153771e+00 

   2.907504211467e+01 

  3.46552626e+00  -3.24152407e+00  -3.83154257e-01 
 -1.38520541e+00  -4.09614887e+00  -1.23600546e+00 
 -6.61846388e-01  -6.55211784e-01  -2.34994510e+00 
 -2.41550848e+00   3.72080360e+00  -2.59600270e+00 
 -3.31878623e-02  -4.21645030e+00  -1.80341024e+00 
 -1.77564771e+00   7.32916352e-01   1.36694864e+00 
 -2.17841032e-01  -2.34380059e+00   1.52683245e+00 
 -1.30288786e+00  -1.77374439e+00  -1.73511019e+00 
 -6.06981674e-01  -2.37092125e+00  -6.76632072e-01 
 -1.26417765e+00  -2.64721392e+00   5.32508284e-01 
 -2.51547430e+00  -1.62364993e+00  -1.55284856e+00 
 -9.67042119e-01   5.73654505e-01  -1.72815336e+00 
 -2.99310076e+00   1.01397699e+00  -1.95754284e+00 
 -2.14032564e+00   8.93307143e-01  -1.03044457e+00 
 -3.69457832e-01   2.29095786e+00   2.84695496e+00 
 -2.25759903e-01   2.41819399e-01  -4.10314242e-01 
  5.39713159e-01   4.69087384e-01   2.29945408e+00 
  1.00339446e+00  -2.59682584e-01  -7.59868757e-01 
  7.13898894e-01  -4.63975518e+00  -7.65405626e-01 
  1.96643950e+00  -1.05377196e+00  -2.86945156e-01 
  1.53131905e+00   3.05224569e-01  -1.94375703e+00 
  2.38783664e+00  -2.09038928e+00  -1.11509052e+00 
  2.14556966e+00  -5.41978263e-01  -2.78303408e+00 
  2.67345096e+00  -1.73015846e+00  -2.39705955e+00 
 -2.26190232e+00   1.92272271e-01   2.32919407e-01 
 -2.48373576e+00   2.00902013e+00   1.51074342e+00 
 -3.43253937e+00   2.13182210e+00   4.93773660e-01 
 -1.82077618e-01   2.63434991e+00   4.19370731e-01 
  5.37525317e-01   2.96643147e+00  -6.52863345e-01 
 -1.16543837e-01   3.27255173e+00  -1.81318248e+00 
 -1.39968922e+00   3.79603216e+00  -1.70892630e+00 
 -1.47363324e+00   4.46930354e+00  -5.31525147e-01 
 -1.15128819e+00   3.58529769e+00   4.93417991e-01 
 -4.24369939e+00   9.49274608e-01   8.29400091e-01 
 -4.23312529e+00   3.20260824e+00   4.32856173e-02 
 -3.21681763e+00   4.86404949e+00  -2.61736025e+00 
  3.14041135e-01  -4.21555433e+00   4.20645098e-01 
 -1.14920821e+00  -4.16816869e+00   2.17786370e-01 
  6.90945735e-01  -3.27305404e+00   1.15938076e+00 
  1.56320574e+00  -2.73877132e+00  -4.20650750e+00 
  2.50759164e+00  -2.87237919e+00  -3.18910606e+00 
 -2.68363146e-01   1.45975247e+00   1.66159141e+00 
  7.98165139e+00   1.18818874e+01  -1.25529686e+00 
  5.45121617e+00   1.05448090e+01   1.24253493e+00 
  6.27231313e+00   8.75284547e+00   4.48692182e+00 
  4.14195414e+00   5.75699431e+00   4.45929339e+00 
  4.09480421e+00   3.29299426e+00   7.38306026e+00 
  4.26226037e+00   6.22487007e-01   2.72686667e+00 
  8.86282586e+00  -8.05243357e-01   9.34038546e-02 
  9.98644631e+00   2.44563098e+00  -1.21230440e+00 
  8.62578582e+00   3.16100416e+00  -4.72941259e+00 
  4.91501951e+00  -6.14781218e+00  -6.90202091e+00 
 -1.43092188e+00  -4.08465047e+00  -6.19133472e+00 
 -5.15347239e+00  -3.44251509e+00  -6.25813599e+00 
 -6.72611859e+00  -6.04633578e+00  -8.32220533e+00 
  2.32502068e+00  -4.63777283e+00  -1.13739299e+01 
  5.79838264e+00  -4.50990359e+00  -1.30414587e+01 
  3.72291818e+00   3.30156392e+00  -1.17491363e+01 
  3.07615306e+00   4.49608877e+00  -8.29956423e+00 
  5.55981560e-01   7.19255097e+00  -7.80839692e+00 
  3.18429592e+00   9.17766973e+00  -5.74878983e+00 
  6.72104217e+00   8.81412180e+00  -4.50369917e+00 
  6.60513299e+00   6.76211070e+00  -1.30795969e+00 
  9.05935490e+00   5.98734855e+00   1.38984241e+00 
  8.07752665e+00   2.66404151e+00   2.88497531e+00 
  9.30162511e+00   7.75417872e-01   5.97872622e+00 
  1.25125504e+01  -5.06772376e-01   4.47236300e+00 
  1.17245215e+01   4.35317826e+00   7.40220590e+00 
 -5.73206663e+00  -3.14997563e+00   1.18399515e+01 
 -2.64630346e+00  -1.46950053e+00   1.02666614e+01 
 -1.67419620e+00   2.00836397e+00   1.13556619e+01 
 -1.02786459e+00   3.63225024e+00   8.02288557e+00 
  3.43099179e-01   7.15635384e+00   7.60068017e+00 
 -3.48443471e+00   5.87702019e+00   3.96614753e+00 
 -8.75168561e+00   7.33364694e+00   4.60744705e+00 
 -9.63092712e+00   4.35438729e+00   6.80255830e+00 
 -1.07549816e+01   1.22751732e+00   5.01999060e+00 
 -1.06799724e+01   4.29051676e+00  -4.06433572e+00 
 -3.61072776e+00   2.72615762e+00  -6.02485932e+00 
 -8.35885398e-01   9.57993055e-01  -7.61287148e+00 
 -2.78063524e+00  -1.48958758e+00  -9.66351398e+00 
 -5.99151155e+00   3.48011558e-01  -9.68240697e+00 
 -9.25136769e+00   8.96957966e-01  -7.86095038e+00 
 -1.19284900e+01  -8.69845596e-01  -5.89072098e+00 
 -1.54971666e+01   1.72761711e-02  -5.03610531e+00 
 -1.29618760e+01  -5.92749838e+00  -3.61371216e-01 
 -9.80185076e+00  -5.05267223e+00   1.25669113e+00 
 -7.59087171e+00  -7.78221662e+00   2.63360537e+00 
 -6.50804103e+00  -5.61678229e+00   5.60489677e+00 
 -8.12157662e+00  -3.23346142e+00   7.98780279e+00 
 -6.31354804e+00   9.77329728e-02   7.40899925e+00 
 -6.34515608e+00   2.97247351e+00   9.82780512e+00 
 -5.66521642e+00   6.08759928e+00   7.78385590e+00 

   2.907504263770e+01 

  2.20736021e+00  -1.58635225e+00  -5.22557124e+00 
  3.07736897e+00  -4.70058903e+00  -1.41324208e+00 
  2.65180739e+00  -1.32145571e+00   1.66136056e-03 
  9.08168265e-01   1.08466578e+00   3.67012150e+00 
  3.71486754e+00  -3.84289723e+00  -2.42436153e+00 
 -1.35647763e+00  -2.10556001e+00   5.49803801e-01 
 -1.00862251e-01  -3.60897475e+00  -2.29325426e+00 
  2.53961509e+00  -2.73145301e+00  -1.95653426e-01 
  1.87788888e+00  -3.13418574e+00  -1.36229811e+00 
  8.68769437e-01  -4.10786113e+00  -1.30003099e+00 
  2.24480050e+00  -3.36262753e+00   8.24517360e-01 
  1.54905414e+00  -7.64032457e-01   6.82267322e-01 
  1.45702791e+00  -1.50138704e+00   2.63147280e+00 
  7.18659785e-01  -1.41176173e+00   1.60773052e+00 
 -3.28105681e+00  -6.09664435e-01  -2.58767642e-01 
  5.41907801e-01  -1.02425156e+00  -4.64195345e-01 
 -1.95883440e+00  -1.29904147e+00  -1.74940287e+00 
  1.13884312e+00  -5.95914684e-01  -1.62379830e+00 
  2.99989505e+00  -4.07825052e+00  -3.54158299e+00 
  1.10388889e+00  -8.06845915e-01  -2.94134889e+00 
  1.99467682e+00   5.15429079e-01  -1.44493021e+00 
  2.31718831e+00  -1.08548438e+00  -3.56445893e+00 
  3.14762963e+00   4.93036151e-01  -2.13022490e+00 
  3.33583247e+00  -2.34627955e-01  -3.25915702e+00 
 -1.28657044e-01  -2.42213875e+00   1.00479100e+00 
 -2.07026439e+00  -1.58538197e+00   1.72047217e+00 
 -1.25682054e+00  -1.69847324e+00   2.84966293e+00 
 -1.22681169e+00   5.44790464e-01   4.43489161e-01 
 -3.61757411e-01   1.55169861e+00   3.18379356e-01 
  5.18783771e-01   1.79069193e+00   1.33586121e+00 
  1.30901868e-01   1.42806636e+00   2.62018317e+00 
 -1.22338920e+00   1.51431422e+00   2.67938715e+00 
 -1.75299536e+00   6.93586705e-01   1.68853779e+00 
 -1.09864244e+00  -3.16269642e+00   2.83983589e+00 
 -1.35161518e+00  -1.19317687e+00   4.16351317e+00 
  3.95085165e-01   1.50499693e+00   4.89878230e+00 
  1.72645388e+00  -4.36809547e+00  -3.33946831e+00 
  1.80910868e+00  -5.09377883e+00  -2.05456973e+00 
  6.77525506e-01  -3.68050676e+00  -3.39481646e+00 
  5.33918557e+00  -1.03933969e+00  -2.33028263e+00 
  4.52961344e+00  -9.37197160e-01  -3.46121787e+00 
 -1.85062109e+00  -7.97778979e-01  -4.15893989e-01 
 -3.22138757e+00   1.27159031e+01  -1.24563798e+00 
 -5.04238462e+00   9.46009356e+00  -5.28882352e-01 
 -7.15965393e+00   7.51224762e+00  -3.00566722e+00 
 -5.97085739e+00   4.04530016e+00  -2.72041387e+00 
 -7.55900972e+00   1.20114210e+00  -4.72297835e+00 
 -2.20670087e+00   7.83393572e-01  -4.85828884e+00 
  1.03122338e+00   3.15784560e+00  -8.60209398e+00 
  8.81679465e-01   6.68182529e+00  -7.55580007e+00 
  3.67562814e+00   7.59699148e+00  -5.08813968e+00 
  9.41154107e+00  -8.52956322e-01  -6.00488571e+00 
  7.54200949e+00  -3.10829512e+00   3.25410154e-02 
  7.12457270e+00  -4.70492039e+00   3.43120025e+00 
  1.00141590e+01  -6.89778669e+00   4.02700286e+00 
  1.26604776e+01   2.79525475e-01  -1.86385117e+00 
  1.43003324e+01   2.88213202e+00  -4.18733442e+00 
  9.68271654e+00   7.21076359e+00   1.00286208e+00 
  6.02389262e+00   6.63029130e+00   1.14709047e+00 
  4.29071673e+00   7.08984057e+00   4.41028213e+00 
  1.72724495e+00   9.41220043e+00   2.64223113e+00 
  9.52168668e-01   1.07322705e+01  -7.99805483e-01 
 -1.06121975e+00   8.07318166e+00  -2.61984183e+00 
 -3.03071976e+00   7.99755370e+00  -5.78478589e+00 
 -3.01345685e+00   4.43731843e+00  -7.03708502e+00 
 -4.93146988e+00   2.69302660e+00  -9.85050230e+00 
 -2.84870223e+00   4.02593261e+00  -1.26980883e+01 
 -7.61259332e+00   6.31320947e+00  -1.04849809e+01 
 -9.36455617e+00  -1.06878992e+01  -1.07155452e+00 
 -8.49434022e+00  -7.15796772e+00  -2.33773846e+00 
 -1.09101968e+01  -4.32529344e+00  -1.73275263e+00 
 -8.56118220e+00  -1.64635396e+00  -5.21348947e-01 
 -9.61125032e+00   1.93773285e+00   2.05941592e-01 
 -5.99369050e+00  -1.63199847e-02   3.75434367e+00 
 -7.48251937e+00  -2.09900363e+00   8.62493749e+00 
 -8.23836272e+00  -5.56772797e+00   7.25956802e+00 
 -5.35486190e+00  -7.99497491e+00   7.14888810e+00 
  1.53836450e+00  -2.68021176e+00   1.11674741e+01 
  4.36221410e+00   7.68356606e-01   5.13423590e+00 
  6.70248486e+00   1.51272724e+00   2.42923080e+00 
  9.49274696e+00  -7.76582476e-01   3.40443540e+00 
  8.54914665e+00  -1.19306383e+00   6.95737548e+00 
  6.49279974e+00  -3.21192523e+00   9.39483498e+00 
  5.32363880e+00  -6.70517974e+00   1.01698618e+01 
  3.97847724e+00  -8.32845604e+00   1.33016526e+01 
  2.43867685e+00  -1.29196277e+01   6.96358299e+00 
  7.77079497e-01  -1.09948517e+01   4.33610371e+00 
  8.21612611e-01  -1.22609785e+01   7.82286511e-01 
 -2.72602970e+00  -1.09719592e+01   1.16880984e-01 
 -5.98307636e+00  -1.08514928e+01   1.94418862e+00 
 -6.78549166e+00  -7.11566815e+00   2.26108626e+00 
 -1.01984849e+01  -5.73968711e+00   3.01853533e+00 
 -9.64800706e+00  -2.32978496e+00   4.57205242e+00 

   2.907504211470e+01 

 -2.32553670e+00  -3.84810836e+00   5.51564096e+00 
 -4.29569888e+00   6.40571444e-01   4.53612337e+00 
 -1.00938261e+00   4.93923772e-01   2.86872597e+00 
  1.36868088e+00   1.80323697e+00  -9.93632331e-01 
 -3.48003412e+00  -1.22790732e-01   5.49339626e+00 
 -2.86158922e+00  -8.35471414e-01  -5.64008639e-01 
 -4.39543051e+00  -2.01277237e+00   2.29625344e+00 
 -2.39838279e+00   7.25199668e-01   3.10705818e+00 
 -3.18442390e+00  -4.18347357e-01   3.29566962e+00 
 -4.39082781e+00  -5.68157333e-01   2.59396467e+00 
 -2.89644031e+00   1.59667624e+00   2.38697991e+00 
 -7.00711404e-01   3.09316059e-01   1.50466876e+00 
 -1.07073534e+00   2.06335590e+00   4.37902971e-01 
 -1.39367794e+00   8.40220899e-01   4.07614757e-01 
 -2.18978791e+00  -2.92812812e+00  -1.89252933e+00 
 -1.45456524e+00  -1.03705300e+00   1.38045459e+00 
 -2.70001194e+00  -3.24240898e+00   1.28956509e-01 
 -1.07958789e+00  -1.80427576e+00   2.45527763e+00 
 -4.11674264e+00  -1.30640818e+00   5.58511690e+00 
 -1.52287988e+00  -2.81425987e+00   3.20699413e+00 
  2.52217869e-01  -1.58138800e+00   2.87497330e+00 
 -1.52680650e+00  -2.61602865e+00   4.58492359e+00 
  4.58717855e-01  -1.54465613e+00   4.19990311e+00 
 -3.66836318e-01  -2.12705613e+00   5.10470888e+00 
 -2.70411823e+00   2.48751368e-01   2.19855289e-01 
 -2.38225581e+00  -4.18478137e-01  -1.88571108e+00 
 -2.03966884e+00   9.34657042e-01  -1.85090242e+00 
 -3.60558637e-01  -1.69471177e+00  -8.06961220e-01 
  8.22017391e-01  -1.67848207e+00  -1.91261975e-01 
  1.49455987e+00  -4.92828218e-01  -9.30194299e-02 
  1.26678668e+00   4.59115049e-01  -1.07960734e+00 
  9.47170783e-01  -2.02517506e-01  -2.22203278e+00 
 -1.58627763e-01  -1.00588772e+00  -1.96190731e+00 
 -3.36391123e+00   1.46995770e+00  -1.49187356e+00 
 -1.36088597e+00   1.78314246e+00  -2.75081311e+00 
  1.82581169e+00   2.39951912e+00  -2.17050060e+00 
 -4.73832430e+00  -1.69338085e+00   4.48493454e+00 
 -5.16304069e+00  -3.89107178e-01   3.93457224e+00 
 -4.42290050e+00  -2.48371901e+00   3.56191464e+00 
 -3.46321927e-01  -1.16844374e-01   6.32225564e+00 
 -6.98293583e-01  -1.46596614e+00   6.29325485e+00 
 -1.95989833e+00  -2.27462354e+00  -6.17262800e-01 
  1.01245481e+01  -7.91011259e+00  -3.33654450e+00 
  6.65264331e+00  -7.22009592e+00  -4.71488363e+00 
  3.74483827e+00  -9.66058941e+00  -4.72247693e+00 
  9.11483897e-01  -7.73509833e+00  -3.38871594e+00 
 -2.59003165e+00  -9.24418747e+00  -3.09929245e+00 
 -1.38122058e+00  -6.52568036e+00   1.37156065e+00 
  1.15516660e+00  -8.65661649e+00   5.74924307e+00 
  4.59498615e+00  -9.00645884e+00   4.49195279e+00 
  6.73991112e+00  -5.90564194e+00   5.21115876e+00 
  4.07616093e-01  -1.07927847e+00   1.16726596e+01 
 -1.19254692e+00   3.54678211e+00   7.08231499e+00 
 -2.20675285e+00   6.57419981e+00   5.06229543e+00 
 -3.27609696e+00   9.20237253e+00   7.39950836e+00 
  3.19278885e+00   3.52704119e+00   1.17770767e+01 
  5.71145404e+00   1.66098260e+00   1.40210486e+01 
  9.28865365e+00   2.13783593e+00   6.67436090e+00 
  7.66095190e+00   5.95235315e-01   3.72212232e+00 
  8.14787627e+00   2.20028572e+00   3.97934938e-01 
  9.22805742e+00  -1.24703089e+00  -1.03033821e+00 
  9.61384081e+00  -4.82222701e+00   9.21982567e-02 
  6.18911452e+00  -6.45729213e+00  -9.44311309e-02 
  4.95562454e+00  -9.96930139e+00   1.19610809e-01 
  1.40495044e+00  -9.84019289e+00   1.39235237e+00 
 -1.31198321e+00  -1.25154126e+01   1.70558688e+00 
  5.90735410e-02  -1.41778019e+01   4.80073961e+00 
  1.14964351e+00  -1.55215793e+01  -6.60858839e-01 
 -1.36137594e+01  -3.45408328e+00  -4.80056149e+00 
 -1.02718694e+01  -5.15130478e+00  -3.92185583e+00 
 -8.24553119e+00  -6.77819867e+00  -6.65564153e+00 
 -4.80906712e+00  -5.46969322e+00  -5.85525839e+00 
 -1.64318257e+00  -6.54844489e+00  -7.66929879e+00 
 -1.74091305e+00  -1.25576749e+00  -6.45511885e+00 
 -3.27231086e+00   2.56932486e+00  -1.01020843e+01 
 -6.99209500e+00   2.18928717e+00  -9.40468983e+00 
 -8.40880886e+00   4.32066539e+00  -6.63548356e+00 
 -6.25239329e-01   9.33949115e+00  -4.15763295e+00 
  2.38206417e+00   4.81956113e+00   1.01856964e+00 
  3.30585397e+00   3.58777285e+00   4.33177309e+00 
  2.18384967e+00   6.50146215e+00   6.38823755e+00 
  2.14213484e+00   9.01434927e+00   3.67330115e+00 
  6.38236631e-02   1.05775112e+01   9.37845037e-01 
 -3.42214230e+00   1.17177598e+01   9.03161157e-02 
 -4.79043098e+00   1.40719491e+01  -2.52467494e+00 
 -1.06865824e+01   9.65503171e+00   5.32645425e-01 
 -9.85834603e+00   6.09681913e+00   3.82767066e-01 
 -1.16644642e+01   3.66321438e+00   2.63002802e+00 
 -1.16531943e+01   9.33886324e-01  -6.08346904e-02 
 -1.22023996e+01   7.24688601e-01  -3.75089269e+00 
 -8.89262885e+00  -6.07311121e-01  -5.15512725e+00 
 -8.50504782e+00  -2.15255655e+00  -8.55771051e+00 
 -4.86903594e+00  -1.70605405e+00  -9.51892153e+00 

   2.907504211460e+01 

  5.20005257e+00  -3.22570432e+00   6.26407664e-01 
  1.79302879e+00  -2.62160626e+00   4.23424561e+00 
  2.08639843e+00   5.92091373e-01   2.44883939e+00 
 -3.45463327e-01   4.33241731e+00   9.05042386e-01 
  3.22952979e+00  -2.55272738e+00   3.92420887e+00 
 -1.02222840e+00  -5.41156284e-01  -7.54340974e-03 
  9.65034378e-01  -3.21031419e+00   9.12341735e-01 
  1.52790614e+00  -5.52729281e-01   3.09465994e+00 
  1.73474148e+00  -1.77891221e+00   2.45058762e+00 
  6.59548107e-01  -2.65757680e+00   2.24528033e+00 
  3.90288338e-01  -3.75591605e-01   3.54242489e+00 
  1.21862984e+00   1.17785176e+00   1.50339110e+00 
 -4.66161090e-01   1.95597175e+00   2.45605660e+00 
 -1.83015178e-01   1.15187434e+00   1.52089657e+00 
 -9.70090434e-01  -5.00453768e-01  -2.57486132e+00 
  1.26855925e+00  -1.74900590e-02   5.20996377e-01 
  5.12296327e-01  -1.67260948e+00  -1.63993542e+00 
  2.59029914e+00  -3.58386560e-01   3.75131339e-01 
  3.44549411e+00  -3.64133268e+00   3.16062612e+00 
  3.35742694e+00  -1.40301684e+00   5.58886047e-02 
  3.47347112e+00   7.42605627e-01   4.60883497e-01 
  4.37606279e+00  -1.72889173e+00   9.47060358e-01 
  4.61093689e+00   5.39391486e-01   1.14228363e+00 
  5.15678563e+00  -6.85752956e-01   1.34346293e+00 
 -7.32804010e-01  -1.62679383e-01   1.25252308e+00 
 -2.00181517e+00   4.41939411e-01  -4.81330173e-01 
 -2.32100412e+00   1.31868485e+00   5.57413372e-01 
  2.98215183e-01   1.26941758e+00  -1.43257849e+00 
  1.34404499e+00   2.09455943e+00  -1.37586982e+00 
  1.29534527e+00   3.15787520e+00  -5.18707057e-01 
  4.41655493e-02   3.67864873e+00  -2.10849165e-01 
 -7.66606636e-01   3.45605687e+00  -1.27768987e+00 
 -7.83218989e-01   2.08798296e+00  -1.53058779e+00 
 -2.86730853e+00   3.26923697e-01   1.49923488e+00 
 -3.03304021e+00   2.53552226e+00   6.10556686e-01 
 -1.28804878e+00   5.33272903e+00   6.59178588e-01 
  2.42115872e+00  -4.01095175e+00   2.41187279e+00 
  1.29025451e+00  -3.63125398e+00   3.28439657e+00 
  2.13536992e+00  -3.81798547e+00   1.20473523e+00 
  5.37685949e+00  -1.43685906e-01   3.61975884e+00 
  5.69468788e+00  -1.02833391e+00   2.58959493e+00 
 -9.33572699e-02  -3.96940555e-01  -1.42297322e+00 
  5.61752742e+00   8.15648546e+00  -1.03343016e+01 
  2.61035492e+00   5.93171815e+00  -9.67294811e+00 
  2.14053100e+00   2.39532631e+00  -1.09708674e+01 
  1.12723864e+00   4.49295749e-01  -8.02120047e+00 
  2.60111049e-01  -3.26714555e+00  -8.26178479e+00 
  3.36437906e+00  -2.37457410e+00  -3.97146210e+00 
  8.85332063e+00  -2.47011895e+00  -3.99683135e+00 
  9.62223249e+00   6.61846624e-01  -5.76745077e+00 
  1.00459373e+01   3.63198643e+00  -3.37333934e+00 
  1.03507093e+01  -1.52213259e+00   5.48583156e+00 
  4.19801703e+00   5.30275167e-01   7.20752318e+00 
  9.69335143e-01   1.60854208e+00   8.84682318e+00 
  1.32802477e+00   1.16741826e+00   1.24786415e+01 
  1.00231138e+01   2.83728401e+00   8.62819360e+00 
  1.37079284e+01   3.47852150e+00   7.69426923e+00 
  9.39079574e+00   8.90354118e+00   3.34351148e+00 
  6.85120594e+00   7.72331028e+00   9.14050453e-01 
  3.83599949e+00   9.83291873e+00   3.46964823e-01 
  4.51353622e+00   9.65130920e+00  -3.47386091e+00 
  6.93632401e+00   8.06636144e+00  -5.88404435e+00 
  5.77482004e+00   4.50100013e+00  -6.49733535e+00 
  6.68139110e+00   1.84336177e+00  -8.95021280e+00 
  5.95519163e+00  -1.48445045e+00  -7.32475073e+00 
  5.91960710e+00  -5.05828494e+00  -8.68969959e+00 
  9.65826565e+00  -5.55204328e+00  -8.73374733e+00 
  6.34244595e+00  -3.59651995e+00  -1.29770251e+01 
 -8.51792062e+00  -9.53893964e+00  -1.81562663e+00 
 -5.59022022e+00  -7.71999665e+00  -3.53054062e+00 
 -6.18610494e+00  -5.90885187e+00  -6.78493619e+00 
 -4.40815829e+00  -2.66027531e+00  -6.11580167e+00 
 -3.93743762e+00   8.38126201e-02  -8.70919254e+00 
 -5.01305435e+00   1.97514253e+00  -3.73303560e+00 
 -1.00814378e+01   3.45163197e+00  -2.18115424e+00 
 -1.11535438e+01  -7.28083050e-02  -1.23432201e+00 
 -1.04295720e+01  -1.15577365e+00   2.30423781e+00 
 -6.64830049e+00   6.91114446e+00   5.84530090e+00 
  5.99461552e-01   5.92254659e+00   4.18417634e+00 
  4.13641206e+00   5.17524111e+00   4.71287535e+00 
  4.13933153e+00   4.89905681e+00   8.44131183e+00 
  1.01482426e+00   6.78039827e+00   9.06198092e+00 
 -2.73701508e+00   6.52456745e+00   9.38419929e+00 
 -5.49862093e+00   4.32860921e+00   1.06963470e+01 
 -9.11498037e+00   4.98708614e+00   1.15571326e+01 
 -7.82573365e+00  -2.86337743e+00   1.09835180e+01 
 -6.21018810e+00  -3.68762115e+00   7.80862420e+00 
 -4.36632570e+00  -6.95922450e+00   7.44605073e+00 
 -5.47133872e+00  -7.35328611e+00   3.79724786e+00 
 -8.58668562e+00  -6.81254028e+00   1.80623664e+00 
 -7.62637825e+00  -4.18032259e+00  -8.10998564e-01 
 -9.56419083e+00  -3.52154228e+00  -3.96162804e+00 
 -8.76666414e+00   3.98038583e-02  -4.97387223e+00 

   2.907504211457e+01 

  2.05298957e+00  -2.71280609e+00  -3.41379604e+00 
  4.00454793e+00  -9.88554600e-01   8.53242821e-01 
  1.36815859e+00   1.37263621e+00  -1.83962591e-01 
 -2.06183068e+00   4.19849873e+00   1.40882880e+00 
  4.13779306e+00  -9.76696860e-01  -6.11853557e-01 
 -1.33593435e+00  -6.99319741e-01   2.13476531e+00 
  1.02669183e+00  -2.77109756e+00   7.04538524e-01 
  2.17945036e+00   5.16190964e-01   6.20968890e-01 
  2.10886283e+00  -8.50114333e-01   3.22043448e-01 
  1.91697922e+00  -1.78746819e+00   1.34907601e+00 
  2.17026828e+00   7.95673072e-01   1.82423628e+00 
  6.20607266e-02   1.54082599e+00   3.21836334e-01 
  1.20785533e-01   2.53979249e+00   2.15218630e+00 
 -3.34766721e-01   1.46473364e+00   1.66434392e+00 
 -3.60585171e+00  -1.58643663e+00   1.32483120e+00 
 -3.65996822e-01   7.45458177e-02   7.03925395e-02 
 -1.91523882e+00  -2.27917413e+00   2.72478420e-01 
  2.39870301e-02  -2.40809607e-01  -1.20747603e+00 
  3.91520240e+00  -2.25762252e+00  -9.64620219e-01 
  3.44568050e-01  -1.29740146e+00  -1.95747303e+00 
 -2.68730749e-02   8.52503346e-01  -2.10280198e+00 
  1.55541268e+00  -1.23682191e+00  -2.64171015e+00 
  9.90435463e-01   9.56526926e-01  -2.97095721e+00 
  1.76916393e+00  -8.94659209e-02  -3.34362496e+00 
 -2.69081708e-01   1.20362484e-01   2.20350522e+00 
 -2.40001573e+00   4.71674066e-03   2.85768024e+00 
 -1.88956231e+00   1.18336674e+00   3.40519629e+00 
 -2.84461270e+00   5.27560154e-01   3.26137950e-01 
 -2.77393847e+00   1.36016111e+00  -7.12905032e-01 
 -2.40924635e+00   2.65827244e+00  -4.90084616e-01 
 -2.69880641e+00   3.20263340e+00   7.55409140e-01 
 -3.80708280e+00   2.57630380e+00   1.22920110e+00 
 -3.54827378e+00   1.20980439e+00   1.26876783e+00 
 -8.67299006e-01   5.76916468e-01   4.27482981e+00 
 -2.49033699e+00   2.30656851e+00   4.01182696e+00 
 -2.91929627e+00   5.00242577e+00   2.16248212e+00 
  3.07647125e+00  -2.91491195e+00  -1.82946982e-01 
  3.37287370e+00  -2.29304832e+00   1.12466297e+00 
  1.85389604e+00  -3.18298386e+00  -2.80614598e-01 
  3.65583652e+00   1.24674992e+00  -2.92079384e+00 
  3.15538064e+00   6.37791511e-02  -3.46391307e+00 
 -2.36006642e+00  -1.03758215e+00   8.21839365e-01 
 -1.15736153e+01   3.94943947e+00  -7.86304137e+00 
 -1.11002164e+01   1.99084363e+00  -4.64281488e+00 
 -1.11294651e+01  -1.79185271e+00  -4.32383690e+00 
 -8.13142042e+00  -2.58153454e+00  -2.34837205e+00 
 -7.28066546e+00  -6.16660037e+00  -1.32600141e+00 
 -2.86978350e+00  -3.65669668e+00  -3.08228512e+00 
 -1.20728294e+00  -3.52689316e+00  -8.31272369e+00 
 -3.65844044e+00  -1.21674885e+00  -9.79278596e+00 
 -2.47156432e+00   2.43241819e+00  -9.70375248e+00 
  7.29378931e+00   8.43136296e-01  -7.01028102e+00 
  6.23490771e+00   3.12137688e+00  -7.87693164e-01 
  6.32972919e+00   4.58381353e+00   2.69463987e+00 
  9.80757992e+00   5.49941786e+00   3.45594140e+00 
  8.42153534e+00   6.02555769e+00  -6.08455355e+00 
  8.47513054e+00   6.43867204e+00  -9.91700988e+00 
  1.39467381e+00   9.74191029e+00  -7.47707134e+00 
 -1.09771083e+00   7.65954139e+00  -5.68919575e+00 
 -3.25801665e+00   9.29477414e+00  -3.13525858e+00 
 -6.36948684e+00   7.77381929e+00  -4.89486017e+00 
 -7.20807302e+00   5.52748871e+00  -7.80032335e+00 
 -6.82939813e+00   1.93633434e+00  -6.61827689e+00 
 -7.77951895e+00  -1.38768543e+00  -8.01458651e+00 
 -5.37413148e+00  -3.93092781e+00  -6.60396220e+00 
 -5.31872785e+00  -7.75467788e+00  -6.71580630e+00 
 -4.05727182e+00  -8.07528335e+00  -1.02554737e+01 
 -9.50510603e+00  -7.92375461e+00  -8.48847624e+00 
 -1.98342412e+00  -1.00457960e+01   9.39002720e+00 
 -3.26810423e+00  -8.84905846e+00   5.96390339e+00 
 -6.97163817e+00  -8.36192225e+00   5.44145487e+00 
 -7.00261739e+00  -5.02010703e+00   3.71131158e+00 
 -1.01330761e+01  -3.38083504e+00   2.30053614e+00 
 -6.72858313e+00   1.33582715e-01   4.65733601e+00 
 -7.40632420e+00   1.85901505e+00   9.83811071e+00 
 -5.63523175e+00  -1.12685913e+00   1.13922571e+01 
 -1.90128983e+00  -8.27689996e-01   1.18241472e+01 
 -5.06230753e-01   8.12321324e+00   8.68608416e+00 
  5.56494159e-01   6.90335273e+00   1.36151690e+00 
  2.35429872e+00   6.54502201e+00  -1.79878376e+00 
  5.75183655e+00   7.63439854e+00  -6.81862291e-01 
  4.69071121e+00   9.48140693e+00   2.34300052e+00 
  3.93848709e+00   9.20362520e+00   6.03116619e+00 
  5.05118227e+00   7.51710469e+00   9.20732588e+00 
  4.49031192e+00   8.29120753e+00   1.28595565e+01 
  7.16822082e+00   8.24252483e-01   1.20262743e+01 
  5.13928311e+00  -1.02312725e+00   9.60968192e+00 
  6.53897890e+00  -4.12525242e+00   7.98108022e+00 
  3.11925981e+00  -5.85603083e+00   7.98589552e+00 
  2.28283174e-01  -6.20073705e+00   1.03279775e+01 
 -2.73615134e+00  -4.65395938e+00   8.45173494e+00 
 -6.34084517e+00  -5.25860172e+00   9.32131038e+00 
 -8.26553743e+00  -2.27337528e+00   8.00683246e+00 

   2.907504211371e+01 

  4.88702017e+00   2.01183103e+00  -2.07792376e+00 
  1.18092912e+00   5.33945298e+00  -1.65241055e+00 
 -1.90657926e-01   2.37901927e+00  -3.37176352e+00 
 -4.02488386e+00  -3.40069956e-01  -3.81058491e+00 
  2.30487939e+00   4.90472913e+00  -2.49630221e+00 
 -1.39990291e+00   8.80212715e-01   2.71440143e-01 
  1.56611159e+00   2.63352236e+00   4.91597644e-01 
 -5.28817900e-02   3.48199309e+00  -2.47505921e+00 
  9.80143758e-01   3.37963388e+00  -1.53510422e+00 
  7.29073271e-01   3.64545494e+00  -1.79911934e-01 
 -1.12422375e+00   3.91538994e+00  -2.03866598e+00 
 -1.02473862e+00   1.35613938e+00  -2.87373123e+00 
 -2.98276797e+00   2.05039533e+00  -2.68480666e+00 
 -2.08954910e+00   1.50450754e+00  -1.97386705e+00 
 -8.71741441e-01  -1.47368170e+00   1.15219142e+00 
 -6.34554920e-02   9.47414273e-01  -1.73122830e+00 
  7.93232128e-01  -2.74276613e-01   6.67633490e-01 
  1.18862258e+00   8.39214067e-01  -2.28356570e+00 
  3.28515679e+00   4.63679112e+00  -1.61197978e+00 
  2.47695280e+00   9.09138621e-01  -1.94155810e+00 
  1.18085681e+00   3.90643744e-01  -3.62455575e+00 
  3.27982076e+00   1.76343347e+00  -2.69228031e+00 
  2.04237583e+00   9.93902083e-01  -4.45719905e+00 
  3.16644287e+00   1.62966583e+00  -4.04285549e+00 
 -1.65928368e+00   1.84539137e+00  -6.31848624e-01 
 -2.65567766e+00   1.33323801e-01   3.96851520e-01 
 -3.64144994e+00   7.46790173e-01  -3.78689790e-01 
 -1.20122356e+00  -1.26894923e+00  -1.27584893e+00 
 -9.10496492e-01  -1.64537663e+00  -2.52148734e+00 
 -1.76555719e+00  -1.29662061e+00  -3.52894977e+00 
 -3.10512306e+00  -1.12083549e+00  -3.20322732e+00 
 -3.37974049e+00  -1.92879307e+00  -2.14642197e+00 
 -2.51030638e+00  -1.59833850e+00  -1.11165450e+00 
 -3.64648436e+00   2.05514082e+00   2.97520012e-01 
 -4.93897774e+00   3.59951542e-01  -7.75288319e-01 
 -5.30821982e+00  -8.90110459e-01  -3.80393986e+00 
  2.87226580e+00   4.19647703e+00  -4.36327902e-01 
  1.59809376e+00   4.93250070e+00  -2.97882139e-01 
  2.77647471e+00   3.04566460e+00   5.61628150e-02 
  2.55132024e+00   3.45742812e+00  -5.38624725e+00 
  3.53913728e+00   2.85510361e+00  -4.60760913e+00 
 -4.91034042e-01  -5.45543385e-01   1.03457259e-01 
  4.77829159e-01  -1.26328121e+01  -6.07281287e+00 
 -6.12683293e-01  -1.08617368e+01  -2.89411199e+00 
  1.43539447e+00  -1.05557515e+01   2.87577289e-01 
  1.25053933e+00  -6.99264036e+00   1.17324022e+00 
  2.89155175e+00  -5.61784904e+00   4.34163951e+00 
  3.87741726e+00  -2.35398863e+00   1.92505034e-01 
  8.15859197e+00  -2.81519310e+00  -3.21294434e+00 
  7.19917226e+00  -5.77014813e+00  -5.18354869e+00 
  5.24091883e+00  -4.84480326e+00  -8.35246114e+00 
  6.83874363e+00   5.28363114e+00  -8.28530012e+00 
  5.19032435e-01   6.54456836e+00  -6.41353376e+00 
 -2.94503874e+00   7.87433983e+00  -5.70200756e+00 
 -3.12671282e+00   1.13233091e+01  -6.96095904e+00 
  3.30910734e+00   6.38671044e+00  -1.21982472e+01 
  5.93746971e+00   4.95586415e+00  -1.46284013e+01 
  1.91039425e-01  -8.37938727e-01  -1.39896891e+01 
 -5.57739953e-01  -2.34256175e+00  -1.06851194e+01 
 -4.04399825e+00  -3.45739165e+00  -1.00019933e+01 
 -2.64969863e+00  -6.91382194e+00  -8.90665519e+00 
  6.57088072e-01  -8.66702169e+00  -8.47957603e+00 
  2.05449043e+00  -7.66700033e+00  -5.09073515e+00 
  4.85676802e+00  -8.88903239e+00  -2.95639723e+00 
  5.99706607e+00  -5.98968947e+00  -8.26289769e-01 
  8.41499056e+00  -5.76706587e+00   2.13018185e+00 
  1.15969594e+01  -5.93042844e+00   1.12338384e-01 
  8.70770890e+00  -1.02964779e+01   2.43913479e+00 
 -1.32890514e+00   3.56418837e+00   1.18129264e+01 
  1.57701771e-01   1.00848962e+00   9.34729935e+00 
 -7.51157068e-01  -2.63651804e+00   9.68539592e+00 
 -1.49342366e+00  -3.50999546e+00   6.10096256e+00 
 -2.28183734e+00  -7.02818874e+00   4.88523537e+00 
 -5.25220651e+00  -3.18573406e+00   2.45446040e+00 
 -1.03546374e+01  -1.93811684e+00   4.09321526e+00 
 -9.22505869e+00   4.54989649e-01   6.82537099e+00 
 -8.71721019e+00   4.04963108e+00   5.80605870e+00 
 -1.14228672e+01   3.64342032e+00  -3.38234283e+00 
 -4.92045233e+00   1.90779501e+00  -6.69488270e+00 
 -1.85376106e+00   2.38594482e+00  -8.62226029e+00 
 -2.42840017e+00   5.88626189e+00  -9.80340175e+00 
 -6.09714537e+00   5.95339849e+00  -9.33114886e+00 
 -8.88911805e+00   6.67683607e+00  -6.89658543e+00 
 -9.93843707e+00   9.00612558e+00  -4.13184837e+00 
 -1.32897092e+01   9.83368637e+00  -2.60321577e+00 
 -7.41192566e+00   1.24069871e+01   2.13500678e+00 
 -5.03516337e+00   9.71841203e+00   2.83634901e+00 
 -1.55692642e+00   1.05649841e+01   4.02792781e+00 
 -1.43765064e+00   7.50660163e+00   6.33491086e+00 
 -3.76267798e+00   5.74747316e+00   8.67192454e+00 
 -4.10209322e+00   2.21074647e+00   7.23072993e+00 
 -5.36234835e+00  -7.52624108e-01   9.16612834e+00 
 -6.71229926e+00  -3.19636974e+00   6.60690713e+00 

   2.907504211456e+01 

 -5.32169648e+00  -3.69183356e+00  -1.63243433e-01 
 -1.29262817e+00  -5.74584589e+00  -2.29323917e+00 
 -1.16933855e-01  -3.70562752e+00   5.45219414e-01 
  3.34814562e+00  -8.57042481e-01   2.01698222e+00 
 -2.34737639e+00  -5.95001365e+00  -1.28814021e+00 
  4.08909482e-01  -5.23157619e-01  -2.01934725e+00 
 -2.30266167e+00  -2.47577680e+00  -2.88794706e+00 
 -2.20734800e-01  -4.28303608e+00  -7.56870120e-01 
 -1.36955263e+00  -3.94745643e+00  -1.48401436e+00 
 -1.26035846e+00  -3.51689429e+00  -2.81553079e+00 
  8.34078132e-01  -4.27285593e+00  -1.39976314e+00 
  5.04095730e-01  -2.43900528e+00   5.45769672e-01 
  2.49656707e+00  -2.61265841e+00  -4.70753422e-02 
  1.45568273e+00  -1.96998056e+00  -3.70793514e-01 
 -5.34029652e-01   1.83844608e+00  -1.65991703e+00 
 -6.40564782e-01  -1.73115309e+00  -2.19169521e-01 
 -1.95016341e+00   2.77282253e-01  -1.71319718e+00 
 -1.81522243e+00  -2.10977721e+00   3.81918229e-01 
 -3.45916186e+00  -5.48606902e+00  -1.89100762e+00 
 -3.11596644e+00  -2.24226863e+00   1.13283891e-01 
 -1.69598058e+00  -2.32875674e+00   1.77380881e+00 
 -3.69640700e+00  -3.47158224e+00   4.13079851e-01 
 -2.35684791e+00  -3.38682567e+00   2.26693656e+00 
 -3.43047270e+00  -3.95086857e+00   1.65982173e+00 
  9.06754362e-01  -1.73120626e+00  -1.69140249e+00 
  1.52847993e+00   4.07246050e-01  -1.84199949e+00 
  2.67752042e+00  -3.07498224e-01  -1.49790813e+00 
  1.26490061e-01   6.10643727e-01   3.65439441e-01 
 -5.02885806e-02   3.19521015e-01   1.65456010e+00 
  9.64806010e-01  -2.93189403e-01   2.33419889e+00 
  2.26329675e+00  -6.14241761e-02   1.89643285e+00 
  2.29158971e+00   1.17379788e+00   1.33209788e+00 
  1.34876267e+00   1.20398880e+00   3.09344352e-01 
  2.76938651e+00  -1.13939319e+00  -2.70975705e+00 
  3.95232931e+00   7.81441671e-02  -1.03244583e+00 
  4.53599812e+00  -1.47639601e-01   2.20484889e+00 
 -3.26145283e+00  -4.49290030e+00  -2.74014829e+00 
 -1.92923193e+00  -4.84675969e+00  -3.27342449e+00 
 -3.38236398e+00  -3.24758080e+00  -2.63693885e+00 
 -2.41269098e+00  -6.04920899e+00   1.95116363e+00 
 -3.56266190e+00  -5.34313170e+00   1.59920287e+00 
 -6.51732142e-01   4.83345991e-01  -1.15388144e+00 
 -2.41613316e+00   8.03834004e+00   1.00262809e+01 
 -1.51508934e+00   8.13586661e+00   6.33728742e+00 
 -3.89344507e+00   8.95847130e+00   3.49508019e+00 
 -3.35315994e+00   6.28716418e+00   1.02798847e+00 
 -5.18825614e+00   6.24332903e+00  -2.32644557e+00 
 -5.19645843e+00   1.33000089e+00  -1.58688198e-01 
 -9.03159764e+00  -5.76856000e-01   3.27553026e+00 
 -8.22829509e+00   1.27121201e+00   6.35365904e+00 
 -5.77692606e+00  -6.35442010e-01   8.60942639e+00 
 -6.01585031e+00  -9.72137632e+00   3.86269581e+00 
  1.24473065e-01  -8.85162186e+00   1.29906979e+00 
  3.61481017e+00  -9.07531514e+00  -1.29866433e-01 
  4.41028624e+00  -1.26257615e+01  -6.54176333e-01 
 -1.90147709e+00  -1.18449376e+01   6.61018402e+00 
 -4.36459825e+00  -1.21693666e+01   9.55790159e+00 
  4.35883993e-01  -5.80979278e+00   1.14310696e+01 
  5.51505616e-01  -2.85800348e+00   9.19091029e+00 
  3.74378826e+00  -9.58451815e-01   8.93686516e+00 
  1.77620647e+00   2.30976106e+00   9.67045481e+00 
 -1.76071834e+00   3.44986436e+00   1.02879268e+01 
 -3.43404895e+00   3.87647528e+00   6.90340522e+00 
 -6.62242999e+00   5.42101957e+00   5.74145430e+00 
 -7.63122532e+00   3.66226794e+00   2.55822463e+00 
 -1.03554477e+01   4.38955896e+00  -2.75643844e-02 
 -1.32475942e+01   3.04987727e+00   1.98838380e+00 
 -1.12819306e+01   8.42951909e+00   1.84781863e+00 
 -7.77169726e-01   2.38718852e+00  -1.34446600e+01 
 -2.26230119e+00   3.22932774e+00  -9.99413841e+00 
 -1.89435217e+00   6.72333479e+00  -8.62193486e+00 
 -8.23320626e-01   5.98145902e+00  -5.09141128e+00 
 -3.58884499e-01   8.63490266e+00  -2.40425502e+00 
  3.37926980e+00   4.69919845e+00  -2.22355259e+00 
  8.35098433e+00   5.25935602e+00  -4.51378080e+00 
  7.20898095e+00   4.21864517e+00  -7.98945783e+00 
  7.31539913e+00   5.28682278e-01  -8.75835555e+00 
  1.10926844e+01  -2.82999027e+00  -6.11960912e-01 
  4.89364217e+00  -3.97508556e+00   3.45342306e+00 
  2.18816548e+00  -5.81270460e+00   5.08178401e+00 
  3.36678997e+00  -9.30306273e+00   4.44478340e+00 
  6.92174200e+00  -8.49842454e+00   3.81067388e+00 
  9.45151685e+00  -7.52606465e+00   1.18382632e+00 
  1.04387121e+01  -8.11151348e+00  -2.40129935e+00 
  1.36475405e+01  -7.54440173e+00  -4.30771065e+00 
  7.60626738e+00  -8.66575153e+00  -9.39362867e+00 
  4.82479023e+00  -6.42046866e+00  -8.62459979e+00 
  1.36588442e+00  -7.22958482e+00  -9.89581118e+00 
  5.49813110e-01  -3.53080943e+00  -1.04816346e+01 
  2.30452186e+00  -5.19997117e-01  -1.18299390e+01 
  2.35389767e+00   1.96749691e+00  -8.91264301e+00 
  2.95381444e+00   5.65751341e+00  -9.28607774e+00 
  4.28368897e+00   6.86017966e+00  -5.95007694e+00 

   2.907504211465e+01 

