  2.54729783e+00  -9.68189295e-01   2.03234681e+00 
  3.28481694e+00  -2.29788751e+00   2.04094361e+00 
 -8.39161096e-01   1.35448558e+00   2.36566134e+00 
 -1.14257326e+00  -2.24397312e+00   1.18238306e+00 
  1.97602734e+00  -8.01922128e-01   7.64774498e-01 
  1.54101734e+00   3.98677655e-01   1.75678070e-01 
  2.58743379e+00   1.16141812e+00   3.33378155e-01 
  2.07249406e+00   2.42168365e+00   2.82102154e-01 
  1.08363750e+00   2.58928509e+00   1.29017394e+00 
 -1.00489142e-01   1.85757414e+00   1.08750547e+00 
  2.29252070e-01   7.39135281e-01   3.17080870e-01 
 -7.71444048e-01  -1.78470655e-01   2.91844537e-01 
 -8.10685636e-01  -1.58145223e+00   1.85402768e-01 
  3.84290819e-01  -2.09339082e+00  -4.23678677e-01 
  2.17114909e-01  -3.34312019e+00  -8.44980934e-01 
  1.43977297e+00  -3.68665006e+00  -1.50320409e+00 
  2.34569997e+00  -4.03688651e+00  -4.85268170e-01 
  2.53270117e+00  -2.89976728e+00   2.37178971e-01 
  1.62800769e+00  -1.93789910e+00   7.88379305e-02 
  3.96254400e+00  -1.01868212e+00   1.80485047e+00 
  1.64824935e+01  -5.14930956e-01  -4.55498501e+00 
  9.40437810e+00   1.47483803e+00  -7.02031802e+00 
  6.17364233e+00  -3.88784562e-01  -6.67824822e+00 
  3.27826878e+00   7.86194401e-01  -8.76356468e+00 
 -3.49961522e-02   1.22042760e+00  -6.97857843e+00 
 -1.75911835e+00  -8.16871869e-01  -9.69532295e+00 
  2.96954997e-01  -3.77519829e+00  -8.63564716e+00 
 -1.00049762e+00  -3.80693880e+00  -5.04163521e+00 
 -3.39514867e+00  -6.55673506e+00  -3.77654233e+00 
 -6.30541216e+00  -4.98793943e+00  -1.91982720e+00 
 -5.84122130e+00  -5.24660223e+00   1.87096184e+00 
 -8.44735325e+00  -5.50009747e+00   4.72829915e+00 
 -6.13684737e+00  -3.41063784e+00   6.96745723e+00 
 -2.98713168e+00  -1.35791828e+00   6.48431974e+00 
 -6.91445511e-01   4.25512782e-01   8.89558714e+00 
  2.01477465e+00   2.89792258e+00   8.08996650e+00 
  4.83773333e+00   3.22096695e+00   1.05553874e+01 
  8.05448446e+00   5.20302655e+00   1.01007516e+01 
  3.72248002e+00  -1.48351784e+01   5.71297958e+00 
  1.34621795e+00  -1.02445524e+01   6.38624753e+00 
  2.82679625e+00  -7.88662857e+00   3.89417353e+00 
  5.57827467e+00  -5.40950674e+00   4.68381299e+00 
  7.05321473e+00  -3.08748962e+00   2.09394051e+00 
  1.03493445e+01  -1.28360033e+00   2.80510173e+00 
  1.05592622e+01   2.21281835e+00   1.36185126e+00 
  1.32298241e+01   4.48459872e+00   2.72108228e+00 
  1.27331474e+01   4.64233227e+00   6.45574361e+00 
  9.04583798e+00   3.94489763e+00   6.22579570e+00 
  7.31773366e+00   6.33865399e-01   6.69937019e+00 
  3.89477707e+00  -1.79636300e-01   5.37793363e+00 
  2.07449880e+00  -3.23241715e+00   6.68169128e+00 
 -1.07226128e+00  -4.90335044e+00   5.45443979e+00 
 -3.05990386e+00  -8.07465049e+00   6.11128105e+00 
 -6.56566972e+00  -9.50172087e+00   5.85044383e+00 
 -5.87474741e+00   6.82829197e+00   4.73916036e+00 
 -5.84137371e+00   8.30219917e+00   2.16316639e+00 
 -2.06202711e+00   7.93569876e+00   1.92155281e+00 
 -8.34533130e-02   1.01973907e+01  -4.33758379e-01 
  3.24459058e+00   8.87890912e+00  -1.79381841e+00 
  5.43971776e+00   9.06085844e+00  -4.87324039e+00 
 -2.62068760e-01   9.04865712e+00  -5.89510114e+00 
 -3.28650301e+00   8.94048814e+00  -3.66333159e+00 
 -3.72277319e+00   5.50136997e+00  -2.24993418e+00 
 -7.07348434e+00   4.61592787e+00  -8.01430548e-01 
 -8.31632894e+00   1.43845222e+00   8.85915620e-01 
 -9.58344037e+00  -1.00812094e-01  -2.36322395e+00 
 -8.79423525e+00   2.37944645e+00  -5.10318163e+00 
 -5.87630301e+00   4.60704540e+00  -6.13180661e+00 
 -6.18013403e+00  -2.95599453e+00  -7.08891769e+00 
 -4.88215812e+00  -6.20078116e+00  -8.43900396e+00 
  6.30937809e+00  -4.89720230e+00  -8.28647089e+00 
  9.43895221e+00  -4.20624627e+00  -6.29587781e+00 
  7.53607163e+00  -5.20116774e+00  -3.24543445e+00 
  1.06168611e+01  -6.28018263e+00  -1.32254313e+00 
  1.42740345e+01  -5.75336450e+00  -2.05756060e+00 

   1.543834627285e+01 

 -2.30399267e+00   5.82500299e-01   3.80207917e-01 
 -3.70599178e+00   1.41173971e-01  -9.32420113e-03 
  1.53315722e+00   1.80763725e+00  -4.85437094e-01 
 -3.32592964e-01  -3.98371775e-01  -2.95396133e+00 
 -1.46670715e+00  -5.37851546e-01   3.13133425e-01 
 -2.14405468e-01  -7.05422855e-01   9.30683823e-01 
 -4.86632855e-01  -3.83985272e-01   2.16526871e+00 
  7.23598566e-01  -1.74993977e-02   2.67230852e+00 
  1.27249244e+00   1.04981730e+00   1.90962454e+00 
  1.67376388e+00   7.03206691e-01   6.06753228e-01 
  8.98483507e-01  -3.90014143e-01   2.10524292e-01 
  1.00201707e+00  -6.35552347e-01  -1.12102444e+00 
  1.27950811e-01  -1.16298966e+00  -2.09006784e+00 
 -8.96363368e-01  -1.96840071e+00  -1.48747051e+00 
 -1.49815715e+00  -2.74075062e+00  -2.38668502e+00 
 -2.41785535e+00  -3.54304541e+00  -1.64060090e+00 
 -3.54861970e+00  -2.73579240e+00  -1.41861576e+00 
 -3.11254470e+00  -1.71280225e+00  -6.35500686e-01 
 -1.79800087e+00  -1.51633956e+00  -5.89571411e-01 
 -3.27568069e+00   2.67771584e-01   1.38718065e+00 
 -1.01280111e+01  -6.35774447e+00   1.17118362e+01 
 -3.19436386e+00  -7.67734996e+00   8.49936955e+00 
 -2.24106807e+00  -7.73185835e+00   4.87776624e+00 
  1.11030737e+00  -9.18478690e+00   4.00050371e+00 
  3.27337269e+00  -7.16117534e+00   1.63859694e+00 
  3.83483991e+00  -1.02642552e+01  -4.96710402e-01 
  1.56535913e-01  -1.02815777e+01  -1.25290168e+00 
  1.27873821e-01  -6.79939250e+00  -2.82607606e+00 
 -3.30955283e-01  -6.29646828e+00  -6.62512018e+00 
  2.28119320e+00  -3.88176410e+00  -7.93814279e+00 
  8.11343159e-01  -3.85317378e-01  -8.45472995e+00 
  1.74620966e+00   2.40583813e+00  -1.09758479e+01 
  9.28790096e-01   5.03653087e+00  -8.30575632e+00 
  1.93916894e-01   5.01949236e+00  -4.58722713e+00 
 -8.59821283e-01   7.72114060e+00  -2.16736257e+00 
 -9.21838539e-01   7.55186390e+00   1.58136543e+00 
 -3.32774019e+00   9.82790418e+00   3.36547060e+00 
 -4.16391097e+00   9.81243239e+00   7.07806010e+00 
 -1.32570088e+01  -2.24537769e-01  -8.92579145e+00 
 -8.71662497e+00   1.95718378e+00  -7.58461160e+00 
 -7.55909712e+00   2.22112796e-01  -4.48428777e+00 
 -8.05878337e+00   1.56773287e+00  -9.81443667e-01 
 -6.89599179e+00  -2.70922215e-01   2.10755527e+00 
 -8.20486734e+00   7.62476593e-01   5.54894595e+00 
 -5.66757809e+00   4.46584936e-01   8.34436303e+00 
 -6.39225821e+00   2.27556105e+00   1.15490598e+01 
 -6.89539312e+00   5.90228109e+00   1.06473836e+01 
 -4.70177490e+00   5.68718681e+00   7.60151506e+00 
 -5.79869295e+00   5.22728115e+00   4.02956750e+00 
 -3.58829108e+00   3.92387296e+00   1.28368658e+00 
 -4.66210660e+00   4.33726477e+00  -2.32307033e+00 
 -3.23808388e+00   2.84522551e+00  -5.47683656e+00 
 -4.10669765e+00   2.61741788e+00  -9.16911516e+00 
 -2.51612632e+00   2.13941978e+00  -1.25803555e+01 
  8.09511893e+00   6.03116835e+00  -7.21290998e-01 
  9.70788052e+00   4.03126406e+00   7.64859747e-01 
  6.86584603e+00   3.46777942e+00   3.23092654e+00 
  7.57392511e+00   1.80405002e+00   6.59368196e+00 
  4.70602519e+00  -8.67035782e-02   8.28608677e+00 
  4.07012837e+00  -3.08664952e+00   1.05065570e+01 
  8.33899566e+00  -3.72676578e+00   6.64369008e+00 
  9.82499886e+00  -1.46118761e+00   4.03626827e+00 
  7.49269336e+00  -1.14287382e+00   1.12515421e+00 
  8.89455673e+00   1.60015421e-01  -2.10698045e+00 
  7.23323816e+00   8.65969858e-01  -5.45806986e+00 
  7.93913837e+00  -2.61778531e+00  -6.83537474e+00 
  9.72805314e+00  -4.51047792e+00  -4.09687262e+00 
  9.41201753e+00  -4.97890993e+00  -3.26555929e-01 
  4.86344242e+00  -8.18104157e+00  -5.54812326e+00 
  2.14699036e+00  -1.05315674e+01  -6.61209281e+00 
 -4.90965278e+00  -1.06454859e+01   2.17220438e+00 
 -7.16613572e+00  -8.72632938e+00   4.50870565e+00 
 -7.26691014e+00  -6.01942864e+00   1.94383512e+00 
 -1.06436716e+01  -4.70243841e+00   3.04658915e+00 
 -1.26816891e+01  -5.45478504e+00   6.12443980e+00 

   1.543834627285e+01 

 -2.31605739e+00  -1.78637981e+00   1.73243943e+00 
 -3.29508297e+00  -2.72319973e+00   1.04252421e+00 
 -1.27651001e+00   1.79060535e+00   3.49270635e+00 
 -3.99238480e+00   1.72794529e+00   8.35412745e-01 
 -1.78024575e+00  -9.32948917e-01   7.60176149e-01 
 -5.93943782e-01  -1.82354121e-01   8.43861473e-01 
  2.66171264e-01  -1.09264006e+00   1.20884276e+00 
  1.25819407e+00  -3.72241727e-01   1.80296256e+00 
  7.33141429e-01   3.87002215e-01   2.88463008e+00 
 -1.15378585e-01   1.44470810e+00   2.51059348e+00 
 -6.84141934e-01   1.10541899e+00   1.27991076e+00 
 -1.72364224e+00   1.91656955e+00   9.55096780e-01 
 -2.91214168e+00   1.73885192e+00   2.22217130e-01 
 -2.80382218e+00   6.36034188e-01  -6.90520508e-01 
 -3.75810990e+00   6.75923296e-01  -1.61518839e+00 
 -3.47533121e+00  -4.14149745e-01  -2.49719758e+00 
 -3.98293886e+00  -1.56610994e+00  -1.86879880e+00 
 -3.24864595e+00  -1.70980737e+00  -7.32971153e-01 
 -2.56912000e+00  -6.42264036e-01  -3.23913357e-01 
 -1.91091341e+00  -3.10553122e+00   1.34138475e+00 
  4.33166290e+00  -1.36666996e+01  -5.51006541e+00 
  5.33682874e+00  -5.98880066e+00  -5.92991437e+00 
  2.76083805e+00  -3.27538400e+00  -6.10136866e+00 
  3.94007627e+00   1.61327785e-01  -7.05568394e+00 
  2.74008944e+00   3.03054690e+00  -4.89233649e+00 
  1.67624326e+00   4.93283751e+00  -8.01538131e+00 
 -8.36139222e-01   2.22285373e+00  -8.68318951e+00 
 -2.70043489e+00   2.68143886e+00  -5.37934115e+00 
 -6.22890385e+00   4.23954147e+00  -5.24363485e+00 
 -6.36901957e+00   6.89879622e+00  -2.54421340e+00 
 -8.07408639e+00   5.58289245e+00   6.20214755e-01 
 -1.01485440e+01   7.42194788e+00   3.32854651e+00 
 -8.69177169e+00   5.06902387e+00   5.98555065e+00 
 -5.91173785e+00   2.49636381e+00   6.12914852e+00 
 -4.79797979e+00   6.81401438e-02   8.79903329e+00 
 -1.62697918e+00  -1.93666688e+00   8.90375336e+00 
 -1.67789464e+00  -5.13180464e+00   1.08887611e+01 
  1.04526421e+00  -7.78711587e+00   1.10170961e+01 
 -1.56646121e+01  -6.07608261e+00  -1.52885387e+00 
 -1.25380511e+01  -3.15827181e+00   1.45187653e+00 
 -9.06319893e+00  -3.63726406e+00   1.64119132e-01 
 -6.54817900e+00  -6.03228265e+00   1.67039177e+00 
 -3.06488796e+00  -6.49065848e+00   2.80706086e-01 
 -9.67928097e-01  -9.50652128e+00   1.34445843e+00 
  2.74103144e+00  -8.79919026e+00   1.65313782e+00 
  4.81704969e+00  -1.12754505e+01   3.57633305e+00 
  3.25877280e+00  -1.15848649e+01   6.99617206e+00 
  1.82650160e+00  -8.10970295e+00   6.91020443e+00 
 -1.69182245e+00  -7.11521242e+00   6.01246494e+00 
 -2.69992345e+00  -3.67607334e+00   4.88079973e+00 
 -6.36544978e+00  -2.72992602e+00   4.84351843e+00 
 -8.09195511e+00   2.77425224e-01   3.36863502e+00 
 -1.16303688e+01   1.50518704e+00   2.72712356e+00 
 -1.36405956e+01   4.68850950e+00   2.25764905e+00 
  1.24055764e+00   7.04398572e+00   8.69073949e+00 
  3.61839240e+00   7.82375771e+00   7.09476998e+00 
  4.34428758e+00   4.18191660e+00   6.26637999e+00 
  7.80202498e+00   3.17816578e+00   4.99593442e+00 
  8.05573913e+00   5.17832540e-02   2.79925635e+00 
  1.00586310e+01  -1.35606479e+00  -8.88081796e-02 
  9.05414245e+00   4.34416778e+00  -3.19175951e-01 
  7.26523702e+00   6.74622570e+00   1.95450686e+00 
  3.56228433e+00   6.27267967e+00   1.67263222e+00 
  1.34371189e+00   9.02673738e+00   2.93854618e+00 
 -2.44779334e+00   9.31317167e+00   3.11345968e+00 
 -2.73912080e+00   1.09769366e+01  -3.03970401e-01 
  7.74084054e-01   1.12371951e+01  -1.67201734e+00 
  3.87831894e+00   9.03586499e+00  -1.90107310e+00 
 -2.39023703e+00   8.25004425e+00  -6.17841336e+00 
 -4.32756421e+00   6.74486070e+00  -9.00989717e+00 
 -4.60070107e-01  -3.82228106e+00  -9.60240980e+00 
  8.62698171e-02  -7.14607905e+00  -7.90299966e+00 
 -2.54041091e+00  -6.15105171e+00  -5.44810722e+00 
 -3.52129822e+00  -9.71425261e+00  -4.61473620e+00 
 -1.83922029e+00  -1.29792590e+01  -5.45321846e+00 

   1.543834627285e+01 

  1.39865248e+00  -1.02951165e+00   1.52448442e+00 
  1.96317861e+00  -6.00324038e-01   2.86955465e+00 
  7.91534116e-01  -5.55423407e-01  -2.52281947e+00 
  1.30616764e+00   2.50713286e+00  -3.32611052e-01 
  2.04041191e-01  -3.29181391e-01   1.31669683e+00 
 -8.35729763e-01  -6.59923226e-01   4.29457097e-01 
 -1.05930814e+00  -1.90654833e+00   7.41816325e-01 
 -1.63890799e+00  -2.41625231e+00  -3.80826636e-01 
 -7.74424084e-01  -2.25118279e+00  -1.49776706e+00 
 -6.00507687e-01  -9.21453137e-01  -1.92227086e+00 
 -8.15956024e-01  -9.97590396e-02  -8.12500777e-01 
 -4.07140261e-01   1.17628517e+00  -1.03298000e+00 
  1.10210301e-01   2.19445902e+00  -2.10242213e-01 
 -2.51728731e-01   1.99092679e+00   1.16402298e+00 
 -8.03758551e-02   3.09785451e+00   1.87999510e+00 
 -5.60821564e-01   2.77919324e+00   3.18911318e+00 
  4.79029516e-01   2.07738803e+00   3.82609200e+00 
  6.27000444e-01   9.28247654e-01   3.11368729e+00 
  9.34503292e-02   9.09648248e-01   1.89561057e+00 
  1.17175427e+00  -1.82320577e+00   2.69742632e+00 
 -5.15972522e+00  -7.95908722e+00   1.36388034e+01 
 -8.02301649e+00  -3.90225376e+00   7.68225831e+00 
 -6.80146388e+00  -6.80239498e-01   6.21454312e+00 
 -9.09863807e+00   1.11304900e+00   3.84401250e+00 
 -7.57892534e+00   2.31439382e+00   5.88294038e-01 
 -9.07975595e+00   5.76624268e+00   1.16806481e+00 
 -6.90097776e+00   6.08773001e+00   4.20971191e+00 
 -3.61423077e+00   5.67484928e+00   2.30494516e+00 
 -1.20227377e+00   8.63833146e+00   1.76049138e+00 
 -1.25462650e-01   8.78308278e+00  -1.87236827e+00 
  3.38205072e+00   7.32475345e+00  -2.34468882e+00 
  6.14396079e+00   8.16253037e+00  -4.93129715e+00 
  7.17416361e+00   4.46721278e+00  -4.96895375e+00 
  5.74581251e+00   1.21815574e+00  -3.63807819e+00 
  7.06472709e+00  -2.31992188e+00  -3.55157426e+00 
  5.17720946e+00  -5.45646287e+00  -2.72401749e+00 
  7.16519975e+00  -8.35747948e+00  -1.38844625e+00 
  5.79119774e+00  -1.16114877e+01   2.79897950e-02 
  1.07195176e+01   6.36224064e+00   9.63034458e+00 
  9.39743173e+00   4.52361025e+00   4.93510392e+00 
  6.08151284e+00   2.84625846e+00   5.32692378e+00 
  5.62521977e+00  -8.85000594e-01   5.77391258e+00 
  2.23718158e+00  -2.49979842e+00   6.20782089e+00 
  1.98685429e+00  -6.09445444e+00   7.48845451e+00 
 -8.42519047e-01  -8.10144417e+00   5.96575306e+00 
 -6.94465266e-01  -1.18417587e+01   6.32425455e+00 
  2.61106674e+00  -1.29471966e+01   4.88525204e+00 
  2.82389066e+00  -1.00246714e+01   2.52960058e+00 
  4.74788119e+00  -6.82768315e+00   3.03067794e+00 
  4.02141425e+00  -3.61093197e+00   1.22807730e+00 
  6.58229109e+00  -8.23370898e-01   1.29196007e+00 
  6.30581203e+00   2.76684027e+00   1.81011664e-01 
  8.34181297e+00   5.97062045e+00   3.53638978e-01 
  8.83937065e+00   9.28442071e+00  -1.42572169e+00 
  6.96668670e-01  -1.88826126e+00  -1.02148756e+01 
 -2.26387727e+00  -2.00518779e+00  -1.03902526e+01 
 -2.43969264e+00  -4.09595513e+00  -7.21630532e+00 
 -5.60624169e+00  -6.07560037e+00  -6.42165611e+00 
 -6.35863304e+00  -6.83406091e+00  -2.74433671e+00 
 -9.27620225e+00  -7.28103098e+00  -3.73147916e-01 
 -1.00113348e+01  -3.25307483e+00  -4.47069196e+00 
 -7.86230726e+00  -2.02524043e+00  -7.30155784e+00 
 -5.07768299e+00   9.85231623e-02  -5.97828403e+00 
 -3.28389356e+00   2.34126494e+00  -8.39941279e+00 
 -3.41739060e-01   4.70790693e+00  -7.91890902e+00 
 -2.55288735e+00   7.71499203e+00  -7.14426306e+00 
 -6.12344040e+00   6.48544466e+00  -7.29006911e+00 
 -8.11138317e+00   3.45837769e+00  -6.09862289e+00 
 -5.66435156e+00   9.14142128e+00  -1.63510412e+00 
 -5.50412454e+00   1.09941769e+01   1.61723943e+00 
 -6.28591682e+00   2.87000487e+00   9.38638975e+00 
 -4.89501356e+00  -3.10933649e-01   1.08632559e+01 
 -1.65811539e+00   5.12343318e-01   9.20171041e+00 
  4.45324708e-01  -1.40802849e+00   1.16998617e+01 
 -5.59989821e-01  -3.85478830e+00   1.43822887e+01 

   1.543834627285e+01 

 -1.07678601e+00   4.99146626e-01   6.91353019e-01 
 -2.19480221e+00  -4.94139026e-01   9.66178560e-01 
  2.47462136e+00   2.37607125e+00   1.60714817e+00 
  1.85251619e+00  -1.16421586e+00   2.84021905e+00 
 -1.96514331e-02  -1.98283580e-01   9.40324337e-02 
  1.03673785e+00   3.38428412e-01  -6.63390873e-01 
  3.91690633e-01   1.06679749e+00  -1.53231106e+00 
  1.31625415e+00   1.98779436e+00  -1.92347398e+00 
  1.78661382e+00   2.71949607e+00  -7.98524795e-01 
  2.57613386e+00   1.98135768e+00   1.01720261e-01 
  2.19606746e+00   6.41517605e-01  -1.47568774e-02 
  2.69029940e+00  -1.20640920e-01   9.94638695e-01 
  2.23649634e+00  -1.27278468e+00   1.66385810e+00 
  1.30123507e+00  -2.00939716e+00   8.61537431e-01 
  1.14072410e+00  -3.24782428e+00   1.31738980e+00 
  2.66279941e-01  -3.88455750e+00   3.81397572e-01 
 -1.03567113e+00  -3.47492409e+00   7.22991934e-01 
 -1.05774126e+00  -2.13161630e+00   5.10915110e-01 
  1.21508387e-01  -1.52361645e+00   4.19050910e-01 
 -2.17712140e+00   3.69193625e-01  -2.19470840e-01 
 -9.76812425e+00  -2.80494724e+00  -1.16103405e+01 
 -2.13002022e+00  -3.09993227e+00  -1.03030092e+01 
 -2.93056057e-01  -4.44348245e+00  -7.32841850e+00 
  3.40970064e+00  -4.96865352e+00  -7.68351920e+00 
  5.59116824e+00  -3.62582621e+00  -4.89237736e+00 
  7.36732344e+00  -6.98739731e+00  -4.67101870e+00 
  4.10830247e+00  -8.52140349e+00  -3.60910867e+00 
  3.69827451e+00  -6.31450922e+00  -5.16729749e-01 
  4.12772484e+00  -7.72503390e+00   3.05008755e+00 
  6.37391946e+00  -5.44559449e+00   5.08402710e+00 
  4.33528877e+00  -3.22260446e+00   7.44088122e+00 
  5.22996245e+00  -1.70366546e+00   1.08923944e+01 
  3.18281936e+00   1.41726857e+00   1.00052170e+01 
  1.54243202e+00   2.81424537e+00   6.88666386e+00 
 -6.78659365e-01   5.80756041e+00   6.27688523e+00 
 -1.66005728e+00   7.30721263e+00   2.97940683e+00 
 -4.89273567e+00   9.22732417e+00   2.85809946e+00 
 -6.62715276e+00   1.05903619e+01  -2.42975736e-01 
 -8.80160952e+00  -7.82683319e+00   9.53593660e+00 
 -5.37130392e+00  -3.94521780e+00   8.95299320e+00 
 -4.68662820e+00  -3.65019091e+00   5.29150058e+00 
 -6.35846191e+00  -1.13303447e+00   3.01132690e+00 
 -5.64253841e+00  -9.27992035e-01  -6.92733352e-01 
 -7.98856376e+00   1.04016236e+00  -2.98331657e+00 
 -6.24955341e+00   2.83166840e+00  -5.83258491e+00 
 -8.16555304e+00   5.54863997e+00  -7.58968685e+00 
 -9.22633865e+00   8.02124897e+00  -4.94767973e+00 
 -6.33509760e+00   7.19786709e+00  -2.68973619e+00 
 -6.34608309e+00   4.87699136e+00   2.74545665e-01 
 -3.27018041e+00   3.28144536e+00   1.72976629e+00 
 -3.44778062e+00   1.68320284e+00   5.15711905e+00 
 -9.63706874e-01  -5.04122759e-01   6.95857612e+00 
 -7.81698718e-01  -2.61063098e+00   1.01159173e+01 
  1.69588206e+00  -4.01005817e+00   1.26255303e+01 
  7.74803665e+00   7.91799516e+00   3.16642819e+00 
  9.33430714e+00   7.42272329e+00   7.07218385e-01 
  6.15823405e+00   7.12900155e+00  -1.36701586e+00 
  6.33710572e+00   7.45528858e+00  -5.16688918e+00 
  3.63491994e+00   5.69996874e+00  -7.23596564e+00 
  3.14547681e+00   3.96938740e+00  -1.05676412e+01 
  8.29254624e+00   3.09659875e+00  -8.05753487e+00 
  9.84602152e+00   4.31504801e+00  -4.85725450e+00 
  8.32877717e+00   2.54030196e+00  -1.93085675e+00 
  1.01808279e+01   2.64941109e+00   1.33524783e+00 
  9.31944777e+00   1.22005634e+00   4.75623022e+00 
  1.11229371e+01  -2.07758147e+00   4.11997141e+00 
  1.25293781e+01  -1.87145924e+00   6.18352873e-01 
  1.13712891e+01  -6.94313527e-01  -2.81788820e+00 
  9.15887982e+00  -7.15185110e+00   5.89955968e-01 
  7.40973694e+00  -1.04645430e+01   6.41782127e-01 
 -1.44904364e+00  -8.93933329e+00  -6.15298121e+00 
 -4.60234915e+00  -7.02489258e+00  -6.94399093e+00 
 -4.65071597e+00  -5.92930686e+00  -3.37840815e+00 
 -8.40445232e+00  -5.42611290e+00  -3.28193493e+00 
 -1.09391446e+01  -5.34783738e+00  -6.06795597e+00 

   1.543834627285e+01 

 -1.92431327e+00   2.81059606e-01   7.73077244e-01 
 -2.45102109e+00   1.14959932e+00   1.90459096e+00 
  7.75009801e-01  -6.34864179e-01  -2.20160926e+00 
  1.92186002e+00   1.36266625e+00   8.20925808e-01 
 -9.24737933e-01  -5.47738230e-01   1.29717418e+00 
 -4.32188915e-01  -1.74402456e+00   7.45809852e-01 
 -1.53552084e+00  -2.40428991e+00   5.25950687e-01 
 -1.18748259e+00  -3.28822761e+00  -4.50566017e-01 
 -6.98540769e-01  -2.59287589e+00  -1.59054766e+00 
  5.44650254e-01  -1.95961276e+00  -1.41142418e+00 
  6.71708897e-01  -1.67191964e+00  -4.97055653e-02 
  1.69886358e+00  -8.19489495e-01   1.99986924e-01 
  1.93474407e+00   1.71106269e-01   1.17174177e+00 
  1.14010731e+00  -4.93139114e-02   2.34690024e+00 
  1.59889097e+00   6.48996373e-01   3.38089597e+00 
  7.79230048e-01   2.66071855e-01   4.48890680e+00 
 -4.07321355e-01   1.01319852e+00   4.37288802e+00 
 -9.89509073e-01   5.87526052e-01   3.21971853e+00 
 -2.09965587e-01  -7.05539125e-02   2.36650385e+00 
 -3.12168345e+00  -8.18790338e-02   1.47436609e+00 
 -1.21178655e+01  -6.77416932e+00   9.94386232e+00 
 -4.91351004e+00  -8.55607146e+00   7.69467316e+00 
 -1.88734516e+00  -6.35761553e+00   7.50265196e+00 
  1.44091098e+00  -8.04305038e+00   7.06182468e+00 
  3.71765535e+00  -6.63236352e+00   4.38248586e+00 
  6.58645060e+00  -6.52469597e+00   6.88494640e+00 
  4.62772314e+00  -4.00456408e+00   8.86342249e+00 
  4.40756664e+00  -1.45672354e+00   6.02417042e+00 
  6.40863001e+00   1.84262137e+00   6.10330128e+00 
  8.16125216e+00   2.37597448e+00   2.78336236e+00 
  6.28108985e+00   4.90073457e+00   6.05510829e-01 
  7.56956056e+00   7.38204663e+00  -2.07842169e+00 
  4.34662346e+00   6.82504764e+00  -4.08354924e+00 
  1.42837532e+00   4.40967654e+00  -3.95088965e+00 
 -1.81393780e+00   4.19431477e+00  -5.87599660e+00 
 -4.24823593e+00   1.33919812e+00  -5.96523744e+00 
 -7.82839021e+00   2.15733606e+00  -6.78065079e+00 
 -1.08110410e+01  -1.99049151e-01  -6.59630077e+00 
 -2.87467873e+00   1.28043562e+01   7.80765931e+00 
 -1.48691279e+00   1.02229036e+01   3.49674691e+00 
 -2.12831429e+00   6.60082710e+00   4.15364561e+00 
 -5.22961088e+00   4.75022850e+00   3.01894706e+00 
 -5.82348710e+00   1.09377691e+00   3.76213207e+00 
 -9.31535486e+00  -4.00799370e-01   3.31790309e+00 
 -9.33605079e+00  -3.97814651e+00   2.07125156e+00 
 -1.25634993e+01  -5.29739876e+00   6.62867269e-01 
 -1.35913209e+01  -2.94670706e+00  -2.10066203e+00 
 -1.00557270e+01  -1.90397333e+00  -2.84081305e+00 
 -8.28975088e+00   1.19120490e+00  -1.62641938e+00 
 -4.55470320e+00   1.57780904e+00  -1.46967933e+00 
 -3.05903979e+00   5.02498581e+00  -1.00855982e+00 
  4.83680731e-01   6.06416378e+00  -2.53905111e-01 
  2.39904579e+00   9.21830209e+00   6.52789779e-01 
  5.86332806e+00   1.07552826e+01   4.75591034e-01 
  3.82497243e+00  -2.31425655e+00  -9.18949540e+00 
  4.63762496e+00  -5.06573478e+00  -8.42908461e+00 
  1.32286184e+00  -5.62825916e+00  -6.64805338e+00 
  1.84022226e-01  -9.18113229e+00  -5.83710802e+00 
 -2.17293950e+00  -9.66119808e+00  -2.85746016e+00 
 -2.99103007e+00  -1.21560702e+01  -1.29664459e-01 
  2.61691914e+00  -1.17670984e+01  -1.52763599e+00 
  4.51607228e+00  -9.71756927e+00  -4.04405135e+00 
  4.74867571e+00  -6.16125625e+00  -2.89771321e+00 
  7.34040674e+00  -3.96926607e+00  -4.50629800e+00 
  8.17258684e+00  -2.88682946e-01  -4.00736375e+00 
  1.07765241e+01  -9.75984582e-01  -1.30941251e+00 
  1.08497277e+01  -4.72265232e+00  -8.20518492e-01 
  8.33714046e+00  -7.57465748e+00  -5.24601670e-01 
  9.84318022e+00  -2.46216180e+00   4.93453564e+00 
  9.55330400e+00  -1.12541731e+00   8.42240040e+00 
 -8.72246086e-01  -4.02831109e+00   1.15615372e+01 
 -4.58781050e+00  -3.84377469e+00   1.09333313e+01 
 -3.93345480e+00  -8.11004611e-01   8.86206306e+00 
 -7.37818864e+00   6.65530676e-01   9.41586826e+00 
 -1.04888649e+01  -8.58618751e-01   1.08968703e+01 

   1.543834627285e+01 

  1.50946366e+00  -3.77931663e-01  -1.12468789e+00 
  2.40500465e+00   1.59048558e-01  -2.23002234e+00 
 -1.81709059e+00  -2.37480069e+00   2.61159183e-01 
 -1.94550620e+00  -6.35546585e-01  -3.11517256e+00 
  4.69033228e-01   5.39007786e-01  -9.31139800e-01 
 -3.57859523e-01   6.65210890e-01   1.99359778e-01 
  5.21556802e-01   7.28501774e-01   1.16073947e+00 
 -1.77536881e-01   3.23902236e-01   2.25783955e+00 
 -7.06573376e-01  -9.79511727e-01   2.04958800e+00 
 -1.73341131e+00  -1.05715659e+00   1.09135710e+00 
 -1.54703315e+00   1.02297841e-05   1.96454704e-01 
 -2.30711677e+00  -1.34666441e-01  -9.20758498e-01 
 -2.14694361e+00   2.48172633e-01  -2.26575138e+00 
 -1.21723028e+00   1.33465274e+00  -2.39312543e+00 
 -1.32179312e+00   1.92627288e+00  -3.57900869e+00 
 -4.14723575e-01   3.03130832e+00  -3.53120958e+00 
  8.62040690e-01   2.49931783e+00  -3.78893419e+00 
  1.12129002e+00   1.66450969e+00  -2.74690509e+00 
  7.81744756e-02   1.28340491e+00  -2.01519362e+00 
  2.70957419e+00   3.40297535e-01  -8.06714023e-01 
  1.14664310e+01   1.04501634e+01   3.50124124e+00 
  3.76217572e+00   9.76827970e+00   4.06360241e+00 
  1.28795279e+00   8.71295868e+00   1.45740346e+00 
 -2.34550140e+00   9.33758413e+00   2.17862603e+00 
 -4.71905435e+00   6.44802862e+00   1.57102897e+00 
 -6.99629645e+00   8.74807503e+00  -4.35919497e-01 
 -4.22148968e+00   9.14188614e+00  -2.93540060e+00 
 -3.98530006e+00   5.41693121e+00  -3.75408115e+00 
 -5.19240656e+00   4.00588310e+00  -7.13757494e+00 
 -7.36518034e+00   9.51035160e-01  -6.56739730e+00 
 -5.41979858e+00  -2.28194179e+00  -7.21223137e+00 
 -6.61810524e+00  -5.75120228e+00  -8.45676056e+00 
 -4.00580205e+00  -7.42017600e+00  -6.19655997e+00 
 -1.69200274e+00  -6.30542527e+00  -3.40882759e+00 
  1.02591894e+00  -8.07099135e+00  -1.46957773e+00 
  2.74142724e+00  -6.90899021e+00   1.65967890e+00 
  6.20457152e+00  -8.22545848e+00   2.31182635e+00 
  8.60211377e+00  -7.09787150e+00   5.04369027e+00 
  6.35661093e+00  -3.51607476e-01  -1.46792431e+01 
  3.69336556e+00  -2.78558418e+00  -1.09167122e+01 
  3.66014188e+00  -4.96479698e-01  -7.96353645e+00 
  6.03931529e+00  -7.72313684e-01  -5.03202728e+00 
  5.96883812e+00   1.61153639e+00  -2.10167868e+00 
  8.92398998e+00   1.74354327e+00   3.21932236e-01 
  7.95848286e+00   2.38506079e+00   3.92862494e+00 
  1.05218002e+01   1.60576448e+00   6.56727948e+00 
  1.15054453e+01  -2.00471087e+00   6.10233525e+00 
  8.19731445e+00  -2.94965214e+00   4.58612347e+00 
  7.37883917e+00  -3.28432648e+00   9.26664075e-01 
  3.90290760e+00  -3.11699121e+00  -4.92670294e-01 
  3.28183797e+00  -4.29548650e+00  -4.03640975e+00 
  2.37630899e-01  -3.93309237e+00  -6.22769637e+00 
 -7.67671754e-01  -4.55626732e+00  -9.83883566e+00 
 -3.80021778e+00  -5.25300620e+00  -1.20098215e+01 
 -6.37127119e+00  -7.48591804e+00   4.01470443e+00 
 -7.59718868e+00  -5.44305345e+00   5.78475859e+00 
 -4.21015620e+00  -3.80879274e+00   6.36213487e+00 
 -3.72307314e+00  -1.44764869e+00   9.32275042e+00 
 -1.02051466e+00   1.24907992e+00   9.02632919e+00 
 -2.68779815e-01   4.79060258e+00   1.01340478e+01 
 -5.82498551e+00   3.70838482e+00   8.90437272e+00 
 -7.67084833e+00   6.29926171e-01   7.78384552e+00 
 -6.93149998e+00  -7.66573169e-02   4.18250390e+00 
 -9.24725698e+00  -2.39103753e+00   2.34121374e+00 
 -9.17485910e+00  -3.68811980e+00  -1.23656314e+00 
 -1.13309258e+01  -8.48085139e-01  -2.58467055e+00 
 -1.21072674e+01   1.39624733e+00   3.55084653e-01 
 -1.02459640e+01   2.88848515e+00   3.32886522e+00 
 -9.61584457e+00   5.26872097e+00  -3.89231023e+00 
 -8.42036662e+00   7.65037430e+00  -6.52568725e+00 
  1.54467726e+00   1.11888732e+01  -2.63338802e+00 
  5.03742976e+00   1.03346078e+01  -1.49101076e+00 
  4.67628300e+00   7.09648466e+00  -3.30764492e+00 
  8.39778356e+00   6.66481785e+00  -3.87080139e+00 
  1.13303434e+01   8.51436970e+00  -2.39704568e+00 

   1.543834627285e+01 

  3.06322351e+00  -2.10738196e+00  -3.59761072e-01 
  2.67594687e+00  -3.49592960e+00  -8.43556433e-01 
  2.83024250e+00   1.06705825e+00   2.25608876e+00 
 -1.74627367e-01  -1.21509268e+00   1.80480654e+00 
  2.09027153e+00  -1.20781602e+00  -8.12397644e-01 
  2.21176680e+00   1.87363256e-01  -9.40545314e-01 
  3.31666191e+00   2.91690469e-01  -1.62607603e+00 
  3.75590211e+00   1.54720959e+00  -1.33145571e+00 
  3.93655051e+00   1.68729454e+00   7.20679419e-02 
  2.74930406e+00   1.68508811e+00   8.26436761e-01 
  1.79830201e+00   9.61384272e-01   1.01842621e-01 
  7.06330277e-01   6.58229518e-01   8.49990452e-01 
 -2.08467990e-01  -4.11492127e-01   8.58163004e-01 
 -2.41465823e-01  -1.08116871e+00  -4.11275641e-01 
 -1.32429523e+00  -1.84318999e+00  -5.29896553e-01 
 -1.27265414e+00  -2.36870551e+00  -1.85930615e+00 
 -3.80743464e-01  -3.45592949e+00  -1.81456022e+00 
  8.28144323e-01  -2.91722086e+00  -1.50099555e+00 
  8.18177033e-01  -1.69215882e+00  -9.83447265e-01 
  3.65132022e+00  -2.65632237e+00  -1.54720898e+00 
  6.78771644e+00  -4.95450889e+00  -1.50502369e+01 
  2.69533659e+00   6.76001357e-01  -1.16316779e+01 
  7.56607497e-02   4.07935421e-01  -8.96837288e+00 
 -2.03590457e+00   3.44598462e+00  -8.31732968e+00 
 -2.46874099e+00   4.46938936e+00  -4.69548563e+00 
 -6.23603311e+00   4.68156446e+00  -5.21160485e+00 
 -6.24693450e+00   9.86670585e-01  -5.88219119e+00 
 -4.78556583e+00   3.13082902e-02  -2.48322118e+00 
 -6.92486153e+00  -1.68691260e+00   2.31060313e-01 
 -6.42840486e+00   4.95304590e-02   3.56519298e+00 
 -4.04184772e+00  -1.91918906e+00   5.81928916e+00 
 -3.85553613e+00  -2.19277171e+00   9.68076564e+00 
 -3.31052554e-02  -2.41547654e+00   9.44090592e+00 
  2.56984126e+00  -1.90244085e+00   6.73364677e+00 
  6.30747172e+00  -2.43634730e+00   6.63327597e+00 
  8.72685652e+00  -1.26357390e+00   4.01475689e+00 
  1.19152497e+01  -3.22065794e+00   3.62013767e+00 
  1.45294343e+01  -2.80481670e+00   8.85936346e-01 
 -2.28309029e+00  -1.52965657e+01   1.80446128e+00 
 -4.30386859e-01  -1.08648707e+01   3.82963457e+00 
  2.47506923e-01  -8.56764869e+00   9.61607171e-01 
  3.65824136e+00  -8.06802372e+00  -6.02861439e-01 
  4.25277234e+00  -5.75701092e+00  -3.53209409e+00 
  7.50876365e+00  -5.99911206e+00  -5.52311036e+00 
  8.81554345e+00  -2.67653419e+00  -6.78991096e+00 
  1.24060197e+01  -2.54274873e+00  -7.89940545e+00 
  1.44919094e+01  -3.74410404e+00  -4.99680785e+00 
  1.19721969e+01  -2.64258218e+00  -2.43297473e+00 
  9.37838115e+00  -4.77018399e+00  -7.24471801e-01 
  6.27130846e+00  -3.42463018e+00   9.06538823e-01 
  4.28285965e+00  -5.64722961e+00   3.23866039e+00 
  8.73214502e-01  -5.14878342e+00   4.76382746e+00 
 -1.66573874e+00  -7.12895931e+00   6.78172917e+00 
 -4.53860560e+00  -6.67975620e+00   9.21890228e+00 
  4.81339212e+00   6.64060106e+00   7.35078420e+00 
  4.14534319e+00   8.87587023e+00   5.51596990e+00 
  5.80006402e+00   7.07246070e+00   2.60293480e+00 
  6.76957866e+00   9.02392005e+00  -5.32243556e-01 
  6.94438583e+00   7.10665391e+00  -3.84246502e+00 
  6.36211235e+00   7.58900059e+00  -7.55229357e+00 
  2.69343199e+00   1.04260321e+01  -4.08145011e+00 
  2.36418705e+00   1.07053864e+01  -3.46044188e-01 
  9.52407574e-01   7.53757145e+00   1.06370222e+00 
 -4.84084234e-01   7.65244663e+00   4.53252488e+00 
 -2.00611835e+00   4.92559935e+00   6.70872968e+00 
 -5.55684723e+00   5.56409203e+00   5.47728116e+00 
 -5.32554685e+00   8.35618271e+00   2.94101915e+00 
 -3.07270497e+00   9.33360303e+00   2.48661995e-02 
 -8.28509790e+00   3.76435889e+00  -1.24892625e-01 
 -1.03268574e+01   1.15467294e+00  -1.87328389e+00 
 -3.48968821e+00  -2.61893582e+00  -9.99646438e+00 
 -2.07147846e-01  -4.21428983e+00  -1.09524401e+01 
  3.29494628e-02  -5.46397586e+00  -7.44577985e+00 
  2.20203777e+00  -8.43662502e+00  -8.34659102e+00 
  4.02142398e+00  -9.26494792e+00  -1.15397744e+01 

   1.543834627285e+01 

 -4.38442975e-01   1.70343617e+00  -1.73022946e+00 
 -7.17506619e-01   3.18459783e+00  -1.52925858e+00 
  2.07188008e+00  -1.53935103e+00  -2.12599518e+00 
  3.20338247e+00   1.47184462e+00  -1.02751606e-01 
 -2.21408948e-01   1.13229752e+00  -4.70296462e-01 
 -3.04893930e-01  -2.28228487e-01  -1.24308926e-01 
 -1.47704687e+00  -5.47374540e-01  -5.99527817e-01 
 -1.39262794e+00  -1.89589194e+00  -7.73985900e-01 
 -3.14916267e-01  -2.21146588e+00  -1.64638886e+00 
  9.66462592e-01  -1.97590106e+00  -1.11609765e+00 
  8.40278760e-01  -9.65822749e-01  -1.58492168e-01 
  2.04459668e+00  -4.64818846e-01   2.19189829e-01 
  2.48601315e+00   7.98494654e-01   6.55558425e-01 
  1.40441832e+00   1.57243952e+00   1.19610631e+00 
  1.85268396e+00   2.59528751e+00   1.91729061e+00 
  6.83881931e-01   3.21456696e+00   2.46186201e+00 
  1.59872875e-01   4.02606004e+00   1.43889754e+00 
 -2.09964770e-01   3.16681745e+00   4.51546659e-01 
  3.05351385e-01   1.94189451e+00   5.03945095e-01 
 -1.78596569e+00   2.19353486e+00  -1.69542049e+00 
 -1.48995033e+01   4.88856976e+00   2.57334103e+00 
 -9.43764980e+00   2.00960585e-01   5.45972995e+00 
 -5.79599155e+00   8.78191821e-01   6.01420047e+00 
 -3.89544137e+00  -1.56169426e+00   8.14661067e+00 
 -5.76665267e-01  -2.78104025e+00   6.78595663e+00 
  1.08166374e+00  -1.96573070e+00   1.01159870e+01 
  2.91031449e-01   1.65404785e+00   9.50430949e+00 
  2.25366926e+00   1.87101965e+00   6.23287423e+00 
  5.57965564e+00   3.81406960e+00   5.99087296e+00 
  8.19335416e+00   1.69740411e+00   4.23974428e+00 
  8.62832802e+00   2.76016576e+00   5.88197135e-01 
  1.17219324e+01   2.60557454e+00  -1.74123924e+00 
  9.40337644e+00   1.85856856e+00  -4.70508613e+00 
  5.75016021e+00   9.54305228e-01  -5.15686852e+00 
  3.57429896e+00   5.15008945e-01  -8.21262676e+00 
  1.38592799e-01  -9.84852340e-01  -8.39095712e+00 
 -2.07163868e+00   1.13862196e-01  -1.12298753e+01 
 -5.75974005e+00  -6.97259166e-01  -1.17018204e+01 
  3.45496903e+00   1.55545534e+01  -2.18782092e+00 
  4.40650805e+00   1.06224480e+01  -3.58161681e+00 
  1.79455417e+00   8.51363365e+00  -1.94059611e+00 
 -1.35315245e+00   7.30488873e+00  -3.66140268e+00 
 -3.96925846e+00   5.21013583e+00  -1.91708309e+00 
 -7.43465612e+00   4.79526273e+00  -3.48013699e+00 
 -8.99399637e+00   1.38532593e+00  -2.93905474e+00 
 -1.18856134e+01   4.38515592e-01  -5.14869210e+00 
 -1.06958257e+01   7.78752640e-01  -8.71070093e+00 
 -7.10358308e+00   1.22863198e-01  -7.81563473e+00 
 -4.39086761e+00   2.67285602e+00  -7.25682961e+00 
 -1.23585707e+00   2.02284560e+00  -5.32085277e+00 
  1.65645165e+00   4.44862369e+00  -5.60863542e+00 
  4.83527693e+00   4.70116969e+00  -3.60076252e+00 
  7.78481064e+00   7.06566184e+00  -3.21510047e+00 
  1.14239663e+01   7.14004787e+00  -2.14459930e+00 
  5.58002123e+00  -7.89683292e+00  -4.99454067e+00 
  4.56504171e+00  -9.69847241e+00  -2.86541576e+00 
  1.11310085e+00  -8.11156426e+00  -3.07032369e+00 
 -1.90407859e+00  -9.93741899e+00  -1.60732054e+00 
 -4.87913231e+00  -7.82199575e+00  -4.50569465e-01 
 -7.61503811e+00  -7.78071405e+00   2.16623086e+00 
 -2.52327623e+00  -9.89638316e+00   3.94179358e+00 
  7.84949690e-01  -1.04378403e+01   2.23821973e+00 
  2.53106237e+00  -7.16336591e+00   1.74378505e+00 
  6.21642411e+00  -7.23608142e+00   1.02111155e+00 
  8.68961725e+00  -4.43060540e+00   3.13459632e-01 
  9.66087429e+00  -4.01248793e+00   3.97592485e+00 
  7.60287332e+00  -6.51392006e+00   5.92255386e+00 
  3.99853567e+00  -7.75457052e+00   5.98683112e+00 
  6.38421432e+00  -1.04324395e+00   8.72079911e+00 
  5.88474274e+00   2.15911023e+00   1.06000464e+01 
 -4.88404427e+00   4.80498299e+00   8.59863428e+00 
 -7.58996831e+00   5.58538464e+00   6.08804400e+00 
 -4.88429536e+00   6.38947303e+00   3.64902705e+00 
 -7.02017251e+00   8.77557686e+00   1.62477776e+00 
 -1.07329928e+01   9.40933068e+00   1.70241264e+00 

   1.543834627284e+01 

 -9.54432584e-01  -1.35501765e+00  -1.94160624e-01 
 -7.47548159e-01   1.48430122e-01  -9.95598323e-02 
 -1.82031903e+00  -5.05029910e+00   1.40869833e+00 
 -2.41120706e-01  -2.37860873e+00   3.60171330e+00 
  2.36915781e-01  -1.97811889e+00   1.97206479e-01 
  6.43143501e-01  -3.29500106e+00  -8.29872943e-02 
  4.75332633e-01  -3.35095630e+00  -1.37540296e+00 
  3.35952897e-01  -4.68389248e+00  -1.62017999e+00 
 -7.57256458e-01  -5.20778630e+00  -8.76832930e-01 
 -5.59130402e-01  -5.25750621e+00   5.14894531e-01 
  3.62551147e-01  -4.25819879e+00   8.39049762e-01 
  4.21267124e-01  -4.02990408e+00   2.17638450e+00 
  6.91680632e-01  -2.89574768e+00   2.96492293e+00 
  1.44686764e+00  -1.91815104e+00   2.23346723e+00 
  2.00086243e+00  -1.02470040e+00   3.04716411e+00 
  2.78663037e+00  -1.79784601e-01   2.20167652e+00 
  1.88989816e+00   7.39738464e-01   1.62729729e+00 
  1.05280253e+00  -6.48371461e-03   8.57646171e-01 
  1.02547775e+00  -1.31350688e+00   1.10193364e+00 
 -6.15470859e-01  -5.90722069e-01  -1.35957174e+00 
  6.57261078e+00   4.76095757e+00  -1.21827605e+01 
  8.23593372e+00  -1.02182637e+00  -7.29097847e+00 
  7.87462829e+00  -1.14119580e+00  -3.56499352e+00 
  9.57773401e+00  -3.96065072e+00  -1.75877838e+00 
  7.50661800e+00  -5.83581969e+00   7.99869445e-01 
  1.03086464e+01  -5.44123177e+00   3.34875632e+00 
  9.77051136e+00  -1.72732208e+00   3.20972020e+00 
  6.11791930e+00  -1.88249479e+00   4.32138803e+00 
  5.01270742e+00  -6.86035211e-01   7.82041422e+00 
  2.76537544e+00  -3.28248736e+00   9.42854344e+00 
 -9.20737756e-01  -2.28133844e+00   9.17808084e+00 
 -3.91715986e+00  -3.05374801e+00   1.15116185e+01 
 -6.20805039e+00  -3.24701488e+00   8.44036855e+00 
 -5.73591993e+00  -3.34857549e+00   4.68077195e+00 
 -8.16165276e+00  -3.27007042e+00   1.78686990e+00 
 -7.45432557e+00  -4.00387084e+00  -1.82514997e+00 
 -9.71861969e+00  -2.41853216e+00  -4.37689972e+00 
 -9.26113723e+00  -2.42137648e+00  -8.15492082e+00 
 -2.84751181e+00   1.13597873e+01   6.28437962e+00 
 -4.24465464e+00   6.35965844e+00   5.81484672e+00 
 -1.94751821e+00   4.82863662e+00   3.29661593e+00 
 -2.81642606e+00   4.34141508e+00  -3.55494535e-01 
 -4.18609487e-01   2.82345767e+00  -2.84967419e+00 
 -1.08774429e+00   3.17697317e+00  -6.59821038e+00 
 -6.18901749e-02   1.67820975e-01  -8.65845487e+00 
 -1.47619014e+00  -1.10438133e-01  -1.21315981e+01 
 -5.22975123e+00   2.32065058e-02  -1.17966634e+01 
 -5.19925459e+00  -1.39341519e+00  -8.31416509e+00 
 -5.40300544e+00   5.14164050e-01  -5.07484745e+00 
 -4.25804404e+00  -8.19616129e-01  -1.75299477e+00 
 -5.32152291e+00   9.41236877e-01   1.42522444e+00 
 -4.14607594e+00   4.83217895e-01   4.97611253e+00 
 -4.56772913e+00   2.16189898e+00   8.35894358e+00 
 -4.40544894e+00   1.44623963e+00   1.20813698e+01 
 -5.20867697e+00  -1.19634622e+01   2.70499703e+00 
 -2.83274343e+00  -1.35405655e+01   1.88222980e+00 
 -2.26201759e+00  -1.12544044e+01  -1.10505989e+00 
 -5.08296604e-02  -1.24202740e+01  -3.99104179e+00 
  1.70669230e+00  -9.73940283e+00  -6.08581609e+00 
  4.90023733e+00  -9.15794082e+00  -8.03458512e+00 
  5.47923151e+00  -1.23323867e+01  -3.22393268e+00 
  3.05280168e+00  -1.35377781e+01  -6.16411181e-01 
  2.03240698e+00  -1.07013228e+01   1.60369560e+00 
  4.49576256e-01  -1.15435062e+01   4.90442426e+00 
 -9.34723475e-01  -9.31638590e+00   7.66337344e+00 
  2.36944700e+00  -9.16911298e+00   9.55878423e+00 
  4.84468311e+00  -1.12059168e+01   7.55715198e+00 
  5.81819314e+00  -1.16543115e+01   3.89848892e+00 
  7.64832116e+00  -5.64402166e+00   8.22688297e+00 
  9.47216804e+00  -2.43729233e+00   8.88001709e+00 
  1.00168820e+01   2.46326709e+00  -1.25215301e+00 
  8.20188301e+00   3.83781639e+00  -4.26055925e+00 
  5.15663749e+00   4.08611163e+00  -2.12026555e+00 
  3.61693221e+00   6.90132132e+00  -4.13445272e+00 
  4.55977619e+00   8.30724587e+00  -7.50003243e+00 

   1.543834627284e+01 

