 -2.15695206e-01   4.15819846e+00  -2.12328878e+00 
  1.27280168e+00   7.88934601e-01  -2.53045771e+00 
  1.09373383e-01   1.46436496e+00  -2.72440633e+00 
 -1.64295686e-01   2.46251131e+00  -1.79131836e+00 
  9.49447818e-02   2.06285000e+00  -5.27336676e-01 
  1.07632116e+00   1.19753459e+00  -2.81293375e-01 
  1.75526789e+00   8.61342133e-01  -1.29217231e+00 
  1.51898732e+00   1.17517511e+00   1.00207216e+00 
  2.15828477e+00   1.04021870e+00  -3.64863790e+00 
  4.64261188e-01   6.91427050e-01   1.67283197e+00 
  5.82419061e-01   3.23865522e-02   2.79810305e+00 
  8.81521539e-02  -1.23409330e+00   3.10370342e+00 
 -8.00372547e-01  -1.62607751e+00   2.19511479e+00 
 -1.40668949e+00  -4.44322867e-01   1.98378059e+00 
 -6.73755528e-01   3.10252848e-01   8.73244896e-01 
 -7.21661914e-01  -4.65092096e-01  -1.92613466e-01 
 -1.69480905e+00   3.02145930e-01   2.97422417e+00 
 -1.07569680e+00  -7.49511162e-01  -1.48032049e+00 
 -1.39321944e+00  -1.70787123e+00   2.73715516e-02 
  1.07731627e-01  -2.35273221e+00   4.03070891e+00 
  2.84986197e+00   1.86130650e+00  -4.13417211e+00 
  4.26493371e-01  -3.44977144e+00   3.11118949e+00 
 -3.47121809e-01  -4.39798722e+00   3.19247413e+00 
  8.90368746e-01  -2.77327576e+00   1.96600173e+00 
  8.66975423e-01  -3.55688652e+00   9.11225195e-01 
  2.67495203e+00  -1.30756713e+00   9.87534725e-01 
  1.89550856e+00  -1.79399987e+00   1.95328546e+00 
  1.98384940e+00  -1.60534144e+00  -2.31579758e-01 
  1.28779789e+00  -2.70179617e+00  -1.83313684e-01 
  1.12373640e+00  -3.27636648e+00  -1.36547653e+00 
  1.43156512e+00  -2.55006300e+00  -2.53231709e+00 
  2.66066253e+00  -2.02292615e+00  -2.45052788e+00 
  2.83080724e+00  -1.40898159e+00  -1.26842936e+00 
 -6.87006298e+00   7.77390480e+00  -5.61764574e+00 
 -6.33722359e+00   5.48932499e+00  -2.57604199e+00 
 -8.58947587e+00   2.49270806e+00  -2.30396874e+00 
 -6.93198025e+00  -6.96112781e-01  -1.22585577e+00 
 -9.66009771e+00  -1.31211146e+00   1.32155033e+00 
 -8.52735128e+00   1.84111454e+00   3.10367601e+00 
 -4.87784215e+00   6.59733993e-01   3.74810365e+00 
 -3.74408947e+00  -1.86288683e-01   7.22599122e+00 
 -1.98667604e+00  -3.58863278e+00   7.23604408e+00 
  1.85085850e+00  -3.12418082e+00   7.51697753e+00 
  4.66890568e+00  -5.33280734e+00   8.78778202e+00 
  6.95970822e+00  -4.17354768e+00   5.94714885e+00 
  6.60353420e+00  -2.16988579e+00   2.66538032e+00 
  9.15646228e+00  -8.51034233e-01   1.31925149e-01 
  8.40883620e+00   5.05973444e-01  -3.33844713e+00 
  1.09966154e+01   2.87851795e+00  -4.75540753e+00 
  1.06175356e+01   4.90524875e+00  -7.97011428e+00 
  5.57589972e+00   5.95184687e+00   1.24414129e+01 
  6.28416963e+00   5.57806248e+00   8.72784824e+00 
  3.79717162e+00   5.81807451e+00   5.88987854e+00 
  4.71041483e+00   7.19898730e+00   2.48923652e+00 
  2.23468216e+00   7.24898633e+00  -3.69405013e-01 
  3.07241254e+00   9.51690413e+00  -3.30701875e+00 
  1.77079158e+00   8.31114894e+00  -6.66160178e+00 
  6.66403037e+00   6.28707755e+00  -7.37697844e+00 
  7.05521088e+00   6.21307104e+00  -3.59848311e+00 
  5.46265567e+00   3.50385492e+00  -1.40910276e+00 
  6.70631409e+00   3.14460433e+00   2.12690351e+00 
  5.47163050e+00   1.04603876e+00   4.99994436e+00 
  6.10696729e+00   6.84908011e-01   8.76084106e+00 
  5.73340753e+00  -1.84090790e+00   1.15648046e+01 
  9.42898494e+00  -2.40690949e+00   1.22898026e+01 
  1.12774215e+01  -5.64362173e+00   1.15043190e+01 
  1.30741895e+01  -1.13150565e+00   8.16032957e+00 
  1.46525236e+01   2.93293786e+00   4.02374451e+00 
  1.02704564e+01  -4.80217400e+00  -6.72261997e+00 
  8.62356989e+00  -7.51751802e+00  -4.61710347e+00 
  4.93147325e+00  -8.16174019e+00  -3.60476784e+00 
  2.39153555e+00  -8.80422332e+00  -4.97209088e+00 
  2.23375485e+00  -5.27198581e+00  -6.34577063e+00 
 -1.01928191e-01  -4.46238802e+00  -9.14882978e+00 
 -1.40620942e+00  -9.51809783e-01  -9.32240129e+00 
 -5.58669704e+00  -4.25568222e+00  -8.21953430e+00 
 -3.37588351e+00  -6.90277441e+00  -6.74092698e+00 
 -2.06704614e+00  -5.52856734e+00  -3.37954798e+00 
 -6.90461666e-01  -8.36241086e+00  -1.16525708e+00 
  8.85410922e-01  -8.29685263e+00   2.33706969e+00 
 -2.43508290e+00  -8.79755337e+00   4.18809120e+00 
 -5.12066753e+00  -9.14094146e+00   1.51462149e+00 
 -6.02759319e+00  -7.43457049e+00  -1.76310859e+00 
 -8.14396695e+00  -8.11242140e+00  -4.79437793e+00 
 -8.82028290e+00  -6.89733927e+00  -8.29162104e+00 
 -8.69347990e+00  -7.55429513e+00   3.99670195e+00 
 -7.09963602e+00  -4.35862569e+00   5.22272605e+00 
 -8.46839655e+00  -1.72477641e+00   7.56867256e+00 
 -8.15457055e+00  -1.69580193e+00   1.13371563e+01 
 -1.29881183e+01  -4.86790132e+00   3.44236507e+00 
 -2.87605717e+00   8.82261614e+00   9.53217325e-01 
 -1.05356114e+00   1.21188510e+01   8.71806378e-01 

   2.441908997178e+01 

 -2.01755045e+00  -4.86619371e+00   3.92038695e+00 
 -2.78956306e+00  -3.79304346e+00   4.58350905e-01 
 -1.99998882e+00  -4.65719551e+00   1.14914856e+00 
 -1.56085375e+00  -4.20242187e+00   2.39099613e+00 
 -1.14870011e+00  -2.91685830e+00   2.34582793e+00 
 -1.71650091e+00  -2.05556260e+00   1.50429384e+00 
 -2.68279569e+00  -2.52168020e+00   8.37301321e-01 
 -1.53528511e+00  -7.44916981e-01   1.80900561e+00 
 -4.10670196e+00  -4.37515787e+00   3.03952461e-01 
 -2.17864628e-01  -5.76409118e-01   1.62904310e+00 
  3.11109632e-01   5.77850149e-01   1.30903929e+00 
  1.14288471e+00   8.67773544e-01   2.29336905e-01 
  1.60266079e+00  -2.49789797e-01  -3.25928065e-01 
  1.79159801e+00  -9.68418158e-01   7.95099336e-01 
  5.05459227e-01  -1.72275605e+00   1.13669503e+00 
  2.42241624e-01  -2.49145305e+00   9.77868240e-02 
  2.32135522e+00  -4.18804360e-01   1.81416215e+00 
  4.60736678e-02  -3.69893397e+00  -5.08787350e-01 
  1.18636052e+00  -2.36436386e+00  -9.68220091e-01 
  1.76742908e+00   1.90236127e+00  -5.77290707e-01 
 -5.09635431e+00  -4.63046441e+00   8.90138822e-01 
  1.31560900e+00   1.50151270e+00  -1.91362867e+00 
  2.22619294e+00   1.39963561e+00  -2.72889473e+00 
  2.65719930e-01   6.05233845e-01  -1.63309541e+00 
 -1.23154948e-02  -1.40545306e-01  -2.67887567e+00 
 -2.03051373e+00   3.17547620e-01  -6.66149405e-01 
 -8.23566382e-01   8.69873166e-01  -7.88778883e-01 
 -1.89928452e+00  -9.90012306e-01  -1.23676174e+00 
 -1.03984487e+00  -1.05176975e+00  -2.20968507e+00 
 -1.29476626e+00  -2.01738987e+00  -3.07982820e+00 
 -2.22827818e+00  -3.01729023e+00  -2.74434803e+00 
 -3.37685510e+00  -2.46990718e+00  -2.32436465e+00 
 -3.13554082e+00  -1.50970012e+00  -1.41716904e+00 
  1.50366184e+00  -1.17900264e+01   6.95783305e+00 
  2.85259661e+00  -8.46218933e+00   5.59384927e+00 
  5.56870179e+00  -8.67900766e+00   3.00500016e+00 
  5.26305814e+00  -6.29668751e+00   1.22409256e-01 
  8.89390396e+00  -5.30167194e+00   4.94242271e-01 
  8.02460689e+00  -3.90250887e+00   3.91309967e+00 
  5.36690570e+00  -1.35794933e+00   2.65147175e+00 
  6.08038800e+00   2.32731283e+00   2.73294099e+00 
  5.26349107e+00   3.89181669e+00  -6.65522703e-01 
  1.93654082e+00   5.87081793e+00  -4.75084604e-01 
  4.95791971e-01   8.76708723e+00  -2.46762871e+00 
 -2.99570195e+00   7.19864628e+00  -2.36604505e+00 
 -4.54543326e+00   3.80965083e+00  -1.35383544e+00 
 -8.16461588e+00   2.59503310e+00  -1.03535912e+00 
 -9.31939874e+00  -1.00630905e+00  -6.60246327e-01 
 -1.27001547e+01  -1.47377841e+00   9.78444372e-01 
 -1.42052820e+01  -4.82141594e+00   2.03371375e+00 
 -1.06153793e+00   9.94563824e+00   9.26697049e+00 
 -3.23177363e+00   7.19747501e+00   7.79401454e+00 
 -2.35490109e+00   3.53720498e+00   7.43296782e+00 
 -4.93516191e+00   7.85360347e-01   7.70665512e+00 
 -4.03732344e+00  -2.84722802e+00   7.15731786e+00 
 -6.53455669e+00  -5.42681033e+00   8.41604699e+00 
 -6.61661802e+00  -8.65635465e+00   6.42491679e+00 
 -1.07808893e+01  -6.49860940e+00   3.86456632e+00 
 -9.44873625e+00  -3.07472020e+00   4.83300684e+00 
 -6.52780713e+00  -1.40164035e+00   3.00586499e+00 
 -5.98700540e+00   2.28353613e+00   3.55912394e+00 
 -3.20684858e+00   4.58247450e+00   2.47820066e+00 
 -2.03547022e+00   8.16855012e+00   3.14629240e+00 
  5.16972714e-02   1.09105718e+01   1.56308264e+00 
 -2.74004980e+00   1.34166125e+01   9.07963689e-01 
 -4.02039734e+00   1.43117231e+01  -2.56615426e+00 
 -8.00490561e+00   1.13734352e+01   6.36967732e-01 
 -1.20524839e+01   7.74894183e+00   3.20646836e+00 
 -1.13170669e+01  -1.88511889e+00  -6.85150631e+00 
 -8.38419148e+00  -3.08252895e-01  -8.70360339e+00 
 -4.57895858e+00  -1.07738900e+00  -8.71104840e+00 
 -2.82514178e+00  -3.32394567e+00  -9.49255349e+00 
 -4.03156936e+00  -5.31243358e+00  -6.49604871e+00 
 -3.39112325e+00  -8.99014523e+00  -6.31640952e+00 
 -3.06460342e+00  -1.04998600e+01  -2.90033249e+00 
  1.76528393e+00  -1.08669741e+01  -5.37940103e+00 
  1.03829463e+00  -7.99214947e+00  -7.67895376e+00 
  1.08167818e+00  -4.78873949e+00  -5.52566524e+00 
  1.44562551e+00  -1.64688908e+00  -7.72226635e+00 
  1.59223553e+00   2.07938213e+00  -6.80173745e+00 
  5.41078422e+00   2.17295117e+00  -6.46619036e+00 
  6.65580436e+00  -1.31961204e+00  -7.32038447e+00 
  5.65142247e+00  -4.90637106e+00  -6.54314115e+00 
  6.31229590e+00  -8.36121140e+00  -7.86769318e+00 
  5.11320549e+00  -1.19215128e+01  -7.64192073e+00 
  1.05336657e+01  -1.24730174e+00  -4.79053842e+00 
  9.00853591e+00  -1.10385693e-01  -1.52906978e+00 
  1.06812225e+01   6.81016922e-01   1.77092020e+00 
  1.20549502e+01   4.03771056e+00   2.84156319e+00 
  1.34786619e+01  -4.34001004e+00  -2.01023753e+00 
  6.78035593e-01  -4.49681712e+00   9.47885658e+00 
 -1.64180464e+00  -4.38612515e+00   1.24452302e+01 

   2.441908997178e+01 

 -9.12067369e-01  -3.11740681e+00  -4.21587533e+00 
 -8.17579685e-01   4.05156465e-01  -3.06871860e+00 
 -6.92668462e-03  -5.77448065e-01  -3.54276257e+00 
 -3.49479219e-01  -1.87200803e+00  -3.15725470e+00 
 -6.78612760e-01  -1.94346679e+00  -1.84914566e+00 
 -1.26132725e+00  -9.11398089e-01  -1.24277475e+00 
 -1.52932166e+00   6.64856915e-02  -1.99629485e+00 
 -1.90884821e+00  -1.21019492e+00  -8.73884850e-02 
 -1.48269477e+00   1.04883243e+00  -4.18265492e+00 
 -9.08872934e-01  -1.56430916e+00   7.31776133e-01 
 -9.80272504e-01  -1.43590044e+00   2.03290793e+00 
 -9.54020204e-02  -7.67133531e-01   2.87636370e+00 
  1.03996558e+00  -4.86860703e-01   2.24307971e+00 
  1.15405313e+00  -1.61803488e+00   1.52457054e+00 
  4.23193819e-01  -1.44799983e+00   1.91604306e-01 
  9.91489360e-01  -4.22153787e-01  -4.11876374e-01 
  9.13106986e-01  -2.74086897e+00   2.07447562e+00 
  1.68291396e+00   1.63272788e-01  -1.43345947e+00 
  2.04285448e+00   1.82693917e-01   3.44875589e-01 
  1.44821371e-01  -2.35902776e-01   4.20721386e+00 
 -2.32995848e+00   8.96540927e-01  -4.98711695e+00 
  4.83711780e-01   1.15244270e+00   3.87816945e+00 
  1.53708891e+00   1.53178619e+00   4.37886491e+00 
  3.16478292e-02   1.27843272e+00   2.54999533e+00 
  5.79065131e-01   2.31740774e+00   1.96007009e+00 
 -1.95005568e+00   1.29745956e+00   1.01281410e+00 
 -1.25509741e+00   9.50329851e-01   2.09603031e+00 
 -9.65771270e-01   1.71527060e+00   5.93201828e-02 
  8.40310973e-02   2.26105633e+00   5.96966191e-01 
  6.99787268e-01   3.12108525e+00  -2.00373630e-01 
  3.71826372e-01   3.14613702e+00  -1.56990137e+00 
 -9.54167563e-01   3.24175993e+00  -1.73675316e+00 
 -1.59104699e+00   2.35300205e+00  -9.57183998e-01 
  4.30739687e+00  -7.58316056e+00  -8.94648944e+00 
  4.12408263e+00  -6.73832658e+00  -5.20386636e+00 
  7.27771757e+00  -5.45944375e+00  -3.60842829e+00 
  6.84760906e+00  -2.60119863e+00  -1.21601545e+00 
  9.01595190e+00  -4.35078715e+00   1.34300516e+00 
  6.38411831e+00  -7.07949420e+00   1.51484920e+00 
  3.46024504e+00  -4.76097845e+00   2.61271701e+00 
  2.07747833e+00  -4.97229577e+00   6.09698919e+00 
  1.85994565e+00  -1.47031791e+00   7.63106187e+00 
 -1.81437539e+00  -2.37600678e-01   7.66398089e+00 
 -3.71228854e+00   2.27895026e+00   9.78512731e+00 
 -5.64654619e+00   3.51622401e+00   6.72103576e+00 
 -5.46049806e+00   3.07130416e+00   2.88972293e+00 
 -7.75516765e+00   4.17506431e+00   2.76587577e-02 
 -6.92295698e+00   4.14761193e+00  -3.68051736e+00 
 -9.89548299e+00   3.97686528e+00  -6.01895278e+00 
 -9.71175859e+00   3.47636234e+00  -9.80067474e+00 
 -9.76356495e+00  -7.80161984e+00   7.97426084e+00 
 -9.49413978e+00  -5.69665901e+00   4.82331283e+00 
 -6.78941502e+00  -5.86288804e+00   2.18633184e+00 
 -7.46630807e+00  -5.19444741e+00  -1.47431051e+00 
 -4.69171745e+00  -5.19544914e+00  -4.04437460e+00 
 -5.74865768e+00  -5.45556203e+00  -7.68992483e+00 
 -3.42288964e+00  -3.72858634e+00  -1.01413832e+01 
 -6.84713928e+00   3.65295241e-01  -9.88241863e+00 
 -7.93455035e+00  -9.15914562e-01  -6.47484403e+00 
 -5.87471359e+00  -3.40608226e-01  -3.29749205e+00 
 -7.56161564e+00  -9.15197520e-01   1.96296338e-02 
 -6.20405547e+00  -9.42140734e-01   3.53233360e+00 
 -7.39180210e+00  -1.87754373e+00   7.05265907e+00 
 -6.62006123e+00  -1.15002471e+00   1.06936255e+01 
 -9.84680023e+00   6.64848908e-01   1.15867445e+01 
 -1.00502679e+01   4.39418654e+00   1.23355101e+01 
 -1.27770408e+01   2.93203785e+00   7.31588235e+00 
 -1.49690983e+01   2.04791711e+00   1.78999869e+00 
 -5.78493385e+00   1.05809653e+01  -4.32204107e+00 
 -3.65703769e+00   1.11704994e+01  -1.21671735e+00 
 -3.03669891e-01   9.62788742e+00  -1.39306213e-02 
  2.50164086e+00   9.55364738e+00  -9.40408057e-01 
  1.51356680e+00   7.21028748e+00  -3.75482925e+00 
  3.84882085e+00   6.64241622e+00  -6.61701640e+00 
  3.65113912e+00   3.32219705e+00  -8.34690159e+00 
  8.48314023e+00   3.65094218e+00  -5.86656747e+00 
  7.26091389e+00   6.16302805e+00  -3.36124105e+00 
  4.86016238e+00   4.30189360e+00  -9.79447629e-01 
  4.30913572e+00   6.29504322e+00   2.26900775e+00 
  2.16260995e+00   5.54297806e+00   5.36429291e+00 
  4.95616063e+00   3.71551201e+00   7.25085154e+00 
  8.03765948e+00   3.86084880e+00   5.02352970e+00 
  8.83396799e+00   3.40559389e+00   1.33078463e+00 
  1.16123479e+01   4.21642630e+00  -1.06718732e+00 
  1.24428120e+01   4.34510619e+00  -4.73574400e+00 
  1.00966893e+01  -1.21138228e-03   6.53615840e+00 
  7.14844000e+00  -2.33455827e+00   6.19105688e+00 
  6.84643967e+00  -5.99320853e+00   7.10604679e+00 
  5.78919276e+00  -7.38733035e+00   1.04585756e+01 
  1.29793113e+01  -3.84756441e+00   4.84382893e+00 
 -1.01665873e+00  -9.27007619e+00  -3.55790271e+00 
 -3.94407772e+00  -1.10571860e+01  -5.11666515e+00 

   2.441908997178e+01 

  6.46619295e-01   2.82687782e+00  -4.98383278e+00 
  1.13220026e+00  -2.59860739e-01  -2.99144611e+00 
  1.78832441e+00   8.65280554e-01  -3.37996357e+00 
  9.96801899e-01   2.00546968e+00  -3.50367671e+00 
  1.32149209e-01   2.13918666e+00  -2.47456059e+00 
 -3.70598465e-01   1.06386633e+00  -1.87178483e+00 
 -3.09238830e-02  -4.03259418e-02  -2.38291186e+00 
 -1.50351038e+00   1.27957925e+00  -1.15522437e+00 
  1.19729856e+00  -1.23797675e+00  -4.05756159e+00 
 -1.07826467e+00   2.06206251e+00  -1.53593624e-01 
 -1.66570216e+00   2.09675990e+00   1.01612598e+00 
 -1.09051416e+00   1.89198406e+00   2.26867866e+00 
  2.36541332e-01   1.93135920e+00   2.19099739e+00 
  3.56008188e-01   2.92377607e+00   1.29118472e+00 
  3.37636754e-01   2.33373985e+00  -1.19980035e-01 
  1.35000048e+00   1.49050960e+00  -1.79907306e-01 
 -3.74303236e-01   3.96141958e+00   1.39676981e+00 
  2.53645601e+00   1.04152061e+00  -6.85037424e-01 
  2.09044098e+00   1.39003017e+00   1.03891780e+00 
 -1.31815683e+00   1.66229452e+00   3.68518742e+00 
  7.69323810e-01  -1.49540239e+00  -5.12469669e+00 
 -5.30181422e-01   4.41373402e-01   3.88283986e+00 
  2.64506944e-01   5.16197398e-01   4.81400718e+00 
 -3.20161806e-01  -1.20317366e-02   2.56579874e+00 
  6.71628895e-01  -8.72728727e-01   2.51385173e+00 
 -1.37350433e+00  -9.15891484e-01   4.76793225e-01 
 -1.32414089e+00  -2.07631856e-01   1.60495764e+00 
 -5.04831165e-03  -1.09984391e+00   9.46647787e-02 
  8.13017569e-01  -1.17597532e+00   1.10164170e+00 
  1.90751761e+00  -1.87539727e+00   8.41959593e-01 
  2.21717608e+00  -2.19830134e+00  -4.93569054e-01 
  1.16376032e+00  -2.76199747e+00  -1.10003840e+00 
  5.12692952e-02  -2.04549097e+00  -8.71529739e-01 
  6.06444743e+00   8.11025991e+00  -8.49060984e+00 
  4.51476245e+00   7.77535196e+00  -4.99191163e+00 
  6.88896781e+00   7.87940946e+00  -2.08009120e+00 
  6.21667056e+00   5.40256609e+00   6.56962135e-01 
  6.55329435e+00   8.11974936e+00   3.26750931e+00 
  3.50446238e+00   9.78436595e+00   1.73924370e+00 
  1.08879556e+00   6.78213146e+00   2.26934346e+00 
 -1.65828044e+00   6.98534716e+00   4.82064278e+00 
 -1.61437422e+00   3.86449247e+00   7.03940069e+00 
 -4.49974925e+00   1.47033750e+00   6.05759448e+00 
 -6.41479752e+00  -1.22610811e+00   7.92739027e+00 
 -6.46213032e+00  -3.45629808e+00   4.81533816e+00 
 -4.77032310e+00  -3.50457661e+00   1.34446174e+00 
 -5.25067321e+00  -5.70569981e+00  -1.75384856e+00 
 -2.94545978e+00  -5.90516891e+00  -4.76882808e+00 
 -4.56211617e+00  -7.08007508e+00  -7.98431609e+00 
 -2.90773387e+00  -7.07064680e+00  -1.14264969e+01 
 -1.34465154e+01   5.83913225e+00   1.43490229e+00 
 -1.13258614e+01   3.54098126e+00  -7.22237502e-01 
 -7.89248431e+00   4.25562610e+00  -2.13575847e+00 
 -6.73871725e+00   2.90116352e+00  -5.47335524e+00 
 -3.23147245e+00   3.49512024e+00  -6.75789130e+00 
 -2.64973208e+00   2.87684735e+00  -1.04665480e+01 
  8.57054745e-01   1.72695751e+00  -1.13505670e+01 
 -1.18091587e+00  -3.21209678e+00  -1.12810469e+01 
 -3.91117261e+00  -1.92365933e+00  -8.97428446e+00 
 -3.34262167e+00  -1.32099134e+00  -5.23489794e+00 
 -6.37398377e+00  -9.06471789e-01  -3.03987971e+00 
 -6.71116809e+00   6.30121306e-02   5.83543032e-01 
 -9.48882046e+00   1.01109239e+00   3.04610336e+00 
 -1.01969259e+01   1.09681909e+00   6.77071636e+00 
 -1.29153460e+01  -1.56827977e+00   6.87421894e+00 
 -1.24645185e+01  -5.00351572e+00   8.45722772e+00 
 -1.30463099e+01  -5.26130708e+00   2.59506989e+00 
 -1.28004403e+01  -5.94392871e+00  -3.37114765e+00 
 -4.77613960e-02  -1.15888999e+01  -3.22182090e+00 
  6.14300226e-01  -1.09861507e+01   4.81811899e-01 
  2.61253784e+00  -8.24365629e+00   2.36786433e+00 
  5.42265799e+00  -7.34568284e+00   2.54253207e+00 
  5.17772438e+00  -5.88889748e+00  -9.51230446e-01 
  8.28533418e+00  -4.95748906e+00  -2.80682850e+00 
  8.01176785e+00  -2.17403962e+00  -5.30342755e+00 
  1.12194436e+01  -4.92948609e-01  -1.24225595e+00 
  9.72409724e+00  -2.90228681e+00   1.21540591e+00 
  6.14808702e+00  -1.66272610e+00   1.97435869e+00 
  4.78372168e+00  -3.25875214e+00   5.20235284e+00 
  1.40401418e+00  -2.86622283e+00   6.98489681e+00 
  2.55123417e+00   4.42190307e-02   9.20207420e+00 
  6.21466777e+00   6.53666867e-01   8.37409586e+00 
  8.37334694e+00   8.41971693e-01   5.24641685e+00 
  1.20165054e+01   7.05749615e-01   4.33211197e+00 
  1.43429140e+01   3.65903307e-01   1.39325764e+00 
  6.36823494e+00   5.15485370e+00   9.45061452e+00 
  3.36747045e+00   6.27302073e+00   7.45039163e+00 
  1.78272220e+00   9.69845391e+00   7.18749827e+00 
 -9.26488911e-01   1.10946384e+01   9.42616757e+00 
  8.61463253e+00   9.48251250e+00   7.96974064e+00 
 -1.29101903e+00   8.60397938e+00  -6.06543489e+00 
 -3.61413288e+00   9.05473612e+00  -8.99685848e+00 

   2.441908997178e+01 

 -4.54582710e+00   2.40461892e+00   1.61752242e+00 
 -1.52811268e+00   7.62985731e-01   3.00741040e+00 
 -2.84487326e+00   5.29681940e-01   2.76430844e+00 
 -3.36037908e+00   1.14650868e+00   1.62605426e+00 
 -2.52645085e+00   1.04232566e+00   5.68560001e-01 
 -1.20776999e+00   1.01478082e+00   7.49473615e-01 
 -8.31585497e-01   1.16322979e+00   1.94626865e+00 
 -4.67377724e-01   1.31811727e+00  -3.47470624e-01 
 -1.39825176e+00   1.49134369e+00   4.25247336e+00 
 -7.18342274e-01   2.90171296e-01  -1.17010177e+00 
  1.29295999e-01  -1.07357981e-01  -2.08553090e+00 
  6.48502969e-01  -1.38681946e+00  -2.27278751e+00 
 -3.99551587e-02  -2.28303528e+00  -1.57172855e+00 
 -1.27155071e+00  -1.77136934e+00  -1.74550078e+00 
 -1.55895622e+00  -7.54567057e-01  -6.39436841e-01 
 -1.45473174e+00  -1.41044909e+00   5.00065189e-01 
 -1.62448233e+00  -1.35519629e+00  -2.89591214e+00 
 -1.94382356e+00  -1.89238719e+00   1.68029785e+00 
 -1.10523238e+00  -2.78783148e+00   3.43378144e-01 
  1.64479576e+00  -2.20571665e+00  -2.94202858e+00 
 -1.55815316e+00   2.55053214e+00   4.74314539e+00 
  2.25798425e+00  -2.86909811e+00  -1.78680349e+00 
  2.30862873e+00  -4.08994739e+00  -1.89245841e+00 
  1.81340600e+00  -2.08564856e+00  -7.03826681e-01 
  1.94392402e+00  -2.73183953e+00   4.33076514e-01 
  1.88955683e+00   1.54499091e-01   4.21507274e-01 
  1.93252374e+00  -6.90599893e-01  -6.08436875e-01 
  1.18714196e+00  -5.51790989e-01   1.45121606e+00 
  1.37448148e+00  -1.83756051e+00   1.42418027e+00 
  1.23447062e+00  -2.41723959e+00   2.60694201e+00 
  6.39750723e-01  -1.69623905e+00   3.66063012e+00 
  1.22861824e+00  -5.01703618e-01   3.80747469e+00 
  1.34878004e+00   1.12072422e-01   2.61916742e+00 
 -1.26815611e+01   8.12137762e-01   2.53311492e+00 
 -9.92680021e+00  -5.11489184e-01   2.06340276e-01 
 -9.62292548e+00  -4.24581668e+00  -9.17127033e-02 
 -6.12304622e+00  -5.59822013e+00  -9.86231206e-02 
 -6.90520064e+00  -7.74660004e+00  -3.11259978e+00 
 -7.46182374e+00  -4.55101767e+00  -5.08245884e+00 
 -3.89647476e+00  -3.09921821e+00  -4.52529740e+00 
 -1.45444311e+00  -2.92181178e+00  -7.37167400e+00 
  1.91007939e+00  -4.40449414e+00  -6.30107150e+00 
  4.48346463e+00  -1.58024475e+00  -5.65098355e+00 
  8.27923494e+00  -1.43139356e+00  -5.71683338e+00 
  8.31854674e+00   8.44933024e-01  -2.63825450e+00 
  5.78791288e+00   2.05947778e+00   1.35936971e-02 
  6.01570708e+00   4.63502880e+00   2.84022651e+00 
  3.54045504e+00   5.09727246e+00   5.68686601e+00 
  3.49944957e+00   8.53527291e+00   7.27173729e+00 
  9.59366065e-01   9.75474659e+00   9.84982544e+00 
  3.15161895e+00   7.90966758e+00  -1.10052366e+01 
  2.71472444e+00   7.97074681e+00  -7.23199978e+00 
 -1.28323457e-01   6.47937835e+00  -5.23456751e+00 
 -1.39733414e+00   8.02662367e+00  -2.02505925e+00 
 -4.12192910e+00   6.39614900e+00   2.96227812e-02 
 -5.84416706e+00   8.58855224e+00   2.61846079e+00 
 -7.10617857e+00   6.73339252e+00   5.67901620e+00 
 -2.55611723e+00   8.29722709e+00   8.00361894e+00 
 -1.02959359e+00   8.59934291e+00   4.53750041e+00 
  1.81894483e-01   5.56319531e+00   2.54161092e+00 
  2.42227438e+00   6.18606236e+00  -4.20115298e-01 
  3.73333428e+00   3.86724118e+00  -3.08225260e+00 
  5.60712210e+00   4.10514708e+00  -6.41552909e+00 
  7.78063972e+00   2.00866549e+00  -8.70945377e+00 
  1.10262734e+01   3.96428497e+00  -8.32907649e+00 
  1.41022483e+01   2.64422424e+00  -6.51088326e+00 
  1.15629027e+01   7.16102905e+00  -3.69662841e+00 
  8.88982530e+00   1.11717754e+01  -1.06259794e-01 
  7.07573291e+00   2.12255480e+00   1.03502929e+01 
  8.22516971e+00  -9.55520580e-01   8.42084347e+00 
  6.27760251e+00  -3.78741408e+00   6.61563312e+00 
  4.40570609e+00  -5.94749363e+00   7.36643304e+00 
  1.68332820e+00  -3.37878740e+00   7.98206242e+00 
 -1.38978398e+00  -4.33529822e+00   9.88181846e+00 
 -4.54568179e+00  -2.48380877e+00   9.06466979e+00 
 -5.18107111e+00  -7.66608481e+00   7.53213565e+00 
 -1.48797934e+00  -8.23683860e+00   7.19098115e+00 
 -3.22219844e-01  -6.24765925e+00   4.09509042e+00 
  3.11697293e+00  -7.47536491e+00   2.87303067e+00 
  5.32515797e+00  -6.31468155e+00  -4.77052008e-02 
  3.82358890e+00  -8.77428926e+00  -2.57718762e+00 
  1.24824032e+00  -1.08357074e+01  -6.80913548e-01 
 -1.49578106e+00  -1.02021131e+01   1.87772581e+00 
 -3.56804193e+00  -1.21654128e+01   4.32278262e+00 
 -5.91304600e+00  -1.17670800e+01   7.23942865e+00 
 -1.51921596e+00  -1.18380492e+01  -4.25577787e+00 
 -1.94553472e+00  -8.33024726e+00  -5.58594873e+00 
 -3.80942578e+00  -7.12043121e+00  -8.64803751e+00 
 -2.40525784e+00  -6.78920428e+00  -1.21436630e+01 
 -6.44739519e+00  -1.25465048e+01  -5.34162331e+00 
 -8.35927627e+00   4.36478553e+00  -2.84505085e+00 
 -9.09716670e+00   8.05888173e+00  -2.89459719e+00 

   2.441908997178e+01 

 -6.34476822e+00  -1.55485047e+00   3.01783119e+00 
 -3.53779186e+00   8.53300761e-01   3.25243695e+00 
 -4.65675095e+00   5.97148655e-01   2.52462909e+00 
 -4.96415763e+00  -7.51622664e-01   2.35681632e+00 
 -3.87238970e+00  -1.48960812e+00   2.06016037e+00 
 -2.67857792e+00  -1.15255497e+00   2.54349905e+00 
 -2.68254382e+00  -1.63550478e-01   3.32945365e+00 
 -1.75159568e+00  -2.14459943e+00   2.53783638e+00 
 -3.91079939e+00   1.55493380e+00   4.46327444e+00 
 -1.54235060e+00  -2.34961263e+00   1.22995098e+00 
 -4.13119058e-01  -2.81503964e+00   7.57992845e-01 
  4.00269022e-01  -2.25273001e+00  -2.23776119e-01 
 -2.42862284e-01  -1.28693153e+00  -8.73604149e-01 
 -1.46117027e+00  -1.85447819e+00  -9.23029510e-01 
 -2.24997496e+00  -1.47209252e+00   3.30539226e-01 
 -2.32030027e+00  -1.55069068e-01   3.34066141e-01 
 -1.56956601e+00  -3.09002815e+00  -1.21090746e+00 
 -2.99569987e+00   1.03138272e+00   3.09738920e-01 
 -1.65331930e+00   4.61534156e-01  -7.69935552e-01 
  1.69285156e+00  -2.27431139e+00  -8.86980593e-01 
 -4.42207247e+00   1.40921856e+00   5.51473750e+00 
  2.09730758e+00  -8.74760900e-01  -7.18772797e-01 
  2.43638706e+00  -3.33270371e-01  -1.76567963e+00 
  1.21758289e+00  -4.12749784e-01   2.79681992e-01 
  1.17054094e+00   9.00481890e-01   2.98555850e-01 
  5.01152973e-01  -5.93347838e-01   2.67646097e+00 
  1.00302453e+00  -1.03031209e+00   1.52146721e+00 
 -2.85182906e-01   5.52657812e-01   2.32878376e+00 
  1.74761354e-01   1.21170383e+00   1.30744154e+00 
 -1.52821725e-01   2.49513032e+00   1.31531348e+00 
 -1.15198895e+00   2.94494480e+00   2.20025640e+00 
 -8.96688032e-01   2.53400078e+00   3.44973214e+00 
 -5.93561289e-01   1.22586704e+00   3.46132249e+00 
 -1.38821368e+01  -1.00646664e+00  -5.10882929e-01 
 -1.03813826e+01  -1.95212020e+00  -1.77778286e+00 
 -9.21129249e+00  -2.55347508e-01  -4.92074783e+00 
 -5.63512897e+00   8.80103829e-01  -4.92229589e+00 
 -5.08803963e+00  -6.81292318e-01  -8.32436768e+00 
 -5.76356617e+00  -4.06141663e+00  -6.73680851e+00 
 -2.88295340e+00  -3.87337193e+00  -4.12978472e+00 
  1.42270166e-01  -6.06869446e+00  -4.48394971e+00 
  3.32701557e+00  -3.96859950e+00  -4.14996435e+00 
  4.95635299e+00  -4.53126792e+00  -6.78657049e-01 
  8.50280480e+00  -4.17613947e+00   6.36990488e-01 
  7.21380241e+00  -2.72069164e+00   3.93562664e+00 
  3.85853618e+00  -1.41429663e+00   5.33099261e+00 
  2.75029951e+00  -3.01805344e-01   8.82518506e+00 
 -4.43896825e-01   1.56214880e+00   9.70078949e+00 
 -1.65291020e+00   1.14391482e+00   1.32640342e+01 
 -4.99807926e+00   2.38391514e+00   1.46270903e+01 
  3.11696146e+00  -1.41069479e+01   4.36349190e+00 
  1.66970203e+00  -1.09889073e+01   5.98064569e+00 
 -1.21830055e+00  -8.89384966e+00   4.72884242e+00 
 -3.61312249e+00  -7.12202617e+00   7.05924343e+00 
 -6.37559660e+00  -4.89194491e+00   5.75576425e+00 
 -9.16600796e+00  -4.03570693e+00   8.19610824e+00 
 -1.07811734e+01  -6.48412051e-01   7.63151634e+00 
 -7.48076147e+00   1.11015014e+00   1.14482106e+01 
 -5.17295190e+00  -1.79298084e+00   1.06227582e+01 
 -2.84092375e+00  -1.77930040e+00   7.58451401e+00 
 -6.94705425e-02  -4.32645268e+00   7.48376677e+00 
  2.38235440e+00  -5.23304734e+00   4.77278442e+00 
  4.99368129e+00  -7.94589432e+00   4.06578701e+00 
  8.10670434e+00  -8.54276028e+00   1.98387854e+00 
  1.06269072e+01  -8.80375349e+00   4.82706912e+00 
  1.33030220e+01  -6.18883481e+00   5.54164465e+00 
  9.18440533e+00  -6.43545489e+00   9.75424571e+00 
  4.83863070e+00  -5.78096518e+00   1.38540093e+01 
  2.24701040e+00   7.49979717e+00   1.04741167e+01 
  4.51182404e+00   7.58340922e+00   7.41108613e+00 
  3.78475020e+00   7.24904116e+00   3.61227252e+00 
  2.29014378e+00   8.75193969e+00   1.55288231e+00 
 -9.83837508e-01   7.61098305e+00   3.09166659e+00 
 -4.17631075e+00   9.31983037e+00   2.16648558e+00 
 -7.31357461e+00   7.27309595e+00   2.32104902e+00 
 -6.37765862e+00   8.54156210e+00  -2.88696599e+00 
 -2.69783476e+00   9.01788069e+00  -2.32742143e+00 
 -1.19222572e+00   5.51963133e+00  -1.69832530e+00 
  2.63002158e+00   5.55120759e+00  -2.16540839e+00 
  5.24433658e+00   2.75952796e+00  -1.81065915e+00 
  5.05207580e+00   1.67662884e+00  -5.48394464e+00 
  2.56540088e+00   4.01182604e+00  -7.16947790e+00 
 -8.39632686e-01   5.50893770e+00  -6.36814555e+00 
 -3.02448536e+00   8.32469599e+00  -7.56189496e+00 
 -6.10174399e+00   1.02975450e+01  -6.66585749e+00 
  1.15565001e+00   1.13265209e+00  -1.05110521e+01 
  3.61475119e-01  -1.84710025e+00  -8.33248859e+00 
 -8.16236729e-01  -5.30670952e+00  -9.31138130e+00 
  1.37853813e+00  -8.26550979e+00  -1.01653488e+01 
 -3.01992020e+00  -5.98401305e-02  -1.31776034e+01 
 -9.13266975e+00  -6.83840506e+00   1.40201441e+00 
 -1.06068671e+01  -8.86558900e+00   4.21458466e+00 

   2.441908997178e+01 

  9.68543549e-01   5.19935213e+00   4.24568643e+00 
  1.27607752e-01   4.40841386e+00   7.24238986e-01 
  1.16524929e+00   4.82023750e+00   1.49953826e+00 
  1.19199509e+00   4.29454827e+00   2.78980163e+00 
  9.17198818e-01   2.97213062e+00   2.80662646e+00 
  8.79150790e-02   2.44396303e+00   1.90899895e+00 
 -4.47397219e-01   3.27672381e+00   1.12425665e+00 
 -4.34600397e-01   1.23662282e+00   2.24483753e+00 
 -7.05948155e-01   5.54867798e+00   4.04030851e-01 
  6.37941735e-01   4.33003599e-01   2.22974952e+00 
  5.57124337e-01  -8.51175220e-01   1.98708932e+00 
  1.24289135e+00  -1.58393358e+00   1.02041907e+00 
  2.24910874e+00  -8.75280132e-01   5.16437002e-01 
  2.65210165e+00  -2.66644597e-01   1.64603247e+00 
  1.87943320e+00   1.04196252e+00   1.82038017e+00 
  2.13881864e+00   1.76827635e+00   7.50475380e-01 
  2.73311338e+00  -9.34321281e-01   2.72716706e+00 
  2.62847299e+00   2.87268173e+00   1.14117259e-01 
  3.00062559e+00   1.12301845e+00  -1.90170099e-01 
  1.35372625e+00  -2.84401537e+00   3.05586899e-01 
 -1.49439213e+00   6.29499466e+00   8.61824654e-01 
  1.29909466e+00  -2.36543468e+00  -1.07954704e+00 
  2.21932186e+00  -2.77814246e+00  -1.77744029e+00 
  8.06791756e-01  -1.05323521e+00  -9.37941374e-01 
  1.04276687e+00  -3.40059881e-01  -2.01629349e+00 
 -1.13274038e+00   3.86735061e-01  -2.63302449e-01 
 -3.51119594e-01  -6.92570746e-01  -2.31817108e-01 
 -3.14691466e-01   1.42033561e+00  -8.24549630e-01 
  5.57762395e-01   9.87042325e-01  -1.68484696e+00 
  9.04271858e-01   1.89198813e+00  -2.58793083e+00 
  5.57991892e-01   3.24104850e+00  -2.37836345e+00 
 -7.47207039e-01   3.35602088e+00  -2.09822013e+00 
 -1.10659669e+00   2.46496614e+00  -1.16008657e+00 
  7.11750929e+00   9.70189362e+00   7.63416895e+00 
  6.77780339e+00   6.05563392e+00   6.47487342e+00 
  9.49579394e+00   4.73821341e+00   4.23806590e+00 
  8.35100474e+00   2.62035768e+00   1.36015998e+00 
  1.09555770e+01   3.41738273e-03   2.18428617e+00 
  9.16236555e+00  -5.54465213e-01   5.48202484e+00 
  5.74030919e+00  -1.55160094e+00   3.92474692e+00 
  4.52684906e+00  -5.09904610e+00   4.12474393e+00 
  3.39783508e+00  -6.29083647e+00   6.65045747e-01 
 -4.71750379e-01  -6.36977572e+00   4.61606494e-01 
 -2.94189920e+00  -8.31815853e+00  -1.66830767e+00 
 -5.19147584e+00  -5.23866924e+00  -2.01037004e+00 
 -4.95874013e+00  -1.46492309e+00  -1.22538621e+00 
 -7.51567773e+00   1.38425407e+00  -1.36490659e+00 
 -6.77158080e+00   5.10586757e+00  -1.16537954e+00 
 -9.62756927e+00   7.27876667e+00   4.09308930e-02 
 -9.38118957e+00   1.09976594e+01   8.74485083e-01 
 -6.07473288e+00  -7.78084716e+00   9.79518773e+00 
 -6.43891279e+00  -4.42980675e+00   8.04309625e+00 
 -3.83613514e+00  -1.70160317e+00   7.76151036e+00 
 -4.73197972e+00   1.97235469e+00   7.69225988e+00 
 -2.10542911e+00   4.65340099e+00   7.22663538e+00 
 -3.11595778e+00   8.20408180e+00   8.14658942e+00 
 -1.38631859e+00   1.09161562e+01   6.13306243e+00 
 -5.78435963e+00   1.09042546e+01   3.09834530e+00 
 -6.42573499e+00   7.34163464e+00   4.25242624e+00 
 -4.54307839e+00   4.33288829e+00   2.81280130e+00 
 -5.95405813e+00   9.02190224e-01   3.45974376e+00 
 -4.57888271e+00  -2.53088829e+00   2.74865361e+00 
 -5.40832637e+00  -6.17627113e+00   3.58628084e+00 
 -4.79872060e+00  -9.68955323e+00   2.29526031e+00 
 -8.37979845e+00  -1.05462621e+01   1.32304443e+00 
 -9.57035543e+00  -1.09344207e+01  -2.27444292e+00 
 -1.18874181e+01  -6.21140625e+00   3.89048637e-01 
 -1.38547266e+01  -9.04146202e-01   2.41015318e+00 
 -7.42557138e+00   6.42583314e+00  -7.56261895e+00 
 -5.48249400e+00   3.49318153e+00  -9.02635828e+00 
 -1.81666071e+00   2.29868791e+00  -8.57218375e+00 
  8.87815927e-01   3.33998523e+00  -9.15110205e+00 
  5.20938285e-01   5.86337376e+00  -6.34281010e+00 
  2.87266064e+00   8.75931018e+00  -6.11706982e+00 
  3.54945474e+00   1.01447056e+01  -2.69975135e+00 
  8.15523037e+00   7.93074571e+00  -4.56886290e+00 
  6.34341101e+00   5.63070743e+00  -6.91582000e+00 
  4.57662965e+00   2.97133437e+00  -4.74635286e+00 
  3.56407340e+00  -8.78296675e-02  -6.85466578e+00 
  1.75473972e+00  -3.33627453e+00  -5.89139911e+00 
  4.97052156e+00  -5.26390097e+00  -5.08786655e+00 
  7.85893016e+00  -2.89529926e+00  -5.81211942e+00 
  8.68433058e+00   7.67417035e-01  -5.19490475e+00 
  1.10981544e+01   3.35711005e+00  -6.45746501e+00 
  1.17990701e+01   7.05455749e+00  -6.41123971e+00 
  1.09108976e+01  -4.68396180e+00  -2.82391944e+00 
  8.69727627e+00  -4.70356182e+00   2.34719611e-01 
  9.41106103e+00  -5.98547120e+00   3.72203263e+00 
  8.82827630e+00  -9.50306174e+00   4.98207830e+00 
  1.46957488e+01  -3.24744598e+00   2.71115981e-01 
  2.54180409e+00   3.93751621e+00   1.00964838e+01 
  1.79544297e-01   5.17895242e+00   1.27557785e+01 

   2.441908997178e+01 

  2.29838139e+00   2.63814590e+00   4.61714592e+00 
  1.91857288e+00  -4.99130352e-01   2.68153446e+00 
  2.74768053e+00   5.69391118e-01   2.81655302e+00 
  2.12231364e+00   1.77457997e+00   3.13004969e+00 
  1.00207638e+00   1.97155570e+00   2.40145272e+00 
  2.58414077e-01   9.37296717e-01   2.01456463e+00 
  6.47570835e-01  -1.86708273e-01   2.44005262e+00 
 -1.01658397e+00   1.24220964e+00   1.66116901e+00 
  2.22318903e+00  -1.46825900e+00   3.71378909e+00 
 -8.51142613e-01   1.97496745e+00   5.51181043e-01 
 -1.75785042e+00   2.04803666e+00  -3.90664225e-01 
 -1.60306327e+00   1.78178660e+00  -1.74963973e+00 
 -3.15084373e-01   1.70778435e+00  -2.07258724e+00 
  1.46803666e-01   2.69542381e+00  -1.28515205e+00 
  5.06231341e-01   2.12362302e+00   8.73354144e-02 
  1.42007787e+00   1.19718347e+00  -1.27380957e-01 
 -4.97270553e-01   3.79084527e+00  -1.20498184e+00 
  2.66412559e+00   6.53104748e-01   1.66603457e-02 
  1.75031233e+00   1.02098481e+00  -1.50715707e+00 
 -2.26264951e+00   1.55801986e+00  -3.02476717e+00 
  2.11624016e+00  -1.67702363e+00   4.86842623e+00 
 -1.66921210e+00   2.71949811e-01  -3.40486711e+00 
 -1.18725638e+00   2.68680191e-01  -4.53265645e+00 
 -1.11012770e+00  -1.84319837e-01  -2.19510497e+00 
 -2.19611770e-01  -1.12647460e+00  -2.41067950e+00 
 -1.55595483e+00  -9.72901133e-01   1.43658516e-01 
 -1.79167097e+00  -2.83086691e-01  -9.72324162e-01 
 -1.54884822e-01  -1.26983441e+00   1.06699545e-01 
  3.14634884e-01  -1.42627784e+00  -1.09501049e+00 
  1.37785237e+00  -2.21446134e+00  -1.14878347e+00 
  2.04750327e+00  -2.54909146e+00   4.42725000e-02 
  1.18358078e+00  -3.01395304e+00   9.56842945e-01 
  1.13962566e-01  -2.20688415e+00   1.04510816e+00 
  8.91800765e+00   7.47208733e+00   6.15923269e+00 
  6.36851664e+00   7.23577891e+00   3.29587278e+00 
  7.76000508e+00   7.10564336e+00  -1.93138819e-01 
  6.10413433e+00   4.66784130e+00  -2.51551063e+00 
  5.85519909e+00   7.31918925e+00  -5.20246846e+00 
  3.54677417e+00   9.25516978e+00  -2.89485620e+00 
  8.54360611e-01   6.46633203e+00  -2.57367543e+00 
 -2.50667774e+00   6.87870943e+00  -4.19546997e+00 
 -3.37698284e+00   3.74307811e+00  -6.21411646e+00 
 -6.01426130e+00   1.61587281e+00  -4.33234323e+00 
 -8.60863895e+00  -9.25050022e-01  -5.44916051e+00 
 -7.89577524e+00  -3.11095499e+00  -2.38737985e+00 
 -5.24976081e+00  -3.26889214e+00   4.20678034e-01 
 -4.95037386e+00  -5.38877381e+00   3.59741779e+00 
 -1.86995813e+00  -5.75470651e+00   5.79310233e+00 
 -2.53466022e+00  -6.75338591e+00   9.38394569e+00 
  7.17190684e-02  -6.85091075e+00   1.21737404e+01 
 -1.27876135e+01   6.78433030e+00   2.58929110e+00 
 -1.03056633e+01   4.33466509e+00   4.09627060e+00 
 -6.56118379e+00   4.76609078e+00   4.39557283e+00 
 -4.56971672e+00   3.35173477e+00   7.28329779e+00 
 -8.03242905e-01   3.65525786e+00   7.44182947e+00 
  8.13863713e-01   3.02727850e+00   1.08278930e+01 
  4.32211620e+00   1.58943577e+00   1.06664531e+01 
  1.97413638e+00  -3.15669578e+00   1.13831403e+01 
 -1.21190233e+00  -1.66210933e+00   9.95104582e+00 
 -1.74593990e+00  -1.14882751e+00   6.19327838e+00 
 -5.25365084e+00  -4.97865393e-01   4.98857929e+00 
 -6.58498147e+00   4.59867049e-01   1.59843297e+00 
 -9.88968389e+00   1.61785067e+00   4.39465360e-02 
 -1.16737289e+01   1.72597568e+00  -3.30075027e+00 
 -1.44993419e+01  -6.96611080e-01  -2.49436516e+00 
 -1.48168450e+01  -4.17390131e+00  -4.01674905e+00 
 -1.36311977e+01  -4.32073505e+00   1.75754852e+00 
 -1.16610333e+01  -4.96085574e+00   7.39943417e+00 
 -2.79690357e-02  -1.16819324e+01   3.65540408e+00 
 -4.62375822e-01  -1.11762386e+01  -9.61412629e-02 
  1.08769553e+00  -8.63502999e+00  -2.58832123e+00 
  3.77757295e+00  -7.98366682e+00  -3.62462518e+00 
  4.70805750e+00  -6.47554017e+00  -2.70769915e-01 
  8.29260622e+00  -5.79564817e+00   5.39638506e-01 
  9.00133405e+00  -2.97357963e+00   2.90375994e+00 
  1.09647106e+01  -1.61597526e+00  -1.98606911e+00 
  8.61557445e+00  -3.91294670e+00  -3.79895479e+00 
  5.08611943e+00  -2.37854145e+00  -3.50076537e+00 
  2.69452134e+00  -3.88439025e+00  -6.11637545e+00 
 -1.02230663e+00  -3.22118312e+00  -6.82299502e+00 
 -3.67361999e-01  -4.42924160e-01  -9.38326565e+00 
  3.41181463e+00  -1.42061328e-01  -9.70734295e+00 
  6.41734403e+00  -1.07930359e-01  -7.37424232e+00 
  1.01443116e+01  -5.47314891e-01  -7.58345002e+00 
  1.32109566e+01  -1.05569859e+00  -5.46171222e+00 
  3.58994638e+00   4.31802887e+00  -1.09398293e+01 
  1.42571887e+00   5.71031002e+00  -8.17695962e+00 
  2.68360274e-01   9.26175242e+00  -7.57536975e+00 
 -2.86873661e+00   1.08625705e+01  -8.95261374e+00 
  6.51133053e+00   8.45159519e+00  -1.03507076e+01 
  1.23678372e+00   8.57113723e+00   6.02136530e+00 
 -5.64734893e-02   9.24981672e+00   9.49413995e+00 

   2.441908997178e+01 

 -4.75886623e+00  -1.35315184e+00   1.92692725e+00 
 -2.24817021e+00  -2.74197601e+00  -4.18477067e-01 
 -3.53624147e+00  -2.30996324e+00  -3.78165262e-01 
 -3.78605269e+00  -1.25818927e+00   5.01158293e-01 
 -2.83356665e+00  -3.02640772e-01   4.35721834e-01 
 -1.57324247e+00  -6.24697507e-01   1.52402092e-01 
 -1.35505188e+00  -1.86294055e+00   2.98571020e-02 
 -6.46383417e-01   3.02633376e-01   5.05205296e-01 
 -2.19222982e+00  -4.10922720e+00   5.59128732e-02 
 -9.25772357e-01   1.32871292e+00  -3.10564719e-01 
 -2.36313370e-02   2.19986936e+00  -6.87073282e-01 
  3.22201704e-01   2.56603016e+00  -1.98629934e+00 
 -5.84622786e-01   2.13137804e+00  -2.85659121e+00 
 -1.68919772e+00   2.34457298e+00  -2.11951011e+00 
 -1.97897114e+00   1.10582758e+00  -1.27015304e+00 
 -2.13756505e+00   1.07309887e-01  -2.11710005e+00 
 -1.80783760e+00   3.42770480e+00  -1.46075591e+00 
 -2.85687763e+00  -8.96072748e-01  -2.70039842e+00 
 -1.97666050e+00   4.81673992e-01  -3.48744458e+00 
  1.27217027e+00   3.26013445e+00  -2.83885696e+00 
 -2.26259968e+00  -4.77053267e+00   1.02850262e+00 
  1.60824900e+00   2.18947631e+00  -3.78297684e+00 
  1.49252279e+00   2.51854602e+00  -4.95878353e+00 
  1.13349966e+00   1.03553986e+00  -3.12927543e+00 
  1.00244055e+00   3.47076435e-02  -3.97088399e+00 
  1.37753632e+00  -4.95904651e-01  -1.15809285e+00 
  1.44256690e+00   6.63976208e-01  -1.81175240e+00 
  4.37933320e-01  -1.28549780e+00  -1.89716076e+00 
  4.35082171e-01  -1.03640227e+00  -3.17268951e+00 
  4.25470164e-02  -2.06362998e+00  -3.91111729e+00 
 -5.84145933e-01  -3.15996921e+00  -3.28734778e+00 
  1.47560622e-01  -3.59737592e+00  -2.25365340e+00 
  5.26509051e-01  -2.56894466e+00  -1.47779176e+00 
 -1.30868327e+01  -1.01270276e+00   1.62108008e+00 
 -1.02527226e+01   1.19233976e+00   2.57194542e-01 
 -1.04645471e+01   2.15735440e+00  -3.36913341e+00 
 -7.23870215e+00   2.02047692e+00  -5.28051691e+00 
 -7.88881167e+00   5.45691395e+00  -6.72260403e+00 
 -7.67826768e+00   6.83459781e+00  -3.19279115e+00 
 -4.05486595e+00   5.60767873e+00  -2.48887826e+00 
 -1.23028645e+00   8.07012784e+00  -2.25447158e+00 
  1.68911798e+00   6.92277895e+00  -4.45110915e+00 
  4.53136845e+00   5.45811341e+00  -2.26074898e+00 
  8.27711981e+00   5.05976701e+00  -2.75575606e+00 
  8.20996703e+00   1.62103034e+00  -1.07306873e+00 
  5.53236841e+00  -9.05924714e-01   9.16154997e-02 
  5.73006092e+00  -4.17737286e+00   2.07498410e+00 
  2.96748412e+00  -6.75774661e+00   2.46707989e+00 
  3.20794567e+00  -8.95135963e+00   5.54337403e+00 
  5.32420850e-01  -1.14062451e+01   6.72692095e+00 
  5.39970964e+00   9.02937469e+00   8.08296171e+00 
  4.43937908e+00   5.38842629e+00   7.57978838e+00 
  1.15008194e+00   4.04919745e+00   6.28216467e+00 
 -3.23878286e-01   7.70932704e-01   7.45933119e+00 
 -3.52604778e+00  -6.11257721e-01   5.99671581e+00 
 -5.25901562e+00  -3.35495753e+00   7.98260394e+00 
 -7.20765229e+00  -5.84266232e+00   5.88131148e+00 
 -2.85792232e+00  -8.92697904e+00   6.22664338e+00 
 -8.21769902e-01  -5.77914578e+00   6.84369702e+00 
  2.01547854e-01  -3.39497476e+00   4.02624786e+00 
  2.91121275e+00  -8.81567470e-01   4.74707208e+00 
  4.23366839e+00   2.00465889e+00   2.72133931e+00 
  6.58106359e+00   4.99541741e+00   3.19410927e+00 
  8.72745264e+00   7.38169470e+00   1.17415900e+00 
  1.21378588e+01   6.26806527e+00   2.45174729e+00 
  1.46915916e+01   4.39386234e+00   3.36133781e-01 
  1.24702590e+01   1.08244176e+00   4.68009598e+00 
  9.93181286e+00  -2.87437727e+00   8.42469876e+00 
  5.31750355e+00  -1.11447095e+01  -1.81388377e+00 
  6.26436368e+00  -8.81026356e+00  -4.67261529e+00 
  4.19924530e+00  -6.28937282e+00  -6.78254874e+00 
  1.94042857e+00  -6.39711871e+00  -8.68512022e+00 
 -4.32233368e-01  -7.17374423e+00  -5.82926295e+00 
 -3.85357176e+00  -8.49297409e+00  -6.55181444e+00 
 -6.55071201e+00  -7.68667752e+00  -4.07577801e+00 
 -7.71838940e+00  -5.13547297e+00  -8.73799318e+00 
 -4.13994444e+00  -5.11696542e+00  -9.86735682e+00 
 -2.26060984e+00  -2.60924228e+00  -7.61351671e+00 
  1.09878024e+00  -1.57794711e+00  -9.18821246e+00 
  3.85055062e+00   7.97042473e-01  -7.94678210e+00 
  2.38089164e+00   3.90245568e+00  -9.64947772e+00 
 -7.16185950e-01   2.73949108e+00  -1.15291969e+01 
 -3.67507803e+00   4.38162036e-01  -1.08760715e+01 
 -6.34416974e+00  -1.33612148e+00  -1.28394821e+01 
 -8.99879416e+00  -3.98752520e+00  -1.25435688e+01 
 -3.05904028e+00   6.73237271e+00  -1.14238971e+01 
 -2.76669942e+00   7.41208857e+00  -7.72142499e+00 
 -3.97203628e+00   1.03814872e+01  -5.71046321e+00 
 -2.04707298e+00   1.35665642e+01  -5.03919774e+00 
 -7.83022413e+00   8.48958585e+00  -1.10834166e+01 
 -7.55989132e+00   3.06244536e+00   5.23690726e+00 
 -7.72879725e+00   2.49367727e+00   8.95729131e+00 

   2.441908997178e+01 

  3.26497733e+00   1.13768111e+00  -4.08772468e+00 
  1.66141469e+00  -2.06405430e+00  -3.13335278e+00 
  2.88520134e+00  -1.48337326e+00  -3.24535001e+00 
  2.92912666e+00  -1.21748334e-01  -2.95227631e+00 
  2.21798867e+00   1.84029509e-01  -1.84531328e+00 
  1.12722947e+00  -5.11452266e-01  -1.53073872e+00 
  7.99025410e-01  -1.39559369e+00  -2.37124231e+00 
  2.77020529e-01   1.04812531e-01  -6.70016454e-01 
  1.23710395e+00  -2.52970027e+00  -4.43745599e+00 
  9.86818837e-01   1.54469282e-01   4.65808661e-01 
  4.27687373e-01   1.81988316e-01   1.64950853e+00 
  6.55616116e-01  -6.76151532e-01   2.72342988e+00 
  1.75330977e+00  -1.40015927e+00   2.52457697e+00 
  2.51425767e+00  -4.56130960e-01   1.94268757e+00 
  2.28216698e+00  -4.78436599e-01   4.30899692e-01 
  2.60699795e+00  -1.69095307e+00   2.61806395e-02 
  2.52625627e+00   7.24996386e-01   2.41808348e+00 
  3.34400571e+00  -2.57685995e+00  -7.06221463e-01 
  3.03216277e+00  -2.55704396e+00   1.08117084e+00 
  2.08134215e-01  -1.13135663e+00   4.02865929e+00 
  8.39317446e-01  -2.16151790e+00  -5.48359905e+00 
  1.07203152e-01  -2.57360520e+00   3.78299265e+00 
  7.05216016e-01  -3.25465175e+00   4.60928377e+00 
  1.30426114e-01  -2.65378605e+00   2.37682285e+00 
  4.27725241e-01  -3.86980946e+00   1.97676425e+00 
 -1.05642198e+00  -2.10934884e+00   2.35464246e-01 
 -7.04122881e-01  -1.93291988e+00   1.50887760e+00 
 -2.86817240e-02  -2.93733599e+00  -3.21958173e-01 
  4.92590165e-01  -3.76841378e+00   5.30459343e-01 
  9.86175866e-01  -4.86175782e+00  -3.12596058e-02 
  1.16784453e+00  -4.89614094e+00  -1.42754270e+00 
  4.50445738e-02  -4.52846185e+00  -2.05950434e+00 
 -4.50133349e-01  -3.40254386e+00  -1.52067083e+00 
  1.10451600e+01   2.98957102e+00  -6.45494549e+00 
  9.28205884e+00   2.61878644e+00  -3.06251729e+00 
  1.09866613e+01   4.55714952e-01  -5.04817225e-01 
  8.74162765e+00  -1.82528272e+00   1.45351661e+00 
  1.03687061e+01  -7.31733497e-01   4.68896451e+00 
  9.03315379e+00   2.75855683e+00   4.02859024e+00 
  5.27917107e+00   1.74650722e+00   3.91355467e+00 
  2.95541918e+00   2.76069256e+00   6.68275251e+00 
  9.55848044e-01  -2.74671137e-01   7.88808687e+00 
 -2.68075345e+00  -1.09380966e-01   6.55800444e+00 
 -5.97505045e+00  -1.57534459e+00   7.75505208e+00 
 -7.03769092e+00  -2.32306759e+00   4.15330784e+00 
 -5.38774794e+00  -2.33336853e+00   6.62017589e-01 
 -6.78289915e+00  -2.80975326e+00  -2.87377327e+00 
 -4.76997739e+00  -3.42679727e+00  -6.03783727e+00 
 -6.46604645e+00  -2.42790920e+00  -9.27186230e+00 
 -4.81495722e+00  -2.38107251e+00  -1.27153183e+01 
 -6.89020006e+00   9.78302711e+00   4.33965010e+00 
 -6.33614241e+00   7.43574109e+00   1.40448539e+00 
 -3.02558256e+00   6.38097222e+00  -8.69880117e-02 
 -2.58737413e+00   5.65870945e+00  -3.77366800e+00 
  6.99963413e-01   4.43168583e+00  -5.18484073e+00 
  1.14412380e+00   4.70950915e+00  -8.95317638e+00 
  3.37080216e+00   2.04674430e+00  -1.04870854e+01 
 -1.17418772e+00  -5.16152040e-01  -1.16390593e+01 
 -2.82500631e+00   1.38046225e+00  -8.79069516e+00 
 -2.35584920e+00   4.08747705e-01  -5.11576212e+00 
 -4.75165967e+00   1.85338621e+00  -2.59540512e+00 
 -4.78513986e+00   1.72301120e+00   1.16819238e+00 
 -6.68812540e+00   3.34435763e+00   4.07134481e+00 
 -7.54800503e+00   2.73307779e+00   7.71393295e+00 
 -1.13086058e+01   2.27803169e+00   7.32139349e+00 
 -1.31072607e+01  -1.04705816e+00   7.78896850e+00 
 -1.31904985e+01   8.14695280e-01   2.19461620e+00 
 -1.28478362e+01   1.90133857e+00  -3.70656713e+00 
 -5.91699142e+00  -9.87351470e+00  -6.50568121e+00 
 -5.36929761e+00  -1.08894181e+01  -2.87435916e+00 
 -2.32451499e+00  -1.05369112e+01  -4.91826716e-01 
  4.47081309e-01  -1.15533173e+01  -3.54666181e-01 
  1.42470900e+00  -9.28545806e+00  -3.23384163e+00 
  4.64089383e+00  -9.85625370e+00  -5.04997818e+00 
  6.28307348e+00  -6.86031662e+00  -6.59368902e+00 
  9.47875231e+00  -8.65498946e+00  -2.57185466e+00 
  6.63683878e+00  -1.03215325e+01  -7.75403992e-01 
  4.41855265e+00  -7.51383397e+00   6.72492751e-01 
  2.08898122e+00  -8.86749994e+00   3.42375128e+00 
 -5.62225243e-01  -7.11489630e+00   5.58093690e+00 
  1.86631066e+00  -6.23435275e+00   8.41457723e+00 
  5.24662808e+00  -7.67472215e+00   7.42639172e+00 
  7.37961379e+00  -7.87978007e+00   4.28218217e+00 
  1.03137968e+01  -9.84690979e+00   2.99840470e+00 
  1.22544028e+01  -1.06048009e+01  -1.35951147e-01 
  7.91397704e+00  -4.67582127e+00   9.73615387e+00 
  6.33947508e+00  -1.48872415e+00   8.46370265e+00 
  7.09953477e+00   2.10597588e+00   9.36623987e+00 
  5.53512130e+00   4.09169260e+00   1.21787718e+01 
  1.23967907e+01  -2.28403896e+00   9.34669340e+00 
  5.19650822e+00   6.95697165e+00  -3.24852636e+00 
  3.86048061e+00   9.51545348e+00  -5.66978323e+00 

   2.441908997178e+01 

