  5.80943091e-01   3.78110986e+00   1.44530381e+00 
 -8.75949018e-02  -3.58984107e+00   3.16509699e+00 
  1.49019277e+00  -2.64551117e+00   4.53885890e+00 
  3.41525793e+00  -3.89089418e+00   7.18515997e+00 
 -4.88508281e-01  -3.87321338e+00   1.85731214e+00 
  2.10724713e+00  -5.36560358e+00   5.13977948e+00 
 -9.52289670e-01  -2.71475751e+00  -6.14126470e-02 
 -9.75507151e-01  -2.67486665e+00   1.30470334e+00 
 -7.38153477e-01  -1.52913351e+00  -5.16048880e-01 
  1.35766370e+00  -6.35786314e-01  -1.97987036e+00 
 -2.54732460e-01  -1.55843762e+00   1.60004645e+00 
  2.96321444e+00   3.47689504e+00  -3.99107895e-01 
  3.95535824e-01  -1.36533562e+00   2.81906380e+00 
  2.99082087e-01  -2.41456370e+00   3.72690068e+00 
  2.39272419e+00  -3.53209160e+00   3.88772882e+00 
  1.73177382e+00  -4.87224215e+00   3.81178507e+00 
  1.38419017e+00  -4.77495615e+00   6.19604787e+00 
  2.05390049e+00  -3.75725460e+00   7.03979458e+00 
  3.94520151e+00  -3.90826681e+00   5.90740551e+00 
  3.51831668e+00  -5.19520715e+00   5.27048591e+00 
  5.51649677e-02  -1.01447894e+00   3.99908802e-01 
  9.03846381e-01   1.01634116e-01   1.87162145e-01 
  7.50441796e-01   1.10965275e+00   1.14096567e+00 
  1.20750193e+00   2.32523973e+00   7.64596538e-01 
  2.21922278e+00   2.35106512e+00  -1.81841689e-01 
  2.40345664e+00   1.31506980e+00  -1.10194304e+00 
  1.77344497e+00   9.33646638e-02  -8.61660632e-01 
  9.39725319e+00   4.99829744e+00   3.63248200e+00 
  6.94127025e+00   4.98226729e+00   7.54497703e-01 
  9.29621654e+00   3.12676804e+00  -1.62664545e+00 
  9.76622359e+00   5.17795746e-01   1.07823740e+00 
  5.90941857e+00   1.95821488e-01   1.47804645e+00 
  5.81004763e+00  -3.19332135e-01  -2.30213611e+00 
  8.58852731e+00  -2.91693310e+00  -2.18391340e+00 
  6.70119121e+00  -4.88315130e+00   5.85054500e-01 
  3.53471606e+00  -4.78662888e+00  -1.52054607e+00 
  5.45787904e+00  -5.96030238e+00  -4.63235580e+00 
  7.06176269e+00  -8.78122313e+00  -2.55030676e+00 
  3.51119781e+00  -9.81256378e+00  -1.43316628e+00 
  1.97395115e+00  -1.01765646e+01  -4.90301999e+00 
  5.13609657e+00  -1.19030917e+01  -6.00801186e+00 
  4.92810066e+00  -1.44485880e+01  -3.11478975e+00 
  1.18878374e+00  -1.49350952e+01  -3.66742428e+00 
  4.71547391e+00   7.05145886e+00  -5.97670813e+00 
  3.21640911e+00   4.30202315e+00  -8.07986138e+00 
  3.56149282e+00   6.01237378e-01  -7.58510881e+00 
  2.08139161e+00  -2.54349652e+00  -9.17019986e+00 
  2.11798825e+00  -4.43842837e+00  -5.92260461e+00 
 -6.98205900e-01  -6.27297285e+00  -4.22732041e+00 
 -2.95910089e+00  -3.27729785e+00  -3.60974410e+00 
 -5.40592732e+00  -2.59309247e+00  -7.89874498e-01 
 -8.91968824e+00  -3.72777836e+00  -1.64642365e-01 
 -1.15955360e+01  -1.47533800e+00   1.28913615e+00 
 -1.11377627e+01  -3.37340118e+00   4.57742363e+00 
 -7.45174665e+00  -2.43831468e+00   4.66883898e+00 
 -8.24271434e+00   1.23158575e+00   4.13372413e+00 
 -1.10331232e+01   1.69281436e+00   6.68152064e+00 
 -1.00246975e+01  -8.20121722e-01   9.28001553e+00 
 -7.04635974e+00  -3.05507852e+00   9.02258729e+00 
 -4.22490147e+00  -5.79392036e-01   8.50029254e+00 
 -2.16143277e+00  -2.54894497e+00   1.30396070e+01 
 -9.50537658e-01   1.07556484e+00   1.31513888e+01 
  9.62956437e+00   2.85479925e+00   9.53422983e+00 
  1.10556778e+01   5.44406803e-01   1.22412345e+01 
  7.55102229e+00   9.26299024e-01   1.38036629e+01 
  5.64465871e+00  -7.07378500e-02   1.05954705e+01 
  4.00313034e+00   3.46333361e+00   1.03146143e+01 
  6.32144036e+00   5.03856668e+00   7.74933589e+00 
  3.37596832e+00   5.99058485e+00   5.59109366e+00 
  2.55365549e+00   8.96713895e+00   7.83493784e+00 
  4.22907381e+00   1.16188026e+01   3.92837991e+00 
  2.93581680e+00   1.44191864e+01   6.11368910e+00 
 -4.07055076e+00   7.00735919e+00  -2.25111696e+00 
 -5.52538468e+00   5.20593420e+00  -5.22529650e+00 
 -5.37952188e+00   1.47071301e+00  -4.87484084e+00 
 -6.68249912e+00  -1.70434059e+00  -6.48449630e+00 
 -6.49949052e+00  -5.26867509e+00  -5.09026251e+00 
 -1.05835031e+01   5.50510528e-01  -7.12418585e+00 
 -1.06809885e+01   3.00910076e+00  -4.17028449e+00 
 -5.01255449e+00   9.63995565e-01  -1.27389633e+01 
 -3.55337818e+00  -3.61200123e+00  -9.66274757e+00 
 -1.43515979e+00  -1.70787794e+00  -7.17924972e+00 
 -1.20622809e+00   1.54178435e+00  -5.23616361e+00 
 -4.91808039e-01   5.20329792e+00  -6.15705724e+00 
  2.99040530e-01   7.60618072e+00  -3.36380844e+00 
  1.53508321e+01  -1.93256043e+00  -3.89630753e+00 

   2.474104639777e+00 

 -4.26745946e+00   1.72026255e+00  -2.12591526e+00 
  1.83352056e+00  -2.79423828e+00  -1.76148381e+00 
  2.49805661e+00  -6.96793565e-01  -2.41535578e+00 
  5.59445383e+00   6.57266276e-01  -3.33126798e+00 
  1.21199463e+00  -3.57941425e+00  -7.87550871e-01 
  5.10256619e+00  -1.70922310e+00  -1.83893583e+00 
 -8.24843100e-01  -3.69460719e+00   2.50048911e-01 
 -1.73327375e-01  -3.36614190e+00  -9.05820274e-01 
 -1.85060211e+00  -2.92881209e+00   3.90188648e-01 
 -2.36180361e+00  -1.13468245e+00   2.35319630e+00 
 -5.50625404e-01  -2.07669251e+00  -1.12518038e+00 
 -3.95224367e+00   2.92766066e+00   6.33164699e-01 
  2.00411025e-01  -1.17547566e+00  -1.88008691e+00 
  1.40386138e+00  -1.66258876e+00  -2.37887657e+00 
  3.21892424e+00  -6.89475975e-01  -1.18863217e+00 
  3.90033366e+00  -2.01514047e+00  -1.05855415e+00 
  4.88515530e+00  -1.66047411e+00  -3.23095779e+00 
  4.83739533e+00  -3.39754227e-01  -3.90144926e+00 
  5.18794388e+00   7.51237609e-01  -2.01228531e+00 
  5.64589173e+00  -4.95727016e-01  -1.31984745e+00 
 -1.43230856e+00  -1.79723612e+00  -1.36842868e-01 
 -2.01172014e+00  -5.29919795e-01   1.26656875e-01 
 -2.34925356e+00   1.80545570e-01  -1.02689672e+00 
 -3.25374167e+00   1.16877293e+00  -8.43831917e-01 
 -3.31845292e+00   1.73577559e+00   4.18826930e-01 
 -2.92969012e+00   1.04015518e+00   1.56721792e+00 
 -2.16359362e+00  -1.16303419e-01   1.41589924e+00 
 -2.93523936e-01   9.71690460e+00  -6.33673817e-02 
 -2.79046581e+00   7.14706020e+00   1.15159285e+00 
 -1.59747232e+00   7.27910137e+00   4.78721093e+00 
  1.92560722e+00   6.71707813e+00   3.51598219e+00 
  7.16155312e-01   3.66488955e+00   1.42796456e+00 
 -8.53871874e-01   2.38858907e+00   4.66388522e+00 
  2.34093809e+00   2.99102609e+00   6.64167684e+00 
  4.40514200e+00   1.02301827e+00   4.00326778e+00 
  1.91035652e+00  -1.84141306e+00   4.20468397e+00 
  2.03821030e+00  -1.80473340e+00   8.04417514e+00 
  5.89064753e+00  -1.77204384e+00   7.89381593e+00 
  5.70640969e+00  -4.84464630e+00   5.56071564e+00 
  3.56410291e+00  -7.05859703e+00   7.80670391e+00 
  5.65229451e+00  -5.93000997e+00   1.07336207e+01 
  8.93263526e+00  -6.92891934e+00   8.96299192e+00 
  7.41466895e+00  -1.02142938e+01   7.76854787e+00 
 -8.69954988e+00   5.09129847e+00   5.07605010e+00 
 -8.34835498e+00   1.80247233e+00   6.88991512e+00 
 -5.18006256e+00  -2.97881932e-02   7.70505994e+00 
 -4.26268678e+00  -3.41824200e+00   9.21149421e+00 
 -1.18513550e+00  -3.75711019e+00   7.07774608e+00 
 -1.60899648e-01  -6.61117309e+00   4.84711065e+00 
 -3.05949979e+00  -6.40546641e+00   2.39294782e+00 
 -3.19313741e+00  -7.20485148e+00  -1.31513659e+00 
 -3.53319017e+00  -1.04271657e+01  -3.19290596e+00 
 -5.63012955e+00  -1.07864469e+01  -6.32674305e+00 
 -2.34915349e+00  -1.07949843e+01  -8.29147421e+00 
 -1.42321210e+00  -7.39099776e+00  -6.86847684e+00 
 -4.77988854e+00  -5.92824651e+00  -7.85499987e+00 
 -5.03154375e+00  -7.18835890e+00  -1.14381777e+01 
 -1.40344853e+00  -7.30567115e+00  -1.23905996e+01 
  1.41546214e+00  -6.42192721e+00  -1.01092611e+01 
  5.07200135e-01  -2.90355892e+00  -9.03286240e+00 
  5.16290046e+00  -1.42981188e+00  -1.12453272e+01 
  3.02544786e+00   1.69170721e+00  -1.17960044e+01 
  4.39713385e+00   1.00056362e+01  -4.23392728e+00 
  8.10753380e+00   1.03549788e+01  -5.13418663e+00 
  7.11051067e+00   8.26783187e+00  -8.21954030e+00 
  5.41627137e+00   5.45431733e+00  -6.18619103e+00 
  1.92543139e+00   6.24438223e+00  -7.75240853e+00 
  4.41645354e-01   8.35671786e+00  -4.96439933e+00 
 -2.62540724e+00   6.16078429e+00  -4.85846823e+00 
 -4.07019502e+00   7.84067645e+00  -7.96675231e+00 
 -7.31397485e+00   9.78785247e+00  -4.68256158e+00 
 -8.85835094e+00   1.09878611e+01  -7.91755055e+00 
 -1.05462875e+01  -7.85207830e-01  -2.21313701e+00 
 -1.13265112e+01  -3.67874559e+00   7.29352737e-02 
 -8.29084175e+00  -5.71822415e+00   9.22151205e-01 
 -7.28729739e+00  -8.99495307e+00   2.54253883e+00 
 -3.83539723e+00  -1.06574700e+01   2.49471759e+00 
 -1.09705026e+01  -1.07851935e+01   5.57493265e-01 
 -1.13576469e+01  -8.69236457e+00  -2.64404937e+00 
 -1.17340992e+01  -7.59608126e+00   7.76710984e+00 
 -6.12688476e+00  -8.48926609e+00   7.22544220e+00 
 -5.38755737e+00  -5.14201752e+00   5.63496934e+00 
 -6.73847839e+00  -2.56460560e+00   3.20180523e+00 
 -9.63899440e+00  -4.49145113e-02   3.25925456e+00 
 -9.68506185e+00   2.65707445e+00   6.32726149e-01 
  3.63545215e+00   8.35497140e+00   1.10214454e+01 

   2.474104622002e+00 

 -3.22870743e+00   3.34606952e+00  -1.54686413e+00 
  2.98884848e+00  -9.12352960e-01  -5.75596732e-01 
  3.53343769e+00   1.28990768e+00  -2.26408332e-01 
  6.54245249e+00   2.92649158e+00   4.99986236e-01 
  2.20081211e+00  -2.00196889e+00  -1.97340287e-01 
  5.92617225e+00   1.76721129e-01   8.58186653e-01 
 -2.54578943e-02  -2.50902656e+00  -3.85190663e-02 
  9.12153378e-01  -1.78085163e+00  -7.16037627e-01 
 -1.13668298e+00  -1.85848508e+00  -2.29525426e-02 
 -2.49526030e+00  -8.89049904e-01   2.10963584e+00 
  4.52099954e-01  -5.03519230e-01  -6.16436649e-01 
 -3.98905625e+00   3.49584556e+00   1.38041376e+00 
  1.27485509e+00   6.18384061e-01  -7.19086916e-01 
  2.62977917e+00   3.58584404e-01  -8.95276315e-01 
  3.81209859e+00   8.70271614e-01   1.10430801e+00 
  4.59071823e+00  -4.04650130e-01   1.02098074e+00 
  6.16464504e+00   7.14957425e-01  -4.22745889e-01 
  6.15433194e+00   2.18703813e+00  -5.93117394e-01 
  5.72360260e+00   2.53850909e+00   1.54533513e+00 
  6.10075947e+00   1.13350604e+00   1.90284292e+00 
 -7.30716516e-01  -6.07410681e-01   3.35085080e-02 
 -1.53267329e+00   4.74286253e-01   4.78535037e-01 
 -1.57467292e+00   1.54404380e+00  -4.17698094e-01 
 -2.61675444e+00   2.38889118e+00  -2.48857285e-01 
 -3.16238773e+00   2.46791215e+00   1.02237476e+00 
 -3.07280896e+00   1.41460337e+00   1.93689441e+00 
 -2.14746699e+00   3.99213764e-01   1.69207894e+00 
 -1.27194683e+00   1.01405756e+01   4.28387556e+00 
 -3.64860937e+00   7.27029542e+00   3.62973569e+00 
 -3.72150752e+00   6.11601715e+00   7.27951158e+00 
  6.52075974e-02   6.09529384e+00   7.21352710e+00 
  2.55214026e-02   3.96979090e+00   3.95484313e+00 
 -2.31249349e+00   1.60169167e+00   5.82319979e+00 
 -4.08474364e-02   1.50671815e+00   8.87476980e+00 
  3.01372577e+00   6.38084621e-01   6.63639274e+00 
  1.00635357e+00  -2.14634151e+00   4.99721866e+00 
 -1.16723970e-01  -3.47792156e+00   8.42139202e+00 
  3.53529871e+00  -3.33747629e+00   9.64940832e+00 
  4.53760087e+00  -5.37975254e+00   6.52808315e+00 
  2.11173714e+00  -8.27962437e+00   7.01944276e+00 
  2.96860558e+00  -8.23729512e+00   1.06889265e+01 
  6.74906719e+00  -8.49185207e+00   9.95627468e+00 
  6.16447927e+00  -1.11580352e+01   7.29652484e+00 
 -1.01651548e+01   3.86522360e+00   4.32606929e+00 
 -9.96852020e+00   1.51511202e-01   4.95813992e+00 
 -7.01193717e+00  -1.80437651e+00   6.17993191e+00 
 -6.17221561e+00  -5.49337776e+00   6.70788422e+00 
 -2.55542014e+00  -5.00486885e+00   5.80283589e+00 
 -4.84399149e-01  -6.86179762e+00   3.26646480e+00 
 -2.43624627e+00  -5.83776933e+00   1.66663317e-01 
 -1.25603302e+00  -5.26567271e+00  -3.39515782e+00 
 -5.25836197e-01  -7.61229334e+00  -6.22095405e+00 
 -1.43003347e+00  -6.86228927e+00  -9.82192688e+00 
  2.27736171e+00  -6.12239487e+00  -1.03988601e+01 
  2.21749328e+00  -3.43545277e+00  -7.70698388e+00 
 -8.09443213e-01  -1.76649812e+00  -9.26658842e+00 
  2.83376496e-01  -1.67106878e+00  -1.29117231e+01 
  4.00448204e+00  -1.38833263e+00  -1.25150458e+01 
  5.78752387e+00  -1.33410188e+00  -9.23638759e+00 
  4.10581801e+00   1.55633693e+00  -7.45321698e+00 
  8.97666724e+00   3.78946064e+00  -7.27842855e+00 
  6.72288870e+00   6.87075129e+00  -7.48322811e+00 
  4.42591083e+00   1.19646042e+01   2.36382475e+00 
  8.14309175e+00   1.26659422e+01   2.98856239e+00 
  8.49110578e+00   1.18004473e+01  -7.53021442e-01 
  6.63591409e+00   8.42271836e+00  -4.88437528e-01 
  3.76274979e+00   9.66773565e+00  -2.82469035e+00 
  1.18370645e+00   1.06264003e+01  -2.04377486e-01 
 -1.42082186e+00   8.49217971e+00  -1.90782415e+00 
 -2.00303288e+00   1.11478069e+01  -4.58729992e+00 
 -6.36766792e+00   1.17496658e+01  -2.20251336e+00 
 -6.93627731e+00   1.40005988e+01  -5.18583597e+00 
 -8.73639701e+00   9.44461407e-01  -4.64630959e+00 
 -9.80602523e+00  -2.58469649e+00  -3.86631300e+00 
 -6.95611035e+00  -4.74826541e+00  -2.72925100e+00 
 -6.08780233e+00  -8.37221307e+00  -2.03443572e+00 
 -2.61075154e+00  -9.85795092e+00  -1.41433575e+00 
 -8.65112038e+00  -9.39155494e+00  -5.65406737e+00 
 -8.26951670e+00  -6.30144753e+00  -7.90913014e+00 
 -1.21292466e+01  -8.99142200e+00   1.45048454e+00 
 -6.58024583e+00  -9.55094757e+00   2.64530510e+00 
 -5.83559020e+00  -5.84628242e+00   2.61027579e+00 
 -6.67100090e+00  -2.59124585e+00   8.50968568e-01 
 -9.75267900e+00  -3.00024047e-01   7.14342776e-01 
 -9.32082482e+00   3.15936879e+00  -7.16614629e-01 
 -9.78359220e-01   4.97691596e+00   1.49335394e+01 

   2.474104608750e+00 

 -1.39373247e+00  -3.90951991e+00  -1.42293658e+00 
 -1.93608741e+00   3.41137008e+00   5.38203616e-01 
 -1.75642086e+00   3.26424105e+00  -1.74532943e+00 
 -1.81176769e+00   5.64712706e+00  -4.31026275e+00 
 -1.36323955e+00   3.13533369e+00   1.78198346e+00 
 -1.28212873e+00   6.07107143e+00  -1.55180741e+00 
 -6.55379804e-01   1.29970728e+00   2.95160102e+00 
 -1.55103884e+00   1.76336376e+00   2.02899948e+00 
 -3.73888419e-01   7.10348077e-02   2.68816162e+00 
  2.01667379e+00  -1.00451178e+00   2.00845942e+00 
 -1.35549172e+00   9.43764640e-01   9.59806137e-01 
  1.62877798e+00  -3.98509611e+00  -1.59101481e+00 
 -1.67012440e+00   1.30406310e+00  -3.50659711e-01 
 -2.17167520e+00   2.59037486e+00  -5.18622237e-01 
 -5.30710390e-01   3.96246842e+00  -1.55912200e+00 
 -7.88977747e-01   5.07679389e+00  -5.94654475e-01 
 -2.58827496e+00   5.81880377e+00  -2.01839716e+00 
 -2.76729866e+00   5.28514085e+00  -3.38927595e+00 
 -5.92688305e-01   5.26434247e+00  -3.78005520e+00 
 -3.23398388e-01   6.15478069e+00  -2.60587482e+00 
 -4.33149538e-01   4.34336814e-02   1.37327731e+00 
  1.83556761e-01  -9.45755573e-01   5.65546063e-01 
 -6.86627329e-01  -1.54201735e+00  -3.49124133e-01 
 -2.75799489e-01  -2.73631470e+00  -8.31916563e-01 
  1.08968497e+00  -2.97108498e+00  -8.49811789e-01 
  1.96569345e+00  -2.33246413e+00   3.25720381e-02 
  1.51189564e+00  -1.20626161e+00   7.20278289e-01 
  3.69919729e+00  -3.02182819e+00  -8.99038425e+00 
  3.68265153e+00  -4.40237936e+00  -5.46777861e+00 
  7.25062459e+00  -3.25304469e+00  -4.68861796e+00 
  6.25432978e+00   2.07060673e-01  -5.86296371e+00 
  3.12975047e+00   1.25208325e-01  -3.54591669e+00 
  5.54271424e+00  -8.07929546e-01  -7.40234065e-01 
  7.94169959e+00   2.00272705e+00  -1.64937462e+00 
  5.02985181e+00   4.57433582e+00  -1.59266241e+00 
  3.96676195e+00   3.27820713e+00   1.82191776e+00 
  7.57672154e+00   3.47243652e+00   3.12186167e+00 
  7.86585337e+00   7.05231382e+00   1.71976174e+00 
  4.61684912e+00   7.92887417e+00   3.61549203e+00 
  5.72289027e+00   6.77528075e+00   7.07690881e+00 
  9.06760867e+00   8.38632091e+00   6.42998227e+00 
  7.42936726e+00   1.17651346e+01   5.53930844e+00 
  5.02548837e+00   1.14995257e+01   8.48470769e+00 
  6.00042268e+00  -9.08930952e+00  -2.51900715e-01 
  6.60606372e+00  -7.54039632e+00   3.13393996e+00 
  7.08386963e+00  -3.90793837e+00   3.93182010e+00 
  7.42995195e+00  -1.80198800e+00   7.10006617e+00 
  5.65664640e+00   1.14252334e+00   5.57552999e+00 
  2.70926792e+00   3.07079033e+00   6.90414947e+00 
  1.74390658e-01   2.35777374e-01   6.83928397e+00 
 -3.57454831e+00   3.12708858e-01   6.25080368e+00 
 -6.46673092e+00   1.10801059e+00   8.49306530e+00 
 -9.74226185e+00  -7.91855329e-01   8.40072374e+00 
 -1.12227029e+01   2.22789942e+00   6.58016479e+00 
 -8.62919520e+00   1.90374246e+00   3.81645577e+00 
 -9.41385268e+00  -1.77592162e+00   3.34262513e+00 
 -1.32166845e+01  -1.64100798e+00   3.23945634e+00 
 -1.37518328e+01   1.76490842e+00   1.75713034e+00 
 -1.10141002e+01   4.13084864e+00   8.41208227e-01 
 -8.90409844e+00   2.04606805e+00  -1.51761380e+00 
 -9.95925094e+00   5.81138314e+00  -5.18525255e+00 
 -9.63711243e+00   2.68454698e+00  -7.36124518e+00 
  4.14771689e-01   1.15619692e+00  -1.23423795e+01 
  9.69339836e-02   4.47275202e+00  -1.42394943e+01 
 -3.60520092e+00   4.22013412e+00  -1.31906726e+01 
 -2.85414045e+00   3.69482736e+00  -9.43823887e+00 
 -4.42460904e+00   1.17929739e-01  -9.48957875e+00 
 -1.26072925e+00  -1.96036048e+00  -9.81688679e+00 
 -2.24631087e+00  -4.03247781e+00  -6.82102997e+00 
 -4.72938949e+00  -6.05455430e+00  -8.89864001e+00 
 -1.35002053e+00  -9.70463943e+00  -8.30176071e+00 
 -4.12638289e+00  -1.16504313e+01  -9.97386680e+00 
 -3.01426069e+00  -8.87221700e+00   2.87289169e+00 
 -1.95546893e+00  -8.51007861e+00   6.47223206e+00 
 -1.53118056e+00  -4.92626663e+00   7.50772195e+00 
 -1.03115070e+00  -2.77737069e+00   1.05902415e+01 
 -1.26990161e+00   1.03907406e+00   1.08343575e+01 
 -3.89638495e+00  -5.61794458e+00   1.26957040e+01 
 -6.21036340e+00  -6.80327667e+00   9.86371066e+00 
  3.84099439e+00  -7.30893440e+00   1.27706603e+01 
  3.63859819e+00  -1.76843183e+00   1.14312838e+01 
  3.37985545e+00  -2.31550805e+00   7.70112840e+00 
  1.84421250e+00  -4.55640087e+00   5.05376590e+00 
  2.44514065e+00  -8.16551114e+00   3.87975342e+00 
  9.13326773e-01  -9.23785276e+00   6.07877995e-01 
  1.40055659e+01   1.38740214e+00  -5.18219739e+00 

   2.474104616882e+00 

  2.68453645e+00  -4.20055809e+00   1.00201449e+00 
 -3.12975946e+00   4.51544999e-01  -5.10429966e-01 
 -2.73621581e+00   4.63483639e-01   1.75084728e+00 
 -4.31562417e+00   2.04131445e+00   4.44818702e+00 
 -2.62619868e+00   6.87426838e-01  -1.79188715e+00 
 -4.45739323e+00   2.73846830e+00   1.69807236e+00 
 -8.95288070e-01  -5.09693429e-02  -3.09470257e+00 
 -1.77917867e+00  -3.89968517e-01  -2.10869728e+00 
  2.06449025e-01  -6.92874636e-01  -2.91471942e+00 
  2.67368939e+00   2.99379850e-01  -2.40313259e+00 
 -9.74825221e-01  -8.19320785e-01  -1.09784547e+00 
  4.82439583e+00  -2.05820834e+00   1.03300413e+00 
 -1.35750461e+00  -8.10199698e-01   2.43653081e-01 
 -2.62100403e+00  -2.91887847e-01   5.06862665e-01 
 -2.41451415e+00   1.83510267e+00   1.55153336e+00 
 -3.46780978e+00   2.42066481e+00   6.64789162e-01 
 -5.13706681e+00   1.61273703e+00   2.20615572e+00 
 -4.77503767e+00   1.10550802e+00   3.55069667e+00 
 -3.24033919e+00   2.66781773e+00   3.84399312e+00 
 -3.78479685e+00   3.48436773e+00   2.71221125e+00 
  2.80125565e-01  -7.64890006e-01  -1.60224915e+00 
  1.47741269e+00  -1.00285958e+00  -8.80358242e-01 
  1.37800157e+00  -2.05168430e+00   3.58635487e-02 
  2.55929607e+00  -2.57771128e+00   4.30893644e-01 
  3.66715913e+00  -1.74729615e+00   3.75468174e-01 
  3.74219763e+00  -6.65366500e-01  -5.06351720e-01 
  2.56603009e+00  -2.15803957e-01  -1.10780034e+00 
  6.07779774e+00   5.14102422e-02   8.37763451e+00 
  6.81344436e+00  -8.82518375e-01   4.78577165e+00 
  8.37236764e+00   2.50505741e+00   3.91828522e+00 
  5.26757156e+00   4.15026994e+00   5.33163266e+00 
  3.01754085e+00   1.84193809e+00   3.15276490e+00 
  5.14697326e+00   2.97483744e+00   1.95204504e-01 
  4.82214911e+00   6.64209178e+00   1.15810402e+00 
  9.58637788e-01   6.29460289e+00   1.37654047e+00 
  9.23123726e-01   4.65765009e+00  -2.05691066e+00 
  3.16513466e+00   7.42334020e+00  -3.50042298e+00 
  8.71570741e-01   1.00828503e+01  -1.90934545e+00 
 -2.12762668e+00   8.33958448e+00  -3.60757860e+00 
 -7.81983630e-01   8.37661957e+00  -7.17456454e+00 
  3.91769423e-01   1.19084594e+01  -6.58341853e+00 
 -3.11482319e+00   1.30336312e+01  -5.42953742e+00 
 -4.78253947e+00   1.11273334e+01  -8.27724421e+00 
  1.14230592e+01  -2.38009395e+00  -7.86807962e-01 
  1.04738142e+01  -8.49916996e-01  -4.10152168e+00 
  8.11371255e+00   1.99954980e+00  -4.70993755e+00 
  6.59866122e+00   3.72232496e+00  -7.76431220e+00 
  3.35943593e+00   4.44610272e+00  -5.99722976e+00 
 -1.53824182e-01   3.64037564e+00  -7.08272750e+00 
  1.65304664e-01  -1.49756135e-01  -7.06959568e+00 
 -2.41945617e+00  -2.82462363e+00  -6.31405603e+00 
 -5.13993651e+00  -4.36190393e+00  -8.37820534e+00 
 -6.00404148e+00  -8.04761538e+00  -8.25159742e+00 
 -9.07564377e+00  -7.06164526e+00  -6.19778386e+00 
 -6.86379817e+00  -5.42150628e+00  -3.57345128e+00 
 -4.70322829e+00  -8.52384204e+00  -3.27750418e+00 
 -7.40176170e+00  -1.11943237e+01  -3.00032726e+00 
 -1.01289443e+01  -9.25372903e+00  -1.30311703e+00 
 -9.89886838e+00  -5.64607161e+00  -3.73796289e-01 
 -6.77267597e+00  -5.56401332e+00   1.76691937e+00 
 -9.95997362e+00  -3.77083150e+00   5.68713108e+00 
 -7.31849977e+00  -5.70223008e+00   7.66403873e+00 
  1.03998080e+00   5.11275446e-01   1.21043193e+01 
 -1.44367232e+00   2.54515866e+00   1.42006009e+01 
 -3.87515588e+00  -3.09723013e-01   1.33021669e+01 
 -3.24887002e+00  -9.65688993e-02   9.49649432e+00 
 -1.73199589e+00  -3.69586886e+00   9.41135686e+00 
  1.96655639e+00  -2.82836478e+00   9.48006619e+00 
  2.57619405e+00  -4.94547747e+00   6.41635399e+00 
  2.48654271e+00  -8.15464389e+00   8.48132070e+00 
  7.40483417e+00  -8.20370662e+00   7.52869330e+00 
  7.02971216e+00  -1.15703947e+01   9.20646471e+00 
  4.85874391e+00  -8.75545093e+00  -3.49621286e+00 
  5.06440853e+00  -7.71004731e+00  -7.11176864e+00 
  2.68580310e+00  -4.93107164e+00  -7.95762958e+00 
  1.25138673e+00  -3.06759789e+00  -1.09307791e+01 
 -1.69367809e+00  -6.16425256e-01  -1.09449441e+01 
  1.19222638e+00  -7.08499377e+00  -1.30681669e+01 
  6.66752235e-01  -9.60204711e+00  -1.02101916e+01 
  7.71824430e+00  -2.62600922e+00  -1.35787543e+01 
  3.66320781e+00   1.02431641e+00  -1.19162748e+01 
  4.14957890e+00   4.31982869e-01  -8.21588631e+00 
  4.90910347e+00  -2.24367453e+00  -5.63668274e+00 
  8.01914865e+00  -4.29636165e+00  -4.69901536e+00 
  7.97986770e+00  -6.17093329e+00  -1.43008022e+00 
  9.68025077e+00   1.05971695e+01   4.38088188e+00 

   2.474104645909e+00 

 -2.08242518e+00   4.38795918e+00  -2.85948868e-01 
  1.38656133e+00  -2.33380083e+00  -1.00650859e+00 
  2.46278698e+00  -1.11069808e+00   6.10343425e-01 
  5.29919788e+00  -1.70886758e+00   2.57432766e+00 
  1.93738530e-01  -2.91922824e+00  -1.43754499e+00 
  3.69551957e+00  -3.61369354e+00   1.20713814e+00 
 -1.94065363e+00  -2.25322334e+00  -1.92683676e+00 
 -6.24918582e-01  -1.88281676e+00  -1.92152173e+00 
 -2.67312692e+00  -1.21694094e+00  -1.70804150e+00 
 -4.34550171e+00  -7.39990440e-01   3.67869544e-01 
 -6.21803171e-01  -7.40153050e-01  -1.18161517e+00 
 -3.83814849e+00   3.60623505e+00   2.05413647e+00 
  5.02591885e-01  -2.67935427e-01  -5.04215705e-01 
  1.63952879e+00  -1.06392768e+00  -5.94397284e-01 
  2.03111333e+00  -2.14353262e+00   1.48866784e+00 
  2.29407437e+00  -3.45097566e+00   8.10389564e-01 
  4.58898525e+00  -2.77268594e+00   5.13031485e-01 
  5.14884283e+00  -1.59192452e+00   1.21196998e+00 
  4.05507317e+00  -2.04433858e+00   3.07772284e+00 
  3.75690637e+00  -3.44003762e+00   2.62252036e+00 
 -1.92320889e+00  -5.08697582e-01  -8.89993131e-01 
 -2.41498964e+00   5.08380352e-01  -3.26983903e-02 
 -1.73198550e+00   1.72000755e+00  -1.54518232e-01 
 -2.39996877e+00   2.80031992e+00   3.09098622e-01 
 -3.34139377e+00   2.57913734e+00   1.30145848e+00 
 -3.98546496e+00   1.34804381e+00   1.45444615e+00 
 -3.44503636e+00   2.31647941e-01   8.15070337e-01 
 -4.06793588e-01   5.95353698e+00   8.58723748e+00 
 -3.15249910e+00   5.28058285e+00   6.07263523e+00 
 -5.05169916e+00   2.86443134e+00   8.35599754e+00 
 -1.80277051e+00   9.81899685e-01   8.85043906e+00 
 -1.27108177e+00   8.30182218e-01   4.99912327e+00 
 -4.81082850e+00  -5.84600514e-01   4.81601658e+00 
 -4.11288542e+00  -3.12148818e+00   7.56529867e+00 
 -9.17655976e-01  -4.32609551e+00   5.71201858e+00 
 -2.92941625e+00  -4.69083515e+00   2.50432980e+00 
 -5.69549155e+00  -6.61567459e+00   4.34909586e+00 
 -3.01852013e+00  -8.87355557e+00   5.96180510e+00 
 -1.62407009e+00  -9.54446257e+00   2.42294053e+00 
 -4.87502504e+00  -1.07136293e+01   8.10530729e-01 
 -5.58154341e+00  -1.27085219e+01   3.92860338e+00 
 -2.15380362e+00  -1.44726334e+01   3.74987066e+00 
 -2.50794489e+00  -1.50168520e+01  -5.51838878e-03 
 -1.01457298e+01   5.69209578e+00   3.73379461e+00 
 -1.14925921e+01   2.53982872e+00   2.15931632e+00 
 -1.01201277e+01  -9.35678454e-01   2.47051629e+00 
 -1.08688718e+01  -4.34607792e+00   9.20943609e-01 
 -7.25949946e+00  -5.39721756e+00   1.00172663e+00 
 -5.12180870e+00  -6.71914740e+00  -1.80063510e+00 
 -5.21155264e+00  -3.62623375e+00  -4.01263778e+00 
 -2.60088554e+00  -2.23832479e+00  -6.39274015e+00 
 -1.65908427e+00  -3.12937968e+00  -9.90613815e+00 
 -7.50254693e-01  -5.47792822e-01  -1.25246352e+01 
  2.89217163e+00  -1.59905144e+00  -1.20219785e+01 
  2.69099199e+00  -7.30647711e-01  -8.32403175e+00 
  1.29447534e+00   2.71247172e+00  -9.08219677e+00 
  3.70125806e+00   3.82376045e+00  -1.18140092e+01 
  6.81451348e+00   1.99970530e+00  -1.07823371e+01 
  7.05665937e+00  -2.79801590e-01  -7.83666086e+00 
  5.90094114e+00   1.94843549e+00  -4.99733661e+00 
  1.07467668e+01   1.10468704e+00  -2.86459159e+00 
  9.95459878e+00   4.62761686e+00  -1.60871457e+00 
  5.83393757e+00   5.30170011e+00   8.91524977e+00 
  8.99615677e+00   3.69351825e+00   1.03691156e+01 
  1.04786150e+01   4.50069848e+00   6.90207157e+00 
  7.64143271e+00   2.78702044e+00   4.91851768e+00 
  6.53899932e+00   6.17409262e+00   3.31364478e+00 
  3.62891670e+00   7.04171272e+00   5.59732967e+00 
  1.35463106e+00   7.49040587e+00   2.61966046e+00 
  2.82237581e+00   1.09354170e+01   1.87902961e+00 
 -1.63904108e+00   1.25325390e+01   3.50520262e+00 
 -1.77278353e-01   1.58002313e+01   2.29042409e+00 
 -6.37173694e+00   6.69779190e+00  -4.97375292e+00 
 -8.79435492e+00   4.25313624e+00  -6.51065100e+00 
 -7.55007019e+00   7.12532050e-01  -6.40198359e+00 
 -8.31828920e+00  -2.73615447e+00  -7.77535876e+00 
 -6.10375612e+00  -5.85849486e+00  -7.60608623e+00 
 -9.41968922e+00  -6.39677143e-01  -1.16616268e+01 
 -7.14982801e+00   2.46312310e+00  -1.16692216e+01 
 -1.50609756e+01  -1.69215172e+00  -6.20266041e+00 
 -1.09911743e+01  -5.40898839e+00  -4.73504343e+00 
 -9.08072718e+00  -2.99466746e+00  -2.54380645e+00 
 -7.98890479e+00   6.24973858e-01  -2.23644105e+00 
 -9.78322176e+00   3.94155898e+00  -1.49766436e+00 
 -7.67080913e+00   6.93671519e+00  -6.21139057e-01 
 -6.12804776e+00  -2.69350956e+00   1.43022027e+01 

   2.474104600190e+00 

  4.37440168e+00   2.93215232e+00  -4.58166519e-01 
 -3.19167669e+00   2.71151122e+00  -1.12162975e+00 
 -2.61744936e+00   4.43945404e+00   2.75841974e-01 
 -4.47961260e+00   6.89573992e+00   1.93697750e+00 
 -3.14385750e+00   1.33823539e+00  -1.37295989e+00 
 -5.40306232e+00   4.42052622e+00   8.92979005e-01 
 -1.54812488e+00  -2.77708860e-01  -1.65749992e+00 
 -1.84542665e+00   1.04553282e+00  -1.82790575e+00 
 -2.87512293e-01  -4.01983233e-01  -1.42580473e+00 
  9.34233106e-01  -1.36296948e+00   7.91780669e-01 
 -8.37406479e-01   1.68250755e+00  -1.17116949e+00 
  4.52851856e+00   1.34285185e+00   2.11478291e+00 
 -9.51382563e-01   2.97561884e+00  -6.60288428e-01 
 -2.19149684e+00   3.58283043e+00  -8.26927117e-01 
 -3.31848631e+00   3.69448749e+00   1.26483752e+00 
 -4.59741423e+00   3.22067085e+00   6.49652609e-01 
 -5.08896608e+00   5.50310924e+00   4.63843274e-02 
 -4.31142878e+00   6.63861755e+00   5.96117345e-01 
 -4.18320196e+00   5.71889222e+00   2.60103140e+00 
 -5.27294445e+00   4.74334719e+00   2.27720560e+00 
 -1.55899512e-02   6.93547970e-01  -7.48266665e-01 
  1.11690775e+00   8.55093743e-01   8.99445405e-02 
  1.85964619e+00   2.00371232e+00  -1.90052437e-01 
  3.12954104e+00   1.98888569e+00   2.74010429e-01 
  3.38531312e+00   1.19481491e+00   1.38036031e+00 
  2.60715006e+00   7.51649265e-02   1.68804430e+00 
  1.36512428e+00  -6.15933905e-02   1.06685553e+00 
  4.99852565e+00   6.30659544e+00   8.03980270e+00 
  5.69588083e+00   3.26008103e+00   5.90733749e+00 
  4.47845227e+00   7.71185114e-01   8.54964395e+00 
  1.28332536e+00   2.79010514e+00   8.79265949e+00 
  8.80611954e-01   2.67226083e+00   4.92455095e+00 
  1.31141696e+00  -1.10630526e+00   5.24356041e+00 
 -1.24100995e+00  -1.32252612e+00   8.05779162e+00 
 -3.82418435e+00   6.56161471e-01   5.93477428e+00 
 -3.20630881e+00  -1.69689053e+00   3.01058663e+00 
 -3.58225464e+00  -4.77029694e+00   5.28481723e+00 
 -6.83188520e+00  -3.27851766e+00   6.72688534e+00 
 -8.09924436e+00  -2.84524599e+00   3.10414690e+00 
 -7.59538468e+00  -6.44602859e+00   1.95697185e+00 
 -9.00333559e+00  -7.58524400e+00   5.26166975e+00 
 -1.21819210e+01  -5.44394596e+00   4.80905525e+00 
 -1.25100549e+01  -6.50661225e+00   1.16383448e+00 
  9.36182210e+00  -2.96275787e+00   4.36395295e+00 
  7.21725799e+00  -5.82651479e+00   3.16831848e+00 
  3.50781015e+00  -6.21760464e+00   3.55130630e+00 
  8.52614172e-01  -8.67696526e+00   2.32896929e+00 
 -1.78306256e+00  -6.00814467e+00   2.06514586e+00 
 -3.97262963e+00  -5.13371136e+00  -8.69410878e-01 
 -1.21641005e+00  -4.05434182e+00  -3.25799493e+00 
 -1.24200574e+00  -1.43954252e+00  -6.00916382e+00 
 -2.48860150e+00  -1.50137779e+00  -9.54004406e+00 
 -6.57665895e-01   1.56005480e-01  -1.24119474e+01 
 -3.30723007e+00   2.90959050e+00  -1.22614117e+01 
 -2.43073167e+00   3.63190097e+00  -8.63106339e+00 
  1.25960560e+00   3.92750635e+00  -9.45214138e+00 
  1.08547881e+00   6.18785918e+00  -1.25100579e+01 
 -1.99146761e+00   8.18702200e+00  -1.17229010e+01 
 -4.10037586e+00   7.71966734e+00  -8.67890706e+00 
 -1.57791475e+00   8.13270716e+00  -5.88085520e+00 
 -4.60776096e+00   1.22505426e+01  -4.26655013e+00 
 -1.12456671e+00   1.33783955e+01  -3.16605778e+00 
  1.46860525e+00   1.14929490e+01   7.69251652e+00 
 -1.43957221e+00   1.36921487e+01   8.87810758e+00 
 -1.44674785e+00   1.49052795e+01   5.21779700e+00 
 -1.62011243e+00   1.13610453e+01   3.69164386e+00 
  1.87773815e+00   1.17748053e+01   2.00135755e+00 
  4.03096192e+00   9.94405681e+00   4.54075287e+00 
  5.49055890e+00   7.77395917e+00   1.82037479e+00 
  7.82531230e+00   1.05735125e+01   6.87973933e-01 
  1.13531377e+01   7.64337237e+00   2.70494853e+00 
  1.35324713e+01   1.02916131e+01   1.11511814e+00 
  8.42018627e+00  -3.50915838e-01  -4.76662646e+00 
  7.40868039e+00  -3.81691604e+00  -5.84884104e+00 
  3.70174850e+00  -4.37732477e+00  -5.64754146e+00 
  1.02285029e+00  -6.84828013e+00  -6.69044916e+00 
 -2.77528347e+00  -6.35730127e+00  -6.56830437e+00 
  3.37358341e+00  -7.34176256e+00  -1.05559260e+01 
  5.03014754e+00  -3.90521642e+00  -1.10309448e+01 
  5.14444162e+00  -1.20367631e+01  -4.42786015e+00 
 -5.05935594e-02  -1.00326905e+01  -3.19200397e+00 
  1.17982129e+00  -6.94129426e+00  -1.40046135e+00 
  3.85115859e+00  -4.24899980e+00  -1.46266427e+00 
  7.62525324e+00  -4.16151124e+00  -7.45967742e-01 
  9.26557977e+00  -7.95660964e-01  -3.19440329e-01 
  1.20823896e-01  -1.98750168e+00   1.49376993e+01 

   2.474104589636e+00 

  2.36362240e+00   3.85553850e+00  -2.74640902e+00 
  1.55640903e+00  -3.28322583e+00  -2.72172714e-01 
  1.27932088e+00  -3.24967567e+00  -2.55044489e+00 
  7.14916628e-01  -5.75423713e+00  -4.93131580e+00 
  1.12161979e+00  -2.81819183e+00   9.71224980e-01 
  2.70313737e-01  -5.88497956e+00  -2.12872677e+00 
  8.59367133e-01  -8.06400425e-01   2.03071468e+00 
  1.59124195e+00  -1.49928004e+00   1.10731868e+00 
  8.12212567e-01   4.34309163e-01   1.68912223e+00 
 -1.35280561e+00   1.92377063e+00   1.03522096e+00 
  1.50113350e+00  -7.27390296e-01  -1.03660943e-02 
 -5.88632580e-01   4.52788588e+00  -2.78908968e+00 
  1.66276496e+00  -1.22701008e+00  -1.30280244e+00 
  1.88919846e+00  -2.59608217e+00  -1.39622907e+00 
 -4.77235346e-02  -3.67308696e+00  -2.26021037e+00 
  3.93886622e-02  -4.75240103e+00  -1.22768081e+00 
  1.57171762e+00  -5.93158881e+00  -2.66867563e+00 
  1.77426018e+00  -5.53403108e+00  -4.08185105e+00 
 -3.71855784e-01  -5.10037052e+00  -4.37888262e+00 
 -7.44632249e-01  -5.84113473e+00  -3.13131853e+00 
  8.00537013e-01   3.65004713e-01   3.74494559e-01 
  3.46822267e-01   1.40430897e+00  -4.77112590e-01 
  1.26414324e+00   1.75302232e+00  -1.47024698e+00 
  1.07107631e+00   2.97213114e+00  -2.02224230e+00 
 -2.19604000e-01   3.47569448e+00  -1.99856550e+00 
 -1.15284843e+00   3.08468114e+00  -1.03420828e+00 
 -8.92544713e-01   1.93659497e+00  -2.84975585e-01 
 -3.22819661e+00   3.52920086e+00  -1.00002281e+01 
 -2.73729241e+00   5.10108474e+00  -6.59389621e+00 
 -6.41173797e+00   4.74691072e+00  -5.57829266e+00 
 -6.18923843e+00   1.08896491e+00  -6.53429459e+00 
 -2.98314051e+00   6.87753993e-01  -4.36671130e+00 
 -4.99916063e+00   2.26608907e+00  -1.53658370e+00 
 -7.95522338e+00  -5.57298480e-02  -2.13010317e+00 
 -5.61198640e+00  -3.15244085e+00  -2.00823913e+00 
 -4.11990744e+00  -1.88093353e+00   1.25158208e+00 
 -7.61652866e+00  -1.25975976e+00   2.71691055e+00 
 -8.68857820e+00  -4.79026917e+00   1.59835750e+00 
 -5.57462923e+00  -6.18030796e+00   3.41199737e+00 
 -6.23065411e+00  -4.60788728e+00   6.82266336e+00 
 -9.85957619e+00  -5.54978251e+00   6.44210794e+00 
 -8.97659306e+00  -9.23948643e+00   5.73498381e+00 
 -6.40342487e+00  -9.27552264e+00   8.54605656e+00 
 -3.77897206e+00   1.04836581e+01  -1.64539712e+00 
 -4.48489457e+00   9.30901643e+00   1.86910514e+00 
 -5.62626767e+00   5.90622375e+00   2.95445010e+00 
 -6.20096524e+00   4.12087816e+00   6.28233254e+00 
 -5.13602971e+00   7.87776186e-01   4.90561702e+00 
 -2.55792748e+00  -1.60574575e+00   6.24537268e+00 
  4.80287660e-01   6.50016581e-01   5.86080479e+00 
  4.09984935e+00  -2.18573907e-01   5.11845455e+00 
  6.90053243e+00  -1.43504404e+00   7.28670998e+00 
  1.04767203e+01  -2.44321012e-01   6.91226363e+00 
  1.12232625e+01  -3.61090984e+00   5.25884352e+00 
  8.59172502e+00  -2.94857637e+00   2.59317965e+00 
  1.00612254e+01   4.59281219e-01   1.81394140e+00 
  1.37497751e+01  -4.45710727e-01   1.55709487e+00 
  1.35141739e+01  -3.97749490e+00   3.10122967e-01 
  1.03143158e+01  -5.79681185e+00  -3.08560177e-01 
  8.52773322e+00  -3.48518160e+00  -2.72246729e+00 
  8.60492127e+00  -7.61318743e+00  -6.14241720e+00 
  8.78463977e+00  -4.63172083e+00  -8.52871156e+00 
 -1.03331330e+00  -1.43129236e+00  -1.31712271e+01 
 -1.48756264e+00  -4.85853004e+00  -1.48287193e+01 
  2.24502984e+00  -5.29059078e+00  -1.39622756e+01 
  1.82856232e+00  -4.38513404e+00  -1.02303160e+01 
  4.07077961e+00  -1.20901308e+00  -1.06148974e+01 
  1.36776442e+00   1.43900110e+00  -1.09588433e+01 
  2.91376067e+00   3.45769978e+00  -8.17049173e+00 
  5.62527276e+00   4.80026921e+00  -1.04977419e+01 
  3.07549604e+00   9.08720558e+00  -1.00283669e+01 
  6.08205747e+00   1.03221179e+01  -1.19586092e+01 
  5.17768004e+00   8.65482478e+00   1.09500571e+00 
  4.27558620e+00   8.74512750e+00   4.75362417e+00 
  3.20978475e+00   5.39434446e+00   6.06978345e+00 
  2.47103950e+00   3.59255250e+00   9.32208894e+00 
  1.96275180e+00  -1.70007130e-01   9.83846364e+00 
  5.95763786e+00   5.92634612e+00   1.10851590e+01 
  8.29485330e+00   6.43681768e+00   8.07575218e+00 
 -1.27438565e+00   9.14347234e+00   1.13680928e+01 
 -2.25018852e+00   3.60164100e+00   1.04364469e+01 
 -2.10179824e+00   3.84496080e+00   6.66828237e+00 
 -3.06594473e-01   5.55583196e+00   3.79800805e+00 
 -2.46905419e-01   9.12911739e+00   2.38619828e+00 
  1.27742258e+00   9.65859445e+00  -1.01932430e+00 
 -1.39688741e+01   1.54137957e+00  -5.43393650e+00 

   2.474104629638e+00 

  2.18751890e+00   5.03318027e+00  -4.19148309e+00 
  1.42841716e+00  -2.15778742e+00  -1.85706081e+00 
  1.82347803e+00  -2.14741430e+00  -4.11808360e+00 
  2.23376232e+00  -4.69095797e+00  -6.48911831e+00 
  6.06013325e-01  -1.74477199e+00  -8.06153256e-01 
  1.00965900e+00  -4.87579906e+00  -3.93243624e+00 
 -1.56542072e-01   2.25068978e-01   7.52259035e-02 
  8.78766551e-01  -3.83986136e-01  -5.77148668e-01 
 -2.28636892e-01   1.45478173e+00  -3.00107973e-01 
 -2.25030171e+00   2.70874342e+00  -1.59393292e+00 
  1.03914038e+00   3.77139741e-01  -1.69434421e+00 
 -6.77375796e-01   5.38972141e+00  -5.10521400e+00 
  1.61941233e+00  -9.90140105e-02  -2.87022553e+00 
  2.00163337e+00  -1.43619763e+00  -2.85563321e+00 
  5.19769067e-01  -2.70956622e+00  -4.21235222e+00 
  4.12640976e-01  -3.77648268e+00  -3.16887637e+00 
  2.40947603e+00  -4.78305073e+00  -4.07131820e+00 
  2.97231411e+00  -4.36238606e+00  -5.37607455e+00 
  9.72602060e-01  -4.15719740e+00  -6.29324560e+00 
  3.30929425e-01  -4.93670628e+00  -5.18656752e+00 
  1.49366150e-01   1.38828061e+00  -1.55942782e+00 
 -1.40780490e-01   2.37614553e+00  -2.53471077e+00 
  9.85007119e-01   2.82262629e+00  -3.22943998e+00 
  8.37443237e-01   4.01603247e+00  -3.84766932e+00 
 -4.48732758e-01   4.38025206e+00  -4.21251029e+00 
 -1.57699404e+00   3.89009753e+00  -3.54874569e+00 
 -1.43001339e+00   2.77388309e+00  -2.72431858e+00 
 -9.91204621e-01   4.13754855e+00  -1.27405776e+01 
 -1.67434055e+00   5.74306736e+00  -9.38341875e+00 
 -5.42921486e+00   4.99957899e+00  -9.46457663e+00 
 -4.56673341e+00   1.38832503e+00  -1.02122146e+01 
 -2.10547542e+00   1.32232785e+00  -7.19951504e+00 
 -5.00689533e+00   2.67081751e+00  -5.11903009e+00 
 -7.41005191e+00   5.11298263e-02  -6.47679107e+00 
 -4.90037238e+00  -2.78080620e+00  -5.59540909e+00 
 -4.55779057e+00  -1.36772112e+00  -2.08040136e+00 
 -8.37362977e+00  -1.12378445e+00  -1.70719494e+00 
 -8.70851918e+00  -4.74473456e+00  -2.98841424e+00 
 -6.13125304e+00  -5.80278070e+00  -3.13272137e-01 
 -7.90689002e+00  -4.31799579e+00   2.71625871e+00 
 -1.11527853e+01  -5.63723360e+00   1.32887904e+00 
 -9.73099964e+00  -9.21092849e+00   1.01131582e+00 
 -8.09615627e+00  -8.98249756e+00   4.44639469e+00 
 -4.65230273e+00   1.09715985e+01  -5.10099038e+00 
 -6.22548218e+00   9.71916050e+00  -1.90938743e+00 
 -7.27981872e+00   6.21177017e+00  -1.10547082e+00 
 -8.61164452e+00   4.36644829e+00   1.96268353e+00 
 -6.85852867e+00   1.16845186e+00   1.04704527e+00 
 -4.55102580e+00  -9.42791252e-01   3.14194165e+00 
 -1.77873647e+00   1.62260449e+00   3.58945031e+00 
  1.96918825e+00   1.14362306e+00   3.95053393e+00 
  4.12767146e+00   2.24076474e-01   6.86949509e+00 
  7.51743993e+00   1.78725598e+00   7.51221595e+00 
  9.05146631e+00  -1.47693666e+00   6.24066457e+00 
  7.25495857e+00  -1.08916133e+00   2.91025386e+00 
  8.53200765e+00   2.45710835e+00   2.49400191e+00 
  1.22081918e+01   1.94788265e+00   3.34060551e+00 
  1.27065383e+01  -1.58554521e+00   2.17850944e+00 
  1.00275122e+01  -3.73124941e+00   7.12034470e-01 
  8.79355833e+00  -1.61478404e+00  -2.17939972e+00 
  1.02817731e+01  -5.70198760e+00  -5.31346852e+00 
  1.08422257e+01  -2.71162859e+00  -7.62852225e+00 
  2.52430092e+00  -5.54276053e-01  -1.50004931e+01 
  2.92326677e+00  -4.00572968e+00  -1.66215757e+01 
  6.26669410e+00  -4.04312920e+00  -1.47007095e+01 
  4.69361345e+00  -3.19713057e+00  -1.12757258e+01 
  6.61475179e+00   1.99299660e-01  -1.10843294e+01 
  3.87307372e+00   2.54764304e+00  -1.22696782e+01 
  4.32777393e+00   4.71073592e+00  -9.21117458e+00 
  7.44691729e+00   6.33890285e+00  -1.06913452e+01 
  4.44755003e+00   1.03309146e+01  -1.11001940e+01 
  7.74299426e+00   1.18821193e+01  -1.21121438e+01 
  3.25911190e+00   1.00923710e+01   1.63300508e-01 
  1.32843352e+00   1.00766443e+01   3.40052620e+00 
  2.73603970e-01   6.62832405e+00   4.44569719e+00 
 -1.19065640e+00   4.74951200e+00   7.39454258e+00 
 -1.44065255e+00   9.52883752e-01   7.84727804e+00 
  1.37614795e+00   7.43394728e+00   1.00245056e+01 
  4.42226395e+00   8.19701282e+00   7.80671236e+00 
 -5.91461642e+00   9.86763192e+00   8.11293434e+00 
 -6.00717016e+00   4.25630141e+00   7.09488566e+00 
 -4.79574710e+00   4.52439677e+00   3.52545005e+00 
 -2.42812949e+00   6.42343564e+00   1.25029155e+00 
 -2.32540656e+00   9.98690489e+00  -1.83675511e-01 
  6.05092902e-02   1.06840190e+01  -3.01615396e+00 
 -1.23341303e+01   1.01263167e+00  -1.14223993e+01 

   2.474104643894e+00 

  2.91945979e+00  -2.48716731e+00  -4.22358796e+00 
 -2.90670491e+00   6.23036583e-01  -4.66223118e-01 
 -3.65637583e+00  -1.22387146e+00  -1.60436927e+00 
 -6.81690129e+00  -2.68181110e+00  -1.98610204e+00 
 -2.03183812e+00   1.13605913e+00   4.94384255e-01 
 -5.96209548e+00  -8.85659384e-01   4.18275964e-02 
  2.27099017e-01   1.23069484e+00   8.50544106e-01 
 -7.57210842e-01   1.19770664e+00  -9.73143615e-02 
  1.27415297e+00   6.35743164e-01   3.94504718e-01 
  2.49094728e+00  -1.59457329e+00   1.33199160e+00 
 -4.17183367e-01   1.28466299e-01  -8.68193557e-01 
  3.59722606e+00  -4.56295743e+00  -2.12565249e+00 
 -1.33572661e+00  -5.84865601e-01  -1.63862360e+00 
 -2.65722842e+00  -1.60930075e-01  -1.54768677e+00 
 -3.92565374e+00  -1.74644930e+00  -3.08625607e-01 
 -4.58343454e+00  -6.62997341e-01   4.86407718e-01 
 -6.21956391e+00  -4.41894176e-01  -1.27123707e+00 
 -6.33891922e+00  -1.44574211e+00  -2.35483974e+00 
 -5.98994227e+00  -3.13485290e+00  -9.73837145e-01 
 -6.24608901e+00  -2.27252166e+00   2.24018932e-01 
  7.55291122e-01  -3.13344134e-01  -3.55967213e-01 
  1.44571528e+00  -1.48721386e+00  -7.51687333e-01 
  1.41068411e+00  -1.71848186e+00  -2.12815818e+00 
  2.36784293e+00  -2.55408379e+00  -2.59057265e+00 
  2.87537898e+00  -3.48410741e+00  -1.69758054e+00 
  2.86114346e+00  -3.27316815e+00  -3.15868342e-01 
  2.03734773e+00  -2.26904761e+00   1.94344995e-01 
  2.24499750e-01  -1.12459038e+01  -4.10765517e+00 
  2.86564049e+00  -8.84882384e+00  -2.84536131e+00 
  2.96091165e+00  -1.03495136e+01   6.75621565e-01 
 -8.05888172e-01  -9.97486786e+00   7.97241121e-01 
 -5.00564082e-01  -6.25639164e+00  -3.06418805e-01 
  1.99994767e+00  -5.87237369e+00   2.55101383e+00 
 -3.21658409e-01  -7.59051658e+00   5.02883591e+00 
 -3.23389797e+00  -5.22633007e+00   4.01656304e+00 
 -9.46114276e-01  -2.22433510e+00   4.48938443e+00 
  2.15893630e-01  -3.53223102e+00   7.90968951e+00 
 -3.46046968e+00  -4.13020206e+00   8.90559208e+00 
 -4.20320700e+00  -4.76788753e-01   7.89609271e+00 
 -1.53610809e+00   1.19544333e+00   1.00468495e+01 
 -2.47544798e+00  -1.14554331e+00   1.28465935e+01 
 -6.19986537e+00  -1.62055360e-01   1.26122918e+01 
 -5.31645149e+00   3.53135679e+00   1.22916767e+01 
  9.64673260e+00  -7.26896134e+00  -3.82514026e-01 
  9.77338984e+00  -4.85345484e+00   2.51215455e+00 
  6.97958916e+00  -3.91973501e+00   4.83217476e+00 
  6.46607952e+00  -1.40167688e+00   7.65853533e+00 
  2.84112168e+00  -8.82086381e-01   6.80490155e+00 
  1.00440945e+00   2.34087169e+00   6.16500094e+00 
  2.92448575e+00   3.41424835e+00   3.06205250e+00 
  1.77751572e+00   5.39070312e+00   3.13997598e-02 
  1.32666034e+00   9.05989112e+00  -5.67538513e-01 
  2.23975690e+00   1.07531474e+01  -3.83039595e+00 
 -1.50555539e+00   1.08772818e+01  -4.59348427e+00 
 -1.74993552e+00   7.09351522e+00  -4.28883480e+00 
  1.14750364e+00   6.59012091e+00  -6.68290861e+00 
  1.32630054e-01   8.97388958e+00  -9.47182505e+00 
 -3.60674400e+00   8.81337207e+00  -9.19759116e+00 
 -5.46050559e+00   6.79425249e+00  -6.66411555e+00 
 -4.08818012e+00   3.31064423e+00  -7.25036237e+00 
 -9.14408942e+00   1.91474656e+00  -8.36023488e+00 
 -7.17486529e+00  -4.71325511e-01  -1.06062523e+01 
 -5.57069200e+00  -1.09043185e+01  -6.51144761e+00 
 -9.34922774e+00  -1.15297471e+01  -6.33505727e+00 
 -9.53327950e+00  -8.41872975e+00  -8.60602910e+00 
 -7.38596263e+00  -6.19027428e+00  -6.29436346e+00 
 -4.58576415e+00  -5.85631655e+00  -8.99817644e+00 
 -2.16371127e+00  -8.49669038e+00  -7.73379564e+00 
  6.61127805e-01  -5.99469051e+00  -7.75603263e+00 
  1.06022821e+00  -6.31381997e+00  -1.15388629e+01 
  5.29770684e+00  -8.68058427e+00  -1.02971998e+01 
  5.72676393e+00  -8.49534670e+00  -1.40484446e+01 
  8.69036476e+00   8.80322870e-01  -5.25595001e+00 
  1.00577145e+01   2.95454037e+00  -2.42126205e+00 
  7.39084520e+00   4.09141190e+00  -3.56221855e-02 
  6.83922435e+00   6.45440522e+00   2.87671898e+00 
  3.49812094e+00   7.46628224e+00   4.45626537e+00 
  9.56499087e+00   9.35960845e+00   6.76406104e-01 
  8.95557440e+00   8.51696789e+00  -3.02471040e+00 
  1.28321710e+01   4.15759654e+00   5.67607716e+00 
  7.33131599e+00   4.26902245e+00   7.17948748e+00 
  6.25489217e+00   1.55161987e+00   4.78421638e+00 
  6.83109409e+00   1.60997677e-01   1.30247641e+00 
  9.69468769e+00  -1.74079796e+00  -4.14527556e-01 
  8.98326876e+00  -3.39319941e+00  -3.72587362e+00 
  1.61196635e-01  -1.42242440e+01   7.35055539e+00 

   2.474104601298e+00 

