  7.03981514e-01   2.06488836e+00   7.97519804e-01 
 -9.61415243e-01   4.88199004e+00   1.40211142e+00 
 -2.68584360e+00   4.32360699e+00  -9.28130593e-01 
 -1.00542407e+00   3.35397937e+00   1.48432807e+00 
  4.01569055e+00  -3.09073160e+00   1.41892054e+00 
  2.40239818e+00  -3.15844983e+00   3.24756714e+00 
  2.44539698e-01   2.84186108e+00   1.82118252e+00 
 -3.58392489e-01   1.90053489e+00   1.01060708e-02 
 -1.31852643e+00   2.82001751e+00   2.92709406e-01 
 -2.32743812e+00   3.12580941e+00  -7.05627970e-01 
 -2.54830722e+00   2.01808956e+00  -1.64904335e+00 
 -2.17229845e+00   7.34099745e-01  -9.15677445e-01 
 -6.99546692e-01   7.06021211e-01  -7.74350832e-01 
 -2.87209113e+00  -4.80463026e-01  -1.29791507e+00 
 -2.67437795e+00   9.27546296e-01   5.39218377e-01 
  1.52983696e+00   9.34763557e-01   1.10718420e+00 
  1.75768964e+00   6.95991334e-02   1.05082058e-01 
  2.20408456e+00  -1.18482453e+00   3.40388575e-01 
  2.02866007e+00  -1.70871676e+00   1.58439366e+00 
  1.38121210e+00  -8.89618462e-01   2.50504144e+00 
  1.53529141e+00   4.90264700e-01   2.38888001e+00 
  4.79677959e-01  -1.21267485e+00   3.55045703e+00 
 -8.41214093e-01  -1.52723260e+00   2.92414160e+00 
 -1.86914047e+00  -5.89415136e-01   3.46577050e+00 
 -1.04869426e+00   4.48923444e-01   4.15494398e+00 
  2.39232969e-01  -2.24888702e-01   4.62847826e+00 
  2.72636661e+00  -2.94407581e+00   2.01539309e+00 
  4.39586763e+00  -1.88568848e+00   6.04927585e-01 
  3.37808698e+00  -1.66590331e+00  -4.62111440e-01 
 -1.84397403e+00   1.23138758e+01  -6.78102007e+00 
  9.70032484e+00   4.61065740e+00  -1.05007726e+00 
  8.17385432e+00   1.27663182e+00  -2.17203821e+00 
  1.10910998e+01  -7.81916943e-01  -8.25012233e-01 
  1.06584660e+01   9.55360284e-01   2.53185283e+00 
  6.85419481e+00   1.52035481e-01   2.48965215e+00 
  7.89010631e+00  -3.48190990e+00   1.81773861e+00 
  1.04434034e+01  -3.44460337e+00   4.63871337e+00 
  7.82023236e+00  -2.15664924e+00   7.15000945e+00 
  5.40427180e+00  -4.91176858e+00   6.00897255e+00 
  8.16585873e+00  -7.54101331e+00   6.39732328e+00 
  8.99384477e+00  -6.17555936e+00   9.91367825e+00 
  5.22594921e+00  -6.47138509e+00   1.07889977e+01 
  4.81304767e+00  -1.01349349e+01   9.86431175e+00 
  3.62054769e+00  -1.09651339e+01   1.46158490e+01 
  7.30410122e+00  -5.06042579e+00  -1.00489491e+01 
  8.23383523e+00  -4.73126244e+00  -6.38677024e+00 
  7.40469149e+00  -7.96054697e+00  -4.61051995e+00 
  7.46347201e+00  -8.62024881e+00  -9.24986460e-01 
  5.39566379e+00  -9.08833776e+00   4.12280561e+00 
  2.17960506e+00  -9.07144066e+00   6.04787236e+00 
 -8.83672786e-02  -8.23834686e+00   3.09269650e+00 
 -3.24143042e+00  -6.13069006e+00   3.00026350e+00 
 -6.86030963e+00  -6.98486598e+00   3.77166518e+00 
 -9.79251279e+00  -5.69186212e+00   1.74761159e+00 
 -1.03949915e+01  -3.20786645e+00   4.60770999e+00 
 -6.86906673e+00  -1.74904581e+00   4.21749712e+00 
 -7.39805165e+00  -1.27502328e+00   5.08815737e-01 
 -1.07872329e+01   3.90988711e-01   4.98179019e-01 
 -1.07639603e+01   2.16564216e+00   3.80149947e+00 
 -7.85493287e+00   2.04761072e+00   6.19715178e+00 
 -5.04172791e+00   3.26460204e+00   4.10067233e+00 
 -7.16799519e+00   6.22574798e+00   2.86577045e+00 
 -4.49736010e+00   7.22330554e+00   7.58126244e+00 
 -3.33295619e+00   8.99282736e+00   4.44246224e+00 
 -5.91683471e-02   1.26728323e+01   5.99720262e+00 
  7.95856478e+00   9.26386085e+00   2.89079337e+00 
  8.41343090e+00   1.13539905e+01   6.06165095e+00 
  4.62069087e+00   1.18778276e+01   5.80175073e+00 
  3.77113760e+00   8.10951386e+00   5.49742820e+00 
  2.45664562e+00   8.65061474e+00   1.86338094e+00 
  5.44473947e+00   7.44912654e+00  -1.50228207e-01 
  3.34454707e+00   4.94383004e+00  -2.07197480e+00 
  1.92570881e+00   7.70545139e+00  -4.28747408e+00 
  5.39565560e+00   8.56514477e+00  -5.54627752e+00 
  4.79579202e+00   5.51747258e+00  -7.78978519e+00 
  2.93784818e+00   8.01906998e+00  -9.91849248e+00 
 -1.24693714e+00  -3.97384704e+00  -6.40277134e+00 
 -1.74191358e+00  -7.68271682e+00  -5.77199936e+00 
 -1.83937384e+00  -8.44520604e+00  -2.07476989e+00 
 -2.65707944e+00  -1.13083178e+01   2.62417940e-01 
 -3.01904573e+00  -1.11650056e+01   4.08552402e+00 
 -6.08704339e+00  -1.23302051e+01  -2.54556058e+00 
 -7.05052283e+00  -8.90649771e+00  -4.00326302e+00 
 -6.10641218e+00  -6.79889806e+00  -6.99418607e+00 
 -6.17217403e+00  -3.03508743e+00  -6.52634715e+00 
 -9.35613525e+00   3.10698698e+00  -8.04922773e+00 
 -1.06092819e+01  -3.52378920e+00  -6.19032056e+00 
  1.26131026e+00  -1.38989019e+01   1.51132520e+00 
  2.54040928e+00  -1.04435492e+01   7.12437889e-01 
  2.23356857e+00  -7.51455641e+00  -1.71573460e+00 
  3.32037513e+00  -7.01576655e+00  -5.36359998e+00 
  3.25373154e+00  -3.50942746e+00  -6.75105059e+00 
  3.25594145e+00  -3.59742141e+00  -1.05481576e+01 

   5.141412943643e+00 

  1.76309134e-01  -1.54576782e+00  -2.86050528e+00 
  1.75519659e+00  -3.57448295e+00  -4.97394345e+00 
  2.93892503e-01  -5.86353497e+00  -3.81629271e+00 
  1.65961236e+00  -3.10098280e+00  -3.52130012e+00 
 -1.26223556e+00   3.13286270e+00   8.77806405e-01 
  1.04529824e+00   2.57180339e+00   1.43613242e+00 
  1.38536882e+00  -1.73729745e+00  -3.46393804e+00 
 -1.16755632e-01  -2.73348006e+00  -2.33218139e+00 
  6.47314446e-01  -3.71212857e+00  -2.88500358e+00 
  1.99669636e-01  -5.09142338e+00  -2.81248509e+00 
 -6.97123092e-01  -5.33924392e+00  -1.67221548e+00 
 -3.48070168e-01  -4.30588824e+00  -6.05356543e-01 
 -8.31194325e-01  -2.98797655e+00  -1.07384186e+00 
 -5.54002742e-01  -4.68536708e+00   7.81931589e-01 
  1.19607332e+00  -4.16661213e+00  -6.55007822e-01 
 -2.36377382e-02  -3.60985890e-01  -2.07857269e+00 
 -1.12861497e+00  -3.29079812e-01  -1.31524743e+00 
 -1.25453368e+00   5.40746979e-01  -2.87756765e-01 
 -1.23657914e-01   1.08943881e+00   2.34610061e-01 
  1.07509801e+00   6.81176917e-01  -3.43296938e-01 
  1.07645345e+00   3.32510063e-01  -1.69228398e+00 
  2.35075365e+00   4.66514531e-01   2.36903576e-01 
  2.29125526e+00  -8.24428570e-01   9.89176524e-01 
  3.31944681e+00  -1.75491083e+00   4.35526083e-01 
  3.73094705e+00  -1.08647829e+00  -8.33378396e-01 
  3.54453893e+00   4.18424989e-01  -6.39599229e-01 
 -1.74189942e-01   2.25045199e+00   1.15556968e+00 
 -2.00555056e+00   2.73052257e+00  -3.65118977e-01 
 -2.52214765e+00   1.34096583e+00  -2.06946461e-01 
 -4.35387179e+00  -1.01503361e+01  -1.14864558e+01 
 -4.88733744e+00   4.49493305e+00  -8.21757042e+00 
 -5.68093763e+00   3.75638078e+00  -4.53934260e+00 
 -5.92085694e+00   7.44861412e+00  -3.60537271e+00 
 -2.49849147e+00   7.98324195e+00  -5.17872501e+00 
 -1.06701676e+00   4.99007116e+00  -3.15106940e+00 
 -2.54763366e+00   6.71038306e+00  -5.61724691e-02 
 -1.04914532e+00   1.00750703e+01  -1.01117920e+00 
  2.45773178e+00   8.52929594e+00  -1.40974903e+00 
  2.08483350e+00   6.84836611e+00   2.02025200e+00 
  9.73474726e-01   1.01744100e+01   3.56699326e+00 
  3.97435923e+00   1.19619214e+01   1.91948441e+00 
  6.28153493e+00   9.23579458e+00   3.43471670e+00 
  5.16639483e+00   9.62853346e+00   7.04710421e+00 
  9.84521412e+00   1.09170006e+01   8.11335461e+00 
 -1.32124977e+01   1.60735503e+00   1.91184893e+00 
 -1.02493876e+01   3.86621762e+00   1.20344050e+00 
 -8.70131916e+00   4.93117368e+00   4.48065960e+00 
 -5.47969619e+00   6.76943308e+00   4.99423662e+00 
 -1.28035553e-01   7.33045889e+00   6.00425184e+00 
  2.93772408e+00   5.42576163e+00   7.01541851e+00 
  1.30752215e+00   1.97447144e+00   7.05819558e+00 
  2.78324504e+00  -1.39403250e+00   6.12652068e+00 
  4.86649440e+00  -3.86473167e+00   8.12068827e+00 
  4.40724982e+00  -7.62225188e+00   7.92938436e+00 
  7.54304783e+00  -7.67734962e+00   5.72095772e+00 
  5.91660834e+00  -5.30985752e+00   3.17887120e+00 
  2.84509575e+00  -7.49889408e+00   2.99775691e+00 
  4.43767851e+00  -1.08949874e+01   2.55910789e+00 
  7.62833880e+00  -1.00085127e+01   7.99657777e-01 
  8.57711762e+00  -6.47663074e+00  -1.17467324e-01 
  5.67448898e+00  -5.37101576e+00  -2.15283970e+00 
  5.80054584e+00  -8.62539952e+00  -4.20405332e+00 
  9.07899633e+00  -4.64624641e+00  -6.14861360e+00 
  5.98314566e+00  -5.55804836e+00  -8.12937864e+00 
  6.48961139e+00  -3.25999007e+00  -1.27271808e+01 
 -3.93992258e-02   3.26329244e+00  -1.21159038e+01 
  2.89256497e+00   4.36059348e+00  -1.43135004e+01 
  4.28601685e+00   8.70708024e-01  -1.35351353e+01 
  3.89802952e+00   1.19236599e+00  -9.69318689e+00 
  1.22598329e+00  -1.65138979e+00  -9.67714945e+00 
 -1.97143237e+00   3.90624153e-01  -9.49379924e+00 
 -3.14854584e+00  -1.43571879e+00  -6.38586112e+00 
 -4.22388234e+00  -4.44953062e+00  -8.46159916e+00 
 -6.68503877e+00  -2.31616825e+00  -1.03995635e+01 
 -8.83787075e+00  -2.84007594e+00  -7.27349075e+00 
 -9.68581420e+00  -6.10794586e+00  -8.95973199e+00 
 -6.26202343e+00  -4.41352174e+00   3.65412303e+00 
 -5.94476341e+00  -3.40810363e+00   7.29927111e+00 
 -2.66080806e+00  -1.66527966e+00   7.96157132e+00 
 -5.66041983e-01  -4.63617059e-01   1.08764387e+01 
  3.05200822e+00   8.27184871e-01   1.07703926e+01 
 -1.81248981e+00  -4.25953582e+00   1.30515371e+01 
 -2.31003140e+00  -6.76782431e+00   1.01817090e+01 
 -5.13998042e+00  -7.90805896e+00   7.95231578e+00 
 -4.22758032e+00  -8.93401328e+00   4.41615896e+00 
 -3.53414952e+00  -1.41985461e+01  -2.72725669e-01 
 -2.15505283e+00  -1.23990951e+01   6.34943845e+00 
 -1.37271572e+00   4.20072122e+00   1.19800171e+01 
 -2.19620191e+00   3.86669897e+00   8.31612835e+00 
 -3.90138158e+00   1.65213489e+00   5.71665890e+00 
 -7.58108624e+00   8.51280391e-01   4.97149665e+00 
 -8.37478850e+00  -8.92267444e-01   1.72281089e+00 
 -1.18142493e+01  -2.49409258e+00   1.89615013e+00 

   5.141412974576e+00 

 -3.50010715e+00   2.72783717e-01  -5.02583884e-01 
 -6.68643326e+00  -6.41680948e-01  -7.96086753e-01 
 -5.89512542e+00  -2.62423354e+00  -2.83537177e+00 
 -5.31273183e+00  -1.03237149e+00  -2.44879134e-01 
  1.87814915e+00   2.33643327e+00   1.67693299e+00 
  9.98197109e-01   8.98335592e-01   3.44010242e+00 
 -4.63566224e+00   8.69686849e-02   2.31340579e-01 
 -3.37244511e+00  -8.56554371e-01  -1.19824596e+00 
 -4.53987612e+00  -1.55230211e+00  -1.21207871e+00 
 -4.76954802e+00  -2.53724511e+00  -2.25382699e+00 
 -3.51938120e+00  -3.08141380e+00  -2.80776666e+00 
 -2.46304538e+00  -2.95776879e+00  -1.71384872e+00 
 -2.11927969e+00  -1.52532778e+00  -1.57368259e+00 
 -1.39965427e+00  -3.94771249e+00  -1.69992920e+00 
 -3.20030586e+00  -3.28700878e+00  -3.89375136e-01 
 -2.34872187e+00   8.35518723e-01   1.39906589e-01 
 -1.19494242e+00   7.78031228e-01  -5.45735892e-01 
  5.57500832e-04   9.38203748e-01   6.52818653e-02 
  6.81101482e-02   7.43138447e-01   1.41071406e+00 
 -1.12140320e+00   3.76789399e-01   2.03404518e+00 
 -2.32145344e+00   8.37145704e-01   1.49622136e+00 
 -1.35715664e+00  -4.91164252e-01   3.12999511e+00 
 -1.20256648e+00  -1.89351177e+00   2.63452487e+00 
 -2.48118358e+00  -2.63055453e+00   2.86118622e+00 
 -3.44442691e+00  -1.54071802e+00   3.19378680e+00 
 -2.64984578e+00  -4.11511723e-01   3.84992178e+00 
  1.24885933e+00   1.16658956e+00   2.20140524e+00 
  1.10371927e+00   2.92137586e+00   5.29169956e-01 
  9.71716499e-01   1.90270975e+00  -5.51409342e-01 
 -1.13043852e+01  -4.08954869e-01  -1.08754528e+01 
 -3.09407051e+00   9.44296939e+00  -3.06620404e+00 
 -5.66614672e-02   7.10250761e+00  -3.09810135e+00 
  2.15162508e+00   9.55827560e+00  -1.18628142e+00 
 -5.61930159e-01   9.80228438e+00   1.46906232e+00 
 -7.38877683e-01   5.92395158e+00   1.68553656e+00 
  3.06695644e+00   6.03341065e+00   2.16902190e+00 
  2.81190385e+00   8.73680195e+00   4.83460202e+00 
  2.30274350e-01   6.68694838e+00   6.82953571e+00 
  2.52199076e+00   3.61678633e+00   6.60222283e+00 
  5.50570349e+00   5.71483872e+00   7.77937212e+00 
  3.39555676e+00   7.10733233e+00   1.06987869e+01 
  2.48462619e+00   3.45320270e+00   1.16306027e+01 
  6.03915905e+00   2.13138378e+00   1.18859350e+01 
  5.08963877e+00   1.15136294e+00   1.66636336e+01 
  7.93439819e+00   4.17795728e+00  -8.62535919e+00 
  6.76108980e+00   5.44008547e+00  -5.24680157e+00 
  9.00419411e+00   4.02503356e+00  -2.55663670e+00 
  8.52281877e+00   4.21510384e+00   1.15199549e+00 
  6.93653773e+00   2.49335319e+00   6.10118395e+00 
  5.55771228e+00  -4.71687125e-01   7.93326981e+00 
  5.12007078e+00  -2.70695369e+00   4.87012218e+00 
  2.43296058e+00  -5.28258766e+00   4.13657895e+00 
  2.10453062e+00  -8.92980961e+00   5.14205862e+00 
  8.01377333e-01  -1.16301880e+01   2.82337670e+00 
 -2.49351964e+00  -1.14162389e+01   4.77562255e+00 
 -2.85960988e+00  -7.68934150e+00   3.94571965e+00 
 -2.31507217e+00  -8.38021579e+00   2.73524954e-01 
 -4.67714441e+00  -1.12808833e+01  -2.45054070e-01 
 -7.29764712e+00  -1.05903009e+01   2.34683810e+00 
 -7.19503781e+00  -7.61103957e+00   4.65527542e+00 
 -7.00124730e+00  -4.76372274e+00   2.27921388e+00 
 -9.88204417e+00  -6.23450408e+00   1.93020405e-01 
 -1.15615204e+01  -3.04759444e+00   4.36269447e+00 
 -1.19682642e+01  -1.75177460e+00   8.27944762e-01 
 -1.50270327e+01   2.39678433e+00   1.16064001e+00 
 -8.99180886e+00   9.13922659e+00  -7.55156118e-01 
 -1.17579857e+01   1.03111855e+01   1.61224452e+00 
 -1.30907827e+01   6.73495067e+00   1.21097803e+00 
 -9.73229523e+00   5.01358789e+00   2.08954621e+00 
 -9.46407584e+00   3.58243734e+00  -1.53080533e+00 
 -7.02203354e+00   6.04480178e+00  -3.08000212e+00 
 -4.64958697e+00   3.27816122e+00  -4.12769928e+00 
 -6.87960848e+00   2.37095815e+00  -7.08608141e+00 
 -6.44664752e+00   5.83720474e+00  -8.55641701e+00 
 -3.11072277e+00   4.37454564e+00  -9.74536045e+00 
 -5.23432976e+00   2.98797956e+00  -1.25398287e+01 
  3.74871602e+00  -3.57833163e+00  -5.47647173e+00 
  6.85899400e+00  -4.86951742e+00  -3.72785419e+00 
  6.43068842e+00  -4.85387493e+00   2.40360882e-02 
  8.17085858e+00  -6.12937291e+00   3.13423948e+00 
  6.80482750e+00  -6.15034638e+00   6.72608250e+00 
  9.11559838e+00  -9.91013621e+00   7.87552875e-01 
  6.15934777e+00  -1.01634458e+01  -1.65607640e+00 
  5.34267643e+00  -8.99135166e+00  -5.15438020e+00 
  1.71547662e+00  -8.14584499e+00  -5.87417906e+00 
 -4.27114308e+00  -9.92679910e+00  -9.21638647e+00 
  9.80311510e-01  -1.25354748e+01  -5.39407038e+00 
  1.11440301e+01  -2.83387365e+00   5.11531028e+00 
  8.50969643e+00  -8.54227433e-01   3.28363521e+00 
  6.46098384e+00  -6.60908807e-01   6.88803947e-02 
  7.35963356e+00   2.25422098e-01  -3.55653749e+00 
  4.52548379e+00   8.66325302e-01  -5.96083226e+00 
  5.74470580e+00   5.53320893e-01  -9.54431596e+00 

   5.141412951495e+00 

 -2.67348550e+00  -7.18758550e-01   5.57037712e-01 
 -4.35776181e+00  -3.57468197e+00   8.43558488e-01 
 -4.48202208e+00  -3.75819699e+00  -2.10031618e+00 
 -3.00794002e+00  -2.94137148e+00   4.96570312e-01 
  1.12192610e+00   4.02816617e+00   1.55478639e+00 
  2.43449133e+00   2.04890973e+00   2.11241743e+00 
 -2.74981784e+00  -1.84831860e+00   1.31922084e+00 
 -2.60936158e+00  -1.17279141e+00  -6.94122205e-01 
 -3.01034788e+00  -2.46969555e+00  -7.60657896e-01 
 -3.45618552e+00  -3.01284017e+00  -2.03120828e+00 
 -2.88201066e+00  -2.30372425e+00  -3.18590985e+00 
 -1.55602585e+00  -1.70860894e+00  -2.72175054e+00 
 -1.85750508e+00  -5.82742935e-01  -1.80999609e+00 
 -5.10064069e-01  -1.55455769e+00  -3.71834933e+00 
 -9.28917130e-01  -2.77630826e+00  -1.78741645e+00 
 -1.78936366e+00   3.31933508e-01   9.68745691e-01 
 -1.56694853e+00   1.30947520e+00   7.45593325e-02 
 -5.10354939e-01   2.14556478e+00   1.87646765e-01 
  5.45595725e-01   1.75043513e+00   9.50294155e-01 
  4.36438277e-01   4.93363243e-01   1.53813171e+00 
 -8.31767787e-01   2.89650959e-02   1.88064650e+00 
  1.42341564e+00  -4.91216271e-01   1.79600671e+00 
  1.75675427e+00  -1.14586611e+00   4.93589999e-01 
  1.47543570e+00  -2.60832630e+00   6.01131422e-01 
  6.86635939e-01  -2.70815435e+00   1.86369632e+00 
  1.13431060e+00  -1.56529789e+00   2.77500419e+00 
  1.60815163e+00   2.69925948e+00   1.36183792e+00 
 -3.73305611e-01   4.10184406e+00   1.42023924e+00 
 -7.74677936e-01   3.61851402e+00   6.81856915e-02 
 -1.41588771e+01  -4.42104373e+00  -4.27482750e+00 
 -8.05652152e+00   5.99323407e+00   4.65591926e+00 
 -5.32255185e+00   6.75834985e+00   2.07819802e+00 
 -3.73101116e+00   9.48175494e+00   4.22586643e+00 
 -3.57512538e+00   7.00226086e+00   7.10712506e+00 
 -1.90444774e+00   4.36709429e+00   4.78670963e+00 
  6.11256707e-01   7.12480395e+00   3.89428707e+00 
  1.18228455e+00   8.00977638e+00   7.55070107e+00 
  1.91686317e+00   4.33443295e+00   8.44440145e+00 
  4.38448540e+00   4.13531804e+00   5.51170494e+00 
  6.06880555e+00   7.37934406e+00   6.66472235e+00 
  6.28020777e+00   6.00774050e+00   1.02687179e+01 
  7.92480784e+00   2.80265395e+00   8.82877507e+00 
  1.07342759e+01   4.52442321e+00   6.93417004e+00 
  1.39088073e+01   2.06323072e+00   9.85876805e+00 
 -3.26534474e+00   1.21169790e+01  -6.28920587e+00 
 -2.13248109e+00   1.12434320e+01  -2.77668012e+00 
  1.64080220e+00   1.13581551e+01  -2.63526989e+00 
  3.85644695e+00   1.02374402e+01   1.67717318e-01 
  7.08830391e+00   6.79696302e+00   2.94140733e+00 
  8.79627125e+00   3.46784414e+00   2.72002532e+00 
  7.34794915e+00   2.46361563e+00  -6.65931001e-01 
  6.34526563e+00  -9.69975595e-01  -1.92990697e+00 
  8.37877618e+00  -3.75913445e+00  -3.51306659e+00 
  7.13629157e+00  -5.87315125e+00  -6.40333075e+00 
  6.47629162e+00  -8.63193642e+00  -3.82130277e+00 
  4.12523369e+00  -6.34603100e+00  -1.83139984e+00 
  2.18151457e+00  -5.50423643e+00  -4.95744322e+00 
  1.65432875e+00  -8.95530862e+00  -6.39773115e+00 
  1.63359908e+00  -1.10686061e+01  -3.30008640e+00 
  2.05016074e+00  -9.66026829e+00   1.72463034e-01 
 -6.79481775e-01  -7.14873116e+00   3.50305441e-01 
 -3.19784321e+00  -9.70293028e+00  -1.04551187e+00 
 -2.61720677e+00  -9.92100184e+00   4.42975905e+00 
 -5.85350268e+00  -8.55633814e+00   3.01441466e+00 
 -9.14798365e+00  -8.26545214e+00   6.98167075e+00 
 -9.77259877e+00   9.03582255e-01   8.02742071e+00 
 -1.02360453e+01  -9.58939360e-01   1.13359112e+01 
 -9.79698876e+00  -4.10699604e+00   9.18561205e+00 
 -6.50185623e+00  -2.93130127e+00   7.51996517e+00 
 -8.26119393e+00  -2.77373392e+00   4.04047119e+00 
 -8.94042619e+00   9.53174213e-01   3.76532926e+00 
 -7.12264871e+00   1.20156011e+00   4.46531948e-01 
 -1.01023746e+01  -3.08276179e-01  -1.39458479e+00 
 -1.23219927e+01   2.55450938e+00  -2.80161207e-01 
 -1.05848715e+01   4.37131782e+00  -3.17205978e+00 
 -1.31877974e+01   2.59751039e+00  -5.25045276e+00 
 -2.77911936e-01   3.37468407e+00  -7.78691045e+00 
  3.29644755e+00   4.43165813e+00  -8.49778286e+00 
  5.64621639e+00   3.22938200e+00  -5.79713316e+00 
  9.35881292e+00   2.96145368e+00  -5.10913480e+00 
  1.10643309e+01   1.08338766e+00  -2.22265399e+00 
  9.86373974e+00   1.82693961e+00  -9.48538614e+00 
  6.54318748e+00   7.26364253e-02  -1.03047188e+01 
  3.14428128e+00   1.04830355e+00  -1.16368067e+01 
  1.69061352e-01  -9.17299884e-01  -1.03429971e+01 
 -4.90836328e+00  -5.65579449e+00  -1.17388082e+01 
  1.91052000e+00  -4.35013768e+00  -1.26282963e+01 
  1.10941869e+01   6.76298385e+00  -2.62689492e+00 
  7.45219719e+00   6.51196370e+00  -1.68525920e+00 
  3.93962122e+00   5.89308123e+00  -3.04465830e+00 
  1.57515107e+00   7.98217875e+00  -5.23139356e+00 
 -2.02105226e+00   6.87402165e+00  -5.48275691e+00 
 -3.66676846e+00   8.43069686e+00  -8.53138666e+00 

   5.141412941149e+00 

 -2.13170298e+00  -4.51479903e-01   1.40893794e+00 
 -4.96990229e+00   1.01424233e+00   2.34249370e+00 
 -3.40201495e+00   3.19770850e+00   3.56303349e+00 
 -3.79672012e+00   1.05876407e+00   1.36007290e+00 
  2.09497371e+00  -3.75590363e+00  -1.61591922e+00 
  8.69390905e-01  -2.56350178e+00  -3.35585681e+00 
 -3.41199079e+00  -2.27705065e-01   9.92485121e-01 
 -1.68634368e+00   7.54909971e-01   1.75813215e+00 
 -2.71856910e+00   1.62250790e+00   1.92831179e+00 
 -2.52096778e+00   2.81525530e+00   2.73227720e+00 
 -1.11377724e+00   3.24368974e+00   2.77819129e+00 
 -4.57757947e-01   2.73742292e+00   1.49711061e+00 
 -3.18002168e-01   1.26842495e+00   1.60789806e+00 
  6.44625216e-01   3.51698091e+00   9.60435089e-01 
 -1.52567023e+00   2.91918370e+00   3.86814301e-01 
 -1.29236756e+00  -1.31003677e+00   6.25656509e-01 
  1.48774117e-02  -1.31089945e+00   9.35054949e-01 
  9.45834584e-01  -1.78133420e+00   7.46825775e-02 
  6.20477454e-01  -1.86555496e+00  -1.24435182e+00 
 -6.59260990e-01  -1.43680306e+00  -1.58512448e+00 
 -1.67886930e+00  -1.58000889e+00  -6.46380005e-01 
 -1.12882553e+00  -7.71930751e-01  -2.74592518e+00 
 -6.91371212e-01   6.55068493e-01  -2.65487497e+00 
 -1.89786390e+00   1.53412387e+00  -2.68847637e+00 
 -3.02064132e+00   5.74130419e-01  -2.47866127e+00 
 -2.58032316e+00  -7.76267355e-01  -3.04395481e+00 
  1.45649552e+00  -2.62313426e+00  -2.20654189e+00 
  1.65148114e+00  -3.97083476e+00  -1.95930815e-01 
  1.95684807e+00  -2.75382818e+00   6.09306425e-01 
 -6.30532467e+00   3.50971133e+00   1.30647476e+01 
 -1.88578096e+00  -8.88712798e+00   5.83701678e+00 
  1.23590945e+00  -7.11749050e+00   4.48496046e+00 
  2.50135334e+00  -1.02274682e+01   2.67136731e+00 
 -9.00931426e-01  -1.05334257e+01   9.96637180e-01 
 -7.46176747e-01  -6.79608395e+00  -6.53812457e-02 
  2.70172856e+00  -7.62222732e+00  -1.53493605e+00 
  1.37944930e+00  -1.07129203e+01  -3.31757430e+00 
 -1.46753878e+00  -8.69396395e+00  -4.95003833e+00 
  1.08008752e+00  -6.05800931e+00  -6.08618223e+00 
  3.33924981e+00  -8.80676810e+00  -7.51116960e+00 
  3.13472009e-01  -1.03739547e+01  -9.32868345e+00 
 -4.66995152e-01  -6.87178311e+00  -1.08039331e+01 
  2.95540331e+00  -6.22812554e+00  -1.23270947e+01 
  7.01987980e-01  -6.05357728e+00  -1.67520323e+01 
  1.07792871e+01  -4.52921955e+00   6.76203608e+00 
  8.51464882e+00  -6.21380879e+00   4.22868166e+00 
  9.96397579e+00  -5.73783005e+00   7.72714557e-01 
  8.36186554e+00  -6.56382674e+00  -2.50948018e+00 
  5.52729563e+00  -5.60059197e+00  -7.09342172e+00 
  3.96094786e+00  -2.86289693e+00  -9.11846174e+00 
  4.70091094e+00  -3.35495836e-02  -6.66528909e+00 
  2.63575524e+00   3.04194448e+00  -5.84733957e+00 
  2.38406144e+00   6.42724421e+00  -7.54950095e+00 
  2.12430762e+00   9.70395545e+00  -5.66213753e+00 
 -1.61206592e+00   9.65949576e+00  -6.52864948e+00 
 -2.07972817e+00   6.27726864e+00  -4.78096618e+00 
 -3.78729691e-01   7.57002689e+00  -1.66742531e+00 
 -2.16874151e+00   1.08645229e+01  -1.21528093e+00 
 -5.50824919e+00   1.01237545e+01  -2.75177034e+00 
 -6.41074390e+00   6.77687898e+00  -4.23484254e+00 
 -5.79005295e+00   4.45388249e+00  -1.40485845e+00 
 -7.73826700e+00   6.75593661e+00   9.86661734e-01 
 -1.09155364e+01   3.13944395e+00  -1.69459960e+00 
 -1.03564112e+01   2.64092828e+00   2.01727259e+00 
 -1.37707369e+01  -9.32121550e-01   3.51830141e+00 
 -8.14541038e+00  -8.07250396e+00   5.22875849e+00 
 -1.16029266e+01  -9.21111068e+00   4.05442308e+00 
 -1.23857769e+01  -5.45553103e+00   3.95649104e+00 
 -9.29850883e+00  -4.51451218e+00   1.81223369e+00 
 -7.80097365e+00  -2.47048918e+00   4.77977912e+00 
 -5.26296615e+00  -4.95208397e+00   6.13149830e+00 
 -2.41994301e+00  -2.46333015e+00   5.80940943e+00 
 -3.54292577e+00  -6.43651224e-01   8.96785035e+00 
 -3.03284894e+00  -3.78072862e+00   1.10324895e+01 
  6.35455373e-01  -2.68400664e+00   1.08833104e+01 
 -3.88561240e-01  -4.50205327e-01   1.37473703e+01 
  6.63305538e+00   3.04735130e+00   3.15647159e+00 
  9.17768263e+00   3.44399151e+00   3.69698909e-01 
  7.63017359e+00   2.76952550e+00  -3.00827757e+00 
  8.46139068e+00   3.11158384e+00  -6.68531304e+00 
  6.07775524e+00   2.65796354e+00  -9.66528090e+00 
  1.04480002e+01   7.06861204e+00  -5.64177355e+00 
  8.41510368e+00   8.27533201e+00  -2.61091407e+00 
  8.58712096e+00   7.95679580e+00   1.15045476e+00 
  5.28469371e+00   7.87605767e+00   3.01510145e+00 
  8.06640689e-01   1.12334157e+01   7.35757273e+00 
  4.88163195e+00   1.21483827e+01   1.74059651e+00 
  1.03464135e+01  -9.49733711e-01  -8.57660966e+00 
  8.20902922e+00  -2.07427820e+00  -5.68165275e+00 
  7.22559801e+00  -1.29877880e+00  -2.07601597e+00 
  9.09002961e+00  -1.59850899e+00   1.26627814e+00 
  7.07133041e+00  -1.28423614e+00   4.43645054e+00 
  9.34679545e+00  -4.85118221e-01   7.37063201e+00 

   5.141412935515e+00 

 -2.82408134e+00  -2.36289630e+00  -8.06910964e-01 
 -3.97276360e+00  -5.38867272e+00  -1.58171621e+00 
 -1.39503869e+00  -5.99696532e+00  -2.88581363e+00 
 -3.03628074e+00  -4.59682916e+00  -6.65465079e-01 
 -1.80166119e+00   3.03442114e+00   1.97835667e+00 
 -1.83443365e+00   1.39422802e+00   3.78388512e+00 
 -3.60254674e+00  -3.37276478e+00  -3.20299436e-01 
 -1.69765734e+00  -2.96947254e+00  -1.17958376e+00 
 -1.88352001e+00  -4.31110455e+00  -1.29205888e+00 
 -9.67737607e-01  -5.09111464e+00  -2.10509195e+00 
  3.58231918e-01  -4.46466458e+00  -2.22845573e+00 
  5.54234650e-01  -3.60140391e+00  -9.85792926e-01 
 -3.35190150e-01  -2.42474850e+00  -1.10489427e+00 
  1.91484145e+00  -3.41763973e+00  -5.10436312e-01 
 -6.75034952e-02  -4.41143018e+00   1.81914390e-01 
 -2.74979535e+00  -1.13451783e+00  -7.15737931e-02 
 -1.79711255e+00  -2.67465437e-01  -4.52687375e-01 
 -1.39091773e+00   7.38166265e-01   3.54731254e-01 
 -1.63447423e+00   6.31434654e-01   1.68967750e+00 
 -2.27773293e+00  -5.32561954e-01   2.10081547e+00 
 -3.16536107e+00  -1.14668673e+00   1.21974212e+00 
 -2.13029611e+00  -1.29636742e+00   3.28609296e+00 
 -8.50861182e-01  -2.06183039e+00   3.17168584e+00 
 -1.14954765e+00  -3.52133237e+00   3.27242032e+00 
 -2.63334920e+00  -3.57298293e+00   3.12438123e+00 
 -3.19351630e+00  -2.25685087e+00   3.66386348e+00 
 -1.48743129e+00   1.78957713e+00   2.60386866e+00 
 -2.33147073e+00   2.84232621e+00   5.84923957e-01 
 -1.31986246e+00   2.11672715e+00  -2.35387530e-01 
 -3.71539769e+00  -8.53415803e+00  -1.22125653e+01 
 -8.49660607e+00   3.87787886e+00  -5.24582207e+00 
 -4.94504055e+00   4.71590915e+00  -4.06738301e+00 
 -6.02869960e+00   7.93497529e+00  -2.32792052e+00 
 -8.68023393e+00   5.93899910e+00  -4.68007460e-01 
 -6.00871914e+00   3.31746432e+00   5.85626891e-01 
 -3.95757524e+00   6.29964737e+00   1.86213882e+00 
 -6.94132512e+00   7.76523796e+00   3.71360049e+00 
 -7.62035694e+00   4.42040924e+00   5.50175293e+00 
 -3.91889368e+00   4.22376116e+00   6.49673874e+00 
 -4.04113928e+00   7.82842432e+00   7.79348444e+00 
 -7.25716920e+00   7.02388649e+00   9.77455828e+00 
 -5.41805891e+00   3.96368865e+00   1.12923266e+01 
 -2.39484656e+00   5.84323496e+00   1.26244746e+01 
 -3.76285246e+00   4.36650518e+00   1.71671846e+01 
  3.75446165e+00   9.12530449e+00  -6.86674870e+00 
  1.05079964e+00   8.94569024e+00  -4.21302297e+00 
  2.58185722e+00   9.69655515e+00  -8.42135715e-01 
  9.75639601e-01   9.35473948e+00   2.52313324e+00 
 -2.84742396e-01   6.91007659e+00   7.25707621e+00 
  4.81790776e-01   3.90830960e+00   9.36682268e+00 
  2.83232698e+00   2.21983898e+00   6.87788105e+00 
  3.34230568e+00  -1.47350719e+00   6.17667410e+00 
  5.50266923e+00  -4.08355398e+00   7.89174545e+00 
  7.43850289e+00  -6.75328587e+00   6.02317683e+00 
  4.68326327e+00  -9.19745451e+00   7.09468268e+00 
  1.99167728e+00  -7.07454555e+00   5.37389826e+00 
  3.99181126e+00  -7.00534931e+00   2.17177909e+00 
  4.86722697e+00  -1.06622051e+01   1.82073703e+00 
  1.96395348e+00  -1.22994932e+01   3.53891373e+00 
 -8.94119210e-01  -1.03736515e+01   5.06797390e+00 
 -2.11299400e+00  -8.34405746e+00   2.20694780e+00 
 -2.10067732e+00  -1.14455846e+01  -7.22514303e-02 
 -6.77216943e+00  -1.08032004e+01   2.77866743e+00 
 -6.84493313e+00  -1.01979751e+01  -9.58649305e-01 
 -1.18318915e+01  -9.90376899e+00  -2.27052991e+00 
 -1.25485712e+01  -9.06375872e-01  -4.29244381e+00 
 -1.58213292e+01  -2.34211846e+00  -2.92950674e+00 
 -1.38693424e+01  -5.64305846e+00  -2.78669138e+00 
 -1.08685062e+01  -4.18534543e+00  -8.15750841e-01 
 -8.50740186e+00  -4.80319562e+00  -3.86049609e+00 
 -8.35650389e+00  -1.31305820e+00  -5.35148486e+00 
 -4.56882609e+00  -1.23290152e+00  -5.18570705e+00 
 -4.30241916e+00  -3.45201078e+00  -8.27644843e+00 
 -6.11960142e+00  -8.65666634e-01  -1.03675940e+01 
 -2.66563756e+00   7.92277904e-01  -1.04206861e+01 
 -2.03559652e+00  -1.65574034e+00  -1.32227634e+01 
  5.93414430e+00   8.69667213e-01  -3.03413299e+00 
  8.19392686e+00   2.38979611e+00  -3.91931750e-01 
  6.73385106e+00   1.97613262e+00   3.06602707e+00 
  7.72713014e+00   2.41920084e+00   6.69170798e+00 
  5.78175157e+00   1.26561514e+00   9.79854608e+00 
  1.18144377e+01   7.86546975e-01   5.54192438e+00 
  1.10014096e+01  -1.58540176e+00   2.62853683e+00 
  1.07617350e+01  -1.37521768e+00  -1.13673975e+00 
  8.19198474e+00  -3.60349525e+00  -2.81621471e+00 
  6.96606819e+00  -9.25821415e+00  -6.90316250e+00 
  1.08198746e+01  -6.98758817e+00  -1.51935045e+00 
  6.46440297e+00   6.76124135e+00   8.47409411e+00 
  4.01145723e+00   6.04916349e+00   5.70105012e+00 
  3.66039602e+00   4.67962262e+00   2.15558763e+00 
  4.70071044e+00   6.02831680e+00  -1.28470739e+00 
  3.29218950e+00   4.32102817e+00  -4.33840926e+00 
  5.39189536e+00   5.14803765e+00  -7.39341797e+00 

   5.141412974870e+00 

  1.46917274e+00   3.24512484e+00   5.42075573e-02 
  3.15697292e+00   5.52009997e+00  -1.69247471e+00 
  1.08552158e+00   5.39641789e+00  -3.79227626e+00 
  2.78360943e+00   4.03914042e+00  -1.58813870e+00 
 -3.99799753e-02  -1.36232209e+00   3.85264738e+00 
  1.92477104e+00  -2.16194013e+00   2.64782469e+00 
  2.73985124e+00   3.63399207e+00  -2.56945319e-01 
  8.55822662e-01   3.15921464e+00  -1.12566065e+00 
  1.55576646e+00   3.81958307e+00  -2.08543129e+00 
  8.76336483e-01   4.24659620e+00  -3.29544306e+00 
 -3.05554506e-01   3.42576670e+00  -3.60405384e+00 
 -6.35124678e-02   2.05429877e+00  -2.98089870e+00 
 -1.82769036e-01   2.19474630e+00  -1.51263017e+00 
 -6.70886639e-01   9.08542115e-01  -3.63612336e+00 
  1.44451296e+00   1.76270035e+00  -3.19780470e+00 
  1.28481275e+00   2.20088772e+00   1.01893684e+00 
  4.62732396e-02   1.68975486e+00   1.11586752e+00 
 -1.82438536e-01   4.94911517e-01   1.70599870e+00 
  8.58414052e-01  -3.73805535e-01   1.82745717e+00 
  2.07603347e+00   5.74030591e-02   1.30865370e+00 
  2.35495132e+00   1.42247986e+00   1.31765099e+00 
  3.11060464e+00  -6.66999373e-01   6.64503098e-01 
  2.64638537e+00  -9.76714319e-01  -7.22776201e-01 
  3.60637999e+00  -3.80490091e-01  -1.69869638e+00 
  4.42941227e+00   5.29239628e-01  -8.49436355e-01 
  4.45931539e+00  -6.22644693e-02   5.59902749e-01 
  7.77709890e-01  -1.56978067e+00   2.70026789e+00 
 -5.06536690e-01   6.25989434e-02   3.95837486e+00 
 -1.27484718e+00   4.25828743e-01   2.73341957e+00 
 -2.15831064e+00   1.47360761e+01  -4.82097681e+00 
 -9.92143430e-01   7.43977013e+00   8.25029143e+00 
 -2.79299415e+00   4.37017840e+00   6.82229357e+00 
 -2.62692300e+00   2.44820816e+00   1.01148405e+01 
  1.11935152e+00   3.10373516e+00   1.02123923e+01 
  1.46831376e+00   1.81879424e+00   6.55906909e+00 
 -4.23477357e-01  -1.30179911e+00   7.74782278e+00 
  1.81582053e+00  -1.69370897e+00   1.07991504e+01 
  4.99535353e+00  -1.53683729e+00   8.62833936e+00 
  3.49723996e+00  -4.17577026e+00   6.27861329e+00 
  2.61727025e+00  -6.39494358e+00   9.27711646e+00 
  6.19341128e+00  -5.96035752e+00   1.06689232e+01 
  7.55053655e+00  -7.01341255e+00   7.19041121e+00 
  5.65206024e+00  -1.02949006e+01   6.91701858e+00 
  1.00649772e+01  -1.25737405e+01   6.77059809e+00 
 -1.19493138e+01   4.19777359e-01   4.94699417e+00 
 -8.56356682e+00  -1.56618617e-01   6.55596375e+00 
 -7.72528212e+00  -3.83576589e+00   6.37709127e+00 
 -4.46986963e+00  -5.48039408e+00   7.22520350e+00 
  4.74738877e-01  -7.62036319e+00   6.25230031e+00 
  2.82060527e+00  -8.59115333e+00   3.49482532e+00 
  6.68873121e-01  -7.29484227e+00   6.20730024e-01 
  1.73531811e+00  -5.70853166e+00  -2.65629279e+00 
  2.80280426e+00  -7.24230416e+00  -5.96219972e+00 
  1.77365143e+00  -5.86134683e+00  -9.33863342e+00 
  5.30507572e+00  -4.38181666e+00  -9.56982457e+00 
  4.79234002e+00  -2.39269260e+00  -6.33053032e+00 
  1.53731319e+00  -9.83975091e-01  -7.62637003e+00 
  2.58731284e+00   1.26806190e-01  -1.10797587e+01 
  6.21905706e+00   8.96695248e-01  -1.05510199e+01 
  7.95332183e+00   5.25473260e-01  -7.22386240e+00 
  5.88285129e+00   2.65990658e+00  -4.99950366e+00 
  5.96177842e+00   5.51918957e+00  -7.57489659e+00 
  1.02495154e+01   5.52871735e+00  -4.11390244e+00 
  7.63806319e+00   8.24716223e+00  -3.75409887e+00 
  9.66016565e+00   1.17699904e+01  -5.63786043e-01 
  4.39333780e+00   1.05198186e+01   6.93637614e+00 
  7.92377033e+00   1.16868382e+01   7.83302456e+00 
  8.46403459e+00   1.17251557e+01   4.03388160e+00 
  7.18927771e+00   8.11020164e+00   3.46678198e+00 
  4.15442565e+00   9.45174718e+00   1.41325696e+00 
  1.40805826e+00   9.28964267e+00   4.03204325e+00 
 -8.00973030e-01   7.14971057e+00   1.81364038e+00 
 -1.82022202e+00   1.01915947e+01  -2.49405749e-01 
 -3.31937326e+00   1.18454071e+01   2.81354485e+00 
 -6.24146911e+00   9.49005307e+00   2.04213029e+00 
 -7.18446068e+00   1.21991355e+01  -4.10011637e-01 
 -6.78313300e+00  -7.61760898e-01  -2.76727537e+00 
 -7.22013767e+00  -4.53085669e+00  -2.80704500e+00 
 -3.95869078e+00  -6.29830909e+00  -2.10031498e+00 
 -2.48551466e+00  -9.78407954e+00  -2.18765859e+00 
  1.20943590e+00  -1.07629912e+01  -1.79167009e+00 
 -4.86266069e+00  -1.04542296e+01  -6.00783198e+00 
 -5.04679487e+00  -6.93036857e+00  -7.53211935e+00 
 -7.38154999e+00  -3.96275329e+00  -7.38688239e+00 
 -5.80308899e+00  -5.25916310e-01  -7.68035719e+00 
 -4.86643395e+00   5.28768856e+00  -1.16181865e+01 
 -4.89975945e+00  -1.70593622e+00  -1.19030707e+01 
 -2.73671073e+00  -1.20439005e+01   2.10824811e+00 
 -2.66336853e+00  -8.35895732e+00   2.90170926e+00 
 -4.01624199e+00  -4.94291759e+00   1.86749030e+00 
 -7.47400966e+00  -3.30105411e+00   2.15899482e+00 
 -7.71575294e+00   4.07501414e-01   1.51711375e+00 
 -1.13101751e+01   1.38131333e+00   7.70373073e-01 

   5.141412959610e+00 

  9.29475999e-01  -1.97496863e+00  -4.26492445e-01 
  2.58056661e+00  -3.41995670e+00  -2.92870389e+00 
  4.41173535e+00  -1.10584020e+00  -3.01282706e+00 
  1.59797803e+00  -2.30985625e+00  -2.54697628e+00 
 -3.46275392e+00  -2.05724919e-01   3.51207828e+00 
 -4.50791611e+00  -8.14036472e-02   1.31130516e+00 
  7.36027565e-01  -2.73830480e+00  -1.54119083e+00 
  1.67628281e+00  -9.57214375e-01  -8.53238538e-01 
  2.24888927e+00  -1.24485686e+00  -2.05180263e+00 
  3.42910644e+00  -5.10713036e-01  -2.47157296e+00 
  3.52088539e+00   8.21042458e-01  -1.85200334e+00 
  2.09481202e+00   1.25263085e+00  -1.52357161e+00 
  1.62317140e+00   4.34214493e-01  -3.84492573e-01 
  1.80956281e+00   2.67717771e+00  -1.54041277e+00 
  1.22953424e+00   7.56670548e-01  -2.71164811e+00 
 -1.88226522e-01  -1.71385233e+00   4.32394344e-01 
 -1.01791607e-02  -7.72479416e-01   1.37406569e+00 
 -1.05773311e+00  -1.87758423e-01   1.99772845e+00 
 -2.27738245e+00  -2.40018582e-01   1.39562630e+00 
 -2.32280889e+00  -8.90987451e-01   1.66043569e-01 
 -1.43072953e+00  -1.93608897e+00  -6.47463244e-02 
 -3.09841482e+00  -6.22143436e-01  -9.89890902e-01 
 -2.50404616e+00   5.73988764e-01  -1.66217809e+00 
 -2.10036381e+00   1.98414147e-01  -3.04979194e+00 
 -2.18344043e+00  -1.29124086e+00  -3.03376199e+00 
 -3.25631425e+00  -1.67922513e+00  -2.01620748e+00 
 -3.52080946e+00   1.14485069e-01   2.12149250e+00 
 -2.20214199e+00  -9.44924744e-01   3.86378007e+00 
 -1.02012512e+00  -1.13765045e-01   3.49667514e+00 
  1.35115862e+01  -4.92547445e+00  -1.82398609e+00 
  1.75618212e+00  -7.81504796e+00   7.05942348e+00 
  9.35214285e-01  -4.08226326e+00   7.37081545e+00 
 -2.02694140e+00  -4.68719411e+00   9.69935331e+00 
 -3.40849288e+00  -7.16316978e+00   7.16269125e+00 
 -2.96814692e+00  -4.54355008e+00   4.32309948e+00 
 -4.91719572e+00  -2.13728122e+00   6.59051837e+00 
 -7.63298636e+00  -4.71606941e+00   7.26354370e+00 
 -8.13105295e+00  -5.34368925e+00   3.49466000e+00 
 -8.37508759e+00  -1.55741203e+00   2.91668254e+00 
 -1.09222155e+01  -1.25283375e+00   5.76438827e+00 
 -1.29484607e+01  -4.19040575e+00   4.28798562e+00 
 -1.29023226e+01  -2.35328590e+00   8.71319316e-01 
 -1.43361418e+01   9.48530007e-01   2.09168217e+00 
 -1.81582224e+01   1.65612860e-01  -9.85189098e-01 
  3.24495753e+00   4.38414296e+00   1.24644982e+01 
  4.53104252e-01   2.09150399e+00   1.13096551e+01 
 -2.66311285e+00   4.14461451e+00   1.07224847e+01 
 -5.86944274e+00   3.02866129e+00   9.14264244e+00 
 -9.48874867e+00   2.31663515e+00   5.09680471e+00 
 -1.01772106e+01   3.18537204e+00   1.51623244e+00 
 -6.89698892e+00   5.03136668e+00   8.81209029e-01 
 -4.79922562e+00   5.19076364e+00  -2.27577646e+00 
 -5.04965096e+00   7.40327239e+00  -5.35199431e+00 
 -2.03759953e+00   8.86642629e+00  -7.12772638e+00 
 -2.54811334e+00   6.14354163e+00  -9.78077169e+00 
 -2.19612059e+00   3.37397528e+00  -7.15054826e+00 
  1.02559972e+00   4.88477520e+00  -5.88688276e+00 
  2.84813224e+00   5.45847391e+00  -9.14440517e+00 
  1.42232968e+00   2.73674126e+00  -1.12940745e+01 
 -1.14995314e+00   2.64972278e-01  -1.00737564e+01 
  5.14875939e-01  -1.22365199e+00  -7.10681987e+00 
  3.75524888e+00  -1.74744129e+00  -9.11679659e+00 
  1.62150641e-01  -5.89993350e+00  -9.57462627e+00 
  3.34183170e+00  -6.47846769e+00  -7.60130875e+00 
  3.63351488e+00  -1.15735906e+01  -6.80634133e+00 
  2.01738806e+00  -1.19882138e+01   2.29151648e+00 
  7.82172994e-01  -1.51134071e+01   4.64694088e-01 
  2.19299131e+00  -1.33815867e+01  -2.65575907e+00 
  3.28670609e-01  -1.00360651e+01  -2.06726239e+00 
  3.72009622e+00  -8.19088170e+00  -1.50107145e+00 
  3.80787070e+00  -8.03162805e+00   2.29284380e+00 
  4.23264873e+00  -4.26334988e+00   2.28409476e+00 
  7.92705453e+00  -4.59726298e+00   1.39644807e+00 
  8.58503158e+00  -6.52752926e+00   4.59103030e+00 
  8.56905512e+00  -3.01748388e+00   6.12749987e+00 
  1.21429893e+01  -2.96521156e+00   4.91687295e+00 
  3.16369889e+00   6.55606853e+00   3.36111115e+00 
  5.43870462e-01   9.27229227e+00   3.75765356e+00 
 -2.69705585e+00   8.30944773e+00   2.07547462e+00 
 -6.01766773e+00   9.84883213e+00   1.10991961e+00 
 -8.73978277e+00   8.30723459e+00  -1.12196567e+00 
 -3.70454101e+00   1.36085814e+01   1.10933397e-02 
 -2.88117937e-01   1.22251035e+01  -1.07930669e+00 
  3.03749730e+00   1.14519062e+01   5.39757744e-01 
  4.99126430e+00   8.52412335e+00  -8.74598002e-01 
  1.06367191e+01   6.34689627e+00  -4.55838688e+00 
  5.48616989e+00   1.10863800e+01  -4.51186171e+00 
 -9.46582631e+00   9.14684884e+00   4.46284288e+00 
 -7.05814489e+00   6.27366469e+00   4.86489681e+00 
 -3.36314880e+00   5.31934944e+00   4.93895573e+00 
 -5.53672782e-01   5.93156929e+00   7.48235479e+00 
  2.64826823e+00   3.98323929e+00   7.06352502e+00 
  5.46929395e+00   5.66338550e+00   8.97263751e+00 

   5.141412949595e+00 

 -3.24333762e-01  -2.64521455e+00  -1.59607592e+00 
 -5.60733053e-01  -5.67151283e+00  -2.96016955e+00 
  1.47840253e+00  -4.89766408e+00  -4.94975285e+00 
 -9.15403475e-01  -4.19073743e+00  -3.11840284e+00 
 -1.56339038e+00   2.62752914e+00   1.33599125e+00 
 -3.50588197e+00   2.22978872e+00  -8.51906939e-02 
 -1.22978545e+00  -3.62432655e+00  -1.88614041e+00 
  3.28172126e-01  -2.45396102e+00  -2.74207897e+00 
  1.31878973e-01  -3.49634685e+00  -3.59181874e+00 
  1.07888001e+00  -3.72554851e+00  -4.66827177e+00 
  1.78917776e+00  -2.50127590e+00  -5.07136165e+00 
  8.75013027e-01  -1.32902957e+00  -4.72788411e+00 
  8.56994227e-01  -1.18296041e+00  -3.25543651e+00 
  9.75330951e-01  -1.40820037e-01  -5.55799177e+00 
 -5.60138695e-01  -1.81254283e+00  -5.06370882e+00 
 -7.57501532e-01  -1.50898895e+00  -8.36799590e-01 
  9.14797265e-02  -4.69385248e-01  -7.81315164e-01 
 -3.23087812e-01   7.64621609e-01  -4.15828558e-01 
 -1.65049536e+00   1.05189079e+00  -5.06676122e-01 
 -2.46350666e+00   3.06377983e-02  -9.90155801e-01 
 -2.09240709e+00  -1.28847101e+00  -7.38105348e-01 
 -3.62254276e+00   8.41852732e-02  -1.80490320e+00 
 -3.17660530e+00   3.70605541e-01  -3.20314421e+00 
 -3.62946139e+00  -7.39978019e-01  -4.09253411e+00 
 -4.05161615e+00  -1.79538085e+00  -3.12602159e+00 
 -4.52536109e+00  -1.08971459e+00  -1.85534532e+00 
 -2.23217501e+00   2.25849989e+00   1.29266280e-01 
 -5.19694565e-01   1.61940384e+00   1.72795318e+00 
  4.78737894e-01   1.48526318e+00   6.28910421e-01 
  8.70244925e+00  -1.16677621e+01  -4.06161028e+00 
  2.70416810e+00  -3.96144544e+00   7.34397608e+00 
  3.08449999e+00  -6.49401166e-01   5.44915733e+00 
  1.64814674e+00   1.42485116e+00   8.31216322e+00 
 -1.37295588e+00  -8.86944748e-01   8.36081970e+00 
 -1.79782688e+00  -4.59540388e-01   4.51941376e+00 
 -1.69349618e+00   3.31852829e+00   5.18680595e+00 
 -4.23540443e+00   3.05325421e+00   8.00584016e+00 
 -6.69352503e+00   1.11299915e+00   5.76095482e+00 
 -6.26788799e+00   3.77440596e+00   3.02869545e+00 
 -6.87843103e+00   6.55502329e+00   5.59491876e+00 
 -1.00142716e+01   4.70292908e+00   6.87984653e+00 
 -1.12459388e+01   4.48136770e+00   3.20770006e+00 
 -1.10224439e+01   8.19104417e+00   2.41052999e+00 
 -1.59299582e+01   8.08926377e+00   1.63960141e+00 
  9.61308587e+00   6.81049948e+00   3.28398115e+00 
  6.15962773e+00   5.96019927e+00   4.60115181e+00 
  3.77610048e+00   8.74839775e+00   3.69806845e+00 
  5.06193458e-02   8.77999938e+00   4.07437285e+00 
 -5.15791956e+00   8.18846735e+00   2.49438479e+00 
 -7.31656482e+00   7.53654911e+00  -4.99685742e-01 
 -4.46480040e+00   6.99821338e+00  -2.97928834e+00 
 -4.27002629e+00   4.64152123e+00  -5.94587793e+00 
 -5.48586120e+00   4.99959565e+00  -9.52561502e+00 
 -3.52234380e+00   3.78896735e+00  -1.25331800e+01 
 -5.93874250e+00   8.11993429e-01  -1.26429179e+01 
 -4.99765221e+00  -2.12434148e-01  -9.06836318e+00 
 -1.32238014e+00  -1.03439899e-01  -9.92821871e+00 
 -1.30605058e+00  -2.06350900e+00  -1.31562312e+01 
 -4.22918785e+00  -4.35888243e+00  -1.26578561e+01 
 -6.35121336e+00  -4.36570374e+00  -9.54137244e+00 
 -3.84057496e+00  -4.93420657e+00  -6.86482682e+00 
 -2.28711528e+00  -7.83629372e+00  -8.85957324e+00 
 -6.50681666e+00  -9.35150981e+00  -5.65622279e+00 
 -3.01689806e+00  -1.04456964e+01  -4.67524321e+00 
 -3.61150092e+00  -1.40011772e+01  -9.76275931e-01 
 -4.85348737e-01  -9.35857493e+00   6.38771398e+00 
 -3.18603185e+00  -1.18993648e+01   7.32612342e+00 
 -3.16170945e+00  -1.27360215e+01   3.58095717e+00 
 -3.60224388e+00  -9.07034740e+00   2.40480785e+00 
 -5.52176466e-02  -9.11566139e+00   7.78902441e-01 
  1.96129079e+00  -7.30883672e+00   3.44273096e+00 
  3.22354040e+00  -4.73038003e+00   9.65093141e-01 
  5.76349898e+00  -7.20308223e+00  -4.42900122e-01 
  7.44553567e+00  -7.49880722e+00   2.94052087e+00 
  9.05518742e+00  -4.18904892e+00   1.87468706e+00 
  1.14266388e+01  -6.46376077e+00   1.90789744e-02 
  5.50144472e+00   4.30349261e+00  -4.74128324e+00 
  4.18474828e+00   7.78751806e+00  -5.46688485e+00 
  4.16299603e-01   7.90287450e+00  -5.25260320e+00 
 -2.45150402e+00   1.02384348e+01  -6.05842588e+00 
 -6.20569235e+00   9.41846599e+00  -6.02092982e+00 
 -1.71187839e-01   1.13826002e+01  -9.82468641e+00 
  1.78163098e+00   8.17671116e+00  -1.06515735e+01 
  5.16758198e+00   6.70467015e+00  -9.84697620e+00 
  5.36899502e+00   2.92737769e+00  -9.56240926e+00 
  7.67734870e+00  -3.14871162e+00  -1.23792286e+01 
  4.57497837e+00   2.92122742e+00  -1.39679973e+01 
 -3.80044820e+00   1.29478923e+01  -2.25528778e+00 
 -2.29693049e+00   9.81668926e+00  -7.89414975e-01 
  5.75918720e-01   7.32313570e+00  -1.10262585e+00 
  4.33361691e+00   7.55376648e+00  -3.52042302e-01 
  6.30858754e+00   4.34167091e+00  -2.75855426e-01 
  1.00164181e+01   5.06821297e+00  -6.63039170e-01 

   5.141412958350e+00 

  2.85078953e+00  -1.11090698e+00  -6.28914537e-01 
  5.14429437e+00  -1.58252998e+00  -2.99378493e+00 
  4.80392091e+00  -4.49984082e+00  -2.69551654e+00 
  3.64957338e+00  -1.62744838e+00  -2.66622874e+00 
 -1.66779905e+00   1.23758582e+00   2.83531087e+00 
 -2.39972443e+00   1.58183239e+00   5.33784989e-01 
  3.30147933e+00  -5.89076012e-01  -1.80671772e+00 
  2.67628794e+00  -2.40571732e+00  -8.90985938e-01 
  3.33483609e+00  -2.76423866e+00  -2.02454161e+00 
  3.66653627e+00  -4.16064005e+00  -2.24387335e+00 
  2.76313512e+00  -5.07858200e+00  -1.53176464e+00 
  1.43748339e+00  -4.34373910e+00  -1.35714618e+00 
  1.63493113e+00  -3.28501177e+00  -3.42318861e-01 
  2.29505382e-01  -5.15002025e+00  -1.31615334e+00 
  1.22802150e+00  -3.55153198e+00  -2.67424990e+00 
  1.84074719e+00  -3.99499027e-01   9.83040251e-02 
  1.26064494e+00  -1.05928899e+00   1.11456520e+00 
  8.12827217e-02  -6.56350259e-01   1.63893206e+00 
 -7.16929930e-01   1.49590826e-01   8.86529115e-01 
 -2.36334416e-01   4.73599907e-01  -3.79069327e-01 
  1.14215436e+00   5.56234024e-01  -5.64182063e-01 
 -9.24668011e-01   6.69123790e-01  -1.60299207e+00 
 -1.32245765e+00  -6.78118827e-01  -2.11552111e+00 
 -7.13008672e-01  -8.82413919e-01  -3.46323577e+00 
  2.81209641e-01   2.26313780e-01  -3.55542871e+00 
 -2.44899346e-01   1.38488365e+00  -2.70811053e+00 
 -1.87606717e+00   8.64977370e-01   1.47243378e+00 
 -2.70319878e-01   9.26487285e-01   3.29304524e+00 
 -8.32294960e-03  -5.32380954e-01   3.13235647e+00 
  1.38767419e+01  -7.99540004e+00  -6.28134365e-01 
  7.24565767e+00   3.43439313e+00   6.50228333e+00 
  4.01329590e+00   1.42097455e+00   6.95242066e+00 
  2.25142022e+00   4.22651031e+00   8.84640565e+00 
  3.13523147e+00   6.59052886e+00   5.99962650e+00 
  1.71431633e+00   4.05603434e+00   3.41565343e+00 
 -1.45936390e+00   4.02704957e+00   5.57367647e+00 
 -1.58106661e+00   7.82695852e+00   5.73022936e+00 
 -1.32840445e+00   8.10741131e+00   1.89565476e+00 
 -4.15357367e+00   5.53402434e+00   1.54123521e+00 
 -6.28779424e+00   7.47995973e+00   4.06086216e+00 
 -5.57768546e+00   1.07615555e+01   2.15255399e+00 
 -6.69891064e+00   8.97492209e+00  -1.10344077e+00 
 -1.00977091e+01   7.81489475e+00   1.41400634e-01 
 -1.21106307e+01   1.06157884e+01  -3.43512594e+00 
 -5.60434801e-01  -5.46237302e+00   1.28397729e+01 
 -8.60437211e-01  -2.05758103e+00   1.11960942e+01 
 -4.48666490e+00  -1.40940965e+00   1.03587292e+01 
 -5.89319441e+00   1.39864636e+00   8.31953225e+00 
 -7.77191168e+00   3.87745979e+00   3.81386353e+00 
 -8.71979914e+00   3.26265612e+00   2.39968952e-01 
 -7.68314713e+00  -4.09796075e-01   1.43745407e-01 
 -6.18103522e+00  -2.41077466e+00  -2.70797187e+00 
 -7.79150079e+00  -4.20893954e+00  -5.63952017e+00 
 -6.62485019e+00  -7.57883783e+00  -6.92371890e+00 
 -4.94673949e+00  -5.66404555e+00  -9.79266875e+00 
 -2.85166517e+00  -3.60473271e+00  -7.32641257e+00 
 -1.70004403e+00  -6.74415256e+00  -5.57238627e+00 
 -6.80864757e-01  -8.85846449e+00  -8.53096848e+00 
  3.29011337e-01  -6.23833555e+00  -1.10163133e+01 
  2.09616893e-01  -2.53995243e+00  -1.02929537e+01 
  2.31107903e+00  -2.25238982e+00  -7.24474748e+00 
  5.05395211e+00  -4.41429552e+00  -8.86252526e+00 
  5.47405712e+00   9.52598817e-01  -1.00386447e+01 
  8.04332716e+00  -5.90877739e-01  -7.72441124e+00 
  1.18184803e+01   2.89997798e+00  -7.23504603e+00 
  1.05839932e+01   5.54666139e+00   1.54140119e+00 
  1.19999800e+01   8.36148844e+00  -6.26917460e-01 
  1.19037697e+01   5.73742048e+00  -3.42545632e+00 
  8.19711490e+00   4.76153401e+00  -2.85723112e+00 
  9.26170958e+00   1.17424257e+00  -1.75045394e+00 
  9.04963363e+00   1.51297905e+00   2.02673836e+00 
  6.68499034e+00  -1.43723667e+00   2.31849292e+00 
  9.56627071e+00  -3.89793402e+00   1.88114471e+00 
  1.12597524e+01  -2.56666017e+00   4.99947565e+00 
  8.70091607e+00  -4.81920927e+00   6.74871395e+00 
  1.12378221e+01  -7.51135184e+00   6.00185599e+00 
 -1.76638896e+00  -8.16340042e+00   3.96025763e+00 
 -5.55306324e+00  -8.19539129e+00   4.20244169e+00 
 -7.08793520e+00  -5.48482108e+00   2.06764413e+00 
 -1.04790351e+01  -4.38352889e+00   7.96389183e-01 
 -1.12150905e+01  -1.70145702e+00  -1.85548184e+00 
 -1.14585363e+01  -8.79152885e+00   2.45263778e-01 
 -8.02259926e+00  -1.03468740e+01  -4.96483690e-01 
 -5.19759401e+00  -1.19028480e+01   1.47258567e+00 
 -1.68810137e+00  -1.13948611e+01   1.25411402e-01 
  3.99267379e+00  -1.42956190e+01  -2.95619367e+00 
 -2.99599851e+00  -1.40346728e+01  -3.24511338e+00 
 -1.25588624e+01  -1.03254304e+00   3.63714465e+00 
 -8.84488705e+00  -6.34342670e-01   4.14861211e+00 
 -5.56538409e+00  -2.52888917e+00   4.62267535e+00 
 -4.12370931e+00  -4.57555998e+00   7.53292717e+00 
 -4.68268804e-01  -5.49304663e+00   7.39204032e+00 
  2.53315915e-01  -8.38519017e+00   9.74588403e+00 

   5.141412933570e+00 

