  4.00272541e+00  -3.98194089e+00   3.59265671e-01 
  5.28806723e-02   7.74910422e-01  -1.02083398e+00 
  7.31377434e-01   1.72467625e+00  -1.71473668e+00 
  1.71487734e+00   7.43645086e-01  -1.87982998e+00 
  2.53550158e+00   1.60435767e-01  -7.80265604e-01 
  2.01790503e+00   6.78203265e-01   4.06977317e-01 
  6.16008164e-01   6.24261701e-01   2.45841358e-01 
  2.48099449e+00  -1.27513807e+00  -8.01982002e-01 
  1.33127173e+00  -1.95677102e+00  -7.39273324e-01 
  3.12421820e+00  -2.30359613e+00  -1.18400378e+00 
  1.48587195e+00  -3.99059318e-02  -3.07480260e+00 
 -7.35016989e-01  -8.12782817e-02  -1.68929383e+00 
  1.05277834e+00  -2.39250651e+00  -2.04453248e+00 
  2.34656257e+00  -2.37234976e+00  -2.30098758e+00 
  2.68607939e+00  -3.38100006e+00  -2.92794916e+00 
  4.01762975e+00  -2.76674791e+00  -2.28843427e-01 
  4.89295414e+00  -2.00610766e+00   6.13904925e-01 
  5.99006337e+00  -2.63479994e+00   1.20658534e+00 
  5.65236323e+00  -3.61133558e+00   2.18847276e+00 
  4.59196012e-01  -2.34567983e-01   1.35445205e+00 
  1.60441603e+00  -9.63466506e-01   1.96735424e+00 
  1.35599277e-01   4.50554128e-01   2.41569805e+00 
  2.45786973e+00   7.17612509e-02   2.66031951e+00 
  2.45241323e+00  -6.38174251e-01   4.02084969e+00 
  4.87845314e+00  -4.48077347e+00   1.32731366e+00 
  1.62882597e+00  -2.33532373e+00   2.29483722e+00 
  4.75532147e+00  -9.05438529e-01   3.68090337e+00 
  3.47183683e+00  -1.65542019e+00   3.56581072e+00 
  4.48075963e+00  -7.50773221e-01   6.94577941e-01 
  5.11843172e+00   9.26453545e+00  -1.40150649e-02 
  1.89156914e+00   7.33227010e+00  -7.21925486e-01 
  2.12517153e+00   7.79017622e+00  -4.51866825e+00 
  5.65410458e+00   6.44045881e+00  -4.35606395e+00 
  4.33373642e+00   3.41952666e+00  -2.32206997e+00 
  1.79073942e+00   2.79762438e+00  -5.04720118e+00 
  4.35292555e+00   3.20385714e+00  -7.79954013e+00 
  6.46984417e+00   5.00948594e-01  -5.97445632e+00 
  3.45734995e+00  -1.68634320e+00  -5.69002619e+00 
  2.66836676e+00  -1.19673323e+00  -9.42369301e+00 
  6.32688656e+00  -1.87007334e+00  -1.04532476e+01 
  6.10601165e+00  -5.15891805e+00  -8.43162209e+00 
  3.02431486e+00  -6.59683721e+00  -1.01689770e+01 
  5.86025469e+00  -1.04049008e+01  -1.16640745e+01 
 -8.13778467e+00   8.21077075e+00  -1.33083954e+00 
 -5.03055122e+00   7.01082320e+00  -3.08695113e+00 
 -5.91632834e+00   4.02307787e+00  -5.22035026e+00 
 -3.54420311e+00   1.76580575e+00  -6.97285709e+00 
 -4.54600810e-01  -2.64266945e+00  -7.62317271e+00 
  3.62033280e-01  -5.96830622e+00  -6.22510685e+00 
 -1.69321916e+00  -5.59216486e+00  -3.07091102e+00 
 -9.65397772e-01  -6.70023098e+00   4.55995426e-01 
 -1.67416150e+00  -1.01453347e+01   2.07666796e+00 
 -2.96378316e+00  -1.05843102e+01   5.61246856e+00 
  5.79756166e-01  -1.15617010e+01   6.66184655e+00 
  1.86762628e+00  -8.24019631e+00   5.38068946e+00 
 -7.11320502e-01  -6.33244613e+00   7.37590526e+00 
 -3.23274810e-01  -7.98947841e+00   1.07376981e+01 
  3.30354724e+00  -8.93521218e+00   1.06534759e+01 
  5.59836640e+00  -8.29431522e+00   7.79554118e+00 
  5.29118092e+00  -4.57999113e+00   7.32883469e+00 
  5.80746880e+00  -3.98604558e+00   1.10545219e+01 
  1.05489563e+01  -4.30802608e+00   8.25854438e+00 
  9.37960163e+00  -9.48274144e-01   9.58758066e+00 
  1.35299281e+01   2.07760557e+00   9.21312001e+00 
  1.06637677e+01   7.96722213e+00   2.72816029e+00 
  1.44774009e+01   7.58061662e+00   2.69828511e+00 
  1.38183380e+01   5.18278967e+00   5.65382883e+00 
  1.11198665e+01   3.07277972e+00   3.87792639e+00 
  8.33996098e+00   4.19105067e+00   6.35270090e+00 
  6.73765914e+00   6.95796130e+00   4.32280081e+00 
  3.32105109e+00   5.49847246e+00   4.84318828e+00 
  3.14389185e+00   6.97772232e+00   8.41048257e+00 
  3.39674416e+00   1.04664957e+01   7.01472593e+00 
 -3.25096125e-01   9.91278285e+00   6.32250067e+00 
 -7.17583573e-01   1.09468450e+01   9.92731402e+00 
 -6.36939097e+00   6.76262971e-01   3.85381438e+00 
 -8.28538233e+00  -1.67886350e+00   1.62503467e+00 
 -5.98122305e+00  -4.11956457e+00  -1.23791241e-01 
 -6.21832149e+00  -7.23424916e+00  -2.23505493e+00 
 -3.34079218e+00  -9.53093234e+00  -3.28885522e+00 
 -9.62425686e+00  -8.56160854e+00   4.64955750e-01 
 -8.76243840e+00  -6.91840709e+00   3.82179872e+00 
 -9.47008928e+00  -3.66385526e+00   5.59688422e+00 
 -6.75689294e+00  -2.29747849e+00   7.87499679e+00 
 -4.69620737e+00  -9.67054515e-01   1.44922884e+01 
 -7.70998930e+00  -5.80748174e+00   1.04510498e+01 
 -1.43278061e+01  -6.15471516e+00  -4.43421710e+00 
 -6.20770182e+00  -6.30778346e+00  -7.00192987e+00 
 -4.38548725e+00  -3.43521545e+00  -5.38437444e+00 
 -4.40546176e+00  -1.03406561e+00  -2.48288025e+00 
 -6.68253006e+00   1.96041734e+00  -1.59731752e+00 
 -5.49973240e+00   4.25905217e+00   1.17977537e+00 
 -8.39670411e+00   6.29264670e+00   2.53229824e+00 

   2.606970335326e+01 

 -2.48579513e+00   1.82131430e+00  -3.28673756e+00 
  2.13231170e-01  -7.13942506e-02   2.12311403e+00 
  1.20087349e+00   8.00498470e-01   2.45217279e+00 
  6.23472532e-01   1.64330381e+00   1.49653828e+00 
  5.80546872e-01   1.37324024e+00   3.09932853e-02 
  1.08423735e+00   8.39670830e-02  -1.41069975e-01 
  5.04846320e-01  -6.74091950e-01   9.00007284e-01 
 -7.58418421e-01   1.49246502e+00  -4.76226848e-01 
 -1.78255610e+00   7.81863650e-01   1.01947805e-02 
 -1.53998859e+00   2.29119225e+00  -1.08333988e+00 
 -3.91937916e-01   2.49148203e+00   2.08296010e+00 
 -9.73470509e-01   2.54803654e-02   2.74201211e+00 
 -2.51679923e+00   1.65028077e+00   8.33519853e-01 
 -2.08231709e+00   2.66405964e+00   1.09965562e-01 
 -2.99842820e+00   3.45695564e+00  -1.30418068e-01 
 -1.47293142e+00   2.16669329e+00  -2.46356755e+00 
 -3.11117902e-01   2.00032325e+00  -3.28667235e+00 
 -3.88362321e-01   2.29906393e+00  -4.64864153e+00 
 -1.22682780e+00   1.42405677e+00  -5.39904424e+00 
 -1.38264712e-01  -1.54326110e+00  -6.71721507e-03 
 -2.86501823e-01  -1.22005383e+00  -1.45310371e+00 
  5.65381088e-01  -2.62893343e+00  -1.69654066e-01 
  1.09211590e+00  -1.31136930e+00  -2.06249293e+00 
  6.84969955e-01  -2.29257193e+00  -3.16999198e+00 
 -2.45543006e+00   1.67912820e+00  -4.67659762e+00 
 -1.47589561e+00  -1.32532277e+00  -2.20416567e+00 
  1.20155565e+00  -5.48687320e-01  -4.64728199e+00 
  3.49202047e-02  -1.20076787e+00  -3.98637025e+00 
  7.06556683e-01   1.55769635e+00  -2.56507907e+00 
  9.98470980e+00   1.54974174e+00   1.32477299e+00 
  6.93332888e+00   2.36416568e-01   3.22521509e+00 
  6.75161587e+00   3.25816457e+00   5.57373017e+00 
  6.80493131e+00   5.49493230e+00   2.52486590e+00 
  3.93162235e+00   3.38478845e+00   1.00897569e+00 
  1.96157342e+00   3.92925143e+00   4.18740354e+00 
  2.75288083e+00   7.62673377e+00   4.27486441e+00 
  1.36146649e+00   7.82167793e+00   6.49405432e-01 
 -1.66804391e+00   5.90575990e+00   1.69419833e+00 
 -2.17469408e+00   8.22898101e+00   4.71883543e+00 
 -1.67026559e+00   1.13993098e+01   2.57577601e+00 
 -4.39847630e+00   1.00199348e+01   2.07982621e-01 
 -7.13064444e+00   9.54236345e+00   2.83287339e+00 
 -9.87678027e+00   1.28491744e+01   3.22303854e-01 
  4.04509958e+00  -5.72546971e+00   1.08307737e+01 
  3.73891961e+00  -2.29536626e+00   9.30783375e+00 
  2.99640600e-01  -9.31219380e-01   1.00648531e+01 
 -1.23748380e+00   2.13190406e+00   8.63374895e+00 
 -4.29083828e+00   5.00734492e+00   5.19687934e+00 
 -6.79453551e+00   4.76713445e+00   2.48484349e+00 
 -6.61525990e+00   1.00692011e+00   2.10649901e+00 
 -6.73451442e+00  -1.13708176e+00  -9.89569128e-01 
 -9.85256279e+00  -2.50213164e+00  -2.83675032e+00 
 -1.00778804e+01  -5.99334710e+00  -4.29220761e+00 
 -9.51819774e+00  -4.46432626e+00  -7.75082127e+00 
 -6.24526573e+00  -2.98195999e+00  -6.55797913e+00 
 -5.05856661e+00  -6.32909779e+00  -5.26965576e+00 
 -5.83208101e+00  -8.50880688e+00  -8.24430369e+00 
 -5.41809512e+00  -6.05898484e+00  -1.10518527e+01 
 -4.52631496e+00  -2.47192841e+00  -1.06246652e+01 
 -1.31640942e+00  -2.66218291e+00  -8.68335352e+00 
  8.43483012e-02  -5.25524214e+00  -1.10945755e+01 
  9.79103243e-01  -7.57891805e-02  -1.27605727e+01 
  3.87991751e+00  -2.15768451e+00  -1.14672632e+01 
  8.06822412e+00   4.67325703e-01  -1.29125270e+01 
  1.12717756e+01   3.07506582e+00  -4.67273876e+00 
  1.22747014e+01   5.54795821e+00  -7.42466482e+00 
  1.03749122e+01   3.08859813e+00  -9.71846637e+00 
  7.15680669e+00   2.94728148e+00  -7.59442613e+00 
  7.63471433e+00  -8.20176764e-01  -6.76933464e+00 
  9.23171012e+00  -5.38218828e-01  -3.34679696e+00 
  6.76733501e+00  -2.96062783e+00  -1.88634796e+00 
  8.70305765e+00  -5.95524134e+00  -3.37980767e+00 
  1.17387966e+01  -5.05567142e+00  -1.34052497e+00 
  9.77670844e+00  -6.82582418e+00   1.42617670e+00 
  1.12342879e+01  -9.94302297e+00  -1.15427726e-01 
 -1.29260764e+00  -7.87157123e+00   3.50412436e+00 
 -4.53744583e+00  -7.14636791e+00   5.27336369e+00 
 -6.26628639e+00  -4.11156952e+00   3.81539496e+00 
 -9.58612966e+00  -2.34187244e+00   4.06383615e+00 
 -1.08527671e+01   5.07873287e-01   1.84122452e+00 
 -1.15324742e+01  -6.44509392e+00   4.23012786e+00 
 -9.11323872e+00  -8.63623178e+00   2.21581616e+00 
 -6.06341233e+00  -1.07587190e+01   2.87718808e+00 
 -3.43093576e+00  -1.09230342e+01   1.45652917e-01 
 -2.81901600e-01  -1.48312731e+01  -4.81562258e+00 
 -6.52343883e+00  -1.31706601e+01  -2.14545323e+00 
 -1.18909935e+01  -5.88612944e+00   1.14049051e+01 
 -9.59310169e+00   1.23956982e+00   7.34328288e+00 
 -6.01782640e+00   8.75342138e-01   6.21485777e+00 
 -3.30119287e+00  -1.59616885e+00   5.38051743e+00 
 -1.21088635e+00  -4.00330072e+00   7.56512822e+00 
  1.81911154e+00  -5.60838878e+00   5.94100310e+00 
  2.89158518e+00  -8.67488111e+00   7.89130949e+00 

   2.606970335326e+01 

  2.08601779e+00   1.75466275e+00  -1.83291429e+00 
 -1.38678044e+00  -2.45611986e-03   3.16566437e+00 
 -1.89492193e+00   1.10673761e+00   3.76181487e+00 
 -9.64979836e-01   1.81208235e+00   2.99068161e+00 
 -9.88457180e-01   1.91529188e+00   1.50360539e+00 
 -2.00638262e+00   1.06520363e+00   1.07150250e+00 
 -1.86730817e+00  -9.79025116e-02   1.86019238e+00 
  2.82483642e-01   1.55072597e+00   9.41363453e-01 
  8.62603197e-01   3.66989554e-01   1.17081431e+00 
  1.36151576e+00   2.04338564e+00   4.82692010e-01 
  2.97656689e-01   1.95481039e+00   3.68330918e+00 
 -3.06874129e-01  -5.92330201e-01   3.70095056e+00 
  1.87332522e+00   5.93763020e-01   2.11851692e+00 
  1.96510750e+00   1.83688506e+00   1.68691902e+00 
  3.14726175e+00   2.17620346e+00   1.57245392e+00 
  1.30110218e+00   2.30018926e+00  -8.79448642e-01 
  2.20642274e-01   2.86857124e+00  -1.63080706e+00 
  4.77087950e-01   3.42299690e+00  -2.88660184e+00 
  8.67208929e-01   2.47911850e+00  -3.88091835e+00 
 -1.64308731e+00  -9.12647036e-01   7.30098353e-01 
 -1.30888039e+00  -3.47918868e-01  -6.07010052e-01 
 -2.74953597e+00  -1.50082635e+00   3.69312136e-01 
 -2.55834597e+00   3.29106300e-01  -1.11765009e+00 
 -2.58707895e+00  -4.29655657e-01  -2.45126746e+00 
  2.05092869e+00   1.98233532e+00  -3.21124076e+00 
 -2.61995097e-01  -7.81335570e-01  -1.44725665e+00 
 -2.21348489e+00   1.66336593e+00  -3.43618787e+00 
 -1.48679969e+00   4.25013267e-01  -3.03436336e+00 
 -9.15519614e-01   2.75997843e+00  -9.60269389e-01 
 -9.37282272e+00   5.90214841e+00   3.49123929e+00 
 -7.30429659e+00   2.96041212e+00   4.80074908e+00 
 -5.88944078e+00   4.92154176e+00   7.77255952e+00 
 -4.81929622e+00   7.61730613e+00   5.34579401e+00 
 -3.12877926e+00   4.89431396e+00   3.17001814e+00 
 -1.25088418e+00   3.72478701e+00   6.23361946e+00 
 -3.15216664e-01   7.24744675e+00   7.24386061e+00 
  1.16066285e+00   7.68155534e+00   3.67296166e+00 
  2.97532927e+00   4.43634548e+00   4.01335273e+00 
  4.34273176e+00   5.48657405e+00   7.45278738e+00 
  5.38910313e+00   8.96825387e+00   6.15619597e+00 
  7.30929572e+00   7.14733337e+00   3.33673436e+00 
  9.43568896e+00   4.89281156e+00   5.56797883e+00 
  1.34649193e+01   7.14774079e+00   3.70792045e+00 
 -7.67967169e+00  -5.30984860e+00   1.05620301e+01 
 -5.81727486e+00  -2.11168974e+00   9.86779692e+00 
 -2.16362459e+00  -2.63368676e+00   1.06684054e+01 
  6.32651251e-01  -3.17865185e-01   9.88651827e+00 
  4.78145271e+00   1.65351272e+00   7.00479621e+00 
  7.02195977e+00   9.99428440e-01   4.13536401e+00 
  5.20182236e+00  -2.07875183e+00   2.89988746e+00 
  4.47692571e+00  -3.23288493e+00  -6.12818782e-01 
  6.73143062e+00  -5.33966887e+00  -2.95297566e+00 
  5.43592854e+00  -8.10261265e+00  -5.19920036e+00 
  5.75425064e+00  -5.69562999e+00  -8.15187092e+00 
  3.43955064e+00  -3.26043747e+00  -6.40705935e+00 
  8.35893650e-01  -5.94160182e+00  -5.85597732e+00 
  6.75445020e-01  -7.44463477e+00  -9.30751825e+00 
  1.50827238e+00  -4.46422315e+00  -1.14238569e+01 
  2.29134562e+00  -1.07506567e+00  -1.01028184e+01 
 -7.41832985e-01  -2.94465444e-01  -8.02944619e+00 
 -3.05359919e+00  -1.33225269e+00  -1.08717700e+01 
 -1.48046518e+00   3.94187457e+00  -1.12059809e+01 
 -5.05392271e+00   3.10883679e+00  -1.02271499e+01 
 -7.57325036e+00   7.57502808e+00  -1.07041214e+01 
 -9.60553800e+00   9.24264041e+00  -1.86975464e+00 
 -9.29142025e+00   1.24892753e+01  -3.88341945e+00 
 -8.59619128e+00   1.00826570e+01  -6.82349116e+00 
 -5.86541984e+00   8.02582087e+00  -5.03462762e+00 
 -8.00386218e+00   4.78119343e+00  -5.08331480e+00 
 -9.44311102e+00   4.89905879e+00  -1.58212492e+00 
 -8.37609056e+00   1.36466933e+00  -9.16032026e-01 
 -1.13817916e+01  -6.72933777e-03  -2.92356314e+00 
 -1.37776670e+01   1.61494986e+00  -5.12433032e-01 
 -1.29214525e+01  -1.45115000e+00   1.60978215e+00 
 -1.55521682e+01  -3.12769985e+00  -5.08359869e-01 
 -3.56929838e+00  -7.74145437e+00   2.56398128e+00 
 -4.14509205e-01  -8.97529792e+00   4.21020056e+00 
  2.54169861e+00  -6.76200033e+00   3.38151915e+00 
  6.28943393e+00  -6.75753179e+00   3.79306517e+00 
  8.78028568e+00  -4.31477434e+00   2.21381940e+00 
  6.19603287e+00  -1.12018119e+01   2.84861458e+00 
  3.13650634e+00  -1.15393437e+01   5.60251307e-01 
 -5.63122826e-01  -1.21884382e+01   9.27982539e-01 
 -2.88200547e+00  -1.05066473e+01  -1.56452212e+00 
 -7.24164547e+00  -1.12910967e+01  -7.05844423e+00 
 -1.02576893e+00  -1.32570758e+01  -4.54010508e+00 
  6.47967625e+00  -1.26173480e+01   9.90794951e+00 
  7.76018455e+00  -4.46153106e+00   7.81137593e+00 
  4.44508193e+00  -2.92546956e+00   6.89529286e+00 
  9.47632700e-01  -3.66029984e+00   5.70682266e+00 
 -2.08127409e+00  -5.34807605e+00   7.41366905e+00 
 -5.44160407e+00  -5.00446767e+00   5.68592687e+00 
 -7.84447721e+00  -7.65409941e+00   6.93609572e+00 

   2.606970335326e+01 

  1.87942077e+00  -2.93326935e+00  -1.68382247e+00 
 -1.63351194e+00   2.33783350e+00  -1.59238161e+00 
 -2.87590613e+00   2.04827268e+00  -2.05770424e+00 
 -2.30468791e+00   8.57909971e-01  -2.51997728e+00 
 -1.76546678e+00  -2.26927736e-01  -1.65108903e+00 
 -1.81810982e+00   2.59590423e-01  -3.44925213e-01 
 -1.37835563e+00   1.59828909e+00  -4.38153140e-01 
 -4.25489677e-01  -5.76241099e-01  -2.03417702e+00 
  5.69090020e-01   3.17453354e-01  -2.08457291e+00 
  2.43944113e-01  -1.42864588e+00  -2.69950991e+00 
 -1.78080748e+00   1.00767611e+00  -3.86067659e+00 
 -7.53139622e-01   2.93155417e+00  -2.41282097e+00 
  7.61200544e-01   6.26218821e-01  -3.44062707e+00 
  2.90962073e-01  -5.65894336e-01  -3.75334920e+00 
  9.78930910e-01  -1.09263092e+00  -4.63367606e+00 
  6.17219100e-01  -2.53051015e+00  -1.94347686e+00 
 -1.61838840e-01  -3.25649721e+00  -9.83788025e-01 
  2.20521856e-01  -4.55243554e+00  -6.30918503e-01 
  1.44929676e+00  -4.63126801e+00   8.71788516e-02 
 -2.84790647e-01   1.36437098e+00   4.22424613e-01 
  1.80240175e-01  -8.09902159e-03   7.66726074e-01 
 -5.79836382e-01   1.72953916e+00   1.63895675e+00 
 -8.80179577e-01  -6.16919031e-01   1.65280097e+00 
  8.66681039e-02  -9.85029516e-01   2.78628269e+00 
  2.29400925e+00  -4.02999818e+00  -9.23459296e-01 
  1.51638781e+00  -4.59084626e-01   7.32745519e-01 
 -4.43444248e-01  -3.20712553e+00   2.26508187e+00 
  6.14769135e-01  -2.18276335e+00   2.03287894e+00 
 -1.17974610e+00  -2.52154536e+00  -5.64279287e-01 
 -1.08013014e+01  -2.19652465e-01   1.26386182e+00 
 -8.19242974e+00   2.39598789e+00   2.64040469e-01 
 -9.54750229e+00   2.78695889e+00  -3.29832163e+00 
 -9.33502393e+00  -9.69861886e-01  -3.67607329e+00 
 -5.67733000e+00  -8.23526875e-01  -2.40863658e+00 
 -4.94600247e+00   1.76770729e+00  -5.06016480e+00 
 -6.72478978e+00  -2.03762440e-01  -7.75356698e+00 
 -4.45407218e+00  -3.21044642e+00  -6.79352377e+00 
 -1.44956086e+00  -9.97026016e-01  -6.91163065e+00 
 -2.50867922e+00   3.67384459e-01  -1.03495272e+01 
 -3.23159644e+00  -3.17030352e+00  -1.17134521e+01 
  3.36805071e-01  -4.14348334e+00  -1.05857613e+01 
  2.21084522e+00  -1.39550044e+00  -1.24617763e+01 
  4.53313207e+00  -4.97347211e+00  -1.50277697e+01 
 -6.09307113e+00   1.22596009e+01   4.43787368e-01 
 -6.32569871e+00   9.19074070e+00  -1.72570177e+00 
 -3.77520379e+00   9.46466683e+00  -4.49744405e+00 
 -2.80511686e+00   6.79699942e+00  -6.89244252e+00 
  1.87003937e-01   2.70107786e+00  -8.80917049e+00 
  3.33261655e+00   8.10327882e-01  -8.34925192e+00 
  4.32436877e+00   2.46853570e+00  -5.09636542e+00 
  5.92748751e+00   1.01465561e+00  -2.01207514e+00 
  9.69799939e+00   5.12677757e-01  -1.28480382e+00 
  1.12975915e+01   1.16468176e+00   2.08771827e+00 
  1.13620585e+01  -2.61438553e+00   2.66012754e+00 
  7.60672254e+00  -2.74127141e+00   2.19783125e+00 
  7.07794183e+00  -6.20310817e-03   4.74952789e+00 
  9.25493388e+00  -1.27032773e+00   7.55321852e+00 
  9.00790957e+00  -4.97509639e+00   7.03455472e+00 
  7.06937598e+00  -6.61278104e+00   4.31337642e+00 
  3.62022140e+00  -5.21599815e+00   4.82397565e+00 
  3.75786365e+00  -6.01515692e+00   8.54452263e+00 
  1.98020988e+00  -1.02586549e+01   5.50551984e+00 
 -4.71742774e-01  -8.37070386e+00   7.70670815e+00 
 -4.61863732e+00  -1.14188626e+01   7.88938905e+00 
 -1.06660319e+01  -6.20854323e+00   3.28083694e+00 
 -1.14749110e+01  -9.94059665e+00   2.94670249e+00 
 -8.38606999e+00  -1.03654483e+01   5.22655754e+00 
 -6.01543572e+00  -8.16613247e+00   3.12160544e+00 
 -5.64393601e+00  -5.52324135e+00   5.94649974e+00 
 -8.17679409e+00  -2.96186704e+00   4.77703335e+00 
 -5.66934142e+00  -1.89418407e-01   5.09378407e+00 
 -6.17585660e+00  -5.97501306e-02   8.92416037e+00 
 -9.79715494e+00   8.59435169e-01   8.44991612e+00 
 -8.30975223e+00   4.33172050e+00   7.84267923e+00 
 -8.33035109e+00   4.53613666e+00   1.16077556e+01 
  1.51553866e+00   7.79639544e+00   3.43803417e+00 
  3.77238189e+00   9.24030715e+00   7.90982944e-01 
  4.93369806e+00   6.58520054e+00  -1.64341994e+00 
  7.40938319e+00   6.20363848e+00  -4.46127439e+00 
  8.42055446e+00   2.95507438e+00  -6.21905354e+00 
  1.02852290e+01   8.72508421e+00  -2.00685824e+00 
  9.26334161e+00   7.93957285e+00   1.60561388e+00 
  6.86938615e+00   9.30190747e+00   4.18569674e+00 
  5.29614887e+00   6.81529159e+00   6.58567229e+00 
  4.93787160e+00   4.38565358e+00   1.32018266e+01 
  9.41750662e+00   6.40556717e+00   8.23221436e+00 
  8.37849638e+00   1.45007082e+01  -5.87013968e+00 
  5.46874334e+00   7.06227091e+00  -8.82913604e+00 
  2.62313536e+00   5.93110702e+00  -6.63560421e+00 
  1.06492335e+00   6.25560081e+00  -3.22220895e+00 
 -8.12653475e-01   9.15087450e+00  -1.48201211e+00 
 -2.66999477e+00   8.31845478e+00   1.71991513e+00 
 -3.36413024e+00   1.14733810e+01   3.70029048e+00 

   2.606970335326e+01 

 -9.50359467e-01  -4.69652921e+00  -5.19219201e-01 
  8.22730864e-01   8.33404851e-01   2.01249223e+00 
 -4.60353625e-02   1.16436920e+00   3.00225067e+00 
 -4.76156206e-01  -1.64073856e-01   2.91748570e+00 
 -1.16894806e+00  -7.66391348e-01   1.74281462e+00 
 -1.15234872e+00   2.05188183e-01   7.42168425e-01 
  1.45300760e-01   7.59625033e-01   7.95973012e-01 
 -5.14269792e-01  -1.97397265e+00   1.32155622e+00 
  7.80282322e-01  -2.01608635e+00   9.85729546e-01 
 -5.81218097e-01  -3.24101215e+00   1.40834438e+00 
  2.82921641e-01  -1.02376940e+00   3.80014057e+00 
  2.00830306e+00   2.96632089e-01   2.33956097e+00 
  1.45835566e+00  -2.58304966e+00   2.07655245e+00 
  3.50216632e-01  -3.21990736e+00   2.40288553e+00 
  5.91101944e-01  -4.39167646e+00   2.71055316e+00 
 -1.36153187e+00  -3.80953673e+00   4.11893039e-01 
 -2.61775717e+00  -3.35141258e+00  -1.04838447e-01 
 -3.44054808e+00  -4.24380638e+00  -7.95360819e-01 
 -2.91779959e+00  -4.68232281e+00  -2.04684133e+00 
  4.34024101e-01   3.70341726e-01  -5.29279218e-01 
 -3.93283416e-01  -6.24696836e-01  -1.26679640e+00 
  2.32169112e-01   1.36532123e+00  -1.34758270e+00 
 -1.71680423e+00   4.12173013e-02  -1.55856959e+00 
 -1.67277027e+00  -2.27830279e-01  -3.06878645e+00 
 -1.70245907e+00  -5.28430102e+00  -1.53986626e+00 
  9.82441136e-02  -1.72779332e+00  -1.99577653e+00 
 -3.54022819e+00  -1.59182721e+00  -2.69130347e+00 
 -2.06447736e+00  -1.67509506e+00  -2.88695004e+00 
 -2.79376982e+00  -2.07022226e+00   1.77735263e-01 
 -7.42614772e+00   6.02495802e+00   3.94924276e+00 
 -3.61675453e+00   5.67253323e+00   3.84085040e+00 
 -3.29452819e+00   5.02153210e+00   7.60274771e+00 
 -5.89174286e+00   2.29617842e+00   7.24432200e+00 
 -3.83916003e+00   8.18210634e-01   4.31020381e+00 
 -8.03028408e-01   7.76395946e-01   6.55966877e+00 
 -2.72461018e+00  -7.24860941e-01   9.45085256e+00 
 -3.81682966e+00  -3.55230996e+00   7.01557464e+00 
 -2.79364112e-01  -3.97606626e+00   5.89886724e+00 
  9.25274059e-01  -4.11739768e+00   9.55007972e+00 
 -1.84408540e+00  -6.61758450e+00   1.05389431e+01 
 -6.52739351e-01  -8.82975956e+00   7.59968620e+00 
  3.01610769e+00  -9.07963018e+00   8.62924665e+00 
  2.38029381e+00  -1.39984229e+01   9.05402803e+00 
  5.03305528e+00   1.08538970e+01   4.09528503e+00 
  3.11203589e+00   7.97628138e+00   5.58112298e+00 
  5.55704099e+00   5.30112180e+00   6.64323710e+00 
  4.73136262e+00   1.85632803e+00   7.75911649e+00 
  3.96166411e+00  -3.48334270e+00   7.21259367e+00 
  4.36601856e+00  -6.35448695e+00   4.91599457e+00 
  5.43306247e+00  -4.31694084e+00   1.91194408e+00 
  4.58143243e+00  -4.72728751e+00  -1.73537623e+00 
  6.34760844e+00  -6.94902620e+00  -4.37017503e+00 
  7.00441628e+00  -5.86386051e+00  -7.94071115e+00 
  4.06950824e+00  -8.05907113e+00  -9.02722997e+00 
  1.77660006e+00  -6.12379195e+00  -6.71863025e+00 
  2.88634229e+00  -2.82349392e+00  -8.18419104e+00 
  2.59796810e+00  -3.58860939e+00  -1.18624277e+01 
 -2.08678267e-01  -6.07417799e+00  -1.18570543e+01 
 -1.97129301e+00  -7.27876063e+00  -8.80961193e+00 
 -3.16792544e+00  -4.07849873e+00  -7.24923506e+00 
 -4.58349789e+00  -2.88837241e+00  -1.05778720e+01 
 -8.12578770e+00  -6.01816456e+00  -7.73895497e+00 
 -8.74970721e+00  -2.28465802e+00  -8.04442894e+00 
 -1.36318136e+01  -1.68592663e+00  -6.51867122e+00 
 -1.23255128e+01   3.05924020e+00   1.27453936e+00 
 -1.55428447e+01   9.79688169e-01   1.41016015e+00 
 -1.45138003e+01  -4.05544182e-02  -2.17025173e+00 
 -1.08958809e+01  -1.04944833e+00  -1.28678560e+00 
 -9.36775268e+00   1.78597551e+00  -3.46120718e+00 
 -8.72024979e+00   4.38262505e+00  -7.81317026e-01 
 -5.17420615e+00   4.82370738e+00  -1.92374524e+00 
 -6.31548386e+00   7.04825506e+00  -4.87230877e+00 
 -7.73803765e+00   9.57097307e+00  -2.46485255e+00 
 -4.07050723e+00   1.06268561e+01  -2.19615088e+00 
 -4.84104105e+00   1.25784481e+01  -5.32913291e+00 
  5.63830905e+00   4.88357536e+00  -3.02971230e+00 
  8.75055541e+00   3.19617688e+00  -1.74452300e+00 
  8.06144877e+00  -3.73463423e-01  -6.92209403e-01 
  9.97969214e+00  -3.44793213e+00   3.48412857e-01 
  8.58911749e+00  -6.98503659e+00   8.18112504e-01 
  1.30465519e+01  -2.36159958e+00  -2.82437601e+00 
  1.09542541e+01  -5.23284016e-01  -5.46144305e+00 
  9.87984813e+00   3.01936503e+00  -6.19567423e+00 
  6.46532689e+00   3.50965179e+00  -7.78277233e+00 
  2.82032849e+00   5.33662954e+00  -1.35430797e+01 
  8.29401603e+00   1.57948519e+00  -1.13597707e+01 
  1.71432649e+01   6.36526992e-01   2.28899718e+00 
  1.04877026e+01  -3.83566681e+00   5.16226114e+00 
  7.35782792e+00  -1.81377236e+00   4.61051348e+00 
  5.81687437e+00   9.62933960e-01   2.58567959e+00 
  6.41372661e+00   4.78081599e+00   2.52457574e+00 
  3.87177718e+00   6.88991668e+00   6.57716160e-01 
  5.33318629e+00   1.02846354e+01  -1.77411453e-01 

   2.606970335326e+01 

  8.53717124e-02   1.63264182e+00  -2.97528084e+00 
  6.14437937e-01  -2.43891479e+00   1.84925007e+00 
  1.13356088e+00  -3.60552292e+00   1.38724274e+00 
  1.46750685e+00  -2.87488869e+00   2.41990056e-01 
  4.86760994e-01  -2.28210075e+00  -7.11602676e-01 
 -7.72882804e-01  -2.48074794e+00  -1.46472671e-01 
 -6.06257519e-01  -2.18614169e+00   1.22452422e+00 
  7.57382280e-01  -8.87940045e-01  -9.29306386e-01 
  8.12820978e-01   2.82810786e-03   6.76273851e-02 
  1.31284963e+00  -8.28826722e-02  -1.74216677e+00 
  2.78015546e+00  -2.27695833e+00   3.59412997e-01 
  1.42061711e+00  -1.57356642e+00   2.48322777e+00 
  2.17363112e+00   2.55379524e-01   3.03294469e-01 
  2.42400881e+00  -5.68401184e-02  -9.53639516e-01 
  3.21694512e+00   7.45855289e-01  -1.45629249e+00 
  4.53539775e-01   3.55287067e-01  -2.73947260e+00 
 -5.07598510e-01  -4.04888011e-01  -3.48333966e+00 
 -9.80981589e-01   9.23478019e-02  -4.69941439e+00 
 -1.77871762e+00   1.26823204e+00  -4.58681064e+00 
 -1.54904689e+00  -1.13726674e+00   1.17755946e+00 
 -2.02489442e+00  -5.49010593e-01  -1.05403861e-01 
 -2.71347175e+00  -1.55644445e+00   1.58835748e+00 
 -2.88623034e+00  -1.59583560e+00  -7.70639465e-01 
 -4.10281313e+00  -6.77115348e-01  -9.46594009e-01 
 -7.80451961e-01   2.11089231e+00  -3.96243623e+00 
 -2.10915102e+00   8.27816894e-01  -4.00497228e-01 
 -3.71927247e+00  -9.20061225e-01  -3.24534453e+00 
 -3.47700136e+00   3.22494890e-02  -2.12397900e+00 
 -8.05457608e-01  -1.52497457e+00  -2.84383747e+00 
 -1.84615977e+00  -1.14473180e+01  -1.54800690e+00 
 -8.16753478e-01  -9.07917885e+00   1.27682374e+00 
  2.84302544e+00  -1.02129259e+01   1.26500930e+00 
  2.92087142e+00  -9.56027450e+00  -2.45917274e+00 
  1.44102569e+00  -6.04038128e+00  -1.80576400e+00 
  4.23015424e+00  -5.41361331e+00   6.65644540e-01 
  6.87274512e+00  -6.76796980e+00  -1.67692337e+00 
  5.54691506e+00  -4.25274958e+00  -4.32906059e+00 
  5.64356237e+00  -1.51051385e+00  -1.79705155e+00 
  9.23467551e+00  -2.46728840e+00  -8.01577196e-01 
  1.03692451e+01  -2.69616598e+00  -4.48376452e+00 
  8.94922470e+00   8.68854961e-01  -4.95960329e+00 
  1.09067384e+01   2.55607937e+00  -2.14814769e+00 
  1.30432903e+01   5.43578071e+00  -5.60092714e+00 
 -3.79871446e-01  -8.10089742e+00   1.13059103e+01 
  1.56110061e+00  -7.83838238e+00   8.08994775e+00 
  4.18001104e+00  -5.14356446e+00   8.46661689e+00 
  6.30029014e+00  -3.71709115e+00   5.77159813e+00 
  7.70941670e+00  -1.62188313e-01   1.92709107e+00 
  6.91092885e+00   3.13250432e+00   4.47646274e-01 
  3.73724270e+00   3.70156278e+00   2.42713734e+00 
  4.57082370e-01   5.23260647e+00   1.38164368e+00 
 -5.41439752e-01   8.97432439e+00   1.36876607e+00 
 -3.94860530e+00   1.02486739e+01   2.42941001e+00 
 -4.80870026e+00   1.06896283e+01  -1.26909696e+00 
 -4.12248141e+00   7.01365385e+00  -1.85958999e+00 
 -6.42129757e+00   6.00609476e+00   9.63817933e-01 
 -9.44387030e+00   8.10498072e+00   1.53436270e-01 
 -9.19300077e+00   8.30635680e+00  -3.58178208e+00 
 -6.48744102e+00   6.75871876e+00  -5.61389866e+00 
 -6.67313886e+00   3.14883618e+00  -4.59279856e+00 
 -1.04448334e+01   3.10958730e+00  -5.11514858e+00 
 -7.63058893e+00   2.03198610e+00  -9.73268791e+00 
 -9.52405294e+00  -7.63587389e-01  -7.99452111e+00 
 -9.67649990e+00  -4.55063642e+00  -1.14811237e+01 
 -4.31573615e+00  -1.07944541e+01  -7.32972466e+00 
 -4.21529122e+00  -1.11601448e+01  -1.11442148e+01 
 -6.71021435e+00  -8.21289320e+00  -1.10534233e+01 
 -4.59763801e+00  -5.95649126e+00  -8.74400963e+00 
 -7.23183692e+00  -6.08076846e+00  -5.88945807e+00 
 -5.71489177e+00  -8.79178087e+00  -3.72313649e+00 
 -5.97741340e+00  -6.63494109e+00  -6.64828805e-01 
 -9.74756362e+00  -7.42321581e+00  -3.33551937e-01 
 -8.97858837e+00  -1.10810786e+01   1.27238589e-01 
 -8.20452220e+00  -9.94722952e+00   3.69838361e+00 
 -1.19345332e+01  -1.02574246e+01   4.15533761e+00 
 -4.17556612e+00  -2.77404268e-01   7.96490493e+00 
 -1.57363039e+00   1.98814949e+00   9.47563297e+00 
  5.74807234e-01   3.60560348e+00   6.81243524e+00 
  3.19462327e+00   6.30197710e+00   6.52775399e+00 
  4.63417079e+00   7.78816085e+00   3.30527289e+00 
  7.62660799e-01   8.70006384e+00   9.52559902e+00 
 -2.82764667e+00   7.51749118e+00   8.87563676e+00 
 -5.14164384e+00   4.81061644e+00   1.01254576e+01 
 -7.61965151e+00   3.35552057e+00   7.64344416e+00 
 -1.43653332e+01   2.79936825e+00   5.64557651e+00 
 -9.54801778e+00   7.36961455e+00   7.82515170e+00 
  5.16463987e+00   6.44567327e+00   1.47657048e+01 
  7.72820096e+00   4.59321003e+00   6.85689921e+00 
  5.63825246e+00   1.74161000e+00   5.55724888e+00 
  2.36385694e+00  -8.11927684e-02   5.93183147e+00 
  9.69428765e-01  -2.38598285e+00   8.70305904e+00 
 -2.16342713e+00  -4.36245400e+00   7.88223439e+00 
 -3.85149252e+00  -5.53979561e+00   1.10636762e+01 

   2.606970335326e+01 

  3.71670690e+00  -2.46841348e+00  -5.32790100e-01 
 -1.28016963e+00   1.66187079e-01   2.33490717e+00 
 -1.03412922e+00   2.42749451e-01   3.66814243e+00 
  1.76314110e-02  -6.43480460e-01   3.41251355e+00 
  1.22709265e+00  -3.25471514e-01   2.60092690e+00 
  1.00748293e+00   9.39718648e-01   2.05631644e+00 
 -3.41226339e-01   9.25789995e-01   1.63801197e+00 
  1.43734190e+00  -1.31410576e+00   1.57979398e+00 
  5.09310096e-01  -1.61862525e+00   6.65221314e-01 
  2.11413649e+00  -2.35603540e+00   1.30825196e+00 
 -4.13102611e-01  -2.02102444e+00   3.51832484e+00 
 -2.05963890e+00  -8.23447624e-01   1.87259644e+00 
 -6.60334156e-02  -2.83416885e+00   1.06840745e+00 
  1.06113987e+00  -3.13525619e+00   1.68393967e+00 
  1.37608795e+00  -4.31101816e+00   1.47389345e+00 
  3.32535474e+00  -2.06815645e+00   6.95796979e-01 
  4.25726410e+00  -1.02598305e+00   1.01267346e+00 
  5.57959328e+00  -1.13401554e+00   5.76844066e-01 
  5.74442501e+00  -1.05397653e+00  -8.36729556e-01 
  9.14565089e-03   1.15990046e+00   2.91301946e-01 
  1.40125870e+00   9.93447466e-01  -2.11476050e-01 
 -9.86864961e-02   2.42846300e+00   9.39497037e-03 
  2.21602582e+00   2.11633046e+00   3.84819933e-01 
  2.75655060e+00   2.61947864e+00  -9.60451584e-01 
  4.92197212e+00  -2.19374490e+00  -1.18451308e+00 
  1.77941157e+00   2.93550286e-01  -1.37636984e+00 
  4.85483243e+00   1.96145561e+00  -1.51378580e-01 
  3.76057251e+00   1.49477334e+00  -1.05018586e+00 
  3.66248693e+00  -7.09407247e-02   1.71010537e+00 
  2.17496046e+00   6.17705301e+00   9.45381100e+00 
 -6.94569133e-01   4.66846027e+00   7.41975680e+00 
 -1.71481316e+00   2.20452349e+00   1.01706878e+01 
  1.88351273e+00   1.05104879e+00   1.03226503e+01 
  1.83107409e+00   5.98560437e-01   6.47569838e+00 
 -1.25655950e+00  -1.54769796e+00   6.84990422e+00 
  2.25689902e-01  -3.52161032e+00   9.71552792e+00 
  3.26204071e+00  -4.25126197e+00   7.39902793e+00 
  9.41750683e-01  -5.23553829e+00   4.64444599e+00 
 -1.02068169e+00  -7.53026680e+00   7.02888733e+00 
  2.21049280e+00  -9.10005220e+00   8.44077325e+00 
  3.23155886e+00  -9.85361872e+00   4.78812812e+00 
  9.28047367e-02  -1.17861539e+01   3.78993017e+00 
  2.99873891e+00  -1.57477830e+01   2.98976683e+00 
 -1.04140789e+01   5.82480425e+00   4.98573227e+00 
 -7.82042093e+00   3.42429503e+00   6.28542278e+00 
 -8.73866158e+00  -7.03213953e-02   5.18673935e+00 
 -6.63352288e+00  -3.11553364e+00   5.48441229e+00 
 -3.12202657e+00  -6.89911820e+00   3.82396417e+00 
 -1.31410202e+00  -8.23320996e+00   8.85776417e-01 
 -2.34659552e+00  -5.48526923e+00  -1.50112014e+00 
 -3.88744473e-01  -3.75582091e+00  -4.21634229e+00 
  8.38474845e-02  -4.85797079e+00  -7.89867683e+00 
  3.46413596e-02  -2.46511986e+00  -1.08362868e+01 
  3.84648423e+00  -2.72338528e+00  -1.09640007e+01 
  4.04113551e+00  -1.51700134e+00  -7.38082964e+00 
  1.88166467e+00   1.48659063e+00  -8.14665229e+00 
  3.57430404e+00   2.75606569e+00  -1.12645669e+01 
  7.11377420e+00   1.68919270e+00  -1.06406463e+01 
  8.27037378e+00  -1.74723762e-01  -7.63517994e+00 
  7.14880096e+00   2.04875563e+00  -4.82331310e+00 
  8.65191122e+00   5.10328991e+00  -6.52934647e+00 
  1.22929225e+01   2.38436886e+00  -3.40630774e+00 
  1.09773152e+01   5.75405585e+00  -2.25043245e+00 
  1.41769533e+01   7.13118945e+00   1.54261347e+00 
  8.43092676e+00   6.72865894e+00   8.73832814e+00 
  1.20571533e+01   6.06361488e+00   9.78825730e+00 
  1.27862462e+01   6.63802566e+00   6.03890368e+00 
  1.01192059e+01   4.18134677e+00   4.72006126e+00 
  8.06487710e+00   7.01463206e+00   3.03034510e+00 
  5.43520560e+00   7.58813708e+00   5.69484877e+00 
  2.67324768e+00   7.31117873e+00   3.17116024e+00 
  3.31521285e+00   1.09232767e+01   1.95223336e+00 
  2.47681244e+00   1.22636741e+01   5.37042448e+00 
 -1.10756168e+00   1.17552241e+01   4.13284233e+00 
 -5.72349939e-01   1.51125875e+01   2.50199311e+00 
 -5.78182300e+00   4.27298013e+00  -2.94589474e+00 
 -7.80959029e+00   1.24296104e+00  -3.89048285e+00 
 -5.73262192e+00  -1.91781536e+00  -3.74814973e+00 
 -6.01438313e+00  -5.54751224e+00  -4.72836466e+00 
 -3.21747814e+00  -8.16335413e+00  -4.71753282e+00 
 -8.12904998e+00  -4.15521600e+00  -8.50222629e+00 
 -6.61083452e+00  -6.87473687e-01  -9.11949597e+00 
 -7.33996822e+00   2.88792101e+00  -8.15579334e+00 
 -4.36793879e+00   5.20047264e+00  -7.66859451e+00 
 -6.81027682e-01   1.06995254e+01  -1.01123841e+01 
 -3.82137352e+00   4.77110699e+00  -1.20710343e+01 
 -1.44605696e+01  -5.59839127e+00  -5.38012611e+00 
 -7.62500010e+00  -8.37328648e+00  -1.12247211e+00 
 -5.96700015e+00  -5.42444830e+00   5.34026624e-01 
 -5.55233886e+00  -1.68246929e+00   4.32847604e-01 
 -7.96946849e+00   1.22711690e+00   1.22530077e+00 
 -6.44968204e+00   4.68921841e+00   1.54006994e+00 
 -9.12495581e+00   7.34428698e+00   1.15175176e+00 

   2.606970335326e+01 

 -4.17208457e+00  -4.90653280e-01  -2.40140346e+00 
  1.54007707e+00   1.50827191e+00  -5.28146836e-01 
  2.44261457e+00   1.24623551e+00  -1.50828811e+00 
  1.32732467e+00   1.03570934e+00  -2.32606386e+00 
  3.42019639e-01  -7.10176420e-02  -2.16196498e+00 
  6.83320430e-01  -7.22026550e-01  -9.76538351e-01 
  9.85505782e-01   3.14978335e-01  -6.68712672e-02 
 -1.00148112e+00   4.36596120e-01  -2.12135891e+00 
 -1.40155566e+00   1.35526924e+00  -1.23456786e+00 
 -2.03604360e+00   6.11745046e-01  -2.83997333e+00 
  9.04732540e-01   2.26047299e+00  -2.97083135e+00 
  1.05685717e+00   2.75400296e+00  -4.04320068e-01 
 -1.45851503e+00   2.57761567e+00  -1.92286306e+00 
 -1.67451027e+00   1.91035266e+00  -3.04007354e+00 
 -2.56660074e+00   2.44544712e+00  -3.70608889e+00 
 -2.89159713e+00  -4.80471877e-01  -2.82923134e+00 
 -2.55785088e+00  -1.87300459e+00  -2.89599391e+00 
 -3.53500965e+00  -2.79367475e+00  -3.28031139e+00 
 -4.60467282e+00  -2.94318063e+00  -2.35013140e+00 
 -4.19616969e-02  -7.69029870e-02   8.17400040e-01 
 -1.12952454e+00  -1.01081852e+00   4.13073559e-01 
  4.42367764e-01  -8.19740570e-01   1.77341653e+00 
 -4.96934573e-01  -2.37300972e+00   2.56403075e-01 
 -1.47407238e+00  -3.08468906e+00   1.20181029e+00 
 -5.06035117e+00  -1.56896389e+00  -2.36856174e+00 
 -2.50888494e+00  -8.16243867e-01   6.35196878e-01 
 -2.17203761e+00  -4.25647599e+00  -7.03482341e-01 
 -2.56671765e+00  -3.10634274e+00   1.59346049e-01 
 -1.29284958e+00  -2.06160831e+00  -2.55470612e+00 
  8.21498570e+00  -5.17466372e+00  -3.61540955e+00 
  7.27240617e+00  -1.97859346e+00  -1.73282956e+00 
  8.50601563e+00   3.51154705e-01  -4.51311459e+00 
  6.39186731e+00  -1.61793430e+00  -6.95332176e+00 
  3.37050917e+00  -1.20749136e+00  -4.56387283e+00 
  3.96815023e+00   2.52380586e+00  -4.57738246e+00 
  4.39152517e+00   2.63862872e+00  -8.33407807e+00 
  9.40928160e-01   8.65190434e-01  -8.59154046e+00 
 -5.14668376e-01   3.31699841e+00  -6.18111649e+00 
  9.66158643e-01   6.25557122e+00  -8.17471162e+00 
 -2.68542673e-01   4.81192693e+00  -1.15347028e+01 
 -3.78979115e+00   4.60386913e+00  -9.95047552e+00 
 -4.06551790e+00   8.26069014e+00  -8.88534478e+00 
 -7.98085792e+00   8.67062922e+00  -1.19318645e+01 
  1.05106369e+01   4.66122022e+00   5.13428145e+00 
  9.06462659e+00   4.24521537e+00   1.68251438e+00 
  6.91205759e+00   7.24691749e+00   8.95846605e-01 
  4.62934979e+00   7.64150641e+00  -2.00709680e+00 
 -1.02139990e-01   7.49383404e+00  -4.65179031e+00 
 -3.75296737e+00   7.05670112e+00  -4.24965405e+00 
 -3.63967138e+00   6.08616702e+00  -5.94558455e-01 
 -5.64644437e+00   3.52727616e+00   1.30847684e+00 
 -9.11541257e+00   3.96252883e+00   2.97415384e+00 
 -1.00336009e+01   2.49152449e+00   6.34324655e+00 
 -1.19972389e+01  -2.19182949e-01   4.49680429e+00 
 -8.85265565e+00  -1.22519746e+00   2.64426633e+00 
 -6.90894679e+00  -1.54237756e+00   5.86804611e+00 
 -9.32212224e+00  -3.59201368e+00   7.91097602e+00 
 -1.10200831e+01  -5.58242939e+00   5.22573519e+00 
 -1.02900904e+01  -5.29605668e+00   1.58845100e+00 
 -6.59519832e+00  -5.95722627e+00   1.45057960e+00 
 -6.98549800e+00  -9.05873357e+00   3.62506542e+00 
 -7.73556177e+00  -1.00937984e+01  -1.73860040e+00 
 -4.58488388e+00  -1.13258728e+01  -1.32359161e-02 
 -2.57161916e+00  -1.47197403e+01  -3.32228513e+00 
  5.11520447e+00  -1.02517387e+01  -5.75268939e+00 
  3.89275068e+00  -1.25788962e+01  -8.54268917e+00 
  1.10549946e+00  -1.34330300e+01  -6.00874703e+00 
  1.14693808e-01  -9.78376153e+00  -5.24137231e+00 
  1.24788790e+00  -1.00510686e+01  -1.53363292e+00 
  4.68871743e+00  -8.48974108e+00  -1.79171882e+00 
  3.96141029e+00  -6.17117975e+00   1.06650073e+00 
  4.60267817e+00  -8.99578365e+00   3.62688009e+00 
  8.16567744e+00  -9.30516610e+00   2.44665573e+00 
  8.63820924e+00  -6.23834515e+00   4.68477813e+00 
  8.89779427e+00  -8.80758550e+00   7.43243711e+00 
  1.80498043e+00   2.32812144e+00   7.48903309e+00 
  5.06507338e-01   5.86181833e+00   7.37923101e+00 
 -1.93551459e+00   6.35632508e+00   4.53027405e+00 
 -4.36011627e+00   8.96284614e+00   3.28839451e+00 
 -6.95138270e+00   8.55908701e+00   4.97742174e-01 
 -5.45395906e+00   9.72432606e+00   7.63304555e+00 
 -4.84507706e+00   6.31992359e+00   9.29152175e+00 
 -1.99870445e+00   4.51358501e+00   1.09883157e+01 
 -1.82883583e+00   7.44165626e-01   1.05630642e+01 
 -2.51964906e+00  -5.59329339e+00   1.35903389e+01 
 -5.51854428e+00   6.97374613e-01   1.30627495e+01 
 -1.00861193e+00   1.53949724e+01   7.66567895e+00 
 -2.41413007e+00   1.19590557e+01  -5.89209002e-04 
 -4.66756933e-01   8.74420535e+00  -2.47719337e-01 
  1.16225725e+00   5.98477145e+00   1.73127674e+00 
  4.31686847e+00   5.89360720e+00   3.96204042e+00 
  5.60455362e+00   2.47358643e+00   4.98199249e+00 
  7.88378207e+00   2.76705831e+00   7.99467599e+00 

   2.606970335326e+01 

 -1.83559419e+00  -3.54773311e+00  -3.06365150e+00 
 -1.31676800e+00   2.76581391e+00  -3.12303358e+00 
 -2.54122298e+00   3.30709086e+00  -3.35028499e+00 
 -2.91804007e+00   2.01608772e+00  -3.73534313e+00 
 -2.98728625e+00   8.37174076e-01  -2.82541639e+00 
 -2.46928712e+00   1.26051506e+00  -1.60149056e+00 
 -1.33722929e+00   2.03597696e+00  -1.93509698e+00 
 -2.24660636e+00  -2.71492481e-01  -3.36073558e+00 
 -9.49671883e-01  -1.89059325e-01  -3.67945807e+00 
 -2.38362759e+00  -1.36006113e+00  -4.00388940e+00 
 -2.69445444e+00   1.79854953e+00  -5.14851044e+00 
 -4.44837679e-01   2.67856086e+00  -4.13930363e+00 
 -8.87641324e-01  -7.60542265e-02  -5.07749508e+00 
 -2.03588313e+00  -7.20597233e-01  -5.15596921e+00 
 -2.00421787e+00  -1.56696586e+00  -6.05507176e+00 
 -2.61348963e+00  -2.45007045e+00  -3.17680526e+00 
 -3.45981315e+00  -2.52840602e+00  -2.02242612e+00 
 -3.88172554e+00  -3.77904680e+00  -1.56628983e+00 
 -2.84051162e+00  -4.59879295e+00  -1.04126035e+00 
 -4.65409787e-01   1.17966624e+00  -1.22950585e+00 
 -8.71974627e-01  -1.82358153e-01  -7.84460192e-01 
 -2.25458237e-01   1.65779350e+00  -4.03179772e-02 
 -1.87824164e+00   5.34230023e-03   3.25709078e-01 
 -1.13033611e+00  -8.75499698e-01   1.33557801e+00 
 -2.02971177e+00  -4.65934295e+00  -2.23933855e+00 
 -1.25662354e-01  -1.36583894e+00  -9.63971826e-01 
 -2.99197006e+00  -2.29161281e+00   1.19657164e+00 
 -1.60340219e+00  -2.14758384e+00   6.72943374e-01 
 -3.71145774e+00  -1.31724097e+00  -1.55122423e+00 
 -9.34090006e+00   6.47512217e+00   1.41586076e+00 
 -5.94887381e+00   6.89786516e+00  -3.05439606e-01 
 -7.47046389e+00   8.02036302e+00  -3.63774599e+00 
 -9.66429441e+00   4.94125119e+00  -3.54986161e+00 
 -6.50882039e+00   2.79350592e+00  -2.88902233e+00 
 -4.90737341e+00   4.35130648e+00  -5.93673644e+00 
 -8.01405899e+00   3.89155299e+00  -8.04441856e+00 
 -7.90099667e+00   1.31726820e-01  -7.06008425e+00 
 -4.27152064e+00  -1.74487194e-04  -7.92597866e+00 
 -4.94951531e+00   1.70236636e+00  -1.13089002e+01 
 -7.92786558e+00  -6.31146473e-01  -1.20719756e+01 
 -5.54891476e+00  -3.60187317e+00  -1.13881404e+01 
 -2.81779916e+00  -2.62532226e+00  -1.38721340e+01 
 -3.72210710e+00  -6.89012438e+00  -1.62748221e+01 
  1.68991856e+00   1.33261515e+01  -1.73947728e+00 
 -7.89162136e-01   1.10498537e+01  -3.42806526e+00 
  7.79293089e-01   9.66083760e+00  -6.57022973e+00 
 -5.77181750e-01   6.95046136e+00  -8.71670879e+00 
 -1.15037301e+00   1.86836940e+00  -1.05186520e+01 
  2.11997621e-01  -1.56372759e+00  -1.03041859e+01 
  2.63622689e+00  -8.56736471e-01  -7.48678063e+00 
  3.60680995e+00  -2.96976119e+00  -4.52203804e+00 
  6.34656743e+00  -5.69955237e+00  -4.32295456e+00 
  8.65113981e+00  -6.15781191e+00  -1.35030361e+00 
  6.52139710e+00  -9.15565248e+00  -3.06126505e-01 
  3.46483565e+00  -6.92627293e+00  -1.65894328e-01 
  5.23298882e+00  -4.43600974e+00   2.05752354e+00 
  6.70336433e+00  -6.75870179e+00   4.63455364e+00 
  4.15957814e+00  -9.51266451e+00   4.64815849e+00 
  1.12718255e+00  -9.61180255e+00   2.49421246e+00 
 -5.72963270e-01  -6.37141894e+00   3.34144299e+00 
 -2.03095979e-01  -7.05666297e+00   7.06886956e+00 
 -4.75804360e+00  -9.30032317e+00   4.91914699e+00 
 -5.05301651e+00  -6.28217980e+00   7.20507404e+00 
 -1.00543789e+01  -6.09461399e+00   8.41856982e+00 
 -1.24670527e+01   1.71165502e+00   4.15261975e+00 
 -1.54220930e+01  -7.13451902e-01   4.43678015e+00 
 -1.28467641e+01  -2.94837011e+00   6.25116666e+00 
 -1.01132049e+01  -2.71187439e+00   3.53833707e+00 
 -7.65402825e+00  -8.50994551e-01   5.90318157e+00 
 -8.28113647e+00   2.72111158e+00   4.81210268e+00 
 -4.60669821e+00   3.33914606e+00   4.37545845e+00 
 -4.14585645e+00   3.78270112e+00   8.18807408e+00 
 -6.46664698e+00   6.74862809e+00   8.15944885e+00 
 -3.33739739e+00   8.54203608e+00   6.88298747e+00 
 -2.47083803e+00   8.74194638e+00   1.05472911e+01 
  5.43108510e+00   5.12436490e+00   6.08081083e-01 
  7.50933914e+00   4.83559497e+00  -2.51962969e+00 
  6.29953702e+00   2.01602504e+00  -4.73570009e+00 
  7.40320595e+00   1.59389818e-01  -7.82596394e+00 
  5.85393426e+00  -3.02723289e+00  -9.27876007e+00 
  1.16389125e+01   3.67193640e-01  -6.19257963e+00 
  1.11040664e+01   4.11962547e-01  -2.39479445e+00 
  1.06108354e+01   2.98483702e+00   3.21976802e-01 
  8.37514281e+00   2.03007612e+00   3.23888043e+00 
  7.95700972e+00   3.95587813e-01   1.00915160e+01 
  1.16257190e+01  -8.38722968e-01   4.27247174e+00 
  1.29021574e+01   6.05042751e+00  -1.04379855e+01 
  5.55326874e+00   2.00631575e+00  -1.19184137e+01 
  3.12103718e+00   2.90259889e+00  -9.18537060e+00 
  2.80784272e+00   4.14899424e+00  -5.64517344e+00 
  3.47312871e+00   7.59664863e+00  -4.03047122e+00 
  2.18497461e+00   8.12055081e+00  -5.00433989e-01 
  3.96590039e+00   1.10384892e+01   1.13394936e+00 

   2.606970335326e+01 

 -1.61263547e+00   2.94078380e-01  -3.34632386e+00 
  5.03872061e-01  -4.26575362e+00   5.08791051e-01 
  1.46513990e+00  -4.97681952e+00  -1.34841874e-01 
  9.98005003e-01  -4.34828536e+00  -1.29401391e+00 
  1.09880201e+00  -2.88782690e+00  -1.57597157e+00 
  1.59981205e+00  -2.30173706e+00  -4.13636520e-01 
  9.08668427e-01  -2.93797244e+00   6.40742135e-01 
 -1.80745636e-01  -2.34284971e+00  -1.93662731e+00 
 -1.25802215e+00  -2.44311416e+00  -1.14932771e+00 
 -8.86584377e-01  -2.00305467e+00  -2.93849274e+00 
 -5.96347912e-02  -5.11175969e+00  -1.92079956e+00 
 -7.37557311e-01  -4.76952696e+00   5.84592968e-01 
 -2.05945317e+00  -3.45839573e+00  -1.69525545e+00 
 -1.54090787e+00  -3.19700985e+00  -2.87967148e+00 
 -2.41749328e+00  -3.18297158e+00  -3.74980301e+00 
 -6.82975532e-01  -6.84597461e-01  -3.31959521e+00 
  5.53259851e-01   3.59959040e-02  -3.40595746e+00 
  6.17176618e-01   1.19560820e+00  -4.18144873e+00 
 -1.53421187e-01   2.28500925e+00  -3.68029956e+00 
  3.48193355e-01  -1.72316168e+00   1.08940529e+00 
  3.50287546e-01  -4.87986356e-01   2.57054047e-01 
  1.04995607e+00  -1.23765817e+00   2.07538991e+00 
  1.78176596e+00  -1.20517899e-02   1.88962854e-01 
  1.47469083e+00   1.40884659e+00   6.80728276e-01 
 -1.44480111e+00   1.63117536e+00  -3.71626063e+00 
 -7.59000079e-01   3.51742095e-01   2.43089273e-02 
  2.16042500e+00   2.09448111e+00  -1.45235730e+00 
  9.24653277e-01   1.82376659e+00  -6.63285989e-01 
  1.48729092e+00  -5.60948308e-01  -2.68241025e+00 
  1.03270739e+01  -4.98396168e+00  -8.08823469e-01 
  7.08289816e+00  -5.99458022e+00   9.52256521e-01 
  6.70702957e+00  -9.25910519e+00  -1.01779505e+00 
  7.09629927e+00  -7.25642134e+00  -4.20201744e+00 
  4.36154384e+00  -4.82605319e+00  -2.92884897e+00 
  2.08985087e+00  -7.79566244e+00  -2.38042555e+00 
  2.91810612e+00  -9.29831663e+00  -5.75106586e+00 
  1.90046697e+00  -5.88708244e+00  -7.31499738e+00 
 -1.24416042e+00  -5.88654745e+00  -5.30214228e+00 
 -2.02058473e+00  -9.49344364e+00  -6.39298850e+00 
 -1.26089072e+00  -8.71125224e+00  -1.00955793e+01 
 -3.75592180e+00  -5.77149685e+00  -9.80418082e+00 
 -6.74400435e+00  -7.78713484e+00  -8.54266000e+00 
 -9.17941825e+00  -6.42643552e+00  -1.26653383e+01 
  3.36563832e+00  -1.06066959e+01   9.11564095e+00 
  3.26013296e+00  -1.04222611e+01   5.35617900e+00 
 -2.19085783e-01  -1.13177512e+01   4.19181247e+00 
 -1.56336657e+00  -1.09752552e+01   7.46650444e-01 
 -4.21722913e+00  -8.57138166e+00  -3.32540209e+00 
 -6.43899727e+00  -5.74893951e+00  -4.20795858e+00 
 -6.27330258e+00  -4.03978346e+00  -8.36634344e-01 
 -6.10997797e+00  -3.76780680e-01   3.07405682e-02 
 -9.04491740e+00   2.10987489e+00   4.78333952e-01 
 -9.16997080e+00   4.75456319e+00   3.18899711e+00 
 -8.24533236e+00   7.35076975e+00   5.39862698e-01 
 -5.08903097e+00   5.41381097e+00  -2.46469516e-01 
 -4.08286309e+00   5.33846149e+00   3.39404034e+00 
 -4.58310430e+00   8.95995223e+00   4.30648218e+00 
 -3.85637769e+00   1.06292204e+01   1.02917288e+00 
 -2.96376197e+00   8.84324916e+00  -2.11061673e+00 
  3.21640301e-02   6.82974835e+00  -1.07204886e+00 
  1.63287615e+00   9.88771957e+00   5.36242972e-01 
  2.76005198e+00   9.45891558e+00  -4.84413506e+00 
  5.48805797e+00   8.76466155e+00  -2.29508513e+00 
  9.83527805e+00   8.77337730e+00  -5.05605959e+00 
  1.22302067e+01  -9.83351043e-02  -4.33898458e+00 
  1.35375700e+01   1.45880474e+00  -7.58864159e+00 
  1.18447247e+01   4.65140187e+00  -6.22453928e+00 
  8.42801816e+00   3.01996439e+00  -5.48140532e+00 
  8.76988747e+00   3.59024487e+00  -1.65246045e+00 
  1.00188468e+01   1.74505188e-01  -5.95822814e-01 
  7.38789461e+00  -7.50085766e-02   2.06687411e+00 
  9.42326917e+00   2.23198811e+00   4.40785057e+00 
  1.22507665e+01  -2.55228659e-01   4.45906106e+00 
  9.99715601e+00  -1.99798767e+00   7.01286210e+00 
  1.15600295e+01   4.40771588e-01   9.42696440e+00 
 -1.23792889e+00  -2.56081924e+00   8.19493633e+00 
 -4.63393839e+00  -4.17787690e+00   8.00168359e+00 
 -6.16663349e+00  -3.78315678e+00   4.56371828e+00 
 -9.47050802e+00  -4.36622746e+00   2.84344161e+00 
 -1.04691006e+01  -3.23629703e+00  -6.76713746e-01 
 -1.14788001e+01  -2.84809537e+00   6.62687579e+00 
 -8.89928537e+00  -3.95002428e-01   8.05504786e+00 
 -5.96013459e+00  -5.02076370e-01   1.04201554e+01 
 -3.06916901e+00   1.85583270e+00   9.71248345e+00 
  5.09135900e-01   7.60253507e+00   1.17065115e+01 
 -5.94601185e+00   5.07416389e+00   1.08218455e+01 
 -1.25482871e+01  -9.66864930e+00   8.68955543e+00 
 -9.75846085e+00  -8.71339219e+00   6.98496351e-01 
 -6.09318930e+00  -7.85130904e+00   8.04305397e-01 
 -3.34005032e+00  -6.41540395e+00   2.93573460e+00 
 -1.51224903e+00  -7.74485587e+00   6.07068110e+00 
  1.64360531e+00  -5.92160819e+00   7.12487682e+00 
  2.47345272e+00  -6.70280446e+00   1.07385115e+01 

   2.606970335326e+01 

