  1.21579884e+00   1.63536061e+00   2.37896988e+00 
  5.63674103e-01   1.00977017e+00   1.38197820e+00 
  1.74435865e+00   2.82615926e+00   4.60561827e+00 
  1.03883873e+00   1.06345903e-01   3.00381120e-01 
  9.67435194e-01  -1.61122365e+00  -1.20023471e+00 
 -1.84231681e-01   1.21127393e+00   4.39885712e+00 
  2.58390284e-01  -9.23768806e-01  -3.38033560e-01 
  2.34413959e+00  -1.21155424e+00  -1.09694538e+00 
  2.34532138e+00  -1.42865293e-01  -2.64391714e-01 
 -9.42212101e-01  -1.00260797e+00   5.70479131e-01 
 -1.02910416e-01  -6.87565088e-01   1.75466611e+00 
 -7.31233654e-01   6.79339864e-01   2.09418161e+00 
 -6.74335219e-01   3.42485950e+00   3.74400681e+00 
  6.67494090e-01   2.28122064e+00   3.79968150e+00 
 -1.68954480e+00   6.09457233e+00  -1.46603932e+01 
 -3.80233158e-01   7.80045874e+00  -1.15080288e+01 
  3.27453246e+00   7.06746657e+00  -1.05954427e+01 
  3.79168952e+00   8.09305298e+00  -7.00496124e+00 
  2.13246012e+00   8.74983713e+00  -3.68936626e+00 
  2.94144655e+00   5.88476263e+00  -1.32326296e+00 
  1.56117875e+00   7.31842281e+00   1.85514445e+00 
 -1.34507005e+00   8.41967218e+00   3.97137844e+00 
 -2.81085489e+00   6.77904182e+00   7.11511873e+00 
 -6.19998576e+00   6.59989735e+00   8.94397246e+00 
 -6.88267914e+00   6.67038897e+00   3.48129878e+00 
 -4.31650869e+00   7.54078569e+00   8.39431201e-01 
 -2.45882052e+00   5.17424748e+00  -1.43676550e+00 
 -8.00283188e-01   5.56610839e+00  -4.82562240e+00 
  1.43095696e+00   3.46512583e+00  -7.06358121e+00 
 -2.76728983e-01   3.36932938e+00  -1.05085408e+01 
  1.84584236e-01   1.49286949e+00  -1.37640226e+01 
  1.87930847e+00  -1.71332321e+00  -1.16550155e+01 
 -7.32057554e-01  -1.86053305e+00  -8.81657636e+00 
 -1.50290870e+00  -1.27243794e-01  -5.57110075e+00 
 -4.54957680e+00   2.10724045e+00  -5.38852186e+00 
 -6.19080233e+00   3.17901504e+00  -2.14042394e+00 
 -8.68009294e+00   6.06237876e+00  -1.91214987e+00 
 -3.66815784e+00  -1.59382688e+01   2.45498872e+00 
 -2.19835226e+00  -1.08813977e+01   3.49518096e+00 
 -1.95180134e+00  -8.40576474e+00   6.24262514e-01 
 -3.97871677e+00  -9.45182803e+00  -2.46611335e+00 
 -7.22093739e+00  -7.74223233e+00  -3.32774768e+00 
 -1.09220630e+01   3.09756884e+00  -5.23750600e+00 
 -9.47252670e+00  -1.80580848e-01  -3.83161994e+00 
 -7.02003328e+00  -1.91819636e+00  -6.23298479e+00 
 -4.37301294e+00  -4.19305152e+00  -4.75911831e+00 
 -1.16993035e+00  -5.96370897e+00  -5.79506998e+00 
  1.92401430e+00  -3.73540832e+00  -5.49156011e+00 
  4.52697050e+00  -5.08231889e+00  -3.07231375e+00 
  7.85758114e+00  -3.79974017e+00  -4.30900042e+00 
  9.80538040e+00  -3.59588675e+00  -1.05109636e+00 
  7.52785120e+00  -1.28817994e+00   7.39663148e-01 
  6.76337204e+00  -1.28066074e+00   4.54239118e+00 
  8.61450073e+00  -3.56744923e+00   6.87250191e+00 
  9.21012753e+00  -5.29442753e-01   9.07687358e+00 
  1.12506052e+01   1.19529816e+00   6.27705663e+00 
  1.27982922e+01  -1.96648393e+00   4.85470514e+00 
  1.41181983e+01  -3.16293607e+00   8.25119221e+00 
  2.31723943e+00  -2.00390004e+00   1.37625624e+01 
  5.41219910e+00  -2.56535938e+00   1.15222769e+01 
  4.23538244e+00   4.14847197e-01   9.44456029e+00 
  1.21145464e+00  -1.82094925e+00   8.48468739e+00 
  3.33701646e+00  -4.83532838e+00   7.39152685e+00 
  4.59329243e+00  -4.90187200e+00   3.73728522e+00 
  7.50754606e+00  -6.75754175e+00   2.15091894e+00 
  6.87063104e+00  -8.79928625e+00  -9.80059002e-01 
  2.16907727e+00  -9.51619682e+00   4.36005567e+00 
 -3.05181315e-01  -7.62626304e+00   6.53421692e+00 
 -8.83310213e-01  -4.80637879e+00   4.15183723e+00 
 -3.59239922e+00  -2.42518677e+00   5.49773802e+00 
 -7.10095840e+00  -3.08333228e+00   7.01238500e+00 
 -8.20766897e+00   5.23883199e-01   7.46560450e+00 

   1.737668811374e+01 

 -1.14149201e+00   2.87867607e+00  -1.02662676e-01 
 -6.05255824e-01   1.72701000e+00   3.40893334e-01 
 -1.44652538e+00   5.16656326e+00  -1.25499520e+00 
 -1.22490724e+00   4.40261562e-01   7.55763922e-01 
 -1.42124959e+00  -1.81587641e+00   1.03560582e+00 
  2.47690632e-01   3.48857161e+00  -2.08208409e+00 
 -6.04263655e-01  -8.57919953e-01   6.70086963e-01 
 -2.73037938e+00  -1.25979100e+00   1.24216788e+00 
 -2.56821973e+00   8.19966832e-02   1.14963083e+00 
  6.00938166e-01  -5.62762470e-01  -1.86306966e-01 
 -1.56100632e-01   4.62567701e-01  -9.48925165e-01 
  6.54948052e-01   1.69444101e+00  -4.98171660e-01 
  1.00432773e+00   4.87439634e+00  -3.28239677e-01 
 -4.73422965e-01   4.13524632e+00  -9.45829094e-01 
  1.83864020e+00  -3.37035168e+00   1.63513313e+01 
  8.53420104e-01  -4.52557031e-02   1.47592141e+01 
 -2.83851285e+00   3.18848179e-01   1.37771366e+01 
 -3.11527159e+00   3.23368360e+00   1.14026938e+01 
 -1.29122672e+00   5.42240092e+00   8.94099439e+00 
 -2.40066225e+00   4.50072104e+00   5.42229915e+00 
 -7.55355607e-01   7.28363158e+00   3.52199289e+00 
  2.32867473e+00   9.01009778e+00   2.23920624e+00 
  3.65569459e+00   9.24460608e+00  -1.35346966e+00 
  7.04268277e+00   9.70136421e+00  -3.13748090e+00 
  7.57384609e+00   6.61551310e+00   1.39100940e+00 
  5.06980834e+00   6.16763018e+00   4.19306254e+00 
  2.85490625e+00   3.18497709e+00   4.84924202e+00 
  1.16661769e+00   1.81417440e+00   7.95717360e+00 
 -1.38266647e+00  -8.83173161e-01   8.74868456e+00 
  1.99633050e-01  -3.10260398e+00   1.14622772e+01 
 -5.95075799e-01  -6.40544235e+00   1.31331387e+01 
 -2.63417386e+00  -7.64060311e+00   9.68116213e+00 
  1.47940555e-02  -6.49584313e+00   7.11793480e+00 
  1.09725144e+00  -3.35430072e+00   5.35991734e+00 
  4.41391338e+00  -1.79971141e+00   6.30407785e+00 
  6.27247770e+00   6.93391102e-01   4.13091686e+00 
  9.12292987e+00   2.87428184e+00   5.42749295e+00 
  1.40242849e+00  -1.20806891e+01  -1.02237906e+01 
  6.36617239e-01  -7.17337119e+00  -8.18760812e+00 
  6.34790746e-01  -6.72239894e+00  -4.41556092e+00 
  2.41920769e+00  -9.56132528e+00  -2.54221651e+00 
  5.83146741e+00  -9.04569587e+00  -1.03631235e+00 
  1.08628841e+01  -1.69469767e+00   6.41314921e+00 
  9.03745765e+00  -3.41295108e+00   3.49092969e+00 
  6.31180766e+00  -5.87668393e+00   4.63173775e+00 
  3.43280090e+00  -6.58639369e+00   2.27343425e+00 
 -2.36493138e-03  -8.21947276e+00   2.30274206e+00 
 -2.76847919e+00  -5.84020791e+00   3.45062980e+00 
 -5.45570514e+00  -5.26586479e+00   8.25509032e-01 
 -8.62363152e+00  -4.49439035e+00   2.73245528e+00 
 -1.04350462e+01  -2.26138948e+00   2.46111080e-01 
 -7.82551236e+00   3.49142831e-01  -6.19775254e-02 
 -6.95929512e+00   2.38980786e+00  -3.24483660e+00 
 -9.02689304e+00   2.05101669e+00  -6.35863439e+00 
 -9.15746398e+00   5.84794600e+00  -6.45759299e+00 
 -1.10332745e+01   5.94623855e+00  -3.07396644e+00 
 -1.30207980e+01   2.75179216e+00  -3.58440514e+00 
 -1.43891763e+01   3.83738076e+00  -6.99890725e+00 
 -2.38677102e+00   6.40852640e+00  -1.15058688e+01 
 -5.59073426e+00   5.07819603e+00  -9.80947828e+00 
 -4.09355542e+00   6.21002779e+00  -6.48369312e+00 
 -1.41638277e+00   3.46577567e+00  -7.08877052e+00 
 -3.94798994e+00   6.48123344e-01  -7.76055415e+00 
 -5.30509775e+00  -1.29671814e+00  -4.70899669e+00 
 -8.48072925e+00  -3.34348574e+00  -4.28585510e+00 
 -8.20517750e+00  -6.84829188e+00  -2.86535120e+00 
 -3.48851754e+00  -5.02876062e+00  -7.92280460e+00 
 -7.27808359e-01  -2.57017848e+00  -8.79150799e+00 
  1.46474306e-01  -1.66598507e+00  -5.27301787e+00 
  3.18071233e+00   7.02087711e-01  -5.19330870e+00 
  6.61451484e+00   5.75698501e-01  -6.99061512e+00 
  8.19585023e+00   3.64708156e+00  -5.40688312e+00 

   1.737668810799e+01 

 -2.58542221e+00  -2.26144489e+00  -5.26109204e-01 
 -1.66414281e+00  -1.31457936e+00  -2.70531900e-01 
 -3.76647680e+00  -4.54215407e+00  -7.68600208e-01 
 -1.79101915e+00   1.37003721e-01   2.71514437e-02 
 -1.28256962e+00   2.15181605e+00   9.70028314e-01 
 -1.90187116e+00  -4.19274455e+00   8.96116414e-01 
 -8.68683653e-01   9.17818160e-01   8.12925400e-01 
 -2.61381723e+00   2.26887726e+00   4.41069233e-01 
 -2.85725889e+00   1.08993417e+00  -1.80283214e-01 
 -1.74832155e-02  -1.57202514e-01   1.43969574e+00 
 -1.18123623e+00  -1.07728101e+00   1.51122984e+00 
 -6.66318046e-01  -2.13773195e+00   5.16848686e-01 
 -1.18864905e+00  -4.73277162e+00  -1.28761101e+00 
 -2.50091599e+00  -3.91130161e+00  -4.42245135e-01 
  5.62771855e+00   9.58555824e+00  -1.10550370e+01 
  3.42372805e+00   6.50272688e+00  -1.15026237e+01 
 -3.45509218e-01   7.04933103e+00  -1.10319984e+01 
 -1.94887378e+00   3.66944929e+00  -1.05667466e+01 
 -1.40756017e+00   8.53528141e-02  -9.54752162e+00 
 -2.97522718e+00  -4.68113285e-01  -6.12733833e+00 
 -2.64067647e+00  -4.19663338e+00  -5.90596549e+00 
 -5.29642771e-01  -7.29147722e+00  -5.58509160e+00 
 -1.61056979e-01  -9.67279743e+00  -2.59899688e+00 
  2.47457583e+00  -1.20961994e+01  -1.16945960e+00 
  4.84597726e+00  -7.63663844e+00  -3.36048609e+00 
  3.26056123e+00  -5.04552997e+00  -5.61767795e+00 
  2.17095884e+00  -1.55105247e+00  -4.70445541e+00 
  1.67319828e+00   1.63814685e+00  -6.69691536e+00 
  2.22123426e-01   5.08710562e+00  -6.06438904e+00 
  2.92674375e+00   7.60824251e+00  -7.12364600e+00 
  3.48004354e+00   1.13423721e+01  -6.83690931e+00 
  1.14660031e+00   1.14023124e+01  -3.35106180e+00 
  2.72657455e+00   8.31489733e+00  -1.65719267e+00 
  2.46741906e+00   4.56638221e+00  -1.77163992e+00 
  5.34273643e+00   2.59458208e+00  -3.23894714e+00 
  5.89608335e+00  -1.10776622e+00  -2.62341527e+00 
  8.24040034e+00  -3.24796849e+00  -4.74147672e+00 
  1.69279929e+00   3.99198541e+00   1.60655393e+01 
  6.57370833e-02   1.30067488e+00   1.17153913e+01 
  7.83714068e-01   2.74764874e+00   8.27700570e+00 
  3.66148457e+00   5.29154251e+00   8.26662628e+00 
  7.04166708e+00   4.38910722e+00   6.87482494e+00 
  1.13600816e+01   2.74859787e-01  -3.08866153e+00 
  9.47960419e+00   9.00747647e-01   2.12249482e-01 
  7.87698452e+00   4.39220025e+00   4.17086530e-01 
  4.85783128e+00   4.85261715e+00   2.65911552e+00 
  2.11192144e+00   7.39614128e+00   3.33633987e+00 
 -8.77264464e-01   7.01784988e+00   9.80157085e-01 
 -4.13516088e+00   6.25160650e+00   2.78051628e+00 
 -6.88114175e+00   7.67032634e+00   6.09295649e-01 
 -9.75256539e+00   5.32851675e+00   1.45798589e+00 
 -8.11267256e+00   2.15962466e+00   4.63832530e-01 
 -8.58614940e+00  -1.31157228e+00   2.12871821e+00 
 -1.11203432e+01  -1.79891898e+00   4.85375622e+00 
 -1.23231453e+01  -4.84785063e+00   2.93001133e+00 
 -1.33438517e+01  -2.63921029e+00  -7.95280661e-02 
 -1.44235431e+01   3.85336290e-01   1.94573048e+00 
 -1.67693461e+01  -1.63756471e+00   4.20733695e+00 
 -7.28830586e+00  -1.01198236e+01   7.23097723e+00 
 -9.52908703e+00  -7.10213202e+00   6.34478345e+00 
 -7.70117196e+00  -6.94738510e+00   2.99542362e+00 
 -4.57161253e+00  -5.98434080e+00   5.07933705e+00 
 -6.30060377e+00  -3.14658956e+00   7.01769805e+00 
 -6.34167855e+00   3.58883586e-01   5.39100841e+00 
 -8.64161156e+00   3.33121445e+00   5.96415685e+00 
 -7.08867846e+00   6.72777630e+00   6.61928081e+00 
 -4.32502627e+00   1.16948990e+00   1.01693644e+01 
 -2.62724492e+00  -2.19981771e+00   9.73798457e+00 
 -1.27433941e+00  -1.54899522e+00   6.31631995e+00 
  9.16671171e-01  -4.48801243e+00   5.14058210e+00 
  3.75563933e+00  -6.46629970e+00   6.89098989e+00 
  4.73089402e+00  -8.73343310e+00   4.00114459e+00 

   1.737668811158e+01 

  1.52939186e+00  -2.77126111e+00   7.26897029e-01 
  6.03581702e-01  -1.88161345e+00   3.24415876e-01 
  3.46988098e+00  -4.47123676e+00   7.28508308e-01 
 -1.23199017e-01  -8.08732658e-01   1.05414323e+00 
 -1.16043037e+00   1.19844863e+00   1.37414623e+00 
  3.28870066e+00  -2.67803356e+00  -1.03834103e+00 
 -6.36021872e-01   4.05756546e-01   4.71176762e-01 
 -8.95231454e-01   6.59149233e-01   2.67971990e+00 
 -3.54420635e-01  -5.63202754e-01   2.45921702e+00 
  2.04724887e-02   3.92319642e-01  -8.85992028e-01 
  1.23367586e+00  -2.54998544e-01  -3.24666664e-01 
  1.11462716e+00  -1.59842639e+00  -1.07266944e+00 
  2.04815193e+00  -4.63503762e+00  -1.48571507e+00 
  2.62634612e+00  -3.66275807e+00  -1.32259635e-01 
 -1.63136724e+01  -3.03959038e+00   1.19373033e+00 
 -1.34647751e+01  -5.51816229e+00   1.74347720e+00 
 -1.17281084e+01  -5.35070819e+00   5.16156984e+00 
 -8.45115936e+00  -7.19253787e+00   4.87849222e+00 
 -5.76200160e+00  -8.41225153e+00   2.54218395e+00 
 -2.67608334e+00  -6.23322989e+00   2.97864875e+00 
 -2.48454493e-01  -8.20241302e+00   9.07001210e-01 
  9.56002518e-01  -9.47047630e+00  -2.42147092e+00 
  4.06154471e+00  -8.44039717e+00  -4.42592023e+00 
  5.20337587e+00  -8.35688392e+00  -8.10725515e+00 
 -1.48272711e-01  -7.14712322e+00  -7.65098808e+00 
 -2.38453706e+00  -7.64395334e+00  -4.63858811e+00 
 -3.64115580e+00  -5.01452751e+00  -2.24284068e+00 
 -6.64830897e+00  -4.79617819e+00   5.89062762e-02 
 -7.86040393e+00  -2.46783404e+00   2.79946384e+00 
 -1.14445772e+01  -1.44962527e+00   1.84549204e+00 
 -1.40153169e+01   1.05219292e+00   3.05556002e+00 
 -1.09255853e+01   3.53677896e+00   4.42670854e+00 
 -8.68164885e+00   3.29227158e+00   1.29579959e+00 
 -6.14533145e+00   9.60508214e-01  -2.08056300e-01 
 -7.07815814e+00  -9.64353181e-01  -3.32786064e+00 
 -4.54806356e+00  -2.57348508e+00  -5.65203217e+00 
 -5.48504002e+00  -5.19025181e+00  -8.26680673e+00 
  4.83172367e+00   1.47227521e+01  -3.24119616e+00 
  4.90574925e+00   9.44666305e+00  -2.25545645e+00 
  1.63125132e+00   7.65932366e+00  -1.53796122e+00 
 -1.45085339e+00   9.55071774e+00  -2.83268150e+00 
 -3.29167555e+00   8.38565916e+00  -5.90369740e+00 
 -8.37801735e+00  -1.36440240e+00  -9.63360601e+00 
 -5.98781047e+00   1.36921516e+00  -8.35370006e+00 
 -7.39957184e+00   3.36059353e+00  -5.38016296e+00 
 -4.95461275e+00   4.99366352e+00  -2.99076638e+00 
 -4.91499073e+00   6.64350799e+00   4.36273477e-01 
 -4.56562010e+00   4.12476304e+00   3.29351031e+00 
 -1.44767480e+00   4.65120486e+00   5.40148616e+00 
 -2.29734448e+00   3.37062373e+00   8.85192540e+00 
  1.12859608e+00   2.26672285e+00   1.00741180e+01 
  1.85687776e+00  -1.58501970e-01   7.37090535e+00 
  5.33362999e+00  -9.39890177e-01   5.83895912e+00 
  8.44626593e+00   5.88654745e-01   7.27441163e+00 
  9.94124907e+00  -2.90538680e+00   7.25992566e+00 
  7.25261131e+00  -4.14716965e+00   9.75119653e+00 
  6.93889928e+00  -9.06864755e-01   1.17049822e+01 
  1.07089520e+01  -6.23986318e-01   1.23503144e+01 
  1.34467529e+01  -1.87294484e+00  -3.74677255e-01 
  1.20322116e+01  -1.11879973e+00   3.13861323e+00 
  9.12405208e+00  -3.43934406e+00   2.27775517e+00 
  8.16429858e+00  -7.73935863e-01  -3.75319378e-01 
  8.23907116e+00   2.19619463e+00   2.06848741e+00 
  5.01112173e+00   2.95597289e+00   4.05323349e+00 
  4.49153329e+00   4.83764010e+00   7.31548746e+00 
  1.87008544e+00   7.57466456e+00   7.43421331e+00 
  6.23590924e+00   7.52191897e+00   1.77098602e+00 
  7.39101183e+00   5.43525933e+00  -1.18407494e+00 
  4.34409034e+00   3.28216841e+00  -1.38944964e+00 
  4.54915257e+00   9.24810870e-01  -4.42613495e+00 
  5.48223064e+00   1.55417299e+00  -8.13700376e+00 
  4.85079433e+00  -1.94411070e+00  -9.48069751e+00 

   1.737668808039e+01 

 -6.92384170e-01   3.19879584e+00   2.99756180e-01 
  9.21524028e-02   2.22369323e+00  -1.94516848e-01 
 -1.69478638e+00   5.51464392e+00   8.35832453e-01 
  3.59315865e-01   8.36022690e-01   2.68950148e-01 
  1.55013831e+00  -1.07567273e+00   6.35526367e-01 
  7.44514124e-01   5.23663802e+00   2.50492485e-01 
  1.57299293e+00   9.25149394e-02   4.09168739e-02 
  3.77785750e-01  -1.15566764e+00   1.46311990e+00 
 -3.46545504e-01  -5.01154677e-02   1.16588589e+00 
  2.49856236e+00   1.16939783e+00  -4.65727054e-01 
  1.85146199e+00   2.17842849e+00   4.11262815e-01 
  1.24825895e+00   3.06061078e+00  -7.00668028e-01 
 -7.00212033e-01   5.43746200e+00  -1.60461192e+00 
 -6.79702248e-01   4.83437553e+00   5.29094280e-02 
 -4.08849965e+00  -1.04920426e+01  -1.06406648e+01 
 -5.88116562e+00  -7.32992394e+00  -9.47915254e+00 
 -7.55721136e+00  -7.51867008e+00  -6.03202887e+00 
 -8.27808585e+00  -3.99314064e+00  -4.90872268e+00 
 -7.35815873e+00  -3.61232690e-01  -5.28364341e+00 
 -5.43453666e+00   7.42754752e-01  -2.19455767e+00 
 -5.29952792e+00   4.43193568e+00  -2.85372935e+00 
 -4.05242982e+00   7.36962068e+00  -4.84175041e+00 
 -1.52445598e+00   1.00758876e+01  -3.83737693e+00 
  9.75179558e-01   1.24501117e+01  -5.56303583e+00 
  7.62998222e-01   7.57783005e+00  -8.11796817e+00 
 -1.82622616e+00   4.85110923e+00  -7.68992613e+00 
 -1.45721322e+00   1.59623141e+00  -5.81851443e+00 
 -3.18357425e+00  -1.77242886e+00  -6.06439337e+00 
 -3.25124870e+00  -4.99003283e+00  -4.05355506e+00 
 -2.46267229e+00  -7.82727671e+00  -6.52768650e+00 
 -1.68192126e+00  -1.15260822e+01  -6.32434129e+00 
 -9.19896367e-02  -1.09610020e+01  -2.48344409e+00 
  1.99652860e+00  -7.81479141e+00  -3.28162416e+00 
  1.52141815e+00  -4.10260840e+00  -3.63601991e+00 
  1.78442486e+00  -2.56220852e+00  -7.08078824e+00 
  2.36935428e+00   1.13431839e+00  -7.70207635e+00 
  1.78707250e+00   2.79953194e+00  -1.10859332e+01 
  1.58229307e+01  -1.20437649e+00   6.66747065e+00 
  1.11450208e+01   1.02921127e+00   5.27372954e+00 
  8.78914118e+00  -8.94836916e-01   2.99785823e+00 
  1.05441009e+01  -3.63449241e+00   9.56419217e-01 
  1.12182381e+01  -3.18100542e+00  -2.72013142e+00 
  5.11557173e+00  -7.15177884e-01  -1.22869468e+01 
  6.84037991e+00  -7.68342230e-01  -8.84512212e+00 
  6.33681518e+00  -4.07066702e+00  -6.93680730e+00 
  6.54000363e+00  -4.00680869e+00  -3.15413632e+00 
  5.73089467e+00  -6.22313203e+00  -1.70610760e-01 
  2.09064737e+00  -5.91749280e+00   9.63019445e-01 
  1.71789732e+00  -4.67839153e+00   4.53625322e+00 
 -1.52057842e+00  -6.14500032e+00   5.81246221e+00 
 -2.56515539e+00  -3.49896710e+00   8.33372943e+00 
 -2.67407625e+00  -6.18952215e-01   6.00711840e+00 
 -1.77785029e+00   3.06207081e+00   6.83903245e+00 
 -9.64175952e-01   4.08703968e+00   1.03565386e+01 
 -3.41913470e+00   6.95023289e+00   9.88876272e+00 
 -6.34073803e+00   4.46223033e+00   9.38742636e+00 
 -5.07501239e+00   1.81280790e+00   1.17944548e+01 
 -4.63675157e+00   4.28262333e+00   1.46957864e+01 
  2.61553470e+00   1.23209299e+01   7.36290002e+00 
  8.23200056e-01   9.39763035e+00   9.13906312e+00 
 -9.21874577e-01   8.67677491e+00   5.81964718e+00 
  2.60795185e+00   7.74738576e+00   4.50023674e+00 
  3.42819622e+00   5.32189125e+00   7.37141603e+00 
  2.27905656e+00   1.65167854e+00   6.99040562e+00 
  1.65925122e+00  -1.03644462e+00   9.60627611e+00 
  3.28075435e+00  -4.43196607e+00   9.13873849e+00 
  7.41021474e+00   1.30214122e+00   8.04193119e+00 
  7.78691138e+00   4.44748138e+00   5.94772089e+00 
  5.74853089e+00   3.26366433e+00   3.04853274e+00 
  5.81079665e+00   5.85058651e+00   1.98150172e-01 
  8.71742586e+00   7.80975678e+00  -1.46029631e+00 
  6.72530387e+00   9.60826259e+00  -4.15084385e+00 

   1.737668811405e+01 

 -2.12873570e+00  -2.95567056e+00  -7.11974146e-01 
 -1.54085423e+00  -2.13166253e+00   1.74610849e-01 
 -3.29220938e+00  -4.99798961e+00  -1.77527288e+00 
 -6.06705800e-01  -9.88196645e-01  -3.31742322e-03 
  1.10811281e+00   4.34340089e-01   4.89436089e-01 
 -1.79717543e+00  -5.23502569e+00   2.44328684e-01 
  3.75984593e-01  -5.48418747e-01   9.55186149e-01 
  7.92721224e-01   6.34646901e-01  -8.98412874e-01 
 -2.76564228e-01  -1.60944808e-01  -1.14113723e+00 
  3.78635595e-01  -1.69404250e+00   1.93527789e+00 
  1.11524788e-01  -2.66584676e+00   8.44294697e-01 
 -1.29219575e+00  -3.10982117e+00   1.30358399e+00 
 -4.03441297e+00  -4.66454564e+00   7.32487531e-01 
 -2.81133873e+00  -4.45017783e+00  -5.20365861e-01 
 -6.70219603e+00   1.31366179e+01   5.51595923e+00 
 -8.33521532e+00   1.03656704e+01   3.46246031e+00 
 -7.38385511e+00   1.02448925e+01  -2.53416855e-01 
 -8.38749770e+00   6.86544771e+00  -1.58866763e+00 
 -9.15473208e+00   3.28259544e+00  -7.21425611e-01 
 -6.25326950e+00   1.09845572e+00  -1.84952329e+00 
 -7.77849824e+00  -2.27810856e+00  -1.27049001e+00 
 -9.06150619e+00  -4.94932302e+00   1.04380775e+00 
 -7.52326972e+00  -8.36011415e+00   1.89447145e+00 
 -7.55676820e+00  -1.08747570e+01   4.81653601e+00 
 -7.65126532e+00  -5.68446543e+00   6.65059669e+00 
 -8.35527060e+00  -2.54074732e+00   4.66471712e+00 
 -5.87269561e+00   4.17401004e-02   3.48143259e+00 
 -6.15196441e+00   3.71297743e+00   2.56891768e+00 
 -3.91181870e+00   6.34238895e+00   9.97623531e-01 
 -3.90922510e+00   9.33989697e+00   3.40761691e+00 
 -1.99775591e+00   1.25878437e+01   3.76707311e+00 
  1.29897001e+00   1.08388962e+01   1.85070540e+00 
  1.27775473e+00   7.50522751e+00   3.79591576e+00 
 -5.09637353e-01   4.19847121e+00   3.74880263e+00 
 -2.92614542e+00   3.40411094e+00   6.54843006e+00 
 -4.10628365e+00  -1.02241598e-01   7.38820147e+00 
 -7.13665455e+00  -8.11404058e-01   9.59646142e+00 
  1.51143934e+01  -4.36001025e+00   5.06675592e+00 
  1.01531572e+01  -4.97941700e+00   3.11310667e+00 
  7.70632550e+00  -2.08257555e+00   3.34341750e+00 
  8.63683584e+00   4.84890717e-01   6.04440490e+00 
  6.73566139e+00   6.60033855e-01   9.28970888e+00 
 -4.30332196e+00   1.90845713e+00   1.26704028e+01 
 -9.47463264e-01   7.92583771e-01   1.11482395e+01 
  9.43993778e-01   3.63484076e+00   9.37495008e+00 
  3.37115775e+00   2.72516893e+00   6.61173905e+00 
  5.33695937e+00   4.39399824e+00   3.81552672e+00 
  3.30032016e+00   4.79598485e+00   6.02981987e-01 
  4.79556502e+00   2.96856924e+00  -2.37478681e+00 
  3.72222548e+00   4.91019255e+00  -5.43181391e+00 
  3.62700184e+00   2.14853058e+00  -8.04209728e+00 
  1.17912689e+00  -5.06714570e-02  -6.34183750e+00 
  1.11290178e+00  -3.92826705e+00  -6.41328433e+00 
  3.50075508e+00  -5.84478988e+00  -8.58366996e+00 
  4.97649533e-01  -7.82106186e+00  -9.81623643e+00 
 -1.09062851e+00  -4.62178446e+00  -1.13059516e+01 
  2.16409324e+00  -2.95247040e+00  -1.23235276e+01 
  3.42787491e+00  -6.00657467e+00  -1.42690582e+01 
  1.53447994e+00  -1.38969706e+01  -4.01537948e+00 
  2.29059453e+00  -1.10554560e+01  -6.51877445e+00 
 -7.49115088e-01  -9.22985934e+00  -5.10074915e+00 
  1.30136685e+00  -8.97592164e+00  -1.81512380e+00 
  4.44311113e+00  -7.50202506e+00  -3.47541365e+00 
  4.59773866e+00  -3.66512733e+00  -3.91182972e+00 
  6.63255478e+00  -1.52192737e+00  -6.30330610e+00 
  8.64170155e+00   1.36663859e+00  -4.89017446e+00 
  9.05379868e+00  -4.86705833e+00  -1.41071899e+00 
  7.00970644e+00  -7.48960184e+00   4.23603720e-01 
  4.16746746e+00  -5.24087496e+00   1.33278664e+00 
  1.62137345e+00  -7.09678914e+00   3.54495932e+00 
  2.05971220e+00  -9.33787594e+00   6.67907382e+00 
 -1.60965413e+00  -9.95903972e+00   7.44857262e+00 

   1.737668810674e+01 

  3.97264458e+00  -1.81668892e+00  -1.09081840e+00 
  2.94040776e+00  -1.04315504e+00  -1.47391237e+00 
  5.71119943e+00  -3.71932874e+00  -9.77995079e-01 
  2.11072734e+00  -5.79811821e-02  -7.30359866e-01 
  2.46013694e-01   1.12337161e+00  -1.52203809e-01 
  3.43906154e+00  -4.06884725e+00  -2.01978374e+00 
  7.41753739e-01   2.82165625e-01  -1.02705223e+00 
  1.19135640e+00   1.29709108e+00   9.16379093e-01 
  2.31259858e+00   6.54062490e-01   5.10694756e-01 
  3.64727454e-01  -8.00763297e-01  -2.00590849e+00 
  1.23828482e+00  -1.77724723e+00  -1.30635875e+00 
  2.26044413e+00  -1.98883783e+00  -2.44166027e+00 
  5.06121658e+00  -3.15549513e+00  -3.47008622e+00 
  4.61457680e+00  -3.18458551e+00  -1.76386893e+00 
  3.16631880e+00   1.50628127e+01  -6.84388119e+00 
  5.87755466e+00   1.24584577e+01  -6.18944111e+00 
  6.93062513e+00   1.20134187e+01  -2.52605484e+00 
  8.80268075e+00   8.75261176e+00  -2.25516584e+00 
  9.39007271e+00   5.36760059e+00  -3.79602821e+00 
  7.67966408e+00   2.73101102e+00  -1.65489335e+00 
  9.04227668e+00  -3.54588451e-01  -3.29353710e+00 
  9.25729060e+00  -2.69086509e+00  -6.23174316e+00 
  7.85300361e+00  -6.24162939e+00  -6.61035819e+00 
  6.67363224e+00  -8.57405637e+00  -9.44441605e+00 
  5.31368715e+00  -3.33924328e+00  -1.04735468e+01 
  6.59545077e+00  -2.30846812e-01  -8.73651990e+00 
  4.79197462e+00   1.90055574e+00  -6.19936029e+00 
  5.11826549e+00   5.52264735e+00  -5.12110346e+00 
  3.71265135e+00   7.71605717e+00  -2.36171440e+00 
  2.20230790e+00   1.07991274e+01  -4.09569032e+00 
  5.10043610e-02   1.37488812e+01  -3.09422703e+00 
 -1.64885805e+00   1.14451102e+01  -2.78291632e-02 
 -2.26745025e+00   8.25232895e+00  -2.10656264e+00 
 -3.73176222e-01   5.24219962e+00  -3.32413247e+00 
  3.84441567e-01   4.94960959e+00  -7.01856606e+00 
  1.33293889e+00   1.69878686e+00  -8.72881658e+00 
  2.90571381e+00   1.54972226e+00  -1.22025227e+01 
 -1.36051131e+01  -5.41777549e+00   2.18728328e+00 
 -8.29876605e+00  -5.40763556e+00   1.37682193e+00 
 -6.60207228e+00  -2.17816721e+00   3.16876317e-01 
 -9.01258169e+00   3.59854953e-01  -1.26456509e+00 
 -9.01891019e+00   9.72855077e-01  -4.97957879e+00 
 -1.34310631e+00   3.98070797e+00  -1.31576992e+01 
 -3.35490787e+00   2.31377917e+00  -1.03296347e+01 
 -4.38108174e+00   4.75796729e+00  -7.54153432e+00 
 -4.99416159e+00   3.36708760e+00  -4.07115251e+00 
 -5.45412350e+00   4.58939372e+00  -4.98678010e-01 
 -2.13604829e+00   5.12038256e+00   1.32844023e+00 
 -1.74778314e+00   2.94723546e+00   4.42181961e+00 
  5.08756295e-01   4.86744741e+00   6.76450858e+00 
  2.17516569e+00   2.02076902e+00   8.65366797e+00 
  3.65149506e+00   2.89136805e-01   5.73110579e+00 
  4.13539984e+00  -3.53631311e+00   5.31038999e+00 
  3.36112002e+00  -5.88644412e+00   8.13224250e+00 
  6.75969581e+00  -7.46511689e+00   7.49900713e+00 
  8.54806874e+00  -4.14832420e+00   8.38097600e+00 
  6.08980440e+00  -3.02304507e+00   1.10466785e+01 
  6.28446025e+00  -6.32257741e+00   1.29921814e+01 
  3.57895222e+00  -1.33266835e+01   2.28685678e+00 
  3.89446507e+00  -1.07551291e+01   5.15050107e+00 
  5.61488765e+00  -8.43810374e+00   2.64950535e+00 
  2.18217149e+00  -8.31929349e+00   8.42124088e-01 
  1.62320365e-01  -7.40312638e+00   3.98542396e+00 
 -1.39421947e-01  -3.65635689e+00   4.88365679e+00 
 -9.09077619e-01  -1.95492841e+00   8.19510881e+00 
 -3.63526616e+00   6.78693445e-01   8.29186397e+00 
 -5.10147372e+00  -5.36515494e+00   4.76233881e+00 
 -3.99674091e+00  -7.56698881e+00   1.87230852e+00 
 -2.23425723e+00  -4.88622945e+00  -4.31262183e-02 
 -9.64201740e-01  -6.23856225e+00  -3.41638564e+00 
 -2.68302097e+00  -8.35853224e+00  -6.17114041e+00 
  1.50183855e-01  -8.40040788e+00  -8.70361276e+00 

   1.737668811377e+01 

  1.01125605e+00  -2.87549321e+00   1.59231907e+00 
  1.61722265e+00  -2.21431981e+00   5.89182599e-01 
  8.42588773e-02  -3.50657932e+00   3.91562422e+00 
  1.45499164e+00  -2.28866107e+00  -8.87286854e-01 
  1.39482070e+00  -1.54913216e+00  -3.04517746e+00 
  4.18838907e-01  -1.09828391e+00   3.23867057e+00 
  1.69896451e+00  -1.21279931e+00  -1.81508731e+00 
  7.55261914e-01  -2.83619682e+00  -3.03293263e+00 
  8.76700018e-01  -3.28436967e+00  -1.76028059e+00 
  1.83007168e+00  -3.33172350e-02  -8.85207362e-01 
  8.30070717e-01  -6.18185194e-01   4.42658052e-02 
  1.77496225e+00  -8.55970704e-01   1.23972709e+00 
  2.33915758e+00  -2.15482559e+00   4.11335459e+00 
  8.73709312e-01  -2.51989875e+00   3.20193038e+00 
  1.51232574e+01  -6.89422549e+00  -8.57462133e+00 
  1.34937862e+01  -8.23750024e+00  -5.39622665e+00 
  1.04096556e+01  -1.04646885e+01  -5.90138699e+00 
  8.60450686e+00  -1.06960774e+01  -2.60006428e+00 
  8.02410982e+00  -9.07108328e+00   7.46593773e-01 
  4.55532090e+00  -7.51270039e+00   7.69115538e-01 
  4.33112930e+00  -6.59065821e+00   4.39711320e+00 
  5.42830985e+00  -4.51109798e+00   7.33123978e+00 
  3.53341694e+00  -1.72696211e+00   9.17006192e+00 
  4.35497331e+00   1.41853959e+00   1.12422301e+01 
  7.96392900e+00   7.32934705e-01   7.14135052e+00 
  8.48729070e+00  -2.35056606e+00   5.01052321e+00 
  7.38027463e+00  -2.90389139e+00   1.44668701e+00 
  8.59739940e+00  -5.15906915e+00  -1.34999517e+00 
  7.39988900e+00  -6.15155568e+00  -4.81149271e+00 
  1.03440859e+01  -5.50445318e+00  -7.20023608e+00 
  1.09002292e+01  -5.46591170e+00  -1.09447391e+01 
  6.86890556e+00  -4.45450302e+00  -1.15149775e+01 
  6.66747461e+00  -1.71743138e+00  -8.80103100e+00 
  6.21727672e+00  -1.43248163e+00  -5.07977388e+00 
  9.16025921e+00  -3.24564329e-01  -2.97744028e+00 
  8.84348048e+00   1.02847166e+00   5.52630177e-01 
  1.18010916e+01   1.33052021e+00   2.94507213e+00 
 -6.12507856e+00   1.12597034e+01  -7.46087276e+00 
 -4.72548996e+00   7.37084620e+00  -4.03564124e+00 
 -1.80228040e+00   5.10785447e+00  -4.91053250e+00 
  5.84967825e-01   6.63788099e+00  -7.50150412e+00 
  3.95104405e+00   7.98123901e+00  -6.48069269e+00 
  1.33640415e+01   4.10299077e+00  -8.94865380e-01 
  9.84345245e+00   5.19650397e+00  -2.00555353e+00 
  8.81698713e+00   3.78296198e+00  -5.43321454e+00 
  5.12405780e+00   3.36776771e+00  -6.17067636e+00 
  2.84727170e+00   1.68180568e+00  -8.70877571e+00 
  2.12173028e+00  -1.97528003e+00  -7.85481615e+00 
 -1.56843472e+00  -2.69647081e+00  -7.30265646e+00 
 -2.07445642e+00  -6.31571745e+00  -8.25783798e+00 
 -4.98950373e+00  -7.25398258e+00  -6.00582136e+00 
 -3.38837426e+00  -6.44295960e+00  -2.76574503e+00 
 -5.14286811e+00  -5.03087775e+00   3.92262006e-01 
 -8.87340075e+00  -4.63308740e+00   4.94074240e-01 
 -8.78071423e+00  -6.40458407e+00   3.85513371e+00 
 -7.37417051e+00  -9.61265036e+00   2.20977462e+00 
 -9.24541389e+00  -9.27356329e+00  -1.07637125e+00 
 -1.26662338e+01  -8.87054085e+00   6.10445248e-01 
 -8.29897004e+00   8.52002863e-01   8.18543058e+00 
 -9.12898621e+00  -1.71817972e+00   5.42533395e+00 
 -5.54698349e+00  -2.99471600e+00   5.77626416e+00 
 -4.48586050e+00   4.70634451e-01   4.38714698e+00 
 -6.80292919e+00   3.43018412e-01   1.31885723e+00 
 -5.45591926e+00  -1.38645131e+00  -1.86401111e+00 
 -7.29241522e+00  -2.91566789e+00  -4.82065152e+00 
 -6.25917478e+00  -1.89585096e+00  -8.32348145e+00 
 -7.01100370e+00   3.34651872e+00  -3.51851222e+00 
 -5.75372182e+00   4.63876626e+00  -1.76339231e-01 
 -2.43623058e+00   2.92311743e+00  -2.88190791e-01 
 -2.82740423e-01   3.93214407e+00   2.73919580e+00 
  5.19786119e-01   7.38406707e+00   4.31319234e+00 
  2.94738538e+00   6.23058011e+00   6.99990945e+00 

   1.737668811430e+01 

  2.25523967e+00  -1.98609055e+00   1.45118782e+00 
  1.64971492e+00  -8.62073986e-01   1.02627308e+00 
  2.82669749e+00  -4.46854689e+00   1.85885118e+00 
  1.66095899e+00   5.29149556e-01   1.55179766e+00 
  8.59421800e-01   2.60956510e+00   2.03803762e+00 
  4.63523106e-01  -3.71965842e+00   1.38484895e+00 
  5.99836157e-01   1.49314686e+00   1.40166030e+00 
  2.05315742e+00   2.43517706e+00   2.81925657e+00 
  2.54887119e+00   1.22924573e+00   2.45149186e+00 
 -5.26279908e-01   6.29010277e-01   8.93555040e-01 
 -4.92483623e-02  -5.19917089e-01   1.70497540e+00 
  3.41867921e-01  -1.44809904e+00   5.37072255e-01 
  1.78292359e+00  -4.10119065e+00  -5.34159872e-01 
  1.93031525e+00  -3.57868953e+00   1.14416428e+00 
  7.77150948e+00   1.13142289e+01  -9.10048035e+00 
  8.98247359e+00   7.82738640e+00  -8.13236075e+00 
  1.07785104e+01   7.55082174e+00  -4.75224528e+00 
  1.08681228e+01   3.90657848e+00  -3.79187911e+00 
  9.27669125e+00   5.26942703e-01  -4.26410314e+00 
  7.28551095e+00  -3.38972081e-01  -1.14209313e+00 
  6.44471127e+00  -3.90704722e+00  -1.93246254e+00 
  4.60728152e+00  -6.47325823e+00  -3.97596001e+00 
  1.65500514e+00  -8.70851857e+00  -2.97048945e+00 
 -1.29882414e+00  -1.05020628e+01  -4.67961264e+00 
 -2.69482563e-01  -5.64423554e+00  -7.05738620e+00 
  2.79456698e+00  -3.46364351e+00  -6.63439500e+00 
  3.10011352e+00  -2.82703160e-01  -4.62919126e+00 
  5.41375651e+00   2.71719923e+00  -4.81972264e+00 
  6.14584418e+00   5.77480879e+00  -2.69461240e+00 
  5.81662591e+00   8.81559225e+00  -5.02664570e+00 
  5.74473765e+00   1.25822428e+01  -4.65347558e+00 
  4.20657750e+00   1.21505895e+01  -7.74374997e-01 
  1.54382560e+00   9.48215403e+00  -1.60313581e+00 
  1.30804825e+00   5.76544282e+00  -2.11508630e+00 
  6.48247815e-01   4.45412747e+00  -5.60128033e+00 
 -6.34465942e-01   9.60160990e-01  -6.33564633e+00 
 -4.85391191e-01  -6.32332686e-01  -9.80035558e+00 
 -1.29308688e+01   5.10170678e+00   8.65095490e+00 
 -8.79924493e+00   2.10746633e+00   6.98407633e+00 
 -6.20391115e+00   3.66278280e+00   4.68691466e+00 
 -7.48580564e+00   6.76685675e+00   2.82290406e+00 
 -8.35489245e+00   6.60882592e+00  -8.37266997e-01 
 -3.14024788e+00   3.48577067e+00  -1.07317511e+01 
 -4.70917919e+00   3.70369232e+00  -7.22249122e+00 
 -3.53671931e+00   6.76861414e+00  -5.21446199e+00 
 -3.62183914e+00   6.57583939e+00  -1.43166469e+00 
 -2.31544892e+00   8.47049102e+00   1.59683498e+00 
  1.24020085e+00   7.44865271e+00   2.56798813e+00 
  1.49504700e+00   6.00501249e+00   6.07416375e+00 
  4.99057548e+00   6.79103670e+00   7.27033235e+00 
  5.60832259e+00   3.88867673e+00   9.64606794e+00 
  5.10189937e+00   1.14393489e+00   7.21103384e+00 
  3.56489699e+00  -2.34175609e+00   7.94098042e+00 
  2.69266788e+00  -3.35382178e+00   1.14481754e+01 
  4.55519990e+00  -6.59717086e+00   1.07735082e+01 
  7.87020669e+00  -4.67110688e+00   1.02460051e+01 
  7.20046100e+00  -1.94293199e+00   1.28001754e+01 
  6.40755430e+00  -4.41556346e+00   1.56227946e+01 
 -2.45405249e+00  -1.06451966e+01   8.29853315e+00 
 -9.09565281e-02  -8.18430858e+00   1.01075962e+01 
  1.64593503e+00  -7.65142759e+00   6.74862660e+00 
 -1.69146597e+00  -6.02930941e+00   5.61074004e+00 
 -1.94990953e+00  -3.62373315e+00   8.60170956e+00 
 -1.51508758e-01  -2.15286494e-01   8.31119457e+00 
  1.04447237e+00   2.19380436e+00   1.09979867e+01 
  6.81718049e-02   5.84749407e+00   1.07244691e+01 
 -5.09008508e+00   1.02789266e+00   9.58462783e+00 
 -6.11496950e+00  -1.89806608e+00   7.39164662e+00 
 -3.98991102e+00  -9.83353851e-01   4.45751363e+00 
 -4.62740494e+00  -3.38554196e+00   1.51747762e+00 
 -7.90144729e+00  -4.69947176e+00  -9.23421060e-02 
 -6.36958330e+00  -6.71362829e+00  -2.92761799e+00 

   1.737668810433e+01 

 -1.60947889e+00  -1.71928876e+00   1.66256383e+00 
 -6.94199591e-01  -9.04258036e-01   1.10703040e+00 
 -3.23622494e+00  -2.80756258e+00   3.34324740e+00 
  2.34030126e-01  -1.09196775e+00  -3.96878456e-02 
  2.13949338e+00  -8.61955617e-01  -1.27391542e+00 
 -1.19908761e+00  -1.53327998e+00   4.11549723e+00 
  1.50909519e+00  -4.40178212e-01  -2.04595459e-01 
  1.41390529e+00  -1.96667382e+00  -1.83857534e+00 
  2.54940977e-01  -2.02855082e+00  -1.13984700e+00 
  1.72165067e+00   1.61873212e-01   1.16120075e+00 
  1.02919500e+00  -9.83281471e-01   1.80549660e+00 
 -1.86480256e-01  -2.07372942e-01   2.35192941e+00 
 -3.09742302e+00  -1.97645464e-01   3.68961097e+00 
 -2.32860944e+00  -1.69142100e+00   3.15195616e+00 
 -2.43159684e+00   9.50414993e+00  -1.21947095e+01 
 -4.88668930e+00   7.49102896e+00  -1.00777257e+01 
 -5.19781149e+00   3.76707974e+00  -1.09511219e+01 
 -6.88464899e+00   2.04298883e+00  -8.05406768e+00 
 -7.65831249e+00   2.18921595e+00  -4.37199642e+00 
 -5.48875472e+00  -3.54724651e-01  -2.56010584e+00 
 -7.05044353e+00  -1.64709895e-01   8.43981952e-01 
 -7.76022379e+00   1.69717201e+00   4.03256841e+00 
 -6.35103021e+00   1.09944074e+00   7.55111781e+00 
 -5.67334301e+00   3.13417805e+00   1.07548035e+01 
 -4.69386152e+00   6.13314268e+00   6.24274688e+00 
 -5.70710305e+00   5.35344174e+00   2.68076455e+00 
 -3.51103385e+00   4.09488948e+00  -1.16717924e-01 
 -3.72988199e+00   4.28015008e+00  -3.89910248e+00 
 -1.88285108e+00   2.76212339e+00  -6.84615156e+00 
 -8.28392211e-01   5.70184501e+00  -9.09098688e+00 
  1.38755925e+00   6.20265508e+00  -1.21193251e+01 
  3.71583161e+00   2.91950270e+00  -1.09362153e+01 
  4.01513994e+00   3.85749327e+00  -7.20416096e+00 
  2.01125134e+00   3.58408264e+00  -4.03535893e+00 
  5.62534822e-01   6.73698699e+00  -2.52908937e+00 
 -6.01989498e-01   7.01571723e+00   1.07072256e+00 
 -2.81168320e+00   9.85842239e+00   2.33514217e+00 
  1.63692742e+01  -2.59699266e+00   4.60966346e+00 
  1.10084382e+01  -2.86538269e+00   4.67026937e+00 
  9.04383069e+00  -1.11042682e+00   1.93308687e+00 
  1.10267150e+01   1.67503084e+00   1.83096788e-01 
  1.02963585e+01   5.30326694e+00   8.75641087e-01 
  1.09826694e+00   1.23836314e+01   5.43457831e-01 
  3.66748506e+00   9.59747094e+00   1.22196773e+00 
  5.14052580e+00   8.06611437e+00  -1.98516345e+00 
  6.45407457e+00   4.51543067e+00  -1.83956724e+00 
  7.55974317e+00   1.73583288e+00  -4.18892976e+00 
  4.64336233e+00  -3.99255476e-01  -5.44035014e+00 
  4.92520115e+00  -4.06286631e+00  -4.47038264e+00 
  3.10836114e+00  -5.99322023e+00  -7.16114508e+00 
  1.92385340e+00  -9.02470364e+00  -5.19735533e+00 
 -3.77686892e-02  -7.21209967e+00  -2.63103985e+00 
 -4.80280099e-01  -8.22712772e+00   1.08636951e+00 
  8.94380205e-01  -1.14786602e+01   2.36046630e+00 
 -2.51417939e+00  -1.20880681e+01   3.92694478e+00 
 -4.19576599e+00  -1.21070574e+01   4.41379037e-01 
 -1.30287913e+00  -1.37026512e+01  -1.42960281e+00 
 -1.01975299e+00  -1.66587779e+01   9.97523174e-01 
 -2.29042470e-01  -8.68998099e+00   1.13345591e+01 
 -6.09296292e-02  -1.05044699e+01   7.92981738e+00 
 -2.30042344e+00  -7.74080408e+00   6.54047918e+00 
  7.12937436e-01  -5.37950047e+00   7.17936948e+00 
  3.27443736e+00  -7.57003121e+00   5.32470252e+00 
  3.63297832e+00  -7.05609648e+00   1.51111220e+00 
  4.97767846e+00  -9.37224145e+00  -1.18707194e+00 
  7.59182974e+00  -8.03721783e+00  -3.58735433e+00 
  8.52634280e+00  -6.57798439e+00   3.35042193e+00 
  6.94936626e+00  -4.88498545e+00   6.36168080e+00 
  4.77107507e+00  -2.54352085e+00   4.42924676e+00 
  2.91334360e+00  -1.46986096e-01   6.80120355e+00 
  4.12909257e+00   1.99094354e+00   9.79928604e+00 
  8.62158104e-01   3.76289161e+00   1.05927328e+01 

   1.737668811629e+01 

