  2.73199783e+00   1.60014000e+00   2.07842192e+00 
  3.39031741e+00   2.47684489e+00   2.86023661e+00 
  4.37194351e+00   3.32553589e+00   2.29764824e+00 
  4.99639080e+00   2.92096071e+00   1.15946211e+00 
  4.74252248e+00   1.65997400e+00   7.79009574e-01 
  3.55957116e+00   9.91266023e-01   1.14351058e+00 
  1.32020425e+00   1.43675198e+00   1.85743072e+00 
  7.47434626e-01   2.29090843e+00   1.16367741e+00 
  8.93944459e-01   7.84038704e-02   1.39333076e+00 
 -4.97030092e-01  -1.75736388e-01   1.30975307e+00 
 -1.12976355e+00  -8.14020178e-01   2.40658093e+00 
 -2.47467493e-01  -1.12159454e+00   3.44448894e+00 
  9.06297918e-01  -1.68394094e+00   2.99214764e+00 
  1.57825750e+00  -9.82362195e-01   1.98163413e+00 
 -3.95785515e-01  -6.91058172e-01   4.72471159e+00 
 -5.77870155e+00  -9.39005415e+00   6.16945130e+00 
 -5.02252985e+00  -4.40201209e+00   8.09601704e+00 
  8.07471174e+00   2.99949607e+00   1.26983661e+01 
  1.04312502e+01   2.08845352e+00   8.18640994e+00 
  7.97036629e+00  -7.42409569e-01   8.75852128e+00 
  6.09081805e+00  -1.00502881e+00   5.53115592e+00 
  3.38796553e+00  -1.15225785e+00   5.59213821e+00 
  2.04837388e+00  -2.07190230e+00   9.00696472e+00 
  4.49982103e+00  -4.07004340e-01   1.13306691e+01 
  5.34006667e+00  -5.08228227e-01   1.63951962e+01 
  2.06536285e+00  -7.80700096e+00   1.10976930e+01 
  8.31606530e-01  -9.08243941e+00   7.73244051e+00 
  2.62818025e+00  -9.81945353e+00   4.41437590e+00 
  8.16518884e-01  -1.31288214e+01   4.26814956e+00 
  1.06088300e+01   7.54705082e+00   4.90966409e-01 
  1.28280948e+01   7.34660303e+00  -2.56432114e+00 
  1.37774329e+01   3.84192789e+00  -1.56182015e+00 
  1.28437044e+01   8.99626467e-01   6.40864566e-01 
  9.00690241e+00  -8.83074986e+00  -7.31880477e+00 
  8.09092943e+00  -7.93253510e+00  -3.75314368e+00 
  4.97318726e+00  -1.10038624e+01  -2.09122176e+00 
  1.50055489e+00  -9.44374165e+00  -1.96602605e+00 
 -5.73451716e-01  -1.15656325e+01   4.48375258e-01 
 -2.52227419e+00  -8.54818672e+00   1.71774447e+00 
 -2.19624751e+00  -5.13964257e+00   9.35004361e-01 
 -5.14849438e+00  -4.82530139e+00  -1.11305020e+00 
 -2.91064872e+00  -6.44555858e+00  -3.74610663e+00 
 -1.71907777e-02  -4.04677061e+00  -3.27986635e+00 
 -9.56104708e-02  -3.41335287e+00  -7.02229363e+00 
  1.54414540e+00  -6.83899751e+00  -7.54389221e+00 
  4.62902170e+00  -5.67294905e+00  -5.69018330e+00 
  3.41759287e+00  -2.82171338e+00  -1.08297732e+01 
 -2.95808738e+00   1.08520929e+01  -9.48115379e+00 
 -7.96318242e+00   4.85020435e+00  -4.26745474e+00 
 -7.64423488e+00   4.90842714e+00  -8.08296490e+00 
 -8.72165167e+00   1.27929852e+00  -8.47979292e+00 
 -5.86269366e+00  -1.15310217e+00  -9.11895148e+00 
 -7.09988668e+00  -3.58020570e+00  -6.45642477e+00 
 -8.33659728e+00  -1.69492873e+00  -3.39354574e+00 
 -1.01255908e+01  -2.49496325e+00  -1.23131083e-01 
 -8.24128270e+00  -1.14488027e+00   2.86818941e+00 
 -1.08527431e+01  -2.14280336e+00   5.44262887e+00 
 -8.22487165e+00   2.65698706e+00   5.68392999e+00 
 -4.82262947e+00   3.61913297e+00   7.09755051e+00 
 -2.63234693e+00   2.43069146e+00   4.33785013e+00 
 -2.02017603e-01   5.24241280e+00   4.53830394e+00 
 -3.17736670e+00   7.42886397e+00   3.53526241e+00 
 -4.12173602e+00   5.38906523e+00   4.58488227e-01 
 -5.62143718e-01   5.43762612e+00  -8.06136672e-01 
  3.66378602e-02   6.93455777e+00  -4.22925539e+00 
  1.47541991e+00   6.26699746e+00  -7.67311805e+00 
 -1.70565686e+00   4.42945336e+00  -8.70563184e+00 
 -5.13106217e-01   9.32272157e-01  -7.83339003e+00 
  2.87293307e+00   1.66715511e+00  -9.48035428e+00 
 -1.78126939e+00   1.62498860e+00  -1.32037987e+01 
 -7.38444193e-02  -1.68269712e+00  -1.24117661e+01 
  6.81210326e+00   1.26486168e+01  -2.70978805e+00 

   4.617795096999e+00 

  1.85896210e+00  -1.17462527e+00   9.12501593e-01 
  3.06167192e+00  -1.76847687e+00   1.03107539e+00 
  4.15449552e+00  -1.30978215e+00   2.59254375e-01 
  4.14067953e+00  -2.06148962e-02  -1.73111249e-01 
  3.16452973e+00   7.47440796e-01   3.33349764e-01 
  1.95336021e+00   2.06933726e-01   8.02738418e-01 
  5.78294990e-01  -1.73777427e+00   5.78662019e-01 
  3.89417623e-01  -2.06873197e+00  -6.01903208e-01 
 -6.10420675e-01  -9.61383475e-01   1.05444364e+00 
 -1.88639628e+00  -1.55237961e+00   8.84171657e-01 
 -2.44554760e+00  -2.26757531e+00   1.97349902e+00 
 -1.62580891e+00  -2.27205885e+00   3.10412267e+00 
 -1.11691101e+00  -1.04000198e+00   3.37812907e+00 
 -4.69718077e-01  -3.91362876e-01   2.31733284e+00 
 -1.17778231e+00  -3.39888820e+00   3.71719498e+00 
 -9.75778313e+00  -2.72687654e+00   9.43275048e+00 
 -5.98461018e+00  -6.17260224e+00   7.68513637e+00 
  9.70452946e+00  -5.69144573e+00   8.74393886e+00 
  9.92310364e+00  -1.01439297e+00   6.54884808e+00 
  6.58761233e+00  -1.25774443e+00   8.34114404e+00 
  4.08418980e+00  -1.14518314e-01   5.80274544e+00 
  1.84836038e+00  -1.58879616e+00   5.40477725e+00 
  1.18295299e+00  -4.02786243e+00   8.21715709e+00 
  4.65447981e+00  -5.01762746e+00   9.28951301e+00 
  6.61342803e+00  -7.72078702e+00   1.31909415e+01 
 -1.30565929e+00  -2.31352972e+00   1.35209918e+01 
 -3.86555472e+00  -1.84496930e-01   1.16803459e+01 
 -3.68938252e+00   3.32608527e+00   1.01230419e+01 
 -6.94728765e+00   4.15738625e+00   1.18407169e+01 
  1.09411379e+01   1.09809746e+00  -2.59164755e+00 
  1.18123540e+01   4.39376147e+00  -4.22861995e+00 
  1.09740112e+01   6.14243643e+00  -9.99329610e-01 
  9.23776072e+00   5.77414591e+00   2.35187958e+00 
 -1.13119600e+00   1.38507480e+01   2.24774411e+00 
 -4.48004825e-01   1.05900933e+01   4.05360015e+00 
 -4.15203781e+00   9.41184033e+00   6.66266355e+00 
 -6.08067328e+00   6.56148300e+00   5.03028655e+00 
 -8.24107227e+00   4.98535854e+00   7.76556825e+00 
 -7.86611972e+00   1.48737928e+00   6.30346764e+00 
 -5.99535423e+00   3.63678843e-01   3.55125355e+00 
 -8.74276259e+00  -1.50741930e-01   1.27173212e+00 
 -8.50125731e+00   3.63814525e+00   8.81627103e-01 
 -4.77386202e+00   3.69085210e+00   2.12740783e-01 
 -5.48768832e+00   5.69627257e+00  -2.93080346e+00 
 -6.13113883e+00   8.76086778e+00  -7.19438898e-01 
 -2.53999234e+00   8.68943644e+00   4.68387675e-01 
 -3.35270496e+00   9.77629690e+00  -5.37718514e+00 
 -8.41580307e-01  -1.89406205e+00  -1.47012415e+01 
 -6.68628151e+00  -4.84045076e+00  -7.96220880e+00 
 -7.40618269e+00  -2.26136525e+00  -1.06995972e+01 
 -1.03100956e+01  -6.89923054e-01  -8.80572999e+00 
 -9.47519183e+00   2.60625892e+00  -7.09200370e+00 
 -1.10596923e+01   1.50220158e+00  -3.80856919e+00 
 -1.02415033e+01  -2.14036557e+00  -3.08246898e+00 
 -1.12427302e+01  -4.80237968e+00  -5.43297692e-01 
 -8.21866292e+00  -6.36840506e+00   1.10713295e+00 
 -1.01704263e+01  -8.94265040e+00   3.10893093e+00 
 -5.43731823e+00  -1.01667905e+01   6.38892130e-01 
 -1.81574408e+00  -9.67210848e+00   1.70603316e+00 
 -1.41595691e+00  -6.05782491e+00   9.29630180e-01 
  2.08874656e+00  -6.31374156e+00  -2.96754551e-01 
  5.95680185e-01  -8.49839987e+00  -3.06033627e+00 
 -2.06240370e+00  -5.98638329e+00  -4.12968863e+00 
  4.92041131e-01  -3.21315841e+00  -4.36710595e+00 
  8.66970087e-01  -1.48931209e+00  -7.71447323e+00 
  7.59195397e-01   1.86431636e+00  -9.48011234e+00 
 -3.05010617e+00   1.71419572e+00  -9.64919193e+00 
 -3.72326842e+00   3.67808631e+00  -6.47063165e+00 
 -1.04382795e+00   6.23432172e+00  -7.47266238e+00 
 -5.79208599e+00   6.02332947e+00  -1.10694589e+01 
 -5.97146733e+00   8.22627116e+00  -7.97135127e+00 
  9.75977240e+00  -1.68976314e+00  -9.03510522e+00 

   4.617795096952e+00 

 -5.29187977e-01   1.16480038e+00  -2.58997590e+00 
 -3.19631420e-01   1.66615941e+00  -3.82202929e+00 
  7.05470422e-01   1.13147354e+00  -4.63667594e+00 
  1.75848405e+00   5.22488922e-01  -4.02890692e+00 
  1.80707296e+00   6.49798569e-01  -2.69447365e+00 
  6.54034099e-01   8.77753011e-01  -1.92120567e+00 
 -1.72163579e+00   6.10127566e-01  -2.00765281e+00 
 -2.07237587e+00  -5.17478234e-01  -2.38769024e+00 
 -1.78859417e+00   6.53895741e-01  -5.12394750e-01 
 -3.00494699e+00   2.61067470e-01   9.79776563e-02 
 -3.93771299e+00   1.27067758e+00   4.46437435e-01 
 -3.49387695e+00   2.55750996e+00   1.34390295e-01 
 -2.20171048e+00   2.76320252e+00   5.08578872e-01 
 -1.27289455e+00   1.81272482e+00   6.27390571e-02 
 -4.16751810e+00   3.42342544e+00  -6.67312730e-01 
 -8.72492181e+00   6.65629843e+00   8.02257747e+00 
 -9.30644730e+00   6.43615357e+00   2.65812232e+00 
  1.44349754e-01   1.12853668e+01  -8.94658546e+00 
  4.13526288e+00   8.54337130e+00  -7.13134621e+00 
  1.96264593e+00   9.46405784e+00  -4.15996288e+00 
  1.50578670e+00   6.24125925e+00  -2.30998816e+00 
 -9.80708469e-01   5.52286011e+00  -1.51497150e+00 
 -3.42126602e+00   8.41139683e+00  -1.55138740e+00 
 -2.24360855e+00   1.04494851e+01  -4.49084302e+00 
 -3.40602441e+00   1.50731415e+01  -6.39774780e+00 
 -3.59238146e+00   1.26123170e+01   2.87419497e+00 
 -3.29528607e+00   9.89655508e+00   5.52187206e+00 
 -2.94874326e-01   7.92787804e+00   6.90109638e+00 
 -1.54496693e+00   8.63661496e+00   1.03925681e+01 
  6.66576084e+00  -2.64741852e-01  -9.38110015e+00 
  9.89536691e+00  -2.10458407e+00  -8.68487983e+00 
  1.07575563e+01   5.16911011e-01  -6.12101715e+00 
  9.37166143e+00   3.34636175e+00  -4.01049345e+00 
  9.95267924e+00  -5.37219672e-01   8.53294397e+00 
  7.64755967e+00   1.84617450e+00   6.69838920e+00 
  4.48003011e+00   3.59578800e+00   9.66839953e+00 
  1.07957149e+00   1.97727425e+00   9.09732970e+00 
 -1.52147025e+00   4.29131964e+00   1.06825849e+01 
 -4.12002100e+00   3.50582634e+00   8.00962379e+00 
 -3.88654994e+00   1.50505647e+00   5.13220136e+00 
 -5.84182647e+00  -1.28417941e+00   6.31801597e+00 
 -2.60479684e+00  -2.16097955e+00   8.13983744e+00 
 -3.87604775e-01  -1.88060089e+00   5.08220605e+00 
  9.08911440e-01  -5.36506345e+00   5.85077356e+00 
  2.98081792e+00  -3.86493081e+00   8.70606885e+00 
  4.97337865e+00  -1.82315301e+00   6.22147378e+00 
  5.52890670e+00  -7.78143314e+00   5.77116778e+00 
 -2.30429958e+00  -1.43430624e+01  -5.41037739e+00 
 -8.25141212e+00  -8.91121610e+00  -5.74759701e-01 
 -6.50064360e+00  -1.20938384e+01   6.37247024e-01 
 -6.94680946e+00  -1.12384218e+01   4.31937582e+00 
 -3.81824567e+00  -9.88077977e+00   6.01278493e+00 
 -5.71427795e+00  -6.96894463e+00   7.57381163e+00 
 -8.22655913e+00  -5.52843824e+00   5.10838370e+00 
 -1.10366949e+01  -2.95183495e+00   5.12882621e+00 
 -1.06016316e+01  -3.86252963e-01   2.38112743e+00 
 -1.38777030e+01   1.42629059e+00   3.03332131e+00 
 -1.20755513e+01   4.23394015e-01  -2.04096393e+00 
 -9.60110981e+00   2.27304168e+00  -4.26700130e+00 
 -6.40545725e+00   1.09195079e+00  -2.77753624e+00 
 -4.55534017e+00   8.29251996e-01  -5.99631170e+00 
 -7.13392051e+00  -1.86236462e+00  -6.85972729e+00 
 -6.60007240e+00  -3.92142765e+00  -3.69833245e+00 
 -2.85524017e+00  -3.92496229e+00  -4.19688095e+00 
 -1.15291099e+00  -7.29143271e+00  -4.49020303e+00 
  1.56018289e+00  -9.50685731e+00  -3.03867416e+00 
 -7.63705813e-01  -1.05950746e+01  -2.14275642e-01 
  3.70736260e-01  -8.01300289e+00   2.32722120e+00 
  4.02945741e+00  -8.68485972e+00   1.38904520e+00 
  1.19458817e+00  -1.32781887e+01   3.91733767e+00 
  2.81168279e+00  -1.06856897e+01   6.18611591e+00 
  3.86440653e+00  -6.31062311e+00  -1.18882244e+01 

   4.617795096982e+00 

  2.99442339e-02   3.39753862e+00   2.21004227e+00 
 -1.79967031e-01   4.67707619e+00   2.57328175e+00 
  3.99245238e-01   5.72756172e+00   1.82403556e+00 
  1.52653410e+00   5.46356473e+00   1.11086921e+00 
  2.08370593e+00   4.26420299e+00   1.33531266e+00 
  1.33644721e+00   3.16595943e+00   1.79884831e+00 
 -9.13693604e-01   2.35921849e+00   1.89360651e+00 
 -1.50645223e+00   2.43716133e+00   8.06639032e-01 
 -4.12369406e-01   9.58852935e-01   2.06639189e+00 
 -1.34917206e+00  -9.27785986e-02   1.91525758e+00 
 -1.96342157e+00  -6.17093644e-01   3.08084119e+00 
 -1.52514078e+00  -1.11539846e-03   4.25505641e+00 
 -1.72344284e-01   1.43168755e-01   4.28883839e+00 
  4.08641435e-01   7.63802471e-01   3.17432239e+00 
 -2.34633514e+00   6.11756171e-01   5.14744984e+00 
 -2.93292202e+00  -8.63102757e+00   9.72591207e+00 
 -5.49527506e+00  -3.90984155e+00   9.17024610e+00 
 -5.73332693e-01   1.08391766e+01   1.15665794e+01 
  3.46765629e+00   1.02330747e+01   8.39734254e+00 
  2.68048970e+00   6.82824533e+00   9.87536891e+00 
  2.58440219e+00   4.53268521e+00   6.91924057e+00 
  5.10012918e-01   2.81245126e+00   6.65748950e+00 
 -1.42297840e+00   2.34931041e+00   9.87467547e+00 
 -1.20421548e+00   5.75521871e+00   1.14662163e+01 
 -2.46139673e+00   7.70629871e+00   1.60464421e+01 
  5.47812380e-01  -1.25281794e+00   1.43916978e+01 
  1.50119321e+00  -3.94907495e+00   1.18826974e+01 
  4.55519473e+00  -4.40602054e+00   9.59256833e+00 
  4.78750759e+00  -7.98861103e+00   1.07615366e+01 
  3.95843056e+00   1.20668069e+01  -8.46261886e-01 
  6.98321739e+00   1.23401995e+01  -3.09926745e+00 
  9.03142918e+00   1.06225684e+01  -4.45299276e-01 
  8.86406310e+00   8.54530502e+00   2.72294326e+00 
  1.36392250e+01  -3.34884874e+00  -1.89857577e-01 
  1.11025894e+01  -2.16750958e+00   2.36546118e+00 
  9.49288832e+00  -5.81922399e+00   4.81274631e+00 
  5.96496572e+00  -6.72219889e+00   3.69595422e+00 
  4.42417926e+00  -8.81700532e+00   6.50148939e+00 
  9.44810566e-01  -7.38066961e+00   5.91401835e+00 
 -1.41091985e-01  -4.89919784e+00   3.67789146e+00 
 -1.81554892e+00  -7.06126410e+00   1.32613473e+00 
  1.74542703e+00  -7.69957670e+00   1.10326207e-01 
  2.67777357e+00  -4.04184623e+00  -1.98541930e-01 
  3.76292139e+00  -4.74355006e+00  -3.76830305e+00 
  6.90651483e+00  -6.44367426e+00  -2.38147047e+00 
  8.04578680e+00  -3.16558971e+00  -8.75288130e-01 
  7.71300144e+00  -3.33009288e+00  -6.86483721e+00 
 -4.41720231e+00   3.33836636e+00  -1.30155161e+01 
 -7.47218017e+00  -2.55221136e+00  -6.36536338e+00 
 -5.76902136e+00  -3.46145205e+00  -9.67228992e+00 
 -4.70866206e+00  -6.91288507e+00  -8.46725037e+00 
 -1.04187378e+00  -7.17892325e+00  -7.47597730e+00 
 -1.87468693e+00  -8.92036270e+00  -4.19202604e+00 
 -4.94452038e+00  -7.35356845e+00  -2.58385070e+00 
 -7.23199202e+00  -8.04258147e+00   3.87496924e-01 
 -7.56558476e+00  -5.01106987e+00   2.62803070e+00 
 -1.01330509e+01  -6.55105586e+00   4.96894554e+00 
 -1.04810933e+01  -1.34604460e+00   3.29902787e+00 
 -8.82342434e+00   1.84064533e+00   4.56253224e+00 
 -5.45911695e+00   1.45487515e+00   3.02686092e+00 
 -4.98654605e+00   5.05888692e+00   2.22670789e+00 
 -7.98858610e+00   4.58030061e+00  -9.66672151e-02 
 -6.55096273e+00   1.58003086e+00  -1.95429566e+00 
 -3.28920350e+00   3.38281655e+00  -2.57336552e+00 
 -2.21326881e+00   3.82354755e+00  -6.17408806e+00 
  5.75153880e-01   3.16447849e+00  -8.65727934e+00 
 -6.34165226e-01  -4.21654451e-01  -9.14625219e+00 
  1.65191636e+00  -2.02617349e+00  -6.57475263e+00 
  4.59446855e+00   6.46202024e-02  -7.87389369e+00 
  2.40631275e+00  -3.88976965e+00  -1.17600481e+01 
  5.03622537e+00  -5.06782653e+00  -9.27426242e+00 
 -2.42841106e-01   1.25886312e+01  -6.57015426e+00 

   4.617795102289e+00 

 -1.73277669e+00   1.59789698e+00  -1.83779051e+00 
 -2.93665370e+00   1.85712486e+00  -2.38250274e+00 
 -3.03222260e+00   2.20729844e+00  -3.74947639e+00 
 -1.94837496e+00   2.77117663e+00  -4.34646786e+00 
 -9.44940215e-01   3.10685560e+00  -3.52201712e+00 
 -7.45253755e-01   2.46628710e+00  -2.28540786e+00 
 -1.26323116e+00   4.27498507e-01  -1.14613431e+00 
 -1.03172769e+00  -5.84028731e-01  -1.82595837e+00 
 -1.14824616e-01   6.49313344e-01  -2.11171003e-01 
  2.81764678e-01  -4.38576787e-01   6.04668866e-01 
 -2.32221944e-01  -5.10161140e-01   1.92432132e+00 
 -1.07865807e+00   5.54589491e-01   2.24079142e+00 
 -5.69844857e-01   1.75373055e+00   1.84684902e+00 
 -1.66922545e-01   1.84134716e+00   5.07126344e-01 
 -2.36316484e+00   4.09663234e-01   2.65956192e+00 
  1.62105875e+00   2.05126529e-01   1.21894998e+01 
 -2.67064376e+00  -1.27334104e+00   9.26384811e+00 
 -1.22015790e+01   7.11280925e+00  -2.78381995e-02 
 -8.24279631e+00   8.90980164e+00  -2.82781657e+00 
 -6.93287376e+00   8.24742609e+00   6.71098773e-01 
 -3.79865811e+00   6.27208592e+00   1.30468371e-01 
 -3.39472231e+00   4.02355641e+00   1.58365724e+00 
 -5.62992242e+00   3.82624569e+00   4.62770727e+00 
 -8.79625665e+00   5.47924353e+00   3.43480913e+00 
 -1.31551669e+01   7.01041112e+00   5.67559507e+00 
 -4.46962001e+00   6.93445366e+00   9.75172244e+00 
 -7.91127818e-01   5.98601161e+00   9.54441788e+00 
  2.14549410e+00   7.39480746e+00   7.50187885e+00 
  4.21776261e+00   7.41634566e+00   1.06579292e+01 
 -4.53865638e+00   5.26440610e+00  -1.07042440e+01 
 -2.15879152e+00   6.81661456e+00  -1.31996376e+01 
 -1.34866134e+00   9.48393216e+00  -1.06662397e+01 
 -1.57858865e+00   1.04355947e+01  -7.00259694e+00 
  1.06866643e+01   1.06557586e+01  -2.28320006e+00 
  7.33380371e+00   9.96467667e+00  -6.58248703e-01 
  7.93551312e+00   9.01599753e+00   3.88634214e+00 
  7.51966154e+00   5.28596310e+00   4.53652437e+00 
  6.85091309e+00   4.88896918e+00   8.28197887e+00 
  4.50518273e+00   1.93667998e+00   7.73817360e+00 
  3.37854329e+00   4.47842833e-01   4.76307759e+00 
  5.36891192e+00  -2.55505699e+00   4.93664245e+00 
  8.11482765e+00  -2.35251600e-01   3.65421407e+00 
  6.08507582e+00   1.16478021e+00   7.79552167e-01 
  8.94391221e+00   2.29935062e-01  -1.53696432e+00 
  1.09082268e+01   3.22574079e+00  -1.72221973e-01 
  8.30638649e+00   5.59607884e+00  -1.55941040e+00 
  1.13739319e+01   2.40050046e+00  -5.60798210e+00 
  4.13090866e+00  -9.52121520e+00  -1.15115708e+01 
  3.48741936e+00  -1.01437289e+01  -2.15984913e+00 
  6.64662261e+00  -1.04682227e+01  -4.29932892e+00 
  8.99160979e+00  -9.69646347e+00  -1.40203764e+00 
  1.03757722e+01  -6.14923975e+00  -1.39603342e+00 
  9.53516599e+00  -5.64003397e+00   2.28426783e+00 
  6.14848000e+00  -7.16132212e+00   3.10948941e+00 
  4.03770137e+00  -7.82548881e+00   6.21426983e+00 
  5.46411665e-01  -6.40862875e+00   5.86107958e+00 
 -7.57506367e-01  -7.78974041e+00   9.15283337e+00 
 -3.78785935e+00  -7.81634512e+00   4.59013945e+00 
 -5.95701206e+00  -5.13954464e+00   2.96877729e+00 
 -3.31803060e+00  -3.08904360e+00   1.33877745e+00 
 -5.26865406e+00  -2.32807953e+00  -1.73830900e+00 
 -5.11872358e+00  -6.10215239e+00  -2.34925760e+00 
 -1.33431875e+00  -6.38745550e+00  -2.00862009e+00 
 -7.88147252e-01  -3.53299676e+00  -4.42235034e+00 
  1.26290699e+00  -4.25517568e+00  -7.51891611e+00 
  4.32095021e+00  -3.20719150e+00  -9.50033514e+00 
  6.58392530e+00  -5.21193879e+00  -7.17185182e+00 
  7.46640389e+00  -2.35817611e+00  -4.82866398e+00 
  8.00985103e+00  -4.32550945e-02  -7.83924734e+00 
  1.18421008e+01  -4.59064487e+00  -7.43610392e+00 
  1.26231534e+01  -1.39709788e+00  -5.51917541e+00 
 -3.90216259e+00  -9.59773949e-01  -1.41013599e+01 

   4.617795096973e+00 

 -2.59775398e+00  -3.87808009e+00   6.73300986e-01 
 -3.62590435e+00  -4.73905909e+00   5.51430592e-01 
 -4.63292961e+00  -4.78085537e+00   1.54366301e+00 
 -4.31529552e+00  -4.37001788e+00   2.80040652e+00 
 -3.01323453e+00  -4.13207585e+00   3.01789557e+00 
 -2.13158483e+00  -3.78333518e+00   1.97843466e+00 
 -2.13631403e+00  -2.85523100e+00  -2.26447190e-01 
 -2.82150493e+00  -1.82543428e+00  -3.21178949e-01 
 -6.99696091e-01  -2.46210282e+00  -7.22561303e-02 
 -1.60051142e-01  -1.57227184e+00  -1.03317595e+00 
  5.45149721e-01  -2.12076141e+00  -2.13437536e+00 
  6.16649225e-01  -3.51501923e+00  -2.09924144e+00 
  9.48185086e-01  -3.98436634e+00  -8.65621562e-01 
  1.69125479e-01  -3.51564252e+00   2.01263663e-01 
  1.68834577e-01  -4.32719294e+00  -3.09230023e+00 
  9.71844252e+00  -3.52287173e+00  -6.95152857e+00 
  4.60019629e+00  -4.63089191e+00  -8.27056664e+00 
 -5.54813412e+00  -1.50829745e+01  -2.33196112e+00 
 -4.94149362e+00  -1.32642810e+01   2.47068001e+00 
 -1.69184449e+00  -1.26375141e+01   6.14880755e-01 
 -9.01300424e-01  -9.04538843e+00   1.31433106e+00 
 -2.01517446e-01  -7.42880694e+00  -7.41824377e-01 
  8.20343030e-01  -9.35154221e+00  -3.83377874e+00 
 -1.41823697e+00  -1.23768218e+01  -3.70140281e+00 
 -1.72113250e+00  -1.67825318e+01  -6.32126319e+00 
  6.32795605e+00  -1.19163215e+01  -4.42614320e+00 
  7.98113748e+00  -8.79159849e+00  -3.02011352e+00 
  8.47963617e+00  -7.50505958e+00   5.68303445e-01 
  1.20951407e+01  -6.81562216e+00  -2.73253211e-01 
 -9.96657561e+00  -6.59096631e+00   6.85965392e+00 
 -1.00917023e+01  -5.67913684e+00   1.05274881e+01 
 -6.90771312e+00  -7.62284628e+00   1.10501786e+01 
 -3.93824391e+00  -9.21239609e+00   9.30765436e+00 
  6.72353227e+00  -2.37062932e+00   1.28111334e+01 
  5.87432129e+00  -4.36899229e+00   9.70547381e+00 
  9.44565666e+00  -4.20377551e+00   6.68328596e+00 
  8.63293394e+00  -1.87002290e+00   3.78468167e+00 
  1.10266960e+01  -2.77190435e+00   9.40429333e-01 
  8.42313513e+00  -2.01894695e+00  -1.73701587e+00 
  5.05960503e+00  -1.05535400e+00  -1.42830494e+00 
  5.45482370e+00   2.40328192e+00  -2.37209473e+00 
  6.69451394e+00   2.74394313e+00   1.22141203e+00 
  3.73097730e+00   9.82579249e-01   2.78943960e+00 
  3.29670364e+00   3.99284630e+00   5.06162542e+00 
  6.32941634e+00   2.79408958e+00   7.07695207e+00 
  4.46865220e+00  -3.51538840e-01   8.05416553e+00 
  2.16386698e+00   4.80306179e+00   1.00865401e+01 
 -9.94351876e+00   1.00416980e+01   2.64282112e+00 
 -3.27786970e+00   8.18546950e+00  -3.71169209e+00 
 -3.22880141e+00   1.09071897e+01  -1.01854032e+00 
  5.58762080e-01   1.12758808e+01  -1.10400128e+00 
  2.37401594e+00   9.57160479e+00   1.77680319e+00 
  4.88195035e+00   7.90684615e+00  -5.57585446e-01 
  3.15695616e+00   6.65742217e+00  -3.70850358e+00 
  4.16130309e+00   5.14548804e+00  -7.06133934e+00 
  2.31755470e+00   1.91232711e+00  -7.74588433e+00 
  3.71665647e+00   1.41188430e+00  -1.12437960e+01 
 -1.52852256e+00   3.89466367e-01  -1.00418470e+01 
 -3.23576580e+00  -2.65265186e+00  -8.51536842e+00 
 -2.40258335e+00  -2.11345865e+00  -4.93196853e+00 
 -5.66201403e+00  -3.31379600e+00  -3.59489669e+00 
 -7.13884452e+00  -3.25009423e-01  -5.47252540e+00 
 -4.81140777e+00   2.27109849e+00  -3.93551091e+00 
 -5.53760276e+00   1.02139913e+00  -4.45063396e-01 
 -6.97020041e+00   3.50957255e+00   2.01943301e+00 
 -6.45996705e+00   5.12712014e+00   5.41046859e+00 
 -3.96001615e+00   7.59398201e+00   3.91824190e+00 
 -8.27750719e-01   5.59904243e+00   4.70715789e+00 
 -2.17164111e+00   4.86419312e+00   8.22450936e+00 
 -1.00073874e+00   1.06042416e+01   7.12530591e+00 
  1.84351735e+00   8.38068587e+00   8.32921942e+00 
 -1.40237777e+01  -9.25037256e-01   5.40284338e+00 

   4.617795096934e+00 

 -4.20913696e-01  -3.39651048e+00  -2.01563177e+00 
 -1.14472847e+00  -4.44937489e+00  -2.44082018e+00 
 -6.35984042e-01  -5.29136456e+00  -3.45698693e+00 
  7.12240998e-01  -5.36074160e+00  -3.62000409e+00 
  1.44019902e+00  -4.75318862e+00  -2.67118949e+00 
  9.32720039e-01  -3.68811698e+00  -1.90471858e+00 
 -7.61275236e-01  -1.99997391e+00  -1.96521496e+00 
 -7.95165546e-01  -1.38059722e+00  -3.03952408e+00 
  3.23773276e-03  -1.18643549e+00  -9.67266425e-01 
 -4.01598585e-01   1.57030047e-01  -7.73427598e-01 
 -1.28473972e+00   4.43892829e-01   2.98271829e-01 
 -1.62826634e+00  -6.86868581e-01   1.04236870e+00 
 -5.48363488e-01  -1.46314131e+00   1.33086103e+00 
  2.54964321e-01  -1.82952826e+00   2.42144524e-01 
 -2.90412581e+00  -1.10807462e+00   1.24514448e+00 
 -2.68076674e+00   4.87335089e+00   9.66581632e+00 
 -6.00421287e+00   2.53896664e+00   6.10641439e+00 
 -7.36492763e+00  -1.24634729e+01   1.57030917e+00 
 -2.35881311e+00  -1.27596969e+01   3.08530195e-01 
 -2.66339892e+00  -1.02061342e+01   3.09844633e+00 
 -7.27436444e-01  -7.24835322e+00   1.86516049e+00 
 -1.83923131e+00  -4.78549255e+00   2.03559476e+00 
 -4.77209968e+00  -4.66478194e+00   4.41986533e+00 
 -6.32504668e+00  -8.06846919e+00   3.99051280e+00 
 -1.00260340e+01  -1.06960097e+01   6.39144016e+00 
 -4.06179290e+00  -4.38725920e+00   1.04763865e+01 
 -1.32329263e+00  -1.77654259e+00   1.00781710e+01 
  2.41258706e+00  -2.03968033e+00   9.20962275e+00 
  3.15807066e+00   2.79693213e-01   1.20940883e+01 
  1.65627524e+00  -1.10795725e+01  -8.06427441e+00 
  5.13172513e+00  -1.19249126e+01  -9.29178493e+00 
  6.17856538e+00  -1.25069341e+01  -5.72046758e+00 
  5.23788451e+00  -1.19274531e+01  -2.09278338e+00 
  1.41341063e+01  -3.66438897e+00   2.94072067e+00 
  1.04970817e+01  -4.32417374e+00   3.77526931e+00 
  9.13900004e+00  -1.53343005e+00   7.27994250e+00 
  6.94286322e+00   1.28705411e+00   5.96438981e+00 
  5.01460873e+00   2.67177196e+00   8.96400198e+00 
  1.91953873e+00   3.40932294e+00   6.86858659e+00 
  1.26556970e+00   2.76776079e+00   3.47773970e+00 
  1.56176287e+00   6.15514107e+00   2.27482243e+00 
  5.29609651e+00   5.40090382e+00   2.50304760e+00 
  5.12176175e+00   2.14866657e+00   5.70113698e-01 
  7.84911001e+00   3.49270459e+00  -1.70326924e+00 
  1.03816951e+01   2.83448455e+00   1.09827674e+00 
  9.68006647e+00  -8.77492136e-01   8.95070910e-01 
  1.21400040e+01   1.60241928e+00  -3.98460829e+00 
  2.69409546e+00   4.34810869e+00  -1.55031584e+01 
 -1.09635048e+00   8.08198929e+00  -7.76061161e+00 
  2.09527135e+00   9.19914177e+00  -9.55748369e+00 
  3.48200960e+00   1.10035827e+01  -6.50628444e+00 
  6.20220209e+00   9.09496444e+00  -4.64712735e+00 
  4.54876103e+00   9.68339404e+00  -1.26623940e+00 
  7.72845210e-01   9.31798191e+00  -1.53804148e+00 
 -2.28010868e+00   9.87872725e+00   6.75831085e-01 
 -4.47706628e+00   6.80143635e+00   8.33974084e-01 
 -7.22706390e+00   8.40574644e+00   2.90931310e+00 
 -8.33178728e+00   5.03066258e+00  -1.26084627e+00 
 -8.46071751e+00   1.23166503e+00  -1.48518079e+00 
 -4.82399893e+00   4.87191035e-01  -1.69871639e+00 
 -5.14842600e+00  -2.32214179e+00  -4.11840199e+00 
 -6.48737059e+00   3.48563109e-01  -6.50880140e+00 
 -3.54274411e+00   2.73150750e+00  -6.09657277e+00 
 -1.06082497e+00  -4.47324840e-02  -6.73297191e+00 
  1.32984386e+00   4.03662494e-01  -9.63137072e+00 
  4.98961305e+00   4.99685791e-01  -1.06176362e+01 
  5.26779394e+00   4.11923455e+00  -9.44147155e+00 
  6.51790639e+00   3.36302700e+00  -5.93738319e+00 
  8.95026695e+00   7.58675674e-01  -7.35820588e+00 
  1.00413275e+01   6.38305339e+00  -9.00240099e+00 
  1.14913000e+01   5.15306340e+00  -5.70572644e+00 
  5.35537538e-01  -7.38898150e+00  -1.40483685e+01 

   4.617795134319e+00 

 -1.47635504e+00   8.27377714e-01   6.09555297e-01 
 -2.52937706e+00   1.63669606e+00   8.31764121e-01 
 -3.71208734e+00   1.11470301e+00   1.40542951e+00 
 -3.61482651e+00  -5.20216112e-04   2.17737522e+00 
 -2.36581800e+00  -3.94868823e-01   2.46676740e+00 
 -1.27029264e+00  -7.77814318e-02   1.64294493e+00 
 -7.61777808e-01   5.52577233e-01  -6.08048224e-01 
 -1.32523854e+00  -1.59234152e-01  -1.45349312e+00 
  6.44259544e-01   6.77687152e-02  -4.34215336e-01 
  1.43602837e+00  -6.92593206e-02  -1.60070895e+00 
  2.29549071e+00   1.00053967e+00  -1.95798093e+00 
  2.24046483e+00   2.06994007e+00  -1.06151321e+00 
  2.28141039e+00   1.65950536e+00   2.35363126e-01 
  1.34982661e+00   6.77670998e-01   6.00098161e-01 
  1.93012818e+00   3.34519329e+00  -1.41329557e+00 
  1.20862243e+01   4.55382658e+00  -2.87223799e+00 
  7.25340252e+00   6.52568146e+00  -4.25774589e+00 
 -4.71343996e+00   1.16467273e+01   4.57804765e+00 
 -4.91378820e+00   7.22381690e+00   7.24989148e+00 
 -1.32094664e+00   7.69220882e+00   6.12332875e+00 
 -3.82834861e-01   4.39515926e+00   4.61768376e+00 
  8.42712494e-01   4.35337486e+00   2.20374648e+00 
  2.28764112e+00   7.71175523e+00   1.23692070e+00 
 -1.80822883e-01   1.01325042e+01   2.72948151e+00 
 -3.32901521e-01   1.52247784e+01   3.37082288e+00 
  7.56687668e+00   9.78081774e+00   3.49777237e+00 
  9.16872761e+00   6.36672284e+00   2.99592643e+00 
  9.05709214e+00   3.11630292e+00   5.04598236e+00 
  1.28126450e+01   2.88968587e+00   4.72994647e+00 
 -1.01225916e+01  -4.39562839e-01   5.46421414e+00 
 -1.08906870e+01  -3.40946794e+00   7.67550089e+00 
 -8.04825616e+00  -2.38450920e+00   9.92473328e+00 
 -4.93887206e+00  -2.29386503e-01   1.01854702e+01 
  5.36284087e+00  -8.36366237e+00   1.08680147e+01 
  4.97655533e+00  -4.83194716e+00   9.54986992e+00 
  9.07447520e+00  -3.30023726e+00   7.88365582e+00 
  9.04945192e+00  -3.30076522e+00   4.07469274e+00 
  1.18718714e+01  -9.74214147e-01   2.95470744e+00 
  9.92038600e+00   2.31502444e-01  -8.70255893e-02 
  6.65580153e+00  -5.25984617e-01  -1.13861957e+00 
  7.52041659e+00  -2.68303834e+00  -3.89699970e+00 
  8.05170786e+00  -5.23546400e+00  -1.10970247e+00 
  4.69907290e+00  -4.65146579e+00   5.52359173e-01 
  4.08163870e+00  -8.39186025e+00   3.49004572e-01 
  6.54509612e+00  -8.86351173e+00   3.24811270e+00 
  4.26893716e+00  -6.89027990e+00   5.53674173e+00 
  2.05318477e+00  -1.20616215e+01   3.44864337e+00 
 -7.86194314e+00  -1.09054323e+01  -7.94409562e+00 
 -2.55848783e-01  -5.90649224e+00  -1.02709460e+01 
 -5.08580368e-01  -9.70697969e+00  -9.87641111e+00 
  3.23885319e+00  -1.01574176e+01  -9.38374350e+00 
  4.29982591e+00  -1.06968467e+01  -5.76682611e+00 
  7.06872594e+00  -8.09181887e+00  -6.00671862e+00 
  5.89931396e+00  -5.07106921e+00  -7.99983111e+00 
  7.41331039e+00  -1.87355315e+00  -9.42105312e+00 
  5.47393516e+00   1.19174624e+00  -8.34211657e+00 
  7.48765411e+00   3.66197601e+00  -1.04124345e+01 
  2.04115324e+00   4.01986418e+00  -9.95475948e+00 
 -1.84575135e-01   5.56458380e+00  -7.27907722e+00 
 -3.15444604e-02   2.88537436e+00  -4.70534707e+00 
 -3.58020328e+00   3.18776522e+00  -3.62458968e+00 
 -4.39972609e+00   2.08088673e+00  -7.19426473e+00 
 -2.20984773e+00  -1.03676892e+00  -7.13258584e+00 
 -3.71288990e+00  -2.16572702e+00  -3.85559790e+00 
 -5.38748078e+00  -5.55830844e+00  -3.79883409e+00 
 -5.42074793e+00  -8.94770982e+00  -2.09978528e+00 
 -2.47617440e+00  -1.01064117e+01  -4.23257682e+00 
  2.58924406e-01  -9.20239546e+00  -1.75967387e+00 
 -1.80918903e+00  -1.07174885e+01   1.09430664e+00 
  3.66659170e-02  -1.46143627e+01  -3.02086101e+00 
  2.38931659e+00  -1.37703443e+01  -1.51006025e-01 
 -1.33189249e+01  -3.76305044e+00   3.98408917e-02 

   4.617795097958e+00 

  1.65723333e+00   1.66642940e+00   5.18227470e+00 
  1.72538391e+00   1.90913731e+00   6.50502575e+00 
  1.58984989e+00   8.44246915e-01   7.42590345e+00 
  1.90774806e+00  -4.10653959e-01   7.00967593e+00 
  2.49586852e+00  -4.87898078e-01   5.80658360e+00 
  2.31314288e+00   4.97109740e-01   4.81877244e+00 
  7.88550491e-01   2.22736841e+00   4.18255963e+00 
 -3.95902439e-01   1.85857710e+00   4.18222789e+00 
  1.30607957e+00   2.17748164e+00   2.77832340e+00 
  5.57863689e-01   2.85251566e+00   1.78289805e+00 
  9.44236862e-01   4.17084916e+00   1.43146271e+00 
  2.06003990e+00   4.62168755e+00   2.14000288e+00 
  3.04909472e+00   3.68850759e+00   2.19443949e+00 
  2.67187324e+00   2.41738231e+00   2.64921556e+00 
  2.07697227e+00   5.74740321e+00   2.90080034e+00 
  5.09751522e+00   1.05591195e+01  -5.72816973e+00 
  2.74642889e+00   1.13517685e+01  -9.31492204e-01 
  7.54490974e+00   7.78408509e+00   1.36200604e+01 
  8.24821507e+00   2.80863589e+00   1.23988802e+01 
  8.80630986e+00   4.82972856e+00   9.23648083e+00 
  6.73919941e+00   3.08893331e+00   6.64530145e+00 
  5.11677148e+00   4.55905755e+00   5.05241961e+00 
  5.98637644e+00   8.23934810e+00   5.07453675e+00 
  7.16031148e+00   8.78847384e+00   8.61026994e+00 
  9.39892189e+00   1.26630403e+01   1.11286116e+01 
  1.06442177e+01   1.05249078e+01   1.85839489e+00 
  9.65161759e+00   8.42282549e+00  -1.15321837e+00 
  1.02563239e+01   4.73691558e+00  -2.06361075e+00 
  1.13343783e+01   5.85357068e+00  -5.50545486e+00 
  2.10787730e+00  -4.31415420e+00   1.31797585e+01 
  2.69777804e+00  -8.04506656e+00   1.29996954e+01 
  6.06167347e+00  -7.37018255e+00   1.14447952e+01 
  8.20604455e+00  -4.74773990e+00   9.74031208e+00 
  9.91934389e+00  -8.63534006e+00  -2.69788097e+00 
  9.85062478e+00  -5.21143060e+00  -1.07558084e+00 
  1.05015056e+01  -1.90138053e+00  -4.32139084e+00 
  7.21945441e+00  -1.30875868e-01  -5.09745725e+00 
  8.12731699e+00   3.19001543e+00  -6.76500964e+00 
  5.18573575e+00   5.00862940e+00  -5.16690703e+00 
  2.78199879e+00   3.86614872e+00  -2.87476068e+00 
  1.44906387e-03   3.63261767e+00  -5.16017144e+00 
  1.72311669e+00   3.79053432e-01  -6.16831980e+00 
  2.07708076e+00  -9.45797646e-01  -2.63800241e+00 
  3.85672414e-01  -4.14139205e+00  -3.79577761e+00 
  3.65089499e+00  -5.12723605e+00  -5.54573165e+00 
  5.42842787e+00  -5.26154644e+00  -2.20886159e+00 
  1.01990691e+00  -9.25548820e+00  -2.99998562e+00 
 -1.21396346e+01  -6.03154020e+00   3.77302484e+00 
 -9.53466558e+00   1.54164221e+00  -1.13791890e+00 
 -1.05944124e+01  -1.87060510e+00  -2.51513959e+00 
 -8.90138770e+00  -1.31961107e+00  -5.87950358e+00 
 -5.57570471e+00  -3.12886713e+00  -6.28590278e+00 
 -3.83662505e+00  -4.61060642e-03  -7.59935173e+00 
 -4.95797674e+00   3.06970709e+00  -5.66128809e+00 
 -4.50762582e+00   6.85012709e+00  -5.86569165e+00 
 -3.26706169e+00   8.28964589e+00  -2.59305895e+00 
 -3.43373719e+00   1.19242770e+01  -3.69078275e+00 
 -4.98772687e+00   1.03293892e+01   1.31355041e+00 
 -3.00537893e+00   9.67468348e+00   4.49803770e+00 
 -1.65440316e+00   6.29923376e+00   3.71901767e+00 
 -1.97086832e+00   4.95203092e+00   7.17406655e+00 
 -5.72849075e+00   5.44901208e+00   6.65191068e+00 
 -5.91188296e+00   3.51063756e+00   3.37651235e+00 
 -4.05472093e+00   5.81606074e-01   4.87453781e+00 
 -5.80519496e+00  -2.77281870e+00   4.84702178e+00 
 -5.51989496e+00  -6.38587844e+00   3.73332751e+00 
 -6.63033807e+00  -5.44328266e+00   2.06242840e-01 
 -3.15652140e+00  -5.00615593e+00  -1.26167349e+00 
 -2.00987290e+00  -8.23178858e+00   4.69883689e-01 
 -6.17950264e+00  -8.97158222e+00  -3.72467401e+00 
 -2.53056601e+00  -8.88736413e+00  -4.80242992e+00 
 -4.90619131e+00  -5.52059446e+00   1.33621651e+01 

   4.617795102254e+00 

  1.33470667e+00   1.82385482e+00   2.58062104e+00 
  1.48133582e+00   2.64904588e+00   3.63456005e+00 
  9.42601888e-01   3.95594137e+00   3.58805309e+00 
  7.59402078e-01   4.53336416e+00   2.37063631e+00 
  1.28157337e+00   3.86583064e+00   1.33091637e+00 
  1.49614012e+00   2.47578479e+00   1.36464842e+00 
  7.53391680e-01   5.10257389e-01   2.50829898e+00 
 -4.82039898e-01   4.26775951e-01   2.58365436e+00 
  1.22216847e+00  -3.39569336e-01   1.36801786e+00 
  7.95763039e-01  -1.69009015e+00   1.34250094e+00 
  1.65924323e+00  -2.67684153e+00   1.88242304e+00 
  2.85774175e+00  -2.14934298e+00   2.36785988e+00 
  3.41445099e+00  -1.25434020e+00   1.50700918e+00 
  2.57676580e+00  -2.19976843e-01   1.06739782e+00 
  3.29856390e+00  -2.30514798e+00   3.64368448e+00 
  7.98867169e+00  -1.08112003e+01   1.24380275e-01 
  6.08631906e+00  -8.45837321e+00   4.59755306e+00 
  9.05581123e+00   5.65239403e+00   1.08880225e+01 
  7.81173084e+00   8.10439194e+00   6.50841209e+00 
  9.12193916e+00   4.67707045e+00   5.54204327e+00 
  6.56419651e+00   3.34474887e+00   3.15448671e+00 
  5.63813918e+00   8.23012393e-01   3.49223161e+00 
  7.84864973e+00  -1.25894949e+00   5.74619746e+00 
  9.11895913e+00   1.27511596e+00   8.22529129e+00 
  1.26515107e+01   1.24915661e+00   1.19516966e+01 
  1.30484761e+01  -3.79629255e+00   3.80030595e+00 
  1.13483340e+01  -4.91777725e+00   5.86957077e-01 
  1.05040602e+01  -3.08305518e+00  -2.68434468e+00 
  1.19508194e+01  -6.00150970e+00  -4.59351366e+00 
 -5.90644376e-01   1.15398666e+01   3.93056829e+00 
 -1.47083760e+00   1.39295268e+01   1.13505682e+00 
  1.90612973e+00   1.32725905e+01  -3.99062105e-01 
  4.90192906e+00   1.09475219e+01  -3.92180802e-01 
  5.08424376e+00   4.83437749e+00  -1.20263463e+01 
  6.31869188e+00   3.82595140e+00  -8.58847635e+00 
  8.20803185e+00  -4.53385084e-01  -8.77021108e+00 
  5.85772249e+00  -3.01600603e+00  -7.21526871e+00 
  7.97778886e+00  -6.08726575e+00  -6.37506561e+00 
  5.94412237e+00  -6.86504732e+00  -3.24881509e+00 
  3.27047841e+00  -5.11977095e+00  -1.78498931e+00 
  6.27712815e-01  -7.37533792e+00  -2.75313475e+00 
  9.81480880e-01  -5.58666444e+00  -6.10599461e+00 
  7.77684915e-01  -2.08911240e+00  -4.66750283e+00 
 -1.99901405e+00  -1.35866377e+00  -7.15135422e+00 
  6.53148146e-01  -1.13196829e+00  -9.91007673e+00 
  2.22125028e+00   1.85190353e+00  -8.19253997e+00 
 -3.37381205e+00   2.62749946e+00  -1.02189212e+01 
 -1.43471249e+01   1.98520049e+00   2.02926706e-01 
 -9.01076748e+00  -5.68050988e+00   1.21113141e+00 
 -1.12851404e+01  -4.80329065e+00  -1.74199389e+00 
 -9.48696115e+00  -7.14278410e+00  -4.14661350e+00 
 -7.10301248e+00  -5.40271887e+00  -6.55237723e+00 
 -4.29252567e+00  -7.86997515e+00  -5.82826618e+00 
 -4.16654243e+00  -8.70922701e+00  -2.12087696e+00 
 -2.30359075e+00  -1.11312400e+01   1.59348921e-01 
 -6.29455174e-01  -9.33428787e+00   3.03851063e+00 
  6.13778555e-01  -1.24777786e+01   4.77521773e+00 
 -1.46635462e+00  -8.24900601e+00   7.56671340e+00 
  9.30751637e-02  -4.99147757e+00   8.77335605e+00 
  5.61488933e-02  -3.05835521e+00   5.59729640e+00 
 -7.75151537e-01   2.19377486e-01   7.15224621e+00 
 -4.05355866e+00  -1.47955527e+00   8.15475994e+00 
 -4.94158284e+00  -2.67985969e+00   4.64907377e+00 
 -4.35579085e+00   7.59645787e-01   3.20028688e+00 
 -7.25557805e+00   2.39573524e+00   1.40264104e+00 
 -8.36573288e+00   3.95124654e+00  -1.87208973e+00 
 -9.00709213e+00   4.95786523e-01  -3.35881647e+00 
 -5.62006656e+00   8.19822611e-02  -5.02317305e+00 
 -5.80579782e+00   3.68889169e+00  -6.31681680e+00 
 -9.91248598e+00  -4.11445260e-03  -8.55829798e+00 
 -6.50126853e+00   1.35758607e-01  -1.02397943e+01 
 -7.53413381e+00   1.05603921e+01   5.16122608e+00 

   4.617795097371e+00 

