 -1.64902691e+00  -7.05816160e-02  -8.88280523e-01 
 -1.22376221e+00   2.19397690e-01   7.07243340e-01 
 -2.02445718e-01   1.10596536e+00   6.54785800e-01 
  1.16077528e+00   7.91807400e-01   7.28611406e-01 
  1.41232322e+00  -3.77321789e-01   1.38063617e+00 
  4.98198083e-01  -1.39540881e+00   1.36401433e+00 
 -8.34039401e-01  -1.10312469e+00   9.93943805e-01 
 -7.95076900e-01  -5.52177869e-01  -1.95916362e+00 
 -1.19502617e+00  -1.70656871e+00  -2.37774982e+00 
 -4.54636621e-02   9.60793240e-02  -2.98529221e+00 
  1.07595866e+00  -5.07912391e-01  -3.40137895e+00 
  2.23016769e+00  -2.91029088e-01   2.45481152e+00 
  1.74948349e+00  -7.00313247e-01   3.69373027e+00 
  1.09272026e+00   4.71845542e-01   4.35265120e+00 
 -3.87565839e-01   5.02249149e-01   4.08842653e+00 
 -8.00572799e-01  -9.21159040e-01   4.36672853e+00 
  1.39696444e+00   8.67606807e+00   1.03871834e+01 
 -1.12287657e+00   1.15130912e+01   1.05726326e+01 
  1.25777010e-01   1.17144888e+01   6.26263134e+00 
  4.48754080e-01   8.02202496e+00   5.36674110e+00 
  4.04359756e+00   6.89394717e+00   6.00308747e+00 
  4.10155613e+00   3.46604070e+00   4.47256461e+00 
  5.14156063e+00   1.16461056e+00   5.66348659e+00 
  7.17745689e+00   2.35817373e+00   8.62788078e+00 
  1.31157307e+01   1.35893868e+00   1.95714135e+00 
  1.76943843e+01   4.03559435e+00   1.61199723e+00 
  1.25396722e+01   5.82087236e+00  -4.32612265e-02 
  1.11866690e+01   7.79508366e+00   2.90214839e+00 
  7.82234862e+00   6.01480421e+00   2.99450266e+00 
  7.06628243e+00   8.05895524e+00  -1.28950026e-01 
 -7.06428763e+00   4.02470848e+00   4.85794088e+00 
 -6.31236671e+00   2.80495235e+00   1.34427857e+00 
 -7.57159019e+00   2.79743921e+00  -2.22752754e+00 
 -4.46976911e+00   4.69426586e+00  -3.26499499e+00 
 -9.63982094e-01   5.74288227e+00  -2.21649245e+00 
  1.66688566e+00   6.14040614e+00  -4.93525381e+00 
  3.10097196e+00   9.38010299e+00  -3.50230333e+00 
 -1.08106322e+00   1.01715938e+01  -5.99021601e+00 
 -3.49900818e+00   9.95111958e+00  -3.03751344e+00 
 -6.81730067e+00   8.17920124e+00  -3.63851917e+00 
 -9.88781874e+00   7.25373592e+00  -1.58357680e+00 
 -9.94122152e-01   3.99025850e+00  -8.75392821e+00 
  3.73686497e-01   5.21879298e+00  -1.20740656e+01 
  2.28152936e+00   1.94525579e+00  -1.24959456e+01 
  5.88223530e+00   5.38035099e+00  -1.07801154e+01 
  8.07536524e+00   2.54094714e+00  -1.20956045e+01 
  7.50091135e+00  -5.91938533e-01  -1.00244285e+01 
  7.71484341e+00   6.29432857e-01  -6.43323562e+00 
  8.91230848e+00   4.22017599e+00  -6.73651973e+00 
  9.44512059e+00  -5.02967283e+00   3.54230058e+00 
  1.00252755e+01  -8.79012742e+00   3.40550833e+00 
  7.07651804e+00  -6.14715534e+00  -5.82736494e-01 
  5.74923327e+00  -8.54445449e+00  -3.25115280e+00 
  6.47304756e+00  -3.62612824e+00  -5.40500278e+00 
  3.13553605e+00  -8.03506465e+00  -7.72930452e+00 
  4.71494384e+00  -6.11492488e+00  -1.05752084e+01 
  2.46291385e+00  -3.09029497e+00  -1.01777979e+01 
 -6.54914184e-01  -5.25631163e+00  -1.03981380e+01 
  7.76087011e+00  -1.31877627e+01   4.40249963e+00 
  9.82101020e+00  -1.25668938e+01   7.55178341e+00 
  8.59811698e+00  -9.51527973e+00   9.44131999e+00 
  3.87083325e+00  -4.61835115e+00   8.94072126e+00 
  3.68682346e-01  -3.10746176e+00   9.05391962e+00 
 -8.11432862e-01  -6.39145918e+00   1.06320811e+01 
  6.74601574e-01  -8.66926911e+00   7.96899082e+00 
 -8.27851255e-01  -6.59909510e+00   5.18440033e+00 
 -3.18897712e+00  -8.38111620e+00   2.78560338e+00 
 -3.81746942e+00  -9.12494638e+00  -8.91595535e-01 
 -1.28484060e+00  -1.19927867e+01  -7.88674936e-01 
  1.71154224e+00  -1.00054256e+01  -2.02366972e+00 
 -4.74749587e-01  -8.35201294e+00  -4.70674464e+00 
 -2.17202258e+00  -1.14914223e+01  -5.98643927e+00 
  3.26263988e-01  -1.42584591e+01  -5.30125337e+00 
  2.93964670e+00  -1.19354093e+01  -6.80182606e+00 
  7.68251539e-01  -1.12279556e+01  -9.84089000e+00 
 -1.09354781e+01   2.44337470e+00   3.55496279e+00 
 -9.69856381e+00  -5.44872241e-01   5.54238958e+00 
 -1.03808853e+01  -2.91727640e+00   2.66308047e+00 
 -1.40864468e+01  -2.21413804e+00   3.31482200e+00 
 -1.23586570e+01  -4.07964336e+00   8.61339450e+00 
 -3.80527205e+00   2.69379898e+00   1.20498903e+01 
 -7.37268604e+00   1.83408737e+00   1.11454009e+01 
 -5.88275166e+00   7.55141363e-02   1.59752009e+01 
 -6.53618747e+00  -2.68265301e+00   1.34318192e+01 

   4.197191129279e+00 

  5.08066653e-01   1.03340747e+00  -2.09383343e+00 
  2.83132084e-01   1.31383312e+00  -4.56328763e-01 
 -1.04829305e+00   1.19007671e+00  -2.46918134e-01 
 -1.70053983e+00   4.56051007e-02   2.29812051e-01 
 -8.97074622e-01  -7.65465405e-01   9.72707079e-01 
  4.49007207e-01  -8.21870938e-01   7.33360884e-01 
  1.04730014e+00   2.15599396e-01  -1.69355477e-02 
  1.21458206e-01  -1.42573328e-01  -2.85248648e+00 
  1.16254766e+00  -7.45139650e-01  -3.32245249e+00 
 -1.01957914e+00  -4.70511346e-01  -3.64340405e+00 
 -1.38211110e+00  -1.75952626e+00  -3.69364851e+00 
 -1.31761644e+00  -1.02058176e+00   2.23293905e+00 
 -4.93193499e-01  -6.67497744e-01   3.29556309e+00 
 -8.12809340e-01   7.40362366e-01   3.68959136e+00 
  9.29798447e-02   1.72890770e+00   3.00818240e+00 
  1.45726584e+00   1.11944807e+00   3.21181885e+00 
 -6.03115421e+00   7.51988764e+00   9.22351067e+00 
 -6.43000694e+00   1.12392937e+01   8.56045505e+00 
 -8.12118284e+00   9.47857318e+00   4.79009912e+00 
 -5.76946977e+00   6.54085566e+00   4.17329076e+00 
 -7.19515929e+00   3.42533379e+00   5.86484077e+00 
 -4.97024213e+00   6.99976689e-01   4.55391155e+00 
 -3.76207249e+00  -1.29817679e+00   6.08498317e+00 
 -5.47970238e+00  -1.20160976e+00   9.46100745e+00 
 -9.76509307e+00  -7.60384577e+00   4.83422460e+00 
 -1.47983646e+01  -9.06330593e+00   5.71955287e+00 
 -1.30018913e+01  -4.65944905e+00   2.57679517e+00 
 -1.30702047e+01  -1.67879295e+00   4.92511090e+00 
 -9.53595156e+00  -5.18630125e-01   4.11291202e+00 
 -1.10656577e+01   6.46966501e-01   8.25429376e-01 
  2.01906582e+00   8.94655101e+00   1.67639058e+00 
  1.83239020e+00   6.75972149e+00  -1.41907990e+00 
  2.06611049e+00   6.78021339e+00  -5.19908691e+00 
 -1.53986888e+00   5.65646433e+00  -5.37139966e+00 
 -4.43790997e+00   4.17450541e+00  -3.39790946e+00 
 -6.91441255e+00   1.96318832e+00  -5.25483486e+00 
 -9.99754135e+00   3.49875279e+00  -3.59894632e+00 
 -8.24922064e+00   6.35404820e+00  -7.21781772e+00 
 -6.00349765e+00   8.59266610e+00  -5.08267464e+00 
 -2.62192000e+00   9.56115907e+00  -6.54517573e+00 
  4.20139846e-01   1.15631036e+01  -5.42918714e+00 
 -4.22626085e+00   1.45089840e+00  -9.59047230e+00 
 -6.58469618e+00   5.38366745e-01  -1.24204154e+01 
 -5.50258580e+00  -3.10661498e+00  -1.21428634e+01 
 -1.01052413e+01  -2.88033289e+00  -9.59858005e+00 
 -9.67952858e+00  -6.64317972e+00  -1.01107448e+01 
 -6.65195275e+00  -7.86986000e+00  -8.17069461e+00 
 -7.08797193e+00  -6.33613556e+00  -4.72224905e+00 
 -1.05648772e+01  -4.81204088e+00  -4.80950192e+00 
 -2.39191205e+00  -8.99364253e+00   5.54494648e+00 
 -3.18625429e-02  -1.19755492e+01   5.73123958e+00 
 -7.06295032e-01  -9.08365867e+00   9.59584248e-01 
  1.48026140e+00  -1.04179340e+01  -1.88081588e+00 
 -2.97168712e+00  -8.10652272e+00  -3.92787033e+00 
  2.07183994e+00  -9.32029126e+00  -6.93946547e+00 
 -8.54435753e-01  -9.79903304e+00  -9.28219230e+00 
 -1.53158234e+00  -6.08864208e+00  -9.67261959e+00 
  2.07183163e+00  -5.43577634e+00  -1.06974223e+01 
  4.85541249e+00  -1.31373390e+01   6.20612184e+00 
  3.57382480e+00  -1.34012145e+01   9.78879375e+00 
  2.45101579e+00  -1.00336327e+01   1.11217763e+01 
  1.87311887e+00  -3.54612499e+00   9.08314610e+00 
  3.08224133e+00  -5.73897261e-02   8.12012503e+00 
  6.53608569e+00  -1.08205057e+00   9.41970822e+00 
  6.78751781e+00  -4.29355158e+00   7.39194487e+00 
  5.78585153e+00  -2.50973556e+00   4.21207018e+00 
  8.24454222e+00  -2.64325959e+00   1.30660023e+00 
  8.58745691e+00  -3.58553526e+00  -2.36281249e+00 
  9.04893343e+00  -7.26596479e+00  -1.41899724e+00 
  5.41254700e+00  -8.30208853e+00  -1.81430003e+00 
  5.18348856e+00  -6.29988867e+00  -5.07792872e+00 
  8.39149839e+00  -7.54773851e+00  -6.66719645e+00 
  8.89909250e+00  -1.09972255e+01  -5.18031977e+00 
  5.22302482e+00  -1.16027004e+01  -5.95361336e+00 
  5.61980312e+00  -1.03360018e+01  -9.51583189e+00 
  5.50604689e+00   1.02617803e+01  -6.24828196e-01 
  7.22329364e+00   7.85148525e+00   1.75235370e+00 
  8.93247310e+00   6.03459697e+00  -1.10455004e+00 
  1.09592891e+01   9.24664819e+00  -1.57900496e+00 
  1.20841072e+01   8.04368559e+00   4.06262071e+00 
  2.06254748e+00   7.49032115e+00   9.55002526e+00 
  4.88636986e+00   9.17739087e+00   7.68899076e+00 
  6.01023381e+00   8.10071670e+00   1.28092601e+01 
  8.04033004e+00   6.08268858e+00   1.02973873e+01 

   4.197191104192e+00 

 -2.99747969e+00  -5.35238959e-01   3.04853497e+00 
 -1.32999976e+00  -3.97210690e-01   2.94314411e+00 
 -1.09698460e+00   8.66944621e-01   2.51949575e+00 
 -8.49106034e-01   1.25593299e+00   1.19671162e+00 
 -3.30429431e-01   2.58742874e-01   4.27380265e-01 
 -6.31754420e-01  -1.05051277e+00   6.87092462e-01 
 -1.16726070e+00  -1.38398612e+00   1.95171601e+00 
 -3.97312064e+00  -3.11167797e-01   1.99693035e+00 
 -4.60358103e+00  -1.40344140e+00   1.71896726e+00 
 -4.76795939e+00   8.10730847e-01   1.61659750e+00 
 -5.07729319e+00   9.32407846e-01   3.18513046e-01 
  8.62526336e-01   5.20545928e-01  -1.54376476e-01 
  1.94102221e+00  -3.08821408e-01   1.32851027e-01 
  2.63948640e+00   2.31390995e-01   1.34107317e+00 
  2.14798959e+00  -4.17902852e-01   2.60552790e+00 
  2.16025154e+00  -1.88312058e+00   2.24902394e+00 
  9.70449995e+00   6.13901394e+00   5.70029531e+00 
  9.86812214e+00   7.26924978e+00   9.32362435e+00 
  5.88196600e+00   8.90973276e+00   8.06062636e+00 
  4.55530686e+00   6.11547671e+00   5.83054103e+00 
  5.59996294e+00   6.79945139e+00   2.21926761e+00 
  3.64640454e+00   4.22530542e+00   3.07801696e-01 
  4.66412801e+00   2.54850702e+00  -1.67942509e+00 
  8.05096503e+00   3.97246538e+00  -2.60614455e+00 
  2.34492601e+00   7.36873760e+00  -8.66145956e+00 
  3.10550852e+00   1.19573164e+01  -1.12332464e+01 
  9.04197714e-01   1.12662825e+01  -6.02028938e+00 
  3.83565131e+00   1.16902799e+01  -3.64744926e+00 
  3.14451565e+00   8.50880676e+00  -1.67332719e+00 
  2.47929735e-01   1.04908275e+01  -1.94287977e-01 
  2.30987783e+00  -8.65603874e-01   1.01786145e+01 
 -1.17076676e+00  -8.32455121e-01   8.66765174e+00 
 -4.86555074e+00  -7.48352071e-01   9.49530217e+00 
 -5.12460731e+00   2.59062877e+00   7.74039515e+00 
 -3.39501564e+00   4.99465044e+00   5.34901237e+00 
 -5.57731389e+00   7.16477229e+00   3.11309827e+00 
 -3.50565096e+00   1.03320662e+01   3.64421403e+00 
 -6.50039108e+00   9.44181352e+00   7.45794456e+00 
 -4.03116484e+00   7.47999921e+00   9.61843741e+00 
 -5.39165331e+00   4.46595707e+00   1.15096204e+01 
 -4.00065386e+00   1.76392732e+00   1.38055921e+01 
 -1.00296966e+01   4.79212897e+00   4.02588714e+00 
 -1.28892291e+01   7.16552299e+00   3.25543375e+00 
 -1.34414872e+01   5.41131290e+00  -8.39742680e-02 
 -1.07194711e+01   9.75300614e+00  -1.28786302e+00 
 -1.20405645e+01   8.68460792e+00  -4.71070014e+00 
 -1.05341325e+01   5.33445154e+00  -5.68120702e+00 
 -6.82268841e+00   5.76199391e+00  -4.99083711e+00 
 -6.43859326e+00   9.45547304e+00  -4.19708749e+00 
  2.43692903e+00  -1.67278854e-01  -8.68322656e+00 
  1.88435869e+00  -3.04354569e+00  -1.11159342e+01 
 -2.12756050e+00  -1.45973384e+00  -7.51279249e+00 
 -5.27531182e+00  -3.61486744e+00  -7.78895663e+00 
 -6.59562891e+00   1.33903490e+00  -6.03724214e+00 
 -1.00028824e+01  -3.57819672e+00  -5.59956428e+00 
 -1.22707459e+01  -6.08554081e-01  -6.16408534e+00 
 -1.18314384e+01   7.70295056e-01  -2.65926604e+00 
 -1.28412851e+01  -2.55499785e+00  -1.11534489e+00 
  1.89766137e+00  -8.08339048e+00  -1.13619295e+01 
  5.39118700e+00  -7.16983894e+00  -1.25900724e+01 
  7.45785549e+00  -5.55864239e+00  -9.84943950e+00 
  6.87740096e+00  -3.63046399e+00  -3.32847664e+00 
  6.63248888e+00  -4.09315181e+00   4.51284355e-01 
  7.53930333e+00  -7.77120511e+00  -1.12209116e-01 
  4.86385550e+00  -8.44331684e+00  -2.73500188e+00 
  2.18249352e+00  -6.87338309e+00  -5.80338208e-01 
 -7.83589812e-01  -9.06849209e+00   3.62304426e-01 
 -4.58054573e+00  -9.27778488e+00   2.65534185e-01 
 -4.46440079e+00  -1.04851467e+01  -3.36463216e+00 
 -4.92113876e+00  -7.08199592e+00  -4.99652720e+00 
 -7.66956299e+00  -6.22172199e+00  -2.46302137e+00 
 -9.61992120e+00  -9.46376771e+00  -2.70689225e+00 
 -8.92630469e+00  -1.07181740e+01  -6.21585047e+00 
 -9.65837270e+00  -7.16588125e+00  -7.36622595e+00 
 -1.28811887e+01  -7.02968668e+00  -5.35469083e+00 
  2.00447649e-01  -3.85038187e+00   1.25923001e+01 
  1.93495829e+00  -6.17096354e+00   1.01395787e+01 
 -1.31222600e+00  -7.94609351e+00   9.30952745e+00 
 -1.17317523e+00  -9.30063863e+00   1.28867158e+01 
  4.02994670e+00  -1.10855638e+01   1.08174462e+01 
  9.68219085e+00  -1.82066473e+00   7.20313384e+00 
  8.10923556e+00  -4.12339891e+00   9.75398632e+00 
  1.28304923e+01  -5.84146751e+00   7.91077158e+00 
  9.86385230e+00  -7.99621459e+00   6.88153092e+00 

   4.197191099260e+00 

 -3.56140111e-01  -7.47385926e-01   3.68629830e+00 
  9.68073112e-01  -7.73058268e-01   2.65846155e+00 
  1.15854888e+00   5.12532410e-01   2.28052335e+00 
  7.03419917e-01   1.09320630e+00   1.08964567e+00 
  5.16638460e-01   1.92525367e-01   8.50710592e-02 
  1.71887539e-01  -1.10186429e+00   3.64536076e-01 
  3.71237068e-01  -1.58736048e+00   1.67670890e+00 
 -1.68789223e+00  -2.43365488e-01   3.40283101e+00 
 -2.55649781e+00  -1.19795295e+00   3.44859355e+00 
 -2.33620527e+00   1.00575694e+00   3.63620303e+00 
 -3.28063650e+00   1.38017732e+00   2.76248975e+00 
  1.21521277e+00   4.20477583e-01  -1.05078003e+00 
  2.09723786e+00  -5.56642674e-01  -1.49885526e+00 
  3.43145292e+00  -3.09181210e-01  -8.67891608e-01 
  3.60798529e+00  -1.10868635e+00   3.93703904e-01 
  3.14988596e+00  -2.48404735e+00  -2.17979498e-02 
  1.26769620e+01   3.97308292e+00  -8.71464746e-01 
  1.50162282e+01   4.44263516e+00   2.08489662e+00 
  1.13811234e+01   6.69301998e+00   3.46242009e+00 
  8.55486255e+00   4.48015057e+00   2.17531819e+00 
  7.54162757e+00   5.65575164e+00  -1.31634896e+00 
  4.42168251e+00   3.67120460e+00  -1.96737849e+00 
  3.84384025e+00   2.25972452e+00  -4.30624670e+00 
  6.35274803e+00   3.44954820e+00  -6.88439126e+00 
 -9.97013660e-01   8.42389034e+00  -8.29765199e+00 
 -9.44767389e-01   1.32763125e+01  -1.04653468e+01 
  8.67979175e-03   1.19438800e+01  -5.00514729e+00 
  3.77992531e+00   1.16387340e+01  -4.70823381e+00 
  3.71567925e+00   8.25922568e+00  -2.95569494e+00 
  2.54137848e+00   1.02581400e+01   6.61475017e-02 
  7.82982464e+00  -2.86006832e+00   6.45067696e+00 
  4.17142128e+00  -2.19571892e+00   7.20811902e+00 
  1.63692064e+00  -1.85856230e+00   1.00020657e+01 
  1.07806244e+00   1.73964367e+00   8.98412988e+00 
  1.61317333e+00   4.31769219e+00   6.23515914e+00 
 -9.92211507e-01   7.05972741e+00   5.82972342e+00 
  1.57314043e+00   9.84867227e+00   5.33335948e+00 
  1.07306502e+00   8.64561090e+00   1.00881600e+01 
  3.90895544e+00   6.08971360e+00   1.02847223e+01 
  3.28544146e+00   2.96018305e+00   1.23654003e+01 
  5.18150052e+00  -2.28187416e-01   1.32294520e+01 
 -4.55160962e+00   5.05745469e+00   8.92938840e+00 
 -6.86278978e+00   7.82052937e+00   1.01241218e+01 
 -9.47747296e+00   6.73297814e+00   7.57175977e+00 
 -7.12134661e+00   1.08991708e+01   5.38074938e+00 
 -1.02804156e+01   1.05800563e+01   3.25447937e+00 
 -1.02105663e+01   7.30332821e+00   1.33277667e+00 
 -6.73116514e+00   7.20580017e+00  -1.89877283e-01 
 -5.29659528e+00   1.06462027e+01   5.34687296e-01 
 -2.33111821e+00   1.03696445e+00  -8.97142529e+00 
 -4.65441869e+00  -1.30460717e+00  -1.08729059e+01 
 -5.63951770e+00   6.05797657e-02  -5.51077674e+00 
 -8.75228486e+00  -1.66522742e+00  -4.11024994e+00 
 -7.94293504e+00   3.02860220e+00  -1.52842789e+00 
 -1.13854942e+01  -1.49668465e+00   3.82244839e-01 
 -1.29912719e+01   1.75165340e+00   1.45483205e+00 
 -1.04469201e+01   2.45539600e+00   4.17677866e+00 
 -1.10341982e+01  -9.57183385e-01   5.74854874e+00 
 -5.71339609e+00  -6.19997902e+00  -1.14849744e+01 
 -3.37839710e+00  -5.46992835e+00  -1.44111389e+01 
  1.11983014e-01  -4.58247606e+00  -1.32246241e+01 
  3.59049948e+00  -3.74729676e+00  -7.41255449e+00 
  5.38829052e+00  -4.82078896e+00  -4.22253623e+00 
  5.13377707e+00  -8.42396136e+00  -5.49543961e+00 
  1.38709515e+00  -8.34652333e+00  -6.16265237e+00 
  6.83817290e-01  -6.88987637e+00  -2.74497096e+00 
 -1.61693088e+00  -8.88282779e+00  -4.55990043e-01 
 -4.79834821e+00  -8.66392030e+00   1.61782473e+00 
 -6.92805363e+00  -9.23785326e+00  -1.51015783e+00 
 -7.56806926e+00  -5.57663597e+00  -2.30952847e+00 
 -8.24870155e+00  -4.87264479e+00   1.39906879e+00 
 -1.05709287e+01  -7.79695432e+00   2.05473999e+00 
 -1.21727187e+01  -8.49964853e+00  -1.30798437e+00 
 -1.27437627e+01  -4.74519867e+00  -1.54480570e+00 
 -1.42322261e+01  -4.61018463e+00   1.95056443e+00 
  6.89030176e+00  -5.96997695e+00   9.38840392e+00 
  6.51980566e+00  -8.00924235e+00   6.20821581e+00 
  3.09136136e+00  -9.25745252e+00   7.24359931e+00 
  4.92460113e+00  -1.12109670e+01   9.97735384e+00 
  7.68684679e+00  -1.31633177e+01   5.17124989e+00 
  1.20114447e+01  -4.07733152e+00  -2.68619961e-01 
  1.17104280e+01  -6.60026380e+00   2.52920490e+00 
  1.42175765e+01  -8.47411253e+00  -1.81157420e+00 
  1.08372568e+01  -1.00901410e+01  -1.12958062e+00 

   4.197191099433e+00 

  3.25512959e+00   1.18263689e+00  -3.26923919e-01 
  2.20274854e+00   1.11126573e+00  -1.63001053e+00 
  2.65759404e+00   1.01798036e-01  -2.40842638e+00 
  2.17430042e+00  -1.21309206e+00  -2.41147028e+00 
  8.84949691e-01  -1.31690869e+00  -1.98477143e+00 
  3.76955943e-01  -4.26878538e-01  -1.07802406e+00 
  1.05872646e+00   7.93875998e-01  -8.72631005e-01 
  3.58687858e+00   1.18270358e-01   6.03142390e-01 
  3.20104918e+00   4.19658046e-01   1.79817078e+00 
  4.64559204e+00  -8.35684889e-01   6.67881771e-01 
  4.37156572e+00  -2.01985973e+00   1.23193999e+00 
  1.80887904e-02  -1.88387401e+00  -2.85498497e+00 
 -1.08391057e+00  -1.14685250e+00  -3.27437437e+00 
 -6.90765396e-01  -3.64581184e-01  -4.48802962e+00 
 -2.34881036e-01   1.02382949e+00  -4.13240144e+00 
 -1.30807631e+00   1.48855729e+00  -3.18035078e+00 
  2.14813608e-01   6.31891163e-01  -1.45877515e+01 
  2.35485602e+00   3.12959279e+00  -1.64889078e+01 
  5.45391766e+00   9.80428618e-01  -1.40490885e+01 
  3.63248521e+00   4.75471563e-01  -1.07371970e+01 
  1.83613966e+00  -2.89635247e+00  -1.08030828e+01 
  6.98720553e-01  -3.27968917e+00  -7.24559279e+00 
 -1.86015817e+00  -4.03602990e+00  -6.42305249e+00 
 -3.58817421e+00  -5.38573356e+00  -9.51325627e+00 
 -3.07174466e-01  -1.26221513e+01  -5.31449130e+00 
  9.59481327e-01  -1.71701199e+01  -7.75564748e+00 
  4.19194601e+00  -1.24955928e+01  -7.31053825e+00 
  3.54411826e+00  -1.05410520e+01  -1.04985870e+01 
  2.85462542e+00  -7.23424730e+00  -8.74182355e+00 
  6.61956412e+00  -7.17176949e+00  -8.16956605e+00 
  2.60446387e+00   7.70585248e+00  -6.33856380e+00 
  4.26441172e+00   6.21491580e+00  -3.26924880e+00 
  7.09231476e+00   6.67402921e+00  -7.92218651e-01 
  8.59648111e+00   3.41955829e+00  -1.99283789e+00 
  7.94263321e+00   2.21437732e-01  -3.95089913e+00 
  9.77461482e+00  -2.93434890e+00  -2.87572118e+00 
  1.06166082e+01  -4.02878998e+00  -6.43926316e+00 
  1.36494541e+01  -4.82664182e-01  -4.84790393e+00 
  1.17270533e+01   2.51549981e+00  -6.23675507e+00 
  1.15455749e+01   5.62778776e+00  -4.04753212e+00 
  9.92651376e+00   9.07020655e+00  -4.23660817e+00 
  1.16040876e+01  -1.15757644e+00   1.57202898e+00 
  1.46309018e+01  -3.21058775e+00   2.58546338e+00 
  1.24776320e+01  -5.16126611e+00   5.05369677e+00 
  1.28864917e+01  -8.31049298e+00   8.55573422e-01 
  1.16294366e+01  -1.07329329e+01   3.53029605e+00 
  8.13981150e+00  -9.72211941e+00   4.64183218e+00 
  6.26629911e+00  -9.15757449e+00   1.38523566e+00 
  8.65486286e+00  -1.03958359e+01  -1.29446804e+00 
 -5.07468906e+00  -8.68967825e+00  -1.00091685e+00 
 -7.54117090e+00  -9.28194637e+00   1.83844860e+00 
 -2.38860894e+00  -7.26553801e+00   2.82423358e+00 
 -1.78537147e+00  -6.54272245e+00   6.53136397e+00 
  2.91459712e+00  -7.71898722e+00   4.10657385e+00 
  2.27009115e+00  -4.95704414e+00   9.39206003e+00 
  5.36825870e+00  -7.11506332e+00   9.54999949e+00 
  7.43203538e+00  -4.83333206e+00   7.33358620e+00 
  6.67872089e+00  -1.83428449e+00   9.54701345e+00 
 -1.07964466e+01  -6.85142280e+00   4.83118227e+00 
 -1.30409590e+01  -8.18434807e+00   2.05033385e+00 
 -1.22249528e+01  -6.58568609e+00  -1.28981272e+00 
 -7.86572143e+00  -2.08254458e+00  -3.99102311e+00 
 -6.38416364e+00   1.36007274e+00  -4.70798511e+00 
 -9.51166229e+00   2.85609081e+00  -3.08053773e+00 
 -9.29282317e+00   8.32851438e-01   1.36196285e-01 
 -5.63825160e+00   1.69721349e+00   5.76551501e-01 
 -4.66011723e+00   3.48707911e+00   3.79281894e+00 
 -2.34172079e+00   3.30830792e+00   6.80332678e+00 
 -4.71623298e+00   8.60354119e-01   8.54071655e+00 
 -2.99003868e+00  -2.33385929e+00   7.41360498e+00 
  4.27425493e-01  -7.79445864e-01   8.19927215e+00 
 -4.18420152e-01   6.04945047e-01   1.16259690e+01 
 -3.14935949e+00  -1.68397492e+00   1.29183402e+01 
 -9.44605874e-01  -4.56182624e+00   1.17628834e+01 
  2.11033534e+00  -3.09780911e+00   1.34878023e+01 
  3.15486964e+00   1.12064103e+01  -3.76414489e+00 
 -4.73609643e-01   1.04302915e+01  -2.96338315e+00 
  1.95888993e-01   1.04778121e+01   7.69417177e-01 
  7.83406655e-01   1.42360221e+01   3.43933915e-01 
 -4.62262149e+00   1.36937142e+01  -1.89682463e+00 
 -4.09266802e+00   6.07625601e+00  -1.04140367e+01 
 -3.41049667e+00   9.36543005e+00  -8.68209431e+00 
 -8.36258484e+00   8.95415285e+00  -1.06688319e+01 
 -8.19853694e+00   9.04631361e+00  -6.86516912e+00 

   4.197191129319e+00 

 -2.78888496e+00   1.51658954e+00   1.82235022e+00 
 -2.90244879e+00   4.51560489e-01   5.32592074e-01 
 -2.31939821e+00   1.08420008e+00  -5.12239994e-01 
 -1.00064439e+00   9.02546169e-01  -9.48611127e-01 
 -4.83413319e-01  -3.13119212e-01  -6.17126835e-01 
 -9.03708728e-01  -9.65709862e-01   5.09750203e-01 
 -2.11560162e+00  -5.61362060e-01   1.11396960e+00 
 -1.58629133e+00   2.11360381e+00   2.37490432e+00 
 -1.39969037e+00   1.72186655e+00   3.59126763e+00 
 -9.21250047e-01   3.35808924e+00   2.16514784e+00 
  4.10277831e-01   3.37572177e+00   2.31427448e+00 
 -4.40232566e-02  -1.06993811e+00  -1.64877802e+00 
 -6.11852119e-01  -2.32389869e+00  -1.84538298e+00 
 -1.80526858e+00  -2.16435163e+00  -2.73407616e+00 
 -3.07394043e+00  -2.01064556e+00  -1.94107197e+00 
 -2.96225800e+00  -3.11855390e+00  -9.24097458e-01 
 -6.12676595e+00  -1.92869485e+00  -1.19582869e+01 
 -9.50774434e+00  -4.73501925e-01  -1.28986014e+01 
 -7.44084530e+00   3.12309330e+00  -1.11757631e+01 
 -5.52085309e+00   1.59939713e+00  -8.25462106e+00 
 -2.03379327e+00   5.88347748e-01  -9.44570662e+00 
 -2.99981240e-01  -2.85154304e-01  -6.23212215e+00 
  1.22645152e+00  -2.57752989e+00  -5.77228026e+00 
  1.87505624e+00  -4.09520819e+00  -9.18301539e+00 
  9.14985773e+00   8.73217616e-01  -7.40751366e+00 
  1.22881756e+01   3.00560984e+00  -1.11292587e+01 
  7.40122923e+00   5.14546426e+00  -9.11999850e+00 
  4.73225217e+00   3.94885229e+00  -1.15383125e+01 
  2.39324276e+00   2.62321084e+00  -8.84232987e+00 
  1.68094724e+00   6.30278809e+00  -8.16441157e+00 
 -1.05648945e+01  -8.08166997e-01  -1.81689475e+00 
 -8.58581547e+00   1.26770751e+00   6.67657203e-01 
 -8.85189480e+00   4.02739722e+00   3.24773815e+00 
 -6.56574716e+00   6.15899294e+00   1.12041954e+00 
 -4.09244371e+00   6.14301568e+00  -1.77303706e+00 
 -1.24862746e+00   8.66867382e+00  -1.70258664e+00 
 -1.55618002e+00   9.57935973e+00  -5.40147318e+00 
 -4.99495488e+00   1.18216089e+01  -2.67151732e+00 
 -7.77276965e+00   9.22923533e+00  -3.09209778e+00 
 -9.90816590e+00   8.45984765e+00  -3.26793643e-02 
 -1.27826349e+01   6.11610000e+00   8.34246371e-01 
 -1.88320528e+00   1.02486678e+01   3.13344119e+00 
 -3.41127000e-01   1.36933333e+01   3.53320976e+00 
  2.71816212e+00   1.21288343e+01   5.18456772e+00 
  4.20023599e+00   1.30429330e+01   2.16981391e-01 
  7.56095743e+00   1.24644519e+01   1.94137643e+00 
  7.75626796e+00   8.88815605e+00   3.20896823e+00 
  6.61941523e+00   6.80017649e+00   2.45489920e-01 
  6.38119944e+00   9.28713465e+00  -2.61417364e+00 
  7.95011495e+00  -4.45612077e+00  -2.21528179e+00 
  9.94409044e+00  -6.60923802e+00   2.10509589e-01 
  7.25309086e+00  -1.99004483e+00   1.94493982e+00 
  7.62786172e+00  -1.40438185e+00   5.70603157e+00 
  6.89999850e+00   3.33226794e+00   3.17873853e+00 
  6.17205366e+00   2.31981542e+00   9.04603827e+00 
  7.52388688e+00   5.82094027e+00   8.60400939e+00 
  4.25905379e+00   7.23599231e+00   7.29386676e+00 
  2.36275737e+00   5.93525751e+00   1.03226014e+01 
  9.37468225e+00  -1.01900732e+01   3.71965971e+00 
  1.02206104e+01  -1.22016914e+01   5.91495086e-01 
  7.50646199e+00  -1.18998322e+01  -2.03916736e+00 
  1.52991424e+00  -8.75735297e+00  -3.03087804e+00 
 -2.20067063e+00  -8.10181688e+00  -2.56865756e+00 
 -2.36960514e+00  -1.14101792e+01  -6.46666696e-01 
  4.67091952e-01  -1.06153039e+01   1.76376128e+00 
 -1.00190336e+00  -7.22542394e+00   2.56858999e+00 
 -1.84987858e+00  -6.53012195e+00   6.21580981e+00 
 -1.24554112e+00  -4.10392665e+00   9.08257504e+00 
  2.08970220e+00  -5.80549491e+00   9.87639187e+00 
  4.29428535e+00  -3.46769864e+00   7.84473338e+00 
  2.35115661e+00  -4.46199226e-01   9.18911957e+00 
  2.34882205e+00  -1.43025665e+00   1.28505110e+01 
  5.47550886e+00  -3.53303283e+00   1.32623301e+01 
  7.27312647e+00  -7.99704510e-01   1.13192444e+01 
  5.79161905e+00   1.92815828e+00   1.35136175e+01 
 -1.30987237e+01  -9.33491748e-01   1.75360431e+00 
 -1.13234398e+01  -4.26484449e+00   2.15361122e+00 
 -1.03325762e+01  -3.46483307e+00   5.72606366e+00 
 -1.40632193e+01  -3.73770716e+00   6.53744342e+00 
 -1.30729537e+01  -8.98158315e+00   4.07541033e+00 
 -8.86703502e+00  -7.14854318e+00  -6.40312690e+00 
 -1.15022698e+01  -7.13458752e+00  -3.69408244e+00 
 -1.06531137e+01  -1.19541722e+01  -5.85972875e+00 
 -9.56871695e+00  -1.16535663e+01  -2.22147563e+00 

   4.197191054068e+00 

 -6.02627861e-02   3.11080425e+00  -2.55635549e+00 
  9.01702781e-01   2.72359432e+00  -1.23901279e+00 
  9.96150131e-02   2.84707216e+00  -1.55812403e-01 
 -5.73971667e-01   1.80174670e+00   4.89238245e-01 
  1.73640182e-02   5.87285305e-01   3.14199613e-01 
  7.27129326e-01   3.15057578e-01  -8.23574965e-01 
  1.15225107e+00   1.39436454e+00  -1.63079967e+00 
 -1.31321597e+00   2.49219980e+00  -2.95053664e+00 
 -1.19450016e+00   1.91184180e+00  -4.09811233e+00 
 -2.68354194e+00   2.81067470e+00  -2.71434584e+00 
 -3.55015022e+00   1.79029487e+00  -2.65660434e+00 
  3.77010066e-01  -6.36237908e-02   1.44428162e+00 
  1.71462195e+00  -3.98042572e-01   1.62444675e+00 
  2.39642453e+00   7.46060522e-01   2.30683387e+00 
  3.04075143e+00   1.67984918e+00   1.31946604e+00 
  3.76981472e+00   7.33365000e-01   3.99276505e-01 
  5.44922651e+00   5.61349462e+00   1.07214234e+01 
  6.52314997e+00   9.24366173e+00   1.10398414e+01 
  2.34667396e+00   9.68927878e+00   9.44792623e+00 
  2.14711650e+00   6.81142011e+00   6.95409720e+00 
  7.77119153e-01   3.71666371e+00   8.72782855e+00 
  1.78849691e-01   1.34624095e+00   5.87837673e+00 
  9.52940267e-01  -1.33527370e+00   5.79644049e+00 
  1.89330181e+00  -2.25416118e+00   9.35009814e+00 
 -6.64873872e+00  -4.89017868e+00   8.43064550e+00 
 -1.00859560e+01  -5.33088685e+00   1.24603794e+01 
 -8.74144448e+00  -5.88596715e-01   9.59657502e+00 
 -5.99609700e+00   1.05255012e+00   1.16394294e+01 
 -3.63342897e+00   1.56039270e+00   8.69723332e+00 
 -6.05438642e+00   4.32677360e+00   7.70106586e+00 
  6.86106434e+00   8.09486944e+00  -3.26328229e-02 
  3.87212883e+00   7.52328319e+00  -2.29948036e+00 
  1.77575163e+00   9.07032058e+00  -5.04818647e+00 
 -1.20505726e+00   9.02444814e+00  -2.72260102e+00 
 -2.60807434e+00   7.59512998e+00   5.14402161e-01 
 -6.36382253e+00   7.03237976e+00   7.35506403e-01 
 -6.67347783e+00   8.42252653e+00   4.28195828e+00 
 -6.36540953e+00   1.20202505e+01   9.25326515e-01 
 -2.58143572e+00   1.25455822e+01   1.06365993e+00 
 -7.96233981e-01   1.31950275e+01  -2.23833578e+00 
  2.78872609e+00   1.37493935e+01  -3.39937342e+00 
 -7.43713656e+00   7.75676504e+00  -4.22528386e+00 
 -1.10928472e+01   8.71082117e+00  -4.58459140e+00 
 -1.19162659e+01   5.14346820e+00  -5.64754383e+00 
 -1.32966522e+01   5.37957539e+00  -5.73308740e-01 
 -1.50754598e+01   2.19779568e+00  -1.71993741e+00 
 -1.25097955e+01  -4.16594018e-01  -2.72849195e+00 
 -1.00204923e+01  -4.15324410e-01   1.41645876e-01 
 -1.16341699e+01   1.79032636e+00   2.77803528e+00 
 -2.05549382e+00  -8.17507529e+00   3.43944355e+00 
 -1.79032189e+00  -1.14304457e+01   1.48277039e+00 
 -3.73628483e+00  -6.73559419e+00  -9.16886183e-01 
 -4.62624013e+00  -7.23751937e+00  -4.60271580e+00 
 -7.68134068e+00  -3.28663188e+00  -2.50278949e+00 
 -6.75170926e+00  -4.29714466e+00  -8.34186795e+00 
 -1.02853167e+01  -3.03128615e+00  -7.90375583e+00 
 -9.23442826e+00   5.43447946e-01  -7.20027027e+00 
 -7.18968004e+00   6.79713805e-01  -1.04036312e+01 
  1.14460873e+00  -1.38200366e+01  -1.85441361e+00 
  2.32547878e+00  -1.52458502e+01   1.48028363e+00 
  3.95554980e+00  -1.25870016e+01   3.63701510e+00 
  5.37860390e+00  -5.91352533e+00   3.50498750e+00 
  7.21611430e+00  -2.74556891e+00   2.43341852e+00 
  9.77147093e+00  -5.01682747e+00   7.07337266e-01 
  7.22982063e+00  -7.03848466e+00  -1.27805578e+00 
  5.50568074e+00  -3.90273962e+00  -2.49930326e+00 
  5.31326888e+00  -3.39145767e+00  -6.26842216e+00 
  2.90631954e+00  -2.75988268e+00  -9.14551891e+00 
  2.05918292e+00  -6.48868516e+00  -9.31199168e+00 
 -1.03394222e+00  -6.35704166e+00  -7.10555467e+00 
 -2.20194998e+00  -3.18047056e+00  -8.91047430e+00 
 -1.63705502e+00  -4.37661618e+00  -1.24635381e+01 
 -2.02214204e+00  -8.14204381e+00  -1.22618282e+01 
 -5.16665993e+00  -7.46532610e+00  -1.02290561e+01 
 -6.44657540e+00  -4.95771696e+00  -1.27834818e+01 
  8.37531913e+00   9.37430468e+00  -3.93833950e+00 
  9.79570722e+00   5.85490545e+00  -3.86139209e+00 
  8.35955606e+00   5.05198662e+00  -7.27855534e+00 
  1.08942546e+01   7.57653581e+00  -8.63961823e+00 
  1.44399730e+01   3.88736068e+00  -5.74852589e+00 
  1.09163790e+01   3.50757770e+00   5.12757992e+00 
  1.24335534e+01   5.08713765e+00   2.04752219e+00 
  1.57258979e+01   1.72740969e+00   4.59941678e+00 
  1.46119069e+01   5.26678679e-01   1.16133327e+00 

   4.197191042290e+00 

  2.74672280e+00   3.73555123e-01  -1.56746763e+00 
  1.07765913e+00   2.16655465e-01  -1.55108748e+00 
  6.08616556e-01   1.38550181e+00  -1.05545443e+00 
  2.36068189e-01   1.62177253e+00   2.74174530e-01 
 -1.35709686e-01   4.93637684e-01   9.40767164e-01 
  4.00959814e-01  -7.20670673e-01   6.09384016e-01 
  1.04405012e+00  -8.57944280e-01  -6.41557171e-01 
  3.61889383e+00   6.77636206e-01  -4.47277071e-01 
  4.41669804e+00  -3.09538942e-01  -2.08926685e-01 
  4.18757206e+00   1.88530126e+00   5.58840124e-02 
  4.41096623e+00   1.95594300e+00   1.37520980e+00 
 -1.38154243e+00   5.01878852e-01   1.46800221e+00 
 -2.28449841e+00  -4.74130872e-01   1.06109307e+00 
 -3.01004800e+00   3.19864949e-02  -1.45926528e-01 
 -2.35525310e+00  -4.23029467e-01  -1.42115719e+00 
 -2.12814272e+00  -1.89222641e+00  -1.16808147e+00 
 -1.07887001e+01   4.97176823e+00  -4.49426803e+00 
 -1.09799510e+01   6.33769376e+00  -8.03410733e+00 
 -7.40331551e+00   8.52965295e+00  -6.42826354e+00 
 -5.71382519e+00   5.83656073e+00  -4.32256437e+00 
 -7.02680319e+00   6.04762101e+00  -7.40381827e-01 
 -4.74442458e+00   3.70252532e+00   1.10013704e+00 
 -5.54453365e+00   1.72646155e+00   2.90331125e+00 
 -9.16678163e+00   2.47528310e+00   3.72534360e+00 
 -4.42513335e+00   6.30989341e+00   1.03263233e+01 
 -6.09164531e+00   1.04860414e+01   1.31600573e+01 
 -3.56604771e+00   1.05906018e+01   8.05038300e+00 
 -6.41417465e+00   1.06931304e+01   5.54414632e+00 
 -5.08879910e+00   7.84046703e+00   3.39884797e+00 
 -2.51721986e+00   1.03968467e+01   2.23345999e+00 
 -2.08788317e+00  -2.97487400e-01  -9.00327363e+00 
  1.26039502e+00   2.10093917e-01  -7.29143231e+00 
  4.91802893e+00   9.87306922e-01  -7.89239539e+00 
  4.50989801e+00   4.17381036e+00  -5.89858542e+00 
  2.27942574e+00   6.05314031e+00  -3.45263195e+00 
  3.94467148e+00   8.38169961e+00  -9.47443239e-01 
  1.37915563e+00   1.11812283e+01  -1.37926019e+00 
  4.65551673e+00   1.11158018e+01  -5.06255896e+00 
  2.66826355e+00   8.93701490e+00  -7.49509973e+00 
  4.61901357e+00   6.35644056e+00  -9.50684670e+00 
  3.82761299e+00   3.64499876e+00  -1.20620480e+01 
  8.77975642e+00   6.88158229e+00  -1.75851572e+00 
  1.11431288e+01   9.63996672e+00  -6.58821847e-01 
  1.18385226e+01   7.74961481e+00   2.57798011e+00 
  8.34869983e+00   1.14560117e+01   3.91693143e+00 
  9.67691285e+00   1.03638285e+01   7.32949832e+00 
  8.73465704e+00   6.74036942e+00   7.97565949e+00 
  5.04127101e+00   6.58171595e+00   7.09928974e+00 
  4.05600076e+00   1.02063039e+01   6.54162690e+00 
 -3.20262105e+00  -1.10974594e+00   9.82142985e+00 
 -2.26956316e+00  -4.03120956e+00   1.20777030e+01 
  1.56624524e+00  -1.50956804e+00   8.83508542e+00 
  5.02546081e+00  -3.11151147e+00   9.14632366e+00 
  5.54097304e+00   2.11664619e+00   7.82214056e+00 
  9.76989069e+00  -2.09825096e+00   7.24675642e+00 
  1.14568110e+01   1.16107377e+00   8.14776648e+00 
  1.09455677e+01   2.71493014e+00   4.72692714e+00 
  1.25897198e+01  -2.58345095e-01   3.01886289e+00 
 -1.41520117e+00  -9.00312295e+00   1.19733738e+01 
 -5.06725634e+00  -8.79743055e+00   1.30540214e+01 
 -7.25484805e+00  -7.35258345e+00   1.03145023e+01 
 -6.72003796e+00  -4.84919478e+00   3.98798573e+00 
 -6.22452261e+00  -4.96604407e+00   2.06259910e-01 
 -6.50109340e+00  -8.77749078e+00   4.59706227e-01 
 -3.87301736e+00  -9.18694134e+00   3.18264707e+00 
 -1.41018931e+00  -7.01914380e+00   1.30325481e+00 
  1.93338603e+00  -8.59590825e+00   3.87265089e-01 
  5.70012331e+00  -8.16180806e+00   6.92614310e-01 
  5.62935407e+00  -9.65172717e+00   4.21744909e+00 
  5.41012893e+00  -6.35887831e+00   6.10482866e+00 
  8.08009198e+00  -4.84705282e+00   3.80303282e+00 
  1.05525337e+01  -7.71818325e+00   3.93647175e+00 
  9.92753209e+00  -9.34325405e+00   7.30336223e+00 
  9.97527694e+00  -5.81927850e+00   8.73773029e+00 
  1.32140839e+01  -4.97867715e+00   6.93359848e+00 
  6.18466309e-01  -2.68075603e+00  -1.14892670e+01 
 -7.95861273e-01  -5.44782663e+00  -9.30923386e+00 
  2.66940116e+00  -6.70290513e+00  -8.41425899e+00 
  2.93345191e+00  -7.77708832e+00  -1.20785325e+01 
 -1.96838163e+00  -1.05792401e+01  -1.04474471e+01 
 -9.30974183e+00  -2.72519660e+00  -6.54002231e+00 
 -7.24367800e+00  -4.51924341e+00  -9.14700434e+00 
 -1.16727846e+01  -7.15589994e+00  -7.70806629e+00 
 -8.42644103e+00  -8.84726973e+00  -6.65750102e+00 

   4.197191054547e+00 

  9.33533884e-01  -2.03374151e+00  -3.28525880e+00 
 -4.18093704e-01  -1.30377982e+00  -2.61372335e+00 
 -1.55982994e-01  -1.20427966e+00  -1.28959634e+00 
  3.34824435e-01  -6.77404410e-02  -6.33927732e-01 
  4.50840414e-02   1.09653901e+00  -1.27870427e+00 
 -9.04502695e-02   1.12440273e+00  -2.64004910e+00 
 -2.95715085e-01  -9.45732738e-02  -3.32503639e+00 
  2.31167775e+00  -1.58267770e+00  -3.21312817e+00 
  2.75644897e+00  -1.28464529e+00  -4.38837031e+00 
  3.40515192e+00  -1.89786696e+00  -2.35290983e+00 
  4.30683572e+00  -9.32776219e-01  -2.12688954e+00 
 -6.49714055e-01   2.01117125e+00  -5.63989819e-01 
 -1.88188563e+00   2.43857433e+00  -1.04625609e+00 
 -2.93745145e+00   1.51963606e+00  -5.16339046e-01 
 -3.24599418e+00   4.09304993e-01  -1.48276543e+00 
 -3.39271347e+00   1.14388798e+00  -2.79157239e+00 
 -9.82152157e+00  -1.08295616e+00   6.53014404e+00 
 -1.14328449e+01  -4.48339232e+00   7.05310284e+00 
 -7.07962535e+00  -5.47966466e+00   7.53543175e+00 
 -5.47221645e+00  -3.28326170e+00   4.86464018e+00 
 -4.52611529e+00   7.75895677e-02   6.41709120e+00 
 -2.48545088e+00   1.67955513e+00   3.70312709e+00 
 -2.77072250e+00   4.29815295e+00   2.77683551e+00 
 -4.94319436e+00   6.07076501e+00   5.32542909e+00 
  3.50518287e+00   8.02785675e+00   7.68236609e+00 
  5.01605156e+00   9.25132600e+00   1.26288639e+01 
  4.30633699e+00   4.03287711e+00   1.04465488e+01 
  7.63610957e-01   3.04533268e+00   1.13832441e+01 
 -2.33373449e-01   1.96480419e+00   7.87110769e+00 
  1.96566227e+00  -1.06468896e+00   8.57300584e+00 
 -7.04250955e+00  -5.96478125e+00  -3.07428766e+00 
 -3.33966872e+00  -6.07931035e+00  -3.89580880e+00 
 -5.43480419e-01  -8.32390766e+00  -5.11507955e+00 
  1.19780674e+00  -7.86513094e+00  -1.79045678e+00 
  1.33932815e+00  -5.77731089e+00   1.38925644e+00 
  4.71364064e+00  -5.34810870e+00   3.09249453e+00 
  3.34454987e+00  -5.87498633e+00   6.62147538e+00 
  3.93252980e+00  -1.01453139e+01   4.22896993e+00 
  3.90925378e-01  -1.04521361e+01   2.82310164e+00 
  4.17251511e-02  -1.17810143e+01  -7.29931160e-01 
 -2.79269276e+00  -1.24314861e+01  -3.18965275e+00 
  7.60945453e+00  -7.26981754e+00  -6.76785787e-01 
  1.09168514e+01  -8.44543541e+00   7.66333703e-01 
  1.25982818e+01  -5.27030925e+00  -5.08522759e-01 
  1.17319811e+01  -4.36479009e+00   4.60407274e+00 
  1.42543337e+01  -1.62674159e+00   3.74182925e+00 
  1.27240312e+01   7.88852120e-01   1.24024360e+00 
  9.30517267e+00   1.57679990e+00   2.69793616e+00 
  9.36878250e+00  -1.51434609e-02   6.14482892e+00 
  1.87236000e+00   1.02462668e+01   6.67162060e-01 
  2.89433636e+00   1.29567801e+01  -1.80366874e+00 
  4.96724255e+00   7.74559628e+00  -2.16887775e+00 
  7.34916078e+00   7.32331350e+00  -5.13155089e+00 
  8.68500356e+00   3.84571264e+00  -1.19776669e+00 
  1.03801237e+01   3.49121401e+00  -6.94068288e+00 
  1.32069716e+01   2.20651655e+00  -4.78680154e+00 
  1.14666148e+01  -1.05031647e+00  -3.92530334e+00 
  1.09156092e+01  -1.84607124e+00  -7.60283677e+00 
  1.95266216e+00   1.46215123e+01  -6.47300230e+00 
 -2.75329070e-01   1.68454047e+01  -4.31940958e+00 
 -3.00321174e+00   1.48465470e+01  -2.60438141e+00 
 -5.17488748e+00   8.40133930e+00  -2.03788108e+00 
 -6.84016686e+00   5.15612328e+00  -3.15862637e+00 
 -8.11594241e+00   7.06891140e+00  -6.22154292e+00 
 -4.72657406e+00   8.44856385e+00  -7.26921217e+00 
 -3.11568248e+00   5.03882189e+00  -6.99409605e+00 
 -1.47158720e+00   3.64476685e+00  -1.01338811e+01 
  1.78646172e+00   2.24456303e+00  -1.15102983e+01 
  3.14510581e+00   5.78680825e+00  -1.20161705e+01 
  5.01132021e+00   6.04009787e+00  -8.71371599e+00 
  6.35409420e+00   2.47810656e+00  -9.18462668e+00 
  7.46841315e+00   2.82660167e+00  -1.27917000e+01 
  8.26503953e+00   6.51206770e+00  -1.31791928e+01 
  1.01716438e+01   6.19295375e+00  -9.90182666e+00 
  1.20166335e+01   3.09851123e+00  -1.11150111e+01 
 -6.98937899e+00  -8.05982675e+00  -6.92038025e+00 
 -7.80383894e+00  -4.56126376e+00  -8.14769689e+00 
 -4.99704551e+00  -4.65259925e+00  -1.06967716e+01 
 -7.08131988e+00  -7.31010714e+00  -1.24978795e+01 
 -1.09394744e+01  -2.88716456e+00  -1.21932986e+01 
 -1.21619613e+01  -1.11798360e-01  -1.16367956e+00 
 -1.24918574e+01  -2.30329917e+00  -4.22506425e+00 
 -1.60293312e+01   1.70840950e+00  -4.04633807e+00 
 -1.34481429e+01   2.01282675e+00  -6.82985140e+00 

   4.197191042292e+00 

 -7.67268696e-01  -7.11816717e-02   1.02961629e+00 
 -7.53396546e-01  -1.70251518e+00   6.43328431e-01 
  4.60849892e-01  -2.15670512e+00   1.03213693e+00 
  1.57813472e+00  -2.32278382e+00   2.03510393e-01 
  1.25710523e+00  -2.51082253e+00  -1.10676957e+00 
  1.19516352e-01  -1.96058717e+00  -1.63165744e+00 
 -8.90847886e-01  -1.52146847e+00  -7.46444818e-01 
  1.67603323e-01   9.50414184e-01   5.93348305e-01 
 -4.29960141e-01   1.83604917e+00  -1.32176532e-01 
  1.34339279e+00   1.51700534e+00   1.16912204e+00 
  2.29369232e+00   1.94644104e+00   3.27675773e-01 
  1.71454308e+00  -3.65281011e+00  -1.66958193e+00 
  7.94664063e-01  -4.54739323e+00  -2.20534664e+00 
  3.70451703e-01  -5.48898307e+00  -1.12232951e+00 
 -8.85410406e-01  -5.02252807e+00  -4.38780171e-01 
 -1.77908897e+00  -4.66661527e+00  -1.60017405e+00 
  1.43293550e+00  -1.41610982e+01   4.12004460e+00 
 -2.94979284e-02  -1.50079739e+01   7.52252643e+00 
  2.40960825e+00  -1.13614980e+01   8.48674365e+00 
  1.82242307e+00  -9.18912467e+00   5.40825399e+00 
  4.54873046e+00  -9.91472648e+00   2.83119325e+00 
  3.98631212e+00  -7.22305328e+00   2.74864635e-01 
  3.87505189e+00  -7.59605645e+00  -2.49008148e+00 
  5.23178392e+00  -1.10766112e+01  -3.12424706e+00 
  1.22329819e+01  -5.57527020e+00  -4.34033591e+00 
  1.73078835e+01  -7.01659605e+00  -3.69576230e+00 
  1.36649236e+01  -5.36393785e+00   3.65753676e-01 
  1.21964877e+01  -8.58138811e+00   1.74244225e+00 
  8.57162859e+00  -7.44664436e+00   1.47906875e+00 
  9.41929338e+00  -5.26173219e+00   4.48137622e+00 
 -6.07250077e+00  -5.99584505e+00   5.01305649e+00 
 -4.75199356e+00  -2.45247162e+00   4.69718864e+00 
 -4.86353335e+00   1.00398469e+00   6.24120026e+00 
 -1.16755885e+00   7.27279713e-01   6.98877156e+00 
  2.03023034e+00  -1.18964792e+00   6.22123709e+00 
  5.32276825e+00   7.11718432e-01   6.34453870e+00 
  7.20759388e+00  -2.05871276e+00   8.18242947e+00 
  4.38028239e+00   5.75041629e-01   1.12443178e+01 
  1.26772189e+00  -1.64097285e+00   1.11227020e+01 
 -2.11249588e+00   1.14400512e-01   1.10540890e+01 
 -5.77450300e+00  -9.10709216e-01   1.08392891e+01 
  3.35130747e+00   5.43513945e+00   6.64265155e+00 
  5.92915657e+00   7.76955649e+00   8.16210279e+00 
  6.77060983e+00   9.09638122e+00   4.68857680e+00 
  1.05975827e+01   5.64633425e+00   5.76583623e+00 
  1.20896893e+01   7.57528891e+00   2.82383368e+00 
  1.00044298e+01   6.97709431e+00  -2.95250086e-01 
  9.53737151e+00   3.20758355e+00  -3.78567466e-01 
  1.18176549e+01   1.92177835e+00   2.37214079e+00 
  6.47800122e+00  -3.99233441e+00  -8.94196758e+00 
  5.88361556e+00  -2.52632709e+00  -1.24051806e+01 
  5.17855330e+00   5.69132026e-01  -7.76754186e+00 
  4.00728655e+00   4.12578006e+00  -8.54706380e+00 
  6.80241753e+00   4.09416046e+00  -3.90604137e+00 
  3.08945213e+00   8.42741587e+00  -5.75454227e+00 
  5.93533859e+00   1.00323355e+01  -3.85562653e+00 
  4.71225478e+00   8.87793853e+00  -4.57183539e-01 
  1.28218737e+00   1.04049730e+01  -1.06041458e+00 
  2.18706494e+00  -1.39305438e+00  -1.56473939e+01 
  3.33574476e+00  -4.82731940e+00  -1.68448806e+01 
  2.62255655e+00  -7.51543285e+00  -1.42673791e+01 
 -6.98982486e-03  -8.16954126e+00  -8.00356104e+00 
 -2.74780018e+00  -8.28718646e+00  -5.35124941e+00 
 -5.28611221e+00  -8.28177027e+00  -8.21913921e+00 
 -3.87230404e+00  -5.22684893e+00  -9.99605855e+00 
 -3.79100160e+00  -3.24062155e+00  -6.77965169e+00 
 -5.78740494e+00   1.68287927e-03  -6.69868940e+00 
 -5.52392038e+00   3.73378019e+00  -6.01165536e+00 
 -4.14275088e+00   4.32788133e+00  -9.53141991e+00 
 -4.57352257e-01   4.21336176e+00  -8.60522514e+00 
 -1.15368002e+00   6.37586228e+00  -5.51470716e+00 
 -3.29038086e+00   9.01072063e+00  -7.20769041e+00 
 -2.07747715e+00   9.04179693e+00  -1.07986975e+01 
  1.44106953e+00   9.10242246e+00  -9.35154562e+00 
  5.69373396e-01   1.19474762e+01  -6.98570791e+00 
 -9.69222516e+00  -3.58545431e+00   5.53466216e+00 
 -1.00670046e+01  -4.45315134e+00   1.85822476e+00 
 -1.05850954e+01  -8.17485659e-01   9.10721571e-01 
 -1.39149889e+01  -1.08459137e+00   2.77913257e+00 
 -1.44553138e+01  -5.47365338e+00  -1.09186887e+00 
 -5.60727174e+00  -1.25581094e+01   4.48314357e-01 
 -8.84425862e+00  -1.08344894e+01   1.36189469e+00 
 -9.43175300e+00  -1.47994183e+01  -2.18404310e+00 
 -1.01397057e+01  -1.13270364e+01  -3.57850821e+00 

   4.197191054057e+00 

