  6.44524265e-01   9.30493729e-01   1.00954631e+00 
  1.43171659e+00   2.05694446e+00   7.29070883e-01 
  8.67501214e-01   2.99514043e+00  -1.30499053e-01 
 -4.91603279e-01   3.01768367e+00  -1.94156578e-01 
 -1.18663051e+00   1.82724574e+00   3.25603476e-02 
 -3.32190285e-01   7.20101490e-01  -1.60884189e-02 
 -9.29900573e-01  -6.50284628e-01  -1.54963161e-01 
 -1.57681909e+00  -7.50686720e-01  -1.19941280e+00 
 -1.41371732e+00  -7.90214525e-01   1.13037890e+00 
 -4.85675896e-01  -6.72792516e-01   2.24147597e+00 
 -1.19667369e+00  -1.41309468e+00   3.19674747e+00 
 -2.45573293e+00  -1.88011527e+00   2.99936596e+00 
 -3.08531190e+00  -7.19931693e-01   2.50061045e+00 
 -2.48072121e+00   9.01808103e-02   1.49930433e+00 
 -2.86748730e+00  -3.20654281e+00   2.51821223e+00 
 -1.95209023e+00  -4.19036292e+00   2.28911080e+00 
 -2.30037530e+00  -4.96969533e+00   7.96239414e-01 
 -3.71227748e+00  -4.05278837e+00   4.67652169e-01 
 -3.82425015e+00  -3.31757655e+00   1.58407615e+00 
  1.71871486e+00   3.54109855e+00  -1.08084016e+00 
  2.40516859e+00   2.57474220e+00  -1.89798820e+00 
  3.54925631e+00   3.32335332e+00  -2.44430593e+00 
  3.12585932e+00   4.10304515e+00  -3.63509390e+00 
  2.87891171e+00   2.90967011e+00  -4.45753163e+00 
  4.31735013e+00   2.49883018e+00  -4.53679034e+00 
  4.73085015e+00   2.66453879e+00  -3.07252555e+00 
  1.58894325e+00  -1.57198341e+00   1.40906473e+01 
  1.01954903e+00   1.45258010e+01   2.65597099e+00 
  3.80918215e+00   1.17837865e+01  -6.72710523e-01 
  4.15959950e+00   1.00784406e+01   2.70801052e+00 
  3.35010356e+00   6.44566522e+00   2.02879453e+00 
  1.63810970e+00   4.97256737e+00   3.75084105e+00 
  1.08965080e+00   6.91132528e+00   6.95026494e+00 
  1.28680810e+00   1.05674694e+01   5.92550855e+00 
  4.77449312e+00   1.14369936e+01   7.21519348e+00 
  5.07553248e+00   6.84980966e+00   1.15987990e+01 
  5.60658750e+00   3.11131355e+00   1.11334221e+01 
  7.73617625e+00   1.09481080e+00   8.65284137e+00 
  9.00177242e+00  -9.75261131e-01   1.15921498e+01 
  7.41978655e+00   6.90163334e+00   4.53798160e+00 
  7.44673189e-01   7.41070767e+00  -8.62670827e+00 
  2.86946166e+00   5.92026568e+00  -1.14080006e+01 
  5.99438197e+00   6.11621086e+00  -9.30289114e+00 
  7.38808776e+00   6.62016074e+00  -5.73553340e+00 
  7.23687265e+00   9.43918482e+00  -1.15429526e+01 
  1.09150882e+01   1.81685994e+00  -8.93330082e+00 
  1.27388917e+01  -5.00467363e+00  -2.15582197e+00 
  1.10558631e+01  -2.31518738e+00  -1.23441786e-01 
  1.09587175e+01  -3.37088058e+00   4.35771654e+00 
  7.49701566e+00  -4.50765774e+00   5.40907332e+00 
  7.37397423e+00  -4.24611925e+00   9.22125280e+00 
  3.70767687e+00  -3.25812561e+00   9.19576075e+00 
  1.49734717e+00  -2.34147564e+00   6.35020727e+00 
 -3.59896742e-01  -5.67539229e+00   6.80609703e+00 
  2.63457559e+00  -7.25962371e+00   5.04919437e+00 
  2.71993880e+00  -4.66321425e+00   2.24253699e+00 
  2.60331350e+00  -7.46758351e+00  -2.62092275e-01 
  6.30421025e+00  -8.22466118e+00   6.12611256e-01 
  7.19992201e+00  -4.76101744e+00  -7.14714209e-01 
  5.01836070e+00  -8.59263121e+00  -4.74399179e+00 
  8.77974060e+00  -8.95078304e+00  -4.79022582e+00 
  9.28599257e+00  -5.63743044e+00  -6.55093391e+00 
 -5.67798822e+00  -9.42883705e+00  -1.04546387e+01 
 -9.03517295e+00  -6.58334609e+00   6.23973991e-01 
 -8.36073311e+00  -9.52917079e+00  -1.73072955e+00 
 -6.38900331e+00  -1.15990670e+01   8.18816781e-01 
 -2.60799324e+00  -1.13344236e+01   3.44717190e-01 
 -2.00251542e+00  -1.05063269e+01   4.00745326e+00 
 -4.54770709e+00  -7.95595415e+00   5.21349160e+00 
 -5.58782712e+00  -6.52464855e+00   8.60079143e+00 
 -5.62072230e+00  -2.73936776e+00   8.40214048e+00 
 -8.70704107e+00   7.48518631e-01   7.74191953e+00 
 -7.22702526e+00   3.80410285e+00   6.10076492e+00 
 -4.40820442e+00   2.35420640e+00   4.13132936e+00 
 -5.10289780e+00   4.46199541e+00   1.14929899e+00 
 -8.56201482e+00   2.92162533e+00   9.37653186e-01 
 -7.39675827e+00  -6.34362329e-01   8.61286464e-01 
 -4.80650660e+00   1.53495405e-01  -1.81548398e+00 
 -5.28231287e+00  -2.00242156e+00  -4.92343852e+00 
 -3.33416497e+00  -4.21679763e+00  -7.33098347e+00 
 -3.96139493e+00  -7.26108341e+00  -5.15510547e+00 
 -7.16729183e-01  -7.01089368e+00  -3.15841470e+00 
  1.22897112e+00  -6.36627690e+00  -6.39594315e+00 
 -3.36318108e-01  -9.12325320e+00  -8.48123071e+00 
 -1.36100476e+00  -1.17759083e+01  -5.96183636e+00 
  2.08863094e+00  -1.12989413e+01  -4.44341198e+00 
 -5.10431215e+00   4.41697443e+00  -1.12813921e+01 

   6.521665638554e+00 

 -8.43376954e-01  -1.05329480e+00  -1.50790933e+00 
 -1.23750957e+00  -2.18434747e+00  -2.23770107e+00 
 -2.09476588e+00  -1.94940317e+00  -3.30885656e+00 
 -2.05377782e+00  -7.03726292e-01  -3.85502014e+00 
 -1.71674390e+00   3.72117834e-01  -3.03001790e+00 
 -1.77886162e+00   1.73166872e-02  -1.67780127e+00 
 -1.80529101e+00   1.10592068e+00  -6.43995576e-01 
 -2.79030104e+00   1.83301942e+00  -7.87347903e-01 
 -4.81046130e-01   1.48840498e+00  -7.20257755e-01 
  5.47759552e-01   4.90486518e-01  -4.84941815e-01 
  1.58981680e+00   1.34216910e+00  -9.15127369e-02 
  1.51334701e+00   2.69622437e+00  -1.45609264e-01 
  1.00995899e+00   2.87354535e+00  -1.45185071e+00 
 -7.30430152e-02   2.09698650e+00  -1.95026622e+00 
  1.13000273e+00   3.62788731e+00   9.24696268e-01 
  8.76611811e-01   3.18592530e+00   2.18913884e+00 
 -5.45908172e-01   3.94061013e+00   2.79256169e+00 
 -8.04799093e-01   4.91624689e+00   1.40566456e+00 
  2.80750983e-01   4.63476092e+00   6.69501209e-01 
 -3.13295961e+00  -2.85598148e+00  -3.46895146e+00 
 -3.95387983e+00  -3.04148903e+00  -2.30084545e+00 
 -4.62255171e+00  -4.33119454e+00  -2.54028284e+00 
 -5.81281241e+00  -4.13483694e+00  -3.40623862e+00 
 -6.55555901e+00  -3.37490248e+00  -2.39018487e+00 
 -6.72645618e+00  -4.53118693e+00  -1.45318897e+00 
 -5.30834874e+00  -5.10676995e+00  -1.46647699e+00 
  1.22296461e+01  -2.13637018e+00   9.81391128e-01 
  1.17853112e-01  -6.77497805e+00  -1.39183532e+01 
 -3.28251054e+00  -7.98341732e+00  -1.02634973e+01 
  1.38398839e-01  -7.95389322e+00  -8.60313864e+00 
 -3.01666757e-01  -5.75181597e+00  -5.55831154e+00 
  1.61644302e+00  -3.76755075e+00  -4.88755726e+00 
  4.75251764e+00  -4.29742545e+00  -6.93209994e+00 
  3.54208394e+00  -5.79246840e+00  -1.02117570e+01 
  4.51424921e+00  -9.44706033e+00  -9.68060905e+00 
  9.07530093e+00  -8.35411175e+00  -5.39682667e+00 
  8.74921771e+00  -7.36224572e+00  -1.73830220e+00 
  6.21002018e+00  -8.31973257e+00   9.80210829e-01 
  9.13774691e+00  -8.95089401e+00   3.33744488e+00 
  1.85948113e+00  -9.89184730e+00  -4.43759758e+00 
 -1.07566623e+01  -2.76994216e+00  -7.30762359e+00 
 -1.36201313e+01  -3.89821323e+00  -5.07175078e+00 
 -1.17757282e+01  -7.03392396e+00  -4.07149805e+00 
 -8.35544519e+00  -8.82938036e+00  -4.04627062e+00 
 -1.42615949e+01  -9.25181391e+00  -6.62202605e+00 
 -1.15841422e+01  -9.93425122e+00   1.79248003e+00 
 -4.65061261e+00  -9.59642036e+00   8.69216515e+00 
 -2.62455725e+00  -9.26768898e+00   5.53247373e+00 
  1.89592374e+00  -9.17592396e+00   6.40518042e+00 
  3.26588505e+00  -5.65319841e+00   6.09764823e+00 
  7.05926833e+00  -5.98398764e+00   5.75546392e+00 
  7.27123080e+00  -2.99356459e+00   3.42503477e+00 
  4.56531082e+00  -1.05931977e+00   1.76386961e+00 
  5.32259255e+00   1.88812107e+00   4.11146042e+00 
  3.41633954e+00  -9.53633593e-02   6.75631914e+00 
  4.90702932e-01  -9.19632874e-01   4.43525748e+00 
 -1.86046273e+00   4.91589505e-01   7.01047736e+00 
 -1.24049616e+00  -2.69595754e+00   9.12945212e+00 
 -2.79726085e+00  -4.73139800e+00   6.30201329e+00 
 -6.45741719e+00  -8.90768990e-01   9.04582297e+00 
 -6.77830962e+00  -4.20435574e+00   1.08334144e+01 
 -8.72923826e+00  -5.78517255e+00   7.99977670e+00 
 -1.12740605e+01   9.77168843e+00   5.75385475e+00 
 -1.17040474e-01   1.07637844e+01   1.67531837e+00 
 -2.37360047e+00   1.14892254e+01   4.68517762e+00 
  1.11196936e-01   1.02442778e+01   7.32116487e+00 
 -6.66982865e-01   6.71165983e+00   8.54824326e+00 
  2.89393492e+00   5.50709530e+00   7.96794673e+00 
  4.17066974e+00   6.75588962e+00   4.61423332e+00 
  7.55622696e+00   6.85588440e+00   2.84444369e+00 
  7.18012629e+00   5.44818598e+00  -6.54979437e-01 
  6.59562945e+00   7.00151164e+00  -5.05636005e+00 
  4.70042742e+00   4.61449100e+00  -7.27690043e+00 
  2.58968239e+00   2.75985271e+00  -4.82093945e+00 
 -4.26685662e-01   2.85590752e+00  -6.99120769e+00 
 -2.95409489e-01   6.64523623e+00  -6.90801457e+00 
 -2.91962025e-01   6.94927282e+00  -3.17753655e+00 
 -3.19628799e+00   4.50773526e+00  -2.86300293e+00 
 -6.15137739e+00   6.05378885e+00  -1.01629707e+00 
 -8.59434711e+00   5.33245918e+00   1.81329214e+00 
 -6.23344500e+00   6.88361338e+00   4.34618332e+00 
 -4.50884752e+00   3.62680907e+00   5.34424184e+00 
 -7.91472093e+00   1.88296428e+00   5.54901385e+00 
 -9.73810779e+00   4.56913661e+00   7.51354139e+00 
 -7.02292293e+00   6.30379953e+00   9.52663009e+00 
 -5.80138576e+00   2.81450104e+00   1.04017159e+01 
 -1.28033197e+01   3.99390862e+00  -6.77589718e+00 

   6.521665104364e+00 

  4.99529643e-01   8.53587021e-01   8.12220018e-01 
  1.13685848e+00   1.84809952e+00   5.58738283e-02 
  2.24883473e+00   1.43863522e+00  -6.74381354e-01 
  2.90210838e+00   3.36614712e-01  -2.15579080e-01 
  2.16655399e+00  -6.34437479e-01   4.68331140e-01 
  7.90512939e-01  -4.49108281e-01   2.94019245e-01 
 -1.41332986e-01  -1.57414102e+00   6.41092310e-01 
  9.40864857e-02  -2.57414362e+00  -4.01271034e-02 
 -6.92907721e-02  -1.47843809e+00   2.01637101e+00 
 -4.21640297e-01  -2.18474944e-01   2.64723332e+00 
 -7.67552434e-01  -7.01374748e-01   3.91736853e+00 
 -5.91211057e-01  -1.99050772e+00   4.30376985e+00 
  7.39479693e-01  -2.20465282e+00   3.88596414e+00 
  1.19774110e+00  -1.79611864e+00   2.60243273e+00 
 -1.56314004e+00  -3.09235476e+00   4.26191256e+00 
 -2.85414445e+00  -2.88157438e+00   3.87818281e+00 
 -3.34765293e+00  -4.12459955e+00   2.79715966e+00 
 -1.87266556e+00  -4.99641606e+00   2.87865919e+00 
 -1.19547208e+00  -4.29814985e+00   3.80244923e+00 
  2.35750134e+00   1.95226860e+00  -1.95887439e+00 
  1.20141644e+00   1.74017461e+00  -2.79029175e+00 
  1.34439347e+00   2.74488482e+00  -3.85703700e+00 
  2.25808414e+00   2.23998564e+00  -4.91315660e+00 
  1.33524500e+00   1.18272366e+00  -5.35143789e+00 
  3.04557087e-01   2.12074815e+00  -5.90094221e+00 
  2.25958001e-01   3.13964861e+00  -4.76157477e+00 
 -2.44845268e+00   6.04782562e+00   1.27537498e+01 
  1.23206204e+01   7.69419493e+00  -2.60801253e-01 
  8.67159788e+00   7.33797028e+00  -3.85776083e+00 
  6.92334620e+00   8.31002119e+00  -6.23717044e-01 
  4.09979602e+00   5.81507924e+00  -2.82283898e-01 
  3.55334356e+00   4.54113976e+00   2.19658940e+00 
  5.45230954e+00   6.28637679e+00   4.96135327e+00 
  8.61952736e+00   7.58397769e+00   3.30569542e+00 
  7.73854724e+00   1.12858479e+01   2.98436901e+00 
  3.44016063e+00   1.14020209e+01   7.65973329e+00 
 -1.05058531e-01   1.00218879e+01   7.70052488e+00 
 -2.82421265e+00   9.80851555e+00   4.99583742e+00 
 -5.31079803e+00   1.11680738e+01   7.54430063e+00 
  2.55473061e+00   1.03179120e+01   3.52645878e-01 
  6.40492902e+00  -3.43344401e-01  -9.11517046e+00 
  4.16041092e+00  -4.61161529e-01  -1.21843798e+01 
  2.83353331e+00   3.00531150e+00  -1.15076684e+01 
  2.55130039e+00   5.83899426e+00  -8.89747813e+00 
  5.24711637e+00   4.48159869e+00  -1.46059185e+01 
 -3.26782617e+00   5.24019344e+00  -1.22909290e+01 
 -1.03055756e+01   6.62057403e+00  -5.63069658e+00 
 -7.18837372e+00   7.29082125e+00  -3.62314846e+00 
 -8.17830934e+00   8.64904626e+00   6.64055114e-01 
 -7.59854075e+00   5.84025391e+00   3.14505782e+00 
 -7.39554277e+00   7.46217116e+00   6.60114282e+00 
 -4.81594115e+00   4.94970709e+00   7.80588059e+00 
 -2.91297865e+00   2.37952017e+00   5.90961556e+00 
 -5.01033642e+00  -3.44601121e-01   7.62784575e+00 
 -7.76528412e+00   6.23536108e-01   5.17095248e+00 
 -5.44391608e+00   6.24655942e-01   2.13165820e+00 
 -7.81543527e+00  -1.73070098e+00   4.05598543e-01 
 -1.02258551e+01   1.26682965e+00  -8.38266129e-02 
 -7.54695424e+00   2.91163305e+00  -2.24692951e+00 
 -9.83326094e+00  -2.17683537e+00  -4.38137426e+00 
 -1.18980547e+01   6.52153788e-01  -5.79974866e+00 
 -9.16138062e+00   1.73865722e+00  -8.17979397e+00 
 -5.47159858e+00  -1.34831271e+01  -5.31297409e+00 
 -1.64145192e+00  -1.02672066e+01   5.50770926e+00 
 -4.50931114e+00  -1.19887601e+01   3.63980898e+00 
 -7.31533538e+00  -1.02297519e+01   5.56454182e+00 
 -8.82841480e+00  -7.29772317e+00   3.63989407e+00 
 -8.45936092e+00  -4.91359053e+00   6.58059945e+00 
 -5.04586373e+00  -5.33988303e+00   8.19410371e+00 
 -3.37165024e+00  -4.12612353e+00   1.14077873e+01 
 -1.70078739e-03  -2.60823003e+00   1.05660135e+01 
  4.53510831e+00  -3.85029838e+00   1.05280212e+01 
  6.58824092e+00  -2.04693943e+00   7.92935648e+00 
  4.03860790e+00  -1.25090365e+00   5.32308653e+00 
  6.29414649e+00  -2.15656963e+00   2.51056176e+00 
  6.54395163e+00  -5.66949984e+00   3.91770491e+00 
  2.85662329e+00  -6.30082212e+00   4.03578977e+00 
  2.40971198e+00  -5.02325391e+00   4.77228688e-01 
  7.92710414e-01  -7.64083916e+00  -1.77375565e+00 
 -2.01875013e+00  -8.05334463e+00  -4.30750286e+00 
 -4.47040028e+00  -8.94561507e+00  -1.55277087e+00 
 -5.80249740e+00  -5.40592518e+00  -1.02986922e+00 
 -6.06384665e+00  -4.94092497e+00  -4.82436712e+00 
 -7.72925502e+00  -8.25550202e+00  -5.62404280e+00 
 -9.65716595e+00  -9.15175327e+00  -2.47544706e+00 
 -1.08730897e+01  -5.55259899e+00  -2.50497382e+00 
  6.53437584e+00  -7.41931127e+00  -8.74856987e+00 

   6.521665317092e+00 

 -9.55401311e-01   1.91287838e+00   8.34265338e-03 
 -2.22368113e+00   2.45420026e+00  -2.47941043e-01 
 -2.50761421e+00   3.66359093e+00   3.79913945e-01 
 -1.43901208e+00   4.43322370e+00   7.22633392e-01 
 -2.33408764e-01   3.79699244e+00   1.02826021e+00 
 -4.17929002e-01   2.42499646e+00   1.23271187e+00 
  6.67874413e-01   1.64166405e+00   1.91234732e+00 
  8.79603880e-01   2.06736668e+00   3.04962760e+00 
  1.56940075e+00   1.59878350e+00   8.67763175e-01 
  1.14479172e+00   1.02405208e+00  -3.96768838e-01 
  2.40101150e+00   6.59515563e-01  -9.01806489e-01 
  3.57447799e+00   9.90569620e-01  -3.05442209e-01 
  3.36292008e+00   2.36510136e+00  -6.65748797e-02 
  2.14400703e+00   2.85220200e+00   4.82363310e-01 
  4.37095411e+00   1.92697427e-01   6.37673335e-01 
  4.01595784e+00  -1.08363761e+00   9.59081420e-01 
  4.15302327e+00  -1.31286509e+00   2.65787461e+00 
  4.75180577e+00   2.62032523e-01   2.97964311e+00 
  4.87828055e+00   7.62393622e-01   1.74140698e+00 
 -3.78374992e+00   3.79050643e+00   9.09739953e-01 
 -4.16389316e+00   2.74067815e+00   1.81866343e+00 
 -5.63403463e+00   2.81514162e+00   1.84924771e+00 
 -6.07109068e+00   3.86635784e+00   2.80270375e+00 
 -5.58897865e+00   3.13935579e+00   3.98616269e+00 
 -6.58702764e+00   2.02735594e+00   3.87886700e+00 
 -6.49581429e+00   1.72052232e+00   2.38219362e+00 
  3.97629001e+00  -2.61349874e+00  -1.15443181e+01 
 -7.13457547e+00   1.26743634e+01  -5.79588322e+00 
 -9.24320159e+00   9.38632892e+00  -2.46072398e+00 
 -7.55313923e+00   7.28554750e+00  -5.14226953e+00 
 -5.40978628e+00   4.83266180e+00  -3.21790401e+00 
 -2.73070834e+00   4.29576192e+00  -3.99292012e+00 
 -2.10183463e+00   5.71762041e+00  -7.43947252e+00 
 -4.34769229e+00   8.77761141e+00  -7.66086879e+00 
 -7.14084991e+00   7.39944632e+00  -9.87044028e+00 
 -3.69921171e+00   2.79980786e+00  -1.25809687e+01 
 -2.51823947e+00  -5.03686468e-01  -1.11088356e+01 
 -4.14344859e+00  -2.95949222e+00  -8.64259655e+00 
 -3.17422254e+00  -5.79475016e+00  -1.09980960e+01 
 -8.05799516e+00   2.61430343e+00  -6.55440875e+00 
 -7.43054591e+00   8.63646103e+00   6.91650764e+00 
 -9.40485446e+00   6.66192492e+00   9.50009000e+00 
 -1.13037270e+01   4.80477587e+00   6.82048139e+00 
 -1.14416534e+01   3.92874275e+00   3.06066823e+00 
 -1.46578084e+01   7.20037599e+00   7.60471797e+00 
 -1.31256899e+01  -1.48098204e+00   6.75324884e+00 
 -9.03341339e+00  -9.11048111e+00   2.18842632e+00 
 -8.24356147e+00  -6.27664608e+00  -1.65741928e-01 
 -6.11924961e+00  -7.76126149e+00  -3.97205253e+00 
 -2.41315544e+00  -6.96617450e+00  -3.85520925e+00 
 -1.12277745e+00  -7.25084919e+00  -7.44270955e+00 
  1.37073678e+00  -4.43157563e+00  -6.94021370e+00 
  1.74595141e+00  -2.04591114e+00  -4.11345276e+00 
  4.98796591e+00  -3.84952482e+00  -3.10927174e+00 
  2.70668110e+00  -6.52856913e+00  -1.63219566e+00 
  4.39189854e-01  -4.01621681e+00   1.49002917e-01 
  9.99035826e-01  -5.89245112e+00   3.36110283e+00 
 -1.33918570e+00  -8.66652828e+00   1.99286481e+00 
 -4.16409302e+00  -6.10140037e+00   1.96197006e+00 
 -1.97007092e+00  -7.47095807e+00   7.34585707e+00 
 -4.86390625e+00  -9.81199174e+00   6.69503103e+00 
 -7.45146359e+00  -7.09377716e+00   7.19547360e+00 
  5.12370763e+00  -1.47328984e+00   1.51836774e+01 
  1.03155141e+01   1.05594297e+00   4.75554785e+00 
  1.03531625e+01  -1.39088695e+00   7.70328959e+00 
  1.06156693e+01  -4.55330964e+00   5.55789343e+00 
  7.26326742e+00  -6.32778814e+00   5.10704164e+00 
  7.64325283e+00  -6.52048045e+00   1.32731309e+00 
  8.91274350e+00  -3.20791594e+00  -3.36749499e-02 
  1.02452022e+01  -1.96422947e+00  -3.39253046e+00 
  8.40944903e+00   1.20487286e+00  -4.37019941e+00 
  9.02947311e+00   5.86365269e+00  -4.17541868e+00 
  5.81629352e+00   7.82012022e+00  -3.91434060e+00 
  3.54035594e+00   5.37936559e+00  -2.24415941e+00 
  2.07599079e+00   7.94053252e+00   1.72181373e-02 
  5.53574101e+00   8.58944090e+00   1.42867698e+00 
  6.25056522e+00   5.03243147e+00   2.34825635e+00 
  2.85544777e+00   4.66705184e+00   4.03195764e+00 
  3.19087215e+00   3.61145689e+00   7.67974125e+00 
  1.83156828e+00   1.08065114e+00   1.01781894e+01 
  4.53284907e+00  -1.41142164e+00   9.23578948e+00 
  2.47387788e+00  -3.27296375e+00   6.61425226e+00 
 -5.24504287e-01  -3.32123150e+00   8.99967426e+00 
  1.33131987e+00  -4.43020457e+00   1.21182821e+01 
  4.28745181e+00  -6.43355449e+00   1.08214883e+01 
  1.78995366e+00  -8.14872829e+00   8.52936806e+00 
 -2.18804361e+00   9.75456804e+00   1.15519359e+01 

   6.521665092107e+00 

  1.91349020e+00   5.40008838e-01  -8.82722113e-01 
  3.24628360e+00   5.70338285e-01  -4.46825179e-01 
  4.19986957e+00   1.63009299e-01  -1.37536561e+00 
  3.85593229e+00   2.78912766e-01  -2.68684698e+00 
  2.50694240e+00   1.65620660e-01  -3.03189200e+00 
  1.75391920e+00  -3.66705378e-01  -1.97936326e+00 
  3.78214073e-01  -8.94641189e-01  -2.26784085e+00 
  4.17562974e-01  -1.82149869e+00  -3.07953686e+00 
 -2.71669875e-01   3.12839809e-01  -2.42717846e+00 
 -2.35961271e-01   1.27313079e+00  -1.33804762e+00 
 -1.39763012e+00   1.99487724e+00  -1.64733410e+00 
 -2.11943138e+00   1.80524424e+00  -2.78104202e+00 
 -1.09036819e+00   1.81824360e+00  -3.74644472e+00 
  1.18713001e-01   1.09082602e+00  -3.56389190e+00 
 -3.30019912e+00   9.51406993e-01  -2.97397210e+00 
 -3.86899253e+00   2.85406889e-01  -1.92933836e+00 
 -4.22886833e+00  -1.32936380e+00  -2.39864106e+00 
 -3.69548126e+00  -1.14330611e+00  -4.01828867e+00 
 -3.39210707e+00   1.62885364e-01  -4.05561648e+00 
  5.22262801e+00  -6.37824867e-01  -8.87486040e-01 
  4.78112506e+00  -1.81585924e+00  -1.87417202e-01 
  5.95011402e+00  -2.20721864e+00   6.17631657e-01 
  6.89841775e+00  -2.99458991e+00  -2.10567676e-01 
  5.98806737e+00  -4.14078288e+00  -3.48538480e-01 
  6.04330118e+00  -4.53329009e+00   1.09612264e+00 
  5.87167354e+00  -3.16443265e+00   1.75889823e+00 
 -4.02625696e+00   1.17348490e+01   3.32061046e+00 
  1.39133335e+01   6.71158750e+00  -3.24844050e+00 
  1.32008910e+01   2.32529206e+00  -6.72871187e-01 
  1.07312400e+01   4.84057566e+00   7.53476704e-01 
  7.39642210e+00   3.05616163e+00   6.60633917e-01 
  5.05422604e+00   4.36186430e+00  -2.75100706e-01 
  5.70587953e+00   8.07503500e+00  -5.64226234e-01 
  9.40060008e+00   8.35714345e+00  -1.41622620e+00 
  1.07899554e+01   9.42756785e+00   1.97599740e+00 
  5.37943034e+00   1.18889940e+01   4.21566364e+00 
  2.26237595e+00   1.01020811e+01   5.46699259e+00 
  1.77025525e+00   6.83638589e+00   7.42855178e+00 
 -6.41053438e-01   8.70247646e+00   9.71541872e+00 
  8.20715295e+00   5.04724399e+00   4.95536391e+00 
  1.07385235e+01  -6.20654974e+00  -4.26799290e+00 
  1.08146793e+01  -9.57023644e+00  -2.49275860e+00 
  1.12431488e+01  -7.92856281e+00   8.77159133e-01 
  1.10249845e+01  -4.60666010e+00   2.83676110e+00 
  1.52939578e+01  -9.02099325e+00   8.40449020e-01 
  8.60307404e+00  -9.67225649e+00   6.60641819e+00 
  8.67799071e-01  -5.94060009e+00   1.13004512e+01 
  2.23371681e+00  -2.91505434e+00   9.51804142e+00 
 -1.00545440e-01   9.03330178e-01   1.06024614e+01 
 -2.42872703e+00   1.91627089e+00   7.78564296e+00 
 -3.36927705e+00   5.56924921e+00   8.40808277e+00 
 -3.49582626e+00   6.33752870e+00   4.69161602e+00 
 -2.43026103e+00   4.27755284e+00   1.78578294e+00 
 -6.12899864e+00   3.78144602e+00   8.66423791e-01 
 -6.20038076e+00   1.23173933e+00   3.70494514e+00 
 -2.96808025e+00  -4.95888895e-01   2.61240499e+00 
 -4.80473859e+00  -3.77887070e+00   2.60963978e+00 
 -4.71276568e+00  -3.68154029e+00   6.48481300e+00 
 -9.05552533e-01  -3.83335974e+00   6.27741161e+00 
 -3.80334462e+00  -8.63496697e+00   4.22240803e+00 
 -3.05444972e+00  -9.26466599e+00   7.87219740e+00 
  6.35959314e-01  -9.82363977e+00   7.23739442e+00 
 -5.86965746e+00  -1.29201838e+01  -6.96205510e+00 
 -7.54903068e+00  -1.21628737e+00  -8.47745068e+00 
 -9.33633230e+00  -4.50595819e+00  -7.66432226e+00 
 -1.14311814e+01  -3.08944561e+00  -4.78723509e+00 
 -9.98087066e+00  -3.90503860e+00  -1.34890853e+00 
 -1.01546334e+01  -2.85591631e-01  -1.92477956e-01 
 -8.91087395e+00   2.02915049e+00  -2.93692446e+00 
 -8.91671541e+00   5.80281644e+00  -3.53991540e+00 
 -5.41715389e+00   6.92654498e+00  -4.46695791e+00 
 -2.91167898e+00   7.89431850e+00  -8.32864752e+00 
  7.82761470e-01   7.23778393e+00  -7.95378815e+00 
  8.48034522e-01   4.55815934e+00  -5.35724151e+00 
  3.46759205e+00   2.59501720e+00  -7.11840578e+00 
  1.15146326e+00   2.29318026e+00  -1.01063043e+01 
 -1.73714879e+00   8.53138207e-01  -8.21126204e+00 
  5.14935139e-01  -1.68543769e+00  -6.48531853e+00 
 -6.51007675e-01  -5.26215137e+00  -7.10250781e+00 
 -1.39647050e+00  -8.50572912e+00  -5.25361032e+00 
 -5.00045810e+00  -7.45276372e+00  -4.70770828e+00 
 -4.45620286e+00  -5.90797288e+00  -1.25886711e+00 
 -2.34817152e+00  -8.93836120e+00  -2.31283686e-01 
 -4.67628262e+00  -1.16363304e+01  -1.53530217e+00 
 -8.13862638e+00  -1.00797013e+01  -1.38392179e+00 
 -7.18629787e+00  -8.92711396e+00   2.10861156e+00 
  7.15677559e+00  -8.98852911e+00  -9.71343208e+00 

   6.521665132334e+00 

  1.66962886e-01   1.00092197e+00   1.40604020e+00 
  1.51743767e+00   1.34531570e+00   1.24827508e+00 
  1.78010635e+00   2.69473463e+00   1.03032498e+00 
  8.49187078e-01   3.57456245e+00   1.48969030e+00 
 -4.84224963e-01   3.16151593e+00   1.54528285e+00 
 -6.85473458e-01   1.98645114e+00   8.12515989e-01 
 -2.08810258e+00   1.58734154e+00   4.54949135e-01 
 -2.63242581e+00   2.44691867e+00  -2.40976613e-01 
 -2.49794733e+00   1.15435091e+00   1.70006775e+00 
 -1.74422224e+00   9.92992137e-02   2.35456390e+00 
 -2.75007109e+00  -3.94681712e-01   3.19738624e+00 
 -3.96565425e+00   1.92246995e-01   3.33923753e+00 
 -3.58156354e+00   1.53626732e+00   3.53219744e+00 
 -2.60066225e+00   2.16123446e+00   2.71268104e+00 
 -5.21461361e+00  -1.22851742e-01   2.63120756e+00 
 -5.28861937e+00  -1.16935116e+00   1.76073255e+00 
 -6.12210962e+00  -6.81668569e-01   3.37802602e-01 
 -6.45430822e+00   9.08257441e-01   8.89198824e-01 
 -5.98041069e+00   8.65008915e-01   2.14342216e+00 
  2.74420533e+00   2.98152666e+00   7.43992799e-02 
  2.51087156e+00   2.38075888e+00  -1.21300818e+00 
  3.83281763e+00   2.40896640e+00  -1.86069660e+00 
  4.07262171e+00   3.74138422e+00  -2.47086975e+00 
  3.02658552e+00   3.57768870e+00  -3.49094076e+00 
  3.73085710e+00   2.48401404e+00  -4.23393765e+00 
  4.16862336e+00   1.59697871e+00  -3.06602299e+00 
 -6.94946871e-01  -7.66391016e+00   1.15277220e+01 
  1.02226491e+01   8.23519200e+00   7.25695162e+00 
  1.01247676e+01   6.52001725e+00   2.41659561e+00 
  9.21608150e+00   3.56986119e+00   4.63721105e+00 
  6.03049204e+00   2.19212290e+00   3.13132870e+00 
  3.81819341e+00   1.48125132e+00   4.76436561e+00 
  4.89618687e+00   1.39579971e+00   8.38741872e+00 
  7.63630679e+00   4.01802018e+00   8.65566224e+00 
  1.07147675e+01   1.76085395e+00   8.76272239e+00 
  7.72416336e+00  -3.41911537e+00   1.09011635e+01 
  5.40003034e+00  -5.79136137e+00   9.04485048e+00 
  5.38167264e+00  -7.08434167e+00   5.42787704e+00 
  4.83862123e+00  -1.05972437e+01   6.80293309e+00 
  9.24285176e+00  -1.28597055e+00   3.93724470e+00 
  4.68434288e+00   9.72282421e+00  -4.78927644e+00 
  5.03392554e+00   8.90442714e+00  -8.48789416e+00 
  7.39366354e+00   6.05025803e+00  -7.76655722e+00 
  8.80086776e+00   3.71328613e+00  -5.03145322e+00 
  1.05962781e+01   8.43705014e+00  -9.05125501e+00 
  7.73915948e+00   2.22941593e-01  -1.07259021e+01 
  4.25494154e+00  -8.45451724e+00  -7.83523776e+00 
  5.05763559e+00  -6.80055526e+00  -4.54639817e+00 
  4.32719039e+00  -9.63165887e+00  -9.88851410e-01 
  1.12461620e+00  -8.72723914e+00   8.29497728e-01 
  1.30757881e+00  -1.04037574e+01   4.26054690e+00 
 -5.34892854e-01  -7.53819408e+00   5.93747593e+00 
 -1.47521856e+00  -4.19570169e+00   4.60837637e+00 
 -5.15125910e+00  -5.31718564e+00   4.57535574e+00 
 -4.24210104e+00  -7.24030348e+00   1.40701251e+00 
 -2.37832010e+00  -4.30212453e+00  -1.80271810e-01 
 -4.52577434e+00  -4.68472800e+00  -3.24510857e+00 
 -2.47543238e+00  -7.85654201e+00  -4.12291300e+00 
  6.06162272e-01  -5.62872344e+00  -4.44151467e+00 
 -3.74793840e+00  -4.60572613e+00  -8.40015473e+00 
 -1.38868756e+00  -7.10965559e+00  -9.96302877e+00 
  1.30480525e+00  -4.51713569e+00  -1.05617532e+01 
 -1.19123668e+01   4.31332444e+00  -9.63169684e+00 
 -1.19708214e+01   2.55387172e+00   2.15817157e+00 
 -1.36662078e+01   1.52433720e+00  -1.11949822e+00 
 -1.37260026e+01  -2.22649948e+00  -3.44820526e-01 
 -1.09151066e+01  -4.14815193e+00  -2.07588759e+00 
 -9.82162411e+00  -5.85145531e+00   1.14452716e+00 
 -9.73626192e+00  -3.33880426e+00   3.99346143e+00 
 -9.36070015e+00  -3.52610948e+00   7.79185153e+00 
 -6.67040677e+00  -1.09814772e+00   8.90379424e+00 
 -6.32812269e+00   3.25412182e+00   1.06551907e+01 
 -3.13953663e+00   5.03185586e+00   9.71015701e+00 
 -2.26068197e+00   3.40505057e+00   6.46857024e+00 
 -1.29419633e+00   6.61201451e+00   4.85632724e+00 
 -4.81149859e+00   7.90205982e+00   5.44580393e+00 
 -6.55505567e+00   5.05675061e+00   3.75080454e+00 
 -4.24386235e+00   5.28948446e+00   7.34245932e-01 
 -6.18846245e+00   5.82530299e+00  -2.50067604e+00 
 -6.47357381e+00   4.48648722e+00  -6.05324219e+00 
 -9.04928071e+00   1.92410832e+00  -4.95997494e+00 
 -6.56954347e+00  -9.16130104e-01  -4.35886022e+00 
 -4.82158026e+00  -9.39190358e-02  -7.66812137e+00 
 -7.93419197e+00   2.31336717e-01  -9.81412804e+00 
 -1.04980487e+01  -2.02050507e+00  -8.14391733e+00 
 -7.72301958e+00  -4.60843673e+00  -7.95673172e+00 
 -1.59111091e+00   1.28184869e+01  -5.90999507e+00 

   6.521665340504e+00 

 -2.68474629e-01  -9.51292417e-02  -7.56688698e-01 
 -1.06526520e+00  -1.20362137e+00  -1.07858650e+00 
 -8.73330581e-01  -2.33895552e+00  -2.96525808e-01 
  3.40384205e-01  -2.46046761e+00   3.06671829e-01 
  1.02928197e+00  -1.29547545e+00   6.52863685e-01 
  1.95253695e-01  -1.73274079e-01   5.95730662e-01 
  6.39886328e-01   1.09420143e+00   1.26675028e+00 
  7.98808573e-01   9.25676485e-01   2.47743798e+00 
  1.60292092e+00   1.47760557e+00   3.54967506e-01 
  1.21552050e+00   1.66202037e+00  -1.03263977e+00 
  2.23142059e+00   2.54505145e+00  -1.42551970e+00 
  3.28383718e+00   2.87766089e+00  -6.35529962e-01 
  3.69035473e+00   1.59966130e+00  -1.96718220e-01 
  2.75472970e+00   6.32096345e-01   2.64699783e-01 
  3.42010555e+00   4.03992275e+00   2.53922865e-01 
  2.46078801e+00   5.00717124e+00   3.03862377e-01 
  2.14176408e+00   5.42296785e+00   1.94176963e+00 
  3.32144720e+00   4.36780069e+00   2.60279837e+00 
  3.90505109e+00   3.88545402e+00   1.49546121e+00 
 -2.02130003e+00  -3.02236099e+00   7.83032267e-02 
 -3.01247459e+00  -2.21425736e+00   7.39622576e-01 
 -4.25551752e+00  -2.98952028e+00   5.92371286e-01 
 -4.33262112e+00  -4.03302376e+00   1.64608203e+00 
 -4.48234837e+00  -3.06332584e+00   2.74098334e+00 
 -5.83917647e+00  -2.58931933e+00   2.31851221e+00 
 -5.61105326e+00  -2.40871639e+00   8.15912572e-01 
  4.14853977e+00   5.22854379e+00  -1.21767332e+01 
  4.95283780e-01  -1.29622914e+01  -5.39721533e+00 
 -3.49851753e+00  -1.08336023e+01  -2.96839553e+00 
 -2.48748872e+00  -8.41958159e+00  -5.72712692e+00 
 -2.14291106e+00  -5.07780879e+00  -3.98711740e+00 
  7.65284431e-02  -3.37858501e+00  -4.49024558e+00 
  1.94850235e+00  -4.61107684e+00  -7.53534573e+00 
  1.46507654e+00  -8.38234496e+00  -7.52169162e+00 
 -1.15884965e+00  -8.73082847e+00  -1.02742590e+01 
  2.16415275e-01  -3.29538440e+00  -1.32597476e+01 
 -5.77051945e-01   2.80198882e-01  -1.22299024e+01 
 -3.59858262e+00   1.84359858e+00  -1.04464670e+01 
 -3.61432823e+00   4.57538013e+00  -1.31041908e+01 
 -4.81113962e+00  -4.72313381e+00  -7.96465250e+00 
 -4.10106553e+00  -8.48431980e+00   6.29977103e+00 
 -7.22470587e+00  -7.49882659e+00   8.23452782e+00 
 -9.20540171e+00  -7.03767464e+00   5.05659507e+00 
 -8.99902828e+00  -6.67010384e+00   1.21667810e+00 
 -1.11502872e+01  -1.06808380e+01   5.79727217e+00 
 -1.36767983e+01  -2.45811323e+00   3.68942383e+00 
 -1.27801529e+01   5.76759042e+00  -1.53812809e+00 
 -1.03279802e+01   3.47982232e+00  -3.25553265e+00 
 -8.43755061e+00   5.47028392e+00  -6.95269153e+00 
 -4.88690370e+00   6.58651434e+00  -6.22611028e+00 
 -3.20503802e+00   7.14744239e+00  -9.61328879e+00 
  1.58502804e-01   5.94781422e+00  -8.32259108e+00 
  1.03739448e+00   4.30046015e+00  -5.10750119e+00 
  2.81160397e+00   7.53013809e+00  -4.01498448e+00 
 -6.88406132e-01   8.88322632e+00  -3.32026626e+00 
 -1.83337181e+00   5.75253522e+00  -1.44576624e+00 
 -2.84182693e+00   7.93655843e+00   1.44632578e+00 
 -5.88183633e+00   9.09675056e+00  -6.62514110e-01 
 -7.13219843e+00   5.49177449e+00  -6.21349631e-01 
 -6.91504707e+00   8.21703873e+00   4.68914795e+00 
 -1.03746930e+01   8.79344593e+00   3.28313225e+00 
 -1.14522554e+01   5.21672671e+00   3.90003229e+00 
  4.71730666e-01   7.12290640e+00   1.42788663e+01 
  8.16024089e+00   6.53172228e+00   5.18827538e+00 
  6.48738152e+00   8.93581200e+00   7.65789782e+00 
  5.66830325e+00   1.16278611e+01   5.05897425e+00 
  2.03528386e+00   1.15062916e+01   3.88542413e+00 
  3.00964292e+00   1.15289157e+01   2.08727039e-01 
  5.90505386e+00   9.14376820e+00  -3.95303272e-01 
  8.28611220e+00   8.41529131e+00  -3.29427201e+00 
  8.35490084e+00   4.68209798e+00  -3.94821754e+00 
  1.10090762e+01   9.46231702e-01  -2.88729895e+00 
  9.08454567e+00  -2.29211353e+00  -2.71418124e+00 
  5.66192111e+00  -1.12691761e+00  -1.78987656e+00 
  5.14071705e+00  -3.86859926e+00   6.65658396e-01 
  8.15897195e+00  -2.63182307e+00   2.60053690e+00 
  6.95245852e+00   8.90038330e-01   2.98744144e+00 
  3.51953703e+00  -2.92413102e-01   4.13303082e+00 
  2.61188566e+00   1.10679836e+00   7.56120470e+00 
 -2.20599911e-01   2.86733501e+00   9.39762250e+00 
  1.14584558e+00   6.26395917e+00   8.40193222e+00 
 -9.86644457e-01   6.65632059e+00   5.25934514e+00 
 -4.06610468e+00   5.45176828e+00   7.19548570e+00 
 -3.58051558e+00   7.58881148e+00   1.02933710e+01 
 -1.69863818e+00   1.06529501e+01   9.06729471e+00 
 -4.20672118e+00   1.07339562e+01   6.21490841e+00 
  4.93974402e-02  -6.51005160e+00   1.16939110e+01 

   6.521666259894e+00 

  9.55747052e-02  -7.19966112e-01   3.53079507e-02 
 -4.34747225e-01  -3.31582541e-01  -1.20373240e+00 
 -1.29644642e-01  -1.15703381e+00  -2.28214105e+00 
  1.70961037e-01  -2.45116121e+00  -1.98788201e+00 
  7.62033656e-01  -2.73122588e+00  -7.53415725e-01 
  1.23677469e+00  -1.56701436e+00  -1.39037238e-01 
  2.20613087e+00  -1.69338566e+00   1.00063992e+00 
  3.24000102e+00  -2.26291454e+00   6.45338665e-01 
  1.32186294e+00  -2.12062464e+00   1.97083362e+00 
  1.70148114e-01  -1.29097414e+00   2.27886166e+00 
 -7.58901144e-02  -1.73805845e+00   3.58487234e+00 
  5.79871840e-01  -2.77925135e+00   4.15771973e+00 
  4.82125172e-01  -3.74153996e+00   3.13029775e+00 
  7.48530453e-01  -3.41717539e+00   1.77082383e+00 
  1.76987631e+00  -2.73967326e+00   5.01957935e+00 
  2.31440073e+00  -1.55527562e+00   5.41839714e+00 
  4.02526227e+00  -1.62065474e+00   5.25730767e+00 
  4.06883210e+00  -3.24879055e+00   4.71918596e+00 
  2.77813207e+00  -3.60124216e+00   4.81624391e+00 
  1.90128196e-01  -5.14921413e-01  -3.46998874e+00 
  1.25012519e+00   4.53418673e-01  -3.36277073e+00 
  1.07346873e+00   1.30360012e+00  -4.55180982e+00 
  1.70849521e+00   6.65784595e-01  -5.73294296e+00 
  3.07471816e+00   8.22302416e-01  -5.21288318e+00 
  3.08593655e+00   2.31733910e+00  -5.30723028e+00 
  1.71771338e+00   2.64048120e+00  -4.70221885e+00 
 -9.44690469e+00   8.35000598e-01   9.24368059e+00 
 -8.67556983e+00  -4.73131407e+00  -9.69400033e+00 
 -5.00178405e+00  -1.17562239e+00  -1.01846627e+01 
 -6.91601179e+00  -3.34344638e-01  -7.00845515e+00 
 -4.24025233e+00   6.81352564e-02  -4.36420588e+00 
 -4.52579824e+00  -1.10106081e+00  -1.79170155e+00 
 -8.08935190e+00  -2.27517717e+00  -1.32439530e+00 
 -9.26462059e+00  -3.24696993e+00  -4.80729758e+00 
 -1.14601775e+01  -2.34790914e-01  -5.63767868e+00 
 -1.26282079e+01   1.47080863e+00   3.68591545e-01 
 -1.03276093e+01   3.17484787e+00   2.87428390e+00 
 -7.61414069e+00   5.86411210e+00   2.47476597e+00 
 -9.14519198e+00   7.69377492e+00   5.44703791e+00 
 -7.32266938e+00   3.75091109e+00  -4.32237646e+00 
  4.46533218e+00  -2.59475217e+00  -1.05594891e+01 
  7.14164252e+00  -7.51353717e-02  -1.15396315e+01 
  4.71202649e+00   2.80014198e+00  -1.12852168e+01 
  1.25029915e+00   3.92109725e+00  -9.98813372e+00 
  4.51178855e+00   2.93839740e+00  -1.54738616e+01 
  5.78980877e+00   8.83339987e+00  -8.98892002e+00 
  3.57694993e+00   1.26707701e+01  -2.61268118e-01 
  7.81060043e-01   1.01941093e+01  -7.56843450e-01 
 -2.29987380e+00   1.03917332e+01   2.65982874e+00 
 -1.88228282e+00   7.46454532e+00   5.03427828e+00 
 -5.12251816e+00   7.22340175e+00   7.04899408e+00 
 -4.93245905e+00   3.43424082e+00   7.20505572e+00 
 -2.67336942e+00   1.07747185e+00   5.42598399e+00 
 -8.87868434e-01   3.79509681e-01   8.75718298e+00 
  8.33199623e-01   3.74211609e+00   8.21482435e+00 
  1.71186139e+00   3.02249307e+00   4.56295336e+00 
  5.30190122e+00   3.83601900e+00   5.33811948e+00 
  4.28482814e+00   7.57501931e+00   5.48058751e+00 
  3.32745237e+00   7.32979658e+00   1.79491249e+00 
  9.11786258e+00   6.53197639e+00   3.02381640e+00 
  8.62779287e+00   1.02105365e+01   2.31221746e+00 
  8.18138245e+00   9.64908674e+00  -1.40530587e+00 
  1.62992779e+01  -3.27303092e+00   3.13942186e+00 
  6.33085162e+00  -7.48255586e+00   8.14038316e+00 
  9.72286391e+00  -5.87598597e+00   8.90889049e+00 
  8.37546126e+00  -3.37313632e+00   1.14765210e+01 
  7.89534721e+00   1.29342091e-01   1.00299316e+01 
  4.33142459e+00   3.98797287e-01   1.13314265e+01 
  2.45294951e+00  -2.84131876e+00   1.06910770e+01 
 -8.95777425e-01  -4.32089794e+00   1.17869140e+01 
 -2.77337960e+00  -5.56083360e+00   8.73628766e+00 
 -3.52635999e+00  -9.59348423e+00   6.43464506e+00 
 -4.11810884e+00  -9.15124160e+00   2.73670458e+00 
 -2.26183119e+00  -5.99572181e+00   2.01290425e+00 
 -8.25692103e-01  -7.29617833e+00  -1.15951954e+00 
  8.44033257e-01  -1.00783222e+01   8.03849607e-01 
  2.60564417e+00  -7.83598446e+00   3.22821918e+00 
  3.87529743e+00  -5.60533818e+00   4.16201376e-01 
  7.67779475e+00  -5.33304507e+00   4.32722837e-01 
  1.04731867e+01  -2.75323480e+00   2.75487699e-01 
  1.04573058e+01  -2.39689398e+00   4.05279706e+00 
  8.06417847e+00   5.75647448e-01   4.17211167e+00 
  9.99416643e+00   2.24746576e+00   1.31502483e+00 
  1.34930447e+01   1.66881724e+00   2.66502763e+00 
  1.30602553e+01   1.51959094e+00   6.43652518e+00 
  1.08969243e+01   4.61891293e+00   6.05251686e+00 
  9.38043128e+00  -7.14979085e+00  -8.25429671e+00 

   6.521665305804e+00 

  5.18662776e-01   5.21434524e-01  -4.11078136e+00 
  1.35520922e+00   1.22815926e+00  -4.98713253e+00 
  7.22014925e-01   1.87334341e+00  -6.04554586e+00 
 -4.80889910e-01   1.36700211e+00  -6.43070675e+00 
 -1.27606499e+00   7.39885915e-01  -5.46837275e+00 
 -8.23501425e-01   1.01626586e+00  -4.17338729e+00 
 -1.73559368e+00   7.39600709e-01  -3.01321544e+00 
 -2.77267049e+00   1.40099888e+00  -3.09375475e+00 
 -1.63536466e+00  -6.37197499e-01  -3.00214431e+00 
 -3.21231260e-01  -1.23973207e+00  -2.86227545e+00 
 -7.06889802e-01  -2.48024598e+00  -2.33451288e+00 
 -1.99942529e+00  -2.87900742e+00  -2.22210322e+00 
 -2.47955698e+00  -2.56216462e+00  -3.51058313e+00 
 -2.18929197e+00  -1.31658449e+00  -4.13409272e+00 
 -2.88711824e+00  -2.76422045e+00  -1.05618392e+00 
 -2.42920934e+00  -2.28652574e+00   1.35652813e-01 
 -3.56471592e+00  -1.17187553e+00   7.88010224e-01 
 -4.70991551e+00  -1.35916638e+00  -4.75097035e-01 
 -4.14795572e+00  -2.33133286e+00  -1.20895145e+00 
  1.18445211e+00   3.14611881e+00  -6.34825234e+00 
  1.19341965e+00   4.06188214e+00  -5.23735159e+00 
  2.13382929e+00   5.11482704e+00  -5.65544451e+00 
  1.44163224e+00   6.09975929e+00  -6.52488104e+00 
  5.82661174e-01   6.60571769e+00  -5.44427470e+00 
  1.69869607e+00   7.23052490e+00  -4.66438471e+00 
  2.72979837e+00   6.10029472e+00  -4.70757496e+00 
  6.37429691e+00  -1.11653039e+01  -1.39044688e+00 
  4.85666233e+00   7.08613156e-01  -1.71041848e+01 
  5.17874229e+00   4.56838222e+00  -1.37308439e+01 
  6.52736508e+00   1.47426387e+00  -1.19792971e+01 
  4.64869613e+00   1.34455898e+00  -8.69789210e+00 
  3.54621816e+00  -1.08671495e+00  -7.72841806e+00 
  4.92066956e+00  -3.98549539e+00  -9.72939783e+00 
  5.53789887e+00  -2.57109827e+00  -1.32042819e+01 
  9.33573897e+00  -2.18429974e+00  -1.31046809e+01 
  1.03741801e+01  -6.52508584e+00  -8.58497305e+00 
  9.72690888e+00  -6.30083104e+00  -4.84254915e+00 
  1.00174433e+01  -3.40041496e+00  -2.34100630e+00 
  1.18822497e+01  -5.75558055e+00   4.62528793e-03 
  9.37781707e+00   8.27597429e-01  -8.03894008e+00 
 -1.97708633e+00   9.97948456e+00  -1.03699973e+01 
 -1.69268938e+00   1.32079173e+01  -8.37801549e+00 
  1.97812718e+00   1.26328496e+01  -7.72264252e+00 
  4.85035302e+00   1.00514817e+01  -7.82044349e+00 
  2.89852872e+00   1.55421273e+01  -1.06023816e+01 
  5.36886848e+00   1.38704695e+01  -2.26315354e+00 
  8.22025586e+00   7.75529578e+00   4.82681181e+00 
  8.28786151e+00   5.52037768e+00   1.79414765e+00 
  9.88006285e+00   1.31940885e+00   2.80478985e+00 
  7.04973582e+00  -1.19844336e+00   2.97974696e+00 
  8.65075937e+00  -4.65979720e+00   2.71131005e+00 
  5.69421091e+00  -6.05440062e+00   7.79415657e-01 
  2.76885077e+00  -4.30615578e+00  -7.06821584e-01 
  5.42161681e-01  -5.86326998e+00   2.01153336e+00 
  2.00130253e+00  -3.20700335e+00   4.33074007e+00 
  1.49537539e+00  -3.49798608e-01   1.83948828e+00 
 -3.67484891e-01   1.54841720e+00   4.49986694e+00 
  3.04156011e+00   2.21716000e+00   6.22210807e+00 
  4.08848568e+00   4.17416547e+00   3.11807802e+00 
 -4.75713419e-01   6.47277992e+00   6.21000774e+00 
  2.68547683e+00   8.04202321e+00   7.56003586e+00 
  3.17053045e+00   1.02109764e+01   4.49492178e+00 
 -1.24359742e+01   7.07403210e+00   4.13282907e+00 
 -9.88286052e+00  -4.00236531e+00   5.41614926e-01 
 -1.10280198e+01  -1.92543271e+00   3.55028785e+00 
 -8.71781511e+00  -3.63476815e+00   6.08279027e+00 
 -5.57284809e+00  -1.60192328e+00   6.83610852e+00 
 -3.26562564e+00  -4.56164269e+00   6.21577460e+00 
 -4.33741582e+00  -6.42589729e+00   3.08318597e+00 
 -3.43235729e+00  -9.75562542e+00   1.44068426e+00 
 -2.62730594e+00  -9.16799483e+00  -2.21659845e+00 
 -4.74665008e+00  -9.46952116e+00  -6.40519146e+00 
 -3.42659088e+00  -7.03139012e+00  -8.96127685e+00 
 -2.17901706e+00  -4.24170280e+00  -6.81939577e+00 
 -3.55704275e+00  -1.60574691e+00  -9.04893396e+00 
 -7.02798841e+00  -3.02812829e+00  -8.48987295e+00 
 -6.91208546e+00  -2.87026994e+00  -4.75215145e+00 
 -5.62485680e+00   7.11969934e-01  -4.83081051e+00 
 -7.90248385e+00   3.07722700e+00  -2.89383155e+00 
 -7.78611690e+00   5.81405416e+00  -2.49782495e-01 
 -8.13187839e+00   3.25016152e+00   2.52555615e+00 
 -4.39059857e+00   2.82879944e+00   3.16010404e+00 
 -3.94008215e+00   6.63227003e+00   3.04494256e+00 
 -6.86924715e+00   7.55373963e+00   5.27440355e+00 
 -7.31701116e+00   4.55802483e+00   7.56763056e+00 
 -3.54887510e+00   4.67888897e+00   8.03633881e+00 
 -8.93136171e+00   9.60309950e+00  -9.05957640e+00 

   6.521666181612e+00 

  2.04778382e+00  -2.07372915e+00  -2.92272835e-01 
  3.10230808e+00  -2.47751294e+00   5.39733597e-01 
  4.11483785e+00  -1.54284650e+00   7.36216776e-01 
  4.26811842e+00  -6.03033510e-01  -2.35880472e-01 
  3.14281915e+00  -2.14361639e-01  -9.66868150e-01 
  1.96155133e+00  -6.45771445e-01  -3.53112950e-01 
  6.58786474e-01  -3.20460804e-02  -7.78192961e-01 
  6.51289682e-01   1.18363163e+00  -5.74413253e-01 
  5.27224418e-01  -6.63713186e-01  -1.99862669e+00 
  5.23255183e-01  -2.11569124e+00  -2.03560212e+00 
 -1.73999769e-01  -2.29991452e+00  -3.23809960e+00 
 -5.13491723e-01  -1.28419805e+00  -4.07194908e+00 
  7.15363460e-01  -5.95249957e-01  -4.15194316e+00 
  1.49358211e+00  -3.12475432e-01  -2.99488875e+00 
 -1.78021936e+00  -5.40809844e-01  -4.12920366e+00 
 -2.83901779e+00  -8.87395922e-01  -3.34359152e+00 
 -3.53658310e+00   5.25531714e-01  -2.65488824e+00 
 -2.48132324e+00   1.62185489e+00  -3.44659182e+00 
 -1.77242905e+00   7.96960605e-01  -4.23181406e+00 
  4.60537233e+00  -1.43839767e+00   2.03005083e+00 
  3.60291370e+00  -1.19651479e+00   3.03470844e+00 
  4.25547547e+00  -1.60392608e+00   4.29010087e+00 
  5.10675826e+00  -5.00601427e-01   4.80306439e+00 
  3.96712704e+00   3.78820387e-01   5.10203295e+00 
  3.42407160e+00  -4.73206032e-01   6.20806305e+00 
  3.50625721e+00  -1.85506433e+00   5.55521908e+00 
 -9.19717165e-01  -1.22705769e+01  -8.38480758e+00 
  1.54912738e+01  -4.70882882e+00  -4.02708919e-01 
  1.25967389e+01  -3.82015159e+00   3.74606076e+00 
  1.07663633e+01  -6.43538945e+00   1.67952769e+00 
  7.24855172e+00  -5.08560431e+00   1.33771263e+00 
  5.89421970e+00  -5.12249351e+00  -1.15843865e+00 
  7.78056317e+00  -7.32061129e+00  -3.58863020e+00 
  1.14302326e+01  -6.99449763e+00  -2.57383895e+00 
  1.19262145e+01  -1.03280709e+01  -7.78144752e-01 
  7.20325409e+00  -1.34161243e+01  -3.69468730e+00 
  3.44666493e+00  -1.30993260e+01  -3.18215325e+00 
  1.31150531e+00  -1.24727915e+01  -5.11452138e-02 
 -9.55522228e-01  -1.53287789e+01  -1.16023691e+00 
  7.24156446e+00  -9.67941310e+00   2.73868906e+00 
  8.77205673e+00   4.51978287e+00   6.50251447e+00 
  7.16977077e+00   5.32982384e+00   9.85636359e+00 
  7.00568475e+00   1.68203772e+00   1.08059485e+01 
  7.26904777e+00  -1.94715361e+00   9.50898330e+00 
  1.02606220e+01   2.25810168e+00   1.33900346e+01 
  2.24962701e+00  -1.46632249e+00   1.40157029e+01 
 -4.91212708e+00  -7.15750692e+00   1.05352195e+01 
 -2.13644118e+00  -7.79970428e+00   8.06954009e+00 
 -3.31055341e+00  -1.09991622e+01   4.97280135e+00 
 -4.14429882e+00  -9.41170008e+00   1.63129728e+00 
 -3.98538576e+00  -1.22055572e+01  -9.73593491e-01 
 -2.65358056e+00  -9.85841895e+00  -3.64481803e+00 
 -1.44730273e+00  -6.35292655e+00  -3.36310588e+00 
 -4.60189032e+00  -5.18853177e+00  -5.22450876e+00 
 -6.41043562e+00  -5.70930423e+00  -1.90467250e+00 
 -3.75178818e+00  -3.88611137e+00   1.52904060e-01 
 -6.45696796e+00  -1.69677386e+00   1.58115303e+00 
 -7.58745806e+00  -4.72174489e+00   3.72740352e+00 
 -4.18663752e+00  -4.61240687e+00   5.45464566e+00 
 -7.67277082e+00   1.63747874e-01   6.29772433e+00 
 -8.38478661e+00  -2.24584902e+00   9.11999488e+00 
 -5.08373431e+00  -1.54320235e+00   1.08357530e+01 
 -7.32022913e+00   1.15452826e+01   2.04794414e+00 
 -4.49873071e+00   5.22214578e+00  -7.65548062e+00 
 -7.42417692e+00   6.79094622e+00  -5.74288017e+00 
 -9.74650776e+00   3.76195098e+00  -6.06606200e+00 
 -9.82799334e+00   1.60665625e+00  -2.91351857e+00 
 -9.17003759e+00  -1.60289066e+00  -4.84586006e+00 
 -6.42648085e+00  -1.04772881e+00  -7.41525472e+00 
 -5.00398072e+00  -3.01978326e+00  -1.03633812e+01 
 -1.22841753e+00  -3.17144391e+00  -1.00612753e+01 
  2.55471886e+00  -9.43532293e-01  -1.17497955e+01 
  5.50334771e+00  -9.49033773e-01  -9.39903581e+00 
  3.85141813e+00  -1.20659079e+00  -6.06261126e+00 
  6.10309534e+00   1.30260192e+00  -4.49676335e+00 
  4.90498446e+00   3.86774331e+00  -7.02019687e+00 
  1.25825317e+00   3.46065037e+00  -6.28227305e+00 
  1.87564592e+00   3.69252852e+00  -2.53256090e+00 
 -1.32254118e-01   6.51447248e+00  -9.39345610e-01 
 -2.44915662e+00   7.22257770e+00   1.99747020e+00 
 -5.48332236e+00   6.26598125e+00  -6.99059608e-02 
 -5.60156239e+00   2.61591621e+00   1.04380972e+00 
 -5.04885229e+00   3.70360557e+00   4.67618916e+00 
 -7.58179001e+00   6.52827279e+00   4.74665679e+00 
 -1.01986889e+01   5.54280676e+00   2.17479815e+00 
 -1.00965311e+01   2.09647975e+00   3.77030700e+00 
  6.42691113e+00   1.06089254e+01   3.73790210e+00 

   6.521665317214e+00 

