  2.98651570e+00  -9.66572144e-01  -2.21715266e+00 
  3.55993499e+00  -2.26176609e+00  -1.95204967e+00 
  2.72741915e+00  -2.93402824e+00  -9.72179033e-01 
  1.71023141e+00  -2.82521943e+00  -1.59454773e+00 
  2.83485271e+00  -2.57205047e+00   4.12758039e-01 
  2.45808273e+00  -2.70872733e+00   1.57258719e+00 
  2.92868247e+00  -1.75482759e+00   2.57492822e+00 
  2.80066095e+00  -4.31321871e-01   2.32567019e+00 
  2.98580393e+00  -1.93445392e-01   1.03293009e+00 
  2.62377574e+00  -1.17619501e+00   2.20343299e-01 
  1.55419609e+00  -6.94960388e-01  -2.42868225e+00 
  1.20314637e+00  -1.97532100e+00  -2.56233310e+00 
  1.06808674e+00  -1.85721288e+00  -3.92830102e+00 
  1.79233807e-01  -8.10672986e-01  -4.09292074e+00 
  5.56706443e-01   3.10132739e-02  -3.12762139e+00 
  4.43221049e-01  -3.54888043e+00  -4.10496901e+00 
 -5.32753875e-01  -3.34653753e+00  -2.44480765e+00 
 -1.07916824e+00  -2.08842694e+00  -2.73658081e+00 
 -2.14122334e+00  -1.62547885e+00  -1.94859327e+00 
 -4.65617640e-02  -3.10714550e+00  -1.30331766e+00 
 -3.73777020e-01  -2.22115077e+00  -3.09408066e-01 
 -1.36126251e+00  -1.18871545e+00  -8.71486986e-01 
 -1.73560304e+00  -2.11019281e-01  -2.50065754e-03 
 -1.46175471e+00  -7.11862394e-01   1.24623863e+00 
  1.78432850e-01  -8.02997803e-01   5.78699560e-01 
 -1.11225231e+00  -2.03735741e+00   1.70698659e+00 
 -2.23315169e-01  -2.24550070e+00   2.85273258e+00 
  8.08661667e-02  -1.83326624e+00   4.15876093e+00 
 -2.07062482e-01  -3.38362923e+00   2.60901360e+00 
 -5.82351689e-01  -2.17489440e+00   5.36706319e+00 
 -1.39768270e+00  -9.52528203e-01   5.65042121e+00 
 -9.30202724e-01   7.15505786e-02   6.50873079e+00 
 -4.22291996e-01  -4.59046877e-01   7.70157848e+00 
 -7.27594807e-01   1.67932239e-01   8.99903047e+00 
 -1.88227877e+00   8.86767779e-01   8.93004550e+00 
 -2.05815988e+00   1.72099532e+00   7.87254190e+00 
 -1.82523042e+00   1.16108147e+00   6.52415331e+00 
  2.14125788e+00   2.54669134e-01   3.25651051e+00 
 -1.01143380e+01  -5.93457159e+00   2.20321147e+00 
 -7.42453673e+00  -3.49360055e+00   2.50574262e+00 
 -5.28106788e+00  -6.18535954e+00   4.36918508e+00 
 -4.59804543e+00  -9.83587823e+00   4.76139139e+00 
 -1.51486979e+00  -1.16986124e+01   5.85880261e+00 
 -6.78936462e-01  -1.53130725e+01   6.07386154e+00 
  5.80708008e-02  -1.59030694e+01   2.36291045e+00 
 -1.61475576e+00  -1.30756756e+01   5.12189370e-01 
 -4.13697267e+00  -1.02996509e+01   6.88073406e-01 
 -4.96314511e+00  -6.93808710e+00  -7.88906448e-01 
 -8.25072187e+00  -5.49606862e+00  -1.87344892e+00 
 -9.69089464e+00  -2.22950511e+00  -3.05437810e+00 
 -1.02710265e+01  -2.45606543e+00  -6.75603065e+00 
 -6.45528512e+00   5.90676345e-01  -7.33739021e+00 
 -5.20317504e+00  -1.99938916e+00  -4.91432754e+00 
 -5.56056596e+00  -5.66062378e+00  -5.91814948e+00 
 -3.12064572e+00  -8.18935238e+00  -4.48892661e+00 
 -4.05481236e+00  -1.19017704e+01  -4.38310966e+00 
  9.20291332e+00   3.63719026e+00  -7.30173669e+00 
  5.85854314e+00   1.79686341e+00  -7.17080416e+00 
  4.56032248e+00   7.79296599e-01  -1.06106997e+01 
  2.43443078e+00  -2.15672607e+00  -1.17705630e+01 
 -4.33127961e+00  -1.05650556e+01  -9.39671268e+00 
 -1.47442440e+00  -8.00799798e+00  -9.28301616e+00 
 -2.89597500e+00  -4.54181660e+00  -9.72720241e+00 
 -1.27862025e+00  -1.53463328e+00  -8.11457191e+00 
 -2.08782553e+00   2.14689131e+00  -8.05096000e+00 
 -3.79867043e+00   2.92473899e+00  -4.76320567e+00 
 -1.77251747e+00   4.87547561e+00  -2.33599226e+00 
 -4.09302473e+00   6.97076400e+00  -2.84676544e-01 
 -1.76519703e+00   7.33593343e+00   2.63328120e+00 
 -7.29919432e-01   3.73138135e+00   2.79422922e+00 
  2.80943098e+00   3.14155077e+00   3.93745390e+00 
  5.43937219e+00   5.61151474e+00   5.05413087e+00 
  6.04157767e+00   4.08379746e+00   8.52607294e+00 
  2.52921560e+00   4.39166799e+00   9.46867328e+00 
  2.08119009e+00   7.71082832e+00   7.85995923e+00 
  4.87683717e+00   9.33169577e+00   9.95346193e+00 
  3.80027107e+00   7.75688658e+00   1.32303297e+01 
  2.37513529e-01   9.20548902e+00   1.28037178e+01 
  1.41068074e+01  -5.16333096e+00   2.13638711e+00 
  1.42362305e+01  -1.36943863e+00   2.10514349e+00 
  1.24153213e+01  -1.31549933e-01   5.24074317e+00 
  9.73848785e+00   2.56683073e+00   5.83707379e+00 
  7.19174604e+00  -2.19571749e-01   6.19629864e+00 
  8.03470288e+00  -9.72483237e-01   2.40423188e+00 
  7.60960069e+00   2.66037907e+00   1.06822801e+00 
  4.12122115e+00   3.98173016e+00  -1.43434017e-02 
  2.67177861e+00   7.45652305e+00  -1.60157361e-02 
  1.47724020e-01   8.71302048e+00  -2.50032106e+00 
 -2.55902105e+00   1.13807340e+01  -2.36981237e+00 
  9.09447097e-02   1.39485465e+01  -3.43410724e+00 
  2.51643385e+00   1.27729945e+01  -6.64324993e-01 
  4.73339944e+00   1.12049478e+01  -3.31041843e+00 
  6.83937207e+00   8.38221753e+00  -1.78783235e+00 
  6.98628615e+00   5.16844180e+00  -3.79291671e+00 
  9.74850716e+00   2.63530253e+00  -2.94761298e+00 
  8.16759861e+00  -9.01519098e-01  -2.98508438e+00 
  7.92228648e+00  -4.36855813e+00  -1.27780562e+00 
  4.99539887e+00  -6.16911730e+00   3.24016614e-01 
  6.47227134e+00  -9.43546159e+00  -6.23218005e-01 
  3.96466748e+00  -1.22508328e+01   3.60831152e-02 
  1.38673504e+00  -9.81651818e+00   1.29540562e+00 
  3.33541381e+00  -8.96330881e+00   4.51400978e+00 
  9.17274054e-01  -8.82725253e+00   7.64632926e+00 

   4.698545840140e+01 

 -3.14313455e+00  -4.13829860e-01   1.12752243e+00 
 -2.69770698e+00  -9.66151029e-01   2.38177609e+00 
 -1.26832114e+00  -1.19863378e+00   2.29248224e+00 
 -9.90817965e-01  -7.67690957e-02   1.97901029e+00 
 -7.83013835e-01  -2.34777365e+00   1.58214786e+00 
  1.61843006e-01  -3.01228298e+00   1.16800690e+00 
 -1.09089873e-01  -4.09814892e+00   2.28024503e-01 
 -8.54216112e-01  -3.83814243e+00  -8.70779381e-01 
 -1.79762083e+00  -2.95097201e+00  -5.79306778e-01 
 -1.48080869e+00  -2.08063434e+00   3.69007994e-01 
 -2.45635379e+00   6.47227840e-01   3.70854782e-01 
 -1.62465215e+00   9.85553567e-01   1.35788559e+00 
 -2.33370046e+00   2.13207229e+00   1.64214653e+00 
 -2.38662345e+00   2.80696354e+00   4.36275109e-01 
 -2.55723666e+00   1.80961728e+00  -4.34882594e-01 
 -1.12879205e+00   2.68027081e+00   2.87951550e+00 
  3.02246851e-01   1.99898455e+00   1.76704881e+00 
 -1.55859981e-01   2.55550542e+00   5.64150169e-01 
  7.25077638e-01   2.60416794e+00  -5.24329131e-01 
  4.71300205e-01   8.02791316e-01   1.39659853e+00 
  7.56979026e-01   2.25192431e-01   1.86358917e-01 
  5.62281799e-01   1.27147220e+00  -9.20155723e-01 
  7.63527764e-01   8.19684922e-01  -2.18765175e+00 
  1.51902533e+00  -3.18605191e-01  -2.05088337e+00 
  1.26903101e-01  -8.28057441e-01  -1.07795820e+00 
  2.23326493e+00  -8.82244674e-01  -9.26805992e-01 
  2.37440046e+00  -2.32979071e+00  -7.50857255e-01 
  2.66120607e+00  -3.54161227e+00  -1.39692587e+00 
  2.83016591e+00  -2.13799180e+00   3.02940958e-01 
  3.92849891e+00  -4.06175226e+00  -1.77107199e+00 
  3.97616668e+00  -3.78354915e+00  -3.24061830e+00 
  3.59282527e+00  -4.75613236e+00  -4.19513465e+00 
  4.17966947e+00  -5.99757914e+00  -3.91797700e+00 
  4.75050548e+00  -6.82234416e+00  -4.99668141e+00 
  5.09632342e+00  -6.05139923e+00  -6.06477895e+00 
  4.20423007e+00  -5.12705994e+00  -6.50631031e+00 
  3.61839426e+00  -4.21793837e+00  -5.49823997e+00 
 -2.78670996e-01  -4.15590236e+00  -2.02820593e+00 
  1.04768871e+01   4.42650964e+00  -1.50290144e+00 
  7.58614327e+00   2.47561048e+00  -2.56237693e+00 
  8.59213871e+00  -2.91263757e-01   1.53785097e-02 
  1.02709548e+01  -9.85775499e-01   3.27817825e+00 
  9.80983982e+00  -3.75558431e+00   5.78728052e+00 
  1.12735549e+01  -4.40864837e+00   9.13995140e+00 
  9.09857504e+00  -1.97718550e+00   1.11449164e+01 
  7.71820072e+00   4.82789196e-01   8.64276461e+00 
  8.01618424e+00   1.89957791e+00   5.17826723e+00 
  5.99895730e+00   3.53127854e+00   2.45200783e+00 
  6.82261093e+00   6.42398452e+00   2.11995020e-01 
  5.41920823e+00   8.21187687e+00  -2.78350666e+00 
  3.92589521e+00   1.14592289e+01  -1.63684415e+00 
 -5.00864385e-01   9.48259340e+00  -2.45977086e+00 
  1.34033882e+00   6.83882948e+00  -5.18653973e-01 
  2.95789301e+00   7.88412218e+00   2.77238041e+00 
  3.44904486e+00   5.26723849e+00   5.47442534e+00 
  6.07124539e+00   5.81174153e+00   8.21184985e+00 
 -1.23952099e+01  -4.10391823e-01   1.42804140e+00 
 -9.15526040e+00   1.60769449e+00   1.56520135e+00 
 -9.61910112e+00   5.11083361e+00   3.00275773e+00 
 -7.30168708e+00   7.38018110e+00   4.99388350e+00 
  2.84996692e+00   9.87241655e+00   8.57755359e+00 
 -3.13523737e-01   7.96231134e+00   7.54948885e+00 
 -1.43708729e+00   9.16301436e+00   4.15413348e+00 
 -3.21297746e+00   6.85987704e+00   1.74553688e+00 
 -4.57937630e+00   7.27856972e+00  -1.74303498e+00 
 -2.08964957e+00   5.78589864e+00  -4.17502176e+00 
 -3.14102596e+00   2.60361729e+00  -5.77805863e+00 
 -1.60788729e+00   2.44167453e+00  -9.18483773e+00 
 -1.76076130e+00  -1.29473664e+00  -9.47201193e+00 
 -4.62704709e-01  -2.03097278e+00  -6.02766800e+00 
 -1.86817233e+00  -5.13668248e+00  -4.42732674e+00 
 -4.29606180e+00  -7.68387415e+00  -5.79898542e+00 
 -2.01964701e+00  -1.07473016e+01  -5.36968239e+00 
  6.39964815e-01  -9.27866342e+00  -7.39194198e+00 
 -1.67503773e+00  -7.78143632e+00  -9.88284288e+00 
 -3.23979069e+00  -1.11836334e+01  -1.07785048e+01 
  6.19928532e-02  -1.30405985e+01  -1.09421715e+01 
  1.41792637e+00  -1.04871702e+01  -1.35141622e+01 
 -5.91768762e+00  -1.07389548e+01   7.90399868e+00 
 -8.01244975e+00  -1.08370542e+01   4.73955661e+00 
 -5.77383716e+00  -1.21471959e+01   1.91959094e+00 
 -5.10669952e+00  -1.09596675e+01  -1.67860438e+00 
 -1.77220208e+00  -9.60982952e+00  -4.79421623e-01 
 -3.97510277e+00  -7.18000442e+00   1.73426328e+00 
 -6.32303705e+00  -5.91279582e+00  -1.10205366e+00 
 -5.30268210e+00  -2.89422565e+00  -3.32327658e+00 
 -6.17397460e+00  -2.02046491e+00  -6.88030675e+00 
 -6.50996071e+00   1.48410832e+00  -8.19426646e+00 
 -6.05799506e+00   3.05325278e+00  -1.16284635e+01 
 -9.72555682e+00   2.18965164e+00  -1.23713543e+01 
 -9.21335236e+00  -1.47606485e+00  -1.12592469e+01 
 -1.12756791e+01  -7.91969263e-01  -8.15210365e+00 
 -1.03598464e+01  -3.26862484e+00  -5.36846883e+00 
 -9.84895013e+00  -1.76567204e+00  -1.92602502e+00 
 -9.88237892e+00  -4.13048503e+00   1.10180256e+00 
 -7.00362751e+00  -3.07027332e+00   3.46792271e+00 
 -4.10117471e+00  -4.20723424e+00   5.76540525e+00 
 -3.64588226e-01  -3.59636953e+00   5.56720154e+00 
 -1.32110280e-01  -3.75117840e+00   9.26441657e+00 
  3.35350254e+00  -2.65912040e+00   1.04076500e+01 
  4.45140916e+00  -2.04676908e+00   6.86122316e+00 
  4.45391567e+00  -5.78435746e+00   5.90458599e+00 
  7.66285279e+00  -6.70498007e+00   3.77561601e+00 

   4.698545840140e+01 

 -1.30840504e-02   1.88489963e+00  -2.03968766e+00 
 -1.36008956e+00   2.28929917e+00  -1.72559565e+00 
 -1.64697163e+00   1.88875513e+00  -3.60887391e-01 
 -7.05783941e-01   2.45006488e+00   1.21761694e-01 
 -1.96337158e+00   5.17154438e-01  -7.94212821e-02 
 -2.23523597e+00  -3.58234886e-01   7.36436010e-01 
 -2.23751502e+00  -1.74997356e+00   2.90190947e-01 
 -1.15836196e+00  -2.22290944e+00  -3.74599836e-01 
 -6.48155044e-01  -1.27092515e+00  -1.14625708e+00 
 -8.02428286e-01  -3.43796151e-02  -6.94246674e-01 
  1.15491914e+00   2.05060714e+00  -1.15743671e+00 
  5.45703199e-01   2.86812674e+00  -2.96658336e-01 
  1.20240353e+00   3.97393237e+00  -7.90619436e-01 
  2.54204999e+00   3.64367601e+00  -6.97436667e-01 
  2.53489542e+00   2.35065121e+00  -1.03024272e+00 
  4.99331866e-01   5.06869977e+00   4.70563509e-01 
  6.59543301e-01   3.64604421e+00   1.77439973e+00 
  1.97358349e+00   3.28125185e+00   1.44764688e+00 
  2.68016010e+00   2.46733904e+00   2.34291317e+00 
  1.06866690e-01   2.51058333e+00   1.73003903e+00 
  5.65411884e-01   1.23376362e+00   1.92848427e+00 
  2.10037292e+00   1.25609623e+00   1.94794887e+00 
  2.69651011e+00   4.10438756e-02   2.08732632e+00 
  1.73133291e+00  -7.77032359e-01   2.62059060e+00 
  8.71299743e-01  -3.12630523e-01   1.14113017e+00 
  4.34882735e-01  -5.01996503e-01   3.19933913e+00 
 -6.81250533e-01  -1.44231778e+00   3.07163180e+00 
 -1.05921953e+00  -2.79134690e+00   3.14534377e+00 
 -1.38553452e+00  -6.39604727e-01   3.53491948e+00 
 -1.30809668e+00  -3.57417248e+00   4.30370742e+00 
 -5.49753294e-02  -4.38245937e+00   4.42858628e+00 
  4.45943680e-02  -5.68893365e+00   3.89269353e+00 
 -1.06894251e+00  -6.46524526e+00   4.23876935e+00 
 -9.11033105e-01  -7.86476222e+00   4.67017541e+00 
  3.37354449e-01  -8.07972247e+00   5.17027451e+00 
  1.40087315e+00  -7.60745694e+00   4.46950575e+00 
  1.35305115e+00  -6.19354169e+00   4.04000815e+00 
 -6.04483244e-01  -3.31126232e+00   1.55085111e-01 
  3.27248806e+00   1.93944767e+00   1.22800555e+01 
  3.13931487e+00   1.57870563e-01   9.10308474e+00 
 -7.32891810e-01  -1.98107761e-01   9.54096353e+00 
 -3.81204446e+00   1.32637051e+00   1.10043217e+01 
 -7.43424498e+00   1.09796777e+00   1.00005500e+01 
 -1.05217439e+01   2.73955270e+00   1.12582883e+01 
 -1.00610644e+01   6.12252128e+00   9.52458361e+00 
 -6.39785912e+00   6.35393541e+00   8.66142261e+00 
 -2.96018987e+00   4.97453304e+00   9.27665086e+00 
  4.00363249e-01   4.53256803e+00   7.64095791e+00 
  3.85830366e+00   4.98960694e+00   9.01848255e+00 
  7.43558755e+00   4.40258173e+00   8.01969836e+00 
  8.97524661e+00   7.70577380e+00   7.12053970e+00 
  8.86333621e+00   6.25195393e+00   2.42433052e+00 
  5.42368940e+00   5.44964930e+00   3.71761657e+00 
  3.49598669e+00   8.25487807e+00   5.43653466e+00 
 -2.95881482e-01   8.15381203e+00   5.39319164e+00 
 -2.29227923e+00   1.00992715e+01   8.01911921e+00 
  1.04236423e+00   3.20590428e+00  -1.11409072e+01 
  1.84625401e+00   4.36433111e+00  -7.59117956e+00 
  3.20286318e+00   7.92657494e+00  -7.43713150e+00 
  2.94725851e+00   1.06426234e+01  -4.78332767e+00 
  5.99602627e-01   1.36636066e+01   5.58355135e+00 
  5.08284882e-01   1.19656979e+01   2.14525825e+00 
  3.94645986e+00   1.06487987e+01   1.32230610e+00 
  4.40996481e+00   7.55826764e+00  -7.97445283e-01 
  7.42660533e+00   5.64326563e+00  -1.99958099e+00 
  7.86249989e+00   2.60765295e+00   2.22223990e-01 
  7.04981857e+00  -6.53919142e-01  -1.36009414e+00 
  9.21949670e+00  -3.28056214e+00   1.81374925e-01 
  6.95126639e+00  -6.15150826e+00  -6.42886871e-01 
  3.76395280e+00  -4.48736649e+00   4.35150221e-01 
  7.10904625e-01  -5.46455878e+00  -1.54117367e+00 
  3.43309352e-01  -7.94475340e+00  -4.36567162e+00 
 -2.33240746e+00  -1.01338774e+01  -2.69258200e+00 
 -2.38574928e-01  -1.07756562e+01   2.26998839e-01 
  2.90105279e+00  -1.11180678e+01  -1.73029655e+00 
  1.49511596e+00  -1.39935397e+01  -3.87053253e+00 
 -8.15134445e-02  -1.58411522e+01  -9.58926687e-01 
  3.31881795e+00  -1.59193326e+01   8.86424847e-01 
 -1.14879590e+01  -5.98373646e-01  -6.77123906e+00 
 -8.95357646e+00  -2.57699859e+00  -8.78947935e+00 
 -8.07761079e+00  -5.71564720e+00  -6.77413000e+00 
 -4.74638453e+00  -7.39599174e+00  -5.83515200e+00 
 -5.17833262e+00  -6.00571794e+00  -2.33379015e+00 
 -4.86739206e+00  -2.47810115e+00  -4.09913944e+00 
 -1.62472953e+00  -3.21812954e+00  -6.12418375e+00 
  1.87660865e+00  -2.68120918e+00  -4.53073816e+00 
  5.17952434e+00  -4.37449357e+00  -5.16209231e+00 
  8.52967796e+00  -2.70474158e+00  -4.83071736e+00 
  1.20259308e+01  -3.97216890e+00  -4.03696621e+00 
  1.24955563e+01  -4.66040945e+00  -7.78589669e+00 
  9.16085044e+00  -6.60530574e+00  -7.96955108e+00 
  7.63210769e+00  -3.74312246e+00  -9.93076748e+00 
  3.81600427e+00  -3.73852196e+00  -9.53261090e+00 
  2.23601758e+00  -3.66872313e-01  -8.82132883e+00 
 -1.55310210e+00  -7.35843596e-04  -9.34066877e+00 
 -2.96860060e+00   2.03214303e+00  -6.36181821e+00 
 -5.80677110e+00   2.43152765e+00  -3.75785613e+00 
 -5.76739709e+00   2.28690578e+00   3.05542384e-02 
 -8.60398980e+00   4.67099626e+00   1.61950936e-01 
 -9.18826372e+00   5.81907877e+00   3.76605980e+00 
 -6.33881493e+00   3.70762597e+00   5.02301056e+00 
 -8.14011750e+00   3.60168359e-01   4.36379553e+00 
 -7.64192222e+00  -2.14280948e+00   7.39104509e+00 

   4.698545840140e+01 

  2.11619644e+00   3.23115229e+00  -9.08655050e-02 
  3.27740647e+00   2.38879273e+00  -2.27387556e-01 
  2.83828479e+00   1.08096577e+00  -6.76749611e-01 
  2.25140841e+00   1.48361418e+00  -1.63971556e+00 
  2.25382180e+00   1.70018660e-01   2.66223844e-01 
  1.72701420e+00  -9.13015014e-01   5.01493161e-01 
  1.12575002e+00  -1.12414711e+00   1.81678058e+00 
  2.50428955e-01  -2.06584259e-01   2.28803202e+00 
  6.18863315e-01   1.00990074e+00   1.90533050e+00 
  1.25632511e+00   1.06790734e+00   7.44539307e-01 
  1.00952216e+00   3.32169129e+00  -1.05892124e+00 
  1.64115003e+00   2.66249161e+00  -2.03202132e+00 
  1.88774107e+00   3.82012521e+00  -2.73710024e+00 
  6.38929056e-01   4.39115672e+00  -2.90079661e+00 
  5.74714608e-02   4.13277011e+00  -1.72697056e+00 
  2.61050841e+00   2.92305161e+00  -4.13576896e+00 
  1.29393269e+00   1.52287615e+00  -3.89967048e+00 
  1.83786162e-01   2.37077910e+00  -3.77647239e+00 
 -1.09593324e+00   1.81263977e+00  -3.89481542e+00 
  1.12666571e+00   8.03949784e-01  -2.87406951e+00 
  1.84149693e-02   4.32291426e-01  -2.15743631e+00 
 -1.16824251e+00   1.30359626e+00  -2.59293019e+00 
 -2.33080741e+00   1.07708872e+00  -1.92338179e+00 
 -2.19579004e+00  -1.74957788e-01  -1.37626534e+00 
 -7.93878155e-01   5.85439523e-01  -6.01301917e-01 
 -1.23004010e+00  -1.23009976e+00  -1.58929143e+00 
 -8.27349104e-01  -2.13559781e+00  -5.10319704e-01 
 -1.28388287e+00  -2.92229724e+00   5.57788216e-01 
  1.76126627e-04  -2.56632972e+00  -1.20650335e+00 
 -1.89076507e+00  -4.20525817e+00   5.10172017e-01 
 -3.34000014e+00  -3.88995846e+00   7.09017056e-01 
 -3.94516592e+00  -3.94515708e+00   1.98757003e+00 
 -3.61120090e+00  -5.13010084e+00   2.65597725e+00 
 -4.62816206e+00  -5.88960670e+00   3.40339623e+00 
 -5.87714046e+00  -5.62179183e+00   2.93105457e+00 
 -6.21986282e+00  -4.32461223e+00   2.71880449e+00 
 -5.28128953e+00  -3.49808140e+00   1.93023718e+00 
 -9.38794500e-01  -6.91890823e-01   2.63743848e+00 
 -5.09059431e+00  -5.26267138e+00  -9.67053833e+00 
 -4.90676010e+00  -3.71640778e+00  -6.37506122e+00 
 -2.23376221e+00  -6.38272046e+00  -5.34632319e+00 
  4.99798844e-01  -8.61910409e+00  -6.55993944e+00 
  3.51882501e+00  -1.00474898e+01  -4.82061279e+00 
  6.38915205e+00  -1.20945208e+01  -5.99545050e+00 
  8.41904603e+00  -9.27601706e+00  -7.60728210e+00 
  5.98046694e+00  -6.46824132e+00  -8.22969660e+00 
  2.36658803e+00  -5.47982605e+00  -8.47817409e+00 
  5.33990873e-02  -2.54253565e+00  -8.04733331e+00 
 -2.83724355e+00  -1.39154266e+00  -1.01409452e+01 
 -5.60518446e+00   1.15173735e+00  -1.00442061e+01 
 -4.72932351e+00   3.95041173e+00  -1.23873671e+01 
 -3.88866798e+00   6.73699424e+00  -8.42394019e+00 
 -2.07167721e+00   3.52588355e+00  -7.69266434e+00 
  3.73150398e-01   2.25293021e+00  -1.03275141e+01 
  3.27834053e+00   7.94754680e-02  -9.22011991e+00 
  5.01713524e+00  -2.22060691e+00  -1.17404624e+01 
  4.98432020e+00   1.09452788e+01   4.14674469e+00 
  3.82219953e+00   9.27271746e+00   9.15526318e-01 
  4.63515752e+00   1.13018566e+01  -2.21103634e+00 
  5.42735402e+00   1.02714794e+01  -5.78814065e+00 
  5.48573594e+00   2.56563198e+00  -1.37081479e+01 
  5.76756569e+00   4.35752735e+00  -1.03283883e+01 
  2.65736357e+00   6.41386879e+00  -9.75338953e+00 
  1.32744896e+00   7.03186021e+00  -6.27359375e+00 
 -1.65317206e+00   8.89321988e+00  -4.90841190e+00 
 -4.35221620e+00   6.36588156e+00  -4.09043415e+00 
 -4.95867540e+00   5.79924000e+00  -4.69224592e-01 
 -8.56183059e+00   4.91288007e+00  -6.05913877e-03 
 -8.07540087e+00   3.11441096e+00   3.24901428e+00 
 -5.05662075e+00   1.14941612e+00   2.19248150e+00 
 -2.56455192e+00   4.64810749e-01   4.93160043e+00 
 -2.68990070e+00   1.35348612e+00   8.60022742e+00 
 -2.33689600e+00  -2.22861701e+00   9.93995800e+00 
 -5.26371113e+00  -3.39728399e+00   8.09932287e+00 
 -7.24651791e+00  -3.14643101e-01   8.70867952e+00 
 -7.00186845e+00  -6.67264506e-01   1.25350894e+01 
 -7.72392779e+00  -4.38932273e+00   1.25774397e+01 
 -1.10108916e+01  -3.81596689e+00   1.06176387e+01 
  1.12407777e+01  -8.42605813e-01   7.67917264e+00 
  8.86746856e+00   1.31109868e+00   9.71394693e+00 
  5.83867151e+00  -8.54530200e-01   1.06175530e+01 
  2.03961469e+00  -2.77260054e-01   1.04272049e+01 
  1.97804937e+00  -2.53180929e+00   7.37889513e+00 
  4.21245329e+00   2.79583839e-01   5.71735063e+00 
  1.95778475e+00   3.31778235e+00   6.63883115e+00 
 -9.94205726e-01   4.36750633e+00   4.34306262e+00 
 -4.26457676e+00   6.06321313e+00   5.12044533e+00 
 -6.07664158e+00   8.37682697e+00   2.77843287e+00 
 -9.73415917e+00   9.31209400e+00   2.32232156e+00 
 -9.24306190e+00   1.20370205e+01   4.98358099e+00 
 -7.63939253e+00   9.51952778e+00   7.43859392e+00 
 -4.27003311e+00   1.11669544e+01   6.88278825e+00 
 -1.43356592e+00   8.69978203e+00   7.65006225e+00 
  1.37560153e+00   8.57389059e+00   5.10781304e+00 
  4.68579411e+00   6.92658092e+00   6.15193651e+00 
  5.90496983e+00   4.73575398e+00   3.19835038e+00 
  7.47274971e+00   1.37789263e+00   2.07488618e+00 
  6.12513601e+00  -1.40427405e+00  -1.20109212e-01 
  9.56859531e+00  -2.20588369e+00  -1.23698913e+00 
  9.46140128e+00  -4.71488205e+00  -4.12532894e+00 
  5.70055182e+00  -4.80889189e+00  -4.05684517e+00 
  5.51385193e+00  -6.64311412e+00  -6.67818779e-01 
  2.78960392e+00  -9.51512399e+00  -7.53659882e-01 

   4.698545840140e+01 

 -1.12511388e+00  -3.72167907e+00   1.84068760e+00 
 -2.52040028e+00  -3.46859491e+00   1.58428771e+00 
 -2.61472379e+00  -2.47431810e+00   5.31822899e-01 
 -1.94245780e+00  -3.07775151e+00  -2.54166676e-01 
 -2.39274076e+00  -1.09119357e+00   8.45368160e-01 
 -2.30538085e+00   7.52182839e-02   4.74300162e-01 
 -1.79651945e+00   1.06978375e+00   1.41662494e+00 
 -6.30070849e-01   8.24380567e-01   2.05643851e+00 
 -5.24069981e-01  -4.71283486e-01   2.32487577e+00 
 -1.12029325e+00  -1.27815573e+00   1.45848470e+00 
 -8.83940068e-02  -3.90652801e+00   8.10590539e-01 
 -9.43884454e-01  -4.03510933e+00  -2.05295623e-01 
 -7.54633810e-01  -5.39823100e+00  -2.69657733e-01 
  6.12975498e-01  -5.54532084e+00  -4.12536321e-01 
  1.08242932e+00  -4.58620142e+00   3.88979260e-01 
 -1.79382707e+00  -5.56523870e+00  -1.74464710e+00 
 -1.09359368e+00  -3.88718462e+00  -2.41053984e+00 
  2.56141255e-01  -4.16747197e+00  -2.15325189e+00 
  1.22981004e+00  -3.35957326e+00  -2.75531094e+00 
 -1.18422131e+00  -2.75456760e+00  -1.85767817e+00 
 -2.79856070e-01  -1.75383222e+00  -1.61157863e+00 
  1.13642755e+00  -2.29651510e+00  -1.84952611e+00 
  2.14447481e+00  -1.41971397e+00  -1.59219683e+00 
  1.56247117e+00  -1.76775401e-01  -1.63171943e+00 
  5.66888293e-01  -8.74470524e-01  -3.40919070e-01 
  2.66677775e-01   2.76005764e-01  -2.08700652e+00 
 -4.20847157e-01   1.40497719e+00  -1.45534226e+00 
 -2.67853396e-01   2.70564285e+00  -9.52316070e-01 
 -1.36564081e+00   1.15974707e+00  -2.08955578e+00 
 -1.87950049e-01   3.92556266e+00  -1.67479318e+00 
  1.27795574e+00   4.22521582e+00  -1.65104971e+00 
  1.84807298e+00   5.07590897e+00  -6.73676850e-01 
  1.10974048e+00   6.25862739e+00  -5.37901930e-01 
  1.78472137e+00   7.56216530e+00  -4.15901896e-01 
  3.03146905e+00   7.51522262e+00  -9.61974346e-01 
  3.83074625e+00   6.46205251e+00  -6.50249663e-01 
  3.25258329e+00   5.10899172e+00  -7.94698804e-01 
  2.98058395e-01   1.76794724e+00   1.91460122e+00 
  2.14118760e+00   9.33434948e-01  -1.17060534e+01 
  2.62842090e+00   1.18912808e+00  -8.10298250e+00 
 -8.24699368e-01   3.00986319e+00  -7.83219279e+00 
 -4.22533798e+00   3.38541885e+00  -9.32927233e+00 
 -7.51795554e+00   4.42388127e+00  -7.82583378e+00 
 -1.09733752e+01   4.61954676e+00  -9.17903242e+00 
 -1.18348051e+01   8.95019649e-01  -8.95932738e+00 
 -8.53628547e+00  -9.21503673e-01  -8.76520454e+00 
 -4.82247813e+00  -6.96199168e-01  -9.27087187e+00 
 -1.56680613e+00  -2.15402941e+00  -8.07109165e+00 
  1.49444479e+00  -3.17632899e+00  -9.98092331e+00 
  5.01583532e+00  -4.32696976e+00  -9.33674704e+00 
  5.19916551e+00  -8.01757263e+00  -9.99701565e+00 
  5.55879973e+00  -8.66566306e+00  -5.13582867e+00 
  2.68751005e+00  -6.26889542e+00  -5.53414022e+00 
 -1.17511259e-01  -7.27000581e+00  -7.91524482e+00 
 -3.59903203e+00  -5.88868981e+00  -7.31413218e+00 
 -6.13247750e+00  -5.76979708e+00  -1.01835277e+01 
 -7.89058417e-01  -8.91467123e+00   9.49647766e+00 
 -4.15634925e-01  -8.72427280e+00   5.70002386e+00 
 -4.81144389e-01  -1.21408261e+01   4.00397770e+00 
 -1.68588535e+00  -1.32646235e+01   5.73145972e-01 
 -4.81723182e+00  -1.07759913e+01  -9.72789220e+00 
 -4.32666840e+00  -1.07120456e+01  -5.92416367e+00 
 -6.59572199e-01  -1.11261912e+01  -5.14095887e+00 
  8.86439044e-01  -9.54027137e+00  -2.08248337e+00 
  4.37887547e+00  -9.45773108e+00  -6.65247374e-01 
  5.95095838e+00  -6.13820956e+00  -1.58758029e+00 
  6.38544612e+00  -3.74652796e+00   1.22188828e+00 
  9.40265570e+00  -1.65057016e+00   5.24542830e-01 
  8.35364842e+00   1.22447716e+00   2.69255910e+00 
  4.79422338e+00   1.36238517e+00   1.50850907e+00 
  2.29246371e+00   2.43966458e+00   4.10899590e+00 
  2.82825536e+00   3.51049829e+00   7.69096780e+00 
  1.18868133e+00   6.96909145e+00   7.37334614e+00 
  3.41909775e+00   7.97647595e+00   4.66587758e+00 
  6.42734899e+00   6.37993168e+00   6.15146970e+00 
  6.15827442e+00   8.42344210e+00   9.40374144e+00 
  5.43191108e+00   1.17178209e+01   7.67274597e+00 
  8.64683857e+00   1.13584091e+01   5.54936367e+00 
 -1.09262260e+01   4.21956534e-01   8.69601143e+00 
 -7.87113678e+00   3.92516375e-01   1.09492110e+01 
 -5.85576751e+00   3.56244026e+00   1.01942718e+01 
 -2.12325353e+00   4.21087840e+00   9.52332235e+00 
 -2.98371608e+00   4.61381707e+00   5.85232524e+00 
 -4.03849173e+00   8.06059820e-01   6.06599632e+00 
 -7.87657674e-01  -5.17896695e-01   7.75197493e+00 
  2.28769577e+00  -1.53466495e+00   5.60835535e+00 
  5.97266496e+00  -1.50584924e+00   6.37987579e+00 
  8.46480801e+00  -3.94192230e+00   4.97410858e+00 
  1.21942331e+01  -3.75871058e+00   4.25437313e+00 
  1.28240504e+01  -4.86873899e+00   7.87650924e+00 
  1.04511811e+01  -2.14533535e+00   9.25098289e+00 
  7.93398175e+00  -4.83348466e+00   1.01526912e+01 
  4.39795158e+00  -3.35300263e+00   1.03134978e+01 
  1.68784945e+00  -5.36398859e+00   8.58677155e+00 
 -1.97305358e+00  -4.57242574e+00   9.44258409e+00 
 -3.99418408e+00  -4.58470769e+00   6.13733617e+00 
 -6.73319054e+00  -2.87702532e+00   3.99794303e+00 
 -6.57983231e+00  -1.22362214e+00   5.89533124e-01 
 -1.00977221e+01  -2.20145864e+00  -5.52133492e-02 
 -1.10076083e+01  -1.49924645e+00  -3.70597700e+00 
 -7.55626971e+00  -1.90038987e-01  -4.43519176e+00 
 -7.99178567e+00   2.99311517e+00  -2.29917132e+00 
 -6.54690435e+00   6.16953107e+00  -4.17000978e+00 

   4.698545840140e+01 

  2.06031067e+00   2.22792764e+00   2.36831716e+00 
  1.80056717e+00   1.75703365e+00   3.70525725e+00 
  9.76207865e-01   5.66521018e-01   3.61427984e+00 
  1.71595174e+00  -2.74941799e-02   2.88367873e+00 
 -4.29936043e-01   6.99417829e-01   3.35792400e+00 
 -1.52210266e+00   1.75386528e-01   3.16195686e+00 
 -2.63056327e+00   1.01941972e+00   2.72036948e+00 
 -2.44506409e+00   1.83520877e+00   1.65723038e+00 
 -1.20276385e+00   2.30289296e+00   1.65593503e+00 
 -2.94350210e-01   1.49427924e+00   2.18327460e+00 
  2.43677413e+00   1.38059405e+00   1.22360836e+00 
  2.68904850e+00   2.91733882e-01   1.95241762e+00 
  4.05177843e+00   4.53925372e-01   1.83109156e+00 
  4.26691660e+00   5.14134512e-01   4.66358853e-01 
  3.21360863e+00   1.22017895e+00   4.83065219e-02 
  4.40574811e+00  -1.10340614e+00   2.68714757e+00 
  2.87487336e+00  -1.91172325e+00   1.81959273e+00 
  3.15974789e+00  -1.44190619e+00   5.29375335e-01 
  2.48809609e+00  -2.02388142e+00  -5.53858252e-01 
  1.66856707e+00  -1.54816445e+00   1.91624080e+00 
  6.74351829e-01  -1.33598919e+00   9.96224231e-01 
  1.29642978e+00  -1.30442345e+00  -4.06988380e-01 
  4.26538064e-01  -1.04945792e+00  -1.42160103e+00 
 -8.15404817e-01  -1.34712473e+00  -9.17459293e-01 
 -3.58668000e-01  -1.08950532e-01   2.66789599e-01 
 -1.23846973e+00  -2.02940509e+00   2.85406959e-01 
 -2.47418441e+00  -1.66602075e+00   9.83424006e-01 
 -3.83028407e+00  -1.34422600e+00   8.23375731e-01 
 -2.16819805e+00  -2.37517118e+00   1.85433023e+00 
 -4.92182857e+00  -2.22164417e+00   5.88365073e-01 
 -5.16992617e+00  -2.05096472e+00  -8.77428793e-01 
 -6.13950362e+00  -1.14339693e+00  -1.36754154e+00 
 -7.35426397e+00  -1.28075342e+00  -6.83521761e-01 
 -8.63661290e+00  -1.26477146e+00  -1.40810446e+00 
 -8.46297887e+00  -1.63039839e+00  -2.70846851e+00 
 -7.44244399e+00  -1.06539121e+00  -3.40449946e+00 
 -6.10435319e+00  -1.08344913e+00  -2.77593095e+00 
 -3.32266965e+00   1.67854715e+00   6.68733850e-01 
 -3.51212236e-01  -1.13122797e+01  -2.79892062e+00 
 -1.13752854e+00  -7.75362015e+00  -2.84935984e+00 
 -3.09837938e+00  -8.20711472e+00   5.06508105e-01 
 -3.35980021e+00  -1.01744155e+01   3.67005341e+00 
 -4.73089652e+00  -9.28328566e+00   7.06210950e+00 
 -4.83857715e+00  -1.10902048e+01   1.03075378e+01 
 -1.22400839e+00  -1.04392864e+01   1.13908807e+01 
  6.56170278e-01  -9.55078304e+00   8.24554092e+00 
  6.41381559e-01  -9.59458080e+00   4.49098507e+00 
  2.01204194e+00  -7.77845566e+00   1.49313228e+00 
  3.42118730e+00  -9.10063594e+00  -1.72089312e+00 
  4.58274270e+00  -7.83974318e+00  -5.06754323e+00 
  8.33503951e+00  -7.92011032e+00  -5.13018488e+00 
  8.24447344e+00  -3.01161237e+00  -4.84921769e+00 
  5.83745709e+00  -4.12988236e+00  -2.18403548e+00 
  7.09173646e+00  -6.68355444e+00   3.54776817e-01 
  5.51336124e+00  -6.75223609e+00   3.80359859e+00 
  5.74569991e+00  -9.91397792e+00   5.95192807e+00 
  6.03025751e+00   1.05420671e+01   3.26599752e+00 
  6.43579551e+00   6.84059385e+00   2.41547233e+00 
  1.00670651e+01   5.67186685e+00   2.45619753e+00 
  1.16592066e+01   2.31608634e+00   3.28610738e+00 
  1.06664277e+01  -8.55881304e+00   4.97754506e+00 
  1.00389216e+01  -4.77476921e+00   4.95908837e+00 
  1.04569605e+01  -3.46690210e+00   1.44522326e+00 
  8.47733442e+00  -4.99616416e-01   2.05924611e-01 
  8.30176274e+00   1.33398776e+00  -3.08338432e+00 
  5.21956918e+00   1.46603583e-01  -4.93583336e+00 
  2.44319925e+00   2.60598927e+00  -5.14849781e+00 
  5.85765343e-01   2.00801045e+00  -8.33836366e+00 
 -2.62200246e+00   3.57357001e+00  -7.18690505e+00 
 -2.70215524e+00   1.92740518e+00  -3.81433681e+00 
 -4.25155208e+00   3.99173591e+00  -1.07211651e+00 
 -5.83798483e+00   7.41611007e+00  -1.21762588e+00 
 -9.26276454e+00   6.38161221e+00   1.79389265e-01 
 -9.76539055e+00   3.87020218e+00  -2.42064030e+00 
 -8.31012168e+00   5.95464204e+00  -5.13040340e+00 
 -1.08350404e+01   8.80749886e+00  -4.57219140e+00 
 -1.38494710e+01   6.53071295e+00  -4.24610091e+00 
 -1.30569579e+01   4.92169238e+00  -7.67490010e+00 
 -3.42434468e+00   7.05920881e+00   1.27029317e+01 
 -3.63249624e+00   9.67178081e+00   9.95657305e+00 
 -6.57697238e+00   8.72843694e+00   7.69378130e+00 
 -6.98372750e+00   8.46277067e+00   3.87720200e+00 
 -6.85060819e+00   4.69184477e+00   4.25319704e+00 
 -3.15970662e+00   5.32383700e+00   5.53188926e+00 
 -1.99577048e+00   7.59632543e+00   2.59176073e+00 
 -5.55847278e-01   6.04595582e+00  -6.65492190e-01 
 -5.72870844e-01   7.27952319e+00  -4.22261095e+00 
  2.13548852e+00   6.58523727e+00  -6.73342097e+00 
  2.19555017e+00   6.33978994e+00  -1.05276725e+01 
  2.76013699e+00   1.01367239e+01  -1.06427265e+01 
 -2.23022231e-01   1.07736301e+01  -8.26960092e+00 
  2.20558221e+00   1.17244301e+01  -5.51762395e+00 
  5.94676158e-01   1.12023376e+01  -2.07471875e+00 
  2.74960756e+00   9.45124686e+00   5.06027926e-01 
  1.70844132e+00   9.69563117e+00   4.19621044e+00 
  2.15496101e+00   6.19278267e+00   5.79009114e+00 
  6.99348899e-01   3.48614117e+00   8.14606729e+00 
 -4.07061379e-01  -7.88917203e-02   7.48205246e+00 
  5.33715946e-01  -1.02669618e+00   1.09409562e+01 
  3.66438173e-01  -4.82827633e+00   1.13521455e+01 
 -6.93869626e-01  -5.28502636e+00   7.77099443e+00 
 -4.17949437e+00  -3.71603219e+00   8.29387617e+00 
 -6.97979738e+00  -5.82893928e+00   6.45777614e+00 

   4.698545840140e+01 

  3.27865297e+00   6.18568068e-02  -2.23378063e+00 
  2.77474019e+00  -7.95057672e-01  -3.27703808e+00 
  1.37389373e+00  -1.06066744e+00  -3.00825168e+00 
  1.05069580e+00   9.06159264e-02  -2.94546030e+00 
  1.01779917e+00  -2.02468414e+00  -2.00600968e+00 
  1.51185544e-01  -2.61000464e+00  -1.36396562e+00 
  5.61115921e-01  -3.42469919e+00  -2.21903338e-01 
  1.36989211e+00  -2.87571995e+00   7.13344935e-01 
  2.23032879e+00  -2.04502092e+00   1.37473491e-01 
  1.78774110e+00  -1.44328782e+00  -9.57602722e-01 
  2.58581946e+00   1.24328312e+00  -1.69131332e+00 
  1.66157109e+00   1.29762857e+00  -2.65216361e+00 
  2.27295057e+00   2.37140812e+00  -3.26148422e+00 
  2.37484867e+00   3.31856410e+00  -2.25902860e+00 
  2.67410780e+00   2.56878560e+00  -1.19554359e+00 
  9.44974304e-01   2.55282275e+00  -4.48090032e+00 
 -3.51138137e-01   2.09847920e+00  -3.11588386e+00 
  1.61211293e-01   2.94764115e+00  -2.12443818e+00 
 -6.35500433e-01   3.21901657e+00  -1.00425421e+00 
 -4.15466326e-01   1.02061226e+00  -2.45956424e+00 
 -5.70955899e-01   7.39804327e-01  -1.12656661e+00 
 -3.59043565e-01   2.02923849e+00  -3.20690875e-01 
 -4.34108176e-01   1.88785458e+00   1.03043227e+00 
 -1.12432278e+00   7.18618289e-01   1.23458136e+00 
  2.19011696e-01   5.03739419e-02   2.89578037e-01 
 -1.88508691e+00  -1.29514739e-01   3.43915345e-01 
 -1.94738771e+00  -1.58151733e+00   5.28506302e-01 
 -2.10689107e+00  -2.61322191e+00   1.46569249e+00 
 -2.49337066e+00  -1.66909739e+00  -4.95813959e-01 
 -3.30653473e+00  -3.08211905e+00   2.06364954e+00 
 -3.25954426e+00  -2.46040775e+00   3.42398130e+00 
 -2.74381501e+00  -3.15691059e+00   4.54330134e+00 
 -3.27038273e+00  -4.45270621e+00   4.62097184e+00 
 -3.70402131e+00  -5.01716202e+00   5.91056151e+00 
 -4.01548054e+00  -4.02727900e+00   6.79254975e+00 
 -3.15257892e+00  -2.98616939e+00   6.92168221e+00 
 -2.70396536e+00  -2.32225862e+00   5.67915261e+00 
  9.05501859e-01  -2.92982862e+00   1.95964896e+00 
 -1.03800193e+01   4.80067891e+00   3.81031144e-01 
 -7.29934161e+00   3.28914840e+00   1.60968720e+00 
 -8.32188889e+00  -5.80123671e-02  -1.40557027e-01 
 -1.01972377e+01  -1.58991765e+00  -2.98361267e+00 
 -9.75447015e+00  -4.86004672e+00  -4.79752415e+00 
 -1.14252478e+01  -6.36412932e+00  -7.75650949e+00 
 -9.56757843e+00  -4.39573092e+00  -1.04651819e+01 
 -8.15884588e+00  -1.34818695e+00  -8.74890083e+00 
 -8.28088280e+00   8.47277446e-01  -5.70524026e+00 
 -6.16896050e+00   3.17322128e+00  -3.63306478e+00 
 -7.00076868e+00   6.48203229e+00  -2.07624898e+00 
 -5.48900723e+00   8.99778058e+00   2.74222536e-01 
 -4.29582920e+00   1.19345986e+01  -1.73613564e+00 
  2.96907341e-01   1.04074403e+01  -8.67196357e-01 
 -1.51599780e+00   7.29696031e+00  -1.95611353e+00 
 -3.44257538e+00   7.44778965e+00  -5.24329698e+00 
 -3.97177145e+00   4.23834205e+00  -7.19515630e+00 
 -6.82418157e+00   3.99360946e+00  -9.73873146e+00 
  1.24621065e+01   3.92221589e-01  -3.35014228e+00 
  9.09999630e+00   2.17601425e+00  -3.67116745e+00 
  9.23041269e+00   5.24631694e+00  -5.93168359e+00 
  6.62908748e+00   6.86691950e+00  -8.18815921e+00 
 -3.90344518e+00   7.98175442e+00  -1.13398106e+01 
 -5.56336246e-01   6.51398502e+00  -1.01755053e+01 
  7.44579752e-01   8.54464938e+00  -7.27437780e+00 
  2.84100372e+00   6.96847859e+00  -4.55771493e+00 
  4.44012620e+00   8.27385622e+00  -1.40315006e+00 
  2.24243280e+00   7.30498338e+00   1.52478350e+00 
  3.61210335e+00   4.65106068e+00   3.73447374e+00 
  2.35643525e+00   5.24857874e+00   7.20566277e+00 
  2.76676431e+00   1.70158568e+00   8.35330304e+00 
  1.25910300e+00   1.01927396e-01   5.31051641e+00 
  2.73209628e+00  -3.23418858e+00   4.37110964e+00 
  5.41370623e+00  -5.26865109e+00   6.08406341e+00 
  3.30951329e+00  -8.44061061e+00   6.59592088e+00 
  7.24244310e-01  -6.64427767e+00   8.44241465e+00 
  3.12304224e+00  -4.49256210e+00   1.02921178e+01 
  4.96355268e+00  -7.50796192e+00   1.18236179e+01 
  1.80792861e+00  -9.41156641e+00   1.27153619e+01 
  4.93221986e-01  -6.37471762e+00   1.47210498e+01 
  6.17604274e+00  -1.14619826e+01  -6.59649056e+00 
  8.50792482e+00  -1.07043209e+01  -3.69828072e+00 
  6.57814082e+00  -1.13919069e+01  -4.60500137e-01 
  6.11345649e+00  -9.40245842e+00   2.79963312e+00 
  2.61857301e+00  -8.52652337e+00   1.61747306e+00 
  4.48821930e+00  -6.60879006e+00  -1.29524800e+00 
  6.96066505e+00  -4.59546187e+00   9.40110672e-01 
  5.92373000e+00  -1.17763318e+00   2.46652285e+00 
  7.00661756e+00   5.64090121e-01   5.62386772e+00 
  7.21945756e+00   4.29312884e+00   6.03663848e+00 
  6.93224998e+00   6.62236807e+00   9.02868681e+00 
  1.06930252e+01   6.12233613e+00   9.62470782e+00 
  1.03304118e+01   2.27807537e+00   9.46104790e+00 
  1.21024815e+01   2.28186094e+00   6.10914220e+00 
  1.11356046e+01  -8.29613300e-01   4.08304441e+00 
  1.02697559e+01  -2.23742117e-01   4.42504937e-01 
  1.02217847e+01  -3.24462214e+00  -1.93092728e+00 
  7.10977182e+00  -2.91095546e+00  -4.21430752e+00 
  4.11837042e+00  -4.69212667e+00  -5.90967922e+00 
  3.76631681e-01  -4.21340639e+00  -5.52923600e+00 
 -1.26740024e-01  -5.26423629e+00  -9.04914852e+00 
 -3.75142715e+00  -4.63128665e+00  -1.01027557e+01 
 -4.61233017e+00  -3.23059091e+00  -6.71831870e+00 
 -4.30551186e+00  -6.62415373e+00  -4.90880999e+00 
 -7.27815734e+00  -7.14242493e+00  -2.34519723e+00 

   4.698545840140e+01 

 -4.47541336e+00  -5.34080476e-01   1.95841976e+00 
 -3.74294169e+00  -1.13621108e+00   3.04356519e+00 
 -2.42049714e+00  -1.48505822e+00   2.55919801e+00 
 -2.80800587e+00  -2.14256665e+00   1.63649941e+00 
 -1.42616007e+00  -4.59071885e-01   2.42039456e+00 
 -2.93150938e-01  -1.24044544e-01   2.08890275e+00 
  2.05396353e-02   1.30192401e+00   2.02341776e+00 
 -7.98526077e-01   2.11773513e+00   1.32073003e+00 
 -2.05639862e+00   1.71157607e+00   1.44251492e+00 
 -2.21476610e+00   4.05949407e-01   1.60809652e+00 
 -4.50733365e+00  -1.03042558e+00   5.71812450e-01 
 -3.94391320e+00  -2.20797437e+00   8.48141959e-01 
 -5.14521838e+00  -2.87425208e+00   7.43266525e-01 
 -5.61171501e+00  -2.53836378e+00  -5.14495327e-01 
 -5.25822586e+00  -1.25436268e+00  -6.09945700e-01 
 -4.36952571e+00  -4.49674396e+00   9.65142223e-01 
 -2.85226711e+00  -3.89822239e+00  -7.85549154e-02 
 -3.59520711e+00  -3.32649198e+00  -1.12148684e+00 
 -2.93320214e+00  -3.01390618e+00  -2.31616079e+00 
 -2.08204613e+00  -2.93247145e+00   1.87481679e-01 
 -1.58794989e+00  -1.89198492e+00  -5.56271950e-01 
 -2.36936231e+00  -1.81100125e+00  -1.87529404e+00 
 -2.01688515e+00  -7.84929428e-01  -2.69632651e+00 
 -7.60868072e-01  -4.09389770e-01  -2.28818730e+00 
 -1.60917635e+00  -1.41232192e-01  -7.54370530e-01 
  1.97390337e-01  -1.02680069e+00  -1.39828719e+00 
  1.10597587e+00  -2.29181670e-01  -5.70916077e-01 
  1.97041659e+00   8.75633164e-01  -5.53594536e-01 
  1.43578254e+00  -1.20405611e+00  -2.69978508e-02 
  3.29834756e+00   9.62683000e-01  -1.04915859e+00 
  3.11796531e+00   1.69070137e+00  -2.34402810e+00 
  3.27533382e+00   3.09447419e+00  -2.43691110e+00 
  4.45202925e+00   3.51582756e+00  -1.80426447e+00 
  5.32549643e+00   4.52578451e+00  -2.42614575e+00 
  5.14880459e+00   4.55395625e+00  -3.77624384e+00 
  3.87895273e+00   4.56783287e+00  -4.25839249e+00 
  2.94395820e+00   3.55234773e+00  -3.72878262e+00 
 -1.98610929e-01   2.83794165e+00   3.75603508e-01 
  4.23104951e+00  -7.43074265e+00  -7.65857354e+00 
  2.80452292e+00  -4.32547856e+00  -6.39079898e+00 
  5.26702274e+00  -4.51120011e+00  -3.35533441e+00 
  7.20873673e+00  -6.77608952e+00  -1.10885831e+00 
  8.43665061e+00  -6.34112684e+00   2.42428435e+00 
  1.01795201e+01  -8.60630557e+00   4.79930597e+00 
  7.13476903e+00  -1.06454473e+01   5.91008294e+00 
  4.52697645e+00  -1.01564046e+01   3.23091749e+00 
  3.84685226e+00  -9.01987278e+00  -2.82564120e-01 
  1.14037898e+00  -7.58709898e+00  -2.47032630e+00 
  1.63629222e-01  -8.41676074e+00  -5.99473148e+00 
 -2.12421520e+00  -7.15794308e+00  -8.70033206e+00 
 -5.07766740e+00  -9.46359730e+00  -8.92659053e+00 
 -7.76978771e+00  -5.88901997e+00  -6.88811509e+00 
 -4.70231518e+00  -6.08042149e+00  -4.71983710e+00 
 -3.75010583e+00  -9.49849297e+00  -3.32337356e+00 
 -1.79530054e+00  -9.66114520e+00  -7.64307379e-02 
  2.45099799e-01  -1.27882617e+01   7.74346082e-01 
 -1.22379097e+01   2.90032001e+00   5.65162514e+00 
 -1.05982812e+01   1.98372992e-01   3.50689697e+00 
 -1.28108194e+01  -2.86583229e+00   2.98822430e+00 
 -1.19935078e+01  -6.54942799e+00   2.49017581e+00 
 -4.63691144e+00  -1.44630722e+01   1.73986446e-01 
 -6.31316620e+00  -1.12979822e+01   1.54710961e+00 
 -8.06791517e+00  -9.50399817e+00  -1.26980330e+00 
 -8.43186280e+00  -5.74540553e+00  -1.27920761e+00 
 -9.97290300e+00  -3.27601283e+00  -3.67499094e+00 
 -7.19094287e+00  -1.71497242e+00  -5.71587713e+00 
 -6.43286981e+00   1.83443769e+00  -4.92275220e+00 
 -5.21986598e+00   3.50207822e+00  -8.04212398e+00 
 -3.34465800e+00   6.23385725e+00  -6.28497108e+00 
 -1.69171180e+00   4.03090073e+00  -3.73443170e+00 
 -1.11945362e+00   5.63631770e+00  -3.76304090e-01 
 -1.84998267e+00   9.15545593e+00   7.83986220e-01 
  1.73756000e+00   1.00319567e+01   1.83861279e+00 
  3.08296497e+00   9.29329479e+00  -1.47261524e+00 
  2.10109388e-01   1.07831368e+01  -3.29815207e+00 
  6.89309928e-01   1.42316913e+01  -1.65393608e+00 
  4.45878029e+00   1.42783865e+01  -2.06111343e+00 
  4.09665399e+00   1.36766776e+01  -5.86643852e+00 
 -9.08322975e-01   3.13558990e+00   1.35358273e+01 
 -2.76692316e+00   6.02931129e+00   1.19285540e+01 
 -3.13081973e-01   7.81325776e+00   9.58841253e+00 
 -5.65591618e-01   9.04262586e+00   5.95149092e+00 
  1.56505181e+00   6.07528320e+00   4.93452911e+00 
 -1.49230357e+00   3.91579528e+00   6.21765508e+00 
 -4.28514701e+00   5.79090310e+00   4.25620078e+00 
 -5.16365825e+00   4.78833864e+00   6.07940388e-01 
 -6.53761123e+00   6.80381683e+00  -2.26001585e+00 
 -8.77497602e+00   5.43372279e+00  -4.95045288e+00 
 -9.40651435e+00   6.38914719e+00  -8.57654173e+00 
 -1.20577767e+01   8.87366179e+00  -7.33287856e+00 
 -9.59496692e+00   1.04100723e+01  -4.78128600e+00 
 -1.15489206e+01   8.79202164e+00  -1.96357516e+00 
 -9.30904802e+00   8.31768367e+00   1.11525080e+00 
 -9.52668960e+00   4.93249180e+00   2.80741201e+00 
 -8.13324812e+00   4.60090658e+00   6.37246039e+00 
 -6.17344588e+00   1.26507986e+00   6.57548363e+00 
 -3.01068716e+00  -5.72452675e-01   7.84661298e+00 
 -2.09934784e-01  -2.31871753e+00   5.98090557e+00 
  2.45704824e-01  -4.65172370e+00   8.82640825e+00 
  2.63984772e+00  -7.47105707e+00   7.84227958e+00 
  3.06236504e+00  -6.06014774e+00   4.37986273e+00 
  5.03678929e+00  -2.96388416e+00   5.56287948e+00 
  8.12875459e+00  -2.25818088e+00   3.19242173e+00 

   4.698545840140e+01 

 -1.13942524e+00  -2.56605953e+00  -5.94811302e-01 
 -2.36038666e+00  -2.28439707e+00  -1.30652478e+00 
 -2.41077585e+00  -8.59177182e-01  -1.57368521e+00 
 -2.27082112e+00  -5.25315630e-01  -4.32281607e-01 
 -1.62724139e+00  -3.13746381e-01  -2.64569246e+00 
 -1.24829428e+00   6.61386209e-01  -3.28706237e+00 
 -1.57901133e-01   4.84830915e-01  -4.24411377e+00 
  9.80402165e-01  -1.18373729e-01  -3.83108081e+00 
  6.95073625e-01  -1.07323340e+00  -2.95422807e+00 
 -3.82629513e-01  -8.56142901e-01  -2.21356204e+00 
 -6.02954318e-01  -1.77399057e+00   5.25404255e-01 
 -1.71406909e+00  -1.06033603e+00   7.16566273e-01 
 -2.05121689e+00  -1.77688030e+00   1.84393251e+00 
 -9.38657168e-01  -1.67244649e+00   2.65861611e+00 
  6.14129167e-02  -1.75601801e+00   1.77793467e+00 
 -3.47818020e+00  -7.18848014e-01   2.20135557e+00 
 -2.46557508e+00   8.22202993e-01   1.61025651e+00 
 -1.29426571e+00   5.21882504e-01   2.32045680e+00 
 -3.30058586e-01   1.52758867e+00   2.46900330e+00 
 -1.97443644e+00   1.01213121e+00   4.61604768e-01 
 -7.44494667e-01   1.42990263e+00   2.27163504e-02 
  2.41427691e-01   1.38861458e+00   1.19882664e+00 
  1.52232834e+00   1.73177222e+00   8.94369401e-01 
  1.43805762e+00   2.44415347e+00  -2.76355987e-01 
  7.03504663e-01   9.36300869e-01  -8.51631387e-01 
  3.15432248e-01   3.00802601e+00  -9.92692284e-01 
  3.01873343e-01   3.10013073e+00  -2.45474550e+00 
  1.05285137e+00   3.43966090e+00  -3.59005377e+00 
 -8.13354180e-01   3.42989930e+00  -2.40454684e+00 
  1.33718136e+00   4.73274756e+00  -4.10351792e+00 
  2.74622830e+00   4.96123177e+00  -3.65449982e+00 
  3.85025911e+00   4.67694377e+00  -4.49370570e+00 
  3.65984777e+00   5.20318341e+00  -5.77792060e+00 
  4.75698607e+00   5.88366090e+00  -6.48709774e+00 
  5.67553559e+00   6.36918264e+00  -5.60657862e+00 
  6.10219853e+00   5.55373258e+00  -4.60748725e+00 
  5.06615625e+00   4.86839377e+00  -3.80571512e+00 
  2.09282532e+00   5.85634289e-01  -4.02792388e+00 
 -7.24942163e-01   1.13585965e+01   4.07264653e+00 
  8.94180525e-01   8.57976646e+00   2.35758364e+00 
 -1.42694519e+00   9.21817877e+00  -7.27420111e-01 
 -4.75422320e+00   1.04809482e+01  -1.85935055e+00 
 -6.83619787e+00   9.67123221e+00  -4.89081942e+00 
 -1.02320192e+01   1.07104940e+01  -5.98520924e+00 
 -1.22507610e+01   8.35664578e+00  -3.73876454e+00 
 -9.92310372e+00   7.33185282e+00  -9.54975182e-01 
 -6.71557478e+00   8.06889815e+00   8.52605770e-01 
 -3.99184208e+00   6.42338380e+00   2.86200978e+00 
 -2.23235947e+00   7.56302502e+00   5.97155145e+00 
  6.66135945e-01   6.56195943e+00   8.14772252e+00 
 -6.85494526e-01   5.00271672e+00   1.12833200e+01 
  8.82763806e-01   6.70385570e-01   9.56519031e+00 
 -9.23258063e-01   2.21638281e+00   6.65046404e+00 
 -4.48315340e+00   3.44731404e+00   7.24374235e+00 
 -6.88500783e+00   3.56258208e+00   4.30977477e+00 
 -9.95540217e+00   5.84774215e+00   4.43874845e+00 
 -3.56895746e-01  -1.17858605e+01  -3.22523076e-01 
 -1.11583021e+00  -8.54869195e+00   1.55724199e+00 
 -2.90542385e+00  -9.11613216e+00   4.87824584e+00 
 -5.41476980e+00  -7.01205909e+00   6.81757231e+00 
 -1.04347849e+01   2.68192455e+00   8.53108850e+00 
 -8.81977906e+00  -3.70645014e-01   6.86175706e+00 
 -5.48827012e+00  -1.05696679e+00   8.49348359e+00 
 -2.62648065e+00  -2.57413942e+00   6.55237226e+00 
  9.20493724e-01  -3.50488504e+00   7.42711129e+00 
  3.20907035e+00  -7.70011748e-01   6.15265026e+00 
  5.29942406e+00  -1.68083454e+00   3.21958748e+00 
  8.49830470e+00   2.45990515e-01   3.41295589e+00 
  9.25434413e+00   5.91531910e-02  -2.55845567e-01 
  5.79761687e+00   9.21452068e-01  -1.43820632e+00 
  4.76245257e+00  -7.23067663e-01  -4.66401689e+00 
  6.70793611e+00  -3.01615660e+00  -6.94899329e+00 
  6.39243014e+00  -8.64903645e-01  -1.01149876e+01 
  7.89660401e+00   2.04460176e+00  -8.50495458e+00 
  1.04394629e+01   7.28193959e-02  -6.64714512e+00 
  1.19192435e+01  -1.43640116e+00  -9.86554691e+00 
  1.19216501e+01   1.82611221e+00  -1.17976135e+01 
  1.39875989e+01   3.52755844e+00  -9.00286406e+00 
 -6.23746276e+00  -6.32372434e+00  -1.15545991e+01 
 -2.86206632e+00  -8.02589258e+00  -1.12072266e+01 
 -1.84013058e-01  -5.49042329e+00  -1.22462117e+01 
  3.14016766e+00  -4.37519657e+00  -1.06624195e+01 
  1.40479721e+00  -1.18379281e+00  -9.57503433e+00 
 -8.16218566e-01  -3.59038297e+00  -7.35408069e+00 
  2.09896916e+00  -5.55776438e+00  -5.68243550e+00 
  3.80165575e+00  -4.22278153e+00  -2.45669519e+00 
  7.30292488e+00  -4.64540934e+00  -1.13852511e+00 
  8.21034590e+00  -4.75638640e+00   2.50642777e+00 
  1.13514890e+01  -3.86728959e+00   4.45653642e+00 
  1.26167217e+01  -7.43490641e+00   3.80846290e+00 
  1.19073370e+01  -7.12783259e+00   2.17634539e-02 
  9.00191902e+00  -9.53435014e+00   3.99569233e-01 
  6.45302687e+00  -9.00469536e+00  -2.41890727e+00 
  2.81722213e+00  -8.88188670e+00  -1.35300700e+00 
  1.24733034e-01  -9.32166093e+00  -4.05824247e+00 
 -2.67242035e+00  -6.72778320e+00  -3.38184435e+00 
 -5.13703722e+00  -4.14301742e+00  -4.87850328e+00 
 -5.45192023e+00  -3.98878158e-01  -4.37175993e+00 
 -9.10443326e+00  -6.13774935e-01  -4.97207536e+00 
 -1.07708807e+01   2.72953713e+00  -4.13883621e+00 
 -7.47790714e+00   4.25546158e+00  -3.14616498e+00 
 -6.07997457e+00   4.30301307e+00  -6.74175273e+00 
 -4.24364653e+00   7.72614339e+00  -7.50818256e+00 

   4.698545840140e+01 

 -3.54532808e+00   7.31578799e-02  -2.93082858e+00 
 -4.09657178e+00  -1.25751986e+00  -2.88562048e+00 
 -3.46101870e+00  -1.97458708e+00  -1.79610115e+00 
 -3.73152419e+00  -1.16574539e+00  -9.55592417e-01 
 -2.13666406e+00  -2.49912993e+00  -1.97375296e+00 
 -1.16342790e+00  -3.08841987e+00  -1.51398283e+00 
  7.41987394e-02  -3.10154344e+00  -2.29127586e+00 
  5.67892417e-01  -1.92861557e+00  -2.75028920e+00 
 -4.28085395e-01  -1.11816015e+00  -3.08678629e+00 
 -1.54241340e+00  -1.27136253e+00  -2.38538724e+00 
 -3.30895611e+00   9.38662646e-01  -1.76245922e+00 
 -4.00937573e+00   1.89499267e-01  -9.08885354e-01 
 -5.06667017e+00   1.07278146e+00  -9.08970480e-01 
 -4.49822856e+00   2.28367226e+00  -5.58224759e-01 
 -3.33124901e+00   2.24251510e+00  -1.20567282e+00 
 -5.96131579e+00   1.44563735e-01   3.64382930e-01 
 -4.28076126e+00  -2.34814216e-01   1.24835933e+00 
 -3.77601305e+00   1.07236388e+00   1.19306781e+00 
 -2.67572285e+00   1.39519645e+00   1.99826774e+00 
 -3.29556956e+00  -8.63189513e-01   7.67492907e-01 
 -1.94695834e+00  -6.17441424e-01   7.39772309e-01 
 -1.69962027e+00   8.36947142e-01   1.16469676e+00 
 -3.99607280e-01   1.23718006e+00   1.13407511e+00 
  3.36926184e-01   7.88391109e-02   1.16491744e+00 
 -5.82828814e-01  -2.52909631e-01  -3.14313041e-01 
 -2.31414102e-02  -1.29534994e+00   1.43571885e+00 
  6.59252157e-01  -2.41419963e+00   7.80905032e-01 
  1.90559314e+00  -2.93347903e+00   3.99910729e-01 
 -1.30832176e-01  -3.13765813e+00   1.23628860e+00 
  2.86931273e+00  -3.59269424e+00   1.20814456e+00 
  3.88879385e+00  -2.52243233e+00   1.44145390e+00 
  5.04237144e+00  -2.40356537e+00   6.29604395e-01 
  5.67203525e+00  -3.64318312e+00   4.58537445e-01 
  7.13792956e+00  -3.76443973e+00   5.36927446e-01 
  7.66952086e+00  -2.74868976e+00   1.27207451e+00 
  7.24508384e+00  -1.48292982e+00   1.02129852e+00 
  5.78475502e+00  -1.25620214e+00   9.77187785e-01 
  1.82489375e+00  -1.67090349e+00  -2.39618201e+00 
  1.20644850e-01  -1.03432519e+00   1.12532163e+01 
  1.10889958e+00  -4.04459040e-01   7.80190975e+00 
  8.79839101e-01  -4.24814688e+00   7.10474542e+00 
 -7.92312874e-01  -7.44873424e+00   8.05699564e+00 
 -1.41813254e+00  -1.06156562e+01   6.11817720e+00 
 -3.24942336e+00  -1.37513562e+01   6.90755444e+00 
 -6.79977287e+00  -1.24539227e+01   6.29590208e+00 
 -6.58074548e+00  -8.69579207e+00   6.51073657e+00 
 -4.52854999e+00  -5.75433318e+00   7.62210501e+00 
 -3.88519885e+00  -2.12438937e+00   6.86464278e+00 
 -3.42493015e+00   7.99499257e-01   9.16743209e+00 
 -2.46475416e+00   4.43209202e+00   9.02093832e+00 
 -5.56887626e+00   6.49937874e+00   9.44622146e+00 
 -5.22607636e+00   7.63225000e+00   4.67342481e+00 
 -4.76376883e+00   3.90066805e+00   4.76839642e+00 
 -7.41094124e+00   1.84962553e+00   6.59205441e+00 
 -7.97683839e+00  -1.74931557e+00   5.53482193e+00 
 -9.61069768e+00  -4.22203038e+00   7.96012552e+00 
 -6.63524182e+00   3.90196816e+00  -1.07719935e+01 
 -6.82756215e+00   3.73494045e+00  -6.96097359e+00 
 -9.98010819e+00   5.34359171e+00  -5.53710740e+00 
 -1.20477339e+01   4.59509417e+00  -2.43072635e+00 
 -1.30707527e+01  -3.89403790e-01   7.37836232e+00 
 -1.22131430e+01   3.66064787e-01   3.71682370e+00 
 -1.05374573e+01   3.73961612e+00   3.50765957e+00 
 -7.95689464e+00   4.48923008e+00   8.54672536e-01 
 -5.86305785e+00   7.51312060e+00   2.73777928e-02 
 -2.38427776e+00   6.95857805e+00   1.41731932e+00 
  2.58906479e-01   6.31966476e+00  -1.11396513e+00 
  3.49401585e+00   7.65493589e+00   2.02849915e-01 
  5.67820681e+00   5.44958296e+00  -1.90246153e+00 
  3.76850149e+00   2.27452691e+00  -1.30034495e+00 
  3.74560340e+00  -1.41180428e-01  -4.18923709e+00 
  5.44181759e+00   9.01049538e-02  -7.55578499e+00 
  7.45089480e+00  -3.17059740e+00  -7.26876211e+00 
  9.07056878e+00  -2.11101058e+00  -4.17459033e+00 
  9.50947287e+00   1.41440854e+00  -5.26284411e+00 
  1.15569101e+01   4.16630923e-01  -8.36736468e+00 
  1.37001137e+01  -2.13129955e+00  -6.55308543e+00 
  1.47673185e+01   5.44610936e-01  -3.96962551e+00 
 -4.17989826e+00  -9.68134811e+00  -1.09728379e+01 
 -2.28772358e+00  -6.88074137e+00  -1.27013119e+01 
  1.32036802e+00  -6.96686092e+00  -1.14151073e+01 
  3.71443249e+00  -4.25311148e+00  -1.01088435e+01 
  3.07590963e+00  -5.55579011e+00  -6.60537487e+00 
 -6.46089111e-01  -4.37636651e+00  -7.24795377e+00 
  1.77419946e-01  -7.73882318e-01  -8.47565375e+00 
  6.16000602e-01   2.13558884e+00  -5.94003826e+00 
  2.67193454e+00   5.28538666e+00  -6.10429869e+00 
  1.71897880e+00   8.54070492e+00  -4.48683504e+00 
  3.71305652e+00   1.14965210e+01  -3.16509295e+00 
  3.62953096e+00   1.29802555e+01  -6.70631569e+00 
  4.88184068e+00   9.66768646e+00  -8.25396578e+00 
  1.43862541e+00   9.08943291e+00  -9.73227859e+00 
  8.64285514e-01   5.34779448e+00  -1.03579548e+01 
 -2.48861879e+00   3.98306009e+00  -9.23286176e+00 
 -3.60739868e+00   5.75424727e-01  -1.06103779e+01 
 -5.14740612e+00  -1.44093856e+00  -7.68250503e+00 
 -5.44671616e+00  -4.86538070e+00  -5.89954459e+00 
 -4.46713533e+00  -5.96286833e+00  -2.40519755e+00 
 -7.21603462e+00  -8.45103282e+00  -2.40424050e+00 
 -7.62565245e+00  -9.95362781e+00   1.09197054e+00 
 -4.83068969e+00  -7.83572315e+00   2.45585453e+00 
 -2.07219553e+00  -9.69532438e+00   5.02057942e-01 
  1.08322279e+00  -1.03741381e+01   2.79550159e+00 

   4.698545840140e+01 

