  2.63439143e+00  -5.12918329e+00   5.95612815e-01 
  7.87952843e-01  -4.86992525e+00  -1.50572797e+00 
  8.71672347e+00  -6.31635681e+00  -1.80222250e+00 
  6.60280934e+00  -7.32361517e+00  -2.46766630e+00 
  6.85905215e+00  -1.71088371e+00   1.54480644e+00 
 -2.30494228e+00  -1.46741567e+00   5.26915066e+00 
 -3.68985337e+00  -2.20917474e+00   3.64458730e+00 
 -1.33592416e+00  -2.19654930e+00   4.68790881e+00 
 -2.54183060e+00  -2.83764878e+00   3.43493735e+00 
  3.35182805e+00  -1.43434354e+00   1.53025052e+00 
  2.83391759e+00  -2.37586800e+00  -8.52734911e-01 
  6.20642206e+00  -2.69358084e+00  -3.49238752e-01 
  4.84670853e-02  -2.79678403e+00   2.31624736e+00 
  3.09428976e-01  -4.55057219e+00   6.02928545e-01 
  1.58973363e+00  -2.85963734e+00   9.87272855e-01 
  5.29509767e+00  -4.37014077e+00  -1.84985530e+00 
  6.78262618e+00  -4.82296258e+00  -1.81007281e+00 
  7.37435787e-01  -1.63892603e+00  -6.93071033e-01 
 -3.56996158e+00  -1.79517326e+00   4.93830203e+00 
  2.46663807e+00  -7.15617057e-01   6.65806364e-01 
 -1.14633747e+00  -2.65612464e+00   3.33217775e+00 
  4.57192440e+00  -4.49500862e+00  -2.83447371e+00 
  6.85432283e+00  -4.78102020e+00  -4.70829696e-01 
  1.47779850e-01  -5.83220596e-01  -4.99136428e-01 
  2.18672238e+00  -1.14504886e+00  -6.42575061e-01 
  5.16930133e+00  -3.02870276e+00  -1.18917687e+00 
  4.12983285e+00  -2.36361937e+00  -6.18784094e-01 
  4.43504082e+00  -1.78974806e+00   6.22061196e-01 
  2.17548683e+00  -4.05647049e+00   1.48868463e+00 
  1.17192524e+00  -3.88619047e+00  -5.58268859e-01 
  7.30506742e+00  -6.08535920e+00  -2.13209633e+00 
  7.46910369e-01  -3.98831049e+00   1.91008445e+00 
  3.26110615e-01  -2.78163309e+00   1.57641767e-01 
  5.79778948e+00  -1.76752289e+00   5.76862679e-01 
  9.74401399e-01  -2.28388535e-01   1.70888278e+00 
 -4.69344158e+00  -1.49856110e+00   5.60661344e+00 
  7.80307655e+00  -4.36676411e+00   1.08691213e+01 
  5.98358610e+00  -6.98798636e+00   8.74077077e+00 
  5.99674869e+00  -6.39471742e+00   5.14088401e+00 
 -2.96685194e+00  -7.77558985e+00   2.41428415e+00 
 -6.53440783e+00  -8.17616467e+00   1.05561577e+00 
 -5.43588250e+00  -9.66839898e+00   6.47012512e+00 
 -1.70900718e+00  -9.17485321e+00   7.52227374e+00 
  3.89873225e-01  -5.98118331e+00   7.22772302e+00 
  3.11898937e+00  -4.17094750e+00   9.07229308e+00 
  4.97818346e+00  -9.63795431e-01   8.48669316e+00 
  5.00727299e+00   1.40848980e+00   1.14115727e+01 
  6.06992444e+00   4.84593569e+00   1.25099689e+01 
  5.70106377e+00   6.13427263e+00   7.73859726e+00 
  2.43866495e+00   4.16505945e+00   7.67292160e+00 
  1.27733711e+00   9.03473555e-01   6.86182485e+00 
 -1.13066676e+00  -9.51821102e-01   9.25255463e+00 
 -3.31351832e+00  -4.00039683e+00   8.10651355e+00 
 -5.00396555e+00  -6.30135431e+00   1.06737289e+01 
 -8.10437426e+00  -7.92963372e+00   9.19331071e+00 
 -3.97879887e+00   1.12677194e+01  -4.05194465e+00 
 -3.75688830e+00   8.19264877e+00  -6.29457330e+00 
 -6.11311653e+00   5.93358339e+00  -4.27143355e+00 
 -5.23981217e+00   4.05403534e+00  -9.33244597e-01 
 -5.57147814e+00   7.08425677e+00   7.63143767e+00 
 -1.02080220e+01  -4.13034471e+00   1.26492722e+01 
 -6.86258355e+00  -2.47216881e+00   1.17528481e+01 
 -6.64253464e+00  -3.72399654e-01   8.61908524e+00 
 -4.01944914e+00   2.35234515e+00   8.42595262e+00 
 -2.81033128e+00   4.01258281e+00   5.28507922e+00 
  3.32793930e-01   5.58198339e+00   3.64906153e+00 
  3.41282680e+00   3.47385160e+00   3.26797172e+00 
  4.46348854e+00   3.28105794e+00  -4.61963451e-01 
  6.96975376e+00   7.01583339e-01  -2.48105961e-01 
  7.03502978e+00  -8.96069101e-01  -3.77941628e+00 
  4.85866304e+00  -2.05976753e+00  -6.67927636e+00 
  4.88349004e+00  -1.34486773e+00  -1.02441057e+01 
  9.49009037e+00  -3.30845033e+00  -8.67257251e+00 
  9.81009826e+00  -8.62554087e-02  -1.04481803e+01 
  1.02814627e+00  -5.75749832e+00  -8.03248053e+00 
 -1.67419579e+00  -3.56588407e+00  -6.61952027e+00 
 -3.04466971e-01  -2.70644987e-01  -7.87643260e+00 
  1.81379778e+00   1.24938423e+00  -5.10874364e+00 
  4.64127539e+00   3.34413666e+00  -5.86529807e+00 
  7.03838661e+00   5.23351254e+00  -3.58038971e+00 
  7.42694409e+00   7.48486284e+00  -8.35006554e+00 
  4.11409959e+00   8.73077530e+00  -6.83507965e+00 
  1.37155251e+00   6.11641116e+00  -7.27639825e+00 
 -1.75739524e+00   4.85123347e+00  -5.37726599e+00 
 -4.27325849e+00   2.18396260e+00  -6.44564822e+00 
 -4.68437882e+00  -6.41365081e-01  -3.88670828e+00 
 -7.28061541e+00  -3.42984255e+00  -3.19722559e+00 
 -9.93666677e+00  -1.92681930e+00  -5.47574217e+00 
 -1.31033464e+01  -5.87863223e+00  -3.30560681e+00 

   4.455935193043e+01 

 -4.94025492e+00   5.34126896e-01  -1.76336412e+00 
 -5.09435484e+00  -2.25964679e+00  -1.51179665e+00 
 -5.64970803e+00   2.32721171e+00  -8.12223691e+00 
 -6.95000224e+00   7.09300141e-01  -6.85038462e+00 
 -9.88110086e-01   3.26031843e+00  -4.48040088e+00 
 -1.43669200e+00   8.70813070e-01   5.11117360e+00 
 -2.48272115e+00  -1.12848777e+00   5.23770477e+00 
 -2.10269801e+00   1.07488661e+00   3.96083906e+00 
 -2.99340848e+00  -5.37357322e-01   4.16688474e+00 
 -1.11562468e+00   1.16714399e+00  -1.65556377e+00 
 -2.33267491e+00  -9.05540597e-01  -2.68321258e+00 
 -2.21469737e+00   1.50641785e+00  -5.11154257e+00 
 -2.76443794e+00   6.94776889e-02   1.42059389e+00 
 -4.63222907e+00  -8.96860710e-01   1.33394692e-01 
 -2.77757946e+00  -8.77035654e-02  -6.09365266e-01 
 -4.11941343e+00   1.67315154e-02  -5.32627183e+00 
 -4.39395772e+00   9.79780485e-01  -6.51645429e+00 
 -1.82753722e+00  -2.10444170e+00  -8.74543555e-01 
 -1.93644177e+00  -8.31168407e-02   5.92199268e+00 
 -5.88042650e-01  -1.43491221e-01  -1.42909294e+00 
 -2.66469909e+00   1.66619306e-01   2.98905942e+00 
 -4.41905572e+00  -1.17416471e+00  -5.33153618e+00 
 -4.21676068e+00   2.08715457e+00  -5.77970828e+00 
 -8.32238851e-01  -2.44467316e+00  -2.47291018e-01 
 -1.16921738e+00  -1.29152843e+00  -1.99377891e+00 
 -2.74425538e+00   2.78838398e-01  -4.78588811e+00 
 -2.15063940e+00   3.43037907e-02  -3.58755469e+00 
 -1.43017774e+00   1.12220220e+00  -3.07805785e+00 
 -3.84665980e+00   8.27020701e-01  -8.26803225e-01 
 -3.98754664e+00  -1.41973462e+00  -1.22479090e+00 
 -5.61350957e+00   1.20817171e+00  -7.17282187e+00 
 -3.90186901e+00   3.22780017e-01   5.75247337e-01 
 -2.92340870e+00  -1.49843180e+00  -8.05028320e-02 
 -1.25724755e+00   1.87613317e+00  -4.20114403e+00 
 -1.76875417e-01  -2.47722879e-01   4.07275488e-01 
 -1.70748025e+00  -2.45098694e-01   7.23277915e+00 
 -2.61899010e+00   1.16541289e+01   1.85704977e-01 
 -5.62114379e+00   9.26959903e+00   2.96682104e-01 
 -5.37580631e+00   6.31107718e+00  -1.82422934e+00 
 -8.02223625e+00  -8.89812091e-01   3.72833624e+00 
 -8.95420452e+00  -3.99610924e+00   5.78168375e+00 
 -9.78906377e+00   1.19122611e+00   8.04994326e+00 
 -8.77619845e+00   4.13158950e+00   5.69016051e+00 
 -5.40687167e+00   4.65741910e+00   3.94009272e+00 
 -3.13011010e+00   7.46127864e+00   2.89980486e+00 
  1.97523636e-01   7.61272849e+00   1.17085279e+00 
  2.82538859e+00   9.62827300e+00   2.96400602e+00 
  6.45040020e+00   1.06303910e+01   2.88165764e+00 
  7.22800511e+00   6.41185723e+00   3.99489639e-01 
  4.90269581e+00   4.74396175e+00   2.91671588e+00 
  1.46772014e+00   3.88895608e+00   3.25490518e+00 
 -4.13647855e-01   4.66766494e+00   6.54280089e+00 
 -3.78625891e+00   2.91926629e+00   7.51267333e+00 
 -6.00978914e+00   4.32115016e+00   1.03114662e+01 
 -8.11422490e+00   1.56631654e+00   1.18727850e+01 
  1.00788166e+01  -9.39800184e+00   1.39459786e+00 
  6.84952975e+00  -1.06201882e+01  -2.21771065e-01 
  4.53976105e+00  -1.00472884e+01   2.79236839e+00 
  3.09847442e+00  -6.59673854e+00   3.99871222e+00 
  6.87301753e+00  -3.72989981e-01   9.44515429e+00 
 -4.26756596e+00   2.55962054e+00   1.57483693e+01 
 -2.33202287e+00   3.55079720e+00   1.25835161e+01 
 -5.28922868e-01   8.68575748e-01   1.06258546e+01 
  2.44605529e+00   1.84830828e+00   8.49706548e+00 
  3.92649951e+00  -2.00482579e-01   5.72322589e+00 
  5.68076623e+00   9.38850214e-02   2.28015955e+00 
  3.91060697e+00   1.88577866e+00  -5.00430005e-01 
  3.48440740e+00  -4.59551169e-01  -3.56167927e+00 
  1.23942113e+00   1.54235609e+00  -5.54491837e+00 
 -6.69406138e-01  -1.01517321e+00  -7.74544157e+00 
 -2.34433210e+00  -4.43490040e+00  -7.75190346e+00 
 -1.97404821e+00  -7.37611372e+00  -9.85710594e+00 
 -3.24138366e+00  -3.15386224e+00  -1.27053690e+01 
 -1.87565270e-01  -4.85285472e+00  -1.38992412e+01 
 -6.56634402e+00  -7.21468278e+00  -5.60139822e+00 
 -4.57231974e+00  -7.97302999e+00  -2.51092012e+00 
 -1.27727486e+00  -8.65640401e+00  -4.24015917e+00 
  7.30824058e-01  -5.42762304e+00  -4.25245255e+00 
  3.05241754e+00  -4.68896647e+00  -6.90189671e+00 
  5.41155824e+00  -1.73742126e+00  -7.41134521e+00 
  7.22794574e+00  -5.65247947e+00  -1.04678829e+01 
  8.22691702e+00  -6.54827261e+00  -6.85927788e+00 
  5.28705880e+00  -8.12114910e+00  -5.00603239e+00 
  3.86031725e+00  -8.24056180e+00  -1.40772181e+00 
  8.34242458e-01  -1.01756386e+01  -1.10149533e-01 
 -1.76288415e+00  -7.96005159e+00   1.63506606e+00 
 -4.75055584e+00  -8.51777769e+00   4.03385374e+00 
 -3.78379666e+00  -1.21038974e+01   4.87672896e+00 
 -7.84587407e+00  -1.16411893e+01   8.56991369e+00 

   4.455935191610e+01 

  2.16685579e+00   1.07959587e+00  -3.29618006e+00 
  2.68806101e+00   2.96469270e+00  -1.27954466e+00 
 -4.01862779e-01   4.06652145e+00  -8.64715330e+00 
  1.49415587e+00   4.76203411e+00  -7.28793119e+00 
 -2.84113661e+00  -1.99241893e-01  -5.22413693e+00 
  2.33210960e+00  -4.52077694e+00   2.01942086e+00 
  3.49849137e+00  -2.88492721e+00   3.05428387e+00 
  2.34941445e+00  -3.74902885e+00   9.18259956e-01 
  3.38060551e+00  -2.48389627e+00   1.79644398e+00 
 -1.18891798e+00  -4.76075995e-01  -2.13051737e+00 
 -4.13781837e-01   1.99963400e+00  -1.80874013e+00 
 -1.89987909e+00   1.79565619e+00  -4.88733608e+00 
  1.81878264e+00  -1.21808060e+00  -1.83774674e-01 
  2.93443116e+00   8.05774253e-01  -1.04318814e+00 
  8.81728128e-01   2.01402712e-01  -1.30299387e+00 
 -1.92992710e-01   3.51675474e+00  -4.75463576e+00 
 -6.09692381e-01   3.66381208e+00  -6.24594330e+00 
  1.17337250e-01   1.56247588e+00   3.10362850e-01 
  3.24538567e+00  -4.22185180e+00   2.96478117e+00 
 -1.41777559e+00   1.76701049e-01  -8.77962014e-01 
  2.46670272e+00  -2.32167091e+00   7.33736970e-01 
  1.80576169e-01   4.45554227e+00  -4.05664061e+00 
 -5.20714329e-01   2.34830864e+00  -6.49497167e+00 
 -4.23235041e-01   1.13531840e+00   1.32283709e+00 
 -1.06762940e+00   1.51996098e+00  -6.59659154e-01 
 -1.16482677e+00   2.61056243e+00  -4.05733933e+00 
 -1.09205500e+00   1.85657793e+00  -2.92842124e+00 
 -1.58453771e+00   5.54286552e-01  -3.08246648e+00 
  1.62650177e+00  -2.69617219e-02  -2.49465068e+00 
  1.77563826e+00   1.87895612e+00  -1.24113175e+00 
  1.24018803e-01   4.25039704e+00  -7.28899718e+00 
  2.38851919e+00  -5.50278751e-01  -1.32479500e+00 
  1.39521098e+00   9.13656403e-01  -7.00464585e-02 
 -2.34096056e+00   6.87500022e-01  -4.20932517e+00 
 -8.95939800e-01  -1.03841724e+00   4.64943881e-01 
  3.68263312e+00  -5.00893725e+00   3.95786022e+00 
 -1.42718182e-03  -8.77845877e+00  -8.86016139e+00 
  2.90588568e+00  -6.32819550e+00  -8.35521461e+00 
  1.96718434e+00  -2.90959975e+00  -7.49285385e+00 
  7.60617680e+00  -5.92193976e-01  -2.45939860e-01 
  9.69301935e+00   5.70406805e-01   2.75864408e+00 
  1.10045567e+01  -4.38315008e+00   2.10583546e-01 
  8.71733661e+00  -5.25178415e+00  -2.83150466e+00 
  4.88836481e+00  -5.41498600e+00  -2.89366290e+00 
  2.13462050e+00  -7.37384685e+00  -4.53901434e+00 
 -1.61207849e+00  -7.27069862e+00  -4.34699679e+00 
 -3.25284364e+00  -1.05775731e+01  -3.60125544e+00 
 -6.55948267e+00  -1.22222203e+01  -2.88502267e+00 
 -8.01499274e+00  -7.81115887e+00  -1.15705350e+00 
 -4.62627597e+00  -7.60260636e+00   5.74524500e-01 
 -1.37850484e+00  -6.27897284e+00  -1.28203301e-02 
  1.75379439e+00  -8.44083429e+00   6.73576075e-01 
  5.33213602e+00  -6.89844272e+00   1.10800168e+00 
  8.47215813e+00  -9.10116977e+00   9.32463711e-01 
  1.13177871e+01  -7.55851595e+00   2.92696926e+00 
 -8.52670909e+00   2.12659928e+00   1.14938600e+01 
 -6.35159444e+00   4.91293442e+00   1.00655969e+01 
 -2.95467114e+00   3.19022824e+00   1.05569450e+01 
 -1.45060453e+00   3.28483125e-01   8.32376574e+00 
 -2.76269247e+00  -8.65324713e+00   8.82732750e+00 
  9.69672432e+00  -1.17975423e+01   6.12170964e+00 
  6.40623289e+00  -1.09995417e+01   4.31028690e+00 
  4.15565470e+00  -8.30449098e+00   5.70648746e+00 
  4.48593402e-01  -8.44386015e+00   4.94471259e+00 
 -1.96761051e+00  -5.59236565e+00   5.28278905e+00 
 -5.16492897e+00  -4.06676669e+00   3.71166195e+00 
 -5.10708973e+00  -3.08993746e+00   8.96817134e-02 
 -5.96313361e+00   6.73481831e-01  -3.07161128e-01 
 -5.13138762e+00   1.11587116e+00  -3.78467053e+00 
 -4.26134750e+00   4.87916774e+00  -4.11277414e+00 
 -2.47222753e+00   7.78956017e+00  -2.43092936e+00 
 -3.51446401e+00   1.11518560e+01  -1.52083521e+00 
 -4.16090682e+00   1.02922456e+01  -6.65789755e+00 
 -7.23728390e+00   1.14537944e+01  -4.97724913e+00 
  2.50822201e+00   9.54341799e+00  -9.15536147e-01 
  2.30284949e+00   7.56543282e+00   2.27000851e+00 
 -1.33572321e+00   8.27667617e+00   3.02463191e+00 
 -3.40704294e+00   5.42544519e+00   1.59714821e+00 
 -6.76654827e+00   5.96964701e+00   4.25439983e-01 
 -9.35448672e+00   3.54176268e+00  -9.69043466e-01 
 -1.20205616e+01   7.82340444e+00   6.21219335e-01 
 -1.10962438e+01   5.88004107e+00   3.81362347e+00 
 -7.49404408e+00   6.61253237e+00   4.83284300e+00 
 -4.52632362e+00   4.77332457e+00   6.50844841e+00 
 -1.07783559e+00   6.14574462e+00   7.40825693e+00 
  1.81129189e+00   4.13629514e+00   5.88683005e+00 
  5.61731930e+00   3.80294722e+00   6.51503684e+00 
  5.51407818e+00   5.57450391e+00   9.88496117e+00 
  1.07770518e+01   3.96789991e+00   1.01567605e+01 

   4.455935226746e+01 

  1.35384045e+00   5.99735628e-01  -3.62377155e+00 
  3.26456446e+00  -5.31877301e-01  -1.90308298e+00 
  4.18763662e+00   5.13982934e+00  -7.56216049e+00 
  4.99366762e+00   2.91490936e+00  -6.99114143e+00 
 -2.19570305e-01   5.88704930e+00  -3.57692263e+00 
 -4.23224858e+00  -1.84482743e+00   1.11619007e+00 
 -2.53075328e+00  -3.22125741e+00   1.67987925e+00 
 -3.45968811e+00  -1.40745193e+00   1.06077645e-01 
 -2.13616528e+00  -2.62062680e+00   5.66132338e-01 
 -4.00533330e-01   3.18711246e+00  -1.32861193e+00 
  2.11664607e+00   2.48525906e+00  -1.26131617e+00 
  1.82762015e+00   4.99937246e+00  -3.56868135e+00 
 -9.63818748e-01  -3.65608878e-01  -6.59949659e-01 
  1.12396430e+00  -9.66900229e-01  -1.82568818e+00 
  3.98420792e-01   9.97869234e-01  -1.31634671e+00 
  3.64726261e+00   3.46358217e+00  -4.04140200e+00 
  3.77069840e+00   4.41411952e+00  -5.26639743e+00 
  1.70987029e+00   1.17860771e+00   4.96809973e-01 
 -3.88032191e+00  -3.02698647e+00   1.66007173e+00 
  2.36161956e-01   2.96758860e+00  -6.61455870e-02 
 -2.02768435e+00  -1.36872415e+00  -7.56488970e-02 
  4.60605077e+00   2.90888444e+00  -3.51123161e+00 
  2.46309184e+00   4.35243789e+00  -5.56107040e+00 
  1.25020125e+00   1.27799262e+00   1.62758216e+00 
  1.59769990e+00   2.63566889e+00   3.71507307e-02 
  2.68401982e+00   4.05353101e+00  -3.05352534e+00 
  1.93452833e+00   3.52343800e+00  -2.05080785e+00 
  6.05356426e-01   3.96544928e+00  -2.04054421e+00 
  2.16157079e-01   7.40209905e-01  -2.70462688e+00 
  2.12628320e+00   2.39172999e-01  -1.55287603e+00 
  4.40110940e+00   4.15607113e+00  -6.49370430e+00 
 -2.61955238e-01  -4.30804475e-01  -1.91520414e+00 
  1.13877649e+00   1.01432818e-01  -3.47124987e-01 
  6.94393692e-01   5.09380053e+00  -2.80114705e+00 
 -9.46987708e-01   1.91636617e+00   9.57210932e-01 
 -4.64089279e+00  -3.84581857e+00   2.40025566e+00 
 -8.61031423e+00   4.14230610e+00  -8.20715209e+00 
 -5.99145411e+00   1.39603239e+00  -8.76462836e+00 
 -2.63588442e+00   2.13150996e+00  -7.53558374e+00 
  6.39728765e-03  -5.66795062e+00  -2.85861311e+00 
  1.28833703e+00  -8.65794961e+00  -8.21352345e-01 
 -3.57552340e+00  -9.19402895e+00  -3.78882828e+00 
 -4.57593095e+00  -5.98828564e+00  -5.77945592e+00 
 -4.96725133e+00  -2.42792294e+00  -4.41480495e+00 
 -7.08522005e+00   6.28739569e-01  -4.96114745e+00 
 -7.20599750e+00   4.03269068e+00  -3.38511316e+00 
 -1.06056281e+01   5.09218763e+00  -2.15894771e+00 
 -1.24453901e+01   7.79685258e+00  -3.01045737e-01 
 -8.13079905e+00   8.74250892e+00   1.94659651e+00 
 -7.72219977e+00   4.96938427e+00   2.29579091e+00 
 -6.20661362e+00   2.25348969e+00   5.72010779e-01 
 -8.17839833e+00  -1.02245400e+00  -8.03050074e-03 
 -6.42573389e+00  -4.41378448e+00  -9.01960007e-01 
 -8.43698729e+00  -7.37745528e+00  -2.28547996e+00 
 -6.72933914e+00  -1.06723631e+01  -1.45904992e+00 
  1.74574794e+00   5.04162812e+00   1.41049761e+01 
  4.65835899e+00   3.71336000e+00   1.20344478e+01 
  3.14084943e+00   2.89324123e-01   1.11850801e+01 
  3.76227305e-01  -4.27547153e-01   8.48659409e+00 
 -8.66826604e+00   1.05966450e-01   9.23394279e+00 
 -1.10608397e+01  -1.05962325e+01   2.01023055e+00 
 -1.04586869e+01  -6.82900969e+00   1.57373740e+00 
 -7.90417016e+00  -5.11752764e+00   3.76991482e+00 
 -8.26372480e+00  -1.40767123e+00   4.44058456e+00 
 -5.56181992e+00   8.60636703e-01   5.72040098e+00 
 -4.22805318e+00   4.49193725e+00   5.48903379e+00 
 -3.24576890e+00   5.84367251e+00   2.12987012e+00 
  4.60263482e-01   6.99143132e+00   2.16794395e+00 
  9.55079064e-01   7.54320926e+00  -1.35788766e+00 
  4.76390176e+00   7.06674969e+00  -1.89896315e+00 
  7.77411941e+00   4.94212697e+00  -9.37442217e-01 
  1.10673292e+01   5.75257399e+00   3.73149759e-01 
  1.01760008e+01   8.22101222e+00  -4.17201096e+00 
  1.11501792e+01   1.05068140e+01  -1.44001263e+00 
  9.82043917e+00  -1.39509455e-01  -1.34582900e+00 
  7.83049161e+00  -1.24680274e+00   1.64018718e+00 
  8.32260065e+00   1.88048088e+00   3.71202505e+00 
  5.35433326e+00   4.17477203e+00   3.09295035e+00 
  5.69831883e+00   7.75323495e+00   3.26978044e+00 
  3.12181373e+00   1.05369640e+01   2.88356271e+00 
  7.23512770e+00   1.26479800e+01   5.45136760e+00 
  5.34709032e+00   1.04937861e+01   8.02375608e+00 
  6.29215658e+00   6.81759566e+00   7.64467850e+00 
  4.63152703e+00   3.34272091e+00   8.05118429e+00 
  6.20633452e+00  -1.11379492e-01   7.63343531e+00 
  4.37439131e+00  -2.32978517e+00   5.09920360e+00 
  4.26807153e+00  -6.10740011e+00   4.25673178e+00 
  6.02686655e+00  -7.17198149e+00   7.46276235e+00 
  4.73680109e+00  -1.22359497e+01   5.71744591e+00 

   4.455935193043e+01 

 -3.73463573e+00  -5.56521651e-01   7.45433721e-01 
 -3.12710414e+00   2.18587079e+00   7.94140857e-01 
 -8.90659089e+00  -1.70965999e+00  -3.26391922e+00 
 -8.64631929e+00   4.09514584e-02  -1.59250183e+00 
 -3.31740944e+00  -3.81888719e+00  -3.68360579e+00 
  3.34807419e+00  -2.08235306e+00   3.42023730e+00 
  3.08460875e+00   7.19651256e-02   4.05022973e+00 
  2.05563775e+00  -2.06543447e+00   3.04902865e+00 
  1.88046152e+00  -3.26162760e-01   3.66498614e+00 
 -1.07971127e+00  -1.95090734e+00  -1.71366537e+00 
 -2.23391379e+00   3.92266627e-01  -1.81696778e+00 
 -4.27122800e+00  -1.81368085e+00  -3.46359548e+00 
  5.81976681e-02  -7.67998555e-01   1.55621519e+00 
 -1.94870891e+00   6.43599517e-01   1.79922181e+00 
 -1.29946414e+00  -4.66170562e-01   6.91776415e-02 
 -5.47344862e+00   3.97073446e-02  -2.45719935e+00 
 -6.66429136e+00  -7.60651290e-01  -3.05777483e+00 
 -4.13727396e-01   1.33235751e+00  -9.41203749e-01 
  3.73172196e+00  -1.10816793e+00   4.26931763e+00 
 -2.96700911e-01  -7.92647094e-01  -2.01816614e+00 
  1.17531585e+00  -9.95465787e-01   2.64238422e+00 
 -5.45638172e+00   1.26376228e+00  -2.36002314e+00 
 -6.25471542e+00  -1.93098929e+00  -2.54491205e+00 
  7.82864496e-01   1.41984946e+00  -1.18682894e+00 
 -8.67192011e-01   4.86219526e-01  -2.13506994e+00 
 -4.18482062e+00  -5.31348811e-01  -2.97208711e+00 
 -2.90308014e+00  -4.97638709e-01  -2.52022040e+00 
 -2.25981405e+00  -1.74176851e+00  -2.54317638e+00 
 -2.38203557e+00  -1.12951896e+00   7.13334559e-01 
 -2.31326770e+00   1.12238871e+00   3.25607176e-01 
 -8.01744503e+00  -6.91748558e-01  -2.69100960e+00 
 -1.37011880e+00  -7.26373011e-01   1.73144657e+00 
 -7.67810464e-01   9.03447415e-01   4.33329403e-01 
 -3.04771074e+00  -2.43251964e+00  -3.41593205e+00 
  1.26203630e+00  -9.05144708e-01  -9.64670555e-01 
  4.81581324e+00  -1.08994450e+00   5.05750558e+00 
 -2.94039170e+00  -1.20267224e+01   1.54870010e+00 
 -4.52283768e+00  -9.10201916e+00   3.46003548e+00 
 -5.21233689e+00  -6.10869169e+00   1.49130305e+00 
 -1.90573593e+00   1.05971327e+00   6.72271320e+00 
 -5.63328945e-01   4.13442098e+00   8.58765583e+00 
 -6.26022566e-01  -9.28593199e-01   1.12545622e+01 
 -2.08697633e+00  -3.83544873e+00   9.09678352e+00 
 -9.95322196e-01  -4.90037761e+00   5.58027898e+00 
 -6.39205689e-01  -8.02239384e+00   3.51783795e+00 
  5.10418569e-01  -8.71470218e+00   1.29231738e-02 
  3.19376183e+00  -1.13403340e+01  -2.85791683e-01 
  5.50622016e+00  -1.30415936e+01  -2.71683848e+00 
  5.19388101e+00  -8.89824207e+00  -5.41812334e+00 
  5.58493246e+00  -6.98225831e+00  -2.14681704e+00 
  3.55196204e+00  -5.48124715e+00   3.54882305e-01 
  4.30275556e+00  -6.10003010e+00   4.09782320e+00 
  2.91752564e+00  -3.78402477e+00   6.94199662e+00 
  2.97230560e+00  -4.90783061e+00   1.06130553e+01 
  3.08246892e+00  -1.90570747e+00   1.29434172e+01 
  1.09741639e+01   5.90383770e+00  -7.97852540e+00 
  7.83056433e+00   7.86248470e+00  -7.07510396e+00 
  8.13254661e+00   7.55046767e+00  -3.25938196e+00 
  7.25868760e+00   4.38226349e+00  -1.10584546e+00 
  1.24131178e+01  -2.84715400e+00   8.46947130e-01 
  8.24227418e+00  -3.92681424e+00   1.32518609e+01 
  7.26772721e+00  -5.05690754e+00   9.71374996e+00 
  7.73704070e+00  -2.65812252e+00   6.83217102e+00 
  8.20382029e+00  -4.06013270e+00   3.34525314e+00 
  7.76671678e+00  -2.15684642e+00   1.40587379e-01 
  6.61103033e+00  -2.54979123e+00  -3.53756316e+00 
  3.11994580e+00  -3.74542802e+00  -4.21493538e+00 
  1.19685525e+00  -1.14884500e+00  -6.36271451e+00 
 -2.12941806e+00  -2.51148961e+00  -6.11797977e+00 
 -4.47505011e+00   5.28461411e-01  -6.65053491e+00 
 -4.99629391e+00   4.20638551e+00  -5.81319752e+00 
 -5.59011799e+00   7.15657418e+00  -7.85365486e+00 
 -9.24616465e+00   3.49036320e+00  -8.71293337e+00 
 -7.56530840e+00   4.62253398e+00  -1.18001068e+01 
 -5.97883683e+00   7.61594686e+00  -1.61954349e+00 
 -2.32073913e+00   7.73461728e+00  -7.78995538e-01 
 -1.03131476e+00   7.86449160e+00  -4.33358465e+00 
 -2.49851454e-01   4.30754611e+00  -5.42678656e+00 
 -5.51866504e-01   3.30964954e+00  -8.87178023e+00 
  1.94303647e-01  -1.12827327e-02  -1.05897234e+01 
  1.67271143e-01   3.66813133e+00  -1.43884789e+01 
  3.50036148e+00   4.08378064e+00  -1.25069468e+01 
  2.98707848e+00   6.07800468e+00  -9.29589751e+00 
  4.44573376e+00   6.22309918e+00  -5.71135231e+00 
  3.56470597e+00   8.62836880e+00  -2.87871916e+00 
  2.48055155e+00   6.86020924e+00   3.45856925e-01 
  2.10579839e+00   7.83310781e+00   4.07472617e+00 
  4.06263043e+00   1.10820635e+01   3.72770895e+00 
  3.60795701e+00   1.11809490e+01   9.21748733e+00 

   4.455935193035e+01 

 -1.28750914e+00  -2.84861036e+00   2.71190442e+00 
 -3.62554598e+00  -1.34045056e+00   3.10060802e+00 
 -2.81447397e+00  -9.07189883e+00   9.53526551e-01 
 -3.79926186e+00  -7.71049307e+00   2.71502522e+00 
  3.36219535e-01  -4.99775458e+00  -2.10235218e+00 
  2.71163783e+00   3.71374516e+00   1.94417659e+00 
  8.88610197e-01   4.42830446e+00   3.07261359e+00 
  2.25890182e+00   2.46154348e+00   2.13250545e+00 
  8.31503124e-01   3.10506769e+00   3.12423965e+00 
 -1.75101493e-01  -1.75456566e+00  -8.38548535e-01 
 -2.62875921e+00  -1.99008431e+00   3.18607526e-02 
 -1.65388081e+00  -5.07317798e+00  -1.09595851e+00 
  9.72361418e-02   6.82958825e-01   1.87640811e+00 
 -1.60058935e+00  -5.23195351e-01   3.19619681e+00 
 -9.97879261e-01  -8.75435686e-01   1.15682656e+00 
 -3.30793233e+00  -5.17598738e+00   6.77963126e-01 
 -3.06556751e+00  -6.69478733e+00   4.46096705e-01 
 -2.75457980e+00   2.19515521e-01   2.88031804e-01 
  2.19528561e+00   4.65714374e+00   2.75689981e+00 
 -1.14086138e+00  -7.53548552e-01  -1.17419755e+00 
  9.34213591e-01   1.92967023e+00   2.35042323e+00 
 -4.38864823e+00  -4.70372202e+00   1.02014867e+00 
 -1.72929013e+00  -6.58088237e+00   4.89334648e-01 
 -2.62304924e+00   1.23114107e+00  -3.89536208e-01 
 -2.48537526e+00  -8.48408244e-01  -7.76845761e-01 
 -2.64147547e+00  -4.39660202e+00  -4.17603885e-01 
 -2.21106341e+00  -3.11101043e+00  -5.18829769e-01 
 -9.26401432e-01  -2.98328714e+00  -1.06248614e+00 
 -4.45186136e-01  -1.86278486e+00   2.02086053e+00 
 -2.61048542e+00  -1.13782750e+00   2.13034549e+00 
 -3.33815238e+00  -7.75254295e+00   1.32770450e+00 
 -2.31655095e-01  -5.10439357e-01   2.61133786e+00 
 -1.99821176e+00   1.85477892e-01   1.56293859e+00 
 -7.75031094e-01  -4.19262128e+00  -1.67432101e+00 
 -3.11728419e-01   9.13398522e-01  -8.80851213e-01 
  2.70214128e+00   5.86745334e+00   3.03101252e+00 
  9.63606661e+00  -5.89486933e+00   6.53662632e-01 
  7.20908118e+00  -5.67816132e+00   3.61575776e+00 
  3.66286747e+00  -5.85778654e+00   2.77686787e+00 
 -3.52635383e-01   1.19472974e+00   7.65786073e+00 
 -2.21799268e+00   4.03457077e+00   9.44387011e+00 
  3.26241707e+00   3.04543336e+00   1.07618980e+01 
  4.84950043e+00   6.80722637e-02   8.79805254e+00 
  4.93252822e+00  -4.34458697e-01   4.99909378e+00 
  7.19067446e+00  -1.85098716e+00   2.34925506e+00 
  6.95168849e+00  -2.16878267e+00  -1.38265467e+00 
  9.90415590e+00  -8.05390061e-01  -3.28206566e+00 
  1.12222654e+01  -1.12359162e-01  -6.73662901e+00 
  6.47818745e+00   2.13980762e-01  -8.13272115e+00 
  5.89990570e+00   2.24734116e+00  -4.96155597e+00 
  4.85585524e+00   1.75347617e+00  -1.59836182e+00 
  6.83313940e+00   3.36818310e+00   1.30665872e+00 
  5.31603217e+00   3.83780336e+00   4.89135922e+00 
  7.56064082e+00   4.63882221e+00   7.90178426e+00 
  5.61371559e+00   6.50920185e+00   1.05788347e+01 
 -6.45825423e+00   9.68528661e+00  -9.55017999e+00 
 -8.71583371e+00   7.87109912e+00  -7.07090923e+00 
 -7.10416798e+00   9.21874189e+00  -3.85615952e+00 
 -3.71925958e+00   8.01316421e+00  -2.26623193e+00 
  4.77652142e+00   1.06576188e+01  -4.13042504e+00 
  8.81832924e+00   1.04615665e+01   8.36234756e+00 
  8.44954898e+00   8.10324587e+00   5.35440271e+00 
  5.42881563e+00   8.45605122e+00   3.11197912e+00 
  5.67660437e+00   7.29294629e+00  -4.83547011e-01 
  2.78068334e+00   6.57109432e+00  -2.75861289e+00 
  1.64909079e+00   4.26601762e+00  -5.66117285e+00 
  1.66562907e+00   5.52214978e-01  -5.12854912e+00 
 -1.87838699e+00  -9.11964516e-01  -5.71994816e+00 
 -1.36638797e+00  -4.25078624e+00  -4.46667042e+00 
 -4.88753922e+00  -5.43033234e+00  -3.35438258e+00 
 -8.09563094e+00  -4.34782532e+00  -1.61189452e+00 
 -1.16026255e+01  -4.48027545e+00  -2.56215902e+00 
 -9.43182065e+00  -9.25784585e+00  -2.65526374e+00 
 -1.10687251e+01  -8.33978592e+00  -5.83576443e+00 
 -1.00690095e+01  -2.72033396e+00   3.24962593e+00 
 -9.00843959e+00   8.16461670e-01   2.56510785e+00 
 -9.97982113e+00   8.93382881e-01  -1.09071400e+00 
 -6.90266823e+00   3.30772288e-03  -3.13924651e+00 
 -7.19740616e+00  -1.68546378e+00  -6.30413641e+00 
 -4.54939368e+00  -2.71918169e+00  -8.84502007e+00 
 -9.16099539e+00  -2.64458105e+00  -1.14328599e+01 
 -8.10884726e+00   1.03299787e+00  -1.09959713e+01 
 -8.99901914e+00   2.27553172e+00  -7.50098905e+00 
 -7.59810127e+00   4.73284782e+00  -4.85585552e+00 
 -9.07736533e+00   5.67565808e+00  -1.46348998e+00 
 -6.66944828e+00   5.10614024e+00   1.46520792e+00 
 -6.42382375e+00   6.27646354e+00   5.14781979e+00 
 -9.02475309e+00   9.03062652e+00   4.75383592e+00 
 -7.42279532e+00   1.03744814e+01   9.85106196e+00 

   4.455935229248e+01 

  1.33076121e+00  -2.36795330e+00  -1.50766817e+00 
  1.21771681e+00  -4.24241714e-01  -3.53285690e+00 
 -3.01051881e+00  -7.24590049e+00  -2.73757754e+00 
 -1.46467748e+00  -6.16931265e+00  -4.27944358e+00 
 -2.77684714e+00  -3.55999447e+00   1.97659560e+00 
  4.72194946e+00   2.79151981e+00   3.13207264e+00 
  5.15645050e+00   3.66640447e+00   1.09413817e+00 
  4.23964337e+00   1.71001479e+00   2.49473297e+00 
  4.70029853e+00   2.44474891e+00   8.56710129e-01 
 -7.71846997e-01  -7.45075436e-01   1.31817861e+00 
 -1.15777878e+00  -5.07244666e-01  -1.25627517e+00 
 -2.79786642e+00  -3.33794099e+00  -2.43601976e-01 
  2.48212307e+00   7.31069171e-01   5.31473814e-01 
  2.43879152e+00  -2.55123316e-01  -1.72792489e+00 
  8.63708530e-01  -2.20194494e-01  -2.56852251e-01 
 -2.04761645e+00  -3.43337826e+00  -2.55038155e+00 
 -2.68504973e+00  -4.84570815e+00  -2.41482853e+00 
 -2.03264120e-01   1.50552433e+00  -1.21787623e+00 
  5.52245799e+00   3.59713352e+00   2.40589617e+00 
 -1.09668908e+00   5.36018401e-01   7.69845571e-01 
  3.67570237e+00   1.52929599e+00   1.17774003e+00 
 -2.04523696e+00  -2.78518138e+00  -3.59339645e+00 
 -2.04868820e+00  -5.12248533e+00  -1.26639043e+00 
 -3.50051181e-01   2.58038686e+00  -6.49595654e-01 
 -1.36226599e+00   7.18596798e-01  -5.97911879e-01 
 -2.40238223e+00  -2.61355840e+00  -1.34463978e+00 
 -1.84485489e+00  -1.51755820e+00  -7.64876664e-01 
 -1.71456843e+00  -1.61524400e+00   6.26403400e-01 
  1.46118774e+00  -1.51084660e+00  -3.21396521e-01 
  9.06190501e-01  -2.67348659e-01  -2.15765377e+00 
 -2.44377468e+00  -5.97687509e+00  -3.21015039e+00 
  2.52877492e+00  -4.71964488e-01  -2.57867867e-01 
  1.16458459e+00   9.33830745e-01  -1.18895465e+00 
 -2.59586119e+00  -2.61752440e+00   9.06363933e-01 
  9.38387807e-02   1.77200267e+00   1.54904810e+00 
  6.39803550e+00   4.50507370e+00   2.85958662e+00 
  3.09351619e+00  -7.68562290e+00   8.56490071e+00 
  4.62577955e+00  -7.57860290e+00   5.05036758e+00 
  2.37679633e+00  -6.54300249e+00   2.37064144e+00 
  7.29978540e+00  -1.68068687e-01  -2.61049196e+00 
  9.02844037e+00   2.51434040e+00  -4.74364182e+00 
  1.20671142e+01  -2.63583600e-01  -7.68716369e-01 
  1.00242156e+01  -2.94992885e+00   1.19350641e+00 
  6.70985521e+00  -2.45388133e+00   3.05375873e+00 
  4.93636003e+00  -3.70489531e+00   6.12249563e+00 
  1.60944154e+00  -2.96588726e+00   7.69438457e+00 
  1.75106355e+00  -2.03231153e+00   1.13401881e+01 
 -3.29475693e-01  -8.62282191e-01   1.42477858e+01 
 -3.36304733e+00   1.11825885e+00   1.08659582e+01 
 -2.29829359e-01   2.33850450e+00   9.07171584e+00 
  1.96080922e+00   1.30038233e+00   6.47019558e+00 
  5.79169153e+00   1.49276533e+00   6.96367236e+00 
  8.31508850e+00   1.41986925e+00   3.96380252e+00 
  1.20535427e+01   7.57991860e-01   4.53694350e+00 
  1.41430105e+01   2.33545728e+00   1.77991732e+00 
 -6.55980442e+00   1.38389284e+01   1.53674572e+00 
 -6.08876095e+00   1.21451600e+01  -1.84614559e+00 
 -2.24856229e+00   1.21117370e+01  -1.85242752e+00 
  6.17556603e-02   9.64489637e+00   1.51567298e-01 
  3.01382443e+00   1.02155856e+01   8.73093970e+00 
  1.50556272e+01   5.67625923e+00   6.11694084e+00 
  1.15453358e+01   4.37604306e+00   6.97272916e+00 
  8.53690723e+00   6.12189962e+00   5.49649596e+00 
  5.22395654e+00   5.90835088e+00   7.31882050e+00 
  1.85458717e+00   6.63384222e+00   5.83408038e+00 
 -1.86810704e+00   5.56734603e+00   5.98554591e+00 
 -2.75083673e+00   1.98914011e+00   5.28320566e+00 
 -5.25385439e+00   1.77172261e+00   2.32666915e+00 
 -5.19342562e+00  -1.78386374e+00   1.74792567e+00 
 -6.16363786e+00  -2.18563920e+00  -1.98358494e+00 
 -5.66462755e+00  -7.44934337e-01  -5.47289902e+00 
 -7.97316000e+00   3.52279256e-01  -8.05872710e+00 
 -8.85790275e+00  -4.64606517e+00  -6.72458954e+00 
 -1.18662899e+01  -2.51852179e+00  -6.47782198e+00 
 -1.85141965e+00   4.92569888e-02  -9.34664897e+00 
 -7.07993163e-01   3.20409089e+00  -7.66086094e+00 
 -4.13631924e+00   4.49187278e+00  -6.71071128e+00 
 -4.87627686e+00   3.34479505e+00  -3.16186469e+00 
 -8.24596890e+00   2.68409315e+00  -2.08314298e+00 
 -9.62789076e+00   1.65078500e+00   1.31674762e+00 
 -1.36903810e+01   3.67040827e+00  -1.40109294e+00 
 -1.15645441e+01   6.66731563e+00  -2.51404961e-01 
 -8.57587287e+00   7.15863835e+00  -2.57038598e+00 
 -4.90045306e+00   8.35785178e+00  -2.34484605e+00 
 -2.35167235e+00   8.76202672e+00  -5.16010837e+00 
  8.94711192e-01   6.80808742e+00  -4.57462983e+00 
  4.48947234e+00   6.86871830e+00  -6.01179838e+00 
  4.06110601e+00   1.02407188e+01  -7.72977409e+00 
  9.46603925e+00   9.71896106e+00  -8.66178171e+00 

   4.455935193056e+01 

 -3.32459198e+00   2.07434428e-01  -3.04925759e+00 
 -9.14985772e-01  -4.72246174e-01  -4.32357415e+00 
 -5.74164287e+00   5.87307745e+00  -5.54147752e+00 
 -4.82112403e+00   3.96300569e+00  -6.73746303e+00 
 -4.10030312e+00   4.67547212e+00   9.19652617e-02 
 -1.44001585e+00  -4.45964042e+00   2.80854725e+00 
 -1.56172829e-01  -5.28817563e+00   1.14341307e+00 
 -2.02201036e+00  -3.67568708e+00   1.88380673e+00 
 -1.00040974e+00  -4.45688272e+00   5.49192923e-01 
 -2.09045756e+00   1.79335877e+00   2.67647185e-01 
 -9.13553226e-01   1.92004458e+00  -2.06309623e+00 
 -3.17717233e+00   4.48642815e+00  -1.93068353e+00 
 -1.64703135e+00  -1.81011142e+00  -1.85194502e-01 
 -1.76917381e+00  -1.56734118e+00  -2.63578788e+00 
 -1.67639822e+00  -1.41543933e-02  -1.14402076e+00 
 -2.76972545e+00   3.67764581e+00  -4.18304064e+00 
 -3.84099313e+00   4.76645456e+00  -4.47653106e+00 
  5.22223882e-01   3.38870046e-01  -1.42889194e+00 
 -7.67997267e-01  -5.52926569e+00   2.33798008e+00 
 -6.71695510e-01   1.62710347e+00   1.84820086e-01 
 -1.56121645e+00  -3.16377834e+00   6.14633647e-01 
 -1.86058530e+00   3.39122565e+00  -4.95731427e+00 
 -4.67539517e+00   4.33286691e+00  -3.51931837e+00 
  1.33597483e+00   1.42917327e-01  -5.34913855e-01 
  2.38604395e-02   1.73197177e+00  -1.03165393e+00 
 -2.31650755e+00   3.80218263e+00  -2.75792393e+00 
 -1.72878194e+00   2.93920218e+00  -1.88723961e+00 
 -2.31079932e+00   2.93358081e+00  -6.13090617e-01 
 -2.99810413e+00  -1.36996934e-01  -1.65869141e+00 
 -1.11603505e+00  -1.51568751e-01  -2.95625623e+00 
 -4.66317218e+00   4.87942773e+00  -5.60862694e+00 
 -2.46794080e+00  -1.48966983e+00  -1.32357751e+00 
 -4.59374635e-01  -7.46707890e-01  -1.66684832e+00 
 -2.98394120e+00   4.11955223e+00  -6.22890002e-01 
 -2.41939189e-01   1.34554783e-01   1.25245049e+00 
 -4.14105114e-01  -6.63371957e+00   3.01016342e+00 
 -1.18844357e+01   9.74758523e-01   4.63064136e+00 
 -1.11744194e+01  -7.08977654e-01   1.25838143e+00 
 -8.62229764e+00   8.85852700e-01  -8.04341420e-01 
 -3.06947947e+00  -6.20859348e+00  -3.72348180e+00 
 -6.03579099e-01  -8.87451320e+00  -4.96698222e+00 
 -5.38252478e+00  -1.05367388e+01  -2.29318920e+00 
 -7.68889258e+00  -7.58500705e+00  -1.19403082e+00 
 -6.72064303e+00  -4.53512168e+00   9.15995186e-01 
 -8.21235466e+00  -2.26068019e+00   3.51005270e+00 
 -6.93204910e+00   7.00667756e-01   5.42747114e+00 
 -7.33978274e+00   4.66596904e-01   9.16413147e+00 
 -6.53915091e+00   2.19158306e+00   1.24099169e+01 
 -2.65750517e+00   4.15710560e+00   1.00368612e+01 
 -2.07163916e+00   6.94199459e-01   8.55689693e+00 
 -2.89293259e+00  -1.16079933e+00   5.63636971e+00 
 -4.19429673e+00  -4.78973943e+00   5.94185122e+00 
 -4.14901001e+00  -7.31067371e+00   2.93933949e+00 
 -6.19792842e+00  -1.05560825e+01   3.04802881e+00 
 -4.62761855e+00  -1.32198651e+01   8.35829510e-01 
  1.26803544e+01   2.24780644e+00   5.54565254e+00 
  1.21228003e+01   2.18293044e+00   1.77475746e+00 
  1.07812699e+01  -1.40744476e+00   1.53449840e+00 
  7.16522033e+00  -2.61084036e+00   2.49101121e+00 
  3.87537684e+00  -5.06155103e+00   1.06038160e+01 
 -3.40055265e+00  -1.49587804e+01   5.96164962e+00 
 -3.62351936e+00  -1.11709697e+01   6.55172268e+00 
 -5.75589450e-01  -9.03484315e+00   5.89991822e+00 
 -2.21226905e-01  -5.74592620e+00   7.74368376e+00 
  2.05314653e+00  -2.92289249e+00   6.77360188e+00 
  2.33743645e+00   9.42043966e-01   6.78698961e+00 
 -2.88191280e-01   2.95141584e+00   5.01363198e+00 
  1.33560290e+00   5.19640271e+00   2.29757770e+00 
 -1.63287213e+00   6.32083877e+00   5.93354087e-01 
 -4.44780205e-01   7.14500700e+00  -3.00333914e+00 
  1.78681739e+00   5.97580821e+00  -5.85866494e+00 
  4.38315629e+00   7.61102146e+00  -7.80921802e+00 
 -1.54689522e-01   1.02296103e+01  -8.12097378e+00 
  2.67098087e+00   1.23382312e+01  -7.02225601e+00 
  2.43884636e+00   1.89652321e+00  -9.47966339e+00 
  4.28282484e+00  -1.53760240e-01  -6.93047184e+00 
  6.28345079e+00   2.67787938e+00  -5.41592746e+00 
  4.37395817e+00   3.97622010e+00  -2.39504390e+00 
  4.59454067e+00   7.42684842e+00  -1.39511483e+00 
  3.05337050e+00   9.27939611e+00   1.55945702e+00 
  7.10616266e+00   1.22362604e+01  -1.14215693e-01 
  8.64863592e+00   9.28661066e+00   1.82042064e+00 
  8.81139625e+00   6.17711828e+00  -3.83159206e-01 
  8.53806117e+00   2.33366012e+00   5.19917195e-03 
  8.93547389e+00  -3.63160968e-01  -2.66958592e+00 
  5.91152645e+00  -2.70457593e+00  -2.94014964e+00 
  5.20100724e+00  -6.18249603e+00  -4.48638837e+00 
  8.87851617e+00  -7.03647128e+00  -4.98851058e+00 
  6.87110269e+00  -1.19826090e+01  -6.35230588e+00 

   4.455935229683e+01 

  2.56459533e+00   1.01209784e+00   9.70340809e-01 
  9.90266705e-01   3.33720585e+00   1.05701593e+00 
  8.95115061e+00   2.57683354e+00   1.28969925e-02 
  7.35104046e+00   3.60456513e+00   1.53260264e+00 
  5.36842637e+00  -7.56658330e-01  -3.43909106e+00 
 -3.78473549e+00  -3.12453991e+00  -5.20089017e-01 
 -4.66764455e+00  -1.27236579e+00   4.27178491e-01 
 -2.57525193e+00  -2.64370209e+00  -1.81891361e-01 
 -3.36453325e+00  -1.19078398e+00   6.55501974e-01 
  1.97753052e+00  -2.52973278e-01  -2.64837378e+00 
  2.06355567e+00   2.23564454e+00  -1.85285868e+00 
  5.28277721e+00   1.27125913e+00  -2.51212603e+00 
 -8.03769078e-01  -4.63366605e-01  -2.80534769e-01 
  1.91374495e-01   1.30371895e+00   1.12172769e+00 
  8.25210349e-01   6.29980652e-01  -8.25226015e-01 
  5.12358704e+00   2.99301755e+00  -8.08187970e-01 
  6.66257012e+00   2.76791214e+00  -8.21967743e-01 
 -1.61648129e-01   2.33350527e+00  -1.90409301e+00 
 -4.83604426e+00  -2.59380112e+00   1.35816861e-01 
  1.02036694e+00   6.82145119e-01  -3.15508311e+00 
 -2.09356556e+00  -1.30282463e+00   5.30338587e-02 
  4.59656438e+00   4.07779447e+00  -5.76755399e-01 
  6.55948115e+00   1.43249488e+00  -7.41254441e-01 
 -1.06992146e+00   2.15911573e+00  -2.70685843e+00 
  1.04447640e+00   2.04221827e+00  -2.80260063e+00 
  4.50856024e+00   2.27224478e+00  -1.97181597e+00 
  3.25388103e+00   1.81645679e+00  -2.22924404e+00 
  3.21646766e+00   5.10080387e-01  -2.73340595e+00 
  1.69203332e+00   1.27425579e-01   1.86189277e-01 
  9.33642873e-01   2.28267351e+00   1.09608869e-01 
  7.58707068e+00   3.09177715e+00   1.83385122e-01 
  2.74438155e-01  -8.64861229e-02   5.95770104e-01 
 -2.92767004e-01   1.62682229e+00  -6.07155476e-01 
  4.49953745e+00   3.56186543e-01  -3.16895758e+00 
 -6.61192428e-01  -1.63475539e-01  -3.05769285e+00 
 -6.06638521e+00  -3.11041545e+00   2.63268439e-01 
  5.99044929e+00  -9.92838882e+00  -2.17197522e-01 
  5.34384584e+00  -7.39458883e+00   2.58868946e+00 
  5.59459190e+00  -3.88029273e+00   1.64082050e+00 
 -2.10361635e+00   1.97208595e-01   5.35539215e+00 
 -5.18192201e+00   2.08048650e+00   6.66358515e+00 
 -4.31752452e+00  -3.32820930e+00   8.32166572e+00 
 -1.08201136e+00  -4.93787363e+00   6.84496051e+00 
 -6.56864250e-02  -5.15670878e+00   3.15568329e+00 
  1.72495515e+00  -7.48951297e+00   8.14944637e-01 
  2.54537772e+00  -7.38720299e+00  -2.84589170e+00 
  1.48809167e+00  -1.04325330e+01  -4.79313189e+00 
  1.28760394e+00  -1.18926375e+01  -8.25429111e+00 
  1.09903685e+00  -7.21130850e+00  -9.87029579e+00 
 -1.35401351e+00  -6.54758672e+00  -7.02999192e+00 
 -1.33518008e+00  -5.36818955e+00  -3.67536451e+00 
 -3.30735165e+00  -7.26080335e+00  -9.39549257e-01 
 -4.27865083e+00  -5.61674230e+00   2.48475100e+00 
 -5.45601020e+00  -7.75857951e+00   5.44598656e+00 
 -7.69631329e+00  -5.74340883e+00   7.76451699e+00 
 -8.24156763e+00   5.49877172e+00  -1.30756555e+01 
 -6.80858126e+00   7.87953045e+00  -1.04654368e+01 
 -8.56266371e+00   6.36851442e+00  -7.40140851e+00 
 -7.54540635e+00   3.06751426e+00  -5.52858440e+00 
 -9.81167139e+00  -5.53678380e+00  -7.39315524e+00 
 -1.12720992e+01  -9.09681530e+00   5.16221687e+00 
 -8.53047153e+00  -8.80253927e+00   2.48973036e+00 
 -8.60981181e+00  -5.87568384e+00   1.01208106e-01 
 -6.96489490e+00  -6.24016284e+00  -3.29046990e+00 
 -5.97376105e+00  -3.42096091e+00  -5.56051929e+00 
 -3.30814433e+00  -2.36143699e+00  -8.16640628e+00 
  2.98401666e-01  -2.29447105e+00  -7.13462453e+00 
  1.78792956e+00   1.24891668e+00  -7.66312245e+00 
  4.93065515e+00   8.41862264e-01  -5.94900508e+00 
  5.90639871e+00   4.42232588e+00  -4.82863366e+00 
  4.55914872e+00   7.67544014e+00  -3.37877777e+00 
  4.77878990e+00   1.11455223e+01  -4.44172782e+00 
  9.54956953e+00   9.05441852e+00  -3.79892598e+00 
  9.05427078e+00   1.05533497e+01  -7.13744930e+00 
  2.26156937e+00   9.80420977e+00   1.13417465e+00 
 -1.13635227e+00   8.65832913e+00   1.91015361e-02 
 -7.25876613e-01   9.48857439e+00  -3.64924219e+00 
  4.70914229e-01   6.35137026e+00  -5.43340769e+00 
  2.57152950e+00   6.55428378e+00  -8.34913980e+00 
  3.97267388e+00   3.82958171e+00  -1.06183770e+01 
  4.19736026e+00   8.33752706e+00  -1.33746916e+01 
  5.07111915e-01   7.24029068e+00  -1.33990593e+01 
 -1.21028908e+00   8.24139468e+00  -1.01433720e+01 
 -3.98848614e+00   6.90039834e+00  -7.80220857e+00 
 -5.40189508e+00   8.49129566e+00  -4.63099494e+00 
 -5.20853868e+00   6.20650538e+00  -1.55820712e+00 
 -6.86669084e+00   6.08116541e+00   1.93841889e+00 
 -9.57172849e+00   8.61797186e+00   1.07076946e+00 
 -1.15786480e+01   7.18827735e+00   5.99847264e+00 

   4.455935216975e+01 

  3.69950991e+00  -3.28548835e-01   1.43571330e+00 
  4.16149924e+00  -3.09806263e+00   1.52743067e+00 
  8.67029112e+00   2.74250558e+00  -1.72858646e+00 
  8.80077138e+00   1.00046293e+00  -3.31889568e-02 
  2.85853793e+00   2.59555367e+00  -3.16589211e+00 
 -3.78546713e+00  -1.62058734e+00   2.83315661e+00 
 -2.84852430e+00  -3.52509508e+00   3.60929009e+00 
 -2.53728649e+00  -1.14419469e+00   2.67972274e+00 
 -1.83343688e+00  -2.69737854e+00   3.40590638e+00 
  1.17892277e+00  -4.38934835e-03  -1.49373402e+00 
  3.12400254e+00  -1.73829850e+00  -1.28458992e+00 
  4.43935419e+00   1.09483409e+00  -2.68852747e+00 
  2.38130748e-02  -1.57302145e+00   1.60332860e+00 
  2.33917978e+00  -2.12728063e+00   2.24452682e+00 
  1.62874647e+00  -1.32081489e+00   3.76035187e-01 
  6.05548135e+00  -1.82378973e-01  -1.40395986e+00 
  6.94507805e+00   1.01571087e+00  -1.84265630e+00 
  1.66567717e+00  -3.30664868e+00  -6.70301117e-01 
 -3.91670871e+00  -2.67888097e+00   3.65773509e+00 
  9.49644847e-01  -1.36810956e+00  -1.86127526e+00 
 -1.26550251e+00  -1.79795423e+00   2.47887537e+00 
  6.48027890e+00  -1.32386832e+00  -1.24704747e+00 
  6.04687676e+00   1.93837270e+00  -1.46528289e+00 
  6.49383191e-01  -3.83527123e+00  -1.10330191e+00 
  1.96736676e+00  -2.33601492e+00  -1.81649045e+00 
  4.75541447e+00  -1.32040582e-01  -2.15173355e+00 
  3.52208524e+00  -6.52430182e-01  -1.91437190e+00 
  2.47487483e+00   2.57769529e-01  -2.10703425e+00 
  2.25780264e+00  -3.07162982e-01   1.15300427e+00 
  3.10245740e+00  -2.41349648e+00   8.77343746e-01 
  8.14179581e+00   1.45690720e+00  -1.25648726e+00 
  1.31158330e+00  -1.07560895e+00   2.01164098e+00 
  1.59322464e+00  -2.79458257e+00   7.19366985e-01 
  3.08457830e+00   1.20628557e+00  -2.87405635e+00 
 -6.93787616e-01  -1.86547967e+00  -1.08411458e+00 
 -5.03320649e+00  -3.11491644e+00   4.25789811e+00 
 -1.44562420e+00   9.98475047e+00   1.49903521e+00 
  7.62361785e-01   7.84643298e+00   3.79329422e+00 
  2.84571251e+00   5.36045840e+00   2.12260180e+00 
  1.61299165e+00  -2.59548262e+00   7.10955906e+00 
  1.21825237e+00  -5.97431242e+00   8.88769694e+00 
 -1.07163823e+00  -1.29744573e+00   1.12612597e+01 
 -4.56054141e-01   1.97452856e+00   9.22276953e+00 
 -1.24741147e+00   2.59697951e+00   5.52441487e+00 
 -2.38517457e+00   5.38220507e+00   3.27154196e+00 
 -3.09221398e+00   5.63757426e+00  -4.05432399e-01 
 -6.46818622e+00   7.06223554e+00  -1.27538462e+00 
 -8.79591999e+00   7.79937670e+00  -4.13720064e+00 
 -6.50168147e+00   4.11605931e+00  -6.53125362e+00 
 -6.70237903e+00   2.14995356e+00  -3.27251128e+00 
 -4.71621553e+00   1.49200885e+00  -3.97223155e-01 
 -6.27224212e+00   1.73163371e+00   3.13511840e+00 
 -4.63095007e+00   7.01141368e-02   6.28436405e+00 
 -5.72867264e+00   1.04072484e+00   9.83337491e+00 
 -5.10664098e+00  -1.81275346e+00   1.22677486e+01 
 -5.80588417e+00  -1.17368805e+01  -9.22690098e+00 
 -2.36285544e+00  -1.23785590e+01  -7.72073809e+00 
 -3.40750784e+00  -1.22549905e+01  -4.02727692e+00 
 -4.16237677e+00  -9.02047592e+00  -1.92799603e+00 
 -1.18958117e+01  -4.29343077e+00  -1.22395182e+00 
 -1.06185765e+01  -1.88943250e+00   1.16225838e+01 
 -9.54678798e+00  -4.27670483e-01   8.23733220e+00 
 -8.58582165e+00  -2.78729368e+00   5.44690437e+00 
 -8.93842049e+00  -1.61762549e+00   1.86227453e+00 
 -7.28081747e+00  -3.17236905e+00  -1.12410763e+00 
 -5.74463506e+00  -2.32320898e+00  -4.57922056e+00 
 -2.89230367e+00   1.08920670e-01  -4.73809939e+00 
  1.98234954e-01  -1.54225616e+00  -6.40417571e+00 
  2.68014271e+00   9.69914412e-01  -5.69023499e+00 
  6.04513840e+00  -9.54538984e-01  -5.67283833e+00 
  7.75062600e+00  -4.17588469e+00  -4.57093890e+00 
  9.74285735e+00  -6.65694063e+00  -6.33018075e+00 
  1.18540371e+01  -1.87200627e+00  -6.77014012e+00 
  1.12725328e+01  -3.51230833e+00  -1.00273071e+01 
  9.20225128e+00  -7.02022456e+00  -1.01056739e-01 
  5.76751950e+00  -8.51993734e+00   1.35112896e-01 
  5.24855722e+00  -9.07806938e+00  -3.57078769e+00 
  3.39476821e+00  -6.06338659e+00  -4.96101905e+00 
  3.88686670e+00  -4.97877320e+00  -8.35760563e+00 
  2.26025065e+00  -2.16093679e+00  -1.03452049e+01 
  4.30890644e+00  -5.50718676e+00  -1.38913254e+01 
  1.10331857e+00  -7.17360575e+00  -1.25610142e+01 
  1.76665421e+00  -8.87061057e+00  -9.20969239e+00 
 -1.22312406e-01  -9.60314910e+00  -5.90925347e+00 
  1.09455895e+00  -1.15371576e+01  -2.84917301e+00 
  8.71037707e-01  -9.53455845e+00   4.12624218e-01 
  9.38090987e-01  -1.03448158e+01   4.19820276e+00 
  4.26630400e-01  -1.40866622e+01   3.70579613e+00 
 -6.10554685e-02  -1.40811017e+01   9.19360623e+00 

   4.455935229228e+01 

