  1.55751743e+00  -2.43144953e+00  -3.79726512e+00 
  1.24748519e+00  -2.10815667e+00  -5.28669160e+00 
 -4.09234526e-01  -3.26984576e+00  -4.95196071e+00 
 -5.62780051e-01  -2.72923953e+00  -3.48860677e+00 
  6.20722925e-01  -2.36745163e+00  -2.67066538e+00 
  9.73115773e-02  -2.49657538e+00  -6.04095301e+00 
  1.36383005e+00  -9.48246847e-01   3.19289343e+00 
  1.61850581e+00  -9.58216537e-01   4.58640472e+00 
  2.64802644e+00  -1.72439307e+00   5.02418778e+00 
  2.71262101e+00  -2.92380749e+00   4.37660742e+00 
  2.54802828e+00  -2.79054964e+00   3.02544898e+00 
  1.76685002e+00  -1.89729067e+00   2.29334620e+00 
  7.34384629e-01  -3.79736600e+00  -6.20330262e-01 
  1.31075362e+00  -2.35440672e+00   9.76795034e-01 
  7.58941601e-01  -1.74696399e+00  -9.00618748e-02 
  7.34462147e-01  -2.56193687e+00  -1.23389171e+00 
  1.03637307e+00  -3.66756080e+00   6.72388238e-01 
 -5.90572898e-01   4.05413681e-01   1.78087767e-01 
  4.93128879e-01  -3.24958412e-01  -2.61728686e-01 
  2.68246094e-01   6.79171739e-01  -2.48946921e+00 
 -1.06644179e+00   1.42845280e+00  -6.47369140e-01 
  9.02580932e-01   5.37125058e-02  -1.46319053e+00 
 -7.54913501e-01   1.28806415e+00  -1.96973619e+00 
  2.06722446e-01   4.75316379e-01  -3.90614524e+00 
  2.83706733e+00  -1.75648487e+00   6.37005375e+00 
  9.52008117e+00   4.97090082e+00  -7.20635593e+00 
  8.92827327e+00   1.18318711e+00  -7.11868304e+00 
  5.31963938e+00  -8.08330218e-02  -7.28915098e+00 
  4.27676135e+00  -6.15410739e+00  -7.44121814e-01 
  3.72420485e+00  -8.86373724e+00   2.01931477e+00 
  7.27710347e+00  -1.00201390e+01   2.99201238e+00 
  8.88071788e+00  -6.97680401e+00   1.30137480e+00 
  9.23952272e+00  -4.45202969e+00  -1.57715907e+00 
  7.13609353e+00  -1.27816472e+00  -1.96826394e+00 
  8.06151079e+00   2.14628964e+00  -3.29161550e+00 
  5.98467179e+00   5.27138600e+00  -3.65343962e+00 
  7.43128379e+00   8.39055146e+00  -2.16748128e+00 
  6.72799423e+00   1.20169688e+01  -1.45567785e+00 
  1.95678926e+00   1.07892516e+01  -1.11842036e+00 
  3.05650992e+00   7.67095013e+00   7.36702120e-01 
  3.86516384e+00   4.06489201e+00   2.07681883e-01 
  6.96637472e+00   2.71200910e+00   1.88899090e+00 
  7.62250359e+00  -1.03005127e+00   2.35167762e+00 
  1.10678398e+01  -2.43237548e+00   3.16826520e+00 
  1.07919248e+01  -5.77004512e+00   4.92621446e+00 
  8.02287157e+00  -8.90719150e+00   1.14890074e+01 
 -1.03016118e+01   4.73217620e+00   7.45007646e+00 
 -1.07683603e+01   1.44786356e+00   5.54798649e+00 
 -7.75087657e+00  -3.85716259e-01   7.04299102e+00 
 -4.06018248e+00   1.98602624e-01   6.16842177e+00 
 -2.28686817e+00   1.49287775e+00   9.22161993e+00 
  1.08015924e+00   2.98320642e+00   9.95778797e+00 
  2.05155612e+00   6.51234200e+00   9.13304193e+00 
  5.67969782e+00   5.99998790e+00   1.01524512e+01 
  8.14269993e+00   3.20432386e+00   1.07841647e+01 
  1.24615872e+01  -2.30661799e+00   9.03722024e+00 
  1.06512666e+01   2.08018017e-01   6.75693690e+00 
  6.88298859e+00   7.26426642e-01   7.14342003e+00 
  5.03739759e+00   3.86657001e+00   5.82426705e+00 
  1.37626278e+00   4.11695113e+00   4.97906880e+00 
 -1.02803764e+00   5.94742257e+00   2.62360995e+00 
 -5.17698545e-01   5.46871889e+00  -1.10017274e+00 
 -3.85348116e+00   4.48393470e+00  -2.70103003e+00 
 -2.34519633e+00   3.56077434e+00  -6.03552698e+00 
 -4.41930099e+00   6.76266151e-01  -7.47833661e+00 
 -6.08194955e+00  -2.56211709e+00  -6.57495835e+00 
 -9.64261085e+00  -3.68339723e+00  -7.01487039e+00 
 -7.31251264e+00  -2.28216489e+00  -1.16060897e+01 
 -1.06936808e+01  -6.78563713e-01  -1.09241964e+01 
 -5.31205231e+00  -7.63422726e+00  -4.97645879e+00 
 -5.06766539e+00  -6.57065709e+00  -1.37451983e+00 
 -7.86448955e+00  -4.10231694e+00  -1.44068414e+00 
 -6.18382719e+00  -7.82560955e-01  -2.17634320e+00 
 -8.45577192e+00   1.72582288e+00  -3.90811532e+00 
 -7.65383356e+00   5.37677671e+00  -4.82605387e+00 
 -1.08663040e+01   1.62198482e+00  -1.30812371e-01 
 -8.41842745e+00   2.18174794e-01   2.51629610e+00 
 -7.89104479e+00  -3.43454910e+00   3.47000398e+00 
 -4.27989830e+00  -4.54905031e+00   3.29194953e+00 
 -2.14361202e+00  -7.54629692e+00   4.44716720e+00 
 -4.66717812e+00  -8.65814773e+00   7.07233739e+00 
 -3.60783120e+00  -1.08136772e+01   1.00880547e+01 
 -5.86248022e-01  -1.22166654e+01   8.28633020e+00 
 -1.67833275e+00  -1.54398706e+01   6.49409495e+00 

   6.707667253564e+00 

  1.56331410e+00   3.87659336e+00   7.31066008e-02 
  1.17323123e+00   5.38203338e+00   9.65770176e-02 
  1.08669914e+00   5.08851930e+00   2.12452378e+00 
  5.09862604e-01   3.64169945e+00   1.94783623e+00 
  9.05782253e-01   2.78691158e+00   8.01896260e-01 
  8.16138059e-01   6.17148403e+00   1.23321358e+00 
  9.04758163e-03  -3.07419865e+00  -5.36601478e-01 
  1.19733137e-01  -4.47611151e+00  -7.07371000e-01 
  1.33526696e+00  -4.96532679e+00  -1.05626021e+00 
  2.35340105e+00  -4.34197309e+00  -3.95282043e-01 
  2.19731860e+00  -2.98349011e+00  -3.69970427e-01 
  1.04114504e+00  -2.20714317e+00  -3.01387692e-01 
  2.03780551e+00   7.08538088e-01   1.61475845e+00 
  1.17817584e+00  -8.82878191e-01   3.13323385e-01 
  4.00389126e-01   2.14395080e-01   3.65536682e-01 
  1.07671226e+00   1.34364619e+00   8.55992617e-01 
  2.06987777e+00  -5.91821196e-01   1.31952321e+00 
 -2.13836357e+00   3.49325810e-02   1.44461856e-01 
 -8.86339196e-01   4.21125356e-01  -2.85472510e-01 
 -1.74032039e+00   2.67327832e+00  -7.54926150e-01 
 -3.21017755e+00   8.95618272e-01  -1.10354292e-01 
 -8.96865265e-01   1.61322818e+00  -8.62810342e-01 
 -2.86197351e+00   2.20280909e+00  -2.98586973e-01 
 -1.56323941e+00   4.08740727e+00  -6.09559049e-01 
  1.42582525e+00  -6.31701529e+00  -1.16425906e+00 
  5.96683545e-01   7.11824479e+00  -1.08071093e+01 
  3.25346425e+00   6.98546132e+00  -8.04512601e+00 
  2.08895898e+00   7.26745855e+00  -4.41008274e+00 
  6.05778890e+00   6.58975363e-01   2.14408290e-01 
  7.78158306e+00  -2.12970358e+00   2.34418908e+00 
  1.08111783e+01  -3.25407706e+00   2.31432500e-01 
  9.41654920e+00  -1.57045241e+00  -2.91691353e+00 
  7.72731357e+00   1.33708362e+00  -4.78287666e+00 
  3.94413557e+00   1.86235296e+00  -5.03282708e+00 
  1.82323497e+00   3.21094900e+00  -7.86435680e+00 
 -1.90611451e+00   3.70509190e+00  -8.10545913e+00 
 -3.57207600e+00   2.22193712e+00  -1.11146046e+01 
 -6.91115479e+00   1.60123462e+00  -1.27324535e+01 
 -8.82482040e+00   1.41980241e+00  -8.18377916e+00 
 -5.74515849e+00  -5.29904635e-01  -7.14025254e+00 
 -2.36539160e+00  -9.53795504e-02  -5.61521813e+00 
  5.22188286e-01  -1.91453598e+00  -7.23604575e+00 
  3.88195865e+00  -2.46759180e+00  -5.48860510e+00 
  7.04822230e+00  -3.43640847e+00  -7.37002778e+00 
  9.47600741e+00  -5.24183223e+00  -5.10003248e+00 
  1.00637681e+01  -1.17518318e+01  -8.74612335e-01 
 -1.17109851e+01  -6.79333023e+00   5.40271956e+00 
 -9.30694688e+00  -4.93371403e+00   7.72322601e+00 
 -6.08018729e+00  -6.57215481e+00   6.45600972e+00 
 -4.28647619e+00  -5.82513661e+00   3.14661284e+00 
 -4.35907379e+00  -8.91867113e+00   1.00966354e+00 
 -3.54122918e+00  -9.75290320e+00  -2.55896077e+00 
 -5.73599349e+00  -8.90233357e+00  -5.48098510e+00 
 -3.17572517e+00  -1.00648308e+01  -8.04198602e+00 
  5.14378243e-01  -1.08371388e+01  -8.30243823e+00 
  7.57435235e+00  -9.34998092e+00  -8.44521763e+00 
  4.56229576e+00  -6.95973123e+00  -8.56596566e+00 
  1.86121619e+00  -7.19664826e+00  -5.87041269e+00 
 -1.70554549e+00  -5.75429881e+00  -6.32291340e+00 
 -4.08344915e+00  -4.76930679e+00  -3.57404236e+00 
 -6.90618532e+00  -2.29397868e+00  -2.80960182e+00 
 -6.08063398e+00   1.39917468e+00  -2.99718562e+00 
 -7.25064717e+00   3.10516330e+00   2.24725913e-01 
 -5.48309103e+00   6.36440054e+00  -4.81803176e-01 
 -4.38429826e+00   7.83185940e+00   2.88616578e+00 
 -2.84114061e+00   6.93357383e+00   6.18456806e+00 
 -4.08057152e+00   7.48549496e+00   9.69004727e+00 
 -3.62262483e+00   1.20111106e+01   6.90052824e+00 
 -6.96531558e+00   1.14839016e+01   8.63754728e+00 
  1.60522341e+00   5.21781578e+00   8.66660161e+00 
  7.73712525e-01   1.62870015e+00   7.89733615e+00 
 -2.87779388e+00   1.84257137e+00   8.63210356e+00 
 -4.48103606e+00   2.57406644e+00   5.27337761e+00 
 -7.78678238e+00   4.43329344e+00   5.53451561e+00 
 -1.01774515e+01   5.38543869e+00   2.67210807e+00 
 -9.29691390e+00   7.46967944e-01   7.58871738e+00 
 -6.79840234e+00  -2.01377536e+00   6.53722694e+00 
 -3.60545422e+00  -3.05110652e+00   8.34255552e+00 
 -5.32015383e-01  -3.02720355e+00   6.13629989e+00 
  3.10235275e+00  -4.31399385e+00   6.26780096e+00 
  2.36907019e+00  -6.86301863e+00   8.99918258e+00 
  4.61503299e+00  -9.95375147e+00   9.51506058e+00 
  7.62192253e+00  -8.29063867e+00   7.92219472e+00 
  9.59587574e+00  -6.51660949e+00   1.07060531e+01 

   6.707667921684e+00 

 -5.27491113e+00   1.92726276e+00  -1.77066604e-01 
 -6.43755685e+00   2.20551331e+00  -1.17198332e+00 
 -7.02902753e+00   3.12989865e-01  -6.47731274e-01 
 -5.54593241e+00  -1.85735748e-01  -5.53137496e-01 
 -4.45631060e+00   7.12868332e-01  -9.94327063e-02 
 -7.48014602e+00   1.31051324e+00  -1.56526887e+00 
  1.36448399e+00  -2.09495281e-01   1.38894290e+00 
  2.59039732e+00  -4.35901449e-01   2.06178380e+00 
  2.77126379e+00   1.90436231e-01   3.25072331e+00 
  1.63969071e+00   1.90209048e-01   4.01339200e+00 
  5.27129712e-01   5.13277026e-01   3.28653433e+00 
  2.04147940e-01   2.40127985e-01   1.95793101e+00 
 -3.39972212e+00  -1.80723365e-01   1.98542484e+00 
 -1.22392365e+00   1.50611409e-01   1.63719000e+00 
 -1.93095528e+00   1.32841230e-01   4.91989990e-01 
 -3.31051283e+00   3.01156920e-01   6.96012062e-01 
 -2.18177359e+00  -2.98912077e-01   2.51627017e+00 
 -8.84823355e-01  -7.04227191e-01  -1.68305119e+00 
 -1.42233323e+00   2.68139999e-01  -8.66397713e-01 
 -2.86046224e+00   1.02136591e+00  -2.70654052e+00 
 -1.16738666e+00  -6.37335275e-01  -3.05057733e+00 
 -2.18179232e+00   1.12403611e+00  -1.53363709e+00 
 -2.30404724e+00   5.07124543e-02  -3.36681472e+00 
 -4.17658039e+00   1.38396507e+00  -3.14089387e+00 
  3.93380209e+00  -8.53992303e-02   3.89917848e+00 
 -3.06310366e+00   1.20269870e+01  -4.96480878e+00 
 -4.96876846e+00   1.05962394e+01  -1.96046008e+00 
 -6.39575456e+00   7.05676265e+00  -2.25171251e+00 
 -4.02478122e+00   2.57321713e+00   5.17027967e+00 
 -3.11601871e+00   5.44288367e-01   8.38611563e+00 
 -2.21378765e+00   3.22007493e+00   1.10191156e+01 
 -1.85430623e+00   5.93608739e+00   8.33847751e+00 
 -2.98756722e+00   7.78322582e+00   5.16152853e+00 
 -2.13415772e+00   6.70312840e+00   1.58999335e+00 
 -1.39760859e+00   8.76315941e+00  -1.50004431e+00 
 -5.38579322e-01   7.68677461e+00  -5.00915397e+00 
  2.52983128e+00   9.23280063e+00  -6.50066896e+00 
  4.79942254e+00   9.17694071e+00  -9.50034873e+00 
  3.61018637e+00   4.41301383e+00  -1.00258474e+01 
  3.84582544e+00   4.10461278e+00  -6.25437262e+00 
  1.76085669e+00   4.20166840e+00  -3.15906019e+00 
  3.08598906e+00   6.18601644e+00  -2.29730141e-01 
  1.74894248e+00   5.78667992e+00   3.33404201e+00 
  2.37731814e+00   8.35931036e+00   6.07089541e+00 
  2.17136004e+00   6.77176849e+00   9.49782326e+00 
  5.69446126e+00   1.36582727e+00   1.38501960e+01 
  5.66636699e+00  -1.10147064e+01  -5.76750797e+00 
  2.34107741e+00  -1.15631115e+01  -3.96078873e+00 
  3.25498749e+00  -9.70340460e+00  -7.34564986e-01 
  3.47266012e+00  -5.89968627e+00  -2.74273699e-01 
  7.03059444e+00  -4.98284481e+00   5.27173925e-01 
  9.00628465e+00  -1.79933085e+00   7.75738324e-01 
  1.02267552e+01   1.62856590e-01  -2.18042295e+00 
  1.15007615e+01   3.03840482e+00  -4.19054538e-02 
  1.11043093e+01   4.45496154e+00   3.43909788e+00 
  7.68181567e+00   7.73830200e+00   8.87796623e+00 
  6.65696863e+00   7.39782977e+00   5.18552140e+00 
  6.55541530e+00   3.93345391e+00   3.57126514e+00 
  6.65029469e+00   3.38691113e+00  -2.62678795e-01 
  5.38885576e+00   3.64462841e-01  -2.12131321e+00 
  3.85372571e+00  -6.51145850e-01  -5.48158161e+00 
  5.44906547e-01   9.31114064e-01  -6.43252657e+00 
 -1.91014969e+00  -1.82508392e+00  -7.45040865e+00 
 -4.92604154e+00   4.43489290e-01  -7.51356977e+00 
 -7.95606835e+00  -1.63879267e+00  -6.42407000e+00 
 -9.09187521e+00  -4.19463206e+00  -3.92502232e+00 
 -1.06685898e+01  -7.56925721e+00  -4.43000685e+00 
 -1.34539692e+01  -3.60710750e+00  -6.66945899e+00 
 -1.26974843e+01  -6.56736542e+00  -8.93515944e+00 
 -1.01002750e+01  -5.16442937e+00   1.26311820e+00 
 -6.46843400e+00  -5.88199548e+00   1.94115969e+00 
 -5.81387895e+00  -7.86461776e+00  -1.15077643e+00 
 -4.49201017e+00  -5.32888102e+00  -3.64262311e+00 
 -5.13780221e+00  -6.27415761e+00  -7.26783334e+00 
 -3.96718637e+00  -4.40910708e+00  -1.04247985e+01 
 -2.41753949e+00  -9.74841020e+00  -6.48092222e+00 
 -4.15664204e-01  -8.69183136e+00  -3.34306963e+00 
 -1.31464163e+00  -9.35020451e+00   3.02267379e-01 
 -1.35921650e+00  -6.23359229e+00   2.44677586e+00 
 -1.46984855e+00  -5.33424961e+00   6.19653039e+00 
 -2.47757685e-01  -8.76245849e+00   7.31456806e+00 
  1.44292449e+00  -9.27060276e+00   1.07418759e+01 
 -2.31716502e-01  -6.22675723e+00   1.22502345e+01 
 -3.54731768e+00  -7.37073261e+00   1.38288115e+01 

   6.707667276223e+00 

  2.94138334e+00  -3.40573519e+00   1.75434651e+00 
  3.29556718e+00  -4.91397209e+00   1.61721195e+00 
  4.42723092e+00  -4.26531327e+00   3.45436061e-02 
  3.36349248e+00  -3.18199888e+00  -3.55474616e-01 
  2.54833373e+00  -2.49366312e+00   6.75206789e-01 
  4.10452870e+00  -5.53075331e+00   6.13302962e-01 
 -1.21713075e+00   2.27538141e+00   5.16868943e-01 
 -1.80832773e+00   3.56091456e+00   5.85600528e-01 
 -1.42891011e+00   4.36516368e+00   1.60923221e+00 
 -8.96758192e-02   4.28780823e+00   1.85938466e+00 
  3.61041328e-01   2.99656787e+00   1.86361954e+00 
 -4.62086490e-02   1.89409770e+00   1.11340935e+00 
  2.99222679e+00  -3.13770158e-02   6.37582175e-01 
  9.62429700e-01   8.56748563e-01   8.74889759e-01 
  9.19625173e-01  -4.09076257e-01   4.19378565e-01 
  2.12484990e+00  -1.10368354e+00   6.14525898e-01 
  2.30944791e+00   1.10849383e+00   7.54540676e-01 
 -9.58132759e-01  -1.18315356e+00  -1.13004755e+00 
 -2.61226029e-01  -1.18266981e+00   5.97636748e-02 
 -2.33443171e-01  -3.63639257e+00   4.67488505e-02 
 -1.48476873e+00  -2.39846229e+00  -1.57739925e+00 
 -1.68705011e-01  -2.39268978e+00   5.90661596e-01 
 -8.60938203e-01  -3.50859443e+00  -1.08358617e+00 
  5.35104048e-01  -4.83686708e+00   1.89882657e-01 
 -1.97200810e+00   5.61142721e+00   1.62095260e+00 
 -3.40993490e+00  -8.91301803e+00   9.44525539e+00 
  5.64710708e-02  -7.29689215e+00   9.16797244e+00 
  1.74243231e+00  -7.22782253e+00   5.73260152e+00 
  4.70806637e+00   1.14510324e+00   4.35102623e+00 
  6.10637278e+00   4.73171072e+00   3.66908159e+00 
  6.28969599e+00   6.39732806e+00   7.14738519e+00 
  4.01534989e+00   3.72997651e+00   8.69796173e+00 
  2.85641681e+00   1.00337374e-01   9.21926626e+00 
  4.22294971e-01  -1.76178926e+00   6.92615234e+00 
 -2.25693903e+00  -4.31440796e+00   7.72638274e+00 
 -4.66236612e+00  -6.12736009e+00   5.45977012e+00 
 -8.27663515e+00  -5.96818303e+00   6.43019486e+00 
 -1.17522984e+01  -6.90399388e+00   5.33652097e+00 
 -1.01530054e+01  -6.48989386e+00   6.82895854e-01 
 -8.23275238e+00  -3.41284810e+00   1.78703161e+00 
 -4.86367632e+00  -2.31139152e+00   2.95896646e+00 
 -4.73161240e+00   3.87894366e-02   5.91427589e+00 
 -1.62288290e+00   2.08076570e+00   6.81629872e+00 
 -1.13962390e+00   3.69917164e+00   1.02296399e+01 
  1.19909723e+00   6.66347991e+00   1.00063151e+01 
  1.72969727e+00   1.36755690e+01   6.67033343e+00 
 -6.55223924e+00   2.75291893e+00  -1.20442627e+01 
 -2.74810754e+00   2.36997562e+00  -1.19781375e+01 
 -2.09469370e+00   4.74604108e+00  -9.04051533e+00 
 -2.75190142e+00   4.02404431e+00  -5.32913495e+00 
 -5.39665640e+00   6.39241431e+00  -4.08899910e+00 
 -7.48556053e+00   6.71938793e+00  -9.85863297e-01 
 -1.04682691e+01   4.57754241e+00  -2.14743101e-01 
 -1.08961011e+01   6.02190997e+00   3.27751301e+00 
 -8.94898017e+00   7.97359308e+00   5.86223915e+00 
 -3.82333487e+00   9.07036814e+00   1.08220775e+01 
 -4.93159407e+00   5.80157018e+00   9.12295555e+00 
 -5.06261648e+00   5.61369181e+00   5.30645682e+00 
 -7.12265125e+00   2.94864767e+00   3.39315603e+00 
 -6.52451587e+00   1.76872501e+00  -1.32601362e-01 
 -6.90565474e+00  -1.33180034e+00  -2.35091610e+00 
 -5.02536166e+00  -4.45416340e+00  -1.31574644e+00 
 -3.04591652e+00  -5.77199138e+00  -4.31659453e+00 
 -1.05318328e+00  -8.27144417e+00  -2.30965902e+00 
  2.41376995e+00  -8.54322186e+00  -3.92532166e+00 
  5.19239655e+00  -6.51083183e+00  -5.41402249e+00 
  6.85259930e+00  -6.74108009e+00  -8.77852247e+00 
  7.14712703e+00  -1.12807752e+01  -5.98987472e+00 
  5.86401759e+00  -1.16234475e+01  -9.55428370e+00 
  9.02669917e+00  -2.87508627e+00  -4.43738640e+00 
  6.56810309e+00  -4.38573132e-02  -4.76027785e+00 
  4.73073259e+00  -1.37548558e+00  -7.72171335e+00 
  1.80795518e+00  -3.28883060e+00  -6.24417574e+00 
  5.42877487e-01  -6.09835801e+00  -8.47103104e+00 
 -2.48980254e+00  -8.38988120e+00  -7.86524090e+00 
 -5.82991461e-01  -2.84491027e+00  -1.13410352e+01 
 -7.11917298e-01   3.44184575e-01  -9.15402518e+00 
  2.13325436e+00   2.78168906e+00  -8.45140658e+00 
  2.73904620e+00   3.39441887e+00  -4.76741855e+00 
  4.69841073e+00   5.87607170e+00  -2.55743132e+00 
  4.96729371e+00   8.50077658e+00  -5.30237526e+00 
  5.55036974e+00   1.22201597e+01  -4.47211714e+00 
  7.15479066e+00   1.14359079e+01  -1.13216165e+00 
  1.09411196e+01   1.10735834e+01  -1.70330516e+00 

   6.707667193945e+00 

  1.46022147e-01  -5.76387834e+00  -1.49802038e+00 
  9.11210486e-01  -7.07619158e+00  -1.83171295e+00 
  4.98615832e-01  -6.54912172e+00  -3.77033393e+00 
  6.90904001e-01  -5.02530316e+00  -3.45690294e+00 
  3.24201339e-01  -4.45591847e+00  -2.13708133e+00 
  1.22561667e+00  -7.59600629e+00  -3.12539793e+00 
 -1.25068336e-01   1.22559146e+00  -2.37265422e-02 
 -5.69313328e-01   2.50559349e+00   3.89885360e-01 
 -1.77315511e+00   2.57480728e+00   1.01002013e+00 
 -2.70044339e+00   1.75655594e+00   4.33193659e-01 
 -2.19527540e+00   5.15180577e-01   1.60667576e-01 
 -9.13139521e-01   1.25108565e-01  -2.24165248e-01 
 -1.46453701e+00  -2.72593215e+00  -2.39978136e+00 
 -8.13923133e-01  -1.10504332e+00  -1.01610475e+00 
  2.01189618e-01  -1.91271556e+00  -1.37510166e+00 
 -2.33928866e-01  -3.12977269e+00  -1.92516661e+00 
 -1.78174975e+00  -1.53264670e+00  -1.89518846e+00 
  2.58856190e+00  -1.02080304e+00  -1.55050849e+00 
  1.60142536e+00  -1.80250285e+00  -9.88550961e-01 
  3.10421009e+00  -3.74170859e+00  -1.04143627e+00 
  3.88016354e+00  -1.55116003e+00  -1.62069441e+00 
  2.04864073e+00  -2.99470935e+00  -6.23591211e-01 
  3.94058821e+00  -2.91536353e+00  -1.59402454e+00 
  3.28595176e+00  -5.12053678e+00  -1.38511470e+00 
 -2.19833122e+00   3.82072487e+00   1.34918843e+00 
  4.15330411e+00  -9.75410404e+00   8.39333524e+00 
  1.05027416e+00  -1.01047167e+01   6.16780756e+00 
  1.47707034e+00  -9.63084840e+00   2.39390465e+00 
 -4.97529809e+00  -4.01313496e+00  -3.66149795e-01 
 -7.78077742e+00  -1.63737524e+00  -1.69620385e+00 
 -1.05008522e+01  -1.69177071e+00   1.04327257e+00 
 -8.09212859e+00  -3.22691463e+00   3.59926692e+00 
 -5.34144023e+00  -5.69673371e+00   4.65893281e+00 
 -1.58782695e+00  -5.11177865e+00   4.19094847e+00 
  1.35014115e+00  -6.08066376e+00   6.37364169e+00 
  5.04294657e+00  -5.48100519e+00   5.91104023e+00 
  6.83153639e+00  -3.91417163e+00   8.80516002e+00 
  1.01408729e+01  -2.52186154e+00   9.92852628e+00 
  1.09616600e+01  -1.28747679e+00   5.21810872e+00 
  7.32670822e+00  -2.25933866e-01   5.03124116e+00 
  3.94828594e+00  -1.46360074e+00   4.03530526e+00 
  1.07523902e+00  -7.62552944e-01   6.38663093e+00 
 -2.59413116e+00  -1.03211074e+00   5.33274956e+00 
 -5.44869514e+00  -1.24898593e+00   7.84434246e+00 
 -8.68271874e+00   1.79825323e-03   6.33332167e+00 
 -1.18436174e+01   6.47521136e+00   3.38658853e+00 
  8.69714557e+00   8.85256529e+00  -7.12803319e+00 
  6.45547874e+00   6.63580888e+00  -9.29215720e+00 
  3.23893434e+00   7.10449592e+00  -7.25833391e+00 
  2.42828621e+00   5.50449776e+00  -3.86563915e+00 
  2.10709294e+00   8.22837433e+00  -1.29287005e+00 
  1.84545290e+00   8.38802035e+00   2.44958291e+00 
  4.73829902e+00   7.90379938e+00   4.78957959e+00 
  2.54179705e+00   7.97409820e+00   7.89369831e+00 
 -1.08565347e+00   7.59496528e+00   8.88316337e+00 
 -7.30553580e+00   4.09347683e+00   9.94510840e+00 
 -3.80553300e+00   2.69524632e+00   9.17356215e+00 
 -1.87834696e+00   4.00988683e+00   6.14441871e+00 
  1.95834441e+00   3.63819887e+00   5.75904133e+00 
  3.89713602e+00   3.70351347e+00   2.53138262e+00 
  7.06024663e+00   2.26623388e+00   9.16318363e-01 
  7.30936755e+00  -1.50370577e+00   6.30571397e-01 
  8.20687204e+00  -2.42580390e+00  -2.97556405e+00 
  7.55938350e+00  -6.11743921e+00  -2.52991539e+00 
  6.22704802e+00  -7.46340181e+00  -5.86417161e+00 
  3.85779069e+00  -6.70110286e+00  -8.67008300e+00 
  4.45386998e+00  -6.47582581e+00  -1.23745451e+01 
  5.80507300e+00  -1.12142608e+01  -1.03267192e+01 
  8.45517102e+00  -9.54089131e+00  -1.24820917e+01 
 -1.29616000e+00  -6.10502772e+00  -1.00685569e+01 
 -1.31567923e+00  -2.53734313e+00  -8.87017517e+00 
  2.02881102e+00  -1.58709916e+00  -1.02232194e+01 
  4.42238922e+00  -2.17999705e+00  -7.34123140e+00 
  7.97856519e+00  -2.94578642e+00  -8.44573833e+00 
  1.10707930e+01  -3.46236814e+00  -6.21270249e+00 
  7.99323313e+00   1.22396910e+00  -1.00896328e+01 
  5.11786648e+00   2.99597921e+00  -8.20225032e+00 
  1.46417132e+00   3.24158346e+00  -9.26067923e+00 
 -9.70876039e-01   2.07360513e+00  -6.61104425e+00 
 -4.76380974e+00   2.24246949e+00  -5.92776376e+00 
 -5.31515872e+00   5.17842217e+00  -8.28833869e+00 
 -8.36220542e+00   7.51029797e+00  -7.91292368e+00 
 -1.04218236e+01   4.87289442e+00  -6.13904967e+00 
 -1.23763950e+01   2.91450623e+00  -8.81078560e+00 

   6.707667254445e+00 

 -5.41862045e+00   2.03047944e+00  -9.09220655e-01 
 -6.75636597e+00   1.48838946e+00  -1.48853823e+00 
 -5.95183951e+00   2.08182066e+00  -3.27931643e+00 
 -4.50902636e+00   1.65836201e+00  -2.83634162e+00 
 -4.06967365e+00   1.77337499e+00  -1.42412838e+00 
 -7.14426356e+00   1.41507472e+00  -2.86216368e+00 
  1.32241521e+00   1.21713424e+00   1.32608788e+00 
  2.58290758e+00   1.43730429e+00   1.93397588e+00 
  2.70795770e+00   2.53068059e+00   2.72611303e+00 
  2.07482293e+00   3.62189589e+00   2.20599945e+00 
  8.28280978e-01   3.31841476e+00   1.73217638e+00 
  3.49107784e-01   2.15782632e+00   1.12590289e+00 
 -2.13315729e+00   3.34719086e+00  -1.23830536e+00 
 -7.77356942e-01   2.32026145e+00   2.01249816e-01 
 -1.64196886e+00   1.47176907e+00  -3.85406154e-01 
 -2.72619622e+00   2.12614215e+00  -9.93170081e-01 
 -9.83484986e-01   3.44149630e+00  -5.68599033e-01 
 -1.00508208e+00  -9.65550395e-01  -8.09296541e-01 
 -1.73598065e+00   3.03177346e-02  -1.96646168e-01 
 -3.80822486e+00  -1.19438549e+00  -6.73716400e-01 
 -1.66244223e+00  -2.15898744e+00  -1.12238811e+00 
 -3.00622633e+00  -3.06141630e-01  -2.97957389e-02 
 -3.01775646e+00  -2.04891120e+00  -1.25050155e+00 
 -5.14573504e+00  -1.15309631e+00  -1.18526870e+00 
  3.94184406e+00   2.74616775e+00   3.25448347e+00 
 -1.10170846e+01  -2.70251968e+00   7.81287456e+00 
 -1.07448642e+01   6.85098693e-01   6.03674830e+00 
 -9.85942034e+00   7.01010943e-01   2.31320563e+00 
 -3.26466948e+00   6.69509926e+00   1.13429748e+00 
 -4.47142357e-01   9.32686278e+00   4.86720338e-01 
 -5.37452281e-01   1.16483519e+01   3.57039925e+00 
 -2.63324886e+00   9.13908294e+00   5.57114238e+00 
 -5.50411792e+00   6.60861752e+00   5.95067909e+00 
 -5.28511102e+00   2.90537544e+00   5.00791372e+00 
 -6.83503139e+00  -1.47020265e-01   6.62507205e+00 
 -6.59546073e+00  -3.79305074e+00   5.69800929e+00 
 -5.60520533e+00  -6.13034253e+00   8.45235235e+00 
 -4.73705407e+00  -9.70815368e+00   9.22555718e+00 
 -3.02975082e+00  -1.00530462e+01   4.60477885e+00 
 -1.55739918e+00  -6.58924653e+00   5.06185399e+00 
 -2.28110515e+00  -2.97985422e+00   4.44052079e+00 
 -1.56162797e+00  -5.52787331e-01   7.24520906e+00 
 -1.29124974e+00   3.22751520e+00   6.71241910e+00 
 -1.49879907e+00   5.73176208e+00   9.57411672e+00 
  2.79062497e-01   8.95128530e+00   8.69069801e+00 
  7.37629028e+00   1.16252328e+01   6.94171788e+00 
  8.74325731e+00  -7.49093679e+00  -6.12870212e+00 
  7.07220731e+00  -4.72163060e+00  -8.16857496e+00 
  7.63972230e+00  -1.88567640e+00  -5.65112839e+00 
  5.73322716e+00  -1.33132424e+00  -2.36700381e+00 
  8.13773732e+00  -1.69880599e+00   5.00938589e-01 
  7.86264448e+00  -1.95329661e+00   4.23717471e+00 
  6.77628404e+00  -5.04344224e+00   6.06732169e+00 
  6.70601175e+00  -3.30042698e+00   9.44697834e+00 
  6.61171138e+00   1.84194611e-01   1.09063279e+01 
  3.71630649e+00   6.60408219e+00   1.24800964e+01 
  2.04505893e+00   3.44151600e+00   1.10639418e+01 
  3.50168964e+00   1.77782716e+00   7.94490749e+00 
  2.75789212e+00  -1.89664593e+00   6.96928173e+00 
  3.00567635e+00  -3.38724293e+00   3.51997973e+00 
  1.43723812e+00  -6.10285073e+00   1.31885363e+00 
 -2.27290831e+00  -5.83222702e+00   5.99360042e-01 
 -2.83693661e+00  -6.12414104e+00  -3.17644184e+00 
 -6.46079230e+00  -5.07795078e+00  -3.03800547e+00 
 -7.22947870e+00  -3.15945629e+00  -6.26793909e+00 
 -5.86940548e+00  -5.58168712e-01  -8.60270509e+00 
 -5.25641785e+00  -6.86286248e-01  -1.23090474e+01 
 -1.03314577e+01  -1.68289338e+00  -1.09964583e+01 
 -8.70883880e+00  -4.21757685e+00  -1.33226747e+01 
 -4.53851375e+00   4.61724958e+00  -9.16660794e+00 
 -1.16576941e+00   4.02667994e+00  -7.60432060e+00 
 -4.32095293e-01   7.95589653e-01  -9.31928057e+00 
 -1.63719029e+00  -1.86107264e+00  -6.89513496e+00 
 -2.64990131e+00  -5.11533350e+00  -8.57946362e+00 
 -3.77705973e+00  -8.38336226e+00  -6.88692357e+00 
  1.66329001e+00  -5.44259484e+00  -9.75366354e+00 
  3.49639598e+00  -3.08810754e+00  -7.29072213e+00 
  4.27363358e+00   6.12050405e-01  -7.77529346e+00 
  3.06465536e+00   2.80631091e+00  -4.94019617e+00 
  3.56685825e+00   6.42435376e+00  -3.69952137e+00 
  6.81435019e+00   6.90416545e+00  -5.62817523e+00 
  9.40502954e+00   9.55502838e+00  -4.56781429e+00 
  6.81338073e+00   1.16814996e+01  -2.80542137e+00 
  5.42792341e+00   1.42024264e+01  -5.35870674e+00 

   6.707667275296e+00 

  4.01452130e+00   2.14496482e+00  -1.73091876e+00 
  5.10749607e+00   3.18124602e+00  -1.34288529e+00 
  5.65310526e+00   1.74808755e+00   1.89196892e-02 
  4.16113633e+00   1.33856364e+00   2.71035993e-01 
  3.15119308e+00   1.39325036e+00  -8.14140379e-01 
  6.07537374e+00   3.07571668e+00  -2.96587964e-01 
 -2.57143173e+00  -5.99640192e-01  -1.29184041e+00 
 -3.75014615e+00  -1.33928180e+00  -1.55710593e+00 
 -3.80983862e+00  -2.01225124e+00  -2.73275207e+00 
 -2.62349006e+00  -2.60761712e+00  -3.04928558e+00 
 -1.55754711e+00  -1.77527309e+00  -2.84569192e+00 
 -1.35147440e+00  -7.88951364e-01  -1.88191881e+00 
  2.22120619e+00  -8.87548031e-01  -1.25559748e+00 
  4.18910741e-02  -5.07016729e-01  -1.52225625e+00 
  6.56160367e-01   4.77980134e-01  -8.40998258e-01 
  2.05354871e+00   4.54026099e-01  -9.82024679e-01 
  1.04427242e+00  -1.44899812e+00  -1.53619951e+00 
 -5.92407033e-01   1.81769458e+00   9.40188317e-01 
  4.99411152e-02   1.67395337e+00  -2.71588571e-01 
  1.37277440e+00   3.68893077e+00   1.88744193e-01 
 -4.14407306e-01   3.01773394e+00   1.63496536e+00 
  7.92792180e-01   2.72737679e+00  -5.76600342e-01 
  7.23739856e-01   3.70114903e+00   1.31404681e+00 
  2.66590763e+00   4.30468702e+00   2.19116167e-01 
 -4.92976222e+00  -2.75398645e+00  -2.93934808e+00 
  1.88889864e+00   1.15095352e+01  -7.86341205e+00 
  3.95701189e+00   8.28962575e+00  -8.10794630e+00 
  5.19789852e+00   6.69421119e+00  -4.85775820e+00 
  3.21443392e+00  -2.06600066e+00  -5.22390117e+00 
  2.46921587e+00  -5.90305945e+00  -5.30049108e+00 
  1.89482209e+00  -6.72258920e+00  -9.02941401e+00 
  1.44916867e+00  -3.02062961e+00  -9.91744475e+00 
  2.41282653e+00   6.95421759e-01  -9.69068377e+00 
  1.23677044e+00   3.08910616e+00  -6.94513969e+00 
  3.54442062e-01   6.76801559e+00  -7.09232305e+00 
 -8.22218623e-01   9.11086238e+00  -4.38364505e+00 
 -3.92551711e+00   1.10693360e+01  -5.13469620e+00 
 -6.42191928e+00   1.34718892e+01  -3.66914130e+00 
 -5.49062361e+00   1.14065219e+01   7.18607512e-01 
 -5.44545829e+00   8.05328261e+00  -1.05013285e+00 
 -3.12366690e+00   5.58457311e+00  -2.61601464e+00 
 -4.12703124e+00   4.12634341e+00  -5.95389369e+00 
 -2.53577751e+00   9.65108293e-01  -7.41056963e+00 
 -2.83398347e+00   1.41175861e-02  -1.10862092e+01 
 -2.43282841e+00  -3.71715779e+00  -1.15586703e+01 
 -5.84381088e+00  -1.04344286e+01  -9.60338633e+00 
 -7.89432999e+00  -5.51279344e-01   1.12832401e+01 
 -4.46624015e+00  -2.22887941e+00   1.10462073e+01 
 -5.04252438e+00  -3.98693169e+00   7.68772718e+00 
 -5.05405207e+00  -2.34150751e+00   4.22074272e+00 
 -8.49444046e+00  -2.67331284e+00   2.73902876e+00 
 -1.03009679e+01  -1.25608148e+00  -2.32133159e-01 
 -1.16592111e+01   2.23727224e+00  -4.06640012e-01 
 -1.26335205e+01   1.92603358e+00  -4.06982125e+00 
 -1.19045831e+01  -2.29823297e-01  -7.08677913e+00 
 -7.92627565e+00  -2.90645163e+00  -1.24797261e+01 
 -7.20814469e+00   6.48009603e-02  -1.01438783e+01 
 -7.38697615e+00  -4.30936620e-01  -6.35702399e+00 
 -7.80424365e+00   2.50207921e+00  -3.86098000e+00 
 -6.82723668e+00   2.49808736e+00  -2.24178013e-01 
 -5.60504972e+00   4.84826822e+00   2.54390972e+00 
 -2.31309671e+00   6.63751746e+00   1.98019534e+00 
 -6.99557535e-02   6.11796115e+00   5.03934127e+00 
  3.02994317e+00   7.51541311e+00   3.40107864e+00 
  6.03976532e+00   5.60611574e+00   4.81510846e+00 
  7.25165631e+00   2.17563535e+00   5.72658919e+00 
  8.63235982e+00   8.55051121e-01   8.96372436e+00 
  1.14087216e+01   4.98594220e+00   7.04022334e+00 
  1.03470641e+01   5.27386520e+00   1.06814610e+01 
  8.61661235e+00  -2.67436051e+00   3.85874426e+00 
  5.02023484e+00  -3.78294331e+00   3.81384532e+00 
  4.03930027e+00  -2.26957512e+00   7.07981631e+00 
  2.64179769e+00   1.13625699e+00   6.16666591e+00 
  2.96068800e+00   3.71024161e+00   8.94618745e+00 
  1.63215201e+00   7.32271659e+00   8.96449014e+00 
  1.57888005e-01   1.06796187e+00   1.12379033e+01 
 -1.54463435e+00  -1.09232835e+00   8.51678462e+00 
 -3.94877358e-01  -4.47976175e+00   7.20012168e+00 
 -4.47336317e-02  -4.61139600e+00   3.43525491e+00 
  3.97391140e-01  -7.28338508e+00   6.88119931e-01 
 -8.85629067e-01  -1.01172241e+01   2.88333254e+00 
 -2.32530155e+00  -1.33486268e+01   1.35086033e+00 
 -4.04299644e-01  -1.29151743e+01  -1.88431643e+00 
  2.96979766e+00  -1.47208369e+01  -1.49873767e+00 

   6.707667741263e+00 

 -2.69077902e+00  -2.64636797e+00  -1.71398046e+00 
 -2.96571783e+00  -4.12081012e+00  -2.12567780e+00 
 -3.63685144e+00  -4.29020687e+00  -1.95109129e-01 
 -2.52792866e+00  -3.31782599e+00   3.35939197e-01 
 -2.03663065e+00  -2.18437568e+00  -4.85347287e-01 
 -3.45952079e+00  -5.17785133e+00  -1.30013841e+00 
  1.53885997e+00   2.58591260e+00   7.01470378e-01 
  2.06464765e+00   3.86094161e+00   1.02492602e+00 
  1.40614841e+00   4.94451797e+00   5.44491036e-01 
  5.10654722e-02   4.79999102e+00   6.14644275e-01 
 -3.59273087e-01   3.56612038e+00   1.90776210e-01 
  2.57422956e-01   2.32051312e+00   3.01698583e-01 
 -2.50000811e+00  -1.01221998e-02   6.63466279e-01 
 -6.28526657e-01   1.15233042e+00   3.29453947e-01 
 -4.39504453e-01  -1.74178590e-01   2.01653441e-01 
 -1.63905247e+00  -8.85943128e-01   3.53878618e-02 
 -1.89672148e+00   1.16276477e+00   8.62236024e-01 
  1.80318069e+00  -1.24332208e+00   7.96323333e-01 
  8.09066923e-01  -8.68697237e-01  -8.28450018e-02 
  8.32245463e-01  -3.11556372e+00  -1.06920701e+00 
  2.45452934e+00  -2.45864915e+00   5.65627792e-01 
  5.98474846e-01  -1.77766154e+00  -1.02304533e+00 
  1.74114699e+00  -3.35881882e+00  -1.73429068e-01 
  7.67073465e-02  -4.25318308e+00  -1.50191342e+00 
  1.90242335e+00   6.15535143e+00   9.11272722e-01 
  1.43480445e+00  -3.86193491e+00  -1.22649874e+01 
 -1.85583070e+00  -2.93951607e+00  -1.05255820e+01 
 -2.54574090e+00  -4.43004014e+00  -7.06848684e+00 
 -5.18275311e+00   2.28956344e+00  -1.71099734e+00 
 -6.41094459e+00   5.11650739e+00   6.94016752e-01 
 -7.56432207e+00   7.96672921e+00  -1.64101316e+00 
 -5.74673525e+00   6.42863729e+00  -4.64473052e+00 
 -4.70436435e+00   3.46930816e+00  -6.86845210e+00 
 -1.70373975e+00   1.18942313e+00  -6.19823385e+00 
  7.05158104e-01  -4.84355154e-01  -8.59201091e+00 
  3.67003822e+00  -2.71273086e+00  -7.91808244e+00 
  6.88082995e+00  -1.72698727e+00  -9.57617082e+00 
  1.05400379e+01  -2.56156478e+00  -9.83275812e+00 
  1.02581354e+01  -4.20072351e+00  -5.18311674e+00 
  8.05197251e+00  -1.20992146e+00  -4.43307192e+00 
  4.47090443e+00  -1.80120765e-01  -4.20320430e+00 
  3.49601481e+00   3.09745257e+00  -5.80994967e+00 
  2.20938910e-01   4.91333906e+00  -5.02006676e+00 
 -1.20244280e+00   7.65684185e+00  -7.24509592e+00 
 -3.44831926e+00   9.97433625e+00  -5.27232264e+00 
 -3.18543484e+00   1.50033416e+01   6.62299581e-01 
  1.00768313e+01  -1.18698034e+00   1.06681577e+01 
  6.40591340e+00  -1.99750155e+00   1.13679741e+01 
  4.93374159e+00   1.23008513e+00   9.91274199e+00 
  4.57119026e+00   2.10087844e+00   6.19281993e+00 
  6.73391172e+00   5.08254198e+00   5.43512855e+00 
  7.89420265e+00   6.85655934e+00   2.33569645e+00 
  1.05951933e+01   5.58497989e+00   6.27216496e-02 
  1.00302853e+01   8.31711723e+00  -2.52212052e+00 
  7.41727326e+00   1.08545769e+01  -3.52940885e+00 
  1.11670052e+00   1.31302866e+01  -6.21254073e+00 
  2.70691331e+00   9.62892030e+00  -6.32219574e+00 
  3.87378449e+00   7.98817040e+00  -3.07191582e+00 
  6.42650907e+00   5.07594162e+00  -2.97478286e+00 
  6.83165660e+00   2.55018236e+00  -2.11211631e-01 
  7.86010868e+00  -1.09295116e+00   3.79824474e-01 
  5.82892525e+00  -3.77850575e+00  -1.35746966e+00 
  4.76495913e+00  -6.40245410e+00   1.21991590e+00 
  2.34964912e+00  -8.15583743e+00  -1.09049215e+00 
 -5.41896325e-01  -9.47663717e+00   1.05390782e+00 
 -2.84944595e+00  -8.55819752e+00   3.86449362e+00 
 -3.52810331e+00  -1.02908157e+01   7.13047678e+00 
 -4.48313695e+00  -1.33834252e+01   2.88830761e+00 
 -2.27335514e+00  -1.49197399e+01   5.57631336e+00 
 -6.87321247e+00  -5.35237943e+00   5.41578270e+00 
 -4.47366231e+00  -2.58095163e+00   6.26800398e+00 
 -1.87562904e+00  -4.71358712e+00   7.88702074e+00 
  5.71370474e-01  -5.50934885e+00   5.10036162e+00 
  2.44717471e+00  -8.77722978e+00   5.60552215e+00 
  5.24403982e+00  -1.02433418e+01   3.40476917e+00 
  4.24860270e+00  -6.78315534e+00   9.19268885e+00 
  3.71773858e+00  -3.00616035e+00   8.54277454e+00 
  7.42935320e-01  -8.73400786e-01   9.60675949e+00 
 -8.52778152e-01   1.04252005e+00   6.76121812e+00 
 -3.38579750e+00   3.91588043e+00   6.30365279e+00 
 -2.94820565e+00   5.20679862e+00   9.85861030e+00 
 -3.80563098e+00   8.84798804e+00   1.07911718e+01 
 -6.24226199e+00   9.22777587e+00   7.91660331e+00 
 -9.72320914e+00   8.19026045e+00   9.18155577e+00 

   6.707667917860e+00 

 -3.80107197e+00  -6.46375726e-01   2.70726068e-01 
 -4.61899141e+00  -4.80725346e-01   1.58320617e+00 
 -3.65788799e+00  -2.20940872e+00   2.12564934e+00 
 -2.33890370e+00  -1.77069321e+00   1.40103825e+00 
 -2.37284610e+00  -9.60334257e-01   1.58952897e-01 
 -4.56597679e+00  -1.30182010e+00   2.75182804e+00 
  1.86846549e+00   6.60043611e-01  -3.88249965e+00 
  2.73446808e+00   7.58592135e-01  -4.99926923e+00 
  2.21203270e+00   4.72924322e-01  -6.21748361e+00 
  1.37172886e+00  -6.01652477e-01  -6.18132932e+00 
  5.14272318e-01  -5.50939707e-01  -5.11705737e+00 
  7.00083276e-01  -5.01212765e-02  -3.82911624e+00 
 -1.31807681e+00  -2.21600295e+00  -1.73109071e+00 
 -1.10130445e-01  -6.57060767e-01  -2.76823436e+00 
 -3.90192472e-01  -3.26921270e-01  -1.49377785e+00 
 -1.43728298e+00  -1.08721875e+00  -9.47264727e-01 
 -5.18024182e-01  -1.97080905e+00  -2.76981942e+00 
  1.22425130e+00   1.10185264e+00  -1.23376250e-01 
  3.13264925e-02   8.67419180e-01  -7.73973052e-01 
 -1.19986575e+00   1.68786602e+00   1.18376415e+00 
  1.18690528e+00   1.84396343e+00   1.06081854e+00 
 -1.00573048e+00   1.37425282e+00  -1.24202999e-01 
 -1.83397030e-02   1.83572604e+00   1.70325591e+00 
 -2.26033523e+00   1.47113106e+00   2.12224433e+00 
  3.07761616e+00   5.24730222e-01  -7.26446861e+00 
 -9.25653839e+00   9.32058661e+00  -5.75757264e-01 
 -9.84545735e+00   5.61510540e+00  -1.36776058e+00 
 -8.07354063e+00   3.00571744e+00   8.00288753e-01 
 -4.24126383e+00  -2.94929266e+00  -4.73696415e+00 
 -2.59276608e+00  -5.64185357e+00  -7.04273167e+00 
 -4.39124501e+00  -5.26781562e+00  -1.04386282e+01 
 -5.81135425e+00  -1.84291578e+00  -9.46645574e+00 
 -7.47427983e+00   6.02047277e-01  -7.00758866e+00 
 -5.60270450e+00   2.66026434e+00  -4.37857361e+00 
 -6.22891631e+00   6.16269178e+00  -3.08418761e+00 
 -4.36540721e+00   8.18707698e+00  -5.07450123e-01 
 -3.32744929e+00   1.16302565e+01  -1.55487570e+00 
 -1.38976943e+00   1.46701709e+01  -4.79430056e-01 
  1.48699781e+00   1.16283102e+01   2.13910387e+00 
  1.33147896e+00   9.22276433e+00  -7.87294633e-01 
 -5.31396594e-01   6.24455752e+00  -2.05121650e+00 
 -1.58063694e+00   6.25971431e+00  -5.68074031e+00 
 -2.65494862e+00   3.09939893e+00  -7.55315017e+00 
 -4.56798177e+00   3.20442607e+00  -1.08444896e+01 
 -4.00104340e+00   4.43463307e-02  -1.28442462e+01 
  1.70599114e+00  -3.91679832e+00  -1.63540406e+01 
  1.37702417e+01   1.18457284e+00   2.79177587e+00 
  1.17734980e+01  -2.01725478e+00   3.41134279e+00 
  1.05094157e+01  -2.47657436e+00  -1.79390752e-01 
  7.73356931e+00  -4.60421938e-01  -1.89907380e+00 
  9.23183617e+00   1.44935035e+00  -4.77131541e+00 
  8.08750371e+00   4.17088868e+00  -7.09158145e+00 
  7.82831391e+00   7.78952901e+00  -6.13404337e+00 
  6.19111364e+00   8.78364919e+00  -9.41983392e+00 
  4.37569898e+00   7.21721227e+00  -1.23407458e+01 
 -1.07473623e+00   3.90235219e+00  -1.57141012e+01 
 -9.54362801e-01   5.46779216e+00  -1.22019375e+01 
  1.80712855e+00   4.42817122e+00  -9.77060834e+00 
  2.82598715e+00   6.55573353e+00  -6.69778599e+00 
  4.54141273e+00   5.30914548e+00  -3.58582618e+00 
  4.79044981e+00   6.00902326e+00   1.72848153e-01 
  1.60158160e+00   5.76195348e+00   2.20414585e+00 
  2.22571350e+00   3.51255796e+00   5.23905938e+00 
 -1.41504747e+00   3.26144585e+00   6.20228850e+00 
 -1.96882886e+00  -2.19122660e-01   7.71322840e+00 
 -1.14466260e+00  -3.84931710e+00   7.25489893e+00 
  4.37457195e-01  -6.30975465e+00   9.61546777e+00 
 -4.01256579e+00  -4.10699771e+00   1.15692590e+01 
 -9.81133018e-01  -3.99627738e+00   1.38642428e+01 
 -1.81112056e+00  -8.17727987e+00   4.14061201e+00 
  9.77499819e-01  -7.09164289e+00   1.85808984e+00 
  3.32840688e+00  -5.95700628e+00   4.52363803e+00 
  2.63854567e+00  -2.24443706e+00   4.88072610e+00 
  3.44762963e+00  -8.68320356e-01   8.33100802e+00 
  3.25770497e+00   2.79333508e+00   9.50207477e+00 
  7.69747777e+00  -1.91869123e+00   7.36925022e+00 
  7.75124211e+00  -2.20931291e+00   3.51145073e+00 
  7.14259323e+00  -5.33776218e+00   1.42041596e+00 
  4.47149262e+00  -4.90629978e+00  -1.22405873e+00 
  3.19007385e+00  -6.78671878e+00  -4.33913581e+00 
  6.38963297e+00  -8.80978301e+00  -4.74677006e+00 
  7.37357864e+00  -1.03457490e+01  -8.14319716e+00 
  3.79421243e+00  -1.04216661e+01  -9.37888540e+00 
  2.28268995e+00  -1.38186510e+01  -8.39418840e+00 

   6.707667275104e+00 

 -1.77901400e+00   2.62859624e+00  -3.39389327e+00 
 -1.99188587e+00   4.16916448e+00  -3.41297970e+00 
 -3.53839625e+00   3.73729137e+00  -2.13702159e+00 
 -2.72464006e+00   2.58782856e+00  -1.44870794e+00 
 -1.76143959e+00   1.75840114e+00  -2.21348947e+00 
 -2.95025702e+00   4.92513223e+00  -2.66953338e+00 
  1.31691523e+00  -3.32089031e+00  -9.20316116e-01 
  1.76540538e+00  -4.65784350e+00  -7.85265782e-01 
  1.56308296e+00  -5.49002316e+00  -1.83652231e+00 
  3.41613085e-01  -5.30458738e+00  -2.41596706e+00 
  4.69835505e-02  -3.98001780e+00  -2.58683101e+00 
  3.74837878e-01  -2.87258934e+00  -1.80565141e+00 
 -2.46293053e+00  -6.43384284e-01  -2.18445797e+00 
 -5.44055900e-01  -1.73164472e+00  -1.87020666e+00 
 -4.77990622e-01  -4.47624452e-01  -1.47197493e+00 
 -1.51738927e+00   3.42096858e-01  -1.99074467e+00 
 -1.89873429e+00  -1.84746452e+00  -2.07937773e+00 
  1.03693619e+00   2.49675826e-01   4.63129239e-01 
  6.55501069e-01   2.34416326e-01  -8.61860807e-01 
  8.89079080e-01   2.67524958e+00  -9.59230050e-01 
  1.56596308e+00   1.43762636e+00   9.76301520e-01 
  8.25772559e-01   1.40931438e+00  -1.44936865e+00 
  1.20439298e+00   2.56555983e+00   2.96267205e-01 
  3.12175761e-01   3.93006826e+00  -1.33990992e+00 
  1.95580177e+00  -6.77952108e+00  -1.66035226e+00 
  6.81034038e+00   6.98689108e+00  -9.48054073e+00 
  3.22813800e+00   5.72487740e+00  -1.00095468e+01 
  7.57623159e-01   6.04527863e+00  -7.10388119e+00 
 -3.33702836e+00  -1.90109235e+00  -6.15589515e+00 
 -5.23632760e+00  -5.28692199e+00  -5.69455728e+00 
 -4.74326565e+00  -7.15824665e+00  -9.03544446e+00 
 -1.88643477e+00  -4.82600859e+00  -1.00799141e+01 
 -2.52410241e-01  -1.36420268e+00  -1.04473948e+01 
  1.73413671e+00   4.11767810e-01  -7.69960343e+00 
  4.78581835e+00   2.64258802e+00  -7.91230056e+00 
  6.74591177e+00   4.37062747e+00  -5.19525768e+00 
  1.04490609e+01   3.80872031e+00  -5.22539179e+00 
  1.36326505e+01   4.48631261e+00  -3.33917280e+00 
  1.09113730e+01   4.53782396e+00   7.81191899e-01 
  8.99951985e+00   1.58687332e+00  -6.37038708e-01 
  5.91996084e+00   7.29483812e-01  -2.56541419e+00 
  6.26130236e+00  -1.79144248e+00  -5.35880195e+00 
  3.26581638e+00  -3.58932065e+00  -6.92158374e+00 
  3.45900077e+00  -5.38128937e+00  -1.02764587e+01 
  8.32046458e-01  -8.09173412e+00  -1.05196459e+01 
 -1.24637200e+00  -1.47829396e+01  -7.13031741e+00 
  3.34308374e+00  -3.44991876e+00   1.25834274e+01 
 -2.66148686e-01  -2.71769196e+00   1.15539627e+01 
 -4.34379380e-01  -5.21431578e+00   8.64865465e+00 
  1.18206991e+00  -4.80835525e+00   5.19180554e+00 
  3.77933125e+00  -7.49205072e+00   4.75154616e+00 
  6.51462442e+00  -8.22124937e+00   2.28449485e+00 
  9.80757109e+00  -6.42493026e+00   2.19295269e+00 
  1.09168224e+01  -8.13466223e+00  -1.01819687e+00 
  9.46116009e+00  -1.00648339e+01  -3.92278873e+00 
  5.61327417e+00  -1.10078601e+01  -9.95433358e+00 
  6.61794724e+00  -7.75036722e+00  -8.17116019e+00 
  5.83329447e+00  -7.31926622e+00  -4.45410692e+00 
  7.63821166e+00  -4.73624438e+00  -2.20085482e+00 
  6.32822157e+00  -3.27100420e+00   1.01130138e+00 
  6.48736161e+00  -7.76356835e-02   3.12235226e+00 
  5.26301646e+00   3.13036607e+00   1.52052427e+00 
  2.76460112e+00   4.82667638e+00   3.87433825e+00 
  1.60205684e+00   7.36108618e+00   1.33046329e+00 
 -2.10444104e+00   8.06446585e+00   2.01683554e+00 
 -5.36401851e+00   6.40603257e+00   2.84892840e+00 
 -7.76027572e+00   7.01656615e+00   5.67988708e+00 
 -6.87622239e+00   1.13659706e+01   2.71792159e+00 
 -6.47237404e+00   1.18259613e+01   6.47213161e+00 
 -9.21178531e+00   3.08797680e+00   1.09980636e+00 
 -7.22501562e+00   6.70654300e-02   2.14466142e+00 
 -6.03361908e+00   1.41693870e+00   5.41233813e+00 
 -2.65062575e+00   2.94436771e+00   4.63201048e+00 
 -1.67288347e+00   5.76647142e+00   6.98413985e+00 
  1.64396671e+00   7.71791679e+00   7.05874731e+00 
 -1.63737986e+00   2.62234070e+00   1.01782977e+01 
 -1.32205591e+00  -7.04678299e-01   8.22855968e+00 
 -4.15464470e+00  -2.90670413e+00   6.94107235e+00 
 -3.90553965e+00  -3.70643079e+00   3.25154938e+00 
 -5.52132432e+00  -6.13668561e+00   7.28687960e-01 
 -6.73205652e+00  -8.53404395e+00   3.42737370e+00 
 -7.49096928e+00  -1.22298415e+01   2.63478987e+00 
 -8.13822508e+00  -1.15252372e+01  -1.02978856e+00 
 -1.18879816e+01  -1.07722570e+01  -1.43742314e+00 

   6.707667264053e+00 

