 -9.54105776e-01   5.55371662e-01   8.70144824e-01 
  2.81949840e-01   1.03911951e+00   1.03878297e+00 
  1.13223997e+00   7.64058806e-01  -9.66376241e-03 
  1.23183500e+00  -5.11690547e-01  -2.34713923e-01 
  1.11570573e-01  -1.23924876e+00   8.27422024e-02 
 -1.02326696e+00  -7.81904877e-01   6.66099286e-01 
  1.99448316e+00   1.74072388e+00  -2.77916409e-01 
  8.27441804e-01   2.06000364e+00   1.57725658e+00 
  2.02110118e+00   2.06937129e+00   1.05916104e+00 
  4.90739367e-01  -2.33716619e+00   8.73185487e-01 
  5.89068263e-01  -2.04529684e+00   2.39815203e+00 
 -6.23959830e-01  -2.17963474e+00   3.18010179e+00 
 -9.70871097e-01  -3.44333060e+00   3.56987754e+00 
 -1.82816014e+00  -3.71375633e+00   4.59823713e+00 
 -1.90312197e+00  -2.82679251e+00   5.62782276e+00 
 -1.54706206e+00  -1.50694981e+00   5.33319848e+00 
 -7.73987152e-01  -1.26534175e+00   4.21906161e+00 
  3.18957595e+00   1.44342683e+00  -1.11175600e+00 
  3.23449440e+00   1.18701985e+00  -2.48578774e+00 
  4.34441051e+00   1.57142953e+00  -3.24549826e+00 
  5.13392343e+00   2.50732599e+00  -2.67241247e+00 
  5.21527011e+00   2.40271877e+00  -1.27990093e+00 
  4.33372314e+00   1.73243476e+00  -4.29769124e-01 
  5.01997671e+00   8.53138496e-01  -4.32516805e+00 
  4.14316321e+00  -5.22818673e-02  -4.89275059e+00 
  5.88019689e+00   1.38581847e+00  -5.03014547e+00 
  4.38234814e+00   2.51026831e+00   8.73053722e-01 
 -3.34309727e-01  -4.47293223e+00   3.00929381e+00 
 -2.99738480e+00  -2.92827062e+00   6.44814380e+00 
  1.77544891e+01  -4.34220986e+00   4.48864397e+00 
  1.14007746e+01  -5.92590959e+00  -3.35794892e+00 
  1.14953641e+01  -3.28639392e+00  -5.90671122e-01 
  9.50036351e+00  -1.51193333e-01  -1.11641765e+00 
  4.52804326e+00   1.24565016e+00   6.39130480e+00 
  2.77927250e+00   2.22438160e+00   9.69558238e+00 
  6.40322283e+00  -1.93034215e+00   9.86753165e+00 
  8.39230223e+00  -2.41793725e+00   6.63422357e+00 
  6.86504013e+00  -2.97824093e+00   3.18799495e+00 
  7.94875153e+00  -4.99662348e+00   2.22061994e-01 
  6.36979906e+00  -5.39637892e+00  -3.15376539e+00 
  5.87579514e+00  -8.95312754e+00  -4.35214853e+00 
  4.34725893e+00  -1.10470990e+01  -7.08495787e+00 
  1.11250195e+00  -7.33061939e+00  -7.72473810e+00 
  9.17064853e-01  -7.06812048e+00  -3.98878280e+00 
  2.35167597e+00  -5.26590669e+00  -1.12657960e+00 
  3.45027564e+00  -7.20913335e+00   1.96415099e+00 
  3.97198184e+00  -5.34991084e+00   5.36286566e+00 
  5.89218381e+00  -6.99667599e+00   8.19077969e+00 
  4.93076908e+00  -5.56203560e+00   1.15543495e+01 
 -1.25785890e+01   3.82115890e-02  -3.44735656e+00 
 -1.10801408e+01   3.25956201e+00  -2.02854319e+00 
 -9.90253230e+00   1.80326293e+00   1.32503357e+00 
 -6.89258906e+00  -4.95531672e-01   1.86321998e+00 
 -8.01778105e+00  -3.86064695e+00   3.04833659e+00 
 -6.62513036e+00  -7.36782885e+00   3.49945510e+00 
 -5.78152735e+00  -9.76950435e+00   7.24773895e-01 
 -3.96271326e+00  -1.21596891e+01   3.09217162e+00 
 -2.38220633e+00  -1.22241935e+01   6.54590804e+00 
  2.58004022e+00  -1.06967438e+01   1.16001617e+01 
  2.64822781e+00  -1.00422935e+01   7.80719695e+00 
 -2.41770920e-01  -8.18466988e+00   6.10863231e+00 
 -9.59195258e-01  -8.44738709e+00   2.27767111e+00 
 -2.90380815e+00  -5.89610449e+00   2.47551662e-01 
 -2.90078503e+00  -4.21742395e+00  -3.15796592e+00 
  1.36434598e-01  -2.59444094e+00  -4.53343375e+00 
 -7.38531492e-01   9.01889078e-01  -5.58475096e+00 
  2.57105195e+00   2.19047539e+00  -6.25983555e+00 
  2.75999671e+00   5.85615487e+00  -5.41983510e+00 
  1.39713640e+00   8.50592314e+00  -3.13955604e+00 
  4.16546801e+00   1.14544965e+01  -6.40144724e+00 
  1.39961428e+00   1.04584656e+01   1.87265328e+00 
 -1.27787073e+00   8.04710938e+00   2.97075416e+00 
 -3.38641170e+00   8.22512274e+00  -1.16496926e-01 
 -2.08789007e+00   5.39478018e+00  -2.35139480e+00 
 -2.64427142e+00   5.98641891e+00  -6.00810059e+00 
 -1.94996028e+00   3.64812949e+00  -8.96244488e+00 
 -1.10480000e+00   4.65569885e+00  -1.25116138e+01 
 -5.21611746e+00   7.38985327e+00  -1.08306591e+01 
 -7.34336637e+00   4.96026993e+00  -8.73728608e+00 
 -7.01251080e+00   5.82284945e+00  -5.03647635e+00 
 -7.14949573e+00   3.96383954e+00  -1.66419414e+00 
 -6.95468734e+00   5.43380052e+00   1.84862443e+00 
 -4.19525096e+00   3.95143287e+00   4.00363616e+00 
 -3.19835969e+00   3.90134467e+00   7.70634271e+00 
 -6.62575684e+00   5.00067432e+00   8.93271498e+00 
 -4.16065794e+00   4.16687990e+00   1.38478568e+01 

   1.034370500603e+01 

  4.46294957e-01  -1.47405559e-01   9.35175861e-01 
  6.15347864e-01  -1.46171768e+00   7.50009392e-01 
 -4.63659590e-01  -2.22040893e+00   1.14752919e+00 
 -1.55658582e+00  -1.87037517e+00   5.38358773e-01 
 -1.61406133e+00  -5.46520618e-01   1.78907649e-01 
 -6.37869502e-01   3.83170742e-01   3.20517707e-01 
 -1.33291820e-01  -3.39002940e+00   1.68802973e+00 
  1.57542876e+00  -2.30205620e+00   7.92383138e-01 
  9.65607119e-01  -3.44960072e+00   8.60163549e-01 
 -1.98531187e+00  -4.57691175e-01  -1.17322971e+00 
 -8.08033464e-01  -5.59262107e-01  -2.18519835e+00 
 -1.12979928e-01   6.67430235e-01  -2.52145189e+00 
 -6.93445941e-01   1.46723748e+00  -3.46620981e+00 
 -2.07045865e-02   2.42651765e+00  -4.16820763e+00 
  1.30679456e+00   2.24259647e+00  -4.40545976e+00 
  1.98747452e+00   1.42001317e+00  -3.50235749e+00 
  1.25803421e+00   5.44250173e-01  -2.72887918e+00 
 -1.17024365e+00  -4.44868948e+00   1.81409171e+00 
 -2.25761788e+00  -4.48391781e+00   2.69278764e+00 
 -2.73296388e+00  -5.70269328e+00   3.18823594e+00 
 -1.86932356e+00  -6.73780411e+00   3.08661145e+00 
 -1.06096986e+00  -6.68981103e+00   1.94603766e+00 
 -7.87597382e-01  -5.57583408e+00   1.15014357e+00 
 -4.11202700e+00  -6.14184714e+00   3.39647390e+00 
 -4.92952133e+00  -5.03597567e+00   3.53607237e+00 
 -4.38585635e+00  -7.17769095e+00   4.00701656e+00 
  6.09089189e-01  -5.81885440e+00   6.07055832e-01 
 -1.95201811e+00   1.20808191e+00  -3.82450385e+00 
  2.02261531e+00   3.34923764e+00  -4.78437727e+00 
 -5.14950979e+00  -1.55994326e+01  -9.88209073e+00 
 -9.89194799e+00  -9.59943009e+00  -3.10300322e+00 
 -6.20849949e+00  -1.04610330e+01  -3.67192020e+00 
 -3.81095071e+00  -9.75748942e+00  -8.71438809e-01 
  3.23852851e+00  -5.15970740e+00  -4.36519200e+00 
  6.50126890e+00  -3.67604001e+00  -5.81005120e+00 
  2.75331469e+00  -5.55410674e+00  -9.39474520e+00 
 -1.64333148e-01  -7.43309995e+00  -7.78068809e+00 
 -2.44622524e+00  -6.02326702e+00  -5.07360602e+00 
 -6.08582305e+00  -6.49413274e+00  -4.31421528e+00 
 -8.19367923e+00  -5.08925876e+00  -1.55153802e+00 
 -1.14296573e+01  -3.42988299e+00  -2.60298477e+00 
 -1.43587789e+01  -1.42553222e+00  -1.34115287e+00 
 -1.13229949e+01   2.17840158e-01   2.23215638e+00 
 -8.66386134e+00   5.37547573e-01  -3.92965441e-01 
 -5.83994882e+00  -1.26681707e+00  -1.89898064e+00 
 -5.50024112e+00  -1.40298170e+00  -5.69393918e+00 
 -2.07250088e+00  -2.34399024e+00  -7.32036161e+00 
 -1.88175342e+00  -3.36803574e+00  -1.09687942e+01 
  1.56442674e+00  -2.77745938e+00  -1.24079563e+01 
  3.80512579e-03   1.06000277e+01   7.12659793e+00 
  2.90386046e+00   8.13860903e+00   7.53471381e+00 
  3.74798228e+00   7.77079834e+00   3.80560956e+00 
  1.72543661e+00   5.82299323e+00   1.20768132e+00 
  3.22500846e-01   8.14956799e+00  -1.36396935e+00 
 -2.25115844e+00   8.13575765e+00  -4.16028581e+00 
 -5.98774698e+00   8.03767828e+00  -3.70546906e+00 
 -6.61003946e+00   7.34570939e+00  -7.41485801e+00 
 -4.78810901e+00   6.11043647e+00  -1.05108423e+01 
 -1.57046535e+00   1.25382176e+00  -1.48192712e+01 
 -3.57286680e+00   7.20843823e-01  -1.15749139e+01 
 -2.65052325e+00   2.64291623e+00  -8.39012447e+00 
 -5.15687093e+00   3.16786849e+00  -5.44010769e+00 
 -4.16962540e+00   3.94027137e+00  -1.85671242e+00 
 -5.16394396e+00   3.12530474e+00   1.71577491e+00 
 -5.59504912e+00  -3.70669404e-01   2.87465767e+00 
 -3.54021375e+00  -8.72481415e-01   5.97643273e+00 
 -3.82314576e+00  -4.45906009e+00   6.33133891e+00 
 -6.69054224e-01  -5.89544464e+00   7.80342106e+00 
  3.04850779e+00  -5.43307458e+00   8.01384559e+00 
  2.41668256e+00  -9.27008582e+00   1.14599737e+01 
  7.71237303e+00  -5.82372864e+00   5.36234658e+00 
  7.30830001e+00  -2.39783100e+00   3.84928709e+00 
  5.93035225e+00  -6.88539620e-01   6.88051188e+00 
  2.12662553e+00  -1.02350251e+00   6.54700639e+00 
  3.13929837e-01  -9.43671891e-01   9.82402589e+00 
 -3.45821038e+00  -9.36495522e-01   1.04938872e+01 
 -5.22947669e+00  -2.30465404e+00   1.35462373e+01 
 -1.19354567e+00   6.50945325e-01   1.50226640e+01 
 -1.09460218e+00   3.63243977e+00   1.25913732e+01 
  1.85244678e+00   3.24479422e+00   1.02009475e+01 
  2.72615269e+00   4.24706189e+00   6.58444815e+00 
  6.02294387e+00   3.75705017e+00   4.73250510e+00 
  5.69899476e+00   1.85055872e+00   1.45892550e+00 
  7.83002709e+00   1.16928511e+00  -1.65570436e+00 
  1.02268717e+01   4.04485263e+00  -9.88011987e-01 
  1.22318624e+01   2.35148303e+00  -5.89138252e+00 

   1.034370499202e+01 

 -1.76871013e+00   1.88248933e+00   1.09097871e+00 
 -4.66089299e-01   1.72190761e+00   1.35112776e+00 
  2.82712468e-01   1.38732516e+00   2.44221847e-01 
 -1.46193864e-01   3.00537052e-01  -3.24130486e-01 
 -1.49353602e+00   7.48547696e-02  -1.86923488e-01 
 -2.37768735e+00   8.10132791e-01   5.30697473e-01 
  1.49833939e+00   1.92708578e+00   2.29654959e-01 
  4.06644028e-01   2.22849490e+00   2.13306159e+00 
  1.53514573e+00   1.85394088e+00   1.60435176e+00 
 -1.69114862e+00  -1.24177198e+00   2.61898584e-01 
 -1.62301777e+00  -1.42634796e+00   1.80516934e+00 
 -2.84676919e+00  -1.21945588e+00   2.55389679e+00 
 -3.73093656e+00  -2.26155711e+00   2.59247805e+00 
 -4.71501717e+00  -2.38978154e+00   3.53095414e+00 
 -4.50433585e+00  -1.85738023e+00   4.76566949e+00 
 -3.59696928e+00  -7.95492860e-01   4.83381191e+00 
 -2.69307734e+00  -6.33306700e-01   3.80716943e+00 
  2.52817904e+00   1.36866454e+00  -6.86579235e-01 
  2.58989568e+00   1.48283150e+00  -2.07902942e+00 
  3.82445075e+00   1.53089717e+00  -2.73505988e+00 
  4.87785181e+00   1.84951123e+00  -1.94988543e+00 
  4.77540752e+00   1.36415648e+00  -6.41999255e-01 
  3.61710086e+00   9.47016852e-01   1.63811911e-02 
  4.23119604e+00   8.97118944e-01  -3.98842804e+00 
  3.11151519e+00   6.41168703e-01  -4.75754204e+00 
  5.29833516e+00   1.16714152e+00  -4.54432079e+00 
  3.86706937e+00   1.26119788e+00   1.48046421e+00 
 -3.54016546e+00  -3.28147491e+00   1.75407593e+00 
 -5.61070430e+00  -1.68347964e+00   5.55706750e+00 
  1.26755000e+01  -1.13778415e+01   2.70942752e+00 
  7.02085476e+00  -7.96893375e+00  -5.09130277e+00 
  7.96179784e+00  -6.44512058e+00  -1.71099805e+00 
  7.54050229e+00  -2.73811326e+00  -1.30289617e+00 
  2.94206556e+00  -1.32005498e+00   6.43561494e+00 
  1.46839107e+00  -5.71835014e-01   9.92886518e+00 
  2.95953134e+00  -5.77284889e+00   8.85631473e+00 
  4.85086850e+00  -6.21918502e+00   5.55903715e+00 
  3.56295306e+00  -5.15179006e+00   2.13488203e+00 
  3.96542100e+00  -6.59766162e+00  -1.29914583e+00 
  2.69221443e+00  -5.38741876e+00  -4.61024800e+00 
  8.55058602e-01  -7.93600714e+00  -6.72216089e+00 
 -1.15039912e+00  -8.37705080e+00  -9.88017478e+00 
 -2.43208356e+00  -3.60207657e+00  -9.38816465e+00 
 -2.84990701e+00  -4.25613858e+00  -5.71908400e+00 
 -1.06475947e+00  -4.05988441e+00  -2.51392324e+00 
 -1.18900435e+00  -7.01226688e+00  -1.04851281e-01 
 -2.53032030e-01  -6.51038607e+00   3.65709585e+00 
  5.13360201e-01  -9.49431844e+00   5.87180476e+00 
 -6.34837052e-02  -8.70831754e+00   9.52497186e+00 
 -1.20547859e+01   7.58139724e+00  -2.87849152e+00 
 -9.47525933e+00   9.34871123e+00  -6.74396344e-01 
 -9.34707946e+00   6.71479813e+00   2.11847143e+00 
 -7.65842500e+00   3.28782580e+00   1.92304461e+00 
 -1.02083289e+01   5.61972695e-01   2.17267757e+00 
 -1.04801917e+01  -3.18639002e+00   1.60775675e+00 
 -1.04743379e+01  -4.90882626e+00  -1.74063720e+00 
 -1.00704323e+01  -8.37198658e+00  -1.69321168e-01 
 -8.99965171e+00  -1.00040256e+01   3.08955831e+00 
 -4.35900148e+00  -1.21379018e+01   8.22895776e+00 
 -3.66244547e+00  -1.06220680e+01   4.75957356e+00 
 -5.32013020e+00  -7.32820954e+00   3.71530775e+00 
 -5.71604093e+00  -6.25478868e+00  -1.97840599e-02 
 -6.19698508e+00  -2.68519083e+00  -1.21924672e+00 
 -5.16227075e+00  -3.56647814e-01  -4.03397504e+00 
 -1.60869728e+00   8.63473989e-02  -4.99657309e+00 
 -8.18274266e-01   3.75644051e+00  -5.02604658e+00 
  2.77308581e+00   3.61175689e+00  -5.41440035e+00 
  4.41528730e+00   6.47904729e+00  -3.60874154e+00 
  4.09321641e+00   8.76820143e+00  -6.53339113e-01 
  8.14357865e+00   1.09599275e+01  -3.05926324e+00 
  4.44843147e+00   9.15844586e+00   4.69982363e+00 
  9.11573697e-01   7.95054441e+00   5.16996197e+00 
 -6.21578191e-01   9.81438970e+00   2.30915192e+00 
 -4.38184445e-01   7.38538789e+00  -6.50249634e-01 
 -3.43872043e-01   9.08200948e+00  -3.98846684e+00 
 -4.28780823e-01   7.52536380e+00  -7.48810657e+00 
  1.09432352e+00   8.94700476e+00  -1.06480374e+01 
 -1.61210217e+00   1.26531515e+01  -8.16934922e+00 
 -4.75482191e+00   1.09342322e+01  -6.76261635e+00 
 -4.44110778e+00   1.05798263e+01  -2.97771414e+00 
 -5.66968838e+00   8.16206622e+00  -2.40559904e-01 
 -5.20379498e+00   8.43971252e+00   3.53362708e+00 
 -3.54806160e+00   5.40851624e+00   5.12307471e+00 
 -3.02058981e+00   3.97713499e+00   8.64149775e+00 
 -5.75963914e+00   6.09278570e+00   1.02166786e+01 
 -4.35531053e+00   3.03591902e+00   1.46454402e+01 

   1.034370487481e+01 

  8.37164668e-01   1.35138286e+00  -1.32401405e+00 
  1.13979824e+00   1.97420558e+00  -1.79116813e-01 
  1.69287400e+00   1.14586336e+00   7.72643992e-01 
  9.15894909e-01   1.44418153e-01   1.05815149e+00 
  1.10596807e-01  -2.69166803e-01   2.58940835e-02 
 -7.70061840e-03   3.00103850e-01  -1.19854919e+00 
  2.63422918e+00   1.72471632e+00   1.51296629e+00 
  1.55001627e+00   3.12699152e+00   1.84923330e-01 
  1.96897173e+00   2.92522849e+00   1.40028382e+00 
 -1.21108121e+00  -3.69627283e-01   4.91798367e-01 
 -2.02716178e+00   9.53955051e-01   4.41588457e-01 
 -2.71773213e+00   1.26245054e+00  -7.94886974e-01 
 -3.92575530e+00   6.54633716e-01  -9.95980151e-01 
 -4.86523997e+00   1.10334486e+00  -1.88007556e+00 
 -4.91787866e+00   2.43705075e+00  -2.14621183e+00 
 -3.73282424e+00   3.15319155e+00  -1.95036641e+00 
 -2.76051385e+00   2.61050684e+00  -1.13954771e+00 
  3.04284060e+00   1.08773651e+00   2.79328432e+00 
  3.78973087e+00  -8.13607746e-02   2.96961181e+00 
  4.64321127e+00  -2.21501019e-01   4.06905600e+00 
  4.98003487e+00   9.34786345e-01   4.68323029e+00 
  3.96247983e+00   1.89458349e+00   4.67881047e+00 
  2.84974252e+00   1.94275241e+00   3.83701123e+00 
  4.88386476e+00  -1.39337917e+00   4.90977245e+00 
  4.56121475e+00  -2.53779618e+00   4.20482933e+00 
  5.79618841e+00  -1.43029582e+00   5.73864087e+00 
  2.53797028e+00   3.42106631e+00   3.68827359e+00 
 -4.26745687e+00  -3.51065239e-01  -1.88915013e-01 
 -5.60439205e+00   2.81250464e+00  -3.27243116e+00 
 -4.25904211e+00   3.40478345e+00   1.75678782e+01 
 -4.16293284e-01  -4.29664181e+00   1.20571481e+01 
 -3.55515053e-01  -4.99098731e-01   1.16002140e+01 
  2.19738806e+00   9.23020986e-01   9.24518075e+00 
 -2.12621082e+00   6.63212166e+00   3.61013910e+00 
 -3.74014871e+00   9.45050478e+00   1.51579272e+00 
 -6.71742053e+00   7.32251446e+00   5.64275529e+00 
 -4.77960828e+00   4.91806670e+00   7.90372457e+00 
 -2.92875171e+00   1.80652485e+00   6.71393475e+00 
 -2.33989457e+00  -1.55329311e+00   8.26632860e+00 
 -4.21799932e-01  -4.51364593e+00   6.99891839e+00 
 -2.23961676e+00  -7.83339317e+00   7.07269625e+00 
 -1.99672255e+00  -1.14468480e+01   6.03667898e+00 
  9.96657729e-01  -9.89758214e+00   2.38638568e+00 
 -1.35631933e+00  -7.01933095e+00   1.89279499e+00 
 -1.90555993e+00  -3.51937949e+00   2.86591601e+00 
 -5.37124247e+00  -2.39936939e+00   3.99298745e+00 
 -6.28907527e+00   1.40024922e+00   4.01804260e+00 
 -9.31754403e+00   2.64344377e+00   5.93610205e+00 
 -1.05977746e+01   5.92196436e+00   4.55464476e+00 
  2.79927546e+00  -3.81247264e+00  -1.24380409e+01 
  4.27264382e+00  -4.11698415e-01  -1.14896743e+01 
  9.89361310e-01   1.23663407e+00  -1.03684687e+01 
 -9.07711448e-01   5.26819506e-01  -7.12329738e+00 
 -4.23466397e+00  -1.01295747e+00  -7.86830202e+00 
 -7.03999772e+00  -2.82396874e+00  -6.05346027e+00 
 -6.87394391e+00  -6.33405080e+00  -4.70056834e+00 
 -1.01397320e+01  -5.93801152e+00  -2.75033214e+00 
 -1.24507893e+01  -3.23023467e+00  -1.42465558e+00 
 -1.45102378e+01   2.19338081e+00   2.91648910e+00 
 -1.14531602e+01  -1.32960938e-01   3.16538162e+00 
 -9.08576876e+00  -5.48599640e-01   1.80304603e-01 
 -6.71473178e+00  -3.62701235e+00  -2.21621501e-01 
 -3.56617468e+00  -3.68700306e+00  -2.34174713e+00 
 -2.48759654e-02  -5.05607130e+00  -2.32212810e+00 
  2.25166590e+00  -4.54431554e+00   5.59911198e-01 
  5.48260590e+00  -3.10526032e+00  -6.99176642e-01 
  7.05261748e+00  -2.26566077e+00   2.44719751e+00 
  9.17800798e+00   8.21146836e-01   2.08272614e+00 
  9.50294871e+00   4.06106855e+00   2.18415643e-01 
  1.40173631e+01   4.03977665e+00   2.79082526e+00 
  7.53218223e+00   9.02818584e+00  -3.96801491e-01 
  4.88445424e+00   7.83912202e+00  -2.79785398e+00 
  7.00320853e+00   5.39946369e+00  -4.68669020e+00 
  6.51190076e+00   2.06303617e+00  -2.86497824e+00 
  9.39883510e+00  -2.94935254e-01  -3.23467294e+00 
  9.72569569e+00  -3.91541695e+00  -2.02509001e+00 
  1.29154261e+01  -5.71681046e+00  -1.07288485e+00 
  1.35696602e+01  -3.25181099e+00  -5.62259865e+00 
  1.02610166e+01  -3.64677142e+00  -7.54799651e+00 
  8.39824436e+00  -3.18567401e-01  -7.59936992e+00 
  4.74058360e+00   8.86729567e-01  -7.72485750e+00 
  3.44353305e+00   4.46329161e+00  -7.97881184e+00 
  1.03471165e+00   5.44429886e+00  -5.20551353e+00 
 -1.46431949e+00   8.26022293e+00  -4.47630193e+00 
 -1.66478033e+00   9.39998465e+00  -8.09850072e+00 
 -5.48646471e+00   1.27893350e+01  -5.89905107e+00 

   1.034370500891e+01 

  8.48332487e-01  -1.35129038e+00   8.35341852e-01 
  8.67915829e-01  -2.31766779e+00  -8.98672579e-02 
 -1.27945443e-01  -2.20037931e+00  -1.03453687e+00 
 -8.22952625e-02  -1.05798323e+00  -1.65173085e+00 
  4.20347363e-01  -2.18720322e-02  -9.04132239e-01 
  9.33406084e-01  -9.00946013e-02   3.48642229e-01 
 -6.26031363e-01  -3.36400786e+00  -1.44339637e+00 
  1.15962365e+00  -3.55915080e+00  -1.47656859e-01 
  6.09903354e-01  -3.94389466e+00  -1.26260820e+00 
  1.41079470e+00   6.38989533e-01  -1.64997361e+00 
  2.83555643e+00   2.40110152e-02  -1.53933929e+00 
  3.67002417e+00   4.73340055e-01  -4.42646166e-01 
  4.32944562e+00   1.65870557e+00  -6.13696703e-01 
  5.42091497e+00   2.03420725e+00   1.16590615e-01 
  6.24226185e+00   1.06177609e+00   5.98367982e-01 
  5.66373184e+00  -1.97047141e-01   7.88704768e-01 
  4.49738231e+00  -4.94982564e-01   1.19256282e-01 
 -1.41959387e+00  -3.41096004e+00  -2.70037149e+00 
 -2.70934812e+00  -2.91675076e+00  -2.91940371e+00 
 -3.57128376e+00  -3.55163292e+00  -3.81988124e+00 
 -3.23634889e+00  -4.82343612e+00  -4.13296175e+00 
 -1.85681090e+00  -5.05109568e+00  -4.17373852e+00 
 -8.54217398e-01  -4.27279619e+00  -3.59216863e+00 
 -4.49806906e+00  -2.96236965e+00  -4.78520415e+00 
 -4.83101368e+00  -1.68350537e+00  -4.37976369e+00 
 -5.32907985e+00  -3.63949620e+00  -5.39482608e+00 
  2.52746423e-01  -5.25456844e+00  -3.25236564e+00 
  3.97682306e+00   2.43374848e+00  -1.64059213e+00 
  7.10322400e+00   1.42575959e+00   1.60179411e+00 
  4.76359584e+00  -5.31559870e+00  -1.80338374e+01 
 -2.34611699e+00   2.90570925e-01  -1.32936054e+01 
 -2.02735850e-01  -2.67059120e+00  -1.21661010e+01 
 -1.30792445e+00  -4.54606411e+00  -9.10880338e+00 
  5.90509382e+00  -5.32800016e+00  -3.59499452e+00 
  8.98758709e+00  -6.17436092e+00  -1.42330105e+00 
  9.90536127e+00  -3.97759192e+00  -6.39887117e+00 
  6.78024255e+00  -3.68064237e+00  -8.58836473e+00 
  3.58508373e+00  -1.85059135e+00  -7.60612980e+00 
  1.07556580e+00   1.21152720e-01  -9.57071758e+00 
 -2.08288127e+00   1.81460626e+00  -8.47273547e+00 
 -2.48628569e+00   5.43012589e+00  -9.51959551e+00 
 -4.66105232e+00   8.47912453e+00  -9.11533879e+00 
 -5.95699762e+00   6.61170751e+00  -4.69736908e+00 
 -2.35592201e+00   5.68479528e+00  -4.20993302e+00 
  1.00448187e-02   2.90693361e+00  -4.63890237e+00 
  3.40082857e+00   3.55368077e+00  -6.25752436e+00 
  6.31072370e+00   9.83928077e-01  -5.80029590e+00 
  9.35360091e+00   1.08817211e+00  -8.06439993e+00 
  1.23704175e+01  -4.95422489e-01  -6.42512843e+00 
 -2.85503303e+00   4.71045141e+00   1.10126617e+01 
 -2.20060680e+00   9.41221547e-01   1.10186752e+01 
  1.34151942e+00   1.06796384e+00   9.53836378e+00 
  2.24707874e+00   1.78483296e+00   5.89145539e+00 
  4.15371099e+00   4.99262981e+00   5.62805482e+00 
  5.28544441e+00   7.45881237e+00   2.96715223e+00 
  3.05195546e+00   9.82963848e+00   1.07789546e+00 
  5.80527801e+00   1.07322395e+01  -1.41813516e+00 
  9.13768026e+00   9.43553600e+00  -2.70035391e+00 
  1.35799682e+01   5.02033171e+00  -6.34377336e+00 
  9.73427065e+00   5.19393985e+00  -6.34859602e+00 
  7.78400063e+00   5.06126639e+00  -3.05211576e+00 
  4.12201093e+00   6.37778011e+00  -2.71077617e+00 
  1.66858867e+00   5.31292683e+00  -1.65585677e-02 
 -2.01233587e+00   4.52063845e+00   4.71876838e-01 
 -3.80420305e+00   2.12926966e+00  -1.72386756e+00 
 -5.53803342e+00  -4.12865476e-01   4.27085253e-01 
 -6.58468132e+00  -2.76151182e+00  -2.11417401e+00 
 -6.54370739e+00  -6.27640065e+00  -7.64194577e-01 
 -4.82741052e+00  -8.55565660e+00   1.67254002e+00 
 -8.73225486e+00  -1.16287409e+01   1.54014086e-01 
 -3.42882242e-01  -1.13317472e+01   2.72947796e+00 
  1.33171856e+00  -8.32661170e+00   4.26384470e+00 
 -1.64819796e+00  -6.99287184e+00   6.09413045e+00 
 -3.27983394e+00  -4.53611821e+00   3.64588953e+00 
 -6.95739878e+00  -4.08175265e+00   4.19378502e+00 
 -9.37456994e+00  -1.66975846e+00   2.45672062e+00 
 -1.30836643e+01  -2.17577279e+00   1.89757277e+00 
 -1.18747845e+01  -3.29298922e+00   6.84677456e+00 
 -9.24324985e+00  -7.00243474e-01   7.92518502e+00 
 -5.82141535e+00  -2.36752068e+00   8.17164332e+00 
 -2.13025499e+00  -1.35349622e+00   7.73111718e+00 
  9.84589591e-01  -3.46774395e+00   8.33638217e+00 
  3.30618381e+00  -3.71075167e+00   5.33519742e+00 
  6.89912104e+00  -4.83537232e+00   4.60553113e+00 
  7.98483110e+00  -4.67965484e+00   8.24648675e+00 
  1.28762539e+01  -5.95162150e+00   5.92558291e+00 

   1.034370494043e+01 

 -7.02227980e-02  -1.57295185e+00   1.65775707e+00 
  2.44336817e-01  -1.38640943e+00   3.70692008e-01 
 -8.21633419e-01  -1.54131147e+00  -4.88143393e-01 
 -1.80181704e+00  -7.39282657e-01  -1.98146401e-01 
 -1.90267646e+00  -4.14468469e-01   1.13205623e+00 
 -1.05643619e+00  -7.72636706e-01   2.12850504e+00 
 -5.02562352e-01  -2.10190316e+00  -1.65142517e+00 
  1.24690123e+00  -1.59253305e+00  -3.92257730e-01 
  7.36926634e-01  -1.50532943e+00  -1.58626697e+00 
 -2.01116122e+00   9.81108418e-01   1.25286937e+00 
 -6.55809611e-01   1.74398170e+00   1.29076534e+00 
 -1.73099643e-02   1.90074609e+00   2.58254500e+00 
 -4.70411337e-01   2.91762676e+00   3.37617791e+00 
  2.40277315e-01   3.44496881e+00   4.41658021e+00 
  1.59940211e+00   3.42136045e+00   4.34899671e+00 
  2.16051797e+00   2.42630689e+00   3.54241907e+00 
  1.37332300e+00   1.83750087e+00   2.57756165e+00 
 -1.44889632e+00  -1.99029880e+00  -2.79331566e+00 
 -2.67877673e+00  -2.63621995e+00  -2.95429532e+00 
 -3.13407496e+00  -2.99253154e+00  -4.22809954e+00 
 -2.18101396e+00  -3.03279587e+00  -5.18607793e+00 
 -1.17414162e+00  -2.07566906e+00  -5.02249554e+00 
 -8.48925602e-01  -1.38209459e+00  -3.85530868e+00 
 -4.48416875e+00  -2.91213169e+00  -4.78382220e+00 
 -5.40560183e+00  -2.92022825e+00  -3.75347410e+00 
 -4.78064487e+00  -3.42626757e+00  -5.86479040e+00 
  6.42206150e-01  -1.11788946e+00  -3.96228103e+00 
 -1.60845033e+00   3.52429855e+00   3.03505033e+00 
  2.27687591e+00   3.61939443e+00   5.52477303e+00 
 -2.10745329e+00   1.05811253e+01  -1.36790789e+01 
 -8.57407028e+00   4.69657422e+00  -8.38739901e+00 
 -4.78982171e+00   4.55378968e+00  -8.92860699e+00 
 -3.05044141e+00   1.31662333e+00  -8.16621765e+00 
  4.11859924e+00   3.21769439e+00  -2.87170451e+00 
  7.45894061e+00   3.94768247e+00  -1.07071237e+00 
  4.65335907e+00   8.25363345e+00  -3.07367862e+00 
  1.65158487e+00   7.30140822e+00  -5.24877570e+00 
 -1.22480287e+00   5.05678242e+00  -4.14833936e+00 
 -4.88803937e+00   5.04320194e+00  -4.93927832e+00 
 -7.60471122e+00   2.70995774e+00  -3.83256898e+00 
 -1.07065086e+01   4.32921975e+00  -2.38776289e+00 
 -1.39866113e+01   3.61100955e+00  -6.80564120e-01 
 -1.18544937e+01  -5.36662895e-01   1.03293521e+00 
 -8.77470592e+00   1.50283334e+00   1.68090292e+00 
 -5.56736631e+00   2.47521460e+00   1.75660404e-01 
 -4.48806705e+00   6.13125919e+00   2.39763051e-01 
 -7.41866357e-01   7.07748779e+00  -3.52531678e-01 
  2.40143991e-01   1.06452141e+01  -1.19105690e+00 
  3.83579196e+00   1.13595709e+01  -2.65223052e-01 
 -2.63096577e+00  -7.86721515e+00   1.20434591e+01 
  3.36510855e-01  -8.76644322e+00   9.80272315e+00 
  1.91598546e+00  -5.26752037e+00   9.67298468e+00 
  6.11266113e-01  -2.26637137e+00   7.69190377e+00 
 -4.62190588e-01   4.62152810e-01   1.00151438e+01 
 -2.43404743e+00   3.70977244e+00   9.92552337e+00 
 -6.16522367e+00   4.00287211e+00   9.51202568e+00 
 -5.99459495e+00   7.78076647e+00   8.94277141e+00 
 -3.50739119e+00   1.04920039e+01   7.99755392e+00 
  8.91511419e-01   1.42222861e+01   3.61153551e+00 
 -1.64810722e+00   1.14528352e+01   2.77485537e+00 
 -1.53006308e+00   8.09402005e+00   4.61668448e+00 
 -4.59646139e+00   5.68137853e+00   4.80714048e+00 
 -4.39295670e+00   1.95272529e+00   5.49105373e+00 
 -5.98670420e+00  -1.32858446e+00   4.43821796e+00 
 -6.33069908e+00  -2.27725126e+00   8.69966884e-01 
 -4.88051976e+00  -5.70697272e+00   3.91235746e-01 
 -4.91606881e+00  -5.89428705e+00  -3.21892283e+00 
 -1.99507903e+00  -7.91615298e+00  -4.46729026e+00 
  1.55710190e+00  -8.86806941e+00  -3.72284012e+00 
  6.03090170e-01  -1.20086854e+01  -7.75074088e+00 
  6.66243481e+00  -7.17681843e+00  -3.62275778e+00 
  6.26496323e+00  -5.71454128e+00  -1.74110102e-01 
  4.18323361e+00  -8.46360136e+00   1.28115370e+00 
  5.59706972e-01  -7.37781876e+00   6.62381210e-01 
 -1.85378170e+00  -1.02345381e+01   4.49446209e-01 
 -5.67047859e+00  -1.01482581e+01   1.28182384e-01 
 -7.87487777e+00  -1.27506739e+01  -1.51319968e+00 
 -4.47228976e+00  -1.50787614e+01   1.68157053e+00 
 -4.16184076e+00  -1.28027204e+01   4.76921217e+00 
 -7.85093110e-01  -1.10292734e+01   4.72480574e+00 
  6.83134920e-01  -7.68653908e+00   5.95663821e+00 
  4.30612639e+00  -6.50668798e+00   5.81338949e+00 
  4.78872220e+00  -3.17916852e+00   4.03837870e+00 
  7.53376506e+00  -5.26718153e-01   3.67011393e+00 
  9.49826176e+00  -1.73710014e+00   6.69258080e+00 
  1.25542374e+01   2.72266767e+00   5.38797206e+00 

   1.034370486750e+01 

  9.51617845e-01   2.66283198e+00  -6.57879151e-01 
 -2.11478249e-02   2.78722800e+00   2.52363034e-01 
  1.50401973e-01   1.98556395e+00   1.35951667e+00 
  2.39710895e-01   7.28796869e-01   1.04224891e+00 
  7.79782017e-01   4.87032609e-01  -1.96691061e-01 
  1.14189659e+00   1.40579485e+00  -1.12517468e+00 
 -2.46308289e-01   2.54464179e+00   2.49941107e+00 
 -7.83269379e-01   3.71093395e+00   6.94685639e-01 
 -1.23146261e+00   3.21892477e+00   1.81289226e+00 
 -5.82530758e-02  -3.99699804e-01  -8.93400414e-01 
 -1.22910451e+00   2.73548609e-01  -1.66556435e+00 
 -9.59061730e-01   7.32910830e-01  -3.01353441e+00 
 -1.00700904e+00  -2.05149834e-01  -4.00699083e+00 
 -1.16123637e+00   9.56663584e-02  -5.33036476e+00 
 -1.85161479e+00   1.22087351e+00  -5.66148642e+00 
 -1.87890771e+00   2.23459495e+00  -4.69858094e+00 
 -1.60425690e+00   1.90793473e+00  -3.38893063e+00 
 -4.68075085e-01   1.68235490e+00   3.69070051e+00 
  4.94795112e-01   1.04226722e+00   4.47742237e+00 
  2.80776749e-01   8.47759614e-01   5.84606179e+00 
 -6.75094187e-01   1.63183803e+00   6.39305179e+00 
 -1.73982842e+00   1.91086014e+00   5.52984712e+00 
 -1.74989805e+00   1.80324382e+00   4.13792095e+00 
  5.93676548e-01  -3.15350622e-01   6.67510846e+00 
  1.60588779e+00  -1.04431121e+00   6.07947669e+00 
  5.12833886e-01  -2.85342895e-01   7.90526270e+00 
 -2.72366589e+00   2.87072599e+00   3.67209439e+00 
 -1.04426048e+00  -1.49203334e+00  -3.65757830e+00 
 -1.69127093e+00   1.68612377e+00  -6.94150419e+00 
 -1.45917712e+01  -6.28853829e+00   7.42708252e+00 
 -4.53424855e+00  -8.10180595e+00   7.50027746e+00 
 -6.59278855e+00  -4.93181101e+00   6.91088461e+00 
 -4.82384762e+00  -1.63529925e+00   7.21054238e+00 
 -6.82445770e+00   3.25356508e+00  -2.14928954e-01 
 -8.00678586e+00   5.60725058e+00  -3.04275650e+00 
 -1.06471507e+01   7.99331181e-01  -2.46242137e+00 
 -9.68002492e+00  -1.15725669e+00   6.81596241e-01 
 -6.13360866e+00  -2.20319164e+00   1.60455578e+00 
 -4.74158712e+00  -5.21157451e+00   3.35297775e+00 
 -1.20985259e+00  -6.07575775e+00   4.26356937e+00 
 -1.52948677e-02  -9.51517152e+00   3.22718819e+00 
  3.00950212e+00  -1.17547444e+01   3.07115490e+00 
  5.71840639e+00  -7.59504210e+00   2.86165755e+00 
  3.14931029e+00  -6.22923885e+00   4.95471060e-01 
  9.44767746e-02  -4.19090098e+00   3.88287622e-01 
 -2.90863362e+00  -5.40239396e+00  -1.62398887e+00 
 -5.72200010e+00  -2.88914206e+00  -2.64805524e+00 
 -9.10038746e+00  -4.14806977e+00  -3.83031662e+00 
 -1.08669612e+01  -1.59417769e+00  -5.98740282e+00 
  1.20937824e+01   4.38715839e+00  -5.84602082e+00 
  1.00455062e+01   7.28740253e+00  -4.42174930e+00 
  6.79949009e+00   6.57168974e+00  -6.34663255e+00 
  4.32473545e+00   3.74165270e+00  -5.63927761e+00 
  4.22967326e+00   1.34512989e+00  -8.51020757e+00 
  2.92879774e+00  -2.13404373e+00  -9.31416657e+00 
  4.34647328e+00  -5.36624601e+00  -8.00206131e+00 
  1.36854898e+00  -7.40469785e+00  -9.26789352e+00 
 -2.22246887e+00  -6.94192205e+00  -1.04171756e+01 
 -9.29869356e+00  -5.56811102e+00  -9.68085294e+00 
 -6.59696327e+00  -6.07676737e+00  -6.98613888e+00 
 -3.36651968e+00  -4.01628715e+00  -7.06721376e+00 
 -9.89796382e-02  -5.14002941e+00  -5.24505004e+00 
  2.72214896e+00  -2.82108518e+00  -4.20786717e+00 
  5.19227244e+00  -2.26596809e+00  -1.37841462e+00 
  4.09952423e+00  -2.07639493e+00   2.16004300e+00 
  5.47785051e+00   1.06839274e+00   3.67850963e+00 
  3.68883268e+00   1.07308107e+00   6.82000650e+00 
  2.96459929e+00   4.59931913e+00   7.92440734e+00 
  2.26400647e+00   8.06950566e+00   6.68129362e+00 
  2.72771188e+00   9.00719237e+00   1.17708216e+01 
 -1.35906445e+00   1.12826942e+01   4.33958910e+00 
 -3.16676696e-01   1.01888995e+01   8.89016062e-01 
  3.37365036e+00   1.00902780e+01   1.50584096e+00 
  4.08505771e+00   6.48745588e+00   2.60371047e+00 
  7.11868574e+00   6.14486266e+00   4.77416060e+00 
  8.76969516e+00   2.96311353e+00   6.12637133e+00 
  1.07603594e+01   2.61679441e+00   9.32690149e+00 
  1.23897896e+01   6.80365058e+00   6.67749599e+00 
  1.23319557e+01   5.81556748e+00   2.95854232e+00 
  9.42762100e+00   7.56302522e+00   1.20904635e+00 
  7.07323762e+00   6.87353995e+00  -1.76222842e+00 
  4.40122976e+00   9.16106895e+00  -3.23403608e+00 
  9.31818453e-01   7.61180295e+00  -3.37153412e+00 
 -2.43685612e+00   8.33121797e+00  -5.05701585e+00 
 -9.56407630e-01   1.06958280e+01  -7.64089983e+00 
 -6.21867203e+00   1.06143183e+01  -9.43879769e+00 

   1.034370484594e+01 

  1.01685684e+00   7.08409521e-01   2.04275042e+00 
  6.11430126e-01  -5.41864681e-01   1.79229160e+00 
  1.32775968e+00  -1.16732493e+00   7.95520509e-01 
  1.28875085e+00  -5.05267855e-01  -3.21730809e-01 
  1.15965203e+00   8.54134194e-01  -1.78655582e-01 
  9.92205654e-01   1.54335078e+00   9.76449266e-01 
  1.52337403e+00  -2.46653270e+00   1.00311378e+00 
  1.35801293e-01  -1.52649253e+00   2.45106456e+00 
  3.08088657e-01  -2.53520720e+00   1.64722432e+00 
  1.15339649e-01   1.30168914e+00  -1.00514650e+00 
 -1.30364038e+00   1.21941600e+00  -3.72577745e-01 
 -1.74260369e+00   2.34806678e+00   4.23941250e-01 
 -2.24234863e+00   3.42518941e+00  -2.53755470e-01 
 -3.03417842e+00   4.38149949e+00   3.15539887e-01 
 -3.83217344e+00   4.02350060e+00   1.35829829e+00 
 -3.41537752e+00   2.91585950e+00   2.10324117e+00 
 -2.52460059e+00   2.03410649e+00   1.53200989e+00 
  1.94008552e+00  -3.32761582e+00  -1.35649988e-01 
  3.18394243e+00  -3.36307134e+00  -7.73857621e-01 
  3.67382480e+00  -4.55774446e+00  -1.31199570e+00 
  3.08498466e+00  -5.68067620e+00  -8.42978512e-01 
  1.72593598e+00  -5.52635046e+00  -5.50072256e-01 
  1.03862989e+00  -4.33067489e+00  -3.33001255e-01 
  4.38814075e+00  -4.78220519e+00  -2.56791789e+00 
  5.00062070e+00  -3.60786584e+00  -2.96355949e+00 
  4.91937239e+00  -5.86210082e+00  -2.83688263e+00 
 -7.06232838e-02  -4.69037632e+00   6.39065989e-01 
 -2.06431447e+00   3.47674876e+00  -1.57481485e+00 
 -4.33378182e+00   5.04256286e+00   2.12672603e+00 
 -8.29145606e+00  -1.07579057e+01  -1.09560793e+01 
  5.62740326e-01  -5.65511071e+00  -1.10655577e+01 
 -1.61649865e+00  -7.00512150e+00  -8.22614797e+00 
 -2.93408189e-02  -7.36712548e+00  -4.84445023e+00 
 -5.55927739e+00  -3.42827438e+00   1.23388123e+00 
 -8.04661096e+00  -2.26133243e+00   3.95156633e+00 
 -9.91573371e+00  -2.61649087e+00  -1.22576116e+00 
 -7.47317385e+00  -4.26063388e+00  -3.67096986e+00 
 -3.89918207e+00  -3.10093680e+00  -4.30695943e+00 
 -1.73786527e+00  -3.07909041e+00  -7.36854645e+00 
  1.81172903e+00  -1.96696941e+00  -7.82975745e+00 
  2.45007912e+00   4.25750970e-01  -1.06929773e+01 
  5.07759716e+00   2.58731883e+00  -1.23095262e+01 
  7.20792330e+00   2.84505588e+00  -7.82841384e+00 
  3.76868042e+00   3.26058570e+00  -6.39189041e+00 
  9.92228718e-01   1.36304338e+00  -4.91236834e+00 
 -2.57293477e+00   2.00626674e+00  -6.10041781e+00 
 -5.60267046e+00   8.57391487e-01  -3.91388171e+00 
 -9.08677990e+00   6.42647649e-01  -5.40083864e+00 
 -1.17607145e+01   9.19057203e-01  -2.74191205e+00 
  8.13069151e+00   9.73906212e+00   6.72025401e+00 
  6.95501669e+00   6.77715893e+00   8.83692420e+00 
  3.20585648e+00   7.09488482e+00   8.06436646e+00 
  1.48273580e+00   6.15244340e+00   4.78159146e+00 
  6.69141175e-02   9.19677774e+00   3.13170671e+00 
 -1.35386307e+00   1.02507156e+01  -2.31896544e-01 
  6.22917902e-01   1.07142039e+01  -3.40303138e+00 
 -2.52938094e+00   1.09745896e+01  -5.55266371e+00 
 -6.23526444e+00   1.01487593e+01  -5.43089754e+00 
 -1.20819523e+01   5.86873000e+00  -5.44205199e+00 
 -8.39244652e+00   4.99696806e+00  -6.11081839e+00 
 -5.68061732e+00   5.97939136e+00  -3.58719810e+00 
 -1.90674312e+00   6.27615003e+00  -4.55140970e+00 
  9.88372860e-01   6.05640389e+00  -2.10556560e+00 
  4.50951066e+00   4.66457296e+00  -1.82323602e+00 
  5.28492837e+00   1.13122573e+00  -2.63867559e+00 
  7.13343441e+00  -3.93278766e-01   2.51681069e-01 
  7.11340158e+00  -3.86303369e+00  -7.63247158e-01 
  6.91549473e+00  -6.11977813e+00   2.24450566e+00 
  5.58998985e+00  -6.37652267e+00   5.74529212e+00 
  8.45837766e+00  -1.07042388e+01   5.54338896e+00 
  1.18793764e+00  -6.98962318e+00   8.77529493e+00 
  4.39374679e-01  -3.29873732e+00   8.69499706e+00 
  3.95982923e+00  -2.08196961e+00   9.06184921e+00 
  5.22765038e+00  -1.66077706e+00   5.46922549e+00 
  8.94442527e+00  -1.98506563e+00   5.13530934e+00 
  1.11426238e+01  -1.46151889e+00   2.04148669e+00 
  1.44553857e+01  -3.13319970e+00   1.29503727e+00 
  1.44491929e+01  -1.33164604e+00   6.18978553e+00 
  1.26073392e+01   2.04599243e+00   6.09282958e+00 
  9.16642574e+00   1.68052108e+00   7.69784347e+00 
  5.68074525e+00   3.28297373e+00   7.33839212e+00 
  2.56176605e+00   2.63945498e+00   9.43516182e+00 
 -4.81002139e-01   1.58618624e+00   7.41325818e+00 
 -4.26366620e+00   1.24164390e+00   7.94155071e+00 
 -4.31182008e+00   3.43248670e+00   1.10491989e+01 
 -9.77489624e+00   2.53193146e+00   1.05253933e+01 

   1.034370485865e+01 

 -1.32539411e+00  -1.86423097e-01  -2.06333294e+00 
 -1.29637106e+00   8.25413764e-01  -1.18833023e+00 
 -9.27749375e-02   9.54728617e-01  -5.30672182e-01 
  8.98708909e-01   1.11344902e+00  -1.35520874e+00 
  7.29679783e-01   5.12237868e-01  -2.57794647e+00 
 -3.71060850e-01  -1.41340050e-01  -3.02351304e+00 
 -2.07566199e-01   1.33612679e+00   7.38445644e-01 
 -2.10977855e+00   1.40594450e+00  -3.93944249e-01 
 -1.32541172e+00   2.06836082e+00   4.05629916e-01 
  1.01138627e+00   1.44748142e+00  -3.58786880e+00 
 -1.86796937e-01   2.35078962e+00  -3.99873188e+00 
 -1.08165681e+00   1.84380318e+00  -5.02008959e+00 
 -6.83617248e-01   1.99313541e+00  -6.31950312e+00 
 -1.53383856e+00   1.93528708e+00  -7.38692848e+00 
 -2.82685395e+00   2.31919910e+00  -7.20519436e+00 
 -3.32236308e+00   2.22288500e+00  -5.90107690e+00 
 -2.42553069e+00   2.16834373e+00  -4.85704764e+00 
  9.87218386e-01   1.86905646e+00   1.44581432e+00 
  2.11120841e+00   1.16151437e+00   1.88373766e+00 
  2.79644545e+00   1.55750566e+00   3.03719486e+00 
  2.10102556e+00   2.36788258e+00   3.86626998e+00 
  1.23659770e+00   3.24625040e+00   3.20456001e+00 
  7.51241629e-01   3.13209451e+00   1.90050970e+00 
  4.23614876e+00   1.60054043e+00   3.28893307e+00 
  4.87696958e+00   7.18091538e-01   2.43959852e+00 
  4.70003744e+00   1.80286210e+00   4.41347629e+00 
 -6.16784497e-01   3.78937811e+00   1.93550063e+00 
  5.79467145e-01   2.35217057e+00  -6.55458591e+00 
 -3.72571820e+00   1.92463184e+00  -8.16276443e+00 
  6.04289173e+00   1.77250715e+01   1.39747525e+00 
  1.01374702e+01   8.38745105e+00   6.97066286e-01 
  6.60926229e+00   9.61610339e+00   1.51927119e+00 
  4.28098124e+00   7.20135507e+00   3.20274699e+00 
 -3.57330857e+00   7.26620217e+00  -1.41751242e+00 
 -7.09884681e+00   7.58917589e+00  -2.96691844e+00 
 -3.29611655e+00   1.12776348e+01  -4.50281942e+00 
 -4.03371009e-02   1.11086294e+01  -2.49790291e+00 
  2.13162352e+00   8.00163494e+00  -2.10806824e+00 
  5.83476732e+00   7.50618122e+00  -1.81424266e+00 
  7.83875090e+00   4.37171655e+00  -1.35781244e+00 
  1.07162058e+01   3.86764889e+00  -3.76546665e+00 
  1.33580780e+01   1.41669571e+00  -4.86218703e+00 
  1.02938766e+01  -2.15485154e+00  -3.26850917e+00 
  7.48382592e+00  -2.19376000e-01  -4.82485038e+00 
  4.90171857e+00   2.27742220e+00  -4.05215679e+00 
  4.38945655e+00   5.24347140e+00  -6.39218586e+00 
  1.07056530e+00   7.30341098e+00  -6.24465804e+00 
  8.51659382e-01   1.07318766e+01  -7.85520998e+00 
 -2.71497324e+00   1.16478832e+01  -8.71327713e+00 
 -2.24449926e+00  -1.19196569e+01  -6.00351016e+00 
 -4.69890796e+00  -1.04272070e+01  -3.47688257e+00 
 -5.66906322e+00  -7.32655056e+00  -5.52596215e+00 
 -3.50564069e+00  -4.22435254e+00  -6.10034632e+00 
 -2.61995723e+00  -3.90488526e+00  -9.72086385e+00 
 -2.25551096e-01  -1.95680399e+00  -1.19378490e+01 
  3.49907667e+00  -2.47372586e+00  -1.21341053e+01 
  4.02698192e+00   7.30833958e-01  -1.41534664e+01 
  2.26108235e+00   3.98653972e+00  -1.49974896e+01 
 -3.78988618e-01   1.06181435e+01  -1.37507391e+01 
  1.84901234e+00   8.39865281e+00  -1.15304824e+01 
  8.05451514e-01   4.80144338e+00  -1.07187561e+01 
  3.34977177e+00   2.07748513e+00  -9.54983246e+00 
  2.44273664e+00  -1.06168155e+00  -7.61720646e+00 
  3.73765902e+00  -3.27859588e+00  -4.82010134e+00 
  4.76979704e+00  -1.88582587e+00  -1.54204691e+00 
  2.98366758e+00  -3.75886273e+00   1.17764458e+00 
  3.84179101e+00  -1.69232420e+00   4.01713725e+00 
  1.03224263e+00  -1.65616630e+00   6.52388154e+00 
 -2.69575351e+00  -1.87976416e+00   6.88503947e+00 
 -1.29277007e+00  -1.99696949e+00   1.18865831e+01 
 -7.37350839e+00   6.69590463e-01   6.14054437e+00 
 -7.58943676e+00  -4.64251377e-01   2.55484951e+00 
 -6.33887774e+00  -3.95361894e+00   3.07361816e+00 
 -2.55225509e+00  -3.72645583e+00   2.52443126e+00 
 -6.05437320e-01  -6.36017452e+00   4.34226229e+00 
  3.14905903e+00  -7.11022230e+00   4.20405858e+00 
  5.26952340e+00  -8.62285367e+00   6.95026913e+00 
  9.04121607e-01  -1.14132760e+01   6.34943280e+00 
  2.13481956e-01  -1.15327255e+01   2.56538526e+00 
 -2.75771623e+00  -9.29159039e+00   1.72943127e+00 
 -3.96524127e+00  -7.17206101e+00  -1.25326956e+00 
 -7.23724789e+00  -5.24656691e+00  -1.60687425e+00 
 -6.79102534e+00  -1.55446699e+00  -2.39756371e+00 
 -8.94935289e+00   1.37181005e+00  -3.61611796e+00 
 -1.17278684e+01  -8.62586361e-01  -4.93782677e+00 
 -1.36972504e+01   4.06494354e+00  -6.60262703e+00 

   1.034370484881e+01 

 -2.03443061e-01  -2.39884940e+00   1.25627861e+00 
 -3.94136187e-01  -1.08636394e+00   1.07934175e+00 
 -8.60203141e-01  -7.58409265e-01  -1.74891234e-01 
 -6.55164040e-02  -1.17499811e+00  -1.11458658e+00 
  6.37273973e-01  -2.31402260e+00  -8.08259853e-01 
  6.43561352e-01  -2.97915432e+00   3.72789700e-01 
 -1.72486932e+00   2.52320388e-01  -1.83925980e-01 
 -7.62123806e-01  -8.59782776e-02   1.78184532e+00 
 -1.06646943e+00   8.10535582e-01   8.89111094e-01 
  1.99618480e+00  -2.10130585e+00  -1.09478606e+00 
  2.81136876e+00  -1.43265312e+00   4.92362821e-02 
  3.38463440e+00  -2.30537355e+00   1.05457312e+00 
  4.56522773e+00  -2.91867369e+00   7.39497661e-01 
  5.42014259e+00  -3.44457754e+00   1.66586851e+00 
  5.45485165e+00  -2.88386643e+00   2.90550730e+00 
  4.29743484e+00  -2.21292750e+00   3.31263910e+00 
  3.40228412e+00  -1.79884564e+00   2.35111396e+00 
 -2.01527348e+00   9.46022566e-01  -1.46702244e+00 
 -2.74878226e+00   4.64026034e-01  -2.55578040e+00 
 -3.49624515e+00   1.33739689e+00  -3.35286934e+00 
 -3.76771514e+00   2.53598446e+00  -2.78950884e+00 
 -2.74978017e+00   3.01299142e+00  -1.95710087e+00 
 -1.72055320e+00   2.27333007e+00  -1.37165618e+00 
 -3.66352457e+00   1.35013271e+00  -4.80539244e+00 
 -3.41467169e+00   8.63126874e-02  -5.30695743e+00 
 -4.49438229e+00   2.07004343e+00  -5.36407748e+00 
 -1.41598421e+00   2.99284275e+00  -7.00125798e-02 
  4.97563252e+00  -2.88208043e+00  -5.29273319e-01 
  6.03494286e+00  -3.62785845e+00   3.90077436e+00 
  6.65123763e+00   1.36514885e+01  -7.82612947e+00 
  2.26676799e+00   5.00380222e+00  -1.10574211e+01 
  2.18436840e+00   6.85992228e+00  -7.71348879e+00 
 -5.70037308e-01   5.99209388e+00  -5.31638372e+00 
  3.23805389e+00   4.43762801e+00   2.81521786e+00 
  4.66423204e+00   4.26653255e+00   6.40285310e+00 
  8.00322768e+00   6.11878278e+00   2.42230736e+00 
  6.27250456e+00   6.69202637e+00  -9.42859610e-01 
  4.30121829e+00   4.05884383e+00  -2.86722651e+00 
  3.84189299e+00   3.39460269e+00  -6.52685532e+00 
  1.79721376e+00   7.92439298e-01  -8.28673473e+00 
  3.59560897e+00  -1.23286987e+00  -1.09314509e+01 
  3.23680307e+00  -4.16272047e+00  -1.32716831e+01 
 -7.67753119e-02  -5.96712829e+00  -1.00391287e+01 
  2.23546073e+00  -4.86928281e+00  -7.29815609e+00 
  2.89271459e+00  -2.08082371e+00  -4.99797339e+00 
  6.45485274e+00  -7.90519912e-01  -4.57147175e+00 
  7.39193195e+00   1.37844788e+00  -1.45737174e+00 
  1.05935734e+01   3.41406958e+00  -1.41371293e+00 
  1.17568163e+01   4.11403648e+00   2.11518433e+00 
 -3.22663593e+00  -1.42361273e+01   3.44213336e+00 
 -4.58590765e+00  -1.13654379e+01   5.57448234e+00 
 -1.20300048e+00  -9.75655357e+00   6.42385281e+00 
  9.85783507e-01  -7.70161809e+00   4.05311509e+00 
  4.21979336e+00  -9.46689479e+00   3.40533756e+00 
  7.17275818e+00  -9.28259625e+00   1.02011944e+00 
  7.11483395e+00  -1.02292204e+01  -2.62393233e+00 
  1.05511004e+01  -8.68171221e+00  -3.27431084e+00 
  1.29910703e+01  -6.21130978e+00  -1.73351321e+00 
  1.54779946e+01   3.01558138e-01   2.41400865e-01 
  1.24448916e+01  -6.15437836e-01  -1.94470601e+00 
  9.80603746e+00  -3.08108579e+00  -6.62179779e-01 
  7.39085594e+00  -5.01760044e+00  -3.04476540e+00 
  4.05722896e+00  -6.51510305e+00  -2.01689185e+00 
  5.25877355e-01  -7.01916654e+00  -3.31720767e+00 
 -1.46783211e+00  -4.21266858e+00  -4.69540767e+00 
 -4.79453433e+00  -4.13201937e+00  -2.95708075e+00 
 -6.05823979e+00  -9.76369883e-01  -4.18776473e+00 
 -8.19137734e+00   7.02406042e-01  -1.57815616e+00 
 -8.67167888e+00   1.11708198e+00   2.11991592e+00 
 -1.29253107e+01   3.53919481e+00   3.77065254e-01 
 -6.73985931e+00   3.36824635e+00   6.60714083e+00 
 -4.33530360e+00   5.24689531e-01   7.17434628e+00 
 -6.63509713e+00  -2.25887877e+00   6.18874559e+00 
 -5.99367630e+00  -2.77753353e+00   2.44557850e+00 
 -8.91550156e+00  -4.22593953e+00   6.02714655e-01 
 -9.14757137e+00  -5.34013609e+00  -3.05551207e+00 
 -1.22439639e+01  -5.37183796e+00  -5.23207986e+00 
 -1.33079283e+01  -7.55236211e+00  -6.14993930e-01 
 -1.01964289e+01  -9.59993719e+00   3.52620724e-01 
 -8.32834554e+00  -7.84312877e+00   3.17634382e+00 
 -4.69193263e+00  -7.52948971e+00   4.41131499e+00 
 -3.40468994e+00  -5.74625935e+00   7.52606816e+00 
 -7.41293546e-01  -3.12433213e+00   6.82769409e+00 
  1.83053621e+00  -1.08716914e+00   8.81314157e+00 
  1.69707695e+00  -3.36129777e+00   1.18578272e+01 
  5.72664185e+00   9.34114852e-02   1.35185988e+01 

   1.034370480643e+01 

