  1.14179418e+00  -1.57349787e+00  -8.23665135e-01 
  1.52856295e-01  -1.12839115e+00   4.01191459e+00 
 -1.49241085e-01  -8.66834123e-01   2.63750749e+00 
  1.09785530e+00  -8.38251898e-02   2.79870738e+00 
  5.38099866e-01   1.13252944e+00   2.90774828e+00 
  4.83755405e-01   1.35850580e+00   4.23082793e+00 
  4.19648771e-01   9.15891259e-02   4.86946295e+00 
  2.00362016e+00  -2.62863784e-01   3.74006809e+00 
  1.72039324e+00  -6.96347975e-01   2.35393973e+00 
  4.72947031e-01  -5.06453299e-01   1.54900346e+00 
  2.83966606e+00  -9.93017755e-01   4.29306225e+00 
  3.62914544e+00  -4.72871439e-02   5.59405862e+00 
  2.40477297e+00  -1.29075330e+00   1.40536328e+00 
  1.55633566e+00  -2.26114834e+00   2.03420397e+00 
  1.57808081e+00   2.18133938e+00   4.62426022e+00 
  2.51862127e+00   2.27385259e+00   3.68258176e+00 
  2.03883868e+00   2.46949275e+00   2.13953876e+00 
  3.45170863e+00   2.07986998e+00   1.71906934e+00 
  3.22100926e+00   9.20082899e-01   4.14750148e-01 
  4.13553198e+00   1.32106867e+00   1.91831556e+00 
  3.21633798e+00   1.29434622e+00   2.80162881e+00 
  2.68492322e+00  -2.85568402e+00   2.74190777e+00 
  3.93322365e+00  -2.84590367e+00   1.98456409e+00 
  3.50706048e+00  -3.00132821e+00   4.94633802e-01 
  2.28529395e+00  -3.66245240e+00   2.55726932e-02 
  1.19318517e+00  -2.73981324e+00   4.65400214e-01 
  4.37409050e+00   5.08193776e-01   2.85198971e+00 
  1.61980074e+00   1.94634473e+00   1.04344376e+00 
  8.26219157e+00   9.63164635e+00  -3.36711361e-01 
  9.78562931e+00   6.16508410e+00   4.15595142e-01 
  8.14922490e+00   3.98270538e+00   3.06072461e+00 
  7.20534100e+00  -4.48834392e+00  -7.69385328e-01 
  6.66638039e+00  -8.10298183e+00  -2.14362528e+00 
  9.76204337e+00  -4.41275928e+00  -5.11355255e+00 
  1.01718890e+01  -9.51536146e-01  -3.39806361e+00 
  7.34065907e+00   1.33544735e+00  -2.21207888e+00 
  6.79173481e+00   5.14313903e+00  -2.13253005e+00 
  3.85100129e+00   7.27381716e+00  -8.56651446e-01 
  2.48680029e+00   9.76583429e+00  -3.26464876e+00 
 -2.42422345e-01   1.22974276e+01  -3.81181778e+00 
 -3.09810944e+00   9.51436878e+00  -8.51954821e-01 
 -1.67254407e+00   6.49678239e+00  -2.61044024e+00 
  9.91453485e-01   4.00134730e+00  -2.41114354e+00 
  3.15659153e+00   3.09930254e+00  -5.42986057e+00 
  5.30641941e+00  -1.64110010e-01  -5.70151104e+00 
  8.00532618e+00  -5.52169017e-01  -8.35841242e+00 
  8.67384203e+00  -4.19354162e+00  -9.22714229e+00 
 -1.28550779e+01  -3.18839726e+00   8.30720414e-01 
 -1.06246669e+01  -5.39097939e+00   3.01133795e+00 
 -8.21453083e+00  -6.52997379e+00   2.53469529e-01 
 -5.45012692e+00  -4.48341250e+00  -1.39564610e+00 
 -6.34850123e+00  -4.03077381e+00  -5.01883253e+00 
 -5.00590210e+00  -1.90203091e+00  -7.76824763e+00 
 -5.76959494e+00   1.75086214e+00  -8.21689274e+00 
 -3.44955364e+00   2.08633051e+00  -1.12007794e+01 
 -6.56074306e-01   1.99114361e-01  -1.28741732e+01 
  5.96385272e+00  -2.30208697e+00  -1.37864303e+01 
  4.55865250e+00   7.81148438e-02  -1.10881796e+01 
  1.55251238e+00  -8.61486060e-01  -8.83665794e+00 
 -6.86491676e-01   1.70799019e+00  -7.14844594e+00 
 -3.01167219e+00   1.11280480e+00  -4.31370499e+00 
 -4.48355263e+00   2.80941012e+00  -1.23774290e+00 
 -2.20083732e+00   4.17188501e+00   1.36935196e+00 
 -3.25029050e+00   2.71935967e+00   4.77085340e+00 
 -1.99704396e-01   3.96232975e+00   6.67770388e+00 
  5.85774385e-01   1.35182277e+00   9.34027598e+00 
  5.47975089e-01  -2.36448190e+00   1.01056189e+01 
 -1.18406071e+00  -4.30428800e+00   1.28110034e+01 
  2.04693567e+00  -4.57052894e-01   1.46819425e+01 
 -1.50156724e+00  -4.25243866e-01   1.60410156e+01 
  2.86492701e+00  -7.17014458e+00   9.00191111e+00 
  6.28214607e-01  -7.89541912e+00   6.04779911e+00 
 -2.51702863e+00  -6.47599302e+00   7.46757179e+00 
 -2.70564149e+00  -2.78716796e+00   6.61166639e+00 
 -4.64989372e+00  -5.73852050e-01   8.98129344e+00 
 -5.44259116e+00   3.19131213e+00   8.64330880e+00 
 -8.78671571e+00   1.16844492e+00   1.21695558e+01 
 -1.00664047e+01   9.16047434e-02   8.66797506e+00 
 -8.14104629e+00  -2.99645367e+00   7.47884713e+00 
 -6.86461603e+00  -4.44859108e+00   4.08920219e+00 
 -5.10140070e+00  -7.79190479e+00   3.47528874e+00 
 -1.81314558e+00  -7.45327077e+00   1.56164164e+00 
  5.68739674e-01  -9.85451416e+00  -3.91196647e-01 
 -1.96056042e+00  -1.26850129e+01  -6.90268289e-01 
  2.06587569e+00  -1.49072728e+01  -3.83432965e+00 

   5.961986807381e+01 

  1.28050779e+00  -1.08664970e+00   3.93195588e-01 
 -3.56938652e+00  -1.46579892e+00   1.33856351e+00 
 -2.46767072e+00  -1.39623549e+00   4.27491062e-01 
 -2.44242956e+00  -2.79082338e-02   9.94395982e-01 
 -3.02717819e+00   6.07874615e-01  -3.44790708e-02 
 -4.31595779e+00   7.16941281e-01   3.28439646e-01 
 -4.59224593e+00  -3.54838013e-01   1.21838133e+00 
 -2.98612162e+00   3.42670151e-01   2.13706628e+00 
 -1.68751816e+00  -1.32649435e-01   1.61058910e+00 
 -1.37491663e+00  -7.03028746e-01   2.62608332e-01 
 -3.05151713e+00   2.41806779e-01   3.37134749e+00 
 -4.25221529e+00   1.43271812e+00   3.96323408e+00 
 -4.56482249e-01  -1.70895702e-01   2.06289252e+00 
 -1.03748904e+00  -1.47423919e+00   2.20669737e+00 
 -4.56019991e+00   2.01884190e+00   8.52646412e-01 
 -3.43650962e+00   2.68367524e+00   1.12696401e+00 
 -2.21661311e+00   2.59916243e+00   5.26464586e-02 
 -1.30332397e+00   3.14504770e+00   1.14476099e+00 
  1.24642176e-01   2.11716922e+00   1.08186954e+00 
 -1.08271891e+00   2.94069137e+00   2.14108661e+00 
 -2.16350581e+00   2.34304520e+00   1.82392306e+00 
 -1.19171990e+00  -1.29608080e+00   3.64631526e+00 
 -1.22761903e-01  -5.18836157e-01   4.26691065e+00 
  1.15573548e+00  -8.53946216e-01   3.44301152e+00 
  1.38890966e+00  -2.10036644e+00   2.70688422e+00 
  4.16296768e-01  -2.02812102e+00   1.57276887e+00 
 -1.65618264e+00   2.40477949e+00   3.12767720e+00 
 -1.20178064e+00   1.96216234e+00  -4.11084958e-01 
  7.38824453e-02   1.21311529e+01  -1.77934104e-01 
  7.43515601e-01   1.02445885e+01   3.12302752e+00 
 -1.61028766e+00   7.43936828e+00   4.13676109e+00 
  3.81751246e+00   2.05754930e-01   6.48902789e+00 
  5.85388621e+00  -2.97009172e+00   7.49491118e+00 
  8.55461420e+00   1.92523224e+00   6.62129148e+00 
  6.20605879e+00   4.89083562e+00   5.73787458e+00 
  3.66987529e+00   4.99276788e+00   2.87254746e+00 
  2.44271199e+00   7.71080253e+00   4.40980133e-01 
 -1.68406010e-01   7.61938806e+00  -2.38555048e+00 
  9.81851758e-01   8.87015734e+00  -5.69947989e+00 
  2.84096229e-03   9.28053944e+00  -9.30920827e+00 
 -2.85173527e+00   5.25546718e+00  -8.75122843e+00 
 -2.49544232e-02   3.74452977e+00  -6.76207952e+00 
  1.24410003e+00   3.33442240e+00  -3.35838870e+00 
  4.90093786e+00   3.99739812e+00  -2.46275471e+00 
  6.64620068e+00   2.67873894e+00   7.86954657e-01 
  9.99879486e+00   4.06186719e+00   1.94491881e+00 
  1.19428207e+01   1.57203509e+00   4.06215735e+00 
 -4.04235430e+00  -1.08035441e+01  -8.46718944e+00 
 -4.79773244e+00  -1.12975259e+01  -4.75685521e+00 
 -1.24472223e+00  -1.06854487e+01  -3.44789289e+00 
  5.71106805e-01  -7.34370086e+00  -3.15564230e+00 
  3.50614178e+00  -7.41100751e+00  -5.50521196e+00 
  5.88085963e+00  -4.82142137e+00  -6.74946310e+00 
  5.11359572e+00  -2.34012283e+00  -9.46655722e+00 
  8.46396329e+00  -5.94619595e-01  -9.11023492e+00 
  1.13320884e+01  -3.84544420e-01  -6.68225526e+00 
  1.48162723e+01   1.60071311e+00  -7.80486880e-01 
  1.12990268e+01   2.58552354e+00  -2.03732329e+00 
  8.57024947e+00  -3.24325784e-02  -2.86747864e+00 
  5.67875862e+00   6.35094131e-01  -5.24636406e+00 
  2.53108223e+00  -1.31700379e+00  -5.52549377e+00 
 -1.17530884e+00  -9.30683898e-01  -6.31280985e+00 
 -3.23165045e+00   1.44849796e+00  -4.31906375e+00 
 -6.29162920e+00  -4.43640467e-01  -2.96343248e+00 
 -7.44282962e+00   2.32011712e+00  -6.13217486e-01 
 -8.97052486e+00   6.20637894e-01   2.43619744e+00 
 -8.71922063e+00  -2.40040517e+00   4.71835518e+00 
 -1.12201356e+01  -5.07040726e+00   5.55406709e+00 
 -1.29600366e+01  -1.12392666e-01   6.61793003e+00 
 -1.52860183e+01  -2.25049613e+00   4.50646438e+00 
 -5.75985487e+00  -4.82920490e+00   8.59442500e+00 
 -3.53672052e+00  -6.66033054e+00   6.15304512e+00 
 -6.15691393e+00  -7.44789031e+00   3.61583876e+00 
 -6.38634251e+00  -4.58162346e+00   1.14451198e+00 
 -9.72149792e+00  -4.04318979e+00  -5.52792903e-01 
 -1.06281757e+01  -1.49264123e+00  -3.30809716e+00 
 -1.43470895e+01  -5.21811591e+00  -3.29821877e+00 
 -1.12416263e+01  -6.74184848e+00  -5.05679592e+00 
 -8.76799829e+00  -8.02711325e+00  -2.43260195e+00 
 -4.89631022e+00  -8.32529745e+00  -2.04687180e+00 
 -2.93301897e+00  -9.92907087e+00   8.23139159e-01 
 -2.73022958e-01  -7.63356684e+00   2.32127882e+00 
  2.86066854e+00  -8.07302806e+00   4.61033451e+00 
  3.10646282e+00  -1.18438569e+01   4.14240174e+00 
  7.78279427e+00  -1.11206001e+01   7.08256716e+00 

   5.961986807381e+01 

 -1.97120516e+00  -1.65110783e+00  -9.97050693e-01 
 -2.10419217e+00   3.04557532e+00   5.78522619e-01 
 -1.48188074e+00   1.97966026e+00  -1.46200326e-01 
 -1.32433783e+00   1.49509291e+00   1.24473911e+00 
 -3.16609302e-02   1.82238243e+00   1.40784231e+00 
 -6.35004772e-02   2.99995021e+00   2.05350379e+00 
 -1.29073144e+00   3.62963862e+00   1.71521562e+00 
 -2.03612256e+00   1.88824341e+00   2.28272754e+00 
 -2.03921508e+00   8.24703988e-01   1.25396507e+00 
 -1.20444639e+00   7.15385146e-01   1.65019240e-02 
 -3.13595705e+00   1.99220180e+00   2.84616062e+00 
 -2.86643289e+00   2.72112129e+00   4.46056724e+00 
 -2.66587435e+00  -3.17179957e-01   1.09620007e+00 
 -3.30614044e+00   6.72783032e-01   2.79508221e-01 
  1.47141055e-01   2.79112116e+00   3.44684967e+00 
  2.71571723e-02   1.51030095e+00   3.80045512e+00 
  6.95879264e-01   3.84457875e-01   2.83363753e+00 
 -1.47909763e-01  -6.52643455e-01   3.56660604e+00 
 -8.36117436e-01  -1.64716409e+00   2.28720160e+00 
 -1.14273460e+00  -7.84130710e-01   3.84251817e+00 
 -9.61516427e-01   4.33238775e-01   3.50928327e+00 
 -4.43446955e+00   7.66924522e-01   1.19931148e+00 
 -4.78965435e+00  -4.98282317e-01   1.83571897e+00 
 -4.46624865e+00  -1.59249309e+00   7.75636118e-01 
 -4.46594924e+00  -1.39349973e+00  -6.77023003e-01 
 -3.28157263e+00  -5.10755829e-01  -9.12454770e-01 
 -2.14568537e+00  -5.62307467e-02   4.07419589e+00 
  6.12286447e-01  -3.56861959e-01   1.78761744e+00 
  5.01899628e+00  -5.00788254e+00   9.79005213e+00 
  1.15890089e+00  -4.97522913e+00   9.74026538e+00 
 -6.29889248e-01  -1.80210674e+00   8.65914082e+00 
 -7.06003682e+00  -4.43564289e+00   2.41117916e+00 
 -9.79838999e+00  -5.26600230e+00  -2.45236908e-01 
 -7.19835116e+00  -9.47416214e+00   2.50294951e+00 
 -4.60999384e+00  -8.27797530e+00   5.14122258e+00 
 -1.64197793e+00  -5.94616834e+00   4.50382611e+00 
  1.96336280e+00  -5.73096020e+00   5.83099056e+00 
  4.81934989e+00  -3.26276643e+00   5.07804544e+00 
  8.06497094e+00  -4.79136717e+00   4.07856127e+00 
  1.15443187e+01  -4.03386691e+00   2.86309944e+00 
  9.65729961e+00   2.14201877e-02   7.05563962e-01 
  6.72276037e+00  -2.11113156e+00  -3.29345533e-01 
  3.36953266e+00  -3.14290081e+00   6.97842196e-01 
  2.26317539e+00  -6.80156442e+00   6.32159754e-01 
 -1.47391887e+00  -7.97378008e+00   7.05999514e-01 
 -2.40988926e+00  -1.15890541e+01   1.44597620e+00 
 -5.76329186e+00  -1.25580934e+01  -6.29483909e-02 
  1.98976023e+00   6.59575101e+00  -1.18394394e+01 
 -1.30781588e+00   7.49861895e+00  -1.01388467e+01 
 -2.77605993e+00   3.95764122e+00  -1.00060369e+01 
 -1.76189679e+00   1.11703122e+00  -7.67101394e+00 
 -2.90967134e-01  -1.63633720e+00  -9.76738375e+00 
  1.59021814e+00  -4.75744806e+00  -8.98430579e+00 
  5.24731286e+00  -4.89632517e+00  -8.12727126e+00 
  5.17473558e+00  -8.63787114e+00  -7.49935702e+00 
  2.67289629e+00  -1.13907362e+01  -6.92673790e+00 
 -2.08765696e+00  -1.53026968e+01  -3.32877291e+00 
  8.84702499e-02  -1.23372097e+01  -2.14942487e+00 
  4.41046560e-02  -8.88723446e+00  -3.90577923e+00 
  2.92500200e+00  -6.41004180e+00  -3.73444876e+00 
  2.79683487e+00  -2.78848218e+00  -4.54952264e+00 
  4.31749661e+00   5.61237918e-01  -3.56290844e+00 
  4.09606879e+00   1.70080825e+00  -2.50531807e-02 
  2.57224779e+00   5.23038803e+00   1.27618217e-02 
  2.06565435e+00   5.39040191e+00   3.78169901e+00 
 -1.09829451e+00   7.42460355e+00   4.39199819e+00 
 -4.54553685e+00   8.22914818e+00   3.02549637e+00 
 -6.09051278e+00   1.14935452e+01   2.00634830e+00 
 -4.34098397e+00   1.14536994e+01   7.07374704e+00 
 -3.12477927e+00   1.43533753e+01   4.94004370e+00 
 -9.56582890e+00   6.29607665e+00   2.16483779e+00 
 -8.72779804e+00   4.81056737e+00  -1.20364104e+00 
 -6.45043539e+00   7.52558507e+00  -2.37213504e+00 
 -2.91766469e+00   6.75175947e+00  -1.23358142e+00 
 -6.06575098e-01   9.69461095e+00  -6.92742793e-01 
  3.14113790e+00   9.66309571e+00   2.41451095e-01 
  2.02240437e+00   1.44259868e+01  -1.70093978e+00 
  2.26144901e+00   1.20107526e+01  -4.72877027e+00 
 -1.05023127e+00   1.01379627e+01  -5.15604854e+00 
 -2.21234472e+00   6.60017525e+00  -6.32276285e+00 
 -5.79656132e+00   5.31717115e+00  -6.73611068e+00 
 -6.46882700e+00   2.04581237e+00  -4.88257068e+00 
 -9.20694132e+00  -7.37220020e-01  -4.98447877e+00 
 -1.06400626e+01   3.08808467e-01  -8.35353112e+00 
 -1.36605751e+01  -4.31564049e+00  -7.62777301e+00 

   5.961986807381e+01 

  4.30989784e-01  -1.00074401e+00   3.99574724e-01 
 -3.58930830e+00   1.07145083e+00  -1.62580454e+00 
 -2.84557323e+00   6.17291289e-01  -4.90345594e-01 
 -2.01039516e+00   1.76023885e+00  -9.26792908e-01 
 -2.41972071e+00   2.64882104e+00  -6.13611344e-03 
 -3.35747738e+00   3.37558264e+00  -6.36206275e-01 
 -3.91692666e+00   2.55033826e+00  -1.64765593e+00 
 -2.01486591e+00   2.30305752e+00  -2.12843874e+00 
 -1.28954828e+00   1.26254714e+00  -1.36638207e+00 
 -1.62530675e+00   6.72735730e-01  -3.24056245e-02 
 -1.83396032e+00   2.19423363e+00  -3.35045782e+00 
 -2.10528330e+00   3.80007241e+00  -4.09741251e+00 
 -1.75874218e-01   5.89834678e-01  -1.53572967e+00 
 -1.27813835e+00  -2.48780796e-01  -1.90814189e+00 
 -2.79037477e+00   4.59874954e+00  -1.09626010e+00 
 -1.45671818e+00   4.59467200e+00  -1.06052724e+00 
 -7.28984786e-01   3.95530137e+00   2.47546690e-01 
  5.59008216e-01   3.91824355e+00  -5.67623642e-01 
  1.22398293e+00   2.31524751e+00  -2.71331284e-01 
  8.71994051e-01   3.58669494e+00  -1.50314930e+00 
 -4.02230497e-01   3.62905347e+00  -1.48237561e+00 
 -9.84628276e-01  -8.12106206e-02  -3.32722586e+00 
  4.39611713e-01   2.39189643e-02  -3.63121153e+00 
  1.14922518e+00  -8.72297191e-01  -2.57342638e+00 
  5.51486518e-01  -2.03262456e+00  -1.90546991e+00 
 -4.87319557e-01  -1.43043670e+00  -1.01346958e+00 
  3.54166720e-01   3.36917441e+00  -2.63184892e+00 
 -3.06786851e-01   2.91533107e+00   8.72775924e-01 
  5.88692126e+00   1.10380554e+01   1.73843964e+00 
  6.26917222e+00   8.92670268e+00  -1.47091468e+00 
  3.13850057e+00   7.64587571e+00  -3.20171896e+00 
  4.60624545e+00  -1.43269210e+00  -4.85842250e+00 
  4.95494651e+00  -5.24286634e+00  -5.63662624e+00 
  9.45076033e+00  -2.33925466e+00  -3.79868253e+00 
  8.76481186e+00   1.44120730e+00  -3.22551293e+00 
  6.03418528e+00   2.93278932e+00  -9.95809365e-01 
  5.80260955e+00   6.00375794e+00   1.31106866e+00 
  2.92190968e+00   7.36449425e+00   3.47105339e+00 
  3.73913659e+00   8.01169921e+00   7.04637307e+00 
  2.29039315e+00   9.01861663e+00   1.03696658e+01 
 -1.97273011e+00   6.95740729e+00   8.87355421e+00 
  9.45445164e-02   4.14249972e+00   7.44771895e+00 
  1.73791758e+00   2.99895265e+00   4.38905527e+00 
  5.32991227e+00   1.69063357e+00   4.38311003e+00 
  6.88191842e+00  -4.69818130e-01   1.50749867e+00 
  1.06399631e+01  -1.01517233e+00   1.23638754e+00 
  1.15112545e+01  -4.23613050e+00  -5.87750427e-01 
 -1.09148271e+01  -6.31375563e+00   7.05552453e+00 
 -1.09328503e+01  -6.52423958e+00   3.24283967e+00 
 -7.35723572e+00  -7.84253616e+00   2.80812492e+00 
 -4.10562759e+00  -5.88580322e+00   3.19304722e+00 
 -2.23237116e+00  -7.31715042e+00   6.12248294e+00 
  7.54776375e-01  -6.22271298e+00   8.06479043e+00 
  7.22993067e-01  -3.57487585e+00   1.07323896e+01 
  4.47435475e+00  -3.77087431e+00   1.12686545e+01 
  7.53658779e+00  -5.14091914e+00   9.56247035e+00 
  1.28036090e+01  -5.44315731e+00   4.75843098e+00 
  1.00667966e+01  -2.76716259e+00   5.27748344e+00 
  6.28941229e+00  -3.61592231e+00   5.27024533e+00 
  3.65696956e+00  -1.47897791e+00   6.99335908e+00 
 -1.03452015e-02  -1.56670650e+00   6.41063062e+00 
 -3.09502552e+00   6.67229914e-01   6.38379971e+00 
 -3.16325989e+00   3.66704166e+00   4.17913552e+00 
 -6.34882481e+00   3.51445776e+00   2.03197735e+00 
 -5.38673407e+00   6.37471709e+00  -2.87597381e-01 
 -6.80432058e+00   5.54201703e+00  -3.72533980e+00 
 -7.57346893e+00   2.70740834e+00  -6.12773514e+00 
 -1.08007430e+01   1.62520692e+00  -7.70743230e+00 
 -9.53321197e+00   6.73231190e+00  -8.73301141e+00 
 -1.30315185e+01   6.15166778e+00  -7.36748276e+00 
 -5.41650584e+00  -1.04992223e+00  -9.43088641e+00 
 -5.03916843e+00  -3.64091558e+00  -6.71058255e+00 
 -8.20782619e+00  -2.88916238e+00  -4.88916686e+00 
 -7.54145471e+00  -1.90743116e-01  -2.31039550e+00 
 -1.04509629e+01   2.02792066e+00  -1.35839261e+00 
 -1.05734602e+01   4.80738586e+00   1.32090427e+00 
 -1.55358048e+01   3.46408037e+00   1.89425166e-01 
 -1.41101315e+01   6.63950814e-01   2.46648168e+00 
 -1.20780834e+01  -1.80659558e+00   3.63075924e-01 
 -8.90439012e+00  -4.02988331e+00   8.23871773e-01 
 -7.40052296e+00  -6.52929026e+00  -1.65703796e+00 
 -3.68678458e+00  -5.95376870e+00  -2.33987185e+00 
 -7.59082169e-01  -8.01184175e+00  -3.90378311e+00 
 -2.54387771e+00  -1.13688100e+01  -3.69451076e+00 
  2.40304793e+00  -1.32289029e+01  -5.45625145e+00 

   5.961986807381e+01 

  1.78677449e+00  -1.20381187e+00   9.54776039e-01 
  2.93408578e-01  -7.96796545e-01  -3.75299903e+00 
  5.28751607e-01  -2.39241240e-01  -2.45591943e+00 
 -5.89511467e-01  -1.16419714e+00  -2.15879645e+00 
 -1.57469485e+00  -2.52078829e-01  -2.11201460e+00 
 -2.14037406e+00  -3.07773621e-01  -3.32916846e+00 
 -1.14247887e+00  -7.57329451e-01  -4.23423583e+00 
 -9.50064856e-01  -2.19802538e+00  -2.89352444e+00 
 -8.02641289e-02  -1.88781478e+00  -1.73736962e+00 
  3.29184055e-01  -5.50333271e-01  -1.20482872e+00 
 -6.76177692e-01  -3.29694356e+00  -3.39876177e+00 
 -2.13536551e+00  -3.89726412e+00  -4.24767976e+00 
  5.37257017e-01  -2.59394102e+00  -8.20012580e-01 
  1.49000228e+00  -2.21172491e+00  -1.82158149e+00 
 -3.31723454e+00  -1.10882578e+00  -3.27713948e+00 
 -3.40378768e+00  -1.82623477e+00  -2.15563769e+00 
 -3.00971672e+00  -1.10170403e+00  -7.52351766e-01 
 -2.93682244e+00  -2.49179064e+00  -1.30139934e-01 
 -1.43998547e+00  -2.48356865e+00   7.96676279e-01 
 -2.49324151e+00  -3.40967361e+00  -3.39471444e-01 
 -2.45651827e+00  -2.68226910e+00  -1.38608889e+00 
  1.51251847e+00  -3.55965985e+00  -2.37888901e+00 
  1.36184320e+00  -4.61702928e+00  -1.38330581e+00 
  2.04711026e+00  -4.06666644e+00  -9.75477115e-02 
  3.13360467e+00  -3.08251304e+00  -6.94593253e-02 
  2.47563685e+00  -1.81691471e+00  -5.19739344e-01 
 -2.08090921e+00  -4.03096382e+00  -1.35603611e+00 
 -2.10111146e+00  -7.34447268e-01   7.84670184e-02 
 -1.06429342e+01  -4.18381067e+00   4.57615551e+00 
 -8.11539785e+00  -6.86220867e+00   3.41786987e+00 
 -6.39833093e+00  -6.42505311e+00   5.66376024e-02 
  2.71195692e+00  -7.83837380e+00   1.58127371e+00 
  6.56463225e+00  -8.35007905e+00   1.95500057e+00 
  3.14246136e+00  -9.60214765e+00   6.28425113e+00 
 -6.29421169e-01  -9.06789323e+00   5.52371463e+00 
 -2.25203373e+00  -5.82810094e+00   4.28937643e+00 
 -5.60512592e+00  -4.05949672e+00   4.94890173e+00 
 -7.07879619e+00  -7.81911336e-01   3.57002570e+00 
 -8.29094068e+00   1.65081401e+00   6.11604180e+00 
 -9.67644315e+00   5.11476100e+00   6.60437444e+00 
 -7.15063602e+00   6.44628453e+00   2.54130945e+00 
 -4.29620803e+00   4.35328253e+00   3.84588551e+00 
 -2.82682855e+00   1.00997228e+00   3.68157185e+00 
 -1.76425290e+00  -8.95845569e-01   6.82051296e+00 
  6.88254294e-01  -3.95045119e+00   6.81763233e+00 
  1.02558820e+00  -6.23282106e+00   9.84596622e+00 
  4.41547964e+00  -7.94930923e+00   9.99927586e+00 
  6.78870453e+00   1.10897230e+01  -4.05591416e+00 
  7.55311310e+00   7.97643264e+00  -6.13059409e+00 
  8.68905318e+00   5.72737244e+00  -3.23866210e+00 
  6.49302667e+00   4.05594296e+00  -6.05467178e-01 
  7.35944400e+00   5.54206589e+00   2.73821309e+00 
  5.80476623e+00   5.37547289e+00   6.12179490e+00 
  2.80407249e+00   7.36541867e+00   7.20072482e+00 
  2.67930705e+00   5.72221923e+00   1.06187709e+01 
  4.08443436e+00   2.71761486e+00   1.23973457e+01 
  4.74553608e+00  -4.16565726e+00   1.41566536e+01 
  2.20321593e+00  -2.43280859e+00   1.18211989e+01 
  3.28402128e+00  -2.50085804e-01   8.81177054e+00 
  1.09178733e+00   2.46229036e+00   7.29436061e+00 
  1.49805337e+00   4.04430840e+00   3.95840000e+00 
 -5.06045509e-01   5.55997953e+00   1.09609793e+00 
 -3.14207741e+00   3.52600355e+00  -5.70739843e-01 
 -2.47470656e+00   3.55468553e+00  -4.35692359e+00 
 -5.02217888e+00   8.60678016e-01  -5.21706148e+00 
 -3.60851438e+00  -1.10652211e+00  -8.15860701e+00 
 -4.10794318e-01  -2.41330731e+00  -9.72863818e+00 
  1.09434779e+00  -1.81446312e+00  -1.31135804e+01 
 -3.87940930e+00  -3.80500649e+00  -1.33146930e+01 
 -3.28116030e+00  -6.70453730e-01  -1.53778560e+01 
  3.64180448e+00  -6.02296387e+00  -9.25150768e+00 
  5.77931904e+00  -3.77217629e+00  -7.10193331e+00 
  4.97463007e+00  -5.60293090e-01  -8.82221293e+00 
  1.89224784e+00   9.61003896e-01  -7.22216467e+00 
 -2.50588412e-01   3.18631175e+00  -9.40167702e+00 
 -3.37713019e+00   5.22549726e+00  -8.40894184e+00 
 -1.56844078e+00   7.18799040e+00  -1.29462144e+01 
  7.73011448e-01   8.50406599e+00  -1.01455354e+01 
  3.38843337e+00   5.84318052e+00  -9.28740280e+00 
  5.31309877e+00   4.63428167e+00  -6.11535350e+00 
  8.04582144e+00   1.96074494e+00  -5.89628101e+00 
  7.33938031e+00  -7.31586196e-01  -3.28062929e+00 
  9.41165360e+00  -3.48493985e+00  -1.44279045e+00 
  1.28096109e+01  -2.02636758e+00  -2.35107392e+00 
  1.45859886e+01  -6.09088939e+00   1.01937019e+00 

   5.961986807381e+01 

 -5.00964460e-02   1.11235414e+00  -1.09755466e+00 
 -9.58102227e-01  -2.35789225e+00   2.32178224e+00 
 -1.25628121e+00  -1.70402644e+00   1.08395408e+00 
 -1.59663948e+00  -6.33334707e-01   2.04941420e+00 
 -2.93185789e+00  -7.78786719e-01   2.02166222e+00 
 -3.20850932e+00  -1.53508679e+00   3.09685178e+00 
 -2.05387786e+00  -2.31667757e+00   3.36700776e+00 
 -1.16543857e+00  -5.51655064e-01   3.29280433e+00 
 -8.00188366e-01  -7.24962330e-02   1.94133217e+00 
 -1.35735304e+00  -4.90301172e-01   6.16526160e-01 
 -2.22690294e-01  -4.49527838e-01   4.09198880e+00 
 -9.04657693e-01  -3.50622856e-01   5.74589747e+00 
  1.65285376e-02   8.36866670e-01   1.46433827e+00 
  6.36401236e-01  -4.49641577e-01   1.33164560e+00 
 -3.64411762e+00  -7.05620881e-01   4.16998918e+00 
 -3.39362341e+00   5.87380372e-01   3.95707189e+00 
 -3.68144826e+00   1.18730691e+00   2.47157765e+00 
 -2.83970061e+00   2.39547629e+00   2.86729164e+00 
 -1.77375007e+00   2.66156172e+00   1.49160097e+00 
 -1.90719421e+00   2.58242571e+00   3.28987250e+00 
 -2.21092883e+00   1.35849784e+00   3.47860471e+00 
  1.54071698e+00  -1.78708720e-01   2.44377674e+00 
  1.96307386e+00   1.21564561e+00   2.54026373e+00 
  2.02264518e+00   1.72598243e+00   1.07000128e+00 
  2.26660681e+00   8.90056351e-01  -1.09628868e-01 
  1.02465448e+00   6.37574988e-02  -2.20070993e-01 
 -1.09347076e+00   1.98445786e+00   4.04466503e+00 
 -3.28553984e+00   1.36756830e+00   1.26266771e+00 
 -8.34340380e+00   9.37887114e+00   5.17764971e+00 
 -4.59792167e+00   9.11320492e+00   6.07468176e+00 
 -3.15782773e+00   5.70120183e+00   6.92419370e+00 
  4.67309872e+00   4.85296564e+00   1.89662753e+00 
  7.96140988e+00   4.23472691e+00  -1.15687506e-01 
  5.58152383e+00   9.36854953e+00  -1.52395340e-01 
  2.38454055e+00   9.64484777e+00   2.03710197e+00 
 -7.37572527e-01   7.44621178e+00   1.77040718e+00 
 -4.51737626e+00   8.05671983e+00   2.15319356e+00 
 -7.53042864e+00   5.67814538e+00   1.87129278e+00 
 -1.02462742e+01   6.76438210e+00  -4.33900861e-01 
 -1.35069308e+01   5.73218432e+00  -2.00224420e+00 
 -1.19061015e+01   1.04180030e+00  -1.68792411e+00 
 -8.53056311e+00   2.30648252e+00  -2.79997387e+00 
 -5.31333139e+00   3.50422491e+00  -1.54353779e+00 
 -3.65366122e+00   6.66736555e+00  -2.90522652e+00 
  1.38500433e-01   7.53629618e+00  -2.44709457e+00 
  1.47340710e+00   1.10357474e+01  -3.12950070e+00 
  5.16196943e+00   1.10272726e+01  -4.05450643e+00 
 -3.12852984e+00  -1.09216072e+01  -7.95060813e+00 
 -3.96976863e-01  -1.11361214e+01  -5.29094721e+00 
  1.55728945e+00  -8.00768690e+00  -6.34244287e+00 
  5.77880397e-01  -4.36561340e+00  -5.77149367e+00 
 -1.74398857e-02  -2.78594441e+00  -9.13150523e+00 
 -1.49872590e+00   4.49721558e-01  -1.02404054e+01 
 -5.18387793e+00   1.16479193e+00  -1.04313653e+01 
 -4.64466664e+00   4.77359986e+00  -1.14727425e+01 
 -1.89591451e+00   7.34322072e+00  -1.15550155e+01 
  2.65029872e+00   1.21909152e+01  -8.95819848e+00 
 -1.48480343e-01   1.02088257e+01  -7.18093594e+00 
 -3.14504014e-01   6.34100370e+00  -7.21923878e+00 
 -3.52841862e+00   4.37506867e+00  -6.69841299e+00 
 -3.81871678e+00   7.76956401e-01  -5.82332362e+00 
 -6.00604935e+00  -1.67066906e+00  -3.89170505e+00 
 -6.64153835e+00  -1.09175025e+00  -2.68850191e-01 
 -5.72649244e+00  -4.29855586e+00   1.64438860e+00 
 -5.97549786e+00  -2.75933895e+00   5.11655457e+00 
 -3.34444509e+00  -4.46730419e+00   7.28021580e+00 
  1.29343082e-01  -5.99393198e+00   7.26282968e+00 
  1.30703616e+00  -9.44548881e+00   8.14696513e+00 
 -1.34345249e+00  -7.01440506e+00   1.21226048e+01 
 -2.57316210e+00  -1.04940237e+01   1.12170480e+01 
  5.46197766e+00  -4.94329236e+00   6.88866937e+00 
  5.52209773e+00  -5.10348680e+00   3.11687848e+00 
  3.10987217e+00  -7.92218642e+00   2.71790444e+00 
 -4.08402256e-01  -6.52153994e+00   2.52945366e+00 
 -3.21332393e+00  -8.76564766e+00   3.70861069e+00 
 -7.01780843e+00  -8.10604766e+00   3.60916373e+00 
 -6.31359714e+00  -1.32856333e+01   4.23009626e+00 
 -5.59145330e+00  -1.24975538e+01   4.99721592e-01 
 -2.00646147e+00  -1.12092060e+01   1.18764516e-01 
 -1.02917724e-01  -8.65611419e+00  -2.13643250e+00 
  3.65088989e+00  -7.90115748e+00  -2.18676521e+00 
  4.46496463e+00  -4.18786177e+00  -1.81520466e+00 
  7.57538916e+00  -1.91048268e+00  -2.44108662e+00 
  9.43898023e+00  -4.44860380e+00  -4.58199655e+00 
  1.29554904e+01  -1.73554405e-01  -5.20957763e+00 

   5.961986807381e+01 

 -2.67502232e+00   1.15178765e+00   3.43487419e-01 
  2.00418929e+00  -1.53251928e-02   1.48444124e+00 
  9.15788833e-01   5.35359599e-02   5.57450220e-01 
  1.20595733e+00   1.49358704e+00   7.48219477e-01 
  1.88216456e+00   1.69754688e+00  -3.94531075e-01 
  3.17463654e+00   1.61380893e+00  -3.80727710e-02 
  3.23950905e+00   7.76149502e-01   1.10698637e+00 
  1.85272339e+00   2.02041350e+00   1.76938173e+00 
  4.66036110e-01   1.71924306e+00   1.35001002e+00 
 -5.07819679e-03   9.00849845e-01   1.88808802e-01 
  1.93338639e+00   2.23154118e+00   2.98873348e+00 
  3.38192515e+00   3.24429507e+00   3.28257122e+00 
 -7.29131278e-01   2.06857637e+00   1.76356984e+00 
 -4.40645586e-01   7.53106873e-01   2.25679289e+00 
  3.71196930e+00   2.92162202e+00   1.35969216e-01 
  2.76855005e+00   3.86293452e+00   1.97809713e-01 
  1.52627828e+00   3.77019159e+00  -8.49858041e-01 
  7.87996140e-01   4.76598560e+00   3.79120180e-02 
 -8.30282904e-01   4.09335929e+00   2.06208205e-01 
  5.59686995e-01   4.88024668e+00   1.04682837e+00 
  1.47448515e+00   4.00037189e+00   9.25014268e-01 
 -2.06301206e-01   1.26070917e+00   3.60417919e+00 
 -1.06104979e+00   2.38572628e+00   3.97250031e+00 
 -2.40702587e+00   2.13492913e+00   3.23013028e+00 
 -2.92817162e+00   8.21920427e-01   2.83740617e+00 
 -1.99916292e+00   3.83914663e-01   1.74997495e+00 
  1.03384527e+00   4.50717714e+00   2.15381356e+00 
  3.83330791e-01   3.27140879e+00  -1.15903057e+00 
  1.35322995e+00   1.31775832e+01  -3.61199805e+00 
  3.94057004e-01   1.24047881e+01   4.67799474e-02 
  2.11351020e+00   9.51604449e+00   1.81764051e+00 
 -4.67835986e+00   4.50175158e+00   5.82347413e+00 
 -7.32289732e+00   2.21785267e+00   7.56555581e+00 
 -8.92277192e+00   7.18504604e+00   5.37723887e+00 
 -6.01544122e+00   9.23495174e+00   3.81638778e+00 
 -3.60883684e+00   8.03533249e+00   1.09207403e+00 
 -1.89793960e+00   9.69468699e+00  -1.92877603e+00 
  5.41027046e-01   8.30690356e+00  -4.56336669e+00 
 -4.13793147e-01   8.87424733e+00  -8.11809373e+00 
  5.17125170e-01   8.11064317e+00  -1.16828257e+01 
  2.44608141e+00   3.84688137e+00  -1.00213153e+01 
 -5.77380204e-01   3.55667530e+00  -7.78417532e+00 
 -1.79769036e+00   4.33020987e+00  -4.42615718e+00 
 -5.19348454e+00   5.98237730e+00  -3.83194790e+00 
 -7.08044617e+00   5.96475664e+00  -3.99094766e-01 
 -1.00148576e+01   8.29635945e+00   2.69239320e-01 
 -1.23855028e+01   6.92619900e+00   2.90815972e+00 
  1.31013373e-01  -1.14485059e+01  -5.54005624e+00 
  8.77274094e-01  -1.11149782e+01  -1.81003634e+00 
 -2.41529066e+00  -9.42605312e+00  -8.00852714e-01 
 -3.45240955e+00  -5.81072096e+00  -1.43621260e+00 
 -6.40436896e+00  -5.84483816e+00  -3.76520590e+00 
 -8.19826853e+00  -3.21424572e+00  -5.70306808e+00 
 -6.99642283e+00  -1.75161753e+00  -8.95028573e+00 
 -9.87517677e+00   7.12453636e-01  -9.14988288e+00 
 -1.25516514e+01   2.16441352e+00  -6.93772233e+00 
 -1.53348181e+01   6.32209952e+00  -1.85055364e+00 
 -1.17289053e+01   6.15699652e+00  -3.22555862e+00 
 -9.66085229e+00   2.88438732e+00  -3.27313837e+00 
 -6.76955522e+00   2.26581599e+00  -5.66545479e+00 
 -4.13097596e+00  -3.28491121e-01  -5.34306311e+00 
 -4.55683759e-01  -9.76056494e-01  -6.10420094e+00 
  2.12959636e+00   1.33224154e+00  -4.74326100e+00 
  4.74695281e+00  -7.62381711e-01  -2.86087088e+00 
  6.54379140e+00   2.19727925e+00  -1.28007772e+00 
  7.76116286e+00   1.05695306e+00   2.14609751e+00 
  6.93190858e+00  -1.13868410e+00   5.12764305e+00 
  8.81865200e+00  -3.97841463e+00   6.69545387e+00 
  1.16257377e+01   5.83905917e-01   6.47988489e+00 
  1.33647248e+01  -2.48200125e+00   5.05998998e+00 
  3.63910966e+00  -1.77403945e+00   9.42119984e+00 
  9.95999212e-01  -3.64651528e+00   7.48122957e+00 
  3.30180525e+00  -5.61620513e+00   5.30714118e+00 
  4.07018292e+00  -3.61051986e+00   2.18265697e+00 
  7.38772311e+00  -4.27027392e+00   4.93672661e-01 
  8.73941982e+00  -2.78274897e+00  -2.80469810e+00 
  1.15594910e+01  -7.09497696e+00  -1.72698429e+00 
  8.14368916e+00  -8.30900124e+00  -3.11143331e+00 
  5.53370354e+00  -8.29896415e+00  -3.10538953e-01 
  1.70366001e+00  -7.63669324e+00   3.56313738e-02 
 -4.69827630e-01  -7.97364207e+00   3.17027356e+00 
 -2.51978989e+00  -4.84607472e+00   3.94829484e+00 
 -5.60070986e+00  -3.98350555e+00   6.18812321e+00 
 -6.67367278e+00  -7.59939425e+00   6.71025855e+00 
 -1.09868663e+01  -5.13809256e+00   9.23495739e+00 

   5.961986807381e+01 

  2.51763872e+00   2.11860147e+00  -1.00135392e-01 
  4.96539023e-01  -1.98608629e+00   1.80397694e+00 
  6.03299064e-01  -9.98863521e-01   7.73121334e-01 
  4.16350920e-02  -1.85009735e-01   1.87607799e+00 
 -1.23171666e+00  -1.51237683e-01   1.44926488e+00 
 -1.84420357e+00  -1.12252669e+00   2.14641323e+00 
 -8.54747658e-01  -2.08462820e+00   2.48164431e+00 
  9.22805391e-02  -4.86263546e-01   3.15877280e+00 
  8.58365055e-01   2.81217565e-01   2.15201308e+00 
  6.96680212e-01   2.97763688e-01   6.64166096e-01 
  7.62650746e-01  -7.14997760e-01   4.17670431e+00 
 -3.69470461e-01  -9.69226976e-01   5.54196791e+00 
  1.81782119e+00   1.17517365e+00   2.19416776e+00 
  2.39276972e+00  -9.81902904e-02   1.87023655e+00 
 -2.53891161e+00  -5.55935288e-01   3.25354786e+00 
 -2.18098182e+00   7.06220889e-01   3.49599664e+00 
 -1.99403372e+00   1.70545463e+00   2.22476478e+00 
 -1.25365900e+00   2.65351924e+00   3.16168565e+00 
  1.79445246e-01   3.13647601e+00   2.26027464e+00 
 -4.78913634e-01   2.60594651e+00   3.85493836e+00 
 -8.77590365e-01   1.42284158e+00   3.59572113e+00 
  2.94198501e+00  -2.42632168e-01   3.21393531e+00 
  3.37770138e+00   1.01409377e+00   3.81618959e+00 
  3.88805569e+00   1.88048410e+00   2.62683247e+00 
  4.43069243e+00   1.35940665e+00   1.36832516e+00 
  3.24104846e+00   7.51692066e-01   6.95389012e-01 
  5.08003017e-02   1.73485210e+00   4.59657226e+00 
 -1.25348937e+00   2.14571131e+00   1.27162837e+00 
 -6.88371021e+00   9.41421811e+00   5.80588325e+00 
 -3.58136497e+00   8.46003367e+00   7.56313378e+00 
 -2.60365302e+00   4.79328069e+00   7.75368059e+00 
  6.31286288e+00   4.32749282e+00   4.99721162e+00 
  1.00166394e+01   3.85520706e+00   3.85545546e+00 
  7.97789327e+00   9.07336125e+00   4.65277657e+00 
  4.29449024e+00   9.16062588e+00   5.88398259e+00 
  1.29538182e+00   7.51383343e+00   4.16755030e+00 
 -2.40013986e+00   8.46683894e+00   3.67656988e+00 
 -5.29846024e+00   6.63829249e+00   1.92393587e+00 
 -7.16873605e+00   8.61910689e+00  -6.15372604e-01 
 -9.86761082e+00   8.44699908e+00  -3.23137499e+00 
 -8.63502144e+00   3.67713979e+00  -3.85613053e+00 
 -5.03009789e+00   4.76005645e+00  -3.60682560e+00 
 -2.27400381e+00   5.17773910e+00  -1.24181290e+00 
 -1.51962116e-01   8.35589739e+00  -1.13978887e+00 
  3.37306011e+00   8.59679903e+00   5.51837577e-01 
  5.00032633e+00   1.19590669e+01   1.28734553e+00 
  8.79394548e+00   1.17356687e+01   1.42786776e+00 
  1.06431544e+00  -7.21986832e+00  -1.06802183e+01 
  2.88354083e+00  -8.46128389e+00  -7.56084323e+00 
  5.19443217e+00  -5.43420560e+00  -7.10424650e+00 
  4.25003993e+00  -1.97676487e+00  -5.79881505e+00 
  4.73578246e+00   4.89605633e-01  -8.59533232e+00 
  3.78714456e+00   4.06070129e+00  -9.08600946e+00 
  3.54858998e-01   5.25241702e+00  -1.00490081e+01 
  1.33226935e+00   8.91217855e+00  -9.82646708e+00 
  4.09330829e+00   1.10518159e+01  -8.42504831e+00 
  7.88422751e+00   1.44463310e+01  -3.42326330e+00 
  4.60379156e+00   1.24309007e+01  -3.11135642e+00 
  4.28821110e+00   8.75994519e+00  -4.30029386e+00 
  9.80555389e-01   7.14082434e+00  -5.25069824e+00 
  2.90104134e-01   3.50399561e+00  -5.55601808e+00 
 -2.47191426e+00   9.26697385e-01  -5.07101009e+00 
 -4.11630263e+00   6.09993901e-01  -1.74538889e+00 
 -3.94311249e+00  -3.07404156e+00  -6.59441476e-01 
 -5.13242444e+00  -2.48018092e+00   2.90706880e+00 
 -3.32865960e+00  -5.00838396e+00   5.11515296e+00 
 -7.24233987e-02  -6.89593897e+00   5.59698371e+00 
  6.42813094e-01  -1.05770576e+01   5.73735319e+00 
 -2.94885306e+00  -8.96360611e+00   9.37571509e+00 
 -4.00900517e+00  -1.19037190e+01   7.21428545e+00 
  5.17582124e+00  -6.45415156e+00   6.99039073e+00 
  6.33262075e+00  -5.62627781e+00   3.49294550e+00 
  4.02329771e+00  -7.91990975e+00   1.66829222e+00 
  7.79472285e-01  -6.09344818e+00   9.49116343e-01 
 -2.34279041e+00  -8.20210124e+00   6.34355674e-01 
 -5.91829715e+00  -7.07264993e+00  -2.92550707e-01 
 -5.65321653e+00  -1.22797857e+01  -1.01715284e+00 
 -3.83506522e+00  -1.06374031e+01  -4.02633237e+00 
 -2.43525424e-01  -9.74946141e+00  -3.04168198e+00 
  2.34696902e+00  -6.95119664e+00  -3.87036944e+00 
  5.97954841e+00  -6.68133468e+00  -2.68922332e+00 
  6.80955833e+00  -3.32603879e+00  -1.06367327e+00 
  1.00627425e+01  -1.36847865e+00  -1.48427164e-01 
  1.23600788e+01  -3.46762539e+00  -2.34259095e+00 
  1.60884858e+01   3.51803915e-01  -7.46755726e-01 

   5.961986807381e+01 

 -8.87589311e+14   9.57288694e+14   6.63531715e+14 
 -8.87589311e+14   9.57288694e+14   6.63531715e+14 
 -8.87589311e+14   9.57288694e+14   6.63531715e+14 
 -8.87589311e+14   9.57288694e+14   6.63531715e+14 
 -8.87589311e+14   9.57288694e+14   6.63531715e+14 
 -8.87589311e+14   9.57288694e+14   6.63531715e+14 
 -8.87589311e+14   9.57288694e+14   6.63531715e+14 
 -8.87589311e+14   9.57288694e+14   6.63531715e+14 
 -8.87589311e+14   9.57288694e+14   6.63531715e+14 
 -8.87589311e+14   9.57288694e+14   6.63531715e+14 
 -8.87589311e+14   9.57288694e+14   6.63531715e+14 
 -8.87589311e+14   9.57288694e+14   6.63531715e+14 
 -8.87589311e+14   9.57288694e+14   6.63531715e+14 
 -8.87589311e+14   9.57288694e+14   6.63531715e+14 
 -8.87589311e+14   9.57288694e+14   6.63531715e+14 
 -8.87589311e+14   9.57288694e+14   6.63531715e+14 
 -8.87589311e+14   9.57288694e+14   6.63531715e+14 
 -8.87589311e+14   9.57288694e+14   6.63531715e+14 
 -8.87589311e+14   9.57288694e+14   6.63531715e+14 
 -8.87589311e+14   9.57288694e+14   6.63531715e+14 
 -8.87589311e+14   9.57288694e+14   6.63531715e+14 
 -8.87589311e+14   9.57288694e+14   6.63531715e+14 
 -8.87589311e+14   9.57288694e+14   6.63531715e+14 
 -8.87589311e+14   9.57288694e+14   6.63531715e+14 
 -8.87589311e+14   9.57288694e+14   6.63531715e+14 
 -8.87589311e+14   9.57288694e+14   6.63531715e+14 
 -8.87589311e+14   9.57288694e+14   6.63531715e+14 
 -8.87589311e+14   9.57288694e+14   6.63531715e+14 
 -8.87589311e+14   9.57288694e+14   6.63531715e+14 
 -8.87589311e+14   9.57288694e+14   6.63531715e+14 
 -8.87589311e+14   9.57288694e+14   6.63531715e+14 
 -8.87589311e+14   9.57288694e+14   6.63531715e+14 
 -8.87589311e+14   9.57288694e+14   6.63531715e+14 
 -8.87589311e+14   9.57288694e+14   6.63531715e+14 
 -8.87589311e+14   9.57288694e+14   6.63531715e+14 
 -8.87589311e+14   9.57288694e+14   6.63531715e+14 
 -8.87589311e+14   9.57288694e+14   6.63531715e+14 
 -8.87589311e+14   9.57288694e+14   6.63531715e+14 
 -8.87589311e+14   9.57288694e+14   6.63531715e+14 
 -8.87589311e+14   9.57288694e+14   6.63531715e+14 
 -8.87589311e+14   9.57288694e+14   6.63531715e+14 
 -8.87589311e+14   9.57288694e+14   6.63531715e+14 
 -8.87589311e+14   9.57288694e+14   6.63531715e+14 
 -8.87589311e+14   9.57288694e+14   6.63531715e+14 
 -8.87589311e+14   9.57288694e+14   6.63531715e+14 
 -8.87589311e+14   9.57288694e+14   6.63531715e+14 
 -8.87589311e+14   9.57288694e+14   6.63531715e+14 
 -8.87589311e+14   9.57288694e+14   6.63531715e+14 
 -8.87589311e+14   9.57288694e+14   6.63531715e+14 
 -8.87589311e+14   9.57288694e+14   6.63531715e+14 
 -8.87589311e+14   9.57288694e+14   6.63531715e+14 
 -8.87589311e+14   9.57288694e+14   6.63531715e+14 
 -8.87589311e+14   9.57288694e+14   6.63531715e+14 
 -8.87589311e+14   9.57288694e+14   6.63531715e+14 
 -8.87589311e+14   9.57288694e+14   6.63531715e+14 
 -8.87589311e+14   9.57288694e+14   6.63531715e+14 
 -8.87589311e+14   9.57288694e+14   6.63531715e+14 
 -8.87589311e+14   9.57288694e+14   6.63531715e+14 
 -8.87589311e+14   9.57288694e+14   6.63531715e+14 
 -8.87589311e+14   9.57288694e+14   6.63531715e+14 
 -8.87589311e+14   9.57288694e+14   6.63531715e+14 
 -8.87589311e+14   9.57288694e+14   6.63531715e+14 
 -8.87589311e+14   9.57288694e+14   6.63531715e+14 
 -8.87589311e+14   9.57288694e+14   6.63531715e+14 
 -8.87589311e+14   9.57288694e+14   6.63531715e+14 
 -8.87589311e+14   9.57288694e+14   6.63531715e+14 
 -8.87589311e+14   9.57288694e+14   6.63531715e+14 
 -8.87589311e+14   9.57288694e+14   6.63531715e+14 
 -8.87589311e+14   9.57288694e+14   6.63531715e+14 
 -8.87589311e+14   9.57288694e+14   6.63531715e+14 
 -8.87589311e+14   9.57288694e+14   6.63531715e+14 
 -8.87589311e+14   9.57288694e+14   6.63531715e+14 
 -8.87589311e+14   9.57288694e+14   6.63531715e+14 
 -8.87589311e+14   9.57288694e+14   6.63531715e+14 
 -8.87589311e+14   9.57288694e+14   6.63531715e+14 
 -8.87589311e+14   9.57288694e+14   6.63531715e+14 
 -8.87589311e+14   9.57288694e+14   6.63531715e+14 
 -8.87589311e+14   9.57288694e+14   6.63531715e+14 
 -8.87589311e+14   9.57288694e+14   6.63531715e+14 
 -8.87589311e+14   9.57288694e+14   6.63531715e+14 
 -8.87589311e+14   9.57288694e+14   6.63531715e+14 
 -8.87589311e+14   9.57288694e+14   6.63531715e+14 
 -8.87589311e+14   9.57288694e+14   6.63531715e+14 
 -8.87589311e+14   9.57288694e+14   6.63531715e+14 
 -8.87589311e+14   9.57288694e+14   6.63531715e+14 

   6.445555322572e+01 

 -6.64486962e-01  -3.40510181e-01   1.26413685e+00 
  2.06265712e+00  -4.11297016e+00  -4.35916159e-01 
  9.81407634e-01  -3.18421412e+00  -5.66229377e-01 
  2.14270893e+00  -2.27037213e+00  -6.69233779e-01 
  2.13083959e+00  -2.10803360e+00  -2.00274043e+00 
  3.05155292e+00  -2.97605071e+00  -2.45373007e+00 
  3.13143360e+00  -4.03114885e+00  -1.50640268e+00 
  3.36452898e+00  -2.52648062e+00  -2.44747010e-01 
  2.11731675e+00  -1.89005420e+00   2.33688927e-01 
  7.55951608e-01  -1.91174165e+00  -3.87856747e-01 
  4.13785433e+00  -2.79123631e+00   6.87868893e-01 
  5.80159217e+00  -2.86281338e+00   2.67117509e-02 
  1.79528702e+00  -1.11023942e+00   1.23851545e+00 
  1.40133991e+00  -2.45218253e+00   1.55623757e+00 
  4.27587272e+00  -2.29237081e+00  -2.70475794e+00 
  4.30390139e+00  -1.07089935e+00  -2.16888926e+00 
  2.96904936e+00  -1.48484929e-01  -2.29838746e+00 
  3.55927481e+00   7.43994457e-01  -1.21214790e+00 
  2.22538890e+00   1.02598785e+00  -9.82336598e-02 
  3.97942243e+00   6.34866329e-01  -2.66283273e-01 
  3.94246110e+00  -5.04121996e-01  -8.38309011e-01 
  2.51500159e+00  -2.60707973e+00   2.48564155e+00 
  2.86034646e+00  -1.38618831e+00   3.20819267e+00 
  1.51229530e+00  -6.29379612e-01   3.39703856e+00 
  1.88405944e-01  -1.25630601e+00   3.46104817e+00 
 -3.66337695e-02  -1.74969864e+00   2.06701313e+00 
  4.58066079e+00  -2.62080502e-01   3.84425562e-01 
  1.80411293e+00   1.68030362e-01  -1.85856693e+00 
  7.32688777e+00   8.19747881e+00  -5.03928395e+00 
  8.03642625e+00   6.94084426e+00  -1.45859880e+00 
  8.17720703e+00   3.19650012e+00  -8.28222805e-01 
  2.83086951e+00   1.61381658e+00   6.67051863e+00 
  6.33195091e-01   6.79730212e-01   9.75958500e+00 
  1.64657028e+00   6.12263104e+00   8.58943926e+00 
  3.95038756e+00   6.67555957e+00   5.51086211e+00 
  3.37239434e+00   5.31704628e+00   1.97913705e+00 
  3.98526248e+00   6.66540108e+00  -1.57227024e+00 
  3.35474123e+00   5.11359399e+00  -5.03780149e+00 
  1.38569632e+00   7.19661481e+00  -7.41551705e+00 
 -2.44174475e-01   7.23374577e+00  -1.08065578e+01 
 -8.76032706e-01   2.33426968e+00  -1.02995637e+01 
 -1.83621137e+00   3.00824594e+00  -6.71429551e+00 
 -4.79664195e-01   3.19886042e+00  -3.32501176e+00 
 -1.26989326e+00   6.11621713e+00  -9.84343516e-01 
 -7.77560521e-01   6.01816876e+00   2.90068033e+00 
 -8.26999439e-01   9.19872351e+00   4.99243551e+00 
 -1.85495485e+00   8.55021027e+00   8.59575866e+00 
 -9.57126745e+00  -9.84787877e+00  -4.35160212e+00 
 -7.08967461e+00  -1.11689962e+01  -1.76750851e+00 
 -7.59154327e+00  -8.40966394e+00   8.48999753e-01 
 -6.30956203e+00  -4.82007509e+00   7.03053120e-01 
 -9.28842598e+00  -2.53311902e+00   5.14268681e-01 
 -9.71585058e+00   1.10154535e+00  -1.92785225e-01 
 -9.64925839e+00   2.63896890e+00  -3.62207541e+00 
 -1.00046685e+01   6.16939041e+00  -2.27726407e+00 
 -9.68682869e+00   8.03232956e+00   9.77546837e-01 
 -6.36594055e+00   1.11605631e+01   6.46366677e+00 
 -4.90744851e+00   9.54518416e+00   3.27245114e+00 
 -5.67266871e+00   5.89155427e+00   2.24556044e+00 
 -5.43077660e+00   4.62475828e+00  -1.33244504e+00 
 -5.24452953e+00   1.08127572e+00  -2.43040210e+00 
 -3.74243961e+00  -1.14437450e+00  -5.13163357e+00 
 -5.69994572e-02  -1.14514860e+00  -5.66229438e+00 
  1.18344002e+00  -4.78100051e+00  -5.50970126e+00 
  4.89055594e+00  -3.92047552e+00  -5.44711411e+00 
  6.60561342e+00  -6.55193449e+00  -3.28956565e+00 
  6.18756206e+00  -8.77839413e+00  -2.45520720e-01 
  6.36326165e+00  -1.25090120e+01   1.19884006e-01 
  1.08106866e+01  -1.03599284e+01  -1.96405931e+00 
  9.30214897e+00  -1.32401489e+01  -3.93093726e+00 
  5.84802852e+00  -8.88460486e+00   5.19086294e+00 
  2.11427847e+00  -8.32735305e+00   5.25616352e+00 
  1.26614397e+00  -1.04107008e+01   2.27901553e+00 
  1.45975287e+00  -8.25532375e+00  -8.34253607e-01 
  2.28183594e+00  -1.00050754e+01  -4.08334037e+00 
  2.43155946e+00  -8.51178262e+00  -7.64237444e+00 
  2.03671788e+00  -1.37389722e+01  -8.12213278e+00 
 -1.49797099e+00  -1.24298764e+01  -7.19990767e+00 
 -1.74293887e+00  -1.19200019e+01  -3.41346427e+00 
 -3.53346308e+00  -9.46850574e+00  -9.61554907e-01 
 -3.56047926e+00  -9.56944842e+00   2.86632249e+00 
 -2.51833457e+00  -6.27119660e+00   4.48644881e+00 
 -2.80097655e+00  -4.66354136e+00   8.03447399e+00 
 -5.44286768e+00  -7.09252016e+00   9.30687293e+00 
 -5.36166585e+00  -3.66473108e+00   1.36977062e+01 

   5.961986807381e+01 

