  2.14571591e+00   1.95350609e+00   1.10148639e+00 
  3.12824676e+00   2.74338401e+00   6.15649857e-01 
  3.43607575e+00   2.74761643e+00  -6.92968562e-01 
  3.85527362e-01  -4.25431488e+00   3.59471939e+00 
  2.39334919e+00   2.67027587e+00  -1.46275318e+00 
  1.18763367e+00   2.74549739e+00  -9.19611850e-01 
  2.19443341e+00  -2.96288753e+00   6.41264655e-01 
  1.10969474e+00   2.18652724e+00   3.21847125e-01 
  2.34501004e+00  -4.38765003e+00   9.47870789e-01 
  6.33924772e-01  -5.71439884e+00   3.51137740e+00 
  4.77239533e+00   2.11754920e+00  -7.72868625e-01 
  4.64430568e+00   7.26471005e-01  -6.30245509e-01 
  4.61644427e+00  -1.84484553e-01   4.76025277e-01 
  3.39567339e+00  -1.00685006e+00   1.75237950e-01 
  2.55042872e+00   1.29055966e+00   2.31456853e+00 
  2.23515617e+00  -1.13485680e-02   2.58679570e+00 
  2.43714216e+00  -9.62920208e-01   3.64088598e+00 
  1.30333165e+00  -1.94893783e+00   3.68062236e+00 
  1.39874478e+00  -3.33471373e+00   3.63881521e+00 
 -6.32781442e-01  -3.73663322e+00   2.90429274e+00 
 -8.76555845e-01  -2.37521237e+00   3.07026759e+00 
  2.36372273e-01  -1.59758576e+00   2.91870510e+00 
  2.42014463e+00  -5.97246576e-01  -6.84884367e-01 
  1.13424326e+00  -9.45510305e-01  -2.07939325e-01 
  1.12717124e+00  -2.16794123e+00   4.15734760e-01 
  3.27205324e+00  -2.23195298e+00   6.53256320e-01 
  3.59755114e+00   1.57053448e+00   2.98549051e+00 
  5.76425614e+00   2.47466957e+00  -1.10352664e-01 
 -3.54018899e+00  -4.59580774e+00  -1.04381829e+01 
 -6.15382714e+00  -7.08276224e-01  -6.52751121e+00 
 -6.96298674e+00   4.51459134e+00  -5.50587971e+00 
 -1.03029910e+01  -8.71384857e+00   4.01738977e+00 
 -1.07206082e+01  -1.00823085e+01   1.94945869e-01 
  4.00723495e+00  -9.81985732e+00  -8.67968191e+00 
  3.49023920e+00  -6.61794848e+00  -1.06062929e+01 
  6.98051284e+00  -5.49941662e+00  -9.59524506e+00 
  9.15874806e+00  -5.30223835e+00  -6.49562340e+00 
  9.82361630e+00  -9.04475186e+00  -6.33314084e+00 
  7.76563464e+00  -1.11122908e+01  -3.90255242e+00 
  4.59977673e+00  -9.28355684e+00  -2.96675011e+00 
  3.20529029e+00  -6.56072579e+00  -5.24732379e+00 
 -4.71562407e-01  -7.40448478e+00  -5.94965507e+00 
 -1.51796692e+00  -3.79043595e+00  -6.57033848e+00 
 -3.84869331e-01  -2.44717990e+00  -3.48777376e+00 
 -1.64156398e+00  -5.38879051e+00  -1.27398370e+00 
 -4.95883441e+00  -5.17213292e+00  -2.95316476e+00 
 -5.14513862e+00  -1.42925003e+00  -2.28376938e+00 
 -4.80602736e+00  -1.93886379e+00   1.35809806e+00 
 -6.95982589e+00  -4.98611450e+00   1.60193027e+00 
 -9.69436207e+00  -3.00695540e+00  -2.87377631e-01 
 -9.41551939e+00  -2.73394129e-01   2.31381191e+00 
  7.39587004e-01   6.32631135e+00   1.08471899e+01 
  3.76400878e+00   4.45943548e+00   9.53438311e+00 
  3.37398285e+00   6.24668097e+00   6.23497622e+00 
 -2.70876419e-01   5.22329648e+00   5.69022356e+00 
 -1.85970820e+00   2.64885187e+00   3.43135907e+00 
 -3.67299244e+00   1.19424047e+00   6.19255662e+00 
 -4.25944245e-01   7.44269927e-01   8.22781451e+00 
 -3.08891498e-01  -3.00845566e+00   9.08733379e+00 
  3.37263418e+00  -3.51076015e+00   7.66564350e+00 
  4.59760402e+00  -4.02100930e+00   4.02469045e+00 
  6.70459487e+00  -1.58523467e+00   2.26123414e+00 
  7.25744632e+00  -1.49678664e+00  -1.64139128e+00 
  6.63512941e+00   1.69987912e+00  -3.58889512e+00 
  2.62388235e+00   5.95612740e+00  -5.17783629e+00 
  5.62644043e-02   8.52773317e+00  -4.04667477e+00 
 -2.55000168e+00   7.62068454e+00  -1.43282210e+00 
 -1.29999730e+00   9.04009349e+00   1.86632000e+00 
 -3.28215390e+00   1.18425015e+01   3.46153945e+00 
 -4.16650777e+00   9.77399995e+00   6.51063564e+00 
 -6.02454250e+00   7.28453905e+00   4.29401497e+00 
 -7.64327387e+00   1.00327643e+01   2.25778658e+00 

   1.454042932438e+01 

 -2.57412002e+00  -2.27283717e+00  -1.59688095e+00 
 -3.78698212e+00  -2.29915559e+00  -2.19151013e+00 
 -4.80740744e+00  -1.55774683e+00  -1.72642551e+00 
  3.61020838e+00   7.94811753e-01  -1.15511293e+00 
 -4.85736265e+00  -1.51460238e+00  -4.29709788e-01 
 -4.03842177e+00  -2.28531066e+00   2.70115261e-01 
  7.30678412e-02   1.86671786e+00  -1.10536659e+00 
 -2.82170779e+00  -2.46863755e+00  -3.17881674e-01 
  1.08402789e+00   2.90542233e+00  -1.31909885e+00 
  4.33677776e+00   2.08573508e+00  -1.23325780e+00 
 -5.02789214e+00  -5.21232316e-01  -2.75896790e+00 
 -4.03479637e+00   4.65792463e-01  -2.65224638e+00 
 -2.71732528e+00   6.45425353e-01  -3.18746022e+00 
 -1.92301810e+00   9.87376892e-01  -1.95897121e+00 
 -1.51164372e+00  -2.18006272e+00  -2.56507261e+00 
 -4.07538748e-01  -1.39595716e+00  -2.37906099e+00 
  8.04739928e-01  -1.07328320e+00  -3.07451442e+00 
  1.89461631e+00  -7.33026733e-01  -2.09689954e+00 
  2.66717541e+00   4.21915233e-01  -2.07481813e+00 
  3.24355678e+00   3.36865918e-01   4.38401886e-02 
  2.63121009e+00  -9.13851351e-01   7.81600153e-02 
  1.60005077e+00  -1.04275775e+00  -8.08619030e-01 
 -2.35730950e+00   7.12806531e-01  -6.95941663e-01 
 -1.29383205e+00   2.79989744e-01   1.31096334e-01 
 -1.24856721e-01   9.46776121e-01  -1.37696681e-01 
 -8.03866166e-01   1.68294787e+00  -2.05029466e+00 
 -1.65370378e+00  -2.33470941e+00  -3.82240761e+00 
 -5.19978831e+00  -7.53630777e-01  -3.97003862e+00 
 -4.13392148e+00   6.35760542e+00   9.86913319e+00 
 -2.75448261e+00   4.16717613e-01   9.66823635e+00 
 -4.89310037e+00  -4.51975193e+00   9.48276736e+00 
  1.09854707e+01   1.43442234e-01   7.76070185e+00 
  9.38203654e+00   2.91341701e+00   1.02933689e+01 
 -2.86384400e+00   1.24690447e+01   2.91328373e+00 
 -5.90576046e+00   1.06639270e+01   4.22462988e+00 
 -7.32645997e+00   1.05913239e+01   6.98770687e-01 
 -6.22744095e+00   9.75488741e+00  -2.83446768e+00 
 -4.12037929e+00   1.28932437e+01  -3.26559251e+00 
 -3.66794531e-01   1.25958155e+01  -2.77579290e+00 
  4.60440367e-01   9.51427600e+00  -7.60241725e-01 
 -2.17231425e+00   7.93239902e+00   1.50375609e+00 
 -6.31345413e-01   7.56885499e+00   4.99913802e+00 
 -2.81623699e+00   4.61072596e+00   6.00774140e+00 
 -1.99506140e+00   2.48370719e+00   3.28893411e+00 
  1.81212578e+00   3.28275727e+00   3.28081223e+00 
  1.89714341e+00   2.68240324e+00   6.95548488e+00 
  1.60382263e-01  -6.78287545e-01   6.52958593e+00 
  2.81162638e+00  -1.90085694e+00   4.26814176e+00 
  5.70856832e+00  -4.04136042e-01   6.09887775e+00 
  4.34285159e+00  -2.08412274e+00   9.30460780e+00 
  4.34347026e+00  -5.40074998e+00   7.48354209e+00 
  1.99152377e+00  -1.09575010e+01  -6.04759619e+00 
  9.88550824e-01  -7.71694622e+00  -7.73539477e+00 
 -2.18308920e+00  -7.69168278e+00  -5.69272158e+00 
 -4.38972553e-01  -7.97667413e+00  -2.30068564e+00 
  2.34426032e-01  -5.43950649e+00   4.12971474e-01 
  3.74130474e+00  -6.29104964e+00   4.82114372e-01 
  4.06914981e+00  -5.70322906e+00  -3.31723480e+00 
  6.88198951e+00  -3.09659517e+00  -3.67614522e+00 
  4.70802240e+00  -6.41033441e-01  -5.92808399e+00 
  2.03427295e+00   1.97326546e+00  -4.91124986e+00 
 -1.50812302e+00   1.67570390e+00  -5.83052671e+00 
 -4.44749375e+00   3.69046505e+00  -4.14387652e+00 
 -7.45727266e+00   1.86029445e+00  -2.73305124e+00 
 -9.47530249e+00  -2.24658432e+00   1.24081213e+00 
 -9.21070141e+00  -5.78838144e+00   2.60865851e+00 
 -5.81097875e+00  -7.29900538e+00   3.38807302e+00 
 -4.93635595e+00  -9.54710486e+00   4.48233766e-01 
 -4.73561284e+00  -1.32770906e+01   1.05984515e+00 
 -1.04135434e+00  -1.34339153e+01   2.31818424e-01 
 -2.80293336e-01  -1.10848713e+01   3.14143939e+00 
 -2.66999542e+00  -1.28881355e+01   5.45592017e+00 

   1.454042932786e+01 

 -4.40076689e+00  -1.15117084e-01  -1.08495579e+00 
 -5.69634104e+00  -4.25113127e-01  -8.59786979e-01 
 -6.12600490e+00  -7.77646524e-01   3.64291312e-01 
  1.93146892e+00  -2.41543830e+00  -2.65430996e+00 
 -5.57650752e+00  -8.69376138e-02   1.31655307e+00 
 -4.80566776e+00   9.42643024e-01   1.00004034e+00 
 -7.05498204e-01  -3.27170593e+00  -2.09717139e-01 
 -4.09760247e+00   7.63814500e-01  -1.51656667e-01 
  3.63569818e-01  -4.25295177e+00  -4.11902271e-01 
  2.89716104e+00  -3.52935617e+00  -2.48963253e+00 
 -6.46095574e+00  -2.21443728e+00   2.52220479e-01 
 -5.27948799e+00  -2.97334200e+00   2.58868637e-01 
 -4.35381128e+00  -3.42337574e+00  -7.38650395e-01 
 -3.03328934e+00  -3.01931541e+00  -1.47044934e-01 
 -3.90934752e+00  -7.35471968e-01  -2.28850268e+00 
 -2.65993985e+00  -1.28198701e+00  -2.38215915e+00 
 -1.85142563e+00  -1.94016191e+00  -3.36730082e+00 
 -3.94225499e-01  -1.67555042e+00  -3.11062130e+00 
  6.14070126e-01  -2.62072993e+00  -2.96501312e+00 
  2.01973799e+00  -1.36406562e+00  -1.83671573e+00 
  1.14285633e+00  -3.08126141e-01  -2.07443496e+00 
 -1.60771597e-01  -6.96992528e-01  -2.19941741e+00 
 -2.91830669e+00  -2.08387846e+00   8.38337372e-01 
 -1.78298799e+00  -1.26319759e+00   6.38735524e-01 
 -7.17122356e-01  -1.96737140e+00   1.37310803e-01 
 -1.92157308e+00  -3.64786488e+00  -4.84198541e-01 
 -4.63664654e+00  -1.31154913e+00  -3.16266469e+00 
 -7.21613657e+00  -2.70015914e+00  -6.10348860e-01 
  1.99584146e+00  -8.39601324e-01   1.18357841e+01 
  1.28269201e+00   3.96763072e+00   8.14535083e+00 
 -2.08694328e+00   7.95525376e+00   6.83339166e+00 
  1.19307212e+01   3.11068324e+00  -7.08168169e-01 
  1.25421793e+01   2.23659290e+00   3.23140652e+00 
  1.79999453e+00  -9.80002918e+00   9.18644347e+00 
 -7.21612416e-01  -7.56686644e+00   1.08852128e+01 
 -3.51428951e+00  -9.48031635e+00   9.15460438e+00 
 -4.41605111e+00  -1.07678696e+01   5.70202927e+00 
 -1.88879047e+00  -1.36113600e+01   5.75075431e+00 
  1.40423808e+00  -1.30946345e+01   3.93231443e+00 
  2.07439325e+00  -9.41379602e+00   3.43737024e+00 
  3.89890678e-01  -6.83234162e+00   5.68636160e+00 
  3.13920762e+00  -4.57480253e+00   7.12483911e+00 
  8.58220533e-01  -1.55703113e+00   7.60620497e+00 
 -3.02347946e-01  -1.31897809e+00   4.26152821e+00 
  3.14335007e+00  -1.98952571e+00   2.58499830e+00 
  4.67425105e+00   5.66178537e-01   4.82007991e+00 
  2.00983850e+00   3.11335823e+00   3.86889477e+00 
  2.86786006e+00   2.85643310e+00   2.86201714e-01 
  6.57663240e+00   2.63902622e+00   7.12561439e-01 
  6.35084475e+00   5.82793110e+00   2.89066801e+00 
  4.54155203e+00   7.55519853e+00   5.17766743e-02 
 -5.14962451e+00   4.58088786e+00  -1.07526395e+01 
 -5.77384565e+00   9.52115272e-01  -9.85923484e+00 
 -7.52812114e+00   2.07886013e+00  -6.71512672e+00 
 -4.63006886e+00   4.21321789e+00  -5.42095486e+00 
 -2.08870534e+00   3.63091973e+00  -2.69020033e+00 
  6.42061407e-01   4.37127835e+00  -4.93138011e+00 
 -6.00240806e-01   1.75567173e+00  -7.48154806e+00 
  2.39427185e+00  -6.07660834e-01  -8.01350380e+00 
  2.95263210e-01  -3.90093152e+00  -7.25477073e+00 
 -7.18661916e-01  -5.49405537e+00  -3.87078500e+00 
 -4.20421875e+00  -5.75872080e+00  -2.74694051e+00 
 -5.32340556e+00  -6.47970229e+00   9.64064411e-01 
 -7.78106587e+00  -4.17009475e+00   2.70312728e+00 
 -8.94361105e+00   1.46016817e+00   4.62122947e+00 
 -9.17510860e+00   5.16004276e+00   3.75943996e+00 
 -6.41588370e+00   6.84435955e+00   1.76010491e+00 
 -7.66643744e+00   7.05883691e+00  -1.82481990e+00 
 -8.34579717e+00   1.04910417e+01  -3.26898082e+00 
 -5.64855247e+00   1.01531383e+01  -5.90876501e+00 
 -3.00241612e+00   9.83635709e+00  -3.17733165e+00 
 -4.52608697e+00   1.26292206e+01  -1.12852713e+00 

   1.454042932954e+01 

 -1.90713101e-01  -2.92873498e+00   3.01885271e+00 
  3.64783854e-01  -4.15883102e+00   3.07883501e+00 
  1.04327789e+00  -4.66871248e+00   2.03627794e+00 
  6.61215403e-01   3.87676604e+00   3.91936314e+00 
  5.01238543e-01  -4.39090426e+00   8.89611222e-01 
 -6.82663490e-01  -3.79740288e+00   8.66316789e-01 
  2.44759570e+00   1.15734382e+00   2.16539365e+00 
 -8.78564796e-01  -2.92418575e+00   1.89532437e+00 
  3.17567109e+00   2.41190224e+00   2.37183510e+00 
  1.61456099e+00   5.00839853e+00   3.81432603e+00 
  2.45439443e+00  -4.70419782e+00   2.47968573e+00 
  2.99672159e+00  -3.41019980e+00   2.42226620e+00 
  3.06094794e+00  -2.29336602e+00   3.31837398e+00 
  2.59147395e+00  -1.16354132e+00   2.44651949e+00 
  6.13875691e-02  -2.17476575e+00   4.22003288e+00 
  3.66339778e-01  -8.42361091e-01   4.20693294e+00 
  6.52305100e-01   1.98834769e-01   5.15114084e+00 
  2.21072708e-01   1.53203431e+00   4.60712479e+00 
  1.00104888e+00   2.67521366e+00   4.48061685e+00 
 -1.83681873e-01   3.65427624e+00   2.91026294e+00 
 -1.11161805e+00   2.62968027e+00   3.08224423e+00 
 -5.56340273e-01   1.45253694e+00   3.49731488e+00 
  1.89091371e+00  -1.35967348e+00   1.29326796e+00 
  8.75440081e-01  -3.86792894e-01   1.13635017e+00 
  1.27134292e+00   8.50494884e-01   1.57877188e+00 
  2.94358508e+00   8.24170392e-02   2.70779632e+00 
  5.38886204e-01  -2.65770451e+00   5.29880679e+00 
  2.85199590e+00  -5.23310798e+00   3.53439744e+00 
  2.33729629e+00   1.74782296e+00  -1.04022491e+01 
 -2.98879260e+00   6.12782093e-01  -7.64873890e+00 
 -6.57525535e+00  -3.25908269e+00  -6.58913318e+00 
 -5.82652134e+00   1.22890299e+01  -7.12441849e-01 
 -4.21288626e+00   1.25379143e+01  -4.45308377e+00 
  1.04033517e+01   3.62220862e+00  -6.06957589e+00 
  9.03429590e+00   5.19383658e-01  -7.72169516e+00 
  1.09399132e+01  -1.60428471e+00  -5.20892838e+00 
  1.15599723e+01  -1.78423249e+00  -1.47069515e+00 
  1.39014827e+01   1.21338040e+00  -1.39004992e+00 
  1.24750577e+01   4.55448710e+00  -2.85476070e-01 
  8.71725593e+00   4.56454554e+00  -6.34008211e-01 
  7.00065879e+00   2.13741403e+00  -3.02602507e+00 
  4.70639949e+00   4.19096251e+00  -5.31595017e+00 
  2.27493363e+00   1.33034883e+00  -5.98409868e+00 
  1.49261104e+00   5.91828860e-01  -2.60282511e+00 
  1.21528948e+00   4.29077204e+00  -1.43059077e+00 
 -9.94610028e-01   4.99807194e+00  -4.34382660e+00 
 -3.22854220e+00   2.04156943e+00  -3.47169607e+00 
 -3.91059460e+00   3.39258190e+00  -1.03095335e-01 
 -4.20123652e+00   6.98629900e+00  -1.09544853e+00 
 -6.75152322e+00   5.87075763e+00  -3.78168157e+00 
 -8.75083028e+00   4.14949471e+00  -1.06942747e+00 
 -6.72508575e+00  -3.29787558e+00   1.15770690e+01 
 -2.93666808e+00  -3.32519415e+00   1.15226666e+01 
 -3.04478869e+00  -5.65774246e+00   8.55956337e+00 
 -5.27625866e+00  -3.41706457e+00   6.40805805e+00 
 -4.51959949e+00  -1.18932181e+00   3.45522054e+00 
 -6.16453892e+00   1.61706408e+00   5.01934245e+00 
 -4.01287119e+00   1.24306385e+00   8.20030446e+00 
 -2.33645941e+00   4.67874675e+00   8.67057095e+00 
  1.33564389e+00   3.17005417e+00   8.92873481e+00 
  3.77855527e+00   2.04831710e+00   6.13743826e+00 
  4.83981802e+00  -1.43787618e+00   5.68759386e+00 
  6.53283437e+00  -2.87200006e+00   2.42861611e+00 
  5.08889934e+00  -5.93254592e+00   7.11982146e-01 
  2.82526129e-01  -8.39387763e+00  -2.03958293e+00 
 -3.43024906e+00  -9.21669690e+00  -1.88591721e+00 
 -5.93441414e+00  -6.59530265e+00  -7.43535817e-01 
 -6.73273978e+00  -7.38550619e+00   2.88962062e+00 
 -1.02449832e+01  -8.51667614e+00   3.73327985e+00 
 -1.09353261e+01  -5.48401404e+00   5.89757080e+00 
 -1.04507335e+01  -3.20539744e+00   2.87495730e+00 
 -1.24407149e+01  -5.49055438e+00   6.08398050e-01 

   1.454042932771e+01 

  1.56500036e-02   6.70879621e-01   2.75020085e+00 
 -7.56559455e-02  -2.39792883e-01   3.74400658e+00 
  6.37061133e-01  -1.37923100e+00   3.71280322e+00 
 -2.27513335e+00   2.76926558e+00  -3.43046516e+00 
  1.84200108e+00  -1.21517352e+00   3.25779390e+00 
  2.27880653e+00   1.36306688e-02   3.02616532e+00 
 -1.04885007e+00  -3.89597881e-01  -1.95376904e+00 
  1.30853086e+00   8.67553301e-01   2.59128218e+00 
 -1.75493843e+00  -4.79443255e-01  -3.23439221e+00 
 -2.78293954e+00   2.33046060e+00  -4.75336945e+00 
 -3.62551224e-01  -2.44910141e+00   3.50003104e+00 
 -7.60827810e-01  -2.45777719e+00   2.15349953e+00 
 -1.76660007e+00  -1.78442335e+00   1.38573092e+00 
 -9.77168841e-01  -1.27116770e+00   2.15087109e-01 
 -1.28196327e+00   1.15634159e+00   2.35601232e+00 
 -1.62273806e+00   1.38156683e+00   1.05155238e+00 
 -2.75491569e+00   1.85331986e+00   3.07901646e-01 
 -2.30597167e+00   2.52446179e+00  -9.59912862e-01 
 -2.72137983e+00   2.23139952e+00  -2.25327154e+00 
 -9.77901921e-01   3.05748849e+00  -3.30494814e+00 
 -5.58079718e-01   3.53759227e+00  -2.06652588e+00 
 -9.72470412e-01   2.77193871e+00  -1.01374933e+00 
  3.80678141e-01  -1.14816167e+00   2.34130464e-01 
  8.00040724e-01   2.87907267e-02  -4.30116919e-01 
  3.20936781e-02   3.01406293e-01  -1.53433391e+00 
 -1.56712120e+00  -1.02160899e+00  -9.40047822e-01 
 -2.36489283e+00   9.48069643e-01   2.99544512e+00 
 -1.38188677e+00  -2.61414753e+00   4.19570660e+00 
  1.00305200e+01  -4.51061855e+00  -6.26320341e+00 
  1.00926066e+01   6.20766160e-01  -2.96132588e+00 
  1.13509646e+01   2.64824916e+00   1.86388540e+00 
  3.25533063e+00   9.81942626e+00  -1.07802768e+01 
  5.82590042e+00   7.20430788e+00  -1.25723400e+01 
  2.38149261e+00  -9.22462838e+00  -8.83557993e+00 
  4.95122152e+00  -9.77626711e+00  -6.12937915e+00 
  2.24908740e+00  -1.13123278e+01  -3.93978330e+00 
 -1.30078123e+00  -1.05930124e+01  -2.81183814e+00 
 -2.88388527e+00  -1.14707110e+01  -6.15822195e+00 
 -3.79405709e+00  -8.62085170e+00  -8.49652365e+00 
 -1.85513975e+00  -5.50934491e+00  -7.60110479e+00 
  1.40917979e+00  -5.77370529e+00  -5.64310857e+00 
  4.09433724e+00  -3.85078565e+00  -7.59675991e+00 
  6.21414060e+00  -3.05243023e+00  -4.52908626e+00 
  3.68160017e+00  -1.45962768e+00  -2.62129426e+00 
  2.15341080e+00   5.58306517e-01  -5.57524078e+00 
  5.57611363e+00   1.69165159e+00  -6.50878582e+00 
  6.26200725e+00   2.82818348e+00  -2.94089892e+00 
  3.35222443e+00   5.10192758e+00  -2.97485028e+00 
  3.76398202e+00   6.32878331e+00  -6.48331445e+00 
  7.43438880e+00   7.16172606e+00  -5.58969087e+00 
  6.18501599e+00   9.20188840e+00  -2.65829150e+00 
 -4.66415690e+00   9.17182959e+00   7.43107826e+00 
 -6.25671316e+00   5.88547061e+00   6.42141320e+00 
 -3.20082807e+00   4.07167529e+00   7.68796970e+00 
 -6.96402251e-01   6.05854984e+00   5.58814790e+00 
  1.22206734e+00   5.18890283e+00   2.45480962e+00 
  8.81181755e-02   8.19129808e+00   8.03178016e-01 
 -3.60139116e+00   7.32555255e+00   1.52848836e+00 
 -5.31298589e+00   7.31889934e+00  -1.92199324e+00 
 -6.88728331e+00   3.69577585e+00  -1.45113410e+00 
 -5.29127197e+00   1.96481126e-01  -1.92561346e+00 
 -4.77834557e+00  -2.16201823e+00   8.41437240e-01 
 -2.39096035e+00  -5.29695066e+00   7.12820914e-01 
  2.61437491e-01  -5.79136050e+00   3.38097873e+00 
  5.19162383e+00  -3.53877687e+00   6.09199648e+00 
  6.80376217e+00  -5.96368473e-01   7.88882344e+00 
  6.44695652e+00   2.92763797e+00   6.50981868e+00 
  3.70684920e+00   4.60397846e+00   8.54531999e+00 
  4.67179443e+00   7.50354488e+00   1.07788274e+01 
  2.55446650e+00   9.98052984e+00   8.84511694e+00 
  4.64448009e+00   9.33896039e+00   5.71728258e+00 
  7.89299408e+00   9.40633108e+00   7.65683853e+00 

   1.454042932759e+01 

 -2.58425559e+00  -9.01088779e-01   2.52943256e+00 
 -2.95255882e+00  -1.54585139e+00   3.65812431e+00 
 -2.05907299e+00  -2.23138373e+00   4.39228175e+00 
 -1.55122119e+00  -1.28041304e+00  -4.29995023e+00 
 -9.06171612e-01  -1.64005416e+00   4.47580617e+00 
 -7.75787267e-01  -4.15982287e-01   3.98687000e+00 
 -5.27162355e-01  -3.21188461e+00  -1.31942363e+00 
 -1.53491342e+00  -1.84848110e-01   2.87779527e+00 
 -3.49464965e-01  -3.85220873e+00  -2.62519445e+00 
 -1.09751562e+00  -2.14590616e+00  -5.41599917e+00 
 -2.43028171e+00  -3.65273099e+00   4.21594348e+00 
 -1.99677001e+00  -4.09792664e+00   2.95669167e+00 
 -2.54974052e+00  -4.10488552e+00   1.63433516e+00 
 -1.42479747e+00  -3.53140198e+00   8.20296148e-01 
 -3.52090632e+00  -1.12988714e+00   1.45929470e+00 
 -3.13034315e+00  -1.33681954e+00   1.65807646e-01 
 -3.74005506e+00  -1.57163322e+00  -1.11110556e+00 
 -2.87280667e+00  -1.03029693e+00  -2.21299991e+00 
 -2.40324511e+00  -1.72152724e+00  -3.32337770e+00 
 -6.81041728e-01  -4.27153277e-01  -3.75554988e+00 
 -1.16866599e+00   4.18985222e-01  -2.76221591e+00 
 -1.86370508e+00  -2.31234989e-01  -1.78220685e+00 
 -4.02304578e-01  -2.81626718e+00   1.37014356e+00 
 -3.21716600e-02  -1.72898654e+00   5.43627430e-01 
 -1.01131273e-01  -2.04571585e+00  -7.89895735e-01 
 -1.31933529e+00  -3.79898468e+00  -4.68865443e-01 
 -4.66756759e+00  -1.66994523e+00   1.59528332e+00 
 -3.57003712e+00  -4.11582430e+00   4.40765201e+00 
  1.17049406e+01  -2.72209200e+00   1.58613040e+00 
  8.50547499e+00   2.43177086e+00   2.24830533e+00 
  6.26546125e+00   5.69790418e+00   5.89406002e+00 
  4.90091031e+00   5.92290250e+00  -1.06868715e+01 
  8.63696908e+00   4.43247072e+00  -9.99503196e+00 
  8.42285101e+00  -1.07439963e+01  -1.91009136e+00 
  9.09997208e+00  -9.56006909e+00   1.60717434e+00 
  6.19248917e+00  -1.16815499e+01   2.83241054e+00 
  2.57974411e+00  -1.24130398e+01   1.93561739e+00 
  3.42833242e+00  -1.45320118e+01  -1.10818174e+00 
  3.21457034e+00  -1.28968629e+01  -4.52846819e+00 
  3.38033624e+00  -9.14026144e+00  -4.20734912e+00 
  4.93711087e+00  -7.54093236e+00  -1.11251199e+00 
  7.59353957e+00  -5.04304205e+00  -2.30765834e+00 
  7.34277866e+00  -2.80868484e+00   7.72329654e-01 
  3.85627352e+00  -2.17299178e+00   5.97320283e-01 
  3.72782153e+00  -1.65932779e+00  -3.25662188e+00 
  6.61921685e+00   6.73407778e-01  -2.99384751e+00 
  4.87129093e+00   2.66256521e+00  -2.58892398e-01 
  1.97243249e+00   3.35036243e+00  -2.44096843e+00 
  3.89450107e+00   3.92769942e+00  -5.59634062e+00 
  6.05418785e+00   6.46134725e+00  -3.62641048e+00 
  2.88636203e+00   8.25694707e+00  -2.59830629e+00 
 -1.12072787e+01   5.35742214e+00   9.31974956e-01 
 -1.09891940e+01   1.57984625e+00   7.36594067e-01 
 -8.78427183e+00   1.59770432e+00   3.79771350e+00 
 -6.20684838e+00   4.04287123e+00   2.38098571e+00 
 -2.72631456e+00   3.52941961e+00   1.01099584e+00 
 -3.53772699e+00   5.33127745e+00  -2.00943849e+00 
 -6.59797337e+00   3.07362373e+00  -2.66209602e+00 
 -6.03449364e+00   1.63911980e+00  -6.19198461e+00 
 -6.52679092e+00  -2.13844239e+00  -5.04533240e+00 
 -4.03946546e+00  -4.58064374e+00  -3.35231457e+00 
 -4.51115221e+00  -5.87981568e+00   4.94275789e-02 
 -1.69409407e+00  -7.58451788e+00   2.21786639e+00 
 -9.46856665e-01  -6.32113630e+00   5.71704134e+00 
  8.04731212e-01  -1.63414568e+00   9.13677025e+00 
  2.62460457e-01   2.00361977e+00   1.01155192e+01 
 -2.33556804e-01   4.65999881e+00   7.44246791e+00 
 -3.97694006e+00   5.30114067e+00   7.24858618e+00 
 -5.25727520e+00   8.69808569e+00   8.32034496e+00 
 -6.53988702e+00   9.54855156e+00   4.85777615e+00 
 -2.99085239e+00   9.31191505e+00   3.47521616e+00 
 -1.52834059e+00   1.11907541e+01   6.41635236e+00 

   1.454042932437e+01 

  8.10308175e-01  -5.23664293e-01   2.38449083e+00 
  1.45820463e+00  -1.93142152e-01   3.52304093e+00 
  2.61272074e+00   4.94946689e-01   3.49329621e+00 
 -3.75848316e+00   1.36566882e+00  -2.45370169e+00 
  3.39914447e+00   1.30677095e-01   2.52651082e+00 
  3.07393128e+00  -9.27019303e-01   1.79855119e+00 
 -7.62324683e-01   2.84112480e+00  -8.69756485e-01 
  1.73021274e+00  -1.07938647e+00   1.62263445e+00 
 -1.63301752e+00   3.74482756e+00  -1.62596014e+00 
 -4.30061162e+00   2.50202240e+00  -3.23810587e+00 
  2.27853431e+00   1.82552216e+00   4.04737931e+00 
  1.60206519e+00   2.58146611e+00   3.07640825e+00 
  2.33250920e-01   2.73907991e+00   2.68149392e+00 
  3.13457859e-01   2.56096093e+00   1.19190320e+00 
 -6.04652461e-01  -2.75113835e-01   2.48921404e+00 
 -1.34143119e+00   2.50026552e-01   1.46459009e+00 
 -2.70547880e+00   6.07157397e-01   1.20148311e+00 
 -3.01036776e+00   4.66513617e-01  -2.63644146e-01 
 -3.54276002e+00   1.43714967e+00  -1.10367402e+00 
 -2.80665842e+00   6.05726367e-01  -2.99973611e+00 
 -2.37989970e+00  -4.94668248e-01  -2.25983841e+00 
 -2.05525163e+00  -1.92607785e-01  -9.67690337e-01 
  1.37081379e+00   1.96202360e+00   5.73426040e-01 
  9.43862097e-01   1.14742677e+00  -5.01957951e-01 
 -1.14992574e-01   1.69794896e+00  -1.17953395e+00 
 -6.00968493e-01   3.08899713e+00   3.98390685e-01 
 -1.22002768e+00  -1.61242243e-03   3.57157179e+00 
  1.70823528e+00   2.01547865e+00   5.13775773e+00 
  9.28958843e+00   4.14876792e+00  -8.32331883e+00 
  7.60710637e+00  -1.55111931e+00  -6.93843678e+00 
  8.88054103e+00  -5.83060044e+00  -3.93157437e+00 
 -4.72403731e+00  -3.08786780e+00  -1.31094159e+01 
 -1.75907140e+00  -1.07265907e+00  -1.50603322e+01 
  4.72382127e+00   1.19167539e+01  -5.84162727e+00 
  7.82431959e+00   1.02242702e+01  -4.51733736e+00 
  6.96020958e+00   1.14703316e+01  -1.03079376e+00 
  3.97780091e+00   1.16561959e+01   1.30628458e+00 
  2.24358243e+00   1.44485626e+01  -6.09448219e-01 
 -5.62878454e-01   1.34988264e+01  -2.98422068e+00 
 -3.13139873e-01   9.85409926e+00  -3.93092258e+00 
  3.01529246e+00   8.01252971e+00  -3.63162756e+00 
  3.73136627e+00   6.35039925e+00  -7.01526534e+00 
  5.87314988e+00   3.55451642e+00  -5.55329358e+00 
  3.48806842e+00   2.30904399e+00  -3.24014937e+00 
  4.34176992e-01   2.53882685e+00  -5.63893409e+00 
  2.42410564e+00   7.97418517e-01  -8.26163366e+00 
  3.34877649e+00  -1.98234902e+00  -5.83061578e+00 
 -2.01536529e-01  -2.77553577e+00  -5.19497964e+00 
 -1.40757123e+00  -2.34989380e+00  -8.70900146e+00 
  1.41822379e+00  -4.75635072e+00  -9.79899698e+00 
  1.28793316e-01  -7.29037275e+00  -7.30251980e+00 
 -6.11068036e+00  -7.88635156e+00   6.12188399e+00 
 -6.01746677e+00  -4.17233668e+00   6.86567092e+00 
 -2.25641310e+00  -4.36171207e+00   7.09164619e+00 
 -1.75954739e+00  -5.94521462e+00   3.64567536e+00 
 -5.67281373e-01  -4.51839808e+00   3.59748289e-01 
 -3.45429851e+00  -5.82067233e+00  -1.37152825e+00 
 -5.85364423e+00  -4.10811487e+00   1.11812166e+00 
 -8.16226894e+00  -1.93445436e+00  -1.06839981e+00 
 -7.49422390e+00   1.38279506e+00   1.02366052e+00 
 -4.53479003e+00   3.87999719e+00   8.71413586e-01 
 -2.19084276e+00   4.37879561e+00   3.65337217e+00 
  1.32445394e+00   6.13729390e+00   3.34624864e+00 
  4.45380825e+00   4.38531525e+00   4.58577854e+00 
  8.07180050e+00  -4.52583728e-01   4.10064630e+00 
  8.37591203e+00  -4.24635065e+00   4.11454114e+00 
  5.93411188e+00  -6.37778911e+00   2.12905178e+00 
  3.36984846e+00  -7.67404635e+00   4.62020441e+00 
  3.27914545e+00  -1.13955789e+01   5.30513414e+00 
 -2.22953288e-01  -1.17869351e+01   3.91232656e+00 
  9.95965648e-01  -1.06108700e+01   4.92644781e-01 
  4.13840981e+00  -1.27095507e+01   6.92252192e-01 

   1.454042932709e+01 

  3.97299269e+00   4.74139292e-01  -4.21591367e-01 
  5.22647068e+00   5.21831873e-01  -9.23417423e-01 
  5.84552652e+00  -5.89159937e-01  -1.35899232e+00 
 -2.81670719e+00   6.53051458e-01  -1.73289209e+00 
  5.61581355e+00  -1.62699553e+00  -6.13366518e-01 
  4.95703977e+00  -1.46663285e+00   5.24487345e-01 
  1.16543679e-01  -1.19461547e+00  -3.01546185e+00 
  4.00530343e+00  -4.91228199e-01   4.74231346e-01 
 -1.10445649e+00  -1.23298095e+00  -3.82435945e+00 
 -3.88072384e+00   2.76063721e-01  -2.69530649e+00 
  5.93302727e+00  -4.26822913e-01  -2.82702164e+00 
  4.67998369e+00  -6.90227778e-01  -3.40351640e+00 
  3.50996762e+00   8.55212654e-02  -3.69287394e+00 
  2.41709933e+00  -7.64821140e-01  -3.11012466e+00 
  3.15442327e+00   1.54029203e+00  -9.39394739e-01 
  1.84619554e+00   1.36329194e+00  -1.29390954e+00 
  7.61185950e-01   2.14897306e+00  -1.80660143e+00 
 -5.54487097e-01   1.59574097e+00  -1.33514145e+00 
 -1.63867697e+00   1.23051566e+00  -2.12404503e+00 
 -2.57532609e+00  -1.52045317e-01  -6.95978019e-01 
 -1.62101665e+00   2.77033339e-01   2.23600651e-01 
 -4.44655330e-01   6.67800550e-01  -3.50645421e-01 
  2.65056950e+00  -1.74097329e+00  -2.18716195e+00 
  1.63298980e+00  -1.77386291e+00  -1.20443294e+00 
  3.93555401e-01  -1.51562349e+00  -1.73402893e+00 
  1.17889739e+00  -6.75883969e-01  -3.56135192e+00 
  3.58931231e+00   2.54043641e+00  -1.59937258e+00 
  6.41067543e+00   5.68930399e-01  -3.40197999e+00 
  3.84435056e-01  -1.35083038e+01  -4.44899123e-01 
  1.01418090e+00  -9.69225140e+00   4.27511392e+00 
  4.58765050e+00  -7.65468483e+00   7.74721036e+00 
 -1.12565468e+01  -3.27882911e+00   5.16782901e+00 
 -1.11532854e+01  -7.26936802e+00   4.31747621e+00 
 -1.30755149e+00  -1.09858325e+01  -9.28350474e+00 
  1.81587403e+00  -1.20909593e+01  -7.47955286e+00 
  3.86998486e+00  -9.83672093e+00  -9.74987867e+00 
  3.82896335e+00  -6.28772322e+00  -1.10893467e+01 
  9.75073456e-01  -6.89972594e+00  -1.35297612e+01 
 -2.51169854e+00  -5.80591296e+00  -1.24983738e+01 
 -2.71772981e+00  -5.41778160e+00  -8.75010022e+00 
 -2.36810915e-01  -7.23212328e+00  -6.48898911e+00 
 -2.25912538e+00  -9.18747437e+00  -3.87914422e+00 
  4.93374638e-01  -9.14325498e+00  -1.24032865e+00 
  9.51067749e-01  -5.62695936e+00  -1.11135815e+00 
 -2.82947241e+00  -4.71832145e+00  -1.23429918e+00 
 -3.46331467e+00  -7.19346092e+00   1.47546108e+00 
 -7.09453003e-01  -5.67396739e+00   3.62007224e+00 
 -2.32603834e+00  -2.35415751e+00   3.56163246e+00 
 -5.85402210e+00  -3.55116699e+00   3.88495755e+00 
 -4.70795116e+00  -5.59463332e+00   6.96310786e+00 
 -3.29683643e+00  -2.41875415e+00   8.45938446e+00 
  3.37091154e+00   1.01402998e+01   4.29859854e+00 
  3.62357467e+00   9.35359546e+00   6.00886834e-01 
  6.14362346e+00   6.66105069e+00   1.39587697e+00 
  3.92911840e+00   4.81411007e+00   3.90861422e+00 
  1.95736953e+00   1.60439295e+00   3.65456159e+00 
 -1.04118493e+00   3.23211052e+00   4.83240337e+00 
 -7.61064060e-01   5.95408045e+00   2.11202075e+00 
 -4.11690123e+00   5.81768805e+00   2.26502739e-01 
 -2.41715799e+00   5.47590591e+00  -3.35416791e+00 
 -9.65472471e-01   2.36058196e+00  -5.14436689e+00 
  2.59949414e+00   1.98930100e+00  -5.94145254e+00 
  4.35049781e+00  -1.41308834e+00  -6.89102334e+00 
  7.43186127e+00  -2.57008786e+00  -5.00283024e+00 
  9.79068023e+00  -4.13330476e+00   3.56536678e-01 
  1.03823056e+01  -3.19725210e+00   3.99784539e+00 
  7.54664216e+00  -1.80048544e+00   6.10868440e+00 
  8.03758688e+00   1.96927961e+00   6.20571986e+00 
  8.90069381e+00   3.56535749e+00   9.52757806e+00 
  5.69146951e+00   5.57672024e+00   9.64189132e+00 
  3.65791930e+00   2.34760020e+00   9.66583350e+00 
  5.97283280e+00   6.97832714e-01   1.21635728e+01 

   1.454042932743e+01 

  2.78978272e+00  -1.79209074e+00   1.79798378e-01 
  4.09833579e+00  -2.07921914e+00   3.54604481e-01 
  4.98860103e+00  -1.11793540e+00   6.55635819e-01 
 -3.41391309e+00  -9.53489029e-01   3.12300254e+00 
  4.77359935e+00  -6.18917773e-03   2.03223273e-02 
  3.84482753e+00   2.43768961e-02  -9.23531033e-01 
  1.80945436e-02   2.94901967e-01   3.69367256e+00 
  2.77649751e+00  -7.83733751e-01  -6.67855017e-01 
 -9.48446661e-01   4.74387706e-01   4.78004802e+00 
 -4.13443484e+00  -4.77313829e-01   4.32906982e+00 
  5.39381798e+00  -1.39630407e+00   2.05113920e+00 
  4.38075716e+00  -9.73624377e-01   2.92686534e+00 
  3.19603181e+00  -1.56664585e+00   3.47386008e+00 
  2.16252894e+00  -5.10136838e-01   3.20422984e+00 
  1.94422656e+00  -2.74446221e+00   8.52763088e-01 
  8.10338791e-01  -2.38202546e+00   1.52463193e+00 
 -2.41669545e-01  -3.01456540e+00   2.26663275e+00 
 -1.51360930e+00  -2.22197869e+00   2.15125768e+00 
 -2.29684971e+00  -1.74175345e+00   3.19391980e+00 
 -3.28930607e+00  -1.26928979e-01   2.08237392e+00 
 -2.67249907e+00  -6.39507255e-01   9.43403919e-01 
 -1.48057434e+00  -1.25679737e+00   1.19747440e+00 
  2.33679757e+00   4.77938963e-01   2.28087821e+00 
  1.13625517e+00   7.46191550e-01   1.58156070e+00 
  3.34039342e-02   6.56668275e-01   2.39338691e+00 
  1.07189259e+00  -4.27691814e-01   3.94475345e+00 
  2.34138834e+00  -3.84650948e+00   1.35549789e+00 
  5.81231285e+00  -2.49496422e+00   2.46108746e+00 
  1.82317645e+00   1.25509975e+01   1.49451900e+00 
  6.28749837e-01   9.02860937e+00  -3.34319593e+00 
  2.85591970e+00   6.68728966e+00  -7.64839657e+00 
 -1.24305386e+01   4.78322723e+00  -1.36042020e+00 
 -1.14283327e+01   8.63276403e+00  -4.46738976e-01 
  1.87230809e+00   9.71663839e+00   1.04001702e+01 
  4.61937722e+00   1.04227004e+01   7.91291825e+00 
  6.72697701e+00   7.70791395e+00   9.53874079e+00 
  6.38406333e+00   4.12706318e+00   1.07433819e+01 
  4.34777749e+00   5.02149717e+00   1.38301902e+01 
  5.79376453e-01   4.58738793e+00   1.36614640e+01 
 -5.79593208e-01   4.50549441e+00   1.00708188e+01 
  1.56929953e+00   6.04677940e+00   7.32016101e+00 
 -6.41397352e-01   8.48639494e+00   5.34898386e+00 
  1.35043107e+00   8.18132515e+00   2.11152942e+00 
  1.13935023e+00   4.65565503e+00   1.77160819e+00 
 -2.60179352e+00   4.36964965e+00   2.79886939e+00 
 -3.41887371e+00   7.10130215e+00   4.02762829e-01 
 -1.56693281e+00   5.30916195e+00  -2.39911514e+00 
 -3.68001481e+00   2.30197610e+00  -2.03908909e+00 
 -6.91661618e+00   4.07851135e+00  -1.44547788e+00 
 -6.19731880e+00   6.12114201e+00  -4.65086615e+00 
 -5.76410498e+00   2.87207194e+00  -6.54088374e+00 
 -6.08543392e-01  -1.08701797e+01  -4.52307710e+00 
  6.52896940e-01  -1.04000915e+01  -9.81382620e-01 
  3.34307406e+00  -8.10521953e+00  -2.29628269e+00 
  9.52934688e-01  -5.74782651e+00  -4.12904091e+00 
 -3.06106529e-01  -2.28568507e+00  -3.30259545e+00 
 -3.73688405e+00  -3.31442662e+00  -3.74931825e+00 
 -3.29846452e+00  -6.23200772e+00  -1.26263805e+00 
 -6.03004625e+00  -5.68424747e+00   1.39703185e+00 
 -3.49250275e+00  -5.87977656e+00   4.45477381e+00 
 -1.13189911e+00  -3.17830469e+00   5.92005421e+00 
  2.52842358e+00  -3.45129687e+00   5.82158967e+00 
  5.02482105e+00  -4.56431074e-01   6.40702133e+00 
  7.72073153e+00   3.13526295e-01   3.85007906e+00 
  8.96991897e+00   1.84783947e+00  -1.87843746e+00 
  8.50211072e+00   1.08901728e+00  -5.57853052e+00 
  5.04493582e+00   3.27277212e-01  -6.96246678e+00 
  4.82872136e+00  -3.45551108e+00  -7.28702060e+00 
  4.58050443e+00  -4.93082425e+00  -1.07639445e+01 
  1.13480952e+00  -6.37830574e+00  -1.01396432e+01 
 -2.46159228e-01  -2.86722756e+00  -9.56660624e+00 
  1.65883717e+00  -1.44398318e+00  -1.25101795e+01 

   1.454042932771e+01 

  3.69137205e+00  -1.98764028e+00   1.43122995e+00 
  4.19648743e+00  -3.17439017e+00   1.83346641e+00 
  3.58573667e+00  -4.33189575e+00   1.52618354e+00 
 -6.29197892e-01   3.24214263e+00   2.78533162e+00 
  3.09778503e+00  -4.34773407e+00   3.23070511e-01 
  3.36688630e+00  -3.33892918e+00  -4.91980228e-01 
 -8.31826252e-01  -4.47038697e-01   2.67715511e+00 
  3.47072281e+00  -2.13542513e+00   1.40900428e-01 
 -1.92452469e+00   2.63741762e-01   3.34605712e+00 
 -1.93562561e+00   3.61910651e+00   3.37832196e+00 
  3.05989641e+00  -4.83937563e+00   2.81268109e+00 
  1.90445074e+00  -4.12223085e+00   3.16267422e+00 
  1.63752859e+00  -2.91040818e+00   3.88009345e+00 
  7.14280197e-01  -2.18653040e+00   2.94166210e+00 
  3.71371826e+00  -1.01523301e+00   2.49367179e+00 
  2.68966763e+00  -1.37199013e-01   2.71468356e+00 
  2.37313595e+00   9.31659882e-01   3.61731414e+00 
  1.47452937e+00   1.93355777e+00   2.94795424e+00 
  2.45780488e-01   2.39243204e+00   3.40712376e+00 
 -5.56882263e-01   3.04215978e+00   1.46760108e+00 
  7.03122765e-01   2.76417434e+00   9.42671223e-01 
  1.36451200e+00   1.76917256e+00   1.60510557e+00 
  6.12433113e-01  -2.49575695e+00   1.61755953e+00 
  4.75095533e-01  -1.33075627e+00   8.26219985e-01 
 -2.95576430e-01  -3.75754847e-01   1.44054413e+00 
 -1.34368404e-01  -1.28101967e+00   3.39388521e+00 
  4.33174664e+00  -1.15592697e+00   3.59967094e+00 
  3.73876758e+00  -4.98791332e+00   3.84579291e+00 
 -7.86443066e+00  -5.27602750e+00  -6.57107824e+00 
 -2.70606931e+00  -2.45974754e+00  -8.21340408e+00 
  2.31886368e+00  -3.29842355e+00  -9.95222183e+00 
 -4.84369479e+00   1.08388881e+01  -4.88526181e+00 
 -7.89983556e+00   8.67814387e+00  -6.51294469e+00 
 -1.12298784e+01  -5.81053564e+00   2.13148985e+00 
 -9.37788685e+00  -8.25767658e+00  -6.23567660e-02 
 -7.74479600e+00  -9.73180896e+00   3.03849624e+00 
 -5.97708506e+00  -8.57691523e+00   6.19010863e+00 
 -9.14354060e+00  -7.33889156e+00   7.89765498e+00 
 -9.88377011e+00  -3.61630001e+00   7.78748156e+00 
 -7.98484505e+00  -1.97661341e+00   4.96823319e+00 
 -6.76463621e+00  -4.05198970e+00   2.00794243e+00 
 -8.01768462e+00  -2.35324513e+00  -1.19652018e+00 
 -5.20235129e+00  -3.69243831e+00  -3.39242983e+00 
 -2.48967311e+00  -2.45584802e+00  -1.46819679e+00 
 -4.06089493e+00   1.02728364e+00  -7.38623577e-01 
 -4.83800219e+00   1.38265948e+00  -4.36363176e+00 
 -1.24822759e+00   5.29994125e-01  -5.30088934e+00 
  7.30819198e-02   3.32592580e+00  -3.28227389e+00 
 -2.58097036e+00   5.81498926e+00  -4.14518168e+00 
 -1.88807372e+00   5.02154343e+00  -7.86735585e+00 
  1.76929410e+00   5.79222214e+00  -7.27912803e+00 
  1.21383471e+01   4.45686123e+00   3.21850936e+00 
  1.00179533e+01   2.61825019e+00   5.76394726e+00 
  9.97741972e+00  -3.88534426e-01   3.48577787e+00 
  8.64441945e+00   1.48363208e+00   4.28463082e-01 
  5.22803080e+00   1.59016945e+00  -1.17514497e+00 
  5.19513917e+00   5.19883568e+00  -1.10768533e+00 
  5.93582897e+00   5.24189502e+00   2.67881623e+00 
  3.06928367e+00   7.29840393e+00   4.22449191e+00 
  2.12276599e+00   4.50463614e+00   6.89396943e+00 
 -1.58430087e-02   1.29670452e+00   6.50285186e+00 
  1.36991443e+00  -2.08683780e+00   6.83974873e+00 
 -4.02655481e-01  -5.37920007e+00   5.58982938e+00 
  1.42963980e+00  -7.78564845e+00   3.29844947e+00 
  4.19919781e+00  -8.57658325e+00  -2.03394759e+00 
  6.87117528e+00  -7.38758868e+00  -4.46955277e+00 
  7.20872346e+00  -3.69376462e+00  -5.29980029e+00 
  1.00978293e+01  -2.38251007e+00  -3.20331509e+00 
  1.32231370e+01  -1.23340889e+00  -5.00308672e+00 
  1.28358527e+01   2.35254926e+00  -3.84175853e+00 
  9.50124665e+00   2.59757663e+00  -5.68118244e+00 
  1.08504079e+01   8.14510680e-01  -8.73400064e+00 

   1.454042932762e+01 

