  3.74479831e+00   5.55969714e-01   2.41001547e+00 
  3.73384357e+00  -1.53578590e-01   1.20002354e+00 
  3.24890344e+00  -1.32592311e+00   1.64757364e+00 
  3.58591597e+00  -2.18538431e+00   2.65419213e+00 
  3.82102337e+00  -1.40203500e+00   3.78441455e+00 
  3.97684077e+00  -5.38012550e-02   3.64879497e+00 
  3.56845922e+00  -1.84099845e+00   5.16835193e+00 
  3.11425341e+00  -1.02858811e+00   6.03647481e+00 
  4.54576476e+00  -2.66069930e+00   5.66580745e+00 
  2.94958968e+00  -2.13624381e+00   6.06770249e-01 
  3.75914029e+00  -2.08849200e+00  -3.96022231e-01 
  2.80003139e+00  -2.23482041e+00  -1.60965985e+00 
  4.98923761e+00  -2.09823333e+00  -1.27945017e-01 
  3.37512550e+00  -1.29191752e+00  -2.71910358e+00 
  4.46849594e+00  -2.29339154e+00  -3.20727459e+00 
  1.72862680e+00  -1.01665474e+00  -1.46710514e+00 
  1.15901373e+00  -2.31639333e+00  -7.33399131e-01 
  3.67532133e+00   4.02771650e-01  -3.85712620e-02 
  4.19949633e+00   8.52102624e-01  -1.18370854e+00 
  3.50159338e+00   1.43557319e+00  -2.38543333e+00 
  5.25827102e+00   2.22843058e-01  -1.46182466e+00 
  6.14784920e+00   6.41233063e+00   7.42282807e+00 
  2.49173658e+00   5.88459381e+00   6.39116583e+00 
  5.79878226e+00   9.88059294e+00   3.29557985e+00 
  1.73070024e+01   2.86580210e+00   2.53605014e+00 
  1.47621131e+01   4.29347529e+00   4.95757398e+00 
  1.35566830e+01   6.83047805e-01   5.25346187e+00 
  1.25629473e+01   3.69035598e-01   1.59605309e+00 
  9.04961915e+00   1.56822369e+00   6.97086753e-01 
  9.81627458e+00   3.01719429e+00  -2.81239999e+00 
  1.02357248e+01   9.73090047e+00  -1.02750995e+00 
  7.92587941e+00   1.27466530e+01  -7.81430016e-01 
  5.57288468e+00   9.97606186e+00  -4.05173085e+00 
  5.98343380e+00   6.59543137e+00  -2.41328742e+00 
  2.23088448e+00   6.24223612e+00  -1.78479615e+00 
 -3.83092174e-01   8.94025051e+00  -1.07107280e+00 
  8.02375845e-01   1.10107544e+01  -4.70487591e+00 
  2.10235062e+00   7.97465116e+00  -6.49703528e+00 
  6.77093167e+00  -3.31130287e-01  -1.04417295e+01 
 -1.29320015e+00   1.86214984e+00  -1.38793386e+01 
  1.19967103e+00  -2.61701761e+00  -1.43171715e+01 
  2.34056629e+00  -3.69224177e+00  -1.08656894e+01 
  2.77605274e+00  -8.37321843e-01  -8.49296984e+00 
 -1.53547840e-01   1.47977634e+00  -8.73466046e+00 
 -7.00071047e-01   2.30972489e+00  -5.04094649e+00 
 -3.27895460e+00   4.27185130e+00  -3.06705942e+00 
 -4.92558082e+00   4.38240233e+00   3.81186500e-01 
 -2.41918414e+00   6.02640501e+00   2.75343009e+00 
 -5.34783313e+00   7.83686762e+00   4.38076074e+00 
 -5.16370327e+00  -3.93582421e-01  -6.55747821e+00 
 -2.86267963e+00  -2.16499116e+00  -9.00576048e+00 
 -1.46033561e+00  -5.67597510e+00  -8.69831665e+00 
  6.70177679e-01  -8.25205871e+00  -6.95006438e+00 
  8.17584853e-01  -8.16059321e+00  -3.17965133e+00 
  5.11331159e-01  -1.18876138e+01  -3.09921031e+00 
 -5.12876170e+00  -6.68438972e+00  -6.87051929e+00 
 -8.50932028e+00  -5.50295606e+00  -8.13966612e+00 
 -7.50174381e+00  -8.55205636e+00  -3.63166930e+00 
 -8.42126665e+00  -5.18328047e+00  -2.08432579e+00 
 -6.28649506e+00  -2.33951033e+00  -8.62224522e-01 
 -5.14304814e+00   3.54197193e-01   1.59929721e+00 
 -9.56683058e+00  -2.67962193e+00   3.60114766e+00 
 -6.63746419e+00  -5.03428299e+00   3.34864943e+00 
 -6.41864721e+00  -8.33780167e+00   1.45318367e+00 
 -2.69850762e+00  -9.22858579e+00   1.40803396e+00 
 -2.64493718e+00  -1.28434946e+01   1.61003497e-01 
 -1.25777237e+01  -6.84403182e+00   2.43873724e+00 
 -1.21440415e-01  -1.42758651e+01   3.61466777e+00 
  1.69751499e-01  -1.06182259e+01   4.39788038e+00 
 -1.85422540e+00  -8.10867544e+00   6.32577089e+00 
 -1.82923127e+00  -4.49392948e+00   7.43260157e+00 
 -3.84916006e+00  -1.31139290e+00   7.07543431e+00 
 -6.42239489e+00  -9.82924539e-01   9.83993015e+00 
  1.49579704e+00  -6.97226505e-01   1.26589536e+01 
 -8.59636695e-01   1.17296874e+00   1.03422615e+01 
 -4.01229273e+00   2.62121925e+00   1.19526659e+01 
 -6.44539703e+00   4.93803729e+00   1.01628086e+01 
  1.17617388e+01  -6.35878505e-01   1.37579160e+01 

   1.094703548592e+01 

 -4.49504474e+00  -1.44444770e+00  -3.23716535e-01 
 -3.23415292e+00  -2.05624466e+00  -2.64424219e-01 
 -2.96310584e+00  -1.85461509e+00   1.03778110e+00 
 -3.62328335e+00  -2.10173025e+00   2.20766638e+00 
 -4.94268992e+00  -1.69166772e+00   2.01445831e+00 
 -5.39231852e+00  -1.44256184e+00   7.51055624e-01 
 -5.81196457e+00  -1.15670892e+00   3.07744509e+00 
 -6.62739215e+00  -2.09587017e-01   2.83663650e+00 
 -6.34502710e+00  -2.12652891e+00   3.88354132e+00 
 -1.67961532e+00  -2.18707091e+00   1.30537270e+00 
 -1.22235059e+00  -3.21860751e+00   6.80803739e-01 
  2.46298528e-01  -2.80778126e+00   3.83297899e-01 
 -1.97275278e+00  -4.22856097e+00   6.36191279e-01 
  5.65191400e-01  -3.37876342e+00  -1.03900699e+00 
  8.59937080e-01  -4.83119357e+00  -5.48811405e-01 
  1.47250079e-01  -1.41808460e+00  -4.59963540e-01 
  2.66039352e-01  -1.08871115e+00   1.09872379e+00 
 -2.39268723e+00  -2.22953044e+00  -1.31750306e+00 
 -1.84157569e+00  -2.92496083e+00  -2.31782791e+00 
 -7.63233416e-01  -2.50881285e+00  -3.28511675e+00 
 -1.84110199e+00  -4.15894150e+00  -2.05022467e+00 
 -1.18089540e+01  -7.26510322e-02  -3.45817212e+00 
 -9.18133018e+00   2.67428702e+00  -2.94835168e+00 
 -9.52945924e+00   4.11753518e-03  -8.35540391e+00 
 -1.13238443e+01  -1.27271090e+01  -4.24208890e+00 
 -1.27373481e+01  -9.21708329e+00  -3.99669864e+00 
 -1.11362221e+01  -9.20500655e+00  -5.30858574e-01 
 -7.57898286e+00  -9.61333376e+00  -1.81229187e+00 
 -5.75494987e+00  -6.39696321e+00  -2.77017035e+00 
 -3.72826438e+00  -7.75821672e+00  -5.77737976e+00 
 -7.83844344e+00  -5.39908619e+00  -1.08740996e+01 
 -8.14419065e+00  -2.29821758e+00  -1.30608408e+01 
 -3.41681366e+00  -2.15828977e+00  -1.18198919e+01 
 -3.70580249e+00  -3.07258634e+00  -8.16444979e+00 
 -2.46724420e+00   3.56962699e-01  -7.02184693e+00 
 -2.90984233e+00   3.77894256e+00  -8.66979031e+00 
 -1.18996652e+00   2.20375010e+00  -1.23382561e+01 
  8.34027479e-01  -5.09100936e-01  -1.07062084e+01 
  5.09998754e+00  -8.60778716e+00  -5.95698394e+00 
  1.06229909e+01  -1.85215135e+00  -8.30553132e+00 
  1.15432167e+01  -5.64709174e+00  -4.95580636e+00 
  8.60050876e+00  -5.88178880e+00  -2.57760028e+00 
  5.41253189e+00  -4.58152090e+00  -4.03228973e+00 
  6.03292947e+00  -1.31211116e+00  -5.74576127e+00 
  2.92454179e+00   6.43390048e-01  -4.67573034e+00 
  1.69862509e+00   4.20901042e+00  -5.10033620e+00 
 -4.67302748e-01   6.83262799e+00  -3.35695247e+00 
 -4.10914994e+00   5.90274765e+00  -4.05307052e+00 
 -4.84255334e+00   9.61798607e+00  -4.45567183e+00 
  7.09819269e+00   3.25371539e+00  -2.37386341e+00 
  8.76532603e+00  -1.58221435e-01  -2.29615724e+00 
  9.19006772e+00  -2.43015401e+00   7.11502251e-01 
  7.77043043e+00  -4.58086121e+00   3.46663712e+00 
  4.56852327e+00  -3.45419111e+00   5.11724744e+00 
  5.99995788e+00  -4.34948421e+00   8.45496964e+00 
  9.64462017e+00   1.10543558e+00   2.97160879e+00 
  1.17224025e+01   4.07740584e+00   1.83807062e+00 
  8.69043945e+00   3.67322080e+00   6.45088894e+00 
  6.58126916e+00   6.07445949e+00   4.35950217e+00 
  3.60815247e+00   5.48473296e+00   2.13450563e+00 
  9.92005521e-02   6.13255676e+00   7.59659805e-01 
  1.47962527e+00   9.74793094e+00   4.97923465e+00 
  1.27999438e+00   6.30567820e+00   6.49594659e+00 
  3.95565655e+00   4.43519959e+00   8.46978770e+00 
  2.70640184e+00   8.26048155e-01   8.68970127e+00 
  5.03382103e+00  -7.85918156e-01   1.12607331e+01 
  5.26703049e+00   1.07133665e+01   8.51229017e+00 
  1.62076268e+00  -2.36414493e+00   1.37522690e+01 
 -4.89855435e-01  -1.19628125e+00   1.08786085e+01 
 -2.11892486e+00   2.03612195e+00   9.87422305e+00 
 -4.36490287e+00   3.53247206e+00   7.22684579e+00 
 -4.36070035e+00   6.23233372e+00   4.57223673e+00 
 -5.64176458e+00   9.52720101e+00   5.94139347e+00 
 -1.15000202e+01   3.49394792e+00   5.85785357e+00 
 -9.25632470e+00   5.43338714e+00   3.48779723e+00 
 -9.74603648e+00   9.22633483e+00   3.42613422e+00 
 -8.06602283e+00   1.15495892e+01   9.21882892e-01 
 -1.68775700e+01  -5.25994740e+00   4.83202903e+00 

   1.094703548592e+01 

 -4.63149030e+00  -1.81601347e+00   3.45670007e-01 
 -4.06433100e+00  -6.11844673e-01   7.88351730e-01 
 -3.52929942e+00  -1.04347558e+00   1.94476673e+00 
 -4.00291362e+00  -1.72688132e+00   3.02836167e+00 
 -4.76393548e+00  -2.78475022e+00   2.53029193e+00 
 -5.13909236e+00  -2.78554487e+00   1.21893284e+00 
 -4.91131662e+00  -4.09036143e+00   3.19768867e+00 
 -4.95677326e+00  -5.16665411e+00   2.51984019e+00 
 -5.80792531e+00  -4.07414241e+00   4.23225495e+00 
 -2.73413953e+00  -8.78911033e-02   2.47773870e+00 
 -3.14656547e+00   1.12693147e+00   2.34599607e+00 
 -1.82423899e+00   1.90675899e+00   2.10612138e+00 
 -4.36443640e+00   1.33754124e+00   2.58585780e+00 
 -2.17000256e+00   3.01115458e+00   1.05188117e+00 
 -2.80107575e+00   4.00073582e+00   2.08105350e+00 
 -1.14072601e+00   1.21346442e+00   8.00629178e-01 
 -5.98829718e-01   5.04829004e-01   2.12587942e+00 
 -3.70501250e+00   4.29043832e-01  -8.20892145e-03 
 -3.89008850e+00   1.61441866e+00  -5.98658352e-01 
 -2.96210569e+00   2.38092145e+00  -1.50583546e+00 
 -4.63751182e+00   2.34761130e+00   1.07108566e-01 
 -9.74668090e+00  -6.32762149e+00  -3.97638103e+00 
 -5.93231792e+00  -6.66215632e+00  -4.19709385e+00 
 -8.74108577e+00  -3.13551262e+00  -8.21714611e+00 
 -1.75972309e+01   2.77778802e+00   7.89298912e-02 
 -1.63782299e+01  -5.83855426e-01  -1.18276753e+00 
 -1.46274407e+01  -8.11830257e-01   2.20228231e+00 
 -1.24092648e+01   2.22350540e+00   1.62853474e+00 
 -9.12730893e+00   1.58535926e+00  -2.18409335e-01 
 -8.93866420e+00   4.89734594e+00  -2.21814206e+00 
 -1.13147296e+01   2.50068008e+00  -8.30467865e+00 
 -9.90071971e+00   1.00938397e+00  -1.15089440e+01 
 -6.05962719e+00   3.51922135e+00  -9.81946137e+00 
 -6.29497027e+00   2.62492074e+00  -6.15523566e+00 
 -2.99161384e+00   7.05459824e-01  -6.22509730e+00 
 -1.39166296e+00  -1.28503979e+00  -9.07108133e+00 
 -1.67342259e+00   2.21188386e+00  -1.16379826e+01 
 -1.63167638e+00   4.75257190e+00  -8.86979659e+00 
 -2.86342459e+00   1.12346834e+01  -9.44691334e-01 
  5.25146587e+00   1.11086574e+01  -4.91842085e+00 
  4.03653250e+00   1.30427177e+01  -3.08389069e-01 
  2.03985345e+00   1.04398103e+01   1.59124851e+00 
  2.45763010e-01   8.03306458e+00  -6.35594343e-01 
  2.53825639e+00   6.85531960e+00  -3.34987303e+00 
  1.61483233e+00   3.14604279e+00  -3.48979688e+00 
  2.90669068e+00   1.10543473e-01  -5.36427186e+00 
  3.22461375e+00  -3.68293190e+00  -5.01431623e+00 
 -2.19979999e-01  -5.15771182e+00  -5.77069365e+00 
  1.54178958e+00  -7.98371451e+00  -7.61808144e+00 
  6.78375403e+00   3.25345317e+00  -1.81574102e+00 
  5.86856258e+00   6.59604729e+00  -2.61336334e-01 
  5.20169459e+00   7.30984940e+00   3.40388840e+00 
  3.18461945e+00   6.84243020e+00   6.55739547e+00 
  1.75070285e+00   3.42000941e+00   7.24806798e+00 
  2.77348189e+00   3.73889237e+00   1.08318064e+01 
  8.15597385e+00   4.40851363e+00   4.22216592e+00 
  1.14453951e+01   4.16211128e+00   2.33704282e+00 
  9.61974633e+00   8.07109977e-01   6.34269272e+00 
  9.24330345e+00  -1.41288846e+00   3.25751154e+00 
  6.28258580e+00  -2.13142339e+00   1.05395343e+00 
  3.84190609e+00  -4.33564733e+00  -8.97225623e-01 
  7.84823420e+00  -7.40159125e+00   1.81028943e+00 
  5.73144544e+00  -5.76472558e+00   4.46156226e+00 
  6.85563827e+00  -3.49324172e+00   7.31295815e+00 
  3.64070584e+00  -1.95284477e+00   8.70089191e+00 
  4.76070713e+00  -2.96112547e-01   1.19607010e+01 
  1.18652272e+01  -6.88303558e+00   5.17983731e+00 
  1.56813420e+00  -2.34040797e+00   1.44052567e+01 
  2.80349866e-01  -3.44904871e+00   1.10602505e+01 
  9.65615123e-01  -6.31110390e+00   8.72569718e+00 
 -1.78866121e-01  -7.80988598e+00   5.44912852e+00 
  1.13942248e+00  -8.66213480e+00   2.00355064e+00 
  2.49483200e+00  -1.22001280e+01   1.87188771e+00 
 -5.78767146e+00  -1.18964595e+01   3.29814232e+00 
 -3.22558831e+00  -1.08941361e+01   6.82069193e-01 
 -1.17775888e+00  -1.37383577e+01  -8.49880654e-01 
  1.18462926e+00  -1.33095703e+01  -3.80394485e+00 
 -1.55946402e+01  -9.11217911e+00   4.93282533e+00 

   1.094703548592e+01 

 -4.23732563e-01  -1.70171420e+00  -2.43098342e+00 
 -1.23766926e+00  -7.52944033e-01  -1.79458613e+00 
 -4.39436658e-01   3.23381032e-01  -1.91378659e+00 
  2.08796102e-01   9.30578304e-01  -2.95139806e+00 
  8.08512884e-01  -8.57917559e-02  -3.69547200e+00 
  4.35536351e-01  -1.38141731e+00  -3.48895592e+00 
  2.06866289e+00   6.40477611e-02  -4.44469180e+00 
  2.91297233e+00  -8.87009436e-01  -4.49551105e+00 
  1.91487369e+00   7.04524134e-01  -5.64495698e+00 
 -9.26958048e-01   1.35073385e+00  -1.18142797e+00 
 -2.21086810e+00   1.47116044e+00  -1.16360653e+00 
 -2.48585413e+00   1.92373596e+00   2.97138564e-01 
 -2.80291355e+00   1.35570816e+00  -2.26870954e+00 
 -3.81150397e+00   1.20621089e+00   7.19601306e-01 
 -4.75910387e+00   2.22596273e+00   1.32864408e-02 
 -1.83990503e+00   7.64367014e-01   1.24094502e+00 
 -7.55514690e-01   1.90922027e+00   9.84990768e-01 
 -2.20220231e+00  -1.03078408e+00  -8.78317378e-01 
 -3.45949313e+00  -1.25629693e+00  -4.82892422e-01 
 -3.98646705e+00  -1.53289816e+00   9.01823851e-01 
 -4.27364463e+00  -6.42242117e-01  -1.22748227e+00 
  1.05627320e+00  -8.60951751e+00  -6.34144928e+00 
  2.70947739e+00  -7.67348732e+00  -3.00966957e+00 
 -2.26198623e+00  -1.11021487e+01  -2.88300845e+00 
 -9.38583186e+00  -4.73529536e+00  -1.24191140e+01 
 -6.09894326e+00  -6.49902720e+00  -1.17378625e+01 
 -4.64139129e+00  -2.97149848e+00  -1.16490863e+01 
 -6.71191816e+00  -1.83681000e+00  -8.66778559e+00 
 -5.26915126e+00  -2.62193468e+00  -5.21935552e+00 
 -8.58867885e+00  -3.33661191e+00  -3.35555654e+00 
 -8.36410737e+00  -1.02885970e+01  -3.59027361e+00 
 -7.06677401e+00  -1.31552259e+01  -1.44782880e+00 
 -7.65734778e+00  -9.62970611e+00   1.88827073e+00 
 -6.26286816e+00  -6.69992226e+00  -4.91252309e-02 
 -3.32000266e+00  -6.27978086e+00   2.35179093e+00 
 -1.43406350e+00  -8.91831744e+00   4.37735625e+00 
 -5.19629405e+00  -1.02364769e+01   6.11082745e+00 
 -7.00189306e+00  -6.96711579e+00   5.69756950e+00 
 -1.19392872e+01   1.71251730e+00   3.12300638e+00 
 -9.59129209e+00   7.46596578e-01   1.17954785e+01 
 -1.09664725e+01   5.07163540e+00   9.37226501e+00 
 -8.97064355e+00   5.32795876e+00   6.15956489e+00 
 -7.82690333e+00   2.01633400e+00   4.85763773e+00 
 -6.40789378e+00  -3.10179298e-02   7.65132345e+00 
 -3.37970014e+00  -1.59133286e+00   5.91164366e+00 
 -4.75187730e-01  -3.78009020e+00   6.99329034e+00 
  3.17010054e+00  -4.52543609e+00   6.11560456e+00 
  3.12791253e+00  -6.77028791e+00   3.02187393e+00 
  6.01682229e+00  -8.71837497e+00   4.55879359e+00 
 -1.29482896e+00   1.61499891e+00   9.77227836e+00 
 -4.40084782e+00   3.73335200e+00   9.23198975e+00 
 -4.63257520e+00   7.01662031e+00   7.34663823e+00 
 -4.36865228e+00   9.04260617e+00   4.17529692e+00 
 -1.63799938e+00   8.14818433e+00   1.72792002e+00 
 -9.09008830e-01   1.17851081e+01   1.24594199e+00 
 -7.58808137e-01   7.81796432e+00   8.81866737e+00 
  3.21806514e-01   7.12104193e+00   1.23937571e+01 
  3.44808654e+00   9.08760277e+00   8.27146769e+00 
  4.78155932e+00   5.52423773e+00   8.60721334e+00 
  3.96253611e+00   2.37236830e+00   6.72765758e+00 
  4.73589827e+00  -8.40016482e-01   4.80278997e+00 
  9.48454128e+00   1.94291524e+00   6.37981101e+00 
  7.69851739e+00   4.13139584e+00   3.88781526e+00 
  6.54769335e+00   7.74356839e+00   4.31410213e+00 
  4.22182217e+00   8.41582832e+00   1.35211577e+00 
  3.70509756e+00   1.22039725e+01   1.44420143e+00 
  1.10814537e+01   6.41952276e+00   8.65331963e+00 
  4.85407249e+00   1.27315882e+01  -2.88580969e+00 
  4.79352862e+00   8.98064719e+00  -2.94338456e+00 
  7.23567606e+00   6.23661450e+00  -2.15770761e+00 
  7.59613536e+00   2.47390268e+00  -2.22217535e+00 
  8.23105691e+00  -4.44060583e-01   1.05610040e-01 
  1.19331429e+01  -1.20608262e+00   3.98437650e-01 
  8.90098549e+00  -2.52035610e+00  -7.33493075e+00 
  8.44375908e+00  -3.72487455e+00  -3.76381886e+00 
  1.15104357e+01  -5.30349128e+00  -2.11047811e+00 
  1.14435001e+01  -7.05088535e+00   1.27084785e+00 
  3.08533213e+00  -3.38246138e+00  -1.58223327e+01 

   1.094703548592e+01 

 -2.51759151e+00   6.82115675e-01   3.21458199e-01 
 -1.35443597e+00   6.10373455e-01   1.10221522e+00 
 -1.44054006e+00  -6.74640391e-01   1.49104060e+00 
 -2.40780154e+00  -1.43971401e+00   2.07806648e+00 
 -3.60084819e+00  -1.15058585e+00   1.41522491e+00 
 -3.67366843e+00  -5.41489576e-02   6.07184500e-01 
 -4.69935883e+00  -2.11354956e+00   1.22096867e+00 
 -5.36771187e+00  -2.12906594e+00   1.37910830e-01 
 -5.48208389e+00  -2.27709460e+00   2.33231565e+00 
 -2.98369640e-01  -1.05416106e+00   2.10820417e+00 
  2.58775840e-01  -1.65941589e-01   2.85913711e+00 
  1.77186530e+00  -4.15677387e-01   2.60931624e+00 
 -5.01655675e-01   4.79453877e-01   3.62745235e+00 
  2.43840819e+00   1.00076669e+00   2.60087393e+00 
  2.51237492e+00   1.13484138e+00   4.15434519e+00 
  1.97934245e+00  -2.58641489e-01   1.00169371e+00 
  1.68332184e+00  -1.78840689e+00   1.35424663e+00 
 -2.66723711e-01   1.41447156e+00   9.70397877e-01 
  5.00806386e-01   2.46402443e+00   1.28238099e+00 
  1.82284891e+00   2.88470605e+00   6.93416257e-01 
  3.64403290e-01   2.76430234e+00   2.50121133e+00 
 -8.61209959e+00   4.47581990e+00  -3.37511946e+00 
 -6.08689344e+00   2.24889968e+00  -5.21200619e+00 
 -5.07724720e+00   8.20217279e+00  -5.04962888e+00 
 -8.58302330e+00   1.05261179e+01   7.77737860e+00 
 -9.82698839e+00   9.11231855e+00   4.48614591e+00 
 -9.23831355e+00   5.72056491e+00   6.13698419e+00 
 -5.49203343e+00   6.21243134e+00   6.56850023e+00 
 -3.31225741e+00   5.24484868e+00   3.58487369e+00 
 -6.12077286e-01   8.00091669e+00   3.92676555e+00 
 -3.04139706e+00   1.23566324e+01  -9.27280971e-01 
 -2.57621898e+00   1.29924987e+01  -4.65152424e+00 
  1.63093782e+00   1.07813744e+01  -3.50331350e+00 
  3.04785317e-01   8.05178450e+00  -1.25112159e+00 
  1.35777057e+00   5.29086552e+00  -3.67391399e+00 
  1.56043391e+00   5.34842550e+00  -7.49192015e+00 
  4.13612793e+00   8.84348966e+00  -7.27472792e+00 
  5.49303307e+00   8.13586895e+00  -3.84285181e+00 
  7.87163461e+00   6.53180040e+00   6.06227240e+00 
  1.41669953e+01   4.41128084e+00  -6.38753986e-02 
  1.39375538e+01   2.92193736e+00   4.85529710e+00 
  1.04478303e+01   1.61228231e+00   5.54602877e+00 
  7.85176106e+00   3.03917196e+00   3.26690062e+00 
  9.08537459e+00   2.97990995e+00  -2.66455236e-01 
  5.90773706e+00   1.90173236e+00  -2.10253202e+00 
  5.03035487e+00   1.00629023e+00  -5.68376008e+00 
  2.60772420e+00  -1.16150043e+00  -7.69511378e+00 
 -7.46891200e-01   6.70790990e-01  -7.73476720e+00 
 -1.14961131e+00  -4.19810360e-01  -1.13612490e+01 
  9.41964497e+00  -2.17927599e+00  -2.83984148e+00 
  1.08237106e+01  -1.14718983e+00   5.35078177e-01 
  1.02905707e+01  -2.88510676e+00   3.86426808e+00 
  8.06160448e+00  -4.03860021e+00   6.68079820e+00 
  4.59240709e+00  -5.24375069e+00   5.80994163e+00 
  5.00649980e+00  -8.09274277e+00   8.19797757e+00 
  1.02899115e+01  -6.49023135e+00   1.66923516e+00 
  1.27489209e+01  -7.25604395e+00  -1.12388123e+00 
  8.55249931e+00  -1.04225734e+01   6.07417465e-01 
  7.22360260e+00  -9.15997265e+00  -2.74345079e+00 
  4.94761264e+00  -6.29146828e+00  -3.59747783e+00 
  1.98782299e+00  -4.57947208e+00  -5.30959190e+00 
  2.34356836e+00  -1.01384107e+01  -6.63358652e+00 
  1.55904962e+00  -9.92763957e+00  -2.95534273e+00 
  3.49151415e+00  -1.14452270e+01  -3.70527864e-02 
  2.04569704e+00  -9.79338079e+00   3.09599531e+00 
  3.49341348e+00  -1.18654190e+01   5.96588986e+00 
  5.06251797e+00  -1.44950310e+01  -5.45623451e+00 
 -5.48242796e-01  -1.25864285e+01   7.83476066e+00 
 -1.72770420e+00  -1.01070465e+01   5.27779469e+00 
 -2.85056122e+00  -1.02612382e+01   1.69638369e+00 
 -4.20510077e+00  -8.09092814e+00  -1.08697116e+00 
 -3.33471957e+00  -6.94317889e+00  -4.58858908e+00 
 -4.77047162e+00  -9.27460628e+00  -7.21059758e+00 
 -1.06842372e+01  -5.26823918e+00  -2.77182750e+00 
 -7.78026810e+00  -4.54550397e+00  -5.10793072e+00 
 -8.03836933e+00  -6.02232848e+00  -8.62680061e+00 
 -5.61920386e+00  -5.22126280e+00  -1.14547263e+01 
 -1.60182685e+01   6.29239309e-01   3.81367925e+00 

   1.094703548592e+01 

  3.19607871e+00  -3.01897371e+00  -5.12029428e-01 
  1.84356669e+00  -3.10705163e+00  -1.50625512e-01 
  1.94881023e+00  -2.76175944e+00   1.14535164e+00 
  2.70979387e+00  -3.18847279e+00   2.19623290e+00 
  4.01414969e+00  -3.31491445e+00   1.71771148e+00 
  4.24163450e+00  -3.30883390e+00   3.72862174e-01 
  5.22365572e+00  -3.10153750e+00   2.53215956e+00 
  6.25350994e+00  -2.54315809e+00   2.03460198e+00 
  5.53116498e+00  -4.16476517e+00   3.33806437e+00 
  7.20930351e-01  -2.57382713e+00   1.68058291e+00 
 -1.99345373e-01  -3.38292420e+00   1.27846390e+00 
 -1.44877129e+00  -2.46205207e+00   1.20671736e+00 
  1.08947218e-01  -4.60217158e+00   1.21937753e+00 
 -2.24839031e+00  -2.93186541e+00  -5.44524625e-02 
 -2.93394552e+00  -4.14322323e+00   6.52191972e-01 
 -1.03909186e+00  -1.25028845e+00   1.98774434e-01 
 -6.94692983e-01  -8.33072788e-01   1.70191264e+00 
  7.91630987e-01  -2.99586693e+00  -1.00393482e+00 
 -1.73315334e-01  -3.47494087e+00  -1.79599789e+00 
 -1.20979565e+00  -2.72538686e+00  -2.59319689e+00 
 -5.60669272e-01  -4.60480429e+00  -1.38650357e+00 
  9.66033720e+00  -4.64338993e+00  -5.06993915e+00 
  8.37229510e+00  -1.08915959e+00  -4.42311085e+00 
  6.56960782e+00  -3.92566177e+00  -9.44225287e+00 
  4.49658366e+00  -1.62023031e+01  -4.22593645e+00 
  7.09622513e+00  -1.34771210e+01  -4.66609249e+00 
  6.38864798e+00  -1.27117697e+01  -9.93304753e-01 
  2.73712176e+00  -1.18040749e+01  -1.54575367e+00 
  2.03356096e+00  -8.18224235e+00  -2.53418584e+00 
 -9.40635884e-01  -8.80817980e+00  -4.93546238e+00 
  2.54976344e+00  -8.39649993e+00  -1.09423962e+01 
  3.47551067e+00  -5.73785896e+00  -1.35046852e+01 
 -5.01196089e-01  -3.77221251e+00  -1.14480704e+01 
  2.14679537e-01  -4.56829672e+00  -7.82377983e+00 
  5.69196563e-01  -8.78736862e-01  -6.89488785e+00 
  1.85015873e+00   2.04879917e+00  -8.99494150e+00 
 -1.06401825e+00   1.08053611e+00  -1.20717718e+01 
 -3.52911334e+00  -5.95403477e-01  -9.78392897e+00 
 -9.30152071e+00  -6.27361519e+00  -3.39804674e+00 
 -1.23876201e+01   1.95686957e+00  -5.49398734e+00 
 -1.38722259e+01  -1.06173991e+00  -1.60130342e+00 
 -1.07754047e+01  -2.28503049e+00   2.10804600e-01 
 -7.72387929e+00  -2.34713174e+00  -1.94658986e+00 
 -7.47713505e+00   8.37166804e-01  -3.89832703e+00 
 -3.72149322e+00   1.52094136e+00  -3.65618665e+00 
 -1.41561795e+00   4.33918231e+00  -4.72261418e+00 
  1.86888099e+00   6.02565684e+00  -3.73172074e+00 
  4.69213030e+00   3.76207919e+00  -4.96370626e+00 
  6.60934410e+00   6.90538537e+00  -5.93678509e+00 
 -6.07894546e+00   5.60948692e+00  -9.62125458e-01 
 -8.80441637e+00   3.08471048e+00  -1.72190672e-01 
 -9.36406403e+00   1.27350885e+00   3.11329893e+00 
 -8.25932440e+00  -1.13186169e+00   5.80131354e+00 
 -4.59283240e+00  -1.22495425e+00   6.69253721e+00 
 -5.50038737e+00  -1.36863166e+00   1.03183675e+01 
 -8.02020306e+00   4.81413082e+00   4.97693168e+00 
 -9.07977125e+00   8.29788484e+00   3.89274137e+00 
 -5.48450871e+00   6.98119053e+00   7.88957283e+00 
 -3.15258337e+00   8.31676698e+00   5.17538696e+00 
 -1.14144823e+00   6.55361355e+00   2.53257875e+00 
  1.98376590e+00   5.77033414e+00   4.72935502e-01 
  2.93509869e+00   9.81894390e+00   4.40803902e+00 
  2.20192725e+00   6.62482232e+00   6.26530003e+00 
 -4.78507387e-01   5.98876928e+00   8.90435547e+00 
 -5.96266182e-01   2.18818830e+00   9.32470117e+00 
 -2.73956220e+00   1.68595279e+00   1.24519303e+01 
  5.99829331e-01   1.22935099e+01   8.43072785e+00 
  3.24978361e-01  -9.52762673e-01   1.44502520e+01 
  2.04674584e+00  -7.92812650e-01   1.11206167e+01 
  4.47463135e+00   1.53996389e+00   9.45489958e+00 
  6.48600891e+00   1.96262123e+00   6.28191859e+00 
  6.88578080e+00   4.34678996e+00   3.36779064e+00 
  9.52829073e+00   6.97164968e+00   4.07427414e+00 
  1.26581845e+01  -8.22521730e-01   3.64890713e+00 
  1.08115366e+01   1.71479287e+00   1.51239436e+00 
  1.26084285e+01   5.03667786e+00   9.07140914e-01 
  1.13830767e+01   7.71074926e+00  -1.50927933e+00 
  1.41704446e+01  -1.09934929e+01   2.71860822e+00 

   1.094703548592e+01 

 -3.40976650e+00   4.14054838e+00  -1.36194472e+00 
 -2.02348622e+00   4.00926537e+00  -1.19267854e+00 
 -1.70310558e+00   3.55908827e+00  -2.41928219e+00 
 -1.94867599e+00   3.98264404e+00  -3.69436159e+00 
 -3.29885035e+00   4.33013524e+00  -3.74528690e+00 
 -3.99894051e+00   4.48365140e+00  -2.58480746e+00 
 -4.14537407e+00   4.20597698e+00  -4.94517963e+00 
 -5.36143638e+00   3.84271767e+00  -4.84933618e+00 
 -3.96161286e+00   5.21909594e+00  -5.84757610e+00 
 -4.12310812e-01   3.15591530e+00  -2.44721928e+00 
  4.15643122e-01   3.86733993e+00  -1.76047883e+00 
  1.38637793e+00   2.79653556e+00  -1.19015428e+00 
  3.08408286e-01   5.11715690e+00  -1.86798672e+00 
  1.73554544e+00   3.27193194e+00   2.59930144e-01 
  2.81766441e+00   4.30583572e+00  -1.83670566e-01 
  4.47274553e-01   1.75360813e+00  -3.63991799e-01 
  6.12289371e-01   1.24514997e+00  -1.86943007e+00 
 -1.38807113e+00   3.83847074e+00  -3.50050569e-03 
 -7.14707093e-01   4.25568934e+00   1.07376764e+00 
 -1.76151857e-01   3.45211761e+00   2.22957023e+00 
 -2.75823426e-02   5.27812617e+00   7.96634952e-01 
 -1.07373160e+01   7.05574654e+00   3.72570943e-01 
 -9.89460293e+00   3.31416511e+00   3.92462206e-01 
 -9.61385616e+00   6.34671176e+00   5.60897970e+00 
 -3.82662086e+00   1.76726243e+01   1.08626804e+00 
 -6.81134677e+00   1.53802094e+01   6.22872172e-01 
 -4.94660313e+00   1.41781386e+01  -2.48414486e+00 
 -1.94637636e+00   1.28402841e+01  -5.68019094e-01 
 -2.24697670e+00   9.26778274e+00   7.49759519e-01 
 -2.94358297e-01   9.71104489e+00   4.06556615e+00 
 -5.75243548e+00   1.03533862e+01   8.33550910e+00 
 -7.96548010e+00   8.10238524e+00   1.04629800e+01 
 -3.88641472e+00   5.42756892e+00   1.01250299e+01 
 -3.09233525e+00   5.96309514e+00   6.46930023e+00 
 -3.67481427e+00   2.28401892e+00   5.61695587e+00 
 -6.08844443e+00  -2.28146529e-01   7.19333490e+00 
 -4.38194275e+00   6.25453187e-01   1.10992362e+01 
 -1.01623086e+00   1.72471780e+00   9.84094651e+00 
  7.52363380e+00   5.92982850e+00   5.87483724e+00 
  8.25914160e+00  -2.40478433e+00   9.28820997e+00 
  1.15280530e+01  -1.91708510e-03   6.12443174e+00 
  9.54691471e+00   1.45137668e+00   3.23765060e+00 
  5.97187969e+00   2.13314169e+00   4.08872968e+00 
  4.51921752e+00  -7.86777719e-01   5.92550978e+00 
  1.05317748e+00  -9.74487851e-01   4.31853857e+00 
 -1.90562675e+00  -3.33863729e+00   4.54894148e+00 
 -4.82856687e+00  -4.65069352e+00   2.46353291e+00 
 -7.50101989e+00  -1.91751162e+00   2.45902770e+00 
 -1.01219069e+01  -4.66389381e+00   2.76118843e+00 
  3.53687281e+00  -5.58393390e+00   2.86388530e+00 
  6.73217429e+00  -3.53967779e+00   3.05817932e+00 
  8.73634868e+00  -2.14383885e+00   1.55935813e-01 
  9.09239830e+00   1.20969055e-01  -2.83998700e+00 
  6.07037992e+00   6.25156208e-01  -5.04437117e+00 
  8.24826122e+00   2.96845026e-01  -8.06761265e+00 
  7.61165125e+00  -5.63117562e+00  -1.93897020e+00 
  7.62489015e+00  -9.10667480e+00  -4.04230596e-01 
  5.99861681e+00  -7.70259533e+00  -5.50502016e+00 
  2.65451777e+00  -8.44351563e+00  -3.81490659e+00 
  1.31328707e-01  -6.17908785e+00  -2.18896267e+00 
 -3.35909142e+00  -4.78550442e+00  -1.48361673e+00 
 -3.45040259e+00  -9.02519260e+00  -5.33043636e+00 
 -1.58456513e+00  -6.15256994e+00  -6.89761891e+00 
  1.93867491e+00  -6.14157757e+00  -8.36068617e+00 
  2.81409794e+00  -2.44994414e+00  -8.85104376e+00 
  6.00121856e+00  -2.54470328e+00  -1.09626316e+01 
 -2.41658430e-01  -1.21671383e+01  -8.08563576e+00 
  4.34631422e+00   2.82174121e-01  -1.40638529e+01 
  1.52721425e+00   6.76615890e-01  -1.16197518e+01 
 -1.68360558e+00  -1.13492533e+00  -1.08986123e+01 
 -4.75358723e+00  -9.75221064e-01  -8.69820449e+00 
 -6.56829550e+00  -2.99329387e+00  -6.05804619e+00 
 -9.15790593e+00  -5.29063859e+00  -7.60335886e+00 
 -1.09236730e+01   2.86082866e+00  -8.68128668e+00 
 -1.04195750e+01   3.12460923e-01  -5.91280914e+00 
 -1.28248277e+01  -2.66153487e+00  -5.89936479e+00 
 -1.30146378e+01  -5.23366212e+00  -3.09947816e+00 
 -1.10061970e+01   1.31848465e+01  -8.77555362e+00 

   1.094703548592e+01 

 -2.32291222e+00   3.91204548e-01   2.11035541e+00 
 -1.87737530e+00  -8.19807414e-01   1.56025891e+00 
 -1.05259360e+00  -1.20961228e+00   2.54901924e+00 
 -1.17590533e+00  -1.36365025e+00   3.90053629e+00 
 -1.84348888e+00  -2.32509307e-01   4.37081993e+00 
 -2.47656702e+00   5.91690073e-01   3.48746642e+00 
 -1.63808119e+00   3.60714243e-01   5.70410675e+00 
 -1.64926753e+00   1.62339330e+00   5.86369145e+00 
 -2.29212036e+00  -3.08345043e-01   6.70365166e+00 
 -3.28421120e-01  -2.28307641e+00   2.15821360e+00 
 -9.48782623e-01  -3.14619446e+00   1.42785478e+00 
  1.52603146e-01  -3.59353139e+00   4.27326305e-01 
 -2.10840648e+00  -3.46769305e+00   1.79800459e+00 
 -5.76421068e-01  -3.78963953e+00  -9.44070715e-01 
 -1.13160679e+00  -5.20997448e+00  -6.10697767e-01 
  6.53689882e-01  -2.22909056e+00  -3.07092201e-01 
  1.56448716e+00  -2.50996957e+00   9.74960548e-01 
 -1.86243259e+00  -1.12485753e+00   2.35952046e-01 
 -2.35348526e+00  -1.67499538e+00  -8.79490809e-01 
 -1.76851985e+00  -1.69403547e+00  -2.26841192e+00 
 -3.04665786e+00  -2.69317572e+00  -6.01748881e-01 
 -7.42883015e+00   6.58866829e+00   2.95944443e+00 
 -3.73940990e+00   7.00899889e+00   1.99950014e+00 
 -7.84771480e+00   6.78469260e+00  -2.42302519e+00 
 -1.56292997e+01  -3.08257528e+00   2.50721508e+00 
 -1.41738527e+01   3.30239794e-01   3.29006732e+00 
 -1.17476318e+01  -1.61418782e+00   5.50556979e+00 
 -1.02128684e+01  -3.59847484e+00   2.64727316e+00 
 -7.32476693e+00  -1.92132528e+00   7.93707272e-01 
 -8.08801107e+00  -3.23408858e+00  -2.76970184e+00 
 -1.12547784e+01   2.44678333e+00  -5.24657498e+00 
 -1.03131104e+01   5.63083004e+00  -7.10824424e+00 
 -6.65970589e+00   2.63888072e+00  -8.37651132e+00 
 -5.98562641e+00   1.02513232e+00  -5.02641536e+00 
 -2.50368817e+00   2.57886982e+00  -4.77466064e+00 
 -1.22832297e+00   5.92618386e+00  -6.11275217e+00 
 -2.59252965e+00   4.82421849e+00  -1.00903718e+01 
 -2.38789005e+00   1.10771177e+00  -9.57520907e+00 
 -2.97902877e+00  -8.92494165e+00  -7.26464910e+00 
  4.05148794e+00  -6.27930660e+00  -1.22876269e+01 
  3.52150504e+00  -1.06913360e+01  -9.69491400e+00 
  2.40520992e+00  -9.87658187e+00  -6.16496529e+00 
  5.99758396e-01  -6.61484957e+00  -5.89764185e+00 
  2.44022895e+00  -3.97796194e+00  -7.81321217e+00 
  2.11572897e+00  -1.01346657e+00  -5.41790590e+00 
  3.46242288e+00   2.53222397e+00  -5.31158260e+00 
  4.45078382e+00   5.26066649e+00  -2.82306026e+00 
  1.20676266e+00   6.86322518e+00  -1.58999859e+00 
  2.97893794e+00   1.02317560e+01  -1.71393414e+00 
  7.43325415e+00  -2.12187681e+00  -5.58253953e+00 
  6.33459932e+00  -5.70248535e+00  -6.21411278e+00 
  6.33417538e+00  -8.56856361e+00  -3.72942086e+00 
  5.11451755e+00  -1.02023967e+01  -5.55353428e-01 
  4.42299628e+00  -7.98660506e+00   2.42091527e+00 
  6.09986095e+00  -1.04850669e+01   4.64279679e+00 
  9.82051293e+00  -6.81322589e+00  -2.12339060e+00 
  1.26450180e+01  -5.41632529e+00  -4.24601520e+00 
  1.22499953e+01  -5.34238160e+00   1.27419746e+00 
  1.16052934e+01  -1.67729491e+00   4.13997346e-01 
  8.40761725e+00   2.51704431e-01  -2.37680740e-02 
  6.00260066e+00   3.17889464e+00   4.95917419e-01 
  1.09213425e+01   3.87847866e+00   3.34159406e+00 
  9.16369455e+00   9.25578836e-01   4.88445756e+00 
  1.04734634e+01  -2.62809319e+00   5.34252708e+00 
  7.41025753e+00  -4.71677384e+00   6.28547795e+00 
  8.89914241e+00  -8.05004951e+00   7.42478269e+00 
  1.54116454e+01   1.37661896e+00   4.49782203e+00 
  6.65162313e+00  -8.01909740e+00   1.13356927e+01 
  4.89517721e+00  -5.05891282e+00   9.84279485e+00 
  5.53345679e+00  -1.36169172e+00   9.65774591e+00 
  3.99211637e+00   1.85929349e+00   8.41612954e+00 
  4.68888783e+00   4.69829253e+00   6.00971856e+00 
  6.53794757e+00   7.53735134e+00   7.71047997e+00 
 -1.20957148e+00   6.35678050e+00   1.07614604e+01 
  5.61308120e-01   7.23974166e+00   7.52153353e+00 
  2.67771133e+00   1.04254216e+01   7.57003917e+00 
  4.27807888e+00   1.19656313e+01   4.47846847e+00 
 -1.07836401e+01   3.10930182e+00   1.28572020e+01 

   1.094703548592e+01 

 -1.98548181e+00   3.14695641e+00   3.96275565e-01 
 -1.38134845e+00   2.46776667e+00  -6.72079926e-01 
 -2.23425409e+00   1.43226104e+00  -7.72776183e-01 
 -3.58964712e+00   1.30962934e+00  -8.88547609e-01 
 -4.14952405e+00   2.18911501e+00   3.84675558e-02 
 -3.36853000e+00   3.14785644e+00   6.14027401e-01 
 -5.43159955e+00   1.96451333e+00   7.29551290e-01 
 -5.58283768e+00   2.30251844e+00   1.94726652e+00 
 -6.52401763e+00   2.25410766e+00  -4.32717546e-02 
 -1.74384969e+00   5.03475896e-01  -1.62503303e+00 
 -1.12299627e+00   9.59289579e-01  -2.65945079e+00 
  3.18544322e-02  -6.49571331e-02  -2.83681114e+00 
 -1.66887112e+00   1.91719627e+00  -3.26734479e+00 
  1.27376352e+00   7.72676243e-01  -3.29145017e+00 
  8.49921937e-01   8.56855989e-01  -4.79144756e+00 
  8.43310394e-01  -5.48468596e-02  -1.42486417e+00 
 -2.85493007e-01  -1.18452029e+00  -1.38309353e+00 
 -7.24506876e-02   2.56184938e+00  -1.02563702e+00 
  9.50790857e-01   3.03790583e+00  -1.74281492e+00 
  2.41290356e+00   2.67956083e+00  -1.66889458e+00 
  5.63335457e-01   3.37289405e+00  -2.89692983e+00 
 -3.56832517e+00   9.59256195e+00   4.99504530e+00 
 -2.05061199e+00   6.34587131e+00   6.36089274e+00 
  1.68716748e+00   1.08291003e+01   4.80626253e+00 
 -4.44308418e+00   1.47595972e+01  -6.56011406e+00 
 -4.97109889e+00   1.42112114e+01  -2.84541841e+00 
 -6.80035735e+00   1.10445804e+01  -3.94180317e+00 
 -3.75320936e+00   9.45273681e+00  -5.56774181e+00 
 -1.46738797e+00   7.44617314e+00  -3.25724621e+00 
  1.92801906e+00   8.32563874e+00  -4.90087783e+00 
  3.92601642e+00   1.32711334e+01  -4.30339690e-01 
  5.93074950e+00   1.35324484e+01   2.79510047e+00 
  7.72551887e+00   9.41731700e+00   8.58060547e-01 
  4.50826924e+00   7.84092820e+00  -3.44442321e-01 
  4.80415245e+00   4.92942030e+00   2.11257812e+00 
  6.34381688e+00   4.84291308e+00   5.61165037e+00 
  1.00576100e+01   6.41192181e+00   3.98598194e+00 
  9.55594253e+00   5.11048328e+00   4.96815884e-01 
  7.11716366e+00   2.54909207e+00  -9.18997407e+00 
  1.31770185e+01  -2.66011514e+00  -4.97094863e+00 
  1.05051886e+01  -3.75988024e+00  -9.22781215e+00 
  6.85104946e+00  -2.98804189e+00  -8.57818935e+00 
  6.33080375e+00  -4.06862067e-01  -5.92547947e+00 
  8.52325480e+00  -1.14309581e+00  -2.98251563e+00 
  6.12575571e+00  -3.60795182e-01  -1.06575961e-01 
  6.25039653e+00  -6.70429529e-01   3.67302743e+00 
  3.96083038e+00  -1.21389408e+00   6.68575584e+00 
  2.25471430e+00   2.13181102e+00   7.39831043e+00 
  2.67105881e+00   1.40251744e+00   1.11128431e+01 
  7.09768462e+00  -5.69387489e+00   2.74693679e-01 
  7.52991148e+00  -5.55292223e+00  -3.49624746e+00 
  5.05612592e+00  -6.71048926e+00  -6.12845609e+00 
  1.72193085e+00  -6.46860013e+00  -7.87668735e+00 
 -1.31082390e+00  -5.63036348e+00  -5.79201296e+00 
 -3.26502152e+00  -8.24022253e+00  -7.62523190e+00 
  4.01579907e+00  -9.76754069e+00  -3.41050652e+00 
  6.55590614e+00  -1.17523316e+01  -1.39974631e+00 
  1.04109051e+00  -1.21611257e+01  -1.16746573e+00 
  1.81579983e+00  -1.04058238e+01   2.13513718e+00 
  1.76989241e+00  -6.76999694e+00   3.09245927e+00 
  9.06064269e-01  -3.74917362e+00   5.27214909e+00 
 -1.14609168e+00  -8.64019036e+00   7.42805400e+00 
 -2.95959112e+00  -8.01604369e+00   4.18598179e+00 
 -3.23411508e+00  -1.03133230e+01   1.15265830e+00 
 -4.64968435e+00  -8.12207038e+00  -1.64547484e+00 
 -5.56842575e+00  -1.06274988e+01  -4.38486576e+00 
 -1.61535674e+00  -1.37672112e+01   6.30893266e+00 
 -9.77775323e+00  -9.05467515e+00  -4.77895440e+00 
 -8.55311198e+00  -6.34726170e+00  -2.48838562e+00 
 -8.24834524e+00  -5.89968032e+00   1.22885474e+00 
 -7.23728761e+00  -3.36071573e+00   3.84103937e+00 
 -4.73411529e+00  -2.88329464e+00   6.64147100e+00 
 -6.11241521e+00  -4.09852582e+00   9.95739752e+00 
 -1.03243021e+01   2.48571817e+00   6.85352578e+00 
 -6.84525615e+00   1.52149945e+00   8.02795423e+00 
 -6.54763679e+00   3.89437973e-01   1.16693731e+01 
 -3.23711232e+00  -2.51975532e-01   1.34357955e+01 
 -1.38861054e+01   1.03696005e+01   1.21801349e+00 

   1.094703548592e+01 

  4.06276555e+00  -4.57159444e+00  -1.46241797e-01 
  3.71154758e+00  -3.55003819e+00   7.48592287e-01 
  3.17733156e+00  -4.30208753e+00   1.72782398e+00 
  3.59580809e+00  -5.38604702e+00   2.44576620e+00 
  4.15795319e+00  -6.27661509e+00   1.53078219e+00 
  4.45978970e+00  -5.84748160e+00   2.71756716e-01 
  4.13709761e+00  -7.74294524e+00   1.67638835e+00 
  3.98100029e+00  -8.49581514e+00   6.62104688e-01 
  5.07810069e+00  -8.21602294e+00   2.55115021e+00 
  2.56757135e+00  -3.51437119e+00   2.64279694e+00 
  3.15467989e+00  -2.39648205e+00   2.90523285e+00 
  1.95750199e+00  -1.42424378e+00   3.09427250e+00 
  4.40126349e+00  -2.44132292e+00   3.07587378e+00 
  2.41384956e+00  -6.46225874e-02   2.46670449e+00 
  3.24241075e+00   3.96003927e-01   3.70687772e+00 
  1.10843696e+00  -1.50434760e+00   1.70689036e+00 
  5.33585939e-01  -2.57264002e+00   2.74631403e+00 
  3.47581106e+00  -2.25467510e+00   4.11649701e-01 
  3.81019778e+00  -9.68830602e-01   2.60697441e-01 
  2.96536060e+00   1.84446637e-01  -2.16639619e-01 
  4.69727046e+00  -6.41858657e-01   1.09766305e+00 
  8.19061145e+00  -7.80416444e+00  -6.28719339e+00 
  4.36396360e+00  -7.55646641e+00  -6.21367747e+00 
  7.46920476e+00  -3.19008585e+00  -9.00283700e+00 
  1.75495024e+01  -1.85276136e+00  -1.24635037e-01 
  1.57635635e+01  -4.34527899e+00  -2.35539013e+00 
  1.41770253e+01  -5.56767257e+00   8.94909609e-01 
  1.24257637e+01  -2.27996425e+00   1.66094493e+00 
  8.99311681e+00  -1.78785788e+00   5.95599380e-02 
  9.21282723e+00   2.02020387e+00  -6.14358891e-01 
  1.08717578e+01   1.72357038e+00  -7.36680880e+00 
  9.08028879e+00   1.68823941e+00  -1.07253941e+01 
  5.76450685e+00   3.87073014e+00  -7.87058214e+00 
  6.04964727e+00   1.68370434e+00  -4.80181642e+00 
  2.49106830e+00   3.49586846e-01  -5.19933469e+00 
  4.57915813e-01  -2.53623638e-01  -8.38115567e+00 
  1.14074686e+00   3.87260889e+00  -9.56639509e+00 
  1.63467417e+00   5.21702068e+00  -6.09245137e+00 
  4.26017894e+00   8.16637189e+00   3.43384482e+00 
 -3.97295745e+00   1.05078842e+01   5.37184427e-01 
 -2.23663483e+00   1.04657914e+01   5.37995816e+00 
 -5.68387979e-01   7.12295417e+00   6.02250679e+00 
  7.15517310e-01   5.48658810e+00   2.91704260e+00 
 -1.86900226e+00   5.67229362e+00   2.15989111e-01 
 -1.53615709e+00   2.18353121e+00  -1.31658263e+00 
 -3.37565094e+00   2.23960596e-01  -3.99485742e+00 
 -4.25513473e+00  -3.36560922e+00  -4.97235227e+00 
 -1.12270246e+00  -4.88225538e+00  -6.55347886e+00 
 -3.39220195e+00  -6.59959267e+00  -9.08391154e+00 
 -6.53276621e+00   2.31956916e+00   8.15820347e-01 
 -5.03430594e+00   4.72603084e+00   3.34371349e+00 
 -4.07576333e+00   3.96932164e+00   6.93490911e+00 
 -1.99342056e+00   2.13955821e+00   9.49371627e+00 
 -1.06950297e+00  -1.45007339e+00   8.78165542e+00 
 -1.84318535e+00  -2.33075499e+00   1.23336633e+01 
 -7.39486253e+00   1.36230883e+00   6.98136288e+00 
 -1.07765542e+01   2.23087548e+00   5.48321444e+00 
 -9.28329945e+00  -2.55051112e+00   7.83752765e+00 
 -9.41409857e+00  -3.52542705e+00   4.14688059e+00 
 -6.71796738e+00  -3.75741598e+00   1.53635045e+00 
 -4.75055018e+00  -5.38776880e+00  -1.30861695e+00 
 -9.03478543e+00  -8.70216167e+00   5.46495695e-01 
 -6.55623286e+00  -8.41917291e+00   3.36891770e+00 
 -7.16748014e+00  -7.21836852e+00   6.93800057e+00 
 -3.68594415e+00  -6.70230604e+00   8.43718705e+00 
 -4.36644993e+00  -6.21801864e+00   1.21691969e+01 
 -1.27432888e+01  -8.94675966e+00   4.28095149e+00 
 -1.40386310e+00  -9.39258054e+00   1.33909801e+01 
 -4.77859498e-01  -9.36086194e+00   9.75531641e+00 
 -1.71605291e+00  -1.10688076e+01   6.64711974e+00 
 -9.87948547e-01  -1.14042433e+01   2.95260568e+00 
 -2.59914196e+00  -1.07738496e+01  -4.15313474e-01 
 -4.48804471e+00  -1.38229327e+01  -1.64291464e+00 
  3.80531432e+00  -1.50953066e+01  -1.07060267e+00 
  1.29550866e+00  -1.28990477e+01  -2.88446144e+00 
 -1.24264555e+00  -1.47121539e+01  -5.09816678e+00 
 -3.66128476e+00  -1.29474380e+01  -7.44916520e+00 
  1.39955986e+01  -1.43437640e+01   4.10724833e-01 

   1.094703548592e+01 

