 -3.34727357e+00   1.15486141e+00   3.19528452e-01 
  3.26283878e+00   3.08788312e+00  -1.15662429e+00 
  7.36796760e+00  -6.83664035e+00   1.02739212e-01 
  1.05116578e+00  -3.74626639e+00   8.35849092e-01 
  8.16860745e-02  -3.09931346e+00   6.92042272e-02 
  2.13200020e+00  -1.73758534e+00   9.82678776e-01 
 -3.37868630e+00  -2.78125082e-01   7.47137247e-01 
  2.22475235e+00   2.10570355e+00  -1.63207204e+00 
 -2.55100440e+00  -9.75470075e-01  -2.41591108e-01 
  4.99348154e+00  -7.22798918e+00   4.44661878e-01 
  5.70099517e+00  -5.06011707e+00   2.97351602e-01 
  4.06487707e+00  -6.63202392e+00   1.41801574e+00 
  4.24738495e+00  -4.99645450e+00  -1.85777086e-01 
  2.18482745e+00  -3.07109657e+00   1.11927510e+00 
 -2.18089998e-01  -1.75315762e+00   2.44991323e-01 
  1.25536052e+00   1.76687209e+00  -6.68352568e-01 
  6.97056998e-01   2.54567387e+00   2.59466556e-01 
  8.13741070e-01  -1.23491499e+00   1.02363275e+00 
  8.13939843e-01   2.05975095e-01   8.67221265e-01 
  1.20957330e+00   4.74257274e-01  -4.29353128e-01 
 -3.48611035e-01   8.15307877e-01   1.18949596e+00 
 -1.10907786e+00   2.89710095e+00   1.51627008e+00 
  4.65315221e+00  -3.59177073e+00   2.05155868e+00 
  2.92086788e+00  -4.63112758e+00   3.19710608e+00 
 -1.20592664e+00  -1.02719227e+00  -3.29455451e-01 
 -3.84985109e-01   2.10021426e+00   9.22721658e-01 
  6.02874353e+00  -6.43192295e+00  -1.07609338e-01 
  3.47324499e+00  -5.48308125e+00   8.82029041e-01 
  3.29980613e+00  -4.11561510e+00   1.86639193e+00 
  1.00138471e+00   4.55088515e+00   1.27443615e-04 
 -2.83552774e+00   7.30274823e+00  -6.47155410e+00 
  5.52653545e-01   3.35287733e+00  -1.25755780e+01 
  3.01803138e+00   5.33734780e-01  -1.31335989e+01 
  4.38429762e+00  -2.59511410e-01  -9.67509097e+00 
  6.96604506e+00  -2.60843565e+00  -8.19890821e+00 
  7.08094435e+00  -4.88700653e+00  -5.26001644e+00 
  1.00876125e+01  -4.43445820e+00  -2.88674270e+00 
  1.26713575e+01   6.93231306e+00  -1.07710137e+01 
  1.21383760e+01   7.53331990e+00  -3.52852351e+00 
  1.28833321e+01   4.04249229e+00  -4.88085452e+00 
  1.19466502e+01   1.81214237e+00  -1.94693733e+00 
  1.45502897e+01  -7.40029532e-01  -2.98443034e+00 
  5.02300860e+00   7.90753173e+00   2.65780919e+00 
  3.32509493e+00   1.06208274e+01   4.71780647e+00 
 -1.74228203e-01   9.23274094e+00   3.93931310e+00 
  5.27563761e-01   6.27410936e+00   6.25441367e+00 
  8.38298801e-01   8.91280348e+00   9.05007251e+00 
 -5.74907749e+00   7.36738820e+00   3.10679896e-01 
 -5.12632316e+00   3.76008200e+00   1.14812115e+00 
 -8.08216074e+00   2.81324010e+00  -1.08428097e+00 
 -6.49948913e+00   4.80310703e+00  -3.86488146e+00 
 -3.32686237e+00   2.81254012e+00  -3.56601100e+00 
 -5.34172765e+00  -4.84538074e-01  -3.62869685e+00 
 -7.18943549e+00   6.68648860e-01  -6.67083281e+00 
 -3.96342303e+00   1.38000496e+00  -8.52688768e+00 
 -2.52827053e+00  -2.00932661e+00  -7.56190346e+00 
 -5.68622606e+00  -3.94409680e+00  -8.49543906e+00 
 -5.90235568e+00  -1.98480964e+00  -1.17296464e+01 
 -2.32606035e+00  -3.02621140e+00  -1.24195798e+01 
 -2.86335912e-02  -1.15086373e+01  -6.68842518e+00 
 -2.62710394e+00  -1.10179327e+01  -3.86767678e+00 
 -1.08069676e+00  -7.53952550e+00  -3.59200039e+00 
 -2.36194702e+00  -6.67073415e+00  -7.09463799e+00 
 -6.71063852e+00  -8.51570592e+00   3.07853410e+00 
 -5.70583203e+00  -4.82362616e+00   2.87993221e+00 
 -5.86340561e+00  -4.26333151e+00   6.64910659e+00 
 -3.60289869e+00  -7.23702579e+00   7.22361021e+00 
 -1.18475353e+00  -6.00479006e+00   4.65456354e+00 
 -2.39783040e-01  -3.47498303e+00   9.05372822e+00 
  2.51346793e+00  -5.47611121e+00   7.42586080e+00 
  3.70755433e+00  -2.52890592e+00   5.38914390e+00 
  3.67034349e+00  -2.52733356e-01   8.33904855e+00 
  5.68219323e+00  -2.74450717e+00   1.04142773e+01 
  8.30918836e+00  -3.57904866e+00   7.84096521e+00 
  8.67130656e+00  -2.19345582e-01   6.10838496e+00 
  7.21617022e+00   2.80999537e+00   7.92774228e+00 
  7.50943665e+00   2.62535726e+00   1.17306494e+01 
  1.69573622e+00   5.97121725e+00   1.19722222e+01 
 -1.54498263e+00   5.12036968e-01   1.27164426e+01 
 -7.77504837e+00  -7.26054066e+00   1.02027051e+01 

   7.125089179845e+00 

  1.11679039e+00  -4.25217474e+00   1.96488295e+00 
  3.15372326e+00   2.23428622e+00   1.22658463e-01 
 -5.56869357e+00   4.18919428e+00  -5.95820146e+00 
 -3.26448613e+00  -1.03567702e+00  -1.78909350e+00 
 -2.22385648e+00  -1.96152459e+00  -1.71087521e+00 
 -1.86343984e+00   4.72690378e-01  -7.95920835e-01 
 -2.61032697e-01  -4.52188021e+00   1.44899612e+00 
  2.75499720e+00   9.33110898e-01  -5.22751958e-01 
 -2.27954742e-01  -4.06711252e+00   5.57863127e-02 
 -5.94788551e+00   1.89213761e+00  -5.25960275e+00 
 -4.21652973e+00   3.02422993e+00  -4.28869051e+00 
 -6.04401117e+00   1.31543257e+00  -3.90938441e+00 
 -3.77800017e+00   1.55759504e+00  -4.20439946e+00 
 -2.98601698e+00   2.52037318e-01  -1.49649908e+00 
 -1.27358867e+00  -1.91678915e+00  -6.97049604e-01 
  1.94281843e+00   1.07695414e-01   2.78697690e-01 
  1.99533605e+00  -8.23310617e-02   1.59786389e+00 
 -1.42237361e+00  -6.69988070e-01  -9.45899741e-02 
 -2.07239049e-01  -3.78351455e-01   6.39609453e-01 
  7.93297284e-01  -1.79333086e-01  -2.92544893e-01 
  1.30394048e-01  -1.29635466e+00   1.57233731e+00 
  1.58276196e+00  -1.50123661e+00   3.26571970e+00 
 -4.12092006e+00   2.67142501e+00  -1.79912500e+00 
 -5.54560536e+00   9.93495162e-01  -1.05883917e+00 
 -2.91582959e-01  -2.80712752e+00  -4.21754419e-01 
  1.29619434e+00  -1.09477511e+00   2.14130861e+00 
 -5.04414244e+00   2.95825719e+00  -5.49863480e+00 
 -4.78163105e+00   9.05447508e-01  -3.46700719e+00 
 -4.33101359e+00   1.22517074e+00  -1.86583581e+00 
  3.69475114e+00   6.06887958e-01   2.50212951e+00 
  1.01244812e+01  -3.64943497e+00   3.29641233e-01 
  1.07053010e+01  -2.41091373e+00  -7.57410603e+00 
  8.72696817e+00  -7.80474066e-01  -1.03606714e+01 
  5.85597471e+00   9.89696463e-01  -8.60538930e+00 
  2.95534536e+00   3.21165873e+00  -9.61092082e+00 
 -6.66511308e-01   3.35772044e+00  -8.77247983e+00 
 -1.98534329e+00   6.77489887e+00  -7.56379097e+00 
  1.16335718e+01   1.03196480e+01  -7.52357743e+00 
  7.57358371e+00   1.12802225e+01  -1.54923773e+00 
  5.67532763e+00   1.09676677e+01  -4.84598979e+00 
  2.15561939e+00   1.01168160e+01  -3.68520038e+00 
  6.77796951e-01   1.18504539e+01  -6.71494895e+00 
  4.38824868e+00   5.69383317e+00   5.35619908e+00 
  5.29449782e+00   5.05189749e+00   8.99695233e+00 
  4.91367057e+00   1.24955729e+00   8.57831490e+00 
  1.12284199e+00   1.69112132e+00   8.37746421e+00 
  1.39063354e+00   3.09136866e+00   1.19611164e+01 
  6.07793949e+00  -5.17208633e+00   6.31284329e+00 
  2.71875916e+00  -5.22321729e+00   4.63502865e+00 
  3.56286430e+00  -8.67561321e+00   3.22591467e+00 
  6.76185874e+00  -7.23148701e+00   1.85582207e+00 
  4.84507980e+00  -4.58156398e+00   6.19359469e-03 
  2.44733157e+00  -7.25501826e+00  -1.42132445e+00 
  5.36353761e+00  -9.32920362e+00  -2.51309957e+00 
  6.89357259e+00  -6.42537255e+00  -4.40647775e+00 
  3.57544656e+00  -5.62677448e+00  -6.08894872e+00 
  2.84847367e+00  -9.25247024e+00  -7.04463650e+00 
  6.41463679e+00  -9.62095174e+00  -8.26627167e+00 
  5.83196001e+00  -6.55614760e+00  -1.04151912e+01 
 -4.48289067e+00  -5.18432147e+00  -1.17560107e+01 
 -5.72507334e+00  -7.04202712e+00  -8.60079660e+00 
 -3.29334618e+00  -4.73737498e+00  -6.77268449e+00 
 -3.41013165e-01  -6.41754413e+00  -8.54063853e+00 
 -7.91698322e+00  -9.11255049e+00  -7.20804977e-01 
 -4.98948055e+00  -7.36649269e+00   1.02892922e+00 
 -6.91760886e+00  -6.69687492e+00   4.25063317e+00 
 -9.71628451e+00  -5.08782936e+00   2.28566291e+00 
 -7.28657272e+00  -2.97324416e+00   3.90721803e-01 
 -8.14931329e+00  -6.93960227e-01   4.94110111e+00 
 -8.83737084e+00   1.19638931e+00   1.74925657e+00 
 -5.34170157e+00   2.61867287e+00   1.61706125e+00 
 -5.43154339e+00   3.63372333e+00   5.20115934e+00 
 -8.78641095e+00   5.38896594e+00   4.72462838e+00 
 -7.96804303e+00   7.24322592e+00   1.54477570e+00 
 -4.29528507e+00   8.01687301e+00   2.12163364e+00 
 -3.00691452e+00   7.63319272e+00   5.69895619e+00 
 -5.56002036e+00   8.57503601e+00   8.37791829e+00 
 -2.77807048e+00   3.79780482e+00   1.21846197e+01 
 -7.28735420e+00  -3.80873841e-01   1.04342274e+01 
 -1.13643761e+01  -8.53717368e+00   5.70155210e+00 

   7.125089214517e+00 

 -4.13491297e-01   1.71473158e+00  -4.09979766e+00 
 -5.36353484e+00  -8.54343152e-01   2.02119787e-01 
  1.36276984e+00  -2.19036525e+00   8.56206047e+00 
  1.87009001e+00  -9.09417216e-02   1.82966642e+00 
  1.42485022e+00   9.31900127e-01   9.91943122e-01 
 -1.15030604e-01  -1.14964980e+00   1.42599694e+00 
  9.26827255e-01   1.64152903e+00  -3.43989891e+00 
 -4.35748115e+00   2.65652772e-01   1.55139403e-01 
  7.01187075e-01   2.16492747e+00  -2.08931418e+00 
  2.81753248e+00  -1.16723364e+00   6.90521053e+00 
  7.32955415e-01  -1.81625073e+00   6.23051155e+00 
  3.15929782e+00  -1.60650448e+00   5.54317010e+00 
  1.07855329e+00  -6.69281693e-01   5.27371482e+00 
  9.83233286e-01  -1.04266677e+00   2.18892427e+00 
  5.56967873e-01   6.90630214e-01  -6.70330080e-02 
 -3.25949030e+00   2.97946313e-02  -6.94598204e-01 
 -3.23801242e+00  -5.98152531e-01  -1.87115628e+00 
  5.48192793e-02  -5.91676838e-01   1.40726796e-01 
 -1.15969789e+00  -7.29763881e-01  -6.38072038e-01 
 -2.10756533e+00   9.51225968e-02  -6.30078165e-02 
 -1.01636596e+00  -5.07076301e-01  -1.96342973e+00 
 -2.21017360e+00  -7.71580934e-01  -3.84059929e+00 
  7.73630479e-01  -3.00679152e+00   4.01410616e+00 
  2.82761808e+00  -2.86686160e+00   2.93949794e+00 
  1.40916164e-01   1.54806649e+00  -1.02854113e+00 
 -2.13995928e+00  -5.05127188e-01  -2.64239071e+00 
  1.50897466e+00  -1.39374488e+00   7.40206830e+00 
  2.25803270e+00  -1.06594030e+00   4.61964487e+00 
  1.67517219e+00  -2.05085505e+00   3.37095013e+00 
 -5.07368400e+00  -9.13766799e-01  -2.71461903e+00 
 -8.49653656e+00   5.96377126e+00  -4.98639527e+00 
 -9.45200541e+00   1.00244674e+01   1.86475886e+00 
 -8.48668568e+00   9.73210081e+00   5.51438237e+00 
 -6.90984566e+00   6.28648666e+00   5.82816450e+00 
 -5.47446711e+00   4.15053310e+00   8.61011950e+00 
 -2.42092163e+00   2.06561094e+00   9.02380198e+00 
 -2.99735145e+00  -1.56086019e+00   1.02043810e+01 
 -1.65772380e+01   1.54952275e+00   8.21596874e+00 
 -1.36538448e+01  -4.32166278e+00   5.04076951e+00 
 -1.17831132e+01  -2.93191320e+00   8.06378078e+00 
 -8.33008564e+00  -4.47463407e+00   7.66838342e+00 
 -7.84534414e+00  -4.48902126e+00   1.14278605e+01 
 -8.25934326e+00  -5.84611523e+00  -2.54965570e+00 
 -8.80249120e+00  -7.18515101e+00  -6.07108080e+00 
 -6.57611057e+00  -4.45740052e+00  -7.61403093e+00 
 -3.50110515e+00  -6.20106430e+00  -6.16155530e+00 
 -4.50255982e+00  -9.18428150e+00  -8.39145896e+00 
 -4.35250051e+00   1.81448859e+00  -9.46993138e+00 
 -1.37705592e+00   1.46435756e+00  -7.20588171e+00 
 -3.66999449e-01   5.03902788e+00  -8.11067842e+00 
 -3.83181620e+00   6.16270383e+00  -7.14703655e+00 
 -3.44527870e+00   4.63390603e+00  -3.73666653e+00 
 -7.88645532e-03   6.34836127e+00  -3.31317581e+00 
 -1.48678542e+00   9.63035762e+00  -4.33289632e+00 
 -4.21681521e+00   9.36666651e+00  -1.71841171e+00 
 -1.69865242e+00   8.44702606e+00   9.81876021e-01 
  7.51568025e-01   1.12282427e+01   6.05993490e-02 
 -2.13532764e+00   1.36714411e+01  -1.45059290e-01 
 -3.10637770e+00   1.25800270e+01   3.35011935e+00 
  5.19258844e+00   8.18783918e+00   8.03111361e+00 
  7.12749717e+00   7.09713434e+00   4.86631452e+00 
  3.83538694e+00   5.41507801e+00   3.91794563e+00 
  2.14354342e+00   8.83919177e+00   3.63865572e+00 
  9.89465459e+00   2.96583862e+00  -1.94992482e+00 
  6.45112984e+00   1.92103640e+00  -3.26563351e+00 
  7.72559868e+00  -1.24289573e+00  -4.97171362e+00 
  9.39652707e+00  -2.34383606e+00  -1.76567729e+00 
  6.27743756e+00  -1.69001558e+00   1.86137870e-01 
  5.80088641e+00  -6.31939006e+00  -2.04707351e+00 
  5.52576752e+00  -6.02215766e+00   1.70402181e+00 
  1.78872654e+00  -5.49465251e+00   1.57617241e+00 
  1.28883336e+00  -8.35791569e+00  -7.55353085e-01 
  3.33915497e+00  -1.06700912e+01   1.48364651e+00 
  1.77429320e+00  -9.73641988e+00   4.78499993e+00 
 -1.80915879e+00  -9.10643104e+00   3.69759386e+00 
 -2.81081283e+00  -1.04300557e+01   2.55347247e-01 
 -1.11782909e+00  -1.37178985e+01  -6.96563554e-01 
 -1.23983498e+00  -1.15180517e+01  -7.03674968e+00 
  4.78389212e+00  -9.43577606e+00  -6.54921359e+00 
  1.24683077e+01  -2.65209765e+00  -5.85854942e+00 

   7.125089206997e+00 

  2.90627016e+00  -4.78031406e-01   4.07394628e+00 
 -3.74267405e+00  -2.45233304e+00   2.84859066e+00 
 -4.25715839e+00   2.23452742e+00  -6.88301458e+00 
  6.42361653e-01   1.29568205e+00  -1.87268734e+00 
  8.98637710e-01   1.64961884e+00  -5.47820032e-01 
 -6.20834451e-01  -4.28487425e-01  -1.06270846e+00 
  3.47443186e+00   1.88927390e-01   2.86166151e+00 
 -2.91478742e+00  -1.19558876e+00   2.90792072e+00 
  2.43359097e+00   1.13003626e+00   2.43750739e+00 
 -2.03425347e+00   2.87267509e+00  -6.13484379e+00 
 -3.17814167e+00   1.34409229e+00  -4.87911707e+00 
 -8.95564437e-01   2.03611230e+00  -5.72439514e+00 
 -2.24504122e+00   2.01524207e+00  -3.86456755e+00 
 -2.95656121e-01   3.53192016e-01  -2.10333945e+00 
  9.36708753e-01   7.05518355e-01   4.72022328e-01 
 -1.53878659e+00  -1.39035914e+00   2.67998989e+00 
 -7.69873157e-01  -2.41316760e+00   3.05642206e+00 
  3.75164937e-01  -4.51251955e-01  -6.29151373e-02 
 -2.79680256e-02  -1.30463529e+00   1.03702790e+00 
 -1.08824948e+00  -6.81831590e-01   1.66751228e+00 
  9.62118624e-01  -1.63520606e+00   1.89560676e+00 
  1.29436996e+00  -3.05666493e+00   3.59500488e+00 
 -1.72976373e+00  -5.89014871e-01  -4.17423393e+00 
  5.26149657e-01  -2.45089241e-01  -4.60523739e+00 
  1.29041745e+00   8.77302421e-01   1.76747833e+00 
  5.66588325e-01  -2.29794703e+00   2.95757793e+00 
 -3.35270594e+00   2.45796406e+00  -5.81830625e+00 
 -9.42896752e-01   1.79595463e+00  -4.34690730e+00 
 -5.93304862e-01   2.40763540e-01  -3.77402204e+00 
 -1.60321315e+00  -3.65049978e+00   4.45473649e+00 
 -2.41912124e+00   2.05192193e-02   1.15283023e+01 
 -7.50494837e+00   6.03922179e+00   1.00282711e+01 
 -9.19851037e+00   7.67270397e+00   7.06167935e+00 
 -8.34956365e+00   5.43575213e+00   4.10660690e+00 
 -9.18630017e+00   5.30585937e+00   4.12712634e-01 
 -7.24425333e+00   4.74781483e+00  -2.71125933e+00 
 -8.59019122e+00   2.01073342e+00  -5.07223377e+00 
 -1.73574282e+01  -7.50952377e-01   5.58376698e+00 
 -1.32861955e+01  -6.06687410e+00   2.70887756e+00 
 -1.38243720e+01  -2.98478663e+00   5.22386066e-01 
 -1.10286449e+01  -3.29907861e+00  -2.03590557e+00 
 -1.31451229e+01  -1.54527398e+00  -4.64617801e+00 
 -4.28636533e+00  -8.78877981e+00   3.50477827e+00 
 -2.42095016e+00  -1.15982599e+01   5.26985569e+00 
  3.69277952e-01  -9.22119688e+00   6.42842027e+00 
  1.65488230e+00  -9.04192287e+00   2.83387135e+00 
  2.26336688e+00  -1.28353037e+01   3.17295354e+00 
  3.49529209e+00  -3.99914857e+00   9.69700313e+00 
  4.22250706e+00  -2.33525212e+00   6.41000266e+00 
  5.71013083e+00   6.20551486e-01   8.32503708e+00 
  2.51518518e+00   8.21120054e-01   1.03120743e+01 
  4.99102941e-01   1.12009415e+00   7.15560712e+00 
  2.86373302e+00   3.88823798e+00   5.85935771e+00 
  2.54789217e+00   5.71905737e+00   9.10694458e+00 
 -1.23584200e+00   5.70277053e+00   8.90393704e+00 
 -1.16077151e+00   6.92158325e+00   5.30014956e+00 
  1.38940269e+00   9.68351832e+00   5.97529808e+00 
 -5.51475924e-01   1.06870946e+01   9.06908490e+00 
 -3.62639316e+00   1.09372880e+01   6.87074971e+00 
 -6.47071407e-01   1.20095695e+01  -3.13173454e+00 
  2.85254923e+00   1.03872970e+01  -2.86649473e+00 
  9.44394365e-01   7.47085165e+00  -1.31085838e+00 
 -1.44276556e-02   9.66610362e+00   1.67685487e+00 
  9.27272385e+00   4.92822138e+00  -2.45950283e+00 
  7.51685269e+00   2.34025307e+00  -2.45932503e-01 
  9.48160532e+00  -6.22649349e-01  -1.62665640e+00 
  8.58034421e+00   3.77071494e-01  -5.15808707e+00 
  4.97568809e+00   7.19602544e-01  -4.23348117e+00 
  5.91933828e+00  -4.28403965e+00  -5.08111708e+00 
  3.24953612e+00  -2.52520537e+00  -7.08445532e+00 
  5.48102234e-01  -3.38235984e+00  -4.58893826e+00 
  1.60457542e+00  -6.95102432e+00  -4.40824211e+00 
  1.58106953e+00  -7.25570881e+00  -8.21214912e+00 
 -1.73666259e+00  -5.58379450e+00  -8.85776982e+00 
 -3.68605121e+00  -6.71305013e+00  -5.80079295e+00 
 -2.21648669e+00  -9.62866779e+00  -3.81486839e+00 
 -4.39621667e-01  -1.22343716e+01  -5.96784769e+00 
  3.73249320e+00  -1.31312420e+01  -7.86994588e-01 
  8.01003518e+00  -9.16418121e+00  -3.39926048e+00 
  1.35745920e+01  -6.04385507e-01  -4.54431428e+00 

   7.125089216337e+00 

  5.01753968e+00  -3.81270227e+00   1.27503261e+00 
 -3.42437659e-02  -4.83957578e-01   4.88169814e+00 
 -3.68841680e+00   5.05386640e+00  -3.65629255e+00 
  1.22286092e+00   1.15053033e-01  -2.44073830e+00 
  2.41148322e+00  -5.94092990e-02  -1.73154019e+00 
  1.12658093e-01  -4.10867078e-01  -5.13213769e-01 
  4.90351145e+00  -3.49156670e+00  -1.81382858e-01 
  1.15224406e+00  -1.61667091e-01   4.01157686e+00 
  4.72592601e+00  -2.03708287e+00  -2.24759380e-01 
 -1.79468090e+00   3.86081011e+00  -4.60427827e+00 
 -2.44307469e+00   3.30821145e+00  -2.48387334e+00 
 -1.51716448e+00   2.41707906e+00  -4.66380977e+00 
 -9.50040251e-01   2.96056031e+00  -2.50430044e+00 
  6.77449249e-02   1.23520335e-01  -1.74288431e+00 
  2.51077906e+00  -9.51131540e-01  -6.69549382e-01 
  1.51862376e+00  -1.18778019e+00   3.11931892e+00 
  1.49059277e+00  -2.50725925e+00   3.31233761e+00 
  1.20155263e+00  -1.29174347e+00  -3.38615963e-01 
  1.20515059e+00  -1.83568904e+00   1.00479898e+00 
  1.50483256e+00  -7.95613482e-01   1.86388323e+00 
  2.01234772e+00  -2.90452231e+00   1.18572840e+00 
  2.39394428e+00  -4.46442085e+00   2.74777577e+00 
 -2.50253416e+00   8.18948328e-01  -2.12113238e+00 
 -1.53403506e+00  -3.80726722e-01  -3.85779190e+00 
  3.61402460e+00  -1.31544959e+00   2.53945488e-02 
  2.11129577e+00  -3.31079097e+00   2.43015903e+00 
 -2.44943964e+00   4.39764042e+00  -3.46691157e+00 
 -7.96710842e-01   2.01552475e+00  -3.53372593e+00 
 -1.21561564e+00   5.63700086e-01  -2.76838044e+00 
  1.25467132e+00  -3.09006830e+00   5.25794941e+00 
  7.68431173e+00  -1.27679522e+00   9.67939524e+00 
  8.05277899e+00   6.73095720e+00   9.39541971e+00 
  6.35739342e+00   9.60453110e+00   7.60507830e+00 
  3.47554139e+00   8.00303016e+00   5.71107613e+00 
  6.28371418e-01   9.18155064e+00   3.50504543e+00 
 -8.35433378e-01   8.06657225e+00   2.71431366e-01 
 -4.64784212e+00   7.48125290e+00   2.54139793e-01 
 -3.48681129e+00   9.41679169e+00   1.41446915e+01 
 -6.71538096e+00   3.42999125e+00   1.15305953e+01 
 -6.49234422e+00   6.40311594e+00   9.14723096e+00 
 -7.05008963e+00   4.77591369e+00   5.75593928e+00 
 -8.63647852e+00   7.95324837e+00   4.43051502e+00 
 -3.72736936e+00  -4.74735359e+00   7.89164203e+00 
 -3.44601112e+00  -8.34430575e+00   9.10458275e+00 
  3.45514756e-02  -8.76291432e+00   7.52707612e+00 
 -1.58452518e+00  -8.81958394e+00   4.06570649e+00 
 -3.40137083e+00  -1.19936778e+01   5.29011177e+00 
  6.76725584e+00  -7.78806229e+00   6.32468461e+00 
  5.99613825e+00  -6.46977337e+00   2.89404936e+00 
  9.71942243e+00  -5.73970736e+00   2.42360968e+00 
  9.65571629e+00  -3.81426322e+00   5.66163788e+00 
  6.87510523e+00  -1.63526693e+00   4.38201432e+00 
  8.81488288e+00  -1.01945168e+00   1.09683625e+00 
  1.18825752e+01  -1.23308655e-01   3.04225848e+00 
  1.00028798e+01   2.46413708e+00   5.07449676e+00 
  8.45602678e+00   3.96761889e+00   1.93997688e+00 
  1.17492674e+01   4.07737171e+00   8.65108073e-03 
  1.34660583e+01   5.51415795e+00   3.06380493e+00 
  1.07873069e+01   8.19214567e+00   3.11915758e+00 
  6.35706032e+00   8.84695333e+00  -6.36872908e+00 
  7.14627177e+00   5.27461950e+00  -7.61974501e+00 
  5.49310943e+00   4.19497628e+00  -4.35353348e+00 
  8.32007842e+00   5.83494375e+00  -2.35762413e+00 
  7.02729809e+00  -3.02952601e+00  -9.10729579e+00 
  6.06911122e+00  -4.10413422e+00  -5.55657009e+00 
  4.27274175e+00  -7.27726548e+00  -6.67448658e+00 
  2.19019283e+00  -5.28275144e+00  -9.11735846e+00 
  1.33935117e+00  -2.77642853e+00  -6.47914218e+00 
 -1.82783839e+00  -6.81159815e+00  -5.90318850e+00 
 -3.27382502e+00  -3.37206320e+00  -6.46304087e+00 
 -3.42823186e+00  -2.62976524e+00  -2.76368693e+00 
 -5.00424952e+00  -5.91697230e+00  -1.99258687e+00 
 -7.65537325e+00  -5.39204864e+00  -4.68685710e+00 
 -8.57613165e+00  -1.83492106e+00  -3.83920418e+00 
 -8.18875383e+00  -1.90211904e+00  -6.21858978e-02 
 -8.01158851e+00  -5.34882761e+00   1.57889835e+00 
 -1.01745626e+01  -7.99347181e+00  -1.26873577e-01 
 -5.46191595e+00  -1.24427680e+01   1.61865820e+00 
 -2.76045677e+00  -1.20176665e+01  -4.15890851e+00 
  4.28223731e+00  -9.47721330e+00  -1.11939715e+01 

   7.125089214125e+00 

  3.29239402e+00   2.98634536e+00  -1.51383398e+00 
 -5.52293579e-01   2.02668938e+00   4.30907609e+00 
 -7.26898946e+00  -5.11319359e+00  -2.55732881e-01 
 -1.49384619e+00  -1.51710565e+00  -2.18081848e+00 
 -1.06725606e+00  -2.02995043e-01  -2.37408415e+00 
 -1.01555646e+00  -1.24027442e+00   3.70802032e-02 
  2.84522729e+00   2.04229093e+00  -2.58438355e+00 
 -7.35965825e-01   2.43488510e+00   2.87106721e+00 
  1.38267510e+00   2.14131853e+00  -2.57504746e+00 
 -5.85042315e+00  -4.48939988e+00  -2.12839760e+00 
 -5.25315693e+00  -3.74663373e+00  -5.15127774e-02 
 -4.38952639e+00  -4.57556026e+00  -2.28097447e+00 
 -4.66131491e+00  -2.69170645e+00  -9.93460326e-01 
 -1.64311147e+00  -1.95133835e+00  -9.11752388e-01 
 -9.23143986e-02   3.79767595e-01  -1.57237000e+00 
  2.65270060e-01   1.96753290e+00   1.99792684e+00 
  1.57202452e+00   1.83111288e+00   2.22781329e+00 
  4.71528009e-02  -4.64276490e-01  -4.73395707e-01 
  6.85916666e-01   2.85238887e-01   5.90031013e-01 
 -2.19296644e-01   1.23839529e+00   1.01626426e+00 
  1.88628928e+00   8.18350960e-01   2.71274808e-01 
  3.60401736e+00   1.80925180e+00   1.31357006e+00 
 -2.78908951e+00  -4.00988149e+00   3.85222420e-01 
 -1.58088288e+00  -4.58324415e+00  -1.51335788e+00 
  5.05365462e-01   1.58627026e+00  -1.71370246e+00 
  2.39822227e+00   1.60249428e+00   1.19132777e+00 
 -6.40060406e+00  -4.17399842e+00  -8.60200651e-01 
 -3.78624950e+00  -3.39198478e+00  -1.84210304e+00 
 -2.37119586e+00  -3.48830121e+00  -9.16147830e-01 
  2.25507246e+00   2.77081564e+00   3.91040903e+00 
  1.89863238e+00   1.07411810e+01   3.18675546e+00 
 -5.93000249e+00   1.22769078e+01   2.35332903e+00 
 -9.17776759e+00   1.03835440e+01   1.90132717e+00 
 -8.23615132e+00   6.72489733e+00   2.33112086e+00 
 -1.00445582e+01   3.39468912e+00   2.36525086e+00 
 -9.44527474e+00   5.46820430e-02   8.39688571e-01 
 -9.51432775e+00  -2.94675990e+00   3.26126229e+00 
 -1.01487297e+01   7.00862933e+00   1.31874818e+01 
 -5.01190906e+00   1.84897544e+00   1.34874709e+01 
 -8.07974986e+00   1.05283806e+00   1.13604609e+01 
 -6.83649583e+00  -1.79227335e+00   9.16515144e+00 
 -1.03284942e+01  -3.25650286e+00   8.98973798e+00 
  3.24669320e+00   3.57995310e-01   9.17334532e+00 
  6.92228545e+00   6.88533127e-01   1.01056489e+01 
  7.79884761e+00   2.25656788e+00   6.70698121e+00 
  7.31443516e+00  -1.15441421e+00   5.05282637e+00 
  1.02215741e+01  -2.32902841e+00   7.29866630e+00 
  7.88346658e+00   6.77168104e+00   1.47898482e+00 
  6.19331554e+00   4.26828526e+00  -7.52183661e-01 
  6.06747054e+00   6.92167927e+00  -3.50188604e+00 
  4.41452317e+00   9.25354648e+00  -1.04700989e+00 
  1.70568764e+00   6.73524590e+00  -3.85471196e-01 
  1.17418760e+00   6.24925888e+00  -4.18226680e+00 
  9.60997217e-01   9.95446759e+00  -4.65604238e+00 
 -1.74173594e+00   1.02726523e+01  -2.01935770e+00 
 -3.72183542e+00   7.40138795e+00  -3.54035856e+00 
 -3.42336445e+00   8.69998153e+00  -7.11975442e+00 
 -4.30999233e+00   1.21770096e+01  -5.90736526e+00 
 -7.38897754e+00   1.06642160e+01  -4.30060424e+00 
 -9.51157323e+00   1.46553297e+00  -8.87822515e+00 
 -5.96464028e+00   6.36382728e-01  -1.01748552e+01 
 -4.93050279e+00   1.24425310e+00  -6.55162736e+00 
 -5.91129942e+00   4.93231057e+00  -6.86972975e+00 
  2.06061569e+00  -1.87695151e+00  -1.08560206e+01 
  3.22897687e+00  -5.63337914e-01  -7.45162780e+00 
  5.95788275e+00  -3.19434409e+00  -7.03173472e+00 
  3.45829678e+00  -5.94839143e+00  -7.70252180e+00 
  1.05553917e+00  -4.48516033e+00  -5.24255214e+00 
  4.53105629e+00  -7.24373340e+00  -2.60506282e+00 
  8.64162179e-01  -8.07356040e+00  -2.28904798e+00 
  3.94147051e-01  -5.73249411e+00   6.36445732e-01 
  3.41805650e+00  -7.02998723e+00   2.38475459e+00 
  2.24727342e+00  -1.06357975e+01   1.94829872e+00 
 -1.33801591e+00  -1.01624300e+01   3.01651335e+00 
 -9.15218330e-01  -7.50755981e+00   5.69854354e+00 
  2.62819941e+00  -6.95988457e+00   7.02087451e+00 
  4.73062144e+00  -1.01430939e+01   7.19209780e+00 
  1.00321190e+01  -6.27653272e+00   5.77931288e+00 
  9.62415017e+00  -7.78655202e+00  -4.18454112e-01 
  7.77256201e+00  -6.42177708e+00  -1.04311743e+01 

   7.125089251242e+00 

 -1.11517972e+00   4.70312623e+00  -3.80792728e+00 
  3.16483184e+00   3.07414290e+00   1.55299308e+00 
 -2.47122421e+00  -5.60591900e+00   4.59517389e+00 
 -2.78706300e+00  -8.27756148e-01  -6.06694705e-01 
 -2.98417784e+00   5.40955268e-01  -7.91088166e-01 
 -5.86484466e-01  -3.55479938e-01  -2.08051490e-01 
 -2.15177629e+00   3.63724794e+00  -3.97117122e+00 
  1.71600734e+00   3.39403307e+00   1.29402649e+00 
 -2.64053163e+00   3.38790125e+00  -2.61180224e+00 
 -3.82723697e+00  -4.74131723e+00   2.77254479e+00 
 -1.77510715e+00  -3.79427947e+00   3.10986959e+00 
 -3.47462047e+00  -4.48568314e+00   1.36711636e+00 
 -2.58668811e+00  -2.66863838e+00   2.45817805e+00 
 -1.59711842e+00  -1.23282220e+00  -1.15457449e-01 
 -1.98044252e+00   1.36992795e+00  -1.27911628e+00 
  1.28774954e+00   3.14149824e+00  -2.35802513e-02 
  1.95308660e+00   3.32746533e+00  -1.16454870e+00 
 -8.04500870e-01   6.28357737e-01  -1.19629907e+00 
  3.12412689e-01   1.55040465e+00  -1.25093188e+00 
  2.96072596e-01   2.27903353e+00  -7.68696647e-02 
  3.48665080e-01   2.33878679e+00  -2.34813029e+00 
  1.77505835e+00   3.74948136e+00  -3.34524856e+00 
 -5.16743335e-01  -3.44928926e+00   9.58357714e-01 
 -1.82298365e+00  -3.79766987e+00  -9.29918803e-01 
 -2.05926828e+00   2.67673737e+00  -1.62385575e+00 
  1.28516800e+00   3.25861668e+00  -2.33001962e+00 
 -2.86132170e+00  -4.51347735e+00   3.78526134e+00 
 -3.00592997e+00  -3.17614843e+00   1.21600765e+00 
 -1.65822276e+00  -2.89723997e+00   2.28626946e-01 
  3.64113584e+00   4.46987218e+00  -1.00291180e+00 
  1.88777489e+00   1.20935411e+01   7.24170770e-01 
 -1.67586214e+00   1.16991125e+01   7.89950425e+00 
 -2.94952259e+00   9.07462368e+00   1.03134060e+01 
 -1.79502616e+00   5.76307156e+00   8.84442808e+00 
 -1.96327751e+00   2.10390620e+00   9.81606469e+00 
 -2.79012928e+00  -1.05902517e+00   8.04001611e+00 
 -1.86726173e-01  -3.89029563e+00   8.32905219e+00 
  7.69283653e+00   6.02907772e+00   1.44576812e+01 
  1.02992206e+01   2.24716001e+00   8.80057883e+00 
  7.38631396e+00   6.62053458e-01   1.06905661e+01 
  6.08718603e+00  -1.89547645e+00   8.19436254e+00 
  4.93961041e+00  -4.14985306e+00   1.10174287e+01 
  9.18430030e+00   2.57672609e+00  -5.63581862e-01 
  1.12372180e+01   3.80482486e+00  -3.52428467e+00 
  8.16005955e+00   5.39569272e+00  -5.19111374e+00 
  6.86160172e+00   1.90234533e+00  -6.03742080e+00 
  1.00691993e+01   1.54113089e+00  -8.14829952e+00 
  2.75426255e+00   9.58563635e+00  -6.16431877e+00 
  4.06528553e-01   6.66469054e+00  -5.92348652e+00 
 -2.52673513e+00   9.09862580e+00  -6.22192539e+00 
 -1.05910655e+00   1.10716125e+01  -3.36717481e+00 
 -1.03690164e+00   8.01330496e+00  -1.18462605e+00 
 -4.70717495e+00   7.26094462e+00  -2.13194364e+00 
 -5.66655343e+00   1.07881488e+01  -1.33388603e+00 
 -4.13535295e+00   1.05654687e+01   2.12501008e+00 
 -5.87071304e+00   7.24780541e+00   2.80329270e+00 
 -9.27650477e+00   8.43302627e+00   1.54498735e+00 
 -8.85452098e+00   1.16482424e+01   3.50202489e+00 
 -8.19173819e+00   9.51709796e+00   6.56296218e+00 
 -1.20736108e+01  -1.01485795e-01   4.98506151e+00 
 -1.20093834e+01  -1.20539897e-01   1.11918846e+00 
 -8.34926412e+00   8.61932907e-01   1.57193856e+00 
 -9.41580082e+00   4.19730856e+00   3.12199143e+00 
 -9.67998321e+00  -6.90445790e-01  -6.96999979e+00 
 -6.26485829e+00   9.99952783e-01  -6.56995664e+00 
 -4.64970377e+00  -8.91719476e-01  -9.46102847e+00 
 -5.77619467e+00  -4.18376046e+00  -7.98582746e+00 
 -4.44835672e+00  -3.23113094e+00  -4.62500552e+00 
 -4.95228889e-01  -4.97962265e+00  -7.44652776e+00 
 -1.31735161e+00  -6.63945144e+00  -4.15961061e+00 
  9.82242254e-01  -4.35859370e+00  -2.21805674e+00 
  3.77790111e+00  -4.83176745e+00  -4.63561176e+00 
  3.41422292e+00  -8.62688511e+00  -4.46854587e+00 
  3.16630909e+00  -8.97162050e+00  -7.21658306e-01 
  5.49685787e+00  -6.18493726e+00   3.84416561e-01 
  7.84469045e+00  -4.76139326e+00  -2.27369487e+00 
  9.08554107e+00  -7.34743352e+00  -4.79459355e+00 
  9.05928010e+00  -2.39780703e+00  -9.32809921e+00 
  3.30680997e+00  -4.21299863e+00  -1.14430516e+01 
 -6.83971190e+00  -3.73440688e+00  -1.29807734e+01 

   7.125089205972e+00 

 -1.03844976e+00   2.01953935e+00  -3.17484488e+00 
 -2.66036656e+00  -7.07492205e-01   3.11400714e+00 
  7.61733560e+00  -2.43934511e+00   5.98612673e+00 
  4.22181105e+00   4.57105890e-01   5.02414680e-01 
  3.34189322e+00   1.00764597e-01  -5.19831579e-01 
  2.39489685e+00   6.98708606e-01   1.85463793e+00 
  4.44878785e-01   2.16243881e+00  -3.30365827e+00 
 -1.90152657e+00  -1.07813282e+00   1.86685745e+00 
  9.80274701e-01   8.81452232e-01  -2.83316285e+00 
  7.86524881e+00  -1.58091816e+00   3.72560950e+00 
  5.78719436e+00  -1.49247590e+00   4.67205768e+00 
  7.41633332e+00  -3.07748784e-01   3.14043173e+00 
  5.49378539e+00  -1.56610915e+00   3.16908714e+00 
  3.72565544e+00   5.62948933e-01   1.75301119e+00 
  2.04518788e+00   5.98359130e-01  -5.81536593e-01 
 -1.44718648e+00   1.97868514e-02   1.11093808e+00 
 -2.05148029e+00   1.18943208e+00   8.96866432e-01 
  1.80028982e+00   1.17012666e+00   6.64543039e-01 
  3.65437647e-01   1.29386593e+00   8.27455563e-01 
 -1.42518517e-01   1.40142577e-02   9.43873822e-01 
 -2.58233846e-01   2.01219878e+00  -1.32616840e-01 
 -2.27746459e+00   2.90988750e+00  -5.01066817e-01 
  4.64935181e+00   7.16269849e-01   4.27418192e+00 
  5.75770878e+00   2.04970434e+00   2.72928792e+00 
  1.12857763e+00   4.43880110e-01  -1.56580624e+00 
 -1.56856696e+00   2.01125192e+00  -5.21230945e-02 
  7.06152736e+00  -2.21933564e+00   4.70384963e+00 
  6.13138318e+00  -4.47409734e-01   2.60490687e+00 
  5.00054717e+00   7.88418684e-01   2.85583873e+00 
 -4.03085096e+00   1.24427868e+00   1.40658639e+00 
 -8.44591282e+00  -3.38869366e+00  -3.41214949e+00 
 -5.63625580e+00  -1.07890717e+01  -2.11571591e+00 
 -2.80186027e+00  -1.24818431e+01  -2.61583339e-01 
 -1.16057104e+00  -9.70282177e+00   1.74847454e+00 
  1.66853208e+00  -9.40814567e+00   4.25271143e+00 
  4.53211338e+00  -7.08169716e+00   4.73198439e+00 
  4.86937647e+00  -5.51640204e+00   8.24103832e+00 
 -7.66915002e+00  -1.15063359e+01   1.04653935e+01 
 -6.72701944e+00  -4.39030173e+00   1.17197415e+01 
 -3.56190524e+00  -6.52228276e+00   1.16400565e+01 
 -8.37860869e-01  -3.92209905e+00   1.11124643e+01 
  1.64486147e+00  -6.05441929e+00   1.30250897e+01 
 -6.36694809e+00   3.36756428e+00   6.36016817e+00 
 -8.70541231e+00   6.26768795e+00   5.57957800e+00 
 -7.82964258e+00   6.16383024e+00   1.83787802e+00 
 -4.38925393e+00   7.62019963e+00   2.64312036e+00 
 -6.32051068e+00   1.06892016e+01   3.95706174e+00 
 -7.28954471e+00   3.79945294e+00  -4.63076983e+00 
 -3.54627688e+00   3.75273117e+00  -4.33491172e+00 
 -3.36792714e+00   2.21463778e+00  -7.83056806e+00 
 -5.76861819e+00  -4.51065503e-01  -6.67864444e+00 
 -3.49212580e+00  -1.35618835e+00  -3.82985626e+00 
 -4.75640239e-01  -1.52211838e+00  -6.23976172e+00 
 -2.41838533e+00  -3.71514300e+00  -8.56674691e+00 
 -3.23215686e+00  -6.16666056e+00  -5.79439045e+00 
  3.97635576e-01  -6.25938632e+00  -4.65665731e+00 
  1.80096977e+00  -6.70090036e+00  -8.18131572e+00 
 -8.25143427e-01  -9.34168885e+00  -8.87084893e+00 
  3.48959207e-01  -1.11083717e+01  -5.73226540e+00 
  1.00406317e+01  -7.86519827e+00  -3.35968045e+00 
  9.94984499e+00  -4.43287315e+00  -5.13742235e+00 
  6.76254141e+00  -3.91083235e+00  -3.10388318e+00 
  5.04561341e+00  -6.73918863e+00  -5.03195451e+00 
  8.66999433e+00   3.67063560e+00  -7.10743071e+00 
  5.12476784e+00   3.92215147e+00  -5.67611368e+00 
  5.38488096e+00   7.64156758e+00  -4.87378695e+00 
  8.59763207e+00   7.04573677e+00  -2.97485641e+00 
  7.05224089e+00   4.22356630e+00  -1.07409557e+00 
  5.63034289e+00   8.62971557e+00   1.20832934e+00 
  7.46213673e+00   6.00344227e+00   3.20380833e+00 
  4.25839733e+00   4.32326457e+00   4.28691804e+00 
  2.68282033e+00   7.55914714e+00   5.25168716e+00 
  5.73130281e+00   8.54069490e+00   7.32687710e+00 
  6.21257115e+00   5.27071549e+00   9.14211390e+00 
  2.60140188e+00   4.16985002e+00   9.55198933e+00 
 -7.54522098e-02   6.83933387e+00   8.99283453e+00 
  9.55474957e-01   1.03346104e+01   1.01341002e+01 
 -2.75130432e+00   1.26844208e+01   5.05568144e+00 
  2.43576385e+00   1.31891802e+01   1.35454515e+00 
  8.90414677e+00   1.09341372e+01  -6.30184782e+00 

   7.125089214442e+00 

 -2.79616529e+00  -3.67281547e+00   1.45385245e+00 
 -4.12650642e+00   2.68194922e+00  -1.27713435e+00 
  6.20035719e+00   4.75261958e+00  -3.72330603e+00 
  2.60708348e+00  -4.21642212e-01  -5.13090137e-01 
  1.63241224e+00  -1.37972816e+00  -7.92917787e-01 
  9.05060203e-01   1.06685922e+00  -1.78499329e-01 
 -1.32023451e+00  -3.91054630e+00   1.50270403e+00 
 -3.48650735e+00   1.37735714e+00  -1.67320761e+00 
 -8.37173091e-01  -3.49877908e+00   1.81321326e-01 
  6.33649988e+00   2.49159518e+00  -2.84151277e+00 
  4.34449591e+00   3.59230684e+00  -2.63600188e+00 
  5.93049826e+00   1.95891793e+00  -1.53142010e+00 
  3.93653584e+00   2.11472092e+00  -2.66292615e+00 
  2.21282859e+00   8.63947742e-01  -3.98246354e-01 
  3.70333710e-01  -1.33735175e+00  -2.11340677e-01 
 -3.01786880e+00   6.04300906e-01  -5.93379771e-01 
 -3.55787646e+00   4.51886740e-01   6.16673281e-01 
  2.56496055e-01  -6.88567229e-02   3.52186909e-01 
 -1.15109328e+00   2.02841959e-01   5.65587979e-01 
 -1.73235392e+00   3.39815916e-01  -6.80593255e-01 
 -1.79531853e+00  -6.98028151e-01   1.34026051e+00 
 -3.77262759e+00  -9.01947363e-01   2.37346762e+00 
  3.32853295e+00   3.31057826e+00  -3.51253291e-01 
  4.40511120e+00   1.70497795e+00   9.35657780e-01 
 -6.24756065e-01  -2.25209642e+00  -2.88062934e-01 
 -3.09331366e+00  -5.19524582e-01   1.42272053e+00 
  5.56697266e+00   3.51870179e+00  -3.44432366e+00 
  4.60307033e+00   1.51938017e+00  -1.57774140e+00 
  3.57786482e+00   1.87098611e+00  -2.76060055e-01 
 -5.48619837e+00   1.10927611e+00   7.90279603e-01 
 -1.05414113e+01  -3.42661888e+00  -3.45800570e+00 
 -8.13780923e+00  -2.44400824e+00  -1.10473240e+01 
 -5.29190162e+00  -8.30524577e-01  -1.29537843e+01 
 -3.32677503e+00   1.08793617e+00  -1.03241751e+01 
 -3.06999310e-01   3.37671902e+00  -1.02592550e+01 
  2.73137593e+00   3.67111801e+00  -8.13234548e+00 
  3.42969996e+00   7.16571156e+00  -6.65667552e+00 
 -9.27773374e+00   1.02433386e+01  -1.18616200e+01 
 -7.77814689e+00   1.15189585e+01  -4.84571175e+00 
 -4.77511218e+00   1.11735477e+01  -7.17640439e+00 
 -1.93198607e+00   1.04781484e+01  -4.74890016e+00 
  5.39299539e-01   1.21704254e+01  -7.07220272e+00 
 -7.30447420e+00   6.25213270e+00   2.96936366e+00 
 -9.49787068e+00   5.68809969e+00   6.02866126e+00 
 -8.90993451e+00   1.89021446e+00   5.93682057e+00 
 -5.33088034e+00   2.45470165e+00   7.15230851e+00 
 -6.95306040e+00   3.95084398e+00   1.03153867e+01 
 -9.00674086e+00  -4.63188286e+00   3.66124805e+00 
 -5.26310559e+00  -4.61819210e+00   3.36676943e+00 
 -5.44555512e+00  -8.13772294e+00   1.88460389e+00 
 -7.92507808e+00  -6.84492746e+00  -6.40649036e-01 
 -5.50883398e+00  -4.18727350e+00  -1.74332858e+00 
 -2.69633902e+00  -6.81859142e+00  -2.06013831e+00 
 -4.94622776e+00  -9.02259149e+00  -4.07975916e+00 
 -5.71268676e+00  -6.23018715e+00  -6.52375876e+00 
 -2.02274725e+00  -5.36918152e+00  -6.87220356e+00 
 -9.16059936e-01  -8.99475302e+00  -7.33908593e+00 
 -3.75441530e+00  -9.52083062e+00  -9.79116695e+00 
 -2.47052602e+00  -6.50313194e+00  -1.16873467e+01 
  7.56279259e+00  -4.82060177e+00  -9.12270287e+00 
  7.56737582e+00  -6.54027866e+00  -5.65973231e+00 
  4.58056075e+00  -4.26662954e+00  -4.96967430e+00 
  2.54296698e+00  -6.09834821e+00  -7.64510612e+00 
  6.68261901e+00  -8.29976925e+00   2.54435037e+00 
  3.27726667e+00  -6.60340335e+00   2.99872545e+00 
  3.84075193e+00  -5.77296600e+00   6.67816733e+00 
  7.13880013e+00  -4.12845899e+00   5.84082782e+00 
  5.55541943e+00  -2.15523883e+00   3.09036452e+00 
  4.59991130e+00   2.86340657e-01   7.53682290e+00 
  6.39701615e+00   2.10339697e+00   4.76133902e+00 
  3.17831671e+00   3.40102210e+00   3.27266183e+00 
  1.89526127e+00   4.52458920e+00   6.58558670e+00 
  5.14692565e+00   6.37835478e+00   7.32944583e+00 
  5.54436674e+00   8.10831769e+00   4.00247751e+00 
  1.90867181e+00   8.77297918e+00   3.13051195e+00 
 -6.20289652e-01   8.45201810e+00   5.97755474e+00 
  7.20483811e-01   9.55960101e+00   9.37724618e+00 
 -3.18858535e+00   4.80543550e+00   1.20547885e+01 
  1.73258071e+00   7.32890878e-01   1.22901915e+01 
  7.45426144e+00  -7.41655618e+00   9.76146723e+00 

   7.125089248649e+00 

 -4.15970946e+00  -1.82146300e+00  -2.66793458e+00 
  6.59590588e-01  -6.50666207e+00  -5.62103366e-01 
  6.91537190e+00   8.27739370e-01   4.33576841e+00 
  9.82082533e-01   8.65340152e-01   4.90675766e-01 
 -3.31502949e-01   3.98867895e-01   5.46579728e-01 
  1.57311251e+00  -1.19302287e+00  -3.08285140e-01 
 -3.70567600e+00  -4.35373062e-01  -2.33644260e+00 
 -2.48847499e-01  -5.45765060e+00   2.32884296e-02 
 -3.23827873e+00  -5.22938424e-01  -9.49788079e-01 
  5.04171805e+00   2.18403996e+00   3.58867168e+00 
  5.14646719e+00   2.27566532e-02   2.85397038e+00 
  4.50024366e+00   2.39009454e+00   2.23616942e+00 
  3.64666838e+00   3.39231502e-01   2.82427054e+00 
  1.95928761e+00  -3.10020195e-02   2.39680455e-01 
 -8.08465132e-01  -5.64755110e-01  -3.34774520e-01 
 -6.32371456e-01  -4.44661311e+00  -8.78919054e-01 
 -9.04256207e-01  -4.55249989e+00  -2.18043110e+00 
  3.18380438e-01  -1.10597604e+00  -9.48721611e-01 
 -5.19272891e-02  -2.38647387e+00  -1.51779839e+00 
 -2.99334788e-01  -3.24407794e+00  -4.62860302e-01 
 -1.07443761e+00  -2.34454493e+00  -2.40064722e+00 
 -2.05157820e+00  -3.70216765e+00  -3.89093544e+00 
  4.64012686e+00  -1.76850876e-01   3.97288185e-01 
  3.80635991e+00   1.78421483e+00  -5.25903777e-01 
 -2.07489016e+00  -1.02011563e+00  -4.81814474e-01 
 -1.48999271e+00  -3.51975839e+00  -2.81252078e+00 
  5.55809647e+00   9.12670307e-01   3.94570167e+00 
  3.51041453e+00   1.44039841e+00   1.96103064e+00 
  3.47757887e+00   7.10536315e-01   4.32879552e-01 
 -1.16817631e+00  -6.46486360e+00  -2.85418262e+00 
 -7.83996320e+00  -9.74714939e+00   1.27641535e-01 
 -6.55164166e+00  -9.93866263e+00   8.04244013e+00 
 -4.00748379e+00  -8.68562057e+00   1.05512681e+01 
 -1.19040004e+00  -7.24758498e+00   8.44099934e+00 
  2.20469494e+00  -5.68373666e+00   9.06517313e+00 
  4.01375553e+00  -2.70502668e+00   7.76257638e+00 
  7.56476452e+00  -3.34615652e+00   6.39999722e+00 
  4.15482255e+00  -1.68880045e+01   8.14132130e+00 
  6.57446504e+00  -1.45127760e+01   1.69131643e+00 
  7.40908451e+00  -1.23338374e+01   4.71212346e+00 
  8.27626208e+00  -9.00035647e+00   3.10102654e+00 
  1.06862698e+01  -8.20376563e+00   5.91636936e+00 
  2.78323787e+00  -9.84816898e+00  -5.58241731e+00 
  1.56585472e+00  -1.07449834e+01  -9.07557672e+00 
 -1.55784030e+00  -8.53294755e+00  -8.71848629e+00 
  6.54173098e-01  -5.43027776e+00  -9.01198817e+00 
  1.53479503e+00  -6.75052380e+00  -1.25271584e+01 
 -7.60288859e+00  -6.18747861e+00  -6.33488245e+00 
 -5.93908233e+00  -3.05212461e+00  -5.10887834e+00 
 -9.28171682e+00  -1.95863388e+00  -3.60947467e+00 
 -9.46300007e+00  -5.27548044e+00  -1.83130908e+00 
 -6.11210972e+00  -4.67525987e+00  -2.41175407e-01 
 -7.22079365e+00  -1.13954958e+00   8.56064846e-01 
 -1.03662295e+01  -2.54668497e+00   2.31369122e+00 
 -8.43863147e+00  -5.05746762e+00   4.39658842e+00 
 -6.04971095e+00  -2.36688380e+00   5.63442982e+00 
 -8.82041970e+00   1.22462952e-01   6.47931069e+00 
 -1.07743896e+01  -2.65652729e+00   8.15409202e+00 
 -7.67982300e+00  -3.38055828e+00   1.02156044e+01 
 -1.46336140e+00   5.07114808e+00   1.02049006e+01 
 -2.68888655e+00   6.68231293e+00   6.91070922e+00 
 -1.94395258e+00   3.24876626e+00   5.41989139e+00 
 -4.72030638e+00   1.69815413e+00   7.55351606e+00 
 -3.93420749e+00   8.67693408e+00  -1.19216387e+00 
 -3.91099089e+00   5.09111117e+00  -2.54194003e+00 
 -2.59828336e+00   6.07197123e+00  -5.98579812e+00 
  2.69455457e-01   7.95321907e+00  -4.39843539e+00 
  1.07541579e+00   5.04171715e+00  -2.19857893e+00 
  3.20800767e+00   4.16827564e+00  -6.81751742e+00 
  5.38748293e+00   4.22205043e+00  -3.73827250e+00 
  4.96984509e+00   5.15533323e-01  -3.14887585e+00 
  5.68399330e+00  -3.08452228e-01  -6.71191132e+00 
  8.85522450e+00   1.81400472e+00  -6.67241850e+00 
  1.02819180e+01   5.75435032e-01  -3.40899022e+00 
  9.16815896e+00  -3.05382771e+00  -3.50098172e+00 
  7.99815216e+00  -4.39972104e+00  -6.88092383e+00 
  9.88128202e+00  -2.94479868e+00  -9.86743708e+00 
  4.13375728e+00  -3.49621402e+00  -1.32900199e+01 
  2.73579030e+00   2.63624150e+00  -1.21509296e+01 
 -2.17227234e+00   1.06542250e+01  -8.00745153e+00 

   7.125089206456e+00 

