  1.94791763e+00  -1.24187049e+00  -1.54163025e+00 
 -1.66541933e+00  -1.62666354e+00   2.36844787e+00 
  1.88594847e-01  -3.21233564e+00  -1.30043340e+00 
  1.64129162e-01  -1.63995277e-01   7.30416157e-01 
 -2.12678625e+00   3.64074204e+00   3.08646511e+00 
  4.44800238e-01  -1.91663382e+00  -8.67103062e-01 
 -2.88271050e+00   4.04413428e+00   1.02031925e+00 
  1.08918401e-01  -1.55992965e+00   4.05596424e-01 
 -5.16615063e-01  -2.40255686e+00   1.28298846e+00 
 -7.18881583e-01  -3.70016827e+00   8.14669174e-01 
 -7.82139490e-02  -4.14388508e+00  -3.41811974e-01 
 -1.20673910e+00   1.82650416e+00   9.44023637e-02 
 -4.39169140e-01   7.07922683e-01  -1.94819158e-01 
 -2.91621617e-01   4.01374402e-01  -1.53052835e+00 
 -3.10161661e-02   1.52760758e+00  -2.33944207e+00 
 -8.52284743e-01   2.62211711e+00  -2.06626204e+00 
 -1.78091801e+00   2.42475327e+00  -1.03806852e+00 
 -1.48704269e+00   2.09244691e+00   1.50428795e+00 
 -2.01606368e+00   3.38612941e+00   1.86050279e+00 
 -3.11454781e+00   3.71538270e+00   1.26229410e+01 
  2.86212936e-01   3.04942959e+00   1.09783834e+01 
  6.21775188e+00   4.59555098e+00   1.28583442e+01 
  7.00842054e+00   2.95173705e+00   9.51383553e+00 
  7.59390336e+00   6.63602815e+00  -7.08023389e+00 
  2.55584812e+00   1.13981330e+01  -6.83740371e+00 
 -6.71128587e-01   1.38407499e+01  -3.55532119e+00 
 -1.46884223e+00   4.46780843e-01  -9.45248908e+00 
 -3.43321064e+00  -2.84104215e+00  -9.11123520e+00 
 -6.73520575e+00  -9.15725284e-01  -8.75151108e+00 
 -5.06273507e+00   1.33309331e+00  -6.17873248e+00 
 -3.82810505e+00  -1.66238789e+00  -4.17121134e+00 
 -7.42468922e+00  -2.84034199e+00  -3.82942854e+00 
 -8.76881593e+00   2.16267914e-01  -2.09972012e+00 
 -5.95118962e+00  -4.43887473e-02   5.32726436e-01 
 -6.52899667e+00  -3.79571442e+00   7.05300330e-01 
 -1.02034234e+01  -3.37973745e+00   1.59933632e+00 
 -9.33338707e+00  -6.52018621e-01   4.13919327e+00 
 -6.80643233e+00  -3.08502497e+00   5.69049834e+00 
 -9.44811051e+00  -5.87998669e+00   5.71625654e+00 
 -1.16482813e+01  -3.51116693e+00   7.81100796e+00 
 -8.72954390e+00  -2.85942655e+00   1.02016703e+01 
 -6.97301815e+00  -1.17374761e+01   6.28113395e+00 
 -4.43628052e+00  -1.16770601e+01   3.43773252e+00 
 -2.08798408e+00  -8.00229840e+00   5.23163095e+00 
  1.24668052e+00  -9.39672538e+00   3.95045757e+00 
  1.93369604e+00  -6.00720216e+00   8.10836729e+00 
  3.00012839e+00  -4.87687253e+00   4.70465382e+00 
  6.48803125e+00  -6.22341013e+00   5.51250862e+00 
  6.51133609e+00  -3.55370712e+00   8.29143128e+00 
  6.34391875e+00  -9.19218219e-01   5.51577712e+00 
  8.99929006e+00  -2.59607601e+00   3.28266267e+00 
  1.05618898e+01  -5.31892307e-01  -1.83642065e+00 
  7.35089114e+00  -4.61875433e-02   1.01072625e-01 
  5.59514564e+00   2.78839492e+00   1.90889691e+00 
  2.25554624e+00   3.76782286e+00   4.78654563e-01 
 -5.38693883e-01   6.35186583e+00   1.39113046e+00 
 -1.58970318e-01   6.20009899e+00   5.13053417e+00 
  3.59768005e+00   6.41646168e+00   4.69589008e+00 
  3.54959772e+00   9.53670043e+00   2.50843500e+00 
  4.84262807e+00   7.76666652e+00  -5.98438547e-01 
  7.49793540e+00   5.14747049e+00  -1.28535800e+00 
  7.14829496e+00   2.86104887e+00  -4.30556505e+00 
  1.04231915e+01   1.25179354e+00  -5.37178519e+00 
  1.06668672e+01  -2.50829297e+00  -5.72197763e+00 
  1.23133229e+01  -1.91666629e+00  -9.09662962e+00 
  9.34812356e+00   1.02857379e-01  -1.04312862e+01 
  6.91964515e+00  -2.63526894e+00  -9.40127381e+00 
  5.36637411e+00  -3.65178702e+00  -1.46825727e+01 
  4.81725896e+00  -7.69060985e+00  -5.23578555e+00 
  6.17982650e+00  -1.01520824e+01  -7.47304568e-01 
  9.49174766e+00  -8.25810912e+00  -8.28525326e-01 
  9.54343419e+00  -9.15771715e+00   3.96990583e+00 
  1.33594962e+01  -8.96258127e+00   3.86937853e+00 

   1.147686757606e+00 

 -2.26268651e+00   1.93048007e+00   5.98382005e-01 
  1.04737946e+00  -2.25077016e+00   8.29752039e-01 
 -4.52495814e-01   1.54139040e+00   2.49783744e+00 
 -7.04272227e-01  -4.66646921e-01  -5.55306059e-01 
  1.24707650e+00  -2.97049778e+00  -4.45365914e+00 
 -7.91627139e-01   1.13715766e+00   1.21181678e+00 
  2.14563035e+00  -9.67045584e-01  -4.88011797e+00 
 -5.69957984e-01  -1.55606425e-01   8.38396601e-01 
  1.75602768e-02  -1.08403300e+00   1.65323913e+00 
  3.05710354e-01  -6.40743118e-01   2.94339166e+00 
 -2.25292926e-01   5.59299061e-01   3.41533263e+00 
  6.33872870e-01   7.30629620e-02  -2.59589243e+00 
 -6.49558024e-02   4.14219149e-01  -1.44727584e+00 
 -9.60811703e-02   1.75546532e+00  -1.13110456e+00 
 -3.36312920e-01   2.58902024e+00  -2.24381735e+00 
  4.18205306e-01   2.25954943e+00  -3.37041018e+00 
  1.27091111e+00   1.16114505e+00  -3.21260840e+00 
  7.93098767e-01  -1.35268413e+00  -2.87683066e+00 
  1.24222060e+00  -1.74116708e+00  -4.19125616e+00 
  1.48557883e+00  -1.25542064e+01  -4.59593123e+00 
 -1.74844120e+00  -1.06544455e+01  -3.79266798e+00 
 -7.86375698e+00  -1.20583523e+01  -5.11164965e+00 
 -8.32731847e+00  -8.67256087e+00  -3.42804230e+00 
 -7.76071956e+00   7.93888124e+00  -7.03615996e+00 
 -2.94497857e+00   7.33421947e+00  -1.19921239e+01 
 -8.03807141e-02   3.82619116e+00  -1.45688844e+01 
  1.69198156e+00   9.56209312e+00  -1.19839936e+00 
  3.74957695e+00   9.04925389e+00   2.00913690e+00 
  6.93652808e+00   8.44571626e+00  -4.47679352e-02 
  4.98296443e+00   6.02439756e+00  -2.23437902e+00 
  3.71259748e+00   4.10072971e+00   8.00926629e-01 
  7.31451854e+00   3.47334278e+00   1.83646684e+00 
  8.40053930e+00   1.66301828e+00  -1.27555317e+00 
  5.39863481e+00  -7.44051177e-01  -9.13063558e-01 
  6.10600049e+00  -9.83784356e-01   2.81229145e+00 
  9.68078178e+00  -2.15810878e+00   2.25039617e+00 
  8.51063911e+00  -4.60606387e+00  -4.48969082e-01 
  5.96659681e+00  -5.97105333e+00   2.07616076e+00 
  8.70443019e+00  -6.21899219e+00   4.76571294e+00 
  1.06414343e+01  -8.46396056e+00   2.30640041e+00 
  7.52233028e+00  -1.06165729e+01   1.76187630e+00 
  6.42141525e+00  -6.62539392e+00   1.07136502e+01 
  4.11341262e+00  -3.59313794e+00   1.07610212e+01 
  1.49207702e+00  -5.17678000e+00   7.17533096e+00 
 -1.67619961e+00  -3.64885092e+00   8.70282220e+00 
 -2.81563826e+00  -7.72013477e+00   5.33009754e+00 
 -3.65666471e+00  -4.23703783e+00   4.25263311e+00 
 -7.14216883e+00  -4.77958030e+00   5.73190954e+00 
 -7.48513157e+00  -7.53202290e+00   3.05670784e+00 
 -7.20411392e+00  -4.76181948e+00   4.26149396e-01 
 -9.61060756e+00  -2.33934442e+00   2.21221948e+00 
 -1.08484727e+01   2.89813071e+00   2.26227184e-01 
 -7.81936169e+00   7.19952492e-01  -3.90422863e-01 
 -6.32076495e+00  -1.20158444e+00  -3.29689634e+00 
 -2.92032702e+00  -2.92682861e-02  -4.40165201e+00 
 -3.07743648e-01  -1.14041530e+00  -7.09560230e+00 
 -9.71408736e-01  -4.83984279e+00  -6.94053148e+00 
 -4.68834996e+00  -4.11328441e+00  -7.00867420e+00 
 -4.59080449e+00  -1.91726080e+00  -1.01217411e+01 
 -5.56846078e+00   1.26988703e+00  -8.29310564e+00 
 -8.05885377e+00   2.14514585e+00  -5.57012518e+00 
 -7.38681131e+00   5.11510849e+00  -3.28991436e+00 
 -1.05039755e+01   6.42279614e+00  -1.55074793e+00 
 -1.05739240e+01   6.76802523e+00   2.21702843e+00 
 -1.19742078e+01   1.02639451e+01   1.70044446e+00 
 -8.99445619e+00   1.13763883e+01  -4.29288188e-01 
 -6.54943099e+00   1.01441655e+01   2.20875011e+00 
 -4.55136205e+00   1.52825203e+01   3.17989161e+00 
 -4.58379300e+00   5.79726820e+00   7.16542107e+00 
 -6.19551756e+00   1.41338143e+00   9.66457314e+00 
 -9.56186107e+00   1.76322875e+00   7.90165522e+00 
 -9.95227253e+00  -3.02205055e+00   8.78800181e+00 
 -1.37536010e+01  -2.62410520e+00   8.74234810e+00 

   1.147686772917e+00 

 -1.93162367e+00  -1.21783544e+00   2.77859486e+00 
 -8.95566327e-01   2.50467704e+00  -9.04141850e-01 
 -7.15456687e-01   1.08893376e+00   3.26427304e+00 
 -1.49307729e+00  -1.68390316e-01  -8.71108650e-02 
 -4.43237678e-01  -9.56498799e-01  -4.94013737e+00 
 -1.05187443e+00   2.27993257e-01   2.22606682e+00 
  1.29931048e+00  -2.04536921e+00  -4.05640556e+00 
 -1.39222187e+00   7.47595261e-01   1.01199276e+00 
 -1.37933308e+00   2.08740208e+00   7.36536626e-01 
 -1.07106894e+00   2.91074513e+00   1.81870880e+00 
 -1.05771765e+00   2.39999053e+00   3.11630353e+00 
  1.66223708e-01  -1.48524622e+00  -1.41318813e+00 
 -4.30580868e-01  -1.08019845e+00  -2.28359502e-01 
  1.06970366e-01  -1.59793530e+00   9.30450316e-01 
  3.93222049e-01  -2.97710365e+00   8.49131351e-01 
  1.04215412e+00  -3.35138447e+00  -3.28095109e-01 
  1.28839720e+00  -2.30756209e+00  -1.22714520e+00 
 -2.99595514e-01  -8.46685973e-01  -2.64294101e+00 
  7.34146086e-02  -1.44252733e+00  -3.90239543e+00 
 -4.50939811e+00   4.32504896e+00  -1.18319908e+01 
 -6.61720269e+00   2.66264399e+00  -9.09213551e+00 
 -1.25203552e+01   1.68251884e-01  -9.28885213e+00 
 -1.16049993e+01  -6.23464352e-01  -5.67660583e+00 
 -3.25236873e+00  -1.22811183e+01   3.46739050e+00 
  1.30804983e+00  -1.38346049e+01  -1.52338809e+00 
  2.56828112e+00  -1.27417862e+01  -6.45992515e+00 
  5.19773969e+00  -5.29464307e+00   5.88663367e+00 
  6.43000269e+00  -1.85300265e+00   7.07894691e+00 
  9.21823415e+00  -1.85594797e+00   4.43978616e+00 
  6.64858308e+00  -2.87867270e+00   1.82741566e+00 
  4.31685796e+00  -3.07113836e-02   2.81715558e+00 
  7.11302241e+00   2.43503087e+00   2.08138970e+00 
  7.61706160e+00   1.52521852e+00  -1.53241842e+00 
  3.83545820e+00   2.00243460e+00  -2.17153572e+00 
  3.93406532e+00   5.17335552e+00  -8.06769148e-02 
  6.64177504e+00   6.74195704e+00  -2.24436157e+00 
  4.81262245e+00   5.64757719e+00  -5.42317452e+00 
  1.65934008e+00   7.33020459e+00  -4.03135693e+00 
  3.67213300e+00   1.04943053e+01  -3.17808298e+00 
  4.66231073e+00   1.06292059e+01  -6.89848511e+00 
  9.93336605e-01   1.02465879e+01  -7.92379491e+00 
  7.92711826e-01   1.42931138e+01   1.06848677e+00 
  9.89853169e-02   1.17883653e+01   3.85570831e+00 
 -2.52971131e+00   9.01320744e+00   1.09438687e+00 
 -4.82770715e+00   8.12017391e+00   4.03164916e+00 
 -7.28075791e+00   7.43335965e+00  -7.39078544e-01 
 -6.34431195e+00   4.39086280e+00   1.22725658e+00 
 -9.84576869e+00   4.48783337e+00   2.76403300e+00 
 -1.10805131e+01   3.88932273e+00  -8.37003310e-01 
 -9.29272630e+00   5.04477902e-01  -6.97505782e-01 
 -1.05436050e+01  -4.05487272e-01   2.83193027e+00 
 -9.07035370e+00  -5.24279702e+00   5.54072288e+00 
 -7.29009017e+00  -3.36419733e+00   2.78358484e+00 
 -6.49324436e+00  -3.90510270e+00  -8.84954193e-01 
 -2.82742532e+00  -4.10322813e+00  -1.70977204e+00 
 -7.03612291e-01  -4.51705895e+00  -4.97102860e+00 
 -2.96710005e+00  -2.60476456e+00  -7.28838589e+00 
 -5.93024028e+00  -4.44811357e+00  -5.81529399e+00 
 -4.50787010e+00  -7.94344805e+00  -6.34694604e+00 
 -4.15380802e+00  -8.70976244e+00  -2.63951881e+00 
 -6.27821286e+00  -8.09820951e+00   4.41976951e-01 
 -4.60951692e+00  -7.79090278e+00   3.84677413e+00 
 -6.98479095e+00  -8.38544601e+00   6.75470512e+00 
 -7.31827000e+00  -5.79721089e+00   9.49515928e+00 
 -6.93547203e+00  -8.63850009e+00   1.19910885e+01 
 -3.55364239e+00  -9.72407081e+00   1.05638634e+01 
 -2.23567482e+00  -6.16376100e+00   1.07710291e+01 
  1.72850917e+00  -7.53363086e+00   1.44786965e+01 
 -3.00047200e+00   6.65348846e-01   1.04452086e+01 
 -6.67648921e+00   4.34646597e+00   9.44612829e+00 
 -9.30581434e+00   1.58074866e+00   9.44447570e+00 
 -1.18961392e+01   4.74000759e+00   6.77123366e+00 
 -1.50838829e+01   3.06350152e+00   8.05112763e+00 

   1.147686762381e+00 

  7.95529741e-01   1.40880014e+00  -4.37581723e-01 
 -3.17078682e+00  -2.10360823e+00   2.13785962e-01 
 -1.03332674e+00   8.39472266e-01  -2.27259431e+00 
 -1.15812998e+00  -3.28170733e-01   1.19704165e+00 
 -3.54750619e+00  -1.39672320e+00   5.48946284e+00 
 -7.81556660e-01   7.30988653e-01  -9.09838673e-01 
 -4.09880531e+00   7.66403682e-01   5.34787110e+00 
 -1.22260979e+00  -3.69086594e-01  -2.35216178e-01 
 -1.94960419e+00  -1.36921927e+00  -8.20301342e-01 
 -2.14449196e+00  -1.23278916e+00  -2.19413470e+00 
 -1.41315212e+00  -2.96082977e-01  -2.92387186e+00 
 -2.40820124e+00   9.26262327e-01   2.96042237e+00 
 -1.64918682e+00   8.43443062e-01   1.80238882e+00 
 -1.38837341e+00   2.03507215e+00   1.16060525e+00 
 -1.02301988e+00   3.07727261e+00   2.03866466e+00 
 -1.83472693e+00   3.17450270e+00   3.16947774e+00 
 -2.85896046e+00   2.22407734e+00   3.24775904e+00 
 -2.80905427e+00  -3.34378069e-01   3.58265378e+00 
 -3.33192332e+00  -2.93838451e-01   4.92629232e+00 
 -5.40361084e+00  -1.04538167e+01   8.02916823e+00 
 -1.88641930e+00  -9.36959971e+00   6.94887272e+00 
  3.88879536e+00  -1.13493549e+01   8.90725829e+00 
  4.93637785e+00  -8.63113718e+00   6.45228817e+00 
  7.14573031e+00   8.21714457e+00   5.72159105e+00 
  2.24290189e+00   9.69018955e+00   1.04025096e+01 
 -1.20149026e+00   7.47090815e+00   1.36216421e+01 
 -1.83193855e+00   9.77800725e+00  -8.38348239e-01 
 -3.91123033e+00   8.79371573e+00  -3.91937337e+00 
 -7.17671469e+00   9.25910635e+00  -1.95482981e+00 
 -5.68465853e+00   7.20216443e+00   8.76488143e-01 
 -4.72439016e+00   4.38368882e+00  -1.50288605e+00 
 -8.36892898e+00   4.09743031e+00  -2.53979788e+00 
 -9.77941385e+00   3.34813261e+00   8.64682853e-01 
 -7.22370954e+00   4.79330047e-01   1.28312126e+00 
 -7.92042526e+00  -5.94823919e-01  -2.29414976e+00 
 -1.16481983e+01  -9.95245389e-01  -1.64828282e+00 
 -1.09383447e+01  -2.82053954e+00   1.63998115e+00 
 -8.63400058e+00  -5.17977398e+00  -3.18488256e-01 
 -1.13446276e+01  -5.66908290e+00  -3.00250755e+00 
 -1.36600836e+01  -6.86399947e+00  -1.65094176e-01 
 -1.09558251e+01  -9.27560450e+00   1.07191014e+00 
 -9.09791912e+00  -7.95438142e+00  -8.52383175e+00 
 -6.31027156e+00  -5.44779077e+00  -9.20915986e+00 
 -4.03384901e+00  -6.45424573e+00  -5.20398322e+00 
 -6.36328933e-01  -5.90027334e+00  -6.89388918e+00 
 -2.38479194e-01  -9.09404468e+00  -2.54756281e+00 
  1.16722337e+00  -5.63273472e+00  -2.33888532e+00 
  4.52693076e+00  -7.09011695e+00  -3.44328007e+00 
  4.37037580e+00  -9.07898293e+00  -1.46287204e-01 
  4.53270130e+00  -5.71692589e+00   1.68209981e+00 
  7.33346218e+00  -4.25487431e+00  -5.24208737e-01 
  9.41677784e+00   1.04834297e+00   1.41601601e-01 
  6.05651507e+00  -3.82096709e-01   1.12280606e+00 
  4.22288278e+00  -1.22406859e+00   4.33443957e+00 
  1.05755954e+00   7.23318509e-01   4.92284549e+00 
 -1.73465903e+00   7.77638358e-01   7.66478406e+00 
 -1.70412025e+00  -2.89384530e+00   8.48305165e+00 
  2.08116837e+00  -2.78066411e+00   8.56647528e+00 
  2.32198949e+00   1.29075538e-01   1.10156852e+01 
  3.84424394e+00   2.53815040e+00   8.49840050e+00 
  6.47649177e+00   2.27121090e+00   5.78128432e+00 
  6.34115551e+00   4.62187708e+00   2.79336014e+00 
  9.65340932e+00   4.91969404e+00   9.51681032e-01 
  9.82209915e+00   4.26722122e+00  -2.77203509e+00 
  1.17872981e+01   7.50655610e+00  -3.07831865e+00 
  9.01519558e+00   9.59327508e+00  -1.46176477e+00 
  6.42623052e+00   8.13235056e+00  -3.83214814e+00 
  5.33609937e+00   1.30991123e+01  -6.17329447e+00 
  3.80880994e+00   3.02960875e+00  -7.63200776e+00 
  4.68381984e+00  -2.04983972e+00  -8.85490813e+00 
  8.04128914e+00  -1.80292775e+00  -7.05796887e+00 
  7.62705797e+00  -6.65349039e+00  -6.68733075e+00 
  1.14402217e+01  -6.87276588e+00  -6.53828908e+00 

   1.147686763915e+00 

 -1.05372044e+00  -9.72272936e-01  -1.01845551e+00 
  2.91588154e+00   1.17529472e-01   2.37973286e+00 
  2.72660193e-01  -2.78976865e+00   3.86369359e-01 
  6.02553786e-01   8.27631280e-01   8.58520322e-01 
  1.08913572e+00   4.95918801e+00   3.68134136e+00 
  9.89223780e-03  -1.42572503e+00   3.35340088e-01 
 -8.31188940e-01   4.20653866e+00   4.54678335e+00 
  9.87232585e-01  -5.44048163e-01   6.92088596e-01 
  2.21822168e+00  -9.29040841e-01   1.14768966e+00 
  2.44579411e+00  -2.30462449e+00   1.14611861e+00 
  1.58023485e+00  -3.16514686e+00   4.71496158e-01 
 -7.58645269e-01   2.06007037e+00   2.55385190e+00 
 -5.58637191e-01   1.05345679e+00   1.62069916e+00 
 -1.59564124e+00   1.59856541e-01   1.45955443e+00 
 -2.86418295e+00   7.75377340e-01   1.40863567e+00 
 -3.06130328e+00   1.74634767e+00   2.39119424e+00 
 -1.97396969e+00   1.95255927e+00   3.24775012e+00 
  3.76058642e-01   2.93707249e+00   2.83733925e+00 
  1.27112280e-01   4.15892896e+00   3.56223079e+00 
  9.49025342e+00   9.52000128e+00   4.41987037e+00 
  8.02161562e+00   8.59291094e+00   9.99801997e-01 
  8.32460699e+00   1.16201804e+01  -4.64392667e+00 
  6.10111748e+00   8.68043524e+00  -5.60674334e+00 
 -1.02130283e+01   3.89318071e+00  -5.14755730e+00 
 -1.17476486e+01   7.46677839e+00   5.96393947e-01 
 -9.70917585e+00   1.07470430e+01   4.09443851e+00 
 -8.42138015e+00  -3.79818689e+00   2.83372067e+00 
 -6.36099244e+00  -6.73303040e+00   4.22168278e+00 
 -6.62357413e+00  -5.32742201e+00   7.78464813e+00 
 -5.61360220e+00  -1.91563592e+00   6.43808743e+00 
 -2.56240595e+00  -3.36954702e+00   4.67634751e+00 
 -1.33680607e+00  -4.69428766e+00   8.02041143e+00 
 -1.13918797e+00  -1.38905410e+00   9.80305329e+00 
  9.97726487e-01   3.24013707e-02   6.91345610e+00 
  2.98914238e+00  -3.20298660e+00   6.86240453e+00 
  3.94844637e+00  -2.89201325e+00   1.05307557e+01 
  4.78418625e+00   8.12508935e-01   1.00549864e+01 
  7.03745419e+00  -2.06769156e-01   7.12318982e+00 
  8.65720320e+00  -2.95745471e+00   9.26820159e+00 
  9.58799333e+00  -1.82150876e-01   1.17724702e+01 
  1.10699298e+01   1.92411464e+00   8.93935020e+00 
  1.16798720e+01  -7.42271044e+00   5.85056558e+00 
  8.90665132e+00  -8.41676473e+00   3.43297120e+00 
  8.48958474e+00  -4.06127219e+00   1.67451969e+00 
  7.69128858e+00  -5.45057304e+00  -1.80949471e+00 
  9.64574019e+00  -4.13026349e-01  -2.03810627e+00 
  6.02485615e+00  -9.46862313e-01  -2.81552486e+00 
  7.01414355e+00  -1.26131188e+00  -6.49706121e+00 
  8.17291032e+00   2.39786548e+00  -6.15363018e+00 
  4.51270958e+00   3.30715772e+00  -5.48358234e+00 
  3.08586082e+00   1.12273922e+00  -8.31943705e+00 
 -2.52859223e+00   6.29318491e-01  -9.38810997e+00 
 -7.37681443e-01   1.56758303e+00  -6.19239473e+00 
 -3.24295647e-01   4.66472032e+00  -4.04237784e+00 
 -1.69840789e+00   4.37933779e+00  -5.51222389e-01 
 -1.84254641e+00   6.68923237e+00   2.60492044e+00 
  1.45929153e+00   8.42178574e+00   2.10837786e+00 
  5.92838510e-01   8.89111807e+00  -1.54908881e+00 
 -2.79609637e+00   1.05213579e+01  -9.32201374e-01 
 -4.80326810e+00   7.65370989e+00  -2.41728643e+00 
 -4.43108459e+00   5.40459631e+00  -5.44807543e+00 
 -5.94943533e+00   1.91690923e+00  -5.40046903e+00 
 -6.45172187e+00   4.38291253e-01  -8.86642521e+00 
 -4.99701551e+00  -2.95042251e+00  -9.71536507e+00 
 -8.39592002e+00  -3.85976828e+00  -1.11539947e+01 
 -1.02186828e+01  -3.15040741e+00  -7.86362413e+00 
 -7.76990400e+00  -5.33682896e+00  -5.94560261e+00 
 -1.17447700e+01  -8.98140839e+00  -4.44373874e+00 
 -1.51329664e+00  -7.96287102e+00  -4.81131584e+00 
  3.43978746e+00  -7.73485043e+00  -6.67593886e+00 
  2.13097451e+00  -5.70204652e+00  -9.62843998e+00 
  6.74716394e+00  -4.14542158e+00  -9.95189806e+00 
  6.17676575e+00  -3.52456077e+00  -1.36801246e+01 

   1.147686757568e+00 

 -1.10502042e+00  -9.77508831e-01  -1.47387710e+00 
 -6.45395458e-01   2.55390040e+00   2.50242559e+00 
 -9.80327035e-01   1.65231303e+00  -1.79727170e+00 
 -1.32475503e+00  -1.38811764e-02   1.44658634e+00 
 -3.20720110e+00  -4.55899858e-01   6.08735863e+00 
 -1.23294129e+00   6.79941900e-01  -8.36570724e-01 
 -5.13665941e+00  -4.89692358e-01   4.95632664e+00 
 -8.34057124e-01   8.93390255e-01   4.49954709e-01 
 -2.28976347e-01   2.04650569e+00   8.68679177e-01 
  3.51277229e-02   2.97487265e+00  -1.37510764e-01 
 -6.61072808e-02   2.61234211e+00  -1.48031382e+00 
 -3.56182829e+00  -4.12510444e-01   2.48697559e+00 
 -2.70430473e+00  -2.88264604e-01   1.40384015e+00 
 -3.27981163e+00  -4.05894827e-01   1.56893312e-01 
 -4.20646781e+00  -1.46577059e+00   6.40973566e-02 
 -5.09329840e+00  -1.53714706e+00   1.13904328e+00 
 -4.90979444e+00  -5.61151228e-01   2.12506452e+00 
 -2.99848560e+00  -1.58704226e-01   3.81185240e+00 
 -3.76390871e+00  -5.63277662e-01   4.96547830e+00 
  2.03638176e+00   1.72525617e+00   1.38122549e+01 
  3.38920120e+00  -6.01893562e-01   1.10795823e+01 
  7.26777351e+00  -5.69292423e+00   1.14617133e+01 
  6.53098263e+00  -5.72173425e+00   7.72415377e+00 
 -5.24256840e+00  -1.11896079e+01  -3.26519812e+00 
 -1.05530855e+01  -1.05697520e+01   1.15440009e+00 
 -1.17156157e+01  -9.28070282e+00   6.06751374e+00 
 -8.87771203e+00  -8.16334853e-01  -5.55626469e+00 
 -8.13060749e+00   2.84640439e+00  -6.45688161e+00 
 -1.08680630e+01   4.07043430e+00  -4.05948789e+00 
 -9.45679856e+00   1.76492770e+00  -1.38244039e+00 
 -5.93581448e+00   3.14077357e+00  -1.86937499e+00 
 -7.25113887e+00   6.61922189e+00  -1.08829558e+00 
 -8.56892908e+00   5.87265032e+00   2.35372701e+00 
 -5.14040158e+00   4.38253527e+00   3.33426626e+00 
 -3.43340466e+00   7.30172274e+00   1.60203917e+00 
 -5.28107506e+00   9.87665473e+00   3.70668676e+00 
 -4.61484101e+00   7.84239510e+00   6.87943155e+00 
 -8.98552360e-01   7.82429692e+00   5.93051270e+00 
 -1.00328459e+00   1.16124066e+01   5.27456909e+00 
 -2.24841404e+00   1.20063125e+01   8.89872966e+00 
  6.18566799e-01   9.80375913e+00   1.01589872e+01 
  3.84973121e+00   1.37284995e+01   1.70726203e+00 
  3.57520746e+00   1.13715967e+01  -1.27489539e+00 
  4.16960466e+00   7.50793957e+00   1.36239516e+00 
  6.08428566e+00   5.76566277e+00  -1.46678471e+00 
  7.29463839e+00   3.68608330e+00   3.37671518e+00 
  5.24761652e+00   1.62093462e+00   1.02193935e+00 
  8.51408814e+00   6.33611997e-02  -2.17168527e-01 
  8.85463727e+00  -1.27116084e+00   3.38190843e+00 
  5.68184582e+00  -3.31707470e+00   2.73347665e+00 
  6.75361411e+00  -4.52310452e+00  -7.66017624e-01 
  3.46169241e+00  -7.83805091e+00  -4.09497241e+00 
  2.49525974e+00  -5.48606429e+00  -1.29595537e+00 
  1.09613717e+00  -5.77106499e+00   2.21786557e+00 
 -2.27504107e+00  -4.17948597e+00   2.72757324e+00 
 -4.71211692e+00  -3.67560645e+00   5.74823549e+00 
 -2.10669713e+00  -3.26650021e+00   8.43054679e+00 
 -2.55144560e-01  -6.24533920e+00   7.00003969e+00 
 -3.24676842e+00  -8.60589034e+00   7.03306315e+00 
 -3.47357703e+00  -8.88446254e+00   3.24775100e+00 
 -9.61998507e-01  -9.22732086e+00   4.26919003e-01 
 -1.84346750e+00  -7.94233748e+00  -3.04344120e+00 
  2.79320934e-01  -9.46547167e+00  -5.80482891e+00 
  2.15703106e+00  -7.22820177e+00  -8.21087997e+00 
  7.51531061e-01  -9.36202587e+00  -1.10252196e+01 
 -2.87743947e+00  -8.71503801e+00  -9.99363009e+00 
 -2.26696884e+00  -4.96318706e+00  -9.91172874e+00 
 -5.91286487e+00  -3.98239255e+00  -1.40449612e+01 
  1.66754875e+00   5.65762800e-01  -8.78118438e+00 
  6.51457458e+00   1.88711172e+00  -7.10125166e+00 
  7.45014137e+00  -1.81126559e+00  -7.19748027e+00 
  1.09000007e+01  -5.01969805e-01  -4.00043062e+00 
  1.30034458e+01  -3.45799181e+00  -5.20371869e+00 

   1.147686757132e+00 

 -6.44410948e-01   1.03492416e+00  -2.37222705e+00 
  2.66403326e+00  -2.93096485e+00  -1.02353439e+00 
 -1.48816421e-01  -1.09439755e+00  -3.87438515e+00 
  1.68579716e+00  -2.53191012e-01  -8.17612913e-01 
  5.87008288e+00   1.34985884e-01   1.94212948e+00 
  3.55985624e-01  -3.75093013e-01  -2.79733588e+00 
  6.48362764e+00   1.45736614e+00   2.45656853e-01 
  9.71114893e-01  -1.04186337e+00  -1.77907396e+00 
  1.16413884e+00  -2.39605694e+00  -1.77463882e+00 
  6.08650106e-01  -3.07619955e+00  -2.85763299e+00 
 -2.96570150e-01  -2.43887743e+00  -3.70567955e+00 
  3.80725756e+00   1.06640180e+00  -8.80571257e-01 
  2.54353635e+00   7.30668606e-01  -1.34351670e+00 
  2.10677001e+00   1.40756178e+00  -2.46197217e+00 
  2.37790095e+00   2.79158888e+00  -2.42196301e+00 
  3.67279124e+00   3.10223309e+00  -2.00503860e+00 
  4.47463196e+00   1.99962149e+00  -1.68913857e+00 
  4.34390827e+00   2.69027312e-01   2.20908623e-01 
  5.50404959e+00   7.66486790e-01   9.18755161e-01 
  7.83582659e+00  -6.15053548e+00   8.91019021e+00 
  4.42124644e+00  -4.41589889e+00   8.69823255e+00 
  4.13391830e-01  -2.48805198e+00   1.33164988e+01 
 -1.49171729e+00  -1.26033824e+00   1.02544225e+01 
 -1.97301886e+00   1.19502529e+01  -4.47386069e-01 
  4.79378160e+00   1.33949684e+01   4.43891582e-02 
  9.17019293e+00   1.19294764e+01   2.46330574e+00 
  2.22203251e+00   6.01963725e+00  -9.00876413e+00 
  2.21922561e+00   2.83787718e+00  -1.11677803e+01 
  6.05670591e+00   2.82412743e+00  -1.12817274e+01 
  6.10080347e+00   3.34770682e+00  -7.51377669e+00 
  3.73006798e+00   4.17388830e-01  -6.94787899e+00 
  6.20484791e+00  -1.85145777e+00  -8.72763945e+00 
  9.12729384e+00  -1.26703436e+00  -6.43434303e+00 
  6.90596947e+00  -2.13990660e+00  -3.39451444e+00 
  5.46872720e+00  -5.06408698e+00  -5.34889804e+00 
  8.89963548e+00  -6.59476279e+00  -5.94860554e+00 
  9.86826817e+00  -5.99112395e+00  -2.29542900e+00 
  6.64241570e+00  -7.79930194e+00  -1.27762177e+00 
  7.43307300e+00  -1.06706508e+01  -3.71096621e+00 
  1.07655816e+01  -1.10890265e+01  -1.82433055e+00 
  8.90437849e+00  -1.11384791e+01   1.52119292e+00 
  2.36151187e+00  -1.42656900e+01  -5.16365466e+00 
 -8.12429957e-02  -1.15659365e+01  -6.28966424e+00 
  4.11677961e-02  -9.32585641e+00  -2.14195789e+00 
 -3.65385632e+00  -8.35079583e+00  -2.46106883e+00 
 -2.00181333e+00  -8.36592605e+00   2.68864505e+00 
 -2.70786068e+00  -5.07068017e+00   1.06290985e+00 
 -6.26904965e+00  -5.32389099e+00   2.43590095e+00 
 -4.58586596e+00  -5.20115113e+00   5.90030490e+00 
 -3.39436377e+00  -1.67398974e+00   4.99903034e+00 
 -6.76928634e+00  -5.29814184e-01   3.53260108e+00 
 -7.60721834e+00   4.66614401e+00   1.25061155e+00 
 -4.41344259e+00   2.68643360e+00   1.67587677e+00 
 -1.24856380e+00   2.92580411e+00   3.75240321e+00 
  1.92534846e+00   3.36517183e+00   1.77983602e+00 
  5.73765260e+00   3.63727579e+00   2.62240912e+00 
  5.76469359e+00   1.30901402e+00   5.57687794e+00 
  2.64474943e+00   3.02009259e+00   6.87543269e+00 
  4.05442486e+00   6.55705671e+00   6.71475574e+00 
  1.68541948e+00   7.71928104e+00   3.97711441e+00 
 -2.00164738e+00   7.23317339e+00   3.23418055e+00 
 -3.23707020e+00   7.41790230e+00  -3.59039474e-01 
 -6.96835816e+00   8.08736660e+00  -6.43243029e-01 
 -9.16584490e+00   5.76730473e+00  -2.67021585e+00 
 -1.06394733e+01   8.86702405e+00  -4.30401109e+00 
 -7.23213107e+00   1.01002774e+01  -5.53742280e+00 
 -6.47779878e+00   6.70984802e+00  -7.08394438e+00 
 -6.29310537e+00   8.79090196e+00  -1.22775192e+01 
 -6.84363585e+00  -1.58356882e-01  -7.23141620e+00 
 -8.76205001e+00  -4.23295272e+00  -4.44229044e+00 
 -1.05943584e+01  -1.72586995e+00  -2.22424447e+00 
 -1.05563868e+01  -5.35455876e+00   1.04196334e+00 
 -1.36994834e+01  -3.84812833e+00   2.61106927e+00 

   1.147686756177e+00 

  3.33989356e+00  -1.79978880e+00  -7.49988254e-01 
 -1.94792893e+00  -1.07351114e+00  -6.83074321e-01 
  1.54694711e+00  -3.75411355e+00  -7.95299292e-01 
  7.34153840e-01  -1.99514614e-01  -1.14387488e+00 
 -1.79363232e+00   3.64924282e+00  -3.16213596e+00 
  1.68070017e+00  -2.38815693e+00  -1.01561483e+00 
 -8.87391622e-01   2.84274752e+00  -5.04134949e+00 
  6.54793358e-01  -1.55452336e+00  -6.80357982e-01 
 -5.36728036e-01  -1.99418422e+00  -1.72338060e-01 
 -6.08529583e-01  -3.36638794e+00   6.41802308e-02 
  5.44028122e-01  -4.15106409e+00   3.80744802e-02 
  5.33471100e-01   8.87858485e-01  -3.38511558e+00 
  1.07545404e+00  -3.10500957e-02  -2.49864373e+00 
  2.01658491e+00  -8.93854022e-01  -3.01804813e+00 
  2.95089054e+00  -2.61402727e-01  -3.86522951e+00 
  2.37641087e+00   6.17481065e-01  -4.78425652e+00 
  9.83834575e-01   7.31379551e-01  -4.70525398e+00 
 -5.60441330e-01   1.72178680e+00  -2.89014207e+00 
 -9.42712609e-01   2.87464724e+00  -3.66807915e+00 
 -8.85343050e+00   8.02394643e+00   1.62821005e+00 
 -5.42285091e+00   7.43227809e+00   3.23889282e+00 
 -2.10937369e+00   1.09614576e+01   7.44289599e+00 
  3.90600716e-01   8.14890992e+00   6.84897132e+00 
  1.25565113e+01   3.53161661e+00  -4.10325038e+00 
  9.62988807e+00   6.58018327e+00  -9.60413634e+00 
  5.55865878e+00   9.50105945e+00  -1.10343095e+01 
  6.45819498e+00  -4.88094855e+00  -8.35849760e+00 
  4.20877149e+00  -7.95488969e+00  -7.83320170e+00 
  1.93746953e+00  -6.87957183e+00  -1.07356632e+01 
  1.84200850e+00  -3.37059964e+00  -9.26883598e+00 
  8.45165542e-01  -4.69225254e+00  -5.83562878e+00 
 -2.19626337e+00  -6.33289308e+00  -7.41605272e+00 
 -3.75976863e+00  -3.20795024e+00  -8.80589094e+00 
 -3.52843610e+00  -1.55223601e+00  -5.32138528e+00 
 -4.74905570e+00  -4.79241044e+00  -3.75695631e+00 
 -7.92258895e+00  -4.83105273e+00  -5.85480041e+00 
 -8.48773127e+00  -1.10855082e+00  -5.16781302e+00 
 -8.14381410e+00  -1.88055748e+00  -1.42651323e+00 
 -1.05815374e+01  -4.83551138e+00  -1.76815775e+00 
 -1.31329115e+01  -2.31314218e+00  -3.17107365e+00 
 -1.24999056e+01   2.69395641e-02  -2.07562234e-01 
 -1.02454947e+01  -9.00310024e+00   3.05611093e+00 
 -6.50607817e+00  -9.73821090e+00   3.05576637e+00 
 -5.33239178e+00  -5.23499492e+00   3.81730414e+00 
 -2.32556135e+00  -6.28888378e+00   5.95132623e+00 
 -3.98057729e+00  -1.27493517e+00   7.12191842e+00 
 -7.33000494e-01  -1.69253636e+00   5.31111793e+00 
  1.00005177e+00  -1.67903745e+00   8.72104773e+00 
 -3.46666834e-01   1.91925538e+00   9.01921511e+00 
  1.86695483e+00   2.80607077e+00   6.02150732e+00 
  4.96628731e+00   9.08315422e-01   7.30303834e+00 
  9.88755595e+00   5.81119995e-01   4.37359440e+00 
  6.36557721e+00   1.20072992e+00   3.14392879e+00 
  4.41198421e+00   4.08218478e+00   1.63846754e+00 
  3.13378202e+00   3.49344418e+00  -1.85113762e+00 
  9.81380938e-01   5.50515281e+00  -4.42754036e+00 
 -1.26617567e+00   7.23707945e+00  -1.95786122e+00 
  1.77635145e+00   8.05059418e+00   1.46727884e-01 
  3.77299751e+00   9.65696320e+00  -2.67392573e+00 
  6.45412221e+00   6.96163668e+00  -2.74041443e+00 
  8.34930782e+00   4.99624713e+00  -1.08266443e-01 
  9.69159195e+00   1.53701063e+00  -9.47048319e-01 
  1.24724942e+01   3.89056753e-01   1.37679547e+00 
  1.21921666e+01  -2.92418364e+00   3.18348335e+00 
  1.57404135e+01  -3.65754037e+00   2.03402098e+00 
  1.48596554e+01  -3.23211086e+00  -1.66671885e+00 
  1.19165531e+01  -5.61409567e+00  -1.32022501e+00 
  1.41305931e+01  -9.33430825e+00  -4.86932945e+00 
  6.69265826e+00  -8.40652792e+00   2.17849643e+00 
  4.23155367e+00  -8.06634479e+00   6.85707338e+00 
  7.02500095e+00  -5.75566798e+00   8.04869754e+00 
  3.69704835e+00  -4.23021772e+00   1.12789692e+01 
  6.55576597e+00  -3.26281825e+00   1.36246784e+01 

   1.147686756136e+00 

 -1.11686179e+00  -4.67517849e-01   9.83379082e-01 
  1.62177013e+00   3.39448587e+00   3.44870939e+00 
 -1.99469005e+00   9.05514448e-01   3.07629678e+00 
  1.05145171e+00   1.71271771e+00   1.20901516e+00 
  4.30245545e+00   4.90930220e+00  -9.09419033e-01 
 -1.04055625e+00   9.43681018e-01   2.06613768e+00 
  2.47547189e+00   5.50940753e+00  -2.05183940e+00 
  1.89382131e-01   1.47066621e+00   2.32947848e+00 
  5.32296418e-01   2.01418668e+00   3.53700632e+00 
 -4.44774704e-01   1.91936151e+00   4.52713972e+00 
 -1.55247116e+00   1.09036862e+00   4.35230423e+00 
  1.04172538e+00   3.35976445e+00  -6.70616212e-01 
  4.65090203e-01   2.36991448e+00   1.11502762e-01 
 -8.33939739e-01   2.02978896e+00  -1.99534200e-01 
 -1.06443393e+00   1.90308240e+00  -1.58570167e+00 
 -5.21146759e-01   2.93918670e+00  -2.34622261e+00 
  1.64106470e-01   3.91563816e+00  -1.61447078e+00 
  2.36821021e+00   3.82964971e+00  -2.74746536e-01 
  3.11664473e+00   4.62631451e+00  -1.21577742e+00 
  1.27396009e+01   6.87633488e+00   3.19797422e+00 
  1.15802276e+01   3.25924276e+00   2.66343326e+00 
  1.49160099e+01  -2.04875183e+00   1.31970370e+00 
  1.13843759e+01  -3.47647152e+00   1.27266455e+00 
 -1.96138798e+00  -5.07549666e+00  -9.14912738e+00 
 -7.01212869e-01   7.65235826e-01  -1.26728230e+01 
  2.67427568e+00   4.71613589e+00  -1.30578700e+01 
 -8.14449955e+00   2.36722863e+00  -3.45327265e+00 
 -9.49655024e+00   3.70335533e+00  -1.10866277e-01 
 -8.97024210e+00   7.32750317e+00  -1.26324873e+00 
 -5.46459932e+00   6.38318073e+00  -2.40001853e+00 
 -4.64820199e+00   4.82243587e+00   9.80062562e-01 
 -5.43463222e+00   8.14928482e+00   2.63938364e+00 
 -2.88388485e+00   1.02157256e+01   8.05004876e-01 
 -1.34216678e-01   7.68753945e+00   1.79714800e+00 
 -1.58464924e+00   7.56483290e+00   5.30674635e+00 
 -1.24795051e+00   1.13244689e+01   5.78163548e+00 
  2.28177738e+00   1.12504736e+01   4.30384497e+00 
  3.13676431e+00   8.48593224e+00   6.82135996e+00 
  1.58183525e+00   1.05435167e+01   9.67433845e+00 
  4.03702428e+00   1.33546374e+01   8.72055282e+00 
  6.95293176e+00   1.08740948e+01   8.77928826e+00 
  1.65919705e-01   7.08389814e+00   1.48494299e+01 
 -1.92937554e+00   4.32296811e+00   1.32649314e+01 
  1.56478449e+00   2.90581626e+00   1.04331608e+01 
  4.28432877e-01  -7.45954914e-01   1.07143181e+01 
  5.64760805e+00  -3.49160835e-01   9.35350772e+00 
  3.22395764e+00  -1.53103593e+00   6.75942574e+00 
  4.01229556e+00  -5.10701013e+00   7.86496470e+00 
  7.58756532e+00  -4.34012578e+00   6.64857814e+00 
  6.11960106e+00  -3.96915923e+00   3.13001262e+00 
  3.89633838e+00  -7.10918618e+00   3.34677903e+00 
  3.90314017e-01  -8.77794098e+00  -8.75854728e-01 
  1.77358048e+00  -5.34970653e+00  -7.95594975e-02 
  4.23438760e+00  -2.91486611e+00  -1.62930152e+00 
  2.76447637e+00   3.82778842e-01  -2.68887100e+00 
  4.14006372e+00   3.69205717e+00  -4.26178877e+00 
  7.50819063e+00   3.68014470e+00  -2.58667702e+00 
  7.85272322e+00   6.63761508e-03  -3.44383833e+00 
  7.12942788e+00   4.13271218e-01  -7.16332879e+00 
  3.84760677e+00  -1.50419314e+00  -7.06037548e+00 
  2.63680055e+00  -4.66101695e+00  -5.34249233e+00 
 -1.05798346e+00  -5.06213984e+00  -4.53052281e+00 
 -2.09756201e+00  -8.67363331e+00  -3.95792977e+00 
 -3.87988058e+00  -9.65450609e+00  -7.67086578e-01 
 -6.39349368e+00  -1.15011179e+01  -2.93984811e+00 
 -7.29526169e+00  -8.36379139e+00  -4.93889687e+00 
 -7.88726645e+00  -6.39970086e+00  -1.73770441e+00 
 -1.33138827e+01  -5.62089798e+00  -2.87058652e+00 
 -6.53290657e+00  -4.86465317e+00   4.83018297e+00 
 -3.24850093e+00  -6.19291934e+00   8.76849073e+00 
 -1.98941256e+00  -9.08018597e+00   6.61420676e+00 
  1.97441868e+00  -8.80248849e+00   9.45108315e+00 
  2.62122545e+00  -1.25033927e+01   8.74721385e+00 

   1.147686755925e+00 

  1.88722529e+00  -1.17483213e-01  -1.43747713e+00 
 -2.31676394e+00  -1.50857358e+00   1.54319361e+00 
 -3.66695982e-02  -1.76842940e+00  -2.21792913e+00 
 -1.42962989e-01   2.16514655e-01   8.58756080e-01 
 -2.47264548e+00   3.06898899e+00   4.28102044e+00 
  2.48418836e-01  -7.92657713e-01  -1.26984689e+00 
 -2.85899407e+00   4.34588359e+00   2.48563856e+00 
 -2.55157665e-01  -9.20049235e-01  -8.88609292e-03 
 -1.07525863e+00  -1.94577031e+00   3.73794467e-01 
 -1.30186582e+00  -2.91688102e+00  -6.00702781e-01 
 -5.23382719e-01  -2.95530364e+00  -1.75710787e+00 
 -1.23649611e+00   2.46244728e+00   9.35215101e-01 
 -5.22683934e-01   1.45347570e+00   3.05565281e-01 
 -1.90643069e-01   1.67656049e+00  -1.01347637e+00 
  2.81550891e-01   2.98301451e+00  -1.26018554e+00 
 -4.84445276e-01   3.98360793e+00  -6.60911350e-01 
 -1.57623025e+00   3.52730353e+00   8.62669327e-02 
 -1.71410849e+00   2.19132476e+00   2.29000976e+00 
 -2.19002877e+00   3.30138640e+00   3.07846706e+00 
 -4.94402180e+00  -4.57560588e-01   1.28473690e+01 
 -1.38892624e+00  -8.80010016e-01   1.14703946e+01 
  4.27406421e+00  -1.00762814e+00   1.44740754e+01 
  5.45170838e+00  -1.30367508e+00   1.08631840e+01 
  8.93472593e+00   8.45828799e+00  -2.62208665e+00 
  4.30926735e+00   1.33791285e+01  -1.03808603e+00 
  8.05674023e-01   1.47556691e+01   2.56494204e+00 
 -9.57294074e-02   4.97339635e+00  -8.31191635e+00 
 -2.34020766e+00   2.11157527e+00  -9.55982384e+00 
 -5.49689570e+00   4.16956190e+00  -8.82537065e+00 
 -4.08082001e+00   4.98570986e+00  -5.38993650e+00 
 -3.41641135e+00   1.30701042e+00  -4.64622660e+00 
 -7.10278044e+00   5.86273069e-01  -5.22153655e+00 
 -8.45998429e+00   2.87455741e+00  -2.56387071e+00 
 -6.12219790e+00   1.22798346e+00   3.61819786e-02 
 -7.01138783e+00  -2.17704310e+00  -1.39603014e+00 
 -1.07369705e+01  -1.65188767e+00  -8.32105100e-01 
 -1.00681634e+01  -2.78546354e-01   2.67716140e+00 
 -8.01566349e+00  -3.44119172e+00   3.38179204e+00 
 -1.08385616e+01  -5.63953405e+00   1.97130256e+00 
 -1.31497912e+01  -4.00464598e+00   4.58385347e+00 
 -1.06030062e+01  -4.73962797e+00   7.34659431e+00 
 -8.94908409e+00  -1.15275518e+01   3.84961309e-01 
 -5.99854823e+00  -1.07034305e+01  -1.88193050e+00 
 -3.68285080e+00  -8.37572641e+00   1.50271216e+00 
 -3.07101460e-01  -9.59457367e+00   1.51961970e-01 
 -2.20808988e-02  -8.22645206e+00   5.37652308e+00 
  1.65316979e+00  -6.01073798e+00   2.86966990e+00 
  4.85383573e+00  -8.02324167e+00   3.45004395e+00 
  4.64687399e+00  -6.68190352e+00   7.05673873e+00 
  5.12600358e+00  -3.17565862e+00   5.59062544e+00 
  7.96123591e+00  -4.18787346e+00   3.18510472e+00 
  1.04685890e+01  -5.18334173e-01  -4.41912096e-01 
  7.03997299e+00  -4.00111491e-01   1.14897556e+00 
  5.24790821e+00   1.71103290e+00   3.74074911e+00 
  2.26276190e+00   3.61256105e+00   2.46368892e+00 
 -4.29846576e-01   5.98572503e+00   4.02432708e+00 
 -6.58055594e-01   4.33459143e+00   7.39656673e+00 
  3.12538655e+00   4.19450938e+00   7.51531467e+00 
  3.66712808e+00   7.89699964e+00   6.79334048e+00 
  5.29191117e+00   7.32534922e+00   3.40351338e+00 
  7.80942071e+00   4.85076032e+00   2.01741897e+00 
  7.76317430e+00   3.99675172e+00  -1.68935263e+00 
  1.10293818e+01   2.50635286e+00  -2.93918345e+00 
  1.10306467e+01  -8.13162914e-01  -4.75606520e+00 
  1.32301718e+01   8.22427231e-01  -7.38970380e+00 
  1.06797726e+01   3.58305641e+00  -8.11536643e+00 
  7.91270380e+00   1.01513432e+00  -8.56798644e+00 
  7.13771197e+00   2.36363359e+00  -1.39456288e+01 
  4.79071235e+00  -4.93222530e+00  -7.08141202e+00 
  5.23127479e+00  -9.11176107e+00  -3.85662372e+00 
  8.65227526e+00  -7.80253032e+00  -2.78647511e+00 
  7.87559623e+00  -1.05042554e+01   1.20531363e+00 
  1.16631321e+01  -1.08022864e+01   1.62513178e+00 

   1.147686757431e+00 

