  4.22839110e+00   2.53558323e+00   3.53224800e+00 
  3.53207730e+00   2.97962698e+00   4.59728605e+00 
  4.18466721e+00   2.90515495e+00   5.78079186e+00 
  5.52857144e+00   2.56106458e+00   5.73144006e+00 
  6.25803947e+00   2.78857794e+00   4.56467964e+00 
  5.48456250e+00   3.01593214e+00   3.48199602e+00 
  2.17378428e+00   1.55499547e+00   1.97862214e+00 
  2.87221537e+00   1.78429495e+00   8.66549900e-01 
  4.18379190e+00   1.63206604e+00   1.30904220e+00 
  4.15559991e+00   1.38612739e+00   2.61589736e+00 
  3.69083614e+00   1.72970350e-01   2.90906493e+00 
  2.32437890e+00   3.77435852e-01   2.80054560e+00 
 -1.02468532e+00  -1.22223580e+00   1.19371038e+00 
 -1.29497459e+00  -1.25397621e-01   5.39168054e-01 
 -4.69091463e-01   9.04223978e-01   5.60121244e-01 
  2.63827752e-01   9.74980199e-01   1.56944593e+00 
  2.29604881e-01   6.11314391e-02   2.54361555e+00 
 -2.87965009e-01  -1.09948104e+00   2.28635294e+00 
 -3.25855593e-01  -2.62087756e+00  -2.60876731e+00 
  7.10668675e-01  -3.37822960e+00  -2.45320929e+00 
  1.62895654e-01  -1.35095570e+00  -3.00369770e+00 
  6.04552021e-01  -9.16542980e-01  -1.83757501e+00 
  1.32128896e+00  -1.62468042e+00  -8.63457406e-01 
  2.96288576e+00  -4.33857336e-02  -1.31029898e+00 
  2.05975957e+00   4.95823155e-01  -2.34579969e+00 
  2.23450130e+00  -7.36759570e-01  -2.72190346e-01 
  7.60024570e-01   4.09951823e-01  -1.64821956e+00 
 -8.74295781e-01   6.81898835e-02  -6.45218165e+00 
 -3.30063429e-01   3.12731492e-01  -5.07752131e+00 
  8.84301434e-01   1.14606730e+00  -5.42063754e+00 
 -1.22676647e+00   1.38941512e+00  -4.58773529e+00 
  1.61915651e+00  -2.89134328e+00  -1.46189410e+00 
  2.59821723e+00  -1.69232950e+00   7.72442640e-01 
  1.30625927e+00  -2.18886719e+00   1.33502798e+00 
  2.40360671e-01  -2.86604880e+00   6.25261051e-01 
 -2.71233985e+00  -2.21157623e-01   6.36042963e-02 
 -2.37202407e+00  -1.29944120e+00  -9.68097335e-01 
 -2.10198953e+00  -3.68494735e-02  -1.78570205e+00 
  9.06415796e-01   2.17689081e+00   2.03102698e+00 
 -2.08656455e+00   3.85288576e-01  -6.74454254e+00 
 -2.94448283e-01  -6.27748859e-01  -4.13461542e+00 
 -9.49765511e-01  -2.30499926e+00   3.47836376e-01 
  7.32485226e-01   2.53796977e+00   3.17114546e+00 
 -2.06271549e-01   5.45723510e-01  -7.63556756e+00 
 -1.14246027e+01   2.93177424e+00   8.46109368e+00 
 -9.10984984e+00  -2.55931783e+00   1.18939776e+01 
  7.79849850e+00  -1.35491136e+00   1.11428923e+01 
  1.10940783e+01   2.36896072e+00   9.46614723e+00 
  8.02095430e+00   5.63341348e+00   1.20461705e+01 
  8.75290147e+00   7.88661828e+00   8.98638444e+00 
  1.20106242e+01   1.52641298e-02  -1.57769610e+00 
  1.12536268e+01   3.09177817e+00  -3.73595709e+00 
  1.01384751e+01   5.24454431e+00  -7.69505806e-01 
  7.78853935e+00   2.46090820e+00   1.42442174e-01 
  6.38073311e+00   2.08503302e+00  -3.27215623e+00 
  5.97826848e+00   5.87579568e+00  -3.59834677e+00 
  4.21263969e+00   5.99875227e+00  -3.06331667e-01 
  1.72543786e+00   3.45918368e+00  -1.29886987e+00 
  7.33306924e-01   5.32652769e+00  -3.97668983e+00 
 -4.62090331e-01   8.23185491e+00  -2.07234593e+00 
 -2.67831338e+00   5.91120179e+00  -5.46106792e-02 
 -3.77934895e+00   4.29929360e+00  -3.17818514e+00 
 -4.93812623e+00   7.46076047e+00  -4.79086700e+00 
 -6.72001900e+00   8.38452888e+00  -1.59366644e+00 
 -8.47423111e+00   5.00196075e+00  -1.66865128e+00 
 -9.39864831e+00   5.46742962e+00  -5.36063733e+00 
 -1.11614976e+01   8.71369992e+00  -4.30876481e+00 
 -7.95577313e+00  -2.18429940e+00  -7.58695322e+00 
 -8.69541462e+00  -1.86866214e+00  -2.96791068e+00 
 -7.22980178e+00  -5.46059069e+00  -2.41412711e+00 
 -6.92183382e+00  -4.22892684e+00   2.35610381e+00 
 -7.35418551e+00  -7.79731458e+00   3.52586423e+00 
 -6.16008521e+00  -4.35826394e+00   7.42690156e+00 
 -3.99531711e+00  -7.49972009e+00   7.08613217e+00 
 -6.34046743e-01  -4.75613799e+00   7.25280367e+00 
 -1.97514069e+00  -1.63892689e+00   8.91854527e+00 
 -8.75904110e-01   1.55354685e+00   7.31001182e+00 
 -1.50777935e+00   5.38002300e+00   8.01602732e+00 
 -5.09296602e+00   5.02558162e+00   9.11654001e+00 
 -4.14254723e+00   2.14319489e+00   1.13643831e+01 
 -1.35625492e+00   3.95060108e+00   1.32564607e+01 
  1.40180687e+00   1.79957192e+00   1.18186277e+01 
  1.83420539e+00  -1.88553697e+00   1.10529493e+01 
  4.23026494e+00  -2.94105101e+00   8.33949201e+00 
  4.97469158e+00  -9.01743351e+00   6.03461537e+00 
  9.83868220e+00  -6.41813941e+00   6.09397191e+00 
  7.96491641e+00  -6.01049295e+00   2.82802163e+00 
  9.25623318e+00  -9.41493876e+00   1.75655316e+00 
  1.28041086e+01  -8.22767469e+00   2.56020904e+00 
  1.27281025e+01  -5.49958217e+00  -8.19325743e-02 
  1.49437728e+01  -5.96685212e+00  -3.14679727e+00 
  9.75563922e+00  -4.56413423e+00  -4.91230661e+00 
  9.70583143e+00  -7.35278308e+00  -2.36370391e+00 
  4.54088483e+00  -6.69199845e+00  -4.45003293e+00 
  2.76540392e+00  -7.43010231e+00  -1.07284270e+00 
  3.11707280e+00  -1.10061717e+01  -6.40114724e-01 
  3.46786894e-01  -1.23104565e+01  -3.07924421e+00 
 -2.04432487e+00  -9.92546651e+00  -1.25350530e+00 
 -1.12277767e+00  -1.14034301e+01   2.14657717e+00 
 -1.62525451e+00  -1.48286124e+01   6.35317251e-01 
 -5.09651639e+00  -1.37899185e+01  -6.26373717e-01 
 -5.94786214e+00  -1.19290935e+01   2.59929948e+00 
 -3.84855605e+00  -1.04653312e+01  -7.92416874e+00 
 -4.38612557e+00  -7.38294799e+00  -1.01169323e+01 
  5.53559521e-01  -6.33501248e+00  -9.65924317e+00 
  2.52394189e-01  -4.95688218e+00  -1.32532212e+01 
  4.47684346e+00  -2.37989512e+00  -1.25934331e+01 
  9.30067749e+00  -1.27579499e+00  -1.30411232e+01 
  1.32808093e+01   9.45440346e-01  -1.27357151e+01 
  1.04709762e+01   7.20349089e+00  -1.01126758e+01 

   3.431261986831e+01 

  2.30087383e+00  -6.07309538e+00   2.22668636e+00 
  2.94421594e+00  -5.70869083e+00   3.35347234e+00 
  2.70774254e+00  -6.49568889e+00   4.42902912e+00 
  1.99354923e+00  -7.66418784e+00   4.20192627e+00 
  1.98242557e+00  -8.23101688e+00   2.92764409e+00 
  2.40170980e+00  -7.38836402e+00   1.96002233e+00 
  1.92002000e+00  -3.60487434e+00   1.06070743e+00 
  1.92046824e+00  -4.15161532e+00  -1.55093561e-01 
  1.40809666e+00  -5.42190948e+00   9.59773181e-02 
  1.20385037e+00  -5.53633587e+00   1.40530609e+00 
  1.79295472e-01  -4.80483393e+00   1.83993924e+00 
  7.63368614e-01  -3.55072732e+00   1.92332887e+00 
  1.57648224e-01   3.24239991e-01   9.36119515e-01 
  1.27412853e+00   3.79156787e-01   2.61589410e-01 
  2.02542056e+00  -6.93403947e-01   9.48111892e-02 
  1.90208620e+00  -1.56903931e+00   9.77403933e-01 
  1.05362249e+00  -1.43792889e+00   2.00123901e+00 
  8.45411660e-02  -5.82873469e-01   1.89710926e+00 
 -1.44997636e+00   6.63053254e-01  -2.83265637e+00 
 -2.46874775e+00  -1.31993993e-01  -2.78591330e+00 
 -3.79655236e-01  -9.06371387e-02  -3.37478875e+00 
 -6.85884908e-02  -8.17118645e-01  -2.31694905e+00 
 -9.34313790e-01  -1.45449585e+00  -1.41784858e+00 
  1.04413173e-01  -3.37819967e+00  -2.20233417e+00 
  8.60380079e-01  -2.50736746e+00  -3.12365463e+00 
 -3.33542310e-01  -2.66173197e+00  -1.02591967e+00 
  1.16152001e+00  -1.36480966e+00  -2.23642608e+00 
  1.21469224e+00   1.04892734e+00  -6.71265652e+00 
  1.31817612e+00   2.44683705e-01  -5.45242548e+00 
  1.76385123e+00  -1.08251009e+00  -6.02417089e+00 
  2.61465831e+00   7.14411584e-01  -4.90316196e+00 
 -2.24378507e+00  -1.28706168e+00  -1.97330269e+00 
 -1.33436604e+00  -2.90715918e+00   1.07905006e-02 
 -1.43132457e+00  -1.63570479e+00   7.89410312e-01 
 -1.78872320e+00  -3.23684757e-01   2.90048253e-01 
  1.57841434e+00   1.82413246e+00   9.16692914e-03 
  4.29613295e-01   1.96836380e+00  -9.92008839e-01 
  1.54782538e+00   1.49162913e+00  -1.91823627e+00 
  2.87860809e+00  -2.58686819e+00   1.26193402e+00 
  1.85944516e+00   2.15505972e+00  -6.84056574e+00 
  4.23671983e-01   3.22081383e-01  -4.46821713e+00 
 -9.16413916e-01   6.91122711e-01   1.58132156e-01 
  3.29466276e+00  -2.70592096e+00   2.39031414e+00 
  1.46029518e+00   4.73200482e-01  -8.00991790e+00 
  7.23654774e+00   7.84530827e+00   9.39500429e+00 
  1.37546097e+00   6.63501575e+00   1.27828688e+01 
 -2.31008209e+00  -9.58898509e+00   9.45029162e+00 
  2.87611758e-01  -1.34791636e+01   7.07161070e+00 
  4.33900819e+00  -1.18945209e+01   9.87024783e+00 
  6.23449289e+00  -1.27251862e+01   6.60037591e+00 
 -2.42674738e+00  -1.19178463e+01  -3.81603614e+00 
  6.98775287e-01  -1.17132297e+01  -6.02631526e+00 
  3.13292418e+00  -1.17341392e+01  -3.06789315e+00 
  1.15261543e+00  -8.87891965e+00  -1.64364681e+00 
  1.13325155e+00  -6.89319437e+00  -4.78040724e+00 
  4.87473203e+00  -7.51754048e+00  -5.28021165e+00 
  5.55534704e+00  -6.40848877e+00  -1.77638505e+00 
  3.81406440e+00  -3.18576322e+00  -2.22653368e+00 
  5.83873757e+00  -2.33776845e+00  -4.83874703e+00 
  8.99795700e+00  -2.32225945e+00  -2.96376104e+00 
  7.44287760e+00   9.97374887e-02  -4.97192327e-01 
  6.15676670e+00   2.09322107e+00  -3.31481641e+00 
  9.48811679e+00   2.56698030e+00  -4.93223789e+00 
  1.09390415e+01   3.48320088e+00  -1.56979887e+00 
  8.19711870e+00   6.09991310e+00  -1.17064539e+00 
  8.84104815e+00   7.43773558e+00  -4.70584150e+00 
  1.24736944e+01   8.03215226e+00  -3.60908328e+00 
  1.05728594e+00   8.56399873e+00  -6.63766045e+00 
  1.65339861e+00   8.43494432e+00  -1.98899224e+00 
 -2.19693886e+00   7.96071599e+00  -1.43522591e+00 
 -1.01939682e+00   6.55994737e+00   3.14932636e+00 
 -4.29442416e+00   7.77726588e+00   4.59189868e+00 
 -1.27014252e+00   5.06106858e+00   8.04837029e+00 
 -4.90436705e+00   3.94275390e+00   7.58700472e+00 
 -3.23182813e+00  -3.18979364e-02   7.07927625e+00 
  1.67733495e-01   1.00697982e-01   8.72717767e+00 
  2.88436352e+00  -1.57270474e+00   6.77595012e+00 
  6.74399567e+00  -2.15544840e+00   7.32670805e+00 
  7.44735320e+00   1.16123226e+00   8.96845823e+00 
  4.45423630e+00   7.04908661e-01   1.12261813e+01 
  5.42466651e+00  -2.74105226e+00   1.25654853e+01 
  2.55055901e+00  -4.52137592e+00   1.08710624e+01 
 -1.11773875e+00  -3.77963695e+00   1.02822472e+01 
 -2.86157910e+00  -5.31819177e+00   7.31409918e+00 
 -8.93782912e+00  -3.95760373e+00   5.30983688e+00 
 -7.83439146e+00  -9.29753199e+00   4.48166854e+00 
 -6.96730176e+00  -7.11312713e+00   1.51180328e+00 
 -1.06172833e+01  -7.21381702e+00   4.75802559e-01 
 -1.04779333e+01  -1.10331343e+01   6.66557428e-01 
 -7.88931118e+00  -1.12983767e+01  -2.10073402e+00 
 -9.02427780e+00  -1.27738847e+01  -5.42574138e+00 
 -6.23080709e+00  -7.96995576e+00  -6.48411975e+00 
 -8.84322739e+00  -7.55368330e+00  -3.78662761e+00 
 -6.77307356e+00  -2.51319588e+00  -5.11853644e+00 
 -6.91320919e+00  -1.16821549e+00  -1.47518288e+00 
 -1.04325584e+01  -5.72777596e-01  -8.76152119e-01 
 -1.09352291e+01   2.80542927e+00  -2.78927877e+00 
 -7.93469968e+00   4.11080755e+00  -7.81318866e-01 
 -9.55321244e+00   3.10506638e+00   2.52972998e+00 
 -1.27189114e+01   4.77906310e+00   1.32790952e+00 
 -1.07553320e+01   7.97821564e+00   5.34095890e-01 
 -8.67158075e+00   7.74737654e+00   3.72738766e+00 
 -8.05623758e+00   7.04015220e+00  -7.06214665e+00 
 -4.98833822e+00   7.04091984e+00  -9.33949929e+00 
 -5.38596372e+00   1.99828672e+00  -9.68851040e+00 
 -4.04367414e+00   2.47564355e+00  -1.32769574e+01 
 -2.76831899e+00  -2.34891043e+00  -1.34160153e+01 
 -3.09520808e+00  -7.15222330e+00  -1.46448346e+01 
 -2.09736157e+00  -1.15893154e+01  -1.50749820e+01 
  4.74818704e+00  -1.10961696e+01  -1.24608175e+01 

   3.431261994093e+01 

 -2.53645620e+00  -3.56414785e+00   3.51814434e+00 
 -2.42110871e+00  -4.86051833e+00   3.16825922e+00 
 -3.59312237e+00  -5.52170911e+00   3.02237991e+00 
 -4.74134378e+00  -4.85129660e+00   3.42159799e+00 
 -4.65097678e+00  -3.82439982e+00   4.36101674e+00 
 -3.39427969e+00  -3.36357847e+00   4.53554336e+00 
 -3.19237807e-01  -2.51842176e+00   2.25853321e+00 
 -2.32267838e-01  -1.54527627e+00   3.16549645e+00 
 -1.56367337e+00  -1.37000903e+00   3.53406404e+00 
 -2.29817654e+00  -2.26186288e+00   2.87508246e+00 
 -2.40130357e+00  -1.99480106e+00   1.57442463e+00 
 -1.18858727e+00  -2.47560514e+00   1.10644286e+00 
  1.93501421e+00  -1.48807088e+00  -1.26519143e+00 
  2.79082299e+00  -1.65748505e+00  -2.93878356e-01 
  2.38805514e+00  -1.94981150e+00   9.28800908e-01 
  1.28206908e+00  -2.52672625e+00   9.98483549e-01 
  5.51061808e-01  -2.80485199e+00  -8.48315231e-02 
  7.95609651e-01  -2.15610287e+00  -1.18046554e+00 
  3.01310892e+00   2.44463779e+00  -7.40708574e-01 
  1.89438128e+00   3.07510046e+00  -8.93219732e-01 
  3.16606535e+00   2.23395965e+00   6.52049497e-01 
  2.30838530e+00   1.24363185e+00   8.16894837e-01 
  1.02698017e+00   1.10572607e+00   2.66294163e-01 
  3.61217749e-01   1.15282167e+00   2.49102985e+00 
  1.78030710e+00   1.36673239e+00   2.83602130e+00 
  2.14242486e-01   4.75733517e-01   1.22262084e+00 
  2.43545852e+00   4.38283970e-01   1.89153461e+00 
  6.20436332e+00   3.80481359e+00   2.46403893e+00 
  5.10326920e+00   2.78829246e+00   2.45525032e+00 
  4.52802517e+00   3.01282525e+00   3.83557585e+00 
  5.85286054e+00   1.53295394e+00   2.71117910e+00 
  7.67096530e-01   2.34762606e+00  -3.98035988e-01 
 -8.85817514e-01   2.97981810e-01   2.76598426e-01 
 -2.74705693e-01  -3.03355972e-01  -9.46973659e-01 
  7.79809245e-01   2.54891861e-01  -1.76850272e+00 
  4.15905208e+00  -1.70952310e+00  -9.01746914e-01 
  4.14441581e+00  -2.18110343e-01  -1.24585760e+00 
  4.69528464e+00  -1.69703402e-01   1.78834725e-01 
  8.39476004e-01  -3.31431568e+00   2.11847600e+00 
  7.42014524e+00   3.45801785e+00   2.22486252e+00 
  4.32549403e+00   2.57199034e+00   1.39547440e+00 
  2.03463847e+00  -2.26878473e-01  -1.80648922e+00 
  4.72123848e-01  -4.45042723e+00   1.93194950e+00 
  6.41924932e+00   4.69011363e+00   3.57971619e+00 
  7.57117183e+00  -1.28179912e+01  -5.51907359e+00 
  2.42940794e+00  -1.17707201e+01  -9.96434247e+00 
 -1.04756272e+01  -6.19773637e+00  -4.61215545e-01 
 -1.12534121e+01  -5.79195472e+00   4.71274549e+00 
 -9.27553082e+00  -1.05661944e+01   4.94049282e+00 
 -7.64660837e+00  -9.15407363e+00   8.15411443e+00 
 -6.77123099e+00   4.34434449e+00   7.06041185e+00 
 -4.20110955e+00   4.11975937e+00   9.89590149e+00 
 -4.30078071e+00   2.93365397e-01   1.00586890e+01 
 -3.63010249e+00   2.92880971e-01   6.36378461e+00 
 -7.88187570e-01   2.67490438e+00   6.54353811e+00 
  7.16295871e-01   7.64266086e-01   9.49726461e+00 
  4.28797479e-01  -2.44479492e+00   7.60266589e+00 
  2.28314464e+00  -1.14368591e+00   4.68901359e+00 
  4.99634735e+00  -3.95959622e-01   6.61810329e+00 
  5.72362437e+00  -3.82771252e+00   7.70907022e+00 
  5.82423376e+00  -4.88974985e+00   4.07172716e+00 
  7.93637005e+00  -1.96960335e+00   3.31102597e+00 
  1.05639852e+01  -2.79693764e+00   5.83087309e+00 
  1.05526907e+01  -6.36658452e+00   4.60283186e+00 
  1.11066424e+01  -5.08191542e+00   1.05777228e+00 
  1.39295640e+01  -2.77401673e+00   2.24386663e+00 
  1.56558487e+01  -5.91599309e+00   3.62241402e+00 
  1.19117671e+01   3.53144216e+00  -2.42059871e+00 
  1.01464520e+01  -4.68691295e-01  -4.11315717e+00 
  7.71773228e+00   1.51312162e+00  -6.46482372e+00 
  5.27178773e+00  -2.74566157e+00  -6.96186991e+00 
  4.05242892e+00  -1.88697666e+00  -1.04352808e+01 
  1.93935757e+00  -6.35780130e+00  -8.43074654e+00 
 -4.59344493e-01  -3.68988927e+00  -9.77223756e+00 
 -2.52645386e+00  -4.16800409e+00  -5.98390084e+00 
 -1.49921693e+00  -7.57665698e+00  -4.71265161e+00 
 -6.84774726e-01  -7.67131049e+00  -1.06362716e+00 
  4.67669964e-01  -1.04785566e+01   1.45250298e+00 
  2.67938417e+00  -1.23376674e+01  -9.64610509e-01 
 -4.24449777e-02  -1.22220968e+01  -3.58042751e+00 
 -2.80848420e+00  -1.37295870e+01  -1.41557830e+00 
 -4.84120563e+00  -1.05428944e+01  -1.29646400e+00 
 -5.76376223e+00  -7.83153752e+00  -3.77653188e+00 
 -6.53836398e+00  -4.36205713e+00  -2.51922655e+00 
 -7.53306716e+00   9.28132057e-01  -6.23585449e+00 
 -1.07924266e+01   1.11137700e+00  -1.79051604e+00 
 -7.44555060e+00   2.80322457e+00  -1.26175371e+00 
 -8.82362891e+00   5.88786664e+00  -2.99136451e+00 
 -1.17919582e+01   5.81089339e+00  -5.77627076e-01 
 -9.60692801e+00   6.37538064e+00   2.47789395e+00 
 -9.89379754e+00   9.74249731e+00   4.23890024e+00 
 -4.40640182e+00   8.63254809e+00   3.42802405e+00 
 -6.45662538e+00   8.13114945e+00   2.94383957e-01 
 -1.01525164e+00   7.67517662e+00  -9.89962007e-01 
 -1.56872701e+00   4.85776560e+00  -3.60885357e+00 
 -3.03165416e+00   6.55381480e+00  -6.45181179e+00 
  1.44836178e-01   8.22184972e+00  -8.01793438e+00 
  1.73875745e+00   4.73110035e+00  -7.90271421e+00 
 -1.19643159e+00   3.19091324e+00  -9.80181035e+00 
 -9.01947912e-01   6.03015907e+00  -1.22757075e+01 
  2.83876112e+00   5.29635976e+00  -1.27103708e+01 
  2.31174704e+00   1.51302216e+00  -1.27412556e+01 
  6.58013398e+00   9.59571150e+00  -6.93236613e+00 
  8.99329637e+00   9.46791553e+00  -3.97288275e+00 
  5.04969365e+00   1.01978867e+01  -8.70706354e-01 
  7.56118696e+00   1.21487457e+01   1.31861661e+00 
  4.49328932e+00   1.16648505e+01   5.22704191e+00 
  1.13729841e+00   1.30287516e+01   8.62788208e+00 
 -1.64070156e+00   1.29289221e+01   1.22529761e+01 
  8.97985737e-01   6.60621184e+00   1.49947597e+01 

   3.431262030424e+01 

  3.47533824e+00   5.70055640e+00  -2.08671343e+00 
  4.58212875e+00   5.37825975e+00  -2.78489097e+00 
  5.73650442e+00   5.89151579e+00  -2.29900185e+00 
  5.62334150e+00   6.81829279e+00  -1.27165433e+00 
  4.43955576e+00   7.53970319e+00  -1.11863264e+00 
  3.39634818e+00   7.01153608e+00  -1.79301966e+00 
  1.96351723e+00   3.43195893e+00  -2.49201109e+00 
  8.35609207e-01   4.12918105e+00  -2.35472009e+00 
  1.22212036e+00   5.14002475e+00  -1.47834907e+00 
  2.51865989e+00   4.99303910e+00  -1.22039926e+00 
  2.78223591e+00   3.93606885e+00  -4.54219563e-01 
  2.73302890e+00   2.91180436e+00  -1.38645973e+00 
  1.19222926e+00  -7.77355062e-01  -1.99583488e+00 
  5.91423283e-01  -4.00340500e-01  -3.09192714e+00 
  6.21203909e-01   8.58100323e-01  -3.48957904e+00 
  1.60413425e+00   1.51712889e+00  -3.08905097e+00 
  2.54287495e+00   9.91119463e-01  -2.29695955e+00 
  2.26026082e+00  -8.54768681e-02  -1.63198331e+00 
 -2.68533942e+00  -1.00904593e+00  -6.49171306e-01 
 -2.59857841e+00  -5.65160634e-01   5.62273374e-01 
 -3.04877084e+00   9.80911436e-02  -1.45519934e+00 
 -1.88414382e+00   7.17975302e-01  -1.50970103e+00 
 -9.66038252e-01   9.31149657e-01  -4.72538056e-01 
 -1.41294932e+00   3.16961359e+00  -9.02115333e-01 
 -2.39175200e+00   2.70706066e+00  -1.90544270e+00 
 -3.75602489e-01   2.18929380e+00  -6.73653298e-01 
 -1.64940536e+00   1.58491465e+00  -2.51615940e+00 
 -6.39768798e+00  -1.18754660e-02  -3.39288024e+00 
 -5.03626193e+00   5.90448842e-01  -3.22131388e+00 
 -5.39276526e+00   2.05962090e+00  -3.25980510e+00 
 -4.47130268e+00   4.47055962e-01  -4.58639595e+00 
 -1.62408834e+00   4.70552224e-01   7.13244726e-01 
  6.16550397e-01   1.97236215e+00   3.77577477e-01 
  1.20794004e+00   6.27593660e-01   1.05070718e-01 
  5.13147425e-01  -6.41889083e-01   4.03728041e-02 
  1.66304524e-01  -1.63739599e+00  -3.82211026e+00 
 -9.18700120e-01  -1.96241762e+00  -2.79258091e+00 
 -1.69611377e+00  -1.04546152e+00  -3.73621970e+00 
  2.08740301e+00   2.72308192e+00  -3.70768266e+00 
 -6.63120083e+00  -8.47220394e-01  -4.34324432e+00 
 -4.13269302e+00   1.07618382e-01  -2.36970138e+00 
  3.02764880e-01  -1.32379204e+00  -1.09934735e+00 
  3.24635334e+00   2.78994614e+00  -4.04362006e+00 
 -7.58621463e+00   7.96833813e-01  -3.48269353e+00 
  9.00294084e+00  -7.05434844e+00  -1.08175251e+01 
  1.21298407e+01  -8.14067308e+00  -4.78949018e+00 
  1.07887686e+01   6.58765530e+00   3.52827264e+00 
  9.13501239e+00   1.13786932e+01   2.16799954e+00 
  1.19541758e+01   1.06580799e+01  -2.10870430e+00 
  8.95893730e+00   1.24868535e+01  -3.73935978e+00 
 -2.01875401e+00   1.07271798e+01   4.04296741e+00 
 -4.02552608e+00   1.17827028e+01   9.51894858e-01 
 -9.37585747e-01   1.20781044e+01  -1.29646264e+00 
 -4.66497529e-02   8.58790857e+00  -2.34989762e-01 
 -3.41774078e+00   7.17459339e+00  -8.83798810e-01 
 -3.58070950e+00   8.93929135e+00  -4.27460220e+00 
 -2.22064490e-01   7.57077189e+00  -5.17848545e+00 
 -1.21825012e+00   4.08308289e+00  -4.49744160e+00 
 -3.78205792e+00   4.26717911e+00  -6.74133793e+00 
 -1.72243759e+00   4.90291829e+00  -9.71626233e+00 
  2.85709850e-01   1.79157544e+00  -8.90663257e+00 
 -2.85433986e+00  -4.93018179e-02  -8.34285238e+00 
 -4.29798602e+00   7.24466616e-01  -1.16977948e+01 
 -1.00231596e+00  -2.14275989e-01  -1.32814383e+01 
 -1.14266755e+00  -3.55080018e+00  -1.14449744e+01 
 -4.77624532e+00  -4.09794439e+00  -1.25403370e+01 
 -3.53302207e+00  -3.75360333e+00  -1.61580989e+01 
 -7.35141870e+00  -7.16380532e+00  -5.50068526e+00 
 -2.69899828e+00  -7.55874093e+00  -5.92624545e+00 
 -2.34103558e+00  -8.32638597e+00  -2.10011022e+00 
  2.45847530e+00  -7.34010164e+00  -2.69907570e+00 
  3.50398850e+00  -9.66774849e+00   8.97830666e-02 
  7.48806816e+00  -6.72826254e+00  -1.89969096e+00 
  6.94387363e+00  -6.67312817e+00   1.89134282e+00 
  7.09024751e+00  -2.35309725e+00   1.48042671e+00 
  8.92542308e+00  -1.72335042e+00  -1.76391141e+00 
  7.40196409e+00   9.46314463e-01  -3.89459136e+00 
  8.27967277e+00   2.55005616e+00  -7.38705417e+00 
  9.50006605e+00  -6.18601313e-01  -9.01822399e+00 
  1.15965992e+01  -1.40461611e+00  -5.97668389e+00 
  1.34510653e+01   1.93472756e+00  -5.83583696e+00 
  1.18276030e+01   3.02210976e+00  -2.59808252e+00 
  1.09033840e+01   1.33019973e+00   6.63275266e-01 
  8.06248130e+00   2.71146705e+00   2.72222196e+00 
  5.49642112e+00  -6.23567227e-02   8.06164332e+00 
  5.47332053e+00   5.42684323e+00   8.59669547e+00 
  2.29873347e+00   4.06194501e+00   7.04667440e+00 
  1.04767402e+00   3.23733107e+00   1.05338794e+01 
  1.76248862e+00   6.85562416e+00   1.15537012e+01 
 -7.66795784e-01   8.27969241e+00   9.10340788e+00 
 -3.92894424e+00   9.83376882e+00   1.05548346e+01 
 -5.44152360e+00   6.27807762e+00   6.42319338e+00 
 -3.00325779e+00   4.71480202e+00   8.84921317e+00 
 -4.86594082e+00   7.63669336e-01   5.32999879e+00 
 -1.45542856e+00  -1.08979296e+00   5.14070711e+00 
 -1.17574189e+00  -2.77659943e+00   8.33062372e+00 
 -3.55753948e+00  -5.82891352e+00   7.75134863e+00 
 -1.55146580e+00  -6.47738705e+00   4.54286233e+00 
  1.75133227e+00  -6.49711376e+00   6.46254581e+00 
  1.27982084e-01  -8.82999050e+00   8.95065229e+00 
 -9.60526624e-01  -1.11542550e+01   6.09877064e+00 
  2.36490262e+00  -1.07987022e+01   4.25284103e+00 
 -8.16530326e+00  -8.34347787e+00   3.63738007e+00 
 -1.02146373e+01  -7.10244695e+00   6.61067719e-01 
 -9.90319578e+00  -2.40690033e+00   2.54866974e+00 
 -1.34269153e+01  -1.92834008e+00   1.04504620e+00 
 -1.28271893e+01   3.02229591e+00   1.27656878e+00 
 -1.34132897e+01   7.64371234e+00   3.00497714e+00 
 -1.31721100e+01   1.21902466e+01   3.37813486e+00 
 -1.02033786e+01   1.33496411e+01  -3.23859474e+00 

   3.431262030322e+01 

  1.43636281e+00   2.24999168e+00  -4.25965952e+00 
  2.24212206e+00   3.30352439e+00  -4.02059254e+00 
  1.77715159e+00   4.49401409e+00  -4.46626167e+00 
  6.39437051e-01   4.46130578e+00  -5.26095735e+00 
  3.19709772e-01   3.29934905e+00  -5.96299760e+00 
  9.80994021e-01   2.20692574e+00  -5.52536588e+00 
  2.01012586e+00   6.86869358e-01  -2.06329431e+00 
  1.71283136e+00  -4.20740728e-01  -2.74294102e+00 
  7.48757314e-01   3.60467706e-02  -3.63798266e+00 
  5.99221806e-01   1.34506041e+00  -3.45557071e+00 
 -1.34412772e-02   1.64634586e+00  -2.31208347e+00 
  1.03089565e+00   1.52251760e+00  -1.40933384e+00 
  1.97848492e+00  -9.98717486e-02   2.17225884e+00 
  2.97683459e+00  -7.68559598e-01   1.66167330e+00 
  3.21928500e+00  -7.50381606e-01   3.64159931e-01 
  2.80959550e+00   2.65255449e-01  -2.37123237e-01 
  2.15291927e+00   1.24855801e+00   3.85104675e-01 
  1.60691457e+00   9.98546242e-01   1.53420772e+00 
  4.07706675e-01  -3.88031586e+00   2.55237635e+00 
 -8.39998080e-01  -3.70677015e+00   2.26022853e+00 
  1.04622674e+00  -4.28381755e+00   1.35361926e+00 
  1.10441739e+00  -3.11811894e+00   7.36095083e-01 
  1.14288025e-01  -2.12960545e+00   6.54871727e-01 
  2.36475398e-01  -2.57700034e+00  -1.62104516e+00 
  1.21913118e+00  -3.62696305e+00  -1.28840987e+00 
  2.00603081e-01  -1.53884005e+00  -6.16144339e-01 
  2.01142727e+00  -2.94126645e+00  -2.46583284e-01 
  2.74858173e+00  -7.75715537e+00   1.21300594e+00 
  2.59897139e+00  -6.37990380e+00   6.41598526e-01 
  2.43403664e+00  -6.71995389e+00  -8.22661996e-01 
  4.00689500e+00  -5.91036091e+00   6.19666576e-01 
 -1.04882871e+00  -2.71168911e+00   1.25458598e+00 
 -7.45915463e-01  -4.80652920e-01  -2.68249205e-01 
 -2.72007131e-01   7.44252998e-02   1.03537832e+00 
 -1.00635596e-01  -6.38579632e-01   2.28468122e+00 
  3.82144835e+00  -1.25692064e+00   2.79849311e+00 
  2.76722414e+00  -2.27375322e+00   3.24304252e+00 
  3.53657157e+00  -3.10203136e+00   2.21466120e+00 
  3.30856140e+00   7.20426747e-01  -1.50772649e+00 
  3.77511453e+00  -8.06469529e+00   1.92521407e+00 
  1.87637224e+00  -5.42677126e+00   1.22827615e+00 
  1.09664712e+00  -9.33514399e-01   2.82101734e+00 
  3.71200827e+00   1.85493539e+00  -1.61065009e+00 
  2.65799392e+00  -8.93894651e+00   3.94573855e-01 
  1.20127566e+01   7.02101525e+00   7.35260581e+00 
  6.39019319e+00   1.05344004e+01   9.17960194e+00 
 -3.73093589e+00   9.93600509e+00  -4.42596141e+00 
 -3.08048990e+00   8.25218843e+00  -9.35357544e+00 
  1.43510160e+00   1.07672542e+01  -9.15072341e+00 
  2.62200760e+00   7.69105681e+00  -1.11763555e+01 
 -5.62163220e+00  -2.75658975e+00  -8.51937525e+00 
 -2.82685140e+00  -4.95466641e+00  -9.95246181e+00 
 -4.24996190e-01  -2.02226568e+00  -1.05091366e+01 
 -9.90143972e-01  -1.10386325e+00  -6.91194004e+00 
 -4.06520915e-01  -4.52790000e+00  -5.60118761e+00 
  2.72503739e+00  -4.89822258e+00  -7.76788357e+00 
  4.01686102e+00  -1.62512429e+00  -6.50773784e+00 
  3.69875550e+00  -2.61490474e+00  -2.96653965e+00 
  5.72263786e+00  -5.32196788e+00  -3.43321189e+00 
  8.73201738e+00  -3.46027584e+00  -4.42024422e+00 
  8.44661862e+00  -1.43984162e+00  -1.22577393e+00 
  7.89739552e+00  -4.55677656e+00   6.58457253e-01 
  1.10264028e+01  -6.21414461e+00  -5.25124959e-01 
  1.29345249e+01  -3.04450137e+00   2.25195663e-01 
  1.15126978e+01  -3.10077657e+00   3.76071603e+00 
  1.24150356e+01  -6.80634916e+00   4.15624912e+00 
  1.60405630e+01  -5.80623721e+00   3.37673128e+00 
  5.64129505e+00  -8.93720642e+00   8.05024658e+00 
  6.42937918e+00  -4.32922713e+00   8.40756443e+00 
  2.75872554e+00  -3.72308550e+00   9.63863615e+00 
  3.56046807e+00   1.03660638e+00   8.60447604e+00 
  1.15391720e+00   2.23984685e+00   1.12595422e+01 
  3.03889012e+00   6.11570096e+00   8.11380041e+00 
 -7.58959244e-01   5.82944146e+00   8.52059792e+00 
 -8.67959382e-01   5.99988617e+00   4.18328514e+00 
  2.39361680e+00   7.61929090e+00   3.16845899e+00 
  4.07408462e+00   5.98784233e+00   2.52653691e-01 
  7.39716482e+00   6.64703642e+00  -1.76285813e+00 
  9.48167237e+00   7.71611767e+00   1.18708866e+00 
  6.70923756e+00   1.00035790e+01   2.34698384e+00 
  6.29023137e+00   1.19035568e+01  -9.43091330e-01 
  2.84063666e+00   1.05156436e+01  -1.63246309e+00 
 -2.46079348e-01   9.79334703e+00   4.42089261e-01 
 -2.64750835e+00   7.11478001e+00  -6.87770139e-01 
 -7.77274020e+00   4.88186577e+00   2.70861794e+00 
 -8.97236428e+00   4.96123390e+00  -2.67403153e+00 
 -7.48880848e+00   1.67297635e+00  -1.52077550e+00 
 -1.09271226e+01   6.50341179e-01  -2.80608708e-01 
 -1.23284774e+01   1.47602977e+00  -3.74432238e+00 
 -1.02487778e+01  -1.19549783e+00  -5.46680938e+00 
 -1.20917054e+01  -4.23340930e+00  -6.84361619e+00 
 -7.67133465e+00  -6.06436720e+00  -3.82546004e+00 
 -9.71626098e+00  -3.48695190e+00  -1.96814455e+00 
 -5.87810689e+00  -5.63059830e+00   1.51602002e+00 
 -5.23145496e+00  -2.26330208e+00   3.34514670e+00 
 -8.16559602e+00  -1.78926734e+00   5.41040937e+00 
 -7.38346373e+00  -4.24141282e+00   8.36002965e+00 
 -3.99014269e+00  -2.46453496e+00   8.61880950e+00 
 -5.66242006e+00   9.59872904e-01   8.88547804e+00 
 -7.95332998e+00  -5.19832093e-01   1.14989915e+01 
 -4.92096130e+00  -1.82634432e+00   1.34530047e+01 
 -2.90870055e+00   1.37094798e+00   1.28868154e+01 
 -3.31931240e+00  -9.14642236e+00   1.03354217e+01 
 -6.63625939e-01  -1.13768914e+01   8.73211085e+00 
 -3.08299569e+00  -1.08820451e+01   4.30380540e+00 
 -1.89367975e+00  -1.44932082e+01   3.63176854e+00 
 -2.68462286e+00  -1.38194926e+01  -1.25112891e+00 
 -4.99894322e+00  -1.42316525e+01  -5.62867491e+00 
 -5.90544009e+00  -1.39108812e+01  -1.00945490e+01 
  7.08641580e-01  -1.13819689e+01  -1.20432155e+01 

   3.431261982579e+01 

 -2.03228408e+00   5.31630889e+00   3.39906165e+00 
 -1.58987244e+00   6.35759795e+00   2.66671910e+00 
 -1.06485117e+00   7.37985019e+00   3.38184252e+00 
 -1.21028157e+00   7.31558608e+00   4.76098865e+00 
 -2.24353519e+00   6.55846016e+00   5.31265348e+00 
 -2.79724930e+00   5.68816812e+00   4.44199797e+00 
 -1.53360504e+00   3.24337040e+00   1.65265401e+00 
 -2.52910007e+00   2.52879671e+00   2.17757989e+00 
 -2.54304026e+00   2.97319082e+00   3.49725546e+00 
 -1.61968108e+00   3.92185554e+00   3.62605608e+00 
 -3.75336917e-01   3.45005930e+00   3.57432606e+00 
 -2.01731622e-01   3.30480346e+00   2.20700794e+00 
  1.12430532e+00   6.93253235e-01  -5.81748278e-01 
 -1.72149592e-02   7.12408411e-01  -1.21507495e+00 
 -1.04836909e+00   1.38959963e+00  -7.45189705e-01 
 -7.56498623e-01   2.35571482e+00  -8.79142436e-03 
  5.06634015e-01   2.66452270e+00   2.98579871e-01 
  1.42048200e+00   1.75724421e+00   1.47595270e-01 
 -8.77525890e-02  -3.14029758e+00   2.77502524e-01 
  2.91266839e-01  -3.29646799e+00   1.50397653e+00 
 -1.43962013e+00  -2.71904275e+00   3.27889706e-01 
 -1.26124462e+00  -1.46062141e+00   6.85780839e-01 
 -3.75360710e-01  -9.48845984e-01   1.64361705e+00 
 -2.33148219e+00  -2.61300744e-01   2.69042485e+00 
 -3.06561900e+00  -9.38484283e-01   1.60365795e+00 
 -1.00532555e+00   1.35841162e-01   2.27497922e+00 
 -2.23805693e+00  -5.63852420e-01   4.38289981e-01 
 -4.15803539e+00  -4.93918730e+00  -1.30408198e+00 
 -3.74532493e+00  -3.59810560e+00  -7.77869125e-01 
 -4.93627031e+00  -3.28250091e+00   9.88017538e-02 
 -4.05734242e+00  -2.71568396e+00  -1.92993362e+00 
  1.97638874e-01  -2.09779151e+00   2.27829490e+00 
  2.14637924e-01   5.28781219e-01   2.97777134e+00 
  1.28621005e+00   5.69328590e-01   1.93741069e+00 
  1.72993523e+00  -5.17942247e-01   1.08917256e+00 
  2.02902481e-01   9.28412675e-02  -2.56115245e+00 
  3.76759992e-01  -1.30853692e+00  -1.97056057e+00 
 -1.14023061e+00  -1.26891500e+00  -2.15155994e+00 
 -1.62569264e+00   3.47020905e+00   2.61346031e-01 
 -4.21853538e+00  -5.15738917e+00  -2.57070790e+00 
 -2.49876343e+00  -3.32138004e+00  -3.97797605e-01 
  1.48094434e+00  -5.88480521e-01  -2.30373305e-01 
 -1.22710802e+00   4.59233316e+00   5.52187407e-02 
 -5.37844180e+00  -5.58149144e+00  -8.88383418e-01 
  4.89441617e+00   7.72140637e+00  -1.12878698e+01 
  1.04186944e+01   7.87215988e+00  -7.19462162e+00 
  4.19060073e+00   9.95994062e+00   8.45018033e+00 
 -5.97041056e-01   1.09908123e+01   1.03356186e+01 
 -8.35773365e-01   1.45334597e+01   6.57400152e+00 
 -4.50061418e+00   1.33046056e+01   6.39047171e+00 
 -5.13173600e+00   6.49336145e-01   1.12500239e+01 
 -8.51233388e+00   4.35525469e-01   9.45508474e+00 
 -8.23232372e+00   3.93354318e+00   7.91780106e+00 
 -4.87517971e+00   2.89305956e+00   6.59531036e+00 
 -6.06502984e+00  -3.19047723e-01   5.16377402e+00 
 -9.09240734e+00   1.42024815e+00   3.59905632e+00 
 -6.85833708e+00   4.00697498e+00   2.08640600e+00 
 -4.70613169e+00   1.50021581e+00   4.41751658e-01 
 -7.36136859e+00   1.69259446e-01  -1.23760512e+00 
 -8.23422081e+00   3.18391818e+00  -3.14704300e+00 
 -4.66556505e+00   3.32996644e+00  -4.41663318e+00 
 -4.81664344e+00  -2.74435593e-01  -5.15989149e+00 
 -7.84610770e+00  -3.78140609e-02  -7.32898692e+00 
 -6.28581010e+00   2.90313040e+00  -9.10854198e+00 
 -3.17813063e+00   7.89915709e-01  -9.74207995e+00 
 -5.31836520e+00  -2.13675930e+00  -1.09894954e+01 
 -6.76570902e+00   2.86033296e-01  -1.35948269e+01 
 -9.85241884e-01  -7.96714916e+00  -7.40922209e+00 
  1.53675723e+00  -4.04851162e+00  -7.92505009e+00 
  4.22836188e+00  -5.36126068e+00  -5.39749414e+00 
  5.81627047e+00  -6.91950166e-01  -5.18986196e+00 
  9.37707900e+00  -1.71120171e+00  -4.43446392e+00 
  8.50346473e+00   3.54298290e+00  -4.11536428e+00 
  1.01465928e+01   1.81680665e+00  -1.11676857e+00 
  7.12612586e+00   3.85462702e+00   1.24481535e+00 
  5.99769713e+00   6.76853701e+00  -8.82628022e-01 
  2.29581757e+00   7.30021170e+00  -9.16266866e-01 
 -1.22273686e-01   9.88839912e+00  -2.64652851e+00 
  1.79655177e+00   1.01738471e+01  -5.87562130e+00 
  5.01925114e+00   1.05911235e+01  -3.95096740e+00 
  3.85067615e+00   1.34837640e+01  -1.74253622e+00 
  3.94179603e+00   1.14564857e+01   1.44854632e+00 
  6.27389284e+00   8.87126016e+00   2.94227997e+00 
  4.90736440e+00   6.33526049e+00   5.37526294e+00 
  8.16686405e+00   1.21036685e+00   7.80414096e+00 
  4.76687439e+00   3.26346628e+00   1.16307259e+01 
  3.18109306e+00   5.43784849e-01   9.52547015e+00 
  4.87715823e+00  -2.03848871e+00   1.17302038e+01 
  3.37172406e+00  -2.94224629e-01   1.47853981e+01 
 -2.00467176e-01  -1.01649957e+00   1.37144382e+01 
 -2.16925373e+00  -3.54685149e+00   1.57740921e+01 
 -2.74782584e+00  -4.88277777e+00   1.03076964e+01 
  8.56215143e-01  -4.28643524e+00   1.12719578e+01 
  6.73362673e-01  -6.28915551e+00   6.03538988e+00 
  3.63031432e+00  -4.10061808e+00   4.78260941e+00 
  6.56345041e+00  -5.64087703e+00   6.23982078e+00 
  7.03145007e+00  -8.71279278e+00   3.85873245e+00 
  6.86633233e+00  -6.19145276e+00   9.68263024e-01 
  9.63720606e+00  -4.05763835e+00   2.50552057e+00 
  1.16229008e+01  -7.23483646e+00   2.98575168e+00 
  1.11129861e+01  -8.14117371e+00  -7.07329924e-01 
  1.16885359e+01  -4.55430840e+00  -1.88862230e+00 
  4.11730534e+00  -1.22458311e+01  -9.89410236e-01 
  6.49803840e-01  -1.24584536e+01  -2.57982835e+00 
 -1.33907469e+00  -1.09079277e+01   1.81889417e+00 
 -4.31791244e+00  -1.31815685e+01   8.89570717e-01 
 -7.18399846e+00  -1.07196108e+01   4.15240603e+00 
 -9.68435650e+00  -9.90479073e+00   8.36818756e+00 
 -1.23980996e+01  -7.96020080e+00   1.14863045e+01 
 -1.50286167e+01  -2.72361943e+00   7.05937585e+00 

   3.431262051528e+01 

 -2.27435530e+00  -6.34965341e+00  -1.30677200e+00 
 -3.01401631e+00  -6.14988494e+00  -2.41551993e+00 
 -4.24416458e+00  -6.71409951e+00  -2.39370975e+00 
 -4.52059423e+00  -7.56667113e+00  -1.33359372e+00 
 -3.47280786e+00  -8.19123443e+00  -6.57354118e-01 
 -2.26804256e+00  -7.63159247e+00  -8.97135307e-01 
 -8.22559120e-01  -4.00732792e+00  -1.25860082e+00 
  1.79703931e-01  -4.61261218e+00  -6.21261796e-01 
 -4.87915579e-01  -5.59405257e+00   1.06935248e-01 
 -1.78222672e+00  -5.52478504e+00  -1.91586355e-01 
 -2.37733724e+00  -4.44520336e+00   3.12435174e-01 
 -1.99562481e+00  -3.47799448e+00  -6.03894046e-01 
 -4.92751107e-01   2.68681486e-01  -8.50499609e-01 
  5.16736780e-01  -1.29992846e-01  -1.57611847e+00 
  7.02700143e-01  -1.40908020e+00  -1.84448271e+00 
 -3.30369970e-01  -2.11124254e+00  -1.81938960e+00 
 -1.53071338e+00  -1.60701694e+00  -1.51897181e+00 
 -1.58719707e+00  -4.74494883e-01  -8.90267864e-01 
  2.48888134e+00   8.58215118e-01   1.91822897e+00 
  1.93524603e+00   4.83197702e-01   3.02506164e+00 
  3.19366683e+00  -2.66761987e-01   1.42296161e+00 
  2.17828955e+00  -9.70540200e-01   9.56788144e-01 
  9.27257304e-01  -1.18575628e+00   1.55068152e+00 
  1.60103395e+00  -3.40847884e+00   1.52746355e+00 
  2.88361088e+00  -2.93856051e+00   9.68169066e-01 
  5.21575994e-01  -2.49272973e+00   1.23573512e+00 
  2.40881898e+00  -1.91137224e+00   1.80128175e-02 
  7.03367131e+00  -3.50783910e-02   9.95783715e-01 
  5.74597223e+00  -7.21454165e-01   6.54501675e-01 
  6.14668747e+00  -2.16107006e+00   8.86126464e-01 
  5.77991162e+00  -7.00796850e-01  -8.29299103e-01 
  1.02669996e+00  -6.08423594e-01   2.85762271e+00 
 -8.20374296e-01  -2.28398967e+00   1.77636221e+00 
 -1.30410248e+00  -1.00385640e+00   1.17681405e+00 
 -6.95436113e-01   3.05781550e-01   1.29033723e+00 
  1.15114389e+00   1.08788926e+00  -2.17489235e+00 
  1.70921135e+00   1.55143693e+00  -8.27077777e-01 
  2.84003548e+00   6.37111658e-01  -1.29694527e+00 
 -4.70599358e-01  -3.38375024e+00  -2.47638179e+00 
  7.59940545e+00   7.56143812e-01   1.53476551e-01 
  4.55517640e+00  -2.53926618e-01   1.02642464e+00 
 -6.78233227e-02   9.30664110e-01   2.78525846e-01 
 -1.38916513e+00  -3.55340263e+00  -3.24317325e+00 
  8.18785743e+00  -7.61045236e-01   1.45999759e+00 
 -4.28943359e+00   5.42642748e+00  -1.25642609e+01 
 -9.63947657e+00   6.64836816e+00  -8.41955894e+00 
 -1.11964272e+01  -7.41686755e+00   9.42752620e-01 
 -8.93788688e+00  -1.21507135e+01   7.71983722e-01 
 -9.80060527e+00  -1.18932748e+01  -4.32180301e+00 
 -6.32899252e+00  -1.35981824e+01  -4.44860093e+00 
  4.51951450e-01  -1.05907187e+01   6.91556613e+00 
  3.58389921e+00  -1.16847506e+01   4.99461558e+00 
  1.69243443e+00  -1.23356782e+01   1.72714208e+00 
  3.04783020e-01  -8.86038289e+00   2.04212793e+00 
  3.58740532e+00  -7.25127353e+00   2.68852929e+00 
  5.18761355e+00  -9.20136038e+00  -1.88053760e-01 
  2.43425109e+00  -8.13383960e+00  -2.47919118e+00 
  2.92352048e+00  -4.54896635e+00  -1.75115716e+00 
  6.18355318e+00  -4.68432477e+00  -2.74909887e+00 
  5.53992400e+00  -5.64433780e+00  -6.23629100e+00 
  3.25066808e+00  -2.64146904e+00  -6.56861614e+00 
  5.81178936e+00  -5.49949472e-01  -4.94583554e+00 
  8.52554976e+00  -1.41965693e+00  -7.35779337e+00 
  6.12361281e+00  -8.16540792e-01  -1.02069263e+01 
  5.36818771e+00   2.62630707e+00  -8.75752169e+00 
  9.10740969e+00   3.36489371e+00  -8.33951474e+00 
  9.45854242e+00   2.71455232e+00  -1.21086177e+01 
  8.46872498e+00   7.02674297e+00  -1.14435632e+00 
  4.37976200e+00   7.06134285e+00  -3.43813186e+00 
  2.46539080e+00   8.03109396e+00  -1.59205995e-01 
 -1.63077061e+00   6.66955922e+00  -2.55391294e+00 
 -3.81454347e+00   9.08059561e+00  -6.28641617e-01 
 -6.52099350e+00   5.74881552e+00  -3.79810002e+00 
 -7.56413884e+00   5.96183772e+00  -1.18761268e-01 
 -7.35381924e+00   1.62547152e+00  -1.88381457e-01 
 -7.68321134e+00   6.71250524e-01  -3.83133649e+00 
 -5.31700538e+00  -2.00632789e+00  -4.93550301e+00 
 -4.63182352e+00  -3.87681026e+00  -8.33719481e+00 
 -5.21170979e+00  -9.07929585e-01  -1.05821477e+01 
 -8.39437070e+00  -9.16517924e-02  -8.71973345e+00 
 -1.00074993e+01  -3.54049244e+00  -9.05649857e+00 
 -9.79837511e+00  -4.31136922e+00  -5.36012191e+00 
 -1.03506957e+01  -2.36376412e+00  -2.15777524e+00 
 -8.53895516e+00  -3.41139678e+00   9.78800330e-01 
 -8.48255619e+00  -1.43574415e-01   6.64513060e+00 
 -8.45454241e+00  -5.57468557e+00   7.60449560e+00 
 -4.98268961e+00  -4.08226174e+00   7.35440074e+00 
 -5.29313002e+00  -2.96110856e+00   1.09672234e+01 
 -6.21228406e+00  -6.55303326e+00   1.19138756e+01 
 -2.84909219e+00  -7.93790098e+00   1.08183031e+01 
 -4.90055709e-01  -9.17124134e+00   1.35449790e+01 
  2.42547304e+00  -5.77251127e+00   1.00881695e+01 
 -8.50470381e-01  -4.24401094e+00   1.11865088e+01 
  2.11930107e+00  -3.89535530e-01   8.39553121e+00 
 -9.92021630e-01   1.20031488e+00   6.69416666e+00 
 -2.61380971e+00   3.05239573e+00   9.34724400e+00 
 -3.29377126e-01   6.22670054e+00   9.52073519e+00 
 -8.81612866e-01   6.53499891e+00   5.73405472e+00 
 -4.67747670e+00   6.43427074e+00   6.15288572e+00 
 -4.30347611e+00   9.02334004e+00   8.87779162e+00 
 -2.24515007e+00   1.12430105e+01   6.52051999e+00 
 -4.51463741e+00   1.05395685e+01   3.52936466e+00 
  5.44624661e+00   8.81141578e+00   7.41355469e+00 
  8.57791174e+00   7.54270811e+00   5.62992995e+00 
  7.71800255e+00   2.95951371e+00   7.62067288e+00 
  1.15650231e+01   2.64433229e+00   7.70860967e+00 
  1.11260428e+01  -2.31347448e+00   8.09533869e+00 
  1.11468927e+01  -6.76824792e+00   1.02960812e+01 
  1.09609795e+01  -1.12895369e+01   1.09220963e+01 
  1.09905654e+01  -1.30558969e+01   3.79343230e+00 

   3.431262003427e+01 

  1.26979642e+00   4.12848924e+00  -1.01438444e+00 
  2.53924840e+00   3.91067783e+00  -1.41107404e+00 
  3.47339021e+00   4.66233190e+00  -7.83009827e-01 
  3.00642097e+00   5.67571213e+00   4.29243236e-02 
  1.73301344e+00   6.20529623e+00  -1.64791511e-01 
  9.50825122e-01   5.43433456e+00  -9.49521060e-01 
  2.08375083e-01   1.60946362e+00  -1.36640910e+00 
 -1.00435730e+00   2.12253186e+00  -1.57421919e+00 
 -9.66397696e-01   3.28239768e+00  -8.04488258e-01 
  2.45159959e-01   3.38361602e+00  -2.65025306e-01 
  4.66856239e-01   2.48577570e+00   6.93277462e-01 
  7.69115154e-01   1.36170987e+00  -5.90848776e-02 
 -8.28044224e-02  -2.57751444e+00  -3.94755305e-01 
 -4.63886768e-01  -2.44071811e+00  -1.63596652e+00 
 -5.13901764e-01  -1.25239042e+00  -2.20867524e+00 
  2.54652268e-01  -3.96563708e-01  -1.72104876e+00 
  1.05063100e+00  -6.60240892e-01  -6.80743297e-01 
  7.71571726e-01  -1.67985124e+00   6.99830694e-02 
 -4.09780571e+00  -3.28020059e+00   1.43356855e-01 
 -4.34931076e+00  -2.68404757e+00   1.26301576e+00 
 -4.41384384e+00  -2.35449187e+00  -8.81696567e-01 
 -3.36148025e+00  -1.56224967e+00  -7.90234409e-01 
 -2.74020763e+00  -1.07615333e+00   3.68168361e-01 
 -3.37393002e+00   9.89060941e-01  -4.85149118e-01 
 -4.02809746e+00   2.53081032e-01  -1.58466055e+00 
 -2.29393190e+00   2.28225673e-01   1.00964629e-01 
 -3.02280962e+00  -7.97214064e-01  -1.84835777e+00 
 -7.18962406e+00  -3.24928893e+00  -3.42658639e+00 
 -5.99569488e+00  -2.41506151e+00  -3.07389109e+00 
 -6.52702215e+00  -1.04045672e+00  -3.41214932e+00 
 -5.12161484e+00  -2.62956334e+00  -4.25425999e+00 
 -3.58252430e+00  -1.49140378e+00   1.44952601e+00 
 -1.54658818e+00   3.07110557e-01   1.35471941e+00 
 -7.33772647e-01  -9.44733328e-01   1.42126449e+00 
 -1.21884386e+00  -2.30971604e+00   1.41176932e+00 
 -5.41815840e-01  -3.81040432e+00  -2.23778001e+00 
 -1.77857993e+00  -4.18239068e+00  -1.41622645e+00 
 -2.43720159e+00  -3.52775523e+00  -2.62998578e+00 
  6.99371313e-01   7.88295544e-01  -2.40578683e+00 
 -7.08749575e+00  -4.22122647e+00  -4.26358659e+00 
 -5.25278867e+00  -2.63526402e+00  -1.99014435e+00 
 -1.07109294e+00  -3.15020349e+00   3.72588904e-01 
  1.88458763e+00   1.00397477e+00  -2.50187625e+00 
 -8.42378583e+00  -2.66390723e+00  -3.88364896e+00 
  1.02979052e+01  -8.50541354e+00  -6.33855230e+00 
  1.20905777e+01  -8.32029142e+00   2.98260305e-01 
  6.92927464e+00   6.88539873e+00   5.78055102e+00 
  4.99959501e+00   1.11367027e+01   3.38438381e+00 
  8.78709886e+00   1.03765741e+01  -5.56905229e-02 
  6.02280261e+00   1.14743580e+01  -2.53124789e+00 
 -6.09715592e+00   8.88735069e+00   2.99897451e+00 
 -7.47237924e+00   9.21383702e+00  -5.64458096e-01 
 -4.02284928e+00   9.73904148e+00  -2.14644735e+00 
 -2.93588676e+00   6.59876316e+00  -3.97365212e-01 
 -5.85022052e+00   4.58056386e+00  -1.50014671e+00 
 -5.47417978e+00   5.86891080e+00  -5.08307482e+00 
 -1.84546011e+00   4.97348466e+00  -5.05282473e+00 
 -2.49256935e+00   1.47819382e+00  -4.06042103e+00 
 -4.48049181e+00   9.62749806e-01  -6.78520502e+00 
 -1.90360976e+00   1.56316116e+00  -9.33371722e+00 
  2.67476038e-01  -1.05252206e+00  -7.65643551e+00 
 -2.64215160e+00  -3.30371151e+00  -7.47377346e+00 
 -3.37639798e+00  -3.19219504e+00  -1.11326059e+01 
  2.88250458e-01  -3.75997451e+00  -1.18386244e+01 
  1.83931348e-01  -6.82570316e+00  -9.57693731e+00 
 -2.99854086e+00  -8.09361430e+00  -1.12992448e+01 
 -1.02374250e+00  -7.99124372e+00  -1.45920223e+01 
 -6.66975732e+00  -1.06635482e+01  -4.55345125e+00 
 -2.03250507e+00  -1.03345442e+01  -3.94507797e+00 
 -2.45327629e+00  -1.05618254e+01  -5.56195132e-02 
  2.17972442e+00  -8.87772096e+00   2.01826086e-01 
  2.86729358e+00  -1.06445779e+01   3.47203955e+00 
  6.76722541e+00  -7.35216731e+00   1.91576913e+00 
  5.37375238e+00  -6.92720585e+00   5.45819798e+00 
  5.02801712e+00  -2.72458370e+00   4.42301888e+00 
  7.45052418e+00  -2.19984245e+00   1.56882639e+00 
  6.10649600e+00  -9.70900839e-02  -1.21679888e+00 
  7.53098731e+00   1.19292343e+00  -4.65864083e+00 
  9.50429180e+00  -1.90547468e+00  -5.49310376e+00 
  1.09411678e+01  -1.95936925e+00  -2.00074387e+00 
  1.22493237e+01   1.63212047e+00  -1.99920398e+00 
  9.80187357e+00   2.82224071e+00   6.26600346e-01 
  8.39685863e+00   1.41013470e+00   3.84920365e+00 
  5.00338152e+00   2.54381293e+00   5.03967466e+00 
  1.68802285e+00   5.45703525e-02   1.00993511e+01 
  8.06834679e-01   5.48852531e+00   9.76242291e+00 
 -1.71977176e+00   3.44060638e+00   7.82185737e+00 
 -3.60784336e+00   2.85100225e+00   1.10611589e+01 
 -3.63606486e+00   6.63437976e+00   1.16340756e+01 
 -5.71035886e+00   7.31326728e+00   8.52512957e+00 
 -9.29887618e+00   8.48923812e+00   9.03567167e+00 
 -9.34166976e+00   4.25740337e+00   5.28195293e+00 
 -7.33094436e+00   3.42425252e+00   8.37021013e+00 
 -7.79746576e+00  -1.17797917e+00   5.19723488e+00 
 -4.21592152e+00  -2.45265061e+00   6.00372332e+00 
 -4.44417349e+00  -3.66982743e+00   9.40453788e+00 
 -6.19997526e+00  -7.12063816e+00   8.82626962e+00 
 -3.44906946e+00  -7.81444582e+00   6.23972133e+00 
 -6.96786462e-01  -7.05572124e+00   8.77811015e+00 
 -2.51443943e+00  -9.30446438e+00   1.12086362e+01 
 -2.60435445e+00  -1.21055657e+01   8.58830603e+00 
  9.74751853e-01  -1.14334796e+01   7.43477845e+00 
 -9.37209627e+00  -1.08417983e+01   4.29087759e+00 
 -1.08393582e+01  -1.03268317e+01   8.00880250e-01 
 -1.15984885e+01  -5.45006130e+00   1.96258069e+00 
 -1.47199591e+01  -5.74555861e+00  -2.90376004e-01 
 -1.48591337e+01  -7.72919453e-01  -7.08802337e-01 
 -1.64378253e+01   3.86388967e+00   1.25655196e-01 
 -1.69006425e+01   8.39913308e+00  -1.67420945e-01 
 -1.26898487e+01   9.21931033e+00  -6.12860359e+00 

   3.431262082643e+01 

  1.23848831e+00   2.32967755e+00   2.04520941e+00 
  4.01064786e-01   3.37960967e+00   2.15786174e+00 
  9.43704008e-01   4.58144222e+00   1.85251947e+00 
  2.31575878e+00   4.61126282e+00   1.64346583e+00 
  3.12260593e+00   3.62319483e+00   2.20732079e+00 
  2.43418057e+00   2.54014038e+00   2.62592223e+00 
 -5.42414737e-01   3.60843841e-01   1.30463855e+00 
  2.28377715e-01  -5.77693580e-01   1.85432882e+00 
  1.50132077e+00  -3.22165472e-02   1.70845357e+00 
  1.37734158e+00   1.16899945e+00   1.15088723e+00 
  1.02150550e+00   1.11536323e+00  -1.31369885e-01 
 -3.42797480e-01   8.98022288e-01  -2.07041710e-02 
 -3.33222084e+00  -1.41817984e+00  -1.45431925e+00 
 -3.65736173e+00  -1.82660391e+00  -2.57658788e-01 
 -2.95388556e+00  -1.47001229e+00   8.00929114e-01 
 -2.33110698e+00  -3.93167040e-01   6.84926889e-01 
 -2.35729307e+00   3.30739938e-01  -4.37823642e-01 
 -2.71914900e+00  -2.48351273e-01  -1.54000102e+00 
 -2.13134309e+00  -5.33281209e+00  -1.82413518e+00 
 -1.03782836e+00  -5.23739263e+00  -2.50776684e+00 
 -1.74852659e+00  -5.36135360e+00  -4.60249218e-01 
 -1.46825055e+00  -4.08266824e+00  -2.87072278e-01 
 -7.73524842e-01  -3.22290006e+00  -1.14864175e+00 
  7.21276249e-01  -3.09405009e+00   6.24465434e-01 
 -1.33774063e-01  -4.07420189e+00   1.32221458e+00 
 -2.18264058e-02  -2.33842539e+00  -3.58353475e-01 
 -1.47625851e+00  -3.57302366e+00   9.61848648e-01 
 -2.60507473e+00  -8.48216581e+00   1.66313161e+00 
 -2.22211607e+00  -7.03430685e+00   1.61064068e+00 
 -1.07858363e+00  -7.02943498e+00   2.60016707e+00 
 -3.27243311e+00  -6.41600002e+00   2.45784443e+00 
 -2.84895231e-01  -4.06047169e+00  -2.20271264e+00 
  3.43820487e-01  -1.50959713e+00  -1.50551493e+00 
 -9.33700976e-01  -1.23337221e+00  -2.22932349e+00 
 -1.84827143e+00  -2.20112139e+00  -2.79985775e+00 
 -5.00492404e+00  -2.47418850e+00  -3.52289231e-01 
 -4.45406426e+00  -3.68124063e+00  -1.11549397e+00 
 -4.24714085e+00  -4.14517329e+00   3.25866716e-01 
 -1.86912154e+00   4.07458330e-01   1.78771444e+00 
 -3.81172089e+00  -8.83267622e+00   1.94010820e+00 
 -2.17337981e+00  -6.33858802e+00   4.75532299e-01 
 -3.06094875e+00  -2.47796809e+00  -2.28903604e+00 
 -2.18764224e+00   1.57182461e+00   1.84522506e+00 
 -1.88455081e+00  -9.43534807e+00   2.46749482e+00 
 -1.47585782e+01   5.34553899e+00  -6.82962738e-02 
 -1.21941707e+01   7.65371175e+00  -6.01732378e+00 
  4.47869215e+00   9.19089678e+00  -3.26774275e+00 
  7.49331530e+00   8.82476360e+00   1.01216221e+00 
  3.85504316e+00   1.17149247e+01   3.28531000e+00 
  4.62229843e+00   9.37082938e+00   6.26716043e+00 
  9.69397415e+00  -2.27787398e+00   1.49679577e+00 
  8.81358738e+00  -3.73457006e+00   4.93177036e+00 
  7.19737024e+00  -5.00430678e-01   6.19903409e+00 
  5.08838127e+00  -5.43064995e-01   3.09215696e+00 
  4.05694858e+00  -4.09224037e+00   3.44172714e+00 
  3.27764712e+00  -3.57240477e+00   7.15126937e+00 
  1.20754883e+00  -5.72423577e-01   6.32370904e+00 
 -8.84798324e-01  -2.41310524e+00   3.90406290e+00 
 -1.81771048e+00  -4.68031884e+00   6.27712694e+00 
 -3.49522639e+00  -2.30592927e+00   8.52315440e+00 
 -5.62610698e+00  -1.15758668e+00   5.60614541e+00 
 -6.24710457e+00  -4.67736474e+00   4.71584728e+00 
 -7.58560540e+00  -5.63467398e+00   8.06702938e+00 
 -9.74986052e+00  -2.54183944e+00   8.03511821e+00 
 -1.11114821e+01  -3.60687173e+00   4.63860204e+00 
 -1.17298482e+01  -7.17144330e+00   5.90883696e+00 
 -1.39258245e+01  -5.60727047e+00   8.64440972e+00 
 -9.26172600e+00  -1.09319607e+01  -8.25708991e-01 
 -1.04621292e+01  -6.48570799e+00  -1.70434385e+00 
 -8.67369558e+00  -6.61490918e+00  -5.18879613e+00 
 -8.95103527e+00  -1.68675158e+00  -5.13194411e+00 
 -9.10134615e+00  -1.43827822e+00  -8.90080940e+00 
 -8.65974926e+00   3.26816971e+00  -6.42581718e+00 
 -6.14423066e+00   2.46203170e+00  -9.19950810e+00 
 -3.13143294e+00   3.65529826e+00  -6.30948962e+00 
 -4.95370129e+00   5.83155534e+00  -3.81280937e+00 
 -4.06136531e+00   5.15018538e+00  -2.45302830e-01 
 -5.16860706e+00   6.64801040e+00   3.22892532e+00 
 -8.78158204e+00   7.20777158e+00   2.32145383e+00 
 -7.73924503e+00   8.81879865e+00  -9.31606475e-01 
 -5.35596262e+00   1.13926750e+01   5.86694578e-01 
 -2.25775827e+00   9.82735484e+00  -9.13990563e-01 
 -1.35767762e+00   8.28144049e+00  -4.25364338e+00 
  1.38320395e+00   5.69699398e+00  -4.41566015e+00 
  2.99641433e+00   2.14523978e+00  -9.66653123e+00 
  7.52211841e+00   3.37749399e+00  -6.76519738e+00 
  5.93048965e+00   9.95138168e-02  -5.73314689e+00 
  7.67883368e+00  -1.57565376e+00  -8.65597875e+00 
  1.09854669e+01  -1.07609412e-01  -7.40938365e+00 
  1.08623228e+01  -2.03272041e+00  -4.13707670e+00 
  1.33938327e+01  -4.84073361e+00  -3.66015783e+00 
  8.27310242e+00  -6.82710126e+00  -2.30596867e+00 
  8.28710456e+00  -5.02113982e+00  -5.62452197e+00 
  3.30004765e+00  -7.48716479e+00  -4.90753047e+00 
  1.30568981e+00  -4.60645185e+00  -6.58880508e+00 
  2.00139176e+00  -4.97944520e+00  -1.01209548e+01 
 -3.69263929e-01  -7.96255772e+00  -1.10187458e+01 
 -3.16620688e+00  -5.92527298e+00  -9.35571018e+00 
 -2.41328981e+00  -2.87844229e+00  -1.15338002e+01 
 -2.39656037e+00  -5.19331929e+00  -1.45186530e+01 
 -5.82602651e+00  -6.57671961e+00  -1.34962534e+01 
 -7.17381576e+00  -3.12930626e+00  -1.25522178e+01 
 -4.26610349e+00  -1.27027108e+01  -8.40638560e+00 
 -4.92672852e+00  -1.41656355e+01  -4.93914930e+00 
 -1.95082837e-01  -1.29008673e+01  -3.62767359e+00 
 -3.04979165e-01  -1.60854045e+01  -1.44749637e+00 
  3.53380065e+00  -1.43536148e+01   1.23333517e+00 
  8.22978536e+00  -1.39634996e+01   2.80947550e+00 
  1.18987358e+01  -1.26852846e+01   5.21229300e+00 
  8.19188573e+00  -9.02623197e+00   1.03900663e+01 

   3.431261999433e+01 

  4.63946939e+00  -2.46152897e+00  -4.70653278e+00 
  4.70071551e+00  -1.80810531e+00  -5.88365633e+00 
  4.75183786e+00  -2.60225998e+00  -6.97854739e+00 
  4.91784494e+00  -3.96227845e+00  -6.75540469e+00 
  5.50190627e+00  -4.40170764e+00  -5.56754654e+00 
  5.54005703e+00  -3.45641462e+00  -4.60464259e+00 
  3.14206417e+00  -6.76931951e-01  -3.23355443e+00 
  3.71145646e+00  -1.09438187e+00  -2.10279872e+00 
  3.99713320e+00  -2.42580023e+00  -2.39418266e+00 
  3.63347180e+00  -2.66345829e+00  -3.65132816e+00 
  2.31223648e+00  -2.68903234e+00  -3.81678686e+00 
  2.02354011e+00  -1.33438236e+00  -3.86720909e+00 
 -5.07040097e-01   1.44747492e+00  -2.37874350e+00 
  4.77730245e-01   2.16524350e+00  -1.91016251e+00 
  1.72761039e+00   1.74897786e+00  -1.99485263e+00 
  1.95897282e+00   9.54093999e-01  -2.93054701e+00 
  1.00466863e+00   5.38089261e-01  -3.76811620e+00 
 -2.33972882e-01   6.55491237e-01  -3.40338087e+00 
 -1.19263971e+00   8.38413657e-01   1.62907445e+00 
 -1.54008440e+00  -4.06212936e-01   1.67806040e+00 
  1.99625037e-01   8.75011751e-01   1.88946924e+00 
  6.49661566e-01   4.54247055e-01   7.21561713e-01 
  1.55148563e-01  -5.88502644e-01  -7.35740659e-02 
  2.25406079e+00  -1.50882752e+00   3.03875013e-01 
  2.53083336e+00  -3.42609803e-01   1.16528688e+00 
  1.25010290e+00  -1.21270879e+00  -6.92746576e-01 
  1.91934826e+00   7.39788751e-01   3.66648359e-01 
  1.47643821e+00   2.79885229e+00   4.99597561e+00 
  1.76690123e+00   2.18891891e+00   3.65832852e+00 
  3.00822149e+00   1.39411102e+00   3.99646580e+00 
  2.39946955e+00   3.32489316e+00   2.94235887e+00 
 -8.57652543e-01  -1.21862028e+00   7.19206649e-01 
  3.92638528e-01  -2.02211419e+00  -1.55663309e+00 
 -5.84658934e-01  -1.06962133e+00  -2.16473211e+00 
 -1.52709152e+00  -2.14820299e-01  -1.47218067e+00 
 -7.28057022e-02   3.51426319e+00  -1.56187968e+00 
 -8.54082087e-01   2.96883169e+00  -3.63931444e-01 
  4.93496218e-01   3.26392899e+00   2.93680999e-01 
  3.26116589e+00   7.07041003e-01  -3.49076895e+00 
  1.36524877e+00   4.07412397e+00   5.12603751e+00 
  8.15915452e-01   1.70340936e+00   2.86165517e+00 
 -1.40511704e+00   1.12167687e+00  -1.38838315e+00 
  3.42520772e+00   8.36426038e-01  -4.68107600e+00 
  2.27211213e+00   2.50452126e+00   6.15999958e+00 
 -1.06396089e+00   1.15414129e+01  -1.10983617e+01 
 -5.66470878e+00   7.03323741e+00  -1.35076051e+01 
  1.57517627e+00  -8.15816985e+00  -1.13369309e+01 
  6.37368149e+00  -9.71016717e+00  -9.88593897e+00 
  8.05988714e+00  -6.08655511e+00  -1.31697508e+01 
  1.07072912e+01  -5.57288243e+00  -1.03944446e+01 
  5.57108922e+00  -9.85762092e+00   1.41364306e+00 
  8.36437589e+00  -7.80122214e+00   3.04608462e+00 
  9.68153378e+00  -6.43169093e+00  -2.80663441e-01 
  6.16785528e+00  -5.33024792e+00  -1.01797103e+00 
  5.64149237e+00  -3.68375792e+00   2.26756079e+00 
  9.04995332e+00  -1.96221562e+00   2.02871791e+00 
  8.21781163e+00  -7.30619976e-01  -1.40065560e+00 
  5.06377395e+00   8.43132394e-01  -3.06883833e-01 
  6.69941877e+00   2.77354061e+00   1.98227921e+00 
  8.78842418e+00   4.62178864e+00  -4.08659129e-01 
  5.64695497e+00   5.60662699e+00  -2.28734890e+00 
  4.05437761e+00   6.50342872e+00   9.10578389e-01 
  6.73068009e+00   8.88755599e+00   1.95543977e+00 
  6.64558960e+00   1.04224652e+01  -1.49236561e+00 
  2.88307740e+00   1.08998059e+01  -1.11779218e+00 
  3.33769889e+00   1.24244159e+01   2.37087364e+00 
  5.62190536e+00   1.50338335e+01   7.19924461e-01 
 -3.04093966e+00   8.75893327e+00   5.75680344e+00 
 -3.45397407e+00   8.92174027e+00   1.08934922e+00 
 -6.31911724e+00   6.24966990e+00   1.17680566e+00 
 -5.52090690e+00   5.73337654e+00  -3.66708005e+00 
 -9.10210742e+00   4.74826216e+00  -4.36936142e+00 
 -5.85331976e+00   4.28652353e+00  -8.57687541e+00 
 -7.96434923e+00   1.24230697e+00  -7.60353468e+00 
 -4.22919330e+00  -9.60222287e-01  -7.82872128e+00 
 -1.97268183e+00   1.12892806e+00  -1.00273191e+01 
  1.53986680e+00   1.42540290e+00  -8.77767938e+00 
  4.80073100e+00   3.23092896e+00  -1.00608500e+01 
  3.08359460e+00   6.28905602e+00  -1.14354719e+01 
  5.31267929e-01   4.10739880e+00  -1.31647029e+01 
  3.02611890e+00   1.88088071e+00  -1.50162988e+01 
  2.15225136e+00  -1.22379110e+00  -1.30418088e+01 
 -1.04295840e+00  -2.78723650e+00  -1.17381301e+01 
 -9.06724207e-01  -5.00428382e+00  -8.69111127e+00 
 -6.06444122e+00  -7.46866941e+00  -5.51082992e+00 
 -1.91542001e+00  -1.11021461e+01  -5.46846806e+00 
 -1.89490365e+00  -8.77381751e+00  -2.48148936e+00 
 -4.49286907e+00  -1.09968537e+01  -8.33918595e-01 
 -2.19752766e+00  -1.39949380e+01  -1.45501029e+00 
  5.62024331e-01  -1.26246564e+01   7.66784766e-01 
  1.21372413e+00  -1.44237877e+01   4.06212813e+00 
  8.29319786e-01  -8.87986384e+00   5.11974059e+00 
 -2.02254732e+00  -1.01412582e+01   2.98663463e+00 
 -3.05715674e+00  -4.82994286e+00   4.46500157e+00 
 -4.70086481e+00  -3.89684536e+00   1.06940411e+00 
 -7.93824084e+00  -5.51199601e+00   1.16886885e+00 
 -9.90771207e+00  -3.05245094e+00   3.49197411e+00 
 -8.72230813e+00  -2.61425895e-01   1.13743400e+00 
 -1.00905664e+01  -2.09139312e+00  -1.92414934e+00 
 -1.33075098e+01  -2.59482966e+00  -9.44978941e-03 
 -1.34639478e+01   1.15993923e+00   7.63629382e-01 
 -1.23484069e+01   2.14851590e+00  -2.75357578e+00 
 -9.23152976e+00   2.14309650e+00   7.61842891e+00 
 -6.35097759e+00   4.00239014e+00   9.30476178e+00 
 -3.65403539e+00  -2.89212761e-01   9.17537454e+00 
 -2.13803781e+00   9.56634882e-01   1.25004635e+01 
  1.70404180e+00  -2.17262521e+00   1.18935389e+01 
  4.49826082e+00  -6.21327447e+00   1.26381157e+01 
  7.95633601e+00  -9.18930693e+00   1.24065475e+01 
  1.25134113e+01  -4.78725285e+00   8.69256019e+00 

   3.431261979477e+01 

