  1.98976924e+00  -9.31780337e-01   1.52003016e+00 
  7.35579925e-01  -8.34121289e-01   2.12192560e+00 
  2.72895927e+00   3.08957349e-02   1.68165982e+00 
  2.04704979e-01   5.30031145e-01   1.91778449e+00 
  2.38260429e+00  -5.08943795e+00   7.06587189e-01 
  1.89354153e+00  -5.15784678e+00   2.01664424e+00 
  4.98200359e-04   7.15617287e-01   5.28803930e-01 
  2.09851690e+00  -6.05408422e+00   6.45874084e-02 
  7.89756571e-01   1.58509675e+00  -2.30267944e-01 
  1.27760214e+00   2.62235509e+00   4.53234407e-01 
  1.39652002e+00   2.57713652e+00   1.78895951e+00 
  1.05096785e+00   1.44392346e+00   2.45629042e+00 
  2.19456112e+00  -1.67584590e+00   2.94783735e-01 
  1.63487578e+00  -1.49134149e+00  -9.75695494e-01 
  1.68655230e+00  -2.57880643e+00  -1.87209252e+00 
  2.30261701e+00  -3.72227245e+00  -1.39882033e+00 
  2.24922738e+00  -3.91872593e+00  -7.52621853e-02 
  1.74300657e+00  -2.90357028e+00   6.79179964e-01 
  1.01458925e+00  -1.76905582e+01  -1.14068825e+00 
  8.01915256e+00   3.79503647e+00  -5.71798162e+00 
  6.32869880e+00   5.13143790e+00  -2.57853810e+00 
  9.49485548e+00   4.66202784e+00  -4.71227942e-01 
  9.90758728e+00   1.16728517e+00  -1.94964140e+00 
  6.51663621e+00   2.19874159e-01  -1.03188425e+00 
  7.21016054e+00   1.02399949e+00   2.66584279e+00 
  9.99951491e+00  -1.45160337e+00   3.08196312e+00 
  7.86059831e+00  -4.27124179e+00   1.85172284e+00 
  4.91137475e+00  -2.96368440e+00   3.97810256e+00 
  6.84003467e+00  -3.14843563e+00   7.15809034e+00 
  8.09204988e+00  -6.64106255e+00   6.23110425e+00 
  4.46295139e+00  -7.72885283e+00   5.75750239e+00 
  3.43403714e+00  -6.11221983e+00   9.04483497e+00 
  6.03436467e+00  -8.45693273e+00   1.06583808e+01 
  4.55013611e+00  -1.14722298e+01   8.78333587e+00 
 -2.89851032e+00  -1.42081019e+00   1.44541361e+01 
 -2.80923946e+00  -4.92515446e+00   9.66844701e+00 
 -3.42693776e+00  -2.87750231e+00   6.51534031e+00 
 -6.80358324e+00  -4.50629488e+00   5.92634017e+00 
 -2.04760873e+00  -6.34816723e+00   3.62458655e+00 
 -4.74997779e+00  -5.26615937e+00   1.01684827e+00 
 -6.52308378e+00  -8.60363492e+00   1.23459822e+00 
 -3.37631770e+00  -1.05769691e+01   5.04900257e-01 
 -2.09425866e+00  -8.09609103e+00  -2.07888512e+00 
 -5.17997458e+00  -8.94100583e+00  -4.16387041e+00 
 -3.58167913e+00  -1.24491441e+01  -4.34323016e+00 
 -6.97921256e-01  -1.08973255e+01  -6.32857815e+00 
  6.54437607e+00  -7.21799677e+00  -6.70671886e+00 
  9.73306404e+00  -8.35344597e+00  -4.95465679e+00 
  7.03372487e+00  -1.23337197e+01  -7.43904566e+00 
  1.02884618e+00   3.27992583e+00  -1.13781444e+01 
 -1.94114280e+00   5.25946027e+00  -1.26670437e+01 
  2.24483380e+00   8.71588465e+00  -1.14660405e+01 
  8.11102677e-01   9.24660931e+00  -5.89548892e+00 
 -1.06675163e+00   7.94975235e+00  -8.92272087e+00 
 -4.27040330e+00   7.56220962e+00  -6.85846639e+00 
 -2.79216652e+00   5.20283637e+00  -4.32922371e+00 
 -3.03739121e+00   1.79039425e+00  -6.00214268e+00 
 -6.10786002e+00   2.10165165e+00  -8.18933581e+00 
 -8.71100170e+00   1.47362953e+00  -5.38037480e+00 
 -6.72576659e+00  -1.67916360e+00  -4.44097322e+00 
 -6.87460143e+00  -2.96262311e+00  -8.03715061e+00 
 -1.10941742e+01  -4.16133532e+00  -4.89930136e+00 
 -8.80398454e+00  -6.98900552e+00  -6.03551344e+00 
 -1.20311861e+01  -4.89404494e-01   5.84970156e+00 
 -9.80706792e+00   1.08317405e+00   1.15813183e+00 
 -7.75339115e+00   1.79483607e+00   4.32141236e+00 
 -5.22151266e+00   5.28623465e+00   1.74428587e+00 
 -4.92985442e+00   7.17082369e+00   5.10592347e+00 
 -1.08948192e+00   9.91473463e+00   3.39785412e+00 
  1.42690496e+00   1.37983159e+01   1.57528557e+00 
  2.27977250e+00   1.46548767e+01   5.20134880e+00 
  9.16640772e+00   1.05899323e+01   5.55852694e+00 
  7.28942321e+00   7.49064090e+00   6.57462787e+00 
  9.03006380e+00   4.42918494e+00   8.07627145e+00 
  4.21191954e+00   2.76347171e+00   9.73474236e+00 
 -1.01125426e+00   5.37575541e+00   1.16110277e+01 

   8.114693663659e+00 

 -7.07355742e-01   9.71169036e-01   7.85120436e-01 
  1.82884686e-01   2.46446844e-01  -6.73521303e-03 
 -9.78775544e-01   2.09465549e+00   3.80923584e-01 
 -1.65476110e-01   4.40520467e-01  -1.42990161e+00 
 -6.44060595e-01  -1.09704574e+00   4.50274528e+00 
  7.30999335e-01  -1.04995839e+00   4.24370287e+00 
 -1.44692360e+00  -1.22095125e-01  -1.64623345e+00 
 -9.47800092e-01  -2.03414738e+00   5.17580045e+00 
 -2.57104814e+00   6.65961538e-01  -1.91155543e+00 
 -2.30176855e+00   1.81481399e+00  -2.53501380e+00 
 -1.07773073e+00   2.36172614e+00  -2.48078111e+00 
 -1.03985038e-01   1.75813229e+00  -1.74836525e+00 
 -1.74160812e+00   3.22329302e-01   1.56363390e+00 
 -2.81287206e+00  -4.78717278e-01   1.14872405e+00 
 -3.42030849e+00  -1.30357238e+00   2.11794171e+00 
 -2.89404212e+00  -1.22377638e+00   3.39375919e+00 
 -1.59934286e+00  -8.92830349e-01   3.48028358e+00 
 -9.81254717e-01  -5.13046561e-01   2.32715670e+00 
  8.39836535e-01  -9.16134226e+00   1.43433076e+01 
 -1.02092847e+01   5.51641806e+00   4.10400086e-01 
 -7.10582337e+00   5.97433381e+00  -1.74795812e+00 
 -5.91731225e+00   8.98422479e+00   3.04772296e-01 
 -6.62899039e+00   7.02756694e+00   3.50388183e+00 
 -4.61257989e+00   4.20701773e+00   2.40070012e+00 
 -1.53428680e+00   6.47496975e+00   1.97484789e+00 
 -1.36951957e+00   7.57783488e+00   5.55796291e+00 
 -1.28830316e+00   4.03813049e+00   6.78388034e+00 
  1.22736260e+00   3.12873938e+00   3.99578337e+00 
  3.69911812e+00   5.68877278e+00   5.09250432e+00 
  3.26739523e+00   4.59097333e+00   8.73032649e+00 
  4.08276886e+00   1.01647584e+00   7.66444542e+00 
  7.07670376e+00   2.18907506e+00   5.62970998e+00 
  8.38285682e+00   3.63540973e+00   8.95611216e+00 
  7.72311758e+00   2.83549906e-01   1.07282398e+01 
  1.28433224e+01   1.48304757e+00  -1.96097247e+00 
  9.13632249e+00  -1.91181599e+00   1.18930090e+00 
  5.90565718e+00  -2.49381569e+00  -7.44771413e-01 
  6.66413217e+00  -6.18220318e+00  -1.21607879e+00 
  3.59998662e+00  -4.18004109e+00   3.01622766e+00 
  1.67733815e+00  -6.69518296e+00   7.24669693e-01 
  3.12444037e+00  -9.69070904e+00   2.53098251e+00 
  2.00694833e+00  -8.46229987e+00   5.93257331e+00 
 -1.31990832e+00  -7.12698328e+00   4.65848308e+00 
 -2.21524059e+00  -1.07255619e+01   3.74677358e+00 
 -2.04218546e+00  -1.12918921e+01   7.56031395e+00 
 -5.04925836e+00  -8.94787686e+00   7.91930471e+00 
 -8.25026972e+00  -1.52851398e+00   8.83478214e+00 
 -7.25032685e+00   1.03805115e+00   1.14690838e+01 
 -7.92317295e+00  -3.97298605e+00   1.34025041e+01 
 -1.34260115e+01  -2.26705474e+00  -2.78914233e+00 
 -1.42439318e+01  -4.07238622e+00  -6.02525615e+00 
 -1.50670079e+01   1.38959331e+00  -6.65851208e+00 
 -9.58473558e+00   2.51148796e+00  -8.09179543e+00 
 -1.15957337e+01  -6.98125918e-01  -7.92882986e+00 
 -8.68679774e+00  -2.68140180e+00  -9.43862741e+00 
 -6.20902000e+00  -1.80021295e+00  -6.74919825e+00 
 -6.93699464e+00  -4.30325899e+00  -3.97279018e+00 
 -8.19134268e+00  -7.34564723e+00  -5.83800411e+00 
 -4.70088761e+00  -8.71115398e+00  -6.84456907e+00 
 -3.67108783e+00  -8.39547351e+00  -3.15625034e+00 
 -6.69918264e+00  -1.04387641e+01  -2.03484128e+00 
 -2.32220898e+00  -1.32472966e+01  -3.46387451e+00 
 -3.38837976e+00  -1.32677030e+01   1.95973508e-01 
  7.15156603e+00  -8.31124057e+00  -7.43689549e+00 
  1.79741963e+00  -7.44088332e+00  -7.35851372e+00 
  4.01759875e+00  -4.33813240e+00  -6.94123234e+00 
  1.21239382e-01  -1.50819732e+00  -8.37361058e+00 
  2.75562352e+00   8.65920902e-01  -9.91011960e+00 
 -5.27126563e-01   4.66114260e+00  -1.00318486e+01 
 -3.80266341e+00   7.94468582e+00  -1.18277945e+01 
 -8.47539563e-01   1.03389697e+01  -1.22073940e+01 
 -1.52562350e+00   1.38510287e+01  -5.04618980e+00 
  6.42460641e-01   1.11777585e+01  -3.52494164e+00 
  2.24502452e+00   1.15469350e+01  -6.76521934e-02 
  5.51270539e+00   7.50508489e+00  -1.38119397e+00 
  8.13729167e+00   5.37008925e+00  -6.49776857e+00 

   8.114693608244e+00 

 -1.56815191e+00  -1.94125209e+00  -7.32707872e-01 
 -2.28426616e+00  -2.07440227e+00   4.56508927e-01 
 -2.20949328e+00  -2.12927775e+00  -1.75866747e+00 
 -3.60684605e+00  -1.43342977e+00   3.00435890e-01 
  2.49175881e+00  -2.17438087e+00   5.18304295e-01 
  1.96397018e+00  -3.24217406e+00   1.25408119e+00 
 -3.39943159e+00  -4.57995482e-02   1.08329194e-01 
  3.44681700e+00  -1.68893813e+00   1.04330850e+00 
 -3.64800830e+00   5.81782791e-01  -1.11618506e+00 
 -4.60908929e+00   7.59086569e-03  -1.84261515e+00 
 -4.95304064e+00  -1.27440308e+00  -1.64637113e+00 
 -4.28778780e+00  -2.01421547e+00  -7.19518806e-01 
 -4.50801844e-01  -1.02836599e+00  -8.54866614e-01 
 -4.04489652e-01   3.63718006e-01  -7.08615029e-01 
  8.57185414e-01   9.50999296e-01  -4.80526392e-01 
  1.92942381e+00   7.95576926e-02  -4.36613347e-01 
  1.66245714e+00  -1.16713638e+00  -2.70522305e-02 
  3.50793101e-01  -1.49215123e+00   1.45786178e-01 
  1.37052467e+01  -2.63055294e+00   6.69253199e+00 
 -1.32097207e+00   3.78791211e+00  -9.57589432e+00 
 -4.08908863e+00   1.70543503e+00  -7.99460092e+00 
 -3.23974781e+00  -1.35610992e+00  -1.01373251e+01 
  4.54670303e-01  -8.44179987e-01  -9.32584495e+00 
 -1.88042494e-01  -7.98889871e-01  -5.74488307e+00 
 -1.83158230e+00  -4.27304382e+00  -5.91772889e+00 
  1.19229571e+00  -6.06492005e+00  -7.23207817e+00 
  3.32092268e+00  -4.82329462e+00  -4.40961630e+00 
  4.60816730e-01  -5.57114311e+00  -1.92173209e+00 
  2.85206097e-01  -9.16776408e+00  -2.87021599e+00 
  4.09554645e+00  -9.43461034e+00  -2.68207445e+00 
  3.93631506e+00  -8.05590828e+00   8.74861735e-01 
  1.10542040e+00  -1.04296903e+01   1.78589283e+00 
  3.56664149e+00  -1.32404721e+01   8.34700153e-01 
  6.30181174e+00  -1.16536419e+01   3.02820643e+00 
 -6.96433257e+00  -1.24259286e+01   6.50446721e+00 
 -2.32142954e+00  -8.75547470e+00   6.90744258e+00 
 -3.33762824e+00  -5.21997124e+00   5.91541779e+00 
 -2.89517105e+00  -3.92745186e+00   9.45593223e+00 
  1.12316280e+00  -3.70824288e+00   5.56813085e+00 
  5.54922595e-02  -2.06654891e-01   6.93660249e+00 
  2.30720364e+00  -5.27735511e-01   9.96261472e+00 
  5.37828576e+00  -1.27169913e+00   7.87849137e+00 
  4.46310173e+00   1.21689257e+00   5.15017669e+00 
  4.79290437e+00   3.96047955e+00   7.78580987e+00 
  8.49989927e+00   2.88824213e+00   7.83338901e+00 
  8.77267105e+00   4.11738623e+00   4.21668205e+00 
  8.18251780e+00   2.90060736e+00  -3.80221357e+00 
  9.73973169e+00   2.25782126e-02  -5.75636825e+00 
  1.30944890e+01   2.36356625e+00  -2.21141285e+00 
 -1.50822528e+00   1.11579842e+01  -4.39768766e+00 
 -3.88022512e+00   1.37120592e+01  -2.89736569e+00 
 -5.84510044e+00   1.19714870e+01  -7.79852484e+00 
 -8.58765014e+00   7.39327576e+00  -5.58794539e+00 
 -7.13740067e+00   1.05263688e+01  -4.02180450e+00 
 -8.57303031e+00   9.56754510e+00  -6.02096183e-01 
 -6.78271128e+00   6.26783012e+00  -3.66417337e-01 
 -3.32885043e+00   7.18784521e+00   9.48134132e-01 
 -3.97994327e+00   1.02598201e+01   3.05706437e+00 
 -5.23089200e+00   8.37016654e+00   6.20752390e+00 
 -2.05797980e+00   6.21306478e+00   5.99925232e+00 
  1.65998428e-01   9.31939137e+00   5.91795966e+00 
 -1.25182278e+00   7.52710138e+00   1.08031792e+01 
  2.40209134e+00   7.25750935e+00   9.75063200e+00 
 -8.23752732e+00  -1.34778830e+00   1.23323044e+01 
 -7.35191449e+00   2.59863163e+00   8.71678104e+00 
 -8.26839208e+00  -8.37547648e-01   7.27347814e+00 
 -9.63924611e+00   1.45216391e+00   3.01673796e+00 
 -1.22682995e+01  -1.35909570e+00   2.66720272e+00 
 -1.27998547e+01  -4.47255084e-01  -2.24003364e+00 
 -1.47619523e+01   1.23109881e+00  -6.49085957e+00 
 -1.63731913e+01  -2.21716411e+00  -6.84134551e+00 
 -1.04978892e+01  -5.59891373e+00  -1.10983159e+01 
 -8.74658594e+00  -6.57528972e+00  -7.91385598e+00 
 -5.91868393e+00  -9.15459312e+00  -7.82715496e+00 
 -6.66318333e+00  -9.48382105e+00  -2.52838029e+00 
 -1.13881779e+01  -9.00062034e+00   1.35323508e+00 

   8.114693608147e+00 

 -9.78211644e-01   2.07816829e+00   1.95788711e+00 
 -1.44859974e+00   1.76187531e+00   6.83728705e-01 
 -5.80421402e-03   2.82149642e+00   1.99183930e+00 
 -2.98545134e-01   1.49237148e+00  -2.04620697e-01 
 -4.22385113e+00   1.03715203e+00   4.50432806e+00 
 -4.92800964e+00   1.71406884e+00   3.50130559e+00 
  3.64645488e-01   3.37944976e-01   2.77998309e-01 
 -4.89204385e+00   2.14785999e-01   5.05264652e+00 
  1.63290807e+00   3.97905642e-01   8.63660121e-01 
  2.40034006e+00   1.39171732e+00   4.11487225e-01 
  1.86052169e+00   2.47456867e+00  -1.68471126e-01 
  5.08386279e-01   2.58167999e+00  -2.64368453e-01 
 -1.09651911e+00   1.15587951e+00   3.06790539e+00 
 -5.71354576e-01  -1.32427973e-01   3.22883481e+00 
 -1.16192496e+00  -9.56562789e-01   4.20902680e+00 
 -2.20245740e+00  -3.93314581e-01   4.92392370e+00 
 -2.91453094e+00   5.47534033e-01   4.29066765e+00 
 -2.44659562e+00   9.65974741e-01   3.08157122e+00 
 -1.49545503e+01  -3.25868079e+00   1.00242386e+01 
  7.59182936e+00   1.13324186e+00   8.01988883e+00 
  7.09676441e+00   2.67092277e+00   4.57168389e+00 
  6.64855836e+00   6.19011566e+00   6.02085518e+00 
  4.25660228e+00   4.76296945e+00   8.63066309e+00 
  2.19745519e+00   3.17344651e+00   6.08669982e+00 
  1.61523388e+00   6.55037059e+00   4.33791536e+00 
 -2.72432164e-02   8.22355611e+00   7.26791406e+00 
 -2.56855678e+00   5.48765885e+00   7.57705505e+00 
 -3.00600230e+00   5.45828107e+00   3.73819722e+00 
 -3.94225170e+00   9.05975651e+00   3.60052081e+00 
 -6.33851834e+00   8.58041260e+00   6.54219283e+00 
 -8.02971870e+00   5.76073252e+00   4.60126150e+00 
 -8.16864118e+00   7.87241943e+00   1.43894234e+00 
 -1.02187180e+01   1.03578989e+01   3.55612159e+00 
 -1.25108944e+01   7.51246926e+00   4.76447331e+00 
 -7.78066523e+00   8.75407935e+00  -8.07120886e+00 
 -8.95062436e+00   4.60780409e+00  -3.99312524e+00 
 -6.04938048e+00   2.15213561e+00  -3.73038212e+00 
 -8.10811322e+00  -6.83528913e-01  -5.18717432e+00 
 -7.61473447e+00   2.63743171e-01   3.05485499e-01 
 -6.31000262e+00  -3.24517549e+00  -8.16529849e-01 
 -9.79007205e+00  -4.73357390e+00  -7.54607409e-01 
 -1.04441905e+01  -3.62544716e+00   2.80527768e+00 
 -6.90533984e+00  -4.38269558e+00   3.97893126e+00 
 -7.60515363e+00  -8.04606269e+00   3.15880675e+00 
 -1.02240460e+01  -7.74163626e+00   5.97705002e+00 
 -7.33651598e+00  -7.18549486e+00   8.43034294e+00 
 -2.10551879e+00  -2.32127539e+00   1.23171868e+01 
 -2.99465282e+00   8.34729105e-01   1.42603193e+01 
 -6.20422418e+00  -3.39427682e+00   1.53164871e+01 
  7.61243770e+00  -7.65239431e+00   6.02513956e+00 
  9.11784651e+00  -1.01826646e+01   3.63095396e+00 
  1.27511939e+01  -6.07785464e+00   4.55886001e+00 
  1.06456318e+01  -2.66043090e+00   4.04816061e-01 
  1.02270146e+01  -6.35255877e+00   1.15664313e+00 
  8.25428984e+00  -6.86248202e+00  -2.08729206e+00 
  5.54362939e+00  -4.38958854e+00  -1.25902687e+00 
  3.13476034e+00  -6.36546721e+00   9.31151636e-01 
  3.49937916e+00  -9.91063919e+00  -3.36660256e-01 
  1.17111753e+00  -9.51522710e+00  -3.41625523e+00 
 -1.48019286e+00  -8.05955043e+00  -1.04657266e+00 
 -1.22315175e+00  -1.10936458e+01   1.26213872e+00 
 -4.59494492e+00  -1.15576829e+01  -2.92158804e+00 
 -6.05849447e+00  -1.14354154e+01   5.96180789e-01 
 -5.85832523e+00  -3.38509451e+00  -1.07647141e+01 
 -2.04570128e+00  -5.29791705e+00  -7.41276580e+00 
 -2.15280012e+00  -1.48599860e+00  -7.84657430e+00 
  2.59157523e+00  -1.28862243e+00  -6.20529394e+00 
  2.99412835e+00   1.75394620e+00  -8.55433719e+00 
  7.06569724e+00   3.31511180e+00  -6.06836396e+00 
  1.18527233e+01   4.13947320e+00  -5.00017429e+00 
  1.13855720e+01   7.57065983e+00  -6.61825218e+00 
  9.40238089e+00   1.15220254e+01   5.48928519e-02 
  5.78931337e+00   1.06134877e+01  -4.75635950e-01 
  2.93349828e+00   1.23573005e+01   1.38468382e+00 
 -4.14885926e-01   1.03166995e+01  -2.27099028e+00 
 -1.78123412e-01   8.87608194e+00  -8.22872137e+00 

   8.114693608281e+00 

  3.07183405e+00  -4.79698378e-01   1.04229367e-01 
  2.54343100e+00  -4.06335967e-01  -1.18425579e+00 
  3.44730373e+00  -1.59014292e+00   4.58067058e-01 
  1.66986950e+00  -1.57551348e+00  -1.41735833e+00 
  3.92917332e+00   3.57632139e+00   1.06126918e+00 
  4.44998025e+00   3.53272026e+00  -2.37564443e-01 
  5.72862579e-01  -1.48526540e+00  -5.26361943e-01 
  3.56627929e+00   4.67046627e+00   1.36880038e+00 
  4.10707958e-01  -2.36678147e+00   5.46820393e-01 
  9.26295630e-01  -3.58078196e+00   3.43237505e-01 
  1.89059992e+00  -3.77959544e+00  -5.68306822e-01 
  2.37934917e+00  -2.72287656e+00  -1.27073737e+00 
  2.61978295e+00   3.93265567e-01   1.16740274e+00 
  1.34679752e+00   5.40470317e-01   1.73244355e+00 
  1.09053415e+00   1.72332685e+00   2.45627185e+00 
  2.14088247e+00   2.61802507e+00   2.54181362e+00 
  3.01488835e+00   2.60340948e+00   1.52733930e+00 
  2.87440015e+00   1.60950709e+00   6.06257663e-01 
  5.10668203e+00   1.63102912e+01   1.78995514e+00 
  1.40740872e+00  -5.13378238e+00   9.41312536e+00 
  1.88717840e+00  -6.57460794e+00   5.92120441e+00 
  5.63600299e+00  -7.13486370e+00   6.48523665e+00 
  5.89921983e+00  -3.61375535e+00   7.93499882e+00 
  4.33214336e+00  -2.13246529e+00   5.00438965e+00 
  7.01416369e+00  -3.65552941e+00   2.70484891e+00 
  9.92968445e+00  -1.92760205e+00   4.31611513e+00 
  8.35709947e+00   1.44244687e+00   3.85925255e+00 
  7.28993697e+00   4.60539367e-01   2.77901841e-01 
  1.07783921e+01  -2.86663425e-01  -7.89108811e-01 
  1.19970228e+01   2.96513853e+00   8.12771957e-01 
  9.39387516e+00   4.85838298e+00  -1.24081437e+00 
  1.03663732e+01   2.98345962e+00  -4.40588838e+00 
  1.38902444e+01   4.43053225e+00  -3.81328054e+00 
  1.24171887e+01   7.95545514e+00  -3.34886436e+00 
  8.12178500e+00  -1.07758355e+00  -1.27629559e+01 
  6.00887866e+00   3.05907453e+00  -9.07312452e+00 
  2.97609182e+00   1.72918582e+00  -7.18893832e+00 
  6.21698359e-01   4.10915597e+00  -8.97616826e+00 
  3.00396910e+00   5.25224668e+00  -4.04380689e+00 
 -9.02509749e-01   5.20537796e+00  -3.93902076e+00 
 -1.13623531e+00   8.76157557e+00  -5.21529596e+00 
  1.15597554e+00   1.01161690e+01  -2.52467452e+00 
 -2.69108762e-01   7.87418685e+00   1.98742886e-01 
 -3.59651912e+00   9.68044916e+00  -2.99613324e-01 
 -1.64148806e+00   1.27523419e+01   9.79095723e-01 
 -1.28991102e+00   1.09694939e+01   4.35009201e+00 
  2.64415156e+00   5.95266307e+00   9.39846580e+00 
  6.35542120e+00   6.08730242e+00   1.02558091e+01 
  3.87774078e+00   1.08984254e+01   1.03804091e+01 
 -7.11110728e+00  -2.23775283e+00   8.94971399e+00 
 -1.05902772e+01  -3.30744053e+00   7.87649782e+00 
 -7.74805461e+00  -7.71955651e+00   9.71135235e+00 
 -5.29195801e+00  -8.83360069e+00   4.60304997e+00 
 -8.25090619e+00  -6.69412098e+00   5.62263061e+00 
 -9.08877981e+00  -5.97846944e+00   1.95376280e+00 
 -5.76539458e+00  -4.42879265e+00   1.11559937e+00 
 -6.11902540e+00  -8.16143459e-01   2.26770162e+00 
 -9.80951845e+00  -1.10720083e-01   1.83046359e+00 
 -9.67196343e+00   5.88514316e-01  -1.98440312e+00 
 -6.80912547e+00   3.05412929e+00  -1.28530486e+00 
 -8.90970513e+00   4.90737577e+00   1.31373254e+00 
 -9.55803087e+00   6.44514411e+00  -3.81489608e+00 
 -7.91273168e+00   8.87044797e+00  -1.37716847e+00 
 -4.21994087e+00   1.35655258e+00  -1.25047171e+01 
 -6.10158033e+00   1.33380122e-01  -7.56570596e+00 
 -2.77337617e+00  -1.50146470e+00  -8.55601993e+00 
 -3.57272272e+00  -4.98285541e+00  -5.02291650e+00 
 -1.68267149e+00  -7.40749964e+00  -7.36515555e+00 
 -7.86712377e-01  -1.05867144e+01  -3.58562852e+00 
 -1.21129921e+00  -1.45654913e+01  -6.31770017e-01 
  1.52369890e+00  -1.61611515e+01  -2.77258806e+00 
  7.74201000e+00  -1.37588811e+01   1.65899234e+00 
  7.88952980e+00  -1.05400901e+01  -2.84916222e-01 
  1.09190715e+01  -8.20218253e+00  -1.69080957e-01 
  9.00766818e+00  -5.84711469e+00  -4.58947405e+00 
  5.81135515e+00  -7.56461382e+00  -9.53515651e+00 

   8.114693608275e+00 

  2.36551647e-02  -1.27453025e+00   1.68045320e+00 
  6.04688496e-01  -4.53209778e-02   1.99066378e+00 
  7.58445380e-01  -2.07967944e+00   1.12270436e+00 
  1.43588954e+00   3.99158065e-01   8.52258884e-01 
 -3.46333957e+00  -1.37068285e+00   4.11640779e+00 
 -2.53716339e+00  -9.11805734e-01   5.06072725e+00 
  5.78556220e-01   6.26033725e-01  -2.51802015e-01 
 -4.57418452e+00  -1.00701063e+00   4.35554482e+00 
  5.83561179e-01  -1.99342953e-01  -1.38043540e+00 
  1.76139431e+00  -7.72054852e-01  -1.63691936e+00 
  2.68302069e+00  -9.21767560e-01  -6.73325269e-01 
  2.40105148e+00  -5.19164483e-01   5.94485206e-01 
 -1.38541057e+00  -1.39832034e+00   1.37067309e+00 
 -2.13536597e+00  -8.19757881e-01   3.39041075e-01 
 -3.53571963e+00  -7.76400217e-01   4.99906330e-01 
 -4.02621581e+00  -1.32738166e+00   1.66903714e+00 
 -3.20692989e+00  -1.29503323e+00   2.72780160e+00 
 -1.92944075e+00  -8.76536541e-01   2.50677608e+00 
 -1.34225030e+01   8.74597937e-01   1.18523805e+01 
 -2.29862486e+00  -7.41624281e+00  -6.56410484e+00 
  9.92400684e-01  -5.89875523e+00  -5.39532282e+00 
  1.97937049e+00  -9.07980336e+00  -3.49992627e+00 
 -1.52836016e+00  -9.22252056e+00  -2.00167563e+00 
 -1.30579112e+00  -5.80092127e+00  -7.84490223e-01 
  1.86507761e+00  -6.64049758e+00   1.22586995e+00 
  2.72029560e-01  -9.26973574e+00   3.37795677e+00 
 -2.42602669e+00  -6.91823429e+00   4.48696987e+00 
  1.97487433e-01  -4.11732319e+00   4.93543585e+00 
  2.23238806e+00  -6.11025690e+00   7.33408918e+00 
 -9.31322333e-01  -7.10439806e+00   9.23879873e+00 
 -1.79111806e+00  -3.40036966e+00   9.58360852e+00 
  1.75760988e+00  -2.56508327e+00   1.06733838e+01 
  1.12834017e+00  -5.04505645e+00   1.35572395e+01 
 -2.21086059e+00  -3.31717559e+00   1.43787154e+01 
  9.30083654e+00   3.30286377e+00   1.08676887e+01 
  3.42895090e+00   3.56801898e+00   1.00665516e+01 
  2.61799438e+00   4.12939570e+00   6.38636636e+00 
  1.28465777e+00   7.62033998e+00   7.04753111e+00 
 -1.95089246e+00   3.05702786e+00   6.91540977e+00 
 -2.90369181e+00   5.74773688e+00   4.24595062e+00 
 -4.94228443e+00   7.73154955e+00   6.74368456e+00 
 -7.03477367e+00   4.74188664e+00   7.74966769e+00 
 -7.25873849e+00   3.36506851e+00   4.21009666e+00 
 -9.14422394e+00   6.55221331e+00   3.27754387e+00 
 -1.18033107e+01   5.19455991e+00   5.72290739e+00 
 -1.23427741e+01   2.26622044e+00   3.31467642e+00 
 -1.05347611e+01  -5.19152352e+00   6.23085420e-01 
 -1.02655437e+01  -8.34189583e+00   2.75131563e+00 
 -1.46324687e+01  -5.32253351e+00   3.80713151e+00 
 -6.27573029e+00  -2.64687684e-01  -1.03330229e+01 
 -5.64193377e+00   2.59987399e+00  -1.27399372e+01 
 -2.65599207e+00  -1.83488857e+00  -1.42659520e+01 
  1.80931371e+00  -5.82371828e-01  -1.08220437e+01 
 -1.14413758e+00   1.45396894e+00  -1.20479043e+01 
  2.78217738e-01   4.62239230e+00  -1.04314950e+01 
  3.69509114e-01   3.23921381e+00  -6.93472668e+00 
 -3.17883306e+00   3.75231032e+00  -5.65034812e+00 
 -4.33883814e+00   6.85041364e+00  -7.48465513e+00 
 -2.58596377e+00   9.41668706e+00  -5.16027772e+00 
 -4.21955483e+00   7.62092622e+00  -2.18194597e+00 
 -7.68409111e+00   7.94626527e+00  -3.76089994e+00 
 -5.98560465e+00   1.21542360e+01  -8.46107426e-01 
 -8.90645335e+00   1.00858963e+01   4.66233260e-01 
  4.34507952e+00   1.25710677e+01   3.95026347e+00 
  1.91631733e+00   1.03685464e+01  -3.71838238e-01 
  4.55140435e+00   8.19205664e+00   1.37446962e+00 
  4.95102583e+00   5.50154716e+00  -2.84966550e+00 
  8.65362667e+00   4.99998947e+00  -1.86150359e+00 
  9.07684993e+00   1.03150364e+00  -4.90567447e+00 
  1.02914165e+01  -1.68878343e+00  -8.88827230e+00 
  1.34367862e+01  -2.68891637e+00  -6.96062310e+00 
  1.04381252e+01  -9.29850508e+00  -3.58444623e+00 
  9.14514213e+00  -7.24724246e+00  -7.06656350e-01 
  7.99480312e+00  -8.81944164e+00   2.58913831e+00 
  8.34482567e+00  -3.94567674e+00   4.79449141e+00 
  1.18375050e+01   1.04357118e+00   4.06333375e+00 

   8.114693608269e+00 

 -1.33355254e+00  -9.45657443e-01  -8.69978700e-01 
 -9.98209427e-01  -9.42538215e-01  -2.22361185e+00 
 -2.51065650e+00  -7.22151246e-01  -6.17515837e-01 
 -1.68093850e+00   1.86476701e-01  -2.88966746e+00 
  1.94581410e+00  -2.94209446e+00   9.63661688e-01 
  1.73320375e+00  -3.80058551e+00  -1.21647700e-01 
 -1.16854356e+00   1.38905271e+00  -2.34496006e+00 
  3.07918564e+00  -2.95273973e+00   1.33618985e+00 
 -1.93729303e+00   2.22321560e+00  -1.52747530e+00 
 -3.24735858e+00   2.18299832e+00  -1.77884162e+00 
 -3.80143881e+00   1.13004565e+00  -2.39900929e+00 
 -3.02489855e+00   6.85475200e-02  -2.74418639e+00 
 -3.90032941e-01  -5.45403563e-01   1.52918869e-01 
  2.59821938e-01   6.79506244e-01   3.49683495e-01 
  1.41372430e+00   6.79461689e-01   1.16039797e+00 
  1.77850099e+00  -5.43872513e-01   1.69089375e+00 
  1.43307163e+00  -1.62431218e+00   9.79143869e-01 
  6.24702508e-01  -1.42068669e+00  -9.83745402e-02 
  1.29612481e+01  -8.65404855e+00   4.14254641e+00 
 -5.18182486e+00   5.35181594e+00   6.65457828e+00 
 -6.56466343e+00   4.34961649e+00   3.25119418e+00 
 -8.67298256e+00   1.52379782e+00   4.75300878e+00 
 -5.64543151e+00   4.08356903e-01   6.79237744e+00 
 -3.53774258e+00   2.20350452e-01   3.83252601e+00 
 -5.96622454e+00  -2.25460761e+00   2.16582097e+00 
 -5.68742153e+00  -4.90581182e+00   4.80694934e+00 
 -1.95455474e+00  -5.00836707e+00   4.50008733e+00 
 -2.26619218e+00  -4.88570389e+00   6.50816591e-01 
 -4.37577399e+00  -7.95088405e+00   5.07715055e-01 
 -2.00047992e+00  -9.73469677e+00   2.91630234e+00 
  8.85901190e-01  -8.90193297e+00   5.59763093e-01 
 -1.10969061e+00  -1.00527235e+01  -2.46878107e+00 
 -1.30539950e+00  -1.34537343e+01  -6.63872423e-01 
  2.49287313e+00  -1.33992564e+01  -4.67700446e-02 
 -3.54399613e+00  -9.29182467e+00  -1.16810563e+01 
  9.62921003e-01  -7.86341333e+00  -8.09797007e+00 
  9.69154779e-01  -4.11670687e+00  -7.40608119e+00 
  4.18214213e+00  -3.59934423e+00  -9.35817402e+00 
  4.03703880e+00  -4.47301820e+00  -3.83316732e+00 
  5.63779573e+00  -1.05620693e+00  -4.85136822e+00 
  9.00417999e+00  -2.65325929e+00  -5.51989689e+00 
  9.16888615e+00  -4.26817341e+00  -2.10031756e+00 
  7.64086130e+00  -1.27651572e+00  -3.14407041e-01 
  1.06981384e+01   7.24853427e-01  -1.42354266e+00 
  1.26115164e+01  -1.72959503e+00   8.58657166e-01 
  1.07272928e+01  -2.33153091e-01   3.83794119e+00 
  4.34244828e+00  -1.66628425e-02   8.86968135e+00 
  2.86909669e+00  -2.98317210e+00   1.07553500e+01 
  8.26847140e+00  -2.67391838e+00   1.09843572e+01 
  1.05018487e+00   1.14126293e+01   4.28910765e+00 
  1.58618155e+00   1.44708574e+01   2.10722875e+00 
 -3.67545651e+00   1.43369694e+01   3.89857653e+00 
 -5.53759744e+00   1.09748289e+01  -4.13812617e-01 
 -2.38805085e+00   1.30285835e+01   7.06872392e-02 
 -1.25510858e+00   1.22668201e+01  -3.50855005e+00 
 -1.22213705e+00   8.52843119e+00  -3.09350071e+00 
  2.15906950e+00   7.81088475e+00  -1.49468858e+00 
  4.36979189e+00   1.05718562e+01  -2.83568920e+00 
  5.08184146e+00   8.92844904e+00  -6.27854499e+00 
  6.08389080e+00   5.73678574e+00  -4.38830151e+00 
  8.55569249e+00   7.68142855e+00  -2.21792932e+00 
  1.04058467e+01   5.95788803e+00  -6.98177491e+00 
  1.18224834e+01   4.40181447e+00  -3.80319032e+00 
  3.85555093e+00   4.77753726e-01  -1.45292054e+01 
  3.36386184e+00   4.19575932e+00  -1.06093555e+01 
  5.14827137e-01   1.63796202e+00  -1.08759186e+01 
 -2.42897471e+00   4.83742418e+00  -8.35811687e+00 
 -5.33893421e+00   3.38003772e+00  -1.04426880e+01 
 -8.73249935e+00   5.08335728e+00  -7.15979369e+00 
 -1.22642463e+01   7.96255617e+00  -5.16650610e+00 
 -1.47865196e+01   5.52229009e+00  -6.68066781e+00 
 -1.53900697e+01   6.92259161e-01  -3.25848631e-01 
 -1.24662487e+01  -1.32172171e+00  -1.57337030e+00 
 -1.16293269e+01  -4.79913147e+00  -2.07890352e-01 
 -8.53146165e+00  -5.51904919e+00  -4.52351654e+00 
 -8.56313948e+00  -3.72599490e+00  -1.03895160e+01 

   8.114693608429e+00 

  2.27319819e+00   1.36995460e-01  -9.39834326e-01 
  1.81857634e+00   1.08818452e+00  -2.69573802e-02 
  2.33828263e+00   5.11602140e-01  -2.10374994e+00 
  6.79165011e-01   1.82125273e+00  -6.17529538e-01 
  4.12354025e+00  -2.79980451e+00   1.52059075e+00 
  4.65196484e+00  -1.64375182e+00   2.10746302e+00 
 -3.81939380e-01   9.02076453e-01  -8.03583108e-01 
  4.04760824e+00  -3.70689384e+00   2.29185197e+00 
 -7.97105399e-01   4.91238024e-01  -2.07399011e+00 
 -6.07715529e-01   1.39879042e+00  -3.03396616e+00 
  2.97748309e-01   2.37868262e+00  -2.89159661e+00 
  1.06306637e+00   2.42836588e+00  -1.76876126e+00 
  2.03249316e+00  -1.27865788e+00  -7.53446832e-01 
  8.25471894e-01  -1.98387570e+00  -6.68595560e-01 
  8.63636647e-01  -3.26888657e+00  -8.89073025e-02 
  2.10688802e+00  -3.70584925e+00   3.28733120e-01 
  2.97576118e+00  -2.75527281e+00   6.95778080e-01 
  2.60902986e+00  -1.46310044e+00   4.68250152e-01 
  8.53542183e+00  -1.03402957e+01   1.08879699e+01 
 -8.02550267e-01  -5.12480792e+00  -9.53864516e+00 
 -6.13116810e-01  -1.39500299e+00  -8.79544981e+00 
  2.84540855e+00  -1.07733682e+00  -1.04151397e+01 
  3.96969410e+00  -4.19529047e+00  -8.52208808e+00 
  2.92321244e+00  -2.80932001e+00  -5.32484222e+00 
  5.18381752e+00   2.62547160e-01  -5.82896706e+00 
  8.40025778e+00  -1.65793655e+00  -6.04902973e+00 
  7.76707459e+00  -3.35567576e+00  -2.76943569e+00 
  6.58423761e+00  -1.43230685e-03  -1.25980044e+00 
  9.78928251e+00   1.72718936e+00  -2.03806613e+00 
  1.17620147e+01  -1.24624124e+00  -6.62443700e-01 
  9.79691998e+00  -9.39452493e-01   2.59673599e+00 
  1.03404632e+01   2.82525059e+00   2.69849594e+00 
  1.41004970e+01   1.97377096e+00   2.69836731e+00 
  1.35773452e+01  -5.54314393e-01   5.55244397e+00 
  7.35944649e+00   1.16683718e+01   4.76817497e+00 
  6.28528926e+00   6.07089582e+00   6.41305110e+00 
  2.95943411e+00   4.88457123e+00   4.98200981e+00 
  1.35292358e+00   4.73276530e+00   8.41678727e+00 
  3.80888339e+00   3.43818320e-01   5.96414285e+00 
  2.20291829e-02  -2.04812912e-01   6.75943702e+00 
  7.52963900e-01  -1.16578615e+00   1.03472375e+01 
  3.24033451e+00  -3.84278463e+00   9.35968282e+00 
  1.20685731e+00  -5.00940253e+00   6.36329753e+00 
 -1.52417417e+00  -6.02197595e+00   8.83286519e+00 
  1.12217126e+00  -8.53773203e+00   1.00825033e+01 
  9.04529183e-01  -1.02695216e+01   6.67379293e+00 
  3.26122639e+00  -1.11302128e+01  -1.06162605e+00 
  6.85501221e+00  -1.14449863e+01  -2.29138568e+00 
  5.70440856e+00  -1.45357441e+01   2.00100961e+00 
 -8.26460406e+00  -7.42215355e+00  -5.04344675e+00 
 -1.18701668e+01  -6.38049768e+00  -4.48173669e+00 
 -1.03199408e+01  -5.07542275e+00  -9.65911698e+00 
 -8.09189049e+00   4.70838957e-02  -8.18807127e+00 
 -1.04240105e+01  -2.35147137e+00  -6.40469203e+00 
 -1.09436390e+01   1.58244177e-01  -3.55757166e+00 
 -7.31001321e+00   3.99541980e-01  -2.61552885e+00 
 -6.74916130e+00  -2.60209367e+00  -3.39730702e-01 
 -1.01173949e+01  -3.09740810e+00   1.30896699e+00 
 -9.69534102e+00  -3.36636321e-01   4.00360385e+00 
 -6.31295700e+00  -1.92531109e+00   4.89771100e+00 
 -7.93522074e+00  -5.35421952e+00   5.35901380e+00 
 -8.01763600e+00  -2.07970320e+00   9.64371212e+00 
 -5.87057887e+00  -5.22603991e+00   9.79316190e+00 
 -3.93398451e+00   8.55728603e+00   9.36050176e+00 
 -6.20747761e+00   4.94686273e+00   6.00988667e+00 
 -3.38906338e+00   7.08662967e+00   4.52384461e+00 
 -5.16213440e+00   6.02337102e+00  -5.51897936e-02 
 -3.89830967e+00   9.53316964e+00  -1.06580237e+00 
 -3.96333189e+00   8.31138275e+00  -5.93385981e+00 
 -5.48685576e+00   8.04760152e+00  -1.06609639e+01 
 -3.19839348e+00   1.10361658e+01  -1.13249460e+01 
  3.30140759e+00   6.83730871e+00  -1.33741864e+01 
  4.33206420e+00   6.66014521e+00  -9.75928417e+00 
  7.85890513e+00   5.64241023e+00  -8.67164408e+00 
  6.74839701e+00   7.72229209e+00  -3.85702621e+00 
  3.35818607e+00   1.23401381e+01  -1.66431926e+00 

   8.114693608303e+00 

 -3.63869238e-01  -1.36145410e+00   4.16090051e-01 
 -8.18788590e-01  -4.05557812e-01  -4.91708420e-01 
 -1.23570197e+00  -1.95954312e+00   1.03371733e+00 
 -1.92599672e+00   3.57459232e-01   1.21739913e-01 
  3.65911689e+00  -2.04392184e+00  -7.88926123e-01 
  3.03693502e+00  -2.07131867e+00  -2.04281836e+00 
 -1.40433993e+00   1.06963521e+00   1.22904445e+00 
  4.79785227e+00  -1.69401939e+00  -8.54283238e-01 
 -1.73313243e+00   7.40886048e-01   2.54771966e+00 
 -2.94402078e+00   1.98972750e-01   2.69316238e+00 
 -3.56520520e+00  -3.94855709e-01   1.66271594e+00 
 -2.93783384e+00  -4.81258207e-01   4.59437067e-01 
  9.02616243e-01  -1.22163418e+00   1.10399748e+00 
  1.34615933e+00  -2.24083885e-01   1.98126296e+00 
  2.73684529e+00  -1.10975140e-01   2.18607400e+00 
  3.52365293e+00  -1.01637855e+00   1.49889663e+00 
  3.02973391e+00  -1.46929347e+00   3.39512629e-01 
  1.74707101e+00  -1.12303025e+00   3.81033191e-02 
  1.54005452e+01  -1.97345262e+00  -5.90804808e+00 
 -5.00719197e-01  -3.63954767e+00   1.07057883e+01 
 -3.31800845e+00  -3.00665374e+00   8.22345150e+00 
 -3.78759849e+00  -6.74913161e+00   7.54591751e+00 
 -4.72013841e-03  -7.11470038e+00   7.19167313e+00 
  1.67028016e-01  -4.45473076e+00   4.71508604e+00 
 -2.33573703e+00  -6.29833389e+00   2.44833898e+00 
 -2.47349470e-01  -9.38340500e+00   1.99762004e+00 
  2.68553993e+00  -7.38522352e+00   7.95785249e-01 
  3.28765739e-01  -5.23344137e+00  -1.38240171e+00 
 -9.91565846e-01  -8.17632728e+00  -3.24312464e+00 
  2.56099980e+00  -9.51279234e+00  -3.71050115e+00 
  3.53550993e+00  -6.15632611e+00  -5.24752202e+00 
  4.38989658e-01  -6.14525699e+00  -7.45890729e+00 
  1.80584449e+00  -9.46490181e+00  -8.86408970e+00 
  5.26634472e+00  -7.86873267e+00  -9.40059723e+00 
 -6.67146780e+00  -1.54971961e+00  -1.18966157e+01 
 -1.24709838e+00  -4.35868677e-01  -9.76900663e+00 
 -1.47777462e+00   1.56211823e+00  -6.53305311e+00 
  3.62068164e-02   4.64751980e+00  -8.14233109e+00 
  3.04336766e+00   8.13603131e-01  -5.39130823e+00 
  3.25900579e+00   4.39728552e+00  -3.84713346e+00 
  5.93709090e+00   5.46426282e+00  -6.30059414e+00 
  8.18321481e+00   2.53305747e+00  -5.46899262e+00 
  7.39968346e+00   2.63906774e+00  -1.74754230e+00 
  8.99904690e+00   6.10621736e+00  -1.68826516e+00 
  1.22110754e+01   4.18079419e+00  -2.62067432e+00 
  1.20214374e+01   2.45913433e+00   7.94833705e-01 
  9.43300074e+00  -3.54426427e+00   5.63122883e+00 
  9.71792453e+00  -7.27836446e+00   4.92270742e+00 
  1.42492324e+01  -4.48545482e+00   3.93871834e+00 
  2.38060178e+00   4.75542541e+00   1.22515153e+01 
  1.14681922e+00   8.24626800e+00   1.30836485e+01 
 -2.20783120e+00   4.46421370e+00   1.53975357e+01 
 -5.52795313e+00   3.87270323e+00   1.07076356e+01 
 -2.99999168e+00   6.49639759e+00   1.17554575e+01 
 -3.87428947e+00   8.65597546e+00   8.71463394e+00 
 -3.01458850e+00   6.04160376e+00   6.15048108e+00 
  7.57535627e-01   6.36445914e+00   5.73759526e+00 
  1.40910188e+00   1.00240096e+01   6.43880260e+00 
  4.04426741e-01   1.13281430e+01   2.92441482e+00 
  2.77223056e+00   8.69804226e+00   1.42778101e+00 
  5.66914621e+00   9.93253075e+00   3.59246864e+00 
  4.90351955e+00   1.25259790e+01  -1.07397857e+00 
  8.04351188e+00   1.04045655e+01  -6.59638455e-01 
 -3.69038278e+00   1.00863980e+01  -8.15177771e+00 
 -2.58362779e+00   9.94375112e+00  -2.84279550e+00 
 -4.66372885e+00   7.02327196e+00  -4.21186916e+00 
 -6.25458983e+00   6.12272419e+00   4.67877444e-01 
 -9.54618944e+00   4.92871792e+00  -1.16827578e+00 
 -1.08516296e+01   2.40084090e+00   2.96701628e+00 
 -1.31591714e+01   1.30243522e+00   7.23374494e+00 
 -1.56626089e+01  -6.54774063e-01   5.10969693e+00 
 -1.19419439e+01  -7.73108599e+00   5.50927184e+00 
 -9.87421108e+00  -6.81875627e+00   2.50040257e+00 
 -7.87974646e+00  -9.41088261e+00   5.10341254e-01 
 -7.53637016e+00  -5.80506264e+00  -3.44185245e+00 
 -1.10232919e+01  -1.27494889e+00  -5.66568759e+00 

   8.114693608426e+00 

  3.91039577e-01  -3.61891641e+00   2.09754077e+00 
  1.35953115e+00  -4.37005179e+00   1.43223937e+00 
 -7.20155528e-01  -4.12917460e+00   2.16198667e+00 
  7.62726646e-01  -4.96376482e+00   2.17437793e-01 
  2.67077543e+00  -7.73895246e-01   4.29089088e+00 
  3.41115100e+00  -1.92784134e+00   4.57437646e+00 
  4.03892634e-01  -3.90671862e+00  -6.53941069e-01 
  3.33715822e+00   2.14891441e-01   4.33146982e+00 
 -9.29633646e-01  -3.57933455e+00  -9.17836406e-01 
 -1.77458852e+00  -4.60911888e+00  -8.36171564e-01 
 -1.46463284e+00  -5.70447074e+00  -1.25904370e-01 
 -2.88006727e-01  -5.75379927e+00   5.53820880e-01 
  4.12831735e-01  -2.17104676e+00   2.09835560e+00 
  3.33551863e-01  -1.26810266e+00   1.03073503e+00 
  7.79836270e-01   4.97802546e-02   1.26050215e+00 
  1.24333587e+00   3.16354171e-01   2.53531325e+00 
  1.77043393e+00  -7.18596821e-01   3.20186758e+00 
  1.64930765e+00  -1.94818439e+00   2.62791091e+00 
  1.15235089e+01   6.93548148e+00   9.41599992e+00 
 -8.90907034e+00   1.07075888e+00   4.85096697e-01 
 -7.77570087e+00  -2.52862371e+00  -2.44392475e-02 
 -9.08819797e+00  -3.60503044e+00   3.41130666e+00 
 -7.44478462e+00  -5.25201265e-01   4.95504403e+00 
 -4.21076109e+00  -1.34245321e+00   3.50190743e+00 
 -4.22533729e+00  -4.78751354e+00   5.21425250e+00 
 -4.39703659e+00  -3.47228513e+00   8.72465946e+00 
 -1.36582685e+00  -1.33005454e+00   8.21335540e+00 
  3.85521059e-01  -4.24391777e+00   6.37724587e+00 
  3.29114971e-02  -6.56353252e+00   9.26882645e+00 
  1.24205992e+00  -3.82665517e+00   1.16505801e+01 
  4.35756430e+00  -3.42583773e+00   9.48011468e+00 
  4.88506231e+00  -7.19190547e+00   9.34895852e+00 
  5.08204861e+00  -6.98972633e+00   1.31938554e+01 
  7.61452055e+00  -4.10133430e+00   1.29603562e+01 
  7.61791500e+00  -1.51146535e+01   4.75193778e+00 
  8.59508933e+00  -9.26589849e+00   4.58337657e+00 
  6.80274942e+00  -7.70862250e+00   1.60362465e+00 
  1.00725865e+01  -6.89898024e+00  -1.44021154e-01 
  7.37621880e+00  -3.29318141e+00   3.17827820e+00 
  7.82254242e+00  -2.02933905e+00  -4.92870966e-01 
  1.13380445e+01  -8.02558181e-01   1.90002986e-01 
  1.02725130e+01   1.28850169e+00   3.15997854e+00 
  7.02729944e+00   2.43117129e+00   1.53601018e+00 
  9.16663374e+00   4.16261142e+00  -1.11126224e+00 
  1.03486191e+01   6.32384462e+00   1.85955145e+00 
  6.77386317e+00   7.66797583e+00   2.14281485e+00 
 -8.08559519e-01   7.23401835e+00   5.04968050e+00 
 -1.78883245e+00   6.79857886e+00   8.70702309e+00 
  2.06519543e+00   1.05071047e+01   7.87365369e+00 
 -5.24984739e+00   5.08557229e+00  -6.70228983e+00 
 -4.85868089e+00   4.73514315e+00  -1.04605927e+01 
 -9.74311502e+00   2.60723762e+00  -8.87125343e+00 
 -7.59109740e+00  -2.61539481e+00  -7.66244014e+00 
 -6.24413345e+00   3.28058782e-01  -9.63578175e+00 
 -3.20250702e+00  -1.71792812e+00  -1.07480614e+01 
 -1.96866784e+00  -2.45722559e+00  -7.27243562e+00 
  2.36905518e-02   6.46927159e-01  -6.32464980e+00 
  1.35359708e+00   1.88541523e+00  -9.64217442e+00 
  4.34088773e+00  -5.81934411e-01  -9.86421176e+00 
  5.32081887e+00   5.07388280e-01  -6.31219131e+00 
  5.30464456e+00   4.18996077e+00  -7.33214731e+00 
  9.88351773e+00   1.48536376e+00  -8.23041165e+00 
  9.87195846e+00   4.22263649e+00  -5.57732483e+00 
  1.10004438e+01  -9.64846481e+00  -6.06420098e+00 
  7.13553249e+00  -6.11286766e+00  -7.47577636e+00 
  6.09376079e+00  -8.85072683e+00  -4.99601152e+00 
  1.30904779e+00  -8.03323673e+00  -6.29219252e+00 
  7.61557810e-01  -1.17973808e+01  -5.60748686e+00 
 -4.19691927e+00  -1.11444619e+01  -5.18062491e+00 
 -9.02777546e+00  -1.11686143e+01  -6.36316777e+00 
 -9.20734138e+00  -1.45549840e+01  -4.59974196e+00 
 -1.11783563e+01  -1.17685912e+01   2.64099071e+00 
 -7.53307009e+00  -1.13565453e+01   3.47958822e+00 
 -6.29180754e+00  -1.08285003e+01   7.06256345e+00 
 -1.38736435e+00  -1.21302899e+01   5.33299083e+00 
  1.00397700e+00  -1.58329176e+01   1.06707334e+00 

   8.114693663665e+00 

