  6.46209620e-01  -3.39977878e+00  -7.45665290e-01 
 -1.80462735e-01  -2.43627329e+00  -1.42924398e-01 
  1.66477518e-01   9.03458149e-01  -1.10155711e+00 
  2.12560649e+00  -1.75800039e+00  -1.53108255e+00 
  2.51131808e+00   1.52844415e+00  -4.81797710e-01 
  2.11357091e+00   2.69835950e+00   3.73884400e-01 
  1.53488693e+00  -3.02259273e+00  -1.76529202e+00 
  1.44412428e+00   5.82982759e-01  -7.34044980e-01 
  2.05327197e-01  -1.10160110e+00  -1.55452136e-01 
  1.44561810e+00  -8.22684983e-01  -7.59705342e-01 
 -6.06815113e-01  -5.90856493e-02  -4.78020678e-01 
  1.28863923e+00   3.65532503e+00   1.98866238e-01 
  2.84034088e+00   3.23453271e+00   1.45878478e+00 
  1.10149734e+00  -3.51781065e+00  -3.02396709e+00 
  1.33363473e+01  -1.02161607e+01   7.04271753e+00 
  1.03864500e+01  -1.26314145e+01   6.89254471e+00 
  3.88728927e+00   3.25766812e-01  -1.09844291e+01 
  2.19899015e+00   2.92859075e+00  -8.74829673e+00 
  5.16925879e+00   5.32507093e+00  -9.07250938e+00 
  7.52544194e+00   2.40108764e+00  -8.38876172e+00 
  5.68109029e+00   1.45665378e+00  -5.23833344e+00 
  6.28487321e+00   4.98965712e+00  -3.89224792e+00 
  1.00466002e+01   4.80519344e+00  -3.98627925e+00 
  9.95675098e+00   1.52118909e+00  -1.98233980e+00 
  7.35949957e+00   3.01431279e+00   2.89131395e-01 
  9.48593638e+00   6.04247381e+00   1.22086120e+00 
  1.24911343e+01   3.75112620e+00   1.74153332e+00 
  1.03375071e+01   1.61526726e+00   4.08916402e+00 
  9.14796634e+00   4.76801611e+00   5.92889903e+00 
  1.28637563e+01   5.52950661e+00   6.61517453e+00 
  1.34306508e+01   1.95826632e+00   7.89023386e+00 
  1.03646481e+01   2.05938610e+00   1.01700008e+01 
  2.23397636e+00   9.48349452e+00   1.05827172e+01 
 -6.45122197e-01   7.18767666e+00   1.16647732e+01 
  3.82948363e+00   3.88962267e+00   9.39393087e+00 
  1.56808463e+00   2.40462243e+00   6.64961560e+00 
  3.00885151e-02  -4.53492489e-02   9.11416209e+00 
  3.61738926e+00  -1.31202320e+00   9.62640185e+00 
  4.40374887e+00  -1.26666209e+00   5.86669044e+00 
  1.39216718e+00  -3.57343968e+00   5.26650187e+00 
  2.25570562e+00  -5.80500009e+00   8.14772787e+00 
  5.76185195e+00  -6.40080910e+00   6.79544393e+00 
  4.62383480e+00  -6.56761217e+00   3.16686588e+00 
  2.61803962e+00  -9.67746615e+00   4.17802279e+00 
  6.04108795e+00  -1.12623261e+01   4.97677743e+00 
  6.86977280e+00  -1.09198105e+01   1.24310511e+00 
  8.36013235e+00  -1.01327501e+01  -3.70625323e+00 
  9.74794320e+00  -6.82677054e+00  -5.01792804e+00 
  1.31814533e+01  -5.16037417e+00  -5.28990102e+00 
 -1.82278339e+00  -6.52928930e+00  -1.01965688e+01 
 -5.52653754e+00  -7.40774267e+00  -1.03218624e+01 
 -5.38804405e+00  -6.95451663e+00  -1.41462589e+01 
 -8.62497646e+00   2.28138124e+00  -1.00131429e+01 
 -5.02714088e+00   9.00419910e-01  -9.81267385e+00 
 -6.05114502e+00  -2.75358095e+00  -9.91389749e+00 
 -7.82982549e+00  -2.36279496e+00  -6.54757399e+00 
 -4.73549837e+00  -1.23507845e+00  -4.61417997e+00 
 -3.02416970e+00  -4.48351916e+00  -3.70702968e+00 
 -5.87894923e+00  -6.99416426e+00  -3.46640824e+00 
 -7.01470003e+00  -6.04105820e+00   1.19385531e-01 
 -3.39088136e+00  -6.50134994e+00   1.22012310e+00 
 -3.16541843e+00  -9.95778434e+00  -2.86270885e-01 
 -6.49512712e+00  -1.08072132e+01   1.44303577e+00 
 -5.04157539e+00  -9.60322745e+00   4.78256616e+00 
 -1.61571317e+00  -1.12193813e+01   4.16922707e+00 
 -4.73342428e+00  -2.92660577e+00   9.54392644e+00 
 -6.46792394e+00   4.47111553e-01   9.99769172e+00 
 -6.54256521e+00  -1.56926236e+00   4.98132951e+00 
 -4.97025211e+00   1.91352616e+00   5.34600702e+00 
 -8.42354979e+00   3.44540804e+00   5.10779723e+00 
 -5.74092897e+00   2.70732613e+00   4.21042257e-01 
 -6.22607013e+00   6.39226079e+00   1.39160163e+00 
 -8.09665125e+00   5.12423062e+00  -3.41877781e+00 
 -5.39150169e+00   7.80039193e+00  -3.31940570e+00 
 -8.09434676e+00   1.04977122e+01  -2.95123747e+00 
 -6.41321262e+00   9.34944161e+00  -7.94631355e+00 
 -5.74329749e+00   1.28684668e+01  -6.62457570e+00 
  2.05036622e+00   1.30965665e+01  -8.29582281e+00 
  2.78641491e+00   1.15595680e+01  -4.94221827e+00 
  6.29974854e+00   1.15929577e+01  -3.43285215e+00 
  4.07997063e+00   1.05426812e+01   1.29529989e+00 

   1.604671208742e+00 

 -3.98384316e-01   5.32508567e-01  -3.74316971e+00 
  2.56461198e-01   1.05599265e+00  -2.61526529e+00 
  8.43017679e-01  -1.04965975e+00   1.07845010e-01 
 -1.16683627e+00  -1.32580173e+00  -2.53606736e+00 
 -1.42649818e+00  -1.75421237e+00   8.98977014e-01 
 -1.22836810e+00  -1.27505093e+00   2.30973759e+00 
 -7.35139278e-01  -8.29886146e-01  -3.78934422e+00 
 -5.07766794e-01  -1.17966257e+00  -6.13633886e-02 
  1.19409480e-01   4.17767284e-01  -1.38879643e+00 
 -7.16304136e-01  -7.14719848e-01  -1.37166981e+00 
  1.14337390e+00   1.35574383e-01  -5.38897547e-01 
 -2.65087809e-01  -1.39900712e+00   3.13657045e+00 
 -2.23584123e+00  -8.67111597e-01   3.21044206e+00 
  8.31164993e-02  -1.52277348e+00  -4.72084564e+00 
 -1.60317937e+01   3.95282995e+00  -7.21584523e+00 
 -1.36803895e+01   5.92880971e+00  -9.47953665e+00 
  1.34429287e+00  -1.06907396e+01  -4.21044487e+00 
  2.37795869e+00  -9.00295165e+00  -9.38100018e-01 
  1.94949086e-01  -1.13769856e+01   1.12809424e+00 
 -2.65940843e+00  -1.08034673e+01  -1.34020641e+00 
 -2.39912300e+00  -7.05695066e+00  -1.00160433e+00 
 -2.93634024e+00  -7.41661166e+00   2.77207481e+00 
 -6.32566980e+00  -9.04368485e+00   2.53013068e+00 
 -7.55387415e+00  -6.19534421e+00   2.52631953e-01 
 -5.88484451e+00  -3.70397743e+00   2.52026206e+00 
 -7.71004753e+00  -4.88718146e+00   5.65527007e+00 
 -1.09876562e+01  -4.94711972e+00   3.70430195e+00 
 -1.03112423e+01  -1.32510979e+00   2.63899371e+00 
 -9.48457541e+00  -3.72396495e-01   6.26506828e+00 
 -1.29981087e+01  -1.65641848e+00   7.19475019e+00 
 -1.45725855e+01   4.01736590e-01   4.36881260e+00 
 -1.26987323e+01   3.58322277e+00   5.35610916e+00 
 -4.36994323e+00   4.84084308e+00   1.24585881e+01 
 -2.55678095e+00   7.77326339e+00   1.07721163e+01 
 -6.20130295e+00   5.10298355e+00   6.81698708e+00 
 -3.29061761e+00   4.29699674e+00   4.42351395e+00 
 -3.26571842e+00   7.86148573e+00   3.10609944e+00 
 -6.90732338e+00   7.18998586e+00   2.09447683e+00 
 -6.10723883e+00   3.70009353e+00   7.02943426e-01 
 -3.50337000e+00   5.28944184e+00  -1.63049021e+00 
 -5.78088985e+00   8.09648418e+00  -2.61051081e+00 
 -8.49979296e+00   5.67159800e+00  -3.70787819e+00 
 -6.04645950e+00   3.18954052e+00  -5.22775667e+00 
 -5.11982661e+00   5.97047115e+00  -7.70255379e+00 
 -8.77684010e+00   5.71868337e+00  -8.89834023e+00 
 -7.97943738e+00   2.12942535e+00  -1.00054628e+01 
 -7.22488990e+00  -2.91184702e+00  -1.11686544e+01 
 -7.44271315e+00  -5.74656829e+00  -8.62053378e+00 
 -1.01780517e+01  -8.02265133e+00  -7.21440191e+00 
  5.12735334e+00  -5.21070610e+00  -1.02000303e+01 
  8.38758801e+00  -3.42323998e+00  -1.10252626e+01 
  9.86192528e+00  -6.83069266e+00  -1.20578316e+01 
  1.25621612e+01  -5.19425250e+00  -1.91421400e+00 
  9.01803368e+00  -6.09081391e+00  -3.14993256e+00 
  9.41835759e+00  -4.47039005e+00  -6.55940763e+00 
  9.73953142e+00  -1.03446935e+00  -4.90415895e+00 
  6.34537772e+00  -1.13837902e+00  -3.15672062e+00 
  3.93406214e+00   1.03807919e-02  -5.83437678e+00 
  6.02850398e+00   2.30471281e+00  -8.03899866e+00 
  5.76806985e+00   5.45334135e+00  -5.78631795e+00 
  1.98288191e+00   4.97785698e+00  -5.82898373e+00 
  1.84689771e+00   4.82176095e+00  -9.60047381e+00 
  4.03206611e+00   7.98630418e+00  -9.69894232e+00 
  1.56970847e+00   9.73259023e+00  -7.33205885e+00 
 -1.53000422e+00   8.31219119e+00  -9.09243316e+00 
  4.20131347e-01   1.12602439e+01   6.48388050e-01 
  2.32754135e+00   1.12135584e+01   3.95836813e+00 
  4.08905046e+00   7.75849019e+00   1.90767569e-01 
  3.06153812e+00   6.18216709e+00   3.53657060e+00 
  6.51352691e+00   6.93299294e+00   4.89624147e+00 
  5.85002502e+00   2.12814122e+00   2.41026947e+00 
  6.47022944e+00   1.86928946e+00   6.19238967e+00 
  9.88760951e+00  -9.03314482e-01   3.21230486e+00 
  7.81798947e+00  -2.90715887e+00   5.70044249e+00 
  1.05298107e+01  -2.37583234e+00   8.36130203e+00 
  1.08309067e+01  -6.86653388e+00   5.38834673e+00 
  1.02415188e+01  -7.27001634e+00   9.13923189e+00 
  3.90421781e+00  -1.20843971e+01   8.64259826e+00 
  1.66041889e+00  -9.06918427e+00   8.48558397e+00 
 -2.11199248e+00  -9.32738517e+00   9.05572339e+00 
 -2.15983292e+00  -4.06681919e+00   9.89838179e+00 

   1.604671208743e+00 

 -3.49840500e+00   3.38278559e-01  -1.71884713e+00 
 -2.20483813e+00   8.29174590e-01  -1.96528666e+00 
 -1.79797265e-01   1.65353946e+00   7.57355849e-01 
 -2.98024343e+00  -1.37148197e-01   5.18653619e-01 
  1.28899714e-01  -4.85751006e-01   2.02271308e+00 
  1.63081428e+00  -4.49358938e-01   1.97771453e+00 
 -3.97947464e+00   2.58849049e-01  -4.02063821e-01 
 -5.18536778e-01   3.59434248e-01   1.04143005e+00 
 -1.24264420e+00   7.49829923e-01  -9.66173085e-01 
 -1.64726291e+00   1.35302927e-01   2.33776062e-01 
 -4.12933028e-01   1.76427630e+00  -6.01560937e-01 
  2.47908251e+00   4.77745815e-01   2.19644824e+00 
  2.50262965e+00  -1.55820057e+00   2.03333242e+00 
 -4.98426333e+00   1.23550236e+00  -1.69946856e-01 
 -7.40245730e+00  -1.54631700e+01  -3.51722489e+00 
 -8.72575565e+00  -1.34020725e+01  -6.44274286e+00 
 -7.07702509e+00   4.12333527e+00   8.38478555e+00 
 -3.36366715e+00   4.66614380e+00   7.64880601e+00 
 -2.32811107e+00   2.85300273e+00   1.08598603e+01 
 -4.79810223e+00   6.90763553e-02   1.00126970e+01 
 -3.34301045e+00  -3.76806223e-01   6.56267042e+00 
  7.93750062e-02  -1.02744742e+00   8.15092622e+00 
 -9.81354644e-01  -4.04602281e+00   1.01400251e+01 
 -2.43012768e+00  -5.65841218e+00   6.96043577e+00 
  6.32003400e-01  -4.58827903e+00   5.05967726e+00 
  3.07140903e+00  -6.32115485e+00   7.42738811e+00 
  8.61915206e-01  -9.43082389e+00   7.40124521e+00 
  9.89847430e-01  -9.37510245e+00   3.56824352e+00 
  4.80065637e+00  -8.91894596e+00   3.66371022e+00 
  4.94119511e+00  -1.21807904e+01   5.71274818e+00 
  2.70234061e+00  -1.39613631e+01   3.15971191e+00 
  4.77345171e+00  -1.27521262e+01   1.83778552e-01 
  1.27516220e+01  -5.15938155e+00  -1.23747928e-01 
  1.22034136e+01  -3.83041539e+00  -3.68242043e+00 
  7.28148448e+00  -6.72312723e+00  -1.82155651e+00 
  5.07104016e+00  -3.59809993e+00  -2.26715471e+00 
  4.87519090e+00  -4.15896964e+00  -6.02066652e+00 
  3.33960435e+00  -7.56132040e+00  -5.12536639e+00 
  1.06987262e+00  -6.06845793e+00  -2.40957397e+00 
 -4.07765220e-01  -3.68533714e+00  -5.03414920e+00 
 -7.44891221e-01  -6.38543226e+00  -7.60764023e+00 
 -2.78442493e+00  -8.55714401e+00  -5.24106199e+00 
 -4.70747950e+00  -5.61868145e+00  -3.77246272e+00 
 -6.14080585e+00  -5.09306061e+00  -7.29185794e+00 
 -7.72893127e+00  -8.57800762e+00  -6.84458628e+00 
 -9.75816282e+00  -7.08385783e+00  -3.94733235e+00 
 -1.22739516e+01  -5.36369032e+00   3.01033712e-01 
 -1.07136023e+01  -5.18717771e+00   3.78099974e+00 
 -1.03331207e+01  -7.52750839e+00   6.78398555e+00 
 -1.07561216e+01   7.13642831e+00   7.95123696e-01 
 -1.06749404e+01   1.00523512e+01  -1.65354467e+00 
 -1.25096888e+01   1.21742303e+01   9.88789571e-01 
 -2.11305463e+00   1.40189238e+01   2.15895680e+00 
 -3.91788111e+00   1.07646208e+01   3.18061058e+00 
 -6.63611985e+00   1.10322717e+01   5.44307463e-01 
 -4.01595409e+00   1.06370276e+01  -2.21740676e+00 
 -2.73782590e+00   7.23586157e+00  -1.04136470e+00 
 -5.19095421e+00   4.79233299e+00  -2.56296387e+00 
 -6.39068195e+00   6.53999993e+00  -5.72797845e+00 
 -3.34806683e+00   5.59626889e+00  -7.94340684e+00 
 -3.92030775e+00   1.96862801e+00  -6.90981338e+00 
 -7.56253979e+00   2.05237942e+00  -7.90687231e+00 
 -6.49548565e+00   3.62473006e+00  -1.12517340e+01 
 -3.98622022e+00   7.69445609e-01  -1.17672873e+01 
 -6.39813597e+00  -1.92652380e+00  -1.04870212e+01 
  3.92579823e+00  -1.03782843e+00  -1.05521698e+01 
  7.25291777e+00   6.77917560e-01  -9.78872243e+00 
  2.83612366e+00   3.22734988e+00  -7.99218423e+00 
  5.44208132e+00   2.33899621e+00  -5.31734096e+00 
  7.31206508e+00   5.52325193e+00  -6.14941496e+00 
  3.46317751e+00   5.87405318e+00  -2.30625292e+00 
  7.04299878e+00   6.34103541e+00  -9.93660772e-01 
  3.74691226e+00   1.03522528e+01   1.43297156e-01 
  5.30428210e+00   8.56169531e+00   3.11954501e+00 
  8.26875952e+00   1.09941681e+01   3.01274749e+00 
  4.14984686e+00   1.22590767e+01   6.25775706e+00 
  7.53224692e+00   1.15663566e+01   7.88834730e+00 
  4.98346712e+00   6.24827347e+00   1.32556561e+01 
  5.49298462e+00   3.50206539e+00   1.07358290e+01 
  5.56826990e+00  -1.83398523e-01   1.17529338e+01 
  7.91744828e+00  -1.23367953e+00   7.08772348e+00 

   1.604671208744e+00 

 -6.17069711e-01   1.10452686e+00  -2.83926784e+00 
 -4.04945360e-01  -1.90828276e-01  -2.33718723e+00 
 -2.59521208e+00  -1.42733769e+00   8.49866518e-02 
 -2.03130553e+00   1.65452552e+00  -1.05086907e+00 
 -2.35287420e+00   1.14706717e-01   2.04364891e+00 
 -2.00355505e+00  -9.70731862e-01   3.02288118e+00 
 -1.73513110e+00   1.84429572e+00  -2.42173209e+00 
 -2.17948398e+00  -2.55696875e-01   6.54704879e-01 
 -9.48011216e-01  -5.44085057e-01  -1.10811042e+00 
 -1.65832169e+00   4.66436782e-01  -4.33171650e-01 
 -1.61933845e+00  -1.70015858e+00  -8.56559525e-01 
 -2.50534483e+00  -2.12065393e+00   3.25269178e+00 
 -1.23882948e+00  -8.28720690e-01   4.20089339e+00 
 -2.68658637e+00   1.95964070e+00  -3.46994899e+00 
  8.73197367e+00   1.38447915e+01   1.45521795e+00 
  9.63835379e+00   1.26210442e+01  -2.04318374e+00 
 -1.16111761e+01   3.78414185e+00  -1.75951905e+00 
 -1.04982740e+01   6.33311366e-01   1.00333213e-01 
 -1.18350777e+01   1.96954119e+00   3.43172521e+00 
 -1.01585974e+01   5.31788114e+00   2.69225133e+00 
 -6.82284959e+00   3.67790057e+00   2.05818765e+00 
 -6.97463018e+00   2.14223249e+00   5.56208532e+00 
 -7.12813013e+00   5.41772461e+00   7.41709153e+00 
 -4.00610179e+00   6.65309804e+00   5.53684624e+00 
 -2.39707797e+00   3.29666570e+00   6.06610885e+00 
 -2.79085066e+00   3.37406791e+00   9.86065296e+00 
 -1.53367055e+00   6.97551984e+00   9.90102742e+00 
  1.53581736e+00   5.82760247e+00   7.90806401e+00 
  2.05209661e+00   2.88781679e+00   1.03227220e+01 
  2.25235573e+00   5.50157111e+00   1.31486947e+01 
  4.79019612e+00   7.56757546e+00   1.11507220e+01 
  6.96366227e+00   4.52458769e+00   1.03606557e+01 
  4.76525882e+00  -6.17269426e+00   1.18203562e+01 
  6.75773148e+00  -7.62055476e+00   8.87678931e+00 
  5.77983289e+00  -1.76526362e+00   7.97387038e+00 
  3.91087241e+00  -2.41473894e+00   4.66697062e+00 
  7.18715550e+00  -2.90585513e+00   2.80510148e+00 
  8.01797875e+00   6.64699973e-01   3.94371821e+00 
  4.50844014e+00   1.98294130e+00   3.10632493e+00 
  4.96053861e+00   7.33403473e-01  -4.97192189e-01 
  8.44761242e+00   2.07591020e+00  -7.52173726e-01 
  7.30399503e+00   5.57351412e+00   2.15105100e-01 
  4.06827438e+00   5.35729457e+00  -1.77809482e+00 
  6.27884460e+00   5.07168800e+00  -4.90037805e+00 
  7.50294856e+00   8.61438671e+00  -3.99599687e+00 
  3.90065670e+00   9.81211443e+00  -4.57330635e+00 
 -1.01804233e+00   1.15597787e+01  -4.87138855e+00 
 -3.55870178e+00   1.12799225e+01  -2.03541600e+00 
 -4.58144140e+00   1.33684047e+01   1.00301841e+00 
 -8.01832360e+00   2.33105432e+00  -9.83400945e+00 
 -7.65697537e+00  -3.14416570e-01  -1.25499043e+01 
 -1.13603536e+01   2.62691800e-01  -1.34457494e+01 
 -1.10142441e+01  -7.91370522e+00  -6.67161271e+00 
 -1.04266777e+01  -4.21967923e+00  -5.72261291e+00 
 -9.06590976e+00  -3.20096284e+00  -9.11688462e+00 
 -6.05126560e+00  -5.50507856e+00  -8.61536366e+00 
 -4.82139050e+00  -3.82623304e+00  -5.41325462e+00 
 -2.78964989e+00  -8.95441429e-01  -6.67278829e+00 
 -1.48983819e+00  -2.06123149e+00  -1.00584089e+01 
  1.48534334e+00  -4.15069888e+00  -8.70242992e+00 
  2.54431884e+00  -1.06671729e+00  -6.72172754e+00 
  2.48825529e+00   1.15651469e+00  -9.77477381e+00 
  4.53284362e+00  -1.52443851e+00  -1.16271073e+01 
  7.08869395e+00  -1.51899461e+00  -8.76660786e+00 
  7.02416092e+00   2.29735499e+00  -8.37166343e+00 
  8.87505755e+00  -5.52270125e+00  -1.82960388e+00 
  8.04913445e+00  -8.78290225e+00  -1.70639432e-02 
  4.21293616e+00  -6.91120834e+00  -3.33603509e+00 
  3.14102482e+00  -7.42906747e+00   3.13321303e-01 
  2.45488002e+00  -1.10715780e+01  -4.54788935e-01 
 -1.67463734e+00  -7.59131226e+00  -1.19081095e+00 
 -2.19114096e+00  -1.00525327e+01   1.71292957e+00 
 -6.06160714e+00  -1.01102009e+01  -1.92889561e+00 
 -7.10690595e+00  -9.21609968e+00   1.62039752e+00 
 -7.71386818e+00  -1.29307813e+01   2.36147296e+00 
 -1.19315394e+01  -1.00282449e+01   6.63811731e-01 
 -1.21027612e+01  -1.14967552e+01   4.18424866e+00 
 -1.40172604e+01  -4.75447395e+00   7.98722465e+00 
 -1.03596140e+01  -3.95853651e+00   8.35992015e+00 
 -9.11154735e+00  -1.29293611e+00   1.08011736e+01 
 -4.26773905e+00  -3.48009619e+00   1.04273176e+01 

   1.604671208745e+00 

  1.97734439e+00   1.22913584e+00   1.98904445e+00 
  9.24508690e-01   1.37949934e+00   1.07037454e+00 
 -4.42542403e-01  -1.48121205e+00  -3.92722170e-01 
  2.39678319e+00  -9.64850508e-01   1.27390347e+00 
  1.43738613e+00  -2.53199558e+00  -1.67127962e+00 
  7.11273949e-01  -2.54280406e+00  -2.98723588e+00 
  2.40814576e+00  -5.53165196e-02   2.35816186e+00 
  8.84640568e-01  -1.62014025e+00  -6.91779381e-01 
  6.59154648e-01   3.61050637e-01   1.63351878e-01 
  1.51446629e+00  -7.55383319e-01   2.20403439e-01 
 -5.77690700e-01  -1.33408041e-01  -1.12670333e-01 
 -4.72549457e-01  -2.88397480e+00  -3.31752564e+00 
  1.29522740e+00  -2.51525334e+00  -4.27211894e+00 
  2.03240402e+00  -3.50880166e-01   3.69561860e+00 
  1.75163056e+01   4.76123768e+00  -1.78275961e+00 
  1.59944768e+01   7.50553786e+00   3.87666707e-01 
  1.35475848e+00  -9.07789832e+00   6.74235960e+00 
 -9.06347246e-01  -8.52964163e+00   3.70720727e+00 
  5.59154612e-01  -1.15731454e+01   1.90162817e+00 
  4.05829790e+00  -1.03620945e+01   2.82798670e+00 
  3.41713715e+00  -6.93688533e+00   1.38727790e+00 
  2.58937362e+00  -8.56778705e+00  -1.97628863e+00 
  5.95028717e+00  -1.02012919e+01  -2.45522586e+00 
  7.69943793e+00  -6.82591252e+00  -1.85872253e+00 
  5.14820750e+00  -5.15086321e+00  -4.05420602e+00 
  5.80903455e+00  -7.41254420e+00  -7.05549238e+00 
  9.56324977e+00  -6.99356614e+00  -6.52359628e+00 
  9.04794294e+00  -3.19288436e+00  -6.54909833e+00 
  6.90693580e+00  -3.46578998e+00  -9.72416815e+00 
  9.93754920e+00  -5.17557152e+00  -1.13824704e+01 
  1.22642256e+01  -2.37871166e+00  -1.01720760e+01 
  9.93077821e+00   3.85314879e-01  -1.14062215e+01 
 -4.60696605e-01  -3.57646552e-01  -1.49924178e+01 
 -1.75969965e+00   3.06395233e+00  -1.38365261e+01 
  3.24845822e+00   1.67839083e+00  -1.08274471e+01 
  1.45885487e+00   1.87941058e+00  -7.42049419e+00 
  1.64447993e+00   5.67503978e+00  -7.44340686e+00 
  5.44556525e+00   5.18446838e+00  -7.65943713e+00 
  5.45896681e+00   2.41071648e+00  -5.00200045e+00 
  3.75589547e+00   4.82834771e+00  -2.55135141e+00 
  6.01881291e+00   7.67355929e+00  -3.45190650e+00 
  9.12200061e+00   5.61229370e+00  -2.67851618e+00 
  7.56856278e+00   3.91929958e+00   3.56296301e-01 
  7.38855092e+00   7.41422134e+00   1.92790757e+00 
  1.12389797e+01   7.37930610e+00   1.72783547e+00 
  1.11601697e+01   4.41671294e+00   4.16938729e+00 
  1.12488913e+01   1.04616740e-01   7.12484641e+00 
  1.07470646e+01  -3.42700219e+00   5.76402021e+00 
  1.29560994e+01  -6.18733874e+00   4.30095992e+00 
 -4.21555063e-01  -1.71215380e+00   1.15181282e+01 
 -3.29125639e+00   4.22520425e-01   1.28270032e+01 
 -4.04013655e+00  -2.35727936e+00   1.53887399e+01 
 -1.03139700e+01  -4.06739129e+00   6.98774470e+00 
 -6.50649328e+00  -4.68936950e+00   7.07677989e+00 
 -5.77543075e+00  -2.00179432e+00   9.65612867e+00 
 -6.92274407e+00   6.93723432e-01   7.19312074e+00 
 -4.38407199e+00  -1.73199456e-01   4.47499527e+00 
 -1.26462645e+00   1.67312388e+00   5.55392261e+00 
 -2.59214092e+00   4.68319004e+00   7.47439408e+00 
 -3.39142189e+00   6.87687328e+00   4.37517453e+00 
  1.81015483e-01   6.23850627e+00   3.19800324e+00 
  1.67256761e+00   7.34696646e+00   6.48640457e+00 
 -5.59640896e-01   1.04754537e+01   6.31668802e+00 
  7.52721771e-01   1.11922236e+01   2.78415316e+00 
  4.37377180e+00   1.02772197e+01   3.66474071e+00 
 -1.15472101e+00   9.89513885e+00  -5.09125281e+00 
 -4.11384969e+00   8.84653002e+00  -7.26848444e+00 
 -4.14488688e+00   6.95319504e+00  -2.20394654e+00 
 -4.27280090e+00   4.29439822e+00  -4.96970350e+00 
 -8.02823680e+00   4.73278159e+00  -5.15189055e+00 
 -6.16290344e+00   1.00902434e+00  -1.63606135e+00 
 -8.07808008e+00  -4.67078128e-01  -4.62090822e+00 
 -9.98297231e+00  -1.89222502e+00   1.31677031e-01 
 -8.80181125e+00  -4.72259493e+00  -2.12296552e+00 
 -1.23192599e+01  -4.96648870e+00  -3.63443054e+00 
 -1.11999358e+01  -8.17934560e+00   5.51281638e-01 
 -1.19677319e+01  -9.84667034e+00  -2.79682724e+00 
 -5.53644019e+00  -1.45532242e+01  -3.06724801e+00 
 -3.61566563e+00  -1.17858911e+01  -4.74155023e+00 
 -2.91124070e-01  -1.24243254e+01  -6.51993131e+00 
 -9.38610012e-01  -7.76028081e+00  -9.01259373e+00 

   1.604671208741e+00 

  1.45587385e+00  -1.01822132e+00   2.13925207e+00 
  8.89401669e-02  -1.05092642e+00   1.81452251e+00 
 -1.54942438e+00   1.96265129e+00   1.16087039e+00 
  1.68287050e+00   1.16632646e+00   1.31635769e+00 
 -3.92278955e-01   2.92270528e+00  -8.42201568e-01 
 -1.64095100e+00   3.04281416e+00  -1.67014395e+00 
  2.11673444e+00   2.13879941e-01   2.26904082e+00 
 -5.04838631e-01   2.01446576e+00   2.79787648e-01 
 -4.77708769e-01   2.15833816e-02   1.13704751e+00 
  3.98952644e-01   1.06764488e+00   7.92870535e-01 
 -1.65445944e+00   6.18164215e-01   1.46842834e+00 
 -2.80914686e+00   3.48498251e+00  -1.41181813e+00 
 -1.72256383e+00   3.02555511e+00  -3.07930208e+00 
  2.42933374e+00   4.80414725e-01   3.62866252e+00 
  1.31194620e+01  -5.54000238e+00  -8.42842361e+00 
  1.25460079e+01  -8.25144717e+00  -5.80599837e+00 
  3.98811897e+00   9.09840763e+00   6.66231768e+00 
  5.41682601e-01   8.84814601e+00   5.02378794e+00 
  1.25986145e+00   1.18466242e+01   2.75132788e+00 
  4.67237570e+00   1.03398791e+01   1.94308662e+00 
  3.14683456e+00   7.03546938e+00   9.56989590e-01 
  9.99704952e-01   8.86305932e+00  -1.63306101e+00 
  3.88349384e+00   1.02595951e+01  -3.61470391e+00 
  5.41398445e+00   6.74099008e+00  -3.90719041e+00 
  2.00361981e+00   5.35458167e+00  -4.67007921e+00 
  1.39159973e+00   7.68428090e+00  -7.62939433e+00 
  4.91446063e+00   6.96416683e+00  -8.90355083e+00 
  4.12265078e+00   3.21700030e+00  -8.69581629e+00 
  7.87732887e-01   3.78177407e+00  -1.05120791e+01 
  2.84090788e+00   5.32836346e+00  -1.33844424e+01 
  5.21455793e+00   2.31731071e+00  -1.34002414e+01 
  2.34796187e+00  -2.10598485e-01  -1.34156256e+01 
 -8.41693069e+00   1.45594584e+00  -1.17617627e+01 
 -9.32117062e+00  -1.90446816e+00  -1.01428738e+01 
 -3.39120845e+00  -1.02406161e+00  -9.80167659e+00 
 -3.41110429e+00  -1.23334781e+00  -5.95379133e+00 
 -3.58280105e+00  -5.02794113e+00  -6.06939593e+00 
 -2.86798212e-01  -4.81402688e+00  -8.02545960e+00 
  1.19204783e+00  -2.16274634e+00  -5.67182946e+00 
  6.16291190e-01  -4.54691965e+00  -2.71627616e+00 
  1.95280177e+00  -7.51298619e+00  -4.57186567e+00 
  5.22524980e+00  -5.72345389e+00  -5.32378344e+00 
  5.40366677e+00  -4.04773796e+00  -1.91062824e+00 
  5.67287152e+00  -7.58219133e+00  -4.43654278e-01 
  8.98079584e+00  -7.82661342e+00  -2.40960049e+00 
  1.02945503e+01  -4.97125754e+00  -2.03849696e-01 
  1.21094263e+01  -8.05388395e-01   2.38237207e+00 
  1.13392583e+01   2.80772682e+00   1.41891476e+00 
  1.28477564e+01   5.45420019e+00  -8.96349835e-01 
  4.00004250e+00   1.69239823e+00   1.16990160e+01 
  1.89080237e+00  -2.74909124e-01   1.41861794e+01 
  2.65326957e+00   2.44333921e+00   1.68092258e+01 
 -6.62336941e+00   4.96756120e+00   1.22887766e+01 
 -3.16932475e+00   5.29914732e+00   1.06002006e+01 
 -1.56082645e+00   2.45882739e+00   1.25382070e+01 
 -3.94354511e+00  -3.79567297e-02   1.08837365e+01 
 -2.88697226e+00   7.49993799e-01   7.29940879e+00 
  2.06725492e-01  -1.36771994e+00   6.80115468e+00 
 -3.33674092e-01  -4.34800076e+00   9.11132745e+00 
 -2.66072125e+00  -6.34414591e+00   6.73298473e+00 
  1.45719140e-03  -5.92565246e+00   4.03238801e+00 
  2.74423416e+00  -7.27915024e+00   6.24873936e+00 
  4.28286558e-01  -1.02223171e+01   7.12802684e+00 
 -1.09586219e-01  -1.08865459e+01   3.38846129e+00 
  3.57129554e+00  -1.02822332e+01   2.48813604e+00 
 -5.32560686e+00  -9.12196798e+00  -2.69612411e+00 
 -8.85431382e+00  -7.76502030e+00  -3.24683345e+00 
 -6.37626632e+00  -6.08840379e+00   1.25688307e+00 
 -7.54127823e+00  -3.31399948e+00  -1.12647632e+00 
 -1.09767904e+01  -3.46265114e+00   4.55872989e-01 
 -7.38535636e+00  -3.91207340e-02   2.71151753e+00 
 -1.03300040e+01   1.69959778e+00   9.61660636e-01 
 -9.68980891e+00   3.06276674e+00   6.05858572e+00 
 -9.44855025e+00   5.88893615e+00   3.52006075e+00 
 -1.32307303e+01   6.45794543e+00   3.81636803e+00 
 -1.00313275e+01   9.40011910e+00   7.01057496e+00 
 -1.21152736e+01   1.12588720e+01   4.40643946e+00 
 -6.16275229e+00   1.54791126e+01   1.19033164e+00 
 -5.47948772e+00   1.26485945e+01  -1.19128801e+00 
 -3.31422110e+00   1.31108465e+01  -4.30910098e+00 
 -5.43812266e+00   8.61667544e+00  -6.22675181e+00 

   1.604671208744e+00 

 -5.68436095e-01   2.84226923e+00   1.32413546e+00 
 -1.77309042e+00   2.37958025e+00   7.67580479e-01 
 -1.98119384e+00  -9.58835503e-01  -2.34828424e-01 
  6.17290417e-01   9.94164282e-01   4.99822177e-01 
 -2.53247598e-01  -1.21872377e+00  -2.02916574e+00 
 -1.21494248e+00  -1.73128952e+00  -3.06430626e+00 
  4.94555508e-01   1.94975148e+00   1.53654137e+00 
 -8.80122776e-01  -5.27822605e-01  -9.21866484e-01 
 -1.76527293e+00   1.23796199e+00  -2.42448132e-02 
 -5.07939978e-01   6.41837521e-01  -2.36346509e-01 
 -2.64954290e+00   2.09813756e-01   8.27218410e-02 
 -2.14094273e+00  -2.60754509e+00  -3.02397812e+00 
 -1.08365476e+00  -1.61917583e+00  -4.46533417e+00 
  6.78040138e-01   1.70107836e+00   2.92284053e+00 
  9.83760635e+00   1.24118096e+01  -6.94023026e+00 
  7.86010349e+00   1.44494753e+01  -4.39164283e+00 
  5.01240316e+00  -5.90412083e+00   5.96864469e+00 
  2.03278891e+00  -6.84223475e+00   3.76247711e+00 
  4.20141993e+00  -9.12025896e+00   1.57652833e+00 
  6.83024519e+00  -6.35787993e+00   1.41121631e+00 
  4.29946893e+00  -3.81223487e+00   2.56378908e-01 
  3.45644844e+00  -6.07909825e+00  -2.71166077e+00 
  6.91938680e+00  -6.08284431e+00  -4.19540700e+00 
  6.97415416e+00  -2.23559139e+00  -4.13078282e+00 
  3.45037231e+00  -2.19414116e+00  -5.44072865e+00 
  4.25301720e+00  -4.30305725e+00  -8.51771536e+00 
  7.36030618e+00  -2.17989767e+00  -9.14184401e+00 
  5.14234965e+00   9.45289252e-01  -8.98294473e+00 
  2.61000912e+00  -6.83778115e-01  -1.13647189e+01 
  5.51189281e+00  -1.06226845e+00  -1.38734543e+01 
  6.48915753e+00   2.61521415e+00  -1.34023086e+01 
  2.89922078e+00   3.84666473e+00  -1.38537708e+01 
 -6.46783049e+00  -1.94755143e+00  -1.41382947e+01 
 -8.84875006e+00   6.51384331e-01  -1.26192199e+01 
 -3.17275634e+00   2.07586900e+00  -1.12738867e+01 
 -3.85204342e+00   1.91283895e+00  -7.48411001e+00 
 -5.47704808e+00   5.34774790e+00  -7.53453843e+00 
 -2.10710770e+00   6.58684764e+00  -8.89237228e+00 
 -8.04445077e-02   4.50042538e+00  -6.38332318e+00 
 -1.98197313e+00   6.20608597e+00  -3.51522549e+00 
 -1.65151360e+00   9.61238534e+00  -5.03671979e+00 
  2.13304287e+00   9.28445188e+00  -5.25192733e+00 
  2.43766521e+00   7.50276733e+00  -1.90195861e+00 
  1.07653331e+00   1.07237331e+01  -3.24129865e-01 
  4.27922510e+00   1.23898304e+01  -1.67835849e+00 
  6.25824871e+00   1.00660225e+01   6.51389767e-01 
  9.14825576e+00   6.69389595e+00   3.41062979e+00 
  1.00096983e+01   3.16370055e+00   2.23945620e+00 
  1.27642211e+01   1.51517947e+00   1.57433183e-01 
  1.36366502e+00   4.56627528e-01   1.11111186e+01 
 -1.69594125e+00   1.23548286e+00   1.32412284e+01 
 -3.33834901e-01  -1.21052929e+00   1.58893019e+01 
 -7.08459508e+00  -6.66684366e+00   9.76410326e+00 
 -3.56537199e+00  -5.49978968e+00   8.69418888e+00 
 -3.50984131e+00  -2.44826334e+00   1.09515449e+01 
 -6.40164485e+00  -9.12408624e-01   8.96983495e+00 
 -4.59437504e+00  -9.09448040e-01   5.60555430e+00 
 -2.54094562e+00   2.26505581e+00   5.70499010e+00 
 -4.54675983e+00   4.59084000e+00   7.95852973e+00 
 -7.08293502e+00   5.75295327e+00   5.26157475e+00 
 -4.09607475e+00   6.62910949e+00   3.05554451e+00 
 -2.47041895e+00   8.72124126e+00   5.74761117e+00 
 -5.85790793e+00   1.04640586e+01   6.28286522e+00 
 -6.04340322e+00   1.12076492e+01   2.52420563e+00 
 -2.33010281e+00   1.21392389e+01   2.26303386e+00 
 -9.17060241e+00   8.14247965e+00  -4.41612192e+00 
 -1.17590080e+01   5.59636694e+00  -5.60516652e+00 
 -9.53089394e+00   4.59364219e+00  -7.81757408e-01 
 -9.14266739e+00   1.81240859e+00  -3.39881566e+00 
 -1.25574123e+01   4.93786173e-01  -2.43474975e+00 
 -8.29593076e+00  -1.48709578e+00   3.26187314e-01 
 -1.00241286e+01  -4.05281912e+00  -1.95119868e+00 
 -9.67627196e+00  -5.52289894e+00   3.14434700e+00 
 -7.96797860e+00  -7.80055698e+00   6.17776996e-01 
 -1.12226405e+01  -9.79537664e+00   2.37874637e-01 
 -7.64685533e+00  -1.15681437e+01   3.86645276e+00 
 -8.41819746e+00  -1.38382611e+01   8.94767371e-01 
 -8.77823686e-01  -1.51552932e+01  -1.34006606e+00 
 -1.00800821e+00  -1.20756221e+01  -3.49632992e+00 
  1.60776822e+00  -1.13917949e+01  -6.20056884e+00 
 -1.79198988e+00  -7.89620613e+00  -8.34729192e+00 

   1.604671208741e+00 

  3.63912808e+00  -1.06375211e+00  -1.65157380e+00 
  3.24131767e+00   2.81156947e-01  -1.56216952e+00 
  3.03322513e-01   1.04721503e+00   1.62501361e-01 
  2.20372121e+00  -1.68955418e+00   9.45391628e-02 
  7.03861145e-01   2.93366045e-01   2.51712808e+00 
  4.11915887e-01   1.63204296e+00   3.13503478e+00 
  2.82185871e+00  -2.07386344e+00  -1.11921940e+00 
  1.00394060e+00   3.41816552e-01   1.10148921e+00 
  2.36736803e+00   6.69067733e-01  -5.54162622e-01 
  1.96813421e+00  -3.41830965e-01   3.40227599e-01 
  1.27440876e+00   1.45912235e+00  -7.32257613e-01 
 -5.21060368e-01   2.48241796e+00   2.95243051e+00 
  9.16797126e-01   2.12368380e+00   4.35817393e+00 
  2.21860035e+00  -2.83593438e+00  -2.15491121e+00 
  1.60088164e+01  -7.18393877e+00   7.16294197e+00 
  1.70797520e+01  -6.61112688e+00   3.54591553e+00 
 -5.50997661e+00  -7.74421562e+00  -7.12499762e-01 
 -6.06803422e+00  -4.06264801e+00   1.59260457e-01 
 -7.45171293e+00  -4.95597235e+00   3.61731363e+00 
 -4.52609229e+00  -7.35932762e+00   4.10044459e+00 
 -1.99888883e+00  -4.68748292e+00   3.26781306e+00 
 -3.42704383e+00  -2.53452965e+00   6.09337108e+00 
 -2.71102482e+00  -4.99295094e+00   8.85687258e+00 
  9.58448481e-01  -5.23152483e+00   7.72259792e+00 
  1.04231057e+00  -1.49531192e+00   7.31223851e+00 
 -5.68515894e-02  -7.78697790e-01   1.08952428e+01 
  2.42626243e+00  -3.38371503e+00   1.21603981e+01 
  5.17452047e+00  -1.59292282e+00   1.01725565e+01 
  4.04365478e+00   1.79299309e+00   1.15854166e+01 
  4.63283349e+00   3.03330983e-01   1.50913704e+01 
  8.11073573e+00  -9.34576443e-01   1.40556658e+01 
  9.09126112e+00   2.43485304e+00   1.25412519e+01 
  2.78238241e+00   1.12119686e+01   1.04068114e+01 
  4.63777668e+00   1.25748064e+01   7.33581503e+00 
  6.14058656e+00   6.82943684e+00   8.22366248e+00 
  4.87999435e+00   5.78470602e+00   4.73512952e+00 
  8.03559831e+00   7.12194385e+00   3.09325821e+00 
  9.89816728e+00   4.63978311e+00   5.35274797e+00 
  7.39233326e+00   1.80762644e+00   4.67781579e+00 
  8.06433973e+00   2.18605608e+00   9.15333661e-01 
  1.17732694e+01   2.41377403e+00   1.38331776e+00 
  1.18585859e+01  -8.75948043e-01   3.29307483e+00 
  9.25819934e+00  -2.54346051e+00   1.06891730e+00 
  1.17843825e+01  -2.14799417e+00  -1.79095145e+00 
  1.40396314e+01  -4.49945568e+00   2.70972688e-01 
  1.13516792e+01  -7.20029780e+00  -2.03062230e-01 
  7.62390543e+00  -1.08634242e+01  -3.51357686e-01 
  4.64488950e+00  -1.09755960e+01   2.03378211e+00 
  3.88774090e+00  -1.24668536e+01   5.47510664e+00 
 -1.16561186e+00  -6.98910294e+00  -8.50825164e+00 
 -1.28149669e+00  -5.20861047e+00  -1.18730088e+01 
 -4.22948031e+00  -7.49001689e+00  -1.28503420e+01 
 -8.37167981e+00   1.48456047e+00  -8.95658642e+00 
 -6.64393984e+00  -1.25483372e+00  -6.85842127e+00 
 -4.33979792e+00  -2.42206409e+00  -9.64033720e+00 
 -2.58384658e+00   9.78687814e-01  -9.63177913e+00 
 -1.49230811e+00   8.30874529e-01  -5.97509863e+00 
  1.70318973e+00  -1.18920570e+00  -6.08466086e+00 
  3.12859426e+00  -4.73690445e-01  -9.54403414e+00 
  4.75571347e+00   2.93698437e+00  -8.66310375e+00 
  6.47004225e+00   1.18579682e+00  -5.73907014e+00 
  7.87724342e+00  -1.54151017e+00  -7.94101849e+00 
  9.09370352e+00   1.19217831e+00  -1.03589025e+01 
  1.08237273e+01   2.97536812e+00  -7.43621377e+00 
  1.21208363e+01  -2.82961570e-01  -5.87882309e+00 
  9.52010578e+00   8.95393020e+00  -1.96811060e+00 
  7.17804159e+00   1.19056871e+01  -1.33705835e+00 
  5.09027791e+00   7.83268853e+00  -4.21579939e+00 
  3.18374817e+00   8.74788681e+00  -1.01228092e+00 
  1.34946678e+00   1.14462291e+01  -2.93140348e+00 
 -9.23974204e-01   6.49279355e+00  -2.88858326e+00 
 -2.90786248e+00   9.15019665e+00  -9.49901498e-01 
 -5.68677124e+00   6.66556765e+00  -4.73817413e+00 
 -7.01765590e+00   6.33484905e+00  -1.18727008e+00 
 -9.11470298e+00   9.50696902e+00  -1.69373242e+00 
 -1.14894496e+01   4.78007192e+00  -2.74850488e+00 
 -1.29132769e+01   6.87040645e+00   1.12007825e-01 
 -1.28811946e+01   1.13549590e+00   5.65241053e+00 
 -9.35148172e+00   2.06873849e+00   6.55849026e+00 
 -7.71738512e+00   8.77177378e-01   9.80390620e+00 
 -4.08588761e+00   4.72426721e+00   9.17300052e+00 

   1.604671208744e+00 

 -2.83565958e-01   4.18026264e+00  -4.93279462e-01 
 -1.30721698e-01   3.38604420e+00  -1.64257589e+00 
  2.07665696e+00   6.82784596e-01  -1.52848237e+00 
  6.97752034e-01   2.54233325e+00   8.68753553e-01 
  1.16619386e+00  -8.39325051e-01   2.39913981e-01 
  1.07517273e+00  -2.04235948e+00  -6.56478753e-01 
  4.98788708e-01   3.92549881e+00   6.44557046e-01 
  1.25996238e+00   4.23165193e-01  -4.62762604e-01 
  3.66960552e-01   2.09478078e+00  -1.51891590e+00 
  6.53361925e-01   1.66587381e+00  -2.09240086e-01 
  1.33631659e+00   1.55497282e+00  -2.30594849e+00 
  1.88470181e+00  -2.55532501e+00  -1.49817685e+00 
  1.88223979e-01  -3.13169572e+00  -5.17361518e-01 
  1.46848369e+00   4.94629472e+00   8.31633502e-01 
 -1.35305101e+01   3.32254164e+00   9.09548221e+00 
 -1.36471136e+01   6.44411380e+00   6.90457199e+00 
  9.15326380e+00   3.50240293e+00   5.80777776e+00 
  8.89601935e+00   9.66043667e-01   2.95715657e+00 
  9.40109047e+00  -1.97720594e+00   5.35567939e+00 
  6.84767257e+00  -4.09920470e-01   7.72051797e+00 
  4.27394327e+00  -1.06423175e-01   4.98143170e+00 
  4.53890929e+00  -3.87996367e+00   4.39084060e+00 
  3.47162495e+00  -4.89333078e+00   7.85890205e+00 
  3.29204647e-01  -2.69264068e+00   7.55775659e+00 
 -1.96509116e-01  -3.97524476e+00   4.06300818e+00 
 -2.36358418e-01  -7.64773797e+00   5.09781191e+00 
 -2.55244385e+00  -6.78651541e+00   8.00412089e+00 
 -4.88953597e+00  -5.05269594e+00   5.50547247e+00 
 -4.70584555e+00  -8.09140533e+00   3.16625027e+00 
 -5.99980221e+00  -1.01974704e+01   6.12396951e+00 
 -8.83780395e+00  -7.69690616e+00   6.75152632e+00 
 -9.85973944e+00  -7.60975476e+00   3.06968072e+00 
 -4.59220556e+00  -1.16616232e+01  -5.71843586e+00 
 -5.72130794e+00  -9.10504376e+00  -8.34899903e+00 
 -6.53379636e+00  -6.84127516e+00  -2.84707240e+00 
 -4.22799372e+00  -3.83681782e+00  -3.55906099e+00 
 -6.97888118e+00  -2.06653891e+00  -5.49310170e+00 
 -8.99480893e+00  -2.28895375e+00  -2.23393831e+00 
 -6.00616903e+00  -1.24691133e+00  -5.72371150e-02 
 -5.67491715e+00   1.95898210e+00  -2.14615862e+00 
 -9.36158573e+00   2.61796421e+00  -2.11092874e+00 
 -9.47239048e+00   2.49447637e+00   1.69028098e+00 
 -6.14516842e+00   4.29456451e+00   2.11308242e+00 
 -7.82492473e+00   7.31037476e+00   4.39717053e-01 
 -1.01796784e+01   7.31838161e+00   3.49293190e+00 
 -7.09236946e+00   8.07670028e+00   5.64649190e+00 
 -2.96196644e+00   8.66365003e+00   8.79800656e+00 
 -7.64630701e-01   5.78089193e+00   9.99693594e+00 
 -7.61159464e-01   3.31121788e+00   1.29193554e+01 
  7.03834861e+00   1.10757369e+01   1.51951532e+00 
  7.80053156e+00   1.30814959e+01  -1.62709894e+00 
  1.12096432e+01   1.39965888e+01  -8.07594190e-02 
  1.27439063e+01   5.46109260e+00  -6.21700661e+00 
  1.09385469e+01   5.44629430e+00  -2.80641703e+00 
  9.68192475e+00   9.01921304e+00  -3.06274761e+00 
  7.50285884e+00   8.05274411e+00  -6.05710254e+00 
  5.48994647e+00   5.38216881e+00  -4.21296895e+00 
  2.78449081e+00   7.36220748e+00  -2.46257156e+00 
  2.26667709e+00   1.03982492e+01  -4.70429483e+00 
 -2.94203015e-02   8.65361780e+00  -7.30053366e+00 
 -2.19491686e+00   7.50262971e+00  -4.37796552e+00 
 -2.52432237e+00   1.09994032e+01  -2.98833884e+00 
 -3.42907468e+00   1.22011929e+01  -6.52897658e+00 
 -6.13694024e+00   9.49174325e+00  -6.73196518e+00 
 -7.30799907e+00   1.00275515e+01  -3.11724519e+00 
 -7.28255754e+00   1.84103708e+00  -9.47003786e+00 
 -5.66961407e+00  -7.24606479e-01  -1.17964615e+01 
 -2.29178260e+00   2.85020528e+00  -9.55008663e+00 
 -1.49043312e+00  -8.42093988e-01  -8.87204595e+00 
  3.73469852e-01  -9.92839195e-01  -1.21632179e+01 
  3.26222041e+00   4.56779961e-01  -7.77452602e+00 
  4.22197434e+00  -2.96696530e+00  -9.22811871e+00 
  8.26759940e+00   4.54795132e-01  -8.81435784e+00 
  8.61314522e+00  -2.79916342e+00  -6.86964703e+00 
  1.02706403e+01  -4.42945163e+00  -9.92109361e+00 
  1.35212763e+01  -2.18848391e+00  -6.24591318e+00 
  1.37819448e+01  -5.96235932e+00  -6.76478899e+00 
  1.30964165e+01  -8.07359846e+00   8.94128083e-01 
  9.35519739e+00  -8.15110403e+00   5.09332300e-01 
  7.09470360e+00  -9.84505575e+00   3.08683295e+00 
  3.24090366e+00  -9.88802983e+00  -5.91793916e-01 

   1.604671208741e+00 

 -3.80722058e+00  -2.05432605e+00   1.07981474e+00 
 -2.85889675e+00  -1.03282650e+00   1.25938972e+00 
 -5.12495553e-01  -4.63957446e-01  -1.26329530e+00 
 -2.55528121e+00  -3.02460102e+00  -6.49967316e-01 
  7.97351148e-01  -2.59148533e+00  -1.43911679e+00 
  2.13427070e+00  -1.94123311e+00  -1.21794994e+00 
 -3.84570468e+00  -2.77153822e+00  -1.26742771e-01 
 -3.32524732e-01  -1.79532531e+00  -1.00791123e+00 
 -1.67934515e+00  -1.05960652e+00   5.25713013e-01 
 -1.51348265e+00  -2.15905412e+00  -3.37387368e-01 
 -1.14300329e+00   7.26256023e-03  -1.25894117e-01 
  2.67360119e+00  -8.90349819e-01  -1.69929553e+00 
  3.28844837e+00  -2.54972052e+00  -6.79153023e-01 
 -4.99745518e+00  -2.42828466e+00  -8.83695912e-01 
 -2.88946353e+00  -1.63915253e+01   8.93882250e+00 
 -5.56387200e+00  -1.41626255e+01   1.05000533e+01 
 -5.38112616e+00  -3.78801514e+00  -1.00437510e+01 
 -2.39471166e+00  -1.57998729e+00  -9.13200780e+00 
  2.18115099e-02  -3.81342232e+00  -1.10923421e+01 
 -1.58158462e+00  -6.87200695e+00  -9.46662100e+00 
 -1.09886791e+00  -5.46885120e+00  -6.00007731e+00 
  2.65634859e+00  -5.19495791e+00  -6.69429931e+00 
  3.20617901e+00  -8.86909603e+00  -7.32028217e+00 
  1.50032044e+00  -9.71569772e+00  -3.97635590e+00 
  3.40137812e+00  -6.91879485e+00  -2.33378818e+00 
  6.82631314e+00  -8.22745584e+00  -3.39059451e+00 
  5.79359888e+00  -1.17419944e+01  -2.32564959e+00 
  4.80766208e+00  -1.03145362e+01   1.09512005e+00 
  8.14483256e+00  -8.42900580e+00   1.31312428e+00 
  9.87667838e+00  -1.18471410e+01   8.94795815e-01 
  7.68491591e+00  -1.33711163e+01   3.64699120e+00 
  8.34000579e+00  -1.04820102e+01   6.06191521e+00 
  1.30975915e+01  -7.33396066e-01   4.13177420e+00 
  1.11764946e+01   1.40615729e+00   6.67392514e+00 
  8.15135962e+00  -3.66917033e+00   5.60360243e+00 
  5.04030125e+00  -1.75501384e+00   4.37570250e+00 
  3.97715182e+00  -1.00781889e+00   7.94686417e+00 
  3.90778758e+00  -4.81890522e+00   8.40116432e+00 
  2.15016076e+00  -5.40775387e+00   5.03666522e+00 
 -6.80150947e-01  -3.07232976e+00   6.17077425e+00 
 -8.65396737e-01  -4.60392555e+00   9.58353297e+00 
 -1.36186792e+00  -8.08474868e+00   8.12953537e+00 
 -3.61233785e+00  -6.87676342e+00   5.30718853e+00 
 -6.07205048e+00  -5.78747252e+00   8.04216632e+00 
 -6.28982549e+00  -9.53435798e+00   8.92561034e+00 
 -7.77857179e+00  -1.00883360e+01   5.42974316e+00 
 -9.39702895e+00  -1.11147785e+01   5.65198384e-01 
 -7.05395501e+00  -1.15443028e+01  -2.41834376e+00 
 -5.12431212e+00  -1.44157366e+01  -4.05271938e+00 
 -1.18090319e+01  -8.24925031e-02  -5.02692154e+00 
 -1.33443229e+01   3.27016692e+00  -4.07417284e+00 
 -1.49261598e+01   3.41472689e+00  -7.58522640e+00 
 -5.75291705e+00   8.75210225e+00  -8.06086276e+00 
 -6.07704308e+00   4.91443511e+00  -7.81813629e+00 
 -9.37030659e+00   4.96239036e+00  -5.93063298e+00 
 -7.65294645e+00   6.63823211e+00  -2.94889180e+00 
 -5.09338117e+00   3.86201537e+00  -2.37804722e+00 
 -6.97924159e+00   1.33249371e+00  -2.92625159e-01 
 -9.51094696e+00   3.42847957e+00   1.63307337e+00 
 -7.08388014e+00   4.61995293e+00   4.41623630e+00 
 -6.17032425e+00   9.57290980e-01   4.96929737e+00 
 -9.77941613e+00  -9.03567294e-02   5.34861942e+00 
 -1.02526890e+01   2.83071327e+00   7.80673937e+00 
 -7.22748948e+00   1.59849452e+00   9.81787398e+00 
 -8.20403458e+00  -2.09972774e+00   9.51098369e+00 
  8.54206491e-01   2.82650155e+00   1.05396599e+01 
  3.54627757e+00   5.35345653e+00   9.55802231e+00 
 -7.49099192e-01   5.11551291e+00   6.28260690e+00 
  2.64832716e+00   4.48303517e+00   4.61154731e+00 
  3.10714092e+00   8.22181254e+00   4.23777654e+00 
  5.96180987e-01   5.63941640e+00   1.47152876e-01 
  4.06494983e+00   7.01931126e+00  -7.58177875e-01 
  1.39333570e-01   8.69938904e+00  -3.92260520e+00 
  2.95521852e+00   6.77627781e+00  -5.61434499e+00 
  4.84727567e+00   1.00665304e+01  -6.17185148e+00 
  1.63519698e+00   8.35761132e+00  -1.01540203e+01 
  5.37937428e+00   8.56509292e+00  -1.08733279e+01 
  6.25885003e+00   1.17283430e+00  -1.37311812e+01 
  6.87052934e+00  -7.60700957e-02  -1.02359156e+01 
  8.38439650e+00  -3.52169503e+00  -9.55864960e+00 
  9.52347454e+00  -1.85002244e+00  -4.62976248e+00 

   1.604671208743e+00 

