 -1.92910492e+00   1.60834815e+00  -3.96839317e+00 
  2.35556607e+00  -2.08256205e+00   9.52105123e-01 
 -1.72411483e+00   1.51992990e-01  -1.11109914e+00 
 -1.67308271e+00  -1.06526790e+00  -3.52642320e-01 
 -2.69788080e+00   9.49731750e-01  -3.30332746e-01 
 -8.11361617e-01   1.06743347e+00  -8.42487171e-01 
 -2.43686067e+00   1.32485730e-01  -2.43681399e+00 
 -1.24995236e+00  -5.68919534e-01   9.96559475e-01 
 -6.84807149e-01  -1.82879063e+00  -9.62487624e-01 
 -3.10522804e+00  -1.33462554e+00  -1.65387481e-01 
 -2.16251903e+00   5.77104001e-01   1.13222696e+00 
 -2.70293115e+00   2.37220629e+00  -3.22451101e-01 
 -1.30428049e-01   9.10888355e-01   3.85069227e-01 
 -1.85473303e+00  -1.70399428e-01  -3.73439950e+00 
 -3.42426956e+00  -4.76980167e-01  -2.23844107e+00 
 -3.66073131e-01  -1.25957435e+00   1.87558746e+00 
 -2.26884733e-02  -2.78843830e+00   4.88112464e-02 
  1.15650842e+00   6.82210504e-01   1.21468490e-01 
 -5.14326281e-01   1.71223822e+00   1.15671644e+00 
  6.38277883e-01  -2.06688632e+00   1.22520982e+00 
 -1.97726457e-01  -4.38258567e-01   3.10857212e+00 
 -1.16288371e+00  -3.21509939e+00   8.01128839e-01 
  2.01236915e+00  -1.00479317e-01  -9.44985938e-02 
  1.55852256e+00   1.29759683e+00  -1.08947867e+00 
  1.28641941e+00  -2.94147668e+00   2.23347787e+00 
  1.09301190e+00  -5.30374236e-01   3.47421715e+00 
  2.87246600e+00   7.20448109e-01   1.01395457e+00 
  2.74628437e+00   1.57112917e+00   1.07897145e-01 
  1.81132952e+00  -1.93451026e+00   3.03611621e+00 
  2.45001595e+00  -3.88512825e+00   1.94288871e+00 
  1.93635617e-01  -3.86409750e+00   2.32439012e+00 
  2.71664265e+00  -1.90318751e+00   4.03190237e+00 
  3.42592822e+00  -3.93197481e+00   2.80602717e+00 
  3.85371979e+00  -2.77029862e+00   3.56835581e+00 
  4.75662807e+00  -2.92311210e+00   4.39334101e+00 
  1.16892396e+01  -9.01504877e+00   1.18139886e-01 
  9.26953595e+00  -7.25830768e+00  -2.23236792e+00 
  3.81737428e+00   4.46466720e+00  -1.02036079e+01 
  2.29219547e+00   1.24676004e+00  -1.15416931e+01 
  6.01759417e+00   5.99647314e-01  -7.63261211e+00 
  2.37778236e+00  -2.49214396e-01  -6.72791727e+00 
  2.76287581e+00  -3.71555880e+00  -8.29079467e+00 
  5.88303897e+00  -4.32641201e+00  -6.16573408e+00 
  4.01150431e+00  -3.25941155e+00  -3.04715946e+00 
  1.19002506e+00  -5.63159668e+00  -3.99946874e+00 
  3.76945982e+00  -8.32598077e+00  -4.32287408e+00 
  5.17604849e+00  -7.47740850e+00  -8.96817664e-01 
  1.62509953e+00  -7.48752013e+00   4.81151376e-01 
  9.76782967e-01  -1.09276227e+01  -8.31827298e-01 
  4.13853095e+00  -1.22104677e+01   9.32036127e-01 
  3.35051083e+00  -1.02175998e+01   4.11173641e+00 
 -1.40577695e-01  -1.18555024e+01   4.22719871e+00 
 -8.34201990e+00  -1.03491184e+01   7.21578697e+00 
 -9.53033458e+00  -7.48791089e+00   9.47949009e+00 
 -5.94985672e+00  -6.75613183e+00   1.06676496e+01 
 -4.05473057e+00  -7.35000105e+00   7.42446986e+00 
 -3.40699803e+00  -3.61411764e+00   6.52410902e+00 
 -2.84170089e+00  -2.64371550e+00   1.02492292e+01 
 -1.57188562e-01  -5.29551888e+00   1.08188042e+01 
  1.63054280e+00  -4.36073241e+00   7.56370175e+00 
  1.84673600e+00  -6.31890644e-01   8.25838326e+00 
  2.83206518e+00  -1.36487886e+00   1.19427847e+01 
  5.64617400e+00  -3.52100989e+00   1.05909045e+01 
  6.54256093e+00  -7.59101158e-01   8.07039464e+00 
  6.83000913e+00   1.44827290e+00   1.11952817e+01 
  1.14775521e+01  -1.49254990e+00   1.00567151e+01 
  9.82282219e+00   4.08807164e+00   4.59699975e+00 
  1.15378740e+01   6.87572814e-01   4.82614471e+00 
  8.97467254e+00  -1.53789222e+00   3.16146733e+00 
  1.15387979e+01  -4.17915513e+00   2.42446409e+00 
  1.53555519e+01  -4.38744709e+00   2.07171811e+00 
  1.21000646e+01  -1.37160226e+00  -1.40952445e+00 
  1.30650970e+01   1.67812759e+00   7.10024135e-01 
  1.12264712e+01   4.95783102e+00  -1.03379735e-01 
  1.04293671e+01   8.38964223e+00  -4.79852537e+00 
  6.94675383e+00   9.76624590e+00  -3.87300437e+00 
  5.29337986e+00   1.19850345e+01  -6.47542460e+00 
  1.13672709e-01   8.32809691e+00  -2.90403292e+00 
  2.66775537e+00   1.07365021e+01  -1.34307746e+00 
 -5.49625787e-02   1.19825911e+01   9.77694347e-01 
 -8.06959749e-01   8.39961721e+00   2.25837247e+00 
  2.97454583e+00   7.87523498e+00   2.66465140e+00 
  3.14110019e+00   1.08643382e+01   4.87107145e+00 
  3.43870606e-01   9.47299548e+00   7.10090818e+00 
  1.97026650e+00   6.00341123e+00   7.24556625e+00 
  4.03910293e+00   5.54908150e+00   1.28920752e+01 
 -5.71937314e+00   2.44167435e+00   8.41360426e+00 
 -7.53426080e+00   5.98120924e+00   4.77573485e+00 
 -5.24759541e+00   3.18004326e+00   3.76339716e+00 
 -8.15347599e+00   7.61994062e-01   3.21045946e+00 
 -9.95176256e+00   3.36937448e+00   1.04812754e+00 
 -6.91531803e+00   4.04034935e+00  -1.15735928e+00 
 -6.55170582e+00   2.85829109e-01  -1.49591115e+00 
 -9.97834702e+00  -4.38719783e-01  -2.58409328e+00 
 -9.87690349e+00   2.51964929e+00  -5.00319963e+00 
 -6.51289643e+00   1.37575391e+00  -6.46801136e+00 
 -7.97604491e+00  -2.16104436e+00  -6.70078635e+00 
 -6.25232460e+00  -1.52016029e+00  -1.11874479e+01 
 -1.91102697e+00  -1.14295164e+00  -1.49098171e+01 
 -1.33811418e+00  -2.35664070e+00  -1.13433242e+01 
 -1.32106350e+00  -6.11415619e+00  -1.06099163e+01 
 -2.98993166e+00  -7.32523750e+00  -7.40979112e+00 
 -1.95012154e+00  -1.08990705e+01  -6.39704063e+00 
 -4.54892980e+00  -1.02751277e+01  -9.79215314e-01 
 -9.70587703e+00  -6.68472943e+00  -4.66847763e-01 
 -1.26586350e+01  -3.93914942e+00   2.70883949e+00 
 -1.57900496e+01   3.45150046e+00  -1.95320051e+00 

   4.352839393911e+01 

 -1.08556783e+00  -3.12866097e+00   5.50740582e+00 
 -1.64066683e+00  -1.45108877e+00  -1.77751996e+00 
 -1.45375745e-01  -1.24181791e+00   3.08191978e+00 
 -4.24567216e-01  -1.47757198e-01   2.19610468e+00 
  1.24618570e+00  -9.44960679e-01   3.49378866e+00 
  2.91848581e-01  -2.36180066e+00   2.53623158e+00 
 -8.02175260e-01  -1.24338155e+00   4.43636394e+00 
  6.56997690e-01  -2.99712816e-01   1.17000853e+00 
 -1.68328582e+00  -4.19468726e-01   1.67325942e+00 
  4.79895545e-02   9.87062554e-01   3.00079866e+00 
  1.80991381e+00  -5.08694699e-01   2.05976384e+00 
  2.16092594e+00  -1.95143460e+00   3.91066034e+00 
  7.81047836e-01  -2.24896477e+00   1.21599533e+00 
 -2.08813178e+00  -1.82856326e+00   4.78019291e+00 
 -6.99613810e-01  -1.35745393e-01   4.82159128e+00 
  4.95108919e-01  -5.04624712e-02  -2.23764435e-01 
 -1.84676943e+00   2.02531680e-01   2.70248800e-01 
 -8.76292418e-03  -2.96631710e+00   4.16252251e-01 
  1.95574987e+00  -2.31989718e+00   1.22074884e+00 
 -8.24919346e-01  -3.14730226e-01  -7.44487572e-01 
  1.79694760e+00  -3.16977916e-01  -9.00031374e-01 
 -1.19565319e+00   1.46314728e+00   4.57231616e-01 
 -9.64010344e-01  -3.00851943e+00  -2.74735484e-01 
 -5.84897674e-01  -4.06479284e+00   1.10045143e+00 
 -9.31150550e-01   2.54285943e-01  -2.11069975e+00 
  1.52087056e+00  -9.18839262e-01  -2.07038666e+00 
  3.13737741e-03  -3.74195632e+00  -1.35596278e+00 
 -2.48119457e-02  -4.57945106e+00  -4.29495561e-01 
  6.77071518e-02  -5.10271942e-01  -2.70355288e+00 
 -2.15094973e+00   1.12219644e-01  -3.01667126e+00 
 -1.06343089e+00   1.61273950e+00  -1.67392008e+00 
  4.38123045e-01  -7.48061087e-01  -3.97572089e+00 
 -1.94611494e+00  -1.58605406e-01  -4.27536259e+00 
 -8.40904039e-01  -9.87413373e-01  -4.72838398e+00 
 -7.03270411e-01  -1.15105113e+00  -5.94225200e+00 
 -1.00006478e+01  -2.53241146e+00  -9.82822125e+00 
 -9.60492025e+00  -3.10030034e+00  -6.08831565e+00 
 -5.57870892e+00  -1.08193949e+01   6.35757024e+00 
 -7.99122640e+00  -8.05039588e+00   7.34952415e+00 
 -7.09033996e+00  -8.54113056e+00   2.00856473e+00 
 -5.70251343e+00  -5.39355375e+00   3.72727552e+00 
 -9.11609703e+00  -3.69723450e+00   3.45091661e+00 
 -9.18695880e+00  -4.45181305e+00  -2.97420640e-01 
 -5.70943493e+00  -2.99665152e+00  -6.92353896e-01 
 -6.85198244e+00   9.80903706e-02   1.20818765e+00 
 -9.72225277e+00   3.21529646e-01  -1.18542957e+00 
 -7.35846334e+00   2.48408828e-02  -4.14531208e+00 
 -5.14569147e+00   2.68270452e+00  -2.54921026e+00 
 -7.99947140e+00   5.08011953e+00  -2.25446599e+00 
 -8.75975187e+00   4.65480199e+00  -5.99540631e+00 
 -5.04112206e+00   4.80683929e+00  -6.91826548e+00 
 -4.74719923e+00   8.15494803e+00  -5.02418713e+00 
  1.20754480e+00   1.31387792e+01  -7.61915810e-01 
  5.00169466e+00   1.26056298e+01  -5.54237015e-01 
  4.98403259e+00   1.02928989e+01  -3.62311451e+00 
  1.71510548e+00   8.44398744e+00  -3.02474928e+00 
  3.25241765e+00   5.08017428e+00  -1.79655373e+00 
  6.20107550e+00   5.31542126e+00  -4.32397078e+00 
  3.92739146e+00   5.74917557e+00  -7.35799475e+00 
  1.66442925e+00   2.87428874e+00  -6.22683206e+00 
  4.43790727e+00   3.25404043e-01  -5.73227230e+00 
  6.12044161e+00   1.50106525e+00  -9.02921905e+00 
  2.80934715e+00   8.45992875e-01  -1.07622001e+01 
  2.53354412e+00  -2.53094429e+00  -8.94427622e+00 
  5.96347241e+00  -3.21048493e+00  -1.05234730e+01 
  1.63489105e+00  -4.35976098e+00  -1.39127172e+01 
  2.07941146e+00  -9.18079177e+00  -7.56842662e+00 
 -5.53485094e-01  -7.73544283e+00  -9.92132370e+00 
 -2.18018302e+00  -5.14706800e+00  -7.69690986e+00 
 -5.29234050e+00  -5.09335450e+00  -9.79590320e+00 
 -7.04312087e+00  -7.40866088e+00  -1.23077851e+01 
 -6.31138816e+00  -8.74585193e+00  -6.87740257e+00 
 -3.27243127e+00  -1.07842963e+01  -8.03244002e+00 
 -1.06936995e+00  -1.22674599e+01  -5.24938917e+00 
 -1.78542930e+00  -1.58245744e+01  -6.35140484e-01 
  9.79682620e-01  -1.43500765e+01   1.61435586e+00 
  1.22219601e+00  -1.58032743e+01   5.11559320e+00 
  3.18812557e+00  -8.80092369e+00   5.35973420e+00 
  4.86428788e+00  -1.15493259e+01   3.26280763e+00 
  8.22075551e+00  -9.97168925e+00   4.03553025e+00 
  7.07731502e+00  -6.52273506e+00   2.67884430e+00 
  5.65383749e+00  -8.33211612e+00  -3.93561220e-01 
  9.00147487e+00  -9.80756988e+00  -1.06223732e+00 
  1.06402808e+01  -6.33840387e+00  -9.54060969e-01 
  7.93785119e+00  -4.81833673e+00  -3.21024684e+00 
  1.07415090e+01  -3.83568279e+00  -8.45843295e+00 
  9.23605779e+00   2.83584948e+00   3.82653556e-01 
  9.67528014e+00   1.88124959e-01   5.05735748e+00 
  6.37400722e+00   4.31876064e-01   3.28468168e+00 
  5.50429976e+00   3.74752817e+00   4.97195876e+00 
  6.34638113e+00   2.25712998e+00   8.40380357e+00 
  4.17816899e+00  -8.37932443e-01   7.89999859e+00 
  1.42119921e+00   1.49498396e+00   6.75987921e+00 
  1.45593339e+00   3.74229463e+00   9.65804581e+00 
  1.66144327e+00   7.48194317e-01   1.20260498e+01 
 -1.27917286e+00  -1.00336454e+00   1.02780418e+01 
 -3.16577119e+00   2.33215773e+00   1.04157649e+01 
 -6.43077473e+00  -7.15095526e-01   1.23041705e+01 
 -1.02892057e+01  -4.92042181e+00   1.17817486e+01 
 -8.84466382e+00  -3.18979883e+00   8.70939040e+00 
 -1.07493375e+01  -2.75730202e-01   7.11643004e+00 
 -8.74296068e+00   2.70402270e+00   5.85620595e+00 
 -1.07096980e+01   4.95498192e+00   3.41811694e+00 
 -5.68845902e+00   7.95751443e+00   1.91216272e+00 
 -1.18743521e+00   8.74328169e+00   6.25623219e+00 
  3.79024382e+00   9.68717412e+00   7.07705934e+00 
  6.46524903e+00   4.75713675e+00   1.44730825e+01 

   4.352839393911e+01 

 -3.16215888e+00  -2.52938728e+00  -4.18383423e+00 
  2.07911212e+00  -1.94199282e+00   1.14313236e+00 
 -1.30299619e+00  -5.96863170e-01  -2.41296296e+00 
 -1.05167706e-02  -2.55437418e-02  -2.16261088e+00 
 -2.18206622e+00   5.89389613e-01  -2.29361610e+00 
 -1.93668877e+00  -1.12692103e+00  -1.38302390e+00 
 -1.63776807e+00  -1.00367911e+00  -3.82304651e+00 
 -1.97810625e-01   5.73206501e-01  -8.01667957e-01 
  8.63465584e-01  -1.10597345e+00  -2.14277844e+00 
 -5.24174208e-02   1.14973237e+00  -3.04330865e+00 
 -1.49075937e+00   1.24474076e+00  -1.00631106e+00 
 -3.55160072e+00   5.02730804e-01  -1.91893362e+00 
 -1.45379546e+00  -7.53508835e-01  -1.09270008e-01 
 -1.39902234e+00  -2.30073144e+00  -4.43541560e+00 
 -1.24874009e+00  -1.16811153e-01  -4.49229928e+00 
  7.95779482e-01   5.95291209e-01   2.19717255e-01 
  2.08421065e+00  -8.14982901e-01  -1.24435972e+00 
 -9.76627888e-01  -1.84404897e+00   4.91577480e-01 
 -2.20251277e+00   3.06201505e-03   3.92727809e-01 
  1.70978635e+00  -5.21831240e-01   2.10045975e-01 
  2.20568490e-01   1.27432848e+00   1.41604166e+00 
  2.34173818e+00   5.53335926e-01  -1.57519167e+00 
 -5.79997828e-02  -2.55505182e+00   6.97344509e-01 
 -1.65079144e+00  -3.01363056e+00   6.22860431e-02 
  2.84500408e+00  -2.28641940e-01   1.11939789e+00 
  6.57437629e-01   6.08251793e-01   2.49940416e+00 
 -4.92230040e-01  -2.45854656e+00   2.26083025e+00 
 -1.47017921e+00  -3.05364744e+00   1.76083977e+00 
  2.11098124e+00  -1.16311047e-01   2.29512428e+00 
  3.97839292e+00  -1.20130112e+00   1.43283231e+00 
  3.49596287e+00   6.80366388e-01   2.22945357e-01 
  2.43114400e+00  -7.72256633e-02   3.60207921e+00 
  4.37095125e+00  -1.29958653e+00   2.67212457e+00 
  3.45994436e+00  -1.15596048e+00   3.79599296e+00 
  3.93232312e+00  -1.22120645e+00   4.93256551e+00 
  1.07721142e+01  -8.74880468e+00   4.88096053e+00 
  8.18909444e+00  -8.76146741e+00   2.08921543e+00 
 -5.49047295e+00  -1.11677502e+01  -4.05684946e+00 
 -2.93384050e+00  -1.07850975e+01  -6.84768738e+00 
 -8.96315927e-01  -1.07028329e+01  -1.80586324e+00 
 -7.83099356e-01  -7.40743595e+00  -3.78445103e+00 
  2.41809964e+00  -8.53420119e+00  -5.54204919e+00 
  4.02601764e+00  -9.25745922e+00  -2.14853482e+00 
  3.01755056e+00  -5.82408462e+00  -8.98905818e-01 
  4.51833595e+00  -4.30097996e+00  -4.04893690e+00 
  7.65692613e+00  -6.19414156e+00  -3.28541145e+00 
  7.65389798e+00  -4.88423768e+00   2.81179604e-01 
  7.04787694e+00  -1.38082284e+00  -1.08518876e+00 
  1.00229228e+01  -1.59477989e+00  -3.33948626e+00 
  1.22354999e+01  -2.55312546e+00  -3.49564447e-01 
  1.05926448e+01   8.31096035e-02   1.89860903e+00 
  1.13863259e+01   2.77760380e+00  -7.45918698e-01 
  8.48600476e+00   1.06317279e+01  -3.63821506e+00 
  5.78397397e+00   1.28614027e+01  -2.07279753e+00 
  6.07024855e+00   1.10678439e+01   1.31368133e+00 
  6.61072322e+00   7.49928651e+00   1.15480862e-01 
  3.03312291e+00   6.15879998e+00   8.84183594e-01 
  2.76298307e+00   8.27136656e+00   4.14023154e+00 
  6.01280961e+00   6.91924910e+00   5.61450736e+00 
  5.05523300e+00   3.31656361e+00   4.73746368e+00 
  1.61446355e+00   3.39225972e+00   6.34648776e+00 
  3.07467329e+00   5.28995292e+00   9.40418412e+00 
  5.60121166e+00   2.47898010e+00   9.73693818e+00 
  2.78576663e+00  -9.78837126e-02   9.27039643e+00 
  1.17491466e+00   1.71446172e+00   1.22437121e+01 
  4.90757899e+00  -2.21089027e+00   1.37280493e+01 
 -1.62791003e+00  -5.18589785e+00   1.02457121e+01 
  2.07177408e+00  -6.02831070e+00   1.06456879e+01 
  3.38823632e+00  -5.19437364e+00   7.20108001e+00 
  6.41281735e+00  -7.36695994e+00   7.67643326e+00 
  7.43714292e+00  -1.03353437e+01   9.88434653e+00 
  3.28814472e+00  -1.06174118e+01   6.07398980e+00 
  8.77252242e-01  -1.00450032e+01   9.00393378e+00 
 -2.81829641e+00  -9.51100355e+00   8.07852033e+00 
 -6.97877572e+00  -1.24263226e+01   5.13770032e+00 
 -8.96915624e+00  -9.37903889e+00   3.85994087e+00 
 -1.18576076e+01  -1.01471954e+01   1.51557662e+00 
 -9.01094461e+00  -3.70885480e+00  -3.28787095e-01 
 -1.05205103e+01  -4.62049593e+00   3.08448960e+00 
 -1.20109015e+01  -1.14189548e+00   3.25765274e+00 
 -8.54982184e+00   5.26838557e-01   2.72888788e+00 
 -7.12031758e+00  -1.86860062e+00   5.36673026e+00 
 -9.64330378e+00  -6.59113918e-01   7.81672008e+00 
 -8.62458960e+00   2.98739714e+00   7.18610279e+00 
 -4.89082882e+00   2.15463601e+00   7.45000386e+00 
 -3.16907427e+00   4.61709186e+00   1.26789078e+01 
 -3.05576840e+00   8.72022575e+00   2.28217794e+00 
 -7.40139577e+00   7.26093859e+00  -5.53703210e-01 
 -4.32594682e+00   5.10719394e+00  -4.97181108e-01 
 -2.74302454e+00   6.97089179e+00  -3.43279540e+00 
 -5.97563738e+00   6.58572716e+00  -5.46006178e+00 
 -6.24250814e+00   2.83300114e+00  -4.84345642e+00 
 -2.59307262e+00   2.59011280e+00  -5.82624791e+00 
 -2.83671580e+00   4.34217170e+00  -9.03902070e+00 
 -6.00887355e+00   2.39262383e+00  -9.90561879e+00 
 -4.34710669e+00  -9.59245541e-01  -9.02572327e+00 
 -1.31061450e+00   1.66910964e-01  -1.10788712e+01 
 -2.17664746e+00  -4.22416400e+00  -1.29444874e+01 
 -2.07944913e+00  -9.94505286e+00  -1.26171241e+01 
 -2.67843588e-01  -7.80094505e+00  -1.00399107e+01 
  3.45892382e+00  -7.05163644e+00  -1.04947092e+01 
  4.70184865e+00  -3.55374134e+00  -9.65060751e+00 
  8.52617677e+00  -3.35670186e+00  -9.18709832e+00 
  8.10763536e+00   2.22270452e+00  -6.90872443e+00 
  3.54300792e+00   6.03546146e+00  -9.00028984e+00 
  6.78952757e-01   1.01710240e+01  -7.98230696e+00 
 -7.82299469e+00   8.68660374e+00  -1.13992451e+01 

   4.352839393911e+01 

  4.95875980e+00  -2.30407692e+00   2.35626414e-01 
 -5.60329621e-02   2.95749449e+00  -1.59747121e+00 
  2.21746120e+00  -7.98697882e-01   9.74704433e-01 
  1.55490413e+00   3.59012548e-01   1.50414734e+00 
  1.47632817e+00  -1.89638846e+00   1.63802992e+00 
  1.78990369e+00  -1.25853797e+00  -1.86779002e-01 
  3.60425515e+00  -1.11092955e+00   1.46990233e+00 
  1.36079666e-01   1.19073655e-01   1.08568234e+00 
  2.12237227e+00   1.43672676e+00   8.34760448e-01 
  1.53084489e+00   3.29425965e-02   2.93654313e+00 
  1.77769963e-03  -1.29289905e+00   1.47664217e+00 
  1.35807911e+00  -3.19872957e+00   1.07816723e+00 
  5.17347251e-01  -8.01318225e-01  -5.94972356e-01 
  4.85801549e+00  -6.40297273e-01   9.03395097e-01 
  3.55199115e+00  -9.46100487e-01   2.63432350e+00 
 -7.68990757e-01   1.13546585e+00   6.62916183e-01 
  1.12884054e+00   2.61372388e+00   7.36665109e-01 
  6.70253762e-01  -8.09695422e-02  -1.70659359e+00 
 -2.72976175e-01  -1.66440877e+00  -4.70704636e-01 
 -1.59475144e-01   2.25841553e+00  -8.60401376e-03 
 -2.07282415e+00   4.91825247e-01   3.32921266e-01 
  5.27763540e-01   2.56737679e+00   2.03459616e+00 
  8.61459478e-01   9.73353435e-01  -2.20013807e+00 
  1.78414901e+00  -5.19872335e-01  -2.46376626e+00 
 -1.15525955e+00   3.35190500e+00  -1.28163106e-01 
 -2.55521611e+00   1.10890836e+00  -7.60099104e-01 
 -3.86761909e-01   6.05431656e-01  -3.17427039e+00 
  4.58199797e-01  -2.52169283e-01  -3.50755774e+00 
 -2.08165616e+00   2.66879179e+00  -9.08474562e-01 
 -9.07705018e-01   4.67528071e+00  -8.46682947e-01 
 -1.06613819e+00   3.75707196e+00   1.24353939e+00 
 -3.16096895e+00   3.03746444e+00  -1.62354618e+00 
 -1.85625865e+00   5.13970308e+00  -1.61098997e+00 
 -2.74518622e+00   4.27463851e+00  -2.36935216e+00 
 -3.64045173e+00   4.80524971e+00  -3.02976667e+00 
  3.94890440e-01   1.30382056e+01  -7.43256018e+00 
  2.82758238e+00   1.03800250e+01  -6.21515394e+00 
  1.03573817e+01  -2.79385465e+00  -6.88290467e+00 
  1.20856859e+01  -5.10283954e-01  -4.37894022e+00 
  7.89191358e+00   1.71030113e+00  -7.03591965e+00 
  7.41817998e+00   1.04546350e+00  -3.27814951e+00 
  9.20118539e+00   4.32039255e+00  -2.44020101e+00 
  6.83398070e+00   6.20656437e+00  -4.77753713e+00 
  3.84071530e+00   4.57468122e+00  -3.12104709e+00 
  5.24770529e+00   5.57385943e+00   2.72612058e-01 
  5.52523093e+00   9.06858915e+00  -1.04177907e+00 
  1.92186189e+00   8.96993987e+00  -2.24279072e+00 
  9.04454741e-01   7.58921065e+00   1.15818105e+00 
  2.53902396e+00   1.04308149e+01   2.95595794e+00 
  5.78480261e-01   1.29366609e+01   8.04084385e-01 
 -2.65408598e+00   1.08977455e+01   1.11445761e+00 
 -2.29790306e+00   1.09892188e+01   4.95483804e+00 
 -4.57454326e+00   6.39541267e+00   1.21782971e+01 
 -6.92673132e+00   3.37174598e+00   1.23964784e+01 
 -8.51436183e+00   4.18637900e+00   8.99312005e+00 
 -5.43668860e+00   5.39123817e+00   7.11199253e+00 
 -4.89840821e+00   2.20842113e+00   4.92865522e+00 
 -8.72532027e+00   1.66819766e+00   4.48069989e+00 
 -9.34736645e+00   5.19489005e+00   3.16214662e+00 
 -6.36651887e+00   4.95836926e+00   7.69636028e-01 
 -7.36773350e+00   1.65857225e+00  -8.24883270e-01 
 -1.10626857e+01   2.84405372e+00  -9.82747769e-01 
 -9.82983931e+00   5.90864588e+00  -2.84930995e+00 
 -7.63268612e+00   3.66509100e+00  -5.06822825e+00 
 -1.09332669e+01   1.86258869e+00  -5.82796360e+00 
 -1.00309977e+01   6.39176729e+00  -9.02434901e+00 
 -4.88700656e+00   4.47253119e-01  -1.03998728e+01 
 -5.01767567e+00   4.25614455e+00  -1.05803560e+01 
 -2.94076200e+00   5.20276641e+00  -7.56635798e+00 
 -2.25554349e+00   8.62956299e+00  -8.93811711e+00 
 -2.26434639e+00   1.03499878e+01  -1.23696601e+01 
  1.27408095e+00   6.16708685e+00  -1.10297203e+01 
 -1.16136400e+00   3.83599649e+00  -1.28625465e+01 
 -4.29489556e-01   6.90244091e-02  -1.25925342e+01 
  4.03927320e+00  -3.54017141e+00  -1.38012363e+01 
  3.35588895e+00  -6.17558620e+00  -1.10685093e+01 
  5.92717890e+00  -8.95479250e+00  -1.07623398e+01 
  3.17808621e+00  -7.58905827e+00  -4.16425998e+00 
  1.19070532e+00  -8.70992858e+00  -7.25526349e+00 
 -9.41393322e-01  -1.08746927e+01  -4.99255174e+00 
 -1.85866683e+00  -7.86165965e+00  -2.72901924e+00 
 -2.59238724e+00  -5.84227738e+00  -5.91077557e+00 
 -5.03083733e+00  -8.43759892e+00  -6.98270597e+00 
 -6.85972884e+00  -8.22397469e+00  -3.61491438e+00 
 -6.89248036e+00  -4.39041197e+00  -3.69754986e+00 
 -1.26622298e+01  -2.95963788e+00  -4.71364082e+00 
 -7.01801899e+00  -4.20184945e+00   4.85403037e+00 
 -3.50658223e+00  -8.28682370e+00   4.65650717e+00 
 -2.50847348e+00  -4.83464554e+00   3.56726804e+00 
 -1.48583148e+00  -3.81488655e+00   7.10437688e+00 
  6.32781472e-01  -6.99386738e+00   7.44128435e+00 
  2.47018688e+00  -6.45149456e+00   4.14520367e+00 
  3.06311986e+00  -2.88273970e+00   5.26577170e+00 
  4.53588397e+00  -3.63867632e+00   8.53846281e+00 
  6.69521963e+00  -6.37962375e+00   6.97680003e+00 
  7.90714158e+00  -4.02205483e+00   4.19402668e+00 
  8.55763875e+00  -1.38664667e+00   6.90242233e+00 
  1.27895260e+01  -1.41955836e+00   4.53554183e+00 
  1.60265358e+01  -1.30039399e-01  -1.46331199e-02 
  1.25265673e+01   1.32464710e+00   3.79383747e-01 
  1.20902915e+01   4.79036430e+00   1.94640901e+00 
  9.17385407e+00   5.32574381e+00   4.33396042e+00 
  8.34562965e+00   9.04542251e+00   4.93161050e+00 
  3.17728062e+00   7.59823063e+00   7.70464927e+00 
  2.89566023e+00   2.24949219e+00   1.10301977e+01 
 -1.78931016e-01  -1.35188228e+00   1.30098363e+01 
  4.17762547e+00  -9.52215515e+00   1.23547508e+01 

   4.352839393911e+01 

 -5.11148733e+00  -3.19401547e+00  -5.82115086e-01 
  1.13048049e+00   3.71621351e-01   1.54311404e+00 
 -1.90231091e+00  -3.21464053e+00  -4.15136797e-01 
 -7.13257706e-01  -3.39492835e+00   3.67955712e-01 
 -1.57259929e+00  -3.98059254e+00  -1.63939626e+00 
 -1.97463733e+00  -2.12542894e+00  -1.15789456e+00 
 -3.14583677e+00  -3.95269257e+00   2.98957842e-03 
  3.40695337e-01  -2.84103210e+00  -5.42059888e-01 
 -9.00146321e-01  -2.60296099e+00   1.49464430e+00 
 -5.18717760e-01  -4.84604736e+00   2.45212092e-01 
 -5.56243500e-02  -3.49318359e+00  -1.79990831e+00 
 -2.14347494e+00  -3.69162188e+00  -2.90987585e+00 
 -7.51011687e-01  -1.45757321e+00  -1.38544811e+00 
 -4.17120976e+00  -3.48200781e+00   9.20271566e-01 
 -2.77643308e+00  -5.03874440e+00   2.67203796e-01 
  1.47558692e+00  -2.09466423e+00  -1.10906917e-01 
  4.51354724e-01  -2.12534184e+00   2.06681130e+00 
 -8.21562323e-01  -2.53429618e-01  -8.17077455e-01 
 -3.95820922e-01  -1.64610892e+00  -2.49146469e+00 
  1.27048587e+00  -1.29714380e+00   1.07457162e+00 
  2.27634718e+00  -1.72610319e+00  -1.31344472e+00 
  1.24248612e+00  -3.30765879e+00   1.91091276e+00 
 -6.49426692e-01   4.16039618e-01   1.38915739e-01 
 -2.15167216e+00   2.33097010e-01  -7.88645331e-01 
  2.58384038e+00  -8.15718188e-01   1.56947514e+00 
  2.72432966e+00  -4.72522903e-01  -1.12361513e+00 
  7.92896729e-02   1.45762417e+00  -8.74213530e-01 
 -1.09995204e+00   1.48461534e+00  -1.28552919e+00 
  2.93810246e+00  -7.20713189e-02   4.49105547e-01 
  2.77170546e+00   1.19423476e-01   2.76073247e+00 
  2.97615064e+00  -2.07248069e+00   2.13543566e+00 
  3.88749771e+00   8.47574402e-01   1.94030146e-01 
  3.63611693e+00   1.08828612e+00   2.64366267e+00 
  3.88497957e+00   1.76776503e+00   1.38270352e+00 
  4.75327740e+00   2.64228466e+00   1.36101995e+00 
  3.74372340e+00   8.04595526e+00   9.91854789e+00 
  7.42258353e-01   5.97659452e+00   8.83459882e+00 
 -1.16136446e+01   2.84246618e+00   5.76041014e-01 
 -1.16179350e+01   6.49106825e-01   3.68421172e+00 
 -7.56793874e+00   4.26801415e+00   3.40260131e+00 
 -6.61580193e+00   5.58001790e-01   3.06126165e+00 
 -6.60996845e+00   1.75445502e-01   6.86389795e+00 
 -4.23762409e+00   3.16020325e+00   7.15994826e+00 
 -1.93923236e+00   1.63687692e+00   4.55927297e+00 
 -2.01274977e+00  -1.63898443e+00   6.49788793e+00 
 -1.05908417e+00   3.18550471e-01   9.54359955e+00 
  1.80436006e+00   1.96488282e+00   7.66564693e+00 
  2.85268859e+00  -1.47186477e+00   6.40156119e+00 
  3.01395653e+00  -2.85277859e+00   9.87223873e+00 
  5.33237208e+00   2.38505010e-02   1.09227197e+01 
  7.37521535e+00  -2.46874990e-01   7.68906984e+00 
  7.93706858e+00  -3.99631464e+00   8.40305777e+00 
  9.56008161e+00  -1.16235584e+01   4.20121436e+00 
  1.03910615e+01  -1.21320219e+01   4.89895289e-01 
  1.13912854e+01  -8.44593414e+00   6.63927502e-02 
  8.78851393e+00  -6.80531905e+00   2.30164705e+00 
  6.48885899e+00  -5.42554424e+00  -5.25867858e-01 
  9.52522826e+00  -4.56856179e+00  -2.80266473e+00 
  1.12821374e+01  -2.47459622e+00  -1.39647320e-01 
  8.04118679e+00  -6.23738086e-01   7.18294668e-01 
  7.17302204e+00   3.76930536e-01  -2.84239840e+00 
  1.08892299e+01   1.29190474e+00  -3.50238357e+00 
  1.07004972e+01   3.56145414e+00  -4.67714710e-01 
  7.33398162e+00   4.93821876e+00  -1.71499619e+00 
  9.30400816e+00   5.76212487e+00  -4.90250621e+00 
  9.73809773e+00   9.66880778e+00  -8.90795461e-01 
  2.39412552e+00   9.05054781e+00  -3.95245941e+00 
  4.08675834e+00   1.00322658e+01  -6.77016464e-01 
  3.31952039e+00   7.01946979e+00   1.47432112e+00 
  3.87355885e+00   8.96148116e+00   4.63909845e+00 
  3.86466917e+00   1.26416587e+01   5.73072119e+00 
 -7.29213744e-01   9.98332562e+00   3.82229992e+00 
  2.24713614e-02   1.16158687e+01   4.31960896e-01 
 -2.16123733e+00   1.04720780e+01  -2.52130590e+00 
 -7.88400225e+00   1.02702636e+01  -3.81216926e+00 
 -7.80738628e+00   7.17406037e+00  -6.11170780e+00 
 -1.11804140e+01   5.94259561e+00  -7.35083587e+00 
 -6.74817819e+00   2.20969333e-01  -6.59210248e+00 
 -6.15036739e+00   3.25972888e+00  -8.86562364e+00 
 -4.70306746e+00   9.18654773e-01  -1.14688154e+01 
 -2.12496259e+00  -5.20935543e-01  -8.95400073e+00 
 -1.31546346e+00   3.08064258e+00  -7.89893206e+00 
 -5.07672223e-01   3.92212991e+00  -1.14302406e+01 
  1.92348978e+00   9.61110399e-01  -1.16632953e+01 
  3.56184436e+00   1.83950130e+00  -8.30944252e+00 
  9.01877271e+00   3.92638114e+00  -9.80491200e+00 
  5.61389521e+00  -6.38425571e+00  -7.15196763e+00 
  7.50604476e-01  -7.52983749e+00  -9.17490209e+00 
  1.10194259e+00  -5.89987970e+00  -5.81038189e+00 
  1.40617206e+00  -9.25663821e+00  -4.01136531e+00 
 -1.73205989e+00  -1.05373500e+01  -5.80558495e+00 
 -3.83413004e+00  -7.49041689e+00  -4.89351344e+00 
 -2.59614198e+00  -7.91938671e+00  -1.34011733e+00 
 -3.49894289e+00  -1.14507365e+01  -9.33299410e-01 
 -6.90031013e+00  -1.08080864e+01  -2.55564824e+00 
 -7.57028225e+00  -7.79485879e+00  -2.66039050e-01 
 -6.43347369e+00  -9.96260846e+00   2.68564816e+00 
 -1.06818650e+01  -8.26933319e+00   4.29687942e+00 
 -1.39697730e+01  -4.04907225e+00   6.35217566e+00 
 -1.01904882e+01  -3.63999627e+00   6.08608297e+00 
 -7.99454236e+00  -4.37869022e+00   9.13391066e+00 
 -4.68439542e+00  -6.17186939e+00   8.56815837e+00 
 -2.24720030e+00  -5.86454265e+00   1.15421761e+01 
  2.28422481e+00  -8.12663175e+00   8.24898925e+00 
  9.84854047e-01  -1.24148652e+01   3.81387090e+00 
  2.58890846e+00  -1.46475325e+01  -5.20201645e-01 
 -4.85115477e+00  -1.63141551e+01  -5.81452959e+00 

   4.352839393911e+01 

  7.98295463e-01   5.63166913e+00   2.59671695e+00 
 -7.06432872e-01  -1.58659671e+00   1.24580686e+00 
  1.48748928e+00   2.99163960e+00   8.98960675e-01 
  1.14843763e+00   2.09199394e+00  -1.66528306e-01 
  2.93924620e+00   3.18432806e+00   6.76527594e-01 
  1.77349755e+00   2.45580010e+00   2.07129911e+00 
  1.03512136e+00   4.42319059e+00   7.89726731e-01 
  2.05879256e+00   9.33735359e-01   1.08130431e-01 
 -1.86714019e-01   1.76936392e+00   4.52423088e-02 
  1.79940456e+00   2.75411657e+00  -1.30516513e+00 
  3.31403490e+00   1.66196077e+00   3.50221231e-01 
  3.84320397e+00   3.52547370e+00   1.72055894e+00 
  2.07192253e+00   1.07529272e+00   2.05668772e+00 
 -2.19920372e-01   4.97915211e+00   1.26943206e+00 
  1.25822262e+00   4.72476064e+00  -3.26095005e-01 
  1.71163704e+00  -4.35218478e-01  -8.26186802e-02 
 -5.14591315e-01   3.69769326e-01  -5.16613229e-01 
  1.13319684e+00   4.38632538e-01   2.75771717e+00 
  3.22856847e+00   9.17817107e-01   2.20618849e+00 
  3.16684585e-01  -7.47505514e-01   1.17504027e-01 
  2.88344992e+00  -1.27227764e+00   3.03823996e-01 
  2.30644360e-01   3.88848942e-01  -1.73822134e+00 
  8.70473275e-02  -1.06505873e-01   2.76946553e+00 
  5.97997459e-01   1.26039089e+00   3.77996154e+00 
  4.75333952e-02  -2.11575126e+00  -3.89508213e-01 
  2.40524139e+00  -2.35464734e+00   9.42556755e-01 
  8.41784730e-01  -1.26913627e+00   3.61859382e+00 
  8.98662974e-01  -3.00796342e-01   4.40574233e+00 
  9.02553963e-01  -2.79844081e+00   4.68754625e-01 
 -1.29701743e+00  -2.83006038e+00  -2.85475532e-01 
  6.11048024e-02  -1.74461583e+00  -1.77361260e+00 
  1.06975871e+00  -4.09418234e+00   7.93191852e-01 
 -1.29335948e+00  -4.08711526e+00   6.00776635e-02 
 -3.16849136e-01  -4.64293211e+00   9.82648707e-01 
 -3.66680097e-01  -5.85242905e+00   1.21466151e+00 
 -1.01948589e+01  -8.29573212e+00   2.15663343e+00 
 -9.29551896e+00  -4.62283475e+00   2.56529522e+00 
 -3.97391173e+00   7.55643349e+00   9.91653974e+00 
 -6.04790209e+00   8.71676419e+00   6.94605739e+00 
 -5.96185136e+00   3.33985913e+00   7.75830840e+00 
 -4.15455399e+00   4.65826153e+00   4.63056795e+00 
 -7.46501564e+00   4.76951810e+00   2.72402870e+00 
 -8.12346600e+00   1.11941818e+00   3.65550925e+00 
 -4.65956351e+00   1.51946566e-01   2.45883977e+00 
 -5.32813736e+00   2.01135714e+00  -7.95465329e-01 
 -8.49671420e+00   3.92962687e-02  -1.09358776e+00 
 -6.60901755e+00  -3.20303751e+00  -4.93336045e-01 
 -4.03390911e+00  -2.09403199e+00  -3.07152587e+00 
 -6.66693118e+00  -1.53854751e+00  -5.66713074e+00 
 -7.98560109e+00  -5.10293419e+00  -5.11052224e+00 
 -4.43771247e+00  -6.55024646e+00  -4.96641960e+00 
 -3.67342648e+00  -4.91536837e+00  -8.37622840e+00 
  3.12249372e+00  -1.83705055e+00  -1.31515750e+01 
  6.86811084e+00  -2.13788951e+00  -1.23751729e+01 
  6.26795982e+00  -5.03320614e+00  -9.92078786e+00 
  3.01613137e+00  -3.87127122e+00  -8.32770346e+00 
  4.51226102e+00  -2.67903604e+00  -4.93252993e+00 
  7.07197710e+00  -5.60782844e+00  -4.84426919e+00 
  4.41226906e+00  -8.30947182e+00  -5.28034204e+00 
  2.17014435e+00  -6.70361041e+00  -2.62335367e+00 
  4.82929427e+00  -6.45889608e+00   7.89822536e-02 
  6.08294201e+00  -1.00237338e+01  -8.17264760e-01 
  2.52248308e+00  -1.12293059e+01  -3.02077734e-01 
  2.31264595e+00  -9.19683737e+00   2.95516944e+00 
  5.43071730e+00  -1.12033791e+01   3.94079988e+00 
  5.95754931e-01  -1.38728115e+01   4.96143585e+00 
  1.66771616e+00  -7.38511530e+00   9.48367608e+00 
 -1.18776632e+00  -9.42180127e+00   7.98186631e+00 
 -2.31768948e+00  -7.14426333e+00   5.18366297e+00 
 -5.69254555e+00  -8.78103109e+00   5.02391276e+00 
 -7.92377387e+00  -1.08804019e+01   7.33685212e+00 
 -6.49325310e+00  -5.53966806e+00   8.45163425e+00 
 -3.78072010e+00  -6.99245212e+00   1.07442766e+01 
 -1.28963476e+00  -4.46762508e+00   1.22336952e+01 
 -1.53952396e+00   4.01031588e-01   1.55033792e+01 
  1.60538804e+00   2.14653961e+00   1.41094811e+01 
  2.26608942e+00   5.65690348e+00   1.54017963e+01 
  4.66002535e+00   5.21147798e+00   8.54409522e+00 
  5.84776029e+00   3.06225342e+00   1.14988296e+01 
  9.36871432e+00   3.25866507e+00   1.01145544e+01 
  8.24802416e+00   1.87872663e+00   6.66735825e+00 
  6.28889400e+00  -8.50400699e-01   8.52571688e+00 
  9.41033714e+00  -1.89909245e+00   1.02541861e+01 
  1.12511179e+01  -2.22652020e+00   6.90204993e+00 
  8.34543444e+00  -4.16214853e+00   5.31634781e+00 
  1.04119095e+01  -9.80268533e+00   4.78381716e+00 
  1.06043077e+01  -1.24178257e+00  -2.40050353e+00 
  1.15583280e+01   3.47002296e+00   3.77237044e-02 
  8.05532755e+00   2.17141656e+00  -3.40173219e-01 
  7.63844837e+00   3.76856693e+00  -3.78577424e+00 
  8.87902828e+00   7.12764149e+00  -2.41262962e+00 
  6.48029028e+00   7.11724029e+00   5.50531285e-01 
  3.73097493e+00   6.24483626e+00  -1.90373638e+00 
  4.31933757e+00   8.97285314e+00  -4.28338650e+00 
  4.68742251e+00   1.14584469e+01  -1.40230143e+00 
  1.42539998e+00   1.02495184e+01   2.31226800e-01 
 -2.19313264e-01   1.04581955e+01  -3.22641718e+00 
 -3.35154785e+00   1.29642875e+01  -5.02323658e-01 
 -7.48841223e+00   1.32395312e+01   3.45441459e+00 
 -6.40420619e+00   9.89796385e+00   1.97807892e+00 
 -8.34282661e+00   8.42350266e+00  -9.75700950e-01 
 -6.36658666e+00   6.72031255e+00  -3.74811129e+00 
 -8.52853409e+00   4.45814591e+00  -6.00371239e+00 
 -3.60897964e+00   2.08396258e+00  -8.58386307e+00 
  1.51310786e+00   5.69374625e+00  -9.27759693e+00 
  6.60447463e+00   5.74512881e+00  -9.92360216e+00 
  1.00253658e+01   1.29627295e+01  -5.19435015e+00 

   4.352839393911e+01 

  6.90199205e-01   4.24910685e+00  -5.34007575e-01 
  1.02949997e+00  -3.23741892e+00  -3.62735925e-01 
 -7.96703475e-01   1.48416272e+00   1.52523408e-01 
 -1.49012241e+00   3.14422215e-01  -3.06238437e-01 
 -1.64701542e+00   1.90905316e+00   1.28858730e+00 
  1.93095579e-01   1.30095817e+00   1.00694486e+00 
 -8.76178381e-01   2.73097352e+00  -6.87151292e-01 
 -1.49483671e+00  -5.41877140e-01   9.23589056e-01 
 -6.83640808e-01  -2.13146964e-01  -1.30764995e+00 
 -2.87064402e+00   8.14412400e-01  -3.59418029e-01 
 -1.91171592e+00   4.60064647e-01   1.91700634e+00 
 -1.14777381e+00   2.65591214e+00   2.39152925e+00 
  2.22200536e-01   4.32734474e-02   1.64917040e+00 
  2.60021316e-02   3.11766717e+00  -1.75994135e+00 
 -2.00659619e+00   2.80668819e+00  -1.00683813e+00 
 -1.34531622e+00  -1.95911677e+00   9.27085786e-01 
 -8.70094328e-01  -1.74094598e+00  -1.42217261e+00 
  1.33316539e+00  -5.91004949e-01   1.27309542e+00 
 -1.24900618e-01   1.60746979e-01   2.76751723e+00 
 -5.24661372e-01  -2.49156402e+00  -1.34276639e-01 
 -1.40308578e+00  -2.43121537e+00   2.34021600e+00 
 -2.28573708e+00  -1.85330303e+00  -1.24497745e+00 
  1.86363063e+00  -1.31816227e+00   5.10473898e-01 
  2.37565956e+00   3.18476596e-01   9.68533501e-01 
 -6.91415564e-01  -3.96507934e+00  -1.84732846e-01 
 -4.91619856e-01  -3.41139898e+00   2.46927830e+00 
  2.43981226e+00  -2.07798535e+00   1.82692384e+00 
  2.99814039e+00  -9.63649365e-01   1.91085910e+00 
 -2.09957436e-01  -4.24561736e+00   1.08933026e+00 
  7.14813005e-02  -4.89223751e+00  -1.12666881e+00 
 -1.97946159e+00  -3.92699109e+00  -8.11755456e-01 
  1.68183686e-01  -5.37112934e+00   1.72367647e+00 
  5.34403603e-01  -6.00901660e+00  -6.38698762e-01 
  1.00502837e+00  -6.12949555e+00   7.31571033e-01 
  1.38377866e+00  -7.23785819e+00   1.11533706e+00 
  6.77789805e+00  -1.13282092e+01  -6.47562102e+00 
  6.29851098e+00  -7.55591795e+00  -6.55307355e+00 
  9.05245956e+00   6.80206071e+00  -2.43493191e+00 
  7.15243121e+00   6.80644096e+00  -5.73060208e+00 
  8.50744197e+00   1.89075193e+00  -3.83898593e+00 
  4.76903953e+00   2.79158800e+00  -3.82847116e+00 
  4.48398974e+00   1.79239782e+00  -7.50634988e+00 
  6.05327566e+00  -1.60172284e+00  -6.70527002e+00 
  3.60665897e+00  -2.09988999e+00  -3.85350988e+00 
  7.58731468e-01  -1.21189814e+00  -6.21902881e+00 
  2.10716999e+00  -3.79657839e+00  -8.56826737e+00 
  2.22907621e+00  -6.36549911e+00  -5.77144519e+00 
 -1.32456375e+00  -5.38305752e+00  -4.81510266e+00 
 -2.57304600e+00  -5.98109534e+00  -8.28816697e+00 
 -1.06370195e+00  -9.51277219e+00  -8.23625394e+00 
 -2.28967759e+00  -1.01428307e+01  -4.65812565e+00 
 -5.86823075e+00  -9.21563771e+00  -5.76176780e+00 
 -1.34535199e+01  -6.01244782e+00  -2.49565857e+00 
 -1.43424602e+01  -5.36575764e+00   1.18055265e+00 
 -1.15318688e+01  -7.67954082e+00   2.41101148e+00 
 -8.84703065e+00  -6.86239682e+00  -1.55370901e-01 
 -6.60957595e+00  -4.64562209e+00   2.13956662e+00 
 -7.27440537e+00  -6.89823028e+00   5.24142403e+00 
 -6.17873729e+00  -1.01067476e+01   3.48984999e+00 
 -3.03538109e+00  -8.41900709e+00   2.09832378e+00 
 -1.80210786e+00  -7.02926581e+00   5.41211905e+00 
 -2.70256903e+00  -1.03768724e+01   7.16302133e+00 
 -5.53355889e-01  -1.21238250e+01   4.56981305e+00 
  2.19440194e+00  -9.48245983e+00   5.07739161e+00 
  1.97520979e+00  -1.05382431e+01   8.75941858e+00 
  5.30849017e+00  -1.38196964e+01   5.65044221e+00 
  8.07925839e+00  -6.38731389e+00   6.52935800e+00 
  8.22530357e+00  -9.24701010e+00   4.00782852e+00 
  5.93236524e+00  -7.94905868e+00   1.29644451e+00 
  7.45200303e+00  -1.02242587e+01  -1.27422629e+00 
  1.07428633e+01  -1.21413385e+01  -1.75429896e+00 
  1.04575975e+01  -6.51172637e+00  -1.55768287e+00 
  1.15123950e+01  -6.82164910e+00   2.11872517e+00 
  1.14523189e+01  -3.57343900e+00   4.17885806e+00 
  1.38767856e+01   1.76321041e+00   3.86385059e+00 
  1.10555203e+01   3.73863267e+00   5.60120217e+00 
  1.14886765e+01   7.51111780e+00   5.70115764e+00 
  4.38408420e+00   5.99368698e+00   5.27740193e+00 
  6.77591059e+00   4.86552528e+00   8.06429150e+00 
  3.99273818e+00   5.44394776e+00   1.05685462e+01 
  1.56975362e+00   3.11214786e+00   8.63588140e+00 
  4.41506229e+00   5.45819600e-01   8.39504613e+00 
  4.73906278e+00   5.73421672e-01   1.20997768e+01 
  9.89872823e-01  -1.37643891e-01   1.25126449e+01 
  1.07016856e+00  -2.93050878e+00   9.88632378e+00 
  4.00475769e-01  -8.00715147e+00   1.30720378e+01 
 -7.16072755e+00  -1.46779895e+00   8.07147690e+00 
 -5.97997653e+00   3.77104760e+00   8.53680697e+00 
 -4.64169119e+00   1.74188573e+00   5.67469385e+00 
 -7.73677959e+00   2.38692706e+00   3.52965460e+00 
 -7.46342022e+00   6.15077873e+00   4.21276645e+00 
 -3.77846373e+00   6.33837470e+00   3.25345517e+00 
 -4.67335654e+00   4.38980441e+00   1.31677768e-01 
 -7.39135728e+00   6.55908839e+00  -1.03350907e+00 
 -5.28564630e+00   9.66192062e+00  -2.90052740e-01 
 -2.26626707e+00   8.22886851e+00  -2.18753113e+00 
 -4.66899296e+00   7.30168912e+00  -5.02851272e+00 
 -1.19244690e+00   9.68265223e+00  -7.42782897e+00 
  4.09604735e+00   1.00202886e+01  -9.61026198e+00 
  2.72308622e+00   6.71784100e+00  -8.29498276e+00 
  1.10618139e+00   4.24459981e+00  -1.07292788e+01 
 -2.01321685e+00   2.38409080e+00  -9.58888375e+00 
 -2.81231998e+00  -7.23749724e-01  -1.17294240e+01 
 -6.94953000e+00  -2.58589611e+00  -7.74045867e+00 
 -1.02316225e+01   1.72388757e+00  -4.51536659e+00 
 -1.30165244e+01   2.65029019e+00  -3.04894202e-01 
 -1.11670988e+01   1.12985313e+01   2.51461482e+00 

   4.352839393911e+01 

 -3.31808519e+00  -2.73363931e-01   6.11692117e+00 
 -3.40262590e-01   1.49783232e+00  -5.30481591e-01 
 -3.49208367e+00  -5.19855895e-01   2.91753269e+00 
 -3.82800049e+00   7.46603841e-02   1.65527464e+00 
 -4.09246728e+00  -1.86723695e+00   2.78222827e+00 
 -2.30785892e+00  -1.09540459e+00   3.01580538e+00 
 -4.23015589e+00  -4.93020467e-02   4.14216958e+00 
 -3.19579794e+00  -8.79834499e-01   6.88317594e-01 
 -3.19406203e+00   1.31145983e+00   1.65927381e+00 
 -5.25448722e+00  -2.64285223e-01   1.56088378e+00 
 -3.64942522e+00  -2.15277584e+00   1.27003588e+00 
 -3.60611313e+00  -3.00486306e+00   3.48421681e+00 
 -1.66502102e+00  -1.38548333e+00   1.79200582e+00 
 -3.85082782e+00   1.04538143e+00   5.02087230e+00 
 -5.35654344e+00   1.85614145e-02   3.80687500e+00 
 -2.56358970e+00  -5.00733208e-01  -5.31326514e-01 
 -2.85622014e+00   1.76578060e+00   2.23479367e-01 
 -5.50101489e-01  -6.57244535e-01   1.72413038e+00 
 -1.71165091e+00  -2.54285685e+00   1.58394080e+00 
 -1.93162080e+00   7.96905109e-01  -5.16671790e-01 
 -2.06365892e+00  -1.73528712e+00  -1.20147370e+00 
 -4.03635380e+00   1.35428394e+00  -4.73673182e-01 
 -2.81197306e-02   3.49811626e-01   1.39991494e+00 
 -1.87038181e-02  -3.95350527e-01   3.01088474e+00 
 -1.57768333e+00   1.18064108e+00  -1.90558329e+00 
 -8.68061264e-01  -1.43841506e+00  -1.74054728e+00 
  1.11418663e+00  -5.99639125e-01   7.39584491e-01 
  1.24616074e+00  -8.50440252e-01   1.95621991e+00 
 -6.99985524e-01   1.33631268e-01  -2.16473061e+00 
 -8.26314934e-01   2.45237511e+00  -2.28900910e+00 
 -2.91600287e+00   1.51940079e+00  -2.29004824e+00 
  2.06943587e-01  -1.15056957e-01  -3.12795270e+00 
  1.13502749e-01   2.35669603e+00  -3.18744974e+00 
  9.51609808e-01   1.17633904e+00  -3.32152470e+00 
  1.78461867e+00   1.16133388e+00  -4.22985667e+00 
  5.97786265e+00   1.04215075e+01  -4.57048736e+00 
  4.20357508e+00   9.46152555e+00  -1.34615328e+00 
  2.75670690e+00   2.49660050e+00   1.20736554e+01 
  1.53113681e-01   5.25950944e+00   1.18303339e+01 
  3.60846844e+00   4.95076036e+00   7.64184232e+00 
 -5.31904253e-02   3.99934089e+00   6.95313021e+00 
 -9.62514208e-01   7.68509994e+00   6.51184037e+00 
  1.85293325e+00   8.07274220e+00   3.95304545e+00 
  6.15340866e-01   5.02127346e+00   2.07593510e+00 
 -2.89326164e+00   6.49904263e+00   2.10434433e+00 
 -1.42020138e+00   9.63254187e+00   6.79894862e-01 
  3.54433735e-01   7.64244070e+00  -2.02687382e+00 
 -2.91201341e+00   5.80830129e+00  -2.71563731e+00 
 -4.76908859e+00   9.01484972e+00  -3.21348453e+00 
 -2.16370009e+00   1.01364359e+01  -5.80337852e+00 
 -2.06329235e+00   6.66240433e+00  -7.42325957e+00 
 -5.89536691e+00   6.79258701e+00  -7.84988888e+00 
 -1.29212468e+01   1.43893671e+00  -8.51317397e+00 
 -1.29402010e+01  -2.38228251e+00  -8.86084682e+00 
 -9.27475879e+00  -2.43393143e+00  -1.00136308e+01 
 -7.85777666e+00   3.12702982e-01  -7.79765248e+00 
 -6.00475142e+00  -1.99007448e+00  -5.25786009e+00 
 -4.96245616e+00  -4.49946798e+00  -8.04251916e+00 
 -3.33362708e+00  -1.82599693e+00  -1.02248463e+01 
 -1.49054352e+00  -3.23940851e-01  -7.22278502e+00 
  3.15831401e-02  -3.57984752e+00  -5.99161279e+00 
  8.78055066e-01  -4.57877574e+00  -9.64792059e+00 
  2.70774024e+00  -1.26931805e+00  -9.95684053e+00 
  4.38060806e+00  -1.88372871e+00  -6.54969629e+00 
  5.56054605e+00  -5.15713243e+00  -8.16605653e+00 
  8.84837032e+00  -7.48122621e-01  -9.30415682e+00 
  8.96204241e+00  -2.90648626e+00  -1.62180663e+00 
  9.40758698e+00   2.28720708e-01  -3.75001476e+00 
  6.15774083e+00   2.03882968e+00  -3.07484601e+00 
  7.61505378e+00   5.33807467e+00  -4.11667316e+00 
  1.11042095e+01   6.90307305e+00  -4.45133467e+00 
  8.92689499e+00   5.25654878e+00   4.84334090e-01 
  1.09846523e+01   2.04650184e+00   5.32199316e-02 
  1.03537392e+01  -7.31253515e-01   2.63868882e+00 
  1.05665304e+01  -1.29962197e+00   8.47724796e+00 
  7.82094390e+00  -3.98256146e+00   8.85647367e+00 
  6.91239594e+00  -4.93606792e+00   1.24194255e+01 
  9.65687868e-01  -5.51688916e+00   8.26530617e+00 
  4.26514931e+00  -7.42209353e+00   7.77125527e+00 
  2.25339540e+00  -1.04769563e+01   6.78506436e+00 
  3.73516331e-01  -8.52489352e+00   4.01038533e+00 
  3.75678067e+00  -7.11031908e+00   2.87358046e+00 
  5.04927139e+00  -1.05715794e+01   2.44941954e+00 
  2.05349656e+00  -1.15046243e+01   2.38704709e-01 
  2.38807388e+00  -8.29923541e+00  -1.83918961e+00 
  4.43991495e+00  -1.01842434e+01  -7.18767130e+00 
 -5.99320557e+00  -8.51942344e+00  -3.53816347e+00 
 -6.64691061e+00  -1.00424601e+01   1.59109059e+00 
 -5.51797967e+00  -6.56275828e+00   7.44103527e-01 
 -9.10247870e+00  -5.28099769e+00   4.19603269e-01 
 -9.99183035e+00  -6.81650246e+00   3.81948934e+00 
 -7.01916008e+00  -5.24642984e+00   5.61739873e+00 
 -7.98965340e+00  -1.96843223e+00   3.98763563e+00 
 -1.15036276e+01  -1.92492193e+00   5.03695631e+00 
 -1.05033324e+01  -3.00147998e+00   8.56608458e+00 
 -7.81436479e+00  -2.63958056e-01   8.78088760e+00 
 -1.04171146e+01   2.20353841e+00   7.42402192e+00 
 -8.79414710e+00   4.55300306e+00   1.13429591e+01 
 -4.77197585e+00   7.55395985e+00   1.41109151e+01 
 -4.48355370e+00   6.86667720e+00   1.03738578e+01 
 -5.72883346e+00   9.48469623e+00   7.87338683e+00 
 -7.55842969e+00   8.26872750e+00   4.76426514e+00 
 -7.76828837e+00   1.09230783e+01   1.97329183e+00 
 -9.73083529e+00   6.80860306e+00  -1.99097899e+00 
 -1.33019501e+01   2.04250600e+00   7.76058695e-02 
 -1.49712980e+01  -2.71906473e+00  -8.61915406e-01 
 -1.55794294e+01  -7.19950709e+00   7.24474191e+00 

   4.352839393911e+01 

 -5.41306336e+00   1.12431708e+00   1.06349853e+00 
  6.93029641e-01  -1.75759384e+00  -2.19268708e+00 
 -2.27881467e+00   1.43663093e+00   4.26265726e-01 
 -1.24131149e+00   1.76296144e+00  -5.10046538e-01 
 -1.82754398e+00   2.16152255e+00   1.63667490e+00 
 -2.15058255e+00   3.06821953e-01   1.09737697e+00 
 -3.62598145e+00   2.08370017e+00   2.46404364e-01 
 -2.03172187e-02   1.25583290e+00   1.95460441e-01 
 -1.53492962e+00   1.01951798e+00  -1.64699291e+00 
 -1.14555466e+00   3.21684001e+00  -3.21033594e-01 
 -2.70144911e-01   1.80174325e+00   1.53863636e+00 
 -2.17305435e+00   1.75528340e+00   2.95542954e+00 
 -8.57670247e-01  -2.61903853e-01   1.09679360e+00 
 -4.73899383e+00   1.57464036e+00  -5.38708187e-01 
 -3.38822516e+00   3.21074022e+00   3.44452913e-03 
  1.09078300e+00   6.36715516e-01  -4.47257822e-01 
 -2.53212525e-01   6.94403046e-01  -2.44295257e+00 
 -9.18853280e-01  -1.43517272e+00   4.66173920e-01 
 -3.53745393e-01  -1.02717572e-01   2.14831551e+00 
  7.70683586e-01  -1.10686026e-01  -1.63989857e+00 
  2.09239060e+00   2.75845127e-01   5.96632093e-01 
  4.56548086e-01   1.93170214e+00  -2.32720525e+00 
 -8.42401503e-01  -2.03434052e+00  -5.47184753e-01 
 -2.19506179e+00  -2.03477317e+00   6.02114573e-01 
  2.02692314e+00  -4.47114876e-01  -2.35423603e+00 
  2.60373621e+00  -9.21314632e-01   2.59702896e-01 
  1.12473399e-01  -3.06076818e+00   2.75625691e-01 
 -9.84254212e-01  -3.21371019e+00   8.53827564e-01 
  2.60576344e+00  -1.21597903e+00  -1.35047703e+00 
  2.10392603e+00  -1.29646117e+00  -3.61976306e+00 
  2.22767491e+00   8.68012168e-01  -2.88697444e+00 
  3.65262323e+00  -2.06079701e+00  -1.30017589e+00 
  3.04987861e+00  -2.19027982e+00  -3.69637434e+00 
  3.54129198e+00  -2.91218833e+00  -2.53404772e+00 
  4.46905240e+00  -3.70668274e+00  -2.69907837e+00 
  2.59444162e+00  -8.70895001e+00  -1.13543251e+01 
 -3.60243304e-01  -6.97360379e+00  -9.70374874e+00 
 -1.15184054e+01  -5.39038768e+00   4.78771571e-01 
 -1.21705964e+01  -3.04153921e+00  -2.44169527e+00 
 -7.85203290e+00  -6.29937904e+00  -3.00272426e+00 
 -7.15501966e+00  -2.54372151e+00  -2.55946588e+00 
 -7.76025530e+00  -1.95764667e+00  -6.28728459e+00 
 -5.23267616e+00  -4.70141663e+00  -7.12842216e+00 
 -2.69166073e+00  -3.12394284e+00  -4.80001999e+00 
 -3.31893866e+00   2.32448464e-01  -6.48408060e+00 
 -2.69000007e+00  -1.46633882e+00  -9.76071581e+00 
  5.47662207e-01  -2.95279883e+00  -8.43995514e+00 
  1.50194866e+00   4.89774919e-01  -7.11853059e+00 
  1.02166553e+00   2.06466187e+00  -1.04752540e+01 
  3.37235611e+00  -5.35628715e-01  -1.20456993e+01 
  5.85725071e+00  -2.60704648e-01  -9.13834525e+00 
  6.00550244e+00   3.55668408e+00  -9.67623017e+00 
  7.64355637e+00   1.10595588e+01  -5.26169096e+00 
  8.98880905e+00   1.14384009e+01  -1.68821564e+00 
  1.03300001e+01   7.83734048e+00  -1.66340224e+00 
  7.55421296e+00   6.09667857e+00  -3.59407583e+00 
  5.82963983e+00   4.36916981e+00  -5.56215891e-01 
  9.23621053e+00   3.66156724e+00   1.18514449e+00 
  1.07256542e+01   1.87722553e+00  -1.84153115e+00 
  7.54815258e+00  -2.03060807e-01  -2.33284907e+00 
  7.31577728e+00  -1.46688343e+00   1.24239036e+00 
  1.11497129e+01  -2.08507540e+00   1.28404824e+00 
  1.06796020e+01  -4.19547212e+00  -1.83378931e+00 
  7.66247694e+00  -5.92878764e+00  -1.97576344e-01 
  1.01550635e+01  -6.74656665e+00   2.60211929e+00 
  1.02786051e+01  -1.03777678e+01  -1.68081710e+00 
  3.46276814e+00  -1.05750681e+01   2.46591643e+00 
  4.70749688e+00  -1.12257536e+01  -1.08155609e+00 
  3.38512313e+00  -8.18068050e+00  -2.89061787e+00 
  3.60097578e+00  -9.89282233e+00  -6.22470850e+00 
  3.71621656e+00  -1.34952272e+01  -7.54562680e+00 
 -7.27776939e-01  -1.13588436e+01  -4.80713198e+00 
  6.59469773e-01  -1.30992311e+01  -1.68123629e+00 
 -1.13102864e+00  -1.23132412e+01   1.63161156e+00 
 -6.58735428e+00  -1.26864090e+01   3.76382916e+00 
 -6.40526580e+00  -9.72402073e+00   6.22783433e+00 
 -9.63608953e+00  -8.86319724e+00   8.03061565e+00 
 -5.83772720e+00  -2.74070079e+00   7.00842275e+00 
 -4.66154558e+00  -5.83311716e+00   8.96134200e+00 
 -3.02316010e+00  -3.51740578e+00   1.14723351e+01 
 -9.81251857e-01  -1.72272625e+00   8.70591612e+00 
 -6.04373263e-02  -5.17680628e+00   7.30546781e+00 
  1.34111979e+00  -6.13302831e+00   1.06148552e+01 
  3.53775918e+00  -2.98618395e+00   1.06830144e+01 
  4.70888049e+00  -3.53465018e+00   7.07306088e+00 
  1.04777864e+01  -5.21013574e+00   7.60413157e+00 
  5.90395236e+00   4.88834637e+00   6.17541251e+00 
  1.33155320e+00   5.49015771e+00   8.96596930e+00 
  1.29256767e+00   4.08130844e+00   5.48547783e+00 
  1.05234038e+00   7.54392375e+00   3.88878437e+00 
 -1.86629789e+00   8.44448866e+00   6.20793941e+00 
 -3.83566366e+00   5.27780520e+00   5.41541869e+00 
 -3.19269702e+00   6.00518372e+00   1.75471277e+00 
 -4.42314431e+00   9.46001939e+00   1.72167700e+00 
 -7.47531108e+00   8.43359420e+00   3.78202728e+00 
 -8.24695668e+00   5.50091514e+00   1.42095336e+00 
 -7.74912167e+00   7.91640733e+00  -1.51528360e+00 
 -1.20465548e+01   5.94470421e+00  -2.59070509e+00 
 -1.52660096e+01   1.56812095e+00  -4.41438640e+00 
 -1.14700579e+01   1.47991869e+00  -4.73705136e+00 
 -9.83065427e+00   2.57251800e+00  -8.01968492e+00 
 -6.62505553e+00   4.61728753e+00  -7.83075570e+00 
 -4.65409211e+00   4.68674221e+00  -1.11458168e+01 
  1.34104281e-01   7.15845976e+00  -8.41456660e+00 
 -8.07306561e-01   1.10700889e+01  -3.56065189e+00 
  1.25841315e+00   1.31984517e+01   6.28005699e-01 
 -5.39391336e+00   1.39150438e+01   7.06191027e+00 

   4.352839393911e+01 

 -4.48463291e+00  -2.68072594e+00  -4.01944367e+00 
  5.19032789e-01   1.52119758e+00  -3.45250516e-01 
 -1.38955600e+00  -2.02651400e+00  -3.45408885e+00 
 -2.52139792e-01  -1.17940559e+00  -3.67380872e+00 
 -7.94456352e-01  -3.37335883e+00  -3.61554741e+00 
 -1.67402580e+00  -2.34014076e+00  -2.20348208e+00 
 -2.44004718e+00  -2.09694301e+00  -4.52992112e+00 
  6.95759856e-01  -1.65756579e+00  -2.61617194e+00 
 -7.08573776e-01   1.09147777e-01  -3.42307965e+00 
  3.01687444e-01  -1.77230625e+00  -4.89871784e+00 
  5.63494531e-01  -3.11016686e+00  -2.80855053e+00 
 -1.32604866e+00  -4.53418712e+00  -2.98832436e+00 
 -6.39198034e-01  -2.12171667e+00  -1.26726949e+00 
 -3.61288182e+00  -1.24717820e+00  -4.65914519e+00 
 -1.83480808e+00  -2.17676212e+00  -5.53644551e+00 
  1.57816574e+00  -8.17800298e-01  -1.87651623e+00 
  4.39183695e-01   1.01873962e+00  -2.93589830e+00 
 -1.04444772e+00  -1.18492419e+00  -4.09261965e-01 
 -1.70007239e-01  -3.15233839e+00  -9.46867026e-01 
  1.09853660e+00   5.24069267e-01  -1.64671934e+00 
  2.34794117e+00  -1.67107751e+00  -9.26508239e-01 
  1.50593830e+00   5.84123072e-01  -3.78513895e+00 
 -1.11144687e+00  -4.01844361e-02  -1.32089207e-01 
 -2.45186215e+00  -1.19786673e+00  -2.48869171e-01 
  2.21403764e+00   1.35768145e+00  -1.13451984e+00 
  2.45895052e+00  -9.84171907e-01   2.24154492e-01 
 -5.90479340e-01  -4.93368484e-01   1.33949970e+00 
 -1.70741971e+00  -1.04982549e+00   1.28188102e+00 
  2.45405311e+00   6.41551763e-01   3.30807535e-02 
  2.07998222e+00   2.81542110e+00  -7.03356851e-01 
  2.86172678e+00   1.49984537e+00  -2.40493664e+00 
  3.16384826e+00   8.79787625e-01   1.15182897e+00 
  2.68560700e+00   3.18486237e+00   3.90416042e-01 
  2.84963116e+00   2.29978281e+00   1.53206941e+00 
  3.47536519e+00   2.72466290e+00   2.50527532e+00 
  5.55282733e-01   1.23613089e+01   3.93995703e+00 
 -1.75900247e+00   1.01587729e+01   1.87624407e+00 
 -1.23377998e+01  -5.16966683e-01  -3.17498149e-01 
 -1.20257671e+01   1.57862683e+00  -3.47703802e+00 
 -8.98100708e+00   3.23204327e+00   7.15087331e-01 
 -7.12350530e+00   1.76270595e+00  -2.31443473e+00 
 -7.29703688e+00   5.13757260e+00  -4.09953644e+00 
 -5.75942014e+00   6.83566078e+00  -1.03740097e+00 
 -2.97616248e+00   4.26373896e+00  -9.64362948e-01 
 -2.38070843e+00   4.88854185e+00  -4.67245628e+00 
 -2.15930820e+00   8.53798695e+00  -3.86603662e+00 
  3.38483596e-01   7.83710731e+00  -1.09002635e+00 
  2.28805685e+00   5.62772400e+00  -3.50372248e+00 
  2.53421264e+00   8.36972689e+00  -6.03341818e+00 
  3.99208329e+00   1.07173312e+01  -3.36566201e+00 
  6.26568602e+00   7.96157462e+00  -1.97299250e+00 
  7.67979590e+00   7.39035962e+00  -5.51668580e+00 
  1.14268102e+01   1.08737123e+00  -1.04862661e+01 
  1.26218300e+01  -2.38433599e+00  -9.37175777e+00 
  1.27123386e+01  -1.32040713e+00  -5.68029343e+00 
  9.63227514e+00   9.07487995e-01  -5.57033390e+00 
  7.27320503e+00  -1.57960254e+00  -3.71663466e+00 
  1.01609833e+01  -2.89877700e+00  -1.46757332e+00 
  1.11527435e+01   5.72563844e-01  -2.30929593e-01 
  7.50307569e+00   1.50272877e+00   4.62049041e-01 
  6.67363661e+00  -1.56784037e+00   2.53984084e+00 
  1.00880922e+01  -1.26737603e+00   4.36581271e+00 
  9.12928614e+00   2.30100205e+00   5.22782111e+00 
  5.62616137e+00   1.10217363e+00   6.26490658e+00 
  7.55679308e+00  -1.23750439e+00   8.61407963e+00 
  6.72707345e+00   3.90665407e+00   1.07101777e+01 
  4.72393179e-04  -2.96812497e-01   9.83059467e+00 
  1.15969460e+00   3.33820318e+00   9.81765519e+00 
  1.00459634e+00   4.14211966e+00   6.12665124e+00 
  8.34977355e-01   7.83277539e+00   6.79333859e+00 
 -1.57357732e-01   1.01330047e+01   9.70188505e+00 
 -3.80674776e+00   6.71082910e+00   7.09742086e+00 
 -3.23811157e+00   4.27580478e+00   1.00080798e+01 
 -4.85529436e+00   8.03394095e-01   9.65352470e+00 
 -1.02445302e+01  -1.36343476e+00   8.80612556e+00 
 -9.24357674e+00  -4.56203501e+00   6.89634274e+00 
 -1.21119794e+01  -6.67177707e+00   5.57327281e+00 
 -6.47481595e+00  -7.28344816e+00   1.01195238e+00 
 -6.48109279e+00  -8.21775322e+00   4.73852862e+00 
 -4.31916400e+00  -1.12141942e+01   3.90227630e+00 
 -1.65375677e+00  -8.99262999e+00   2.16918809e+00 
 -1.83307209e+00  -6.62437780e+00   5.18565148e+00 
 -1.00547962e+00  -9.45883905e+00   7.44655566e+00 
  2.08962614e+00  -1.03309707e+01   5.35079652e+00 
  3.21616548e+00  -6.66853595e+00   5.20387669e+00 
  8.08497164e+00  -6.45150463e+00   8.75594474e+00 
  7.13948015e+00  -8.16872808e+00  -2.24849647e+00 
  2.86578468e+00  -1.12070671e+01  -3.49759257e+00 
  2.56264278e+00  -7.47392795e+00  -3.22931314e+00 
  3.55316076e+00  -6.94665422e+00  -6.88139481e+00 
  9.63718540e-01  -9.54874990e+00  -7.99127483e+00 
 -1.88321716e+00  -7.96787159e+00  -6.00881281e+00 
 -8.36414089e-01  -4.64447535e+00  -7.49289307e+00 
 -8.69618508e-01  -5.65396783e+00  -1.10186276e+01 
 -4.19889083e+00  -7.46257672e+00  -1.05095169e+01 
 -5.75225994e+00  -4.39613899e+00  -8.79058773e+00 
 -4.33229032e+00  -2.25549762e+00  -1.16375634e+01 
 -8.97112544e+00  -8.45024502e-01  -1.15755095e+01 
 -1.33350834e+01   2.01585805e+00  -9.20561374e+00 
 -9.76351765e+00   2.51177813e+00  -7.97308644e+00 
 -7.67822650e+00   5.41123367e+00  -9.35215092e+00 
 -3.99685996e+00   4.78188599e+00  -1.00897836e+01 
 -1.93038426e+00   8.01930729e+00  -1.04474600e+01 
  3.24282942e+00   4.90165622e+00  -1.03289184e+01 
  3.36045105e+00  -9.04174076e-01  -1.27837270e+01 
  5.77162169e+00  -5.43469740e+00  -1.28346500e+01 
 -6.29522789e-01  -1.20820710e+01  -1.38345767e+01 

   4.352839393911e+01 

