  3.33943666e+00  -3.01785949e+00   1.17444890e+00 
  2.73028283e+00  -8.49269330e-01   2.89873920e+00 
  1.02668544e+00  -1.71033112e+00   8.18937344e-01 
  1.47244199e+00  -3.17240396e+00   3.20162170e+00 
  2.59774951e+00  -3.01598548e+00   1.71383105e+00 
 -6.75320673e+00   4.08021502e+00   1.01571746e+01 
 -5.31383376e+00   6.08819687e-01   9.57714589e+00 
 -1.75497920e+00   1.57022030e+00   1.05617918e+01 
 -7.10563648e-01   4.10048371e+00   1.32367654e+01 
  2.29157676e+00   5.20100535e+00   1.11493066e+01 
  5.42284716e-01   5.52457369e+00   7.74936860e+00 
 -7.19696777e+00   7.29636820e+00   4.78856036e+00 
 -6.70722672e+00   8.15567665e+00   1.10448727e+00 
 -4.52991594e+00   1.06148895e+01  -8.18667957e-01 
 -3.86629084e+00   5.80214362e+00  -3.04429235e+00 
 -5.61252255e+00   4.36834717e+00  -3.09824122e-02 
 -5.25868544e+00   1.66521712e+00   2.62694197e+00 
 -7.12918675e+00  -1.64065541e+00   2.37613036e+00 
 -6.51173849e+00  -1.63501606e+00  -8.39917875e+00 
 -5.89964119e+00  -4.06425020e+00  -5.51793829e+00 
 -2.33888820e+00  -5.29533226e+00  -5.03352940e+00 
 -2.74155577e+00  -7.43361627e+00  -1.88827659e+00 
 -4.72971985e+00  -1.04324664e+01  -7.09838044e-01 
 -7.34037428e+00  -1.01380114e+01   2.04708620e+00 
 -5.21114442e+00  -1.24882226e+01   4.17308962e+00 
 -1.42004541e+00  -1.23311862e+01   4.08109188e+00 
  1.02400536e+00  -1.39217310e+01   6.53208331e+00 
 -3.34315054e+00  -1.16923606e+01   9.12831020e+00 
 -6.25742373e+00  -9.80846058e+00   7.56113260e+00 
 -4.70876005e+00  -6.94671624e+00   5.60816618e+00 
 -7.94979646e+00  -5.80751281e+00   4.01626659e+00 
 -6.82028809e+00  -7.76797541e+00  -8.33523488e+00 
 -3.17632681e+00  -8.78110842e+00  -8.25681771e+00 
  2.48360287e+00  -9.73401459e+00  -4.93958185e+00 
  3.88239209e+00  -1.02997128e+01  -1.40979440e+00 
  3.81215257e+00  -7.66858073e+00   1.28274991e+00 
  7.19110944e+00  -5.74833253e+00   1.36078740e+00 
  7.97358770e+00  -7.78557791e+00  -1.74496157e+00 
  8.16040904e+00  -7.51017836e+00  -5.52331491e+00 
  6.20917580e+00  -9.10584032e+00  -8.40007098e+00 
  3.82887236e+00  -6.76235508e+00  -1.34519348e+01 
 -4.99402856e+00   2.00105812e+00  -5.99095807e+00 
 -4.61681303e+00   1.11993416e-01  -2.72911051e+00 
 -2.73560892e+00  -2.62762261e+00  -1.04822309e+00 
 -2.77827300e+00  -2.93227776e+00   2.75875399e+00 
 -1.19216680e+00   3.73372813e-01   3.77833532e+00 
 -1.53390775e+00   2.00152079e+00   3.45230857e-01 
  2.12352192e+00   3.07481641e+00   1.62637277e-02 
  4.55459021e+00   2.23355038e-01  -8.41735862e-01 
  3.10018979e+00  -2.01689026e+00  -3.53005097e+00 
  7.08820122e-01   8.74012848e-01  -4.40075028e+00 
  3.63716986e+00   3.33007730e+00  -4.72793723e+00 
  5.50167413e+00   8.30406675e-01  -6.93334505e+00 
  2.49677341e+00   4.67648301e-01  -9.27880865e+00 
  9.11054583e+00   9.26573074e+00  -6.73400593e+00 
  9.99352520e+00   1.23525452e+01  -4.66755760e+00 
  4.76000458e+00   1.15134994e+01  -5.64777841e+00 
  5.87830216e+00   1.15457019e+01  -2.00097147e+00 
  1.48154708e+00   1.05936216e+01   3.03641024e-01 
  4.14715840e+00   9.38501703e+00   2.74481496e+00 
  6.27467710e+00   6.27190255e+00   2.37514098e+00 
  5.62365270e+00   5.48788997e+00  -1.28543746e+00 
  7.76570347e+00   2.50970125e+00  -2.09952160e+00 
  8.69913456e+00   7.38804002e-01   1.04657031e+00 
  1.18227570e+01  -1.22397589e+00   3.33706005e-01 
  1.06322860e+01  -2.31581612e+00  -4.68387129e+00 

   8.468265483991e-01 

 -9.64174699e-01   4.95823956e+00   7.46304842e-01 
  1.54075314e+00   4.14554664e+00  -3.08159686e-01 
 -6.26650570e-01   2.38126328e+00   9.04787674e-02 
 -5.61363845e-01   4.37226803e+00  -1.92078410e+00 
 -8.82324417e-01   4.58945254e+00  -8.93584366e-02 
  6.85565085e+00  -2.73759723e+00  -9.86302584e+00 
  4.03514434e+00  -2.01094594e-01  -9.59899785e+00 
  6.21045491e+00   2.53760886e+00  -8.07361536e+00 
  9.89801364e+00   3.23440492e+00  -8.82521806e+00 
  1.05378227e+01   4.24312256e+00  -5.19828927e+00 
  8.69683512e+00   1.35745909e+00  -3.46392815e+00 
  6.78340771e+00  -6.74598479e+00  -5.03703434e+00 
  5.80850584e+00  -8.23682256e+00  -1.66396143e+00 
  7.45606524e+00  -8.45154052e+00   1.76041885e+00 
  2.51321142e+00  -6.54991654e+00   2.47340362e+00 
  2.36502729e+00  -6.04423329e+00  -1.25586711e+00 
  1.50805644e+00  -3.43067307e+00  -3.88865626e+00 
 -1.83909755e+00  -3.44363382e+00  -5.70162811e+00 
 -6.98502388e+00  -7.26303227e+00   2.98285219e+00 
 -7.43916798e+00  -4.48630584e+00   4.01974120e-01 
 -7.33776651e+00  -9.12462850e-01   1.68515021e+00 
 -7.67280470e+00   1.03452964e+00  -1.58959933e+00 
 -1.00897085e+01   1.35499311e+00  -4.48623448e+00 
 -9.13900168e+00   2.63950141e-01  -8.00882349e+00 
 -9.52012153e+00   3.89496204e+00  -9.12574028e+00 
 -8.48753460e+00   6.76554651e+00  -6.86762942e+00 
 -7.99660621e+00   1.04158420e+01  -7.83969344e+00 
 -5.95040498e+00   6.96733856e+00  -1.16741976e+01 
 -5.87906823e+00   3.16187630e+00  -1.15670465e+01 
 -4.06757499e+00   2.25116105e+00  -8.35907089e+00 
 -4.71096189e+00  -1.47014337e+00  -8.63145377e+00 
 -1.21443210e+01  -4.58951038e+00   9.96293294e-01 
 -1.20402843e+01  -1.21505965e+00   2.70313254e+00 
 -9.78795988e+00   5.00954551e+00   3.06120130e+00 
 -8.17248371e+00   7.78554056e+00   9.58794726e-01 
 -4.67058816e+00   7.56524158e+00  -4.07140975e-01 
 -2.18705565e+00   9.34855584e+00   1.99341085e+00 
 -5.21928814e+00   9.68406427e+00   4.25202057e+00 
 -6.80313663e+00   8.19257836e+00   7.35904403e+00 
 -1.00372632e+01   6.26158764e+00   8.02302757e+00 
 -1.11649118e+01   1.26807999e+00   1.12591341e+01 
 -2.38853895e+00  -6.82174312e+00   3.02279958e+00 
 -2.26357554e+00  -4.33235879e+00   1.70106758e-01 
 -3.25047364e+00  -8.90581118e-01  -8.54591246e-01 
 -1.64091918e+00   7.39488226e-01  -3.91071916e+00 
  2.01349101e+00   8.35854336e-01  -2.85307816e+00 
  1.59552162e+00  -1.57103379e+00   7.71180960e-02 
  3.24204077e+00   6.67958315e-01   2.70635061e+00 
  1.04929611e+00   3.58115450e+00   3.92382632e+00 
 -2.50541755e+00   2.41992448e+00   4.53748204e+00 
 -1.12093589e+00  -1.17086758e+00   4.69081130e+00 
  1.49731325e+00  -1.56253080e-01   7.30421234e+00 
 -1.20697231e+00   1.60760108e+00   9.34485223e+00 
 -3.41471587e+00  -1.52096763e+00   9.35700525e+00 
  6.82602684e+00   5.49416380e-01   1.36540926e+01 
  1.06377319e+01   6.13971924e-01   1.34419094e+01 
  8.14832214e+00  -3.49759670e+00   1.10021531e+01 
  1.02498819e+01  -1.17726566e+00   8.82262611e+00 
  9.49240558e+00  -3.26597340e+00   4.28250709e+00 
  1.03523068e+01   3.74618958e-01   3.55298948e+00 
  8.10598357e+00   3.36740306e+00   4.14607614e+00 
  5.48749451e+00   1.76338761e+00   6.38415399e+00 
  3.13851310e+00   4.52656394e+00   7.36795550e+00 
  3.44394862e+00   7.35144409e+00   4.95299665e+00 
  2.23663191e+00   1.04483555e+01   6.70491671e+00 
 -1.44134112e+00   8.02339046e+00   9.59930396e+00 

   8.468265483991e-01 

 -1.67033074e+00  -2.79337925e+00  -1.58408670e+00 
 -4.38500688e+00  -2.88212732e+00  -2.40243008e+00 
 -3.08912606e+00  -5.19319204e-01  -1.56155082e+00 
 -2.55240914e+00  -1.82664149e+00  -4.01438266e+00 
 -1.98141223e+00  -2.30932703e+00  -2.29820027e+00 
 -1.29993390e+01   3.16207460e+00  -9.89790736e+00 
 -9.38255023e+00   2.05326746e+00  -1.02828736e+01 
 -1.00898010e+01  -1.61618493e+00  -9.51204290e+00 
 -1.32357000e+01  -3.59540529e+00  -1.04255673e+01 
 -1.30290865e+01  -5.59279239e+00  -7.17760877e+00 
 -1.23441690e+01  -2.69280650e+00  -4.75991001e+00 
 -1.40524235e+01   5.58848548e+00  -4.20878378e+00 
 -1.34179562e+01   6.52016972e+00  -5.64601085e-01 
 -1.46433597e+01   5.22260442e+00   2.79719109e+00 
 -9.30896223e+00   5.45442648e+00   3.01349429e+00 
 -9.35952220e+00   5.94035445e+00  -7.21000579e-01 
 -7.79796085e+00   4.61682085e+00  -3.93136812e+00 
 -4.95248286e+00   6.45012554e+00  -5.67283983e+00 
 -9.17014573e-01   9.93470415e+00   3.71125673e+00 
  3.50157438e-01   8.28734210e+00   5.08467075e-01 
  1.83958140e+00   4.80843575e+00   8.37106289e-01 
  2.58998162e+00   4.00125674e+00  -2.82518486e+00 
  4.61220871e+00   5.40493649e+00  -5.70179692e+00 
  2.93846075e+00   6.78507360e+00  -8.83175553e+00 
  4.63835597e+00   4.01638320e+00  -1.08371763e+01 
  5.09909691e+00   5.38560270e-01  -9.38872159e+00 
  6.02984568e+00  -2.64551624e+00  -1.12611370e+01 
  2.37368149e+00   4.18875812e-01  -1.40938922e+01 
  7.78933220e-01   3.70531444e+00  -1.30195494e+01 
 -8.99872398e-01   3.00063665e+00  -9.68982592e+00 
 -1.85102330e+00   6.60045595e+00  -9.00217866e+00 
  4.64431138e+00   1.02076104e+01   1.12095599e+00 
  6.09489140e+00   6.80406697e+00   1.91010174e+00 
  6.60736462e+00   3.13442144e-01   6.62685031e-01 
  6.04438567e+00  -2.31027415e+00  -2.08234551e+00 
  2.63148108e+00  -3.26364705e+00  -3.35543105e+00 
  1.34885901e+00  -6.42686458e+00  -1.49539661e+00 
  4.47515833e+00  -5.97884576e+00   6.10274149e-01 
  5.63466457e+00  -4.72997512e+00   3.99886803e+00 
  7.85970764e+00  -1.83638602e+00   5.14145244e+00 
  7.20006737e+00   2.26642402e+00   9.54723502e+00 
 -4.90922096e+00   7.61542978e+00   3.62604942e+00 
 -4.31285812e+00   6.04139977e+00   2.32336496e-01 
 -2.12971392e+00   3.67076761e+00  -1.63415540e+00 
 -3.25112337e+00   2.27762299e+00  -5.00895886e+00 
 -6.42089331e+00   4.18368956e-01  -4.01984934e+00 
 -6.70959776e+00   2.02448148e+00  -5.71529279e-01 
 -7.02348534e+00  -1.24195718e+00   1.39540428e+00 
 -3.72465480e+00  -3.16597333e+00   1.83468458e+00 
 -9.01935553e-01  -8.02436018e-01   2.73299697e+00 
 -3.59767837e+00   1.73553852e+00   3.79400724e+00 
 -5.29172211e+00  -8.58641426e-01   6.05563991e+00 
 -1.90763831e+00  -1.75115412e+00   7.58532975e+00 
 -1.16804420e+00   1.91632517e+00   8.40069331e+00 
 -9.18215759e+00  -5.18486202e+00   1.20022747e+01 
 -1.26404651e+01  -6.78644070e+00   1.17713200e+01 
 -1.22995124e+01  -1.56742219e+00   1.04674159e+01 
 -1.34966141e+01  -3.97642354e+00   7.76288507e+00 
 -1.41292159e+01  -7.69051012e-01   3.90779395e+00 
 -1.35121817e+01  -4.15538415e+00   2.27147017e+00 
 -1.01977421e+01  -5.98155042e+00   2.08685275e+00 
 -8.23488130e+00  -3.99889398e+00   4.66650270e+00 
 -4.87932720e+00  -5.67145975e+00   4.91850069e+00 
 -4.26524884e+00  -7.71741793e+00   1.86199487e+00 
 -1.73122006e+00  -1.03392866e+01   2.76874751e+00 
  9.30150834e-01  -7.34544117e+00   6.19503016e+00 

   8.468265483991e-01 

 -1.19915921e-01   1.16957548e+00  -4.02299529e+00 
  6.85221306e-01   3.49082908e+00  -2.60505154e+00 
  3.75780281e-03   1.05688327e+00  -1.34776775e+00 
 -1.87236802e+00   2.76309816e+00  -2.60575157e+00 
 -6.64083883e-01   1.58097600e+00  -3.41007826e+00 
 -2.47212106e+00   1.09012551e+01   7.49633694e+00 
 -4.37771231e+00   9.24868778e+00   4.65089207e+00 
 -2.34744819e+00   1.09265806e+01   1.89010092e+00 
 -8.54957181e-01   1.44504503e+01   1.94783976e+00 
  2.20082734e+00   1.32839024e+01  -2.26490817e-02 
  2.95191591e+00   1.00667805e+01   1.92934743e+00 
  1.94964994e+00   7.09318294e+00   9.80048780e+00 
  4.26651566e+00   4.07335722e+00   1.00523562e+01 
  7.97202343e+00   3.46537299e+00   9.43066224e+00 
  5.25991678e+00  -2.90822993e-01   6.76761997e+00 
  2.16052588e+00   1.75177269e+00   7.40536062e+00 
 -8.58894056e-01   3.24130363e+00   5.62741921e+00 
 -4.27585684e+00   1.56800464e+00   5.74952817e+00 
  1.13361984e-01  -8.28812738e+00   6.03233624e+00 
 -2.65264826e+00  -6.46128429e+00   4.13781260e+00 
 -2.19128450e+00  -6.05616573e+00   3.89186275e-01 
 -5.28989313e+00  -3.99643131e+00  -4.95762109e-01 
 -9.05837487e+00  -4.25258141e+00  -2.35860937e-01 
 -1.10693970e+01  -1.90685581e+00   1.99039443e+00 
 -1.27882709e+01  -5.70077485e-01  -1.14576552e+00 
 -1.08873919e+01  -1.55234571e-01  -4.40461814e+00 
 -1.19756111e+01   1.79904652e+00  -7.48798327e+00 
 -1.31781591e+01   4.50874305e+00  -2.79821141e+00 
 -1.24066201e+01   3.42284065e+00   7.68812109e-01 
 -8.65509953e+00   2.86325825e+00   8.91199865e-01 
 -8.62196597e+00   1.44072042e+00   4.39997943e+00 
 -4.97624964e+00  -1.05364976e+01   3.43365066e+00 
 -4.14719611e+00  -1.04151180e+01  -2.55384281e-01 
 -3.57740450e+00  -7.05190390e+00  -5.93966227e+00 
 -4.73315485e+00  -3.84560684e+00  -7.70599334e+00 
 -3.67790339e+00  -3.97986750e-01  -6.62066180e+00 
 -6.15336480e-01   7.78574460e-01  -8.70565105e+00 
 -7.09670547e-01  -2.74695230e+00  -1.01092463e+01 
  1.03529125e+00  -6.10519077e+00  -9.85617760e+00 
 -4.62296820e-02  -9.57447882e+00  -8.66306123e+00 
  2.66567429e+00  -1.36393484e+01  -5.08514177e+00 
  2.81235637e+00  -4.54543119e+00   6.21026966e+00 
  2.27347439e-01  -2.19513221e+00   4.74591654e+00 
 -1.74855025e+00  -1.44165600e+00   1.68031557e+00 
 -3.46173811e+00   1.94891290e+00   1.28441237e+00 
 -4.68078336e-01   4.29748185e+00   1.35390861e+00 
  1.98892508e+00   1.69685821e+00   2.67820081e+00 
  4.65425045e+00   2.21709415e+00  -1.66776282e-02 
  3.80726144e+00   6.53435329e-01  -3.42470770e+00 
  2.36453348e+00  -2.82306174e+00  -2.98479650e+00 
  3.91938882e+00  -2.83327680e+00   5.38895800e-01 
  7.35956867e+00  -1.88418558e+00  -8.67846756e-01 
  7.04785580e+00  -4.62525327e+00  -3.50942509e+00 
  6.27037148e+00  -7.27100814e+00  -8.52787967e-01 
  1.54002105e+01  -8.97244795e-01  -2.76209187e+00 
  1.74970466e+01   2.25315302e+00  -2.25557742e+00 
  1.47947989e+01   4.29641498e-01   2.03711772e+00 
  1.39457944e+01   3.93255188e+00   7.88263180e-01 
  1.02865192e+01   5.19179639e+00   4.03990265e+00 
  9.61034428e+00   7.30428359e+00   9.40592394e-01 
  8.22812290e+00   6.05839526e+00  -2.35966559e+00 
  8.69323783e+00   2.31877040e+00  -1.87261632e+00 
  7.59515973e+00   7.14992893e-01  -5.08864567e+00 
  5.40433292e+00   3.06714977e+00  -6.97885753e+00 
  5.53337825e+00   2.04701576e+00  -1.05927711e+01 
  6.02030809e+00  -3.11999115e+00  -9.67062298e+00 

   8.468265483991e-01 

 -3.11712287e+00  -2.54732191e-01   1.70105591e-01 
 -6.84159509e-01  -1.49384442e+00   9.39728128e-01 
 -8.91843509e-01   1.23712715e+00   2.55689460e-01 
 -1.93920101e+00   1.22478375e-01   2.63773501e+00 
 -2.64182011e+00   1.69987147e-02   9.05827037e-01 
  9.57951804e+00   4.77760513e-02   8.63398599e+00 
  5.82228914e+00   4.94842969e-01   9.01104771e+00 
  4.97312545e+00  -3.09084757e+00   8.02058882e+00 
  7.02504878e+00  -6.23345961e+00   8.77033609e+00 
  6.04922529e+00  -7.77760903e+00   5.41700187e+00 
  6.63338505e+00  -4.71499580e+00   3.18016148e+00 
  1.15858861e+01   2.15987404e+00   3.07735813e+00 
  1.14219685e+01   3.48127281e+00  -4.97231097e-01 
  1.20401350e+01   1.99535352e+00  -3.94641218e+00 
  7.26993640e+00   4.40101259e+00  -4.06614058e+00 
  7.48036997e+00   4.60409295e+00  -3.11195793e-01 
  5.48431101e+00   3.84949231e+00   2.84205671e+00 
  3.62222005e+00   6.58083342e+00   4.72961273e+00 
  1.45302508e+00   1.19543022e+01  -4.37582448e+00 
 -4.06879686e-01   1.07848419e+01  -1.25324464e+00 
 -3.18638932e+00   8.24525626e+00  -1.75723673e+00 
 -4.23523283e+00   7.60261691e+00   1.86408303e+00 
 -5.53250382e+00   9.53950560e+00   4.84739769e+00 
 -3.46957263e+00   9.92838324e+00   8.02480869e+00 
 -6.17207605e+00   7.98492146e+00   9.89468419e+00 
 -8.00222131e+00   5.09116193e+00   8.25691749e+00 
 -1.01717120e+01   2.46262518e+00   9.95829357e+00 
 -5.60807270e+00   3.59181587e+00   1.29045898e+01 
 -2.79824833e+00   5.99523128e+00   1.19954173e+01 
 -1.52408111e+00   4.86189131e+00   8.60512880e+00 
  8.23192082e-01   7.79127912e+00   8.10991025e+00 
 -3.53337059e+00   1.43257973e+01  -1.68800915e+00 
 -6.24234016e+00   1.18659264e+01  -2.64798849e+00 
 -9.37749761e+00   6.09183009e+00  -1.76623586e+00 
 -9.96288813e+00   3.31150195e+00   8.15065857e-01 
 -7.25088776e+00   9.72798584e-01   1.97829627e+00 
 -7.35785435e+00  -2.32343221e+00  -7.94241374e-02 
 -1.00074537e+01  -5.13385321e-01  -2.10714974e+00 
 -1.05229805e+01   1.29663809e+00  -5.40028631e+00 
 -1.13584323e+01   4.90868102e+00  -6.34067981e+00 
 -9.03690814e+00   8.63313603e+00  -1.05141743e+01 
  4.14562068e+00   8.20438300e+00  -4.48555332e+00 
  2.92599940e+00   6.81614346e+00  -1.17861797e+00 
 -5.32413812e-02   5.44096744e+00   5.82865118e-01 
  3.68615142e-01   3.51595211e+00   3.85457148e+00 
  2.50900940e+00   5.84268799e-01   2.71152724e+00 
  3.46155917e+00   2.13076147e+00  -6.43300371e-01 
  2.42947609e+00  -8.56972340e-01  -2.79857896e+00 
 -1.36361911e+00  -1.23404157e+00  -3.29590774e+00 
 -2.96354925e+00   2.12546756e+00  -4.01350072e+00 
  5.44410346e-01   3.39618827e+00  -4.96931206e+00 
  1.04939365e+00   4.73390766e-01  -7.40175584e+00 
 -2.38929588e+00   1.13439356e+00  -8.92722058e+00 
 -1.55577694e+00   4.82442708e+00  -9.51977466e+00 
  2.88366293e+00  -4.70920092e+00  -1.36459802e+01 
  5.38147476e+00  -7.59571670e+00  -1.35608470e+01 
  7.19401619e+00  -2.77997291e+00  -1.19552711e+01 
  7.27543307e+00  -5.62176986e+00  -9.41196837e+00 
  9.12944956e+00  -3.18555651e+00  -5.38994918e+00 
  7.16560766e+00  -6.11276381e+00  -3.94070068e+00 
  3.39254113e+00  -6.43088685e+00  -3.80938744e+00 
  2.43683084e+00  -3.67144098e+00  -6.24052284e+00 
 -1.30685435e+00  -3.80729753e+00  -6.53562746e+00 
 -2.73263863e+00  -5.59829736e+00  -3.59203717e+00 
 -6.10917999e+00  -6.89629928e+00  -4.60784079e+00 
 -7.28058338e+00  -2.88072464e+00  -7.81539323e+00 

   8.468265483991e-01 

  1.22927681e+00  -2.21188171e+00   2.98110619e-01 
  2.75347234e+00  -4.29054309e-02   1.30776332e+00 
 -4.83804467e-02  -2.41135994e-01   1.58984991e+00 
  1.79756164e+00  -1.87753831e+00   2.97845565e+00 
  1.25470428e+00  -2.00668406e+00   1.19157792e+00 
  4.43770016e+00   7.22613384e+00   1.18550719e+01 
  4.00920596e+00   3.51083163e+00   1.11682419e+01 
  6.97485571e+00   3.28389167e+00   8.77811967e+00 
  1.02555432e+01   5.24390381e+00   8.98779238e+00 
  1.04709833e+01   5.46199871e+00   5.18154757e+00 
  6.83897614e+00   6.46444456e+00   4.45496383e+00 
  5.70767972e-01   1.06664327e+01   8.30912167e+00 
 -1.93796036e+00   1.15020299e+01   5.55981062e+00 
 -1.74956776e+00   1.32576359e+01   2.18797260e+00 
 -4.22294675e+00   8.58211183e+00   1.42758091e+00 
 -3.07258627e+00   7.61813492e+00   4.88193375e+00 
 -1.32593992e+00   4.81790608e+00   6.78051738e+00 
 -3.27960230e+00   2.26337901e+00   8.81719839e+00 
 -1.16127967e+01   2.57498386e+00   1.96523997e+00 
 -9.48423761e+00  -5.47141135e-02   3.73479159e+00 
 -7.39756870e+00  -2.34282536e+00   1.53489690e+00 
 -5.55302249e+00  -4.39587848e+00   4.18246883e+00 
 -6.35409271e+00  -6.68824114e+00   7.08728828e+00 
 -5.51086732e+00  -5.73193498e+00   1.06757839e+01 
 -3.13604906e+00  -8.71865652e+00   1.08051498e+01 
 -1.08415844e+00  -9.73191261e+00   7.77717807e+00 
  1.89138524e+00  -1.21085409e+01   7.68577824e+00 
  2.05729095e+00  -8.76541318e+00   1.21105392e+01 
 -4.02289496e-01  -6.00598612e+00   1.30238516e+01 
 -4.97130007e-01  -3.67299146e+00   1.00321700e+01 
 -3.31902486e+00  -1.51958499e+00   1.13497420e+01 
 -1.30666741e+01  -3.16146140e+00   3.60594658e+00 
 -1.12135083e+01  -5.24935419e+00   1.05300290e+00 
 -5.62735979e+00  -8.04960374e+00  -1.16068986e+00 
 -2.13691535e+00  -9.18026882e+00  -3.17880411e-02 
  5.64856293e-01  -6.78216382e+00   1.02986485e+00 
  2.91007982e+00  -6.00074353e+00  -1.97015206e+00 
  3.97910642e-01  -8.03461328e+00  -3.96030218e+00 
 -2.48097432e+00  -7.65636641e+00  -6.40072259e+00 
 -6.22100158e+00  -8.43980830e+00  -6.23462437e+00 
 -1.10913999e+01  -5.24745565e+00  -7.89811480e+00 
 -8.04499616e+00   5.45252983e+00   1.40440639e+00 
 -5.62201968e+00   3.39093884e+00   3.46098950e+00 
 -3.82718204e+00   1.30978034e-01   3.60597497e+00 
 -8.52081163e-01  -3.20755428e-01   5.95808490e+00 
  1.56354506e+00   2.28567842e+00   4.59652063e+00 
 -1.03453562e+00   4.09627710e+00   2.46918235e+00 
  9.52284740e-01   4.00583941e+00  -7.99049670e-01 
  9.82131391e-01   5.87293732e-01  -2.55681613e+00 
 -2.47237443e+00  -9.70309999e-01  -2.52106928e+00 
 -3.86349070e+00   2.55311879e+00  -1.82512959e+00 
 -1.97649164e+00   4.00109210e+00  -4.83463852e+00 
 -3.26745475e+00   1.15329051e+00  -7.02826415e+00 
 -6.89271657e+00   1.84134161e+00  -6.00538394e+00 
  7.20583067e-01   8.04996914e+00  -1.15834547e+01 
  3.54343680e+00   1.06166088e+01  -1.17322580e+01 
 -3.16025644e-01   1.14750130e+01  -8.06861764e+00 
  3.24402635e+00   1.09934965e+01  -6.78604253e+00 
  2.46623913e+00   1.13356722e+01  -1.80336114e+00 
  5.63927316e+00   9.25428654e+00  -2.15723616e+00 
  5.83781978e+00   5.65800759e+00  -3.33275027e+00 
  2.36083732e+00   5.28186972e+00  -4.81850135e+00 
  2.23898414e+00   1.82981295e+00  -6.29808857e+00 
  4.90138791e+00  -2.85324899e-01  -4.76738185e+00 
  5.62366564e+00  -3.07913401e+00  -7.17375736e+00 
  6.89518857e-01  -3.51929998e+00  -8.97538656e+00 

   8.468265483991e-01 

 -1.20390617e+00   3.69910848e+00  -2.87339920e+00 
 -2.30337770e+00   1.24980271e+00  -3.78941899e+00 
  4.72054229e-02   1.41613806e+00  -2.23496129e+00 
 -1.16241549e-01   2.22968118e+00  -4.94143008e+00 
 -7.40048050e-01   3.13092461e+00  -3.42388914e+00 
  9.04051734e-01  -9.88859811e+00  -9.49640576e+00 
  1.75062141e+00  -6.22272537e+00  -1.00473233e+01 
 -1.87946194e+00  -5.11037332e+00  -1.04273657e+01 
 -4.74186240e+00  -7.09663665e+00  -1.20116455e+01 
 -7.23815722e+00  -5.67516265e+00  -9.49581494e+00 
 -5.16049363e+00  -6.13028264e+00  -6.30199635e+00 
  8.62137973e-01  -1.13316820e+01  -3.39080703e+00 
  9.16461925e-01  -1.08148345e+01   3.88157018e-01 
 -1.68478777e+00  -1.09667331e+01   3.16256919e+00 
  9.14573793e-01  -6.32339405e+00   3.65149368e+00 
  2.34799273e+00  -6.97332775e+00   2.29793727e-01 
  2.85707502e+00  -5.32270108e+00  -3.16327887e+00 
  6.20295658e+00  -3.81059707e+00  -4.16781502e+00 
  8.36576414e+00  -8.42825919e-01   5.98123215e+00 
  8.46425934e+00   6.94216466e-01   2.48763979e+00 
  6.13365352e+00   3.62084525e+00   1.83014655e+00 
  6.82910316e+00   4.27270794e+00  -1.87369467e+00 
  9.75168287e+00   5.13261277e+00  -4.12173997e+00 
  1.10176321e+01   2.70268043e+00  -6.76666964e+00 
  1.00367546e+01   5.25372722e+00  -9.43257333e+00 
  6.91745447e+00   7.38410000e+00  -9.06239234e+00 
  5.19438184e+00   9.45531327e+00  -1.17552853e+01 
  6.87773655e+00   4.53815001e+00  -1.36970267e+01 
  8.60404511e+00   1.75003601e+00  -1.17619834e+01 
  6.30104605e+00   9.25039142e-01  -8.86067454e+00 
  8.69691243e+00  -1.47452048e+00  -7.17598357e+00 
  1.18921561e+01   3.69333376e+00   3.81321530e+00 
  9.47777009e+00   6.59899413e+00   3.61593492e+00 
  4.60436946e+00   9.85940897e+00   5.22951049e-01 
  2.90732481e+00   1.02638437e+01  -2.89647831e+00 
  8.85441815e-01   7.54002776e+00  -4.53061421e+00 
 -2.89030750e+00   8.02612708e+00  -3.74434636e+00 
 -1.65964181e+00   1.08104835e+01  -1.47693837e+00 
 -1.02413650e+00   1.16226613e+01   2.17315768e+00 
  2.11767139e+00   1.24032705e+01   4.21003427e+00 
  4.02798681e+00   1.04182185e+01   9.60348948e+00 
  4.59376375e+00  -3.33959121e+00   5.05269466e+00 
  4.49754498e+00  -2.44969693e+00   1.37175230e+00 
  4.03585989e+00   3.63800546e-01  -1.02426235e+00 
  3.29271801e+00  -3.47961024e-01  -4.70242018e+00 
 -1.37180036e-02  -2.21327080e+00  -4.43651605e+00 
  2.36336022e-01  -2.83947701e+00  -6.81626206e-01 
 -3.20859227e+00  -1.43744667e+00   2.14897415e-01 
 -3.42605524e+00   2.40044983e+00   1.96227811e-01 
 -3.85419503e-01   3.92503918e+00   1.86691012e+00 
  2.06208422e-01   4.98620560e-01   3.52332758e+00 
 -3.39365272e+00   4.04352507e-01   4.84493623e+00 
 -3.00995857e+00   3.96384851e+00   6.17584572e+00 
  1.88284774e-01   3.04473731e+00   8.07023101e+00 
 -1.04996655e+01  -4.72201912e-01   9.08172421e+00 
 -1.33802840e+01  -2.83556712e+00   8.24816150e+00 
 -8.46629351e+00  -5.02817526e+00   8.56397102e+00 
 -1.02871033e+01  -5.27843964e+00   5.22139014e+00 
 -6.79937546e+00  -7.68713089e+00   2.46764498e+00 
 -8.90381923e+00  -5.77801617e+00  -7.24605783e-02 
 -8.85667108e+00  -2.03492634e+00  -6.56867973e-01 
 -7.00562209e+00  -9.26350147e-01   2.47091390e+00 
 -6.93278285e+00   2.82876253e+00   2.35030814e+00 
 -7.51245611e+00   3.98256259e+00  -1.14797563e+00 
 -8.80159279e+00   7.50672621e+00  -9.57989017e-01 
 -6.01467869e+00   8.86422708e+00   3.30531012e+00 

   8.468265483991e-01 

 -1.67107676e+00  -1.31481063e+00   1.84846913e+00 
 -1.44238622e+00  -3.69013924e+00   3.14668844e-01 
  1.26808030e-01  -1.38759304e+00  -1.38274473e-01 
 -2.63728245e+00  -1.55470221e+00  -7.25998049e-01 
 -1.82227784e+00  -1.32882691e+00   9.44047646e-01 
 -7.16161159e-01  -7.96243657e+00  -1.18566642e+01 
 -2.83227075e+00  -5.39973368e+00  -1.00091124e+01 
 -4.14684110e+00  -7.87689027e+00  -7.42166879e+00 
 -4.94111100e+00  -1.15797082e+01  -7.97555986e+00 
 -3.73866740e+00  -1.24545476e+01  -4.45842113e+00 
 -4.80655192e-01  -1.04273856e+01  -4.44205288e+00 
  5.28154727e+00  -7.71608502e+00  -1.00320030e+01 
  8.33359349e+00  -6.74455365e+00  -7.96033883e+00 
  1.04959119e+01  -8.50155431e+00  -5.36722024e+00 
  9.04039376e+00  -3.78689898e+00  -3.31543636e+00 
  6.54916151e+00  -3.53620900e+00  -6.12898406e+00 
  2.87354529e+00  -2.81794297e+00  -6.81499726e+00 
  1.69931070e+00   5.86318555e-01  -8.04895487e+00 
  9.39799864e+00   5.70854515e+00  -2.48284678e+00 
  5.63738087e+00   6.00894168e+00  -3.07013215e+00 
  3.38168869e+00   5.52825617e+00  -5.18592871e-02 
 -6.64815598e-02   5.81421804e+00  -1.68138764e+00 
 -2.06667097e+00   8.30578902e+00  -3.71262679e+00 
 -3.05638731e+00   7.60149816e+00  -7.32196018e+00 
 -6.71344183e+00   7.69199826e+00  -6.22890720e+00 
 -7.79455070e+00   6.31028104e+00  -2.86325468e+00 
 -1.13400454e+01   5.52553956e+00  -1.71250523e+00 
 -1.04828764e+01   3.96034444e+00  -6.96588154e+00 
 -7.25619684e+00   4.23462631e+00  -8.96873497e+00 
 -4.62606478e+00   2.38713731e+00  -6.95101164e+00 
 -1.71818371e+00   3.38004755e+00  -9.16338655e+00 
  5.79580207e+00   1.06760159e+01  -2.23607426e+00 
  3.94035296e+00   1.01940171e+01   1.02521803e+00 
 -9.13579028e-01   7.36688722e+00   4.54566811e+00 
 -4.29627598e+00   5.58894885e+00   4.18190775e+00 
 -4.67806786e+00   2.17976199e+00   2.62972723e+00 
 -4.69754849e+00  -5.51435876e-01   5.39576615e+00 
 -3.89219870e+00   2.34403652e+00   7.71437973e+00 
 -1.01992093e+00   3.93218653e+00   9.61556384e+00 
  7.76566408e-01   7.30074380e+00   9.38183551e+00 
  6.65635017e+00   8.75149757e+00   9.43235301e+00 
  9.30344274e+00   1.09307480e+00  -2.59464274e+00 
  5.66286821e+00   8.54586925e-01  -3.61437170e+00 
  2.18116190e+00   1.56149447e+00  -2.49731743e+00 
 -7.76770702e-01  -6.70050655e-02  -4.28234781e+00 
 -7.29463635e-02  -3.75431540e+00  -3.65706506e+00 
  3.52596885e+00  -3.23498661e+00  -2.50295682e+00 
  3.20860812e+00  -5.18442475e+00   7.73618779e-01 
  1.34090315e+00  -3.31919765e+00   3.56820180e+00 
  2.45219064e+00   2.99643768e-01   3.74153555e+00 
  5.59743235e+00  -7.54177345e-01   1.78424084e+00 
  6.34204832e+00  -3.55734667e+00   4.29468401e+00 
  5.85728112e+00  -1.11062373e+00   7.18727813e+00 
  8.34464866e+00   1.37289367e+00   5.66827663e+00 
  9.55780358e+00  -9.17894054e+00   9.51682325e+00 
  9.59425172e+00  -1.29688572e+01   9.05477530e+00 
  1.15272336e+01  -1.00163700e+01   4.98034661e+00 
  8.50713648e+00  -1.22329914e+01   4.26171571e+00 
  7.69098074e+00  -1.11052142e+01  -5.97415859e-01 
  4.30779698e+00  -1.22659151e+01   7.18783216e-01 
  2.02564253e+00  -1.03296254e+01   3.04193403e+00 
  4.45450653e+00  -7.66682804e+00   4.24545929e+00 
  2.57375751e+00  -5.62299042e+00   6.77651310e+00 
 -1.09376989e+00  -6.08943100e+00   6.28974735e+00 
 -2.76494129e+00  -5.24299763e+00   9.54680650e+00 
  6.51744982e-01  -1.47698890e+00   1.09356375e+01 

   8.468265483991e-01 

 -2.46323557e+00   1.90610932e+00  -6.31495360e-02 
 -3.29528409e+00   5.59980736e-01   2.29113630e+00 
 -7.85410389e-01   1.47303901e-01   1.06660410e+00 
 -1.49683389e+00   2.51217967e+00   2.45035980e+00 
 -2.00825725e+00   1.98165121e+00   7.29519749e-01 
  6.82203088e-01  -2.70050318e+00   1.41431452e+01 
  8.46905431e-01   4.36148178e-01   1.19999922e+01 
 -2.92673185e+00   6.70156751e-01   1.14860213e+01 
 -5.65521491e+00  -2.89635905e-01   1.39925526e+01 
 -7.91742521e+00  -1.54433524e+00   1.11837070e+01 
 -5.31913306e+00  -3.56235177e+00   9.20866665e+00 
  1.82525346e+00  -7.85084837e+00   1.07475651e+01 
  2.39007130e+00  -1.00297213e+01   7.66793116e+00 
  3.12600598e-01  -1.25883344e+01   5.76410586e+00 
  2.19644481e+00  -9.07892984e+00   2.20158768e+00 
  3.15923923e+00  -6.90527768e+00   5.12278562e+00 
  2.86474033e+00  -3.33888642e+00   6.42309274e+00 
  5.73284150e+00  -8.55416516e-01   6.11188904e+00 
  8.96896075e+00  -5.14973688e+00  -3.24625743e+00 
  8.27612130e+00  -1.68625613e+00  -1.79654616e+00 
  5.44183135e+00   2.98539054e-01  -3.36388958e+00 
  5.43679644e+00   3.41429160e+00  -1.14599065e+00 
  7.79924256e+00   6.18600047e+00  -1.11053751e-01 
  8.99948300e+00   6.54640795e+00   3.48510822e+00 
  7.22510441e+00   9.92389798e+00   3.63051987e+00 
  3.90772464e+00   1.04795947e+01   1.87218306e+00 
  1.48057017e+00   1.33735411e+01   2.36672442e+00 
  3.58784127e+00   1.16029989e+01   7.18410191e+00 
  6.01158779e+00   8.71811155e+00   7.73272861e+00 
  4.35031301e+00   5.66674477e+00   6.20585448e+00 
  7.32679960e+00   3.37259630e+00   6.66808403e+00 
  1.13567470e+01   2.85652845e-01  -4.81708447e+00 
  8.51624339e+00   1.92608150e+00  -6.70164670e+00 
  2.76808035e+00   5.22795199e+00  -6.75786819e+00 
  5.13482531e-01   7.44720675e+00  -4.58353562e+00 
 -1.28766367e+00   6.18903103e+00  -1.52568496e+00 
 -4.92225444e+00   5.16227043e+00  -2.44563339e+00 
 -3.80277367e+00   5.85957847e+00  -6.00496506e+00 
 -2.73772830e+00   4.10421844e+00  -9.19417979e+00 
  5.23112019e-01   3.97262403e+00  -1.11888670e+01 
  3.54300062e+00  -6.44557649e-01  -1.36870667e+01 
  5.53637245e+00  -7.11319460e+00  -8.61686810e-01 
  4.72567034e+00  -4.02110741e+00   1.17111061e+00 
  3.45877986e+00  -5.26474586e-01   9.42337046e-01 
  2.26864141e+00   1.29457142e+00   4.08161585e+00 
 -6.21528542e-01  -9.29172212e-01   5.16995707e+00 
  3.09465695e-01  -3.85180101e+00   2.90162077e+00 
 -3.12875024e+00  -4.23596989e+00   1.26820102e+00 
 -3.94505400e+00  -1.57402251e+00  -1.38222773e+00 
 -9.56881944e-01  -9.57614726e-01  -3.62986803e+00 
  4.16725642e-01  -4.35435358e+00  -2.44266362e+00 
 -2.87144054e+00  -6.11188116e+00  -3.34465922e+00 
 -2.84621385e+00  -4.42452785e+00  -6.77113780e+00 
  7.13617377e-01  -5.64198159e+00  -7.48361908e+00 
 -8.99860469e+00  -1.11668392e+01  -5.81840067e+00 
 -1.15679988e+01  -1.29031306e+01  -3.59089292e+00 
 -6.38323088e+00  -1.35683921e+01  -2.27553085e+00 
 -8.64387902e+00  -1.18886817e+01   2.97185656e-01 
 -5.29755660e+00  -1.09472843e+01   3.96666087e+00 
 -8.04722394e+00  -8.35508066e+00   4.46198737e+00 
 -8.67939841e+00  -5.31873173e+00   2.28588602e+00 
 -6.55744122e+00  -6.24327694e+00  -7.27559999e-01 
 -7.09368877e+00  -3.50626465e+00  -3.24587785e+00 
 -8.38850697e+00  -4.59314554e-01  -1.52983416e+00 
 -1.01679226e+01   1.60352694e+00  -4.11750930e+00 
 -6.99426022e+00   2.93907727e-01  -8.11728219e+00 

   8.468265483991e-01 

  4.56787966e+00   2.35394071e+00   1.92622581e+00 
  4.57720522e+00   2.23926098e+00  -9.08168356e-01 
  2.29003830e+00   1.72067310e+00   6.63194531e-01 
  3.42477309e+00   4.29233341e+00   3.27812911e-01 
  4.03210312e+00   2.89362543e+00   1.41366328e+00 
 -2.04946589e+00   6.08525768e+00  -1.13108994e+01 
 -9.42298226e-01   7.70706594e+00  -8.05471591e+00 
  2.76681760e+00   6.98411359e+00  -8.58298111e+00 
  4.65170420e+00   6.93894257e+00  -1.19136992e+01 
  6.87537588e+00   4.07439937e+00  -1.07173899e+01 
  4.15912320e+00   1.83474522e+00  -9.19088473e+00 
 -4.07560555e+00   2.22420850e-01  -1.03704282e+01 
 -4.74219458e+00  -3.06313944e+00  -8.55070170e+00 
 -3.21976368e+00  -6.55020429e+00  -8.64826627e+00 
 -3.39381154e+00  -5.01702592e+00  -3.53207664e+00 
 -4.14304325e+00  -1.54565695e+00  -4.78642251e+00 
 -3.03767090e+00   2.07748114e+00  -4.40210866e+00 
 -4.96715719e+00   4.53528795e+00  -2.22800122e+00 
 -7.74748136e+00  -3.20630246e+00   4.75956888e+00 
 -6.32087726e+00   3.33813761e-01   4.85839211e+00 
 -2.81585132e+00   7.36742493e-01   6.26609180e+00 
 -2.26385823e+00   4.48618237e+00   5.75226388e+00 
 -3.85156110e+00   7.77091291e+00   6.76437110e+00 
 -5.46272209e+00   1.00820781e+01   4.20204263e+00 
 -2.82954551e+00   1.27080007e+01   5.06686305e+00 
  7.45526138e-01   1.17177697e+01   5.86927252e+00 
  3.79640348e+00   1.39924377e+01   6.03841444e+00 
  5.10712206e-01   1.52642877e+01   1.75248774e+00 
 -2.70392890e+00   1.35170371e+01   6.98300281e-01 
 -1.77871078e+00   9.87320292e+00   1.80167321e-01 
 -5.32823505e+00   8.68159098e+00  -3.83023805e-01 
 -8.15923691e+00   1.04355676e+00   9.17336951e+00 
 -4.69711641e+00   9.94930887e-01   1.06973114e+01 
  1.69284729e+00   2.75566350e+00   1.05745419e+01 
  4.11133632e+00   5.32607778e+00   9.06460596e+00 
  4.94544820e+00   5.46615291e+00   5.39551604e+00 
  8.22213342e+00   3.49531386e+00   4.69557322e+00 
  7.94873214e+00   2.50899105e+00   8.35080736e+00 
  6.95180603e+00  -3.83659490e-01   1.05925505e+01 
  4.16383937e+00  -9.15501306e-01   1.31564460e+01 
  3.77870307e-01  -5.54745762e+00   1.41001168e+01 
 -5.47146200e+00  -4.28813250e+00   8.90022998e-01 
 -4.13677532e+00  -7.93115512e-01   2.95065663e-01 
 -1.88702676e+00   1.83502518e+00   1.67394758e+00 
 -7.44917917e-01   4.73645949e+00  -5.31721428e-01 
  1.15469131e+00   2.88280261e+00  -3.25899949e+00 
 -2.05718372e-01  -5.64694084e-01  -2.35461517e+00 
  3.18909402e+00  -2.31149063e+00  -2.10778482e+00 
  5.16520562e+00  -1.51846522e+00   1.09271231e+00 
  2.89336281e+00  -1.58978348e+00   4.12498236e+00 
  4.15699781e-01  -3.63797651e+00   2.00362003e+00 
  3.14996435e+00  -6.15893020e+00   1.06387226e+00 
  4.17498124e+00  -6.43170899e+00   4.73313447e+00 
  5.80278114e-01  -7.19275219e+00   5.81069849e+00 
  7.85526955e+00  -1.27625038e+01  -7.98131021e-01 
  9.40929658e+00  -1.35777500e+01  -4.18909823e+00 
  4.11396308e+00  -1.25722935e+01  -4.13369829e+00 
  6.31616672e+00  -1.02620925e+01  -6.22274055e+00 
  2.83929023e+00  -7.04304577e+00  -7.98291645e+00 
  6.10614665e+00  -5.08089472e+00  -8.03905225e+00 
  7.94065109e+00  -3.70110078e+00  -5.02487929e+00 
  6.16089165e+00  -5.61474657e+00  -2.26648137e+00 
  7.87338943e+00  -4.64275951e+00   9.34036563e-01 
  9.70279735e+00  -1.42937572e+00   4.51650573e-01 
  1.24020507e+01  -1.28321738e+00   3.06131845e+00 
  9.67903283e+00  -3.83023682e+00   6.78734632e+00 

   8.468265483991e-01 

