  3.10746013e-01   8.21697785e-01  -8.48757253e-01 
 -1.02302709e+00   6.54607783e-01  -8.82345419e-01 
 -2.10993841e+00   7.03248923e-01  -1.25392502e+00 
  1.48574586e+00   1.15748816e+00  -1.98639735e+00 
  1.23227219e+00   2.35923833e+00  -2.20501667e+00 
  2.81712437e+00   1.09201155e+00  -1.57387480e+00 
  3.94714932e+00   1.88277528e+00  -1.60155232e+00 
  6.77824929e-01   1.51195556e+00   1.48493637e-01 
  7.34901047e-01   7.92477270e-01   1.30567012e+00 
  1.52479625e+00   1.59414034e+00   2.10247310e+00 
  3.00603690e+00   2.07399313e+00   1.53302637e+00 
  1.75847808e+00   2.86458910e+00   4.27573108e-01 
  9.84978835e-01  -5.76160751e-01   9.75262377e-01 
  1.61543876e+00  -1.29534718e+00   2.14802737e-02 
  2.97172454e+00  -1.57250653e+00   2.62271253e-01 
  3.43628236e+00  -1.37553576e+00   1.56452652e+00 
  2.39523646e+00  -1.79542079e+00   2.44131658e+00 
  1.08033880e+00  -1.37183156e+00   2.12369605e+00 
  1.67450554e+00   1.49529078e+00   3.29635899e+00 
  5.19827913e+00  -1.32829196e+00   2.16990148e+00 
  9.71003417e+00   4.23242779e+00  -5.44131268e+00 
  6.75283073e+00   3.75228217e-01  -8.28450530e+00 
  5.89013880e+00  -5.61210544e+00  -8.72532885e+00 
  8.21502322e+00  -8.32646090e+00  -7.47785183e+00 
  9.59663473e+00  -6.31306897e+00  -4.56814944e+00 
  6.14453755e+00  -5.49867089e+00  -3.30078601e+00 
  4.64418497e+00  -8.92993289e+00  -3.87003911e+00 
  7.53629794e+00  -1.10040393e+01  -2.63317527e+00 
  9.01938234e+00  -8.85037769e+00   1.04060475e-01 
  7.38697377e+00  -5.76006598e+00   1.23476419e+00 
  3.71385934e+00  -7.03064010e+00   1.43272721e+00 
  4.29287604e+00  -1.01584642e+01   3.17206437e+00 
  6.57980384e+00  -8.45120280e+00   5.66646499e+00 
  3.94417849e+00  -5.86392137e+00   6.47588468e+00 
  1.28633292e+00  -8.40911806e+00   6.87263667e+00 
  4.04160354e+00  -7.02452877e+00   1.14291261e+01 
  5.35983440e-01  -5.58358219e+00   1.14812554e+01 
 -4.85786621e+00  -6.06644976e+00   8.77211284e+00 
 -2.25882542e+00  -1.97530999e+00   7.80719121e+00 
 -5.48703009e+00  -7.84129718e-01   6.14373391e+00 
 -5.47666330e+00   2.36367740e+00   8.21996915e+00 
 -1.95309434e+00   3.01786496e+00   7.42222290e+00 
 -2.83567625e+00   2.38693807e+00   3.71981517e+00 
 -5.38450727e+00   5.05760493e+00   3.70004275e+00 
 -3.07687042e+00   7.54079449e+00   5.35108624e+00 
 -2.74496441e-01   7.13765899e+00   2.88852487e+00 
 -2.54799911e+00   7.11333846e+00  -1.64586192e-01 
 -4.11265093e+00   1.02501513e+01   9.86949890e-01 
 -6.78050269e-01   1.19044344e+01   9.44577597e-01 
  2.49767634e-01   1.05039815e+01  -2.50202006e+00 
  3.14749780e+00   8.54999034e+00  -1.07115950e+00 
  3.22304732e+00   5.89806181e+00  -3.82043916e+00 
  5.65032099e+00   3.81788038e+00  -5.89718371e+00 
 -1.43250900e+01  -4.92415802e-01   1.44298089e+00 
 -1.07345507e+01   6.38394111e-01   1.03847864e+00 
 -1.14623844e+01   4.33651770e+00   1.17832065e+00 
 -2.10854775e+00   4.67396759e+00  -8.17948386e+00 
 -4.07231472e+00  -4.59025592e+00  -3.29984830e+00 
 -3.71062264e+00  -5.94016277e+00   2.14020872e-01 
 -1.57163135e+00  -8.79089636e+00  -9.68006526e-01 
  3.82150948e-01  -7.46960348e+00  -3.93180709e+00 
  3.04571624e-01  -3.81148792e+00  -3.23660970e+00 
 -8.64286972e-03  -7.88327033e-01  -5.73686349e+00 
  2.09592042e+00  -2.20657835e+00  -8.37920392e+00 
 -8.60427549e-01  -4.57336947e+00  -8.85946777e+00 
 -2.85763989e+00  -1.73786745e+00  -1.04761884e+01 
 -3.86693963e-01  -1.34624764e+00  -1.33753170e+01 

   2.424324736810e+01 

  2.33573566e-01   1.98886959e+00  -9.52177482e-01 
 -2.59752699e-01   1.35874114e+00  -2.03271681e+00 
 -7.31547505e-01   1.19686433e+00  -3.06858319e+00 
  1.02345077e-01   3.53032647e+00  -3.24248660e-01 
  8.06879462e-01   4.15391802e+00  -1.14340167e+00 
  6.49982718e-01   3.75862590e+00   9.38685683e-01 
  1.52177300e+00   4.64098751e+00   1.54238214e+00 
  1.45240405e+00   1.70548318e+00  -7.52536677e-01 
  1.62805975e+00   5.01903086e-01  -1.35686492e-01 
  2.91923013e+00   6.08095764e-01   3.36643114e-01 
  3.32045177e+00   1.91291225e+00   1.27742859e+00 
  2.91951169e+00   2.59481565e+00  -3.89222757e-01 
  4.64421701e-01   2.20575559e-01   6.46412941e-01 
 -4.89972726e-01   8.88750940e-01   1.32984697e+00 
 -1.99020480e-01   1.16034472e+00   2.67739746e+00 
  8.59397036e-01   4.52599859e-01   3.25127010e+00 
  8.04199943e-01  -8.69816599e-01   2.72495384e+00 
  5.87493037e-01  -9.95542170e-01   1.32978442e+00 
  3.60764930e+00  -2.91729615e-01   7.53705404e-01 
  1.72080498e+00   7.72011503e-01   4.87278050e+00 
  2.46092291e+00   1.11936536e+01   4.64979803e+00 
 -2.93137531e+00   1.02859693e+01   3.30591776e+00 
 -7.92259035e+00   7.43564724e+00   5.24245175e+00 
 -8.60059714e+00   6.20612776e+00   8.75778967e+00 
 -4.96393492e+00   5.51345252e+00   9.60858598e+00 
 -4.48284715e+00   3.42744465e+00   6.50962568e+00 
 -7.79719394e+00   1.60199085e+00   6.68707877e+00 
 -7.85276301e+00   9.27293542e-01   1.03935275e+01 
 -4.18880771e+00   4.77147889e-01   1.12320128e+01 
 -1.60631409e+00   3.54336477e-01   8.62262225e+00 
 -3.39783270e+00  -1.98551414e+00   6.08079659e+00 
 -4.54313324e+00  -4.54351632e+00   8.38052473e+00 
 -1.15246102e+00  -4.66888268e+00   1.00700335e+01 
  5.95961528e-01  -5.21547435e+00   6.76247208e+00 
 -1.76845159e+00  -7.86816597e+00   5.72692428e+00 
  2.75172287e+00  -9.52837081e+00   8.38811619e+00 
  2.95305333e+00  -1.04083175e+01   4.70659792e+00 
 -4.56945129e-01  -1.08869178e+01  -2.74273579e-01 
  2.70946763e+00  -7.09567106e+00  -1.20033663e-01 
  1.75541302e+00  -6.65364358e+00  -3.79449928e+00 
  5.38216060e+00  -6.76542479e+00  -4.82102586e+00 
  6.30795691e+00  -4.31894545e+00  -2.24468374e+00 
  3.35963412e+00  -2.15044320e+00  -3.46527102e+00 
  4.69068723e+00  -1.98256587e+00  -6.90467603e+00 
  8.15861486e+00  -1.08547000e+00  -5.72736561e+00 
  7.09284450e+00   1.83185172e+00  -3.62180293e+00 
  4.63166894e+00   3.18419720e+00  -6.19175811e+00 
  7.27938319e+00   3.09656586e+00  -8.75996673e+00 
  9.39143808e+00   5.39397225e+00  -6.56997181e+00 
  6.49145484e+00   7.78753561e+00  -5.82023742e+00 
  6.64520831e+00   7.02257013e+00  -2.12517707e+00 
  3.00549169e+00   7.92235504e+00  -1.39045171e+00 
  8.15646067e-01   9.59186665e+00   1.24564147e+00 
 -3.17688248e+00  -6.72728982e+00  -1.25100323e+01 
 -1.63709992e+00  -4.33008064e+00  -1.00166846e+01 
  1.03711816e+00  -3.01344375e+00  -1.23276239e+01 
 -1.94543467e+00   8.39093722e+00  -6.30922617e+00 
 -6.46077852e+00  -5.68804343e-01  -2.72763963e+00 
 -5.25095293e+00  -3.74939981e+00  -1.07825163e+00 
 -7.55257460e+00  -3.25514939e+00   1.84705327e+00 
 -7.84736024e+00   4.91308267e-01   2.32070971e+00 
 -4.69719342e+00   1.64352775e+00   7.02078591e-01 
 -4.02256245e+00   4.85254251e+00  -1.47415013e+00 
 -6.14189508e+00   7.12863102e+00   4.62454289e-01 
 -8.98161944e+00   5.10508460e+00  -1.09111335e+00 
 -8.35105461e+00   6.81738799e+00  -4.45461147e+00 
 -9.17055424e+00   1.03007534e+01  -3.09135377e+00 

   2.424324736810e+01 

 -1.36543623e+00   8.82642161e-01  -8.40650809e-01 
 -5.32810959e-01   1.60406052e+00  -6.97496369e-02 
  3.36603480e-01   2.29279837e+00   2.32859517e-01 
 -1.29482034e+00   2.55912455e-01  -2.38655769e+00 
 -1.41954895e+00   1.30657382e+00  -3.04746634e+00 
 -2.32583761e+00  -5.97135199e-01  -2.78196110e+00 
 -3.22168840e+00  -7.21130174e-01  -3.82364546e+00 
 -2.56294769e+00   1.28797823e+00  -7.54737801e-01 
 -3.20156883e+00   8.37812309e-01   3.63062627e-01 
 -4.52630851e+00   1.03454835e+00   3.46531499e-02 
 -5.10322892e+00   3.87192151e-01  -1.37839143e+00 
 -3.86127012e+00   1.65819234e+00  -1.87394040e+00 
 -2.60522950e+00  -4.00905573e-01   7.56554209e-01 
 -1.98906915e+00  -1.46071276e+00   1.89487819e-01 
 -2.83005379e+00  -2.51045909e+00  -2.16820190e-01 
 -4.13343521e+00  -2.50737156e+00   2.84844599e-01 
 -4.05426567e+00  -2.06027865e+00   1.63491161e+00 
 -3.23151698e+00  -9.34487026e-01   1.88975335e+00 
 -5.46638588e+00   1.00138406e+00   7.91424106e-01 
 -5.59021869e+00  -3.52764926e+00  -2.72074365e-01 
 -4.42609158e+00  -3.05992300e+00  -1.06467627e+01 
  7.35335110e-01  -4.43124349e+00  -8.86184266e+00 
  3.69091690e+00  -8.48392538e+00  -5.45199913e+00 
  2.42740625e+00  -1.18899714e+01  -4.38832463e+00 
 -1.24050694e+00  -1.09062374e+01  -4.30088411e+00 
 -5.43028087e-01  -7.93467394e+00  -2.09413020e+00 
  1.95117475e+00  -9.65086249e+00   1.82339640e-01 
  1.48454234e-01  -1.29337374e+01   5.93433629e-01 
 -3.49775913e+00  -1.19280694e+01   4.38459032e-01 
 -4.53289910e+00  -8.40439957e+00   3.64218415e-01 
 -2.16677521e+00  -7.00046530e+00   3.11662533e+00 
 -2.67082974e+00  -9.54850778e+00   5.64590319e+00 
 -6.42660385e+00  -9.42401753e+00   5.15044597e+00 
 -6.47937540e+00  -5.67882201e+00   5.66661657e+00 
 -4.37471575e+00  -5.87008384e+00   8.70526893e+00 
 -9.81742135e+00  -6.05247014e+00   9.48878060e+00 
 -8.40670155e+00  -2.71037650e+00   1.05881880e+01 
 -3.18694363e+00   5.69791970e-02   1.19156285e+01 
 -5.38762473e+00   1.39593379e+00   7.69808007e+00 
 -2.76194564e+00   4.17296132e+00   7.66295923e+00 
 -5.44470833e+00   6.79956594e+00   7.31184320e+00 
 -7.05851764e+00   4.95329203e+00   4.57930028e+00 
 -3.57318558e+00   4.61054959e+00   2.96071121e+00 
 -3.08526672e+00   8.26806691e+00   2.84283737e+00 
 -6.50057195e+00   8.87213196e+00   1.36359485e+00 
 -6.08848065e+00   6.49069817e+00  -1.50676759e+00 
 -2.52531435e+00   7.57301445e+00  -2.29628038e+00 
 -3.63063866e+00   1.10911486e+01  -2.41775275e+00 
 -6.11655424e+00   1.01493784e+01  -5.15055760e+00 
 -3.56180052e+00   8.09398915e+00  -7.13795752e+00 
 -5.55552243e+00   4.92123989e+00  -6.66783154e+00 
 -2.59580255e+00   2.53921176e+00  -7.07152875e+00 
 -1.66134265e+00  -8.33352648e-01  -8.58291030e+00 
  5.59872751e+00   9.50073294e+00   9.07981230e+00 
  3.48314750e+00   8.01946492e+00   6.31133051e+00 
  2.46327333e+00   1.13130115e+01   4.78233624e+00 
  4.08637420e+00   4.51283811e+00  -6.45598321e+00 
  4.85897961e+00  -7.14591377e-01   2.79442884e+00 
  2.51536377e+00  -1.56706680e+00   5.63715582e+00 
  3.21908625e+00  -5.23820012e+00   5.28119324e+00 
  3.86407335e+00  -5.82377159e+00   1.59496323e+00 
  2.07926264e+00  -2.91215554e+00   1.09005578e-01 
  3.03996651e+00  -7.01318385e-01  -3.00196231e+00 
  4.34080661e+00  -3.42950294e+00  -5.07256862e+00 
  7.20386924e+00  -3.39547181e+00  -2.54787832e+00 
  8.51605222e+00  -1.49281018e-01  -4.09161914e+00 
  9.15552439e+00  -1.76487526e+00  -7.50406938e+00 

   2.424324736810e+01 

 -6.26965626e-01  -1.76539318e+00  -1.64911626e-01 
 -6.16247870e-03  -2.43603958e+00   8.21412246e-01 
  5.24687287e-01  -3.28766053e+00   1.38244155e+00 
 -7.42312690e-01  -1.94415169e+00  -1.82091442e+00 
 -1.49559676e+00  -2.93705343e+00  -1.87528389e+00 
 -1.36667450e+00  -9.21359150e-01  -2.53582596e+00 
 -2.37884708e+00  -7.77447466e-01  -3.46201483e+00 
 -1.79977692e+00  -1.41577255e+00   1.63708403e-01 
 -1.82607353e+00  -2.98444571e-01   9.45277843e-01 
 -3.13690469e+00   1.09878601e-01   8.16876379e-01 
 -3.75744276e+00   3.35902898e-01  -7.03797056e-01 
 -3.39213488e+00  -1.46739564e+00  -5.69125345e-01 
 -6.66177072e-01   4.85193306e-01   6.52993568e-01 
  1.55079775e-01   7.40564556e-01  -3.88511043e-01 
 -2.24978762e-01   1.80904567e+00  -1.21809667e+00 
 -1.19339945e+00   2.68340657e+00  -7.19965522e-01 
 -9.29011247e-01   2.84217103e+00   6.70621960e-01 
 -6.41321919e-01   1.66531792e+00   1.40650109e+00 
 -3.70575044e+00   9.24631357e-01   1.50254400e+00 
 -2.15532169e+00   3.98937312e+00  -1.63784371e+00 
 -4.36703740e+00  -1.10228021e+00  -1.04917411e+01 
  1.14870232e+00  -2.03456940e+00  -9.84812841e+00 
  6.41497519e+00   8.53235447e-01  -9.00333238e+00 
  7.12147862e+00   4.50827459e+00  -9.68930162e+00 
  3.59015479e+00   5.70403845e+00  -8.96206974e+00 
  3.53544704e+00   3.97443382e+00  -5.61663939e+00 
  7.06686495e+00   4.88376238e+00  -4.59151747e+00 
  7.07096720e+00   8.46567575e+00  -5.76025470e+00 
  3.47849784e+00   9.53700420e+00  -5.23425434e+00 
  1.04573744e+00   7.38089348e+00  -3.52365838e+00 
  3.25264854e+00   6.18739681e+00  -5.48691731e-01 
  4.65932896e+00   9.38330592e+00   4.26630289e-01 
  1.25692652e+00   1.10420823e+01   2.29314873e-01 
 -2.62715041e-01   8.44359725e+00   2.51716789e+00 
  2.49561342e+00   8.70596356e+00   4.97121953e+00 
 -1.84316794e+00   1.19823145e+01   5.81424999e+00 
 -1.77034453e+00   9.16100677e+00   8.34473142e+00 
  1.86818051e+00   4.88712394e+00   1.06165786e+01 
 -1.81090897e+00   3.33721007e+00   7.70357691e+00 
 -7.84581325e-01  -1.39808442e-01   8.91365952e+00 
 -4.31450472e+00  -8.72432022e-01   1.00193057e+01 
 -5.68186322e+00   2.72746398e-01   6.81013199e+00 
 -3.02739086e+00  -1.92287223e+00   5.07292793e+00 
 -4.23109382e+00  -4.98845659e+00   6.74106571e+00 
 -7.83560162e+00  -4.26102334e+00   5.90696306e+00 
 -7.28195891e+00  -3.81815948e+00   2.22221368e+00 
 -4.93907022e+00  -6.80128319e+00   1.90168508e+00 
 -7.44299143e+00  -8.93558167e+00   3.57168931e+00 
 -9.94685823e+00  -8.02148725e+00   8.45884429e-01 
 -7.45060385e+00  -8.58597699e+00  -2.00914893e+00 
 -7.64016442e+00  -4.96462076e+00  -3.06372428e+00 
 -4.19838345e+00  -4.86146232e+00  -4.71916179e+00 
 -2.37592401e+00  -3.39906272e+00  -7.73108960e+00 
  4.44992042e+00  -7.94487610e+00   1.23740625e+01 
  2.48569574e+00  -6.82941856e+00   9.33565816e+00 
 -2.55242246e-01  -9.39908102e+00   9.66658044e+00 
  8.26276795e-01  -9.57828954e+00  -3.52337177e+00 
  6.42926692e+00  -2.34172313e+00   1.92930367e+00 
  5.62161375e+00   6.52391181e-01   4.09340212e+00 
  7.71100103e+00   2.92068656e+00   1.95133503e+00 
  7.44856765e+00   1.55979538e+00  -1.57376041e+00 
  4.23292673e+00  -3.06746624e-01  -1.35742314e+00 
  3.19381746e+00  -3.71660080e+00  -3.02536215e+00 
  4.88768431e+00  -3.15444486e+00  -6.22495310e+00 
  8.04678016e+00  -3.66100883e+00  -4.14268193e+00 
  7.31220183e+00  -7.41173435e+00  -3.95515253e+00 
  7.57092716e+00  -7.88193601e+00  -7.74670336e+00 

   2.424324736810e+01 

  8.53296802e-01   2.76159476e+00   2.31571726e-01 
  2.71111962e-04   3.32573071e+00  -6.41409210e-01 
 -3.88341702e-01   3.96755895e+00  -1.51252929e+00 
  2.50351980e+00   2.51129501e+00   2.73031351e-01 
  2.89002533e+00   3.67849932e+00   4.83968177e-01 
  3.00825901e+00   1.72329604e+00   1.30808049e+00 
  3.97981427e+00   1.79907398e+00   2.28448603e+00 
  5.85543551e-01   3.07804012e+00   1.42902009e+00 
 -4.41266892e-01   2.35262287e+00   1.95759765e+00 
 -2.68250479e-01   2.55544058e+00   3.31052905e+00 
  1.20931197e+00   2.22329231e+00   3.98513184e+00 
  1.48681874e+00   3.63259530e+00   2.82740690e+00 
 -4.89229615e-01   1.08687689e+00   1.29392236e+00 
  3.53899483e-01   2.16867595e-01   6.96740399e-01 
  9.29338882e-01  -7.50645769e-01   1.53763046e+00 
  3.44302846e-01  -9.25898399e-01   2.79361597e+00 
 -1.06291756e+00  -7.97945590e-01   2.61417345e+00 
 -1.51059932e+00   2.77433536e-01   1.80645612e+00 
 -1.06487709e+00   2.30382186e+00   4.18209183e+00 
  1.01262990e+00  -1.85985199e+00   4.26140786e+00 
  1.10498171e+01   1.03659197e+00   3.99010876e+00 
  1.00267037e+01  -4.57703165e-01  -1.34159885e+00 
  7.88743062e+00  -5.03839168e+00  -4.69234956e+00 
  7.55515088e+00  -8.65465081e+00  -3.62404619e+00 
  6.96548216e+00  -7.89556448e+00   5.08747876e-02 
  4.18567601e+00  -5.48096681e+00  -7.42110186e-01 
  2.56596908e+00  -7.55221832e+00  -3.46885412e+00 
  2.79717278e+00  -1.09247157e+01  -1.80486095e+00 
  2.43905453e+00  -1.00875194e+01   1.86952482e+00 
  1.61190632e+00  -6.69537290e+00   3.01077114e+00 
 -1.20615516e+00  -5.84946799e+00   4.63558561e-01 
 -3.10234188e+00  -8.93210556e+00   6.77239294e-01 
 -2.93317907e+00  -8.87841313e+00   4.46344001e+00 
 -4.31058567e+00  -5.35929988e+00   4.58302008e+00 
 -7.05398667e+00  -6.14237381e+00   2.22502779e+00 
 -8.18005906e+00  -6.76246902e+00   7.57457379e+00 
 -9.91902099e+00  -3.69866348e+00   6.17545842e+00 
 -1.14589127e+01  -1.06212990e+00   9.46342538e-01 
 -7.84725384e+00   1.10295868e+00   3.53319838e+00 
 -8.26323760e+00   3.93702880e+00   1.00291971e+00 
 -8.73663305e+00   6.44138036e+00   3.78206884e+00 
 -5.77819831e+00   5.19725541e+00   5.56524456e+00 
 -3.86714002e+00   5.40448964e+00   2.22013577e+00 
 -4.56874894e+00   9.01026817e+00   1.85203506e+00 
 -3.53196622e+00   9.77275911e+00   5.39619250e+00 
 -1.62950463e-01   8.13791055e+00   5.15738357e+00 
  6.17952082e-01   9.54342219e+00   1.70693124e+00 
 -1.67385669e-01   1.29376620e+01   2.92189882e+00 
  2.51494162e+00   1.25306950e+01   5.60041109e+00 
  5.11287193e+00   1.11131268e+01   3.16270549e+00 
  5.24682073e+00   7.82488080e+00   5.01521168e+00 
  6.41584220e+00   5.74519156e+00   2.03104467e+00 
  8.73753877e+00   2.85967179e+00   1.12817101e+00 
 -1.02506507e+01   9.19331228e+00  -7.28654057e+00 
 -7.38015324e+00   8.28802535e+00  -4.98979834e+00 
 -6.74206186e+00   1.17917444e+01  -3.74794179e+00 
  5.86105918e+00   7.84448585e+00  -4.61807276e+00 
 -1.83110644e+00   6.73567721e-01  -6.32147596e+00 
 -4.56464106e+00  -9.21817102e-01  -4.25196346e+00 
 -3.31091841e+00  -4.37436803e+00  -5.03121062e+00 
  4.48009353e-01  -4.06478231e+00  -5.38022743e+00 
  1.07592811e+00  -9.79111546e-01  -3.39138823e+00 
  3.64900187e+00   1.93155515e+00  -4.02082045e+00 
  6.39021845e+00  -1.81350895e-01  -5.22246354e+00 
  4.14959503e+00  -5.90656260e-01  -8.28586406e+00 
  4.98824014e+00   2.98296151e+00  -9.36690289e+00 
  8.72140541e+00   2.22813793e+00  -9.76389718e+00 

   2.424324736810e+01 

 -1.37776246e+00  -1.14687633e+00   1.93802491e+00 
 -8.28733232e-01  -2.34051161e+00   2.22403129e+00 
 -7.41456509e-01  -3.46448008e+00   2.44962216e+00 
 -2.83600250e+00  -6.42483184e-01   1.30027233e+00 
 -3.58409353e+00  -8.75119345e-01   2.27109003e+00 
 -2.97130724e+00   7.13304198e-01   9.99333842e-01 
 -3.84376453e+00   1.74829772e+00   1.26510892e+00 
 -1.15658285e+00  -2.92419370e-01   2.84725257e+00 
  8.88873478e-02   2.58243052e-01   2.77282819e+00 
 -5.39307030e-02   1.39403913e+00   3.54163463e+00 
 -1.28076492e+00   2.45056137e+00   3.18492640e+00 
 -2.09942228e+00   8.91037607e-01   3.73370476e+00 
  5.23709847e-01   2.10583119e-01   1.41138185e+00 
 -7.79003070e-03   2.45663509e-01   1.70137962e-01 
 -1.60630356e-01   1.52398815e+00  -3.92742716e-01 
  5.30134886e-01   2.57183038e+00   2.19915650e-01 
  1.79346013e+00   2.05224268e+00   6.23498077e-01 
  1.79180060e+00   7.84506658e-01   1.25761882e+00 
  8.36068155e-01   2.09173262e+00   3.96433246e+00 
  3.19886945e-01   4.40519926e+00  -4.06563480e-02 
 -1.00970870e+01   5.11459517e+00  -4.78298098e-01 
 -8.97640283e+00   8.62869224e-01  -3.99592209e+00 
 -5.62272485e+00  -5.70268095e-01  -8.84212561e+00 
 -4.00287826e+00   1.84785020e+00  -1.12624175e+01 
 -3.46896141e+00   4.61201333e+00  -8.71226059e+00 
 -1.74245689e+00   2.27197606e+00  -6.31855279e+00 
  3.05911405e-01   4.20026842e-01  -8.91145410e+00 
  1.35325745e+00   3.37826052e+00  -1.09966368e+01 
  1.64337167e+00   6.15894811e+00  -8.44440883e+00 
  1.33195143e+00   5.51956614e+00  -4.84059372e+00 
  3.51634537e+00   2.30888770e+00  -4.58508520e+00 
  6.36314803e+00   3.40729638e+00  -6.54290311e+00 
  6.43469981e+00   6.73798251e+00  -4.73507982e+00 
  6.52848089e+00   5.02880914e+00  -1.36378364e+00 
  9.21312449e+00   2.70059060e+00  -2.39899793e+00 
  1.08319590e+01   7.40759565e+00  -5.51383175e-02 
  1.13208466e+01   4.48478949e+00   2.30846273e+00 
  1.15181055e+01  -1.56601735e+00   2.43115802e+00 
  7.56146842e+00   5.58138673e-01   4.49428562e+00 
  6.81482592e+00  -2.96784730e+00   5.76599862e+00 
  6.58335054e+00  -1.71339643e+00   9.31456482e+00 
  4.35361013e+00   1.02984223e+00   8.32320310e+00 
  2.27197254e+00  -1.57224247e+00   6.37877960e+00 
  1.67068002e+00  -3.59828727e+00   9.40582135e+00 
  6.70458553e-01  -5.94877601e-01   1.14543453e+01 
 -1.94300544e+00   6.34720421e-01   9.05894940e+00 
 -3.38264175e+00  -2.82171301e+00   8.37235760e+00 
 -3.72912737e+00  -3.38828047e+00   1.20017811e+01 
 -5.92799175e+00  -2.80951955e-01   1.22125764e+01 
 -8.03747092e+00  -1.23949906e+00   9.15767292e+00 
 -6.91545078e+00   1.82640988e+00   7.25936933e+00 
 -7.49482156e+00   3.61715632e-01   3.77856891e+00 
 -8.74200442e+00   1.31854333e+00   3.05717665e-01 
  6.33360230e+00  -1.29237335e+01   6.73668545e+00 
  4.10395860e+00  -9.89548915e+00   6.29765197e+00 
  2.38764094e+00  -1.01746552e+01   9.64455140e+00 
 -8.13008331e+00  -6.48688879e+00   2.50630974e+00 
  1.42311898e+00  -6.57612561e+00  -2.20765081e+00 
  4.66724626e+00  -4.67430845e+00  -1.80880757e+00 
  4.62330171e+00  -3.59865753e+00  -5.40605631e+00 
  9.71332766e-01  -3.21645848e+00  -6.33570176e+00 
 -5.43275600e-01  -2.66372560e+00  -2.97838508e+00 
 -3.99288811e+00  -3.90455342e+00  -1.54681464e+00 
 -5.91743784e+00  -3.45001138e+00  -4.63098168e+00 
 -3.87830613e+00  -6.44707122e+00  -5.82761072e+00 
 -5.95897759e+00  -8.74740770e+00  -3.58663485e+00 
 -9.22546662e+00  -7.95521625e+00  -5.42140137e+00 

   2.424324736810e+01 

  1.48144198e+00  -4.88110678e-01   7.60146798e-01 
  2.63229090e+00  -1.08812263e+00   4.08677996e-01 
  3.67897663e+00  -1.55554869e+00   4.96856641e-01 
  9.78065398e-01   4.23791792e-01   2.06500339e+00 
  9.02576353e-01  -4.69929540e-01   2.93207338e+00 
 -2.81269679e-01   1.01940564e+00   1.98531603e+00 
 -1.43835099e+00   1.09279664e+00   2.73284950e+00 
  4.73171982e-01  -1.21683462e+00   5.19179823e-01 
  9.27129824e-02  -1.18829903e+00  -7.90171459e-01 
 -1.19591648e+00  -1.67472350e+00  -7.24456767e-01 
 -2.27199055e+00  -9.48122408e-01   3.06425200e-01 
 -9.75395954e-01  -1.70439626e+00   1.37897554e+00 
  4.93551011e-01   6.48904750e-02  -1.35028140e+00 
  6.81778083e-01   1.34324615e+00  -9.56852256e-01 
 -4.45359055e-01   2.17853477e+00  -1.03536014e+00 
 -1.52269340e+00   1.71772246e+00  -1.79528314e+00 
 -9.73011350e-01   1.05453814e+00  -2.92968916e+00 
  1.10947263e-01   1.72310505e-01  -2.69309962e+00 
 -1.86967939e+00  -2.05110521e+00  -1.65285753e+00 
 -3.26164608e+00   2.38482516e+00  -1.86132068e+00 
 -4.98564157e+00   4.29706455e+00   8.26682321e+00 
  4.64892235e-02   6.66245012e+00   7.37834372e+00 
  2.89340105e+00   1.06241762e+01   3.77465851e+00 
  1.27540068e+00   1.32723913e+01   1.60716144e+00 
 -1.91785902e+00   1.13173316e+01   9.67005620e-01 
 -4.50997142e-03   8.28149327e+00  -1.77201772e-01 
  2.59691871e+00   1.01391005e+01  -2.20957228e+00 
  3.17978356e-01   1.26503638e+01  -3.85153890e+00 
 -2.91833359e+00   1.07281114e+01  -4.25339393e+00 
 -3.14671239e+00   7.14114638e+00  -3.49523790e+00 
  1.42010521e-01   5.93414244e+00  -5.19015993e+00 
 -1.68989276e-01   7.69761823e+00  -8.34250354e+00 
 -3.79356246e+00   6.64099183e+00  -8.67839747e+00 
 -2.88963567e+00   3.00108239e+00  -8.19914595e+00 
 -1.09326132e-01   3.16698893e+00  -1.06367545e+01 
 -5.01852185e+00   1.68320624e+00  -1.26288353e+01 
 -2.66918314e+00  -1.28768288e+00  -1.24776986e+01 
  3.18226111e+00  -2.71120048e+00  -1.18449060e+01 
  2.28780351e-01  -3.75280476e+00  -8.02188059e+00 
  3.27374090e+00  -5.63455254e+00  -6.68227372e+00 
  1.23318121e+00  -8.77785142e+00  -6.26353965e+00 
 -1.44188802e+00  -6.95087171e+00  -4.53552102e+00 
  1.28896620e+00  -5.34962052e+00  -2.33023818e+00 
  2.50154507e+00  -8.63367879e+00  -1.15805825e+00 
 -9.77409305e-01  -9.85503278e+00  -3.69050170e-01 
 -1.91211825e+00  -6.93839086e+00   1.79879341e+00 
  1.43192758e+00  -6.81897739e+00   3.61372894e+00 
  1.12345510e+00  -1.04108551e+01   4.39923800e+00 
 -2.17204093e+00  -9.67565180e+00   6.16958026e+00 
 -7.84651177e-01  -6.64737754e+00   8.06848907e+00 
 -3.20186431e+00  -4.30401182e+00   6.35734877e+00 
 -1.06149537e+00  -1.16665763e+00   6.77304191e+00 
 -1.33995969e+00   2.56075675e+00   7.52172064e+00 
  1.26402035e+01  -8.61817414e+00  -4.76893657e+00 
  9.56457728e+00  -7.26610838e+00  -3.02343760e+00 
  8.89225795e+00  -1.03475048e+01  -9.55008625e-01 
  5.78632768e+00  -1.30030817e+00   8.19256309e+00 
  7.97848786e+00   2.02099827e+00  -1.68956312e+00 
  6.40115877e+00   1.61988891e+00  -5.10299108e+00 
  6.16696085e+00   5.33838203e+00  -5.56894688e+00 
  5.60852029e+00   6.78908642e+00  -2.11484861e+00 
  4.15050806e+00   3.84756867e+00  -3.56212463e-01 
  4.65241520e+00   2.64131083e+00   3.35618640e+00 
  4.69860340e+00   5.97294525e+00   4.87955935e+00 
  8.09243547e+00   6.23676450e+00   3.15194533e+00 
  9.58663094e+00   3.84639335e+00   5.73965092e+00 
  8.87761316e+00   6.21124515e+00   8.66687756e+00 

   2.424324736810e+01 

 -4.67727926e-01  -2.08276806e+00   1.87509075e-01 
  1.07662975e-01  -2.74257726e+00   1.20808492e+00 
  4.46567056e-01  -3.61205953e+00   1.87961913e+00 
 -1.00273904e+00  -2.50467944e+00  -1.33674770e+00 
 -2.02817483e+00  -3.14631437e+00  -1.03173485e+00 
 -1.40685400e+00  -1.47271580e+00  -2.18455246e+00 
 -2.49870846e+00  -1.14014342e+00  -2.95932930e+00 
 -1.35957568e+00  -1.27582426e+00   5.86459376e-01 
 -8.47773465e-01  -1.03992742e-01   1.06062549e+00 
 -1.95002786e+00   7.23916536e-01   1.02754152e+00 
 -2.78852606e+00   8.80573067e-01  -3.94070831e-01 
 -3.00470477e+00  -8.74953029e-01   1.30206589e-01 
  4.06264445e-01   1.35204279e-01   4.16380258e-01 
  1.01039468e+00  -1.20477744e-01  -7.64323982e-01 
  8.19963344e-01   8.43222684e-01  -1.76897621e+00 
  3.23487595e-01   2.08552760e+00  -1.36813888e+00 
  9.29588069e-01   2.38658431e+00  -1.14804172e-01 
  9.79086735e-01   1.34061415e+00   8.40582028e-01 
 -2.05629939e+00   1.80003199e+00   1.56441162e+00 
 -3.45080401e-01   3.46239453e+00  -2.43143456e+00 
 -6.00761079e+00  -1.98797893e+00  -9.31890851e+00 
 -1.09261420e+00  -4.73530096e+00  -9.27630232e+00 
  4.87157354e+00  -3.86674697e+00  -9.95512899e+00 
  6.54761370e+00  -9.11590270e-01  -1.16245451e+01 
  3.84967435e+00   1.60111411e+00  -1.07099931e+01 
  3.99084668e+00   6.49319227e-01  -7.06848434e+00 
  7.76141828e+00   3.77106510e-01  -6.82899346e+00 
  8.65976292e+00   3.43413859e+00  -8.83986359e+00 
  5.82031038e+00   5.81898094e+00  -8.07809371e+00 
  3.27065420e+00   5.04863818e+00  -5.54844935e+00 
  5.58145167e+00   3.69374969e+00  -2.72536420e+00 
  8.12547296e+00   6.27586738e+00  -2.79216141e+00 
  5.48832279e+00   8.99639837e+00  -2.89687470e+00 
  3.76484889e+00   7.59371718e+00   1.62182287e-01 
  6.93598867e+00   7.27239600e+00   2.04372598e+00 
  4.19335226e+00   1.20006802e+01   2.66940455e+00 
  3.91659927e+00   9.85744603e+00   5.78362546e+00 
  6.39152034e+00   5.03956572e+00   8.49084243e+00 
  1.85511468e+00   4.43783419e+00   6.62470895e+00 
  1.94739272e+00   1.10805227e+00   8.49856679e+00 
 -1.28708966e+00   1.92808022e+00   1.02550484e+01 
 -2.89401928e+00   2.88992410e+00   7.09711680e+00 
 -1.55160086e+00  -3.99232449e-01   5.59238941e+00 
 -3.27431325e+00  -2.45629726e+00   8.12816117e+00 
 -6.54077306e+00  -6.28117952e-01   7.67499068e+00 
 -6.71471657e+00  -1.09501238e+00   3.95588059e+00 
 -5.59550072e+00  -4.73226009e+00   4.04903654e+00 
 -8.21264607e+00  -5.46408835e+00   6.54478154e+00 
 -1.08308571e+01  -4.21070951e+00   4.07315414e+00 
 -9.35782851e+00  -6.15569797e+00   1.11539206e+00 
 -8.59922996e+00  -2.97123910e+00  -7.67699347e-01 
 -5.77229186e+00  -4.43374938e+00  -2.88109849e+00 
 -4.29952567e+00  -4.31049864e+00  -6.39499222e+00 
  5.01607091e+00  -7.30086820e+00   1.29893072e+01 
  2.88900545e+00  -6.11732821e+00   1.00894536e+01 
 -3.86837880e-01  -7.40342248e+00   1.14460035e+01 
 -2.40705874e+00  -1.03573958e+01  -1.29642116e+00 
  6.30387886e+00  -4.80376532e+00   1.30546574e+00 
  7.01314375e+00  -1.38190708e+00   2.75051790e+00 
  9.18656672e+00  -4.62180074e-01  -1.70011047e-01 
  7.71561001e+00  -2.24934775e+00  -3.16826254e+00 
  4.20462051e+00  -2.74096618e+00  -2.02703885e+00 
  1.77423600e+00  -5.77838477e+00  -2.62385833e+00 
  2.79601059e+00  -6.46434230e+00  -6.07465901e+00 
  6.00403355e+00  -7.70158803e+00  -4.41629879e+00 
  4.15954583e+00  -1.08244044e+01  -3.19621773e+00 
  3.39566126e+00  -1.20368304e+01  -6.74732877e+00 

   2.424324736810e+01 

  2.89252234e-01  -2.55624719e+00   2.06667753e+00 
 -7.35889064e-01  -2.72956911e+00   2.91934554e+00 
 -1.33485398e+00  -3.09443630e+00   3.83034859e+00 
  1.94583642e+00  -2.74144185e+00   2.16173845e+00 
  2.02022798e+00  -3.98670391e+00   2.16766054e+00 
  2.70563103e+00  -2.29458191e+00   1.08004573e+00 
  3.68097891e+00  -2.77831879e+00   2.32859303e-01 
  2.22338204e-02  -2.99405101e+00   9.07910491e-01 
 -7.39477258e-01  -2.13393887e+00   1.73085707e-01 
 -5.42568251e-01  -2.60125433e+00  -1.10923102e+00 
  1.00922485e+00  -2.77275454e+00  -1.66701955e+00 
  8.28924398e-01  -3.98796686e+00  -2.90711919e-01 
 -4.90253101e-01  -8.03149920e-01   6.33266419e-01 
  5.14992438e-01  -8.55564093e-02   1.18002971e+00 
  1.37844150e+00   5.47519318e-01   2.70095896e-01 
  9.40702262e-01   6.48177831e-01  -1.05230059e+00 
 -4.58189370e-01   9.12074740e-01  -1.00432720e+00 
 -1.22537462e+00   1.38357234e-01  -9.76549806e-02 
 -1.18751753e+00  -2.30896503e+00  -2.08706281e+00 
  1.92370185e+00   1.11905499e+00  -2.56403136e+00 
  1.07911572e+01  -4.12717500e+00  -8.16626130e-01 
  9.87180754e+00  -1.53739572e+00   4.09810932e+00 
  8.82365005e+00   3.93649802e+00   6.49071884e+00 
  9.53289979e+00   7.28290962e+00   4.86976041e+00 
  8.99307896e+00   6.08273243e+00   1.30645666e+00 
  5.62714066e+00   4.61955856e+00   2.15263089e+00 
  4.45001571e+00   7.46575496e+00   4.35767255e+00 
  5.67361795e+00   1.03362792e+01   2.24604878e+00 
  5.33571567e+00   9.00334556e+00  -1.28089990e+00 
  3.70872038e+00   5.78668867e+00  -1.98749734e+00 
  6.13883158e-01   6.12617667e+00   3.47464752e-01 
 -3.76560851e-01   9.50464309e+00  -5.17881013e-01 
  8.19462224e-03   8.76586113e+00  -4.21558020e+00 
 -2.24566131e+00   5.74119243e+00  -3.95631374e+00 
 -4.82343770e+00   7.58121719e+00  -2.04086101e+00 
 -5.40775038e+00   7.54486292e+00  -7.51146030e+00 
 -7.98304114e+00   5.30383485e+00  -5.86401152e+00 
 -1.04922065e+01   4.07193840e+00  -4.92536014e-01 
 -7.43266390e+00   6.57386951e-01  -2.33740700e+00 
 -8.74481882e+00  -1.50607708e+00   5.27026439e-01 
 -9.69307679e+00  -4.24539593e+00  -1.88471338e+00 
 -6.40494163e+00  -4.11086338e+00  -3.51258525e+00 
 -4.83056693e+00  -4.22083507e+00   7.93930275e-03 
 -6.48785193e+00  -7.41556473e+00   8.30436026e-01 
 -5.47220926e+00  -9.00725503e+00  -2.43335851e+00 
 -1.81136599e+00  -8.25976911e+00  -2.08764469e+00 
 -1.64952920e+00  -9.20789367e+00   1.59552810e+00 
 -3.23226139e+00  -1.24496558e+01   8.21123378e-01 
 -3.76586559e-01  -1.31953392e+01  -1.59217462e+00 
  2.34746790e+00  -1.20856200e+01   8.67337622e-01 
  3.46686674e+00  -9.30290812e+00  -1.42738337e+00 
  4.95847881e+00  -7.10874853e+00   1.32174894e+00 
  7.90320075e+00  -4.79251135e+00   2.02555157e+00 
 -1.25725351e+01  -4.59904419e+00   9.24916042e+00 
 -9.42709135e+00  -4.85254113e+00   7.15721204e+00 
 -9.66803704e+00  -8.56246138e+00   6.52171802e+00 
  3.45123415e+00  -7.83569664e+00   8.11331307e+00 
 -2.14639376e+00   1.22644680e+00   7.92049393e+00 
 -4.22219620e+00   3.08353369e+00   5.36263960e+00 
 -2.14619983e+00   6.18838870e+00   5.74899306e+00 
  1.36546491e+00   5.00413923e+00   6.53190933e+00 
  1.27259015e+00   1.56774003e+00   5.09884889e+00 
  2.93395939e+00  -1.74696191e+00   6.41849935e+00 
  6.05800784e+00  -2.21646671e-01   7.57449291e+00 
  3.82038829e+00   1.25561006e+00   1.02916823e+01 
  3.60877713e+00  -2.17583134e+00   1.19719041e+01 
  7.37587952e+00  -2.33154793e+00   1.26416637e+01 

   2.424324736810e+01 

  2.88922497e+00   5.19884207e-01   1.50970885e+00 
  2.92673026e+00  -7.16147595e-01   2.03773977e+00 
  3.16277351e+00  -1.57462061e+00   2.76514698e+00 
  3.12084636e+00   2.06301462e+00   2.10359846e+00 
  4.35898753e+00   2.04842602e+00   2.25538907e+00 
  2.82876976e+00   3.12969738e+00   1.25276950e+00 
  3.44113783e+00   4.27226923e+00   7.81001939e-01 
  3.44784150e+00   5.67892157e-01   3.73330883e-01 
  2.65163434e+00   1.09019643e-01  -6.34366631e-01 
  3.27022433e+00   6.33802632e-01  -1.74946408e+00 
  3.55973289e+00   2.26515408e+00  -1.80845059e+00 
  4.60117045e+00   1.61579937e+00  -4.31055154e-01 
  1.28637502e+00   3.04784253e-01  -2.56714103e-01 
  5.46670089e-01   1.15674054e+00   4.85859965e-01 
  5.36258902e-02   2.28571421e+00  -1.89887444e-01 
  9.04997626e-02   2.25388074e+00  -1.58563355e+00 
 -2.26590079e-01   9.21225380e-01  -1.97592133e+00 
  4.09859072e-01  -1.24313176e-01  -1.26104505e+00 
  3.06983079e+00   3.17974720e-01  -2.89735030e+00 
 -1.67973654e-01   3.65892204e+00  -2.78246012e+00 
  5.15310057e+00   1.12765745e+01   1.99934483e+00 
  1.98351550e+00   9.16176360e+00   6.14519702e+00 
 -3.76322564e+00   7.84244098e+00   7.56684439e+00 
 -6.87339884e+00   9.21117087e+00   5.89878768e+00 
 -5.29067633e+00   9.63742461e+00   2.47208917e+00 
 -4.05495320e+00   6.07958550e+00   2.43746951e+00 
 -7.17611607e+00   4.51368744e+00   3.90545161e+00 
 -9.73912068e+00   6.48267067e+00   1.96891364e+00 
 -8.02163874e+00   7.08247351e+00  -1.35083778e+00 
 -4.80471551e+00   5.51378730e+00  -2.17782243e+00 
 -5.52038714e+00   1.90913100e+00  -8.97359758e-01 
 -8.80966873e+00   1.43898942e+00  -2.34768092e+00 
 -7.63672249e+00   2.81839731e+00  -5.67758269e+00 
 -4.74386069e+00   3.86383160e-01  -5.78877698e+00 
 -6.88248280e+00  -2.50258445e+00  -4.90574636e+00 
 -6.23699151e+00  -1.49279359e+00  -1.02754636e+01 
 -4.29334765e+00  -4.57764098e+00  -9.23893960e+00 
 -3.77807805e+00  -8.60039568e+00  -4.74247760e+00 
 -6.74561842e-02  -5.37752601e+00  -5.26007571e+00 
  1.70379203e+00  -7.59957069e+00  -2.70419949e+00 
  4.66731956e+00  -7.99798351e+00  -5.00165933e+00 
  4.83783366e+00  -4.37966177e+00  -5.60046763e+00 
  4.59731346e+00  -3.89343741e+00  -1.78070605e+00 
  7.61527103e+00  -5.92857922e+00  -1.16465256e+00 
  9.60729611e+00  -4.12842677e+00  -3.81203808e+00 
  8.95521475e+00  -6.79241261e-01  -2.48616633e+00 
  9.47793005e+00  -1.64594823e+00   1.15843782e+00 
  1.27291549e+01  -3.15456583e+00   2.82438015e-01 
  1.38486060e+01   2.16663250e-01  -1.10196559e+00 
  1.25602503e+01   2.18829289e+00   1.92358661e+00 
  1.01018137e+01   4.10435145e+00  -2.08804578e-01 
  7.65987231e+00   4.88832895e+00   2.62302752e+00 
  5.38384142e+00   7.65622228e+00   3.92307752e+00 
  3.63388922e+00  -1.39696820e+01   4.77843943e+00 
  4.23799967e+00  -1.03806387e+01   3.73529825e+00 
  7.98553671e+00  -1.06785933e+01   3.43098771e+00 
  7.54582289e+00   1.44928905e+00   8.71282068e+00 
 -1.62649844e+00  -3.23294945e+00   5.98550969e+00 
 -3.24901789e+00  -4.35686386e+00   2.75989452e+00 
 -6.30215062e+00  -2.27474471e+00   3.42496212e+00 
 -5.09222214e+00   7.76116876e-01   5.31586418e+00 
 -1.51909804e+00   8.67067605e-01   4.26913616e+00 
  1.67834025e+00   1.85216825e+00   6.34153554e+00 
  1.41739519e-01   4.60825805e+00   8.20309768e+00 
 -1.71704583e+00   1.78968417e+00   9.98436273e+00 
  1.48835261e+00   8.73713213e-01   1.18629613e+01 
  1.69933345e+00   4.27049551e+00   1.36183083e+01 

   2.424324736810e+01 

