 -2.46760893e-01  -1.20457580e+00   1.46949833e+00 
 -1.02794830e+00  -9.34789207e-01   4.35032656e-01 
  1.11941625e-01  -2.46376211e+00   2.11458015e+00 
 -2.65035792e-01   3.96545311e-02   2.25001524e+00 
 -1.19108238e+00  -1.82781871e+00  -7.04065794e-01 
 -5.48290298e-01   4.74357601e-01   1.12871363e-01 
 -2.56368262e-01  -3.66507813e+00   1.57503854e+00 
  1.39295697e+00  -2.36629236e+00   2.55219963e+00 
 -1.10894308e+00   7.59813897e-01   1.43755210e+00 
 -1.93316665e+00  -3.03111813e+00  -1.62941908e-01 
  1.01486860e-01  -2.53343938e+00  -1.13405272e+00 
 -1.35671495e+00  -3.76620094e+00   7.21923662e-01 
  6.05051245e-01  -4.74289507e+00   1.71943624e+00 
  2.26922178e+00  -3.36382443e+00   2.27670396e+00 
 -2.49028229e+00   6.85100763e-01   1.11800180e+00 
 -2.36497171e+00  -3.78423812e+00  -1.36854032e+00 
 -2.65313477e-01  -3.16189849e+00  -2.26047953e+00 
  1.94275778e+00  -4.38364741e+00   1.45603500e+00 
 -2.80604822e+00   1.24758096e+00  -3.03221854e-01 
 -1.54964643e+00  -3.87992423e+00  -2.42681591e+00 
 -4.29690216e+00   1.25769990e+00  -3.72411170e-01 
 -2.19289576e+00   2.48203379e+00  -3.32851300e-01 
  8.92246371e+00   5.99567245e+00  -7.84049051e+00 
  6.58829389e+00   3.98917283e+00  -1.00433277e+01 
  2.83828792e+00   4.71094053e+00  -9.77012179e+00 
  6.14889332e-01   1.65397053e+00  -9.82868981e+00 
 -3.06353909e+00   2.59085644e+00  -1.01858986e+01 
 -2.78281232e+00   5.72022333e+00  -7.99143579e+00 
 -2.83609262e+00   3.23210183e+00  -5.02564290e+00 
  7.27266866e-01   1.89193252e+00  -4.70247945e+00 
  3.91501637e+00   3.96348425e+00  -5.29466431e+00 
  7.16914088e+00   2.05981774e+00  -5.14552488e+00 
  1.09179021e+01   2.44773706e+00  -5.60173609e+00 
  1.37470336e+01  -6.37880549e-02  -5.90308520e+00 
  1.03449330e+01  -3.02453764e+00  -5.16417322e+00 
  9.34587932e+00  -1.24989426e+00  -1.94096786e+00 
  6.72699377e+00   1.20456495e+00  -6.94409203e-01 
  8.20637947e+00   3.98673290e+00   1.44682074e+00 
  5.77088911e+00   4.35313143e+00   4.37720836e+00 
  5.62326636e+00   7.23028407e+00   6.95300600e+00 
  3.02247522e+00   5.28474727e+00   9.01447977e+00 
  5.48249020e+00   2.50007282e+00   1.00204641e+01 
  9.13489802e+00   2.11722310e+00   1.10105245e+01 
  1.88714332e+00  -1.41190163e+01  -1.16873635e+00 
  5.49048725e+00  -1.53930564e+01  -1.19191275e+00 
  4.79119991e+00  -1.44829504e+01  -6.68806287e+00 
  7.24357183e+00  -1.19467233e+01  -5.15946824e+00 
  2.94268895e+00  -7.83729512e+00   1.30692243e+01 
 -7.71977855e-01  -8.06257725e+00   1.37499389e+01 
 -2.70535595e+00  -7.32653064e+00   1.06055007e+01 
 -6.51259643e+00  -7.24972371e+00   1.04462392e+01 
 -5.99799923e-01  -1.22819310e+01   1.14241936e+01 
  2.48754859e+00  -1.15719243e+01   9.39290251e+00 
  1.66966379e+00  -1.39712272e+01   5.44806219e+00 
 -5.12756580e+00  -1.12931635e+01   1.13330269e+00 
 -4.42751802e+00  -8.48778050e+00   7.63518787e-01 
 -7.28959022e-01  -9.25835838e+00   2.68861434e-01 
 -8.35144039e-01  -1.12933270e+01  -2.91426050e+00 
 -2.21310354e+00  -8.16878642e+00  -4.69815508e+00 
  9.61208181e-01  -6.18882270e+00  -3.86678885e+00 
  2.80236755e+00  -4.97773561e+00  -6.96000923e+00 
  5.71688240e+00  -4.22940211e+00  -4.63611262e+00 
  7.86823359e+00  -6.77178426e+00  -2.70843830e+00 
  8.62944037e+00  -5.07586102e+00   6.10164616e-01 
  8.41618811e+00  -1.94370092e+00   2.82975094e+00 
  1.07462102e+01   6.68489262e-01   4.14043952e+00 
  9.25386957e+00   2.41601266e+00   7.21546547e+00 
  1.00269303e+01   6.15550923e+00   7.46771031e+00 
  8.36566114e+00   6.56490447e+00   1.09019440e+01 
 -1.38013832e+00   8.14669117e+00  -1.31874260e+01 
  8.67317397e-01   8.29630437e+00   5.77411056e+00 
  2.70963722e+00   7.87548441e+00   2.47858195e+00 
  1.88946267e+00   4.17413561e+00   2.61022544e+00 
 -1.88083633e+00   4.85435316e+00   2.58255354e+00 
 -3.64739576e+00   4.91871230e+00  -8.70476398e-01 
 -6.50892133e+00   7.16843324e+00   1.77307641e-01 
 -7.69446598e+00   9.90505432e+00   2.44889539e+00 
 -9.38041138e+00   7.88573729e+00   5.18161958e+00 
 -1.12146290e+01   3.17180268e+00   8.14923887e+00 
 -5.20542946e+00   9.47514599e+00   7.41446023e+00 
 -3.95123674e+00   1.17006942e+01   4.58215620e+00 
 -2.64148910e+00   9.26862016e+00   1.98220203e+00 
 -1.74376422e+00   9.27637829e+00  -1.73728643e+00 
 -4.95588668e+00   1.11939037e+01  -2.61545603e+00 
 -1.14638501e+01  -8.10352215e+00  -1.05718934e+01 
 -7.75333830e+00  -7.60343855e+00  -9.74562288e+00 
 -7.70652312e+00  -4.02804584e+00  -1.10415829e+01 

   5.278782977730e+00 

  7.46485938e-01   8.08108773e-02   3.92479231e-01 
  8.54176058e-01  -1.21729931e+00   6.30114629e-01 
  1.51261161e+00   9.78844589e-01  -4.65970027e-01 
  9.67473918e-02   6.00891893e-01   1.60285326e+00 
  1.30365118e+00  -2.18232724e+00  -3.64044768e-01 
 -5.15935835e-01  -1.48005503e+00   1.24110338e+00 
  2.45770629e+00   4.97321251e-01  -1.32901627e+00 
  6.66228201e-01   1.91746834e+00  -9.60572953e-01 
 -6.49144183e-03  -5.87382275e-01   2.28714241e+00 
  2.76690709e+00  -1.86767724e+00  -5.90564420e-01 
  7.89716683e-01  -1.90273261e+00  -1.78222060e+00 
  3.08235750e+00  -7.30592300e-01  -1.10355493e+00 
  2.63303326e+00   1.14727441e+00  -2.54203110e+00 
  6.75992571e-01   2.19022098e+00  -2.28884956e+00 
  9.21903826e-01  -1.46820576e+00   2.90197949e+00 
  3.29050682e+00  -3.02841096e+00  -1.35584437e+00 
  1.20229666e+00  -2.98113422e+00  -2.46425316e+00 
  1.40102172e+00   1.45319641e+00  -3.15559214e+00 
  4.15842042e-01  -2.94435692e+00   2.93110005e+00 
  2.53944849e+00  -3.59773176e+00  -2.30749744e+00 
  1.42189731e+00  -3.66213231e+00   3.76787140e+00 
 -8.57197767e-01  -2.86535234e+00   3.45439304e+00 
 -1.27283287e+01  -5.11923189e+00  -3.34691536e+00 
 -1.02743084e+01  -7.83514941e+00  -4.31048021e+00 
 -8.11191727e+00  -9.33577881e+00  -1.53013653e+00 
 -4.50412962e+00  -9.95836775e+00  -2.47260581e+00 
 -2.68889886e+00  -1.20162288e+01   1.74342239e-01 
 -4.49326778e+00  -1.03590792e+01   3.12146276e+00 
 -2.04834006e+00  -7.41689748e+00   2.52529985e+00 
 -3.51701311e+00  -5.38624547e+00  -3.58702763e-01 
 -7.27396347e+00  -4.78721252e+00  -9.33367876e-01 
 -8.18615633e+00  -2.97214415e+00  -4.11282476e+00 
 -1.11488706e+01  -1.78211322e+00  -6.16659483e+00 
 -1.14605494e+01  -4.73212670e-01  -9.71514249e+00 
 -6.91356477e+00  -9.17893387e-01  -9.59891969e+00 
 -6.66328949e+00   1.27103258e+00  -6.48725042e+00 
 -6.23158221e+00   9.01850253e-01  -2.73036697e+00 
 -8.63947306e+00   3.08443577e+00  -7.42330675e-01 
 -6.50620426e+00   4.56928987e+00   2.06790158e+00 
 -7.75134753e+00   6.41056964e+00   5.22920516e+00 
 -4.13400993e+00   7.35804046e+00   6.13257097e+00 
 -3.69140949e+00   9.70257731e+00   3.11175292e+00 
 -5.71531311e+00   1.22376401e+01   1.12576523e+00 
  7.45560085e+00   3.90474705e-01  -1.11482525e+01 
  5.83127404e+00   2.12219989e+00  -1.41433307e+01 
  4.37732676e+00  -3.18899624e+00  -1.52397772e+01 
  1.31873290e+00  -1.09057307e+00  -1.42274527e+01 
  5.84767303e+00   1.26691444e+01  -1.66444741e+00 
  8.72958374e+00   1.16719395e+01   5.74536034e-01 
  8.80960977e+00   7.93108963e+00   9.83002843e-01 
  1.13481922e+01   6.10679664e+00   3.16334636e+00 
  1.09336964e+01   1.02419644e+01  -3.46758481e+00 
  7.83085046e+00   9.69924643e+00  -5.52665696e+00 
  9.08887022e+00   6.15397830e+00  -8.32590962e+00 
  1.09220733e+01  -1.02148646e+00  -4.18542934e+00 
  8.43542165e+00  -1.41527007e+00  -2.71625324e+00 
  6.28885939e+00  -1.27504353e-01  -5.58883827e+00 
  6.98908829e+00  -2.73177663e+00  -8.23687212e+00 
  5.38108172e+00  -5.33724301e+00  -5.89814041e+00 
  2.03669593e+00  -3.46719090e+00  -5.97343853e+00 
 -8.01783241e-01  -5.56743836e+00  -7.37222682e+00 
 -2.76887419e+00  -2.32181803e+00  -7.59893605e+00 
 -2.05785245e+00   6.73794302e-01  -9.90733421e+00 
 -2.94657895e+00   3.73125166e+00  -7.82626802e+00 
 -4.40571785e+00   5.19333705e+00  -4.58347805e+00 
 -7.48383072e+00   7.03431701e+00  -3.53159442e+00 
 -6.90987315e+00   8.87848699e+00  -2.14018024e-01 
 -9.93558438e+00   8.94529010e+00   2.12813778e+00 
 -8.24569510e+00   1.12122015e+01   4.72173899e+00 
 -8.36182688e+00  -1.46816702e+01   2.02464351e+00 
 -5.47685818e+00   3.13214753e+00   8.26629110e+00 
 -7.25077261e+00   1.06952549e+00   5.61477107e+00 
 -4.12666608e+00   1.31802017e+00   3.47743440e+00 
 -1.99392825e+00  -4.53317402e-01   6.12175071e+00 
 -1.64453796e+00  -4.30579142e+00   5.83078609e+00 
 -9.53120321e-01  -4.93096435e+00   9.50209712e+00 
 -1.45842457e+00  -3.79726308e+00   1.30396261e+01 
  1.73819933e+00  -1.84170791e+00   1.36271924e+01 
  6.93255186e+00   6.15475216e-01   1.24553344e+01 
 -1.69516086e+00   1.76499396e+00   1.32450786e+01 
 -4.75822650e+00  -4.96114738e-01   1.30148036e+01 
 -4.62515439e+00  -1.90745778e+00   9.49619769e+00 
 -6.14076778e+00  -4.81867593e+00   7.52940093e+00 
 -5.44155673e+00  -7.26483949e+00   1.04091933e+01 
  1.03186575e+01  -1.46284535e+01  -2.83625743e+00 
  7.61280874e+00  -1.23307121e+01  -4.28521272e+00 
  4.83000136e+00  -1.39366555e+01  -2.25000611e+00 

   5.278782977730e+00 

 -2.26817855e+00  -1.45624354e+00  -2.71765877e-01 
 -1.43405921e+00  -1.58218549e+00  -1.29232521e+00 
 -2.79672575e+00  -2.43057853e+00   6.77790554e-01 
 -3.05613033e+00  -2.64904633e-01  -6.14538878e-01 
 -3.42109703e-01  -2.54565765e+00  -1.32437762e+00 
 -1.04041671e+00  -1.23275324e-01  -1.48253864e+00 
 -2.32900823e+00  -3.71521242e+00   7.07347036e-01 
 -2.94604227e+00  -1.81510549e+00   1.87816925e+00 
 -2.46041113e+00   1.44759797e-02  -1.82200337e+00 
 -1.01035330e+00  -3.90154825e+00  -1.40465729e+00 
  3.72104095e-01  -2.72452031e+00   2.15166235e-02 
 -1.73479434e+00  -4.29305528e+00  -4.15952175e-01 
 -2.26260986e+00  -4.36314938e+00   1.93223583e+00 
 -2.46813781e+00  -2.41266256e+00   2.99769636e+00 
 -2.44859489e+00  -6.10662879e-01  -3.09670107e+00 
  8.53590499e-02  -4.84489371e+00  -1.74616369e+00 
  1.40250318e+00  -3.52258849e+00  -2.94245279e-01 
 -1.72024536e+00  -3.53376071e+00   2.93515808e+00 
 -1.14083123e+00  -3.14341297e-01  -3.89539783e+00 
  1.29755062e+00  -4.69112765e+00  -1.19770589e+00 
 -1.39872037e+00  -8.86421960e-01  -5.24955879e+00 
 -1.00036469e+00   1.05588956e+00  -3.83671057e+00 
  8.68677102e+00   8.06379711e+00   3.18540825e+00 
  1.03630930e+01   5.16284183e+00   1.42436190e+00 
  9.26549652e+00   4.39525988e+00  -2.16231270e+00 
  8.89259975e+00   7.20226485e-01  -2.96672220e+00 
  8.42187679e+00   1.34318878e-01  -6.70454525e+00 
  6.28559030e+00   3.27308758e+00  -7.22591141e+00 
  3.42483534e+00   1.17065880e+00  -5.68144090e+00 
  3.91092885e+00   1.33885279e+00  -1.89548750e+00 
  5.14688525e+00   4.43544948e+00   2.47356979e-02 
  5.74545893e+00   3.95378030e+00   3.71867931e+00 
  7.00139609e+00   5.72858787e+00   6.83067237e+00 
  7.95775653e+00   4.49227570e+00   1.02889178e+01 
  6.54786225e+00   5.05305498e-01   8.55612115e+00 
  3.15296624e+00   1.97488603e+00   7.63333493e+00 
  1.32120626e+00   3.30573880e+00   4.58205220e+00 
 -4.95416009e-01   6.58510728e+00   5.25994022e+00 
 -3.89261836e+00   6.18383071e+00   3.54208513e+00 
 -6.48989852e+00   8.95151955e+00   2.81505860e+00 
 -9.03374086e+00   6.29993950e+00   1.67624717e+00 
 -9.42862059e+00   4.76057414e+00   5.18231537e+00 
 -9.59104285e+00   5.88988244e+00   8.81069770e+00 
  1.00381719e+00  -1.26900244e+01   6.16195893e+00 
  1.83538533e+00  -1.24696322e+01   9.88589832e+00 
  7.02934974e+00  -1.22852350e+01   7.76135284e+00 
  6.02717959e+00  -8.89831698e+00   9.28043761e+00 
 -1.27715946e+01  -5.51561565e+00   7.59709354e+00 
 -1.42420784e+01  -7.11207598e+00   4.49840584e+00 
 -1.16088775e+01  -7.40153543e+00   1.82451865e+00 
 -1.22853803e+01  -8.81439780e+00  -1.65003274e+00 
 -1.18592939e+01  -1.10871262e+01   5.82618445e+00 
 -9.21654498e+00  -9.38142501e+00   7.89220368e+00 
 -5.50263124e+00  -1.21782706e+01   7.28240475e+00 
 -2.82342412e+00  -1.26443308e+01  -7.54767773e-01 
 -2.36034584e+00  -9.81956830e+00  -1.30545451e+00 
 -1.05701286e+00  -9.13216113e+00   2.20831972e+00 
  2.06235349e+00  -1.12657835e+01   2.25129891e+00 
  3.44621069e+00  -9.04948865e+00  -5.80093444e-01 
  3.29185106e+00  -5.94335312e+00   1.65949942e+00 
  6.68992095e+00  -4.33264927e+00   2.19182103e+00 
  5.04469857e+00  -2.35579930e+00   4.99185723e+00 
  3.67878885e+00  -3.72766419e+00   8.31754883e+00 
  5.76211946e-01  -1.64307349e+00   9.02268353e+00 
 -1.69239696e+00   1.30896767e+00   8.06282236e+00 
 -2.51000076e+00   4.70327331e+00   9.39723553e+00 
 -5.86742972e+00   5.94683985e+00   8.01234697e+00 
 -6.01216763e+00   9.70205672e+00   7.28951773e+00 
 -9.73288095e+00   9.67476676e+00   6.35307338e+00 
  1.16179320e+01   5.68565913e+00  -7.99998244e+00 
 -6.39623503e+00   8.01051789e+00  -2.10947054e+00 
 -2.77116301e+00   8.10696397e+00  -9.77529037e-01 
 -3.01196815e+00   4.39529116e+00  -2.32212266e-01 
 -3.81966234e+00   3.56073776e+00  -3.88320760e+00 
 -8.36883398e-01   2.69668290e+00  -6.20801491e+00 
 -2.52393713e+00   3.73160893e+00  -9.43759725e+00 
 -5.04827190e+00   5.94751496e+00  -1.11025947e+01 
 -8.04619406e+00   3.62856003e+00  -1.12534104e+01 
 -1.12572027e+01  -1.20928336e+00  -1.04306146e+01 
 -9.34273195e+00   6.85997871e+00  -7.67302018e+00 
 -6.34553692e+00   9.19467728e+00  -8.01068105e+00 
 -3.47918091e+00   7.28403025e+00  -6.42209182e+00 
  3.45806971e-01   7.37979554e+00  -6.39274449e+00 
  4.67498587e-01   7.83977496e+00  -1.02058045e+01 
  7.15836262e+00  -1.29754351e+01  -1.01136262e+01 
  7.15255578e+00  -1.10231274e+01  -6.81375262e+00 
  8.36300665e+00  -7.80730638e+00  -8.44422522e+00 

   5.278782977730e+00 

 -8.61289653e-01  -1.71528601e-01  -5.18560043e-01 
 -2.02732625e+00  -5.47186457e-01  -1.61681248e-02 
 -5.20819222e-01   6.60979556e-01  -1.66806353e+00 
  6.03150109e-02  -1.22793123e+00  -8.00306103e-02 
 -3.22603018e+00   2.79112722e-01  -6.08697331e-02 
 -1.57741893e+00  -9.93110132e-01   1.36885531e+00 
 -1.48523001e+00   1.33928220e+00  -2.36069248e+00 
  6.08103872e-01   1.35324295e+00  -1.37088425e+00 
 -8.51116284e-01  -2.00529039e+00   5.95181296e-01 
 -3.61378222e+00   3.38525150e-01  -1.52290672e+00 
 -2.96265168e+00   1.77356118e+00   1.64474641e-01 
 -2.81473149e+00   9.13685675e-01  -2.35136233e+00 
 -1.16124171e+00   2.57586300e+00  -2.89965732e+00 
  6.51569332e-01   2.68865042e+00  -1.60241339e+00 
 -1.94656260e+00  -2.82140004e+00   2.08199575e-01 
 -4.98505909e+00   9.10082566e-01  -1.52879814e+00 
 -4.20038814e+00   2.28584390e+00   2.27048977e-01 
 -4.45166471e-01   3.37490320e+00  -1.98496127e+00 
 -3.03543481e+00  -2.92712503e+00   1.32136996e+00 
 -5.30527546e+00   1.89295660e+00  -6.77165312e-01 
 -3.98702088e+00  -3.95651192e+00   8.09137987e-01 
 -2.33659445e+00  -3.26605495e+00   2.46042935e+00 
 -1.92225587e-01   4.80153005e+00   1.35318915e+01 
 -3.81217581e+00   5.15960509e+00   1.24856488e+01 
 -5.67602178e+00   1.98286459e+00   1.14404058e+01 
 -7.93174406e+00   2.37128333e+00   8.43161121e+00 
 -1.01601268e+01  -6.82180646e-01   7.93476388e+00 
 -7.47226006e+00  -3.18658450e+00   9.02597675e+00 
 -6.00350904e+00  -2.63630562e+00   5.48627641e+00 
 -3.98431520e+00   6.02167078e-01   5.66840287e+00 
 -1.90739640e+00   1.72759543e+00   8.70543690e+00 
 -3.64447329e-01   5.16230992e+00   8.46552092e+00 
  1.67672539e+00   7.69860829e+00   1.04181154e+01 
  2.45516984e+00   1.13679100e+01   9.84122386e+00 
  1.05785626e-01   1.06045643e+01   5.99622520e+00 
  2.39995789e+00   7.71639301e+00   5.03094776e+00 
  2.43558578e+00   3.91754281e+00   5.09658168e+00 
  5.71158933e+00   2.49076880e+00   6.41795325e+00 
  6.51928004e+00  -4.19599925e-01   4.06626824e+00 
  9.15986409e+00  -3.19167376e+00   4.59300901e+00 
  8.56674246e+00  -4.47146024e+00   1.01400700e+00 
  1.00164524e+01  -1.32175585e+00  -6.58055536e-01 
  1.28565364e+01   1.15427097e+00  -1.38352804e-01 
 -5.18692850e+00   1.03479515e+01  -7.51327172e+00 
 -3.38234214e+00   1.36874581e+01  -7.06721557e+00 
 -7.63532091e+00   1.44429510e+01  -3.48024411e+00 
 -4.29518844e+00   1.40568687e+01  -1.61540288e+00 
  7.81859651e+00   2.40925811e+00  -1.08490157e+01 
  6.01106645e+00  -2.80096344e-01  -1.28017271e+01 
  2.71012696e+00  -1.05945134e+00  -1.11696697e+01 
  3.07421940e-01  -3.72615960e+00  -1.24510827e+01 
  3.19130459e+00   3.27327679e+00  -1.44339540e+01 
  3.75177878e+00   5.66399789e+00  -1.15822360e+01 
 -3.56378322e-01   7.91063350e+00  -1.13311806e+01 
 -6.92378878e+00   2.88126893e+00  -9.44276402e+00 
 -5.98051173e+00   1.72474901e+00  -6.93883298e+00 
 -4.32632312e+00   4.96953943e+00  -5.81954301e+00 
 -7.33382544e+00   7.23330574e+00  -5.48053005e+00 
 -8.61039658e+00   4.88592327e+00  -2.70492779e+00 
 -5.50895480e+00   5.58823149e+00  -5.65885226e-01 
 -6.35110555e+00   7.14022619e+00   2.79665945e+00 
 -2.64582633e+00   7.94306723e+00   3.08169882e+00 
 -6.29081165e-01   1.04180821e+01   9.33446663e-01 
  2.77992200e+00   8.78290675e+00   5.16774628e-01 
  5.18806242e+00   5.92186549e+00   1.40995406e+00 
  8.31355376e+00   5.47418825e+00   3.41028758e+00 
  1.01910772e+01   2.30613762e+00   2.32628372e+00 
  1.19055966e+01   4.05424819e-01   5.17106825e+00 
  1.35690745e+01  -2.15578846e+00   2.84848176e+00 
 -9.79958437e+00  -2.01264168e+00   1.43230490e+01 
  5.70436557e+00  -6.81041514e+00   4.26212377e+00 
  4.25045916e+00  -4.16091529e+00   6.56387251e+00 
  2.80367344e+00  -2.44447000e+00   3.50599319e+00 
  6.92031585e-01  -5.50957909e+00   2.59786814e+00 
 -2.92750884e+00  -5.64587999e+00   3.98662270e+00 
 -3.24462500e+00  -9.41993740e+00   3.92872426e+00 
 -1.49870840e+00  -1.27307456e+01   4.14096532e+00 
 -1.05944221e+00  -1.35444824e+01   4.62281813e-01 
 -1.29819424e+00  -1.28398121e+01  -5.35482532e+00 
  3.57970194e+00  -1.23578892e+01   1.88094658e+00 
  2.86326287e+00  -1.19441961e+01   5.60432991e+00 
  1.03461447e+00  -8.62965754e+00   5.84940857e+00 
 -1.18535811e+00  -6.77284836e+00   8.35231607e+00 
 -3.24107022e+00  -9.94538477e+00   9.04142907e+00 
 -1.85629064e+01   3.00215908e-01  -2.71944386e+00 
 -1.55594567e+01   2.31414796e+00  -1.44505276e+00 
 -1.54825674e+01   5.20245635e-01   1.90772811e+00 

   5.278782977730e+00 

  7.97515748e-02  -9.15016245e-01  -1.98075810e+00 
  7.55375241e-01  -2.04962574e+00  -1.88405367e+00 
  2.14873507e-01   2.22919301e-01  -2.88474537e+00 
 -1.23212182e+00  -1.24416790e+00  -1.40778593e+00 
  2.17484391e+00  -2.16884116e+00  -2.18828398e+00 
  3.36297222e-01  -2.47839061e+00  -4.84021986e-01 
  1.26787958e+00   3.16163720e-01  -3.75215599e+00 
 -1.03128494e-01   1.34985387e+00  -2.19852041e+00 
 -9.84477718e-01  -2.56481463e+00  -1.11543337e+00 
  2.27926136e+00  -1.96565354e+00  -3.68469483e+00 
  3.01297856e+00  -9.65633740e-01  -1.73734413e+00 
  1.95591482e+00  -8.21724231e-01  -4.17714089e+00 
  1.77568136e+00   1.57525347e+00  -4.03748730e+00 
  7.21257673e-01   2.42457872e+00  -2.26303414e+00 
 -7.86920872e-01  -3.73787707e+00  -1.89047417e+00 
  3.66059228e+00  -2.38993363e+00  -4.02969359e+00 
  4.26751459e+00  -1.36978786e+00  -1.98460808e+00 
  1.92245028e+00   2.35730100e+00  -2.87354641e+00 
  1.03591449e-01  -4.79244221e+00  -1.16188036e+00 
  4.67702590e+00  -2.09546581e+00  -3.20871261e+00 
  3.51862786e-02  -5.99969473e+00  -2.03675012e+00 
 -4.62558177e-01  -4.92137209e+00   8.85433014e-02 
  5.00574190e+00  -6.68872357e-01   1.21000153e+01 
  7.73085439e+00  -2.35615722e+00   1.00866319e+01 
  6.81658330e+00  -5.56504256e+00   8.20905415e+00 
  8.27310468e+00  -5.85141002e+00   4.73219691e+00 
  7.78902477e+00  -9.34430124e+00   3.28251880e+00 
  4.31948377e+00  -9.82786900e+00   4.83682220e+00 
  3.08593268e+00  -7.54859202e+00   1.96058107e+00 
  3.79912807e+00  -3.96265828e+00   3.06983792e+00 
  3.48703697e+00  -2.67822291e+00   6.68322710e+00 
  4.61576279e+00   8.73305042e-01   7.27326295e+00 
  5.10888606e+00   3.47191461e+00   9.99647403e+00 
  6.90183924e+00   6.81597683e+00   1.00680400e+01 
  7.53370608e+00   5.85065467e+00   5.64591213e+00 
  3.78858992e+00   5.40203794e+00   5.08970329e+00 
  1.23865662e+00   2.60499786e+00   4.75616619e+00 
 -1.90710259e+00   3.21664936e+00   6.81626027e+00 
 -4.78889725e+00   2.21148184e+00   4.50586407e+00 
 -8.48671775e+00   1.65536612e+00   5.48125739e+00 
 -9.44162114e+00   1.32187387e+00   1.76967490e+00 
 -8.64872276e+00   4.99645153e+00   9.40891974e-01 
 -8.99289161e+00   8.43530345e+00   2.52919981e+00 
  9.20935490e+00   6.07760622e+00  -8.76678623e+00 
  1.01859956e+01   9.53340530e+00  -7.45857041e+00 
  1.43299327e+01   6.48363944e+00  -5.21097724e+00 
  1.19126037e+01   7.75398011e+00  -2.50433135e+00 
 -6.07720766e+00   9.17050935e+00  -8.98741385e+00 
 -6.84298571e+00   6.60344499e+00  -1.16588626e+01 
 -4.70954973e+00   3.54369443e+00  -1.11552909e+01 
 -4.92554659e+00   4.42368429e-01  -1.33601642e+01 
 -2.65829674e+00   7.92662526e+00  -1.36536695e+01 
 -1.04717172e+00   9.25757946e+00  -1.05240032e+01 
  3.48760075e+00   8.30716276e+00  -1.12450455e+01 
  5.20911538e+00   2.52327712e-02  -1.19065046e+01 
  4.12297710e+00  -9.27980705e-01  -9.37496985e+00 
  5.24673420e+00   2.18132474e+00  -7.48097817e+00 
  9.00261232e+00   1.89964987e+00  -7.79510656e+00 
  8.78319306e+00  -1.37748377e+00  -5.78114119e+00 
  7.30696119e+00   4.73081198e-01  -2.76720194e+00 
  9.45881925e+00   1.79481064e-01   3.48551253e-01 
  7.33208113e+00   2.98323845e+00   1.78758729e+00 
  7.18997206e+00   6.64065144e+00   5.99697376e-01 
  3.54866713e+00   7.65511469e+00   1.02452610e+00 
  1.58893034e-02   6.78976858e+00   2.27076998e+00 
 -2.26561238e+00   7.84508613e+00   5.03690449e+00 
 -5.91098063e+00   6.96504091e+00   4.21622546e+00 
 -8.00557804e+00   5.84663224e+00   7.21737669e+00 
 -1.12748555e+01   5.61978476e+00   5.22194559e+00 
  7.59212532e+00  -1.18458616e+01   9.31689791e+00 
 -8.42728196e+00  -3.05788673e+00   3.77042155e+00 
 -5.25521261e+00  -2.63075548e+00   5.81670488e+00 
 -3.51076683e+00  -1.42463061e+00   2.67152270e+00 
 -4.14922867e+00  -4.74173824e+00   8.63822610e-01 
 -1.39064447e+00  -7.45779598e+00   1.11188240e+00 
 -3.68498867e+00  -1.04208102e+01   5.60560839e-01 
 -7.13599418e+00  -1.18411763e+01   9.18112478e-01 
 -8.54855407e+00  -1.11658872e+01  -2.53681064e+00 
 -8.77267542e+00  -9.20637714e+00  -8.05970737e+00 
 -1.09318070e+01  -7.81146976e+00   2.93429775e-01 
 -9.57706246e+00  -8.96520559e+00   3.66708820e+00 
 -5.99490635e+00  -7.71800887e+00   3.72040357e+00 
 -2.76229990e+00  -8.40364069e+00   5.64932272e+00 
 -3.27479841e+00  -1.22012743e+01   5.36447069e+00 
  1.29875759e+01  -1.09046916e+01  -9.19242406e+00 
  1.23286129e+01  -7.91157436e+00  -6.88857470e+00 
  1.15765198e+01  -1.01017715e+01  -3.87153486e+00 

   5.278782977730e+00 

  2.50169555e-01   1.57154986e+00  -4.64758160e-01 
  3.32811949e-01   1.38412866e+00   8.43370781e-01 
 -2.68274281e-01   2.68245934e+00  -1.25687200e+00 
  1.32295194e+00   7.25072952e-01  -1.00352019e+00 
 -6.40153024e-01   1.90571086e+00   1.79360805e+00 
  5.50095008e-01  -1.23016033e-01   8.72651730e-01 
 -9.30131365e-01   3.72359010e+00  -6.67033507e-01 
 -8.25893465e-01   2.17486511e+00  -2.38533132e+00 
  1.79764847e+00   2.38307525e-01   1.91732096e-01 
 -4.58482521e-01   3.40823564e+00   1.76447489e+00 
 -2.09099893e+00   1.84339335e+00   1.29894937e+00 
 -7.23552014e-01   4.04185399e+00   6.76404884e-01 
 -1.96640524e+00   4.32505540e+00  -1.36628995e+00 
 -2.06330957e+00   2.58410045e+00  -2.75967865e+00 
  2.49846137e+00   8.01856724e-01   1.29039765e+00 
 -1.21939643e+00   3.90523882e+00   2.93968156e+00 
 -2.78817123e+00   2.22740235e+00   2.37822161e+00 
 -2.81633932e+00   3.37295518e+00  -1.96546860e+00 
  2.20723681e+00   5.66998682e-02   2.63050895e+00 
 -2.39249783e+00   3.34618355e+00   3.26394792e+00 
  3.16181306e+00   6.63460436e-01   3.60424444e+00 
  2.40927111e+00  -1.27550067e+00   2.33873592e+00 
 -7.32357398e+00  -1.11211778e+01   1.56679810e+00 
 -8.00920553e+00  -9.01240116e+00   4.63434625e+00 
 -5.00876514e+00  -7.96136147e+00   6.76760850e+00 
 -5.11490095e+00  -4.39887929e+00   8.02834362e+00 
 -2.40124676e+00  -3.73887033e+00   1.06238509e+01 
  2.08287837e-01  -5.94257932e+00   8.88563129e+00 
  6.22817242e-01  -2.95266896e+00   6.46114861e+00 
 -2.23746291e+00  -3.22591301e+00   3.94278518e+00 
 -3.62824476e+00  -6.53145895e+00   2.54892424e+00 
 -6.66490070e+00  -6.23625389e+00   3.29219356e-01 
 -9.20412243e+00  -8.29314890e+00  -1.60297027e+00 
 -1.25156180e+01  -7.41890538e+00  -3.23767205e+00 
 -1.13517008e+01  -3.21565658e+00  -1.87227333e+00 
 -8.01155738e+00  -3.42192248e+00  -3.69913315e+00 
 -4.34613104e+00  -4.07365764e+00  -2.93970507e+00 
 -2.73577253e+00  -6.50353597e+00  -5.39252854e+00 
  6.81712653e-01  -4.96713313e+00  -6.17565950e+00 
  3.65804067e+00  -6.66525221e+00  -7.96238735e+00 
  5.53529802e+00  -3.30946254e+00  -8.07850221e+00 
  3.05224105e+00  -1.67928159e+00  -1.05269768e+01 
  9.85713819e-01  -2.62925207e+00  -1.35755663e+01 
 -9.15518581e+00   1.10491956e+01  -3.64130388e-01 
 -1.21997975e+01   1.06056642e+01  -2.63160093e+00 
 -1.43118546e+01   8.59114568e+00   2.16484483e+00 
 -1.38089205e+01   5.78840703e+00  -4.18736134e-01 
  1.18833896e+00   9.15085029e+00  -1.18837442e+01 
  3.91126983e+00   1.11156315e+01  -1.01407134e+01 
  3.82769069e+00   1.04304473e+01  -6.44061279e+00 
  6.30083686e+00   1.19409145e+01  -3.96505621e+00 
  3.77666846e-01   1.40285334e+01  -8.63395032e+00 
 -2.43040922e+00   1.15378350e+01  -8.90432892e+00 
 -5.28151441e+00   1.28548014e+01  -5.42235335e+00 
 -1.80666170e+00   1.22427043e+01   2.29400855e+00 
 -1.05522337e+00   9.42626731e+00   2.29596117e+00 
 -4.16859726e+00   8.37756805e+00   3.65948800e-01 
 -6.88611166e+00   9.28967761e+00   2.82924121e+00 
 -5.37762072e+00   6.68983002e+00   5.23943909e+00 
 -6.01953751e+00   3.86478531e+00   2.73050580e+00 
 -8.33505291e+00   1.17784371e+00   4.08820435e+00 
 -8.60363047e+00  -6.10054616e-02   5.03791690e-01 
 -1.02505074e+01   1.74830318e+00  -2.46641805e+00 
 -8.06365343e+00   8.86937121e-01  -5.45714289e+00 
 -5.11157312e+00  -1.10188285e+00  -6.91051271e+00 
 -4.60950929e+00  -3.97854395e+00  -9.24357893e+00 
 -1.03813869e+00  -3.99265809e+00  -1.06513489e+01 
  4.81150933e-01  -7.47149204e+00  -1.11356611e+01 
  3.68578043e+00  -6.16159823e+00  -1.27897193e+01 
 -2.36325313e+00  -1.00741584e+01   1.22279039e+01 
  6.69701683e+00  -5.88621777e+00  -4.05048583e+00 
  3.44327701e+00  -7.22477821e+00  -2.61759586e+00 
  2.18654399e+00  -3.65196556e+00  -2.40398132e+00 
  5.01321372e+00  -2.64019022e+00  -2.38836054e-02 
  4.30880785e+00  -2.90387004e+00   3.78171429e+00 
  7.92159323e+00  -3.33129858e+00   4.83647060e+00 
  1.13463948e+01  -4.55113606e+00   3.92134632e+00 
  1.29510143e+01  -1.33461641e+00   2.71013520e+00 
  1.34201891e+01   4.33053814e+00   1.26853988e+00 
  1.22226629e+01  -3.85962307e+00  -1.53675978e+00 
  1.09534197e+01  -7.09759728e+00   2.93037803e-02 
  7.41905482e+00  -6.28419147e+00   1.14142802e+00 
  4.77377344e+00  -7.70753587e+00   3.51147899e+00 
  7.38693302e+00  -8.23531439e+00   6.27890795e+00 
 -2.46047037e+00   8.93844072e+00   1.55600669e+01 
 -4.20921559e+00   7.15793654e+00   1.26493282e+01 
 -3.14698710e+00   3.69900704e+00   1.38209145e+01 

   5.278782977730e+00 

 -2.12133179e+00   1.05437535e+00   9.41180331e-01 
 -1.63332017e+00   1.69237559e+00   1.99377624e+00 
 -2.67279594e+00  -2.88267919e-01   7.87737942e-01 
 -2.57551626e+00   2.13838362e+00   6.01058315e-02 
 -9.20189468e-01   1.02904172e+00   3.07687018e+00 
 -8.79543654e-01   2.81166603e+00   1.28768538e+00 
 -2.61742179e+00  -1.19667080e+00   1.80835315e+00 
 -2.33888674e+00  -7.45533916e-01  -4.45722204e-01 
 -2.23147568e+00   3.19583880e+00   8.69012514e-01 
 -1.96173264e+00   1.86107151e-01   3.78120161e+00 
  8.98486048e-03  -1.00068661e-01   2.61289891e+00 
 -2.51064897e+00  -7.83406767e-01   3.13749049e+00 
 -2.45578257e+00  -2.53681262e+00   1.48823401e+00 
 -1.80736904e+00  -1.98629823e+00  -5.75340675e-01 
 -2.71311012e+00   3.70505428e+00   2.10372717e+00 
 -1.31335396e+00  -2.36822193e-01   5.04921135e+00 
  6.46607411e-01  -4.41224677e-01   3.74223090e+00 
 -1.46644166e+00  -2.72429264e+00   5.01343109e-01 
 -1.60823132e+00   4.45346197e+00   2.91310814e+00 
 -1.61477196e-02  -5.69980757e-01   5.06015252e+00 
 -2.34220543e+00   5.06490768e+00   4.05982135e+00 
 -1.05508944e+00   5.33747777e+00   2.01130008e+00 
  1.16709133e+01   4.66777427e+00  -3.45330161e+00 
  1.19302657e+01   3.93801778e+00   2.51704862e-01 
  9.82666421e+00   6.07777093e+00   2.62961404e+00 
  8.19143552e+00   4.18095247e+00   5.46159285e+00 
  6.68488191e+00   6.53654089e+00   8.05344324e+00 
  5.52413691e+00   9.11448959e+00   5.46611582e+00 
  2.62416536e+00   6.63767468e+00   4.79898180e+00 
  4.03168437e+00   3.96248981e+00   2.46225431e+00 
  6.55901727e+00   4.62294207e+00  -3.62661195e-01 
  7.85423328e+00   1.57027254e+00  -2.16242210e+00 
  1.02910917e+01   4.58296818e-01  -4.85259904e+00 
  1.16348216e+01  -2.94494308e+00  -5.86002299e+00 
  8.72581635e+00  -4.34274046e+00  -2.62425898e+00 
  5.80757873e+00  -2.56788127e+00  -4.31845032e+00 
  3.78112101e+00   6.27014021e-01  -3.96780351e+00 
  3.24535669e+00   2.41203262e+00  -7.29053904e+00 
 -4.24614273e-01   3.49839413e+00  -7.22600527e+00 
 -2.17136455e+00   5.98846971e+00  -9.60989293e+00 
 -5.58638402e+00   5.09607206e+00  -8.08013134e+00 
 -5.56984226e+00   1.49153724e+00  -9.43111062e+00 
 -4.51205280e+00  -3.95947172e-01  -1.25592667e+01 
 -9.11261334e-01  -1.13919513e+01   5.62319759e+00 
  8.16085800e-01  -1.39963577e+01   3.42293801e+00 
  5.15911391e+00  -1.24663218e+01   6.63573416e+00 
  5.60959020e+00  -1.12487668e+01   3.01664474e+00 
 -1.11481039e+01  -7.16367728e+00  -5.35962878e+00 
 -1.37266701e+01  -5.93395170e+00  -2.87937782e+00 
 -1.20223461e+01  -4.24800543e+00   2.23581652e-02 
 -1.39028442e+01  -2.64132567e+00   2.92212548e+00 
 -1.23945861e+01  -9.67857306e+00  -1.50816772e-01 
 -8.94831625e+00  -1.01115359e+01  -1.59917490e+00 
 -6.49956011e+00  -1.16743096e+01   2.08167921e+00 
 -6.09218072e+00  -6.17830220e+00   8.53299299e+00 
 -4.95274029e+00  -3.86862889e+00   7.16768524e+00 
 -2.70054012e+00  -6.01547367e+00   4.96848840e+00 
 -4.46241108e-01  -7.58857602e+00   7.56235093e+00 
  8.14801160e-01  -4.04763769e+00   8.40812533e+00 
  2.13737484e+00  -3.57395601e+00   4.84244089e+00 
  5.88500926e+00  -2.96943087e+00   4.72245041e+00 
  5.62759566e+00  -3.63018497e+00   9.87207785e-01 
  4.75396434e+00  -6.96013859e+00  -7.32130576e-01 
  2.68000422e+00  -5.96923640e+00  -3.76289270e+00 
  1.23605688e+00  -3.19286522e+00  -5.99655471e+00 
  1.81491906e+00  -1.84034420e+00  -9.43254812e+00 
 -1.24708645e+00   1.18555390e-01  -1.06668649e+01 
 -4.32436069e-01   3.20457902e+00  -1.27782360e+01 
 -4.10205000e+00   3.98180128e+00  -1.35852301e+01 
  1.09845692e+01   1.11647191e+01   6.37923874e+00 
 -3.54736917e+00   8.95605003e+00  -5.80919265e+00 
  1.01460679e-01   8.08532987e+00  -5.20950297e+00 
 -1.05091140e+00   5.02374223e+00  -3.28889917e+00 
 -2.92216828e+00   7.15661405e+00  -7.14433853e-01 
 -9.82837165e-01   8.18592822e+00   2.48365890e+00 
 -3.00680471e+00   1.13061678e+01   3.20135286e+00 
 -5.07602901e+00   1.41066836e+01   1.81205659e+00 
 -8.57409163e+00   1.27294434e+01   2.31663773e+00 
 -1.27878459e+01   8.93303119e+00   3.80788809e+00 
 -7.94745160e+00   1.23389866e+01  -2.62270810e+00 
 -4.56254635e+00   1.40850128e+01  -2.82720577e+00 
 -2.10454294e+00   1.15378998e+01  -1.46316050e+00 
  1.46422540e+00   1.14690723e+01  -8.48572589e-02 
  7.99258666e-01   1.45731531e+01   2.08039506e+00 
  7.83785384e-01   1.63666054e-01   1.85247124e+01 
  2.15327405e+00  -9.28332497e-01   1.51140314e+01 
  3.84082774e+00   2.41664062e+00   1.44594671e+01 

   5.278782977730e+00 

  1.25969295e+00   1.66628205e+00   3.98045175e-01 
  2.56026296e+00   1.42276960e+00   4.46801035e-01 
  3.30395461e-01   1.76467250e+00  -7.23147813e-01 
  1.00328418e+00   2.42231770e+00   1.63105546e+00 
  3.25234038e+00   5.56911963e-01  -4.98174678e-01 
  2.69518382e+00   1.04659452e+00   1.91644150e+00 
  7.19357874e-01   1.44489032e+00  -1.99451129e+00 
 -8.72427815e-01   1.28167316e+00  -3.20731004e-01 
  2.29165548e+00   2.44295177e+00   2.11124191e+00 
  3.20544771e+00   1.29307981e+00  -1.82002626e+00 
  2.45364119e+00  -6.88422925e-01  -9.04062771e-01 
  2.06192613e+00   1.49753255e+00  -2.37336869e+00 
 -2.13451566e-01   8.64253538e-01  -2.84145349e+00 
 -1.52527105e+00   3.84681271e-01  -1.10048055e+00 
  3.49474007e+00   3.08251569e+00   1.71207037e+00 
  4.16438898e+00   5.67620701e-01  -2.69252472e+00 
  3.33747630e+00  -1.38046378e+00  -1.63772185e+00 
 -9.47327304e-01  -1.51515254e-01  -2.19528168e+00 
  4.76598583e+00   2.28386383e+00   2.13875315e+00 
  4.24432247e+00  -7.68121932e-01  -2.63542290e+00 
  5.90139933e+00   3.19348035e+00   1.80563309e+00 
  4.57779995e+00   2.02058506e+00   3.47889419e+00 
  2.06860670e+00  -1.03669380e+01   9.18106410e+00 
  4.82599784e+00  -1.07756261e+01   6.62046861e+00 
  7.52415049e+00  -8.06324166e+00   6.47528634e+00 
  8.59119036e+00  -7.05658290e+00   2.99102729e+00 
  1.16920826e+01  -4.83911197e+00   3.05000992e+00 
  1.06571050e+01  -2.97351020e+00   6.23368123e+00 
  8.26866536e+00  -1.01211767e+00   3.90176997e+00 
  5.19569515e+00  -3.23149038e+00   3.42296097e+00 
  3.65982043e+00  -5.47351839e+00   6.14659010e+00 
  8.17090462e-01  -7.69531122e+00   5.04294247e+00 
 -1.54455449e+00  -1.04064201e+01   6.26127837e+00 
 -3.89998435e+00  -1.27701848e+01   4.45376028e+00 
 -2.47663785e+00  -1.03903664e+01   8.21011093e-01 
 -3.51508386e+00  -7.09315153e+00   2.42927861e+00 
 -1.94368338e+00  -4.15880179e+00   4.26152643e+00 
 -3.88608864e+00  -3.14901133e+00   7.37942497e+00 
 -3.95791726e+00   6.76934823e-01   7.27937750e+00 
 -4.97920645e+00   3.07475290e+00   1.01327913e+01 
 -4.81020672e+00   6.06293331e+00   7.71595055e+00 
 -7.80614811e+00   4.88928403e+00   5.60290240e+00 
 -1.11951489e+01   3.23524800e+00   6.09859900e+00 
 -1.07843891e+00  -3.31164111e+00  -1.17695357e+01 
 -3.94074879e+00  -5.80983653e+00  -1.21866743e+01 
  3.48677974e-01  -9.39256160e+00  -1.16482868e+01 
 -1.95013630e+00  -9.50261440e+00  -8.56826753e+00 
 -9.95960498e+00   7.53530172e+00  -4.93122875e+00 
 -7.73837652e+00   1.04141406e+01  -5.97588410e+00 
 -4.12338884e+00   9.37920182e+00  -5.80863345e+00 
 -1.22536626e+00   1.17216323e+01  -6.60915099e+00 
 -7.15973784e+00   8.02158469e+00  -1.01210663e+01 
 -7.94374720e+00   4.58842284e+00  -8.79415146e+00 
 -5.22764473e+00   1.83938582e+00  -1.14498883e+01 
  3.08166918e+00   3.29768168e+00  -1.05442500e+01 
  3.35829597e+00   2.91790872e+00  -7.66740609e+00 
  8.33345546e-01   6.54895308e-02  -7.58901617e+00 
  2.60158790e+00  -2.52188021e+00  -9.70170988e+00 
  5.38368355e+00  -2.58990678e+00  -7.03729205e+00 
  2.90682065e+00  -3.76062629e+00  -4.35732058e+00 
  3.82571242e+00  -7.12954270e+00  -2.86378376e+00 
  3.20900876e-01  -7.16052209e+00  -1.39061318e+00 
 -3.00675120e+00  -7.40962124e+00  -3.30702349e+00 
 -5.40774608e+00  -5.18439254e+00  -1.36993869e+00 
 -6.09811605e+00  -2.98121530e+00   1.70445007e+00 
 -8.15005475e+00  -3.16736620e+00   4.82299790e+00 
 -8.73662872e+00   3.32484207e-01   6.28712954e+00 
 -8.73943221e+00   4.91628440e-01   1.01107077e+01 
 -9.69819152e+00   4.20427005e+00   1.02465503e+01 
  1.35103805e+01  -7.49472519e+00   8.73787560e+00 
 -5.28255331e-01   5.38262154e+00   1.00432327e+01 
  2.05236397e-01   1.65655708e+00   9.94236599e+00 
 -1.76109900e-03   1.82217960e+00   6.15822533e+00 
  2.90032308e+00   4.31543511e+00   5.95772461e+00 
  6.46527312e+00   2.85631350e+00   5.49904671e+00 
  8.30425255e+00   5.77145526e+00   7.06988327e+00 
  8.21255939e+00   8.59093004e+00   9.53906861e+00 
  7.25958211e+00   1.14869296e+01   7.28233303e+00 
  5.73719692e+00   1.43192479e+01   2.37798652e+00 
  3.05795158e+00   1.06801433e+01   9.85870027e+00 
  4.43138752e+00   8.01293743e+00   1.22140552e+01 
  4.70682859e+00   4.90370743e+00   1.00583637e+01 
  6.49088705e+00   1.51987419e+00   1.01442269e+01 
  9.78346208e+00   3.16627365e+00   1.12461048e+01 
  1.59976802e+01  -1.05330628e+00  -9.28747184e+00 
  1.28452101e+01  -2.75811897e+00  -7.92502879e+00 
  1.43552598e+01  -3.31968314e+00  -4.47980995e+00 

   5.278782977730e+00 

  9.49910035e-01   2.98145698e+00  -1.77208775e+00 
 -2.09708454e-01   3.03792585e+00  -1.13549209e+00 
  1.47514627e+00   3.73786169e+00  -2.90448654e+00 
  1.86991301e+00   2.43411130e+00  -7.66276153e-01 
 -1.46842640e+00   3.37645201e+00  -1.78563736e+00 
 -1.71968904e-01   1.69630582e+00  -4.15640837e-01 
  6.82011353e-01   4.60284849e+00  -3.60637851e+00 
  2.26289051e+00   2.91116800e+00  -3.63800411e+00 
  9.70212866e-01   2.31320772e+00   2.66597197e-01 
 -1.34127331e+00   4.83708520e+00  -2.16222254e+00 
 -1.61967616e+00   2.79137501e+00  -3.19571996e+00 
 -4.49888275e-01   5.17744246e+00  -3.02548382e+00 
  8.99797808e-01   4.73609541e+00  -4.96997594e+00 
  2.09844989e+00   2.85330068e+00  -4.98277872e+00 
  2.69794638e-01   3.23193220e+00   1.09191658e+00 
 -2.71741582e+00   5.25365483e+00  -2.53614017e+00 
 -2.88403507e+00   3.10652340e+00  -3.51260906e+00 
  1.07729318e+00   3.48580954e+00  -5.59701541e+00 
 -1.08310530e+00   2.65483784e+00   1.61402061e+00 
 -3.50751351e+00   4.41798064e+00  -3.22261861e+00 
 -1.56406254e+00   3.67278895e+00   2.59381176e+00 
 -7.56492981e-01   1.42184076e+00   2.13723206e+00 
 -4.24857021e+00  -1.09420443e+01  -3.07825086e+00 
 -7.28864273e+00  -8.69167514e+00  -3.22205218e+00 
 -7.97078949e+00  -6.44146066e+00  -2.00571509e-01 
 -9.10187244e+00  -2.93414601e+00  -1.04401233e+00 
 -1.03300591e+01  -1.06625701e+00   2.04447229e+00 
 -7.70533520e+00  -2.60091031e+00   4.37751222e+00 
 -5.27639680e+00  -5.18871584e-02   2.76746436e+00 
 -4.17255448e+00  -1.59020036e+00  -5.51141352e-01 
 -3.53544303e+00  -5.34031165e+00  -1.12951034e+00 
 -2.76679942e+00  -6.35286038e+00  -4.68189646e+00 
 -2.09383237e+00  -9.37203424e+00  -6.88269754e+00 
 -1.96158471e+00  -9.83408111e+00  -1.06472132e+01 
 -2.65147012e+00  -5.31672144e+00  -1.05852674e+01 
  3.90129459e-01  -4.76632077e+00  -8.35317165e+00 
  1.20478863e+00  -4.12449429e+00  -4.69787013e+00 
  4.06260067e+00  -6.29302028e+00  -3.41556299e+00 
  6.21573792e+00  -3.91951196e+00  -1.32188418e+00 
  9.04497423e+00  -4.87430237e+00   1.13134440e+00 
  9.98440359e+00  -1.16527571e+00   1.53071373e+00 
  1.12129903e+01  -7.90894473e-01  -2.09812952e+00 
  1.31164665e+01  -2.80226342e+00  -4.70543650e+00 
 -2.87349967e+00   8.97823229e+00  -1.30732747e+01 
 -2.07718691e+00   7.26288453e+00  -1.63946105e+01 
 -7.35105272e+00   5.47863730e+00  -1.56681373e+01 
 -4.83884626e+00   2.59745889e+00  -1.52548494e+01 
  1.18599987e+01   8.57515411e+00  -7.96883811e+00 
  1.14336689e+01   1.15348425e+01  -5.65121829e+00 
  8.01968149e+00   1.14510620e+01  -4.06853781e+00 
  6.81554611e+00   1.40232202e+01  -1.52680538e+00 
  8.64920585e+00   1.34123685e+01  -9.11002499e+00 
  7.69099750e+00   1.01658344e+01  -1.07543568e+01 
  3.36413132e+00   1.10697388e+01  -1.23191383e+01 
 -2.23153215e+00   1.27890437e+01  -6.17714782e+00 
 -1.97003992e+00   1.03803565e+01  -4.55639840e+00 
 -1.51958645e+00   8.12954157e+00  -7.59757227e+00 
 -4.87083047e+00   8.53410833e+00  -9.29760967e+00 
 -6.48432466e+00   6.94306579e+00  -6.18167862e+00 
 -4.51423176e+00   3.69887292e+00  -6.71236467e+00 
 -6.75377832e+00   6.77798754e-01  -7.24354655e+00 
 -3.62342058e+00  -1.13337179e+00  -8.41632825e+00 
 -1.57087188e+00  -4.14963274e-01  -1.15910535e+01 
  2.04168320e+00  -1.01931309e+00  -1.05649327e+01 
  4.55254134e+00  -2.20154887e+00  -7.90403497e+00 
  6.83511958e+00  -5.11273933e+00  -7.36994524e+00 
  9.59421563e+00  -4.24444419e+00  -4.84602847e+00 
  1.06048522e+01  -7.11380939e+00  -2.52429594e+00 
  1.34587714e+01  -5.15612867e+00  -8.67790027e-01 
 -1.18816470e+01  -6.74234976e+00   4.88785950e+00 
  6.75526935e+00  -2.58623467e+00   4.96112796e+00 
  4.08184532e+00  -4.62092507e+00   3.18783176e+00 
  3.42784490e+00  -1.62503681e+00   9.54686842e-01 
  2.44845170e+00   5.73640875e-01   3.93549573e+00 
 -1.31134479e+00   7.09912608e-01   4.88082660e+00 
 -7.83475682e-01   1.59248613e+00   8.52635021e+00 
  1.44613765e+00   1.36257739e+00   1.15314606e+01 
  3.26712240e+00   4.68369098e+00   1.13263905e+01 
  4.86938076e+00   9.91376930e+00   9.21183453e+00 
  6.78840124e+00   1.41955520e+00   9.95224195e+00 
  4.78286440e+00  -1.76194126e+00   1.05877831e+01 
  2.32171653e+00  -1.91592835e+00   7.70521070e+00 
 -9.54329345e-01  -3.69397239e+00   6.84112311e+00 
 -2.40070765e+00  -2.94389987e+00   1.03212377e+01 
 -1.46327054e+01   1.15842515e+01  -5.12052531e-01 
 -1.27372558e+01   8.91401357e+00  -2.50649602e+00 
 -1.34226160e+01   6.18366712e+00   5.09688830e-02 

   5.278782977730e+00 

  1.84051157e+00  -2.67809006e+00  -1.32223856e+00 
  2.71804481e+00  -2.96542256e+00  -3.73274257e-01 
  8.96309367e-01  -3.51293243e+00  -2.05835583e+00 
  2.39140952e+00  -1.46844466e+00  -1.94747387e+00 
  2.51303464e+00  -4.00838315e+00   6.22649304e-01 
  2.97359542e+00  -1.56614733e+00   1.71039190e-01 
  6.91824296e-01  -4.82080010e+00  -1.71544838e+00 
 -2.14162280e-01  -2.77497624e+00  -2.31190042e+00 
  3.52148089e+00  -1.35327807e+00  -1.17250243e+00 
  2.57194550e+00  -5.31044197e+00  -1.47159745e-01 
  1.06917483e+00  -4.11090474e+00   1.13086452e+00 
  1.66636839e+00  -5.54809905e+00  -1.02981460e+00 
 -5.80612497e-01  -5.35081093e+00  -1.87221809e+00 
 -1.43677671e+00  -3.29670450e+00  -2.04390476e+00 
  4.72393138e+00  -2.09744683e+00  -1.04554522e+00 
  2.67330760e+00  -6.36355003e+00   8.95817711e-01 
  1.16673640e+00  -5.01235156e+00   2.11890099e+00 
 -1.57629590e+00  -4.47264542e+00  -1.39752055e+00 
  5.35130286e+00  -1.98066506e+00   3.78791754e-01 
  1.97351082e+00  -6.25103916e+00   2.03225254e+00 
  6.67487864e+00  -2.65915781e+00   2.54978336e-01 
  5.38976014e+00  -6.25984081e-01   6.31908570e-01 
 -2.31513807e+00   6.26264508e+00   9.87543879e+00 
 -1.06220488e+00   3.08546426e+00   1.15071746e+01 
  2.56569237e+00   2.06213093e+00   1.08368871e+01 
  3.10011218e+00  -1.63386501e+00   1.02486639e+01 
  6.80358276e+00  -2.53955075e+00   1.02335632e+01 
  7.88708934e+00   6.88872993e-01   8.47552300e+00 
  6.59122182e+00  -1.02927410e+00   5.25710524e+00 
  2.80266095e+00  -5.34659399e-01   5.24361075e+00 
  9.96283849e-01   2.62868933e+00   6.48215143e+00 
 -2.77262496e+00   2.46089467e+00   6.53398214e+00 
 -5.86936628e+00   4.42587931e+00   7.51421143e+00 
 -9.52059343e+00   3.45903010e+00   7.88339663e+00 
 -7.94994089e+00  -5.56504004e-01   6.36851905e+00 
 -6.43364881e+00   1.07326282e+00   3.27316144e+00 
 -3.05160613e+00   2.24029528e+00   1.99384034e+00 
 -3.18427049e+00   5.69934635e+00   4.02843133e-01 
 -1.04225335e+00   5.39603442e+00  -2.75513046e+00 
  2.77984113e-01   8.27172956e+00  -4.97366236e+00 
  1.53695478e+00   5.72563422e+00  -7.56813601e+00 
 -1.99550084e+00   4.56627030e+00  -8.56599493e+00 
 -5.45512919e+00   6.04922057e+00  -9.11253561e+00 
 -5.92196419e+00  -1.34569956e+01   4.00274094e-02 
 -9.69393454e+00  -1.29430514e+01   3.80473931e-01 
 -8.31963386e+00  -1.33631717e+01   5.80815840e+00 
 -9.38831710e+00  -9.77875254e+00   4.91763438e+00 
 -4.77483321e+00  -5.14250619e+00  -1.31071045e+01 
 -1.64565232e+00  -6.91276665e+00  -1.42849325e+01 
  5.93429459e-01  -7.65972025e+00  -1.13530764e+01 
  3.99627050e+00  -9.34490209e+00  -1.16804578e+01 
 -3.63039883e+00  -1.09122648e+01  -1.24665600e+01 
 -5.89810935e+00  -9.22304330e+00  -9.98341802e+00 
 -6.06075459e+00  -1.23421766e+01  -6.48600336e+00 
  1.44634572e+00  -1.37849516e+01  -2.80451583e+00 
  2.16345272e+00  -1.10703019e+01  -2.02130743e+00 
 -1.42852944e+00  -1.01493375e+01  -1.14534876e+00 
 -2.09437686e+00  -1.25017759e+01   1.73689323e+00 
  6.89847662e-01  -1.06814371e+01   3.68066963e+00 
 -1.23350570e+00  -7.37121726e+00   3.50506319e+00 
 -2.10379978e+00  -5.98204487e+00   6.93105215e+00 
 -4.46425294e+00  -3.62415424e+00   5.10800308e+00 
 -7.66687701e+00  -4.56021865e+00   3.19099247e+00 
 -7.74539669e+00  -2.18560547e+00   2.20510410e-01 
 -6.22650110e+00   8.25387735e-01  -1.62593021e+00 
 -7.13860307e+00   4.38518176e+00  -2.30885164e+00 
 -5.19105432e+00   5.74323465e+00  -5.32538103e+00 
 -4.13901770e+00   9.41126767e+00  -5.03583364e+00 
 -2.69004902e+00   9.57923299e+00  -8.58458804e+00 
  8.09891554e+00   2.59953561e+00   1.40574629e+01 
  5.04166377e+00   6.85597190e+00  -4.30416210e+00 
  3.41931922e+00   6.78281681e+00  -8.69866388e-01 
  2.40348145e+00   3.18972954e+00  -1.53904253e+00 
  6.04801497e+00   2.07150288e+00  -1.92056676e+00 
  7.84448323e+00   7.61174997e-01   1.25811735e+00 
  1.13567409e+01   1.60624905e+00   1.19117750e-01 
  1.35448868e+01   3.83834663e+00  -1.95078082e+00 
  1.39220746e+01   1.75241021e+00  -5.09632263e+00 
  1.31555423e+01  -2.72303075e+00  -8.80781218e+00 
  1.08489908e+01   5.40380428e+00  -6.56797104e+00 
  1.09550009e+01   7.45832949e+00  -3.35616497e+00 
  8.81960306e+00   5.49557208e+00  -9.11201978e-01 
  8.25627714e+00   5.30011724e+00   2.86835168e+00 
  1.20386668e+01   5.37967045e+00   3.54141610e+00 
  9.23266318e+00  -1.57812129e+01   8.27348617e+00 
  6.14464182e+00  -1.35252106e+01   7.99910954e+00 
  7.85386361e+00  -1.05838880e+01   9.69979146e+00 

   5.278782977730e+00 

