 -1.48490347e-01   2.21435208e+00  -4.94905882e-01 
 -1.42571861e+00   1.75763453e+00  -8.87671606e-01 
  3.91888211e+00  -3.06701273e-01   3.75801287e-01 
 -3.48152115e+00   2.07935052e+00  -1.83000154e+00 
 -2.30480197e+00   2.58378964e+00  -1.45492936e+00 
  5.66044968e-01  -5.16397975e+00   1.91676287e+00 
 -3.09706384e+00  -5.43114842e-02  -9.06843450e-01 
 -3.84673891e+00   8.20606890e-01  -1.58122540e+00 
 -6.10621193e+00  -2.91631991e+00   4.06552584e-01 
 -1.80969239e+00   4.19927010e-01  -6.33929400e-01 
  8.80946112e-01  -2.36525376e+00   3.32204623e+00 
 -1.25968590e+00  -7.37547937e-01  -1.22076776e-01 
 -8.71596877e-01  -5.28591338e+00   3.28747290e+00 
  7.45850265e-02  -7.95896231e-01   3.65000824e-01 
 -3.28032310e+00  -1.30542412e+00  -3.93564634e-01 
  5.32409037e-01   1.58462472e-01   1.20542984e+00 
  1.88734367e+00   3.08999391e-01   1.20338549e+00 
  2.57310014e+00  -5.32925090e-01   3.80498467e-01 
  4.19949012e+00  -8.80575658e-01   1.57061278e+00 
  4.44554422e+00  -1.53521945e-01   2.66289562e+00 
  5.45298108e+00  -5.98117409e-01   3.52722279e+00 
  6.11976220e+00  -1.70997155e+00   3.09868204e+00 
  5.35477554e+00  -2.62591624e+00   2.35106186e+00 
  4.07409829e+00  -2.20756367e+00   1.97102800e+00 
  2.11134645e+00  -1.85714184e+00   3.23395358e-01 
  8.21863405e-01  -1.81592876e+00  -2.25077490e-01 
 -2.12324277e+00  -1.73068866e+00   2.23161500e-01 
 -2.02059503e+00  -2.80054407e+00   1.22108789e+00 
 -6.88324840e-01  -3.24951991e+00   1.63558161e+00 
 -1.78569917e-01  -2.61386450e+00   2.88587847e+00 
 -5.94875361e-01  -4.71716594e+00   1.99145250e+00 
 -1.92115139e+00  -6.14440258e+00   3.50295660e+00 
 -3.29893979e+00  -5.76928443e+00   2.91778331e+00 
 -1.85521608e+00  -7.58043510e+00   3.25198542e+00 
 -4.17791082e+00  -2.31447496e+00  -9.72776004e-01 
 -5.59241593e+00  -2.14451203e+00  -6.16579190e-01 
 -7.45317117e+00  -3.25965651e+00   2.00674713e-01 
  2.55074443e-01  -3.39700913e-01  -1.33747048e+01 
 -5.69079057e+00  -1.45818703e+00  -1.19982540e+01 
 -4.90247142e+00  -4.05203028e+00  -9.30501972e+00 
 -6.22738183e+00  -3.42706299e+00  -5.82520522e+00 
 -4.89327862e+00  -6.38819429e+00  -3.83736568e+00 
 -3.65845395e+00  -9.84727553e+00  -4.63863315e+00 
 -1.97023978e+00  -1.18367257e+01  -1.91499479e+00 
  2.30561374e-01  -1.48995372e+01  -2.28316310e+00 
  3.60075809e+00  -1.31826887e+01  -1.92600315e+00 
  2.61968207e+00  -1.05357426e+01  -4.46529455e+00 
  1.09020909e-01  -7.90147140e+00  -5.56197621e+00 
 -8.71161710e-01  -4.29879248e+00  -5.25230721e+00 
 -1.63150327e+00  -1.95247843e+00  -8.03562654e+00 
 -2.85285233e+00   1.59471184e+00  -8.41852481e+00 
 -6.41036616e-01   3.22274076e+00  -1.10282234e+01 
  1.16011717e+00   5.87562018e+00  -6.85074776e+00 
  7.14570865e-01   2.52885773e+00  -5.20446048e+00 
  2.80581576e+00  -3.15399416e-01  -6.57550537e+00 
  3.54911219e+00  -3.54542412e+00  -4.76435819e+00 
  4.77120399e+00  -6.57411676e+00  -6.59531706e+00 
  6.67118728e+00  -9.65609386e+00  -5.42649667e+00 
  5.95804131e+00  -1.30315138e+01  -7.02734120e+00 
  1.05896668e+01  -8.74836872e+00   5.84852105e-01 
  1.30586091e+01  -5.83232911e+00   3.29589246e-01 
  1.03264327e+01  -3.99757423e+00   4.19382688e+00 
  1.17564832e+01  -1.02489829e+00   2.20884701e+00 
  1.50858182e+01  -1.00615830e+00   4.06323281e+00 
  1.31492909e+01   3.79691565e-01   7.04832130e+00 
  1.08604409e+01   2.74671840e+00   5.13254235e+00 
  2.65917760e+00   5.80543981e+00   4.24626161e+00 
  5.67535228e+00   7.23338407e+00   2.39874606e+00 
  8.03746798e+00   5.12007635e+00   2.65302635e-01 
  8.58509196e+00   6.85561151e+00  -3.07247393e+00 
  7.83829663e+00  -1.16886459e+00  -4.25827728e+00 
  6.40838754e+00   2.30813981e+00  -4.92322947e+00 
  4.65370825e+00   4.31864631e+00  -2.19139306e+00 
  2.18369438e+00   7.10444078e+00  -1.86644834e+00 
 -1.38354753e+00   6.19497431e+00  -2.87400547e+00 
 -7.42134698e+00   6.50230461e+00  -2.28815998e+00 
 -9.75459566e+00   4.91237988e+00   3.04554469e-01 
 -7.98252753e+00   1.61251624e+00   1.06677160e+00 
 -7.67669382e+00   1.57503012e-01   4.56593584e+00 
 -9.30874965e+00   1.82969857e+00   7.60959153e+00 
  5.47494991e+00  -1.91204474e+00   1.47284988e+01 
  1.11889260e+00  -5.33273836e+00   1.39382657e+01 
 -8.05173346e-01  -2.11817184e+00   1.45505006e+01 
 -4.45428684e+00  -2.72664418e+00   1.36286225e+01 
 -6.23889215e+00  -3.42819336e+00   8.63014169e+00 
 -2.77882804e+00  -1.83424212e+00   8.56433302e+00 
 -3.98390030e+00   1.73749281e+00   8.51291162e+00 
 -4.72751772e+00   3.47336451e+00   5.21068751e+00 
 -7.24953479e+00   6.20690267e+00   4.48574911e+00 
 -6.83244493e+00   9.00876238e+00   1.96987834e+00 
 -1.03694673e+01   1.13156039e+01   6.24700711e+00 
 -5.16043536e+00   8.18998047e+00   8.12910044e+00 
 -1.65141072e+00   6.75920861e+00   7.87493442e+00 
  1.95751539e-01   3.87391293e+00   9.53093594e+00 
  1.48030766e+00   1.03704072e+00   7.35407998e+00 
  2.16729344e+00  -2.81604435e+00   7.36100162e+00 
  4.03942850e+00  -5.77603012e+00   5.64549846e+00 
  7.49620211e+00  -5.57302956e+00   7.08775331e+00 

   5.830953748274e+00 

  1.23766391e+00  -2.28190862e+00   2.47647901e+00 
  1.20951549e+00  -3.50773405e+00   1.77592289e+00 
  1.02054992e+00   2.27091142e+00   7.78871576e-01 
  1.63732134e+00  -5.74520328e+00   1.60714611e+00 
  1.66473654e+00  -4.62835039e+00   2.33634019e+00 
 -2.11794370e+00   3.03213504e-01  -4.06748180e+00 
  4.97252290e-01  -4.77701320e+00  -2.13660405e-01 
  1.09566109e+00  -5.80673633e+00   3.89567726e-01 
 -2.00139689e+00  -6.83501238e+00  -3.12788029e+00 
  6.45065539e-01  -3.57150978e+00   4.80324221e-01 
 -2.90518593e+00   4.01703005e-01  -1.02161308e+00 
  1.03052175e-01  -2.71702203e+00  -4.57941520e-01 
 -3.80994664e+00  -7.44006240e-01  -4.09921177e+00 
 -3.07150838e-02  -1.32044231e+00  -2.28619217e-01 
 -2.48649846e-01  -4.60671541e+00  -1.34369154e+00 
 -5.53892979e-01  -8.70753380e-01   9.33617141e-01 
 -1.81500775e-01   3.97775559e-01   1.26629982e+00 
  6.35201853e-01   1.02571884e+00   3.74718614e-01 
 -1.42278706e-01   2.91237418e+00   5.10537477e-01 
 -9.97457598e-01   3.25761081e+00   1.47578829e+00 
 -1.63869341e+00   4.49699292e+00   1.36438900e+00 
 -1.24779056e+00   5.24473297e+00   2.90825045e-01 
 -8.84782283e-01   4.51470455e+00  -8.57382572e-01 
 -7.78739058e-01   3.12684894e+00  -7.08428349e-01 
  3.49226760e-01   8.15569768e-01  -9.83254088e-01 
  5.49986340e-01  -5.48700649e-01  -1.23573675e+00 
 -6.12742807e-01  -3.28298968e+00  -1.46718828e+00 
 -1.71683223e+00  -2.76425768e+00  -2.28134712e+00 
 -1.84768402e+00  -1.31366885e+00  -2.44566060e+00 
 -2.80153971e+00  -6.63861032e-01  -1.49958176e+00 
 -2.40962862e+00  -8.73704794e-01  -3.77982812e+00 
 -4.42691072e+00  -1.54183261e+00  -5.03078291e+00 
 -4.15753595e+00  -3.06047791e+00  -4.97980066e+00 
 -4.41267282e+00  -1.26960303e+00  -6.46438461e+00 
 -9.54219118e-02  -5.40882633e+00  -2.56535827e+00 
 -7.66407223e-01  -6.71438772e+00  -2.52229775e+00 
 -2.20619917e+00  -8.10676080e+00  -3.68938573e+00 
  1.31759203e+01  -4.30133223e+00  -2.62012365e+00 
  1.01624534e+01  -9.47793894e+00  -4.23897680e+00 
  7.36226857e+00  -7.64282018e+00  -6.08133264e+00 
  3.81616309e+00  -8.24888124e+00  -4.93549006e+00 
  1.76497502e+00  -5.98116168e+00  -7.20477092e+00 
  2.26070717e+00  -4.33957288e+00  -1.05501416e+01 
 -2.37534396e-01  -1.74799834e+00  -1.16765116e+01 
  1.58490196e-01   8.41677614e-01  -1.44145102e+01 
  9.65644875e-01   3.82995731e+00  -1.22117788e+01 
  3.57906102e+00   1.83493456e+00  -1.03126288e+01 
  4.42695767e+00  -1.29940516e+00  -8.33715410e+00 
  4.48837309e+00  -2.83362407e+00  -4.91979015e+00 
  7.33982271e+00  -4.61638420e+00  -3.33198323e+00 
  7.98999265e+00  -6.52588263e+00  -1.45766105e-01 
  1.13123903e+01  -5.29263786e+00   1.19360634e+00 
  8.23933530e+00  -3.12545892e+00   4.88046072e+00 
  5.99518938e+00  -2.56608185e+00   1.92064286e+00 
  7.35507655e+00  -3.45659877e-01  -8.29496668e-01 
  5.27640465e+00   1.36680468e+00  -3.47759416e+00 
  6.82183676e+00   2.68669858e+00  -6.62217991e+00 
  5.67437758e+00   5.33536162e+00  -9.10059958e+00 
  6.44939588e+00   4.91852424e+00  -1.28006447e+01 
  1.10077434e+00   1.02609310e+01  -6.42932522e+00 
  2.46325601e+00   1.20283878e+01  -3.31743225e+00 
 -1.60389018e+00   9.93793058e+00  -1.11477079e+00 
  1.15064104e+00   1.03142170e+01   1.54848781e+00 
  2.35985316e-01   1.39114402e+01   2.41274401e+00 
 -2.86680445e+00   1.24689783e+01   4.10786973e+00 
 -1.22735206e+00   9.41329835e+00   5.68484888e+00 
 -1.95798137e+00   8.01246082e-01   7.32823227e+00 
  8.09851726e-01   3.01153556e+00   8.74363934e+00 
  3.08769846e+00   5.18590339e+00   6.58012994e+00 
  6.69758781e+00   4.64389025e+00   7.64203314e+00 
  6.28680375e+00   5.14607100e+00  -4.78010650e-01 
  7.14063579e+00   2.98691906e+00   2.55273391e+00 
  4.43039098e+00   1.54657809e+00   4.82517528e+00 
  3.96035586e+00  -1.25926154e+00   7.24871936e+00 
  3.85816533e+00  -4.73052706e+00   5.66522814e+00 
  1.81397496e+00  -1.04350295e+01   5.24981625e+00 
 -1.51677076e+00  -1.17953241e+01   3.92701027e+00 
 -2.34626221e+00  -9.31967859e+00   1.13533142e+00 
 -5.84524676e+00  -7.97658760e+00   4.96644710e-01 
 -8.87809757e+00  -9.16744293e+00   2.52331517e+00 
 -1.25207739e+01   7.26297570e+00   2.42527584e+00 
 -1.34532455e+01   3.54903983e+00  -1.65369860e+00 
 -1.39856712e+01   1.25072225e+00   1.32028421e+00 
 -1.41396725e+01  -2.33533567e+00   3.47500679e-02 
 -9.95235851e+00  -5.03042494e+00  -1.93112496e+00 
 -8.74020075e+00  -2.02793037e+00   7.70441183e-02 
 -8.39742003e+00  -3.85233068e+00   3.35823210e+00 
 -5.15024650e+00  -5.62228660e+00   4.24931324e+00 
 -4.64254566e+00  -8.70278179e+00   6.39666987e+00 
 -1.66922191e+00  -9.38303014e+00   8.64402364e+00 
 -6.25516613e+00  -1.22387234e+01   1.12784100e+01 
 -7.24628573e+00  -6.25564768e+00   9.36365700e+00 
 -6.35106497e+00  -2.68981269e+00   8.41057188e+00 
 -7.94282089e+00  -1.91841587e-02   6.21663398e+00 
 -6.01982921e+00   1.24779358e+00   3.19447850e+00 
 -6.49953356e+00   2.61836439e+00  -4.40035872e-01 
 -4.88690507e+00   4.57350426e+00  -3.40419566e+00 
 -5.34563349e+00   8.16660555e+00  -2.42962528e+00 

   5.830953753352e+00 

  6.84415512e-01   2.91532910e+00  -1.21152253e+00 
  1.31567218e+00   3.38732317e+00  -3.97988905e-02 
 -2.70525415e+00  -5.32665905e-01  -1.73929566e+00 
  2.46672274e+00   4.97463432e+00   1.13208684e+00 
  1.91712925e+00   4.57679033e+00  -1.65975859e-02 
 -6.71033550e-01  -3.29040464e+00   3.30707519e+00 
  2.06461534e+00   2.94944938e+00   2.26763544e+00 
  2.52005306e+00   4.20345298e+00   2.21934809e+00 
  4.28993073e+00   1.36759294e+00   5.66129498e+00 
  1.36312897e+00   2.57440345e+00   1.11699259e+00 
  6.98010723e-01  -2.88686949e+00   5.01798150e-01 
  8.87524847e-01   1.35198735e+00   1.54567416e+00 
  1.17602422e+00  -3.90817851e+00   3.71603546e+00 
  1.14400448e-01   5.00302889e-01   7.10314672e-01 
  2.12870740e+00   1.92125208e+00   3.16263971e+00 
  5.14138446e-01   2.46604397e-01  -5.55615343e-01 
 -4.89366589e-01  -1.25356522e-01  -1.40009030e+00 
 -1.72951080e+00  -2.08305762e-01  -8.42052894e-01 
 -2.41686758e+00  -1.85218391e+00  -1.84585322e+00 
 -1.77824909e+00  -2.35216337e+00  -2.90623878e+00 
 -2.19958227e+00  -3.59516370e+00  -3.39315405e+00 
 -3.28194816e+00  -4.12114303e+00  -2.74794634e+00 
 -3.38088218e+00  -3.81213292e+00  -1.37760991e+00 
 -2.48330018e+00  -2.85728420e+00  -8.85479982e-01 
 -1.79320743e+00  -7.52592925e-01   4.50126428e-01 
 -1.09428304e+00   1.20712617e-01   1.29519312e+00 
  1.45793986e+00   8.25531663e-01   2.66314338e+00 
  1.62744448e+00  -5.63591567e-01   3.10197808e+00 
  7.00434861e-01  -1.57908230e+00   2.59426430e+00 
  1.19763767e+00  -2.33886350e+00   1.40991199e+00 
  3.98634363e-01  -2.70350339e+00   3.56068038e+00 
  1.85644547e+00  -4.19815558e+00   4.87272808e+00 
  2.70075899e+00  -3.07981452e+00   5.51917369e+00 
  1.24318495e+00  -4.83716551e+00   6.03251219e+00 
  2.19977559e+00   2.09564779e+00   4.61999328e+00 
  3.54282953e+00   2.40008546e+00   5.13000014e+00 
  5.11362167e+00   1.78562657e+00   6.72023579e+00 
 -7.63409314e+00   1.10732200e+01   4.85696739e+00 
 -2.59399744e+00   1.14154743e+01   8.45964435e+00 
 -2.44540383e+00   7.65842546e+00   9.14190336e+00 
  7.22064202e-01   5.82881982e+00   8.20659036e+00 
 -5.60472760e-02   2.21386634e+00   9.11555305e+00 
 -2.47518919e+00   4.59528623e-01   1.13963732e+01 
 -2.82732476e+00  -3.28533650e+00   1.11167912e+01 
 -5.63231425e+00  -5.47084293e+00   1.24265555e+01 
 -7.53076682e+00  -5.91590303e+00   9.16601096e+00 
 -7.42817727e+00  -2.18015638e+00   8.49481732e+00 
 -5.33497078e+00   9.75897653e-01   8.17339461e+00 
 -3.34744845e+00   3.09610065e+00   5.80898267e+00 
 -3.64097066e+00   6.77275485e+00   5.33336974e+00 
 -1.87373161e+00   9.46642074e+00   3.37329273e+00 
 -4.57548242e+00   1.16039721e+01   1.79703625e+00 
 -2.83484983e+00   9.32930570e+00  -2.62216197e+00 
 -2.54396398e+00   6.35738210e+00  -3.43423747e-01 
 -5.76543583e+00   5.08910784e+00   1.19165755e+00 
 -6.26562435e+00   1.65634031e+00   2.68554758e+00 
 -9.12904806e+00   9.25692568e-01   4.98465000e+00 
 -1.08411711e+01  -2.32979074e+00   5.95681540e+00 
 -1.21818748e+01  -2.77474556e+00   9.48800017e+00 
 -1.02139132e+01  -7.68515789e+00   1.13588704e+00 
 -1.14099151e+01  -6.68969795e+00  -2.36307853e+00 
 -6.58431836e+00  -7.65470566e+00  -3.60638423e+00 
 -7.93609309e+00  -4.96979213e+00  -6.01177848e+00 
 -9.45698220e+00  -7.48532928e+00  -8.43716890e+00 
 -5.87290793e+00  -8.30730523e+00  -9.46685292e+00 
 -4.49093781e+00  -4.75760124e+00  -9.42672640e+00 
  2.24034502e+00   4.01460202e-01  -7.08664828e+00 
 -7.11776775e-01   1.57908249e+00  -9.19563953e+00 
 -4.35784122e+00   1.20549021e+00  -8.11680860e+00 
 -6.15305154e+00   4.51587636e+00  -8.63768120e+00 
 -8.59656180e+00   1.15855304e+00  -1.62956551e+00 
 -6.84775874e+00   4.09635328e+00  -3.32880056e+00 
 -3.36375910e+00   3.75490933e+00  -4.85495320e+00 
 -4.56398383e-01   5.90852940e+00  -5.79110567e+00 
  1.46437779e+00   7.36476501e+00  -2.83178947e+00 
  6.54784731e+00   9.13578671e+00  -1.85435364e-02 
  9.34498078e+00   7.07351420e+00   1.59921593e+00 
  7.43865680e+00   4.04603765e+00   2.94483265e+00 
  8.74786863e+00   4.82763918e-01   2.73563430e+00 
  1.22137238e+01  -3.25588676e-01   1.30102700e+00 
  3.71064616e+00  -1.28007908e+01  -6.13566721e+00 
  5.62705604e+00  -1.26520138e+01  -8.81519401e-01 
  8.40033495e+00  -1.06591998e+01  -2.53920431e+00 
  1.05208425e+01  -9.07100751e+00   2.02547258e-01 
  8.87671841e+00  -5.08623513e+00   3.37747704e+00 
  6.63447410e+00  -5.31119441e+00   3.05219512e-01 
  8.58314095e+00  -2.85961896e+00  -1.79349875e+00 
  7.80534724e+00   8.60581819e-01  -1.63210498e+00 
  1.01459065e+01   3.79543268e+00  -2.14861090e+00 
  9.22723917e+00   7.12784332e+00  -3.69944086e+00 
  1.50455146e+01   6.38808631e+00  -5.01336625e+00 
  1.11668260e+01   1.45079733e+00  -6.02564046e+00 
  7.89404742e+00  -3.46706669e-01  -6.72052407e+00 
  6.55491318e+00  -3.84188349e+00  -6.03514545e+00 
  3.50454375e+00  -4.22468584e+00  -3.80236439e+00 
  1.84847871e+00  -6.62548775e+00  -1.19240755e+00 
 -1.43180029e+00  -7.62450122e+00   6.65307850e-01 
 -3.22935759e+00  -9.76837263e+00  -1.83332958e+00 

   5.830953750321e+00 

  2.27510708e+00   1.10278896e+00  -3.58370093e+00 
  3.20510987e+00   4.56590458e-01  -2.74005612e+00 
 -2.54444169e+00   1.56259339e+00  -3.11702423e+00 
  5.22028560e+00  -5.47023209e-01  -2.35328785e+00 
  4.40228505e+00   8.68709698e-02  -3.19522394e+00 
 -1.98602806e+00   1.15539730e+00   2.94363543e+00 
  3.81834343e+00  -3.00095800e-01  -4.75493016e-01 
  4.93116892e+00  -7.42349785e-01  -1.06566417e+00 
  5.03194082e+00  -2.64659222e-01   3.70748145e+00 
  2.89483353e+00   2.39394117e-01  -1.37703447e+00 
 -1.02225777e+00   3.38767101e+00   9.44878370e-01 
  1.83350136e+00   4.19328772e-01  -5.13635379e-01 
 -8.61189262e-01   2.26246499e+00   4.15592327e+00 
  6.04140839e-01   9.99992811e-01  -9.28892257e-01 
  3.35721641e+00  -2.24282668e-01   8.06673981e-01 
  6.03328177e-01   2.13882514e+00  -1.65675753e+00 
 -5.16406678e-01   2.32477305e+00  -2.41182147e+00 
 -1.46871045e+00   1.35651747e+00  -2.30298340e+00 
 -3.13336667e+00   2.54141624e+00  -2.38852135e+00 
 -3.07046028e+00   3.82524602e+00  -2.74914892e+00 
 -4.21756460e+00   4.60785257e+00  -2.57212652e+00 
 -5.30424204e+00   3.92596902e+00  -2.10454880e+00 
 -5.02074998e+00   2.85480118e+00  -1.23545406e+00 
 -3.67455422e+00   2.49300897e+00  -1.10722165e+00 
 -1.68581111e+00   8.41852583e-01  -1.01534022e+00 
 -5.00290292e-01   2.02512812e-01  -6.26668831e-01 
  2.10237093e+00   3.46039005e-01   8.18124525e-01 
  1.44695457e+00   9.65839099e-01   1.97451293e+00 
  3.88671975e-02   1.35598769e+00   1.85864620e+00 
 -1.82644413e-01   2.78800776e+00   1.50170613e+00 
 -7.58591187e-01   1.24443721e+00   3.13965258e+00 
 -3.57412703e-01   2.08922049e+00   5.42130868e+00 
  1.06586231e+00   1.51012974e+00   5.56404986e+00 
 -1.07975666e+00   1.41149435e+00   6.49295453e+00 
  3.70326640e+00  -1.17918976e+00   1.86862225e+00 
  5.00598532e+00  -9.36941152e-01   2.50172815e+00 
  6.06580958e+00  -7.06278561e-01   4.55048222e+00 
  1.47546067e+00  -1.18159682e+01  -5.82910319e+00 
  6.09156178e+00  -1.14830955e+01  -1.69633280e+00 
  4.01202876e+00  -9.66576410e+00   9.44844877e-01 
  5.26611833e+00  -6.32220978e+00   2.17079148e+00 
  2.57488702e+00  -5.22877391e+00   4.63276790e+00 
 -9.93402297e-02  -6.93513721e+00   6.64991978e+00 
 -2.68582071e+00  -4.80708841e+00   8.38419771e+00 
 -6.04741808e+00  -5.88038108e+00   9.76535466e+00 
 -8.21905578e+00  -4.65736496e+00   6.89802252e+00 
 -5.95409503e+00  -6.33281711e+00   4.35250696e+00 
 -2.43602593e+00  -6.80883182e+00   2.99526359e+00 
  1.11411951e-01  -5.49554137e+00   5.82433100e-01 
  2.05459546e+00  -7.47220569e+00  -1.89689129e+00 
  4.82882215e+00  -6.85541154e+00  -4.37561431e+00 
  3.80926218e+00  -8.58273101e+00  -7.58964691e+00 
  3.23328359e+00  -3.62301015e+00  -9.26374907e+00 
  1.94429006e+00  -3.15750362e+00  -5.76641277e+00 
 -1.15819338e+00  -5.12129350e+00  -4.83849416e+00 
 -3.44679315e+00  -4.34002204e+00  -1.93717009e+00 
 -5.84523065e+00  -6.88609857e+00  -6.01539947e-01 
 -9.04253256e+00  -6.54501856e+00   1.43207152e+00 
 -9.91743622e+00  -9.18314101e+00   4.02814150e+00 
 -1.24139220e+01  -1.76840413e-01   8.03732507e-01 
 -1.31897662e+01   7.47726162e-01  -2.83045750e+00 
 -1.01491298e+01   4.68500008e+00  -1.82254084e+00 
 -9.88244990e+00   3.88544721e+00  -5.57907972e+00 
 -1.29101381e+01   5.98909029e+00  -6.54415010e+00 
 -1.07291688e+01   9.03889471e+00  -5.82057414e+00 
 -7.48396013e+00   7.72904903e+00  -7.32548917e+00 
  1.22476236e+00   6.99201026e+00  -6.31708096e+00 
 -6.41687465e-01   6.00587732e+00  -9.49411894e+00 
 -3.59134519e+00   3.57800300e+00  -9.54097114e+00 
 -3.05399488e+00   1.02338706e+00  -1.23046514e+01 
 -6.12303718e+00  -2.67514495e+00  -5.72757720e+00 
 -3.18195024e+00  -2.36831208e+00  -8.14257662e+00 
 -8.50353217e-01   6.55890249e-01  -8.10022218e+00 
  2.61941408e+00   1.57402680e+00  -9.14181348e+00 
  5.38471702e+00  -3.21522049e-02  -7.05836123e+00 
  1.08029221e+01  -1.12016084e-02  -4.31333320e+00 
  1.19482664e+01   1.69931427e+00  -1.07969978e+00 
  8.78444594e+00   1.57516453e+00   1.06159157e+00 
  7.61998970e+00   4.45842374e+00   3.24919675e+00 
  9.66528919e+00   7.68445330e+00   3.61407298e+00 
 -5.52215915e+00   1.47800516e+01   2.12039259e+00 
 -3.26419948e+00   1.25144288e+01   6.71053286e+00 
 -8.85496931e-02   1.38943333e+01   5.15444909e+00 
  2.88602224e+00   1.24543641e+01   7.05564037e+00 
  4.41913330e+00   7.32908308e+00   6.84865273e+00 
  2.13542378e+00   8.12365917e+00   3.90410153e+00 
  4.88731787e+00   9.06286797e+00   1.50470544e+00 
  6.55778462e+00   6.40760259e+00  -6.47041017e-01 
  1.01107620e+01   6.31244626e+00  -1.96067479e+00 
  1.12185521e+01   4.85285742e+00  -5.27675299e+00 
  1.51655339e+01   9.24349929e+00  -4.14998183e+00 
  8.99648884e+00   1.05889123e+01  -3.38937135e+00 
  5.25013872e+00   1.02680143e+01  -3.92494950e+00 
  2.16343995e+00   1.11250385e+01  -1.87140385e+00 
 -1.78682068e-01   8.31854878e+00  -8.34693819e-01 
 -2.60559327e+00   7.19572089e+00   2.02320977e+00 
 -5.54979282e+00   4.84773897e+00   3.03711968e+00 
 -8.57792138e+00   6.63281822e+00   1.72772357e+00 

   5.830953760004e+00 

  3.27216511e+00   7.74086038e-01   1.25263234e+00 
  3.73455637e+00   2.01431161e-01   4.74430990e-02 
 -6.88195950e-01  -2.79090925e-01   3.87251009e+00 
  5.38513035e+00  -2.67500550e-01  -1.46037146e+00 
  5.00838882e+00   3.24583378e-01  -3.25782869e-01 
 -3.50448801e+00  -2.21250919e+00  -1.18115305e+00 
  3.21573644e+00  -9.63060154e-01  -2.06246249e+00 
  4.53195186e+00  -8.91759723e-01  -2.27406766e+00 
  1.75187558e+00  -1.77621544e+00  -6.08331614e+00 
  2.83244718e+00  -4.70147883e-01  -8.10724434e-01 
 -2.56402849e+00   6.70440747e-01  -3.37774997e-01 
  1.50457708e+00  -8.45115179e-01  -8.30939581e-01 
 -3.79635981e+00  -1.22612301e+00  -2.88479227e+00 
  6.10210757e-01  -5.37279008e-01   2.30324198e-01 
  2.13323113e+00  -1.38485222e+00  -2.77841069e+00 
  5.67513785e-01   7.13639510e-01   7.40325449e-01 
  9.84008225e-02   7.85954586e-01   2.01829910e+00 
 -2.76228853e-01  -3.98825340e-01   2.57702743e+00 
 -1.91051467e+00   2.48924056e-01   3.62197204e+00 
 -2.16889814e+00   1.54674035e+00   3.79843955e+00 
 -3.41348673e+00   1.89520703e+00   4.33623930e+00 
 -4.19936925e+00   8.34266846e-01   4.68444840e+00 
 -4.05577796e+00  -3.15779658e-01   3.88453219e+00 
 -3.00206960e+00  -3.08942569e-01   2.96299284e+00 
 -9.51056530e-01  -1.29607700e+00   1.73466222e+00 
 -5.07350663e-02  -1.66246449e+00   7.24474695e-01 
  9.86057318e-01  -1.21437263e+00  -2.03345277e+00 
 -3.82338950e-01  -1.15546906e+00  -2.55783892e+00 
 -1.49931573e+00  -1.15702937e+00  -1.60878566e+00 
 -2.02579042e+00   1.96480120e-01  -1.26527986e+00 
 -2.75292560e+00  -1.84417914e+00  -2.10443251e+00 
 -4.06690953e+00  -1.60289011e+00  -4.17702186e+00 
 -2.87942158e+00  -1.77808105e+00  -5.14686616e+00 
 -4.92574758e+00  -2.72945457e+00  -4.52739249e+00 
  2.16898644e+00  -2.46533143e+00  -3.77370953e+00 
  2.67107370e+00  -2.05916183e+00  -5.09261670e+00 
  2.20987466e+00  -2.13196852e+00  -7.36325604e+00 
  9.03096916e+00  -1.06692382e+01   4.16154128e+00 
  9.96209798e+00  -1.02470684e+01  -1.95840655e+00 
  6.25315209e+00  -9.90626988e+00  -2.81309677e+00 
  5.16708931e+00  -6.83527211e+00  -4.72214478e+00 
  1.39677239e+00  -7.27854717e+00  -5.01848502e+00 
 -1.00989062e+00  -1.01606838e+01  -4.83573686e+00 
 -4.70490718e+00  -9.41931292e+00  -4.68277662e+00 
 -7.50762263e+00  -1.17319812e+01  -3.60749210e+00 
 -7.97363102e+00  -1.04032238e+01  -7.89492710e-02 
 -4.23860693e+00  -1.05892222e+01   5.78203320e-01 
 -7.24749805e-01  -9.66155602e+00  -5.34326578e-01 
  1.96513019e+00  -7.06351729e+00  -3.09360401e-01 
  5.54692394e+00  -7.63435048e+00   5.12319541e-01 
  8.71352464e+00  -5.59365670e+00   6.82684823e-01 
  1.04443605e+01  -6.55334283e+00   3.91322213e+00 
  9.00506660e+00  -1.68832582e+00   5.32503667e+00 
  5.92765131e+00  -2.61014987e+00   3.37842151e+00 
  3.91797717e+00  -5.53958882e+00   4.69088327e+00 
  3.19232099e-01  -6.28150022e+00   3.81664100e+00 
 -1.17473699e+00  -9.66452310e+00   4.40158239e+00 
 -4.77896203e+00  -1.08180673e+01   4.79342621e+00 
 -5.82826072e+00  -1.42177238e+01   3.44954281e+00 
 -9.39788297e+00  -5.73542448e+00   7.06216288e+00 
 -8.29907929e+00  -4.07455184e+00   1.03329753e+01 
 -8.19293580e+00   1.00893290e-01   7.44890042e+00 
 -5.58556049e+00   5.04634125e-01   1.02525711e+01 
 -8.08570083e+00   1.86463968e+00   1.27869899e+01 
 -8.09882579e+00   5.06652986e+00   1.07063045e+01 
 -4.37325329e+00   5.19470921e+00   9.92173051e+00 
  1.71195244e+00   6.65976127e+00   3.73901064e+00 
  2.51187642e+00   6.13381280e+00   7.43132280e+00 
  1.34091114e+00   3.09694500e+00   9.43221367e+00 
  4.28279551e+00   1.68442885e+00   1.13823076e+01 
 -1.73763223e-01  -4.42658944e+00   8.35730094e+00 
  3.20116975e+00  -2.64189458e+00   8.38966419e+00 
  3.68851486e+00   7.71275290e-01   6.74750901e+00 
  6.44169216e+00   2.87559701e+00   5.34786681e+00 
  7.92978592e+00   1.58249085e+00   2.07970450e+00 
  1.03443360e+01   2.33469547e+00  -3.44267058e+00 
  8.70101372e+00   3.30845635e+00  -6.76612352e+00 
  5.24434763e+00   1.70681493e+00  -6.45541855e+00 
  2.03688154e+00   3.40924680e+00  -7.58177295e+00 
  2.05560752e+00   6.83658265e+00  -9.30707070e+00 
 -1.09931965e+01   9.53892844e+00   9.72197308e-01 
 -1.10155293e+01   6.78977801e+00  -3.90042854e+00 
 -8.37167273e+00   9.38153674e+00  -4.73892801e+00 
 -6.69448303e+00   8.35086483e+00  -8.00402554e+00 
 -3.44075208e+00   4.13303897e+00  -8.53777309e+00 
 -3.77670450e+00   5.05922458e+00  -4.85723240e+00 
 -7.97700275e-01   7.36712913e+00  -4.75124094e+00 
  2.66935777e+00   6.00480610e+00  -3.98021138e+00 
  6.03433566e+00   7.27937572e+00  -5.16795351e+00 
  9.26980945e+00   7.18711049e+00  -3.19890291e+00 
  9.79268448e+00   1.19975598e+01  -6.76433284e+00 
  4.33413748e+00   1.12978894e+01  -3.57677987e+00 
  2.02452269e+00   1.01109766e+01  -8.05160334e-01 
 -1.71332177e+00   9.45612898e+00  -5.24194637e-01 
 -2.89669211e+00   5.93441430e+00   2.71987403e-01 
 -5.82214211e+00   3.41878304e+00  -3.84958178e-01 
 -7.61293666e+00   1.56535462e-01   7.81279762e-01 
 -9.79563887e+00   1.32150251e+00   3.60071494e+00 

   5.830953777066e+00 

  5.99164398e-01  -3.96314626e+00   1.83002779e+00 
  3.13754764e-01  -3.50322532e+00   3.13433204e+00 
  1.03106370e+00  -1.46269738e+00  -2.31953148e+00 
  3.44284311e-01  -3.73409646e+00   5.40667294e+00 
  6.12677619e-01  -4.24232811e+00   4.20273440e+00 
 -2.73786944e+00   2.80396485e+00  -1.28666778e-01 
 -7.45036031e-01  -1.81350348e+00   4.58371156e+00 
 -2.86907442e-01  -2.57199927e+00   5.58226107e+00 
 -3.76002201e+00   5.65210463e-01   6.63868456e+00 
 -3.45869701e-01  -2.26585328e+00   3.32166679e+00 
 -3.27401846e+00  -2.00640794e-01  -8.98202421e-01 
 -8.02538531e-01  -1.20857699e+00   2.56149488e+00 
 -4.58020004e+00   2.57239711e+00   5.87423232e-01 
 -6.81637582e-01  -1.18077880e+00   1.14532200e+00 
 -1.53155685e+00  -7.02852919e-01   4.48294556e+00 
 -1.03560447e+00  -2.26009263e+00   4.12849814e-01 
 -4.31284291e-01  -2.33686111e+00  -8.06746341e-01 
  4.12777345e-01  -1.31195928e+00  -1.11233691e+00 
 -2.31846904e-02  -1.12792953e+00  -3.10192176e+00 
 -7.35461700e-01  -2.04665560e+00  -3.75829733e+00 
 -1.16466324e+00  -1.73407801e+00  -5.05357376e+00 
 -7.32128179e-01  -5.25683192e-01  -5.51956934e+00 
 -5.81823718e-01   4.81447043e-01  -4.54684776e+00 
 -7.01085505e-01   8.27159841e-02  -3.21029419e+00 
 -2.39875678e-03  -2.91184713e-02  -7.22479002e-01 
 -5.36335400e-02  -2.54699745e-02   6.78471316e-01 
 -1.67492056e+00  -3.51471784e-01   3.15779812e+00 
 -2.73179410e+00   4.98884602e-01   2.60023753e+00 
 -2.62746589e+00   9.23304204e-01   1.20118943e+00 
 -3.38669372e+00   7.57347306e-02   2.35608158e-01 
 -3.20245741e+00   2.29182233e+00   9.08072589e-01 
 -5.38886679e+00   3.31435537e+00   1.41239056e+00 
 -5.37676902e+00   2.99419775e+00   2.92194750e+00 
 -5.43299254e+00   4.77293469e+00   1.40231008e+00 
 -1.60506066e+00   3.54501728e-01   5.50075950e+00 
 -2.48174424e+00   4.32304164e-02   6.63703954e+00 
 -4.21668943e+00   8.72933126e-01   7.93147783e+00 
  1.16233743e+01   1.15365029e+00   6.81603765e+00 
  7.66988906e+00   1.66264157e+00   1.15710187e+01 
  5.09347825e+00   3.69717337e+00   9.61506883e+00 
  1.58861392e+00   2.31554480e+00   9.36593109e+00 
 -2.09597191e-01   4.87975707e+00   7.20009539e+00 
  3.12013758e-01   8.48847348e+00   6.28511673e+00 
 -1.78799434e+00   9.97221969e+00   3.52565067e+00 
 -1.16030625e+00   1.31559148e+01   1.56861159e+00 
  2.97418044e-01   1.15788687e+01  -1.56528836e+00 
  2.66741206e+00   9.45140775e+00   5.02046545e-01 
  3.11515292e+00   6.96629994e+00   3.34268992e+00 
  3.16459838e+00   3.32946514e+00   4.24094755e+00 
  5.78181050e+00   1.55667066e+00   6.19993715e+00 
  6.32982560e+00  -1.89866848e+00   7.60745836e+00 
  9.90104332e+00  -2.85031512e+00   6.77441790e+00 
  7.51371935e+00  -6.19453705e+00   3.48047815e+00 
  5.18738324e+00  -3.27623323e+00   3.05482144e+00 
  6.69931575e+00  -1.09662224e-01   1.63009989e+00 
  4.75291385e+00   2.72267222e+00   6.32111485e-02 
  6.26661941e+00   6.11745589e+00  -3.87387727e-01 
  5.40593331e+00   8.99434409e+00  -2.72348462e+00 
  5.82882592e+00   1.25818103e+01  -1.53355181e+00 
  1.93551045e+00   7.09656775e+00  -8.77901874e+00 
  3.79899740e+00   4.42355667e+00  -1.07906063e+01 
 -3.91915351e-01   1.70835701e+00  -9.88098339e+00 
  2.57252764e+00  -7.24869920e-01  -1.02178290e+01 
  2.34341396e+00  -9.45133838e-01  -1.40155329e+01 
 -8.27033919e-01  -3.00280138e+00  -1.34716291e+01 
  3.83156834e-01  -5.04985219e+00  -1.04955742e+01 
 -1.66947851e+00  -8.28672230e+00  -2.57651738e+00 
  1.52706369e+00  -9.15480125e+00  -4.46813764e+00 
  3.97613199e+00  -6.53537914e+00  -5.78646373e+00 
  7.51013649e+00  -7.53134262e+00  -4.80075297e+00 
  6.60179091e+00   5.17827316e-01  -3.93949913e+00 
  7.29655244e+00  -2.82275342e+00  -2.22656771e+00 
  4.55425637e+00  -5.43090067e+00  -1.71540836e+00 
  3.79451586e+00  -8.34885774e+00   4.92635335e-01 
  2.99316785e+00  -7.44050376e+00   4.11205036e+00 
 -9.27101195e-03  -8.17138513e+00   9.34116860e+00 
 -3.60892624e+00  -7.25986435e+00   1.02928306e+01 
 -4.20906414e+00  -4.09447333e+00   8.23604668e+00 
 -7.46811460e+00  -3.36132821e+00   6.42059005e+00 
 -1.05032365e+01  -5.69515013e+00   6.67541024e+00 
 -1.13175349e+01  -2.70711373e+00  -9.86683388e+00 
 -1.31570959e+01   5.72821553e-01  -5.72451435e+00 
 -1.38525714e+01  -2.79422374e+00  -4.11530558e+00 
 -1.47025977e+01  -2.20177976e+00  -4.46166161e-01 
 -1.11841860e+01  -5.99666589e-01   3.25732190e+00 
 -9.34008460e+00  -1.96654130e+00   2.16267420e-01 
 -9.07295775e+00  -5.51190299e+00   1.46972663e+00 
 -6.11516557e+00  -6.58209970e+00   3.60912547e+00 
 -5.98022613e+00  -9.23987253e+00   6.30659840e+00 
 -3.00925399e+00  -1.14513073e+01   7.10461309e+00 
 -7.80800081e+00  -1.47531098e+01   8.58657658e+00 
 -7.91124879e+00  -1.18063576e+01   2.95171183e+00 
 -6.49850108e+00  -1.01743040e+01  -1.73272008e-01 
 -7.77159510e+00  -7.59079527e+00  -2.66003522e+00 
 -5.88681290e+00  -4.31061396e+00  -3.01320429e+00 
 -6.39078530e+00  -5.07861145e-01  -3.78996445e+00 
 -4.69072456e+00   2.83003253e+00  -4.87511181e+00 
 -4.46439040e+00   2.51927447e+00  -8.60643112e+00 

   5.830953787643e+00 

 -1.14812552e-01   3.88588777e+00   2.37564647e-01 
 -5.24601619e-01   3.82737377e+00   1.58767905e+00 
  2.15649199e+00   5.41088702e-01  -2.46624801e+00 
 -1.12531569e+00   4.81422959e+00   3.55822156e+00 
 -7.72154885e-01   4.94065026e+00   2.27794969e+00 
 -2.73768558e-01  -3.87315871e+00   9.71402517e-01 
 -1.23480254e+00   2.46083599e+00   3.51254268e+00 
 -1.32839390e+00   3.63315240e+00   4.14434576e+00 
 -3.61643524e+00  -9.75104422e-02   6.11137944e+00 
 -7.29680431e-01   2.57516499e+00   2.21311203e+00 
 -1.63319481e+00  -1.83675782e+00  -1.00635736e+00 
 -5.86679160e-01   1.23415103e+00   1.92072843e+00 
 -2.19361526e+00  -4.20505292e+00   1.37690599e+00 
 -1.26708045e-01   7.75384390e-01   6.56268777e-01 
 -1.52989160e+00   1.16299095e+00   3.81399664e+00 
 -6.51226609e-01   1.28267218e+00  -4.81390800e-01 
  1.61688045e-01   1.18193371e+00  -1.57113368e+00 
  1.36001712e+00   5.69547059e-01  -1.35847958e+00 
  1.50964608e+00  -4.50846100e-01  -3.12449088e+00 
  6.99479109e-01  -2.02615777e-01  -4.15611596e+00 
  7.33405227e-01  -1.08989050e+00  -5.23835929e+00 
  1.66295726e+00  -2.08412580e+00  -5.12929291e+00 
  1.91993804e+00  -2.53370751e+00  -3.81973725e+00 
  1.34980367e+00  -1.78977541e+00  -2.77998531e+00 
  1.34333930e+00  -5.48886823e-01  -5.10627392e-01 
  9.61069915e-01  -9.25770863e-02   7.58603299e-01 
 -1.21670067e+00   3.52708126e-01   2.74377565e+00 
 -1.73810640e+00  -9.96525717e-01   2.50155625e+00 
 -1.15732300e+00  -1.78971160e+00   1.41441115e+00 
 -1.91044060e+00  -1.72709053e+00   1.27540593e-01 
 -1.12390161e+00  -3.28160823e+00   1.66443238e+00 
 -2.86174712e+00  -4.88457460e+00   2.36526113e+00 
 -3.32701996e+00  -4.09229635e+00   3.60512635e+00 
 -2.38469425e+00  -6.13246029e+00   2.95239572e+00 
 -1.46825086e+00   5.92901981e-01   5.16696296e+00 
 -2.64441614e+00   8.76690380e-01   5.99923312e+00 
 -4.23211786e+00  -1.03877447e-01   7.37450620e+00 
  1.04585139e+01   5.91859754e+00   7.76407244e+00 
  5.91872256e+00   5.46546663e+00   1.19692927e+01 
  4.77746282e+00   2.00395699e+00   1.08210632e+01 
  1.18083421e+00   1.61027430e+00   9.74197418e+00 
  9.80708569e-01  -2.04223262e+00   8.68425708e+00 
  2.94555212e+00  -5.17067783e+00   9.38012061e+00 
  2.23422711e+00  -8.24534710e+00   7.31454226e+00 
  4.39589878e+00  -1.13297803e+01   6.89818681e+00 
  5.91199456e+00  -1.04688653e+01   3.52274578e+00 
  6.80697669e+00  -6.97754586e+00   4.71711898e+00 
  5.65151982e+00  -3.72608380e+00   6.31035546e+00 
  4.19710799e+00  -3.40331791e-01   5.63411193e+00 
  5.46682044e+00   2.91934829e+00   6.89606790e+00 
  4.40470678e+00   6.53639974e+00   6.79730747e+00 
  7.49873471e+00   8.54749772e+00   5.93964232e+00 
  4.95316981e+00   9.22675743e+00   1.37982282e+00 
  3.98151708e+00   5.65254779e+00   2.00470027e+00 
  6.80857855e+00   3.13595544e+00   2.13638845e+00 
  6.42482098e+00  -5.98441129e-01   1.72065376e+00 
  9.09950758e+00  -2.97176234e+00   2.83071390e+00 
  9.89832930e+00  -6.55245079e+00   1.82312780e+00 
  1.12598209e+01  -8.98190694e+00   4.41327475e+00 
  7.54833396e+00  -8.49091067e+00  -4.73695147e+00 
  8.77462502e+00  -6.15350137e+00  -7.51127412e+00 
  3.80834294e+00  -5.31622147e+00  -8.14251107e+00 
  5.71164725e+00  -2.14392225e+00  -9.20831608e+00 
  6.34082083e+00  -3.35842168e+00  -1.27653802e+01 
  2.61726792e+00  -2.77147305e+00  -1.33753662e+01 
  2.27315940e+00   4.77925544e-01  -1.14170965e+01 
 -2.63073354e+00   5.05608805e+00  -5.72550044e+00 
  4.08751633e-01   6.47654497e+00  -7.54030528e+00 
  3.86458788e+00   4.84923743e+00  -7.46095724e+00 
  6.47158822e+00   7.50627374e+00  -6.68866152e+00 
  8.28225474e+00   6.55883597e-01  -2.66999659e+00 
  7.31983951e+00   4.34284420e+00  -2.43237158e+00 
  3.79710810e+00   5.56070502e+00  -3.26372395e+00 
  1.54933247e+00   8.45258063e+00  -2.52088099e+00 
  2.74014575e-01   8.59552179e+00   1.07364712e+00 
 -3.95731824e+00   9.74590800e+00   5.27663755e+00 
 -7.11976457e+00   7.79729827e+00   6.22318016e+00 
 -6.05073097e+00   4.17923126e+00   5.60899587e+00 
 -8.30210994e+00   1.57356496e+00   3.99763443e+00 
 -1.19311615e+01   2.35009124e+00   3.02262235e+00 
 -7.63191787e+00  -6.18078338e+00  -1.08329920e+01 
 -9.13531909e+00  -8.28690090e+00  -5.87265668e+00 
 -1.13392407e+01  -5.19615876e+00  -5.85298923e+00 
 -1.27819769e+01  -4.79104530e+00  -2.34720740e+00 
 -9.92676117e+00  -3.39131329e+00   1.95978068e+00 
 -8.00949065e+00  -2.51317004e+00  -1.21353423e+00 
 -9.32026535e+00   1.00889306e+00  -1.51201414e+00 
 -7.53818133e+00   3.88276602e+00   2.30370849e-01 
 -9.00296900e+00   7.09904457e+00   1.59722219e+00 
 -7.28866692e+00   1.04772108e+01   1.65347881e+00 
 -1.31492320e+01   1.17491630e+01   1.25121668e+00 
 -1.08468801e+01   7.29501703e+00  -2.66100701e+00 
 -8.24158795e+00   5.44292895e+00  -4.71215264e+00 
 -7.88287774e+00   1.88421233e+00  -6.01066575e+00 
 -4.93650910e+00  -2.03745115e-01  -4.82913590e+00 
 -3.86383338e+00  -3.87780397e+00  -4.01127703e+00 
 -8.87960190e-01  -6.34298111e+00  -3.48556128e+00 
  1.05171257e-01  -7.26766395e+00  -6.98260003e+00 

   5.830953762379e+00 

  1.96660442e+00   5.40881888e-01   3.17662330e-01 
  1.96294045e+00  -7.19248016e-01  -3.19705296e-01 
 -1.50202758e+00   2.69369371e+00   2.96193970e+00 
  3.02906221e+00  -2.52081814e+00  -1.23377417e+00 
  3.10380975e+00  -1.31733746e+00  -6.62951950e-01 
 -5.75748079e+00  -4.23009609e-01  -1.01837036e-01 
  6.76984719e-01  -2.53845293e+00  -1.37502139e+00 
  1.87294978e+00  -3.10354744e+00  -1.55557212e+00 
 -1.75552467e+00  -4.77346952e+00  -4.21376896e+00 
  7.37213164e-01  -1.34280004e+00  -6.51487728e-01 
 -3.78072957e+00   1.82968492e+00  -1.06395592e+00 
 -6.15267602e-01  -1.12616870e+00  -4.83853474e-01 
 -6.05240823e+00  -5.01274003e-01  -2.06845613e+00 
 -1.12590370e+00   2.30144477e-02   1.79113949e-01 
 -6.05312510e-01  -2.82910559e+00  -1.74046008e+00 
 -6.55301747e-01   1.25112150e+00  -1.32391195e-01 
 -8.05662168e-01   2.17971461e+00   8.54330775e-01 
 -1.42338164e+00   1.74198650e+00   1.98705718e+00 
 -2.51031112e+00   3.41911973e+00   2.42086315e+00 
 -2.29140240e+00   4.58325583e+00   1.80515925e+00 
 -3.21859902e+00   5.61193917e+00   2.00956258e+00 
 -4.21858028e+00   5.30941646e+00   2.88874883e+00 
 -4.62204040e+00   3.96036895e+00   2.90829580e+00 
 -3.83362393e+00   3.06129164e+00   2.18052095e+00 
 -2.50929013e+00   8.71592023e-01   1.80470853e+00 
 -2.00180800e+00  -2.95855533e-01   1.21747833e+00 
 -1.45830836e+00  -1.85790583e+00  -1.26173433e+00 
 -2.80956439e+00  -1.57596880e+00  -1.75731635e+00 
 -3.64916698e+00  -6.33783931e-01  -1.01186889e+00 
 -3.62586898e+00   7.65329229e-01  -1.53061293e+00 
 -5.13101711e+00  -9.37370451e-01  -1.04837443e+00 
 -6.68702952e+00  -1.38230288e+00  -2.90873804e+00 
 -5.84395472e+00  -2.49473033e+00  -3.56685639e+00 
 -7.91752991e+00  -2.08599747e+00  -2.56206470e+00 
 -1.12546236e+00  -4.19126092e+00  -1.92311113e+00 
 -7.97354876e-01  -4.79735563e+00  -3.21987522e+00 
 -1.70795167e+00  -5.91060962e+00  -5.03791963e+00 
  4.15766021e+00  -8.62555719e+00   9.46917264e+00 
  3.91261165e+00  -1.19955302e+01   4.26512155e+00 
  4.23969311e-01  -1.07878876e+01   3.27824871e+00 
  3.12269781e-02  -9.11743200e+00  -8.48575989e-02 
 -3.65554221e+00  -8.16822950e+00  -1.63859534e-01 
 -6.77803367e+00  -9.30137943e+00   1.59628932e+00 
 -9.91908315e+00  -7.25170953e+00   1.19775551e+00 
 -1.30411708e+01  -7.32253718e+00   3.34425300e+00 
 -1.23235419e+01  -4.23235481e+00   5.43450324e+00 
 -8.80061219e+00  -5.44180069e+00   6.17142824e+00 
 -5.47930478e+00  -6.69758884e+00   4.81592818e+00 
 -2.10475972e+00  -5.66311668e+00   3.55966666e+00 
  1.18497164e+00  -7.01190758e+00   4.64992050e+00 
  4.80764601e+00  -6.60569707e+00   3.68451464e+00 
  6.75030908e+00  -6.22681299e+00   6.91495246e+00 
  7.28841241e+00  -1.27474562e+00   5.20597547e+00 
  3.75114965e+00  -1.84565320e+00   4.07842666e+00 
  1.20928594e+00  -2.55132931e+00   6.79575848e+00 
 -2.53337836e+00  -2.20515997e+00   6.42379849e+00 
 -4.89394642e+00  -3.84258863e+00   8.82493823e+00 
 -8.51842699e+00  -3.11302412e+00   9.72242720e+00 
 -1.08652319e+01  -5.98216766e+00   1.05740258e+01 
 -1.06726291e+01   3.68343741e+00   8.50483638e+00 
 -8.45400252e+00   6.28320506e+00   1.02319684e+01 
 -7.58453017e+00   7.79236305e+00   5.46437885e+00 
 -4.47581197e+00   8.62226913e+00   7.57840968e+00 
 -5.82870610e+00   1.19726942e+01   8.78997056e+00 
 -5.22270133e+00   1.32373296e+01   5.23819736e+00 
 -1.89905349e+00   1.14818577e+01   4.61884476e+00 
  2.94280722e+00   6.88611674e+00  -1.11158155e+00 
  4.26027616e+00   8.19608398e+00   2.21977139e+00 
  2.59794336e+00   7.46400432e+00   5.58102106e+00 
  5.25215898e+00   6.34508452e+00   8.06213752e+00 
 -1.46422472e+00   1.83894008e+00   9.03216958e+00 
  2.23967532e+00   1.89922273e+00   8.10815103e+00 
  3.46564020e+00   3.36887768e+00   4.80345390e+00 
  6.40843877e+00   3.12659010e+00   2.51251835e+00 
  6.69932690e+00  -1.86091329e-01   6.39301348e-01 
  8.05306719e+00  -3.55163260e+00  -4.23235314e+00 
  6.17695934e+00  -4.00401824e+00  -7.54439597e+00 
  2.52668241e+00  -3.70969268e+00  -6.44933549e+00 
 -1.11403240e-01  -1.82455184e+00  -8.43466200e+00 
  6.69453999e-01  -2.10358015e-01  -1.18270546e+01 
 -8.41872834e+00   1.23890088e+01  -5.35416104e+00 
 -1.03218443e+01   7.69342484e+00  -7.72701561e+00 
 -7.20774054e+00   8.16226727e+00  -9.84662594e+00 
 -6.65626630e+00   4.97497321e+00  -1.18648308e+01 
 -5.12984809e+00   2.90259610e-01  -9.77073448e+00 
 -4.39206592e+00   3.11272270e+00  -7.31992715e+00 
 -8.68904736e-01   3.75521541e+00  -8.49747777e+00 
  2.04736090e+00   1.83156545e+00  -6.99219874e+00 
  5.32862941e+00   8.50885007e-01  -8.61388632e+00 
  8.68689684e+00   6.16131603e-01  -6.87582434e+00 
  1.00093501e+01   2.06958914e+00  -1.25560239e+01 
  5.38706406e+00   5.36801085e+00  -9.69236840e+00 
  3.43062755e+00   6.87230418e+00  -6.80542300e+00 
 -1.77735826e-01   7.96513367e+00  -6.29087239e+00 
 -2.25361221e+00   6.22029251e+00  -3.62949222e+00 
 -5.90667361e+00   5.10243074e+00  -2.77867541e+00 
 -8.38417579e+00   3.98494095e+00   1.82002453e-02 
 -9.44941917e+00   7.22336616e+00   1.58293022e+00 

   5.830953803059e+00 

 -2.00933415e+00   1.89491952e+00   1.41853350e+00 
 -2.50920971e+00   5.95355506e-01   1.65398086e+00 
  5.13317608e-01   3.61313370e+00  -2.36844880e+00 
 -3.93948156e+00  -8.60962897e-01   2.67932132e+00 
 -3.49373585e+00   3.87367006e-01   2.52837520e+00 
  2.74538989e+00  -1.96907730e+00  -3.40104651e+00 
 -2.31703273e+00  -1.83266546e+00   1.27363631e+00 
 -3.38688266e+00  -1.91031048e+00   2.06841389e+00 
 -8.60038352e-01  -5.93510714e+00   1.40753208e+00 
 -1.93080106e+00  -5.16722509e-01   9.98251406e-01 
  3.20719336e+00   7.06300242e-03  -9.95046893e-01 
 -9.64128009e-01  -7.72369845e-01   4.72133803e-02 
  3.72414813e+00  -3.15869459e+00  -2.14112806e+00 
 -1.98869749e-01   2.61725357e-01  -5.57705740e-01 
 -1.48287711e+00  -2.72769283e+00   6.69123820e-01 
  3.69280501e-01   1.22097032e+00   2.06358209e-01 
  6.21967756e-01   2.38879253e+00  -4.50042273e-01 
  2.89507949e-01   2.40669107e+00  -1.77117906e+00 
  1.86003664e+00   3.51088697e+00  -2.47587519e+00 
  2.68569516e+00   4.16880185e+00  -1.65876793e+00 
  3.84931135e+00   4.71610378e+00  -2.21203987e+00 
  3.96235721e+00   4.56270268e+00  -3.56412865e+00 
  3.39851317e+00   3.38454152e+00  -4.09053538e+00 
  2.62775841e+00   2.61360337e+00  -3.21237231e+00 
  5.60231400e-01   1.23498703e+00  -2.49495642e+00 
 -2.45991993e-01   2.24897374e-01  -1.95180382e+00 
 -5.19789195e-01  -2.05457906e+00  -5.15689611e-02 
  7.65764637e-01  -2.60306109e+00  -4.95947301e-01 
  1.58963271e+00  -1.80907611e+00  -1.41199869e+00 
  2.64907224e+00  -9.94048831e-01  -7.48317283e-01 
  2.41060884e+00  -2.61874763e+00  -2.39169439e+00 
  3.96412315e+00  -4.50947076e+00  -2.08790931e+00 
  2.99688350e+00  -5.38777302e+00  -1.26665700e+00 
  4.21051640e+00  -5.33354427e+00  -3.26676972e+00 
 -1.89145576e+00  -4.06447391e+00   2.15902323e-01 
 -1.93488973e+00  -5.07822348e+00   1.27750419e+00 
 -1.24012958e+00  -7.21764537e+00   1.83786865e+00 
 -1.29447358e+01   4.16145752e-01  -5.70927282e+00 
 -1.26480853e+01  -4.96008901e+00  -2.62592862e+00 
 -9.15878997e+00  -5.85600224e+00  -3.90072830e+00 
 -6.45528411e+00  -6.46198257e+00  -1.33579652e+00 
 -3.37451497e+00  -7.16084043e+00  -3.46185944e+00 
 -2.72131639e+00  -8.29478061e+00  -6.98599716e+00 
  8.02545198e-01  -8.10829684e+00  -8.31784157e+00 
  1.94257619e+00  -8.22586601e+00  -1.19298234e+01 
  2.47190889e+00  -4.49928134e+00  -1.24453109e+01 
 -9.35989291e-01  -3.72130548e+00  -1.09628037e+01 
 -3.35482463e+00  -4.13836897e+00  -8.06094169e+00 
 -4.44954608e+00  -2.72447223e+00  -4.76876645e+00 
 -7.93573791e+00  -1.95832046e+00  -3.72486950e+00 
 -9.70363923e+00  -7.83109861e-01  -6.08099213e-01 
 -1.21340162e+01   1.91182287e+00  -1.69608720e+00 
 -8.74273217e+00   5.03384746e+00   8.50551088e-01 
 -6.24998600e+00   2.68039271e+00  -6.84705143e-01 
 -6.12741161e+00   2.58902413e+00  -4.46881944e+00 
 -3.25472439e+00   1.25414161e+00  -6.52587522e+00 
 -3.69022069e+00   3.51391209e-01  -1.01334241e+01 
 -1.19739990e+00   1.29295540e-02  -1.29875354e+01 
 -1.74234704e+00  -2.63336457e+00  -1.56642705e+01 
  4.91653571e+00   3.79341755e+00  -1.21859815e+01 
  4.29468520e+00   7.51996285e+00  -1.15612371e+01 
  6.64742171e+00   6.53762568e+00  -7.17226213e+00 
  4.18378611e+00   9.43967279e+00  -6.59726908e+00 
  6.62824900e+00   1.21320865e+01  -7.73705543e+00 
  8.49478335e+00   1.14924248e+01  -4.46775300e+00 
  5.45812777e+00   1.10735435e+01  -2.20608557e+00 
  1.82340857e+00   6.39698701e+00   4.29934887e+00 
  3.38508099e-01   9.62429169e+00   2.91037413e+00 
 -4.15097557e-01   1.01770337e+01  -7.94194121e-01 
 -3.92207867e+00   1.16009234e+01  -1.14965628e+00 
 -2.59534042e+00   6.11415687e+00  -7.02258199e+00 
 -4.64675376e+00   7.07560613e+00  -3.94951874e+00 
 -3.17369929e+00   6.95465284e+00  -4.28233401e-01 
 -4.32448940e+00   6.68936769e+00   3.11754415e+00 
 -5.75624478e+00   3.28368841e+00   4.07614669e+00 
 -6.66668120e+00  -1.31547451e+00   7.93768164e+00 
 -4.29136089e+00  -4.08408813e+00   9.11526165e+00 
 -2.13100526e+00  -4.66430509e+00   6.01582252e+00 
  1.62496215e+00  -5.23673207e+00   6.15646961e+00 
  3.52124480e+00  -5.45956239e+00   9.48484407e+00 
  1.45816193e+01   4.15277930e+00   1.20786846e+00 
  1.39821901e+01  -1.39960817e+00   8.72420714e-01 
  1.30796951e+01  -9.65339049e-01   4.53401011e+00 
  1.16114914e+01  -4.25171435e+00   5.79108103e+00 
  6.84015642e+00  -6.19210777e+00   4.33128584e+00 
  7.04007914e+00  -2.47690444e+00   3.51011362e+00 
  5.57284188e+00  -1.26744966e+00   6.76535260e+00 
  1.80967017e+00  -8.68559275e-01   7.15305856e+00 
 -3.01710453e-01  -1.22719695e+00   1.02790443e+01 
 -3.42525639e+00   7.56101557e-01   1.10939042e+01 
 -1.02475011e+00  -5.71154886e-01   1.64419736e+01 
  2.87836143e+00   1.70672753e+00   1.19672887e+01 
  3.89019149e+00   3.62132240e+00   8.84711607e+00 
  6.75601292e+00   3.36969460e+00   6.35653133e+00 
  5.95451509e+00   2.62630600e+00   2.71761782e+00 
  7.35555861e+00   8.33609452e-01  -4.66957504e-01 
  7.14953944e+00   4.91246179e-01  -4.34634729e+00 
  9.18402150e+00   3.38877585e+00  -5.58562270e+00 

   5.830953751251e+00 

 -2.58368987e+00   2.34666320e+00  -2.10273035e+00 
 -1.73780827e+00   2.12849375e+00  -3.21227966e+00 
 -3.81960780e+00  -6.75939492e-01   1.50195209e+00 
 -1.00476328e+00   2.62324114e+00  -5.31839866e+00 
 -1.81170568e+00   2.90426848e+00  -4.29386536e+00 
  1.45454450e+00  -3.65815591e+00   7.95625863e-01 
  1.72355533e-01   9.18997711e-01  -4.19478079e+00 
 -7.44011330e-02   1.66827279e+00  -5.27179450e+00 
  4.23215212e+00  -4.31135871e-01  -5.01124930e+00 
 -7.58204673e-01   1.10886222e+00  -3.16777267e+00 
  8.77221353e-01  -7.28615795e-01   1.79163875e+00 
 -3.49189506e-01   1.00034048e-01  -2.31969735e+00 
  3.30318244e+00  -2.92253499e+00   8.40688843e-01 
 -9.61495587e-01  -1.28467091e-01  -1.05724109e+00 
  1.12871379e+00   1.54974747e-02  -3.83226890e+00 
 -1.18896432e+00   9.05047076e-01  -2.16506726e-01 
 -2.19046565e+00   6.90313592e-01   6.83157939e-01 
 -2.79084423e+00  -5.30922183e-01   6.17105367e-01 
 -3.07087842e+00  -8.52431592e-01   2.61725285e+00 
 -2.90824340e+00   1.17916906e-01   3.51958392e+00 
 -2.91028586e+00  -2.43991060e-01   4.87187129e+00 
 -3.15229723e+00  -1.56731258e+00   5.10574690e+00 
 -2.67442773e+00  -2.45478635e+00   4.12232689e+00 
 -2.18858365e+00  -1.87836166e+00   2.94280812e+00 
 -1.94529737e+00  -1.62589182e+00   3.80206581e-01 
 -1.39267355e+00  -1.44566429e+00  -8.95495994e-01 
  8.69952232e-01  -4.53325398e-01  -2.56210742e+00 
  1.83603342e+00  -1.09932323e+00  -1.66750278e+00 
  1.34768414e+00  -1.70478229e+00  -4.25215905e-01 
  1.45920472e+00  -8.30293527e-01   7.78938160e-01 
  2.11207163e+00  -2.92950299e+00   2.77228091e-02 
  4.51790283e+00  -3.35135363e+00   3.65726086e-01 
  4.96895327e+00  -2.85979649e+00  -1.02579325e+00 
  4.93231940e+00  -4.75049474e+00   3.52702116e-01 
  1.83636093e+00  -8.63413457e-01  -4.77359053e+00 
  2.95116658e+00  -2.21660531e-01  -5.48207940e+00 
  5.18782047e+00  -4.64311220e-01  -6.04090000e+00 
 -9.33037210e+00  -4.51912241e+00  -1.10424417e+01 
 -3.94047101e+00  -3.51661324e+00  -1.39481099e+01 
 -1.81078181e+00  -5.12752533e+00  -1.12145591e+01 
  8.80090107e-01  -3.01736862e+00  -9.61407228e+00 
  2.37437760e+00  -5.34460687e+00  -6.99669942e+00 
  2.51342074e+00  -9.06072657e+00  -6.44604051e+00 
  3.78333421e+00  -1.03482732e+01  -3.13609822e+00 
  3.34086575e+00  -1.38064212e+01  -1.65106053e+00 
  4.94500094e-01  -1.30042805e+01   7.33921554e-01 
 -1.43417753e+00  -1.12424304e+01  -2.02160727e+00 
 -1.45471339e+00  -8.59782628e+00  -4.75128331e+00 
 -2.11857498e+00  -4.98808797e+00  -5.50291777e+00 
 -4.21576130e+00  -3.63883623e+00  -8.26182711e+00 
 -5.09527792e+00  -2.56598289e-01  -9.67877064e+00 
 -8.84180684e+00  -2.62406487e-01  -1.02414663e+01 
 -8.76048920e+00   3.11134454e+00  -6.19864899e+00 
 -6.07301034e+00   7.77491116e-01  -4.99858278e+00 
 -7.11979254e+00  -2.80237780e+00  -4.34152118e+00 
 -5.20693541e+00  -5.28078717e+00  -2.22865880e+00 
 -5.84442089e+00  -8.96180694e+00  -2.47891256e+00 
 -5.17018755e+00  -1.18276176e+01  -6.91009474e-02 
 -4.18834994e+00  -1.52421357e+01  -1.42621040e+00 
 -4.74025175e+00  -9.93980263e+00   6.89984719e+00 
 -7.82934499e+00  -8.03533094e+00   8.12237703e+00 
 -4.45174949e+00  -4.33761339e+00   8.94833947e+00 
 -7.86016520e+00  -2.71254670e+00   8.19745482e+00 
 -9.08309108e+00  -2.91328893e+00   1.18013081e+01 
 -6.58093563e+00  -1.30174945e-01   1.25595856e+01 
 -7.12183677e+00   1.93261528e+00   9.40297418e+00 
 -3.26448175e+00   6.50194857e+00   2.94975026e+00 
 -7.03587446e+00   6.37181794e+00   3.50592487e+00 
 -9.02566575e+00   3.11744580e+00   3.72287513e+00 
 -1.20937880e+01   3.38622854e+00   1.49416596e+00 
 -8.88024068e+00  -4.06929615e+00   8.27565578e-01 
 -9.75116013e+00  -7.94138171e-01  -9.30612772e-01 
 -7.78719114e+00   2.41779849e+00  -2.90141053e-01 
 -7.06684929e+00   5.68062220e+00  -1.96413040e+00 
 -4.80669638e+00   5.43247739e+00  -5.02967307e+00 
 -4.19278531e-01   7.47114604e+00  -8.70212849e+00 
  3.38513845e+00   7.53679125e+00  -8.23719394e+00 
  4.00169016e+00   4.36673664e+00  -6.19244116e+00 
  6.45578282e+00   4.18654863e+00  -3.29420932e+00 
  8.66069946e+00   7.16962046e+00  -2.31274294e+00 
  4.19373479e+00   2.44215290e+00   1.32093238e+01 
  8.18811388e+00   2.07794119e-01   9.99165696e+00 
  8.51814697e+00   3.81586240e+00   8.85886666e+00 
  1.07578679e+01   3.88999720e+00   5.77434811e+00 
  9.35913483e+00   1.98787760e+00   9.69439814e-01 
  6.25474474e+00   2.50955908e+00   3.11598652e+00 
  5.54784026e+00   6.02446519e+00   1.95072414e+00 
  3.39306637e+00   6.63917841e+00  -1.12335773e+00 
  3.55623758e+00   9.50491270e+00  -3.59707375e+00 
  6.09222247e-01   1.10536608e+01  -5.40550658e+00 
  4.58564133e+00   1.55278585e+01  -4.86172207e+00 
  3.40867689e+00   1.20153159e+01   3.07673060e-01 
  1.43868491e+00   9.73096600e+00   2.61544936e+00 
  2.35178540e+00   7.22483967e+00   5.32926662e+00 
  1.38735504e+00   3.58097329e+00   4.85088761e+00 
  2.54527625e+00  -6.93653518e-02   5.65864797e+00 
  1.49704340e+00  -3.81626187e+00   5.92564861e+00 
 -1.33369750e-01  -4.02636155e+00   9.29731354e+00 

   5.830953800054e+00 

