 -2.01703950e+00   3.87685497e-01  -8.25670044e-03 
  2.78951656e+00   1.88988263e+00   2.71376735e+00 
 -1.78577734e+00   2.94433827e-01   1.36638389e+00 
 -3.07277077e-01  -2.24696576e+00  -1.02293669e-02 
 -7.95594121e-01   1.05522738e+00   1.86255236e+00 
 -3.78115117e-01  -4.11650078e-01  -1.25447379e+00 
 -3.94090636e-01   2.12290877e+00   8.46391393e-01 
 -4.99279694e-02  -3.57057015e+00  -4.16302331e+00 
 -1.91958042e+00  -1.32931852e+00  -1.80304028e+00 
  7.45009211e-02   1.84177340e+00  -5.79287954e-01 
  2.53661604e+00   3.47467701e+00   9.68985296e-01 
  1.24805655e+00   1.09233459e+00  -6.24439442e-01 
  3.46764560e-01  -3.89262213e+00  -1.57528392e+00 
  2.03436953e+00   1.16080844e+00   6.09057812e-01 
  2.56944796e+00   2.29904493e+00   1.38603604e+00 
  2.30562994e+00   5.74167879e-01   2.93023494e+00 
  1.85661927e+00   9.46255229e-02   1.57432704e+00 
  1.10584330e+00  -1.04107126e+00   1.18108065e+00 
  9.14644195e-02  -1.47224840e+00   1.83004711e+00 
  2.08407044e-01  -1.72571650e+00   3.25122220e+00 
 -1.06046019e-01  -2.93210021e+00   3.90136048e+00 
 -1.10333007e+00  -3.61246252e+00   3.19853779e+00 
 -1.21199581e+00  -3.46832788e+00   1.81050858e+00 
 -2.21784968e-01  -2.72252030e+00   1.25813754e+00 
  7.90567079e-01  -1.35110817e+00  -1.01553835e-01 
  8.77704265e-01  -1.92121372e-01  -1.17290451e+00 
 -8.57758473e-01   7.04163302e-01  -7.42781440e-01 
 -1.29984925e+00  -2.33715135e+00  -1.03846883e+00 
 -7.93155417e-01  -3.29019541e+00  -2.00201960e+00 
 -8.39755727e-01  -2.68435671e+00  -3.36654806e+00 
 -2.36886509e-01  -1.32151198e+00  -3.50113904e+00 
 -1.09142221e+00  -4.85020361e-01  -2.62612801e+00 
 -2.51168226e+00  -2.85662404e+00  -4.15460933e-01 
  2.56475728e-02  -5.06358263e+00  -9.14230102e-01 
 -4.61089134e-01  -3.48304574e+00  -5.53222690e+00 
 -8.00226349e+00   9.44349560e+00   5.45605766e+00 
 -7.09307052e+00   1.16592195e+01   2.50187636e+00 
 -6.72596503e+00   9.52230877e+00  -6.46554332e-01 
 -7.42740911e+00   6.05709595e+00  -1.99936343e+00 
 -4.08873574e+00   4.50842921e+00  -3.02809391e+00 
 -4.89442730e+00   9.48567324e-01  -3.97299354e+00 
 -6.61124293e+00  -2.32823101e+00  -3.17151078e+00 
 -5.10068516e+00  -5.33335367e+00  -1.37689767e+00 
 -6.10157548e+00  -8.98988484e+00  -1.89317073e+00 
 -8.72826644e+00  -7.89637552e+00   6.19932279e-01 
 -9.36755624e+00  -4.40270949e+00   1.90554623e+00 
 -8.68014952e+00  -9.72569246e-01   5.22577829e-01 
 -5.52521622e+00   9.82884323e-01   1.05075983e+00 
 -5.66891772e+00   4.79420808e+00   1.96779407e+00 
 -3.06473866e+00   7.60392867e+00   2.40462464e+00 
 -3.95978183e+00   9.02038004e+00   5.81321282e+00 
  8.10530671e-01   7.02975537e+00   7.01200412e+00 
 -6.39374437e-01   4.13446249e+00   5.03664013e+00 
 -3.94870667e+00   2.52582188e+00   6.13361549e+00 
 -5.51151369e+00  -7.07906272e-01   4.86688748e+00 
 -7.57182005e+00  -1.19146273e+01   6.72299216e+00 
 -7.16049603e+00  -8.76101542e+00   8.76296377e+00 
  1.33845827e+01  -4.09821364e+00   3.82298309e+00 
  7.07535527e+00  -2.63959452e+00   5.35872557e+00 
  7.09997153e+00  -9.00213984e-01   8.72731370e+00 
  2.45571592e+00   6.00466601e-01   1.30690610e+01 
 -3.92064021e+00  -2.98412796e+00   1.40135216e+01 
 -3.87401185e+00  -1.95190460e+00   9.65220716e+00 
 -1.54330291e+00   1.05389478e+00   9.64159908e+00 
  2.00839045e+00   1.30598692e+00   8.36109818e+00 
  4.70423872e+00   3.65432371e+00   7.10382463e+00 
  3.77166875e+00   5.53692065e+00   3.91945529e+00 
  5.94886564e+00   5.43826965e+00   7.55735137e-01 
  5.02988490e+00   7.94193311e+00  -1.91784802e+00 
  6.45488743e+00   5.84906762e+00  -4.71231377e+00 
  3.99044120e+00   3.02459266e+00  -3.89209949e+00 
  4.56573396e+00  -4.19531031e-01  -5.32987002e+00 
  7.64722193e+00  -1.44849274e+00  -7.41126281e+00 
  5.20998697e+00  -2.18180848e+00  -1.02138931e+01 
  4.10258657e+00   1.46618509e+00  -1.02577079e+01 
  7.73298164e+00   2.62558139e+00  -1.00233042e+01 
  2.67940421e+00  -1.42134807e+01  -2.79944768e+00 
  5.78940286e+00  -1.22129621e+01  -3.72453203e+00 
  5.49565227e+00  -9.93798833e+00  -6.77710467e+00 
  6.36151916e+00  -6.42938527e+00  -8.05789463e+00 
  2.93794651e+00  -5.21811874e+00  -7.01109657e+00 
  3.51549006e+00  -5.92237378e+00  -3.29725974e+00 
  7.06706277e+00  -4.73347596e+00  -2.98687544e+00 
  7.30605537e+00  -9.91612364e-01  -2.24492407e+00 
  9.98260797e+00   1.56012845e+00  -3.20751144e+00 
  1.12595452e+01   3.95336624e+00  -5.17762237e-01 
  1.24022493e+01   7.51896247e+00  -1.10818723e+00 
  1.25758192e+01  -1.69330868e+00  -1.50692753e+00 
  1.05743643e+01  -3.10318937e+00   1.38411245e+00 
  8.27200229e+00  -6.14940292e+00   1.17352046e+00 
  4.57919489e+00  -5.84439518e+00   2.05532258e+00 
  1.32297817e+00  -7.79821822e+00   1.83025645e+00 
  2.24760898e+00  -1.04376787e+01   4.38893992e+00 
 -1.27566617e+00  -1.17237159e+01   4.80197284e+00 
 -6.05188649e-01  -1.51001105e+01   3.17846638e+00 

   3.515300890199e+01 

 -2.19035370e+00  -1.05606223e+00  -3.03762575e+00 
 -4.00585077e+00  -1.65103334e+00   2.35857404e+00 
 -2.62354799e+00  -2.80571382e-02  -2.19657696e+00 
  4.26680813e-01  -7.27378813e-01  -1.33240546e+00 
 -3.38136918e+00  -3.88684901e-01  -1.14724029e+00 
 -7.51898424e-01  -2.44387448e+00  -2.09800291e+00 
 -3.89205323e+00  -1.81626459e+00  -1.33418884e+00 
  3.31816167e+00  -3.59363712e+00  -2.90966780e+00 
  9.65316906e-02  -1.81496529e+00  -3.64842073e+00 
 -3.00651555e+00  -3.04094911e+00  -1.55132378e+00 
 -4.78143107e+00  -3.58065433e+00   1.22066617e+00 
 -2.15373581e+00  -3.28829518e+00  -4.77770494e-01 
  2.63053965e+00  -1.58063540e+00  -1.35002757e+00 
 -2.60424721e+00  -2.68602888e+00   7.78735383e-01 
 -3.87657744e+00  -2.77745356e+00   1.52599954e+00 
 -2.96196588e+00  -7.19598392e-01   2.12438807e+00 
 -2.04513571e+00  -1.39894652e+00   1.14053531e+00 
 -9.56594422e-01  -9.07822326e-01   3.77653031e-01 
 -9.57840655e-01   2.37026322e-01  -1.92746594e-01 
 -1.27926732e+00   1.41910273e+00   5.79937392e-01 
 -4.85246069e-01   2.57456651e+00   6.86501353e-01 
  2.81076088e-01   2.74087672e+00  -4.69577953e-01 
  6.89591791e-01   1.62669532e+00  -1.21181973e+00 
  3.63600428e-01   4.39154279e-01  -6.41437269e-01 
 -2.05190165e-01  -1.65852211e+00  -4.66452807e-01 
 -8.18149823e-01  -3.02801762e+00  -9.63844071e-01 
 -2.03179615e+00  -2.28583030e+00  -2.36968317e+00 
  7.87842272e-01  -1.06590988e+00  -2.67611989e+00 
  2.10382436e+00  -1.66234106e+00  -2.59916088e+00 
  2.09215430e+00  -2.97646898e+00  -3.30914798e+00 
  9.88522325e-01  -3.91522972e+00  -2.93546832e+00 
 -2.32216063e-01  -3.18633122e+00  -3.35271950e+00 
  8.51054941e-01   1.82601022e-01  -3.42695585e+00 
  3.38718263e+00  -4.28193957e-01  -1.24694085e+00 
  3.73067594e+00  -4.53500058e+00  -3.90721444e+00 
 -1.33767263e+01   2.19858429e+00  -6.49619181e+00 
 -1.40893289e+01  -1.46946711e+00  -7.20389800e+00 
 -1.08459223e+01  -3.24998771e+00  -8.16505874e+00 
 -7.25413098e+00  -2.57933156e+00  -9.15453922e+00 
 -4.99840425e+00  -4.23971388e+00  -6.55488109e+00 
 -1.49715974e+00  -3.15946676e+00  -7.44310628e+00 
  9.30558641e-01  -4.03849530e-01  -8.35961868e+00 
  3.14094240e+00   1.59410319e+00  -5.98147408e+00 
  6.53322363e+00   3.14165886e+00  -6.83940121e+00 
  4.19231393e+00   5.85332944e+00  -8.09556171e+00 
  4.24808779e-01   5.71337025e+00  -8.32689140e+00 
 -2.04579637e+00   2.88979270e+00  -8.59985961e+00 
 -3.61523695e+00   1.09822314e+00  -5.70442979e+00 
 -7.45868602e+00   3.13727061e-01  -5.68843399e+00 
 -9.83951181e+00  -1.65911656e+00  -3.38481599e+00 
 -1.26024535e+01   8.60836215e-01  -2.72005935e+00 
 -1.06454618e+01   5.16903923e-01   2.20004861e+00 
 -7.42119037e+00   7.89744142e-01   2.20998114e-01 
 -6.83504687e+00   3.79767995e+00  -2.09233658e+00 
 -3.60117892e+00   4.82376443e+00  -3.82242679e+00 
  5.55694163e+00   1.18510650e+01  -3.98508549e+00 
  1.93560452e+00   1.19842493e+01  -2.91545044e+00 
  2.38217547e+00  -3.00081831e+00   1.26888346e+01 
 -3.85551633e-01   4.19856359e-01   7.69572972e+00 
 -3.30439208e+00   2.36569047e+00   9.13362285e+00 
 -7.01008312e+00   7.25847260e+00   6.89745223e+00 
 -4.97415041e+00   1.23258717e+01   1.94006523e+00 
 -4.16515811e+00   8.41283704e+00  -9.03075729e-02 
 -6.58149590e+00   6.12489547e+00   1.75191436e+00 
 -5.83144290e+00   3.42471707e+00   4.29439657e+00 
 -7.10576638e+00   2.56010312e-01   5.93708266e+00 
 -7.66697059e+00  -2.63856896e+00   3.51623016e+00 
 -6.02861424e+00  -6.07904389e+00   4.00404591e+00 
 -7.35537417e+00  -8.83079803e+00   1.78403229e+00 
 -4.15370298e+00  -1.08184635e+01   1.91910441e+00 
 -2.24246466e+00  -7.90284977e+00   3.15898267e-01 
  1.53233724e+00  -7.87584101e+00   4.17263935e-01 
  3.70241369e+00  -1.04733341e+01   2.26937739e+00 
  5.16456156e+00  -1.13135315e+01  -1.12013504e+00 
  1.72557740e+00  -1.23655823e+01  -2.38610879e+00 
  1.05838961e+00  -1.42724998e+01   8.53866390e-01 
  1.27923072e+01   6.80402989e-01   9.05209087e-01 
  1.17557069e+01  -2.26451389e+00   3.09218688e+00 
  1.08700452e+01  -5.50063500e+00   1.26924465e+00 
  8.31099959e+00  -8.35480560e+00   1.19549297e+00 
  6.34306470e+00  -6.50273336e+00  -1.44663934e+00 
  5.57696051e+00  -3.51724196e+00   8.16553360e-01 
  4.84230636e+00  -5.34096600e+00   4.01933325e+00 
  1.18216133e+00  -6.40591139e+00   4.29930125e+00 
 -3.96832411e-01  -9.41606470e+00   6.04505187e+00 
 -3.47323317e+00  -8.83669824e+00   8.23434385e+00 
 -6.32287828e+00  -1.12889651e+01   8.71783197e+00 
  2.21908159e+00  -7.87123939e+00   9.35746668e+00 
  2.08162598e+00  -4.10135146e+00   9.00997779e+00 
  4.62660420e+00  -1.98503750e+00   7.09453065e+00 
  3.51141875e+00   2.30569418e-01   4.20404997e+00 
  4.94512899e+00   2.30731368e+00   1.35753723e+00 
  6.44169754e+00   5.02145245e+00   3.53980404e+00 
  6.97968751e+00   7.44757320e+00   7.00356862e-01 
  1.07796540e+01   7.25668188e+00   7.96110746e-01 

   3.515300890199e+01 

 -2.64348045e+00  -9.08602093e-01  -7.14979495e-01 
 -4.72484603e-01  -2.18640362e+00   4.42535052e+00 
 -3.12517265e+00  -4.59328876e-01   5.17067987e-01 
 -5.43742365e-01   1.37131663e+00  -2.07289387e-01 
 -2.76430729e+00  -1.16964366e+00   1.59904853e+00 
 -4.56028863e-01  -7.16528005e-01  -9.52109467e-01 
 -2.20180281e+00  -2.52485766e+00   1.17394215e+00 
  2.11981259e+00   1.41472566e+00  -3.66668895e+00 
 -1.20153053e+00   1.99546502e-01  -2.40956979e+00 
 -1.02095282e+00  -2.72395270e+00   2.26772035e-01 
 -2.14649268e-01  -4.15489807e+00   3.12984025e+00 
  1.63055294e-01  -2.17739545e+00   7.17006638e-01 
  1.21995731e+00   2.40466605e+00  -1.39341904e+00 
  1.65826704e-01  -1.99399400e+00   2.16988257e+00 
 -8.87114899e-02  -2.92388146e+00   3.29064393e+00 
 -6.32195573e-01  -8.12191755e-01   4.11207116e+00 
 -1.87615263e-01  -6.83745900e-01   2.67822749e+00 
 -3.05148922e-01   3.80835490e-01   1.75034453e+00 
 -1.35276549e+00   1.10669899e+00   1.64237501e+00 
 -1.90959903e+00   1.73624531e+00   2.82189530e+00 
 -2.17868371e+00   3.10785788e+00   2.97419291e+00 
 -2.46194606e+00   3.68395157e+00   1.73350495e+00 
 -1.88625613e+00   3.16660756e+00   5.67252670e-01 
 -9.90412273e-01   2.17247410e+00   7.93134691e-01 
  1.67386904e-01   3.51717378e-01   4.78914146e-01 
  4.75677767e-01  -1.06506423e+00  -1.50627104e-01 
 -1.40331802e+00  -1.56866245e+00  -6.15306192e-01 
 -8.14055841e-01   1.29368737e+00  -1.61139539e+00 
  3.41323770e-01   1.85924973e+00  -2.27373886e+00 
  8.34244004e-01   9.01946966e-01  -3.30899298e+00 
  1.03773197e+00  -5.09221696e-01  -2.85500243e+00 
 -3.27610286e-01  -9.44036830e-01  -2.47768277e+00 
 -1.98732547e+00   2.12170304e+00  -1.86508495e+00 
  9.30527834e-01   3.74659878e+00  -1.23000580e+00 
  2.45257840e+00   9.95815859e-01  -4.99530251e+00 
 -1.27135152e+01  -7.17971683e+00   1.92260528e+00 
 -1.10556900e+01  -1.02423199e+01   3.94426739e-01 
 -8.59607374e+00  -9.15511910e+00  -2.32256653e+00 
 -7.57252926e+00  -6.15689483e+00  -4.39447965e+00 
 -3.90213644e+00  -5.41208814e+00  -3.63495713e+00 
 -3.14577233e+00  -2.19446032e+00  -5.44862066e+00 
 -4.09646481e+00   1.36909810e+00  -6.29978050e+00 
 -2.97233893e+00   4.53749920e+00  -4.50234938e+00 
 -2.56777818e+00   7.99415744e+00  -6.09180964e+00 
 -6.28530894e+00   8.01112172e+00  -5.32328373e+00 
 -8.38297760e+00   5.14099553e+00  -4.04682030e+00 
 -8.02333839e+00   1.40025850e+00  -4.21575151e+00 
 -6.21679020e+00  -7.17072140e-01  -1.70384514e+00 
 -7.80477366e+00  -4.05811276e+00  -3.98645228e-01 
 -6.62948939e+00  -6.94131057e+00   1.87577261e+00 
 -9.46416170e+00  -7.20159034e+00   4.39028996e+00 
 -5.62994913e+00  -5.58982693e+00   7.68522563e+00 
 -5.05593492e+00  -3.21267235e+00   4.78580286e+00 
 -7.90375224e+00  -9.42760600e-01   3.56916957e+00 
 -7.69199461e+00   1.97197750e+00   1.12715730e+00 
 -7.36645621e+00   1.34126004e+01  -3.85044778e-01 
 -8.89394619e+00   1.09433950e+01   2.03275143e+00 
  9.24351845e+00   2.44018621e+00   1.02164673e+01 
  2.90151259e+00   2.31105437e+00   8.20283583e+00 
  7.56866997e-01   1.61314511e+00   1.12502699e+01 
 -5.65043297e+00   2.02531323e+00   1.24538258e+01 
 -1.04174677e+01   6.52738972e+00   9.07655943e+00 
 -8.44288069e+00   4.30110364e+00   5.72493612e+00 
 -7.31723861e+00   1.14000153e+00   7.51588835e+00 
 -3.81959664e+00   7.50157504e-02   8.49060096e+00 
 -1.58939450e+00  -2.86337879e+00   9.35954074e+00 
 -1.23905702e+00  -5.43564120e+00   6.56404510e+00 
  2.17646595e+00  -6.52415205e+00   5.18260001e+00 
  2.11541951e+00  -9.54294027e+00   2.91454044e+00 
  5.25261664e+00  -8.53443476e+00   1.08132798e+00 
  3.55934270e+00  -5.29806129e+00  -9.45188022e-02 
  5.66845796e+00  -2.50993010e+00  -1.52213609e+00 
  9.52368666e+00  -2.52459360e+00  -1.67550803e+00 
  9.13568545e+00  -2.30795614e+00  -5.43517900e+00 
  7.28626259e+00  -5.64174197e+00  -5.47542331e+00 
  9.84194404e+00  -7.14818906e+00  -3.07167151e+00 
  6.47796542e+00   1.15573751e+01  -2.82211569e+00 
  8.97169890e+00   8.98998123e+00  -1.51073110e+00 
  9.67618868e+00   5.99944932e+00  -3.77797783e+00 
  1.01098833e+01   2.19003419e+00  -3.75134834e+00 
  6.44966688e+00   1.78189292e+00  -4.59989933e+00 
  5.22884204e+00   3.43148377e+00  -1.37336055e+00 
  7.67355398e+00   1.92885367e+00   1.05335976e+00 
  6.50672724e+00  -1.44570489e+00   2.41718610e+00 
  8.51818619e+00  -4.49104049e+00   3.54937574e+00 
  7.57286477e+00  -6.16574905e+00   6.85007644e+00 
  7.86917038e+00  -9.86903851e+00   7.60220745e+00 
  1.06442281e+01  -1.25418217e+00   5.83066427e+00 
  7.90909043e+00   1.16693840e+00   6.83510180e+00 
  6.92940258e+00   4.29986964e+00   4.87306453e+00 
  3.37083568e+00   4.74067145e+00   3.58864772e+00 
  1.32720683e+00   6.95577640e+00   1.26745886e+00 
  1.48690888e+00   1.00701638e+01   3.42236995e+00 
 -1.27529602e+00   1.18670228e+01   1.58403454e+00 
  9.88149341e-01   1.45256529e+01   6.94868477e-02 

   3.515300890199e+01 

  9.23382357e-01  -1.56645123e+00   7.95587768e-02 
  2.54061068e+00   2.63314405e+00  -3.45837343e+00 
  5.73331321e-01  -1.44406907e+00  -1.26740138e+00 
 -1.34584116e+00   5.82629812e-01   3.90611756e-01 
  1.35535696e+00  -6.54397677e-01  -2.02258864e+00 
  6.80096553e-01   2.92695084e-01   1.24680104e+00 
  2.66672816e+00  -3.63589627e-01  -1.29494315e+00 
 -1.68476377e+00   1.43821754e+00   4.65874434e+00 
 -3.28615287e-01  -1.00427833e+00   2.15207239e+00 
  2.77722563e+00   2.71526899e-01   8.91067263e-02 
  4.40446073e+00   2.25392742e+00  -2.04343383e+00 
  2.24957962e+00   1.56006083e+00   1.36011045e-01 
 -2.49100006e+00   1.65707234e+00   2.15683243e+00 
  2.17324337e+00   2.20959663e+00  -1.17424399e+00 
  3.18673343e+00   2.46079448e+00  -2.22082124e+00 
  1.14979650e+00   2.37659348e+00  -3.34916036e+00 
  9.09534704e-01   2.14222110e+00  -1.88035079e+00 
 -2.18275209e-01   1.64546769e+00  -1.18078283e+00 
 -9.33560370e-01   6.72049097e-01  -1.60132901e+00 
 -1.46604995e+00   7.07140833e-01  -2.94776271e+00 
 -2.81839681e+00   5.58771649e-01  -3.30282146e+00 
 -3.47944224e+00  -2.34134493e-01  -2.36168019e+00 
 -3.05816145e+00  -2.44373577e-01  -1.02690464e+00 
 -2.06432798e+00   6.40289769e-01  -7.59461133e-01 
 -2.89940588e-01   1.50519434e+00   1.66755907e-01 
  1.07181874e+00   1.47643841e+00   9.68890669e-01 
  1.56941709e+00  -4.22909882e-01   5.88056159e-01 
 -1.36719892e+00  -2.83147930e-01   1.53104242e+00 
 -1.99790695e+00   4.69454027e-01   2.59370858e+00 
 -1.12699669e+00   4.34933209e-01   3.80675173e+00 
  3.10306002e-01   7.92377835e-01   3.59389947e+00 
  7.93021895e-01  -2.72274658e-01   2.68335335e+00 
 -2.19306575e+00  -1.43186194e+00   1.17758795e+00 
 -3.81261569e+00   1.49484385e+00   1.78498463e+00 
 -1.36973622e+00   1.14012966e+00   6.02378418e+00 
  7.52848908e+00  -9.53975987e+00  -6.28347894e+00 
  1.04443059e+01  -8.78743532e+00  -3.96070648e+00 
  9.12220400e+00  -7.76644875e+00  -5.22188907e-01 
  5.96434677e+00  -7.71153987e+00   1.56461219e+00 
  5.21971590e+00  -4.07144973e+00   2.45829195e+00 
  1.86621658e+00  -4.13755387e+00   4.17999560e+00 
 -1.73481240e+00  -5.30091657e+00   4.26009143e+00 
 -4.78006797e+00  -3.43848734e+00   2.92182426e+00 
 -8.34994969e+00  -3.71617435e+00   4.26992438e+00 
 -8.25209542e+00  -6.70747294e+00   1.93464878e+00 
 -5.26346419e+00  -8.07517712e+00   7.32875390e-02 
 -1.55131305e+00  -7.89678754e+00   6.55612848e-01 
  7.15964969e-01  -5.20382781e+00  -6.34269810e-01 
  4.16828655e+00  -6.11066241e+00  -2.26120478e+00 
  7.19176402e+00  -4.10288115e+00  -3.56293351e+00 
  7.68031136e+00  -5.53445981e+00  -7.04687009e+00 
  6.25460771e+00  -6.08259836e-01  -8.40903432e+00 
  3.66241876e+00  -1.33435790e+00  -5.73689161e+00 
  1.35437281e+00  -4.38396589e+00  -6.07685395e+00 
 -1.73463647e+00  -5.22218261e+00  -4.01302794e+00 
 -1.32590701e+01  -5.38894550e+00  -3.34954899e+00 
 -1.05954496e+01  -5.73253923e+00  -6.00718121e+00 
 -1.80066538e+00   1.39928807e+01  -4.66369000e+00 
 -1.72002308e+00   7.41394829e+00  -5.66547366e+00 
 -7.66819211e-01   6.82886292e+00  -9.28797474e+00 
 -9.88893294e-01   1.62670828e+00  -1.32326157e+01 
 -5.65118660e+00  -4.05910157e+00  -1.26548365e+01 
 -3.70808351e+00  -3.81523928e+00  -8.62326067e+00 
 -4.42175338e-01  -2.07127645e+00  -9.49480185e+00 
  6.36386027e-01   1.47586805e+00  -8.73834298e+00 
  3.59522186e+00   3.80550687e+00  -8.31279172e+00 
  5.94963724e+00   2.83351167e+00  -5.47271784e+00 
  6.88008511e+00   5.26277588e+00  -2.64570781e+00 
  9.72492477e+00   4.14746736e+00  -4.26726636e-01 
  8.53549388e+00   6.16586627e+00   2.52811297e+00 
  5.24856953e+00   4.18702382e+00   2.59304625e+00 
  2.33043284e+00   5.49650751e+00   4.60049850e+00 
  2.27325304e+00   8.88379940e+00   6.44698446e+00 
  1.78748783e+00   6.87439515e+00   9.61856597e+00 
  5.13797127e+00   5.13729401e+00   9.07740713e+00 
  6.77638692e+00   8.46508774e+00   8.17170502e+00 
 -1.18053107e+01   5.90609023e+00   5.09781377e+00 
 -9.18810835e+00   8.67480706e+00   5.21784137e+00 
 -6.38340913e+00   8.24654463e+00   7.77327641e+00 
 -2.58958905e+00   8.57668102e+00   8.21867850e+00 
 -2.18736617e+00   4.91249098e+00   7.38457385e+00 
 -3.57641495e+00   5.27816746e+00   3.84071438e+00 
 -1.93837755e+00   8.51674341e+00   2.86503798e+00 
  1.54505407e+00   8.01275288e+00   1.37478627e+00 
  4.63327869e+00   1.02609789e+01   1.47596743e+00 
  6.56027342e+00   1.08450242e+01  -1.77033647e+00 
  1.03036519e+01   1.13753938e+01  -2.04176988e+00 
  1.53952162e+00   1.32370702e+01   1.44377663e-01 
 -7.58125477e-01   1.12752468e+01  -2.14117791e+00 
 -4.01078634e+00   9.58578957e+00  -1.05004626e+00 
 -4.48868797e+00   5.83529619e+00  -1.51139284e+00 
 -6.83574896e+00   3.01613642e+00  -5.04084849e-01 
 -9.78576903e+00   4.17151039e+00  -2.58520180e+00 
 -1.16690521e+01   9.14466730e-01  -2.29733552e+00 
 -1.44668544e+01   2.32137387e+00  -1.34404974e-01 

   3.515300890199e+01 

 -1.71190396e+00  -1.44812009e+00  -1.49220022e+00 
 -8.54312545e-01   3.89786740e+00   3.66279548e-01 
 -1.19273248e+00  -3.89320182e-01  -2.24134542e+00 
  1.22853608e+00  -1.50710261e+00  -3.89924356e-01 
 -1.44469779e+00   8.49606626e-01  -1.78634361e+00 
 -7.94814845e-01  -1.67486260e+00   5.04197261e-01 
 -2.55933282e+00   8.09123435e-01  -7.42465467e-01 
  1.42508361e+00  -4.79146604e+00   2.48029874e+00 
 -5.86976913e-01  -3.33925001e+00  -3.35906177e-01 
 -2.53026462e+00  -2.38607758e-02   5.36780048e-01 
 -2.83802194e+00   3.17165016e+00   1.44205922e+00 
 -1.48936372e+00   3.33790349e-01   1.39091178e+00 
  2.52388315e+00  -2.88041973e+00   1.03184467e+00 
 -9.80180801e-01   1.68706685e+00   1.15881760e+00 
 -1.64577169e+00   3.00633517e+00   1.11292344e+00 
  2.50413881e-01   3.23079421e+00  -2.22535079e-01 
  1.90103932e-01   1.82466671e+00   3.15262158e-01 
  8.86391988e-01   6.47131162e-01  -5.44775415e-02 
  1.13113210e+00   3.27151618e-01  -1.26845904e+00 
  1.77270313e+00   1.28611824e+00  -2.14391887e+00 
  2.94501610e+00   1.06618597e+00  -2.88838799e+00 
  3.06706204e+00  -2.88698474e-01  -3.20591124e+00 
  2.53653077e+00  -1.26389541e+00  -2.35342334e+00 
  2.02260689e+00  -7.63334503e-01  -1.20138981e+00 
  7.32812748e-01  -5.60268543e-01   5.44915953e-01 
 -5.78511868e-01  -7.87862226e-01   1.39771395e+00 
 -1.82893113e+00  -1.14881518e+00  -1.20945864e-01 
  7.28222786e-01  -2.84754332e+00  -4.49208951e-01 
  1.50360552e+00  -3.60731191e+00   5.07344756e-01 
  5.77660276e-01  -4.34254089e+00   1.42015021e+00 
 -5.11096839e-01  -3.52898235e+00   2.04596346e+00 
 -1.31288163e+00  -3.08352603e+00   8.82217948e-01 
  9.84552211e-01  -3.33793244e+00  -1.79841009e+00 
  3.66465968e+00  -3.08231989e+00   2.77442933e-01 
  8.55967429e-01  -5.95495927e+00   3.09170922e+00 
 -1.04182302e+01   2.50223713e+00  -8.99445954e+00 
 -1.29297250e+01   1.87263428e+00  -6.20891726e+00 
 -1.16928113e+01  -9.74766842e-01  -3.97819511e+00 
 -9.10850863e+00  -3.73648685e+00  -3.82295916e+00 
 -6.91603064e+00  -3.11155840e+00  -7.56055253e-01 
 -4.17096649e+00  -5.68823242e+00  -9.55966963e-01 
 -1.51164859e+00  -7.46832953e+00  -2.97748135e+00 
  2.17630449e+00  -6.54010530e+00  -3.24315983e+00 
  5.06080468e+00  -8.97175925e+00  -3.87975795e+00 
  3.89767525e+00  -8.32406143e+00  -7.43483492e+00 
  8.47950227e-01  -6.38901927e+00  -8.54026974e+00 
 -2.42794951e+00  -5.56048931e+00  -6.88708776e+00 
 -3.08009415e+00  -2.53795344e+00  -4.76686058e+00 
 -6.36052773e+00  -4.39242152e-01  -5.23798383e+00 
 -7.98913130e+00   2.54030937e+00  -3.41123195e+00 
 -8.66662193e+00   4.96614788e+00  -6.25415723e+00 
 -5.03506833e+00   7.81279587e+00  -3.63423697e+00 
 -3.36971383e+00   4.40528926e+00  -3.58422037e+00 
 -2.65525596e+00   2.56707466e+00  -6.87865150e+00 
 -5.30452761e-01  -5.49161037e-01  -7.40614541e+00 
  9.53087945e+00  -5.00591893e+00  -1.08972035e+01 
  7.32015075e+00  -2.06165092e+00  -1.17456752e+01 
  8.23228553e+00   8.50116317e+00   7.11805605e+00 
  5.32065929e+00   6.44073636e+00   1.49938190e+00 
  4.62744413e+00   9.51213901e+00  -6.12341362e-01 
  2.93889947e+00   1.04111195e+01  -6.85834595e+00 
  4.45061121e+00   5.85632247e+00  -1.24590417e+01 
  2.37730995e+00   3.25574245e+00  -9.45452381e+00 
  3.66206936e-01   5.84078561e+00  -7.52057367e+00 
  9.17054856e-01   7.14464730e+00  -4.01140426e+00 
 -7.07222185e-01   8.80831757e+00  -1.01858858e+00 
 -3.55481862e+00   6.79611640e+00   5.29412411e-01 
 -3.61154101e+00   5.83151600e+00   4.24766094e+00 
 -6.88706053e+00   4.43551987e+00   5.50586200e+00 
 -5.26444803e+00   2.47750925e+00   8.29029734e+00 
 -3.24797900e+00   4.52389155e-01   5.72970235e+00 
 -3.03573637e-01  -1.60663309e+00   6.89204409e+00 
  1.05725149e+00  -1.65827588e+00   1.05020322e+01 
  2.22586157e-01  -5.35095737e+00   1.05083345e+01 
 -3.46464680e+00  -4.55819341e+00   9.94980885e+00 
 -3.31835436e+00  -1.78252228e+00   1.25676632e+01 
  1.23495539e+01  -6.53722526e+00   2.91436268e+00 
  1.12601399e+01  -4.53794566e+00   5.97148646e+00 
  8.29028269e+00  -5.92222557e+00   7.93202509e+00 
  5.02582274e+00  -4.88524362e+00   9.65493352e+00 
  3.11912537e+00  -5.68425850e+00   6.49109363e+00 
  4.91945176e+00  -3.03473445e+00   4.40280177e+00 
  5.03401130e+00  -2.40572368e-01   6.91338329e+00 
  1.89130573e+00   1.93359335e+00   6.83883426e+00 
  1.52900207e-01   3.87403888e+00   9.63427820e+00 
 -9.21154692e-01   7.47513927e+00   8.94770079e+00 
 -3.96902211e+00   9.18073855e+00   1.04205504e+01 
  4.38323368e+00   5.27501411e+00   1.02200515e+01 
  5.79948946e+00   5.54214595e+00   6.71654497e+00 
  7.79822404e+00   2.80298110e+00   4.94830498e+00 
  6.59004396e+00   1.36292769e+00   1.63560544e+00 
  7.28851866e+00  -1.50702251e+00  -7.61589891e-01 
  1.06594712e+01  -2.42918163e-01  -1.94787576e+00 
  1.08325836e+01  -2.55446258e+00  -4.92524874e+00 
  1.36963341e+01  -4.65960904e+00  -3.56412941e+00 

   3.515300890198e+01 

  1.12044899e+00  -2.66339564e+00   9.53780941e-01 
  1.27145881e+00   2.89623693e+00  -4.01458554e-01 
  1.41365722e+00  -1.61124450e+00   1.82488468e+00 
 -1.81513339e+00  -1.68646563e+00   1.49474540e+00 
  1.80124796e+00  -4.54510299e-01   1.26168649e+00 
 -6.70737753e-01  -2.32815186e+00  -2.94149020e-01 
  2.17937720e+00  -6.83164483e-01  -2.00663420e-01 
 -4.45280131e+00  -4.33363957e+00  -7.63358381e-01 
 -9.73982422e-01  -3.95273779e+00   5.93499023e-01 
  1.25789867e+00  -1.28496199e+00  -1.25891378e+00 
  2.11199742e+00   1.76417200e+00  -2.30716582e+00 
  1.16162021e-01  -5.17970258e-01  -1.48047898e+00 
 -4.00732547e+00  -2.39937570e+00   9.73780691e-01 
  2.61390305e-01   8.80300950e-01  -1.07030997e+00 
  1.25448620e+00   1.92007290e+00  -1.41414317e+00 
  4.47105712e-01   2.51649794e+00   6.88656150e-01 
 -2.27765312e-01   1.24486293e+00   2.44188868e-01 
 -9.96183551e-01   2.90944263e-01   9.56710498e-01 
 -7.05936214e-01  -1.04749019e-01   2.13790439e+00 
 -4.82724615e-01   8.72455155e-01   3.18332721e+00 
 -1.13912212e+00   9.13706202e-01   4.42605117e+00 
 -1.52682411e+00  -3.72525970e-01   4.80909433e+00 
 -1.83392573e+00  -1.33494119e+00   3.84025292e+00 
 -1.81704291e+00  -8.57935871e-01   2.56980374e+00 
 -1.56058132e+00  -8.12549187e-01   4.04958239e-01 
 -9.91388943e-01  -1.30306252e+00  -9.85743837e-01 
  6.43320604e-01  -2.22732814e+00  -2.97542730e-01 
 -1.82098491e+00  -3.11002835e+00   1.33968319e+00 
 -3.16432956e+00  -3.46345891e+00   9.34746516e-01 
 -3.10248691e+00  -4.30950517e+00  -2.94696961e-01 
 -2.26110447e+00  -3.78159773e+00  -1.41375956e+00 
 -8.98224315e-01  -3.76130914e+00  -8.32605664e-01 
 -1.52991230e+00  -3.68172576e+00   2.64925136e+00 
 -4.62745814e+00  -2.35191572e+00   2.20846274e+00 
 -4.67265498e+00  -5.51853575e+00  -1.53738546e+00 
  1.31206226e+01  -2.57418778e+00   2.87138634e+00 
  1.35843850e+01  -3.53807124e+00  -7.78148513e-01 
  1.05610661e+01  -5.54892491e+00  -1.97388272e+00 
  7.49016963e+00  -7.36056917e+00  -7.02129673e-01 
  4.42386410e+00  -5.69191950e+00  -2.25672723e+00 
  1.45711898e+00  -7.32953025e+00  -6.04079256e-01 
 -2.89301983e-01  -8.49127698e+00   2.54672956e+00 
 -2.83749653e+00  -6.54646073e+00   4.61011936e+00 
 -5.65613330e+00  -8.06542825e+00   6.70453191e+00 
 -2.76656871e+00  -8.29130453e+00   9.15613368e+00 
  8.73891546e-01  -7.53023723e+00   8.49657117e+00 
  2.98692479e+00  -7.50225444e+00   5.38444985e+00 
  3.46929560e+00  -4.55254697e+00   3.12106228e+00 
  7.04009923e+00  -3.61886390e+00   1.79238324e+00 
  8.44135532e+00  -1.04266895e+00  -7.10974552e-01 
  1.11731810e+01   6.53625847e-01   1.31031781e+00 
  7.88979640e+00   4.78951234e+00   7.91282869e-01 
  5.40171910e+00   2.07837242e+00   1.71117433e+00 
  5.83078401e+00   1.03982417e-01   4.97620831e+00 
  3.34877245e+00  -2.27391921e+00   6.61607594e+00 
 -4.54276347e+00  -3.94690142e+00   1.48747305e+01 
 -1.37546477e+00  -1.94630739e+00   1.43830170e+01 
 -7.86576153e+00   1.08932237e+01  -1.78076588e+00 
 -3.44190106e+00   7.30295857e+00   1.65898406e+00 
 -8.42947524e-01   9.70456218e+00   3.01956379e+00 
  3.86840782e+00   9.18846287e+00   7.51497195e+00 
  3.88893107e+00   4.57111133e+00   1.32663965e+01 
  3.24530292e+00   1.90784693e+00   9.71935721e+00 
  4.77418047e+00   4.01172165e+00   6.94385883e+00 
  3.04187142e+00   5.89028340e+00   4.15318332e+00 
  3.43865575e+00   7.38580377e+00   6.93558863e-01 
  4.32554956e+00   4.84573815e+00  -2.01116887e+00 
  2.23882318e+00   4.42936293e+00  -5.20980110e+00 
  3.81531415e+00   2.30298433e+00  -7.90314354e+00 
  5.01143938e-01   1.32350628e+00  -9.41200257e+00 
 -5.42410471e-01  -3.36310136e-01  -6.11353185e+00 
 -4.16614404e+00  -1.23815791e+00  -5.55196305e+00 
 -7.04701561e+00  -3.82763437e-01  -7.97175757e+00 
 -7.58558600e+00  -4.11822543e+00  -8.26986527e+00 
 -4.07121095e+00  -4.55138704e+00  -9.68324828e+00 
 -4.55851006e+00  -1.52707961e+00  -1.19625063e+01 
 -1.40711241e+01  -2.64882181e+00   4.45482076e+00 
 -1.40282589e+01  -6.67351091e-01   1.19876734e+00 
 -1.30381994e+01  -2.59450514e+00  -1.94541046e+00 
 -1.09001496e+01  -2.35670835e+00  -5.11915266e+00 
 -8.07464968e+00  -4.11741335e+00  -3.33022265e+00 
 -7.64182417e+00  -1.36374279e+00  -7.12575569e-01 
 -8.04499744e+00   1.65376270e+00  -2.91611750e+00 
 -4.75456419e+00   2.75448186e+00  -4.51943246e+00 
 -4.07834675e+00   4.44996741e+00  -7.87650680e+00 
 -1.69399574e+00   7.43351564e+00  -7.95535249e+00 
  6.10232796e-01   8.33306210e+00  -1.08274942e+01 
 -7.32611311e+00   7.12070063e+00  -6.28881006e+00 
 -6.67229786e+00   7.31548495e+00  -2.56237984e+00 
 -8.32264514e+00   5.08518563e+00   6.94931522e-02 
 -6.19940766e+00   2.90810660e+00   2.36287945e+00 
 -6.53392446e+00   7.82504840e-02   4.88300631e+00 
 -8.26595170e+00   2.11859439e+00   7.56733743e+00 
 -7.70917118e+00  -4.21267919e-01   1.03017570e+01 
 -1.13799077e+01  -1.36349409e+00   1.06528371e+01 

   3.515300890198e+01 

  2.26542832e+00   1.84123569e+00  -1.92672825e+00 
 -8.04520409e-02  -2.29668588e+00   1.25814893e+00 
  1.18966030e+00   1.02917122e+00  -2.29427314e+00 
  5.71314403e-03   3.32486105e+00  -3.27596686e-01 
  1.04855943e+00  -1.23988022e-01  -1.61916788e+00 
  2.09254394e+00   2.70451157e+00   9.88416076e-02 
  2.32793383e+00  -4.40129092e-01  -8.46518098e-01 
  1.90413385e+00   6.70629615e+00   1.67883054e+00 
  2.33454747e+00   4.16666180e+00  -1.05124832e+00 
  2.97781902e+00   4.80169386e-01   1.83955921e-01 
  2.24026599e+00  -2.37924766e+00   1.73485397e+00 
  2.15564661e+00   7.29063160e-01   1.28077607e+00 
 -2.05850851e-01   5.29886928e+00   9.54543431e-01 
  1.11387340e+00  -2.81990028e-01   1.47305780e+00 
  1.16816630e+00  -1.75297290e+00   1.61034611e+00 
 -9.49414287e-01  -1.29621967e+00   7.52103710e-01 
 -1.97953145e-01  -1.78182705e-03   9.24714523e-01 
 -4.48054563e-01   1.30243844e+00   4.30171045e-01 
 -8.68074880e-01   1.53614985e+00  -7.55154910e-01 
 -2.04657824e+00   8.50039999e-01  -1.24305180e+00 
 -3.19284224e+00   1.46208042e+00  -1.78008768e+00 
 -2.85464596e+00   2.67940130e+00  -2.37605853e+00 
 -1.77357261e+00   3.42558110e+00  -1.89262889e+00 
 -1.20484609e+00   2.90529263e+00  -7.75619363e-01 
  3.24102010e-01   2.38727863e+00   6.90111772e-01 
  1.79767407e+00   2.12656649e+00   1.19927787e+00 
  2.62420778e+00   1.70232180e+00  -5.71886001e-01 
  9.55296039e-01   4.29043438e+00  -7.92967310e-01 
  8.32936701e-01   5.43038966e+00   8.96378513e-02 
  2.18359216e+00   5.79781210e+00   6.11059600e-01 
  2.99109667e+00   4.67885208e+00   1.18965850e+00 
  3.20360914e+00   3.77994740e+00   3.10374982e-02 
  5.55164663e-01   4.66319790e+00  -2.14480761e+00 
 -1.33419521e+00   5.87976615e+00   4.06223654e-01 
  3.02736314e+00   7.57168219e+00   1.88105678e+00 
  6.31955513e+00  -6.46226013e+00  -9.82010188e+00 
  9.53165742e+00  -6.63922024e+00  -7.79171936e+00 
  1.01704357e+01  -3.27418992e+00  -6.09398461e+00 
  9.02666112e+00   3.34353374e-01  -6.09732257e+00 
  7.69060704e+00   1.13793093e+00  -2.60839473e+00 
  6.23623696e+00   4.60601445e+00  -2.87634104e+00 
  4.04834819e+00   7.09073579e+00  -4.71115449e+00 
  3.71841250e-01   7.84538530e+00  -4.04258583e+00 
 -1.38088543e+00   1.11886568e+01  -4.66630392e+00 
 -1.58163822e+00   9.64019813e+00  -8.12649594e+00 
  3.67308985e-02   6.43947016e+00  -9.31115576e+00 
  3.03950787e+00   4.48324190e+00  -8.16769912e+00 
  3.00329572e+00   1.78510839e+00  -5.56478859e+00 
  4.93284365e+00  -1.57963138e+00  -6.15058861e+00 
  5.69136403e+00  -4.70533584e+00  -4.02415551e+00 
  4.55990481e+00  -7.53012474e+00  -6.29710025e+00 
  9.65741944e-01  -8.13090526e+00  -2.44007749e+00 
  8.54095276e-01  -4.36401431e+00  -2.87028232e+00 
  5.08303135e-02  -2.84501361e+00  -6.30396281e+00 
 -7.36062852e-01   7.88762190e-01  -7.12884823e+00 
 -8.77585103e+00   8.70443192e+00  -9.57518473e+00 
 -8.22072196e+00   5.00681218e+00  -1.01186731e+01 
 -8.03096423e+00  -1.53324630e+00   1.05074515e+01 
 -6.19462165e+00  -1.70711277e+00   4.11291936e+00 
 -7.36654849e+00  -5.01782102e+00   2.68490152e+00 
 -7.93728556e+00  -7.37031992e+00  -3.38238209e+00 
 -9.00259017e+00  -3.38602896e+00  -9.49710146e+00 
 -5.34203610e+00  -1.58931966e+00  -7.63675147e+00 
 -4.06343239e+00  -4.51762707e+00  -5.57342047e+00 
 -4.10344102e+00  -4.97925916e+00  -1.81801718e+00 
 -2.51455470e+00  -6.78068128e+00   1.11342257e+00 
  1.19851667e+00  -6.03610197e+00   1.57469120e+00 
  2.63971971e+00  -4.71866474e+00   4.88321601e+00 
  6.40787346e+00  -4.74735279e+00   5.13039507e+00 
  6.50948602e+00  -1.93246787e+00   7.63755579e+00 
  4.83568570e+00   4.18506600e-01   5.10867916e+00 
  3.37400690e+00   3.69081192e+00   6.29848874e+00 
  3.18205100e+00   4.80277542e+00   9.98809799e+00 
  5.36663962e+00   7.72289750e+00   8.97170132e+00 
  8.14242210e+00   5.33033543e+00   7.91966003e+00 
  7.63725341e+00   3.26623725e+00   1.10919173e+01 
 -6.88911472e+00   1.30995449e+01   3.77293852e+00 
 -5.88432499e+00   1.12421736e+01   6.94634630e+00 
 -2.19799747e+00   1.14283765e+01   7.92425862e+00 
  7.31888158e-01   9.30081104e+00   9.18508349e+00 
  1.85883300e+00   8.76460950e+00   5.61769148e+00 
 -1.33159274e+00   6.92414632e+00   4.59007551e+00 
 -1.84536084e+00   4.81573391e+00   7.65832006e+00 
  4.15865997e-02   1.49583017e+00   7.49454897e+00 
  1.56832093e+00  -6.27475404e-01   1.02806834e+01 
  9.11156650e-01  -4.39054640e+00   1.02622920e+01 
  3.32018603e+00  -7.05059525e+00   1.14823610e+01 
 -2.53833863e+00   5.50319383e-02   1.19751196e+01 
 -4.84155555e+00  -1.86758236e-02   8.96821816e+00 
 -6.00365741e+00   3.06289356e+00   7.02448822e+00 
 -5.27922752e+00   3.38341621e+00   3.29891474e+00 
 -5.41905058e+00   5.93003684e+00   4.76469095e-01 
 -9.19967547e+00   6.12720356e+00   2.85273179e-01 
 -9.25521548e+00   7.87148793e+00  -3.06022271e+00 
 -1.05737954e+01   1.11753907e+01  -1.70710507e+00 

   3.515300890199e+01 

  1.56803707e+00   1.29520720e+00   1.17097456e+00 
 -3.88741338e+00   2.86992758e+00   1.89713462e+00 
  7.32204395e-01   9.08250889e-01   2.22143320e+00 
 -5.53714702e-02  -9.32975977e-01  -3.33825458e-01 
 -3.44413498e-01   1.67944172e+00   2.44861464e+00 
  6.47105181e-01   1.11243450e+00  -8.28161779e-01 
 -1.96191760e-01   3.01529725e+00   1.72249341e+00 
  1.55625517e+00  -1.13633173e+00  -4.38662211e+00 
  2.23162998e+00   1.11711570e-01  -9.11771632e-01 
  2.58036116e-02   3.17478244e+00   2.20341863e-01 
 -2.80479919e+00   4.76816551e+00   9.78202865e-01 
 -1.02674171e+00   2.66728472e+00  -5.38291396e-01 
  1.14062529e-02  -2.01115837e+00  -2.43582797e+00 
 -2.28543236e+00   2.56253698e+00   2.02801040e-01 
 -3.07045064e+00   3.54892829e+00   9.75047688e-01 
 -3.60769308e+00   1.47929766e+00   1.90098001e+00 
 -2.60936783e+00   1.27815207e+00   7.90599523e-01 
 -1.80733578e+00   1.63962913e-01   4.39256954e-01 
 -1.21810783e+00  -5.77071344e-01   1.29932344e+00 
 -1.97981396e+00  -1.14761100e+00   2.39108741e+00 
 -2.04409597e+00  -2.51162811e+00   2.72612072e+00 
 -8.63805510e-01  -3.15658515e+00   2.34879734e+00 
 -1.28879423e-01  -2.69717552e+00   1.24969109e+00 
 -7.28228403e-01  -1.68342886e+00   5.75184804e-01 
 -9.54638791e-01   1.29181330e-01  -6.15433183e-01 
 -4.98118581e-01   1.51295363e+00  -1.22813138e+00 
  8.84427411e-01   1.97200886e+00   1.42269244e-01 
  1.29232509e+00  -9.33877536e-01  -8.17894176e-01 
  1.24331034e+00  -1.52279285e+00  -2.13859021e+00 
  1.93055035e+00  -6.17847023e-01  -3.10808712e+00 
  1.50957062e+00   8.17708574e-01  -3.07862594e+00 
  1.90365059e+00   1.25861028e+00  -1.71998675e+00 
  2.06548209e+00  -1.78602084e+00   7.79908664e-02 
 -5.05274094e-02  -3.34514362e+00  -2.07819083e+00 
  2.54935495e+00  -7.86384913e-01  -5.35756112e+00 
  4.75709626e+00   7.59876507e+00   1.10595738e+01 
  5.38243532e+00   1.05908702e+01   8.79694039e+00 
  6.40662667e+00   9.38329720e+00   5.31749078e+00 
  7.51022097e+00   6.28805229e+00   3.43830089e+00 
  4.94914223e+00   5.62190487e+00   6.81397152e-01 
  5.95579243e+00   2.31885064e+00  -8.32233924e-01 
  6.98787078e+00  -1.29472065e+00  -3.80399136e-01 
  4.70816879e+00  -4.35021948e+00  -3.72096476e-01 
  5.68922942e+00  -7.88335974e+00  -1.46433244e+00 
  6.92271674e+00  -7.89590272e+00   2.12583559e+00 
  7.04308651e+00  -4.98216455e+00   4.52642678e+00 
  7.19745495e+00  -1.25258278e+00   4.06018448e+00 
  4.22842376e+00   1.01502667e+00   3.74525565e+00 
  4.08861990e+00   4.40559981e+00   5.71306136e+00 
  1.68467082e+00   7.41882552e+00   5.80579177e+00 
  9.82942671e-01   7.78606507e+00   9.52044153e+00 
 -3.88384419e+00   6.39262695e+00   7.93038356e+00 
 -1.80847704e+00   3.86841147e+00   6.00471588e+00 
  5.70846806e-01   1.50792418e+00   7.87812913e+00 
  2.41028807e+00  -1.53200903e+00   6.50728074e+00 
  2.95430337e+00  -1.30337202e+01   5.67345201e+00 
  1.78321577e+00  -1.04530677e+01   8.17239702e+00 
 -1.40506086e+01  -1.34056892e+00  -3.42491985e+00 
 -9.08266293e+00  -1.38342625e+00   1.00340984e+00 
 -1.05712064e+01  -5.43600061e-01   4.38754444e+00 
 -8.36100987e+00  -9.54098311e-01   1.05209322e+01 
 -3.26284992e+00  -5.67903589e+00   1.29873002e+01 
 -1.27586804e+00  -3.61716632e+00   9.53921096e+00 
 -3.22497891e+00  -3.53021389e-01   9.42314507e+00 
 -5.78969065e+00   7.97783172e-01   6.89022950e+00 
 -7.52124809e+00   3.80084183e+00   5.35844364e+00 
 -5.16639533e+00   6.22197040e+00   3.58450143e+00 
 -5.66440508e+00   7.26838432e+00  -7.82909096e-02 
 -3.52993125e+00   1.01597102e+01  -1.23810088e+00 
 -3.60603655e+00   9.08512704e+00  -4.85185737e+00 
 -1.89983728e+00   5.77333817e+00  -3.93270343e+00 
 -1.89199743e+00   2.93343431e+00  -6.42168284e+00 
 -3.72411316e+00   2.97822605e+00  -9.81695483e+00 
 -3.08455847e-01   2.55529777e+00  -1.13939835e+01 
  8.40162323e-01   5.86346497e+00  -9.88639648e+00 
 -2.44917484e+00   7.52274354e+00  -1.08893765e+01 
 -1.91208538e+00  -1.11747384e+01  -7.51410399e+00 
 -4.17703770e+00  -8.51563577e+00  -9.04024671e+00 
 -2.43482838e+00  -5.64485046e+00  -1.08577431e+01 
 -2.48262511e+00  -1.83540979e+00  -1.12893923e+01 
  1.32402882e-01  -1.51012082e+00  -8.58021936e+00 
 -2.10157477e+00  -2.99539653e+00  -5.85525778e+00 
 -5.35428619e+00  -1.33979649e+00  -6.75099328e+00 
 -5.75733606e+00   2.09160300e+00  -5.11630653e+00 
 -7.59801752e+00   5.21345822e+00  -6.32783501e+00 
 -9.86497356e+00   7.05422428e+00  -3.86503232e+00 
 -1.04713352e+01   1.07954543e+01  -3.80694344e+00 
 -1.08073854e+01   2.12568357e+00  -6.93379579e+00 
 -1.04008867e+01  -2.64885033e-01  -4.02318794e+00 
 -8.37776247e+00  -3.50867310e+00  -4.12036826e+00 
 -5.48387807e+00  -4.05354180e+00  -1.70459046e+00 
 -2.56286737e+00  -6.41085623e+00  -1.08669750e+00 
 -4.65535586e+00  -9.40275603e+00  -6.75887300e-02 
 -1.76134591e+00  -1.13235762e+01   1.40655908e+00 
 -1.75082348e+00  -1.40373238e+01  -1.26192686e+00 

   3.515300890199e+01 

  2.53230362e+00  -2.27614197e-01  -1.02102306e+00 
 -1.87444916e+00  -3.82087423e+00  -1.68284222e+00 
  1.92363004e+00  -9.78617589e-01  -1.23976712e-02 
  1.41466977e-02   1.59048023e+00  -5.54014433e-01 
  1.20555402e+00  -2.04392374e+00  -4.06024952e-01 
  1.11153692e+00   8.41948291e-01  -2.33080381e+00 
  1.53078455e+00  -2.38896265e+00  -1.85823188e+00 
  3.94158117e-01   4.98121721e+00  -3.27841320e+00 
  2.27128214e+00   2.15851190e+00  -1.66687073e+00 
  1.39115330e+00  -1.42973009e+00  -3.03787283e+00 
 -5.77567888e-01  -4.05083674e+00  -3.65388573e+00 
  7.90382969e-02  -1.00610613e+00  -3.23743983e+00 
 -7.73446739e-01   3.69166582e+00  -1.29567931e+00 
 -9.20899241e-01  -1.90228272e+00  -2.65307292e+00 
 -1.16755753e+00  -3.35199753e+00  -2.80497111e+00 
 -2.00719637e+00  -2.80553030e+00  -7.01228919e-01 
 -1.42980231e+00  -1.56811186e+00  -1.33799370e+00 
 -1.09428195e+00  -3.02413197e-01  -7.96193478e-01 
 -5.35868851e-01  -1.51838205e-01   3.44656069e-01 
 -1.11712338e+00  -7.81138666e-01   1.51246786e+00 
 -1.47420824e+00  -1.30714820e-01   2.70677159e+00 
 -6.63723086e-01   9.89434461e-01   2.90628974e+00 
 -1.40445225e-01   1.68604567e+00   1.81078930e+00 
 -5.83175447e-01   1.23209524e+00   6.10881308e-01 
 -5.90047173e-01   7.34007551e-01  -1.51191166e+00 
  6.28886797e-02   4.01734342e-01  -2.91259179e+00 
  1.82485447e+00  -2.62388447e-01  -2.23836596e+00 
  1.13317962e+00   2.42247169e+00  -8.79843965e-01 
  5.79259887e-01   3.64985517e+00  -1.40914957e+00 
  1.21774015e+00   3.95197554e+00  -2.72528645e+00 
  1.24131491e+00   2.83142220e+00  -3.71660689e+00 
  2.08207463e+00   1.80837685e+00  -3.05170456e+00 
  1.83944777e+00   2.69290208e+00   3.66985078e-01 
 -1.11403087e+00   4.30859360e+00  -1.06284792e-01 
  1.15828943e+00   5.76486621e+00  -4.20222601e+00 
  9.82053028e+00  -9.57748208e+00   1.65312296e+00 
  1.06549167e+01  -9.82347423e+00  -2.04911133e+00 
  1.03578838e+01  -6.37352915e+00  -3.66880894e+00 
  1.00170286e+01  -2.69951483e+00  -2.82308288e+00 
  6.74841177e+00  -1.44767823e+00  -4.35685080e+00 
  6.35423930e+00   2.08714596e+00  -3.10615623e+00 
  6.40583720e+00   4.55452840e+00  -2.36208603e-01 
  3.44068546e+00   5.67734013e+00   1.88047563e+00 
  3.06730768e+00   9.07850609e+00   3.59255000e+00 
  5.13441716e+00   7.21994434e+00   6.17784715e+00 
  6.68990704e+00   3.79374278e+00   5.84801209e+00 
  7.76319288e+00   1.71404931e+00   2.90285942e+00 
  5.57843949e+00  -7.02678218e-01   1.04741886e+00 
  6.91579981e+00  -4.25881660e+00   7.11310875e-02 
  5.56899704e+00  -7.21309438e+00  -2.00864400e+00 
  5.98794570e+00  -1.01424604e+01   3.72365589e-01 
  6.87171482e-01  -1.00573667e+01   1.48490111e-01 
  1.39289170e+00  -6.35496517e+00   5.74155117e-01 
  3.41101855e+00  -5.11858796e+00   3.59761256e+00 
  3.89731765e+00  -1.53024405e+00   4.77713132e+00 
  9.40356958e-01   6.75397529e+00   1.22543418e+01 
  1.23453217e+00   2.98735066e+00   1.22103024e+01 
 -1.38298736e+01  -1.48731556e+00  -2.66539699e+00 
 -8.10441098e+00  -2.44221391e+00   5.90316845e-01 
 -8.36471469e+00  -5.76701185e+00   2.39347996e+00 
 -4.84793228e+00  -8.64793224e+00   7.08437128e+00 
 -8.31341595e-01  -5.20834172e+00   1.22259136e+01 
  6.90973873e-01  -3.55139810e+00   8.34959888e+00 
 -2.19108525e-01  -6.35981877e+00   5.95133493e+00 
 -2.92064805e+00  -6.44525853e+00   3.30328982e+00 
 -4.07063407e+00  -8.07702001e+00   8.18139033e-02 
 -1.67294654e+00  -7.60524751e+00  -2.84779210e+00 
 -2.78801796e+00  -6.09486157e+00  -6.19956679e+00 
 -3.02004201e-01  -6.41552987e+00  -9.02406863e+00 
 -1.61270994e+00  -3.38647171e+00  -1.08479695e+01 
 -7.32116623e-01  -1.16308492e+00  -7.84713422e+00 
 -2.17128909e+00   2.32143829e+00  -7.63030595e+00 
 -4.73169666e+00   3.80269182e+00  -1.01075478e+01 
 -2.10502141e+00   6.41496411e+00  -1.08880689e+01 
  2.79825190e-01   3.70596136e+00  -1.21168583e+01 
 -2.55080416e+00   2.01327707e+00  -1.40407269e+01 
 -6.45133589e+00   1.22651615e+01   1.48220699e+00 
 -8.18953588e+00   1.06507541e+01  -1.50146474e+00 
 -6.24224810e+00   1.06218398e+01  -4.78585646e+00 
 -5.32420881e+00   8.38990016e+00  -7.76513373e+00 
 -2.11425366e+00   7.41305173e+00  -6.02566325e+00 
 -3.88971162e+00   5.75504699e+00  -3.07254879e+00 
 -6.65972825e+00   4.00892354e+00  -4.91687681e+00 
 -5.64042451e+00   5.42286586e-01  -6.16291076e+00 
 -6.77463546e+00  -1.41771349e+00  -9.24087350e+00 
 -7.71070621e+00  -5.09582437e+00  -8.80707819e+00 
 -7.20080376e+00  -7.81603531e+00  -1.13971173e+01 
 -1.07669507e+01  -2.29519131e-01  -7.55232501e+00 
 -1.03105379e+01  -4.04570796e-01  -3.79563208e+00 
 -9.38166591e+00   2.55779107e+00  -1.56264180e+00 
 -6.23560091e+00   2.44874799e+00   5.81610010e-01 
 -4.04190933e+00   4.70845096e+00   2.71526562e+00 
 -6.55399848e+00   5.20273228e+00   5.51055617e+00 
 -4.04005610e+00   6.60836208e+00   7.94823005e+00 
 -5.48774189e+00   1.01282427e+01   7.94867307e+00 

   3.515300890198e+01 

  4.12550530e-01  -2.53825463e+00  -2.13364685e+00 
 -1.02923932e+00  -2.63915160e+00   3.40531101e+00 
  1.29696639e+00  -2.52436231e+00  -1.05224480e+00 
  1.60067031e-01   4.99290466e-01  -1.37585363e+00 
  8.15578227e-01  -2.96065530e+00   1.23921284e-01 
 -1.25903081e+00  -1.10645870e+00  -1.94968006e+00 
 -4.95085375e-01  -3.71504511e+00  -9.23856134e-02 
 -2.61187061e+00   2.27937244e+00  -4.24142941e+00 
 -4.28260751e-01  -7.01489029e-01  -3.58215563e+00 
 -1.73375879e+00  -3.13928680e+00  -7.74563959e-01 
 -2.62344215e+00  -4.01625409e+00   2.31815766e+00 
 -2.26138125e+00  -2.04105899e+00  -9.89603705e-02 
 -8.78535326e-01   2.42980180e+00  -2.25890642e+00 
 -1.87073027e+00  -1.97792607e+00   1.31096810e+00 
 -1.98269055e+00  -2.95023598e+00   2.41896844e+00 
 -1.73153865e-01  -1.59241374e+00   2.97686343e+00 
 -7.35352217e-01  -1.14470483e+00   1.65264765e+00 
 -2.12532867e-01  -2.88780270e-01   6.51564459e-01 
  1.01517421e+00  -2.94625214e-01   2.92765229e-01 
  2.05262289e+00  -1.73964146e-01   1.29616018e+00 
  3.08602426e+00   7.79435057e-01   1.30196854e+00 
  3.39718324e+00   1.16068852e+00  -5.41585918e-03 
  2.41200932e+00   1.14152758e+00  -9.99535222e-01 
  1.17353514e+00   8.34137190e-01  -5.37417171e-01 
 -8.55529820e-01   3.68163741e-02  -4.97876682e-01 
 -2.04039665e+00  -9.01911611e-01  -9.59954521e-01 
 -9.31651234e-01  -2.36729442e+00  -1.74957456e+00 
  5.22065989e-02   3.65179102e-01  -2.79746878e+00 
 -6.69630806e-01   1.53213790e+00  -3.25640192e+00 
 -1.81658973e+00   1.09881660e+00  -4.10955368e+00 
 -2.70086534e+00   3.86824309e-02  -3.53241943e+00 
 -1.79352599e+00  -1.12551290e+00  -3.40211847e+00 
  1.40960775e+00   3.78964898e-01  -3.33019951e+00 
  1.56112371e-01   3.34661483e+00  -2.24425163e+00 
 -3.37975044e+00   2.21022024e+00  -5.44849654e+00 
  5.31141475e+00  -1.36129156e+01  -1.11269209e+00 
  1.93057224e+00  -1.50605218e+01  -2.08098524e+00 
  6.82510768e-02  -1.25923383e+01  -4.32900662e+00 
  5.73139718e-01  -9.43370342e+00  -6.35334083e+00 
 -1.75953038e+00  -6.75697661e+00  -4.94012510e+00 
 -8.65289785e-01  -3.58918990e+00  -6.77861686e+00 
  1.77264846e+00  -1.18175761e+00  -8.03272588e+00 
  3.06072674e+00   1.93938636e+00  -6.26283948e+00 
  4.41602142e+00   5.08559931e+00  -7.96667629e+00 
  7.52684472e+00   2.90999952e+00  -7.94434392e+00 
  7.79055762e+00  -7.15276879e-01  -6.91720050e+00 
  5.31779866e+00  -3.54606706e+00  -6.76527380e+00 
  3.16204093e+00  -4.38212148e+00  -3.81398584e+00 
  2.75593189e+00  -8.09908354e+00  -2.62779060e+00 
  6.12987168e-01  -9.90875406e+00   1.79568980e-02 
  3.20898221e+00  -1.19070240e+01   1.93984062e+00 
  1.74684319e+00  -8.58280979e+00   5.80860241e+00 
  2.08710584e+00  -6.13933382e+00   2.92751665e+00 
  5.41284462e+00  -5.85754728e+00   1.02940778e+00 
  6.44047825e+00  -3.21249228e+00  -1.51059548e+00 
  1.24712070e+01   6.38961656e+00  -3.68094120e+00 
  1.27391097e+01   3.35065564e+00  -1.45184175e+00 
 -4.92783911e+00   6.38126355e+00   1.06700280e+01 
 -3.69194716e-01   2.74212605e+00   7.46567709e+00 
  1.53275903e+00   7.52740018e-01   1.00730420e+01 
  7.09095450e+00  -2.67761314e+00   9.96786360e+00 
  1.27974056e+01  -1.55239731e+00   5.43249736e+00 
  9.28635634e+00  -2.02555458e+00   2.68706879e+00 
  6.92718154e+00  -4.06104842e+00   4.86839997e+00 
  3.73195102e+00  -2.97172075e+00   6.57767638e+00 
  4.42487339e-01  -4.13322850e+00   8.05867228e+00 
 -1.86932371e+00  -5.85825018e+00   5.56189516e+00 
 -5.47877872e+00  -4.69285067e+00   4.95138555e+00 
 -7.61708945e+00  -7.05079895e+00   2.91948733e+00 
 -9.88752324e+00  -4.30964265e+00   1.67411606e+00 
 -6.91309344e+00  -2.57723566e+00  -2.15958509e-02 
 -7.26298655e+00   9.96968168e-01  -1.18897570e+00 
 -1.03601020e+01   3.21659193e+00  -5.82615442e-01 
 -1.06708564e+01   3.39698157e+00  -4.35136773e+00 
 -1.11313885e+01  -3.83354428e-01  -4.53325334e+00 
 -1.35510456e+01  -2.83228591e-01  -1.58127978e+00 
 -6.16888709e-02   1.30056918e+01  -3.23010137e+00 
 -3.25910208e+00   1.22716471e+01  -1.28905147e+00 
 -5.98828020e+00   1.03779582e+01  -3.17200759e+00 
 -8.52067151e+00   7.52205650e+00  -2.80970439e+00 
 -6.01981085e+00   5.13093134e+00  -4.33023681e+00 
 -3.46353335e+00   5.57620526e+00  -1.52144843e+00 
 -5.78841942e+00   5.61408485e+00   1.43100056e+00 
 -6.53634190e+00   2.10903120e+00   2.75929397e+00 
 -9.66181190e+00   7.18355807e-01   4.46204135e+00 
 -9.22368725e+00  -1.39101524e+00   7.61664229e+00 
 -1.14425419e+01  -4.28353365e+00   8.65484847e+00 
 -9.03347161e+00   4.44354598e+00   6.89714501e+00 
 -5.27093418e+00   4.77910081e+00   7.18422087e+00 
 -3.07759087e+00   6.88612440e+00   4.86596002e+00 
 -2.54687478e-01   5.27177192e+00   2.88290336e+00 
  2.18315398e+00   6.03929977e+00   6.53056993e-02 
  4.27588097e+00   8.53886727e+00   1.99952679e+00 
  7.13838845e+00   8.52213505e+00  -4.58872356e-01 
  6.57430725e+00   1.20850305e+01  -1.67252075e+00 

   3.515300890199e+01 

