  3.36154410e+00  -1.45701161e+00  -1.59650954e+00 
  2.52223189e+00  -2.52570089e+00  -1.05822746e+00 
  2.52912860e+00  -3.12436437e+00   2.77562228e+00 
  4.18199547e+00   8.32979074e-01  -1.66715520e+00 
  2.88553937e+00  -2.91272486e+00   3.15804163e-01 
  4.12526665e+00  -2.96965614e+00   5.81066937e-01 
  2.69003148e+00  -3.65862173e+00  -2.06389443e+00 
  1.70238852e+00  -2.41776681e+00   3.81440286e+00 
  3.17192101e+00   1.88783548e+00  -1.98901638e+00 
  3.02481071e+00  -2.91035646e+00  -3.35368012e+00 
  7.12410355e-01  -3.34026075e+00   4.23461204e+00 
  4.06044696e+00   3.01237673e+00  -2.50442012e+00 
  2.33782878e+00   1.59981867e+00  -3.22349911e+00 
  1.18381358e+00  -1.18362551e+00   3.88711985e+00 
  4.00422431e+00  -1.89609101e+00  -2.83325069e+00 
  1.66531301e-01  -2.88195770e+00   5.45158972e+00 
  4.83123061e+00   2.51119375e+00  -3.55524470e+00 
  3.24229307e+00   4.02540474e+00  -2.98739461e+00 
  3.04859143e+00   1.19767947e+00  -4.31757580e+00 
  1.44722328e+00   2.61463311e+00  -3.49071668e+00 
  2.28414896e-01  -6.54536916e-01   4.75140959e+00 
  8.94237387e-02  -1.50832511e+00   5.78536770e+00 
  5.16914099e+00   3.26580889e+00  -4.67817211e+00 
  3.62829277e+00   4.89258154e+00  -4.01175663e+00 
  2.49547877e+00   1.40281764e+00  -5.58288616e+00 
  9.32665314e-01   2.92657784e+00  -4.75052801e+00 
  4.32962176e+00   4.28115978e+00  -5.04417443e+00 
  1.60359072e+00   2.41132378e+00  -5.82518674e+00 
 -6.10858659e-02  -4.17439605e+00   2.87680165e+00 
 -1.48635448e+00  -1.08870478e-01   4.60940188e+00 
  3.63942564e+00  -2.80231137e-01  -8.87585182e-01 
  5.43612065e+00   1.37230339e+00  -1.22568213e+00 
  2.96884913e+00   7.74406615e-02   1.31247335e-01 
  1.97893425e+00  -3.05185781e+00   1.42198091e+00 
  1.77859633e+00  -1.22275588e+01   3.67621220e+00 
 -1.32260107e+00  -1.23213400e+01   5.79351147e+00 
 -4.31652932e+00  -8.92128075e+00  -1.32997134e+00 
 -3.65933547e+00  -9.27103028e+00  -5.05839036e+00 
 -2.27523226e-01  -7.84669290e+00  -4.54328114e+00 
  6.74277867e-01  -1.07547760e+01  -2.25486369e+00 
  4.41120529e-01  -1.30175403e+01  -5.29727911e+00 
  1.05805862e+00  -1.07699515e+01  -8.32464939e+00 
  3.31257687e+00  -7.82242214e+00  -8.76666004e+00 
  7.47735117e+00  -4.72913370e+00  -1.12551920e+01 
  9.17060003e+00  -6.98461108e+00  -8.74045215e+00 
 -7.45408197e-01  -3.00676880e+00  -1.02555168e+01 
 -5.57015178e-01   2.63951963e+00  -1.09350953e+01 
 -2.03962224e+00   2.55724772e+00  -7.48858473e+00 
 -2.99510834e+00  -9.93620850e-01  -6.53138569e+00 
 -6.68659557e+00  -3.23795027e-01  -7.20788357e+00 
 -8.83277013e+00  -3.45434159e+00  -6.51305995e+00 
 -6.03597738e+00  -5.08686566e+00  -4.48726980e+00 
 -3.06592270e-01  -9.81885519e+00   1.14580940e+01 
  3.20329077e+00  -1.12690156e+01   1.18323855e+01 
  4.84669859e+00  -8.42631032e+00   9.90888917e+00 
  7.72058720e+00  -6.23381840e+00   1.09822239e+01 
  9.92141239e+00   2.32887142e-01   9.32352409e+00 
 -3.16029428e-01   1.10878936e+01  -5.05558014e-01 
  5.29152567e-01   1.16887141e+01  -4.13754526e+00 
 -9.62269297e-01   8.30512111e+00  -5.10090657e+00 
 -4.32527856e+00   8.48595470e+00  -6.85979297e+00 
 -6.85525667e+00   7.08658549e+00  -4.35933326e+00 
 -1.00520385e+01   5.28337918e+00  -5.44606602e+00 
 -9.61958922e+00   1.94881032e+00  -8.51044836e-01 
 -9.89550162e+00   3.52157445e+00   2.55584547e+00 
 -7.22916470e+00   4.72126049e+00   4.96678949e+00 
 -6.82899625e+00   4.31562703e+00   8.72069135e+00 
 -4.37155421e+00   5.41675774e+00   1.13928195e+01 
  3.09341092e-01   7.55408370e-01   1.15156924e+01 
  6.73344406e-01  -2.37485413e+00   9.45606129e+00 
  4.08582551e+00  -2.97883451e+00   7.87689463e+00 
  6.01654404e+00  -5.45440708e+00   5.68170256e+00 
  4.64050118e+00  -8.91548612e+00   6.21389671e+00 
  1.17958865e+00  -7.77504920e+00   7.30618394e+00 
  9.49592534e-02  -7.29618858e+00   3.67908072e+00 
 -3.11600504e+00  -9.18443266e+00   2.76054944e+00 
 -3.90962489e+00  -4.47718961e+00   4.24682714e+00 
 -3.10458009e+00  -3.13047406e+00   8.34291381e-01 
 -3.60464831e-01  -4.81743309e-01   8.78100645e-01 
  1.46101133e+00   2.50021632e+00   2.51601678e+00 
  4.53339595e+00   4.80331731e+00   2.52284860e+00 
  6.89550153e+00   3.43916617e+00   5.12112060e+00 
  5.24899335e+00   2.23762356e+00   8.31245352e+00 
  5.17511281e+00   7.55032634e+00   9.69660641e+00 
  1.30315975e+00   1.22489658e+01   8.46879682e+00 
  9.66804437e-01   8.99297283e+00   6.52680547e+00 
 -1.89769896e+00   6.44081933e+00   6.78870314e+00 
 -2.20225305e+00   2.75085586e+00   5.92637329e+00 
 -4.36887258e+00   2.02743635e+00   2.93817840e+00 
 -6.81905031e+00  -8.14934079e-01   2.83859360e+00 

   4.196447542964e+00 

  2.49613561e+00  -1.90553797e+00   9.97342691e-01 
  1.95724052e+00  -2.21627806e+00  -3.25280745e-01 
  1.74390551e+00   6.35727960e-01  -2.94778245e+00 
  2.60983647e+00  -5.90614675e-01   3.04189008e+00 
  2.27438222e+00  -1.19301100e+00  -1.33626024e+00 
  3.44171576e+00  -6.96816637e-01  -1.29568322e+00 
  2.55350218e+00  -3.58151132e+00  -6.47241160e-01 
  6.43398223e-01   1.64731166e+00  -3.11336567e+00 
  1.37326633e+00  -5.66425492e-01   3.88265987e+00 
  2.78479838e+00  -4.17806149e+00   7.40616148e-01 
 -6.95640384e-02   1.27688217e+00  -4.28045426e+00 
  1.94043877e+00  -1.96455020e-01   5.24689396e+00 
  7.92546172e-01  -1.93616394e+00   4.18127259e+00 
 -2.19637682e-01   2.20940447e+00  -2.25513676e+00 
  3.36349130e+00  -2.98897817e+00   1.45477131e+00 
 -8.48569766e-01   2.37783281e+00  -4.69293879e+00 
  2.92847881e+00  -1.12708214e+00   5.57438998e+00 
  9.15162448e-01  -2.78802047e-01   6.18010683e+00 
  1.69897332e+00  -2.86664477e+00   4.60140531e+00 
 -3.24308414e-01  -1.85794894e+00   4.98177065e+00 
 -1.37223735e+00   2.95477973e+00  -2.49102877e+00 
 -1.36004780e+00   3.33535570e+00  -3.78422554e+00 
  3.14372669e+00  -1.58238197e+00   6.87476555e+00 
  1.13291374e+00  -5.83502911e-01   7.52549591e+00 
  1.24363405e+00  -3.94028751e+00   5.36887858e+00 
 -7.74954184e-01  -2.86296404e+00   5.83973030e+00 
  2.08541882e+00  -1.57248014e+00   7.74055394e+00 
  1.24859521e-01  -3.84502398e+00   6.15024918e+00 
 -4.19230435e-01  -4.58501016e-01  -4.34263245e+00 
 -3.14740354e+00   2.69229427e+00  -2.29547590e+00 
  2.34090872e+00  -6.51943402e-01   1.60478081e+00 
  3.59744392e+00   3.58829138e-01   3.46827160e+00 
  1.49313015e+00   2.03342977e-01   1.19811314e+00 
  1.33952354e+00  -5.77683564e-01  -2.23756572e+00 
  3.61367872e+00  -3.45985752e+00  -1.09460203e+01 
  4.75847602e-01  -2.53229804e+00  -1.27906886e+01 
 -2.63324637e+00  -7.40012888e+00  -6.63394443e+00 
 -1.52111850e+00  -1.04855001e+01  -4.71067018e+00 
  1.26804309e+00  -8.48436986e+00  -3.19822777e+00 
  2.74358188e+00  -7.86320571e+00  -6.65422734e+00 
  3.50122832e+00  -1.15816173e+01  -6.82771562e+00 
  3.73925120e+00  -1.27727263e+01  -3.20531132e+00 
  5.06080711e+00  -1.10725713e+01  -1.50930866e-01 
  8.36584996e+00  -1.05099125e+01   4.52532227e+00 
  1.03782552e+01  -9.17327954e+00   1.61982043e+00 
 -5.71034255e-02  -1.08419829e+01   3.80238336e+00 
 -1.46763042e+00  -8.46979845e+00   8.77843980e+00 
 -3.20805205e+00  -6.04156669e+00   6.50734498e+00 
 -3.17102063e+00  -7.30436644e+00   2.92377810e+00 
 -6.80585468e+00  -8.43259152e+00   3.14395250e+00 
 -7.99672036e+00  -9.99127075e+00  -1.78941572e-01 
 -5.06833751e+00  -8.46559689e+00  -2.09931359e+00 
  1.20984436e-01   3.66094683e+00  -1.37392948e+01 
  3.84382836e+00   4.09679601e+00  -1.44554270e+01 
  4.76835618e+00   4.37250756e+00  -1.07743040e+01 
  6.74395808e+00   7.08755290e+00  -9.05856878e+00 
  7.10555483e+00   9.57094877e+00  -2.49237626e+00 
 -4.79859441e+00   4.49225720e+00   9.82612637e+00 
 -3.79707992e+00   2.01849845e+00   1.24989848e+01 
 -4.12037119e+00  -8.72474254e-01   1.00213514e+01 
 -7.18759581e+00  -3.06033259e+00   1.05129401e+01 
 -9.43841520e+00  -2.34305646e+00   7.50784421e+00 
 -1.18338676e+01  -4.95017607e+00   6.05295330e+00 
 -1.09170792e+01  -2.76420846e+00   8.75917268e-01 
 -1.19932285e+01   7.75716480e-01   1.92222499e-01 
 -1.00611092e+01   4.03328270e+00   3.19870400e-01 
 -9.94908105e+00   7.01533959e+00  -2.02773514e+00 
 -8.21342147e+00   1.03858703e+01  -2.16497864e+00 
 -2.40801124e+00   9.26371065e+00  -5.11314349e+00 
 -9.29422493e-01   6.05885590e+00  -6.42300257e+00 
  2.65378437e+00   5.29481148e+00  -5.38349696e+00 
  5.44270666e+00   2.70064393e+00  -5.79234655e+00 
  5.09759881e+00   1.02976785e+00  -9.14568157e+00 
  1.36094476e+00   1.65513983e+00  -9.48919783e+00 
  5.63929466e-01  -1.35450396e+00  -7.28275153e+00 
 -1.83737861e+00  -3.87009542e+00  -8.90293505e+00 
 -4.12860270e+00  -4.37812750e-01  -6.08037328e+00 
 -3.40721267e+00  -2.35975520e+00  -2.93504171e+00 
 -1.58280974e+00  -2.91189261e-01  -3.00574890e-01 
 -8.97581660e-01   3.03159972e+00   1.53851014e+00 
  1.34421255e+00   4.97436304e+00   3.97652967e+00 
  3.72152188e+00   7.00086322e+00   1.87103970e+00 
  2.18072244e+00   8.60663583e+00  -1.19276161e+00 
  4.06022082e-01   1.24423018e+01   2.31211971e+00 
 -4.52773634e+00   1.28740369e+01   6.06035457e+00 
 -3.68973233e+00   9.52850787e+00   4.45064370e+00 
 -5.68851340e+00   7.73116325e+00   1.70075149e+00 
 -4.80423677e+00   5.06050184e+00  -8.56170092e-01 
 -6.34192612e+00   1.69474348e+00  -1.82325036e-01 
 -7.82435145e+00  -4.45930612e-01  -2.88643066e+00 

   4.196447343741e+00 

 -2.39462415e+00   9.73892920e-01  -2.25597698e+00 
 -2.47436323e+00  -2.72420872e-01  -1.49661144e+00 
 -2.82050420e+00  -6.31377078e-02   2.36257597e+00 
 -1.47905119e+00   3.18092029e+00  -2.71745604e+00 
 -2.98230866e+00  -8.58400325e-02  -1.26610445e-01 
 -3.93957827e+00   7.34734673e-01   1.76460386e-02 
 -3.37033655e+00  -1.16051636e+00  -2.35193997e+00 
 -1.71761541e+00   8.35633230e-02   3.37448803e+00 
 -2.79297878e-02   3.23371418e+00  -3.07526646e+00 
 -3.14009735e+00  -6.07868679e-01  -3.75802793e+00 
 -1.58920981e+00  -1.17479086e+00   4.01299854e+00 
  5.23731754e-02   4.55711020e+00  -3.82483716e+00 
  3.82686027e-01   2.26533418e+00  -4.16898453e+00 
 -5.06987321e-01   6.57903750e-01   3.33182949e+00 
 -3.18482512e+00   8.68577357e-01  -3.48067227e+00 
 -8.58479500e-01  -9.94832230e-01   5.20577867e+00 
 -8.71926666e-01   4.52165758e+00  -4.87076471e+00 
  1.33021499e+00   4.67877154e+00  -4.35514337e+00 
 -4.31647502e-01   2.25550723e+00  -5.26473897e+00 
  1.71886451e+00   2.37670490e+00  -4.47959142e+00 
  5.70700195e-01   5.60373314e-01   4.20865297e+00 
  1.20356193e-01   1.67047275e-02   5.35711018e+00 
 -6.37318733e-01   5.10895924e+00  -6.11360418e+00 
  1.60550744e+00   5.39689795e+00  -5.52084277e+00 
  9.80817625e-02   1.82874281e+00  -6.48388801e+00 
  2.29117756e+00   2.05450326e+00  -5.71161317e+00 
  6.59749960e-01   5.23790574e+00  -6.52675972e+00 
  1.43144226e+00   1.93892767e+00  -6.76898066e+00 
 -1.59010094e+00  -2.52394666e+00   2.86518357e+00 
  2.20974181e+00  -1.94774744e-01   4.16786940e+00 
 -1.80562404e+00   2.13819555e+00  -1.74408292e+00 
 -2.04671014e+00   4.47731556e+00  -2.48137400e+00 
 -1.05192352e+00   2.12871192e+00  -7.20631697e-01 
 -2.38282571e+00  -5.99909297e-01   1.07392779e+00 
 -8.32055503e+00  -7.07637746e+00   4.55463236e+00 
 -6.04120573e+00  -8.83542544e+00   6.96699131e+00 
 -1.65108316e+00  -9.51446828e+00  -2.11692938e-01 
 -2.43041515e+00  -9.96283702e+00  -3.90586744e+00 
 -4.02850999e+00  -6.56922662e+00  -3.93637514e+00 
 -6.60545609e+00  -7.72100954e+00  -1.37907621e+00 
 -7.98743806e+00  -1.00430471e+01  -4.04907239e+00 
 -6.99346507e+00  -8.49742607e+00  -7.39874471e+00 
 -6.71313232e+00  -4.92497666e+00  -8.45955226e+00 
 -7.78922775e+00  -3.29049914e-01  -1.17499706e+01 
 -1.05169551e+01  -4.42884488e-01  -9.13752965e+00 
 -5.00717849e-01  -4.32330307e+00  -1.01680245e+01 
  3.11523566e+00  -1.76284908e-01  -1.16189479e+01 
  4.21692908e+00  -6.36284888e-01  -8.06114959e+00 
  2.57432602e+00  -3.70745034e+00  -6.54201151e+00 
  5.76039564e+00  -5.76512324e+00  -6.92706554e+00 
  5.28107206e+00  -9.35775013e+00  -5.60320860e+00 
  2.13963433e+00  -8.36911126e+00  -3.66804470e+00 
 -5.04266984e+00  -5.38139245e+00   1.21104029e+01 
 -8.61859699e+00  -4.06583767e+00   1.23212186e+01 
 -7.97541947e+00  -1.22192242e+00   9.87582684e+00 
 -8.63709271e+00   2.46011282e+00   1.03480914e+01 
 -5.98749533e+00   8.37127607e+00   7.61844722e+00 
  8.72977936e+00   7.92223778e+00  -2.50313890e+00 
  8.44589170e+00   8.31051834e+00  -6.24953786e+00 
  7.28510565e+00   4.68611768e+00  -6.59202405e+00 
  9.88388816e+00   2.30522081e+00  -8.01112996e+00 
  1.08726566e+01   3.07476433e-02  -5.10246006e+00 
  1.20342716e+01  -3.58132992e+00  -5.60798428e+00 
  9.55741084e+00  -4.96810556e+00  -6.72126705e-01 
  1.08637544e+01  -3.42616168e+00   2.50158864e+00 
  9.71464986e+00  -3.84036024e-01   4.44738149e+00 
  9.20290807e+00   2.12620233e-01   8.16202451e+00 
  8.14760521e+00   3.08864496e+00   1.03995748e+01 
  1.55351418e+00   2.78167341e+00   1.06778838e+01 
 -8.36970091e-01   3.82802415e-01   9.03347219e+00 
 -3.80550534e+00   1.92628031e+00   7.21435339e+00 
 -6.92827124e+00   1.01777400e+00   5.19000170e+00 
 -8.20417176e+00  -2.33631423e+00   6.32047786e+00 
 -4.84907425e+00  -3.60036099e+00   7.59216254e+00 
 -3.77677380e+00  -4.57355021e+00   4.06163372e+00 
 -2.65875813e+00  -8.22905399e+00   3.73484906e+00 
  1.09507336e+00  -5.05440334e+00   4.64453047e+00 
  1.34207329e+00  -4.10932091e+00   1.01779006e+00 
  1.06585628e+00  -3.51367247e-01   4.26818726e-01 
  1.72322543e+00   3.30964760e+00   1.45519979e+00 
  9.71356876e-01   7.02470957e+00   8.41339172e-01 
 -1.65858745e+00   8.01925920e+00   3.34847229e+00 
 -1.18536073e+00   6.58839955e+00   6.82239646e+00 
  2.43472163e+00   1.06642571e+01   7.47705430e+00 
  8.43454232e+00   1.13466141e+01   6.02299234e+00 
  6.48345569e+00   8.41346773e+00   4.58217921e+00 
  6.91841520e+00   4.69815308e+00   5.47362533e+00 
  4.67062027e+00   1.64915268e+00   5.15233070e+00 
  5.75647880e+00  -8.11330521e-01   2.52291934e+00 
  5.68375308e+00  -4.52662546e+00   3.05541314e+00 

   4.196447336365e+00 

  2.37849590e+00  -7.93239913e-01  -1.06815148e+00 
  2.16979460e+00   6.47876228e-01  -1.19436771e+00 
 -6.68417127e-01   1.90444354e+00  -3.52309342e+00 
  1.61939133e+00  -3.07075167e+00  -6.69505163e-01 
  1.35421583e+00   1.01592728e+00  -2.36444780e+00 
  1.57565104e+00   3.73398716e-01  -3.43619117e+00 
  3.58356505e+00   1.21489126e+00  -1.24726395e+00 
 -2.12484912e+00   2.06837376e+00  -3.18576654e+00 
  1.04561193e+00  -3.34994230e+00   6.83048109e-01 
  4.39011434e+00   1.67229808e-01  -4.80844384e-01 
 -2.35689827e+00   3.46191054e+00  -3.07695134e+00 
  1.22607464e+00  -4.85888665e+00   7.84207045e-01 
  1.91197983e+00  -2.88472482e+00   1.83871366e+00 
 -2.94248855e+00   1.43876956e+00  -2.32997359e+00 
  3.80813254e+00  -1.09531917e+00  -1.05188919e+00 
 -3.74750399e+00   3.68701443e+00  -3.14490781e+00 
  2.57630274e+00  -5.15033964e+00   5.80505893e-01 
  8.67041799e-01  -5.25400819e+00   2.06634039e+00 
  3.23051922e+00  -3.22573481e+00   1.74342547e+00 
  1.35239674e+00  -3.19303809e+00   3.05772331e+00 
 -4.21493539e+00   1.78077704e+00  -1.87872222e+00 
 -4.69795559e+00   2.73963884e+00  -2.69396593e+00 
  3.24497365e+00  -6.16999626e+00   1.25709648e+00 
  1.41784233e+00  -6.36908599e+00   2.70159503e+00 
  3.98094611e+00  -3.31683622e+00   2.91716065e+00 
  2.06037727e+00  -3.38868038e+00   4.24505096e+00 
  2.78239120e+00  -6.52991475e+00   2.49248054e+00 
  3.40355761e+00  -3.61455322e+00   4.12101141e+00 
 -1.11003651e+00   4.28766753e+00  -2.12764486e+00 
 -4.92664257e+00   2.35498045e+00  -3.22400866e-01 
  1.33330562e+00  -1.72249077e+00  -1.16116226e+00 
  1.41858259e+00  -4.14643362e+00  -1.59752030e+00 
  1.10809666e-01  -1.38597082e+00  -1.07257089e+00 
  2.18103429e-01   1.89578786e+00  -2.35933920e+00 
  2.67567827e+00   9.58473748e+00  -7.27424158e+00 
 -3.29249985e-02   1.19532521e+01  -6.19591377e+00 
  3.16505962e+00   9.63168455e+00   1.26405628e+00 
  6.58791412e+00   8.73350272e+00   2.65427824e+00 
  6.62810310e+00   5.68526266e+00   4.68407268e-01 
  6.44390354e+00   7.87205913e+00  -2.64464083e+00 
  9.92190990e+00   9.12948547e+00  -1.77689504e+00 
  1.15254957e+01   6.39141421e+00   3.51192193e-01 
  1.12317286e+01   2.66978863e+00   1.79557208e-01 
  1.31695448e+01  -2.73338625e+00  -2.17925976e-01 
  1.27531067e+01  -1.47785740e+00  -3.75750607e+00 
  8.81187381e+00   1.06163349e+00   5.96171137e+00 
  6.74444954e+00  -3.56158622e+00   8.55589927e+00 
  3.48325670e+00  -1.89384410e+00   7.73944946e+00 
  4.07426856e+00   1.62461077e+00   6.43211325e+00 
  3.08422733e+00   3.17416390e+00   9.77159069e+00 
  3.29477123e+00   7.02518197e+00   9.65077994e+00 
  3.34624784e+00   7.03652413e+00   5.83133929e+00 
 -5.50268675e+00   1.05874019e+01  -8.95241978e+00 
 -3.95562996e+00   9.68737897e+00  -1.23227282e+01 
 -3.19454847e+00   6.10432319e+00  -1.12912271e+01 
 -4.15926586e+00   2.91161315e+00  -1.30502702e+01 
 -5.15194696e+00  -3.75409859e+00  -1.10511997e+01 
 -5.69189801e+00  -8.07332588e+00   6.27792866e+00 
 -2.73706096e+00  -9.79952600e+00   7.87673178e+00 
 -8.37886472e-01  -6.48937085e+00   8.06911043e+00 
 -6.04463822e-01  -4.98313821e+00   1.15494791e+01 
 -2.81556649e+00  -1.86644351e+00   1.14572022e+01 
 -2.13185866e+00   1.21542523e+00   1.36220653e+01 
 -4.14888337e+00   4.49288318e+00   9.42556730e+00 
 -7.76463276e+00   4.14968597e+00   8.44316216e+00 
 -9.41651196e+00   2.12776082e+00   5.69649049e+00 
 -1.21507697e+01   2.98316493e+00   3.20479375e+00 
 -1.40378792e+01   1.21674137e+00   4.28039346e-01 
 -1.03716015e+01   2.04864027e+00  -5.00521573e+00 
 -7.08444818e+00   3.82455596e+00  -5.46771782e+00 
 -4.37968438e+00   1.92164249e+00  -7.35633022e+00 
 -7.74136852e-01   2.22537931e+00  -8.61446374e+00 
 -1.87491692e-02   5.83755027e+00  -9.34756775e+00 
 -2.59773048e+00   7.25299412e+00  -6.93572481e+00 
 -2.28416561e-01   6.77684622e+00  -3.98256575e+00 
  3.53880612e-01   9.96799595e+00  -1.93392956e+00 
 -3.35782856e+00   7.10956965e+00  -1.87589560e-01 
 -9.49745576e-01   4.87589103e+00   1.63429305e+00 
 -1.33525113e+00   1.19363723e+00   7.17689748e-01 
 -3.48410512e+00  -1.86283796e+00  -2.48318566e-01 
 -3.56644518e+00  -5.48174424e+00  -1.52915852e+00 
 -4.25322220e+00  -5.29884677e+00  -5.22866699e+00 
 -6.82879937e+00  -2.72009543e+00  -6.25622619e+00 
 -1.05065550e+01  -6.49889572e+00  -4.72620595e+00 
 -1.30219527e+01  -8.07343100e+00   7.30055700e-01 
 -1.00029277e+01  -5.75676397e+00   6.62131570e-01 
 -9.95240260e+00  -2.01359349e+00   1.54166095e+00 
 -7.59656289e+00   8.44471884e-01   6.85096562e-01 
 -5.53501560e+00   2.07883626e+00   3.57874904e+00 
 -4.91461450e+00   5.72345993e+00   4.22999206e+00 

   4.196447269294e+00 

  2.19476288e+00  -5.28354090e-03   3.15681404e+00 
  9.14626975e-01  -7.09989263e-01   3.18761759e+00 
  7.31217695e-01  -4.27135372e+00   1.65795445e+00 
  4.18598396e+00   8.32699631e-01   2.03657512e+00 
  1.04281209e+00  -2.15715388e+00   2.94468229e+00 
  2.03019969e+00  -2.73942655e+00   3.48925074e+00 
  3.53831181e-01  -3.81346889e-01   4.56622588e+00 
  5.09991368e-01  -4.63876517e+00   2.16460436e-01 
  3.96136680e+00   1.83630229e+00   9.50801138e-01 
  1.00670645e+00   9.64881454e-01   4.87757841e+00 
 -8.13019644e-01  -5.13828078e+00   1.28383794e-01 
  5.31484090e+00   2.53254557e+00   8.95642661e-01 
  3.06458456e+00   2.99506864e+00   1.34530909e+00 
  8.05469647e-01  -4.02734455e+00  -9.39479767e-01 
  2.41288133e+00   6.97699144e-01   4.41920353e+00 
 -9.41982651e-01  -5.84155549e+00  -1.08728592e+00 
  5.60871983e+00   3.01449345e+00   2.17271485e+00 
  5.21560651e+00   3.60564825e+00   1.95920569e-02 
  3.36509637e+00   3.57304747e+00   2.54512618e+00 
  2.91626429e+00   3.90250050e+00   3.21191431e-01 
  3.69505771e-01  -4.28750811e+00  -2.23638749e+00 
 -1.95553685e-01  -5.51143364e+00  -2.24404311e+00 
  6.27464707e+00   4.21906051e+00   2.39668062e+00 
  5.99000895e+00   4.76149047e+00   1.40737263e-01 
  2.98155455e+00   4.89806591e+00   2.76023916e+00 
  2.62617662e+00   5.25894299e+00   4.79770539e-01 
  6.16418865e+00   5.19819043e+00   1.44861812e+00 
  2.82962408e+00   5.78171581e+00   1.72710655e+00 
 -1.98170916e+00  -4.12675560e+00   9.93637347e-01 
 -7.16543032e-01  -3.47275928e+00  -3.42594517e+00 
  3.13155495e+00  -1.77788657e-01   2.12859666e+00 
  5.53755266e+00   3.53907700e-01   2.08787479e+00 
  2.83441854e+00  -7.20916596e-01   1.01849862e+00 
  2.69663107e-01  -2.92872497e+00   2.01094840e+00 
 -5.11445894e+00  -8.80258413e+00   7.09281622e+00 
 -7.60677387e+00  -9.84190043e+00   4.48181208e+00 
 -8.36841936e+00  -1.43881141e+00   4.20657997e+00 
 -8.18920774e+00   1.44342023e+00   6.67962471e+00 
 -4.54894376e+00   7.07573074e-01   7.20731476e+00 
 -5.40465434e+00  -2.76498125e+00   8.51731389e+00 
 -7.02995213e+00  -1.06792324e+00   1.15021283e+01 
 -5.35055649e+00   2.35025469e+00   1.18068729e+01 
 -1.82611506e+00   3.41260488e+00   1.11619162e+01 
  3.25396746e+00   5.79235256e+00   1.24412909e+01 
  3.42976682e+00   2.19839997e+00   1.35949356e+01 
 -2.40265198e+00   7.86419546e+00   6.50082271e+00 
  9.92609745e-01   1.08523938e+01   3.04816380e+00 
 -1.20525986e-01   8.24430719e+00   5.90104074e-01 
 -2.91546517e+00   6.13136045e+00   2.06039076e+00 
 -5.56104214e+00   7.98501156e+00   3.59686543e-02 
 -9.09283710e+00   6.59672001e+00   7.34786999e-01 
 -7.67772213e+00   3.40117639e+00   2.27650085e+00 
 -5.09741876e+00  -1.38994058e+01   4.04814418e-01 
 -3.06396538e+00  -1.57838116e+01   3.02711278e+00 
 -1.58789320e-01  -1.33296633e+01   2.89095572e+00 
  3.49498873e+00  -1.40639526e+01   2.31742035e+00 
  8.96360743e+00  -1.04110914e+01  -1.65300512e-01 
  6.51013420e+00   5.48355869e+00  -7.94911117e+00 
  7.39691227e+00   8.64585840e+00  -6.08360441e+00 
  4.18346833e+00   8.40085110e+00  -4.03063507e+00 
  1.47763829e+00   1.08863233e+01  -4.99871926e+00 
 -1.28986807e+00   8.79825453e+00  -6.60872982e+00 
 -4.98166801e+00   9.79900762e+00  -6.46358219e+00 
 -6.37166268e+00   4.28066452e+00  -6.27254882e+00 
 -5.54542578e+00   2.10530828e+00  -9.22919632e+00 
 -2.58062954e+00  -1.56488625e-01  -9.90400492e+00 
 -2.33532170e+00  -3.66969232e+00  -1.13230431e+01 
  4.13109831e-01  -6.14357664e+00  -1.21702840e+01 
  1.53000115e+00  -9.51789515e+00  -6.60068434e+00 
 -7.10725084e-02  -9.20212472e+00  -3.20806055e+00 
  2.29275783e+00  -9.01180336e+00  -2.28159125e-01 
  2.34093094e+00  -8.71102157e+00   3.59049594e+00 
 -7.61901795e-01  -1.03074809e+01   4.99745976e+00 
 -2.87450816e+00  -9.83282822e+00   1.86963992e+00 
 -3.62946496e+00  -6.21515151e+00   2.82046034e+00 
 -7.37515338e+00  -5.39236470e+00   2.93154291e+00 
 -5.23422905e+00  -4.41532237e+00  -1.47968596e+00 
 -3.93916341e+00  -1.10705142e+00  -2.60845698e-01 
 -1.69185215e-01  -7.22628067e-01  -6.93587034e-01 
  3.10811234e+00  -1.32031395e+00  -2.64160115e+00 
  6.94371190e+00  -1.14145667e+00  -2.64763309e+00 
  8.18379938e+00  -4.59765201e+00  -1.80605245e+00 
  6.27860685e+00  -7.42898751e+00  -3.44716084e+00 
  9.35199577e+00  -6.29209108e+00  -7.85259365e+00 
  8.86982053e+00  -2.16541804e+00  -1.24694863e+01 
  6.63058327e+00  -1.81963255e+00  -9.41134117e+00 
  2.83106612e+00  -2.39321449e+00  -9.26258633e+00 
  4.10760012e-01  -3.17351574e+00  -6.43672133e+00 
 -1.89512313e+00  -3.40731343e-01  -5.53944556e+00 
 -5.54020225e+00  -8.39347630e-01  -4.79308700e+00 

   4.196447394158e+00 

 -4.32143581e+00   1.96944519e+00  -5.19698553e-02 
 -3.55260722e+00   1.25622124e+00  -1.07004819e+00 
 -3.27332712e+00  -2.60489240e+00  -8.03311979e-01 
 -4.90173976e+00   2.51004295e+00   2.24874859e+00 
 -3.82782896e+00  -1.90565004e-01  -1.09771193e+00 
 -5.03743545e+00  -5.41908013e-01  -9.42987899e-01 
 -3.92796841e+00   1.96234569e+00  -2.36756162e+00 
 -2.28659830e+00  -3.39793734e+00   8.64427333e-03 
 -3.82097836e+00   3.13020104e+00   3.07574040e+00 
 -4.29890957e+00   3.36477761e+00  -1.88682390e+00 
 -1.36395305e+00  -3.95328045e+00  -9.12198837e-01 
 -4.63109628e+00   3.83114107e+00   4.15837462e+00 
 -3.13663046e+00   4.31707150e+00   2.42337550e+00 
 -1.63790968e+00  -3.15177385e+00   1.15578604e+00 
 -5.11581464e+00   3.02829986e+00  -6.70975199e-01 
 -6.65078837e-01  -4.99462212e+00  -2.67005247e-01 
 -5.54172453e+00   4.68675601e+00   3.53528908e+00 
 -3.75936793e+00   4.58563728e+00   4.93280958e+00 
 -3.98150115e+00   5.24119203e+00   1.87919856e+00 
 -2.17348607e+00   4.86720375e+00   3.23822094e+00 
 -5.58049738e-01  -3.80769695e+00   1.74178875e+00 
 -4.15381133e-01  -4.99867020e+00   1.12650017e+00 
 -5.89993958e+00   5.92846313e+00   4.05915984e+00 
 -4.14469706e+00   5.75426278e+00   5.59323620e+00 
 -3.52717712e+00   6.55299393e+00   1.73152436e+00 
 -1.74570721e+00   6.19564389e+00   3.19975606e+00 
 -4.99626375e+00   6.57125533e+00   4.85909474e+00 
 -2.56118237e+00   7.07756534e+00   2.54573974e+00 
 -8.08032950e-01  -2.77568460e+00  -2.11299812e+00 
  1.18418742e+00  -3.43319326e+00   2.02938919e+00 
 -4.40928039e+00   1.53297655e+00   1.27707262e+00 
 -6.04761023e+00   2.12330902e+00   3.02079417e+00 
 -3.61507196e+00   6.69338887e-01   1.76588564e+00 
 -2.84388939e+00  -1.23785576e+00  -1.09845047e+00 
 -3.39613952e+00  -5.51858052e+00  -9.50597490e+00 
 -1.42139930e-01  -7.39491787e+00  -9.50834562e+00 
  2.53015363e+00   4.97481059e-01  -8.15299122e+00 
  1.50418346e+00   3.99551611e+00  -9.23306049e+00 
 -1.69961656e+00   3.59902699e+00  -7.32259303e+00 
 -2.68766871e+00   6.51001264e-01  -9.52257961e+00 
 -2.96881323e+00   3.10187123e+00  -1.24113306e+01 
 -3.62074166e+00   6.51740448e+00  -1.08281776e+01 
 -5.58689173e+00   7.47623620e+00  -7.79814058e+00 
 -9.61564553e+00   1.03320015e+01  -4.84497656e+00 
 -1.12990434e+01   7.26253232e+00  -6.26725052e+00 
 -1.20161190e+00   1.02903185e+01  -3.96078850e+00 
 -8.62152951e-01   1.22330132e+01   1.37672213e+00 
  9.10814105e-01   8.96332097e+00   1.87582812e+00 
  1.57436480e+00   7.28137588e+00  -1.46613092e+00 
  5.23873279e+00   8.33180023e+00  -1.41718542e+00 
  7.10148946e+00   7.07836560e+00  -4.55538206e+00 
  4.34552847e+00   4.55491118e+00  -5.34773167e+00 
 -3.73309441e-01  -1.23882472e+01  -5.71422380e+00 
 -3.96654380e+00  -1.33123276e+01  -6.60704112e+00 
 -5.47284882e+00  -1.08990468e+01  -4.07946611e+00 
 -7.99342901e+00  -1.16252053e+01  -1.37064135e+00 
 -9.65036940e+00  -8.67418169e+00   4.79047898e+00 
  7.26257645e-01   4.02623697e+00   1.18806379e+01 
 -3.78331295e-01   7.63640789e+00   1.17645949e+01 
  6.59196609e-01   7.89280336e+00   8.09598407e+00 
  3.84901999e+00   9.86092840e+00   7.47322342e+00 
  6.43613648e+00   7.27593296e+00   6.36151412e+00 
  9.31575751e+00   8.12544401e+00   3.98704070e+00 
  8.95764561e+00   2.86996229e+00   1.82547143e+00 
  9.70410152e+00  -6.00329690e-02   4.06477793e+00 
  7.40728057e+00  -2.29959262e+00   6.08222864e+00 
  7.30970234e+00  -6.06430560e+00   6.56578840e+00 
  5.23319984e+00  -8.56650014e+00   8.52000102e+00 
  1.23016415e-01  -1.00589689e+01   4.60690745e+00 
 -7.50490363e-01  -8.80026895e+00   1.16803935e+00 
 -4.33658588e+00  -7.62680848e+00   6.51712139e-01 
 -6.70596236e+00  -6.18809131e+00  -1.99236790e+00 
 -5.65516367e+00  -7.40938487e+00  -5.39238111e+00 
 -2.00948839e+00  -7.98380559e+00  -4.47007736e+00 
 -1.21482425e+00  -4.28100370e+00  -4.93832359e+00 
  1.68527302e+00  -3.61346161e+00  -7.35972405e+00 
  3.09643655e+00  -3.92569186e+00  -2.57347211e+00 
  2.12932040e+00  -3.54913059e-01  -1.92410611e+00 
 -3.08666752e-01   3.17862935e-02   9.83541725e-01 
 -1.65343086e+00  -9.93331193e-01   4.45246571e+00 
 -4.45589954e+00  -6.71328459e-01   7.05752111e+00 
 -6.70133322e+00  -3.66103231e+00   6.59807651e+00 
 -4.90583224e+00  -6.92901195e+00   5.93784633e+00 
 -4.15374605e+00  -7.04987912e+00   1.13753245e+01 
  5.89301615e-02  -4.52832592e+00   1.51795954e+01 
 -1.23509477e-01  -3.36724165e+00   1.15595625e+01 
  2.47151431e+00  -4.02093657e+00   8.79805259e+00 
  2.31057304e+00  -4.00993326e+00   4.99987514e+00 
  4.10966670e+00  -1.13304319e+00   3.37702309e+00 
  6.23131461e+00  -1.52908689e+00   3.05536088e-01 

   4.196447203704e+00 

 -1.63321165e+00   3.90298838e+00   1.29713700e-01 
 -2.18626191e+00   2.55241834e+00   2.09704174e-01 
 -1.19457535e+00  -1.29594015e-02  -2.52753611e+00 
  1.97696354e-01   5.49000280e+00  -9.66813536e-02 
 -2.06391314e+00   1.79956988e+00  -1.05044157e+00 
 -2.28147506e+00   2.44493033e+00  -2.12127484e+00 
 -3.63245859e+00   2.77827055e+00   6.34623542e-01 
  3.00560867e-02  -8.85152712e-01  -2.56484519e+00 
  1.23128681e+00   5.46632043e+00   9.83922714e-01 
 -3.55295326e+00   4.10463339e+00   1.38957786e+00 
 -4.06494215e-01  -2.20196422e+00  -2.27661877e+00 
  1.83189005e+00   6.86051144e+00   8.60656017e-01 
  6.66981514e-01   5.52630709e+00   2.39124358e+00 
  1.27216605e+00  -7.39723281e-01  -2.08179074e+00 
 -2.65789252e+00   4.88752206e+00   4.70463791e-01 
  6.06169617e-01  -3.10138955e+00  -2.66983593e+00 
  7.97516407e-01   7.79154653e+00   9.73768375e-01 
  2.72185412e+00   7.04419015e+00   1.91095706e+00 
 -2.83310843e-01   6.48616904e+00   2.59003551e+00 
  1.66029928e+00   5.53229201e+00   3.34389183e+00 
  2.29754207e+00  -1.67006941e+00  -1.93084248e+00 
  1.97934960e+00  -2.75708306e+00  -2.66193238e+00 
  9.48124088e-01   9.02227585e+00   1.61191757e+00 
  3.00138679e+00   8.29670131e+00   2.46176275e+00 
 -4.82537077e-01   6.96739921e+00   3.88533372e+00 
  1.54988575e+00   6.08242355e+00   4.62231953e+00 
  1.89149497e+00   9.12225658e+00   2.59667305e+00 
  5.15491105e-01   6.95488119e+00   4.82077077e+00 
 -1.51978122e+00  -2.26425233e+00  -9.00254717e-01 
  3.10406943e+00  -2.49530106e+00  -5.42727823e-01 
 -3.63999848e-01   4.17324443e+00  -4.00055350e-01 
  5.77899919e-01   6.29783771e+00  -1.21983102e+00 
  5.07620793e-01   3.26588947e+00  -5.80587100e-01 
 -1.54778764e+00   4.65856507e-01  -1.19101349e+00 
 -8.77831051e+00  -5.01413114e+00  -3.83780844e+00 
 -7.33701369e+00  -8.40658187e+00  -3.11455353e+00 
 -6.48619258e+00  -4.64147694e+00   4.39329456e+00 
 -8.42642751e+00  -2.10727392e+00   6.45936028e+00 
 -7.70755883e+00   4.98782749e-01   3.85875737e+00 
 -9.58483977e+00  -1.54006408e+00   1.24612258e+00 
 -1.27599152e+01  -8.46548690e-01   3.21301516e+00 
 -1.20990198e+01   2.36714581e+00   5.17070290e+00 
 -1.01457097e+01   5.42370212e+00   4.27163336e+00 
 -9.29722738e+00   1.10554376e+01   3.45247282e+00 
 -1.06774535e+01   9.69360375e+00   2.09218228e-01 
 -5.55715096e+00   5.69703735e+00   8.82633268e+00 
 -8.40500020e-01   8.68645481e+00   9.91930330e+00 
  7.84251195e-01   5.58173618e+00   8.57612428e+00 
 -1.78699471e+00   2.82218934e+00   8.11613800e+00 
 -6.47913171e-01   1.04966118e+00   1.12932530e+01 
 -2.68740529e+00  -2.16623711e+00   1.19159507e+01 
 -3.94996636e+00  -2.22391165e+00   8.31129311e+00 
 -3.07679514e+00  -1.00516431e+01  -7.41879187e+00 
 -4.99113925e+00  -8.55770658e+00  -1.03625658e+01 
 -3.58655897e+00  -5.06327527e+00  -9.81710325e+00 
 -1.83868551e+00  -2.83317494e+00  -1.23050376e+01 
  2.77631773e+00   2.44983273e+00  -1.18527395e+01 
  1.07824180e+01   6.23589179e+00   3.66548553e+00 
  9.68572559e+00   9.25103179e+00   5.65869383e+00 
  6.61690193e+00   7.36245737e+00   6.93010560e+00 
  6.81733425e+00   6.24942666e+00   1.05574006e+01 
  7.12280989e+00   2.44113833e+00   1.04353378e+01 
  5.78727928e+00   1.72161882e-01   1.32138399e+01 
  4.55164308e+00  -3.75595281e+00   9.28143394e+00 
  7.36923776e+00  -5.30970266e+00   7.33114504e+00 
  8.81101831e+00  -4.45599392e+00   3.93209218e+00 
  9.85610460e+00  -6.62600663e+00   9.96909691e-01 
  1.13600425e+01  -6.11224867e+00  -2.44780470e+00 
  6.22813533e+00  -5.07853389e+00  -6.47877993e+00 
  2.54039753e+00  -4.95438427e+00  -5.73164398e+00 
  6.23414072e-01  -1.98099586e+00  -7.14156303e+00 
 -2.87976244e+00  -4.41802722e-01  -7.32469268e+00 
 -5.44774649e+00  -3.18777816e+00  -7.18021866e+00 
 -3.23615526e+00  -5.66710531e+00  -5.32725774e+00 
 -4.01503249e+00  -3.99983783e+00  -1.98432941e+00 
 -5.35620312e+00  -6.41663339e+00   6.76467997e-01 
 -3.97730752e-01  -5.79759110e+00   8.42178913e-01 
 -7.33871729e-01  -2.61737741e+00   2.81211561e+00 
  1.03909020e+00   3.44353582e-01   1.18960002e+00 
  3.94627315e+00   1.87284811e+00  -8.36402556e-01 
  5.32445126e+00   4.92642458e+00  -2.71262290e+00 
  4.62437542e+00   4.34942943e+00  -6.36890100e+00 
  5.18681452e+00   8.02286550e-01  -7.56929520e+00 
  1.04855434e+01   2.22785306e+00  -7.76251454e+00 
  1.50329218e+01   2.41752552e+00  -3.53604323e+00 
  1.14340043e+01   1.94730835e+00  -2.39032102e+00 
  9.89526144e+00  -1.23724776e+00  -8.80901046e-01 
  6.33266522e+00  -2.52522279e+00  -5.62661766e-01 
  4.97533133e+00  -2.48969636e+00   2.94493824e+00 
  2.94308654e+00  -5.30519481e+00   4.37153758e+00 

   4.196447331707e+00 

  9.06704068e-01  -1.81011736e+00   2.87146327e+00 
  1.09549445e+00  -3.62894768e-01   2.79270798e+00 
 -2.04937695e+00   1.89831601e+00   2.56037809e+00 
 -3.53885860e-02  -3.92172272e+00   2.11266356e+00 
 -1.28244176e-01   3.99353810e-01   3.09462457e+00 
 -8.46862848e-01  -3.35036793e-02   4.04685859e+00 
  2.22807430e+00  -9.17824846e-02   3.77597499e+00 
 -2.81726034e+00   2.27500245e+00   1.32333133e+00 
  3.46752090e-01  -4.35978764e+00   7.34753697e-01 
  2.98875670e+00  -1.41725491e+00   3.77963459e+00 
 -2.50768866e+00   3.63174035e+00   1.05674975e+00 
  1.02171254e-01  -5.86096461e+00   8.14333798e-01 
  1.83888250e+00  -4.33182458e+00   4.60282067e-01 
 -3.02903868e+00   1.65529086e+00   1.53523882e-01 
  1.84287956e+00  -2.38830325e+00   3.83305695e+00 
 -3.47179597e+00   4.13937988e+00   1.61265751e-01 
  8.43746315e-01  -6.36664481e+00   1.88387583e+00 
  5.57613112e-01  -6.43798953e+00  -3.64041846e-01 
  2.61333739e+00  -4.90152901e+00   1.42960012e+00 
  2.13673062e+00  -4.77236477e+00  -8.09134739e-01 
 -3.54162164e+00   2.14153371e+00  -1.04670907e+00 
 -4.13019747e+00   3.32765522e+00  -7.93637781e-01 
  1.45709071e+00  -7.61877408e+00   1.85973806e+00 
  1.03305740e+00  -7.74916031e+00  -4.35449479e-01 
  3.87358369e+00  -5.38652626e+00   1.07515676e+00 
  3.34532027e+00  -5.35177125e+00  -1.20008639e+00 
  1.81914193e+00  -8.13163074e+00   6.45005173e-01 
  4.15205302e+00  -5.81026944e+00  -1.95344030e-01 
 -7.74014637e-01   3.97219049e+00   1.18395628e+00 
 -2.87877836e+00   2.50453713e+00  -2.68598789e+00 
 -1.63366667e-01  -2.47071377e+00   2.25250733e+00 
 -1.08637724e+00  -4.71484600e+00   2.68275197e+00 
 -8.75404736e-01  -1.92312362e+00   1.35320085e+00 
 -6.75165967e-01   1.46710885e+00   2.30360235e+00 
  1.35747903e-01   9.37059820e+00   7.42156508e+00 
 -4.03934420e-01   1.19504291e+01   4.74529975e+00 
  5.98679372e+00   7.51486112e+00   1.46625037e+00 
  9.04648483e+00   5.67787330e+00   2.77741386e+00 
  6.78548133e+00   3.21481938e+00   4.47818621e+00 
  5.28715397e+00   6.00129000e+00   6.59895784e+00 
  8.67499940e+00   6.32611645e+00   8.28644433e+00 
  1.03861815e+01   2.93649853e+00   7.86261236e+00 
  8.98845977e+00  -5.29424441e-01   7.86896580e+00 
  8.53968428e+00  -6.00255265e+00   9.58679986e+00 
  6.33246208e+00  -3.97062049e+00   1.18841458e+01 
  1.05251409e+01  -2.80544275e+00   2.00948858e+00 
  9.38737038e+00  -7.36356404e+00  -1.20099073e+00 
  7.03440486e+00  -4.94370815e+00  -2.84146755e+00 
  7.63282811e+00  -1.41930078e+00  -1.55369578e+00 
  9.52785381e+00  -4.43953192e-01  -4.71455190e+00 
  1.07160399e+01   3.22416247e+00  -4.56465322e+00 
  8.29972241e+00   4.03119557e+00  -1.71843135e+00 
 -6.44955446e+00   1.23187474e+01   3.10306758e+00 
 -7.78124010e+00   1.18600723e+01   6.64970154e+00 
 -7.61742561e+00   8.06188231e+00   6.48103507e+00 
 -1.03581270e+01   5.57129880e+00   7.19085611e+00 
 -1.17090412e+01  -1.03020891e+00   5.18871100e+00 
 -2.20065239e+00  -8.71404993e+00  -7.84183046e+00 
  4.21358268e-01  -1.12937827e+01  -6.98331346e+00 
  2.85101733e+00  -8.54675703e+00  -5.91019170e+00 
  5.69127632e+00  -7.88711468e+00  -8.34618693e+00 
  4.96839449e+00  -4.44368272e+00  -9.83999083e+00 
  7.73874987e+00  -2.08868197e+00  -1.10362869e+01 
  4.56082159e+00   2.33639129e+00  -9.38093206e+00 
  1.26669243e+00   2.93804022e+00  -1.10965365e+01 
 -2.25670199e+00   1.91355505e+00  -1.01493269e+01 
 -5.54902364e+00   3.80456532e+00  -1.01829029e+01 
 -9.18440835e+00   3.07789181e+00  -9.37807210e+00 
 -9.83834949e+00   4.28839446e+00  -2.91581475e+00 
 -7.29084846e+00   5.42833937e+00  -3.89166962e-01 
 -7.13993510e+00   3.46586212e+00   2.87114057e+00 
 -5.30526161e+00   3.30157082e+00   6.23002619e+00 
 -4.19387365e+00   6.76154773e+00   7.20429926e+00 
 -4.06051269e+00   8.12198676e+00   3.65422751e+00 
 -6.20159078e-01   6.56933358e+00   3.09320421e+00 
  2.03525674e+00   9.07370520e+00   1.91154302e+00 
 -3.01477812e-01   6.71178550e+00  -1.82451074e+00 
  1.92928054e+00   3.70865049e+00  -1.48935323e+00 
 -1.09868228e-03   4.56034316e-01  -9.97517626e-01 
 -3.03168341e+00  -1.83500021e+00  -1.67544659e+00 
 -4.96301538e+00  -5.01069256e+00  -7.11699394e-01 
 -7.77574955e+00  -3.91727274e+00   1.54317124e+00 
 -9.51438204e+00  -7.18216688e-01   5.02678182e-01 
 -1.22330040e+01  -3.92190603e+00  -3.03168648e+00 
 -1.09638337e+01  -6.07778072e+00  -8.71665414e+00 
 -8.19588388e+00  -4.45019687e+00  -6.67326607e+00 
 -6.50912921e+00  -1.06452226e+00  -7.36571110e+00 
 -4.56137668e+00   1.38013245e+00  -5.20189186e+00 
 -8.81455292e-01   1.53819183e+00  -5.96351448e+00 
  1.03386068e+00   4.76388787e+00  -6.10031292e+00 

   4.196447262403e+00 

  2.69663862e+00   4.72691507e-01   1.00946473e-01 
  1.92296102e+00   1.69674335e+00  -9.75489380e-02 
  8.58897859e-01   2.64250616e+00  -3.70727793e+00 
  3.10712439e+00  -1.90819265e+00  -1.90639488e-01 
  1.90864851e+00   2.15366094e+00  -1.49781550e+00 
  2.99961309e+00   2.05558432e+00  -2.13867504e+00 
  2.57531739e+00   2.69498696e+00   8.51662235e-01 
 -3.50667685e-01   2.16235696e+00  -4.46110629e+00 
  2.08303483e+00  -2.83186513e+00   3.87847666e-01 
  3.15867452e+00   1.78950383e+00   1.93577342e+00 
 -1.25402385e+00   3.25301129e+00  -4.50642384e+00 
  2.88684014e+00  -4.11572757e+00   5.46822976e-01 
  1.72522143e+00  -2.54287024e+00   1.83389451e+00 
 -1.06409010e+00   1.02806430e+00  -4.41957595e+00 
  3.74951249e+00   6.97343524e-01   1.08905963e+00 
 -2.21332022e+00   2.99356387e+00  -5.50718699e+00 
  4.01335844e+00  -3.83086402e+00   1.32099216e+00 
  2.09879470e+00  -5.04082439e+00   1.21919867e+00 
  2.79224014e+00  -2.35075636e+00   2.66363525e+00 
  8.03176557e-01  -3.43913299e+00   2.32462114e+00 
 -2.31160142e+00   7.25080617e-01  -4.95962254e+00 
 -2.61560244e+00   1.68251058e+00  -5.85865246e+00 
  4.54756321e+00  -4.72757078e+00   2.24574689e+00 
  2.62941274e+00  -6.04620902e+00   2.03035942e+00 
  2.62558527e+00  -2.59108985e+00   4.02874829e+00 
  6.53257773e-01  -3.78967410e+00   3.66770373e+00 
  3.70343881e+00  -5.64102390e+00   2.81386996e+00 
  1.69580472e+00  -3.47875789e+00   4.49653383e+00 
 -1.42650457e+00   4.05981609e+00  -2.93894306e+00 
 -3.96685617e+00   4.21559394e-01  -4.30666061e+00 
  2.54530574e+00  -6.60675209e-01  -7.09718868e-01 
  4.05874143e+00  -2.57918708e+00  -1.02897481e+00 
  1.54614002e+00  -8.21412945e-01  -1.47875371e+00 
  7.44003144e-01   2.52419550e+00  -2.25362907e+00 
  1.39244848e+00   1.18026125e+01  -3.92900460e+00 
 -2.14605568e+00   1.25394477e+01  -4.95135428e+00 
 -3.34466997e+00   8.95803055e+00   2.59877595e+00 
 -1.53266678e+00   8.86053414e+00   5.93980496e+00 
  1.29161060e+00   7.01046423e+00   4.30514310e+00 
  1.92201167e+00   9.95849505e+00   1.97733511e+00 
  3.00761332e+00   1.19378825e+01   5.03252589e+00 
  4.13650923e+00   9.35270882e+00   7.60928067e+00 
  5.89590811e+00   6.08267370e+00   7.18776570e+00 
  1.00467442e+01   2.20280474e+00   8.09581569e+00 
  1.12418320e+01   4.41505469e+00   5.27517294e+00 
  1.74509185e+00   1.78493996e+00   9.67275521e+00 
  1.19126053e+00  -3.86801364e+00   1.00124696e+01 
 -1.23703338e+00  -3.25211417e+00   7.21831021e+00 
 -1.83525090e+00   4.72999942e-01   6.76705443e+00 
 -5.20163778e+00   2.82393944e-01   8.54595714e+00 
 -6.90615834e+00   3.74067927e+00   8.70147720e+00 
 -4.63052588e+00   5.13435890e+00   5.96833440e+00 
 -3.33748076e+00   1.04552847e+01  -1.07495287e+01 
  8.04491580e-02   1.14126039e+01  -1.21508409e+01 
  1.73619793e+00   8.19597681e+00  -1.09705042e+01 
  3.73940834e+00   5.72161013e+00  -1.29911257e+01 
  5.23505242e+00  -1.12096445e+00  -1.23951191e+01 
 -3.16853090e+00  -1.12541936e+01  -3.14381724e-01 
 -1.36746783e+00  -1.23062497e+01   2.83459226e+00 
 -1.91012465e+00  -8.84761368e+00   4.36570062e+00 
 -4.55697700e+00  -8.70465787e+00   7.08783329e+00 
 -7.45988874e+00  -6.72832233e+00   5.57837940e+00 
 -9.82640831e+00  -4.59213868e+00   7.69693740e+00 
 -1.02691404e+01  -9.41438948e-01   3.34986425e+00 
 -1.18286686e+01  -2.13372051e+00   1.40045730e-01 
 -1.02633831e+01  -3.47540283e+00  -3.03971292e+00 
 -1.09661882e+01  -2.78383636e+00  -6.70635514e+00 
 -9.66007150e+00  -3.97404719e+00  -1.00633295e+01 
 -4.53398751e+00  -4.54177492e-02  -1.14572037e+01 
 -3.04427100e+00   2.79400391e+00  -9.48452613e+00 
  7.37857167e-01   2.74981803e+00  -9.04033978e+00 
  3.62936679e+00   4.70572793e+00  -7.46281975e+00 
  2.75155392e+00   8.36342389e+00  -7.38222727e+00 
 -1.01652386e+00   7.84073010e+00  -7.37294746e+00 
 -1.00637416e+00   7.18752015e+00  -3.61332061e+00 
 -3.42341740e+00   9.42519107e+00  -1.64603789e+00 
 -5.40301032e+00   5.04069076e+00  -3.00784403e+00 
 -3.83047588e+00   3.28001361e+00  -8.64418741e-02 
 -1.71066838e+00   2.78973248e-01  -1.11014349e+00 
 -9.97718680e-01  -2.76878316e+00  -3.36747285e+00 
  1.49863461e+00  -5.48008661e+00  -4.44493683e+00 
  3.14732492e+00  -4.23473890e+00  -7.59491224e+00 
  8.29140637e-01  -2.51635562e+00  -1.00469862e+01 
 -5.44899602e-01  -7.61063262e+00  -1.15656962e+01 
 -4.58161448e+00  -1.17955513e+01  -9.38183236e+00 
 -3.76351756e+00  -8.72024763e+00  -7.29394542e+00 
 -6.10557628e+00  -5.76852328e+00  -6.52610931e+00 
 -5.51509291e+00  -2.16976070e+00  -5.45259225e+00 
 -6.51477483e+00  -1.42303924e+00  -1.90436876e+00 
 -8.30978228e+00   1.72116219e+00  -9.12306151e-01 

   4.196447416543e+00 

 -4.89704982e-01  -7.55499447e-01   3.87044522e+00 
 -1.46288217e+00  -1.39836537e+00   2.98957740e+00 
 -3.25031027e+00   7.74027841e-01   3.16914669e-01 
  1.46168005e+00   6.32036545e-01   4.30528237e+00 
 -2.34168015e+00  -4.39744945e-01   2.29784008e+00 
 -2.75188541e+00   5.49093884e-01   2.97932779e+00 
 -2.21903600e+00  -2.34427665e+00   3.91506566e+00 
 -2.75253256e+00   1.12918533e+00  -1.05710280e+00 
  2.75877396e+00   1.44978841e-01   3.74235757e+00 
 -1.18801156e+00  -2.63698575e+00   5.00448951e+00 
 -3.51983007e+00   3.65645373e-01  -1.97138206e+00 
  3.76485468e+00   8.56735166e-01   4.63730280e+00 
  3.07451579e+00  -1.30458504e+00   4.06119654e+00 
 -1.52553450e+00   1.29164010e+00  -1.57225858e+00 
 -6.36693060e-01  -1.25791344e+00   5.23476027e+00 
 -3.36984633e+00   9.28928266e-01  -3.25562950e+00 
  3.47226843e+00   5.33714929e-01   5.96379615e+00 
  5.03314165e+00   3.83812545e-01   4.32635087e+00 
  2.90003683e+00  -1.65773409e+00   5.36839264e+00 
  4.29081765e+00  -1.69136330e+00   3.54620416e+00 
 -1.10676425e+00   1.38239613e+00  -2.89745156e+00 
 -2.19546351e+00   1.60850234e+00  -3.65965761e+00 
  4.45450205e+00   3.49774717e-01   6.93642282e+00 
  6.07667555e+00   3.37202691e-01   5.25328237e+00 
  3.61810519e+00  -2.74710901e+00   5.86509290e+00 
  5.09696077e+00  -2.71033920e+00   4.05714052e+00 
  5.69195069e+00  -6.37048080e-02   6.52720461e+00 
  4.82097739e+00  -3.12152730e+00   5.33200765e+00 
 -3.68066806e+00  -1.32778996e+00  -1.47729655e+00 
 -1.81841986e-01   3.33213708e-01  -4.03854688e+00 
  3.04761910e-01   3.25121725e-01   3.46342788e+00 
  1.54042991e+00   1.96802217e+00   4.82254257e+00 
  4.53613881e-01   6.40681860e-01   2.24118933e+00 
 -2.62657804e+00  -4.19028181e-01   8.89531636e-01 
 -1.17582550e+01  -2.64391624e+00  -9.94937534e-02 
 -1.18453016e+01  -3.46956525e+00  -3.76281067e+00 
 -5.76216671e+00  -8.66517406e+00  -1.06671531e+00 
 -5.02775357e+00  -1.06806345e+01   2.07238089e+00 
 -4.63597066e+00  -7.47763315e+00   3.98514909e+00 
 -8.24911756e+00  -6.54146962e+00   3.22630618e+00 
 -9.30169197e+00  -9.46388243e+00   5.41313152e+00 
 -6.39240245e+00  -1.00787948e+01   7.81213377e+00 
 -4.03106973e+00  -7.69548012e+00   9.45840725e+00 
 -1.29583940e+00  -5.23394926e+00   1.38818424e+01 
 -4.55494116e+00  -3.36858797e+00   1.34610894e+01 
  1.77459067e+00  -9.55550283e+00   7.28820062e+00 
  7.15155185e+00  -7.69978031e+00   7.43910623e+00 
  6.29142993e+00  -6.58764432e+00   3.95964837e+00 
  2.92315182e+00  -7.99382717e+00   2.90355564e+00 
  4.56886456e+00  -1.06764667e+01   7.52188432e-01 
  1.93373013e+00  -1.28976578e+01  -9.83227439e-01 
 -8.36506596e-01  -1.03483429e+01  -3.36957941e-01 
 -1.15885719e+01   1.71627272e+00  -7.28747988e+00 
 -1.38155817e+01   3.78899098e+00  -4.98385897e+00 
 -1.09393077e+01   4.79010287e+00  -2.70211935e+00 
 -9.89739836e+00   8.25454827e+00  -1.63895935e+00 
 -3.89164593e+00   1.11821805e+01   5.45817283e-01 
  1.15192199e+01   2.20169229e+00  -5.03910501e-01 
  1.30565301e+01   7.36932576e-01   2.61989245e+00 
  1.05787465e+01  -2.17088525e+00   2.54152745e+00 
  1.20506169e+01  -5.49248707e+00   1.42944088e+00 
  1.05124254e+01  -6.18706323e+00  -2.00025032e+00 
  9.90423046e+00  -9.73155409e+00  -3.31123684e+00 
  5.25855053e+00  -7.83628521e+00  -6.00314043e+00 
  5.67018468e+00  -5.29585399e+00  -8.74783182e+00 
  5.41253138e+00  -1.51533482e+00  -8.69937704e+00 
  3.74199658e+00   9.48569849e-01  -1.10562639e+01 
  3.35541517e+00   4.71244841e+00  -1.13312363e+01 
 -2.00496470e+00   6.20198564e+00  -7.76735056e+00 
 -4.30407613e+00   3.96987583e+00  -5.79126057e+00 
 -5.10128282e+00   5.07799935e+00  -2.23595607e+00 
 -7.09806341e+00   4.07822165e+00   8.76668449e-01 
 -1.01543675e+01   2.15413806e+00  -1.78185504e-01 
 -8.69566528e+00   9.13257370e-01  -3.46513298e+00 
 -6.84817563e+00  -1.90986064e+00  -1.68234781e+00 
 -7.58574255e+00  -5.39128930e+00  -3.11590173e+00 
 -3.55534456e+00  -3.20921297e+00  -5.11378751e+00 
 -1.39292776e+00  -4.27996297e+00  -2.23544168e+00 
  4.29238356e-01  -1.37339913e+00  -5.68292434e-01 
  2.24748773e+00   2.02773201e+00  -7.06383070e-01 
  3.69116183e+00   5.00313388e+00   1.24468643e+00 
  1.07913987e+00   7.71630672e+00   1.15818752e+00 
 -6.93462508e-01   8.13083838e+00  -2.16227842e+00 
  3.76927675e+00   1.09702227e+01  -3.63469857e+00 
  9.34219239e+00   9.35545896e+00  -5.85112827e+00 
  7.04318904e+00   6.67186228e+00  -4.43730063e+00 
  5.23791604e+00   3.91114085e+00  -6.41387403e+00 
  2.18462148e+00   1.75841513e+00  -5.71001883e+00 
  2.95694747e+00  -1.86085231e+00  -5.03823310e+00 
  9.09860019e-01  -4.67579983e+00  -6.44456407e+00 

   4.196447266942e+00 

