 -2.67920343e+00  -2.70780832e+00  -3.61322380e+00 
 -2.98883000e+00  -3.89659739e+00  -2.81791173e+00 
 -1.16815433e+00  -3.16209552e+00  -3.81846906e+00 
 -6.56460156e-01  -3.08864211e+00  -2.40637437e+00 
 -2.45540384e-01  -1.61257246e+00  -2.32690933e+00 
 -1.10716718e+00  -8.14493564e-01  -3.26423036e+00 
 -2.49672220e+00  -1.39249799e+00  -2.95243236e+00 
  1.19948725e+00  -1.66590461e+00  -2.69038927e+00 
  1.89980853e+00  -1.61409560e+00  -1.43585746e+00 
  1.62697771e+00  -2.64341891e+00  -5.13318025e-01 
  1.59295072e+00  -3.82132848e+00  -9.84471513e-01 
  2.04878173e+00  -2.37589883e+00   9.03769131e-01 
  1.51739608e+00  -3.48415323e+00   1.64891833e+00 
  3.54080418e+00  -2.45779887e+00   9.31989740e-01 
  3.78885814e+00  -3.33299367e+00   2.15034508e+00 
  2.63753779e+00  -4.29437381e+00   2.04298260e+00 
  1.14817853e-01  -3.75397324e+00   1.70141630e+00 
 -6.23038902e-01  -6.05969647e+00   1.38240757e+00 
 -7.22292957e-01  -3.17426428e+00   9.80799320e-01 
  3.98311940e-01  -7.04869295e+00   1.14675572e+00 
 -2.45428342e-01  -5.05826999e+00   2.34338125e+00 
 -1.26772457e+00  -4.77986218e+00   3.39367408e+00 
 -5.92755856e-01  -4.19244541e+00   4.56743204e+00 
  7.02772993e-01  -4.61907469e+00   4.80611256e+00 
  1.38775287e+00  -4.10982278e+00   5.90004240e+00 
  9.84481046e-01  -2.89667565e+00   6.44210810e+00 
 -1.44992997e-01  -2.31802124e+00   5.90981401e+00 
 -7.98881841e-01  -2.83760282e+00   4.79577914e+00 
  7.02744341e+00   1.96831454e+00  -7.89346530e+00 
  5.41584713e+00   5.22214043e+00  -8.86308842e+00 
  6.05677568e+00   6.12618192e+00  -4.96958762e-01 
  8.52667477e+00   5.11669279e+00   2.20864460e+00 
  7.58552404e+00   1.49286191e+00   1.60930464e+00 
  8.87026672e+00   1.75883566e+00  -1.96833132e+00 
  1.23609416e+01   2.17817533e+00  -5.28329644e-01 
  1.22969877e+01   5.63214407e-01   2.92152497e+00 
  1.04171163e+01  -2.48303563e+00   4.15551481e+00 
  9.87287082e+00  -7.67053269e+00   6.60167429e+00 
  1.06863973e+01  -8.29079475e+00   2.98836299e+00 
  1.43435540e+01  -7.31202831e+00   3.19579658e+00 
  1.36904220e+01  -4.18287544e+00   1.15897185e+00 
  6.64513769e+00  -2.03899521e-01   8.83409964e+00 
  2.48248059e+00  -1.96894420e+00   1.22583257e+01 
  4.19829842e-01  -4.57496949e-02   9.77346950e+00 
  2.62605702e+00   1.94534608e+00   7.38876147e+00 
  1.83526144e+00   5.16695762e+00   9.25296780e+00 
  3.66971377e+00   8.15529143e+00   7.70806194e+00 
  4.37129832e+00   6.28374910e+00   4.46392165e+00 
  4.00230272e-01   4.31046482e+00  -1.25162081e+01 
  1.95747960e+00   1.45500700e+00  -1.44735650e+01 
  9.67272326e-01  -1.16578842e+00  -1.19391861e+01 
 -5.00077782e+00  -8.54213323e+00  -8.53580640e+00 
 -5.43326464e+00  -2.40701144e+00   1.04371604e+01 
 -3.99661993e+00   8.17060345e+00   5.93866532e+00 
 -7.20936042e+00   8.47919619e+00   3.97646926e+00 
 -9.02101227e+00   5.90250593e+00   1.83674673e+00 
 -1.06329626e+01   6.11749059e+00  -1.60617702e+00 
 -4.40535088e+00   9.93653580e-01  -7.40273563e+00 
 -2.47035947e+00  -2.32633292e+00  -7.37823906e+00 
  1.13171315e+00  -3.74166706e+00  -7.34006041e+00 
  3.40750232e+00  -1.34330109e+00  -9.11481204e+00 
  1.23645292e+00   1.71502745e+00  -8.41755748e+00 
  2.67287119e+00   2.19195834e+00  -4.96551057e+00 
  4.19990458e+00   5.59023185e+00  -4.30056449e+00 
 -5.69394439e-01   5.29461096e+00  -3.00012089e+00 
  3.07291183e-01   3.48547588e+00   2.53084373e-01 
 -1.48771271e+00   2.17274806e-01   8.42151823e-01 
 -4.53279025e+00  -1.99248409e+00   6.03407756e-01 
 -5.86969109e+00  -5.56344971e+00   8.14788883e-01 
 -5.82140638e+00  -7.15397689e+00  -2.59724458e+00 
 -6.79880898e+00  -4.82053669e+00  -5.42163588e+00 
 -1.20897144e+01  -2.80886797e+00   5.27554067e-01 
 -1.05649850e+01   6.35153726e-01  -2.12897682e-01 
 -7.10351586e+00   1.80310988e+00  -1.26560964e+00 
 -5.25030274e+00   3.71385449e+00   1.41847741e+00 
 -3.27318412e+00   6.86526770e+00   7.58356645e-01 

   8.291037692481e-01 

 -2.37451257e+00  -5.44353447e+00  -1.97786663e+00 
 -2.30193760e+00  -4.93993305e+00  -3.34999151e+00 
 -3.70625059e+00  -4.62476601e+00  -1.68144452e+00 
 -3.19711596e+00  -3.21297505e+00  -1.77568408e+00 
 -2.69388384e+00  -2.99361723e+00  -3.42995197e-01 
 -2.27245671e+00  -4.31530141e+00   2.34440182e-01 
 -1.46788694e+00  -4.90526510e+00  -9.34656991e-01 
 -3.87545015e+00  -2.36625211e+00   3.15322098e-01 
 -3.59089696e+00  -9.57007335e-01   3.23385602e-01 
 -3.39110790e+00  -3.42378241e-01  -9.28560342e-01 
 -4.21886435e+00  -6.49684062e-01  -1.84015351e+00 
 -2.72472828e+00   1.00385293e+00  -8.93616170e-01 
 -2.49591027e+00   1.32413424e+00  -2.27596358e+00 
 -3.72692276e+00   1.96659998e+00  -3.43748473e-01 
 -3.62296268e+00   3.12720292e+00  -1.32064757e+00 
 -3.40352413e+00   2.38727276e+00  -2.61126275e+00 
 -1.67943401e+00   5.03927411e-01  -3.11463071e+00 
 -2.51417357e+00  -5.03655414e-02  -5.34138732e+00 
 -1.25745663e+00  -6.19350708e-01  -2.77362557e+00 
 -3.80547092e+00   4.73868340e-01  -5.70798178e+00 
 -1.71851181e+00   8.64659506e-01  -4.56771761e+00 
 -3.09895278e-01   1.01987042e+00  -5.03404991e+00 
  2.08012582e-01   2.31441294e+00  -4.55002832e+00 
 -7.13764671e-01   3.34069791e+00  -4.43872328e+00 
 -2.85859770e-01   4.58359665e+00  -3.99685822e+00 
  8.85597444e-01   4.66988732e+00  -3.25817651e+00 
  1.60736375e+00   3.51032088e+00  -3.09139830e+00 
  1.14226747e+00   2.27084264e+00  -3.52264710e+00 
 -8.88324788e+00  -2.99716793e+00   7.29876645e+00 
 -6.77881769e+00  -4.98025508e+00   9.69950494e+00 
 -1.96495070e+00   1.85383787e+00   8.54107530e+00 
 -2.53264565e+00   5.57050157e+00   7.98979250e+00 
 -4.04411946e+00   4.76057031e+00   4.60798612e+00 
 -6.80297605e+00   2.77113153e+00   6.32602875e+00 
 -8.06024274e+00   6.04869877e+00   7.77899882e+00 
 -6.83934134e+00   8.79554653e+00   5.43850648e+00 
 -6.40157443e+00   8.78102869e+00   1.67760147e+00 
 -7.20039036e+00   1.06895397e+01  -3.69916032e+00 
 -1.01074021e+01   8.43697595e+00  -2.93903435e+00 
 -1.19037031e+01   1.08243608e+01  -6.04622669e-01 
 -1.10997955e+01   8.62225623e+00   2.37385300e+00 
 -1.28325051e-01   9.89351601e+00   8.29043652e-01 
  3.69062474e+00   1.00612146e+01  -3.36093323e+00 
  4.56787216e+00   6.70934831e+00  -1.90383344e+00 
  2.73771513e+00   6.10673338e+00   1.38343258e+00 
  5.91027027e+00   6.83990463e+00   3.35237514e+00 
  5.29579124e+00   6.58854173e+00   7.12614919e+00 
  2.05698976e+00   4.63702875e+00   6.65589883e+00 
 -6.03125279e+00  -1.08981935e+01   7.76255048e+00 
 -9.57913639e+00  -1.12479638e+01   6.45867258e+00 
 -8.77062400e+00  -9.72424078e+00   3.09760468e+00 
 -6.54463668e+00  -1.03247834e+01  -6.71542034e+00 
  7.62112234e+00   3.71504959e+00  -6.59282696e+00 
  9.31575417e+00   4.08233509e-01   4.37892240e+00 
  1.04505843e+01  -3.14965755e+00   3.81263769e+00 
  9.14392122e+00  -5.77175166e+00   1.38014031e+00 
  8.33580416e+00  -9.46908741e+00   1.79840784e+00 
 -1.58848151e+00  -9.71740213e+00   1.50874611e+00 
 -4.47846110e+00  -8.26066655e+00  -5.63234741e-01 
 -7.51501362e+00  -5.87715203e+00  -2.84337990e-01 
 -8.84100587e+00  -5.99030080e+00   3.22423112e+00 
 -5.51208746e+00  -7.01710755e+00   4.77889927e+00 
 -4.24279834e+00  -3.46955318e+00   4.88457819e+00 
 -3.18894609e+00  -2.22615990e+00   8.30007520e+00 
  5.35978476e-01  -4.18660605e+00   5.69118929e+00 
  9.32082523e-01  -9.89561673e-01   3.63037377e+00 
  8.35756592e-01  -1.43644577e+00  -1.16771205e-01 
  1.60642870e+00  -3.38111505e+00  -3.25313405e+00 
  8.44464489e-01  -3.81346623e+00  -6.97015706e+00 
 -1.92373709e+00  -6.32385854e+00  -7.42731096e+00 
 -1.75008359e+00  -9.28669244e+00  -5.06744984e+00 
  6.11430440e+00  -8.12206800e+00  -7.12376980e+00 
  6.38778332e+00  -7.97404151e+00  -3.29785048e+00 
  4.09169124e+00  -6.70019969e+00  -5.48413063e-01 
  5.35459220e+00  -3.58446011e+00   1.17985704e+00 
  5.23336042e+00  -3.07067919e+00   4.92118554e+00 

   8.291037646117e-01 

 -5.88577202e+00  -3.41731827e+00   1.12599262e+00 
 -6.00923371e+00  -3.00622972e+00   2.52505589e+00 
 -4.45708781e+00  -4.07051338e+00   1.37891304e+00 
 -3.64507992e+00  -2.85154378e+00   1.71947505e+00 
 -3.22935888e+00  -2.38361771e+00   3.18703434e-01 
 -4.27879959e+00  -2.80786427e+00  -6.69520703e-01 
 -5.56359782e+00  -2.41794421e+00   7.84101149e-02 
 -1.90084902e+00  -3.03838013e+00   1.47149879e-01 
 -9.39797469e-01  -2.01121142e+00   4.44275835e-01 
 -9.99399860e-01  -1.43861542e+00   1.73020752e+00 
 -1.13504489e+00  -2.24944695e+00   2.69703618e+00 
 -2.74219242e-01  -1.33082467e-01   1.89546426e+00 
 -6.25162329e-01   3.04393185e-01   3.21881980e+00 
  1.18702747e+00  -4.45850270e-01   1.87168439e+00 
  1.70071812e+00   3.40870446e-01   3.06714782e+00 
  5.55937068e-01   1.69792422e-01   4.02711750e+00 
 -1.98067495e+00   5.58341091e-01   3.59412181e+00 
 -2.76683315e+00  -3.32165058e-01   5.72757072e+00 
 -2.95778981e+00   2.57506587e-01   2.87938264e+00 
 -1.82173192e+00  -1.08446218e+00   6.51339640e+00 
 -2.18728805e+00   8.00984037e-01   5.05750434e+00 
 -2.95172481e+00   2.07389241e+00   5.20257698e+00 
 -2.03372718e+00   3.20578713e+00   4.96926163e+00 
 -7.17336894e-01   3.01655778e+00   5.35307238e+00 
  1.92329031e-01   4.04751275e+00   5.16627625e+00 
 -8.09590233e-02   5.02419973e+00   4.22162558e+00 
 -1.30321131e+00   4.96084600e+00   3.59009193e+00 
 -2.18699885e+00   3.90119818e+00   3.77630420e+00 
  2.62147593e+00  -7.87208462e+00  -5.36912171e+00 
  8.29301352e-01  -7.36972754e+00  -8.63416743e+00 
  3.30839589e+00   5.04868756e-01  -6.88351201e+00 
  6.31866696e+00   2.15438606e+00  -5.25344678e+00 
  5.27433958e+00   6.18822321e-01  -1.94760377e+00 
  5.73304279e+00  -2.86223112e+00  -3.42835736e+00 
  9.45543952e+00  -2.12806815e+00  -3.62593400e+00 
  1.01611198e+01   5.40629592e-01  -1.00034337e+00 
  8.60711115e+00   1.07997373e+00   2.41000382e+00 
  8.62808231e+00   1.76057240e+00   8.13070176e+00 
  8.62092255e+00  -1.94334415e+00   7.51138482e+00 
  1.22312782e+01  -2.19840846e+00   6.38174414e+00 
  1.11371830e+01  -2.92119445e+00   2.82543607e+00 
  5.96291258e+00   6.92507351e+00   2.01699567e+00 
  2.66654902e+00   1.03785934e+01   5.07899661e+00 
  1.00759605e-01   9.14491470e+00   2.62492713e+00 
  1.71960309e+00   7.13273207e+00  -1.76718218e-01 
  1.35638558e+00   1.00659633e+01  -2.57330610e+00 
  2.79725696e+00   9.23058936e+00  -6.02412219e+00 
  2.76503617e+00   5.48312258e+00  -5.33502434e+00 
 -4.87007813e+00  -9.98585394e+00  -8.56032695e+00 
 -3.78088068e+00  -1.30461016e+01  -6.59605537e+00 
 -4.17966165e+00  -1.13552989e+01  -3.24130043e+00 
 -9.23123836e+00  -9.37017040e+00   5.25293752e+00 
 -5.45523491e+00   1.02124760e+01   5.50005874e+00 
 -5.07058228e+00   9.20763575e+00  -6.03373802e+00 
 -8.63906307e+00   8.17081684e+00  -6.71052084e+00 
 -1.08757049e+01   5.73784599e+00  -4.81898993e+00 
 -1.32115461e+01   2.97034219e+00  -5.99500324e+00 
 -8.41593613e+00  -5.34541385e+00  -3.44799837e+00 
 -6.51792396e+00  -6.80844014e+00  -4.43958863e-01 
 -2.99466184e+00  -7.98750187e+00   6.40464610e-01 
 -1.17342593e+00  -9.31921626e+00  -2.35799384e+00 
 -3.14104526e+00  -7.22645651e+00  -4.86834026e+00 
 -9.75530429e-01  -4.18854657e+00  -4.33069948e+00 
  6.55030396e-01  -2.78848548e+00  -7.44573308e+00 
 -3.70648623e+00  -6.87972145e-01  -6.40179670e+00 
 -2.12687688e+00   1.53941439e+00  -3.72438957e+00 
 -3.74080638e+00   1.39408555e+00  -3.14944269e-01 
 -6.75911849e+00   1.09146223e+00   1.92352135e+00 
 -8.00964815e+00   4.03427624e-01   5.46563133e+00 
 -8.71664137e+00  -3.27067536e+00   5.88400646e+00 
 -1.03002201e+01  -4.91090147e+00   2.85426100e+00 
 -1.41432354e+01   2.33644424e+00   3.22914043e+00 
 -1.28267087e+01   2.45597841e+00  -3.74572014e-01 
 -9.68698768e+00   1.14150282e+00  -2.06817186e+00 
 -7.28790643e+00   3.85090347e+00  -3.16052133e+00 
 -5.51195538e+00   3.85462333e+00  -6.49551596e+00 

   8.291037331517e-01 

  3.63952697e+00   1.02024038e+00   3.89138619e+00 
  2.91745420e+00   1.74187161e+00   4.93994674e+00 
  2.86187220e+00  -3.33096385e-01   4.20042617e+00 
  1.46133832e+00   4.98162801e-02   3.80912669e+00 
  1.48864247e+00  -2.60218882e-01   2.30676842e+00 
  2.89341701e+00  -9.54767445e-02   1.79946068e+00 
  3.29389025e+00   1.23100603e+00   2.46446484e+00 
  9.61606845e-01  -1.65422248e+00   2.26125510e+00 
 -4.22735248e-01  -1.51584571e+00   1.89869981e+00 
 -1.23264146e+00  -7.53927930e-01   2.76388827e+00 
 -1.09192484e+00  -9.80279935e-01   4.00468395e+00 
 -2.54491827e+00  -2.96679084e-01   2.19250606e+00 
 -3.08557866e+00   5.77637340e-01   3.19704443e+00 
 -3.41803576e+00  -1.50588840e+00   2.09703791e+00 
 -4.72223267e+00  -1.00532127e+00   2.69743532e+00 
 -4.20236231e+00  -1.08766940e-01   3.78704555e+00 
 -2.40340736e+00   1.76351235e+00   3.61062879e+00 
 -2.23610059e+00   2.21578089e+00   6.00437207e+00 
 -1.23322525e+00   2.03413590e+00   3.27366067e+00 
 -2.83185007e+00   1.25425083e+00   6.89723989e+00 
 -2.99940257e+00   2.44068125e+00   4.80617014e+00 
 -3.20921811e+00   3.87570487e+00   4.45629227e+00 
 -4.39854486e+00   3.98102287e+00   3.58866961e+00 
 -5.40555948e+00   3.05907443e+00   3.81373049e+00 
 -6.55294404e+00   3.11228965e+00   3.03577972e+00 
 -6.49848019e+00   3.73755724e+00   1.79669599e+00 
 -5.31720956e+00   4.35693637e+00   1.46012165e+00 
 -4.17268299e+00   4.26592812e+00   2.24776397e+00 
  2.66427897e+00  -9.45077218e+00  -9.88350103e-01 
  5.04642891e+00  -8.71727453e+00  -3.80120547e+00 
 -1.81517906e+00  -4.48972258e+00  -6.30444828e+00 
 -5.57963263e+00  -4.96658081e+00  -6.10134287e+00 
 -5.36073791e+00  -4.49131456e+00  -2.34589757e+00 
 -3.15493541e+00  -7.58807003e+00  -2.09023474e+00 
 -6.16550808e+00  -9.64172240e+00  -3.16410460e+00 
 -9.24310247e+00  -7.60501076e+00  -2.21865228e+00 
 -9.84315207e+00  -5.32091405e+00   7.40931614e-01 
 -1.26241503e+01  -3.41860525e+00   5.41396393e+00 
 -1.03190803e+01  -6.13783803e+00   6.59505937e+00 
 -1.23140716e+01  -9.03700475e+00   5.18414815e+00 
 -9.63925468e+00  -9.69760568e+00   2.58111136e+00 
 -1.09900829e+01   4.16756955e-01  -1.91899308e+00 
 -1.17920111e+01   5.80922052e+00  -3.54775031e-01 
 -8.23336167e+00   6.06622770e+00  -1.53699662e+00 
 -7.12289263e+00   2.87107530e+00  -3.29101023e+00 
 -7.47535713e+00   4.54444288e+00  -6.69027942e+00 
 -6.61354056e+00   2.12127798e+00  -9.53063999e+00 
 -4.81318526e+00  -2.80809064e-01  -7.18371501e+00 
  1.05737077e+01  -6.66498503e+00  -1.66343148e+00 
  1.06524373e+01  -9.02567460e+00   1.30824278e+00 
  8.60672376e+00  -6.73717206e+00   3.51051089e+00 
  7.61148339e+00   1.93968678e-01   1.07617022e+01 
 -6.01035708e+00   1.12827686e+01   1.31271101e+00 
 -9.14169282e-01   7.41393954e+00  -8.34379080e+00 
  2.51745229e+00   8.93305484e+00  -7.91556180e+00 
  4.68306940e+00   9.23394162e+00  -4.79796810e+00 
  8.38672660e+00   8.59518620e+00  -4.18703920e+00 
  8.44104697e+00   2.36467276e-01   1.17631434e+00 
  6.62093419e+00  -1.30034819e+00   4.19169322e+00 
  4.27271190e+00  -4.22214683e+00   5.15527089e+00 
  4.94425465e+00  -7.13191488e+00   2.88295387e+00 
  6.26130759e+00  -4.98689401e+00   1.63815567e-02 
  2.79845529e+00  -4.20692870e+00  -1.25158223e+00 
  2.15107550e+00  -5.12365934e+00  -4.86583547e+00 
  3.70745977e+00  -4.59768187e-01  -4.27384755e+00 
  2.20194675e-01   6.94175412e-01  -3.20976130e+00 
  4.11052992e-02   2.54385022e+00   7.60816082e-02 
  1.45237842e+00   4.93679096e+00   2.62454137e+00 
  1.25440617e+00   6.19844603e+00   6.22354354e+00 
  3.61485284e+00   4.23431753e+00   8.40173190e+00 
  6.92869060e+00   3.40113551e+00   6.75804310e+00 
  5.55397168e+00   1.11140240e+01   4.29738389e+00 
  6.04326167e+00   9.39816715e+00   8.98749397e-01 
  5.20774653e+00   5.93983752e+00  -4.41353985e-01 
  2.43843381e+00   5.92278770e+00  -3.01435272e+00 
  2.54744182e+00   3.88436826e+00  -6.19384831e+00 

   8.291037532014e-01 

  1.88860583e+00  -5.92319445e+00  -1.47019682e-01 
  7.48146483e-01  -6.26499662e+00  -9.97977313e-01 
  2.59363907e+00  -5.10327880e+00  -1.31425476e+00 
  1.61927638e+00  -3.97205769e+00  -1.49369058e+00 
  2.12872208e+00  -2.98453305e+00  -4.35760041e-01 
  2.78016396e+00  -3.75473882e+00   6.77929487e-01 
  1.75567518e+00  -4.87908202e+00   8.98034053e-01 
  3.05025624e+00  -2.11986806e+00  -1.22708709e+00 
  2.28694555e+00  -9.38249472e-01  -1.52396942e+00 
  1.09628382e+00  -1.11850698e+00  -2.25528175e+00 
  1.16740758e+00  -1.89610120e+00  -3.25572881e+00 
  1.31431969e-01   3.28118515e-02  -2.22197780e+00 
 -1.03961410e+00  -4.64210104e-01  -2.89089926e+00 
  7.28394751e-01   1.11957633e+00  -3.05636304e+00 
 -4.50508097e-01   1.54374263e+00  -3.91794168e+00 
 -1.11538327e+00   2.15948003e-01  -4.15506017e+00 
 -1.76287610e+00  -1.59637729e+00  -2.40319535e+00 
 -2.43258884e+00  -3.30945970e+00  -4.00923248e+00 
 -1.34664761e+00  -2.33286103e+00  -1.48643977e+00 
 -2.05819267e+00  -3.10144338e+00  -5.38518090e+00 
 -2.82465793e+00  -2.10399434e+00  -3.32949660e+00 
 -4.09359992e+00  -2.20697212e+00  -2.55173613e+00 
 -4.65224669e+00  -8.52065067e-01  -2.37717455e+00 
 -4.41541005e+00   4.56544845e-02  -3.40371126e+00 
 -4.92207451e+00   1.33323114e+00  -3.30303603e+00 
 -5.23194897e+00   1.83733525e+00  -2.04651803e+00 
 -5.10691381e+00   9.78880763e-01  -9.78305396e-01 
 -4.57116958e+00  -3.00026394e-01  -1.10480814e+00 
  1.10270683e+01   1.13769356e+00  -1.16546127e+00 
  1.20491644e+01   8.62193409e-01   2.44067945e+00 
  5.37257421e+00   5.99300154e+00   3.00481419e+00 
  3.83604036e+00   8.76620833e+00   9.10022249e-01 
  2.96243391e+00   6.18604645e+00  -1.72752736e+00 
  6.66702249e+00   5.43324520e+00  -2.20723482e+00 
  7.04745177e+00   8.94112455e+00  -3.61588437e+00 
  3.61332440e+00   9.94863924e+00  -4.92178015e+00 
  9.14106469e-01   7.85652858e+00  -6.55688731e+00 
 -2.83302738e+00   6.44243732e+00  -1.06980624e+01 
  4.58508410e-01   4.93611156e+00  -1.16977391e+01 
  2.12308728e+00   8.18303419e+00  -1.27285058e+01 
  4.44300929e+00   8.02139420e+00  -9.73539714e+00 
 -4.11995713e+00   8.43014755e+00  -2.60206260e+00 
 -9.34067650e+00   6.31586937e+00  -1.93688847e+00 
 -7.57048180e+00   4.35486493e+00   7.36789644e-01 
 -4.02672442e+00   5.64425529e+00   1.28269832e+00 
 -5.09762099e+00   7.40777630e+00   4.47997449e+00 
 -2.16619868e+00   9.28260961e+00   6.08429956e+00 
  4.19887949e-01   7.33705338e+00   4.07275133e+00 
  1.27815755e+01  -5.11949936e+00   4.17724623e+00 
  1.43625663e+01  -6.20211057e+00   9.00309431e-01 
  1.10436636e+01  -6.78616812e+00  -8.07307168e-01 
  3.53950581e+00  -1.26919946e+01  -4.03527196e+00 
 -1.13069232e+01  -6.80136741e-01   1.71796077e+00 
 -3.94634362e+00   2.69535676e+00   1.00013070e+01 
 -3.56004185e+00  -5.55571756e-01   1.18852896e+01 
 -3.19961865e+00  -4.11138704e+00   1.05714815e+01 
 -8.74209956e-01  -6.96865159e+00   1.15342120e+01 
  5.40901631e+00  -7.52554928e+00   3.86297608e+00 
  5.32164614e+00  -7.52010989e+00   2.11683220e-02 
  6.45844572e+00  -5.44151541e+00  -3.03932978e+00 
  9.61791151e+00  -3.61265511e+00  -2.17090128e+00 
  8.91142787e+00  -3.53948885e+00   1.57723328e+00 
  6.69023107e+00  -5.06990794e-01   1.29868471e+00 
  7.69889320e+00   2.44354258e+00   3.44325174e+00 
  4.44259667e+00  -5.63986862e-01   5.65142644e+00 
  1.53071234e+00   9.57358171e-01   3.69405863e+00 
 -6.37254677e-01  -1.49676805e+00   1.81592303e+00 
 -2.34489114e+00  -4.84052881e+00   1.47565461e+00 
 -4.07241804e+00  -7.27859256e+00  -9.02443398e-01 
 -1.54742057e+00  -9.67254873e+00  -2.34025827e+00 
  1.09434881e+00  -1.08222228e+01   1.24837963e-01 
 -5.76066712e+00  -1.08455615e+01   4.64607218e+00 
 -3.53134698e+00  -8.59274685e+00   6.81153466e+00 
 -8.15624100e-01  -6.05075016e+00   6.02594380e+00 
 -1.80723212e+00  -2.47639811e+00   6.75422241e+00 
  4.68708014e-01   2.59964097e-02   8.43776941e+00 

   8.291037295365e-01 

 -5.41988243e+00  -9.24307485e-01  -4.96984723e-01 
 -5.93694310e+00  -1.06729753e+00   8.64563309e-01 
 -4.57878649e+00  -2.27040259e+00  -3.85805742e-01 
 -3.58273395e+00  -1.89458744e+00   6.76216967e-01 
 -2.49109500e+00  -1.23388697e+00  -1.75696603e-01 
 -3.12268904e+00  -6.36044071e-01  -1.40108173e+00 
 -4.34986830e+00   5.98204687e-02  -7.91175489e-01 
 -1.56148593e+00  -2.37008136e+00  -4.36379165e-01 
 -4.95779512e-01  -2.20310707e+00   5.14096505e-01 
 -8.52889155e-01  -2.21431659e+00   1.87695140e+00 
 -1.66384209e+00  -3.12268197e+00   2.23448842e+00 
  1.74647977e-01  -1.66133330e+00   2.82351653e+00 
 -4.91077171e-01  -1.63619171e+00   4.09709941e+00 
  1.28341448e+00  -2.66138953e+00   2.88809187e+00 
  1.52117885e+00  -2.77707517e+00   4.38549733e+00 
  1.13382178e-01  -2.66277447e+00   4.90160480e+00 
 -1.67667586e+00  -8.67772385e-01   4.31295971e+00 
 -3.53382809e+00  -1.92929479e+00   5.49057509e+00 
 -2.31274242e+00  -3.15643896e-01   3.39280028e+00 
 -3.34961019e+00  -3.29534225e+00   5.91086919e+00 
 -2.35251739e+00  -1.11987323e+00   5.62550920e+00 
 -2.56921639e+00   2.01139382e-01   6.28407584e+00 
 -1.28402489e+00   6.68045980e-01   6.83961031e+00 
 -4.15740503e-01  -3.12821418e-01   7.28515975e+00 
  8.04795251e-01   6.42598785e-02   7.82512091e+00 
  1.32865877e+00   1.30823746e+00   7.50405072e+00 
  5.44578751e-01   2.13825346e+00   6.73595526e+00 
 -6.65397087e-01   1.72550980e+00   6.18442028e+00 
  2.62907509e+00  -6.38594990e+00  -6.80479201e+00 
  2.65319881e+00  -3.83957044e+00  -9.56888077e+00 
  6.96687056e+00   2.13314894e-01  -3.55335578e+00 
  9.43088938e+00  -7.21925154e-01  -8.15886295e-01 
  6.63984493e+00  -2.57750288e+00   9.57259445e-01 
  6.31478691e+00  -4.92471610e+00  -2.02699345e+00 
  9.77061597e+00  -6.25225160e+00  -1.17307938e+00 
  1.02942394e+01  -5.56616792e+00   2.53755255e+00 
  7.81658490e+00  -5.60781583e+00   5.40037755e+00 
  5.76409251e+00  -7.23372950e+00   1.05320243e+01 
  4.61708734e+00  -9.82699543e+00   8.06993164e+00 
  7.98657027e+00  -1.15030542e+01   7.60817664e+00 
  8.24968002e+00  -1.01513670e+01   4.07680930e+00 
  7.97270624e+00   3.95441961e-01   7.69120828e+00 
  5.28184579e+00   3.62720391e+00   1.14969083e+01 
  3.67927125e+00   4.95314972e+00   8.36619760e+00 
  5.40956997e+00   3.60892707e+00   5.24885118e+00 
  7.18457133e+00   6.93424105e+00   4.72821944e+00 
  9.47314453e+00   6.82459076e+00   1.65697460e+00 
  7.75691510e+00   3.72306629e+00   2.58939252e-01 
 -3.10617997e+00  -2.86094794e+00  -1.18502277e+01 
 -4.14862530e+00  -6.50459529e+00  -1.16332704e+01 
 -5.20879742e+00  -6.25509476e+00  -8.01581141e+00 
 -1.21219531e+01  -5.24631023e+00  -7.49355860e-01 
 -1.71432538e+00   7.62371238e+00   1.03791629e+01 
  2.91732784e+00   1.09572840e+01   2.98398958e-01 
 -1.68664304e-01   1.22988536e+01  -1.41739982e+00 
 -3.71493747e+00   1.09141749e+01  -1.49759032e+00 
 -6.22246150e+00   1.04709105e+01  -4.32851526e+00 
 -6.39206408e+00   6.43586411e-01  -5.75402424e+00 
 -6.58320933e+00  -2.59470309e+00  -3.69389573e+00 
 -4.53386606e+00  -5.75648429e+00  -2.80907299e+00 
 -2.29913550e+00  -6.61438643e+00  -5.69890220e+00 
 -2.12986363e+00  -3.04278588e+00  -7.02858045e+00 
  5.97051231e-01  -2.06507807e+00  -4.61706113e+00 
  3.74768202e+00  -6.93140291e-01  -6.20247044e+00 
  4.81571640e-01   2.81987169e+00  -4.97120999e+00 
  1.54586123e+00   2.68908057e+00  -1.30036169e+00 
 -1.23878520e+00   2.15657223e+00   1.19208936e+00 
 -4.77582928e+00   2.68102979e+00   2.38651758e+00 
 -7.51590226e+00   1.49311177e+00   4.76655457e+00 
 -9.65631135e+00  -1.09575503e+00   3.06645648e+00 
 -1.03598816e+01  -3.83062600e-01  -5.90658563e-01 
 -1.09867900e+01   7.03616729e+00   2.87276848e+00 
 -8.38050442e+00   7.77822425e+00   1.54141248e-01 
 -5.57199347e+00   5.75174244e+00  -1.41420541e+00 
 -2.11144160e+00   6.96367493e+00  -4.94722830e-01 
  7.24583739e-01   7.27489634e+00  -2.97187499e+00 

   8.291037608341e-01 

 -5.48094959e+00   3.04446243e-01  -1.31435331e+00 
 -5.70218925e+00  -1.02775374e+00  -1.87819119e+00 
 -4.74707127e+00  -2.90894195e-01  -3.42100482e-02 
 -3.51854260e+00  -8.86844028e-01  -6.64129518e-01 
 -2.58649135e+00   3.31699110e-01  -6.83274231e-01 
 -3.41698866e+00   1.58049627e+00  -7.76402137e-01 
 -4.42366276e+00   1.18492968e+00  -1.86832520e+00 
 -1.82960245e+00   1.71828238e-01   5.91332226e-01 
 -5.74208704e-01  -4.13703065e-01   2.06461945e-01 
 -6.28897249e-01  -1.66088384e+00  -4.46648799e-01 
 -1.41435847e+00  -2.52121339e+00   5.68327004e-02 
  6.19628045e-01  -2.06869699e+00  -1.17634290e+00 
  2.48196147e-01  -3.26865646e+00  -1.87489555e+00 
  1.63193584e+00  -2.42081951e+00  -1.34770353e-01 
  2.17618403e+00  -3.74243791e+00  -6.53339869e-01 
  9.26498511e-01  -4.35530990e+00  -1.22255400e+00 
 -7.97450101e-01  -3.28069447e+00  -2.84920375e+00 
 -2.43612825e+00  -5.08846285e+00  -2.75244853e+00 
 -1.57015573e+00  -2.31967180e+00  -3.03753539e+00 
 -2.27607921e+00  -6.06383198e+00  -1.70377123e+00 
 -1.19229166e+00  -4.64549310e+00  -3.32300306e+00 
 -1.15442992e+00  -4.63615150e+00  -4.81438117e+00 
  2.53290146e-01  -4.70428188e+00  -5.25261561e+00 
  1.11553197e+00  -5.41560314e+00  -4.43559757e+00 
  2.45115587e+00  -5.52256827e+00  -4.79788360e+00 
  2.99071194e+00  -4.58130544e+00  -5.66116342e+00 
  2.12951645e+00  -3.64543236e+00  -6.18778730e+00 
  7.99845991e-01  -3.54430476e+00  -5.78736702e+00 
  5.51859436e-01   4.48953330e+00   7.65754910e+00 
  1.85071166e-01   8.08885417e+00   6.64011432e+00 
  6.00643163e+00   5.40681682e+00   1.15025458e+00 
  8.91883983e+00   2.96624323e+00   1.18561191e+00 
  6.43514688e+00   1.25731349e-01   1.55966367e+00 
  5.28626726e+00   1.57897574e+00   4.88968029e+00 
  8.72624914e+00   7.48499802e-01   6.27207834e+00 
  1.00909198e+01  -2.08197457e+00   4.11806589e+00 
  8.29339652e+00  -4.97651739e+00   2.46673279e+00 
  7.27084161e+00  -1.05207510e+01   1.28103852e+00 
  5.41473392e+00  -9.76380887e+00   4.45665618e+00 
  8.45903133e+00  -9.62447173e+00   6.71245707e+00 
  8.06305619e+00  -5.87771575e+00   7.12698506e+00 
  9.42343543e+00  -4.14552203e+00  -3.80574157e+00 
  7.88572355e+00  -6.36625336e+00  -8.79297416e+00 
  5.75841298e+00  -3.26805887e+00  -8.85150674e+00 
  6.66195831e+00  -9.13927201e-01  -5.99486558e+00 
  8.54538667e+00   1.36514309e+00  -8.39026741e+00 
  1.01017859e+01   4.34138409e+00  -6.54590780e+00 
  7.88008859e+00   3.84673839e+00  -3.48997222e+00 
 -5.83243968e+00   9.64443311e+00   5.80201060e+00 
 -7.09415888e+00   7.59419808e+00   8.73706014e+00 
 -7.32609653e+00   4.39690414e+00   6.73813574e+00 
 -1.24062054e+01  -2.52619848e+00   1.45853720e+00 
  1.15886902e+00  -4.60613292e+00  -1.30143069e+01 
  3.76256355e+00   6.44268603e+00  -1.07055309e+01 
  4.97848761e-01   8.08727883e+00  -1.16563456e+01 
 -3.08225049e+00   6.96413205e+00  -1.10073085e+01 
 -6.16835226e+00   8.83600438e+00  -9.79472947e+00 
 -7.43351678e+00   5.46454400e+00  -5.38946980e-01 
 -7.43680395e+00   2.12959834e+00   1.37032205e+00 
 -5.50687524e+00   1.99313399e-01   4.11419527e+00 
 -4.02417275e+00   2.66008343e+00   6.52819843e+00 
 -3.85784549e+00   5.51109531e+00   3.99895166e+00 
 -6.05497784e-01   4.28771307e+00   2.53847308e+00 
  2.22956741e+00   6.79445543e+00   2.56884694e+00 
 -4.00080748e-01   6.85826192e+00  -1.62705580e+00 
  1.41623579e+00   3.76451690e+00  -2.95166996e+00 
 -7.99453984e-01   9.16079050e-01  -4.05952543e+00 
 -3.94183831e+00  -4.24608041e-01  -5.65341106e+00 
 -6.19126537e+00  -3.47415731e+00  -6.12675603e+00 
 -8.84951421e+00  -3.53189264e+00  -3.46135800e+00 
 -1.02648634e+01  -1.22898236e-01  -2.59364896e+00 
 -9.52993031e+00   2.27117808e-01  -1.07649815e+01 
 -7.51961998e+00   3.34278641e+00  -9.77223692e+00 
 -5.28800978e+00   4.19572934e+00  -6.81480861e+00 
 -1.62439076e+00   4.49416316e+00  -7.69712324e+00 
  6.26758916e-01   7.23388879e+00  -6.39235900e+00 

   8.291037222307e-01 

  3.77160940e+00   3.94267280e+00  -5.89997353e-01 
  4.72489110e+00   3.38485798e+00   3.70061066e-01 
  4.09842813e+00   2.81538140e+00  -1.66431766e+00 
  3.58803542e+00   1.59184248e+00  -9.54609922e-01 
  2.11072515e+00   1.61613025e+00  -1.36803056e+00 
  1.69637226e+00   3.03892817e+00  -1.61674843e+00 
  2.31429104e+00   3.74366232e+00  -3.98678035e-01 
  2.10440124e+00   7.38107510e-01  -2.57306338e+00 
  1.63719087e+00  -5.36874261e-01  -2.10069910e+00 
  2.39945344e+00  -1.15854284e+00  -1.09199294e+00 
  3.65766432e+00  -1.15075029e+00  -1.25768075e+00 
  1.71191288e+00  -2.26746396e+00  -3.46881938e-01 
  2.62592826e+00  -2.60744089e+00   7.08973058e-01 
  1.62103887e+00  -3.42622631e+00  -1.28636933e+00 
  2.09894637e+00  -4.57896830e+00  -4.17628461e-01 
  3.17193154e+00  -3.89734995e+00   3.85749156e-01 
  3.02143414e+00  -1.65568616e+00   1.69918087e+00 
  5.39248523e+00  -1.50314191e+00   2.26254011e+00 
  2.75406625e+00  -4.39403830e-01   1.62650648e+00 
  6.29179209e+00  -2.38200909e+00   1.55861875e+00 
  4.13229040e+00  -2.11220251e+00   2.59398041e+00 
  3.69006121e+00  -1.91073648e+00   4.00450186e+00 
  2.73567222e+00  -2.97953540e+00   4.35827377e+00 
  2.93850366e+00  -4.20752397e+00   3.75219570e+00 
  2.07901229e+00  -5.25464931e+00   4.05038446e+00 
  8.15638702e-01  -4.96734341e+00   4.54745599e+00 
  5.29596051e-01  -3.64774551e+00   4.80840426e+00 
  1.40048775e+00  -2.61371400e+00   4.47533406e+00 
 -5.82553180e-01   4.62400786e-01  -1.07553191e+01 
 -3.25479006e+00   3.10214056e+00  -1.08806395e+01 
 -6.46840493e+00  -2.23049386e+00  -5.18363938e+00 
 -6.50779742e+00  -5.99034901e+00  -4.63434889e+00 
 -2.77809264e+00  -5.85506974e+00  -3.96493345e+00 
 -2.19638758e+00  -4.57674396e+00  -7.50729166e+00 
 -3.36732636e+00  -7.96499153e+00  -8.76543131e+00 
 -2.75659213e+00  -1.04307322e+01  -5.92627514e+00 
  2.28447793e-02  -1.05556425e+01  -3.35811712e+00 
  4.37457766e+00  -1.29731934e+01  -4.58482360e-01 
  5.86428684e+00  -1.15481517e+01  -3.59737246e+00 
  4.47639797e+00  -1.41678263e+01  -5.96102305e+00 
  2.11048212e+00  -1.16314359e+01  -7.48941507e+00 
 -3.02310004e+00  -9.97812030e+00   2.27217225e+00 
 -1.81849864e+00  -9.38912241e+00   7.78312227e+00 
 -2.75680962e+00  -5.83332270e+00   7.00626553e+00 
 -4.24919018e+00  -5.52656286e+00   3.51378677e+00 
 -7.75169478e+00  -5.23386556e+00   4.97193340e+00 
 -1.03861159e+01  -4.90085156e+00   2.20950450e+00 
 -7.78863980e+00  -3.93923801e+00  -4.07316159e-01 
 -8.45066811e-01   8.85350082e+00  -1.02114135e+01 
  2.24985649e+00   8.13640810e+00  -1.22891879e+01 
  4.17191013e+00   6.66292122e+00  -9.38975578e+00 
  1.09421735e+01   7.17140029e+00  -1.93885886e+00 
 -4.70851451e-02  -2.45102260e+00   1.16422450e+01 
 -9.08925011e+00   1.93554653e+00   5.88175670e+00 
 -8.50198711e+00   5.62041972e+00   6.46824269e+00 
 -5.25943929e+00   7.61600885e+00   6.41036280e+00 
 -4.35233183e+00   1.09745601e+01   4.86258343e+00 
  1.45230053e+00   8.49791037e+00  -2.80613681e+00 
  4.41037060e+00   6.17264764e+00  -3.58724062e+00 
  5.36344054e+00   3.07901365e+00  -5.70871040e+00 
  3.30794812e+00   3.06798550e+00  -8.84813770e+00 
  4.28879256e-01   5.06426524e+00  -7.33856113e+00 
 -1.12323256e+00   2.01064955e+00  -5.76574666e+00 
 -4.71855067e+00   1.33728599e+00  -6.73656854e+00 
 -4.27438205e+00   4.05205716e+00  -2.61861922e+00 
 -3.52615446e+00   9.49322180e-01  -5.11951041e-01 
 -3.67951060e-01   1.09533903e+00   1.55072653e+00 
  2.13915131e+00   2.95654748e+00   3.66327981e+00 
  5.64020391e+00   2.90993759e+00   5.18784567e+00 
  8.08542131e+00   4.53676087e+00   2.83235785e+00 
  6.72996649e+00   7.58987056e+00   1.03831080e+00 
  3.75778334e+00   8.46672351e+00   8.64295976e+00 
  5.01992469e-01   8.66105904e+00   6.61901595e+00 
 -7.02184408e-01   7.00307428e+00   3.41666551e+00 
 -3.46089681e+00   4.47345387e+00   3.94600872e+00 
 -6.50778022e+00   4.20370729e+00   1.72792999e+00 

   8.291037266485e-01 

 -1.38692943e+00  -3.66210428e+00   4.35868287e+00 
 -7.23642762e-01  -4.75403053e+00   3.64498884e+00 
 -2.45783376e+00  -3.47034508e+00   3.19757681e+00 
 -1.57535611e+00  -3.00285377e+00   2.07333235e+00 
 -1.53922167e+00  -1.49346225e+00   2.34605767e+00 
 -1.71974216e+00  -1.25881622e+00   3.81922697e+00 
 -7.68832570e-01  -2.31459292e+00   4.40512429e+00 
 -2.64883016e+00  -9.89572637e-01   1.48701817e+00 
 -2.00347910e+00  -4.84260672e-01   3.05843351e-01 
 -1.23488582e+00  -1.40043210e+00  -4.39089006e-01 
 -1.76159050e+00  -2.53729560e+00  -6.40905084e-01 
 -2.72061055e-01  -7.95079262e-01  -1.42098624e+00 
  4.84443552e-01  -1.91339269e+00  -1.91384132e+00 
 -1.09065145e+00  -2.44938503e-01  -2.54387726e+00 
 -3.48607898e-01  -7.66358154e-01  -3.76430248e+00 
  7.41687475e-02  -2.12411733e+00  -3.27536272e+00 
  1.27164950e+00  -2.73207700e+00  -1.04619688e+00 
  1.10914494e+00  -5.15579420e+00  -1.29459791e+00 
  1.22559071e+00  -2.65468158e+00   1.97984451e-01 
  2.14042702e-01  -5.65324944e+00  -2.30849913e+00 
  1.82190378e+00  -3.96935817e+00  -1.68607490e+00 
  3.28950371e+00  -4.00294933e+00  -1.42008320e+00 
  3.95490774e+00  -3.03703945e+00  -2.31595768e+00 
  3.37199001e+00  -2.85092999e+00  -3.55779793e+00 
  3.95598146e+00  -1.96103909e+00  -4.44850081e+00 
  4.78717899e+00  -9.65577562e-01  -3.95679213e+00 
  5.06045690e+00  -9.85655081e-01  -2.60827759e+00 
  4.44082832e+00  -1.87342693e+00  -1.73275924e+00 
 -9.66574341e+00   4.00657355e+00   1.70217487e+00 
 -9.12267685e+00   6.13469229e+00   4.75192877e+00 
 -2.50030624e+00   8.33260936e+00   4.98111485e-03 
 -1.79455070e+00   8.81240315e+00  -3.69792064e+00 
 -2.25244956e+00   5.08086003e+00  -4.19095620e+00 
 -5.86388388e+00   5.37590415e+00  -3.01140526e+00 
 -6.57023667e+00   7.39623336e+00  -6.15044107e+00 
 -3.92581880e+00   6.37778891e+00  -8.69671566e+00 
 -2.28032393e+00   3.02082697e+00  -9.29627846e+00 
 -6.74828628e-01  -1.54551999e+00  -1.24205144e+01 
 -4.17314935e+00  -2.24844192e+00  -1.12499336e+01 
 -5.90665128e+00   1.79652244e-01  -1.35898334e+01 
 -6.78872714e+00   2.45129160e+00  -1.06866543e+01 
  3.96272786e+00   4.12917619e+00  -8.24396764e+00 
  8.84767097e+00   1.26897586e+00  -7.89013747e+00 
  8.21980954e+00   1.80994723e+00  -4.22396734e+00 
  5.30665633e+00   4.19942515e+00  -3.65592331e+00 
  7.71098438e+00   7.01840730e+00  -2.78876677e+00 
  5.82811106e+00   1.02628321e+01  -2.00736202e+00 
  2.52526122e+00   8.43698724e+00  -1.48123240e+00 
 -9.44784315e+00   2.74190462e+00   1.00165298e+01 
 -1.23056361e+01   5.58394503e-01   8.80194754e+00 
 -1.00320538e+01  -1.87226779e+00   7.01453370e+00 
 -4.91884245e+00  -1.05339155e+01   6.34985734e+00 
  1.17026531e+01  -2.65806485e+00  -1.36363139e+00 
  8.64803149e+00   6.85426144e+00   4.49905164e+00 
  8.87023476e+00   5.53452346e+00   8.03119166e+00 
  7.77626915e+00   2.17745484e+00   9.45707159e+00 
  5.88100210e+00   1.24084233e+00   1.26239360e+01 
 -3.03058959e+00  -1.55578870e+00   9.24766524e+00 
 -4.53726676e+00  -3.73535705e+00   6.46439842e+00 
 -6.70297328e+00  -3.50672275e+00   3.26486350e+00 
 -9.09980775e+00  -6.40409227e-01   3.61206644e+00 
 -6.90558589e+00   1.30211763e+00   6.05439774e+00 
 -4.81144635e+00   2.78951634e+00   3.29584146e+00 
 -4.65649424e+00   6.57036398e+00   3.23731523e+00 
 -9.75500681e-01   4.49625403e+00   5.82054072e+00 
  9.57764795e-01   3.66770774e+00   2.62665965e+00 
  1.99740000e+00   6.01460162e-02   2.23324706e+00 
  3.19779431e+00  -3.22529180e+00   3.63946693e+00 
  3.63183156e+00  -6.96537555e+00   3.00135339e+00 
  5.93156003e-01  -8.83231874e+00   4.20758812e+00 
 -8.61606378e-01  -7.51659727e+00   7.45257652e+00 
  7.23223114e+00  -7.11028934e+00   8.77851179e+00 
  6.24279811e+00  -3.47708416e+00   9.52360102e+00 
  3.61106092e+00  -1.12853410e+00   8.10504824e+00 
  5.03788250e+00   1.71941295e+00   6.06960904e+00 
  3.82282150e+00   5.28810765e+00   6.32314210e+00 

   8.291037307886e-01 

  1.34982661e+00  -2.52317788e+00   6.43898003e+00 
 -1.06642983e-01  -2.44605912e+00   6.55882410e+00 
  1.42483696e+00  -1.12172304e+00   5.68926495e+00 
  7.00280634e-01  -1.44518694e+00   4.41191173e+00 
  1.84961232e+00  -2.00686947e+00   3.56486044e+00 
  2.87198179e+00  -2.62425308e+00   4.47671544e+00 
  1.97117601e+00  -3.42023642e+00   5.43438643e+00 
  2.31447816e+00  -8.00696809e-01   2.82181146e+00 
  1.70800719e+00  -9.08577286e-01   1.52275391e+00 
  3.00376931e-01  -9.51266783e-01   1.48067957e+00 
 -3.06160915e-01  -1.12110749e-01   2.21453176e+00 
 -2.97504352e-01  -1.44678171e+00   1.94360913e-01 
 -1.70449866e+00  -1.54646416e+00   4.70570718e-01 
 -8.90126823e-02  -3.69855325e-01  -8.20721285e-01 
 -1.46330338e+00  -2.67338305e-01  -1.46323534e+00 
 -2.34796489e+00  -4.94845237e-01  -2.68685387e-01 
 -2.21267746e+00  -2.40357066e+00   1.49517641e+00 
 -3.90522023e+00  -1.50504625e+00   3.00860483e+00 
 -1.48610727e+00  -2.98196701e+00   2.32803960e+00 
 -4.31136078e+00  -1.38004854e-01   2.80142074e+00 
 -3.67105506e+00  -2.22862687e+00   1.78774628e+00 
 -4.31073529e+00  -3.57491611e+00   1.72407537e+00 
 -4.46519462e+00  -3.95824413e+00   3.07193332e-01 
 -4.68798610e+00  -2.92523864e+00  -5.86617597e-01 
 -4.84878908e+00  -3.22375651e+00  -1.93084660e+00 
 -4.34519253e+00  -4.41907284e+00  -2.42208458e+00 
 -3.79413646e+00  -5.28797721e+00  -1.50868512e+00 
 -3.62056407e+00  -4.95360844e+00  -1.68281633e-01 
  9.43530133e+00   3.63961648e+00   8.66734164e-01 
  1.21953293e+01   1.15858839e+00   1.45965249e+00 
  7.79642844e+00  -2.68958741e+00  -4.62815602e+00 
  5.82347674e+00  -1.63257608e+00  -7.69898126e+00 
  3.26660204e+00  -2.25179299e-02  -5.40829492e+00 
  5.94369466e+00   2.35488160e+00  -4.10370020e+00 
  6.03938052e+00   3.91390696e+00  -7.56701163e+00 
  2.65457822e+00   3.19257892e+00  -9.15964723e+00 
 -7.86905447e-01   2.99468896e+00  -7.59333002e+00 
 -6.34894815e+00   4.36140780e+00  -6.97221472e+00 
 -4.41276679e+00   6.91343105e+00  -5.01237560e+00 
 -3.09333936e+00   8.84042598e+00  -7.99928317e+00 
  4.21630109e-01   7.58372979e+00  -7.34159945e+00 
 -2.69957362e+00  -3.02645773e+00  -8.77609910e+00 
 -6.97381435e+00  -6.52310404e+00  -7.48271724e+00 
 -4.36672467e+00  -7.89868477e+00  -5.15064464e+00 
 -9.46043805e-01  -6.36839031e+00  -5.84047578e+00 
  1.83866176e-01  -9.54373023e+00  -7.60679977e+00 
  3.76621140e+00  -9.20454829e+00  -8.92356350e+00 
  4.50200896e+00  -6.20902224e+00  -6.68642954e+00 
  1.28095293e+01  -1.91922268e-01   7.55322343e+00 
  1.21632988e+01   3.36057207e+00   8.72458502e+00 
  8.40673801e+00   2.96066386e+00   8.70236511e+00 
 -4.58655485e-01   1.30144565e+00   1.32037825e+01 
 -7.70101391e+00  -1.09969045e+01  -7.28156398e-01 
  3.39880285e+00  -1.37770511e+01  -2.53131084e+00 
  4.23393640e+00  -1.53054863e+01   8.20339005e-01 
  3.26202448e+00  -1.41824869e+01   4.32663059e+00 
  5.25714302e+00  -1.38662333e+01   7.55429201e+00 
  6.18267351e+00  -4.05066540e+00   8.75213106e+00 
  4.02330735e+00  -8.77610522e-01   8.56235243e+00 
  3.62182379e+00   2.40688928e+00   6.55476769e+00 
  6.98508082e+00   3.48453414e+00   5.28655383e+00 
  8.45109330e+00  -3.73297010e-02   5.26966203e+00 
  6.94113024e+00  -8.61884530e-01   1.91592830e+00 
  9.39925788e+00  -1.96723802e+00  -7.40766739e-01 
  7.44440318e+00  -5.73398688e+00   1.81165571e+00 
  4.21642982e+00  -5.60044698e+00  -2.34615457e-01 
  1.02449496e+00  -5.32379324e+00   1.76169432e+00 
 -1.09078120e+00  -6.12970537e+00   4.77642326e+00 
 -4.18869039e+00  -5.19399124e+00   6.80401931e+00 
 -3.26142632e+00  -2.73449982e+00   9.49939683e+00 
  7.77608137e-02  -3.42216739e+00   1.11590201e+01 
 -3.12208445e+00  -1.09363221e+01   1.03036102e+01 
  2.45205837e-01  -1.14303375e+01   8.52833157e+00 
  2.45480576e+00  -9.17241911e+00   6.41327111e+00 
  2.59079713e+00  -1.01465304e+01   2.76330121e+00 
  5.77355528e+00  -1.01990723e+01   7.27745539e-01 

   8.291037315809e-01 

