 -1.75307805e+00   2.79993875e-01   6.65025444e-01 
 -3.99506921e+00   2.11692916e+00  -7.16341919e-01 
 -2.88607757e+00   2.51064135e+00  -1.61494311e+00 
 -4.82990931e+00  -1.59635561e+00   1.53843933e+00 
 -3.46504263e+00   3.55513092e+00  -2.58842119e+00 
 -4.32686015e+00   2.91093629e+00  -3.63813579e+00 
 -5.27678384e+00   1.99060871e+00  -2.92238396e+00 
 -5.27221722e+00   2.21754887e+00  -1.44648021e+00 
 -4.28437322e+00   1.02195811e+00   1.36178060e+00 
 -3.91194861e+00   8.15525018e-01  -2.90153092e-03 
 -2.65802422e+00   7.72699925e-02  -2.07632397e-01 
 -5.24291984e+00  -2.97342623e+00   1.56888158e+00 
 -2.72464638e+00  -1.11853387e+00  -9.66159630e-01 
 -1.66792402e+00  -2.09102125e+00  -1.25206961e+00 
 -1.21079883e+00  -2.65790369e+00   3.12562617e-02 
 -2.07703629e+00  -2.96415103e+00   8.71529735e-01 
  1.57109420e-01  -2.77624511e+00   3.40620175e-01 
  4.85139792e-01  -3.23385973e+00   1.68946750e+00 
  8.91819781e-01  -2.02039177e+00   2.44356010e+00 
  2.65358042e-01  -1.52725341e+00   3.54895533e+00 
  8.31349180e-01  -3.91738672e-01   4.12458161e+00 
  2.14569503e+00  -1.01864342e-01   4.13949079e+00 
  2.83918336e+00  -8.03613816e-01   3.21806678e+00 
  2.22480740e+00  -1.74108417e+00   2.45352675e+00 
  2.89709159e+00   7.93588945e-01   4.96727019e+00 
  2.32222038e+00   1.67002660e+00   5.65700413e+00 
  4.25418508e+00   1.11987445e+00   4.83848744e+00 
 -2.66487946e+00  -2.92128363e+00  -2.00911871e+00 
 -3.73989743e+00  -1.97127962e+00  -1.55988083e+00 
 -3.45398381e+00   3.06362401e-01   2.27963447e+00 
 -4.00111872e+00  -1.02441874e+00   2.56561196e+00 
 -3.41444286e+00  -1.75427315e+00   3.37726738e+00 
  3.81699791e+00  -1.09074017e+01  -1.26412104e-01 
  7.50711720e+00  -1.02309768e+01  -4.04397384e-02 
  5.12953673e+00  -5.30367178e+00  -6.44459648e+00 
  2.57450641e+00  -5.46603587e+00  -9.24627694e+00 
 -1.68445178e-01  -5.20663363e+00  -6.63502083e+00 
  9.93365746e-01  -8.50262629e+00  -5.10276104e+00 
 -1.37697315e-01  -1.02230003e+01  -8.29234871e+00 
 -2.79477466e+00  -7.97789458e+00  -9.83987410e+00 
 -5.41312097e+00  -5.79070377e+00  -8.19978307e+00 
 -1.07513232e+01  -3.87217665e+00  -7.23732235e+00 
 -1.02442217e+01  -6.78626229e+00  -4.91895392e+00 
 -1.04884475e+01  -9.46852818e+00  -7.58412471e+00 
 -6.79216992e+00  -1.02462914e+01  -7.28701539e+00 
 -3.96689854e+00   1.35886587e-01  -1.02701607e+01 
 -2.42058804e+00   5.54220040e+00  -7.34447281e+00 
 -4.40460775e-01   2.32895254e+00  -7.87334931e+00 
  1.99519102e+00   4.19650968e+00  -1.01324304e+01 
  4.69464995e+00   1.85069900e+00  -1.14897149e+01 
  3.97508488e+00  -8.11466507e-01  -8.86058678e+00 
  9.47862390e+00  -8.80915151e+00   5.74475589e+00 
  7.19615355e+00  -1.13120733e+01   7.46411004e+00 
  4.22509753e+00  -8.96734054e+00   7.53951970e+00 
  2.12619884e+00  -7.97176475e+00   1.05057120e+01 
 -1.85669501e+00  -2.39126404e+00   1.20884675e+01 
 -4.50130604e+00  -4.07207244e+00   1.41428263e+01 
 -3.24016296e+00   1.02831858e+01  -3.15628387e+00 
  7.38870928e+00   6.58422062e+00  -5.82006695e+00 
  9.29036781e+00   7.75039260e+00  -2.78347989e+00 
  8.29348181e+00   7.72031178e+00   8.74379200e-01 
  1.02464890e+01   6.76928755e+00   3.99758033e+00 
  9.63743570e+00   6.79803451e+00   7.74137874e+00 
  6.89869581e+00   8.92783901e-01   8.99210191e+00 
  5.97504059e+00  -1.89285649e+00   6.62003161e+00 
  2.53616699e+00  -3.40346434e+00   7.03381402e+00 
  2.57361886e-01  -6.06616280e+00   5.52387180e+00 
  2.34286700e+00  -8.99799781e+00   4.32236716e+00 
  5.46590759e+00  -6.86540397e+00   3.70185308e+00 
  4.10406819e+00  -5.65149009e+00   3.53996093e-01 
  6.50113293e+00  -6.35059236e+00  -2.54884819e+00 
  7.18953405e+00  -1.88122307e+00  -5.32505043e-01 
  4.12926692e+00  -4.89757321e-01  -2.37489661e+00 
  1.50045373e+00   1.17290363e+00  -2.30779350e-01 
  5.06547423e-01   3.21034642e+00   2.78306888e+00 
 -2.38626865e+00   4.32361033e+00   4.97114438e+00 
 -2.53494715e+00   2.10058724e+00   8.01518157e+00 
  8.42581643e-01   1.07411032e+00   9.40923044e+00 
  6.66936405e-01   5.98132773e+00   1.19203790e+01 
  1.89781408e+00   8.99129864e+00   7.52555979e+00 
  4.80330720e+00   7.45293714e+00   5.55467917e+00 
  5.34253036e+00   4.18861000e+00   3.72614807e+00 
  5.43628228e+00   4.52526554e+00  -3.23044840e-02 
  7.91654015e+00   2.64655179e+00  -2.16535782e+00 

   7.758487070067e-01 

 -4.50409195e-01  -4.32999634e-01  -2.37577593e+00 
 -1.57120961e+00   7.76255444e-01  -5.13082656e+00 
 -2.71872826e+00   1.19153047e+00  -4.29231791e+00 
  2.71236283e+00   1.48940478e-01  -4.22188670e+00 
 -3.72245930e+00   1.87832722e+00  -5.23818448e+00 
 -3.26626972e+00   3.26004134e+00  -5.61550353e+00 
 -1.83112377e+00   3.14535225e+00  -6.05008564e+00 
 -1.41760601e+00   1.72442923e+00  -6.24962708e+00 
  2.84322714e-01  -6.86163350e-01  -4.99104376e+00 
 -2.57681219e-01   5.33442021e-01  -4.47873323e+00 
 -2.63107770e-01   6.52791876e-01  -3.01415736e+00 
  4.01656733e+00   6.76206601e-01  -3.92376593e+00 
  4.28624287e-01   1.75386983e+00  -2.44950573e+00 
  6.62763335e-01   2.07298638e+00  -1.03972090e+00 
  1.45484187e+00   9.76744446e-01  -4.49705549e-01 
  2.40638379e+00   5.25842796e-01  -1.11413829e+00 
  1.10680981e+00   3.95442014e-01   7.83920399e-01 
  1.89047329e+00  -7.64524907e-01   1.20433884e+00 
  1.04082754e+00  -1.95147982e+00   9.28966499e-01 
  1.35017373e+00  -2.96620331e+00   7.32999590e-02 
  4.25015581e-01  -4.00426697e+00  -1.38243028e-02 
 -3.52290987e-01  -4.43822260e+00   9.95749266e-01 
 -4.45246587e-01  -3.53908842e+00   1.99840251e+00 
  2.62303553e-01  -2.38204472e+00   1.96021166e+00 
 -1.05706149e+00  -5.67297099e+00   1.16993785e+00 
 -1.24978024e+00  -6.44770566e+00   2.01955523e-01 
 -1.94024020e+00  -5.99846983e+00   2.20859148e+00 
  1.44559012e+00   3.28255266e+00  -1.46458267e+00 
  1.30384057e+00   2.82642419e+00  -2.89000981e+00 
  8.93252703e-01  -1.49273920e+00  -3.97974771e+00 
  2.31951916e+00  -1.18031529e+00  -3.83738874e+00 
  2.99842574e+00  -1.82510113e+00  -3.02560220e+00 
  6.00335457e+00   2.59032984e+00   7.92074229e+00 
  3.95059793e+00   1.37704730e+00   1.08183306e+01 
 -1.66811899e+00   6.18134354e+00   6.78183726e+00 
 -1.61016822e+00   9.42005206e+00   4.80412908e+00 
  3.83306909e-01   7.63303104e+00   2.11296034e+00 
  3.20195115e+00   7.03321849e+00   4.61428290e+00 
  3.77569135e+00   1.07857605e+01   4.65532928e+00 
  2.42840081e+00   1.21148610e+01   1.35175318e+00 
  2.40770237e+00   1.05481748e+01  -2.09418107e+00 
  3.46339966e+00   1.03599998e+01  -7.74692331e+00 
  6.56389022e+00   9.07998678e+00  -6.05210610e+00 
  7.76334499e+00   1.24516143e+01  -4.80682090e+00 
  6.97624134e+00   1.15226250e+01  -1.21890897e+00 
 -3.85542144e+00   1.01283911e+01  -3.54313276e+00 
 -7.70650252e+00   5.30144363e+00  -4.97446614e+00 
 -6.13390819e+00   6.35061318e+00  -1.66512294e+00 
 -9.58562797e+00   7.19310388e+00  -2.86904116e-01 
 -9.35480775e+00   8.53416949e+00   3.28805891e+00 
 -5.82170050e+00   7.19139504e+00   3.76899469e+00 
  4.32443980e+00  -4.85084481e+00   1.14896867e+01 
  8.00957023e+00  -5.03029698e+00   1.05851726e+01 
  7.37174141e+00  -5.13552744e+00   6.85519626e+00 
  8.64251519e+00  -7.64740352e+00   4.35110076e+00 
  6.40798260e+00  -9.94045251e+00  -1.91462425e+00 
  9.71170068e+00  -1.06060831e+01  -3.55227306e+00 
 -9.51758475e+00   1.27678112e-01  -8.23659578e+00 
 -1.20218042e+01   1.14377551e+00   3.00827555e+00 
 -1.25282135e+01  -2.47759781e+00   3.91727315e+00 
 -1.06015653e+01  -5.55506359e+00   2.82555438e+00 
 -9.37266623e+00  -8.57177459e+00   4.79082923e+00 
 -7.62052153e+00  -1.18428114e+01   4.00461904e+00 
 -1.16929554e+00  -1.03633814e+01   4.36510178e+00 
  5.16475884e-01  -7.05688883e+00   5.04694501e+00 
  3.34595631e+00  -6.08685130e+00   2.73780659e+00 
  5.84687070e+00  -3.27145424e+00   2.11995516e+00 
  6.87335838e+00  -1.72782433e+00   5.42935167e+00 
  3.58572185e+00  -2.63590045e+00   7.17670220e+00 
  1.80536766e+00   3.52905158e-01   5.61669510e+00 
  1.95056744e-01   2.63582056e+00   8.23513891e+00 
 -2.90630625e+00  -8.42037365e-01   6.56157420e+00 
 -3.51134102e+00   1.13625284e+00   3.33419156e+00 
 -2.89629964e+00  -7.14731866e-01   9.87634021e-02 
 -2.91377461e+00  -3.88593821e+00  -1.94217820e+00 
 -1.72416465e+00  -5.53101458e+00  -5.14747967e+00 
  1.38262929e+00  -7.53755093e+00  -4.40466815e+00 
  1.37645392e+00  -9.30568606e+00  -1.04635520e+00 
 -1.51977795e+00  -1.31648845e+01  -3.71767230e+00 
 -6.26644016e+00  -1.04536391e+01  -3.80533603e+00 
 -7.02741239e+00  -8.86983343e+00  -3.98686441e-01 
 -5.34108684e+00  -6.26302665e+00   1.75793122e+00 
 -7.18156478e+00  -2.97138320e+00   1.91880884e+00 
 -7.55451344e+00  -1.02269252e+00   5.12735018e+00 

   7.758487330993e-01 

  3.86035889e-01   9.98141533e-01   2.20732473e+00 
  1.61052259e+00   3.46768633e+00   3.85373978e+00 
  5.20596074e-01   4.23026821e+00   3.20343847e+00 
  3.90369183e+00  -1.04596948e-01   2.60884168e+00 
  6.18811769e-01   5.67161965e+00   3.73886553e+00 
  1.76124245e+00   6.41678794e+00   3.10704266e+00 
  2.97156309e+00   5.52944868e+00   3.20413261e+00 
  2.74553273e+00   4.37092722e+00   4.11877487e+00 
  2.21355452e+00   1.20894160e+00   4.22204722e+00 
  2.08941486e+00   2.21453228e+00   3.21355735e+00 
  1.34630188e+00   1.81127184e+00   2.01171061e+00 
  4.90853034e+00  -7.19237839e-01   1.78401084e+00 
  2.02341613e+00   1.89911926e+00   7.69312007e-01 
  1.56977847e+00   1.48808150e+00  -5.60880081e-01 
  1.33133771e+00   3.22216252e-02  -5.31432839e-01 
  2.17118872e+00  -6.81562551e-01   4.76845310e-02 
  1.57782375e-01  -5.34582188e-01  -1.06282347e+00 
 -2.32703003e-02  -1.97104944e+00  -8.62384654e-01 
 -1.00779882e+00  -2.10730145e+00   2.41579003e-01 
 -7.73514402e-01  -2.70708358e+00   1.44279322e+00 
 -1.84782842e+00  -2.75614500e+00   2.32852626e+00 
 -3.14185340e+00  -2.86429135e+00   1.97418116e+00 
 -3.35213471e+00  -2.53471677e+00   6.82068959e-01 
 -2.31290689e+00  -2.21962491e+00  -1.31300548e-01 
 -4.28706615e+00  -3.27833718e+00   2.72830826e+00 
 -4.24463350e+00  -3.34620329e+00   3.98048597e+00 
 -5.62445773e+00  -3.25325284e+00   2.30938227e+00 
  2.89519595e+00   1.91666303e+00  -1.12298896e+00 
  3.36267515e+00   2.17971352e+00   2.81379551e-01 
  1.74459045e+00  -7.14040156e-02   3.79208253e+00 
  2.82580988e+00  -8.59211709e-01   3.19005592e+00 
  2.58645875e+00  -2.01169705e+00   2.80256832e+00 
  7.71452430e-01  -4.69799513e+00  -8.93791397e+00 
 -2.80086564e+00  -5.10553499e+00  -1.00123025e+01 
 -2.50636028e+00   3.18599021e+00  -8.56029194e+00 
  3.96972400e-02   5.96909571e+00  -8.97963503e+00 
  2.12858170e+00   4.34233685e+00  -6.25934986e+00 
  2.52532801e+00   1.23439939e+00  -8.43752970e+00 
  4.57604814e+00   3.34682608e+00  -1.08343297e+01 
  5.98831385e+00   6.22950727e+00  -8.78712880e+00 
  7.14293532e+00   6.34128517e+00  -5.18382536e+00 
  1.08714512e+01   7.39126102e+00  -9.29512387e-01 
  1.16044550e+01   3.90916028e+00  -2.13845909e+00 
  1.32825146e+01   4.95042883e+00  -5.37221866e+00 
  1.03677298e+01   3.66118376e+00  -7.42100803e+00 
  3.26257577e+00   1.07105210e+01  -2.47181275e+00 
 -8.55546767e-01   1.05231892e+01   2.34325315e+00 
 -1.05604953e+00   9.07810432e+00  -1.17769488e+00 
 -3.89599064e+00   1.14804100e+01  -2.00671700e+00 
 -5.07014451e+00   1.10351150e+01  -5.61991319e+00 
 -3.39912283e+00   7.62651401e+00  -5.94601171e+00 
 -5.65621096e+00  -9.73963491e+00  -6.88994523e+00 
 -2.61178675e+00  -1.20115751e+01  -6.87312378e+00 
 -1.09721635e+00  -1.04179685e+01  -3.79138572e+00 
  5.25976862e-02  -1.21103485e+01  -6.27741779e-01 
  8.27518151e-01  -1.00736408e+01   6.06268602e+00 
  3.78027018e+00  -1.21730924e+01   7.01819956e+00 
 -2.67870110e+00   9.35478003e+00   8.34328387e+00 
 -1.01003070e+01   7.96391324e+00  -4.16625282e-01 
 -1.25585882e+01   5.57864832e+00   1.15323465e+00 
 -1.19542714e+01   2.60244697e+00   3.42295904e+00 
 -1.34751698e+01  -8.84599086e-01   3.44361956e+00 
 -1.32466171e+01  -3.97554275e+00   5.63031282e+00 
 -8.17358914e+00  -7.40008841e+00   3.08593462e+00 
 -5.87195893e+00  -6.53879670e+00   2.22319058e-01 
 -2.17032395e+00  -7.00629337e+00   8.20966838e-01 
  1.19940056e+00  -6.58384080e+00  -9.19521788e-01 
  8.27508153e-01  -7.33504987e+00  -4.61897424e+00 
 -2.87041601e+00  -6.33454220e+00  -4.72240167e+00 
 -1.97531463e+00  -2.63380320e+00  -4.92143135e+00 
 -3.53121159e+00  -9.06469119e-01  -7.96390366e+00 
 -6.38454065e+00  -6.10632998e-01  -3.92834349e+00 
 -4.19513947e+00   2.18660727e+00  -2.48691729e+00 
 -2.82580028e+00   1.61534258e+00   9.87412349e-01 
 -3.13967476e+00   1.85794221e-01   4.46306773e+00 
 -1.28456817e+00  -6.40276016e-01   7.66800682e+00 
 -3.54113306e-01  -4.29578021e+00   7.62747200e+00 
 -2.95820055e+00  -6.58929522e+00   6.09021846e+00 
 -5.29422870e+00  -6.35328162e+00   1.10806895e+01 
 -7.43921759e+00  -1.35312263e+00   1.05451683e+01 
 -9.12388560e+00  -9.20197362e-01   7.12942951e+00 
 -7.92947036e+00  -1.01693190e+00   3.54416398e+00 
 -7.87386695e+00   2.35436522e+00   1.84728581e+00 
 -9.01228588e+00   2.83874457e+00  -1.71650387e+00 

   7.758487251395e-01 

  1.94988381e+00   7.33284134e-01  -8.95791463e-01 
  3.37777366e+00   2.71266186e+00  -2.98198333e+00 
  2.06959849e+00   2.66354809e+00  -3.67380489e+00 
  4.51742081e+00   2.30071800e+00   1.27256502e+00 
  2.21678118e+00   3.52318216e+00  -4.94391731e+00 
  2.19415414e+00   4.99104895e+00  -4.62069322e+00 
  3.16207448e+00   5.20677980e+00  -3.49009565e+00 
  4.02350750e+00   4.01021666e+00  -3.25348259e+00 
  4.53117894e+00   1.52266546e+00  -1.29236074e+00 
  3.43196216e+00   2.40560652e+00  -1.52859080e+00 
  2.15300313e+00   1.98972105e+00  -9.36506884e-01 
  4.57711766e+00   2.83284860e+00   2.60714445e+00 
  1.53488583e+00   2.88680515e+00  -2.93579822e-02 
  3.20534741e-01   2.70333188e+00   7.68032372e-01 
  5.43638331e-01   1.56785942e+00   1.68355098e+00 
  1.64239190e+00   1.49881536e+00   2.26510203e+00 
 -4.11947983e-01   5.46372970e-01   1.83944148e+00 
 -2.55452833e-02  -5.88231798e-01   2.67596464e+00 
  3.19842360e-01  -1.68692910e+00   1.73780748e+00 
  1.54047991e+00  -2.28381419e+00   1.63143746e+00 
  1.64230499e+00  -3.32091058e+00   7.06698460e-01 
  6.52723415e-01  -4.17512239e+00   3.86060084e-01 
 -5.63945993e-01  -3.71310863e+00   7.44747124e-01 
 -6.89717879e-01  -2.54594546e+00   1.42500806e+00 
  6.94290412e-01  -5.46273090e+00  -2.40029162e-01 
  1.72387309e+00  -5.85504531e+00  -8.40365174e-01 
 -4.01631403e-01  -6.23922632e+00  -6.40971091e-01 
  5.29686512e-01   4.06663411e+00   1.36304571e+00 
  1.84451145e+00   4.13955335e+00   6.37854385e-01 
  4.21987466e+00   4.83048537e-01  -3.61571187e-01 
  4.53894162e+00   8.86171450e-01   1.01240329e+00 
  4.36212045e+00   7.60860999e-02   1.93336006e+00 
 -5.33066842e+00   5.83323679e-01   9.29149831e+00 
 -8.11348094e+00  -1.81799924e+00   8.53548713e+00 
 -8.70739307e+00   3.43073253e+00   1.97480669e+00 
 -8.23473290e+00   7.14694315e+00   1.36625585e+00 
 -4.52429920e+00   6.68858893e+00   2.02376710e+00 
 -5.30553390e+00   5.56109520e+00   5.58461277e+00 
 -6.52283165e+00   9.08811171e+00   6.28519536e+00 
 -4.76665137e+00   1.13492062e+01   3.77548034e+00 
 -1.28861407e+00   1.11329056e+01   2.29699789e+00 
  3.94875804e+00   1.31100404e+01   9.68710099e-01 
  4.21068766e+00   1.16747033e+01   4.43210191e+00 
  2.36688345e+00   1.44890055e+01   6.17492509e+00 
 -6.10069777e-01   1.22495441e+01   6.86644992e+00 
 -2.35269037e+00   1.05399283e+01  -4.02902655e+00 
 -8.40174287e-01   6.13791363e+00  -8.33175509e+00 
 -3.40467518e+00   6.10344237e+00  -5.51258259e+00 
 -6.22478476e+00   5.98972750e+00  -8.07337395e+00 
 -9.64494472e+00   5.97502687e+00  -6.36035608e+00 
 -8.16967737e+00   4.96740040e+00  -2.99502008e+00 
 -6.19869796e+00  -7.78370534e+00   8.88321452e+00 
 -3.93462991e+00  -7.19902057e+00   1.18769744e+01 
 -1.00578023e+00  -6.03116928e+00   9.78208032e+00 
  2.53732081e+00  -7.31160647e+00   9.82402664e+00 
  7.79719909e+00  -7.44433512e+00   5.15213301e+00 
  1.07115870e+01  -7.09085764e+00   7.48040499e+00 
  3.13741992e+00   2.30787861e+00  -1.15253660e+01 
 -7.67913080e+00  -1.07755665e+00  -9.22492083e+00 
 -7.28403380e+00  -4.81637760e+00  -9.47438980e+00 
 -4.46159397e+00  -7.05179294e+00  -8.28638062e+00 
 -4.50557234e+00  -1.04091031e+01  -6.49763322e+00 
 -1.93560115e+00  -1.29536576e+01  -5.35383048e+00 
 -2.79671607e-01  -1.09668067e+01   7.49224082e-01 
 -1.43556155e+00  -7.95430577e+00   2.70585735e+00 
  1.24599959e+00  -5.89970465e+00   4.39903816e+00 
  1.68514655e+00  -2.78118330e+00   6.55422161e+00 
 -1.27749498e+00  -2.42091742e+00   8.89549360e+00 
 -3.68817339e+00  -4.26944539e+00   6.55926547e+00 
 -4.18952082e+00  -1.14721874e+00   4.42931455e+00 
 -7.87533935e+00  -1.59172327e-01   4.11359574e+00 
 -6.37249249e+00  -3.13807329e+00   4.55399860e-01 
 -4.63448601e+00  -2.17233624e-01  -1.31769357e+00 
 -9.79302510e-01  -6.98873589e-01  -2.14233470e+00 
  1.91930300e+00  -2.90519552e+00  -3.11829795e+00 
  5.69585895e+00  -3.14049637e+00  -3.39699929e+00 
  7.03343007e+00  -4.90618767e+00  -3.43582113e-01 
  4.86837518e+00  -7.75009135e+00   9.32923377e-01 
  7.43348872e+00  -1.07002223e+01  -2.95737719e+00 
  4.64170268e+00  -8.70671532e+00  -7.21428781e+00 
  8.85729826e-01  -8.55088355e+00  -6.46515797e+00 
 -1.24843431e+00  -6.71578346e+00  -3.94169287e+00 
 -3.33446947e+00  -3.93787206e+00  -5.41809308e+00 
 -6.90932106e+00  -3.32809440e+00  -4.37897454e+00 

   7.758487065867e-01 

  2.78079778e+00  -1.56532290e+00   3.53203371e-01 
  2.47767566e+00  -3.46075781e+00   2.92701359e+00 
  1.87291873e+00  -4.40362155e+00   1.95869870e+00 
  2.66188830e+00   9.56844872e-01   3.06886101e+00 
  1.53061661e+00  -5.68020419e+00   2.75052009e+00 
  3.07071133e-01  -5.48802720e+00   3.60234877e+00 
  4.95775680e-01  -4.20167875e+00   4.35823008e+00 
  1.89726509e+00  -3.69530914e+00   4.26209725e+00 
  3.76927829e+00  -1.47784860e+00   2.89455649e+00 
  2.47208055e+00  -2.00806717e+00   2.61202840e+00 
  1.92603769e+00  -1.66384813e+00   1.29194378e+00 
  2.02576452e+00   2.22734648e+00   3.29022278e+00 
  6.84331857e-01  -9.80458546e-01   1.26068736e+00 
 -4.44748319e-02  -4.41366785e-01   1.10747871e-01 
  8.01029126e-01   5.88828523e-01  -5.22556909e-01 
  1.39513113e+00   1.39013592e+00   2.22545192e-01 
  1.00385759e+00   6.23979085e-01  -1.91486131e+00 
  1.96054105e+00   1.61116825e+00  -2.41146706e+00 
  3.20423562e+00   8.57060267e-01  -2.71328730e+00 
  4.41511291e+00   1.05558055e+00  -2.12007473e+00 
  5.46365366e+00   2.58833326e-01  -2.57487096e+00 
  5.60662099e+00  -1.91062153e-01  -3.83539099e+00 
  4.45534250e+00  -1.32019259e-01  -4.53786585e+00 
  3.33761211e+00   4.10992612e-01  -3.99320863e+00 
  6.75831221e+00  -6.89082930e-01  -4.52621307e+00 
  7.79035635e+00  -1.02829991e+00  -3.89838531e+00 
  6.79275962e+00  -1.24569606e+00  -5.81219465e+00 
 -1.10080068e+00   7.25274038e-02   1.04694760e+00 
 -2.39685374e-01  -3.66303297e-01   2.19842311e+00 
  4.22007981e+00  -5.51703402e-01   1.90303642e+00 
  3.83104554e+00   8.21594292e-01   2.24189895e+00 
  4.18384118e+00   1.74766916e+00   1.49786900e+00 
 -3.36593531e+00   6.86058777e+00  -6.57726776e+00 
 -2.99242992e+00   5.73731114e+00  -1.01382571e+01 
 -6.19607248e+00  -1.20375112e+00  -6.60233001e+00 
 -8.70675760e+00  -1.99749636e+00  -3.86913170e+00 
 -6.27435957e+00  -5.46953934e-01  -1.34146380e+00 
 -6.53636354e+00   2.85201521e+00  -3.05597254e+00 
 -1.01511833e+01   2.99762917e+00  -1.90518157e+00 
 -1.03990801e+01   7.35088151e-01   1.14683933e+00 
 -7.88534897e+00   3.56738476e-02   3.88935765e+00 
 -6.07336806e+00  -3.27417933e-01   9.33805515e+00 
 -5.45749831e+00   3.21858293e+00   8.25618575e+00 
 -9.08545126e+00   4.30699834e+00   8.35925253e+00 
 -9.23047695e+00   4.54125830e+00   4.58039727e+00 
 -6.84253909e+00  -6.30456721e+00   3.42425151e+00 
 -1.67933853e+00  -9.82950311e+00   2.37778508e+00 
 -3.71170926e+00  -7.61281549e+00   3.65644664e-02 
 -4.80481580e+00  -1.06871467e+01  -1.93249939e+00 
 -7.14837440e+00  -9.72848742e+00  -4.79969830e+00 
 -6.12910188e+00  -6.05978175e+00  -4.66218182e+00 
  2.74322701e+00   6.95503074e+00  -1.23735180e+01 
  3.05545747e+00   1.02977048e+01  -1.05960113e+01 
  4.27867332e+00   8.77168987e+00  -7.35476847e+00 
  7.37271083e+00   9.65349955e+00  -5.39411145e+00 
  1.14880199e+01   6.20564851e+00  -8.45806275e-01 
  1.24939057e+01   9.05366174e+00   1.37150886e+00 
  4.28558789e+00  -1.18059697e+01   3.47449235e+00 
  8.20932824e-02  -1.15439048e+01  -7.29643093e+00 
  3.28894878e+00  -1.14039777e+01  -9.26965141e+00 
  6.48371784e+00  -9.47828941e+00  -8.59156717e+00 
  8.74206394e+00  -7.47373770e+00  -1.09055879e+01 
  1.20374608e+01  -5.61884312e+00  -1.06097611e+01 
  1.02976763e+01   5.15170346e-01  -8.79757315e+00 
  6.88157309e+00   1.93931050e+00  -8.06156492e+00 
  6.54007171e+00   3.98291508e+00  -4.90148743e+00 
  3.94860136e+00   5.92424251e+00  -2.88199561e+00 
  1.46278020e+00   7.56042342e+00  -5.23406040e+00 
  1.92661494e+00   4.92984244e+00  -7.98201830e+00 
 -4.05845804e-01   2.49803556e+00  -6.19812419e+00 
 -3.30339074e+00   1.34316929e+00  -8.41886052e+00 
  6.17494987e-01  -1.67002196e+00  -8.66812396e+00 
 -2.98164448e-01  -3.27139821e+00  -5.30762253e+00 
  2.40312144e+00  -3.27522958e+00  -2.66652402e+00 
  6.03409268e+00  -3.44536739e+00  -1.66184552e+00 
  8.51022095e+00  -2.91159254e+00   1.16292256e+00 
  1.01005657e+01   4.85374667e-01   7.61025791e-01 
  1.07978405e+01   1.50757636e+00  -2.82695333e+00 
  1.53703107e+01  -1.51295337e+00  -2.20532868e+00 
  1.29698270e+01  -6.40422723e+00  -2.65535023e+00 
  1.04781131e+01  -6.46876893e+00  -5.56739663e+00 
  7.29478986e+00  -4.60112159e+00  -6.38498443e+00 
  4.16731182e+00  -6.69820167e+00  -6.12187544e+00 
  1.37238171e+00  -6.47888370e+00  -8.64604685e+00 

   7.758487204306e-01 

 -1.40968241e+00  -1.17672621e+00  -2.16701026e+00 
 -1.31619045e+00  -1.60227190e+00  -5.34806544e+00 
  4.54195617e-02  -1.03486766e+00  -5.21990724e+00 
 -5.01999349e+00  -1.02380640e+00  -2.99927939e+00 
  6.55992540e-01  -1.04568395e+00  -6.63444046e+00 
  8.41204972e-02   5.07044297e-02  -7.48914092e+00 
 -1.41174475e+00  -1.96357889e-02  -7.35093272e+00 
 -1.85440501e+00  -1.27936013e+00  -6.68237930e+00 
 -2.99603109e+00  -2.50423639e+00  -3.94598553e+00 
 -2.32307066e+00  -1.29340593e+00  -4.29908655e+00 
 -1.81573179e+00  -5.03431045e-01  -3.16868377e+00 
 -6.14740190e+00  -2.14205089e-01  -2.62334038e+00 
 -2.28219579e+00   8.29700406e-01  -3.04653518e+00 
 -2.02069171e+00   1.80632631e+00  -1.98731245e+00 
 -2.55073883e+00   1.26048045e+00  -7.23055025e-01 
 -3.66813787e+00   7.11991958e-01  -7.51290804e-01 
 -1.79409637e+00   1.27827914e+00   4.63559795e-01 
 -2.37391686e+00   5.96180588e-01   1.61896294e+00 
 -1.65895903e+00  -7.01394724e-01   1.72692769e+00 
 -2.23345762e+00  -1.93338784e+00   1.62852531e+00 
 -1.38432910e+00  -3.02567221e+00   1.79275730e+00 
 -3.03075820e-01  -3.05492879e+00   2.59387667e+00 
  1.19879643e-01  -1.81911398e+00   2.93485466e+00 
 -5.69144798e-01  -7.17742618e-01   2.54362541e+00 
  4.30855286e-01  -4.15946988e+00   3.13516264e+00 
  2.86840506e-01  -5.31748922e+00   2.67407428e+00 
  1.62041641e+00  -4.09815186e+00   3.87403965e+00 
 -2.91384084e+00   2.78407674e+00  -2.69630277e+00 
 -3.26609838e+00   1.69622359e+00  -3.67225182e+00 
 -3.21214469e+00  -2.63071571e+00  -2.53837215e+00 
 -4.50564806e+00  -2.06093955e+00  -2.14552876e+00 
 -4.85767661e+00  -2.12929740e+00  -9.59330160e-01 
 -3.96082950e+00   7.32859995e+00   6.66255099e+00 
 -1.02521144e+00   7.30154738e+00   8.99993144e+00 
  2.81564943e+00   8.66373175e+00   1.62858752e+00 
  2.04923325e+00   1.05560980e+01  -1.57071186e+00 
 -7.29904102e-01   8.06624530e+00  -2.26837919e+00 
 -2.51096658e+00   9.17769367e+00   9.18105257e-01 
 -3.07292122e+00   1.25472817e+01  -7.37959235e-01 
 -2.95652288e+00   1.19315281e+01  -4.49331367e+00 
 -4.10593830e+00   8.95123678e+00  -6.52460451e+00 
 -7.03835758e+00   6.30682469e+00  -1.07092775e+01 
 -9.35448234e+00   6.49526006e+00  -7.75564760e+00 
 -1.00863124e+01   1.02010749e+01  -8.05346393e+00 
 -8.10472831e+00   1.09505159e+01  -4.91223481e+00 
  1.28140916e+00   6.88866605e+00  -9.39248890e+00 
  4.45369597e+00   1.40130094e+00  -9.32681223e+00 
  4.10404386e+00   4.12061664e+00  -6.67943839e+00 
  7.81061023e+00   4.93745421e+00  -7.02259469e+00 
  8.80931778e+00   7.81661081e+00  -4.71063396e+00 
  5.67031265e+00   7.45124274e+00  -2.58216724e+00 
 -1.08352468e+00   2.27186808e+00   1.27517129e+01 
 -4.85303844e+00   2.29074537e+00   1.32216972e+01 
 -5.53515451e+00   3.45331486e-01   1.00466827e+01 
 -7.56414612e+00  -2.80338200e+00   9.64214061e+00 
 -7.59674684e+00  -8.09729590e+00   5.00705796e+00 
 -1.12552642e+01  -8.90643631e+00   5.00657834e+00 
  5.08453461e+00  -4.91460463e+00  -9.96002598e+00 
  1.12910308e+01   8.37182352e-01  -2.07667439e+00 
  1.21150229e+01  -1.96176441e+00   3.07451114e-01 
  9.96122592e+00  -4.83195024e+00   1.53129825e+00 
  9.51277338e+00  -6.32825807e+00   5.00016469e+00 
  7.62978051e+00  -9.25146632e+00   6.51574931e+00 
  1.68115277e+00  -6.74936512e+00   8.02913891e+00 
  2.99651483e-01  -3.28543393e+00   7.45270005e+00 
 -3.16063242e+00  -3.06710506e+00   5.95011364e+00 
 -5.74942027e+00  -5.06806976e-01   4.80735927e+00 
 -5.59115310e+00   2.55290687e+00   7.04380694e+00 
 -1.89436327e+00   2.05022750e+00   7.91984868e+00 
 -7.88549813e-01   3.62285367e+00   4.62738173e+00 
  1.60088742e+00   6.57129565e+00   5.13575716e+00 
  3.97250185e+00   2.26308617e+00   4.56167493e+00 
  3.41163450e+00   2.36723577e+00   7.70844266e-01 
  1.74043916e+00  -6.57653957e-01  -7.55421841e-01 
  1.08688088e+00  -4.37073166e+00  -8.46197140e-01 
 -1.11556042e+00  -7.10934920e+00  -2.27610329e+00 
 -3.75762330e+00  -7.99722766e+00   2.65802118e-01 
 -2.57990043e+00  -7.95691858e+00   3.87358286e+00 
 -7.40106066e-01  -1.30309951e+01   2.73938380e+00 
  3.66000279e+00  -1.14906101e+01  -1.16430359e-01 
  5.52976211e+00  -8.64099741e+00   1.63757326e+00 
  4.66161593e+00  -5.09218896e+00   2.60834928e+00 
  6.41241011e+00  -2.45891795e+00   5.47109554e-01 
  7.84607720e+00   6.77514549e-01   2.07634197e+00 

   7.758487073324e-01 

  1.87996475e+00  -6.47381775e-01  -1.34487481e+00 
  4.57166440e+00  -1.70631498e-01  -3.02901425e+00 
  3.73817937e+00   7.97873377e-01  -3.77710789e+00 
  4.44708730e+00  -1.60433867e+00   1.15407481e+00 
  4.63494002e+00   1.37591833e+00  -4.88864036e+00 
  5.61867529e+00   2.37142601e+00  -4.34014156e+00 
  6.27396400e+00   1.73022771e+00  -3.14803188e+00 
  5.97877545e+00   2.68818912e-01  -3.06449326e+00 
  4.27210344e+00  -1.95044593e+00  -1.49808270e+00 
  4.18049048e+00  -5.30990023e-01  -1.64097428e+00 
  2.92059860e+00   6.74493434e-02  -1.17859858e+00 
  4.67481360e+00  -1.38575041e+00   2.55699639e+00 
  3.00451517e+00   1.06010459e+00  -1.70022439e-01 
  1.92498227e+00   1.75493933e+00   5.34221068e-01 
  1.13706624e+00   7.46665605e-01   1.26894641e+00 
  1.75844137e+00  -1.42293503e-01   1.88038238e+00 
 -2.69419956e-01   7.29665548e-01   1.22004916e+00 
 -9.33202553e-01  -3.90489188e-01   1.88416021e+00 
 -1.34360697e+00  -1.32073391e+00   8.01192728e-01 
 -9.15422999e-01  -2.60651408e+00   6.56376030e-01 
 -1.45114941e+00  -3.31892809e+00  -4.14392117e-01 
 -2.69307335e+00  -3.16045283e+00  -9.08627858e-01 
 -3.25099603e+00  -1.98904490e+00  -5.35910063e-01 
 -2.60381075e+00  -1.15165728e+00   3.13072297e-01 
 -3.49172103e+00  -4.02323853e+00  -1.72680444e+00 
 -2.97774094e+00  -4.99276486e+00  -2.33524135e+00 
 -4.73970156e+00  -3.72832073e+00  -2.29276219e+00 
  2.95422175e+00   2.48990718e+00   1.34469618e+00 
  4.01359329e+00   1.64112957e+00   6.98711937e-01 
  3.18333320e+00  -2.50658570e+00  -7.56886492e-01 
  3.49146843e+00  -2.56736516e+00   6.76105849e-01 
  2.66004704e+00  -3.06337484e+00   1.44964913e+00 
 -4.69507439e+00   3.75480690e+00   8.36076511e+00 
 -8.20790338e+00   4.18990267e+00   7.11472644e+00 
 -3.92963445e+00   8.71127884e+00   1.44039982e+00 
 -8.69344257e-01   1.09559508e+01   1.44473952e+00 
  1.25697090e+00   7.89978612e+00   2.18528578e+00 
 -5.96354019e-01   7.42363975e+00   5.48674470e+00 
  9.79962664e-01   1.06652203e+01   6.67831127e+00 
  4.15888297e+00   1.11287566e+01   4.63503838e+00 
  6.60612283e+00   8.56997010e+00   3.29599070e+00 
  1.18026688e+01   6.22292267e+00   2.52742421e+00 
  1.04603465e+01   4.78672204e+00   5.73044971e+00 
  1.09483171e+01   7.91594603e+00   7.81063443e+00 
  7.20876527e+00   8.49199051e+00   8.00958239e+00 
  6.36521002e+00   9.42000677e+00  -3.08537311e+00 
  4.88757936e+00   5.64110868e+00  -7.95523106e+00 
  2.69559924e+00   7.26304639e+00  -5.29251694e+00 
  1.04744473e+00   9.42738895e+00  -7.96138517e+00 
 -1.55846657e+00   1.17683030e+01  -6.42468702e+00 
 -1.74878286e+00   9.75160754e+00  -3.19762708e+00 
 -1.11941486e+01  -1.30551775e+00   6.60509985e+00 
 -9.65463410e+00  -2.77738119e+00   9.75057412e+00 
 -6.50933076e+00  -3.94406657e+00   7.99657122e+00 
 -4.99491056e+00  -7.39390384e+00   7.99326041e+00 
 -8.04142973e-01  -1.09445419e+01   3.59542356e+00 
  1.11315384e+00  -1.29955560e+01   6.07671685e+00 
  5.35020391e+00   3.79777027e-01  -1.15320931e+01 
 -4.82090914e+00   5.73810868e+00  -1.02720572e+01 
 -7.17774595e+00   2.91385190e+00  -1.10881405e+01 
 -7.00392229e+00  -7.53628800e-01  -1.01426185e+01 
 -9.68432449e+00  -3.15412908e+00  -8.90726333e+00 
 -9.89775881e+00  -6.84641166e+00  -8.06506167e+00 
 -8.22506865e+00  -7.15576733e+00  -1.65855081e+00 
 -7.15435506e+00  -4.40654454e+00   6.94098863e-01 
 -4.09323539e+00  -5.07685647e+00   2.80579622e+00 
 -1.88038205e+00  -3.42775119e+00   5.44142511e+00 
 -3.99556177e+00  -1.21044073e+00   7.67707555e+00 
 -6.63110827e+00  -5.46647267e-01   4.97529486e+00 
 -4.44346967e+00   2.11490133e+00   3.34228282e+00 
 -6.22473425e+00   5.48928009e+00   3.02325761e+00 
 -6.78789143e+00   2.64127254e+00  -9.87539850e-01 
 -3.25758096e+00   3.51284534e+00  -2.20121483e+00 
 -9.72056857e-01   5.94103024e-01  -2.92905093e+00 
 -4.13138654e-01  -2.94339434e+00  -4.11055718e+00 
  2.05252135e+00  -5.82347881e+00  -4.25571640e+00 
  1.27248745e+00  -8.23478903e+00  -1.46157334e+00 
 -2.42462890e+00  -8.70591869e+00  -7.44595465e-01 
 -2.20444977e+00  -1.22873469e+01  -4.93295879e+00 
 -2.08706136e+00  -8.57303997e+00  -8.94288621e+00 
 -4.66304785e+00  -5.79817939e+00  -8.34518079e+00 
 -5.18474643e+00  -3.18748878e+00  -5.66148199e+00 
 -4.42478334e+00   3.38609015e-01  -6.77378245e+00 
 -6.59476940e+00   3.27028829e+00  -5.81066202e+00 

   7.758487225947e-01 

  2.06657687e+00  -1.31273816e+00   1.80249444e+00 
  4.70414870e+00  -3.14014387e+00   1.91624417e+00 
  4.43597482e+00  -3.33157396e+00   4.72708649e-01 
  3.83533275e+00   1.91662828e-01   4.69352960e+00 
  5.52225806e+00  -4.29226936e+00  -4.77547984e-02 
  6.84532806e+00  -3.59554436e+00  -2.01624901e-01 
  7.09955036e+00  -2.84806543e+00   1.07833892e+00 
  6.15392218e+00  -3.25235567e+00   2.16100069e+00 
  3.57512833e+00  -2.33363077e+00   3.83355945e+00 
  4.16057404e+00  -1.93311610e+00   2.59238200e+00 
  3.31686099e+00  -1.07781301e+00   1.74628851e+00 
  4.10897212e+00   1.51738627e+00   5.17871996e+00 
  3.83357443e+00   1.92523002e-01   1.38703519e+00 
  3.18916210e+00   1.27373537e+00   6.38802347e-01 
  2.00595228e+00   1.71429384e+00   1.40245997e+00 
  2.12675001e+00   1.84569215e+00   2.63467426e+00 
  7.55939797e-01   1.90264469e+00   7.83683279e-01 
 -3.68280842e-01   2.21689645e+00   1.66332835e+00 
 -1.14277630e+00   9.56777642e-01   1.80037539e+00 
 -1.36206113e+00   2.84000765e-01   2.96520248e+00 
 -2.14573030e+00  -8.64542772e-01   2.87689898e+00 
 -3.15885143e+00  -1.04837637e+00   2.00998438e+00 
 -3.11249306e+00  -1.86385039e-01   9.72094451e-01 
 -2.16718724e+00   7.85444397e-01   9.19362122e-01 
 -4.25057599e+00  -1.97542192e+00   2.02954526e+00 
 -4.23642147e+00  -2.97252722e+00   2.79107978e+00 
 -5.20374247e+00  -2.17433340e+00   1.02124891e+00 
  4.42509516e+00   2.10808288e+00   8.19674027e-01 
  4.97840487e+00   1.02776171e+00   1.70666128e+00 
  2.33724106e+00  -1.67154305e+00   4.10440007e+00 
  2.55082055e+00  -4.33471558e-01   4.86181859e+00 
  1.56776616e+00   2.36271004e-01   5.20925799e+00 
 -1.89353452e+00   1.02956833e+01  -7.21684852e-01 
 -4.76856426e+00   9.91012052e+00  -3.10232919e+00 
  1.24603487e+00   5.62776487e+00  -7.15578012e+00 
  4.99969649e+00   5.92676968e+00  -7.62965498e+00 
  5.43516479e+00   5.13272496e+00  -3.94324684e+00 
  3.50454543e+00   8.29904666e+00  -3.04419489e+00 
  6.38726751e+00   1.03002651e+01  -4.49247106e+00 
  9.45691001e+00   8.05628052e+00  -4.29957778e+00 
  1.04525803e+01   5.48353677e+00  -1.70746253e+00 
  1.39650483e+01   3.04251430e+00   2.14057851e+00 
  1.20395235e+01   5.68285200e+00   3.99660819e+00 
  1.38889556e+01   8.64235908e+00   2.52072327e+00 
  1.08487444e+01   9.67016208e+00   5.06676569e-01 
  1.07723037e+01  -1.16973341e-02  -5.05449562e+00 
  7.80377499e+00  -5.59414955e+00  -4.60399767e+00 
  6.56782920e+00  -2.19285035e+00  -5.79946808e+00 
  6.17916212e+00  -3.57052926e+00  -9.33139969e+00 
  4.93723331e+00  -8.68924288e-01  -1.17378631e+01 
  3.75814247e+00   1.38648570e+00  -8.90235810e+00 
 -9.96513534e+00   7.95438170e+00  -1.78688648e-01 
 -9.35901911e+00   1.00387403e+01   2.93877040e+00 
 -7.08702414e+00   7.47303459e+00   4.54682577e+00 
 -7.36056435e+00   5.95869583e+00   7.98583857e+00 
 -5.22244565e+00  -7.28634214e-02   1.09114687e+01 
 -4.53896295e+00   1.12839413e+00   1.43941853e+01 
  5.82994639e+00  -1.08610962e+01  -1.59520324e+00 
 -6.82514663e-01  -6.02927010e+00  -9.84094366e+00 
 -4.06805035e+00  -7.40210816e+00  -8.91867332e+00 
 -5.64829496e+00  -7.89835597e+00  -5.50821987e+00 
 -9.16532503e+00  -7.18310272e+00  -4.24648212e+00 
 -1.10972407e+01  -7.71712408e+00  -1.02618253e+00 
 -9.89938452e+00  -2.24595535e+00   2.51901754e+00 
 -7.71824783e+00   7.25878201e-01   1.71248835e+00 
 -5.37075953e+00   1.89573168e+00   4.43274039e+00 
 -2.70024717e+00   4.53266822e+00   5.12392575e+00 
 -3.58103866e+00   7.74608575e+00   3.31098283e+00 
 -5.54291163e+00   5.96095973e+00   5.44984022e-01 
 -2.33097234e+00   5.06016624e+00  -1.30119001e+00 
 -2.32171106e+00   6.29723730e+00  -4.92482631e+00 
 -4.06522434e+00   1.68434218e+00  -4.48191938e+00 
 -5.11927798e-01   2.88736652e-01  -4.13235556e+00 
  1.59634103e-01  -1.82744964e+00  -1.07570155e+00 
 -9.74374237e-01  -4.29025846e+00   1.54553211e+00 
 -1.37896899e-01  -5.88932565e+00   4.88300504e+00 
 -2.01343611e+00  -4.07352195e+00   7.60611434e+00 
 -5.51648253e+00  -2.95898150e+00   6.66210605e+00 
 -6.90658651e+00  -8.13432186e+00   7.96632446e+00 
 -4.98202824e+00  -1.04775065e+01   3.41715230e+00 
 -5.97479677e+00  -8.48339294e+00   2.97738266e-01 
 -5.27287389e+00  -4.98774070e+00  -9.58383394e-01 
 -2.92983417e+00  -4.85450351e+00  -3.91482116e+00 
 -3.49822505e+00  -2.53776655e+00  -6.83729345e+00 

   7.758487184828e-01 

 -3.83919590e-02   6.40315956e-01   5.01387324e-01 
  5.42208042e-01   8.99262193e-03   3.59545290e+00 
  1.93976650e+00  -1.48416696e-01   3.13240046e+00 
 -3.35103928e+00  -6.20284386e-01   1.59139360e+00 
  2.78075134e+00  -4.58738574e-01   4.38550267e+00 
  2.58262867e+00  -1.87652225e+00   4.84404819e+00 
  1.09918446e+00  -2.11820931e+00   4.89549488e+00 
  3.19938247e-01  -8.50299573e-01   4.77297194e+00 
 -1.49796832e+00   8.99469373e-01   2.79174989e+00 
 -5.61620333e-01  -1.66289734e-01   2.61545026e+00 
 -1.27888557e-01  -3.99513236e-01   1.23097987e+00 
 -4.35887947e+00  -1.50275171e+00   1.06857667e+00 
 -3.55226739e-01  -1.68898983e+00   6.87516655e-01 
 -1.12050163e-01  -2.17406734e+00  -6.72521450e-01 
 -9.50839819e-01  -1.38467071e+00  -1.59477740e+00 
 -2.12671277e+00  -1.15443015e+00  -1.25636611e+00 
 -4.28379386e-01  -8.34306145e-01  -2.78010718e+00 
 -1.32085741e+00   3.24381572e-02  -3.54732877e+00 
 -8.87887251e-01   1.42314434e+00  -3.25575159e+00 
 -1.65232417e+00   2.38336536e+00  -2.66316495e+00 
 -1.06199477e+00   3.63617462e+00  -2.51130122e+00 
 -1.65508928e-01   4.17947156e+00  -3.35562988e+00 
  4.09778323e-01   3.25967142e+00  -4.15900811e+00 
  1.64457155e-02   1.96175158e+00  -4.12007921e+00 
  2.43826141e-01   5.54003412e+00  -3.53724119e+00 
 -2.61031369e-02   6.41476485e+00  -2.67914838e+00 
  1.27277925e+00   6.00551377e+00  -4.36749762e+00 
 -6.68636196e-01  -3.51095863e+00  -2.73391365e-01 
 -1.03493889e+00  -2.91808708e+00   1.05863869e+00 
 -1.98177415e+00   1.42582463e+00   1.55362088e+00 
 -3.19738194e+00   7.29427017e-01   1.11835813e+00 
 -3.76221289e+00   1.09806041e+00   7.87796387e-02 
 -2.51702171e+00  -4.84788398e+00  -1.04779688e+01 
 -1.02438990e-01  -3.36750178e+00  -1.29397077e+01 
  5.17814688e+00  -6.12809205e+00  -6.98664183e+00 
  5.35752731e+00  -9.08846316e+00  -4.61852701e+00 
  2.33786296e+00  -7.69143035e+00  -2.79105287e+00 
  2.51416287e-01  -8.08236625e+00  -5.96203016e+00 
  6.24445156e-01  -1.18406628e+01  -5.57666961e+00 
  1.29486426e+00  -1.24807833e+01  -1.88395093e+00 
 -1.51596235e-03  -1.06893179e+01   1.18842364e+00 
 -2.57450684e+00  -1.03298282e+01   6.32203481e+00 
 -5.30636757e+00  -1.00781093e+01   3.75348559e+00 
 -5.27842045e+00  -1.37387784e+01   2.77570866e+00 
 -3.78669567e+00  -1.29295443e+01  -6.11850508e-01 
  5.33851277e+00  -8.47658403e+00   4.03277956e+00 
  7.38293189e+00  -2.68852674e+00   5.61316870e+00 
  7.07227925e+00  -4.39132010e+00   2.21764958e+00 
  1.08664534e+01  -4.38071555e+00   1.86025469e+00 
  1.19483891e+01  -6.02303277e+00  -1.42064907e+00 
  8.46675799e+00  -5.72828254e+00  -2.94005256e+00 
 -1.75510366e+00   2.45118726e+00  -1.46095881e+01 
 -5.47898022e+00   1.70261230e+00  -1.46631955e+01 
 -5.92879371e+00   2.28194402e+00  -1.09493458e+01 
 -8.39707505e+00   4.55415646e+00  -9.23485432e+00 
 -8.57442253e+00   7.87165045e+00  -3.03216836e+00 
 -1.22593184e+01   7.75267671e+00  -2.36372229e+00 
  6.94342781e+00   3.03173310e+00   8.40153964e+00 
  1.25916848e+01   1.81003517e+00  -1.61621486e+00 
  1.24468131e+01   5.34633048e+00  -2.90878812e+00 
  9.61810157e+00   7.86811072e+00  -2.79199195e+00 
  8.28923035e+00   1.02690653e+01  -5.42686846e+00 
  5.66035679e+00   1.29985933e+01  -5.58964891e+00 
  1.00835409e-01   9.80783634e+00  -7.27719514e+00 
 -4.93869306e-01   6.12459913e+00  -7.84263570e+00 
 -3.52956916e+00   4.61956653e+00  -6.16979188e+00 
 -5.35623298e+00   1.29405569e+00  -5.76100963e+00 
 -5.03987924e+00  -7.35633033e-01  -8.94987642e+00 
 -1.71593435e+00   8.79780359e-01  -9.96387388e+00 
  2.30818338e-01  -1.37879895e+00  -7.58788450e+00 
  2.99206178e+00  -3.34905031e+00  -9.36406568e+00 
  4.59398740e+00   9.62214968e-01  -7.53059350e+00 
  4.74865067e+00  -5.07384377e-01  -3.99333910e+00 
  2.84947758e+00   1.36788031e+00  -1.31959655e+00 
  1.55064729e+00   4.58243533e+00   1.64301195e-01 
 -8.26533835e-01   6.10254364e+00   2.70078244e+00 
 -3.99791599e+00   7.12769100e+00   9.34003632e-01 
 -3.49706690e+00   8.54996386e+00  -2.54895128e+00 
 -2.44998517e+00   1.32535707e+01   1.33815738e-01 
  2.59680545e+00   1.19413507e+01   1.77619030e+00 
  4.61492381e+00   1.03477624e+01  -1.06642931e+00 
  4.25546757e+00   7.21456653e+00  -3.15065525e+00 
  6.80074038e+00   4.54045441e+00  -2.36400532e+00 
  8.49033051e+00   2.50830038e+00  -5.05599746e+00 

   7.758487151639e-01 

  3.73505336e+00  -1.13963995e-01  -8.88147174e-01 
  6.88495566e+00  -6.95671588e-01  -1.10865718e+00 
  6.45572660e+00  -1.77431342e+00  -2.02771025e+00 
  4.92177303e+00   1.22083737e+00   2.36152860e+00 
  7.74345187e+00  -2.44961137e+00  -2.53717131e+00 
  8.35086605e+00  -3.33848248e+00  -1.48809399e+00 
  8.41319828e+00  -2.53791791e+00  -2.16533874e-01 
  8.14629982e+00  -1.08790735e+00  -4.53295687e-01 
  5.96913616e+00   1.24248977e+00  -1.05637537e-01 
  5.91865180e+00  -1.86178246e-01  -1.00575884e-01 
  4.57199805e+00  -7.68007180e-01  -1.85791114e-01 
  4.48751952e+00   1.17879184e+00   3.73174479e+00 
  4.16907645e+00  -1.63002960e+00   8.65067401e-01 
  2.87206143e+00  -2.27249694e+00   1.08673192e+00 
  1.86138120e+00  -1.21139048e+00   1.25941995e+00 
  2.16101419e+00  -2.35266400e-01   1.97189066e+00 
  6.28741003e-01  -1.24839232e+00   5.81106770e-01 
 -2.36757914e-01  -8.04682392e-02   7.33627425e-01 
 -9.31091737e-02   6.99653975e-01  -5.22301036e-01 
  3.84340881e-01   1.97289306e+00  -6.14136599e-01 
  4.05597881e-01   2.53402120e+00  -1.88919197e+00 
 -4.83554297e-01   2.27550687e+00  -2.86609419e+00 
 -1.17679104e+00   1.13844028e+00  -2.64496759e+00 
 -1.00154581e+00   4.30699685e-01  -1.50075404e+00 
 -8.07269094e-01   3.00696412e+00  -4.05429786e+00 
 -5.16804852e-02   3.91410914e+00  -4.47918419e+00 
 -1.67265673e+00   2.60428311e+00  -5.08079874e+00 
  3.40796428e+00  -2.87016770e+00   2.35636775e+00 
  4.66430079e+00  -2.06865578e+00   2.15841106e+00 
  4.67650363e+00   1.84544903e+00  -7.56490930e-03 
  4.30698815e+00   2.08691052e+00   1.39146016e+00 
  3.22799365e+00   2.64281792e+00   1.64126595e+00 
 -6.60990327e+00  -3.55108832e+00   5.27448749e+00 
 -9.19306770e+00  -4.25117351e+00   2.64408819e+00 
 -2.92338180e+00  -9.26730086e+00   9.96993989e-02 
 -2.46993895e-01  -1.13896565e+01   1.75393493e+00 
  1.38805817e+00  -8.19623659e+00   2.99426596e+00 
 -1.74275162e+00  -7.39392139e+00   5.02292794e+00 
 -9.49022874e-01  -1.04148049e+01   7.18086384e+00 
  2.79783567e+00  -1.10095188e+01   6.86034649e+00 
  5.64501589e+00  -8.54631985e+00   6.46586766e+00 
  1.06834240e+01  -6.13140303e+00   7.83919052e+00 
  8.07542006e+00  -4.37069017e+00   9.89396563e+00 
  7.50004637e+00  -7.21143949e+00   1.23345403e+01 
  4.05993870e+00  -7.88707289e+00   1.08975850e+01 
  8.28657473e+00  -1.01579245e+01   8.15435431e-01 
  9.25147753e+00  -7.03848684e+00  -4.61752923e+00 
  6.05733086e+00  -8.40571529e+00  -3.05111844e+00 
  5.73900740e+00  -1.09274738e+01  -5.89066710e+00 
  2.66623878e+00  -1.31563633e+01  -5.41924452e+00 
  1.08896131e+00  -1.07774298e+01  -2.89534599e+00 
 -1.14996224e+01   1.03924980e+00   1.80704661e-01 
 -1.15092641e+01   2.92689890e+00   3.47724828e+00 
 -7.88467844e+00   3.98315676e+00   3.19918075e+00 
 -6.45114931e+00   7.45774809e+00   3.45816112e+00 
 -6.46205158e-01   1.06004733e+01   1.02168929e+00 
 -5.81635372e-03   1.29966449e+01   3.83019961e+00 
  1.13995855e+01  -2.22781114e+00  -8.21370142e+00 
  1.63021903e+00  -7.74216597e+00  -1.10247961e+01 
 -3.90007219e-02  -5.11732653e+00  -1.31510651e+01 
 -2.24340734e-01  -1.35957119e+00  -1.26825082e+01 
 -3.11688489e+00   1.07800892e+00  -1.30880074e+01 
 -3.60063808e+00   4.83484825e+00  -1.28881677e+01 
 -4.98853542e+00   5.96181391e+00  -6.50532639e+00 
 -5.15784149e+00   3.55048478e+00  -3.60766476e+00 
 -3.36245397e+00   4.57162979e+00  -4.43352288e-01 
 -2.61439911e+00   3.32463877e+00   3.08485395e+00 
 -5.56143032e+00   1.31838893e+00   4.38044588e+00 
 -6.71092545e+00   2.47980028e-01   8.84844882e-01 
 -4.08495448e+00  -2.51281159e+00   7.48513675e-01 
 -5.60954961e+00  -5.96001825e+00   7.51001668e-02 
 -4.23761538e+00  -3.63077672e+00  -4.07305662e+00 
 -5.60680954e-01  -4.51959405e+00  -3.45185911e+00 
  1.87510261e+00  -1.63195616e+00  -3.42219361e+00 
  2.98912693e+00   1.75669820e+00  -4.64623293e+00 
  5.32211860e+00   4.68150918e+00  -4.01531042e+00 
  3.42297539e+00   7.38033759e+00  -2.18782603e+00 
 -1.88284441e-01   7.80695181e+00  -3.27477904e+00 
  1.97983710e+00   1.08695719e+01  -7.31670374e+00 
  3.80522542e+00   6.71038860e+00  -1.03594823e+01 
  1.17226731e+00   3.94010365e+00  -1.06525041e+01 
 -5.63982753e-01   1.65127398e+00  -8.19551324e+00 
  5.33091981e-01  -1.95416445e+00  -8.40854758e+00 
 -1.90595676e+00  -4.82267928e+00  -8.17649223e+00 

   7.758487183869e-01 

