  4.67678056e+00  -1.37639871e+00   1.24881782e+00 
  3.87009612e+00  -2.24739609e+00   4.50876710e-01 
  1.04448221e+00  -1.08226905e+00  -1.72447002e+00 
  5.01476122e+00   2.45615615e-01   3.04419671e+00 
  3.16022337e+00  -1.36246220e+00  -5.31653616e-01 
  3.72452166e+00  -1.00238451e+00  -1.56646908e+00 
  4.74564977e+00  -3.16316265e+00  -3.40753003e-01 
  1.30287498e-01  -1.13583149e-01  -1.00629378e+00 
  5.14072086e+00  -7.83088135e-01   4.09281634e+00 
  6.14480436e+00  -2.87101726e+00   1.06770184e-01 
  6.35704510e-01   1.16932444e+00  -1.23259345e+00 
  4.96942162e+00  -4.67518459e-01   5.53623196e+00 
  6.53970689e+00  -1.38461272e+00   4.00167459e+00 
 -1.14975169e+00  -4.40975357e-01  -6.08755132e-01 
  6.01070490e+00  -1.90936470e+00   1.23884610e+00 
 -8.39489174e-02   2.08496624e+00  -5.47836124e-01 
  4.97341035e+00  -1.74492939e+00   6.32529025e+00 
  6.69913301e+00  -2.60654029e+00   4.85954120e+00 
 -1.87338190e+00   5.12955916e-01   1.37035340e-01 
 -1.43303731e+00   1.71132446e+00  -5.18683247e-01 
  6.34749073e+00  -2.37036444e+00   6.30313221e+00 
  4.12202230e+00   2.08907275e+00  -2.97127346e-01 
  4.64076406e+00   2.60463827e+00   7.43002348e-01 
 -3.50678594e+00   2.42602660e-01   6.15994062e-01 
  1.99726288e+00   1.46134036e+00  -1.38386759e+00 
  6.18294318e+00   8.43213304e-01  -6.42821484e-01 
  6.62227693e+00   1.77255966e+00   4.98975271e-01 
  4.11793721e+00  -3.08916541e-01   2.00532949e+00 
  4.80253521e+00   1.54162691e+00   3.58262605e+00 
  2.90324656e+00  -5.71358391e-02   2.10609919e+00 
  5.04790017e+00   1.55861702e+00  -1.22192376e+00 
  2.66512587e+00   2.01491546e+00  -3.05248741e-01 
  1.79016813e+00  -1.62626913e+00  -6.39437342e-01 
 -2.18997424e-01  -5.67518143e+00  -9.07778524e+00 
 -3.88453059e+00  -6.41576176e+00  -8.79051637e+00 
 -8.95732525e-01  -1.02482862e+01  -1.90099359e+00 
  2.22184671e+00  -1.21791921e+01  -9.37649741e-01 
  4.18392473e+00  -8.95656072e+00  -1.28671938e+00 
  3.24764410e+00  -8.82473602e+00  -4.98753230e+00 
  5.36840676e+00  -1.19444309e+01  -5.50218180e+00 
  7.91146828e+00  -1.19905868e+01  -2.66321639e+00 
  9.64069985e+00  -9.08793744e+00  -8.96738720e-01 
  1.36557142e+01  -5.04368055e+00  -2.40371712e+00 
  1.15069056e+01  -9.16289637e+00  -5.26754352e+00 
  4.63601411e+00  -5.92627135e+00   9.26646706e+00 
  3.40128062e+00  -7.89984114e+00   6.25926956e+00 
  1.29256782e+00  -1.01450106e+01   8.50872455e+00 
 -5.70852708e-01  -1.27768485e+01   6.45945568e+00 
 -1.90172487e-02  -1.09267970e+01   3.19502652e+00 
 -7.36197121e+00  -1.23944790e+00  -9.43065115e+00 
 -5.15588002e+00   2.81868716e-01  -1.21236045e+01 
 -2.73025540e+00   1.81487431e+00  -9.65401986e+00 
 -1.58924278e+00   5.39696356e+00  -9.44383005e+00 
  9.46972792e-01   9.46977615e+00  -4.29445819e+00 
  3.21448324e+00   1.16650320e+01  -6.32509698e+00 
  3.54683919e+00  -6.29312712e-01   1.26375076e+01 
 -5.32610567e+00  -7.05439415e+00   8.88899363e+00 
 -8.02947541e+00  -4.44880891e+00   8.86801633e+00 
 -7.92527214e+00  -8.19991255e-01   7.80531581e+00 
 -1.03758570e+01   1.25789755e+00   5.78019926e+00 
 -1.06695549e+01   4.88691630e+00   4.69858949e+00 
 -7.30746093e+00   5.18199454e+00  -1.02293874e+00 
 -5.41135662e+00   2.42961738e+00  -2.80205877e+00 
 -1.98031415e+00   3.35417442e+00  -4.10471736e+00 
  1.05322223e+00   1.85599170e+00  -5.92776418e+00 
 -1.63397138e-01  -6.37298024e-01  -8.50578602e+00 
 -3.35336816e+00  -1.46342318e+00  -6.56638333e+00 
 -1.53947256e+00  -3.89956107e+00  -4.31689999e+00 
 -2.99529331e+00  -7.38072325e+00  -4.24198328e+00 
 -4.81682391e+00  -4.38281752e+00  -7.19488342e-01 
 -1.75566625e+00  -4.92806620e+00   1.46556685e+00 
 -5.16107561e-02  -1.77425339e+00   2.65537032e+00 
 -1.18625977e-01   1.82587677e+00   3.68673998e+00 
  1.92004596e+00   4.95076463e+00   4.27554367e+00 
  1.79688079e+00   7.08105877e+00   1.21945512e+00 
 -1.64075065e+00   7.23668753e+00  -4.05651733e-01 
 -4.74063106e+00   9.14894011e+00   6.80781329e-01 
 -2.83720255e+00   1.09703441e+01   3.43978522e+00 
 -3.56557704e+00   7.44109355e+00   7.54111196e+00 
 -5.67311686e+00   4.41162304e+00   6.49509752e+00 
 -5.18854375e+00   1.66474892e+00   3.94689714e+00 
 -4.46292594e+00  -1.72338448e+00   5.27009877e+00 
 -5.99471848e+00  -4.91273763e+00   3.98268127e+00 

   2.604076710542e+00 

  2.61933355e+00   1.92452224e-01  -2.69634983e+00 
  1.85051360e+00   1.14593189e+00  -1.95750563e+00 
  5.51900072e-01   5.57279021e-01   1.51244270e+00 
  2.94217440e+00  -1.96438627e+00  -3.79748000e+00 
  1.89034152e+00   6.85815666e-01  -5.29496148e-01 
  2.85242501e+00   9.66245671e-01   1.87917204e-01 
  2.52043892e+00   2.48047520e+00  -2.00406763e+00 
 -1.06894720e-01  -7.97491375e-01   1.65561868e+00 
  2.32013793e+00  -1.53106985e+00  -5.06200941e+00 
  3.69658201e+00   2.31021117e+00  -2.91561135e+00 
  8.90671818e-01  -1.69854681e+00   2.03702717e+00 
  1.82189905e+00  -2.50196151e+00  -6.07273738e+00 
  3.33371273e+00  -6.81700161e-01  -5.82265615e+00 
 -1.46924965e+00  -9.60017501e-01   1.80147227e+00 
  3.57628941e+00   9.31631875e-01  -3.47180299e+00 
  3.91205579e-01  -2.95215610e+00   2.10173645e+00 
  1.08431782e+00  -1.75962700e+00  -7.14946468e+00 
  2.72944189e+00   1.31272865e-02  -7.00863699e+00 
 -1.97750585e+00  -2.27556097e+00   1.83018687e+00 
 -9.28573994e-01  -2.91973868e+00   2.56823846e+00 
  2.04461089e+00  -9.25911780e-01  -7.96363018e+00 
  3.95480783e+00  -2.20685170e+00  -1.91936647e-02 
  4.26094433e+00  -3.02344917e+00  -9.44505632e-01 
 -3.65088776e+00  -2.59740697e+00   2.08848056e+00 
  2.23006542e+00  -1.60177560e+00   1.63873322e+00 
  5.38077278e+00  -5.47983868e-01  -1.08399460e+00 
  5.74179216e+00  -1.78520934e+00  -1.92025681e+00 
  2.29332327e+00  -1.19228182e+00  -2.71399535e+00 
  3.07394706e+00  -3.37532816e+00  -3.71700821e+00 
  1.30366334e+00  -1.70573109e+00  -2.16084768e+00 
  4.85696905e+00  -1.13355383e+00   1.48171183e-01 
  2.66726020e+00  -2.43837217e+00   6.26363034e-01 
  6.38565636e-01   6.82407823e-01   9.60628121e-02 
  1.11132941e-01   7.64362510e+00   6.64581352e+00 
 -3.43844818e+00   7.39883131e+00   7.83224604e+00 
 -4.54398313e+00   8.16177094e+00  -4.91353374e-01 
 -2.88830492e+00   1.00286768e+01  -3.34601876e+00 
  1.45989102e-01   7.80674555e+00  -2.88444755e+00 
  5.89581746e-01   9.19975244e+00   6.44399105e-01 
  1.41247525e+00   1.25679891e+01  -9.28135775e-01 
  2.67387602e+00   1.18267171e+01  -4.44785588e+00 
  4.69653538e+00   8.86213862e+00  -5.73478521e+00 
  1.01975281e+01   6.88346554e+00  -4.97900234e+00 
  7.70772759e+00   1.13171634e+01  -2.99656172e+00 
 -1.74984288e+00   4.35010707e-01  -1.08103813e+01 
 -2.58818431e+00   3.26786172e+00  -8.41560721e+00 
 -5.99786927e+00   3.74231017e+00  -1.00577458e+01 
 -7.94214343e+00   6.57510265e+00  -8.38636269e+00 
 -5.70046866e+00   6.58839283e+00  -5.32720212e+00 
 -4.28160611e+00   2.50467184e+00   1.16575240e+01 
 -9.17436492e-01   2.87948023e+00   1.33823786e+01 
  9.60740843e-01   9.18864049e-01   1.07440049e+01 
  3.23784045e+00  -2.03919825e+00   1.12361083e+01 
  5.30165543e+00  -7.40265171e+00   7.17280992e+00 
  8.75873935e+00  -7.90179457e+00   8.54529125e+00 
 -1.78409658e+00  -5.91460290e+00  -1.13480376e+01 
 -1.06846575e+01  -4.63029516e-01  -6.33583090e+00 
 -1.20326735e+01  -3.26067157e+00  -4.22543002e+00 
 -1.02216740e+01  -5.88762836e+00  -2.19370675e+00 
 -1.08981946e+01  -7.25704964e+00   1.28351441e+00 
 -9.42568756e+00  -9.95722438e+00   3.51211747e+00 
 -4.53868508e+00  -6.89453304e+00   6.80815280e+00 
 -3.35962360e+00  -3.30933054e+00   6.50461261e+00 
  3.87066741e-01  -2.80549196e+00   6.32511710e+00 
  3.04096850e+00  -5.04446549e-02   5.95503226e+00 
  1.88166892e+00   3.03826970e+00   7.81476984e+00 
 -1.82617636e+00   2.20651446e+00   7.39078616e+00 
 -1.90996679e+00   3.65174099e+00   3.89943815e+00 
 -4.51440556e+00   6.32699498e+00   3.34843801e+00 
 -6.10338570e+00   1.74441124e+00   2.25828512e+00 
 -4.36935401e+00   1.84118134e+00  -1.12198115e+00 
 -2.08565283e+00  -1.08087047e+00  -1.83769459e+00 
 -1.11553132e+00  -4.67968918e+00  -1.46834739e+00 
  1.64276318e+00  -7.23205088e+00  -1.84920883e+00 
  3.33800522e+00  -7.69527716e+00   1.43781189e+00 
  9.47933170e-01  -7.78976101e+00   4.39773594e+00 
 -1.36677149e+00  -1.05780870e+01   5.54391450e+00 
  7.40574684e-02  -1.30281164e+01   2.99950571e+00 
 -3.22912515e+00  -1.20106444e+01  -1.22668197e+00 
 -5.86209414e+00  -9.34497001e+00  -4.04989315e-01 
 -5.65340922e+00  -5.70133960e+00   5.71669722e-01 
 -6.73913431e+00  -3.23156073e+00  -1.97356621e+00 
 -8.85530220e+00  -1.98595434e-01  -1.26739603e+00 

   2.604076688821e+00 

  6.48985787e-02   2.46385485e+00  -2.75517385e+00 
  5.80550759e-01   1.18710845e+00  -2.36773351e+00 
  8.22834523e-01   1.35395057e-02   1.18721034e+00 
 -1.70149936e+00   4.14391842e+00  -2.91583990e+00 
  8.65849411e-01   1.28956532e+00  -8.97849047e-01 
  1.91986591e+00   1.79063187e+00  -5.01734045e-01 
  1.88722571e+00   9.41768166e-01  -3.04916324e+00 
 -4.52261778e-01   2.65777857e-01   1.96205806e+00 
 -2.28065076e+00   3.57058606e+00  -4.14450142e+00 
  2.08788058e+00   2.10665644e+00  -3.96895125e+00 
 -3.39781115e-01   1.53700865e+00   2.53110990e+00 
 -3.66424354e+00   3.88652550e+00  -4.58981361e+00 
 -1.40210776e+00   3.98455529e+00  -5.32100014e+00 
 -1.30689453e+00  -7.44081025e-01   2.35381815e+00 
  8.27121528e-01   2.89968833e+00  -3.89208122e+00 
 -1.48256537e+00   1.86759906e+00   3.17136156e+00 
 -4.01876791e+00   3.01310815e+00  -5.75852346e+00 
 -1.75607620e+00   3.26058487e+00  -6.58790092e+00 
 -2.51285755e+00  -3.79007690e-01   2.98801448e+00 
 -2.04509642e+00   7.32080109e-01   3.76689123e+00 
 -3.20424530e+00   3.40155165e+00  -6.96950240e+00 
  2.66555846e-01   4.56430737e+00   4.47097109e-01 
 -5.01652357e-01   5.41803700e+00  -9.85777815e-02 
 -3.61569846e+00  -1.55857424e+00   3.59038420e+00 
  3.52373088e-01   2.60259401e+00   1.94168259e+00 
  1.82878461e+00   4.87312811e+00  -1.39223135e+00 
  8.35321416e-01   6.00552293e+00  -1.69406067e+00 
 -1.10122243e+00   3.02129169e+00  -2.16060261e+00 
 -2.57684640e+00   5.06763748e+00  -2.28726794e+00 
 -1.81567202e+00   2.45770367e+00  -1.31151282e+00 
  1.61483838e+00   4.62798007e+00   3.24111389e-02 
 -3.88345366e-01   3.58473869e+00   1.30713633e+00 
  3.83000842e-01   2.07189465e-01  -1.53812381e-01 
  7.60947568e+00  -5.22478936e+00   2.99378682e+00 
  5.83670814e+00  -8.07392972e+00   4.66913872e+00 
  2.32206125e+00  -8.23817351e+00  -2.99290213e+00 
  3.43389057e+00  -7.61818543e+00  -6.56434600e+00 
  3.85345469e+00  -3.95901902e+00  -5.67476373e+00 
  6.52777940e+00  -4.91912375e+00  -3.12208586e+00 
  8.72231206e+00  -6.02506157e+00  -6.02999378e+00 
  7.50900696e+00  -4.09167473e+00  -9.08269470e+00 
  6.10147482e+00  -5.56589145e-01  -9.32383420e+00 
  8.26074706e+00   4.88291742e+00  -8.61912762e+00 
  1.07038911e+01   1.41811467e-02  -8.28257694e+00 
 -5.64574992e+00  -2.29282951e-02  -9.55156294e+00 
 -3.18198386e+00  -2.69232643e+00  -8.42600018e+00 
 -5.52478369e+00  -5.45723837e+00  -9.61519043e+00 
 -4.00630269e+00  -8.90616655e+00  -8.98470698e+00 
 -1.43077706e+00  -7.55679697e+00  -6.54963568e+00 
  3.48396410e+00  -6.40177057e+00   1.02337512e+01 
  6.42702988e+00  -4.18429320e+00   1.11580718e+01 
  5.08421805e+00  -1.16572895e+00   9.30936597e+00 
  4.55703436e+00   2.31916208e+00   1.06341668e+01 
  3.64616935e-01   7.68683384e+00   8.85991983e+00 
  2.60794672e+00   1.05417639e+01   9.80915985e+00 
 -1.03208563e+01   3.76037707e+00  -7.44492550e+00 
 -9.69745713e+00  -7.23711212e+00  -3.87721019e+00 
 -1.15824463e+01  -6.96035933e+00  -6.41789465e-01 
 -1.15237768e+01  -4.25698764e+00   2.00337076e+00 
 -1.14584853e+01  -4.47691642e+00   5.79433978e+00 
 -1.15695188e+01  -2.02762266e+00   8.69512029e+00 
 -5.21248251e+00  -3.98414897e-01   9.72495038e+00 
 -2.13903938e+00  -1.52594389e+00   7.82267655e+00 
  3.41570428e-01   1.18685373e+00   6.92206759e+00 
  3.67470966e+00   1.73162013e+00   5.08799557e+00 
  5.91017418e+00  -1.26904590e+00   5.67240060e+00 
  2.97697225e+00  -3.67351015e+00   6.15666119e+00 
  2.51203910e+00  -4.10175861e+00   2.43031829e+00 
  2.62525419e+00  -7.67272433e+00   1.21419063e+00 
 -1.95474550e+00  -6.08985198e+00   2.32389388e+00 
 -2.24795335e+00  -4.29255864e+00  -1.01169734e+00 
 -3.23915209e+00  -6.54541154e-01  -7.92036920e-01 
 -5.03220049e+00   2.18351069e+00   8.69157087e-01 
 -5.34954963e+00   5.93516732e+00   1.17270007e+00 
 -3.33500045e+00   7.09776329e+00   4.08524468e+00 
 -3.59733969e+00   4.83545203e+00   7.13412310e+00 
 -6.43756630e+00   4.47177345e+00   9.63355970e+00 
 -8.34091812e+00   7.41677520e+00   8.13126146e+00 
 -1.12966877e+01   4.77892755e+00   4.37464871e+00 
 -1.06465585e+01   9.98720920e-01   4.40477077e+00 
 -7.57998855e+00  -1.11524041e+00   3.77170030e+00 
 -7.53184016e+00  -3.07660959e+00   6.24077831e-01 
 -6.36857864e+00  -6.64510111e+00   3.26778231e-01 

   2.604076573184e+00 

 -3.68002365e+00  -1.44372721e+00   3.45829785e+00 
 -3.54286631e+00  -1.85158016e+00   2.09413084e+00 
 -2.46785453e-01  -2.43767827e+00   4.01214979e-01 
 -3.35276404e+00   1.14917400e-01   5.31088815e+00 
 -2.13278583e+00  -2.34613729e+00   1.95434707e+00 
 -1.84073209e+00  -3.49668241e+00   2.28582688e+00 
 -4.44128880e+00  -3.01359632e+00   1.82122893e+00 
  7.39078773e-01  -1.32018909e+00   6.64196154e-01 
 -4.54224517e+00   9.21358169e-01   4.98142025e+00 
 -5.22314029e+00  -3.22415304e+00   3.08123739e+00 
  1.44290367e+00  -1.66053366e+00   1.82236005e+00 
 -4.72743853e+00   2.30525255e+00   5.49428033e+00 
 -5.77577006e+00   1.69391467e-01   5.47165522e+00 
  1.12346787e+00  -4.13111579e-01  -3.01811308e-01 
 -4.85422690e+00  -2.08933422e+00   3.97591156e+00 
  2.28686657e+00  -6.64098852e-01   2.16874890e+00 
 -5.93091486e+00   2.91824165e+00   4.83826996e+00 
 -7.05639518e+00   7.77444025e-01   4.97697986e+00 
  1.97550386e+00   6.42210307e-01   8.57151928e-02 
  2.81025261e+00  -5.71626216e-02   1.02060502e+00 
 -7.19154474e+00   2.23728028e+00   5.31451872e+00 
 -3.02921448e-01  -2.33186752e+00   5.04365829e+00 
 -6.11128420e-01  -1.60342043e+00   6.03922314e+00 
  2.58231054e+00   1.78454080e+00  -1.05331479e+00 
  8.96689423e-01  -2.38730453e+00   2.88792186e+00 
 -2.30359700e+00  -3.65268002e+00   5.45823801e+00 
 -2.30279178e+00  -2.76937236e+00   6.71527152e+00 
 -2.84822087e+00  -4.45050869e-01   4.03698637e+00 
 -2.48494962e+00   7.79255485e-01   6.21649675e+00 
 -1.97975899e+00   2.08264750e-01   3.43036893e+00 
 -9.06393266e-01  -3.60841464e+00   5.03238699e+00 
  5.13759504e-01  -1.68896238e+00   4.01999954e+00 
 -1.46908726e+00  -1.84430540e+00   8.29203054e-01 
 -1.82586049e-01  -8.73442675e+00  -5.69053018e+00 
  1.36326590e+00  -6.88123562e+00  -8.56161769e+00 
 -5.63108739e+00  -2.35449545e+00  -7.26780244e+00 
 -9.22063859e+00  -3.03181202e+00  -6.25191029e+00 
 -7.94289285e+00  -4.00277898e+00  -2.81948194e+00 
 -5.97191525e+00  -6.86822514e+00  -4.39887588e+00 
 -9.29777736e+00  -8.49541510e+00  -5.28545908e+00 
 -1.18562183e+01  -7.11412820e+00  -2.82062947e+00 
 -1.14241967e+01  -6.11851652e+00   8.34261238e-01 
 -1.03639342e+01  -8.98714955e+00   5.87350043e+00 
 -1.10313731e+01  -1.08551869e+01   7.89044055e-01 
 -9.78998397e+00   5.40054984e+00   2.55846143e+00 
 -9.40495048e+00   3.14180537e+00  -4.76776270e-01 
 -1.05686173e+01   5.93842824e+00  -2.79460841e+00 
 -1.06248828e+01   4.77005847e+00  -6.43195156e+00 
 -8.45754078e+00   1.74247803e+00  -5.71078826e+00 
  7.38939272e+00  -5.53044500e+00  -7.48557096e+00 
  8.13176887e+00  -8.81573379e+00  -5.72799096e+00 
  6.91223997e+00  -7.60161506e+00  -2.35587744e+00 
  8.73827140e+00  -7.68055766e+00   9.36050069e-01 
  8.32727830e+00  -3.95473528e+00   6.89303235e+00 
  9.28255646e+00  -6.63138528e+00   9.34400530e+00 
 -6.52784749e+00   9.25770419e+00   6.44285120e+00 
 -4.53879786e+00   9.46674466e+00  -4.96155599e+00 
 -1.04564073e+00   1.08435217e+01  -4.96925915e+00 
  1.88471872e+00   1.01005851e+01  -2.69559290e+00 
  5.56153514e+00   9.54257754e+00  -3.46621491e+00 
  8.73564022e+00   8.96172743e+00  -1.46279898e+00 
  8.98600048e+00   2.37501731e+00  -6.38581573e-01 
  6.50903772e+00  -2.51826484e-01  -1.77890083e+00 
  5.59707029e+00  -2.89108056e+00   7.75825682e-01 
  3.36213971e+00  -5.98207441e+00   1.24626484e+00 
  3.20911494e+00  -7.90262166e+00  -2.01424349e+00 
  3.82155159e+00  -4.79796408e+00  -4.16033858e+00 
  1.85687427e-01  -3.77855131e+00  -3.99755015e+00 
 -1.48187342e+00  -3.29719388e+00  -7.34884889e+00 
  5.06305082e-01   8.65532816e-01  -5.49620795e+00 
 -2.48698943e+00   1.39709012e+00  -3.21583464e+00 
 -1.65359729e+00   1.90781916e+00   4.32533214e-01 
  6.11826443e-01   3.10461867e+00   3.16468008e+00 
  1.43940992e+00   2.92766982e+00   6.84593310e+00 
  4.13611305e+00   4.08487323e-01   7.36987881e+00 
  6.87331478e+00   5.18012382e-01   4.72821505e+00 
  9.70844374e+00   3.01144068e+00   4.29103004e+00 
  8.90429563e+00   4.73793921e+00   7.59637740e+00 
  5.33425415e+00   8.47435395e+00   5.83538368e+00 
  4.77934664e+00   8.28174368e+00   2.04479715e+00 
  3.42054656e+00   5.60521405e+00  -2.49412346e-01 
  7.67760233e-02   6.22356449e+00  -1.73053801e+00 
 -8.49948014e-01   5.54603339e+00  -5.31633091e+00 

   2.604076531958e+00 

  3.70561412e+00   2.43092726e+00   1.37523573e+00 
  3.76474764e+00   2.09598910e+00  -1.41630031e-02 
  7.44844116e-01   1.50574911e+00  -2.16014856e+00 
  3.12317920e+00   1.97722299e+00   3.70409029e+00 
  2.38665924e+00   2.34425457e+00  -5.54252510e-01 
  2.04293716e+00   3.48086450e+00  -8.84248281e-01 
  4.68587716e+00   3.03551167e+00  -7.21808518e-01 
 -2.61959793e-01   5.93302097e-01  -1.49405634e+00 
  4.35262727e+00   1.20893912e+00   3.97236290e+00 
  5.27640426e+00   3.90329559e+00   3.46586808e-01 
 -1.12800504e+00   1.40761148e+00  -7.59626762e-01 
  4.47000648e+00   2.81305792e-01   5.12916680e+00 
  5.49771190e+00   2.19843442e+00   4.16487407e+00 
 -4.97049823e-01  -7.00374215e-01  -1.91220877e+00 
  4.78864643e+00   3.33745321e+00   1.63741268e+00 
 -2.00715002e+00   6.52256933e-01  -6.55751659e-02 
  5.75940190e+00  -4.80629038e-01   5.02253819e+00 
  6.84005096e+00   1.52679843e+00   4.20319360e+00 
 -1.38980331e+00  -1.48684311e+00  -1.15439370e+00 
 -2.35523687e+00  -4.83111254e-01  -8.07382323e-01 
  6.93385596e+00   4.42835192e-01   5.24185193e+00 
  1.29352734e-01   3.72273760e+00   1.87375089e+00 
  2.94623079e-01   3.61098039e+00   3.12952715e+00 
 -1.81848514e+00  -3.08713047e+00  -1.62961452e+00 
 -7.46066479e-01   2.60738744e+00  -1.45896156e-01 
  2.04097058e+00   5.22629991e+00   1.80949610e+00 
  1.86358473e+00   5.08634860e+00   3.32914106e+00 
  2.80489303e+00   1.78988616e+00   2.27068467e+00 
  2.13743511e+00   1.78467304e+00   4.70699266e+00 
  2.03727355e+00   8.56334506e-01   1.97358333e+00 
  7.20390585e-01   4.86790368e+00   1.29655831e+00 
 -5.26738603e-01   2.59524197e+00   1.22072590e+00 
  1.89589823e+00   1.30026946e+00  -1.34642433e+00 
  1.52455630e+00   3.92183804e+00  -1.05456725e+01 
  4.21571038e-01   7.74188908e-01  -1.22611358e+01 
  7.18237555e+00  -1.95321524e+00  -8.02568914e+00 
  1.05830370e+01  -5.83927370e-01  -7.05806023e+00 
  8.81629465e+00   1.85970082e+00  -4.76365303e+00 
  7.07727509e+00   3.39998278e+00  -7.79571185e+00 
  1.04865136e+01   4.62581553e+00  -8.96597011e+00 
  1.26697527e+01   4.85398566e+00  -5.84981615e+00 
  1.17195348e+01   5.77346229e+00  -2.27381723e+00 
  9.92406203e+00   1.06722965e+01   4.69314573e-01 
  1.13087571e+01   9.81598709e+00  -4.73992372e+00 
  9.92269161e+00  -3.45796240e+00   4.78910068e+00 
  9.96718658e+00  -3.04132028e+00   1.00925407e+00 
  1.14708181e+01  -6.51918863e+00   5.72104284e-01 
  1.20456634e+01  -7.30984163e+00  -3.12153654e+00 
  9.77853744e+00  -4.50284282e+00  -4.28969033e+00 
 -5.68855373e+00  -3.28836152e-01  -1.13972485e+01 
 -6.69724098e+00   3.32628659e+00  -1.16337190e+01 
 -5.97108866e+00   4.04506522e+00  -7.98837223e+00 
 -8.25462583e+00   5.60496609e+00  -5.43307852e+00 
 -8.68729266e+00   5.37194162e+00   1.58796002e+00 
 -1.00032860e+01   8.82836154e+00   2.22475525e+00 
  6.15627681e+00  -5.11915062e+00   9.65346517e+00 
  5.83938053e+00  -1.11148411e+01  -2.46602653e-01 
  2.39248047e+00  -1.25810303e+01   1.19419301e-02 
 -8.40434872e-01  -1.10383397e+01   1.22720909e+00 
 -4.37038341e+00  -1.12245703e+01  -1.61657359e-01 
 -7.80439143e+00  -9.97512857e+00   8.73946467e-01 
 -8.21116551e+00  -3.89035140e+00  -1.75987448e+00 
 -5.61120106e+00  -1.99217666e+00  -3.75314245e+00 
 -5.09441424e+00   1.62877445e+00  -2.78074748e+00 
 -2.96976134e+00   4.70885953e+00  -3.65790036e+00 
 -2.35823740e+00   4.76315827e+00  -7.39500043e+00 
 -2.63497355e+00   9.65926413e-01  -7.74724788e+00 
  9.45184167e-01   4.48328029e-01  -6.65188728e+00 
  3.08290844e+00  -1.50135312e+00  -9.07521916e+00 
  8.72817559e-01  -4.33593665e+00  -5.64097888e+00 
  3.50786922e+00  -3.43075476e+00  -3.05648953e+00 
  2.15852245e+00  -2.12651360e+00   2.21347483e-01 
 -4.71079072e-01  -1.98167741e+00   2.88467580e+00 
 -1.82359049e+00  -6.60754199e-02   5.84592474e+00 
 -4.58289373e+00   2.16224895e+00   4.69968205e+00 
 -6.90839932e+00   5.43368421e-01   2.15923105e+00 
 -9.63534022e+00  -2.05026036e+00   2.69139345e+00 
 -9.30743219e+00  -1.84000504e+00   6.48626284e+00 
 -5.49768758e+00  -5.66676743e+00   7.29166890e+00 
 -4.40137879e+00  -7.33832488e+00   4.01790394e+00 
 -2.74115407e+00  -6.05692410e+00   8.75424086e-01 
  7.85396025e-01  -7.06636569e+00   3.26460209e-01 
  2.21703770e+00  -8.18805626e+00  -2.97020378e+00 

   2.604076570223e+00 

 -4.50761951e+00   2.62744244e+00   3.06631185e+00 
 -3.31825528e+00   2.06070085e+00   3.62339074e+00 
  1.89795411e-02   2.08590791e+00   1.90995006e+00 
 -6.26628552e+00   2.77809950e+00   1.37722332e+00 
 -2.18110365e+00   2.63057789e+00   2.82679018e+00 
 -1.72863780e+00   3.74478205e+00   3.09651463e+00 
 -3.14442563e+00   2.53260184e+00   5.03016633e+00 
 -7.73988415e-02   1.65847565e+00   4.61532573e-01 
 -7.09248796e+00   1.72244365e+00   1.99100722e+00 
 -4.36647777e+00   3.34175872e+00   5.33855811e+00 
 -3.05068382e-01   2.81365782e+00  -2.90958719e-01 
 -8.16060850e+00   1.01380177e+00   1.23643748e+00 
 -7.81518782e+00   2.32409770e+00   3.19228252e+00 
  4.04902964e-01   4.51104153e-01  -3.46755966e-04 
 -5.26124176e+00   3.18247427e+00   4.15602749e+00 
 -4.87781717e-01   2.49816442e+00  -1.59182115e+00 
 -8.68721370e+00  -1.17955281e-01   2.07086098e+00 
 -8.49458618e+00   1.28484742e+00   4.03655838e+00 
  1.72945202e-01   1.21528257e-01  -1.35216369e+00 
  3.32276485e-01   1.41930639e+00  -1.94407011e+00 
 -9.44766244e+00   4.17432251e-01   3.26041467e+00 
 -3.22306069e+00   5.03269628e+00   3.69785384e-01 
 -4.40272256e+00   5.08906775e+00  -1.01373253e-01 
  7.99242836e-01  -1.32197064e+00  -2.05542181e+00 
 -1.02931729e+00   3.92059261e+00   1.69627789e-01 
 -4.09135860e+00   5.83308536e+00   2.49688579e+00 
 -5.33696172e+00   6.01430842e+00   1.61597000e+00 
 -4.85665837e+00   2.45958264e+00   1.69732264e+00 
 -6.66944140e+00   3.07432997e+00   4.89574825e-02 
 -4.22438024e+00   1.77514202e+00   8.72224662e-01 
 -3.00460975e+00   5.82212674e+00   1.51998598e+00 
 -2.33236552e+00   4.07201418e+00  -2.72014989e-01 
 -1.24841050e+00   1.67311101e+00   2.41254313e+00 
  6.98489996e+00   2.68505229e+00   7.19003783e+00 
  9.02596723e+00  -2.05397919e-01   5.94649578e+00 
  2.06141640e+00  -4.14379877e+00   8.60551123e+00 
 -4.28555779e-01  -3.75787443e+00   1.14387001e+01 
 -1.59192990e+00  -5.34941812e-01   9.82124604e+00 
  1.89975436e+00   9.34061261e-01   1.03113545e+01 
  1.27899962e+00   8.21719904e-01   1.40659613e+01 
 -2.50410854e+00   8.82552376e-01   1.45279671e+01 
 -5.18088278e+00   2.64270320e+00   1.24608713e+01 
 -6.72852894e+00   8.24654581e+00   1.14867771e+01 
 -2.83042418e+00   6.13413156e+00   1.46694495e+01 
 -1.04838889e+01  -4.23723416e+00   4.53136792e+00 
 -7.19459016e+00  -4.50050151e+00   6.42187274e+00 
 -7.52942478e+00  -8.29477119e+00   6.61906393e+00 
 -4.56887849e+00  -9.83752682e+00   8.47744724e+00 
 -2.45817012e+00  -6.70444198e+00   8.14213639e+00 
  1.12169540e+01   8.10462842e-01   1.61670835e-01 
  1.19030003e+01   4.50261252e+00   7.36715859e-01 
  8.35771060e+00   5.56513544e+00  -5.98117329e-02 
  7.21664674e+00   8.16656077e+00  -2.53124310e+00 
  1.27442478e+00   9.27028621e+00  -6.13793072e+00 
  1.34388886e+00   1.30198818e+01  -6.27915331e+00 
 -1.29265464e+01  -3.79633223e+00  -1.33774350e+00 
 -4.08797510e+00  -1.09785914e+01   7.49067426e-01 
 -2.64978156e+00  -1.12334599e+01  -2.70988334e+00 
 -2.15907537e+00  -8.57927724e+00  -5.35998240e+00 
  7.59854417e-01  -7.88978622e+00  -7.68992069e+00 
  1.50549482e+00  -5.47763904e+00  -1.05274463e+01 
  3.99679705e+00  -1.05889622e-01  -7.51664718e+00 
  4.48588195e+00   5.23209959e-01  -3.81516407e+00 
  3.37745174e+00   3.91307935e+00  -2.54860738e+00 
  3.11544618e+00   5.98409786e+00   6.78255131e-01 
  6.09468127e+00   5.21276558e+00   2.88552790e+00 
  6.54439288e+00   1.68819360e+00   1.47317656e+00 
  3.85983655e+00   2.75239400e-01   3.72748573e+00 
  4.95633432e+00  -2.62300149e+00   5.88191037e+00 
  3.01872978e+00  -4.00552531e+00   1.51754018e+00 
 -5.17757616e-01  -3.54203056e+00   2.82937075e+00 
 -2.74167057e+00  -1.34825163e+00   7.06271575e-01 
 -3.80767149e+00   5.57128223e-02  -2.59852354e+00 
 -5.75393800e+00   2.76869558e+00  -4.36475709e+00 
 -3.42397353e+00   5.51746366e+00  -5.31801245e+00 
 -7.38495863e-02   4.29765545e+00  -6.64893392e+00 
  7.79799139e-01   2.81066192e+00  -1.00410452e+01 
 -2.70347724e+00   3.54681886e+00  -1.14113202e+01 
 -5.23797282e+00  -1.08129759e+00  -1.00099514e+01 
 -2.89488319e+00  -3.53914459e+00  -8.22602035e+00 
 -9.44664785e-01  -3.38870135e+00  -4.99375354e+00 
 -2.16176458e+00  -5.52292281e+00  -2.21515335e+00 
  3.85988688e-02  -7.57476930e+00   4.85070551e-02 

   2.604076555687e+00 

 -2.37478841e+00   1.33376230e+00   3.41071304e+00 
 -2.37690309e+00   2.33082953e+00   2.38505862e+00 
 -2.94816837e+00   1.59968755e+00  -1.24987310e+00 
 -1.50635085e+00  -6.75507819e-01   4.49574617e+00 
 -3.02401179e+00   1.68989566e+00   1.19221072e+00 
 -4.25210029e+00   1.64734334e+00   1.09777619e+00 
 -3.24901160e+00   3.47331363e+00   2.79259383e+00 
 -2.12884384e+00   4.22854445e-01  -1.73326747e+00 
 -4.61426744e-01   5.04256874e-02   5.24065536e+00 
 -3.69692991e+00   3.16184557e+00   4.18744585e+00 
 -2.90335874e+00  -7.23122548e-01  -1.53479890e+00 
  7.19961944e-01  -6.40141782e-01   5.82361152e+00 
 -1.12022532e+00   7.40575339e-01   6.43103532e+00 
 -1.04905939e+00   5.55686845e-01  -2.58186624e+00 
 -2.95080477e+00   1.93241561e+00   4.58259829e+00 
 -2.20028267e+00  -1.82812983e+00  -1.86620266e+00 
  1.68143951e+00   3.85509985e-01   6.35089868e+00 
 -1.98894193e-01   1.70453420e+00   7.12123053e+00 
 -3.04040044e-01  -6.02351258e-01  -2.88800330e+00 
 -1.37131920e+00  -1.55910356e+00  -2.96208543e+00 
  1.09763645e+00   1.07944608e+00   7.55825651e+00 
 -4.21364847e+00  -1.63724548e+00   1.83016263e+00 
 -3.77341662e+00  -2.37264078e+00   2.76939951e+00 
  1.01348596e+00  -5.67439867e-01  -3.99860015e+00 
 -3.81723507e+00  -8.80925369e-01  -4.85069966e-01 
 -5.26486364e+00  -2.19375982e-01   3.50457809e+00 
 -4.80486195e+00  -1.38479207e+00   4.39372929e+00 
 -1.73647549e+00   7.37768897e-02   3.24010518e+00 
 -1.28553718e+00  -2.07754429e+00   4.48495078e+00 
 -1.07851517e+00  -2.70180096e-01   2.24120469e+00 
 -5.31768794e+00  -8.28186597e-01   2.17715519e+00 
 -3.43390285e+00  -1.65380962e+00   5.97339178e-01 
 -2.32295339e+00   1.88752825e+00  -2.66432919e-03 
 -7.08731075e+00   7.86100026e+00  -5.76936433e+00 
 -4.73569270e+00   8.27317181e+00  -8.66195457e+00 
  2.49732113e-01   1.03575934e+01  -2.18992458e+00 
 -1.22523125e-01   1.21601337e+01   1.12491429e+00 
 -2.25479365e+00   9.26713642e+00   2.32527170e+00 
 -4.79785687e+00   1.00454886e+01  -4.16443748e-01 
 -5.54348950e+00   1.33165384e+01   1.38334325e+00 
 -4.56795303e+00   1.27792996e+01   5.02872716e+00 
 -4.77993763e+00   9.62956482e+00   7.16656583e+00 
 -9.14119793e+00   6.37319385e+00   9.42990748e+00 
 -9.29082486e+00   1.09548090e+01   6.46792324e+00 
  5.30362282e+00   3.62844711e+00   7.96728157e+00 
  4.01330495e+00   6.23645577e+00   5.51859099e+00 
  7.51756412e+00   7.68393901e+00   5.10330735e+00 
  7.50229573e+00   1.06380081e+01   2.68014916e+00 
  4.09460354e+00   9.73916758e+00   1.27891784e+00 
 -4.73267458e+00   3.23716212e+00  -1.23949207e+01 
 -8.46498697e+00   2.60859753e+00  -1.20662494e+01 
 -8.12678631e+00   6.38651717e-01  -8.85105877e+00 
 -9.46364352e+00  -2.79702861e+00  -8.08529466e+00 
 -7.65187758e+00  -7.90486311e+00  -3.59488138e+00 
 -1.10496267e+01  -9.35135219e+00  -2.92615915e+00 
  7.27280960e+00  -2.42014708e+00   8.34734749e+00 
  1.05311900e+01   4.19774345e+00  -5.77168250e-01 
  1.12792150e+01   1.52542545e+00  -3.10637094e+00 
  9.44392480e+00  -1.68808861e+00  -3.88967011e+00 
  8.56604411e+00  -3.31466669e+00  -7.20745583e+00 
  6.92497296e+00  -6.54804100e+00  -8.33798931e+00 
  4.36334249e-01  -5.13522249e+00  -8.50756498e+00 
 -1.30990510e+00  -1.90287864e+00  -7.59182389e+00 
 -4.40846044e+00  -2.24254728e+00  -5.44531100e+00 
 -7.10690444e+00  -1.36902984e-01  -3.69743748e+00 
 -7.92702692e+00   2.86129810e+00  -5.86100400e+00 
 -4.46371537e+00   2.95528965e+00  -7.47847297e+00 
 -2.97770855e+00   4.82928114e+00  -4.55185013e+00 
 -1.26917750e+00   8.07403645e+00  -5.44409672e+00 
  1.79029028e+00   4.15593392e+00  -5.40566657e+00 
  2.08854261e+00   4.30185840e+00  -1.61988208e+00 
  1.35833098e+00   1.05866944e+00   1.73023183e-01 
  1.31968485e+00  -2.68283843e+00   3.42816401e-01 
 -6.71669160e-02  -5.72103835e+00   2.10741216e+00 
 -3.02108347e+00  -6.98584352e+00   2.18559347e-01 
 -2.56804306e+00  -6.92534912e+00  -3.55948997e+00 
 -5.37117126e-01  -9.24233390e+00  -5.78507387e+00 
  2.38025385e-01  -1.15977801e+01  -2.88614103e+00 
  4.84261776e+00  -9.30971308e+00  -1.05054823e+00 
  5.87061730e+00  -6.24872021e+00  -3.12107304e+00 
  4.24259407e+00  -2.90874158e+00  -3.80488161e+00 
  5.79119724e+00   5.63337686e-02  -2.20270544e+00 
  6.36044581e+00   3.36982744e+00  -3.89754700e+00 

   2.604076607456e+00 

  2.82381747e+00  -3.18527935e+00  -9.05832251e-02 
  2.18634781e+00  -2.66691015e+00   1.08033151e+00 
  2.15175532e+00   9.65965393e-01   2.01561016e+00 
  3.11762032e+00  -3.37793323e+00  -2.50826395e+00 
  2.74409163e+00  -1.28703229e+00   1.27339606e+00 
  3.82662446e+00  -1.12638870e+00   1.84019978e+00 
  2.58963783e+00  -3.47083798e+00   2.27321986e+00 
  1.79142772e+00   1.85540199e+00   8.45587978e-01 
  2.07042782e+00  -4.40461374e+00  -2.66003762e+00 
  3.43323821e+00  -4.58805610e+00   1.74084579e+00 
  2.98621820e+00   2.18657109e+00   2.01107181e-01 
  1.43821513e+00  -4.70278808e+00  -3.97297702e+00 
  2.64815789e+00  -5.74199578e+00  -2.20730399e+00 
  5.86752503e-01   2.52115582e+00   7.49554173e-01 
  3.36105774e+00  -4.47172847e+00   2.55717767e-01 
  2.73469145e+00   2.91353554e+00  -9.09498815e-01 
  2.93509169e-01  -5.65212460e+00  -3.76596427e+00 
  1.60149075e+00  -6.81199003e+00  -2.08883603e+00 
  3.25358828e-01   3.24517753e+00  -4.32518896e-01 
  1.64002919e+00   3.75912028e+00  -6.92246879e-01 
  8.07317887e-01  -7.00999190e+00  -3.35078564e+00 
  5.28981939e+00  -4.30814618e-01  -1.10970970e+00 
  5.41368029e+00  -9.99628269e-01  -2.24015169e+00 
 -1.11040386e+00   4.17858427e+00  -6.27105129e-01 
  4.10039368e+00   1.34068510e+00   1.29859387e-01 
  6.03178227e+00  -2.49175210e+00  -5.08740564e-02 
  6.30065675e+00  -2.83750714e+00  -1.52347506e+00 
  2.72935274e+00  -2.53712513e+00  -1.35356209e+00 
  3.48688197e+00  -2.79669419e+00  -3.74938795e+00 
  2.05634510e+00  -1.51735489e+00  -1.59049561e+00 
  6.01950991e+00  -1.03049637e+00  -6.00396015e-02 
  4.32275119e+00   6.60013479e-01  -1.05467808e+00 
  1.76880668e+00  -3.15834470e-01   1.52610703e+00 
  2.24293229e+00   2.66725361e+00   1.06097738e+01 
 -6.70629354e-01   5.01527464e+00   1.08647232e+01 
 -4.43786911e+00  -1.96237479e+00   7.99999035e+00 
 -4.07509474e+00  -5.70505832e+00   8.48638584e+00 
 -7.41341034e-01  -5.49626969e+00   6.69766177e+00 
  5.64065709e-01  -3.20964100e+00   9.46484668e+00 
  3.14776183e-01  -6.16758884e+00   1.18488210e+01 
  5.07141842e-01  -9.30249538e+00   9.68908501e+00 
  2.46069408e+00  -9.92832725e+00   6.47534983e+00 
  8.15886024e+00  -1.04310341e+01   5.05221478e+00 
  5.75657366e+00  -9.63360256e+00   9.88749938e+00 
 -3.85264108e+00  -8.63493005e+00  -3.36339896e+00 
 -4.32884177e+00  -7.43196832e+00   2.12761691e-01 
 -8.11161176e+00  -7.81817076e+00  -8.54393324e-02 
 -9.85050615e+00  -6.84130895e+00   3.17346901e+00 
 -6.79297719e+00  -5.03661628e+00   4.50702678e+00 
  5.05255932e-01   1.04967151e+01   8.05976251e+00 
  4.13869723e+00   1.06324391e+01   9.16112792e+00 
  5.37579739e+00   8.51252949e+00   6.27875995e+00 
  8.12506094e+00   9.30441084e+00   3.83092637e+00 
  9.62060867e+00   7.25918030e+00  -2.73539717e+00 
  1.33670048e+01   7.40977264e+00  -2.57400938e+00 
 -3.06133138e+00  -6.56221190e+00  -9.33711803e+00 
 -1.06754017e+01  -1.35018676e+00  -2.34272062e+00 
 -1.08382226e+01   2.02202075e+00  -3.98570832e+00 
 -8.09396407e+00   4.15246521e+00  -5.48194983e+00 
 -7.42210178e+00   7.88296775e+00  -5.24504401e+00 
 -4.92159410e+00   1.03281661e+01  -6.72639998e+00 
  2.11097230e-01   1.01978315e+01  -2.51147095e+00 
  6.59795495e-01   8.10579216e+00   6.12315536e-01 
  4.03355671e+00   6.44034991e+00   1.02226468e+00 
  5.97226186e+00   4.10393512e+00   3.37874979e+00 
  4.98764127e+00   4.86404607e+00   6.95584133e+00 
  1.51210560e+00   6.13371923e+00   5.99243509e+00 
  1.11901875e-01   2.62772456e+00   5.81189188e+00 
 -2.91819312e+00   2.01272032e+00   7.97611941e+00 
 -4.03237680e+00   3.46119779e+00   3.35292132e+00 
 -3.48458007e+00  -5.32478357e-02   2.01463585e+00 
 -1.11388126e+00  -3.02781712e-01  -9.15128411e-01 
  4.72968268e-01   1.09714322e+00  -4.00565099e+00 
  3.33542732e+00   8.18815904e-01  -6.45445518e+00 
  6.02720051e+00   3.19733430e+00  -5.45934648e+00 
  4.73267913e+00   6.58415479e+00  -4.30339117e+00 
  3.36041906e+00   9.47337871e+00  -6.35658414e+00 
  4.29400821e+00   7.78048398e+00  -9.64524434e+00 
 -2.84983825e-01   4.94899865e+00  -1.05521516e+01 
 -2.90942694e+00   5.51254203e+00  -7.81204108e+00 
 -2.97685926e+00   4.82380703e+00  -4.09793208e+00 
 -5.17849789e+00   2.06567262e+00  -2.95674929e+00 
 -7.41263082e+00   2.20443760e+00   7.06725633e-02 

   2.604076591061e+00 

 -8.68172488e-01   8.57280408e-01   1.57516802e+00 
 -9.45928250e-01  -4.44887873e-01   9.88313825e-01 
 -1.38826088e+00  -1.06757140e+00  -2.68458597e+00 
  1.64434233e-01   3.04917705e+00   1.88805114e+00 
 -1.51150132e+00  -2.41211236e-01  -3.86866690e-01 
 -2.72875274e+00  -1.38863315e-01  -5.50427059e-01 
 -1.92660770e+00  -1.28176683e+00   1.74319991e+00 
 -4.56036086e-01  -2.22611365e-01  -3.52535658e+00 
  1.12572426e+00   2.56951586e+00   2.89780487e+00 
 -2.36562019e+00  -4.41892664e-01   2.90298869e+00 
 -1.12442034e+00   9.73443308e-01  -3.79963266e+00 
  2.35611451e+00   3.33031366e+00   3.24388840e+00 
  3.86877402e-01   2.42370780e+00   4.22453209e+00 
  6.20432388e-01  -7.45783123e-01  -4.21179098e+00 
 -1.51590268e+00   7.82854432e-01   2.85516632e+00 
 -3.17077215e-01   1.81740666e+00  -4.47866481e+00 
  3.21030951e+00   2.49940784e+00   4.15733265e+00 
  1.20412875e+00   1.71341702e+00   5.26474622e+00 
  1.47408279e+00   1.53297420e-01  -4.88466948e+00 
  5.01059751e-01   1.09668340e+00  -5.35713653e+00 
  2.54551780e+00   2.35034574e+00   5.50506912e+00 
 -2.39894758e+00   3.16933374e+00  -1.07403085e+00 
 -1.90793761e+00   4.16236847e+00  -4.49900414e-01 
  2.80062268e+00  -3.95030764e-01  -5.83866803e+00 
 -2.03667612e+00   1.58088998e+00  -2.92741922e+00 
 -3.60352950e+00   2.56040722e+00   9.50133866e-01 
 -3.05238780e+00   3.93140673e+00   1.37083415e+00 
 -1.13595260e-01   1.90941004e+00   9.85480266e-01 
  5.14039667e-01   4.32520624e+00   1.37414098e+00 
  5.89319704e-01   1.80566304e+00  -3.63613803e-02 
 -3.57842838e+00   2.63696595e+00  -5.08970472e-01 
 -1.60125302e+00   2.66632699e+00  -2.18705076e+00 
 -8.12538632e-01  -9.22450036e-01  -1.38968332e+00 
 -6.01436690e+00  -8.20475083e+00  -4.78746111e+00 
 -3.66442749e+00  -9.84436808e+00  -7.20748943e+00 
  1.00195382e+00  -9.77696873e+00  -1.85605356e-01 
  4.11300552e-01  -1.01890814e+01   3.53690539e+00 
 -1.46379490e+00  -6.89693308e+00   3.48511640e+00 
 -4.02324014e+00  -8.42878630e+00   1.09918751e+00 
 -5.09676339e+00  -1.07309302e+01   3.93514389e+00 
 -4.13481208e+00  -8.96269830e+00   7.17198198e+00 
 -4.08953423e+00  -5.23937668e+00   7.99109727e+00 
 -8.16742402e+00  -1.03958451e+00   8.68378010e+00 
 -8.69163018e+00  -6.36430399e+00   7.60703353e+00 
  6.49094094e+00  -1.93743126e-01   7.02724148e+00 
  5.00495956e+00  -3.41068360e+00   5.64671165e+00 
  8.36682860e+00  -5.18395112e+00   5.96451772e+00 
  8.11796457e+00  -8.81359501e+00   4.79740266e+00 
  4.83094812e+00  -8.22803067e+00   2.99841915e+00 
 -3.13598407e+00  -6.56464350e+00  -1.25235590e+01 
 -6.79911790e+00  -5.56322280e+00  -1.26323867e+01 
 -6.33246859e+00  -2.57717280e+00  -1.03524057e+01 
 -7.35850466e+00   9.92946105e-01  -1.09680483e+01 
 -5.15553478e+00   7.23755893e+00  -8.58311419e+00 
 -8.41553836e+00   9.09516241e+00  -8.65992483e+00 
  9.00385889e+00   5.38816718e+00   5.25654940e+00 
  1.17809458e+01  -4.29977093e+00  -4.43725757e-01 
  1.28133352e+01  -2.82193077e+00  -3.73733740e+00 
  1.12955590e+01   9.16646069e-03  -5.73478262e+00 
  1.06253676e+01   3.57143448e-01  -9.45685847e+00 
  9.30841626e+00   3.06262424e+00  -1.17745929e+01 
  2.72064404e+00   2.21037832e+00  -1.17322310e+01 
  6.68781671e-01  -3.03156539e-01  -9.78081329e+00 
 -2.41944454e+00   1.05291676e+00  -8.06391252e+00 
 -5.32871878e+00  -3.37944852e-02  -5.79993267e+00 
 -6.38715968e+00  -3.54396757e+00  -6.74924714e+00 
 -2.92164067e+00  -4.50602556e+00  -8.04703427e+00 
 -1.66254053e+00  -5.27629838e+00  -4.56758783e+00 
 -2.46791877e-01  -8.74617562e+00  -4.12126303e+00 
  3.16042577e+00  -5.34973228e+00  -5.37360628e+00 
  3.38270713e+00  -4.10777705e+00  -1.78884237e+00 
  2.92626516e+00  -3.84213337e-01  -1.34990492e+00 
  3.23057936e+00   3.14477888e+00  -2.56758658e+00 
  2.10190458e+00   6.72056871e+00  -2.11196620e+00 
 -6.91665933e-01   7.42821595e+00  -4.47590289e+00 
 -1.85149223e-01   5.93809583e+00  -7.94080318e+00 
  2.08677517e+00   7.09697034e+00  -1.07589065e+01 
  3.02918573e+00   1.02879061e+01  -8.89276126e+00 
  7.37253587e+00   8.48162480e+00  -6.12155976e+00 
  8.14678347e+00   4.80017796e+00  -6.87059573e+00 
  6.22850935e+00   1.58574152e+00  -6.35962901e+00 
  7.47056340e+00  -6.89517904e-01  -3.70683724e+00 
  7.75867358e+00  -4.42901103e+00  -4.03677859e+00 

   2.604076571759e+00 

 -2.40781879e-01  -5.18587602e+00   8.91994187e-01 
  1.06709344e+00  -4.68181192e+00   6.06464634e-01 
  1.92868546e+00  -2.70445095e+00  -2.46301036e+00 
 -2.62387597e+00  -4.92234355e+00   1.36104460e+00 
  1.05881581e+00  -4.32382008e+00  -8.50981207e-01 
  1.24889137e+00  -5.19030774e+00  -1.70653599e+00 
  2.07709462e+00  -5.76843485e+00   7.82691457e-01 
  9.25972831e-01  -1.60448361e+00  -2.73605441e+00 
 -2.42404540e+00  -4.70640419e+00   2.80579688e+00 
  1.31448414e+00  -6.94842992e+00   1.30165556e+00 
 -6.92272127e-02  -2.15178412e+00  -3.55002448e+00 
 -3.46517517e+00  -4.08012739e+00   3.66399405e+00 
 -2.16488532e+00  -6.06176744e+00   3.45645002e+00 
  1.21261747e+00  -2.65683699e-01  -2.56535084e+00 
 -7.11009498e-02  -6.45360371e+00   1.54588290e+00 
 -1.04869514e+00  -1.24691485e+00  -3.76685645e+00 
 -2.89510586e+00  -3.83250978e+00   5.03081742e+00 
 -1.70853963e+00  -5.93938515e+00   4.88166515e+00 
  1.68577488e-01   6.62728944e-01  -2.75995964e+00 
 -5.01972145e-01   3.83936617e-02  -3.86473475e+00 
 -2.64978656e+00  -5.14185755e+00   5.74188770e+00 
 -2.02038028e+00  -5.14769908e+00  -2.50467249e+00 
 -3.12556922e+00  -5.30211832e+00  -1.89518884e+00 
  4.33372150e-01   2.36242238e+00  -2.65263893e+00 
 -4.83746130e-01  -3.48850258e+00  -3.49215192e+00 
 -1.23303585e+00  -7.21413822e+00  -1.49030196e+00 
 -2.71095311e+00  -7.25924658e+00  -1.07305733e+00 
 -1.41399604e+00  -4.40966746e+00   6.79622301e-01 
 -3.92356176e+00  -4.54343395e+00   9.34561331e-01 
 -1.43407810e+00  -3.22660259e+00   2.93679142e-01 
 -1.25232506e+00  -6.32378913e+00  -2.64891144e+00 
 -1.67074338e+00  -3.77137892e+00  -2.83874908e+00 
  1.59961879e+00  -3.06239071e+00  -1.12403036e+00 
  1.00278111e+01  -3.89253231e+00  -5.58635809e+00 
  1.11754890e+01  -3.32334757e-01  -5.86008838e+00 
  9.73075423e+00  -9.53843087e-01   2.42319672e+00 
  1.01129284e+01  -3.60083810e+00   5.11078831e+00 
  7.35244420e+00  -5.56043446e+00   3.40885040e+00 
  9.53608771e+00  -5.86625083e+00   2.89861982e-01 
  1.19041482e+01  -8.04967100e+00   2.31962616e+00 
  9.82686074e+00  -9.54239410e+00   5.14553419e+00 
  6.16420327e+00  -1.06008285e+01   5.17751743e+00 
  3.00302369e+00  -1.48743445e+01   2.62974065e+00 
  8.34387092e+00  -1.37762088e+01   2.39215877e+00 
 -1.15951210e+00  -2.57812187e+00   9.68649407e+00 
  2.36970535e+00  -2.38456314e+00   8.28302023e+00 
  3.29733496e+00   3.29371720e-01   1.07972980e+01 
  6.93086127e+00   1.42463167e+00   1.03541120e+01 
  7.20178271e+00  -1.43821974e-01   6.91169004e+00 
  8.08806903e+00   2.76974397e+00  -1.03480151e+01 
  7.97174540e+00  -1.81622723e-01  -1.27374160e+01 
  4.86639791e+00  -1.67710045e+00  -1.11712425e+01 
  1.66189477e+00  -2.67813462e+00  -1.28760916e+01 
 -5.01800976e+00  -3.40660500e+00  -1.07822586e+01 
 -6.06139360e+00  -6.20037761e+00  -1.30604505e+01 
 -7.09375984e+00  -4.43650650e-01   8.77171893e+00 
  1.91208402e+00   6.72741478e+00   7.53385061e+00 
  3.73612790e-01   9.28807823e+00   5.25924320e+00 
 -1.94062393e+00   8.85856616e+00   2.29810952e+00 
 -1.96713666e+00   1.05324763e+01  -1.11091612e+00 
 -4.19262729e+00   1.04735557e+01  -4.18819950e+00 
 -1.83378583e+00   5.44800943e+00  -7.83603331e+00 
  1.00421607e+00   3.07094271e+00  -7.04148213e+00 
  3.33169788e-01  -5.93906119e-01  -7.70670267e+00 
  1.97118681e+00  -4.05785400e+00  -7.40942843e+00 
  5.66783902e+00  -3.74482898e+00  -8.17082284e+00 
  5.85072328e+00  -1.02705280e-01  -7.02138733e+00 
  6.16074185e+00  -1.10273021e+00  -3.38971757e+00 
  9.18426434e+00   2.88514666e-01  -1.61031040e+00 
  5.14381184e+00   3.15750466e+00  -1.21431906e+00 
  3.73540666e+00   9.62027443e-01   1.54950450e+00 
  2.05171104e-01  -2.57652393e-01   9.87524920e-01 
 -3.24370480e+00   1.49666534e-01  -4.15534563e-01 
 -6.47466019e+00  -1.58047113e+00  -1.32941855e+00 
 -6.41350801e+00  -2.44195585e+00  -4.95530291e+00 
 -4.93849938e+00   2.89103747e-01  -7.15716696e+00 
 -6.47516580e+00   3.57982406e+00  -8.27796091e+00 
 -9.87298236e+00   2.67283753e+00  -6.79981757e+00 
 -9.24420245e+00   4.67271419e+00  -1.75879907e+00 
 -5.81585030e+00   6.32104295e+00  -1.26589068e+00 
 -2.26760543e+00   5.03244707e+00  -1.41737752e+00 
 -4.56756802e-01   4.76106904e+00   1.80815371e+00 
  3.12353721e+00   5.78603857e+00   2.36172101e+00 

   2.604076266052e+00 

