  3.67670912e+00   1.78677036e+00   3.06182945e+00 
  3.74489385e+00   2.46229499e+00   1.96033187e+00 
  4.54063521e+00   5.55239612e-01   2.71581875e+00 
  5.38819417e+00   8.26330132e-01   3.96739104e+00 
  5.15121446e+00   1.90630884e+00   4.95458170e+00 
  3.69692466e+00   2.08894262e+00   5.46509191e+00 
  2.88583761e+00   1.84466835e+00   4.25253001e+00 
 -5.15573025e-01   5.99878619e-01   1.94491954e+00 
 -2.77479153e+00   7.59204802e-01   1.29181983e+00 
 -1.56221002e-01   2.42034387e-01   5.83656761e-01 
 -2.12982099e+00   1.89136347e+00   3.04726243e+00 
  1.19864624e+00  -3.15074744e-01   8.86298022e-01 
  2.82003584e+00  -3.27457902e-01   2.58636028e+00 
  2.17834999e+00   4.76340186e-01   1.53484704e+00 
  1.36201393e+00   4.61236056e-01   3.58645976e+00 
  1.51558405e+00   1.35474848e+00   2.49216601e+00 
  2.12387459e-01   1.78566313e+00   2.29933564e+00 
 -1.86304231e+00   7.70792896e-01   2.31740934e+00 
  2.71825214e+00   4.26089754e-01   3.80744736e+00 
 -3.83109761e+00  -7.06952570e+00   3.18466391e+00 
  7.49761886e+00  -1.23383225e+01  -3.06224827e+00 
  1.06369152e+01  -1.02587821e+01  -2.63273969e+00 
  1.05788397e+01  -7.42871825e+00   1.84244829e+00 
  7.68741937e+00  -6.62896955e+00  -4.82653752e-01 
  5.42544301e+00  -7.91072071e+00  -3.16314991e+00 
  7.66504420e+00  -5.13064964e-01  -6.45379410e+00 
  1.07934984e+01   1.62299065e+00  -6.53149600e+00 
  1.04080935e+01   2.17715536e+00  -2.85199710e+00 
  1.08089403e+01  -1.59657361e+00  -2.25372614e+00 
  1.43875218e+01  -1.22558671e+00  -3.38284960e+00 
  5.38579858e+00   1.20827605e+01  -3.01602212e+00 
  6.73528014e+00   8.79614858e+00  -4.43571201e+00 
  7.08775790e+00   4.50785959e+00  -7.82430556e+00 
  8.15220250e+00   1.74471786e+00  -1.01636725e+01 
 -4.79185984e+00  -6.56225693e+00  -4.76779779e+00 
 -2.85014533e+00  -9.50874465e+00  -3.33052155e+00 
 -1.65097648e-02  -9.84887706e+00  -8.60786882e-01 
  1.47078083e+00  -1.13461485e+01   2.28367623e+00 
  1.41587835e+00  -8.07154063e+00   4.15686687e+00 
 -8.74781583e-02  -7.44739302e+00   7.55724889e+00 
 -4.07963755e+00  -5.15523731e+00   1.04177638e+01 
 -2.58477940e+00  -1.75187990e+00   1.08358508e+01 
 -1.45291876e+00  -2.47314221e+00   1.43227552e+01 
  5.69324296e-01  -1.19780255e+01   9.69839789e+00 
 -1.13997354e+01  -2.73501445e+00  -4.41878308e+00 
  1.11317164e+00   8.66002970e+00  -1.22326088e+01 
 -9.31848752e-01   7.53464198e+00  -9.19452116e+00 
 -8.68161810e+00   2.63821433e+00  -4.72334525e+00 
 -1.08147497e+01   1.55322411e+00  -1.78397154e+00 
 -6.77625357e+00  -2.29285203e+00   1.87612750e+00 
 -3.10817489e+00  -3.08058972e+00   1.29286736e+00 
 -8.23691246e-01  -2.77288172e+00   4.30452640e+00 
  2.81135186e+00  -3.45121094e+00   5.35088051e+00 
  4.41942473e+00  -6.15077352e+00   3.31628530e+00 
  2.04117817e+00  -5.62125722e+00   4.00733722e-01 
  4.07517260e+00  -2.89677830e+00  -1.14795657e+00 
  5.16170255e+00  -3.46469638e+00  -4.69670148e+00 
  2.56600021e+00  -6.09277726e+00  -5.33198417e+00 
  1.44901984e+00  -1.25770918e+00  -8.12913250e+00 
  9.34681590e-01  -9.82438812e-01  -4.33548486e+00 
  2.73271098e+00   2.27009096e+00  -3.51282790e+00 
  1.53945084e+00   4.03408560e+00  -4.68676129e-01 
 -9.73847625e-01   5.06662621e+00   2.05974745e+00 
 -1.79695824e+00   6.59698435e+00   5.50240453e+00 
 -2.27477578e+00   3.68494443e+00   7.93799504e+00 
 -4.30439666e+00   7.00735099e-01   6.60621542e+00 
 -8.02165081e+00   3.94546928e-01   5.96099738e+00 
 -8.69543544e+00   3.72759226e+00   7.71023225e+00 
 -7.50125100e+00   5.27148156e+00   1.90444565e-01 
 -4.53093972e+00   3.16320677e+00  -9.30288707e-01 
 -2.41916720e+00   4.69250948e+00  -3.59937085e+00 
 -1.14752249e+00   2.80795037e+00  -6.61783850e+00 
  1.41268264e+00   3.49660113e+00  -9.25736886e+00 

   8.414116272604e+00 

  5.90908883e-01   3.15282640e+00  -3.08115886e+00 
  1.36060881e+00   2.13958217e+00  -3.31605828e+00 
 -7.66364592e-01   2.62790619e+00  -3.59596675e+00 
 -8.81889574e-01   3.87044935e+00  -4.49096391e+00 
  8.85779788e-02   4.98948425e+00  -4.54584930e+00 
  5.70589139e-01   5.57253566e+00  -3.19061837e+00 
  6.97546616e-01   4.37057134e+00  -2.33797421e+00 
  6.66517390e-01   2.05822489e+00   1.28090032e+00 
  1.47948557e+00   1.51442818e+00   3.42551222e+00 
  4.04325303e-01   6.51109031e-01   1.03290231e+00 
  2.17711838e+00   3.36876277e+00   2.50133654e+00 
 -5.14300668e-01   8.32958907e-01  -1.33581514e-01 
 -1.15617664e+00   2.45698291e+00  -1.70514459e+00 
 -8.84351051e-02   1.53548647e+00  -1.28764668e+00 
 -1.54430798e-01   3.59928620e+00  -5.05263976e-01 
  8.01457828e-01   2.61641597e+00  -8.78988578e-01 
  1.57200295e+00   2.52625144e+00   2.69629246e-01 
  1.12749621e+00   2.49894592e+00   2.53664604e+00 
 -5.62787099e-01   3.76337624e+00  -1.80748226e+00 
 -5.99386318e+00   2.48238286e+00   6.45862692e+00 
 -1.31470113e+01  -4.77757812e+00  -3.09382757e+00 
 -1.20107691e+01  -4.21711172e+00  -6.66579879e+00 
 -9.85101472e+00   5.67197938e-01  -7.36278054e+00 
 -8.05062743e+00  -1.53373118e+00  -4.76456741e+00 
 -8.36102811e+00  -4.26315049e+00  -2.23506066e+00 
 -1.42601976e+00  -6.71423379e+00  -6.29305436e+00 
 -1.68519767e-01  -6.64961810e+00  -9.86664017e+00 
 -5.49068541e-03  -2.91823101e+00  -9.65564359e+00 
 -3.80067214e+00  -2.79736940e+00  -9.07115508e+00 
 -4.21658529e+00  -4.00655494e+00  -1.26185039e+01 
  1.07928198e+01  -1.69163105e+00  -7.36145383e+00 
  7.47794357e+00  -3.54892080e+00  -7.80923513e+00 
  3.70753945e+00  -7.44326130e+00  -7.02540215e+00 
  1.08385382e+00  -1.01386372e+01  -7.32847680e+00 
 -4.25364296e+00  -5.30825283e+00   7.29508495e+00 
 -7.75620446e+00  -4.31264333e+00   6.17319689e+00 
 -9.11965302e+00  -2.01035868e+00   3.51138110e+00 
 -1.13335853e+01   8.71380869e-01   2.44574309e+00 
 -8.41861097e+00   3.12851145e+00   1.64374528e+00 
 -7.86737033e+00   6.63343889e+00   2.91805148e+00 
 -5.01287278e+00   9.89841352e+00   6.16853520e+00 
 -2.18608562e+00   1.06697108e+01   3.84332249e+00 
 -3.60884662e+00   1.39985356e+01   2.91892709e+00 
 -1.26490689e+01   8.18333664e+00   3.44313746e+00 
  1.05918189e+00  -4.25027979e+00   1.26884328e+01 
  9.77320778e+00  -1.10884886e+01  -2.30424541e+00 
  8.83202928e+00  -8.13473864e+00  -5.29953593e-02 
  5.55293765e+00  -4.00281662e+00   8.67627272e+00 
  4.68551627e+00  -1.13878093e+00   1.10026974e+01 
 -4.97046445e-01   1.87399383e+00   8.07655496e+00 
 -2.11561452e+00   1.06241374e+00   4.73932566e+00 
 -2.78651540e+00   4.00137726e+00   2.43801617e+00 
 -4.49843496e+00   4.82073870e+00  -9.03615774e-01 
 -7.23878164e+00   2.41499651e+00  -1.74979472e+00 
 -5.75368138e+00  -3.23612536e-01   4.25379506e-01 
 -3.46594049e+00  -1.60571382e+00  -2.23560118e+00 
 -3.83793615e+00  -5.23535895e+00  -3.12101868e+00 
 -5.61276139e+00  -6.08682400e+00   6.85058174e-02 
 -3.38474414e-01  -8.23325240e+00  -8.74085253e-02 
 -4.24267176e-01  -4.41761977e+00   3.19613976e-01 
  2.12916862e+00  -3.27467747e+00  -2.26152388e+00 
  3.73878960e+00   3.47353354e-03  -1.57942922e+00 
  5.05015768e+00   2.73087395e+00   5.69369474e-01 
  6.29071052e+00   6.36210298e+00   9.52252215e-01 
  3.31298500e+00   8.44284688e+00   2.15393552e+00 
  1.14047252e+00   6.83611389e+00   4.89201913e+00 
  1.87894364e+00   6.29836033e+00   8.56537148e+00 
  5.02382824e+00   8.46282636e+00   8.34676860e+00 
  7.15191676e+00   1.14625510e+00   6.83154527e+00 
  4.51420882e+00  -3.32398459e-01   4.51212827e+00 
  5.77865595e+00  -2.87365691e+00   2.09024297e+00 
  4.03019050e+00  -6.14388808e+00   1.36343703e+00 
  4.37056629e+00  -8.77457100e+00  -1.27468017e+00 

   8.414116272604e+00 

 -2.93743552e+00  -4.32720866e+00   1.69243114e+00 
 -1.90699777e+00  -4.60008663e+00   9.58935906e-01 
 -3.96077334e+00  -3.88518488e+00   6.24651032e-01 
 -4.94898389e+00  -4.92436893e+00   1.17402873e+00 
 -4.71482955e+00  -5.80732902e+00   2.34133845e+00 
 -4.14772939e+00  -5.14435765e+00   3.62500545e+00 
 -3.18385361e+00  -4.15743140e+00   3.09137773e+00 
 -8.89154545e-01  -5.29493324e-01   2.96260144e+00 
  7.50252520e-01   9.42219377e-01   3.80069365e+00 
 -5.12299867e-01  -1.64216780e-01   1.60806229e+00 
  1.19698893e-01  -7.23695504e-01   5.06816306e+00 
 -1.73621934e+00  -6.85964940e-01   9.24375568e-01 
 -3.56105198e+00  -2.11544286e+00   1.30627603e+00 
 -2.11370023e+00  -2.04520914e+00   1.05374423e+00 
 -2.89165856e+00  -2.01421565e+00   3.12003746e+00 
 -1.77120195e+00  -2.50314359e+00   2.39550070e+00 
 -7.17309037e-01  -1.94795663e+00   3.10421044e+00 
 -3.04442157e-01   1.07888523e-01   4.07412725e+00 
 -3.73846543e+00  -2.90072890e+00   2.49837417e+00 
 -4.76072118e+00   6.90719108e+00   3.99028278e+00 
 -1.02998160e+01   5.11986128e+00  -8.70805681e+00 
 -1.08440057e+01   1.49930351e+00  -9.68763140e+00 
 -1.16126870e+01  -1.62840349e+00  -5.48447552e+00 
 -8.27505512e+00   1.77953558e-01  -5.42706088e+00 
 -6.37315500e+00   3.20187501e+00  -6.51479141e+00 
 -9.33760013e-01  -2.85688407e+00  -8.58212874e+00 
 -1.14296254e+00  -6.38923872e+00  -9.93664043e+00 
 -2.72415674e+00  -7.44395823e+00  -6.71456978e+00 
 -5.66620564e+00  -5.06877469e+00  -7.39463451e+00 
 -6.61571123e+00  -7.33399095e+00  -1.02557587e+01 
  6.22343640e+00  -1.15052615e+01  -1.53598356e+00 
  4.27082531e+00  -9.59996194e+00  -4.21844157e+00 
  3.33579146e+00  -5.85002809e+00  -8.09915504e+00 
  2.39349686e+00  -3.92621448e+00  -1.12058662e+01 
  6.57753256e-01   9.06931268e+00  -1.52219377e+00 
 -3.03758146e+00   9.65743031e+00  -2.24082240e+00 
 -6.13819767e+00   7.51477475e+00  -2.04088188e+00 
 -9.67067247e+00   6.91177814e+00  -8.16332874e-01 
 -8.65314600e+00   4.08566831e+00   1.46679164e+00 
 -9.45421411e+00   3.75504733e+00   5.13574497e+00 
 -7.60808998e+00   3.90510028e+00   1.02291888e+01 
 -6.46267644e+00   3.55519270e-01   1.05133397e+01 
 -9.51940206e+00  -6.75791251e-01   1.23981891e+01 
 -1.39002464e+01   6.15074091e+00   5.32545159e+00 
  6.27347648e+00   1.03557722e+01   3.50197688e+00 
  1.15860527e+01  -4.05089111e+00  -7.06686099e+00 
  1.01650004e+01  -2.66471269e+00  -3.79001767e+00 
  8.45639636e+00   4.75866873e+00   2.99226979e+00 
  7.16333058e+00   6.19486190e+00   6.25305220e+00 
  5.34506214e-01   5.57797929e+00   5.83326551e+00 
 -1.51076661e+00   3.97558933e+00   3.06474068e+00 
 -4.23277901e+00   1.57317521e+00   4.16141510e+00 
 -7.13519510e+00  -4.83519643e-01   2.70727859e+00 
 -8.49289056e+00   9.75481297e-01  -4.61489855e-01 
 -5.24816073e+00   2.79856728e+00  -1.22632388e+00 
 -3.67100287e+00  -1.16903487e-01  -2.94997221e+00 
 -2.53433867e+00   4.72275209e-01  -6.47949508e+00 
 -2.49761395e+00   4.20168066e+00  -6.10767501e+00 
  2.75733950e+00   2.03253088e+00  -6.46798154e+00 
  9.99671677e-01   1.23680803e+00  -3.14992352e+00 
  1.65963981e+00  -2.49189504e+00  -2.76283236e+00 
  1.62735691e+00  -3.77044222e+00   7.25244730e-01 
  2.10844501e+00  -3.55048873e+00   4.39892269e+00 
  1.50738399e+00  -4.98823108e+00   7.92638885e+00 
 -1.50130032e+00  -3.13517370e+00   9.39417098e+00 
 -1.57765740e+00   6.66289266e-01   8.80974636e+00 
  5.11292761e-01   3.40154932e+00   1.03853972e+01 
  1.95546784e+00   9.54408827e-01   1.29444715e+01 
  6.67306464e+00   8.85143699e-01   6.77224662e+00 
  4.46107555e+00   8.25499008e-01   3.66947986e+00 
  5.89001079e+00  -9.89252114e-01   7.39092194e-01 
  5.79081285e+00   3.22060479e-01  -2.80356349e+00 
  6.43994233e+00  -1.16587336e+00  -6.17412642e+00 

   8.414116272604e+00 

  2.71089218e+00  -1.93632097e+00  -1.65796294e+00 
  2.89871755e+00  -6.76968534e-01  -1.88825117e+00 
  3.17464799e+00  -2.04822255e+00  -1.89913807e-01 
  4.13755305e+00  -3.17081445e+00  -6.03291008e-01 
  4.27080717e+00  -3.73697062e+00  -1.96665791e+00 
  2.95848362e+00  -4.10436909e+00  -2.70946330e+00 
  2.04035122e+00  -3.01108126e+00  -2.32269064e+00 
 -1.70511556e+00  -1.11886675e+00  -1.40881718e+00 
 -3.86509808e+00  -3.66488217e-01  -1.97837347e+00 
 -1.54204371e+00   3.38335107e-02  -5.39960222e-01 
 -2.82598756e+00  -1.67281380e+00  -3.39014958e+00 
 -3.80774349e-01  -4.85655964e-01   2.46939842e-01 
  1.27158008e+00  -2.15350678e+00   1.61688729e-01 
  8.17816127e-01  -8.72672098e-01  -4.01421361e-01 
  1.54062250e-01  -2.78266306e+00  -1.28861514e+00 
  4.84963913e-01  -1.46136055e+00  -1.69369640e+00 
 -6.55408638e-01  -1.08900011e+00  -2.38802375e+00 
 -2.92659337e+00  -1.36389772e+00  -2.06576892e+00 
  1.45735905e+00  -3.05299248e+00  -9.45406261e-01 
 -6.94799550e+00  -4.69541339e+00   4.16522588e+00 
  2.06598865e+00  -9.60824000e-01   1.41614692e+01 
  5.68061872e+00  -7.96349400e-01   1.30338412e+01 
  6.68241920e+00  -4.08201518e+00   9.00386133e+00 
  3.99502913e+00  -1.51774564e+00   8.22381945e+00 
  1.30899497e+00   6.71774655e-01   9.61511529e+00 
  5.32204442e+00   6.13316223e+00   4.65143288e+00 
  8.91167287e+00   6.79513037e+00   3.63538034e+00 
  8.91722741e+00   3.52138315e+00   1.82516050e+00 
  8.28454632e+00   1.69728247e+00   5.14660716e+00 
  1.17502539e+01   2.75209271e+00   6.19305025e+00 
  6.85706398e+00   7.13000343e+00  -8.47556515e+00 
  7.14862156e+00   7.33495534e+00  -4.66617854e+00 
  6.08728227e+00   9.10368377e+00   4.07418598e-01 
  6.19659759e+00   1.03594124e+01   3.96435939e+00 
 -8.20356835e+00   3.00904624e+00   6.03254252e+00 
 -7.07841983e+00   6.09288171e-01   8.76987884e+00 
 -4.30953947e+00  -1.93764970e+00   9.07183731e+00 
 -3.11342451e+00  -5.45286431e+00   9.81620191e+00 
 -2.14040145e+00  -6.13755352e+00   6.23579114e+00 
 -3.20352473e+00  -9.08348020e+00   4.13733367e+00 
 -6.21903885e+00  -1.08776375e+01   6.77267055e-03 
 -3.81189694e+00  -1.02047186e+01  -2.77622702e+00 
 -2.71946027e+00  -1.37737855e+01  -2.94407811e+00 
 -3.70963159e+00  -1.26221468e+01   7.71004051e+00 
 -1.34482655e+01   4.18734228e+00   5.97619690e-01 
  1.25529043e+00   1.48532356e+01  -3.58805925e+00 
 -8.36718668e-01   1.16919946e+01  -4.14360891e+00 
 -9.36248316e+00   6.14641227e+00  -3.37993418e+00 
 -1.15335838e+01   3.09488041e+00  -3.96461124e+00 
 -8.51663093e+00  -1.77614426e+00  -5.48591387e-01 
 -5.25568647e+00  -1.62180648e+00   1.38995067e+00 
 -2.79996109e+00  -4.44586676e+00   7.75348074e-01 
  5.57433452e-01  -5.79141582e+00   2.07377999e+00 
  1.22376884e+00  -4.82235605e+00   5.62765596e+00 
 -1.08251987e+00  -1.80928976e+00   5.42928989e+00 
  1.53418937e+00   4.74937660e-01   4.05324550e+00 
  2.20461175e+00   3.59481608e+00   6.03151777e+00 
 -1.05435917e+00   3.42333927e+00   7.87482136e+00 
 -9.43665508e-01   7.69829401e+00   4.11156796e+00 
 -1.13264778e+00   4.22964798e+00   2.47912794e+00 
  1.54721872e+00   4.45994381e+00  -2.14179222e-01 
  1.07793372e+00   2.21456869e+00  -3.13658731e+00 
 -8.91449905e-01   2.63317988e-01  -5.60435632e+00 
 -1.04727898e+00  -2.44875987e+00  -8.34146170e+00 
 -2.17170027e+00  -5.68915894e+00  -6.64562034e+00 
 -5.02917310e+00  -5.34210244e+00  -4.09358115e+00 
 -8.71597352e+00  -4.69667169e+00  -4.65834460e+00 
 -8.32723102e+00  -5.22221317e+00  -8.42606075e+00 
 -7.20234608e+00   2.33618410e+00  -7.02529593e+00 
 -5.01072287e+00   2.58775951e+00  -3.91770646e+00 
 -2.71996399e+00   5.53169096e+00  -3.82803585e+00 
 -2.20764620e+00   7.71016014e+00  -7.83106820e-01 
  2.80173204e-01   1.03322729e+01   1.81926955e-01 

   8.414116272604e+00 

 -8.11885727e-01  -3.81994801e+00  -6.84584964e-01 
 -2.97782931e-01  -3.53508471e+00  -1.83733420e+00 
  4.56784075e-01  -4.03727598e+00   1.67474399e-01 
 -7.99840126e-02  -5.41747062e+00   5.73949771e-01 
 -1.38809381e+00  -5.98833686e+00   1.73925696e-01 
 -2.63120894e+00  -5.06955867e+00   3.13374679e-01 
 -2.11380769e+00  -3.74580803e+00  -9.62821108e-02 
 -1.80585488e+00   5.37081368e-01  -1.74928520e-01 
 -2.66110414e+00   2.69044480e+00  -6.08018514e-01 
 -4.87855576e-01   9.86780099e-01  -5.88294737e-01 
 -4.04848985e+00   1.00198832e+00  -6.68222917e-01 
  2.93376297e-01  -1.35412865e-01   1.83248015e-02 
 -7.16072293e-03  -2.29795061e+00   8.85721628e-01 
  2.33049925e-02  -1.48003036e+00  -3.36411950e-01 
 -1.86767220e+00  -1.77653856e+00   7.64512946e-01 
 -1.40865122e+00  -1.62613786e+00  -5.71939978e-01 
 -2.18270715e+00  -5.64974862e-01  -1.01461689e+00 
 -2.88747935e+00   1.43600453e+00  -9.96990854e-02 
 -1.26046770e+00  -3.00397078e+00   8.83532686e-01 
 -1.09328611e+00   4.81319592e+00   7.07465920e+00 
  1.19048465e+01  -2.02892614e-01   8.08032005e+00 
  1.24060847e+01  -3.59748943e+00   6.47109042e+00 
  7.95596030e+00  -6.46647665e+00   6.39865508e+00 
  7.64701074e+00  -3.16141378e+00   4.55824246e+00 
  8.86256479e+00   3.59538674e-01   4.29403629e+00 
  9.12525799e+00  -1.96325798e+00  -3.77473506e+00 
  9.95328300e+00  -5.12163106e+00  -5.69698661e+00 
  6.89759077e+00  -6.71262974e+00  -4.23896882e+00 
  8.37658848e+00  -6.29819824e+00  -7.17541703e-01 
  1.09805638e+01  -8.84486905e+00  -1.69354252e+00 
 -1.65208214e-01  -5.16158920e+00  -1.26700130e+01 
  3.04377304e+00  -4.70657421e+00  -1.06368288e+01 
  7.53865146e+00  -2.20310148e+00  -8.75935132e+00 
  1.10064507e+01  -1.21386362e+00  -7.64741194e+00 
  3.76317675e+00   9.28044893e+00   2.50514591e+00 
  5.13104103e+00   7.78120241e+00   5.72989634e+00 
  5.10143424e+00   4.32907762e+00   7.25525786e+00 
  4.36885610e+00   1.99458656e+00   1.01457568e+01 
  1.55871252e+00   2.45977786e-01   8.33457629e+00 
 -1.94734129e+00  -2.98103469e-01   9.60886086e+00 
 -7.18682770e+00   1.03471392e+00   9.22775719e+00 
 -8.17330384e+00  -1.34576710e+00   6.51622363e+00 
 -9.68895040e+00  -3.76045618e+00   8.93116098e+00 
 -1.07903125e+00  -6.27787459e-01   1.45767463e+01 
 -1.82917549e+00   1.35758401e+01  -4.45926232e-01 
  5.50778921e+00   3.75108727e+00  -1.44858310e+01 
  2.73783605e+00   4.31205332e+00  -1.18990842e+01 
 -2.50857258e+00   9.98041266e+00  -5.23798510e+00 
 -5.27541589e+00   1.06510293e+01  -2.73554164e+00 
 -3.91994371e+00   6.58590723e+00   2.37675287e+00 
 -1.13592150e+00   4.02122037e+00   2.67192384e+00 
 -2.13907120e+00   5.90204495e-01   3.93899157e+00 
 -5.71949446e-01  -2.75664057e+00   4.99316582e+00 
  2.95209618e+00  -2.38414296e+00   6.19959118e+00 
  3.46297291e+00   8.49470272e-01   4.27095548e+00 
  4.46382269e+00  -8.53515002e-01   1.09975679e+00 
  7.81979918e+00   9.38352424e-02  -2.91867473e-01 
  8.00761432e+00   3.28388866e+00   1.66679241e+00 
  7.21304627e+00   4.22781067e+00  -3.89443408e+00 
  4.12991722e+00   2.76624404e+00  -2.13653240e+00 
  3.09219722e+00  -1.93365121e-02  -4.51398950e+00 
 -4.99078647e-01  -9.64286392e-01  -4.40347147e+00 
 -4.12828718e+00  -3.60716314e-01  -3.91328412e+00 
 -7.69274099e+00  -1.74102276e+00  -3.40258063e+00 
 -8.37824397e+00  -1.70906236e+00   3.61652554e-01 
 -7.22836180e+00   1.43970630e+00   2.24885422e+00 
 -8.68551021e+00   4.93323463e+00   2.24507664e+00 
 -1.17753022e+01   3.74416086e+00   3.31365912e-01 
 -6.49800662e+00   5.92247265e+00  -4.93759858e+00 
 -3.13131355e+00   4.55920131e+00  -3.78413257e+00 
 -7.64810675e-01   3.65521198e+00  -6.52362466e+00 
  2.90522413e+00   4.55555503e+00  -6.51948290e+00 
  5.87233042e+00   3.49392931e+00  -8.53572737e+00 

   8.414116272604e+00 

  4.57786459e-01  -3.04404186e+00  -3.14068667e+00 
 -5.86503075e-01  -3.60552517e+00  -2.62254050e+00 
  1.54606918e+00  -3.42207960e+00  -2.11331728e+00 
  2.38664926e+00  -4.01261600e+00  -3.25479497e+00 
  2.02413486e+00  -3.99854147e+00  -4.69196023e+00 
  1.52368935e+00  -2.65228971e+00  -5.28025870e+00 
  7.00420955e-01  -2.09622921e+00  -4.18441914e+00 
 -1.11777715e+00   9.28032399e-01  -1.73653041e+00 
 -2.57289346e+00   2.75071681e+00  -1.39528215e+00 
 -1.42329856e+00   4.45144477e-01  -4.00978594e-01 
 -2.17771074e+00   2.12166981e+00  -3.45136567e+00 
 -2.63504728e-01  -4.90248252e-01  -2.68516279e-01 
  1.36067785e+00  -1.56804545e+00  -1.57987184e+00 
 -6.20022927e-02  -1.53100139e+00  -1.20819842e+00 
  6.79413627e-01  -3.43942593e-01  -2.91610396e+00 
 -4.81464707e-01  -1.06412019e+00  -2.52478214e+00 
 -1.46881501e+00  -1.02615116e-01  -2.67256473e+00 
 -1.63606217e+00   2.15275265e+00  -2.20029194e+00 
  1.41827583e+00  -1.49877970e+00  -3.01553628e+00 
  3.64003388e+00   7.11745168e+00   1.48895487e+00 
  9.11982764e+00  -2.39013094e+00   1.01319683e+01 
  9.22088461e+00  -5.91061389e+00   8.73192025e+00 
  9.52086201e+00  -5.96554895e+00   3.44543397e+00 
  6.43617216e+00  -4.18739220e+00   4.76029369e+00 
  4.94756309e+00  -2.25272473e+00   7.58617188e+00 
 -1.17510130e+00  -7.82139444e+00   6.14660198e+00 
 -1.38904792e+00  -1.14648291e+01   5.12895373e+00 
 -6.40765987e-03  -1.05266570e+01   1.78194211e+00 
  3.22161455e+00  -9.30685854e+00   3.47061049e+00 
  3.92613338e+00  -1.29066762e+01   4.34454577e+00 
 -9.47779343e+00  -9.85915455e+00  -3.98162057e+00 
 -7.25716651e+00  -1.01189115e+01  -8.76821072e-01 
 -5.79431247e+00  -9.53060396e+00   4.36819385e+00 
 -4.56651421e+00  -9.93681965e+00   7.91335003e+00 
 -1.37192426e+00   6.04452153e+00   7.66561492e+00 
  2.37939362e+00   5.74806942e+00   8.26356013e+00 
  5.18246643e+00   3.87698274e+00   6.56456414e+00 
  8.59044036e+00   3.80549503e+00   4.91468334e+00 
  7.18825600e+00   3.00772409e+00   1.50405950e+00 
  7.88065874e+00   4.86087488e+00  -1.70509141e+00 
  5.98406235e+00   8.18836336e+00  -5.53974948e+00 
  4.39716512e+00   5.63248207e+00  -7.76269062e+00 
  7.26848922e+00   5.65692345e+00  -1.01532409e+01 
  1.25887332e+01   6.47918697e+00  -8.34665823e-01 
 -6.86378228e+00   1.05797972e+01   4.88993735e+00 
 -1.37690430e+01  -6.72914750e+00   5.32988465e+00 
 -1.22394483e+01  -3.79781297e+00   3.39437430e+00 
 -9.72397525e+00   6.01229684e+00   2.18628353e+00 
 -8.31478488e+00   8.98556991e+00   3.04475446e-01 
 -1.80998739e+00   7.63977410e+00  -3.07505534e-01 
  6.32189769e-02   4.52387046e+00   7.86919706e-01 
  2.44327465e+00   3.01534674e+00  -1.75145204e+00 
  5.08789509e+00   2.43669864e-01  -2.05528730e+00 
  6.67036461e+00  -6.07950477e-01   1.22855911e+00 
  3.69352464e+00   6.84362294e-01   3.20472628e+00 
  1.79124005e+00  -2.52496367e+00   3.00497512e+00 
  7.96131107e-01  -4.05822580e+00   6.28453823e+00 
  1.22217270e+00  -8.59879526e-01   8.19166527e+00 
 -4.25701295e+00  -2.32576130e+00   7.66319338e+00 
 -2.66836496e+00  -1.13989620e+00   4.37655352e+00 
 -3.79794085e+00  -3.82133365e+00   1.92245988e+00 
 -3.98424495e+00  -2.76183217e+00  -1.63354268e+00 
 -4.49455521e+00  -3.50214750e-01  -4.40832554e+00 
 -4.13732257e+00   5.54102116e-01  -8.14007992e+00 
 -9.44321962e-01   2.63343993e+00  -8.48863214e+00 
 -3.81245723e-01   5.30824370e+00  -5.78181239e+00 
 -2.13570394e+00   8.61933889e+00  -5.24649845e+00 
 -3.91803967e+00   8.32721414e+00  -8.61709810e+00 
 -8.50424824e+00   5.01786369e+00  -3.29058254e+00 
 -6.26629031e+00   2.91718824e+00  -1.03175060e+00 
 -7.86328482e+00  -1.48322020e-01   3.73455730e-01 
 -7.54154059e+00  -1.22624550e+00   3.98099670e+00 
 -8.31667359e+00  -4.36490757e+00   5.86354282e+00 

   8.414116272604e+00 

  2.80361206e+00   3.15915117e+00  -3.87990773e-01 
  3.21537006e+00   2.43384534e+00   6.01284919e-01 
  3.50663940e+00   2.47387483e+00  -1.57917026e+00 
  4.10060583e+00   3.83189328e+00  -1.98075362e+00 
  3.83967098e+00   5.12397120e+00  -1.30288458e+00 
  2.36035129e+00   5.46559327e+00  -9.80639020e-01 
  1.79760443e+00   4.15850081e+00  -5.77323049e-01 
 -1.19090312e+00   1.11450430e+00  -8.02619893e-02 
 -3.20110055e+00   2.81611405e-01   8.26042617e-01 
 -6.13469860e-01  -2.16042513e-01  -2.01974117e-05 
 -2.76792386e+00   2.41055320e+00   1.06958683e+00 
  5.35056904e-01   2.02591551e-02  -9.28823377e-01 
  1.73194135e+00   1.77748738e+00  -1.92826615e+00 
  1.47053142e+00   1.05331937e+00  -6.74959434e-01 
  2.44400626e-01   2.80294807e+00  -1.23276778e+00 
  7.72737761e-01   2.18169415e+00  -6.90107298e-02 
 -3.70219821e-01   2.00228065e+00   6.94305121e-01 
 -2.53984919e+00   1.34033463e+00   2.55861463e-01 
  1.49758864e+00   3.17133799e+00  -1.66085836e+00 
 -5.91080539e+00  -1.23076386e+00  -6.68114616e+00 
  5.46379941e+00  -7.47415871e+00  -1.18543787e+01 
  8.73779406e+00  -5.84265263e+00  -1.08627668e+01 
  8.19347538e+00  -6.65173130e-01  -9.89459082e+00 
  6.03641926e+00  -2.84946693e+00  -7.66255621e+00 
  4.21865052e+00  -6.09458176e+00  -7.33175519e+00 
  8.29500585e+00  -5.86467430e+00   9.90217687e-03 
  1.16760213e+01  -4.67332220e+00   1.23685429e+00 
  1.06114745e+01  -1.16160626e+00   5.09572485e-01 
  1.02486691e+01  -2.05444381e+00  -3.20941259e+00 
  1.39967995e+01  -2.45558308e+00  -3.30638169e+00 
  7.44055961e+00   1.92925791e+00   1.06959958e+01 
  8.50182263e+00  -4.78527531e-01   7.91845597e+00 
  8.85788993e+00  -5.20483675e+00   5.17410787e+00 
  9.92694410e+00  -8.27995679e+00   3.26586471e+00 
 -5.05674548e+00  -8.38722652e+00  -3.14877349e+00 
 -3.97837389e+00  -7.98468427e+00  -6.78097427e+00 
 -1.83214271e+00  -5.49515566e+00  -8.63588909e+00 
 -1.31685768e+00  -3.02937831e+00  -1.14635961e+01 
 -1.23008381e+00  -4.09719152e-02  -9.16211570e+00 
 -3.30021096e+00   3.09514769e+00  -9.46471504e+00 
 -7.37740859e+00   6.06636463e+00  -7.48426324e+00 
 -5.46668552e+00   7.99030938e+00  -4.90747973e+00 
 -5.23896084e+00   1.10262482e+01  -7.07336224e+00 
 -3.87013511e+00   3.34002175e+00  -1.44804665e+01 
 -1.08646839e+01  -7.44246553e+00   1.73066236e+00 
  4.72777592e+00  -8.37115053e+00   1.19035915e+01 
  1.92524616e+00  -6.32767458e+00   1.02761348e+01 
 -7.29753381e+00  -5.23384243e+00   6.06078151e+00 
 -1.01572169e+01  -3.27592358e+00   4.52580972e+00 
 -7.68167601e+00  -9.27767510e-01  -1.20620023e+00 
 -4.15451485e+00  -1.27836101e+00  -2.56698770e+00 
 -2.54604205e+00   1.88612099e+00  -3.90209399e+00 
  6.19815540e-01   3.05552831e+00  -5.74012503e+00 
  2.15787685e+00   3.55247261e-01  -7.82721963e+00 
  5.76443003e-01  -2.40380133e+00  -5.74789208e+00 
  3.31400672e+00  -2.46350592e+00  -3.20613274e+00 
  5.02361148e+00  -5.76802608e+00  -2.70208231e+00 
  2.22668905e+00  -7.73047658e+00  -4.24288627e+00 
  2.54345252e+00  -8.51294210e+00   1.39067174e+00 
  1.28448439e+00  -5.02485318e+00   4.00563173e-01 
  3.37606912e+00  -2.75219104e+00   2.62517644e+00 
  1.86818625e+00   5.51740507e-01   3.40794871e+00 
 -9.21375135e-01   2.92149396e+00   4.02305108e+00 
 -2.19623358e+00   6.54488813e+00   4.36531635e+00 
 -3.65515393e+00   7.54480887e+00   9.72368201e-01 
 -5.81702951e+00   4.88436979e+00  -7.73157822e-01 
 -9.30967540e+00   3.67978774e+00   5.05185352e-02 
 -9.78285059e+00   6.49582371e+00   2.59395050e+00 
 -6.77512147e+00   4.30232756e-01   6.40433754e+00 
 -4.02271534e+00  -1.02369932e+00   4.20571143e+00 
 -1.16809326e+00  -2.56333879e+00   6.05043161e+00 
  3.89951224e-01  -5.88105151e+00   5.13115478e+00 
  3.53173178e+00  -7.66582244e+00   6.10059707e+00 

   8.414116272604e+00 

  5.70830536e-01   2.40551594e+00  -3.76717705e+00 
  1.19197283e+00   1.46675827e+00  -4.40529606e+00 
 -7.93703063e-01   1.73637724e+00  -3.49687885e+00 
 -1.48773400e+00   2.93719925e+00  -4.15614130e+00 
 -8.09368014e-01   4.14418009e+00  -4.68536300e+00 
  2.60156694e-01   4.80775823e+00  -3.77722449e+00 
  9.37333647e-01   3.64729325e+00  -3.15868518e+00 
  3.06076542e+00   1.44070975e+00  -1.47673959e-01 
  4.93812984e+00   1.03687223e+00   1.21922415e+00 
  2.84517578e+00   8.52952231e-03  -2.59939924e-01 
  4.85313968e+00   2.92531496e+00   1.21084939e-01 
  1.43432768e+00   6.80990169e-02  -7.53484910e-01 
 -9.94176238e-02   1.57868120e+00  -1.69424846e+00 
  1.11048935e+00   7.77891730e-01  -1.93589597e+00 
  1.27031514e+00   2.84544854e+00  -1.17733678e+00 
  1.97130310e+00   1.95146088e+00  -2.03105161e+00 
  3.23915848e+00   1.96809469e+00  -1.47117808e+00 
  4.07353243e+00   1.95797024e+00   6.83216169e-01 
  2.18271140e-01   2.93378316e+00  -2.05759429e+00 
  1.70120550e-01   1.34772021e+00   7.78863231e+00 
 -1.02215204e+01  -6.83198759e+00   3.29084092e+00 
 -1.12198424e+01  -6.25851049e+00  -3.20062635e-01 
 -1.02389972e+01  -1.30575088e+00  -1.91632591e+00 
 -7.13826762e+00  -3.14963321e+00  -7.36672180e-01 
 -5.78864201e+00  -5.82768223e+00   1.48842263e+00 
 -1.87430355e+00  -7.69420761e+00  -5.70626295e+00 
 -2.72324459e+00  -7.60215669e+00  -9.39771560e+00 
 -2.83683718e+00  -3.86847445e+00  -9.19507953e+00 
 -5.73043888e+00  -4.10496046e+00  -6.67897536e+00 
 -7.84927978e+00  -5.44358921e+00  -9.49631159e+00 
  7.34802588e+00  -1.52739557e+00  -1.29579610e+01 
  4.50190825e+00  -3.71227017e+00  -1.16296632e+01 
  2.12572797e+00  -7.93537743e+00  -9.07714257e+00 
  1.95534212e-02  -1.08823066e+01  -8.01871496e+00 
  2.83672827e+00  -6.20940774e+00   7.34024286e+00 
 -8.03290031e-01  -5.59262327e+00   8.28239563e+00 
 -3.58985698e+00  -3.50726136e+00   6.82257364e+00 
 -6.29936726e+00  -8.86188610e-01   7.18317748e+00 
 -4.49322441e+00   1.62378162e+00   5.02150870e+00 
 -3.69271087e+00   5.19871475e+00   5.91104233e+00 
  1.19737748e-01   8.81379011e+00   7.24157820e+00 
  1.18613564e+00   9.79622598e+00   3.79341136e+00 
 -8.26174492e-01   1.29434694e+01   3.86619047e+00 
 -7.58681382e+00   6.28547626e+00   8.94377233e+00 
  1.00715490e+01  -4.49136687e+00   9.11205580e+00 
  1.00938714e+01  -1.08402730e+01  -8.41411432e+00 
  1.02120668e+01  -7.93394919e+00  -5.92054380e+00 
  1.16940731e+01  -3.91162976e+00   3.33418182e+00 
  1.19230229e+01  -1.08530726e+00   5.84950585e+00 
  5.71394542e+00   1.32508298e+00   6.21754483e+00 
  2.65644432e+00   2.69623192e-01   4.22927525e+00 
  5.82278786e-01   3.06595634e+00   2.72528117e+00 
 -2.71473817e+00   3.62370572e+00   8.31311621e-01 
 -5.23606355e+00   9.38932493e-01   1.50065849e+00 
 -2.56352441e+00  -1.58157560e+00   2.47094644e+00 
 -1.92943346e+00  -2.70376339e+00  -1.03575907e+00 
 -2.36020488e+00  -6.37477699e+00  -1.69512538e+00 
 -2.07417961e+00  -7.31062961e+00   1.92294500e+00 
  2.48867269e+00  -8.93262273e+00  -1.07690241e+00 
  2.26181612e+00  -5.13430004e+00  -5.73552744e-01 
  2.92599973e+00  -3.81581241e+00  -4.08198182e+00 
  4.32397954e+00  -3.78482631e-01  -4.26315375e+00 
  6.30465773e+00   2.52092936e+00  -3.06063179e+00 
  7.19868663e+00   6.26529102e+00  -3.28836629e+00 
  5.13037016e+00   8.07524219e+00  -6.26312383e-01 
  4.91521883e+00   6.33694099e+00   2.79867259e+00 
  7.54234891e+00   5.97270594e+00   5.49933109e+00 
  9.86118162e+00   8.42865742e+00   3.70647954e+00 
  1.15572851e+01   1.31827452e+00   1.07540266e+00 
  8.24861958e+00  -4.73561189e-01   4.70694390e-01 
  8.27150200e+00  -2.94238026e+00  -2.32694001e+00 
  6.73217047e+00  -6.38664999e+00  -2.10955848e+00 
  5.87137963e+00  -9.04087880e+00  -4.60156956e+00 

   8.414116272605e+00 

  1.03570976e+00  -2.34589688e+00   3.90457036e+00 
  2.66892940e-01  -1.62818647e+00   4.65828917e+00 
  2.40193894e+00  -1.66307318e+00   4.12801900e+00 
  2.99340774e+00  -3.02526358e+00   4.51901952e+00 
  2.26689549e+00  -4.31723475e+00   4.51200367e+00 
  1.42382284e+00  -4.64580154e+00   3.25096958e+00 
  8.42201065e-01  -3.33484066e+00   2.88911856e+00 
 -7.17258708e-01  -2.64106604e-01   3.23414098e-01 
 -2.29837988e+00   5.84752797e-01  -1.20481557e+00 
 -5.79635278e-01   1.06053098e+00   9.03601828e-01 
 -2.36611663e+00  -1.54912449e+00  -7.34360002e-01 
  7.06037691e-01   8.16590525e-01   1.62828495e+00 
  2.07495840e+00  -9.48403567e-01   2.35637918e+00 
  8.13332475e-01  -2.26325699e-01   2.58095826e+00 
  8.81600696e-01  -1.96205288e+00   1.21774952e+00 
 -6.70392207e-03  -1.35014401e+00   2.14290328e+00 
 -1.13641694e+00  -1.16253972e+00   1.36204129e+00 
 -1.52534174e+00  -4.78190678e-01  -8.10077690e-01 
  1.73997153e+00  -2.34090300e+00   2.22230165e+00 
  3.68922988e+00   2.15041020e+00  -6.46646064e+00 
  1.26792890e+01   8.30304488e+00   2.27698670e+00 
  1.29591566e+01   6.63656433e+00   5.66942888e+00 
  1.18579986e+01   1.46106186e+00   5.46554975e+00 
  8.99004849e+00   3.65783486e+00   4.30147951e+00 
  8.01522655e+00   6.91903572e+00   2.76564948e+00 
  2.68368094e+00   6.62325294e+00   9.25075527e+00 
  2.78402150e+00   5.39501826e+00   1.28336826e+01 
  3.06901414e+00   1.89636166e+00   1.15404197e+01 
  6.39498893e+00   2.80617736e+00   9.84638207e+00 
  7.86178460e+00   3.17164363e+00   1.33009069e+01 
 -7.57055073e+00  -1.20096618e+00   1.23004082e+01 
 -4.59700979e+00   1.20661012e+00   1.22921524e+01 
 -1.91300449e+00   5.93924119e+00   1.16640218e+01 
  2.54944281e-01   9.01087709e+00   1.19891112e+01 
  7.18385326e-01   9.28543034e+00  -4.30137334e+00 
  4.49274680e+00   8.88577456e+00  -4.63645366e+00 
  7.00591240e+00   6.38251383e+00  -3.34709171e+00 
  9.82490768e+00   3.92221187e+00  -3.93162858e+00 
  7.71570620e+00   9.24750347e-01  -3.03641463e+00 
  7.23643590e+00  -2.19021623e+00  -5.10511522e+00 
  3.89656225e+00  -5.12932091e+00  -8.20039674e+00 
  2.20131463e+00  -7.08090030e+00  -5.49674870e+00 
  4.29904465e+00  -1.01109809e+01  -6.11154175e+00 
  1.16923278e+01  -2.41134121e+00  -7.47970372e+00 
 -5.95323266e+00   8.37874568e+00  -7.92091094e+00 
 -9.68860095e+00   9.12056135e+00   1.03266226e+01 
 -9.20442727e+00   7.11003985e+00   7.10141538e+00 
 -8.67098585e+00   6.12020760e+00  -3.03569540e+00 
 -8.29381215e+00   4.19545098e+00  -6.27921569e+00 
 -2.05352960e+00   1.84450773e+00  -6.10596142e+00 
  5.07604864e-01   2.16615487e+00  -3.32160196e+00 
  2.33969364e+00  -1.00875042e+00  -2.34842826e+00 
  5.21181239e+00  -2.20181561e+00  -9.09838699e-02 
  7.71830948e+00   4.91146911e-01   6.00781515e-01 
  5.20388048e+00   3.25767087e+00  -7.80978433e-02 
  3.84515752e+00   3.28182095e+00   3.40208161e+00 
  4.00467228e+00   6.56790896e+00   5.21118341e+00 
  4.41087522e+00   8.56273318e+00   2.06416270e+00 
 -7.12549579e-01   9.32160382e+00   4.43570248e+00 
 -2.54497399e-01   5.84939753e+00   2.86533574e+00 
 -1.55581105e+00   3.54866395e+00   5.60428297e+00 
 -2.83813721e+00   2.56541678e-01   4.45538027e+00 
 -4.43509034e+00  -2.08852942e+00   2.06244958e+00 
 -5.22215743e+00  -5.70073211e+00   9.65220340e-01 
 -2.60226476e+00  -6.67423248e+00  -1.64798586e+00 
 -1.77231879e+00  -3.98681147e+00  -4.27238317e+00 
 -3.82098049e+00  -2.75174116e+00  -7.20591731e+00 
 -6.36084902e+00  -5.57234333e+00  -6.74086814e+00 
 -8.79947297e+00   4.50162130e-01  -2.48182850e+00 
 -5.74343209e+00   1.88558241e+00  -7.14401686e-01 
 -6.41062612e+00   3.39100259e+00   2.63386827e+00 
 -4.98291026e+00   6.69692045e+00   3.77943574e+00 
 -4.73049588e+00   8.44788740e+00   7.07585992e+00 

   8.414116272604e+00 

  2.27151259e+00  -4.68397797e+00   9.71743289e-01 
  1.87847529e+00  -4.68879402e+00  -2.61049508e-01 
  9.23410274e-01  -4.76072708e+00   1.71973353e+00 
  1.44201978e+00  -5.98881975e+00   2.48204057e+00 
  2.79715989e+00  -6.57591638e+00   2.35566181e+00 
  3.99866531e+00  -5.59466266e+00   2.40526484e+00 
  3.50082439e+00  -4.42136082e+00   1.65469460e+00 
  3.11392762e+00  -2.83911988e-01   5.70263935e-01 
  3.96571521e+00   1.75303155e+00  -2.55151875e-01 
  1.83891489e+00   1.96971929e-03  -6.44304330e-02 
  5.38641589e+00   1.58018224e-01   2.10563768e-01 
  1.02055861e+00  -9.88934051e-01   7.01095702e-01 
  1.27111517e+00  -2.88550611e+00   2.06473241e+00 
  1.35515721e+00  -2.36542345e+00   6.91421396e-01 
  3.12260392e+00  -2.32202534e+00   2.01429562e+00 
  2.80686584e+00  -2.49655429e+00   6.39786193e-01 
  3.60173868e+00  -1.52852671e+00   4.62441949e-02 
  4.16223013e+00   6.56359254e-01   5.46063786e-01 
  2.53183452e+00  -3.51718632e+00   2.34901135e+00 
  1.53726650e+00   5.47605756e+00   6.54406696e+00 
 -1.13862879e+01   2.38323318e-01   7.36371983e+00 
 -1.16407955e+01  -3.45005111e+00   6.52989298e+00 
 -7.14985526e+00  -6.05997556e+00   7.55930625e+00 
 -6.71380747e+00  -3.24274508e+00   5.05349626e+00 
 -7.96702486e+00   7.07544846e-02   3.87254343e+00 
 -7.31241121e+00  -4.01562693e+00  -3.43788960e+00 
 -7.86301627e+00  -7.55903659e+00  -4.66144138e+00 
 -4.94926633e+00  -8.64332990e+00  -2.58088449e+00 
 -6.80653107e+00  -7.51453062e+00   5.87082764e-01 
 -9.23686951e+00  -1.03292353e+01  -3.71686889e-02 
  2.94501169e+00  -8.71285618e+00  -1.03941363e+01 
 -4.72707604e-01  -7.95642894e+00  -8.84964601e+00 
 -5.19454253e+00  -5.29856242e+00  -8.05199333e+00 
 -8.78163019e+00  -4.24077721e+00  -7.54748896e+00 
 -2.89190510e+00   8.58014320e+00   6.13710815e-01 
 -4.56693606e+00   7.78448230e+00   3.94222447e+00 
 -4.62953317e+00   4.76842660e+00   6.21032048e+00 
 -4.16341595e+00   3.17854004e+00   9.61568373e+00 
 -1.13904320e+00   1.19501644e+00   8.54157105e+00 
  2.22029404e+00   1.10861476e+00   1.02502626e+01 
  7.44146992e+00   2.55457478e+00   1.01006561e+01 
  8.76308738e+00  -3.27924369e-01   8.11652782e+00 
  1.00603549e+01  -2.06775470e+00   1.11578955e+01 
  8.30069726e-01   1.86553862e+00   1.50499379e+01 
  2.89452877e+00   1.23479377e+01  -2.66569820e+00 
 -2.68442004e+00  -6.99213512e-01  -1.47538296e+01 
 -2.20863762e-01   5.52115447e-01  -1.20998423e+01 
  4.15986984e+00   7.80144713e+00  -6.41814309e+00 
  6.62711190e+00   9.14041986e+00  -3.87113690e+00 
  4.81497294e+00   6.27200421e+00   1.87224377e+00 
  2.06940546e+00   3.71744061e+00   2.46519257e+00 
  3.00182240e+00   7.07405081e-01   4.57562491e+00 
  1.40055161e+00  -2.38348082e+00   6.20377788e+00 
 -2.23974873e+00  -1.90729765e+00   6.93492573e+00 
 -2.60762598e+00   7.83896620e-01   4.27804317e+00 
 -3.22609382e+00  -1.63132210e+00   1.49549463e+00 
 -6.43204660e+00  -1.17204928e+00  -4.03874734e-01 
 -6.89574782e+00   2.36495873e+00   7.46177177e-01 
 -5.52784291e+00   2.06925855e+00  -4.77568527e+00 
 -2.62175325e+00   1.17958570e+00  -2.43149988e+00 
 -1.27666866e+00  -2.01984736e+00  -3.99450967e+00 
  2.30082668e+00  -2.75422374e+00  -3.31287544e+00 
  5.84294649e+00  -1.89425892e+00  -2.61317348e+00 
  9.35983676e+00  -2.96365191e+00  -1.44729340e+00 
  9.63592945e+00  -2.05578313e+00   2.25944835e+00 
  8.22448700e+00   1.38195883e+00   3.25356284e+00 
  9.60048036e+00   4.84680993e+00   2.59821171e+00 
  1.29021813e+01   3.39738680e+00   1.32504920e+00 
  8.17759053e+00   4.09741674e+00  -4.80235459e+00 
  4.73556030e+00   2.87916192e+00  -3.71061381e+00 
  2.69659552e+00   1.27764611e+00  -6.39391759e+00 
 -9.70580634e-01   1.99085398e+00  -6.96219904e+00 
 -3.68099575e+00   3.71610238e-01  -8.96911464e+00 

   8.414116272604e+00 

