  2.24839247e+00  -6.48369950e-01   8.83394511e-01 
  3.31659778e+00   6.00997189e-02   7.67515833e-01 
  2.02669907e+00  -2.84002368e+00  -5.51053561e-02 
  2.33472724e+00  -4.20876253e+00  -3.05279438e-01 
  2.99261449e+00  -4.86157359e+00  -1.35145374e+00 
  2.28677750e+00  -2.09943858e+00   1.11593422e+00 
  3.81947351e+00  -4.11107995e+00  -2.17094810e+00 
  3.52871203e+00  -2.78011870e+00  -2.22742696e+00 
  2.83389563e+00  -2.25946831e+00  -1.15112484e+00 
  3.56865824e+00  -2.55732515e+00   1.39396560e+00 
  4.50858439e+00  -1.80150943e+00   5.48818395e-01 
  5.83337230e+00  -2.03314639e+00   2.78812970e-01 
  6.04545830e+00  -3.33997305e+00  -4.89985779e-02 
  5.36912624e+00  -4.21417540e+00   7.96272268e-01 
  4.09207915e+00  -3.86066028e+00   1.16103693e+00 
 -6.03877967e-02   1.46662277e+00   1.02314953e+01 
  6.11277756e+00   1.23594204e+01   3.89098832e+00 
  1.03114527e+01   6.38074106e+00   1.48722087e+00 
  6.51205593e+00   6.63610860e+00   1.48068986e+00 
  3.42779903e+00   8.66327914e+00   2.23470315e+00 
  1.66322574e+00   5.74808093e+00  -5.48469678e+00 
  3.61538724e+00   4.93868631e+00  -8.63983547e+00 
  5.32897250e+00   2.11625296e+00  -6.80717511e+00 
  6.82676569e+00   4.63354993e+00  -4.37858367e+00 
  8.88768825e+00   5.97349504e+00  -7.25390935e+00 
  9.17753315e+00   3.17623459e+00  -9.80430824e+00 
  9.45179862e+00  -5.54341875e-01  -9.29795273e+00 
  1.34846690e+01  -4.19572743e+00  -6.96650734e+00 
  1.35576514e+01   1.16943109e+00  -7.68888567e+00 
 -5.52856520e-01  -6.39243964e+00  -1.02481268e+01 
  2.52283819e-01  -2.72179217e+00  -9.66558146e+00 
 -2.75424459e+00  -1.66404408e+00  -1.17659744e+01 
 -3.01598478e+00   2.15339101e+00  -1.19935828e+01 
 -6.96999562e-01   2.72234743e+00  -9.06809450e+00 
 -6.21248771e-01   6.46326892e+00  -9.12624861e+00 
 -5.66764326e+00   5.65236853e+00   6.45134548e+00 
 -2.74554483e+00   7.56201201e+00   7.95900910e+00 
  9.95119046e-01   7.15913198e+00   7.83415886e+00 
  4.36159959e+00   6.74766505e+00   9.53541291e+00 
  4.78386575e+00   3.15269780e+00   8.41324718e+00 
  5.54774904e+00   1.50068711e-01   1.05508486e+01 
  4.42063963e+00  -6.75273714e+00   9.94602020e+00 
  7.43147341e+00  -8.04408798e+00   1.18033767e+01 
 -8.77153681e+00   6.66601701e-01  -1.05707080e+01 
 -8.36108413e+00  -8.55090954e-01  -7.09270766e+00 
 -1.06329536e+01  -2.14956875e+00   2.87483108e+00 
 -1.01885264e+01  -3.78152425e+00   6.28617872e+00 
 -3.99090293e+00  -2.10429934e+00   8.10143963e+00 
 -1.32504985e+00  -1.68387437e-01   6.15662268e+00 
  2.15282706e+00  -1.58775393e+00   6.03063373e+00 
  5.63945553e+00  -7.31792028e-01   4.98220300e+00 
  6.17409276e+00   3.06899913e+00   5.02341482e+00 
  2.45692205e+00   3.84469535e+00   4.57152881e+00 
  2.53046324e+00   3.38409098e+00   8.27346499e-01 
  1.35493221e+00   6.24471148e+00  -1.26046684e+00 
 -4.80518414e-01   7.85166861e+00   1.61393361e+00 
 -4.03272223e+00   5.67363631e+00  -2.28217746e+00 
 -2.28630046e+00   3.03509058e+00  -1.72308994e-01 
 -1.13305001e+00   6.66752527e-01  -2.93856872e+00 
 -9.57982636e-01  -2.81954392e+00  -1.81195593e+00 
 -1.15293939e+00  -5.88755022e+00   3.88582464e-01 
  6.19538827e-02  -9.32631690e+00   1.46832068e+00 
  1.79938495e+00  -8.90977514e+00   4.79581380e+00 
  1.16564756e-01  -6.41980253e+00   7.06488237e+00 
 -3.01773700e+00  -6.89692524e+00   9.16135558e+00 
 -3.23030525e+00  -1.06071891e+01   8.35756542e+00 
 -6.53270008e+00  -1.23671694e+01   9.02140920e+00 
 -6.24333871e+00  -1.03770533e+01   3.82174761e+00 
 -7.26712979e+00  -6.77780744e+00   2.96968307e+00 
 -5.32672691e+00  -3.65061801e+00   2.07553499e+00 
 -5.68873458e+00  -2.55398902e+00  -1.51156253e+00 
 -6.01889496e+00   1.04109450e+00  -2.59656907e+00 
 -5.71492214e+00   2.81003362e+00  -5.89132920e+00 

   5.270322918700e+00 

 -7.03872587e-01  -9.64005196e-01   1.56843545e-01 
 -1.45824425e+00  -1.68910815e+00   9.06222513e-01 
 -5.26795878e-01  -1.27678927e+00  -2.21045154e+00 
 -2.85574297e-01  -1.95518257e+00  -3.44029264e+00 
 -1.13002679e+00  -2.54895458e+00  -4.38252051e+00 
  7.18809750e-02  -1.52543449e+00  -9.58572010e-01 
 -2.41364689e+00  -2.88665217e+00  -3.98655668e+00 
 -2.90472482e+00  -2.17044349e+00  -2.93532999e+00 
 -1.96815413e+00  -1.59255288e+00  -2.09798257e+00 
  5.32685529e-02  -2.91457137e+00  -9.70065215e-01 
 -1.29308546e+00  -3.34898810e+00  -5.60668890e-01 
 -1.88227848e+00  -4.58525864e+00  -6.38824731e-01 
 -1.69900691e+00  -5.13836716e+00  -1.87199921e+00 
 -3.94836163e-01  -4.98525357e+00  -2.33225187e+00 
  2.08337959e-01  -3.77333406e+00  -2.09495979e+00 
  7.13230596e+00  -1.61376730e-01   6.08480625e+00 
 -4.79810466e+00  -8.99392763e-01   1.34389665e+01 
 -5.83395970e+00  -6.20432075e+00   7.96755715e+00 
 -4.63768134e+00  -2.62464291e+00   7.46209143e+00 
 -3.76722906e+00   7.14595789e-01   8.97285112e+00 
 -8.49916254e+00   3.04492661e+00   2.38653207e+00 
 -1.15081874e+01   1.66389687e+00   5.26564221e-01 
 -9.39528291e+00  -1.23301559e+00  -6.58628233e-01 
 -8.88374364e+00  -2.30824222e+00   2.95529486e+00 
 -1.25708143e+01  -3.14454056e+00   3.08361951e+00 
 -1.36855919e+01  -3.77908371e+00  -4.89591461e-01 
 -1.18289196e+01  -5.36424571e+00  -3.36862738e+00 
 -9.75716185e+00  -1.07704690e+01  -4.56860186e+00 
 -1.25830848e+01  -8.92192400e+00  -3.36684628e-01 
 -6.81046269e+00   2.12719771e+00  -1.07016149e+01 
 -8.09281851e+00   2.46523898e+00  -7.13755060e+00 
 -9.26740548e+00   6.03015132e+00  -7.83140927e+00 
 -1.09280962e+01   7.57221147e+00  -4.73992404e+00 
 -9.48334860e+00   4.99546939e+00  -2.38769315e+00 
 -1.10855106e+01   6.16550198e+00   7.85273017e-01 
  4.15435753e+00   7.18368171e+00   6.74302630e+00 
  3.64548018e+00   4.79758995e+00   9.65954081e+00 
  2.41849069e+00   1.25185669e+00   9.96407095e+00 
  2.86799325e+00  -2.34609479e+00   1.10818609e+01 
  3.24117510e+00  -3.67192099e+00   7.55138294e+00 
  6.01198181e+00  -5.82017539e+00   6.18161215e+00 
  8.70544676e+00  -6.91755955e+00  -2.07903953e-01 
  9.76836466e+00  -1.05106842e+01   1.69111618e-01 
 -7.13942393e+00   1.20715070e+01  -6.40239099e+00 
 -3.71800911e+00   1.04452479e+01  -5.92311193e+00 
  6.02100076e+00   9.96198590e+00  -2.59038981e+00 
  9.41937400e+00   8.28267291e+00  -2.23114875e+00 
  8.13954710e+00   2.74137811e+00   1.25810441e+00 
  4.78821985e+00   1.34365441e+00   2.46301709e+00 
  4.06550162e+00  -2.29358287e+00   1.85122822e+00 
  1.63092666e+00  -4.99366896e+00   2.72920070e+00 
 -6.93786674e-02  -4.24747314e+00   6.08862065e+00 
  5.09607781e-01  -4.76752589e-01   5.82460371e+00 
 -2.49417389e+00   1.11447010e-01   3.61829848e+00 
 -5.02340699e+00   2.58100024e+00   4.81340272e+00 
 -2.61746860e+00   4.17682123e+00   7.23789937e+00 
 -3.80238860e+00   7.56916249e+00   2.80736401e+00 
 -1.54139061e+00   4.64262795e+00   1.92037968e+00 
 -3.31059309e+00   3.40119191e+00  -1.22921772e+00 
 -9.94969670e-01   1.85372492e+00  -3.61614084e+00 
  2.18534845e+00   5.52354421e-01  -5.19254544e+00 
  4.08449078e+00  -1.92579970e+00  -7.36485461e+00 
  6.13133922e+00  -4.10429373e+00  -5.05640071e+00 
  7.61245085e+00  -2.22873106e+00  -2.14623016e+00 
  1.06576268e+01   4.57052679e-02  -2.12307280e+00 
  1.15653474e+01  -8.02668542e-01  -5.71662629e+00 
  1.39803372e+01   1.51429951e+00  -7.51760227e+00 
  8.67113174e+00   3.02161304e+00  -8.30571149e+00 
  6.83334208e+00   5.32757666e+00  -5.84933333e+00 
  4.13370590e+00   4.76143588e+00  -3.25406321e+00 
  7.76872459e-01   6.22721214e+00  -4.13954756e+00 
 -1.49465491e+00   7.94404572e+00  -1.66901797e+00 
 -5.10760252e+00   8.95482642e+00  -1.71285117e+00 

   5.270322918700e+00 

 -1.45767600e+00  -4.63225176e-01  -4.71617781e-01 
 -1.32233861e+00  -1.66890546e+00  -9.01080906e-01 
  5.63708816e-02   1.30286366e+00  -1.03895218e+00 
  8.02750646e-01   2.18940494e+00  -1.86833525e+00 
  2.13022373e+00   2.19436366e+00  -2.30565571e+00 
 -1.19146541e+00   7.09067473e-01  -1.31779162e+00 
  2.83710989e+00   1.00419794e+00  -2.25743653e+00 
  2.38762618e+00   9.81188729e-02  -1.34301043e+00 
  1.06642638e+00   2.24634603e-01  -9.54812309e-01 
 -9.87221716e-01   3.66058415e-01  -2.64850914e+00 
 -2.31218325e-01  -8.97555554e-01  -2.67554565e+00 
  4.11470054e-01  -1.51824142e+00  -3.71637335e+00 
  1.18559707e+00  -6.35585211e-01  -4.41055070e+00 
  5.31615306e-01   5.69536903e-01  -4.64746028e+00 
 -2.25632603e-01   1.07691156e+00  -3.61885831e+00 
 -1.12516788e+01   3.97321435e-01  -1.19799003e+00 
 -7.48280209e+00  -1.27620527e+01   1.89869846e+00 
 -2.33264323e+00  -1.07214154e+01  -3.43639668e+00 
 -3.32921475e+00  -8.71449950e+00  -3.57467517e-01 
 -5.42171051e+00  -8.44721546e+00   2.76352878e+00 
  2.15529727e+00  -6.08198830e+00   5.62637498e+00 
  5.77584018e+00  -6.97883896e+00   4.91343583e+00 
  5.42786846e+00  -5.47397605e+00   1.46735810e+00 
  2.75444071e+00  -8.05117783e+00   6.37273861e-01 
  5.44977595e+00  -1.06998772e+01   8.10225501e-01 
  8.75804249e+00  -8.95490099e+00   1.59348298e-01 
  9.56863807e+00  -6.05516220e+00  -2.11733086e+00 
  9.59101798e+00  -5.17907065e+00  -7.96466636e+00 
  8.53308118e+00  -9.62081107e+00  -5.05540622e+00 
  9.90485566e+00   4.33304859e+00   3.08376278e+00 
  8.37900201e+00   9.94097815e-01   4.07595289e+00 
  9.22993315e+00   1.62361430e+00   7.74328429e+00 
  8.13929528e+00  -1.31694567e+00   9.94708562e+00 
  5.84074146e+00  -2.74438155e+00   7.31289451e+00 
  4.70158194e+00  -5.79809599e+00   9.15157809e+00 
 -1.05063173e+01  -1.86739285e-01   6.69850434e+00 
 -1.17958840e+01  -3.22531268e+00   4.81103606e+00 
 -1.06456207e+01  -5.09669740e+00   1.75403103e+00 
 -1.12534760e+01  -6.50627810e+00  -1.71589057e+00 
 -8.96135872e+00  -4.01291036e+00  -3.41608762e+00 
 -9.75987554e+00  -1.77077864e+00  -6.33222463e+00 
 -7.24555525e+00   4.34656270e+00  -8.68621060e+00 
 -7.79754143e+00   3.87046084e+00  -1.23809526e+01 
  5.92547842e+00   3.41277104e+00   1.31236071e+01 
  3.33607103e+00   4.84625755e+00   1.07110168e+01 
 -5.91215923e+00   8.50176546e+00   8.00983351e+00 
 -8.39668998e+00   9.99530036e+00   5.54111979e+00 
 -9.09932995e+00   5.27556034e+00   8.77522059e-01 
 -7.30152407e+00   1.91706785e+00   5.23597449e-01 
 -5.88487407e+00   1.01429727e+00  -2.83857600e+00 
 -4.35874153e+00  -1.83921455e+00  -4.71390147e+00 
 -5.49706069e+00  -5.19532421e+00  -3.23934859e+00 
 -6.23476298e+00  -3.71165284e+00   2.07066695e-01 
 -2.64316062e+00  -3.87078038e+00   1.35229016e+00 
 -1.94389203e+00  -5.75275457e+00   4.49763338e+00 
 -5.53751055e+00  -5.60034466e+00   5.62725515e+00 
 -2.12897785e+00  -2.28940950e+00   8.78340332e+00 
 -2.78206848e+00  -9.15261128e-01   5.29791248e+00 
  7.93872841e-01  -4.53359966e-02   4.27464389e+00 
  9.34056309e-01   2.79664005e+00   1.95997574e+00 
 -1.33021101e-01   5.65781386e+00  -2.68941088e-01 
  2.86415103e-01   7.84999027e+00  -3.34877102e+00 
 -2.47132212e+00   6.93572436e+00  -5.76194060e+00 
 -5.76007571e+00   6.21207300e+00  -4.07642936e+00 
 -8.28213306e+00   8.69239959e+00  -2.68578197e+00 
 -6.39761800e+00   1.16893262e+01  -4.07299341e+00 
 -7.23479850e+00   1.51110969e+01  -2.64658369e+00 
 -3.05278291e+00   1.26707062e+01   1.16749746e-01 
 -3.68613521e+00   1.02680008e+01   3.04157528e+00 
 -3.41053817e+00   6.51236641e+00   3.44559773e+00 
 -5.72046995e-01   5.37761686e+00   5.64928206e+00 
 -8.23044858e-01   2.54406314e+00   8.12291178e+00 
  1.69171349e+00   5.19877980e-01   1.00348883e+01 

   5.270322918699e+00 

  1.01093464e+00  -2.86614289e-01   6.89968719e-01 
  1.70523748e+00   7.87016468e-01   8.37211012e-01 
  1.00906816e+00  -2.07003635e+00   2.28767906e+00 
  1.53591476e+00  -3.09538203e+00   3.12554143e+00 
  1.84766421e+00  -3.14700468e+00   4.48701341e+00 
  1.52501939e+00  -1.61392059e+00   1.05755974e+00 
  2.02893673e+00  -1.95020071e+00   5.16029499e+00 
  1.39995529e+00  -8.72879874e-01   4.60988411e+00 
  1.10354545e+00  -9.60245895e-01   3.26200382e+00 
  2.87754198e+00  -1.58875413e+00   1.37414952e+00 
  3.14520065e+00  -3.36460660e-01   2.10155056e+00 
  4.24789516e+00   4.59823531e-02   2.82226115e+00 
  4.64262620e+00  -9.42243161e-01   3.67539335e+00 
  4.63584589e+00  -2.19615538e+00   3.07223849e+00 
  3.58173801e+00  -2.47648979e+00   2.23608979e+00 
  2.31761799e+00  -1.71636248e+00  -8.97641877e+00 
  2.17807309e+00   1.19517123e+01  -5.79407723e+00 
  6.41960669e+00   8.92466518e+00  -1.37403690e-01 
  3.04160833e+00   7.66654713e+00  -1.36497733e+00 
  1.32434607e-01   8.05927326e+00  -3.72571271e+00 
 -3.83310312e+00   6.77146408e+00   3.61031434e+00 
 -3.22772017e+00   7.62816199e+00   7.26004508e+00 
 -2.28539992e-01   5.33337088e+00   7.25940124e+00 
  1.41598897e+00   7.52157164e+00   4.61638653e+00 
  1.66296663e+00   1.02490029e+01   7.22607491e+00 
  1.59833402e+00   8.54350191e+00   1.06172841e+01 
  3.03492073e+00   5.22321294e+00   1.16946503e+01 
  8.47691962e+00   2.98343785e+00   1.22668613e+01 
  6.82022816e+00   7.93979733e+00   1.08519560e+01 
 -4.52306412e+00  -3.60560058e+00   1.17855213e+01 
 -4.55250424e+00  -1.95416305e-01   1.01029520e+01 
 -8.32104569e+00   1.02562075e-01   1.06311552e+01 
 -9.65413029e+00   3.43306467e+00   9.28068786e+00 
 -6.57271831e+00   4.09268276e+00   7.19989719e+00 
 -7.52145719e+00   7.44406180e+00   5.83177196e+00 
 -5.23993121e+00   7.60450990e-01  -8.96380440e+00 
 -2.57644355e+00   3.20449915e+00  -1.01431725e+01 
  7.34999242e-01   4.34293987e+00  -8.76159166e+00 
  4.48025211e+00   4.85932007e+00  -9.08283008e+00 
  5.33442296e+00   2.13428447e+00  -6.59166021e+00 
  7.68098838e+00  -7.69297750e-01  -7.07278374e+00 
  8.27674082e+00  -7.15677815e+00  -4.22145164e+00 
  1.20100987e+01  -7.59726185e+00  -4.44615887e+00 
 -1.36810237e+01  -4.96365615e-01   6.89213144e+00 
 -1.14784201e+01  -2.57268167e+00   4.56448118e+00 
 -8.97991661e+00  -7.16066671e+00  -4.31790396e+00 
 -6.74617994e+00  -9.30407969e+00  -6.53472336e+00 
 -1.04198844e+00  -5.86364223e+00  -6.91469951e+00 
 -4.02940929e-02  -2.61143299e+00  -5.16639062e+00 
  3.31105827e+00  -2.47398831e+00  -3.47061690e+00 
  5.68499902e+00  -8.53150242e-02  -1.84362548e+00 
  5.16111085e+00   3.47293224e+00  -3.18450816e+00 
  1.53222704e+00   2.82109527e+00  -4.19918770e+00 
  1.65489207e-01   3.40260532e+00  -7.30709702e-01 
 -2.48119745e+00   6.00694173e+00  -3.61292644e-01 
 -3.31258649e+00   5.97287010e+00  -4.03838383e+00 
 -7.44406023e+00   3.65754820e+00  -8.58467581e-01 
 -4.35002623e+00   1.46707721e+00  -1.16219111e+00 
 -3.86609098e+00   5.33654523e-01   2.51010156e+00 
 -2.32332459e+00  -2.76850301e+00   2.92216394e+00 
 -7.68092405e-01  -6.12090960e+00   2.12487926e+00 
  1.64789872e+00  -8.96247260e+00   2.87014644e+00 
  4.43009374e+00  -8.76803041e+00   3.23390198e-01 
  3.24673190e+00  -7.80667617e+00  -3.11986007e+00 
  1.51383206e+00  -9.99140360e+00  -5.70263332e+00 
  1.97789138e+00  -1.31481956e+01  -3.63463065e+00 
 -1.55771679e-01  -1.61653593e+01  -4.52245711e+00 
 -2.58714692e+00  -1.29599603e+01  -6.63104248e-01 
 -4.78484536e+00  -9.96018968e+00  -1.61190904e+00 
 -4.29443741e+00  -6.20793987e+00  -1.45666978e+00 
 -6.38755498e+00  -4.46045481e+00   1.14449691e+00 
 -8.07689366e+00  -1.13343981e+00   6.07862397e-01 
 -9.64701293e+00   1.39378953e+00   2.89365039e+00 

   5.270322918699e+00 

  2.64762543e+00  -5.12373285e-01  -9.66780003e-01 
  2.44917381e+00  -1.72631981e+00  -5.88136991e-01 
  3.96640360e+00   5.92817537e-02  -2.88180238e+00 
  5.10741022e+00   1.10801427e-01  -3.73407234e+00 
  5.47580041e+00  -6.03804336e-01  -4.87735089e+00 
  3.94615503e+00  -4.82979017e-02  -1.47629273e+00 
  4.85679612e+00  -1.82014270e+00  -5.11370284e+00 
  3.62758248e+00  -1.96724348e+00  -4.54222655e+00 
  3.36490419e+00  -1.17101647e+00  -3.44254679e+00 
  4.94996064e+00  -9.93687503e-01  -1.30660891e+00 
  4.36146214e+00  -2.32185923e+00  -1.54872817e+00 
  4.97205652e+00  -3.53602390e+00  -1.73473964e+00 
  5.99195136e+00  -3.43881685e+00  -2.63507408e+00 
  6.78324224e+00  -2.31481590e+00  -2.41916155e+00 
  6.13103079e+00  -1.15194041e+00  -2.08567051e+00 
  3.83235507e+00   3.73395971e+00   7.85114040e+00 
 -5.20942650e+00  -6.97997022e+00   8.49993148e+00 
  3.81407599e-01  -9.73437254e+00   3.99355611e+00 
 -1.35606051e+00  -6.36307468e+00   3.65263637e+00 
 -3.94370050e+00  -3.93985202e+00   4.92649207e+00 
 -5.43985444e+00  -3.76773933e+00  -3.37610605e+00 
 -5.29049680e+00  -6.23734627e+00  -6.25702398e+00 
 -1.53915955e+00  -6.41234680e+00  -5.85954183e+00 
 -1.99942934e+00  -7.79617366e+00  -2.34508600e+00 
 -3.45034340e+00  -1.09180648e+01  -3.91320486e+00 
 -2.09313374e+00  -1.11102117e+01  -7.45358225e+00 
  1.27818180e+00  -1.01036727e+01  -8.82103571e+00 
  6.83616961e+00  -1.19932263e+01  -8.11553696e+00 
  2.17779668e+00  -1.38633510e+01  -6.08716866e+00 
  1.64760184e+00   4.25105433e-01  -1.37289579e+01 
 -7.93571152e-01  -1.22002494e+00  -1.13215769e+01 
 -3.73001818e+00   5.71840859e-01  -1.29757203e+01 
 -7.05280084e+00  -3.88989485e-01  -1.13237382e+01 
 -5.38454699e+00  -1.79349428e+00  -8.24085305e+00 
 -8.43952137e+00  -2.98767529e+00  -6.43955439e+00 
 -3.39890802e+00   6.46103304e+00   5.97411638e+00 
 -3.16847277e+00   3.69071883e+00   8.56847678e+00 
 -1.38787772e+00   3.77402225e-01   8.71639714e+00 
  1.00014342e+00  -2.05122378e+00   1.03884894e+01 
  3.65046963e+00  -1.70298964e+00   7.70225444e+00 
  7.29323906e+00  -8.71935670e-01   8.15856464e+00 
  1.22410814e+01   2.01627677e+00   4.10122479e+00 
  1.52705266e+01   2.17501799e-01   5.43139425e+00 
 -7.56250228e+00   5.69869951e+00  -1.15280452e+01 
 -4.72262798e+00   6.81008725e+00  -9.23012495e+00 
 -4.78202580e-01   1.22168918e+01  -1.55287220e+00 
  2.43815295e+00   1.33103010e+01   6.37427731e-01 
  4.30065519e+00   7.72687111e+00   3.77990907e+00 
  2.98745755e+00   4.15574677e+00   3.38063048e+00 
  5.49392271e+00   1.38174094e+00   2.99510966e+00 
  5.76262960e+00  -2.34824241e+00   2.93614613e+00 
  2.88378984e+00  -3.94719120e+00   4.90824988e+00 
  5.70442540e-01  -9.36968712e-01   4.44972117e+00 
 -5.62216936e-01  -1.97957492e+00   1.00493951e+00 
 -4.23361618e+00  -2.38010104e+00   4.71653644e-01 
 -5.10421655e+00  -3.36092631e-01   3.51754478e+00 
 -6.34988373e+00   2.37615907e+00  -1.34390172e+00 
 -2.62189590e+00   2.19923052e+00  -6.12970453e-01 
 -1.35770795e+00   1.03214914e+00  -4.02338898e+00 
  2.02882978e+00   2.24063455e+00  -4.74802206e+00 
  5.36591471e+00   3.98013375e+00  -4.38601838e+00 
  9.11186880e+00   4.21671793e+00  -5.00146332e+00 
  1.08365641e+01   3.50468882e+00  -1.71774211e+00 
  9.05578053e+00   4.96875226e+00   1.25981525e+00 
  9.04935492e+00   8.57803611e+00   2.45133625e+00 
  1.16699712e+01   9.63127177e+00  -9.43240771e-02 
  1.20569854e+01   1.33475581e+01  -7.89642129e-01 
  8.40706843e+00   1.09507035e+01  -4.25575913e+00 
  4.70011728e+00   1.05607452e+01  -3.34187815e+00 
  2.55257518e+00   7.60738627e+00  -2.33703407e+00 
  3.51716161e-02   6.54552629e+00  -4.93242345e+00 
 -3.48557544e+00   5.45796070e+00  -4.13718018e+00 
 -6.16555991e+00   3.67925247e+00  -6.06872612e+00 

   5.270322918699e+00 

  1.69349529e-01   5.71566744e-01   5.38463666e-02 
  1.81682063e-02   1.83989030e+00  -1.04012078e-01 
  9.36925946e-01  -8.79131944e-01  -1.68959156e+00 
  1.79934398e+00  -1.38500201e+00  -2.70509394e+00 
  1.79879817e+00  -1.27345341e+00  -4.09829715e+00 
  1.29974422e+00  -1.65708635e-01  -5.29061142e-01 
  1.07412536e+00  -2.40437792e-01  -4.66946755e+00 
  4.43998884e-02   2.34771529e-01  -3.91247910e+00 
  1.38742135e-01   2.30003409e-02  -2.54920164e+00 
  2.25903528e+00   6.79405378e-01  -1.07286511e+00 
  1.55603087e+00   1.80776427e+00  -1.70657116e+00 
  2.02533155e+00   2.76768171e+00  -2.56676706e+00 
  2.76071428e+00   2.20901517e+00  -3.57043072e+00 
  3.64011011e+00   1.23670664e+00  -3.10415109e+00 
  3.16883079e+00   3.90474809e-01  -2.12913163e+00 
  3.96904697e+00   5.39526455e-01   9.15065466e+00 
 -5.10470970e+00   1.11065852e+01   7.42808444e+00 
 -1.13181918e+00   1.11767579e+01   8.43041259e-01 
 -2.71198081e+00   8.13911550e+00   2.50932122e+00 
 -4.71316431e+00   6.72236617e+00   5.36916091e+00 
 -8.43185013e+00   3.04561132e+00  -1.25308072e+00 
 -9.21668642e+00   3.98493585e+00  -4.84789028e+00 
 -5.51646743e+00   4.03144249e+00  -5.60112663e+00 
 -5.06229426e+00   6.84506387e+00  -3.08011764e+00 
 -7.05543429e+00   9.06491788e+00  -5.40605690e+00 
 -6.74077912e+00   7.58373035e+00  -8.88747704e+00 
 -3.82897002e+00   5.82768669e+00  -1.05265306e+01 
  1.59780420e+00   7.40805875e+00  -1.22620177e+01 
 -2.41307415e+00   1.03246963e+01  -1.00898845e+01 
 -4.26328370e+00  -5.78140606e+00  -1.01805856e+01 
 -6.02973590e+00  -3.06838947e+00  -8.18547898e+00 
 -9.20795904e+00  -5.17539224e+00  -8.01479978e+00 
 -1.19921838e+01  -3.33936904e+00  -6.12529313e+00 
 -9.61567789e+00  -8.57553058e-01  -4.55918500e+00 
 -1.21142306e+01   1.23259955e+00  -2.71741677e+00 
 -3.34185052e+00  -2.17732562e+00   1.07065488e+01 
 -2.55343295e+00   1.42303014e+00   1.16415799e+01 
 -9.82051055e-01   4.32094308e+00   9.82407458e+00 
  1.64060156e+00   7.04778825e+00   9.53637624e+00 
  3.46103913e+00   5.35856892e+00   6.67387746e+00 
  7.12741309e+00   4.53783621e+00   6.44422852e+00 
  1.09106601e+01  -2.01303889e-01   2.90692521e+00 
  1.40883125e+01   1.76296083e+00   2.43082664e+00 
 -1.22103604e+01  -8.84360495e+00  -3.47627819e+00 
 -8.79096036e+00  -9.04810736e+00  -1.78915395e+00 
 -2.30760458e+00  -1.08511493e+01   6.01494944e+00 
  1.15451044e+00  -1.10924737e+01   7.58134950e+00 
  3.50916304e+00  -4.85577029e+00   7.30218212e+00 
  1.94671747e+00  -1.73205524e+00   5.74076975e+00 
  4.09639282e+00   3.94111254e-01   3.50818958e+00 
  4.13740090e+00   3.68926879e+00   1.73937332e+00 
  1.83326257e+00   6.20346633e+00   3.50099362e+00 
 -3.51415100e-01   3.48142154e+00   5.06333778e+00 
 -2.44545015e+00   2.99266410e+00   1.96291857e+00 
 -6.13739886e+00   3.39618672e+00   2.32440382e+00 
 -6.02202778e+00   2.96502967e+00   6.06795311e+00 
 -8.41371255e+00  -1.49919442e+00   3.44265212e+00 
 -4.64394512e+00  -1.30316278e+00   2.98017774e+00 
 -4.43510221e+00  -1.84703332e+00  -7.94977112e-01 
 -1.32035583e+00  -3.50362403e+00  -1.79908371e+00 
  2.07548796e+00  -5.15627924e+00  -1.62583334e+00 
  5.51302349e+00  -5.92165853e+00  -3.06265644e+00 
  8.03637567e+00  -3.97649265e+00  -1.03450267e+00 
  7.22825758e+00  -3.84906959e+00   2.64125957e+00 
  7.74512926e+00  -6.55999969e+00   5.25476203e+00 
  9.61377628e+00  -8.81695048e+00   2.83161262e+00 
  9.99303800e+00  -1.24798623e+01   3.77143637e+00 
  5.40465740e+00  -1.15740237e+01   7.37133683e-01 
  2.07869532e+00  -1.05435122e+01   2.35105905e+00 
  1.36459002e-01  -7.29504667e+00   2.48950594e+00 
 -3.05295107e+00  -7.28962435e+00   4.82381790e-01 
 -6.27049229e+00  -5.70025972e+00   1.63659976e+00 
 -9.47119230e+00  -4.74963841e+00  -7.47821266e-02 

   5.270322918699e+00 

  5.31385463e-01  -1.12372648e+00  -1.89939041e+00 
  1.09714325e+00  -2.27498319e+00  -1.79476808e+00 
  1.38991004e+00   6.32470040e-01  -3.28213602e+00 
  1.84496436e+00   1.27969703e+00  -4.46743650e+00 
  3.11813503e+00   1.54483609e+00  -4.97948757e+00 
  4.40051271e-01  -4.04046629e-01  -3.17800970e+00 
  4.18240452e+00   7.99987347e-01  -4.49882304e+00 
  4.00673179e+00   2.71818000e-01  -3.25408765e+00 
  2.69809542e+00   9.87923637e-02  -2.84201254e+00 
  8.38340601e-01  -1.18585096e+00  -4.25519464e+00 
  1.97874113e+00  -2.00782964e+00  -3.81607049e+00 
  2.86303685e+00  -2.75406393e+00  -4.55280454e+00 
  3.33628136e+00  -2.04375262e+00  -5.61663454e+00 
  2.32933738e+00  -1.34816422e+00  -6.27872080e+00 
  1.37691291e+00  -7.40967752e-01  -5.49572941e+00 
 -8.89908851e+00  -3.99207657e+00  -2.07078742e+00 
 -1.10163541e+00  -1.25041883e+01   5.91086139e+00 
  3.39738845e+00  -1.13081280e+01  -2.11213508e-01 
  1.57201134e+00  -8.65320409e+00   1.81857679e+00 
 -6.93082385e-01  -7.81349690e+00   4.70905069e+00 
  5.41684411e+00  -2.07083130e+00   5.65341548e+00 
  9.16614672e+00  -1.91201397e+00   5.07164125e+00 
  8.56177303e+00  -2.21526969e+00   1.35627898e+00 
  6.98598185e+00  -5.63327593e+00   1.91515314e+00 
  1.04027025e+01  -6.88665547e+00   2.94734134e+00 
  1.29571245e+01  -4.58138398e+00   1.34301531e+00 
  1.28863249e+01  -2.82763673e+00  -1.99886682e+00 
  1.30056797e+01  -4.54931079e+00  -7.65403814e+00 
  1.33256164e+01  -7.41790856e+00  -3.07355015e+00 
  9.31928621e+00   8.22901048e+00  -1.67309326e+00 
  8.95539880e+00   5.32337026e+00   7.53036105e-01 
  9.29128012e+00   7.68642764e+00   3.73176704e+00 
  9.11819497e+00   5.77357420e+00   7.04901853e+00 
  7.62554263e+00   2.68857561e+00   5.46325111e+00 
  7.47012566e+00   5.10087616e-01   8.50194313e+00 
 -8.53630489e+00  -9.02235420e-01   5.24854204e+00 
 -8.58556160e+00  -4.69055683e+00   4.92505834e+00 
 -6.66355556e+00  -7.17050436e+00   2.84510182e+00 
 -6.51971009e+00  -1.00257050e+01   3.50327393e-01 
 -5.10172680e+00  -7.87382656e+00  -2.42817880e+00 
 -6.41516842e+00  -7.48372708e+00  -5.93407845e+00 
 -5.97596299e+00  -2.48085319e+00  -1.08395114e+01 
 -6.08169633e+00  -4.62594286e+00  -1.39330355e+01 
  5.21910969e+00   1.03544531e+01   8.13261300e+00 
  2.46641271e+00   9.67494116e+00   5.57499118e+00 
 -7.26811939e+00   8.51058281e+00   2.40134239e+00 
 -9.93904114e+00   7.89316165e+00  -2.41204692e-01 
 -8.67839388e+00   1.71456322e+00  -2.42168227e+00 
 -5.82670818e+00  -6.60124622e-01  -1.49131309e+00 
 -3.96330254e+00  -2.36362296e+00  -4.27553920e+00 
 -1.43500856e+00  -5.04606090e+00  -4.90855742e+00 
 -1.46221243e+00  -7.63258900e+00  -2.07259530e+00 
 -2.89184069e+00  -5.17644615e+00   4.86074095e-01 
  4.53756459e-01  -3.62201461e+00   1.27802624e+00 
  1.53618411e+00  -3.64537417e+00   4.84899139e+00 
 -1.96311043e+00  -4.24635324e+00   6.11671774e+00 
 -1.04651376e-01   1.01771919e+00   7.29031462e+00 
 -9.48152079e-01   4.85349105e-01   3.62036283e+00 
  2.17994619e+00   1.98632355e+00   2.02246370e+00 
  1.50247003e+00   3.45041531e+00  -1.27171742e+00 
 -3.19806954e-01   4.56172290e+00  -4.39218886e+00 
 -4.62686503e-01   5.24940468e+00  -8.13031616e+00 
 -2.57543162e+00   2.53577945e+00  -9.69138324e+00 
 -5.52869850e+00   1.53378661e+00  -7.58075663e+00 
 -8.83157161e+00   3.36320672e+00  -7.14378434e+00 
 -7.98825864e+00   5.93447411e+00  -9.81487566e+00 
 -1.00329808e+01   9.13732014e+00  -9.88501616e+00 
 -5.46793232e+00   9.65120394e+00  -6.72637262e+00 
 -5.44367492e+00   8.64902095e+00  -3.02181144e+00 
 -3.93627749e+00   5.74880710e+00  -1.10857061e+00 
 -1.03729442e+00   6.67537590e+00   1.11365368e+00 
 -4.77396986e-01   5.24825864e+00   4.55759354e+00 
  2.43991662e+00   5.19399180e+00   6.91626389e+00 

   5.270322918699e+00 

  2.16536738e+00  -1.49173563e+00  -4.83286798e-01 
  3.41028337e+00  -1.28161264e+00  -2.33382339e-01 
  1.34923851e+00  -2.06718729e+00  -2.65953704e+00 
  1.22583928e+00  -2.80329832e+00  -3.87355007e+00 
  1.74243904e+00  -2.61532542e+00  -5.15855958e+00 
  1.71254830e+00  -2.55767170e+00  -1.38876097e+00 
  2.84510949e+00  -1.78976660e+00  -5.30374250e+00 
  3.00384145e+00  -8.54715475e-01  -4.32411323e+00 
  2.40702071e+00  -1.13478722e+00  -3.10853200e+00 
  2.74460672e+00  -3.40997347e+00  -1.76107389e+00 
  3.95806967e+00  -2.59465653e+00  -1.93928245e+00 
  5.15882182e+00  -2.91614645e+00  -2.51933426e+00 
  4.97282173e+00  -3.52960386e+00  -3.72320750e+00 
  3.96961328e+00  -4.49271511e+00  -3.67708655e+00 
  2.84326527e+00  -4.18088597e+00  -2.95391424e+00 
 -2.81328945e-01  -6.45844541e+00   7.67368074e+00 
  9.66987999e+00   3.08793278e+00   1.02819642e+01 
  1.19511005e+01   2.34451644e-02   3.60689676e+00 
  8.45570670e+00   1.27439044e+00   4.45426253e+00 
  6.12459107e+00   2.83534245e+00   6.96820881e+00 
  4.31310801e+00   7.27955568e+00   2.78390304e-02 
  6.21281482e+00   8.56104544e+00  -3.00033737e+00 
  6.73506498e+00   4.99593999e+00  -4.13101254e+00 
  8.70579776e+00   4.30070804e+00  -9.51218580e-01 
  1.13687031e+01   6.65166513e+00  -2.25209849e+00 
  1.10040265e+01   6.75348121e+00  -6.02964465e+00 
  1.00145173e+01   4.03032863e+00  -8.44917559e+00 
  1.24075303e+01  -1.06790923e+00  -1.02494060e+01 
  1.42701825e+01   2.70990503e+00  -6.84782853e+00 
 -1.18249551e+00   4.05344052e+00  -1.15645744e+01 
  6.93546787e-01   5.62461184e+00  -8.65370700e+00 
 -1.58494398e+00   8.68530404e+00  -8.75538039e+00 
 -5.84135106e-01   1.12514725e+01  -6.08961878e+00 
  1.48461287e+00   8.76743217e+00  -4.13777072e+00 
  2.76147259e+00   1.10647866e+01  -1.47405046e+00 
 -3.83506854e+00   4.94820627e-01   9.18177234e+00 
 -6.24245823e-01  -2.97654242e-01   1.10582179e+01 
  2.78189675e+00  -1.52428434e+00   1.00266960e+01 
  5.64719664e+00  -3.99978905e+00   1.02689657e+01 
  5.00616900e+00  -5.47803509e+00   6.83891812e+00 
  4.54527462e+00  -9.10574876e+00   5.94678097e+00 
  1.33183196e+00  -1.25345320e+01   7.31212586e-01 
  3.56418409e+00  -1.55587760e+01   5.00924795e-01 
 -6.62570117e+00   1.09464540e+01  -5.21329839e+00 
 -7.08084991e+00   7.32952972e+00  -4.07698639e+00 
 -1.06491064e+01  -1.80488759e-01   2.01038250e+00 
 -1.11008405e+01  -3.82493927e+00   3.01636646e+00 
 -4.91122098e+00  -5.92675075e+00   4.35419713e+00 
 -1.58216669e+00  -4.07530821e+00   3.99867145e+00 
  1.25066234e+00  -5.84411130e+00   2.27457239e+00 
  4.91518009e+00  -5.54857435e+00   1.58724176e+00 
  6.63327287e+00  -3.42004945e+00   4.28002614e+00 
  3.42746017e+00  -1.54662538e+00   5.19452650e+00 
  3.72979606e+00   9.22209908e-01   2.35728996e+00 
  3.75243408e+00   4.54486229e+00   3.25164148e+00 
  2.24694293e+00   3.92283340e+00   6.65163333e+00 
 -1.40041847e+00   6.50003575e+00   3.10248682e+00 
 -8.16470150e-01   2.83228884e+00   2.28389385e+00 
 -2.08568543e-01   3.10691182e+00  -1.47725524e+00 
 -1.27624042e+00   1.01956673e-01  -3.28957123e+00 
 -2.66745381e+00  -3.33683279e+00  -4.01915487e+00 
 -2.73589784e+00  -6.57670467e+00  -6.01050170e+00 
 -1.30456702e+00  -9.28395355e+00  -3.79996336e+00 
 -2.32160290e+00  -8.96468596e+00  -1.88284271e-01 
 -5.63943236e+00  -9.90628460e+00   1.40924293e+00 
 -6.94764411e+00  -1.15079853e+01  -1.78144015e+00 
 -1.06894474e+01  -1.21218984e+01  -2.03844104e+00 
 -9.24996987e+00  -7.14707968e+00  -4.10238278e+00 
 -8.97325537e+00  -4.03287810e+00  -1.87664461e+00 
 -6.05221168e+00  -2.02572054e+00  -5.41429222e-01 
 -5.67665250e+00   1.39939333e+00  -2.06735963e+00 
 -4.72438033e+00   4.48427886e+00  -1.21201986e-01 
 -3.53579717e+00   7.91096207e+00  -1.08146322e+00 

   5.270322918700e+00 

  1.48746029e+00   1.85278222e-01   1.30233227e+00 
  2.49039278e+00   3.07596635e-01   2.09956770e+00 
 -2.66028711e-01  -1.40890595e+00   1.64457375e+00 
 -8.76330946e-01  -2.68174028e+00   1.84037566e+00 
 -1.33713631e+00  -3.35285716e+00   2.97647387e+00 
  9.22381513e-01  -1.12317907e+00   9.42090958e-01 
 -8.63861904e-01  -2.94381015e+00   4.21227298e+00 
 -4.30151087e-01  -1.65239122e+00   4.26991020e+00 
 -4.29555377e-02  -1.08294718e+00   3.07070796e+00 
  1.70798472e+00  -2.17951410e+00   1.38612215e+00 
  2.24548647e+00  -1.81472311e+00   2.70786788e+00 
  2.86918369e+00  -2.59146938e+00   3.65088888e+00 
  2.18238556e+00  -3.75054654e+00   3.86322183e+00 
  1.76289592e+00  -4.34233089e+00   2.67580559e+00 
  1.28396013e+00  -3.50199520e+00   1.69941842e+00 
  6.15391238e+00   1.29325178e+00  -7.31087085e+00 
  1.21865428e+01   8.92967747e+00   2.80127094e+00 
  1.07082141e+01   2.26603262e+00   6.34555628e+00 
  8.28531669e+00   4.29352350e+00   4.21964002e+00 
  7.64011024e+00   7.35455713e+00   2.12097881e+00 
  7.47465602e-01   7.18271238e+00   6.98545761e+00 
 -8.89673096e-02   6.16889175e+00   1.05482517e+01 
  6.72800213e-01   2.57778158e+00   9.66237000e+00 
  4.26611003e+00   3.55673942e+00   8.88263228e+00 
  4.72257353e+00   4.28170078e+00   1.25672523e+01 
  2.12103313e+00   2.23576333e+00   1.44271819e+01 
  7.35366507e-01  -1.19401478e+00   1.36752721e+01 
  2.92086922e+00  -6.68736499e+00   1.35974829e+01 
  5.23010921e+00  -1.97824480e+00   1.49404946e+01 
 -9.38738801e+00  -1.26230408e+00   7.96523543e+00 
 -6.70649574e+00   1.39237823e+00   8.44140907e+00 
 -9.35730253e+00   4.13570346e+00   8.57211659e+00 
 -7.76617142e+00   7.58023707e+00   9.11673952e+00 
 -4.31383143e+00   6.40061331e+00   8.14220270e+00 
 -2.44085528e+00   9.58624243e+00   8.73155918e+00 
  2.38283847e+00   8.28233677e+00  -6.88307828e+00 
  6.12048571e+00   8.24022038e+00  -6.18546352e+00 
  8.35831463e+00   6.13944102e+00  -4.00617144e+00 
  1.13501362e+01   3.85662515e+00  -3.52190193e+00 
  9.23105293e+00   7.87315382e-01  -2.85094911e+00 
  9.43561847e+00  -2.56562528e+00  -4.54935445e+00 
  4.92451226e+00  -7.83668056e+00  -5.62211658e+00 
  7.32812351e+00  -1.07355970e+01  -5.58447559e+00 
 -1.15736198e+01   8.76698223e+00   4.48462695e+00 
 -1.01311764e+01   6.59422520e+00   1.69554284e+00 
 -6.78778420e+00   4.63904490e+00  -7.85369226e+00 
 -5.41405959e+00   2.36837342e+00  -1.05840803e+01 
  5.73176930e-01   5.09486914e-01  -8.30015113e+00 
  2.24453963e+00   1.27849445e+00  -4.94574886e+00 
  3.80178746e+00  -1.56941807e+00  -3.05089380e+00 
  5.98308673e+00  -2.29069337e+00  -9.95972612e-02 
  8.24813001e+00   7.08870623e-01   6.78698040e-01 
  5.89218104e+00   3.22979679e+00  -9.69846594e-01 
  3.64436369e+00   3.52256712e+00   2.04645389e+00 
  3.12108091e+00   6.93981125e+00   3.45094848e+00 
  4.27594839e+00   8.63679625e+00   2.88688025e-01 
 -1.33664520e+00   9.20950583e+00   1.13275860e+00 
 -3.08556891e-01   5.70705739e+00   6.53566987e-02 
 -2.23820851e+00   3.66024784e+00   2.64958191e+00 
 -3.22654575e+00   3.67512372e-01   1.37081276e+00 
 -3.66210532e+00  -2.59764308e+00  -9.33787212e-01 
 -3.95602289e+00  -6.33510071e+00  -1.57561232e+00 
 -7.46797364e-01  -7.44655644e+00  -3.22785985e+00 
  6.13583817e-01  -4.94747424e+00  -5.69453186e+00 
 -5.64766876e-01  -4.27104285e+00  -9.24426758e+00 
 -2.99047485e+00  -7.19883936e+00  -9.20863068e+00 
 -5.70893622e+00  -7.26674351e+00  -1.18636990e+01 
 -7.40153012e+00  -4.69236794e+00  -7.21735752e+00 
 -6.77421496e+00  -9.52046584e-01  -6.62981639e+00 
 -4.41792141e+00   9.81451748e-01  -4.38183001e+00 
 -6.09888395e+00   2.78744881e+00  -1.53338256e+00 
 -5.13755656e+00   6.23927550e+00  -3.62223816e-01 
 -5.87747855e+00   8.24903584e+00   2.71842031e+00 

   5.270322918698e+00 

  8.30250027e-01  -1.52615682e-01  -8.91309379e-01 
  9.52482448e-01   1.02512811e+00  -1.39568873e+00 
 -3.63227672e-01  -1.92124444e+00  -1.97797371e+00 
 -7.11870203e-01  -2.84465607e+00  -3.00592011e+00 
 -1.71297274e+00  -2.85150108e+00  -3.98121772e+00 
  9.06921552e-01  -1.37178297e+00  -1.70917300e+00 
 -2.31369034e+00  -1.64685684e+00  -4.30752766e+00 
 -2.26797243e+00  -6.92516728e-01  -3.33473025e+00 
 -1.25711561e+00  -8.19904217e-01  -2.39973623e+00 
  1.32147201e+00  -1.11180529e+00  -3.00945733e+00 
  7.12968031e-01   1.62215989e-01  -3.42848602e+00 
  6.19845935e-01   7.26775194e-01  -4.67517073e+00 
  1.87324829e-01  -1.83437373e-01  -5.59423296e+00 
  8.22371465e-01  -1.41418755e+00  -5.45966930e+00 
  1.02897912e+00  -1.86877385e+00  -4.17922405e+00 
  9.90372273e+00  -1.25357016e+00   2.80336797e+00 
  5.77489305e+00   1.21514752e+01   3.27300991e+00 
  3.38865995e+00   9.87218256e+00  -3.67409696e+00 
  2.84381446e+00   8.04972810e+00  -3.75237446e-01 
  3.34547287e+00   7.94377320e+00   3.35674722e+00 
 -4.82112291e+00   5.92076181e+00   2.71225280e+00 
 -7.71916814e+00   6.84149064e+00   4.37489837e-01 
 -5.96913047e+00   5.10963871e+00  -2.42593564e+00 
 -3.08558834e+00   7.57375510e+00  -2.12337986e+00 
 -5.45897201e+00   1.02813081e+01  -3.28379319e+00 
 -8.22625726e+00   8.56409860e+00  -5.23482737e+00 
 -8.09289318e+00   5.53953558e+00  -7.48938959e+00 
 -5.59596474e+00   4.28663946e+00  -1.27004326e+01 
 -5.71237073e+00   8.88574873e+00  -9.84618554e+00 
 -1.11516799e+01  -4.48067344e+00  -2.45763288e+00 
 -1.00604779e+01  -1.11548655e+00  -1.06262096e+00 
 -1.24579858e+01  -1.48871513e+00   1.88396194e+00 
 -1.23060825e+01   1.56626435e+00   4.19418919e+00 
 -9.02340459e+00   2.77372136e+00   2.77082739e+00 
 -8.66297209e+00   5.91694477e+00   4.76928896e+00 
  5.80744983e+00  -1.43811519e-01   9.52945881e+00 
  7.93209952e+00   2.73962101e+00   8.25269434e+00 
  8.32304331e+00   4.43134313e+00   4.91267857e+00 
  1.04520870e+01   5.60048886e+00   1.99771152e+00 
  9.02163774e+00   3.04829130e+00  -4.10909801e-01 
  1.09102978e+01   6.06259806e-01  -2.56453096e+00 
  9.39817235e+00  -5.59953390e+00  -5.47769464e+00 
  1.15320813e+01  -5.37518372e+00  -8.57262273e+00 
 -1.19267426e+01  -2.99065492e+00   8.25030583e+00 
 -8.61248968e+00  -4.62895166e+00   7.29520492e+00 
  7.04996710e-01  -8.63563355e+00   9.11724764e+00 
  3.94682687e+00  -1.03353895e+01   8.06869908e+00 
  6.83665422e+00  -5.94302837e+00   3.96079761e+00 
  5.53269414e+00  -2.57938788e+00   2.68704285e+00 
  5.77295929e+00  -1.86852978e+00  -9.95762560e-01 
  5.35502788e+00   8.87196064e-01  -3.48970807e+00 
  5.88800522e+00   4.30851617e+00  -1.83318984e+00 
  4.97420720e+00   3.03709752e+00   1.65561103e+00 
  1.25516110e+00   3.34175087e+00   1.09672972e+00 
 -6.61329353e-01   5.43734291e+00   3.51737957e+00 
  2.06480641e+00   5.28690264e+00   6.11717181e+00 
 -2.53037855e+00   2.25627423e+00   7.61424386e+00 
 -4.83021109e-01   6.46195533e-01   4.84306513e+00 
 -3.28722123e+00  -2.16796953e-01   2.39706630e+00 
 -2.53248642e+00  -3.19956140e+00   4.00153804e-01 
 -7.31949422e-01  -6.21998829e+00  -9.88416664e-01 
  1.36825055e-01  -8.59851296e+00  -3.82650895e+00 
  3.71140112e+00  -7.89786258e+00  -4.82444644e+00 
  5.96123334e+00  -7.13212621e+00  -1.90341538e+00 
  7.50288301e+00  -9.56682144e+00   5.74944734e-01 
  6.27822859e+00  -1.26092432e+01  -1.34890890e+00 
  6.24743568e+00  -1.59472991e+01   4.67809437e-01 
  1.39620122e+00  -1.32499150e+01   9.87824888e-01 
  7.97102836e-01  -1.06756657e+01   3.77045930e+00 
  5.47077833e-01  -6.89698720e+00   3.82572278e+00 
 -2.91334871e+00  -5.56532256e+00   4.49879841e+00 
 -3.63848632e+00  -2.58285993e+00   6.68739674e+00 
 -6.63932857e+00  -3.89185310e-01   7.19703079e+00 

   5.270322918699e+00 

