 -3.06354015e+00  -1.93809861e+00   1.74039166e+00 
  3.52497706e+00   1.72237822e+00   2.65281115e-01 
  3.66954781e+00   3.03381099e+00   8.30514589e-01 
  4.61356502e+00   1.61855547e+00  -7.48614542e-01 
  5.40146581e+00   2.88040714e+00  -8.13210713e-01 
  4.66539147e+00   3.78021735e+00   1.11306357e-01 
  3.48260086e+00   6.42114958e-01   1.26695140e+00 
  2.74662658e+00   6.35765826e+00   1.59612344e+00 
  1.96020488e+00   6.02266694e+00   3.68165971e-01 
  6.17347060e-01   6.61536804e+00   6.23397053e-01 
  2.70653541e+00   3.80760625e+00   1.53346024e+00 
  3.02693784e+00   5.03152204e+00   2.29821160e+00 
  2.47464582e+00   6.54642168e+00  -9.22375648e-01 
  4.29450082e+00   5.97436785e-01   2.21136505e+00 
  2.60443817e+00  -4.51539364e-01   1.07952371e+00 
  2.26869629e+00  -1.41996615e+00   2.08682496e+00 
  9.29291638e-01  -1.53062300e+00   2.67126738e+00 
  7.01042861e-01  -1.23043506e+00   4.01106342e+00 
 -5.80202227e-01  -7.73990450e-01   4.32629185e+00 
 -1.73094919e+00  -1.40642372e+00   3.85981184e+00 
 -1.52378101e+00  -2.12801760e+00   2.68462070e+00 
 -2.48265621e-01  -2.01844430e+00   2.11434003e+00 
  1.53195479e+00   3.39542149e+00   1.51259973e+00 
  7.40362903e+00  -8.03211390e+00  -1.59889050e+00 
  4.66817576e+00  -1.04590614e+01  -2.41638230e+00 
  2.53953000e+00  -3.90387996e+00  -7.26819685e+00 
  4.37304345e+00  -1.23098145e+00  -9.25080043e+00 
  5.61276118e+00   2.34933836e-01  -5.92593791e+00 
  7.46674061e+00  -3.03916545e+00  -5.26508268e+00 
  9.71046340e+00  -2.24473066e+00  -8.20523278e+00 
  9.59140468e+00   1.52047667e+00  -8.67399476e+00 
  9.33858343e+00   4.27453620e+00  -6.11372965e+00 
  1.10340727e+01   9.12950529e+00  -3.60015553e+00 
  1.28865682e+01   6.31851749e+00  -1.88710636e+00 
  1.53429526e+01   5.69971441e+00  -4.73767127e+00 
  1.36837045e+01   2.38510972e+00  -5.51668778e+00 
  3.87547883e+00   7.29037936e+00  -7.67605682e+00 
  4.89350830e-01   1.13990917e+01  -5.69039976e+00 
 -1.54083740e+00   8.41719493e+00  -4.63515191e+00 
 -1.49133787e-01   5.19655364e+00  -6.13026729e+00 
 -2.95309959e+00   5.11165705e+00  -8.69028769e+00 
 -2.58372683e+00   2.12480976e+00  -1.10617148e+01 
 -2.04960538e-01   3.21150682e-01  -8.69530114e+00 
 -4.80824990e+00  -1.15508471e+01   1.81864937e+00 
 -1.64217398e+00  -1.36285856e+01   2.25478622e+00 
  1.99825107e+00  -1.27702669e+01   2.75311099e+00 
  5.24837641e+00  -1.30195665e+01   4.69478843e+00 
  5.13978589e+00  -9.41732645e+00   5.85642335e+00 
  5.44755690e+00  -8.10414138e+00   9.38113034e+00 
  3.25364225e+00  -2.32985330e+00   1.27456953e+01 
  6.06396253e+00  -1.95723098e+00   1.52210183e+01 
 -5.44444694e+00   1.05687655e+01  -1.95168906e-02 
 -8.53686244e+00   1.79452855e+00  -9.62901203e+00 
 -8.40008804e+00   1.11515190e+00  -5.86804923e+00 
 -1.06893016e+01  -5.15314947e-01  -3.34070993e+00 
 -1.02807304e+01  -8.42226310e-01   4.41310098e-01 
 -1.08446529e+01  -3.75328599e+00   2.81586981e+00 
 -1.06886982e+01  -4.33565080e+00   6.56007594e+00 
 -4.41541607e+00  -6.06709615e+00   7.77086338e+00 
 -1.50594593e+00  -6.37005488e+00   5.41198236e+00 
  1.77470779e+00  -4.69896408e+00   6.49287501e+00 
  5.51000945e+00  -4.16101352e+00   5.39737102e+00 
  6.48910437e+00  -7.08540783e+00   3.27077262e+00 
  2.94238858e+00  -7.95652208e+00   2.13595137e+00 
  2.98308292e+00  -5.32140529e+00  -5.71846512e-01 
  2.29565722e+00  -6.71020849e+00  -4.06310175e+00 
  7.11163071e-01  -9.92023282e+00  -2.85644593e+00 
 -3.10057228e+00  -6.35315252e+00  -5.18988372e+00 
 -1.80384797e+00  -5.22558805e+00  -1.82082389e+00 
 -1.01313028e+00  -1.52980120e+00  -2.54094786e+00 
 -8.49643798e-01   1.03441622e+00   2.62674506e-01 
 -2.13768882e+00   1.96474017e+00   3.79021162e+00 
 -1.38925441e+00   4.11277387e+00   6.83695021e+00 
  3.32145833e-01   2.05137837e+00   9.50937293e+00 
 -9.84882580e-01  -1.49257469e+00   9.77589811e+00 
 -4.94916273e+00   7.69755018e-01   1.28369662e+01 
 -7.81919866e+00   2.83994515e+00   8.68715815e+00 
 -8.20768069e+00   3.16239369e-01   5.82776213e+00 
 -5.81057277e+00  -1.43624761e+00   3.51096964e+00 
 -5.98947327e+00  -2.52588092e-01  -8.79386175e-02 
 -5.81720860e+00  -2.65447157e+00  -3.03873768e+00 
 -5.23465552e+00  -2.22299857e+00  -6.72633607e+00 

   2.793492009607e+00 

 -2.69101351e+00   2.09344674e+00   2.40284702e+00 
  1.66292040e+00  -1.77131530e+00  -2.60619228e+00 
  2.79648134e+00  -1.07262580e+00  -3.14202628e+00 
  1.89212606e+00  -3.20237058e+00  -2.95738008e+00 
  3.18022535e+00  -3.37104134e+00  -3.68510279e+00 
  3.76596681e+00  -2.00665237e+00  -3.64579190e+00 
  3.64957019e-01  -1.21285170e+00  -3.02514014e+00 
  5.74962990e+00   8.65970340e-01  -3.06041880e+00 
  5.68185735e+00   2.27400467e-01  -1.70905164e+00 
  6.09831113e+00   1.30996200e+00  -7.73994733e-01 
  3.30090236e+00   2.06631498e-01  -2.78238097e+00 
  4.31171570e+00   9.47781073e-01  -3.56623423e+00 
  6.54746539e+00  -9.57351634e-01  -1.48200240e+00 
  1.39332152e-01  -9.09313802e-01  -4.21259666e+00 
 -7.03458488e-01  -1.15535845e+00  -2.09909400e+00 
 -1.91485647e+00  -4.04930042e-01  -2.28510738e+00 
 -2.26006871e+00   7.65527210e-01  -1.47351571e+00 
 -2.32316579e+00   2.03774324e+00  -2.03454054e+00 
 -2.04916174e+00   3.10111155e+00  -1.17229393e+00 
 -2.62062646e+00   3.19757275e+00   9.49540066e-02 
 -3.00722882e+00   1.96447327e+00   6.19067428e-01 
 -2.67098002e+00   8.39893332e-01  -1.46714905e-01 
  2.82823593e+00   7.27660270e-01  -1.75520692e+00 
 -7.02033064e+00  -7.79119505e+00  -4.03146166e+00 
 -9.34374386e+00  -7.55692324e+00  -1.10094308e+00 
 -1.93883859e+00  -8.66354026e+00   2.77002800e+00 
  1.26561326e+00  -1.05895316e+01   2.09259118e+00 
  1.92805573e+00  -8.23769999e+00  -8.68924720e-01 
 -1.27281952e+00  -9.52800969e+00  -2.50697050e+00 
  3.87237348e-01  -1.29095247e+01  -2.85261240e+00 
  4.13202146e+00  -1.22886887e+01  -2.80956036e+00 
  6.12887323e+00  -9.41792260e+00  -4.21490909e+00 
  1.02983654e+01  -7.12588479e+00  -7.39694647e+00 
  7.27953713e+00  -7.45763869e+00  -9.64295292e+00 
  7.56720754e+00  -1.12328694e+01  -1.00982994e+01 
  4.45048069e+00  -1.17735514e+01  -8.01497220e+00 
  9.06158900e+00  -6.94819440e+00   9.50486227e-01 
  1.22974629e+01  -2.49615297e+00   2.36422641e+00 
  9.01481218e+00  -1.28262134e+00   3.73479787e+00 
  6.37690870e+00  -4.03558126e+00   3.64868091e+00 
  6.74855368e+00  -4.58084897e+00   7.38869417e+00 
  4.48736388e+00  -7.42137076e+00   8.61336400e+00 
  2.31232786e+00  -7.26694910e+00   5.48974414e+00 
 -1.21095299e+01   7.27923261e-01   4.61236409e+00 
 -1.40095084e+01  -1.16107486e+00   1.90071940e+00 
 -1.30584190e+01  -2.53212299e+00  -1.48356622e+00 
 -1.35666099e+01  -2.80804491e+00  -5.23339094e+00 
 -1.03889554e+01  -9.26739358e-01  -6.07036312e+00 
 -9.98775154e+00   2.05502668e+00  -8.34870551e+00 
 -5.40995110e+00   7.37481350e+00  -8.81729190e+00 
 -5.48207204e+00   7.91994134e+00  -1.25404096e+01 
  9.66384847e+00   5.07450199e+00   4.31552571e+00 
  3.40229647e+00  -3.11265901e+00   1.28393761e+01 
  1.80878310e+00  -3.41460278e-01   1.07402635e+01 
 -5.57521231e-01   2.52717178e+00   1.14169602e+01 
 -1.79756024e+00   5.25442165e+00   9.05012936e+00 
 -5.24414469e+00   6.74409375e+00   8.47329002e+00 
 -6.73847899e+00   9.51542191e+00   6.35922867e+00 
 -8.28756311e+00   6.64053070e+00   6.01336997e-01 
 -7.78792248e+00   3.09068102e+00  -5.25626491e-01 
 -6.22338669e+00   2.58351778e+00  -3.99240820e+00 
 -5.17380332e+00  -1.95664096e-01  -6.56466812e+00 
 -7.39481802e+00  -3.15662679e+00  -5.98767302e+00 
 -8.19161407e+00  -2.34983001e+00  -2.33527009e+00 
 -4.96315221e+00  -3.88983935e+00  -1.11745599e+00 
 -5.47163836e+00  -6.65673170e+00   1.46632809e+00 
 -8.98228514e+00  -5.62106327e+00   2.40101857e+00 
 -5.21077912e+00  -4.53227378e+00   6.55897479e+00 
 -4.88222008e+00  -2.25979205e+00   3.55375676e+00 
 -1.07919620e+00  -2.35306501e+00   2.97846295e+00 
  7.01466111e-01   4.38998210e-01   1.10874056e+00 
  6.23655828e-01   4.19745739e+00   1.94404257e-01 
  1.98116967e+00   6.76277143e+00  -2.26184063e+00 
 -5.64504933e-01   7.45666960e+00  -4.98074842e+00 
 -4.14258783e+00   7.51067995e+00  -3.73190555e+00 
 -2.99933526e+00   1.26825237e+01  -2.26602826e+00 
 -1.51416179e-01   1.14325223e+01   2.21398887e+00 
 -1.89425096e+00   8.72833272e+00   4.29870474e+00 
 -2.83945456e+00   5.13260947e+00   3.69685018e+00 
 -8.02788442e-01   2.63898943e+00   5.70160605e+00 
 -2.36681021e+00  -4.13711196e-01   7.35713897e+00 
 -9.82096151e-01  -3.57923904e+00   8.83562449e+00 

   2.793492009607e+00 

 -1.07622353e+00  -9.91200982e-01   4.68185509e+00 
 -3.27081652e+00   2.76230677e+00  -1.64890647e+00 
 -4.63544719e+00   3.20539321e+00  -1.69017434e+00 
 -2.78312295e+00   2.88808642e+00  -3.05251674e+00 
 -3.86423648e+00   3.38449328e+00  -3.94806334e+00 
 -5.04557872e+00   3.43234139e+00  -3.04898785e+00 
 -2.45350487e+00   3.44126130e+00  -6.27568996e-01 
 -8.14767116e+00   2.92677993e+00  -1.42080719e+00 
 -7.67913255e+00   1.53062996e+00  -1.68499396e+00 
 -8.51247515e+00   6.90047203e-01  -7.80192672e-01 
 -5.68212419e+00   2.94068094e+00  -7.65685701e-01 
 -6.97866142e+00   3.65089606e+00  -7.58076817e-01 
 -7.82465477e+00   1.02487494e+00  -3.07333877e+00 
 -2.49058011e+00   4.67821715e+00  -4.80394039e-01 
 -1.49369137e+00   2.70292377e+00   1.04547369e-01 
 -8.30540131e-01   3.16510622e+00   1.29275891e+00 
 -1.05683171e+00   2.57221968e+00   2.61378139e+00 
 -1.67220891e+00   3.29492897e+00   3.63175287e+00 
 -2.37775544e+00   2.54482692e+00   4.57454162e+00 
 -1.84388210e+00   1.40178635e+00   5.16634523e+00 
 -8.61275098e-01   7.88412824e-01   4.38984861e+00 
 -6.46843067e-01   1.34364910e+00   3.12103127e+00 
 -5.46097809e+00   2.07245909e+00   9.87541721e-02 
  7.13344698e+00   4.70219131e+00  -2.93628463e+00 
  9.22954142e+00   2.21214901e+00  -1.07963471e+00 
  3.63664888e+00  -2.84576567e+00  -4.84509520e+00 
  1.77266767e+00  -2.91457262e+00  -8.15533909e+00 
 -1.71561539e-01   1.89462978e-01  -7.00405536e+00 
  3.12623482e+00   2.11426506e+00  -6.88841960e+00 
  3.34400162e+00   1.76745258e+00  -1.06490312e+01 
 -2.01989621e-01   1.23753531e+00  -1.18963615e+01 
 -3.45153279e+00   2.68081346e+00  -1.06469067e+01 
 -8.41635621e+00   5.46191470e+00  -1.12629165e+01 
 -5.79365483e+00   8.07802261e+00  -1.05244408e+01 
 -4.20033798e+00   7.99613845e+00  -1.39881235e+01 
 -1.09137306e+00   6.35714854e+00  -1.25758117e+01 
 -6.85991210e+00  -2.50907307e+00  -8.96473067e+00 
 -1.17725587e+01  -3.81351165e+00  -6.42414858e+00 
 -9.43963032e+00  -4.50363539e+00  -3.55917126e+00 
 -5.79637940e+00  -4.37289713e+00  -4.67915764e+00 
 -5.59009479e+00  -8.16472767e+00  -4.62812906e+00 
 -2.13922647e+00  -9.38699053e+00  -5.75903174e+00 
 -5.48427608e-01  -5.97619501e+00  -5.16957299e+00 
  7.90452476e+00  -1.90489222e+00   8.41901967e+00 
  1.02997493e+01   7.98170230e-01   7.19934665e+00 
  9.92425186e+00   3.79496529e+00   4.93749912e+00 
  1.02430094e+01   7.51169655e+00   4.24476636e+00 
  6.50172774e+00   8.09199845e+00   4.18661103e+00 
  4.51795388e+00   1.06469050e+01   6.13078979e+00 
 -2.11618559e+00   1.10953576e+01   8.42492266e+00 
 -2.58045478e+00   1.48252271e+01   8.23387651e+00 
 -1.31163354e+01  -4.35516365e+00   1.69737759e+00 
 -3.04779873e+00  -1.28113811e+01  -7.54074982e-01 
 -3.18845642e+00  -1.01569224e+01   1.99531867e+00 
 -2.51770344e+00  -1.00933927e+01   5.71451469e+00 
 -2.96087487e+00  -7.23574702e+00   8.20749230e+00 
 -7.57097483e-01  -5.95695933e+00   1.10250938e+01 
 -9.84680166e-01  -3.30286062e+00   1.37244486e+01 
  1.38658090e+00   2.20606912e+00   1.09232361e+01 
  2.63839283e+00   2.77923788e+00   7.42672858e+00 
  1.29759065e+00   5.87482155e+00   5.59829388e+00 
  1.59155976e+00   7.88009596e+00   2.23162565e+00 
  5.02287389e+00   7.27106259e+00   8.57474493e-01 
  5.56331878e+00   3.91568605e+00   2.61110496e+00 
  3.61739046e+00   2.03527762e+00  -2.61460810e-02 
  5.60838397e+00  -7.75151887e-01  -1.67769759e+00 
  8.19690997e+00  -1.02635910e+00   1.06225209e+00 
  4.67865165e+00  -5.53321571e+00   9.70480251e-01 
  3.05974815e+00  -2.34594325e+00   2.20494591e+00 
 -2.24782775e-01  -2.37031399e+00   2.01469898e-01 
 -3.28011845e+00  -4.49255179e-01   1.40009163e+00 
 -5.14096240e+00   9.41083486e-01   4.49400484e+00 
 -7.75791255e+00   3.47199500e+00   5.59076264e+00 
 -6.08624505e+00   6.61154282e+00   6.89582231e+00 
 -2.93055967e+00   5.93665561e+00   8.88363010e+00 
 -6.38583631e+00   4.99058397e+00   1.30513396e+01 
 -7.92192581e+00   7.82411548e-03   1.14525171e+01 
 -4.92814656e+00  -2.11839905e+00   1.03513288e+01 
 -2.36703340e+00  -1.84684652e+00   7.60327077e+00 
 -2.75414292e+00  -4.44034529e+00   4.86299592e+00 
  2.28321402e-01  -6.21776011e+00   3.29722533e+00 
  7.02682497e-01  -8.28292888e+00   1.93360237e-01 

   2.793492009607e+00 

 -4.57112417e+00   3.08896400e+00   1.93999989e+00 
 -2.70443923e-01  -2.00144189e+00  -1.87778979e+00 
 -5.57002389e-01  -2.16196109e+00  -3.27505975e+00 
  5.89066293e-01  -3.16790565e+00  -1.52509757e+00 
  8.00814938e-01  -4.04840086e+00  -2.70709616e+00 
 -6.40819586e-02  -3.42839585e+00  -3.74331177e+00 
  2.77241721e-01  -6.78373150e-01  -1.52902430e+00 
 -2.56164217e+00  -2.68211951e+00  -6.13805743e+00 
 -3.34638211e+00  -3.28416361e+00  -5.01543374e+00 
 -4.75191431e+00  -2.87643806e+00  -5.29461777e+00 
 -1.61500929e+00  -1.59257457e+00  -4.03447066e+00 
 -1.67522989e+00  -1.60888925e+00  -5.51148777e+00 
 -3.29722159e+00  -4.76176402e+00  -4.87851607e+00 
  1.18616653e+00  -1.52284720e-01  -2.19997995e+00 
 -1.23400304e-01  -5.05120590e-02  -3.25838924e-01 
  1.15829392e-01   1.32785676e+00   2.94274385e-03 
 -9.58273646e-01   2.31854909e+00   1.15433193e-01 
 -1.06092731e+00   3.37494307e+00  -7.84987659e-01 
 -2.34765569e+00   3.87167535e+00  -1.00152109e+00 
 -3.22099515e+00   4.15709079e+00   4.61478580e-02 
 -2.94613274e+00   3.43080007e+00   1.20444102e+00 
 -1.92716153e+00   2.47413159e+00   1.10124714e+00 
 -2.52219950e+00  -1.02682282e+00  -3.39658199e+00 
  6.73601138e+00  -5.56780931e-01   6.02738146e+00 
  5.06782685e+00   7.71853412e-01   9.10844664e+00 
 -2.15006564e-01  -5.42542636e+00   6.93427208e+00 
  7.80391896e-02  -8.87763236e+00   5.37437692e+00 
  1.17903158e+00  -7.19116890e+00   2.10571127e+00 
  4.24333468e+00  -5.82750645e+00   3.93441758e+00 
  5.48176310e+00  -9.38309163e+00   4.30049162e+00 
  3.82989639e+00  -1.13965653e+01   1.53861564e+00 
  2.95054460e+00  -1.04047797e+01  -1.98938969e+00 
  3.01052720e+00  -1.10456556e+01  -7.67702047e+00 
  6.06672836e+00  -9.01357660e+00  -6.78358960e+00 
  8.06312262e+00  -1.19423638e+01  -5.37679281e+00 
  7.72221255e+00  -1.05564096e+01  -1.86830501e+00 
 -3.43219946e+00  -1.11705515e+01  -2.22573653e+00 
 -7.77317054e+00  -1.01854638e+01  -5.75784440e+00 
 -8.27709801e+00  -7.29868021e+00  -3.40423902e+00 
 -6.00827373e+00  -7.58919565e+00  -3.52554830e-01 
 -8.93837296e+00  -8.71836265e+00   1.78347805e+00 
 -7.83157410e+00  -9.49032586e+00   5.36962203e+00 
 -4.58306938e+00  -7.54139792e+00   4.96896537e+00 
 -2.39473921e+00   8.00069303e+00   1.01004740e+01 
  1.35537954e+00   8.20116414e+00   1.07544388e+01 
  4.40191630e+00   6.99280945e+00   8.88461908e+00 
  7.76442323e+00   7.60468027e+00   7.23697302e+00 
  6.45457185e+00   7.01203561e+00   3.73406243e+00 
  6.80358565e+00   9.24977751e+00   7.15215316e-01 
  3.12166606e+00   1.02351697e+01  -5.19650458e+00 
  5.93147083e+00   1.11646610e+01  -7.52137330e+00 
 -1.18906134e+01  -3.09000580e+00  -6.62930899e+00 
 -1.28607088e+01  -6.12476465e+00   6.36075713e+00 
 -1.18515037e+01  -2.75144574e+00   4.86833434e+00 
 -1.28736219e+01   8.47018696e-01   5.40934519e+00 
 -1.17519563e+01   3.98918064e+00   3.55296120e+00 
 -1.07371591e+01   7.43865791e+00   4.77856481e+00 
 -9.75112792e+00   1.07486274e+01   3.21191403e+00 
 -3.19258409e+00   1.03783281e+01   2.39560601e+00 
 -8.27532756e-01   7.56308563e+00   3.17153280e+00 
  1.67255440e+00   6.60121364e+00   4.24183410e-01 
  4.66683434e+00   4.18018932e+00  -3.59989506e-01 
  6.34218558e+00   3.37564631e+00   2.89255388e+00 
  3.28050846e+00   4.02974948e+00   5.08894513e+00 
  1.84410170e+00   6.04433359e-01   4.39496312e+00 
  1.18605304e+00  -1.44258412e+00   7.55200017e+00 
  1.19982099e+00   1.51861526e+00   9.89763545e+00 
 -4.02856477e+00  -6.93978926e-01   9.21445942e+00 
 -2.73682944e+00   1.15934024e+00   6.18129479e+00 
 -3.57877535e+00  -1.34232534e+00   3.38210743e+00 
 -3.96679848e+00  -2.06763775e-01  -2.26517672e-01 
 -4.91417446e+00   2.74713097e+00  -2.53845740e+00 
 -4.56993667e+00   4.06883734e+00  -6.08689530e+00 
 -1.76618779e+00   6.60986011e+00  -6.27822998e+00 
 -1.53513501e+00   8.84770825e+00  -3.22800816e+00 
 -5.50330499e+00   1.17386695e+01  -5.69777753e+00 
 -9.59507367e+00   8.36024878e+00  -4.43785576e+00 
 -9.43590594e+00   7.23727425e+00  -7.75923414e-01 
 -6.96354432e+00   5.27285376e+00   1.27671992e+00 
 -8.18060702e+00   1.82528775e+00   2.28580013e+00 
 -7.57587537e+00   3.81299801e-01   5.75785037e+00 
 -7.82461788e+00  -3.06694984e+00   7.23149231e+00 

   2.793492009607e+00 

  2.47643493e+00  -4.23244424e+00   2.06121586e-01 
 -6.37824251e-01   1.86191884e+00  -3.27866380e+00 
 -1.26486525e+00   1.62312013e+00  -4.54753742e+00 
 -4.94444176e-01   3.34380038e+00  -3.19347821e+00 
 -1.01340251e+00   3.99941947e+00  -4.42558041e+00 
 -1.35761175e+00   2.84647510e+00  -5.29646212e+00 
 -1.32605692e+00   1.22244876e+00  -2.14309274e+00 
 -1.54115144e+00   4.05191483e-01  -7.85302028e+00 
 -6.85983205e-02   5.35383559e-01  -7.62237952e+00 
  5.07286883e-01  -6.86859916e-01  -8.25021848e+00 
 -1.28685171e+00   4.26754057e-01  -5.31468106e+00 
 -2.17242766e+00   2.05666554e-01  -6.47758595e+00 
  5.98981574e-01   1.72829562e+00  -8.20183104e+00 
 -2.56352785e+00   1.28797116e+00  -2.01092862e+00 
 -5.65037529e-01   6.48459668e-01  -1.09726071e+00 
 -1.08665183e+00  -2.27281350e-01  -8.42330469e-02 
 -7.22926619e-01  -1.64389228e+00   9.25584957e-03 
 -1.66225944e+00  -2.64525973e+00  -2.19175348e-01 
 -1.16167255e+00  -3.85461569e+00  -7.05149168e-01 
 -4.67606088e-02  -4.47646674e+00  -1.46519911e-01 
  8.05339211e-01  -3.58992250e+00   5.11245862e-01 
  4.69491317e-01  -2.23252415e+00   4.17215131e-01 
 -5.24655492e-01  -4.87643544e-01  -4.95011965e+00 
 -8.42872888e-01   6.12833726e+00   6.48989917e+00 
  1.64277534e+00   4.47744532e+00   8.75643401e+00 
  6.30666289e+00   5.72001987e+00   1.84660030e+00 
  6.56365234e+00   8.36725473e+00  -8.66880675e-01 
  3.07971292e+00   7.30740062e+00  -2.08318402e+00 
  1.65872733e+00   8.38994059e+00   1.29358999e+00 
  2.55402177e+00   1.19581694e+01   4.12629090e-01 
  2.73024764e+00   1.21283523e+01  -3.37560020e+00 
  6.69146451e-01   1.03470904e+01  -5.97995958e+00 
 -2.69232845e+00   1.01239279e+01  -1.06075020e+01 
 -4.97554331e+00   1.05594062e+01  -7.63005040e+00 
 -4.18071515e+00   1.42494829e+01  -7.08779263e+00 
 -2.31919882e+00   1.34320058e+01  -3.89200422e+00 
  5.02164522e+00   6.96081620e+00  -9.29214760e+00 
  5.22972337e+00   3.04310729e+00  -1.34029230e+01 
  5.84643165e+00   8.08895371e-01  -1.04440569e+01 
  6.40514206e+00   2.84313422e+00  -7.26687978e+00 
  1.01420884e+01   2.18939636e+00  -7.44293352e+00 
  1.19995244e+01   3.94883677e+00  -4.59062559e+00 
  8.80836546e+00   4.39551266e+00  -2.55872645e+00 
  4.15906722e+00  -5.60455873e+00   9.73193499e+00 
  2.03032611e+00  -3.35328611e+00   1.19526291e+01 
 -6.44572863e-01  -7.81879397e-01   1.12666873e+01 
 -4.14208051e+00   6.04885548e-01   1.17564827e+01 
 -5.24739570e+00  -2.12287657e-01   8.22833484e+00 
 -8.30969285e+00  -2.13095049e+00   7.14030613e+00 
 -1.00349810e+01  -5.95779553e+00   1.49631822e+00 
 -1.37293157e+01  -5.24894749e+00   1.38057195e+00 
  4.43311994e+00  -5.11445313e+00  -1.24659378e+01 
  1.45240489e+01  -1.63633116e+00  -4.40563481e+00 
  1.15205744e+01  -3.82302507e+00  -3.49865522e+00 
  1.10379563e+01  -7.17000670e+00  -1.81011789e+00 
  7.82711582e+00  -9.15654174e+00  -1.24296830e+00 
  6.50310953e+00  -1.10372013e+01   1.78043009e+00 
  3.49429528e+00  -1.31990432e+01   2.59038476e+00 
 -1.16589584e+00  -8.96425500e+00   4.63174829e+00 
 -1.05785305e+00  -5.21800663e+00   4.90573749e+00 
 -4.03051447e+00  -3.29220358e+00   3.42988897e+00 
 -5.48280829e+00   3.30417882e-01   2.97222680e+00 
 -4.19497795e+00   2.42237532e+00   5.80035989e+00 
 -1.07403025e+00   3.14271648e-01   6.46476681e+00 
  8.51687785e-01   1.98616214e+00   3.67656701e+00 
  4.12455028e+00   3.58436025e+00   4.82736042e+00 
  4.36600300e+00   1.61166471e+00   8.04000248e+00 
  8.28060572e+00   4.06015443e-04   4.19577939e+00 
  4.75094317e+00  -1.03936018e+00   3.32180673e+00 
  4.57542375e+00   4.88202918e-03  -3.77031541e-01 
  2.08172155e+00  -1.59455015e+00  -2.76146086e+00 
  1.78329054e-02  -4.77563275e+00  -3.52902706e+00 
 -2.99515111e+00  -6.05829453e+00  -5.46126022e+00 
 -6.00853640e+00  -6.31739946e+00  -3.17942167e+00 
 -5.16469861e+00  -7.50179266e+00   3.20628808e-01 
 -5.32199289e+00  -1.25235606e+01  -1.90667793e+00 
 -4.42553481e-01  -1.22704773e+01  -4.32963478e+00 
  2.22956155e+00  -1.08152540e+01  -1.99762254e+00 
  2.71950375e+00  -7.49170047e+00  -2.95032434e-01 
  5.58511468e+00  -5.44036694e+00  -1.69699556e+00 
  7.97865144e+00  -3.48620962e+00   5.29702747e-01 
  1.05029246e+01  -7.73622706e-01  -9.78608999e-02 

   2.793492009607e+00 

 -3.73094745e+00   3.33274792e+00  -1.43660734e+00 
  2.55969889e+00   7.16036831e-01   2.10799313e+00 
  3.32757574e+00   1.67957462e+00   2.84433922e+00 
  3.07058590e+00  -6.09804999e-01   2.56067981e+00 
  4.13225291e+00  -4.46133061e-01   3.59184645e+00 
  4.14747246e+00   1.02084421e+00   3.82409998e+00 
  2.56467934e+00   9.36616327e-01   6.50794552e-01 
  3.90170145e+00   4.29250419e+00   5.15277591e+00 
  2.63702028e+00   3.64633434e+00   5.62352412e+00 
  1.76906791e+00   4.79096877e+00   6.01871441e+00 
  3.02008047e+00   3.04125545e+00   3.11183978e+00 
  3.98910926e+00   4.01730643e+00   3.65385445e+00 
  2.74730195e+00   2.71301680e+00   6.77296855e+00 
  3.61845685e+00   1.18387507e+00   3.31288672e-02 
  1.38126720e+00   7.18454469e-01  -9.37319681e-02 
  1.17142009e+00   1.14463572e+00  -1.45003672e+00 
  2.07734658e-01   2.18548499e+00  -1.81850098e+00 
  6.29340129e-01   3.40627338e+00  -2.33733454e+00 
 -2.06050574e-01   4.49739272e+00  -2.09059463e+00 
 -1.58450082e+00   4.43811641e+00  -2.28592832e+00 
 -2.09614332e+00   3.14338718e+00  -2.20475699e+00 
 -1.18241292e+00   2.14436108e+00  -1.84252852e+00 
  1.86563291e+00   3.41969207e+00   2.83979637e+00 
  2.03335040e+00  -7.26695079e+00  -4.93928007e+00 
 -1.42786415e+00  -7.64296844e+00  -6.32480381e+00 
 -3.03884724e+00  -6.89961803e+00   1.91496585e+00 
 -1.36672101e+00  -7.96033800e+00   5.15776434e+00 
  1.47035254e+00  -5.49382909e+00   4.37810680e+00 
  2.27096744e+00  -7.52818663e+00   1.24536029e+00 
  3.31816840e+00  -1.03861379e+01   3.49155397e+00 
  4.24756255e+00  -8.85163161e+00   6.83703091e+00 
  5.91479665e+00  -5.56243995e+00   7.61502102e+00 
  9.92247584e+00  -2.27768628e+00   1.00465564e+01 
  1.12809077e+01  -3.33350314e+00   6.68384281e+00 
  1.20905595e+01  -6.91400091e+00   7.71678109e+00 
  9.28645685e+00  -8.23143538e+00   5.53780193e+00 
  1.56612484e+00  -2.48122839e+00   1.12173642e+01 
  7.43398102e-01   2.62544576e+00   1.35700677e+01 
 -1.55917913e+00   2.97114649e+00   1.06195509e+01 
 -1.97962729e+00  -3.51770580e-01   8.79576779e+00 
 -5.42291741e+00  -8.17280880e-01   1.03288005e+01 
 -6.99116495e+00  -4.14163270e+00   9.24683740e+00 
 -4.59933493e+00  -4.50919827e+00   6.30478480e+00 
 -8.30672601e+00  -3.55621066e-01  -9.24130179e+00 
 -6.07567499e+00  -2.63675291e+00  -1.13269907e+01 
 -2.46401361e+00  -3.70006473e+00  -1.10759862e+01 
  1.01561736e+00  -4.06374900e+00  -1.25441410e+01 
  2.53630924e+00  -1.44292354e+00  -1.02734382e+01 
  4.59790098e+00   1.56296974e+00  -1.12517952e+01 
  5.87796370e+00   7.85969293e+00  -8.39020852e+00 
  9.38657566e+00   8.39960844e+00  -9.64005043e+00 
 -2.43566830e+00   9.28444601e+00   9.88095364e+00 
 -1.16758522e+01  -2.73708286e-01   8.41352289e+00 
 -1.03125831e+01   2.02951050e+00   5.68189669e+00 
 -1.18294691e+01   4.21204392e+00   2.99452452e+00 
 -1.01098077e+01   6.56298805e+00   5.26062758e-01 
 -1.06108194e+01   7.15092068e+00  -3.19336374e+00 
 -9.20623184e+00   9.47911242e+00  -5.83707461e+00 
 -3.88112995e+00   6.35528480e+00  -8.22516347e+00 
 -2.38724344e+00   3.05130336e+00  -7.23868997e+00 
  1.40306358e+00   2.97817549e+00  -6.64557349e+00 
  4.37262964e+00   5.69256671e-01  -5.73960118e+00 
  3.44589075e+00  -2.85649326e+00  -6.93898525e+00 
 -3.36888750e-01  -2.30328809e+00  -6.83702697e+00 
 -5.06059316e-01  -2.99951368e+00  -3.12699770e+00 
 -2.90656259e+00  -5.82653454e+00  -2.21281574e+00 
 -4.83926019e+00  -5.70640563e+00  -5.45644723e+00 
 -7.88565801e+00  -3.74523492e+00  -1.03246826e+00 
 -5.09134340e+00  -1.43845856e+00  -2.11600342e+00 
 -3.49731899e+00  -5.75984041e-01   1.27779641e+00 
 -1.43740440e+00   2.58683471e+00   1.74208787e+00 
 -8.74992148e-01   6.21445011e+00   5.20539792e-01 
  1.64998494e+00   9.05691528e+00   4.79293010e-01 
  3.51068816e+00   9.11610418e+00  -2.82050905e+00 
  1.33495494e+00   8.26626257e+00  -5.80533015e+00 
 -1.63459184e-01   1.35478360e+01  -5.55328237e+00 
 -3.58755757e+00   1.30112872e+01  -1.34241955e+00 
 -5.85023270e+00   9.94126287e+00  -1.73152956e+00 
 -5.24960278e+00   6.22840063e+00  -1.92841053e+00 
 -6.42343644e+00   4.30523214e+00   1.12261116e+00 
 -8.19862460e+00   9.45753623e-01   8.60799121e-01 
 -8.99270791e+00  -1.78638517e+00   3.31615415e+00 

   2.793492009607e+00 

 -2.70229868e+00  -2.30781571e+00  -4.61479356e+00 
  1.65769286e+00   2.36079990e+00  -3.51214909e-01 
  3.01165024e+00   2.54956912e+00  -7.88720455e-01 
  1.42307750e+00   3.44070889e+00   6.50054051e-01 
  2.63073565e+00   4.29906397e+00   7.98439721e-01 
  3.54864342e+00   3.76467359e+00  -2.39860770e-01 
  1.36443848e+00   9.91570057e-01   1.08479922e-01 
  5.61658787e+00   3.26013811e+00  -3.06803896e+00 
  4.41346342e+00   3.93174279e+00  -3.65113117e+00 
  4.51673611e+00   3.65847666e+00  -5.11207778e+00 
  3.63197325e+00   2.08334686e+00  -1.97956919e+00 
  5.09098949e+00   2.10736880e+00  -2.21656451e+00 
  4.29825462e+00   5.39796463e+00  -3.44769412e+00 
  2.13498447e+00   3.83252819e-01   8.76141206e-01 
  1.15456353e-01   4.02471219e-01  -2.00364440e-01 
 -1.95773613e-01  -9.92761189e-01  -5.30848285e-02 
 -4.47076856e-01  -1.87815266e+00  -1.19358969e+00 
  4.23752239e-01  -2.91891147e+00  -1.50301097e+00 
  4.78297855e-01  -3.29205759e+00  -2.84729009e+00 
 -6.69992421e-01  -3.49553042e+00  -3.61006284e+00 
 -1.77928854e+00  -2.79998260e+00  -3.13009831e+00 
 -1.54421282e+00  -1.94328977e+00  -2.04613213e+00 
  2.88355256e+00   1.60455318e+00  -2.85168969e+00 
 -5.35729046e+00   2.51981115e-01   7.39553189e+00 
 -8.63041960e+00  -9.18201326e-01   5.99611410e+00 
 -7.04849869e+00   5.75176542e+00   1.09196173e+00 
 -5.43021866e+00   9.16331026e+00   1.51552581e+00 
 -2.06950619e+00   7.38541191e+00   2.04957407e+00 
 -3.52820352e+00   5.73685509e+00   5.17177810e+00 
 -3.70646384e+00   9.15961084e+00   6.77267394e+00 
 -1.14437139e+00   1.13235302e+01   4.99395696e+00 
  2.24149481e+00   1.04239344e+01   3.60458396e+00 
  7.90084040e+00   1.10644604e+01   3.03449817e+00 
  7.36286694e+00   8.75255369e+00   5.97279725e+00 
  6.23685283e+00   1.14784847e+01   8.39020378e+00 
  2.69920648e+00   1.01257380e+01   8.34884862e+00 
  1.71275198e+00   1.17872173e+01  -2.65988560e+00 
  4.68461457e+00   1.12200094e+01  -7.46992944e+00 
  2.25865137e+00   8.39008469e+00  -7.95278477e+00 
 -4.93571170e-01   8.46146426e+00  -5.31367218e+00 
 -2.95651388e+00   9.85826580e+00  -7.84467884e+00 
 -6.37481188e+00   1.05175303e+01  -6.24406374e+00 
 -5.60417891e+00   8.27216291e+00  -3.26478886e+00 
 -1.05887818e+01  -7.41420692e+00  -1.93464005e+00 
 -1.07869361e+01  -7.96758376e+00   1.83175854e+00 
 -8.55082717e+00  -7.04857346e+00   4.72882087e+00 
 -6.51527056e+00  -7.97175968e+00   7.79473229e+00 
 -3.19048749e+00  -7.25348521e+00   6.13123590e+00 
 -1.74093456e-01  -9.50981721e+00   5.90086604e+00 
  5.23944348e+00  -1.01359355e+01   1.45366966e+00 
  7.87729370e+00  -1.13223584e+01   3.86159791e+00 
  4.98140862e+00   4.54470743e+00  -1.23083762e+01 
 -7.99975067e+00   7.63869200e+00  -1.14086945e+01 
 -6.43012433e+00   4.18751888e+00  -1.09079167e+01 
 -7.12656065e+00   7.00423027e-01  -1.21891285e+01 
 -5.17976267e+00  -2.53067989e+00  -1.15996978e+01 
 -6.30820894e+00  -6.06208858e+00  -1.07711010e+01 
 -4.66706828e+00  -9.44790670e+00  -1.02962924e+01 
 -3.06084663e+00  -9.69519520e+00  -3.87937117e+00 
 -3.51724468e+00  -7.11609049e+00  -1.18473948e+00 
 -4.78546044e-01  -6.38979649e+00   1.04289823e+00 
  6.85722335e-01  -4.26013429e+00   4.13337010e+00 
 -2.33243141e+00  -3.62145399e+00   6.25845013e+00 
 -4.88899605e+00  -3.98771497e+00   3.43786821e+00 
 -4.33942118e+00  -4.41450394e-01   2.25480398e+00 
 -7.53222120e+00   1.65388383e+00   2.17868494e+00 
 -9.88848197e+00  -1.29882654e+00   2.19949124e+00 
 -9.81979673e+00   1.39688062e+00  -2.84300471e+00 
 -6.67147529e+00  -5.65417507e-01  -2.10753352e+00 
 -3.96963597e+00   2.00837291e+00  -3.04472111e+00 
 -4.45831124e-01   9.19524013e-01  -3.97178348e+00 
  1.70511689e+00  -1.92881318e+00  -5.46459245e+00 
  5.25577142e+00  -3.27196753e+00  -5.67815199e+00 
  5.75898686e+00  -6.06525341e+00  -3.16842259e+00 
  2.73680716e+00  -8.31927557e+00  -2.77981374e+00 
  4.68015611e+00  -1.08204973e+01  -7.27103574e+00 
  2.96901242e+00  -7.07386500e+00  -1.08457292e+01 
 -6.35476755e-01  -5.97608987e+00  -1.01395407e+01 
 -2.35471575e+00  -4.25595539e+00  -7.26374182e+00 
 -3.46892926e+00  -7.10615147e-01  -8.02155885e+00 
 -6.82790792e+00   6.65096139e-01  -6.86803586e+00 
 -8.28628401e+00   4.11934020e+00  -6.61258311e+00 

   2.793492009607e+00 

 -2.11758759e+00  -8.29532992e-01   1.33229577e+00 
  4.14236711e+00   3.51423347e+00   3.68832736e-01 
  3.93156069e+00   4.93141220e+00   2.82747909e-01 
  5.53886721e+00   3.30347382e+00  -1.09868783e-01 
  6.16383162e+00   4.59444517e+00  -5.09921799e-01 
  5.04710277e+00   5.56332244e+00  -3.67131172e-01 
  3.82956284e+00   2.94355816e+00   1.69117574e+00 
  2.46444102e+00   7.92982187e+00  -8.76131061e-01 
  2.24020272e+00   6.94920531e+00  -1.98368068e+00 
  8.49646335e-01   7.22791408e+00  -2.44016616e+00 
  2.70260752e+00   5.64361955e+00   2.30600581e-01 
  2.58642524e+00   7.10715669e+00   4.03900706e-01 
  3.15174510e+00   7.03623175e+00  -3.15243346e+00 
  4.22228796e+00   3.48403394e+00   2.74319653e+00 
  3.20067128e+00   1.67878654e+00   1.77618632e+00 
  2.60484960e+00   1.13370720e+00   2.96493098e+00 
  1.16179387e+00   9.21816724e-01   3.10816263e+00 
  4.13631771e-01   1.65506917e+00   4.02460033e+00 
 -9.29599735e-01   1.85290526e+00   3.69919347e+00 
 -1.74874360e+00   8.15565369e-01   3.25791884e+00 
 -1.04094049e+00  -2.30402120e-01   2.66660051e+00 
  3.38075505e-01  -3.03091979e-02   2.51678874e+00 
  1.67066901e+00   4.96983605e+00   5.42776330e-02 
  9.37905368e+00  -4.83416487e+00   4.43706978e+00 
  7.41224146e+00  -8.00082050e+00   4.05626361e+00 
  6.65014871e+00  -4.66838460e+00  -3.64800313e+00 
  8.82604685e+00  -2.61737244e+00  -5.99229223e+00 
  8.55978881e+00   3.02676864e-01  -3.51379731e+00 
  1.03369411e+01  -1.85172681e+00  -9.07272780e-01 
  1.34387779e+01  -1.73026388e+00  -3.06916004e+00 
  1.31362273e+01   1.37885835e+00  -5.22613040e+00 
  1.16603577e+01   4.75209038e+00  -4.42187036e+00 
  1.17874175e+01   1.04621319e+01  -4.04405318e+00 
  1.31181324e+01   9.12996201e+00  -7.69537835e-01 
  1.65208292e+01   8.09362649e+00  -2.14435601e+00 
  1.56168485e+01   4.43487362e+00  -1.76630607e+00 
  6.93092193e+00   5.39699768e+00  -8.73443576e+00 
  2.65745687e+00   8.93540855e+00  -9.96218111e+00 
  6.83137516e-01   6.19641286e+00  -8.31085245e+00 
  2.84825153e+00   3.12265123e+00  -7.67131359e+00 
  1.24916584e+00   1.32079735e+00  -1.06071923e+01 
  2.78349711e+00  -2.15375161e+00  -1.11118671e+01 
  4.25102930e+00  -2.20451855e+00  -7.59684209e+00 
 -2.80507100e+00  -9.73331315e+00   5.29526639e+00 
  1.46481160e-01  -1.05828898e+01   7.55309915e+00 
  3.22147829e+00  -8.69413468e+00   8.65524709e+00 
  5.49864457e+00  -7.31588121e+00   1.13590421e+01 
  4.60283692e+00  -3.70680325e+00   1.06453154e+01 
  3.41848407e+00  -1.08237228e+00   1.30850710e+01 
 -4.45871602e-01   4.77492295e+00   1.26004994e+01 
  1.16286328e+00   6.79911546e+00   1.53352002e+01 
 -4.87192229e+00   8.90830055e+00  -6.59082755e+00 
 -3.20400953e+00  -3.41099920e+00  -1.15249521e+01 
 -4.43902034e+00  -2.49667699e+00  -8.02297204e+00 
 -7.34361434e+00  -3.53023290e+00  -5.83631695e+00 
 -8.37132773e+00  -2.22665207e+00  -2.39800934e+00 
 -9.50468911e+00  -4.00769226e+00   7.60186149e-01 
 -1.07252536e+01  -3.00938800e+00   4.20926734e+00 
 -5.24365141e+00  -2.45053582e+00   7.87774099e+00 
 -1.64194817e+00  -2.89830885e+00   6.90390666e+00 
  8.00862031e-01  -1.55331513e-01   8.01400388e+00 
  4.59976140e+00   8.48202575e-01   7.95672234e+00 
  6.59586515e+00  -2.31832704e+00   7.80910897e+00 
  3.84996148e+00  -4.44460587e+00   6.20760855e+00 
  4.65571206e+00  -3.17261064e+00   2.74199748e+00 
  5.48558056e+00  -5.94815932e+00   2.52451457e-01 
  3.88624395e+00  -8.71453650e+00   2.26743926e+00 
  9.14287172e-01  -7.46205863e+00  -2.45454044e+00 
  7.17027419e-01  -4.80869331e+00   2.33246903e-01 
  1.35362374e+00  -1.62602736e+00  -1.83267567e+00 
  1.87026175e-01   1.78223309e+00  -6.14050247e-01 
 -2.42863305e+00   3.65989015e+00   1.53089999e+00 
 -3.10843720e+00   6.94657828e+00   3.31761942e+00 
 -2.33637599e+00   6.61976472e+00   7.01241682e+00 
 -3.29987526e+00   3.25758551e+00   8.47276711e+00 
 -8.33150108e+00   5.44035152e+00   8.82214470e+00 
 -9.60017665e+00   4.89893315e+00   3.54568485e+00 
 -8.62336582e+00   1.44671497e+00   2.19506094e+00 
 -5.36612895e+00  -3.95794818e-01   1.77029031e+00 
 -4.28107639e+00  -8.12014387e-01  -1.84005844e+00 
 -2.76575132e+00  -4.04859978e+00  -3.15696366e+00 
 -8.72472513e-01  -4.96816962e+00  -6.27045136e+00 

   2.793492009607e+00 

 -7.96005156e-01   4.15576712e+00  -2.90819010e+00 
 -3.33036682e-01  -2.75540673e+00   4.09178911e-01 
 -1.54301174e+00  -3.27336298e+00   9.81828182e-01 
  5.93122657e-01  -3.92250584e+00   3.46762118e-01 
 -6.86138705e-02  -5.15383039e+00   8.59767557e-01 
 -1.46044851e+00  -4.70220729e+00   1.11477457e+00 
  1.90873127e-01  -1.56292739e+00   1.09883053e+00 
 -4.95961036e+00  -4.16866000e+00   1.08764996e+00 
 -4.61333374e+00  -4.17907470e+00  -3.67871199e-01 
 -5.79412985e+00  -3.55387297e+00  -1.02707375e+00 
 -2.85667174e+00  -2.73458377e+00   9.16262139e-01 
 -3.98441687e+00  -3.19977880e+00   1.75128114e+00 
 -4.36667767e+00  -5.50444469e+00  -9.89981600e-01 
  2.66666896e-01  -1.51006196e+00   2.34163196e+00 
  7.60641099e-01  -5.11363415e-01   3.42552605e-01 
  1.05844985e+00   7.99931869e-01   8.49547151e-01 
  3.44418849e-01   2.00373081e+00   4.14977745e-01 
 -4.68720478e-01   2.71504837e+00   1.29252859e+00 
 -1.53034777e+00   3.41305118e+00   7.13702891e-01 
 -1.36652289e+00   4.21519098e+00  -4.13917245e-01 
 -2.72866925e-01   3.84658313e+00  -1.19669147e+00 
  4.08394052e-01   2.69023269e+00  -7.93079012e-01 
 -3.03897269e+00  -1.79583958e+00   1.19081621e-01 
  1.00881967e+01  -6.30185866e-01   1.15115254e+00 
  1.11372163e+01   1.96107572e+00  -1.34404137e+00 
  6.45982799e+00  -3.13974283e+00  -6.15500060e+00 
  5.77039235e+00  -6.87067883e+00  -6.35913310e+00 
  3.97215865e+00  -6.61608642e+00  -2.97652217e+00 
  7.27379258e+00  -5.52714579e+00  -1.39313429e+00 
  8.64656790e+00  -8.97482805e+00  -2.12721613e+00 
  5.65534434e+00  -1.12943507e+01  -2.41547852e+00 
  2.38901316e+00  -1.12819241e+01  -5.35413075e-01 
 -1.71353415e+00  -1.36743297e+01   2.65973400e+00 
  8.42373178e-01  -1.22640301e+01   5.05688276e+00 
  3.44336666e+00  -1.49914439e+01   4.47506797e+00 
  5.69439542e+00  -1.25329198e+01   2.67642847e+00 
 -2.01329567e+00  -1.05212338e+01  -5.16388099e+00 
 -7.60690721e+00  -9.68206353e+00  -5.70933217e+00 
 -6.43100096e+00  -6.16969751e+00  -6.34765029e+00 
 -2.63606976e+00  -6.02298519e+00  -6.69652263e+00 
 -2.94349270e+00  -5.68150856e+00  -1.04664060e+01 
  5.01664501e-01  -5.52863117e+00  -1.21364000e+01 
  2.23933440e+00  -4.64818647e+00  -8.86272485e+00 
  6.30506585e+00   1.07084283e+01  -4.35473515e+00 
  9.29025582e+00   1.01945399e+01  -2.04047307e+00 
  1.00504142e+01   7.76265810e+00   7.42662410e-01 
  1.10476386e+01   6.99570949e+00   4.32217492e+00 
  7.63156966e+00   5.66508923e+00   5.26940451e+00 
  5.47037311e+00   6.68563238e+00   8.19009937e+00 
 -1.43440329e+00   6.61754278e+00   9.53002048e+00 
 -1.33170399e+00   6.06231482e+00   1.32509271e+01 
 -1.15557251e+01  -2.44960950e+00  -5.31340769e+00 
 -2.40214084e+00  -9.14892736e-01  -1.49440465e+01 
 -3.08164327e+00   1.46941793e+00  -1.20322704e+01 
 -3.64390718e+00   5.18974653e+00  -1.16725774e+01 
 -4.49848247e+00   7.22021164e+00  -8.55418205e+00 
 -3.17688187e+00   1.05282959e+01  -7.23480285e+00 
 -3.92181952e+00   1.28366741e+01  -4.31949698e+00 
 -9.05656860e-02   1.06593714e+01   6.20019689e-01 
  2.28440424e+00   7.74886836e+00   7.18049797e-01 
  2.01203999e+00   5.39886345e+00   3.73911862e+00 
  3.62973510e+00   2.20779540e+00   5.36458639e+00 
  7.21334835e+00   2.08878664e+00   4.27983632e+00 
  6.72598849e+00   4.11820429e+00   1.07518398e+00 
  5.51119803e+00   1.10117184e+00  -8.48215413e-01 
  7.55214498e+00   3.73686633e-01  -3.99392557e+00 
  9.06417570e+00   3.82711234e+00  -4.23581442e+00 
  5.21819225e+00   2.84068893e+00  -8.35087218e+00 
  3.70889003e+00   3.27660620e+00  -4.91060436e+00 
  1.27134482e+00   3.01953583e-01  -4.79894149e+00 
 -1.73540330e+00   3.02615652e-01  -2.47048655e+00 
 -4.30088976e+00   2.51549375e+00  -6.02458051e-01 
 -6.78570780e+00   2.52953409e+00   2.27544067e+00 
 -5.23763454e+00   4.12662693e+00   5.34255285e+00 
 -3.00521748e+00   7.08526449e+00   4.55010051e+00 
 -7.71093793e+00   9.91865650e+00   4.37156405e+00 
 -9.27259733e+00   8.19934648e+00  -5.62895709e-01 
 -6.38121823e+00   8.28216306e+00  -3.07869043e+00 
 -3.05816684e+00   6.52865611e+00  -3.33831953e+00 
 -2.86881217e+00   3.97418918e+00  -6.13546797e+00 
  2.06351050e-01   3.59516259e+00  -8.35033692e+00 
  1.38844345e+00   9.52891006e-01  -1.07472052e+01 

   2.793492009607e+00 

  4.09320245e-01   3.11764140e+00  -2.23866778e+00 
 -6.76971814e-01  -4.32946002e+00  -7.07573147e-01 
 -1.68865271e+00  -4.99997949e+00  -1.47383087e+00 
 -3.74844221e-01  -5.25401666e+00   4.22781342e-01 
 -1.22484456e+00  -6.47458373e+00   3.52457693e-01 
 -2.12823805e+00  -6.18576875e+00  -7.90635374e-01 
  4.85143034e-01  -3.89572911e+00  -1.50348420e+00 
 -4.88101585e+00  -5.49431526e+00  -2.90573551e+00 
 -5.12982274e+00  -4.59965112e+00  -1.73260763e+00 
 -6.12456420e+00  -3.61041431e+00  -2.23420967e+00 
 -2.61028720e+00  -4.44573248e+00  -2.40317724e+00 
 -3.43523956e+00  -5.24950899e+00  -3.32992917e+00 
 -5.66904533e+00  -5.23673761e+00  -5.04671973e-01 
  1.02806392e+00  -4.65412370e+00  -2.33002482e+00 
  1.09762544e+00  -2.65065233e+00  -1.22594546e+00 
  2.04810230e+00  -1.99217475e+00  -2.07930931e+00 
  1.75593786e+00  -7.38415447e-01  -2.77970225e+00 
  1.67167721e+00  -6.91832212e-01  -4.16822444e+00 
  8.35530179e-01   2.92846026e-01  -4.69790975e+00 
  8.71235785e-01   1.61460612e+00  -4.25805822e+00 
  1.36093743e+00   1.74882330e+00  -2.95926314e+00 
  1.63258460e+00   5.53657581e-01  -2.27959221e+00 
 -2.69127148e+00  -3.20394995e+00  -2.44044336e+00 
  9.21637329e+00  -3.96512886e+00   3.24946858e+00 
  1.01933161e+01  -4.67022601e-01   4.17137248e+00 
  2.48119699e+00  -9.49861814e-01   7.53763534e+00 
  3.66757270e-01  -3.62568529e+00   9.21274381e+00 
  1.97072263e-01  -5.45301812e+00   5.84041819e+00 
  3.99110449e+00  -5.87965033e+00   5.97080206e+00 
  3.53117997e+00  -8.15665142e+00   8.95637348e+00 
 -4.19982746e-03  -9.52288902e+00   8.74380953e+00 
 -2.06084246e+00  -1.04654971e+01   5.72960468e+00 
 -5.27733050e+00  -1.40263807e+01   2.60906358e+00 
 -1.68658486e+00  -1.46695913e+01   1.62888233e+00 
 -7.73051818e-01  -1.65850960e+01   4.79728272e+00 
  1.42270503e+00  -1.37243808e+01   5.95552973e+00 
 -7.18355954e+00  -6.59497874e+00   6.12778182e+00 
 -1.17745693e+01  -5.17974263e+00   3.09299188e+00 
 -9.64592331e+00  -2.17061940e+00   2.35748917e+00 
 -6.51657901e+00  -2.12337694e+00   4.53687248e+00 
 -8.03276825e+00   5.67470321e-01   6.74677005e+00 
 -5.68324376e+00   1.48909456e+00   9.62977248e+00 
 -2.66636313e+00  -5.73932531e-02   7.89240797e+00 
  8.42508887e+00   8.52247191e+00  -8.27876827e-01 
  1.15955466e+01   6.42542210e+00  -5.41818473e-01 
  1.23129461e+01   2.72845148e+00  -7.77359044e-01 
  1.41744811e+01  -2.19183934e-01  -2.27459289e+00 
  1.11227921e+01  -1.58405587e+00  -4.05269294e+00 
  1.07758845e+01  -2.50225098e+00  -7.69677173e+00 
  5.41987604e+00  -2.88588953e+00  -1.22401137e+01 
  6.66182388e+00  -5.69371548e+00  -1.44167282e+01 
 -1.21333063e+01   4.08066296e-01  -2.96555657e+00 
 -7.36520564e+00   7.03586984e+00   7.62831433e+00 
 -5.93290062e+00   7.05582007e+00   4.08244273e+00 
 -4.82093217e+00   9.71916768e+00   1.64185463e+00 
 -3.59833270e+00   9.34944018e+00  -1.95620444e+00 
 -7.04627240e-01   1.09416169e+01  -3.83297105e+00 
  6.44123886e-01   1.09061028e+01  -7.37728472e+00 
  4.84644946e+00   5.79507289e+00  -7.56652132e+00 
  5.74854322e+00   3.32256655e+00  -4.88434692e+00 
  5.71484014e+00  -3.85216953e-01  -5.87165019e+00 
  6.43193704e+00  -3.99004269e+00  -4.48132587e+00 
  9.00784682e+00  -3.66071845e+00  -1.78144364e+00 
  8.20783163e+00  -2.37676688e-02  -9.10572293e-01 
  5.29516447e+00  -1.01557903e+00   1.28267784e+00 
  5.57216525e+00   2.79859975e-01   4.86531653e+00 
  8.10747608e+00   2.96533687e+00   4.07076697e+00 
  2.96071560e+00   5.12749026e+00   5.30942327e+00 
  3.12682598e+00   3.38036728e+00   1.95928471e+00 
 -5.00439564e-02   1.21499356e+00   2.10525570e+00 
 -1.72698325e+00  -4.24738955e-02  -1.06789531e+00 
 -2.33724734e+00   6.55282385e-01  -4.82406286e+00 
 -3.36612513e+00  -9.82170257e-01  -8.09774247e+00 
 -3.05337312e-01  -1.83340541e+00  -1.01620559e+01 
  2.44119530e+00   7.69731215e-01  -9.94888660e+00 
 -4.86496881e-01   3.41130254e+00  -1.37770075e+01 
 -4.29516528e+00   5.36166348e+00  -1.03956118e+01 
 -2.75200463e+00   6.81139518e+00  -7.19981956e+00 
 -7.30153050e-01   5.38165326e+00  -4.36207069e+00 
 -2.60005991e+00   5.19535902e+00  -1.06753906e+00 
 -9.71355662e-01   6.08527116e+00   2.25831621e+00 
 -1.89065995e+00   5.50096172e+00   5.85517332e+00 

   2.793492009607e+00 

