  2.62883156e+00  -5.66853861e+00  -2.20580260e-01 
  2.86924160e+00  -4.37069263e+00  -7.66227854e-01 
  3.50045882e+00  -4.69138767e+00  -2.07943859e+00 
  3.37093412e+00  -6.16582942e+00  -2.32182971e+00 
  3.45905644e+00  -6.65727859e+00  -9.12877486e-01 
  3.83909807e+00  -3.75217544e+00   2.01654484e-01 
  1.66942328e+00  -5.85364615e+00   7.92892994e-01 
  1.67267781e+00  -7.28079780e+00   1.27997989e+00 
  2.85938900e-01  -7.63370901e+00   1.42654390e+00 
 -3.17206520e-01  -7.46483358e+00   1.59777954e-01 
  4.84598737e-01  -8.22956561e+00  -8.56533827e-01 
 -3.71086170e-01  -8.08998117e+00  -2.08079337e+00 
 -1.79460339e+00  -8.02420057e+00  -1.53954154e+00 
 -1.69345706e+00  -8.00632568e+00  -4.05018069e-02 
  4.69863350e+00  -4.44738694e+00   8.07139867e-01 
  3.81718565e+00  -2.34085842e+00   1.98154918e-01 
  4.74593143e+00  -1.68906900e+00   1.07467661e+00 
  3.97799645e+00  -1.13454322e+00   2.19244171e+00 
  3.52754185e+00  -1.88621501e+00   3.22473125e+00 
  2.97581730e+00  -1.20152381e+00   4.31720451e+00 
  2.40497775e+00   2.38362619e-02   4.22959233e+00 
  2.76091556e+00   6.55136497e-01   3.10507309e+00 
  3.21396879e+00  -2.56220745e-02   2.01198814e+00 
  1.86800079e+00   8.83015476e-01   5.22676364e+00 
  1.46726232e+00  -4.98996330e+00   1.69913520e+00 
  1.36263386e+00   2.03110481e+00   5.16907779e+00 
  1.74999049e+00   4.87069471e-01   6.52775336e+00 
  1.30076515e+01   1.50470234e+00  -3.87571617e+00 
  9.69715731e+00   3.35893668e+00  -4.34120052e+00 
  8.23114647e+00   6.81023892e+00  -4.61993739e+00 
  6.20989116e+00   8.40522598e+00  -7.39471754e+00 
  4.49682463e+00   1.16686631e+01  -8.30413406e+00 
  3.44253559e+00   5.26493430e+00  -9.02036042e+00 
  2.19705234e+00   1.89802909e+00  -7.77832772e+00 
  3.60466195e+00  -3.19453092e+00  -7.47276116e+00 
  6.77168735e+00  -1.09496180e+00  -7.80941202e+00 
 -3.95930493e+00  -4.64892104e+00  -1.17117797e+01 
 -4.14075559e+00  -7.83089927e+00  -9.63654505e+00 
 -1.03207741e+00  -8.68492265e+00  -7.54033749e+00 
 -3.04996671e+00  -1.09427553e+01  -5.25111457e+00 
 -5.94848174e+00  -8.69190027e+00  -4.32106507e+00 
 -3.87807660e+00  -5.51486146e+00  -4.89262661e+00 
 -6.76431800e+00  -3.96277700e+00  -6.76775421e+00 
 -5.77623744e+00  -1.22055732e+00  -9.24756097e+00 
 -2.27713622e+00  -6.99128278e-01  -7.75245300e+00 
 -1.30643229e+00   2.09948411e+00  -1.01432683e+01 
  7.44316779e+00   8.00295593e-01   1.33477842e+01 
  9.75250731e+00  -1.89498848e+00   1.46742356e+01 
  1.31407033e+01  -2.35396537e+00   1.30969170e+01 
 -1.33006879e+01  -2.26343154e+00   5.90336470e+00 
 -9.68502816e+00  -2.77270596e+00   9.77651127e+00 
 -9.20655891e+00  -5.07804628e+00   6.74791116e+00 
 -1.23188863e+01  -7.26761272e+00   6.36528011e+00 
 -9.84336099e+00  -6.76587293e+00   1.41342743e+00 
 -1.08654536e+01  -3.22976040e+00   5.90590397e-01 
 -7.42145156e+00   3.95015221e+00   4.22582212e+00 
 -3.79542380e+00   7.48849098e+00   8.94800090e+00 
  1.94991572e+00   7.49491141e+00   1.22455978e+01 
  1.87295792e+00   5.79617335e+00   8.82482831e+00 
  3.61748338e+00   5.26351302e+00   5.55473803e+00 
  5.86877810e+00   2.24257724e+00   5.31771888e+00 
  8.05376436e+00   1.77350272e-01   3.05577392e+00 
  9.96717586e+00   2.38794619e+00   5.85073681e-01 
  7.02754260e+00   4.82837052e+00   6.46828732e-01 
  5.14826040e+00   2.75867783e+00  -1.86912946e+00 
  4.18193478e+00   4.43148178e+00  -5.12361668e+00 
  4.46449046e+00   7.91276233e+00  -3.57557012e+00 
  1.84982384e+00   1.05894984e+01  -3.08459618e+00 
 -7.96680102e-01   6.29397302e+00  -4.03442640e+00 
  9.84255797e-01   4.51735946e+00  -1.18427951e+00 
 -1.16045152e-02   8.62968080e-01  -1.72613339e+00 
 -1.44101964e-01  -1.45842139e+00   1.29520778e+00 
 -9.34363304e-01  -1.89647644e+00   4.99871295e+00 
 -1.63397898e-01  -4.35117422e+00   7.77084985e+00 
  3.30578356e+00  -3.83673587e+00   9.08390798e+00 
  3.77929943e+00  -1.13807735e-01   9.58267537e+00 
  2.23768793e+00   2.20997276e+00   1.21294645e+01 
 -3.98845711e+00  -1.14981143e+00   1.08695259e+01 
 -4.04855165e+00   2.10781186e+00   8.89052798e+00 
 -2.27662698e+00   2.54602262e+00   5.55067400e+00 
 -4.12675334e+00   1.53056332e+00   2.41722651e+00 
 -3.85846475e+00   3.65685374e+00  -6.98218239e-01 
 -4.86139167e+00   3.45469650e+00  -4.33130810e+00 

   1.714067964621e+00 

  2.45175592e+00   4.76872380e-01   3.68936896e+00 
  2.71572722e+00  -8.14185601e-02   2.40150711e+00 
  4.12151066e+00  -5.59668863e-01   2.54591423e+00 
  4.51042149e+00  -4.63380086e-01   3.99124171e+00 
  3.71535503e+00   7.40569517e-01   4.38215509e+00 
  2.60179059e+00   1.09579755e+00   1.47353203e+00 
  1.12868918e+00   6.48932528e-01   4.13855488e+00 
  1.10263918e+00   1.35103913e+00   5.47287291e+00 
  1.07983504e-01   6.57077125e-01   6.24626440e+00 
  5.14632591e-01  -6.94228300e-01   6.32113524e+00 
  1.93169704e+00  -7.39372378e-01   6.82162806e+00 
  2.13903388e+00  -2.21398099e+00   7.00343043e+00 
  7.60283683e-01  -2.74419890e+00   7.37969420e+00 
 -1.95734977e-01  -1.58921080e+00   7.28122036e+00 
  2.93768640e+00   2.25519920e+00   1.83657169e+00 
  2.28830529e+00   7.38439296e-01   1.44506888e-01 
  2.20095459e+00   1.81462557e+00  -7.98822965e-01 
  7.83098145e-01   2.00648248e+00  -1.11433016e+00 
 -7.62870979e-02   2.65379738e+00  -2.92152226e-01 
 -1.35334421e+00   2.93377976e+00  -7.99519554e-01 
 -1.95368267e+00   2.20919795e+00  -1.77399835e+00 
 -1.07186439e+00   1.46306685e+00  -2.44887700e+00 
  1.35846510e-01   1.11875430e+00  -1.91371492e+00 
 -3.19261202e+00   2.38680700e+00  -2.44810784e+00 
  1.85368381e-01   9.73852398e-01   3.35577726e+00 
 -3.75119719e+00   1.74448492e+00  -3.37125970e+00 
 -4.07853410e+00   3.35710477e+00  -2.07806299e+00 
  1.06761411e+01   2.70781628e+00  -6.30659636e+00 
  8.28376908e+00  -1.95354661e-01  -6.98643836e+00 
  6.71370648e+00  -2.16914193e+00  -9.77523939e+00 
  6.85387283e+00  -5.87232402e+00  -1.05469803e+01 
  5.58138699e+00  -8.41919159e+00  -1.30581330e+01 
  6.69670390e+00  -8.06967656e+00  -6.63424533e+00 
  5.69531877e+00  -7.14551875e+00  -3.08837895e+00 
  7.55580150e+00  -4.79315539e+00   1.27210142e+00 
  9.55307406e+00  -3.52213735e+00  -1.71904831e+00 
  5.46845124e+00  -1.23713295e+01   5.21069729e+00 
  4.60322046e+00  -1.02033942e+01   8.21335793e+00 
  5.52871512e+00  -6.47979548e+00   7.95752001e+00 
  3.03640588e+00  -5.55228159e+00   1.06664633e+01 
 -1.04578402e-01  -7.26885320e+00   9.43339691e+00 
  1.05664689e+00  -7.13034094e+00   5.78110908e+00 
 -1.28100288e-02  -1.07189414e+01   5.29758575e+00 
  1.78623313e+00  -1.25606570e+01   2.46614442e+00 
  3.10195312e+00  -9.35865155e+00   8.02729770e-01 
  4.81607542e+00  -1.11601075e+01  -2.07946505e+00 
 -4.81754734e+00   1.19002299e+01  -4.42157992e+00 
 -3.53361880e+00   1.49954916e+01  -2.65301727e+00 
  9.84930415e-03   1.61195654e+01  -3.25193170e+00 
 -1.35918547e+01  -6.05259898e+00   5.36724463e+00 
 -1.35976850e+01  -7.90551067e-01   4.56444331e+00 
 -1.07055498e+01  -2.13992478e+00   6.69295851e+00 
 -1.21546133e+01  -3.87954658e+00   9.77535115e+00 
 -7.15145062e+00  -6.03508560e+00   8.66958842e+00 
 -8.05789319e+00  -8.14298647e+00   5.67611568e+00 
 -9.65912578e+00  -5.02109415e+00  -2.34364762e+00 
 -1.10991788e+01  -1.09739425e-01  -7.00968261e+00 
 -9.33285346e+00   5.96837358e+00  -8.96406403e+00 
 -6.69070982e+00   3.83122769e+00  -7.21907441e+00 
 -3.12594911e+00   2.68653179e+00  -7.16643302e+00 
 -7.46450530e-01   4.68157673e+00  -5.01972785e+00 
  2.76483719e+00   4.92464385e+00  -3.69021598e+00 
  5.31796534e+00   3.80926310e+00  -6.31502536e+00 
  2.70033148e+00   1.38655161e+00  -7.68593960e+00 
  3.54369965e+00  -1.15198744e+00  -5.04208975e+00 
  4.73235343e+00  -4.55016080e+00  -6.20966795e+00 
  3.13218590e+00  -4.07969784e+00  -9.64678456e+00 
  3.98615016e-01  -6.03836514e+00  -1.13595685e+01 
  1.10853507e-01  -7.38597120e+00  -6.41397868e+00 
 -2.10119939e-01  -3.73745615e+00  -5.39578950e+00 
  2.41503734e-01  -3.88714907e+00  -1.59929020e+00 
 -1.41834278e+00  -1.20481134e+00   5.41939506e-01 
 -4.40476812e+00   1.10062569e+00   1.08844596e+00 
 -5.23438036e+00   4.21049982e+00   3.07468833e+00 
 -3.81387250e+00   7.26212135e+00   1.43342026e+00 
 -4.61596288e+00   7.02997775e+00  -2.25927659e+00 
 -7.92675800e+00   7.34361998e+00  -4.04894962e+00 
 -1.07055185e+01   3.25605110e+00   1.16744770e+00 
 -1.00909799e+01   9.85783286e-01  -1.83259574e+00 
 -6.66623303e+00  -4.26778184e-01  -2.70560559e+00 
 -5.60569217e+00  -3.65221066e+00  -1.04897202e+00 
 -3.74510020e+00  -6.26938446e+00  -3.04587463e+00 
 -1.92435715e+00  -9.51467827e+00  -2.41421519e+00 

   1.714067929306e+00 

 -1.26136619e+00   4.01359726e+00  -2.95482495e+00 
 -1.15673859e+00   3.85630072e+00  -1.53910436e+00 
 -1.44879252e+00   5.23345183e+00  -1.04518053e+00 
 -1.94175212e+00   6.05730291e+00  -2.19746587e+00 
 -1.15428730e+00   5.43238719e+00  -3.30372965e+00 
  2.79217049e-01   3.46343554e+00  -1.33019648e+00 
 -1.48980727e+00   2.89973986e+00  -3.78488567e+00 
 -1.45362871e+00   3.29827983e+00  -5.23880892e+00 
 -2.54716593e+00   2.59293052e+00  -5.85178684e+00 
 -3.72355136e+00   2.99457751e+00  -5.17960425e+00 
 -3.78520987e+00   4.49683966e+00  -5.18141362e+00 
 -5.14576249e+00   4.74216112e+00  -4.59898008e+00 
 -5.97356705e+00   3.54827239e+00  -5.06054876e+00 
 -5.03775794e+00   2.61656236e+00  -5.77738175e+00 
  1.19696208e+00   3.90317831e+00  -2.07397947e+00 
  4.99864989e-01   2.74618272e+00  -1.34723813e-01 
  1.85652691e+00   2.37310993e+00   1.40910543e-01 
  1.96733187e+00   9.29059497e-01  -8.05586927e-02 
  2.06288861e+00   3.75408731e-01  -1.31258429e+00 
  2.35558901e+00  -9.94739517e-01  -1.37350724e+00 
  2.05471720e+00  -1.87513522e+00  -3.88923673e-01 
  1.81013083e+00  -1.25446574e+00   7.70704293e-01 
  1.43834490e+00   5.81732798e-02   8.18188569e-01 
  2.33488181e+00  -3.26205859e+00  -2.51558939e-01 
 -9.90602153e-01   1.75996976e+00  -3.54027292e+00 
  2.09056175e+00  -4.08613428e+00   6.63877054e-01 
  2.91127963e+00  -3.98116296e+00  -1.25848938e+00 
  6.24189195e+00   8.69361574e+00   6.75771451e+00 
  3.62726208e+00   6.19180176e+00   7.99016778e+00 
  2.87592437e+00   3.81343116e+00   1.08039261e+01 
 -5.60934640e-02   3.68229611e+00   1.31945102e+01 
 -1.39653679e+00   1.67032825e+00   1.61214203e+01 
 -3.74243024e+00   4.74956473e+00   1.08633591e+01 
 -4.61318221e+00   4.91843790e+00   7.16968917e+00 
 -4.17302676e+00   8.06854749e+00   2.93979996e+00 
 -1.45643536e+00   9.03228689e+00   5.43838731e+00 
 -1.29192022e+01   7.27999195e+00   2.51476772e+00 
 -1.24284323e+01   7.41476753e+00  -1.25425837e+00 
 -8.87996948e+00   8.23484330e+00  -2.48840111e+00 
 -9.58923246e+00   6.72539514e+00  -5.89850145e+00 
 -1.10120125e+01   3.34603188e+00  -4.95595952e+00 
 -9.12849638e+00   3.30168187e+00  -1.61572091e+00 
 -1.22534625e+01   2.11340540e+00   1.38728648e-01 
 -1.23992775e+01   2.92084996e+00   3.87668091e+00 
 -8.64362837e+00   3.66605660e+00   4.17781278e+00 
 -8.74329499e+00   4.37720011e+00   7.91610065e+00 
  1.14224500e+01  -5.36894498e+00  -3.41652684e+00 
  1.35766267e+01  -3.57620473e+00  -5.96654683e+00 
  1.53311952e+01  -3.93911543e-01  -4.98017616e+00 
 -1.00317051e+01  -1.07283825e+01  -5.88800125e+00 
 -5.00711384e+00  -1.09553497e+01  -7.63028281e+00 
 -6.73424274e+00  -7.54885123e+00  -7.98904980e+00 
 -9.83057551e+00  -7.96619703e+00  -1.01948746e+01 
 -1.05639218e+01  -3.57656823e+00  -6.86407033e+00 
 -1.12523439e+01  -5.39000107e+00  -3.62936599e+00 
 -5.19217045e+00  -9.41162323e+00   1.24174872e+00 
  1.01197192e+00  -1.22159542e+01   2.51108804e+00 
  7.51249208e+00  -1.11175197e+01   1.86312912e+00 
  5.21863605e+00  -8.07350006e+00   2.11892535e+00 
  4.67566893e+00  -4.67951492e+00   3.60441149e+00 
  5.83973398e+00  -1.73436092e+00   1.54978168e+00 
  5.96312212e+00   2.01819345e+00   1.30711576e+00 
  6.47712594e+00   3.61070781e+00   4.74976933e+00 
  4.56037964e+00   6.80731639e-01   6.28020195e+00 
  1.26583508e+00   2.29716142e+00   5.45651655e+00 
 -1.07584717e+00   3.03878834e+00   8.33579237e+00 
  6.23473662e-01   4.42507771e-01   1.05645242e+01 
 -7.47603641e-01  -2.70223225e+00   1.21371584e+01 
 -4.14945336e+00  -1.42941981e+00   8.50879664e+00 
 -1.39906801e+00  -1.39280042e+00   5.88477651e+00 
 -3.13084559e+00   2.27947414e-01   2.88243382e+00 
 -1.91685714e+00  -6.59286413e-01  -6.20977694e-01 
 -5.24534578e-01  -3.30915487e+00  -2.98148621e+00 
  1.25279695e+00  -3.45439855e+00  -6.31685522e+00 
  4.87976781e+00  -2.60362626e+00  -5.93580313e+00 
  6.17811167e+00  -4.52670484e+00  -2.94426935e+00 
  6.77861503e+00  -8.23025218e+00  -2.51316894e+00 
  4.77287451e-01  -9.25319049e+00  -5.81276054e+00 
 -1.40459886e-01  -9.62575323e+00  -2.06952027e+00 
 -5.35713152e-01  -6.65711356e+00   2.79361387e-01 
 -3.97800009e+00  -5.14871035e+00   6.64011199e-01 
 -5.16931059e+00  -4.02518817e+00   4.07245335e+00 
 -8.07465627e+00  -2.11729729e+00   5.54382325e+00 

   1.714067927883e+00 

  2.76941739e+00  -8.84305815e-01  -2.89034857e+00 
  1.38090399e+00  -1.21891399e+00  -2.89331483e+00 
  1.11027949e+00  -1.43411802e+00  -4.34461653e+00 
  2.30710957e+00  -9.76910161e-01  -5.12439426e+00 
  3.38511096e+00  -1.31842910e+00  -4.14678692e+00 
  1.32120409e+00  -2.49585871e+00  -2.10223295e+00 
  3.33690585e+00  -1.89021011e-01  -1.80572700e+00 
  4.82797148e+00  -4.73228174e-02  -1.98090301e+00 
  5.12974405e+00   1.30049497e+00  -1.57916787e+00 
  4.37406945e+00   2.15645423e+00  -2.41181201e+00 
  4.64260389e+00   1.78801922e+00  -3.84455466e+00 
  3.91775321e+00   2.87892723e+00  -4.57599610e+00 
  4.02266632e+00   4.08614902e+00  -3.65118571e+00 
  4.68820301e+00   3.61528869e+00  -2.38903961e+00 
  2.26219790e+00  -3.33394175e+00  -2.13299638e+00 
  6.11791705e-02  -2.73650500e+00  -1.51340080e+00 
 -7.16660750e-02  -3.95791659e+00  -7.74360674e-01 
 -1.05133279e-01  -3.60782744e+00   6.47952736e-01 
  1.00430786e+00  -3.29546988e+00   1.35866137e+00 
  8.55642348e-01  -3.16888929e+00   2.74738647e+00 
 -3.07772132e-01  -2.83222956e+00   3.35415653e+00 
 -1.35693552e+00  -3.00940849e+00   2.54321056e+00 
 -1.21764247e+00  -3.04282799e+00   1.18563891e+00 
 -6.54000531e-01  -2.72845023e+00   4.72902494e+00 
  2.96488106e+00  -3.82442492e-01  -6.08930279e-01 
 -1.73136125e+00  -2.44703499e+00   5.30947411e+00 
  2.78566885e-01  -2.86498505e+00   5.71641784e+00 
 -4.68043264e+00  -1.11803738e+01  -6.21109266e+00 
 -6.72959164e+00  -8.26199965e+00  -4.83332415e+00 
 -1.00127585e+01  -7.44053191e+00  -3.19491401e+00 
 -1.27990726e+01  -5.12761279e+00  -4.29752066e+00 
 -1.62132165e+01  -3.88004676e+00  -3.20259600e+00 
 -1.08913592e+01  -1.50986193e+00  -6.15087699e+00 
 -7.40270521e+00  -7.57224447e-03  -6.10252711e+00 
 -2.64871493e+00  -4.75096047e-01  -8.38065492e+00 
 -4.49137107e+00  -3.79320309e+00  -8.76323247e+00 
 -3.69277744e+00   8.03753522e+00  -1.03153590e+01 
  6.70615669e-02   8.28730565e+00  -9.79985298e+00 
  1.94900805e+00   4.97087378e+00  -9.30306739e+00 
  4.87803474e+00   6.74197637e+00  -7.66166059e+00 
  3.12802418e+00   8.84911705e+00  -5.04819607e+00 
  1.57530332e-01   6.43162475e+00  -4.85152811e+00 
 -2.23397964e+00   9.35204525e+00  -4.93703901e+00 
 -5.73876999e+00   8.51728861e+00  -6.22744566e+00 
 -5.33096305e+00   4.72290391e+00  -5.79469674e+00 
 -8.84685681e+00   3.87214378e+00  -6.98010523e+00 
  3.39682079e+00  -1.00262614e+01   9.96094078e+00 
  6.52663597e+00  -1.20497160e+01   9.27759821e+00 
  6.41638045e+00  -1.47951071e+01   6.70288860e+00 
  1.59452512e+00   1.21114314e+01   8.62385264e+00 
  3.99920314e+00   7.80856142e+00   1.06329451e+01 
  4.71450556e+00   8.53256212e+00   6.93428947e+00 
  6.31614995e+00   1.19936133e+01   6.64609371e+00 
  3.77694263e+00   1.07735576e+01   1.85394327e+00 
  1.98083849e-01   1.12919859e+01   2.92576576e+00 
 -4.36379184e+00   5.78207051e+00   7.97126377e+00 
 -5.18140988e+00   5.06616735e-01   1.23835325e+01 
 -3.37493212e+00  -5.77442748e+00   1.34643832e+01 
 -3.40825303e+00  -4.53790579e+00   9.85007973e+00 
 -4.30919366e+00  -5.28736162e+00   6.29378807e+00 
 -1.59743418e+00  -6.80769440e+00   4.15241400e+00 
 -6.53700167e-01  -7.94088449e+00   6.91051882e-01 
 -3.62838705e+00  -9.55888554e+00  -1.09374511e+00 
 -5.94103280e+00  -7.23273960e+00   8.66263563e-01 
 -5.33809365e+00  -4.43778152e+00  -1.57710318e+00 
 -8.35023143e+00  -3.02352069e+00  -3.38005085e+00 
 -1.07374562e+01  -4.32283084e+00  -6.95175856e-01 
 -1.30486959e+01  -2.45594095e+00   1.63191342e+00 
 -9.80036937e+00   1.09417257e+00  -1.57700068e-01 
 -6.83190017e+00  -9.75157643e-01   1.00740894e+00 
 -3.87726768e+00   7.85251228e-01  -6.69179288e-01 
 -4.54730069e-01   5.94085546e-01   9.99527252e-01 
  1.56038673e+00   5.09249767e-01   4.23441826e+00 
  5.04053450e+00  -4.54407698e-01   5.35902601e+00 
  5.37078125e+00  -4.17394034e+00   5.64187017e+00 
  2.30605980e+00  -5.43975606e+00   7.46899491e+00 
  1.29686820e+00  -5.03694205e+00   1.10858816e+01 
  3.36899662e+00   1.81968339e+00   1.05084198e+01 
 -4.28520481e-01   1.76166794e+00   1.01803690e+01 
 -2.22421040e+00   8.22987815e-01   6.95845912e+00 
 -2.83712845e+00   3.54727559e+00   4.41381895e+00 
 -6.12059143e+00   3.66891419e+00   2.54214809e+00 
 -7.63525580e+00   5.56028891e+00  -3.51732522e-01 

   1.714067912132e+00 

 -3.11405142e+00  -2.13728738e+00  -3.62965428e+00 
 -1.96708053e+00  -1.37874330e+00  -4.01571061e+00 
 -2.42425923e+00  -7.35958835e-01  -5.28205130e+00 
 -3.89780262e+00  -9.72848837e-01  -5.43052003e+00 
 -3.99932334e+00  -2.31633258e+00  -4.78308603e+00 
 -9.12138600e-01  -2.42378908e+00  -4.25014753e+00 
 -3.28514738e+00  -2.54865316e+00  -2.29422905e+00 
 -4.50647897e+00  -3.42210211e+00  -2.15466274e+00 
 -5.14972634e+00  -2.98264429e+00  -9.45454300e-01 
 -5.44589074e+00  -1.61102360e+00  -1.11258775e+00 
 -6.20584405e+00  -1.43989583e+00  -2.39857887e+00 
 -6.58239914e+00   1.08087194e-02  -2.33400209e+00 
 -6.74770994e+00   2.90763336e-01  -8.44715887e-01 
 -6.34652913e+00  -9.60539507e-01  -1.16040940e-01 
 -1.20393625e+00  -3.56446452e+00  -4.70019908e+00 
  4.05378014e-01  -1.93616213e+00  -4.11363271e+00 
  1.45937716e+00  -2.87633709e+00  -4.36027029e+00 
  2.05490199e+00  -3.21633805e+00  -3.06552791e+00 
  1.48427567e+00  -4.08127882e+00  -2.19386249e+00 
  2.24991768e+00  -4.46260766e+00  -1.08252132e+00 
  3.23529556e+00  -3.70199042e+00  -5.48185839e-01 
  3.64729049e+00  -2.75716334e+00  -1.40103007e+00 
  2.86040399e+00  -2.32584615e+00  -2.42975893e+00 
  4.14555332e+00  -3.95512547e+00   5.14018198e-01 
 -2.30846347e+00  -2.89066795e+00  -1.56126133e+00 
  5.08202474e+00  -3.27648407e+00   1.00317976e+00 
  4.05617640e+00  -5.07901897e+00   1.28351726e+00 
  5.33934433e+00  -1.84188929e+00  -1.36790067e+01 
  6.13779375e+00   7.70214285e-01  -1.10043845e+01 
  8.94116888e+00   2.86911556e+00  -9.63539445e+00 
  9.26636101e+00   6.62654689e+00  -9.31161048e+00 
  1.16805786e+01   9.29100796e+00  -8.09350679e+00 
  5.23809351e+00   8.23076498e+00  -8.14459894e+00 
  2.06532525e+00   6.70589049e+00  -6.71693212e+00 
 -2.28577412e+00   4.06242187e+00  -8.16223928e+00 
  3.96429069e-01   3.49504963e+00  -1.08146750e+01 
 -6.56018311e+00   1.06776478e+01  -4.25505716e+00 
 -9.09337424e+00   8.02470132e+00  -3.25037797e+00 
 -8.61364141e+00   4.53290801e+00  -4.78805934e+00 
 -1.06887740e+01   2.91332102e+00  -2.05291918e+00 
 -9.08080782e+00   4.33318036e+00   1.06656417e+00 
 -5.71890269e+00   4.85177374e+00  -7.04164169e-01 
 -5.43517648e+00   8.29150714e+00   8.26595680e-01 
 -3.20931312e+00   1.07294759e+01  -1.10921201e+00 
 -1.48552000e+00   7.99384382e+00  -3.18183161e+00 
  8.10198584e-01   1.03875011e+01  -5.05012300e+00 
  7.40960295e+00  -1.32455237e+01   2.41477550e-01 
  5.77761458e+00  -1.63458941e+01  -1.20119799e+00 
  5.81810278e+00  -1.68808831e+01  -4.92821110e+00 
 -2.44388626e+00   1.83791687e+00   1.32994745e+01 
 -1.08817282e+00  -3.21722922e+00   1.23293098e+01 
 -3.85610559e+00  -1.78435092e+00   1.00929497e+01 
 -6.78131568e+00  -6.94265796e-01   1.23024732e+01 
 -6.87647327e+00   2.25795987e+00   7.59331057e+00 
 -4.01264979e+00   4.60739365e+00   8.30360707e+00 
  4.45565596e+00   2.41098023e+00   8.00267369e+00 
  9.81405402e+00  -1.97352026e+00   7.82808935e+00 
  1.20491509e+01  -7.42990948e+00   4.80896424e+00 
  9.61715906e+00  -5.20642256e+00   2.87639537e+00 
  8.77135639e+00  -3.60063728e+00  -3.98760145e-01 
  6.44488605e+00  -5.52218215e+00  -2.66718589e+00 
  4.51327904e+00  -5.45847403e+00  -5.89529712e+00 
  6.47447352e+00  -3.65759085e+00  -8.64533728e+00 
  8.04199242e+00  -1.45425087e+00  -5.94551608e+00 
  5.02722149e+00   7.94161638e-01  -5.91224309e+00 
  5.57481631e+00   4.44999442e+00  -6.72390765e+00 
  9.28187337e+00   4.23431516e+00  -5.82565863e+00 
  1.12552537e+01   6.01273824e+00  -3.14508538e+00 
  6.33548594e+00   6.62527733e+00  -1.81154591e+00 
  5.79777120e+00   2.86325727e+00  -1.90899024e+00 
  1.99062856e+00   2.55768149e+00  -1.68052455e+00 
  5.03539414e-01  -5.92444894e-01  -1.31278081e-01 
  7.81662880e-01  -3.33887718e+00   2.49782439e+00 
 -6.63830455e-01  -6.77344402e+00   3.14512439e+00 
  1.00229976e+00  -9.35013370e+00   9.98356542e-01 
  4.73256359e+00  -8.73214196e+00   1.18927929e+00 
  7.13606026e+00  -9.25220100e+00   4.05552585e+00 
  2.12298812e+00  -6.33014904e+00   8.29475564e+00 
  4.68968341e+00  -3.61157043e+00   7.55069343e+00 
  4.74472988e+00  -1.63673431e+00   4.29748334e+00 
  2.57825347e+00   1.44926825e+00   4.06174135e+00 
  3.89381493e+00   4.54347465e+00   2.33135044e+00 
  2.58279615e+00   7.89232354e+00   1.18568999e+00 

   1.714067910513e+00 

 -2.46460177e+00  -3.80397723e+00  -8.16416203e-01 
 -3.10392818e+00  -2.99097533e+00   1.68587044e-01 
 -3.83274808e+00  -4.00181190e+00   9.88854211e-01 
 -3.37884103e+00  -5.36916871e+00   5.71987940e-01 
 -3.11945580e+00  -5.11300941e+00  -8.77674635e-01 
 -4.03353687e+00  -2.12445283e+00  -6.34493218e-01 
 -1.34278740e+00  -3.32752795e+00  -1.52096248e+00 
 -9.13087672e-01  -4.31554793e+00  -2.57604833e+00 
  5.23110694e-01  -4.34694226e+00  -2.50248907e+00 
  8.58805679e-01  -4.73628984e+00  -1.18615272e+00 
  1.24342394e-01  -6.00761698e+00  -8.62300778e-01 
  7.15326689e-01  -6.36489651e+00   4.69460579e-01 
  2.14395218e+00  -5.83762960e+00   4.00912297e-01 
  2.27771402e+00  -5.10159672e+00  -9.02181142e-01 
 -4.58625203e+00  -2.54868883e+00  -1.68488584e+00 
 -4.36558587e+00  -9.10127171e-01   3.84124324e-03 
 -5.27852630e+00  -5.39090977e-02  -6.95525062e-01 
 -4.50810774e+00   1.08171239e+00  -1.20879731e+00 
 -3.72803333e+00   1.00710177e+00  -2.31309504e+00 
 -3.20072552e+00   2.21103734e+00  -2.80216354e+00 
 -2.97510909e+00   3.30341756e+00  -2.03350268e+00 
 -3.64918829e+00   3.24295102e+00  -8.79493952e-01 
 -4.08336171e+00   2.05634534e+00  -3.62801008e-01 
 -2.52033590e+00   4.60841647e+00  -2.36678659e+00 
 -1.22337988e+00  -2.11156630e+00  -1.86049777e+00 
 -2.33319578e+00   5.63961225e+00  -1.67511102e+00 
 -2.10483675e+00   4.92338008e+00  -3.62830538e+00 
 -1.47464222e+01  -9.29000709e-01   2.84800612e+00 
 -1.21191645e+01   9.13421586e-01   4.92575636e+00 
 -1.16240068e+01   3.95398069e+00   7.08168891e+00 
 -1.05258046e+01   4.25483110e+00   1.06917072e+01 
 -9.84650954e+00   6.86020379e+00   1.33679390e+01 
 -7.35187954e+00   1.15757395e+00   1.13957723e+01 
 -5.12620274e+00  -9.46972905e-01   9.14917337e+00 
 -5.15140936e+00  -5.37643988e+00   6.25297648e+00 
 -8.75479523e+00  -4.19387823e+00   6.66376215e+00 
  1.77528041e+00  -7.61538872e+00   1.11831149e+01 
  3.06860269e+00  -9.30566914e+00   8.03115809e+00 
  6.39917825e-01  -9.45941789e+00   5.05371977e+00 
  3.49072161e+00  -9.98575231e+00   2.60297989e+00 
  5.84394579e+00  -7.17724512e+00   3.55559143e+00 
  2.98251778e+00  -5.02586248e+00   4.93058277e+00 
  5.05895223e+00  -4.19582891e+00   7.97277703e+00 
  3.04129298e+00  -3.19824739e+00   1.10678426e+01 
 -1.98187092e-01  -2.52113543e+00   9.11894487e+00 
 -2.19939493e+00  -1.42893885e+00   1.21673506e+01 
 -6.55443203e+00   7.71762364e+00  -1.07988379e+01 
 -7.88005410e+00   5.71914011e+00  -1.37324007e+01 
 -1.12501219e+01   4.06233009e+00  -1.34565936e+01 
  1.28658938e+01   4.42329926e+00  -4.49314280e-01 
  1.01450885e+01   5.36442979e+00  -4.92651096e+00 
  9.78911318e+00   1.82849644e+00  -3.48210724e+00 
  1.32500056e+01   2.07849124e-01  -3.33055080e+00 
  9.98323597e+00  -2.14720373e+00   5.01237556e-01 
  9.94774560e+00   6.35349858e-01   3.04719733e+00 
  5.43323722e+00   8.09249823e+00   2.24894517e+00 
  1.82462891e+00   1.29271500e+01  -1.15269216e+00 
 -3.15014937e+00   1.37221074e+01  -5.45414050e+00 
 -3.18838471e+00   1.05951405e+01  -3.26007725e+00 
 -5.23474228e+00   8.28157924e+00  -1.14336830e+00 
 -6.66857882e+00   5.24459886e+00  -2.86714174e+00 
 -8.59504762e+00   2.04504173e+00  -2.41169587e+00 
 -1.13626859e+01   2.45682087e+00   2.00359075e-01 
 -9.15359923e+00   5.00818969e+00   1.99237653e+00 
 -7.23518296e+00   2.26617280e+00   3.70889025e+00 
 -7.23961256e+00   2.24643785e+00   7.49350095e+00 
 -8.13652519e+00   5.95689766e+00   7.64718388e+00 
 -6.22973487e+00   8.87507006e+00   9.09315771e+00 
 -2.77683709e+00   5.09917625e+00   8.67139256e+00 
 -3.58823672e+00   4.71388316e+00   4.97753332e+00 
 -1.80881499e+00   1.45114006e+00   4.06759987e+00 
 -6.28964799e-01   9.57542805e-01   4.76059327e-01 
  8.15917324e-01   2.51192513e+00  -2.69073755e+00 
  1.12671982e+00   1.65122528e+00  -6.36052845e+00 
 -2.11094641e+00   2.23736505e+00  -8.14879012e+00 
 -3.41512609e+00   5.61318530e+00  -7.03696455e+00 
 -2.12335096e+00   9.08188832e+00  -7.78668523e+00 
  4.46772535e+00   6.47409868e+00  -6.60443624e+00 
  3.40139564e+00   8.31140704e+00  -3.43910017e+00 
  1.07543064e+00   6.79401979e+00  -8.36449409e-01 
  2.60591959e+00   4.65087246e+00   1.87226400e+00 
  1.33029772e+00   4.91103816e+00   5.42249481e+00 
  1.76980418e+00   3.09954155e+00   8.70446836e+00 

   1.714067993140e+00 

  2.16175706e+00  -1.59192617e+00   3.12857302e+00 
  1.92752653e+00  -1.76185315e+00   1.72992844e+00 
  2.37742339e+00  -3.16593148e+00   1.50193858e+00 
  2.62449614e+00  -3.80838652e+00   2.83449195e+00 
  3.09750056e+00  -2.61536988e+00   3.60092286e+00 
  2.84256030e+00  -7.54481370e-01   1.09126318e+00 
  1.49024630e+00  -5.87416200e-01   3.85099921e+00 
  1.97983356e+00  -5.33915596e-01   5.27630309e+00 
  7.96852289e-01  -3.62951188e-01   6.07654414e+00 
 -4.62276440e-02  -1.46389873e+00   5.80424780e+00 
  7.41976969e-01  -2.72901982e+00   6.00119849e+00 
 -3.23456688e-01  -3.77372904e+00   5.84654339e+00 
 -1.58754121e+00  -3.10277048e+00   6.37150257e+00 
 -1.22857227e+00  -1.67875017e+00   6.68928422e+00 
  3.95622621e+00  -4.59346435e-01   1.60257948e+00 
  2.42629266e+00  -3.50004159e-01  -1.95374094e-01 
  3.27687554e+00   5.83807990e-01  -8.73743417e-01 
  2.59759428e+00   1.88191869e+00  -8.64236379e-01 
  2.56792840e+00   2.69271682e+00   2.19862447e-01 
  2.05157284e+00   3.98344076e+00   3.51757052e-02 
  1.15458969e+00   4.30678471e+00  -9.27058009e-01 
  1.11227737e+00   3.38253367e+00  -1.89336167e+00 
  1.53432705e+00   2.10179101e+00  -1.68102514e+00 
  5.86265138e-01   5.55544825e+00  -1.29957226e+00 
  1.22066304e+00   5.43982740e-01   3.34563098e+00 
 -2.22017074e-01   5.87884829e+00  -2.20450145e+00 
  8.18781959e-01   6.69276047e+00  -5.81433208e-01 
  9.28890147e+00  -4.00633425e+00  -7.63756309e+00 
  5.56421685e+00  -3.60020822e+00  -8.39644614e+00 
  3.16572344e+00  -2.73352879e+00  -1.11594940e+01 
  3.15987905e-01  -4.72605529e+00  -1.26553990e+01 
 -2.37590112e+00  -4.49076372e+00  -1.53218677e+01 
 -1.70649444e+00  -6.91321331e+00  -9.29559004e+00 
 -1.71656147e+00  -6.57820032e+00  -5.51173007e+00 
  1.09094876e+00  -7.88552682e+00  -1.22016399e+00 
  3.43021561e+00  -7.90581495e+00  -4.23330061e+00 
 -6.39549078e+00  -1.16197234e+01   1.48298226e+00 
 -5.30450185e+00  -1.05393098e+01   4.96248025e+00 
 -1.75799950e+00  -9.08450708e+00   5.26785680e+00 
 -2.61940284e+00  -7.35880769e+00   8.53743782e+00 
 -5.81660169e+00  -5.54817669e+00   7.62515207e+00 
 -4.85527331e+00  -5.37772166e+00   3.91656013e+00 
 -8.34772567e+00  -6.44245022e+00   2.95500365e+00 
 -8.62729418e+00  -8.11201128e+00  -4.77186137e-01 
 -5.20513175e+00  -6.87203674e+00  -1.70282325e+00 
 -5.50094367e+00  -8.43890465e+00  -5.15940446e+00 
  7.32230458e+00   1.27376576e+01  -1.01334458e+00 
  1.04922861e+01   1.30060768e+01   1.04485278e+00 
  1.35339535e+01   1.10467824e+01   1.84583204e-03 
 -1.27190141e+01   6.74702319e+00   6.57425281e+00 
 -8.47255284e+00   9.94582977e+00   6.83673071e+00 
 -7.91853594e+00   6.35111212e+00   8.05615957e+00 
 -1.03098556e+01   5.65483809e+00   1.09585713e+01 
 -9.00221686e+00   8.43086611e-01   8.50135325e+00 
 -1.11031856e+01   1.17316361e+00   5.38641928e+00 
 -9.21306994e+00   6.37192558e+00  -1.39793263e+00 
 -5.93750353e+00   1.15423736e+01  -4.63893046e+00 
  7.02346240e-02   1.41371855e+01  -5.66710373e+00 
 -1.39600945e-01   1.03962335e+01  -4.92242125e+00 
  1.06922738e+00   6.95979874e+00  -5.78860349e+00 
  3.99558660e+00   5.65017206e+00  -3.79566246e+00 
  6.22929328e+00   2.69182701e+00  -3.15180651e+00 
  6.97288583e+00   7.89603726e-01  -6.38921971e+00 
  3.52836653e+00   1.83119832e+00  -7.67423698e+00 
  1.88444410e+00  -9.81659896e-01  -5.79521535e+00 
 -7.79757736e-02  -3.50990850e+00  -7.81526006e+00 
 -5.08453329e-01  -1.06095712e+00  -1.07157625e+01 
 -3.63572920e+00   4.26514187e-01  -1.22157660e+01 
 -5.09991179e+00  -1.46021583e+00  -7.67108486e+00 
 -2.41252094e+00   5.74921009e-01  -5.91394031e+00 
 -2.42617978e+00  -8.96644918e-01  -2.38205952e+00 
 -1.36041127e+00   1.32811224e+00   5.24735524e-01 
 -1.31990404e+00   4.80726207e+00   2.08238107e+00 
  5.90690037e-01   6.66975327e+00   4.76295544e+00 
  3.95397599e+00   7.73709333e+00   3.50874706e+00 
  3.44807085e+00   9.23726229e+00   6.97357980e-02 
  1.79984328e+00   1.24798202e+01  -9.46035105e-01 
 -3.35802974e+00   1.09089916e+01   3.80468794e+00 
 -4.68077841e+00   9.96515432e+00   3.56261673e-01 
 -3.73029028e+00   6.73869248e+00  -1.42500437e+00 
 -5.75233285e+00   3.63761210e+00  -6.71824157e-01 
 -6.65227913e+00   1.25408824e+00  -3.46610024e+00 
 -8.19232575e+00  -2.17042651e+00  -3.84954341e+00 

   1.714067944455e+00 

  5.81782340e+00   1.68410646e-01   2.07705747e+00 
  4.59905458e+00  -2.43627195e-01   2.69736506e+00 
  5.01343809e+00  -4.26508199e-01   4.11886394e+00 
  6.39931328e+00   1.22482784e-01   4.28455182e+00 
  6.95281155e+00  -1.89330874e-01   2.93146162e+00 
  4.27839850e+00  -1.54694520e+00   2.02021151e+00 
  5.80007138e+00   8.59034634e-01   8.50439702e-01 
  7.20193634e+00   1.09014142e+00   3.45057247e-01 
  7.20653732e+00   2.43908544e+00  -1.54342259e-01 
  6.84372827e+00   3.27764308e+00   9.23717275e-01 
  7.74203616e+00   2.97159456e+00   2.08990035e+00 
  7.34676377e+00   4.04305444e+00   3.06264282e+00 
  6.95279389e+00   5.22363573e+00   2.18248277e+00 
  7.01988228e+00   4.75035637e+00   7.57989937e-01 
  5.18795754e+00  -2.32918233e+00   1.63349047e+00 
  2.90646611e+00  -1.87717138e+00   2.05274493e+00 
  2.53974900e+00  -3.12745875e+00   1.45443987e+00 
  1.85747520e+00  -2.82612547e+00   1.93351783e-01 
  2.51477385e+00  -2.47495217e+00  -9.37214815e-01 
  1.75883871e+00  -2.40205952e+00  -2.11617190e+00 
  4.27904631e-01  -2.15140838e+00  -2.14487581e+00 
 -1.39896573e-01  -2.36108926e+00  -9.51808165e-01 
  5.87808730e-01  -2.34252747e+00   2.03015319e-01 
 -4.97102780e-01  -2.11193725e+00  -3.22363150e+00 
  4.95014765e+00   6.06133463e-01  -5.61065129e-02 
 -1.73583031e+00  -1.91067923e+00  -3.26672942e+00 
 -9.13289898e-02  -2.22769440e+00  -4.52179043e+00 
  1.29353696e+00  -1.04180807e+01   8.40115484e+00 
 -1.33841155e+00  -7.66609548e+00   8.06420491e+00 
 -5.05324321e+00  -7.08457968e+00   8.04993614e+00 
 -7.20715347e+00  -4.89786055e+00   1.02652867e+01 
 -1.08262042e+01  -3.88093171e+00   1.07944187e+01 
 -4.91541478e+00  -1.12011558e+00   1.10646611e+01 
 -1.91433160e+00   5.74083673e-01   9.46681058e+00 
  3.37611650e+00   4.49439209e-01   9.40007673e+00 
  2.11292903e+00  -2.95311398e+00   1.05742044e+01 
  2.74626176e+00   8.94795313e+00   1.15626210e+01 
  5.86436640e+00   9.39243896e+00   9.43086589e+00 
  7.54280235e+00   6.17299108e+00   8.16387601e+00 
  9.32074490e+00   8.05218566e+00   5.38578954e+00 
  6.46196918e+00   9.97143821e+00   3.81205560e+00 
  3.87522439e+00   7.38523772e+00   4.96408076e+00 
  1.58471288e+00   1.01674451e+01   6.09033191e+00 
 -9.24293527e-01   9.17874314e+00   8.80563492e+00 
 -5.04851922e-01   5.40134314e+00   8.25223921e+00 
 -3.06923358e+00   4.39264483e+00   1.08784507e+01 
  1.28332504e+00  -9.33569512e+00  -9.68024738e+00 
  4.51623839e+00  -1.11562768e+01  -1.04488706e+01 
  5.73564891e+00  -1.38185238e+01  -8.08161387e+00 
 -1.17360898e+00   1.26969072e+01  -7.77196129e+00 
  3.66931402e-01   8.47352906e+00  -1.06221491e+01 
  2.59693703e+00   9.35631081e+00  -7.62821925e+00 
  3.93222862e+00   1.29096799e+01  -8.09489035e+00 
  3.86194646e+00   1.17045049e+01  -2.66871725e+00 
  1.53146664e-01   1.19853215e+01  -2.04280958e+00 
 -5.80254249e+00   6.06624438e+00  -4.51692715e+00 
 -8.14453156e+00   6.12754868e-01  -8.08644281e+00 
 -6.59972532e+00  -5.58821171e+00  -9.83130539e+00 
 -5.10981012e+00  -4.23896000e+00  -6.58276905e+00 
 -4.29261938e+00  -4.92225076e+00  -2.99307321e+00 
 -8.20794328e-01  -6.21705561e+00  -2.27163633e+00 
  1.62906499e+00  -7.18234355e+00   4.15782435e-01 
 -1.36164106e-01  -8.90671816e+00   3.34199587e+00 
 -3.22307536e+00  -6.77944284e+00   2.60267419e+00 
 -1.78364495e+00  -3.87715484e+00   4.51320553e+00 
 -3.77115489e+00  -2.57719787e+00   7.46000761e+00 
 -7.01031504e+00  -4.09541530e+00   6.11894350e+00 
 -1.02286564e+01  -2.43824314e+00   5.05192413e+00 
 -6.76180056e+00   1.34550810e+00   5.19941986e+00 
 -4.48846519e+00  -5.89899503e-01   2.84621814e+00 
 -1.21812932e+00   1.38771416e+00   3.03005582e+00 
  1.11644234e+00   1.33576108e+00   1.64197010e-02 
  1.49210980e+00   1.25974763e+00  -3.77639718e+00 
  4.16920312e+00   4.57826887e-01  -6.32489371e+00 
  4.58078035e+00  -3.24439642e+00  -6.70983866e+00 
  1.11324587e+00  -4.73955944e+00  -6.98170961e+00 
 -1.41655747e+00  -4.51179825e+00  -9.77650036e+00 
  2.47187275e-01   2.46584590e+00  -1.02065528e+01 
 -3.00005761e+00   2.20453158e+00  -8.22684601e+00 
 -3.11881131e+00   1.27112742e+00  -4.53888803e+00 
 -2.71733518e+00   4.03764325e+00  -1.99765979e+00 
 -4.83317475e+00   4.03464793e+00   1.13639749e+00 
 -5.02948137e+00   5.93050918e+00   4.39419234e+00 

   1.714067909869e+00 

  1.91059409e+00  -9.78797807e-02  -6.29075645e+00 
  7.16926205e-01   1.89217529e-01  -5.56091120e+00 
 -8.54729399e-02   9.58131206e-01  -6.55627570e+00 
  7.92199138e-01   1.27745820e+00  -7.72982578e+00 
  1.66316889e+00   6.26227453e-02  -7.72574987e+00 
  1.36196842e-01  -1.16880005e+00  -5.28070407e+00 
  3.10302819e+00  -4.21534932e-01  -5.61605313e+00 
  4.19029475e+00  -7.87640093e-01  -6.59476047e+00 
  5.37821323e+00  -1.46510521e-01  -6.09791075e+00 
  5.10465863e+00   1.23877822e+00  -6.04164594e+00 
  4.59442782e+00   1.67962981e+00  -7.38548838e+00 
  4.52287608e+00   3.16732138e+00  -7.20619873e+00 
  5.65503526e+00   3.48435173e+00  -6.23595150e+00 
  6.24637474e+00   2.17108332e+00  -5.80780079e+00 
  2.68812557e-01  -2.12211437e+00  -6.09450792e+00 
 -7.13479984e-01  -1.19762051e+00  -4.15396978e+00 
 -1.32831642e+00  -2.45769777e+00  -3.85420286e+00 
 -6.66591304e-01  -2.99553187e+00  -2.66278846e+00 
  5.47625275e-01  -3.59382474e+00  -2.69838000e+00 
  9.77200154e-01  -4.23191566e+00  -1.52577572e+00 
  5.62650938e-01  -3.88620961e+00  -2.83329956e-01 
 -5.57331042e-01  -3.15550508e+00  -3.21945442e-01 
 -9.24978984e-01  -2.46336271e+00  -1.43966038e+00 
  8.33409172e-01  -4.45778304e+00   9.89814224e-01 
  3.11133067e+00  -1.09933054e+00  -4.54429334e+00 
  4.36569710e-01  -4.17035586e+00   2.14598424e+00 
  1.73266903e+00  -5.47302154e+00   1.14434295e+00 
 -1.08906508e+01  -2.89038722e+00  -7.22135482e+00 
 -1.00662878e+01  -7.58961812e-01  -4.15677056e+00 
 -1.13409275e+01   1.64506397e-01  -7.41967765e-01 
 -1.22310210e+01   3.54126792e+00   7.18879515e-01 
 -1.35105131e+01   5.13390560e+00   3.91857544e+00 
 -9.22698412e+00   6.50552574e+00  -8.14528538e-01 
 -5.80106604e+00   6.24401382e+00  -2.43460132e+00 
 -3.47327798e+00   5.38049902e+00  -7.10842824e+00 
 -6.97770456e+00   3.87780204e+00  -7.22028006e+00 
  4.72139690e-01   1.30907967e+01  -5.59744182e+00 
  3.46071942e+00   1.15465241e+01  -7.37175209e+00 
  2.88424621e+00   8.12555547e+00  -9.03065331e+00 
  6.60449794e+00   7.37066215e+00  -9.04037760e+00 
  7.53931974e+00   8.09511865e+00  -5.44398613e+00 
  3.98889419e+00   7.35185292e+00  -4.19945231e+00 
  4.09188086e+00   1.04449331e+01  -2.03664149e+00 
  6.64124277e-01   1.19041148e+01  -1.16097628e+00 
 -1.27626395e+00   8.73288944e+00  -2.12491284e+00 
 -4.68743310e+00   1.01251000e+01  -1.16773140e+00 
  8.58990217e-01  -1.42974370e+01   5.20342091e-01 
  1.58725917e+00  -1.65814433e+01  -2.41393090e+00 
 -1.05145343e+00  -1.70842042e+01  -5.05266188e+00 
  1.29782708e+01   3.31112693e+00   6.69892835e+00 
  1.26518902e+01  -1.88682602e+00   5.59967746e+00 
  1.23973266e+01   4.65703368e-01   2.58028782e+00 
  1.56002428e+01   2.54498706e+00   2.36793609e+00 
  1.14665799e+01   5.33968299e+00  -8.22445005e-02 
  9.60717056e+00   6.47591169e+00   2.99628839e+00 
  4.58804497e+00   1.33308846e+00   7.99494688e+00 
  2.15992763e+00  -4.70802090e+00   1.03563449e+01 
 -1.31041013e-01  -1.05958082e+01   8.36422677e+00 
 -5.67916962e-01  -7.63130821e+00   5.99480517e+00 
 -2.84147711e+00  -5.81866486e+00   3.63559324e+00 
 -2.57338671e+00  -6.74926029e+00  -1.30620847e-02 
 -3.74888157e+00  -5.97434792e+00  -3.50211810e+00 
 -7.45286129e+00  -5.00898617e+00  -3.53131249e+00 
 -6.99416344e+00  -3.53950447e+00  -3.40093923e-02 
 -5.62217758e+00  -3.43726610e-01  -1.46578866e+00 
 -7.46365602e+00   2.86010720e+00  -6.48378901e-01 
 -9.08561317e+00   1.30011218e+00   2.43889899e+00 
 -8.79247712e+00   2.22564541e+00   6.08580594e+00 
 -4.86015429e+00   4.59291917e+00   3.78569861e+00 
 -3.66829735e+00   1.28907388e+00   2.33122149e+00 
 -1.02538392e+00   2.39763117e+00  -2.03739507e-01 
  1.82711645e+00   6.32540941e-03  -1.02825004e+00 
  4.26304911e+00  -2.65829716e+00   1.95863324e-01 
  6.49502713e+00  -5.32712344e+00  -1.28749660e+00 
  4.49730009e+00  -8.32913334e+00  -2.29793292e+00 
  2.13489544e+00  -9.11993542e+00   5.52841027e-01 
  2.85866178e+00  -1.04912860e+01   3.99641601e+00 
  8.42193850e+00  -5.94834830e+00   4.22456888e+00 
  5.58803457e+00  -4.35595350e+00   6.21590354e+00 
  2.67215454e+00  -2.52968144e+00   4.58841568e+00 
  3.10548516e+00   1.13577123e+00   3.78262652e+00 
  2.41450569e-01   3.53831463e+00   4.35199081e+00 
 -5.99098821e-01   7.13766667e+00   3.58766729e+00 

   1.714067906771e+00 

 -1.03252457e-02  -5.13715132e+00   3.50056939e+00 
 -4.18958898e-01  -3.80523565e+00   3.18596640e+00 
 -8.96351297e-01  -3.30042522e+00   4.50622186e+00 
 -5.13097130e-01  -4.29423265e+00   5.56213487e+00 
 -6.18850804e-01  -5.55494966e+00   4.76599640e+00 
 -1.54158268e+00  -4.00007419e+00   2.20528730e+00 
  8.92972758e-01  -5.82525392e+00   2.66844986e+00 
  1.08693781e+00  -7.24294776e+00   3.14444161e+00 
  2.49882162e+00  -7.49166113e+00   3.02696836e+00 
  3.15384328e+00  -6.52736628e+00   3.82577028e+00 
  2.55969724e+00  -6.56773050e+00   5.20633222e+00 
  3.46498425e+00  -5.63099873e+00   5.95029808e+00 
  4.81761140e+00  -5.79213293e+00   5.26611444e+00 
  4.61023911e+00  -6.71076152e+00   4.09530416e+00 
 -2.31752980e+00  -4.99045029e+00   2.28124696e+00 
 -1.74840144e+00  -2.89125366e+00   1.35672843e+00 
 -2.82957559e+00  -3.00024387e+00   4.21384120e-01 
 -2.24186224e+00  -3.19000481e+00  -9.07233628e-01 
 -1.74883201e+00  -4.37640963e+00  -1.33490946e+00 
 -1.39325723e+00  -4.46693861e+00  -2.68844681e+00 
 -1.02383958e+00  -3.40516145e+00  -3.44422084e+00 
 -1.39780454e+00  -2.24807101e+00  -2.88648977e+00 
 -1.65693795e+00  -2.14569661e+00  -1.55011682e+00 
 -7.04313325e-01  -3.30160980e+00  -4.82556128e+00 
  8.88286984e-01  -5.69074495e+00   1.40749317e+00 
 -3.88858370e-01  -2.32435778e+00  -5.54824465e+00 
 -6.15132864e-01  -4.40349010e+00  -5.62629332e+00 
 -1.11323966e+01   1.84921821e+00   3.66314637e+00 
 -8.14167269e+00   3.86900959e+00   2.40214227e+00 
 -7.23830342e+00   6.86717307e+00   3.20483436e-01 
 -5.31287538e+00   9.99797848e+00   1.22583678e+00 
 -4.09173980e+00   1.32588369e+01  -2.86540988e-01 
 -1.96636394e+00   8.77697503e+00   3.95941597e+00 
 -2.81944951e-01   5.48153594e+00   4.81543285e+00 
 -8.63805632e-01   1.18700236e+00   7.85306333e+00 
 -4.29769585e+00   2.76889941e+00   7.34558203e+00 
  7.11388914e+00   3.30436248e+00   1.08814728e+01 
  7.66269157e+00  -4.50340074e-01   1.11374913e+01 
  4.59437965e+00  -2.67523720e+00   1.04874070e+01 
  6.78606531e+00  -5.68232946e+00   9.73631779e+00 
  9.20927976e+00  -4.24727595e+00   7.20622264e+00 
  6.69669237e+00  -1.58386915e+00   6.06603172e+00 
  9.41748955e+00   1.03230480e+00   6.15776012e+00 
  8.17430056e+00   4.62358222e+00   6.60801910e+00 
  4.54096162e+00   3.81276086e+00   5.66338787e+00 
  3.29951749e+00   7.39480954e+00   6.00726946e+00 
 -6.74727585e+00  -8.84616178e+00  -1.02827605e+01 
 -8.67658032e+00  -1.19699986e+01  -9.34656287e+00 
 -1.18267317e+01  -1.16450370e+01  -7.30955442e+00 
  1.46886216e+01  -4.89255656e+00  -5.81222235e+00 
  1.09409910e+01  -7.98603896e+00  -7.98464133e+00 
  1.10556232e+01  -7.96446140e+00  -4.15028868e+00 
  1.45006293e+01  -9.17808447e+00  -3.01615292e+00 
  1.23294249e+01  -5.94332146e+00   9.49060184e-01 
  1.28202098e+01  -2.58110786e+00  -6.88162308e-01 
  8.01249638e+00   5.05928714e-01  -7.32014874e+00 
  3.53946043e+00   5.67789624e-02  -1.25886529e+01 
 -2.34763604e+00  -2.45919809e+00  -1.42900963e+01 
 -1.75714138e+00  -1.67385363e+00  -1.05985042e+01 
 -3.15899770e+00  -2.23339713e-01  -7.44391750e+00 
 -4.86893322e+00  -2.63342569e+00  -5.09484376e+00 
 -6.52662315e+00  -3.04153781e+00  -1.74203680e+00 
 -8.59511125e+00   4.93172970e-02  -8.36393746e-01 
 -6.10132888e+00   2.17150172e+00  -2.80573208e+00 
 -3.74005296e+00   2.26191303e+00   1.20286316e-01 
 -2.83200411e+00   5.65967175e+00   1.51829967e+00 
 -3.78253159e+00   7.40662793e+00  -1.74363331e+00 
 -1.67695253e+00   9.42161179e+00  -4.14130508e+00 
  1.69043480e+00   6.86941041e+00  -1.22502774e+00 
  2.56988485e-02   3.57039630e+00  -2.11754705e+00 
  1.63592425e+00   1.12833314e+00   3.48897707e-01 
  1.93084784e+00  -2.54003887e+00  -6.46569636e-01 
  2.52032394e+00  -5.09869621e+00  -3.41029577e+00 
  1.96502485e+00  -8.79461318e+00  -3.99045830e+00 
 -1.62498826e+00  -9.49614224e+00  -4.79274345e+00 
 -2.72916876e+00  -6.92944890e+00  -7.34735763e+00 
 -1.76656557e+00  -6.54922240e+00  -1.09793690e+01 
  4.99439478e+00  -7.87348714e+00  -8.93577774e+00 
  4.66436433e+00  -4.09836724e+00  -9.35008989e+00 
  3.08314142e+00  -1.84718975e+00  -6.71982280e+00 
  5.28816994e+00  -5.53347342e-01  -3.93837403e+00 
  4.89778474e+00   3.00876030e+00  -2.73086962e+00 
  6.17212181e+00   5.17524561e+00   8.48770954e-02 

   1.714067928998e+00 

