 -4.15767405e+00  -3.95835186e-01  -5.72677911e-01 
 -4.90882293e+00  -6.84291010e-01  -1.48815123e+00 
  3.61034901e-01  -2.66526709e+00  -1.44954644e+00 
  7.16048289e-01  -3.00946862e+00  -2.58193230e+00 
 -2.47893292e-01  -3.18416420e+00  -3.47236109e+00 
  1.92549868e+00  -2.51736666e+00  -2.75487679e+00 
 -4.60795400e+00  -8.54857650e-01   5.67628438e-01 
 -2.79137044e+00  -7.16017209e-01  -6.40281383e-01 
 -4.46628704e-01  -1.61155284e+00  -1.34372293e+00 
 -1.72652984e+00  -2.86403471e-01   1.57272488e-02 
 -2.68342481e+00  -1.98812334e+00  -1.09940082e+00 
 -5.21958250e-01  -8.29832379e-01  -2.79042788e-01 
 -1.60913793e+00  -1.92963898e+00  -1.93501685e+00 
  4.39241333e+00   4.18926367e+00  -7.24117357e+00 
  7.96573776e+00   4.68156901e+00  -8.48691286e+00 
 -7.19742180e+00   1.29438002e+01   1.62207179e+00 
 -8.01901507e+00   9.25942955e+00   2.30864510e+00 
 -5.19027794e+00   7.73636023e+00   4.38040804e+00 
 -1.86184437e+00   8.61784070e+00   5.92059492e+00 
 -4.14408830e+00   1.59782252e+00   9.94279285e+00 
 -8.71189247e+00  -2.89400337e-01   8.02909903e+00 
 -5.96406210e+00  -8.08710816e+00   8.15045792e+00 
 -3.43657886e+00  -6.18021545e+00   1.37441168e+01 
 -4.07756582e+00  -3.43276801e+00   1.11271240e+01 
  7.74785293e+00   5.01569510e+00   2.92534764e+00 
  5.72940131e+00   8.12748598e+00   2.14632816e+00 
  2.24721518e+00   9.27196940e+00   1.22204294e+00 
 -2.16780859e-01   1.09351021e+01  -1.11467092e+00 
 -1.57386379e+00   7.70923268e+00  -2.58598064e+00 
 -1.89033905e+00   6.65357874e+00  -6.21803615e+00 
  1.35354323e+00   6.96894138e+00  -8.18827747e+00 
  4.92650483e-01   4.59029843e+00  -1.10339460e+01 
  6.02343968e-01   7.65469664e-01  -1.11804107e+01 
 -2.15161435e+00   7.29056514e-01  -1.37831171e+01 
 -4.76311711e+00   3.43238762e+00  -1.37161523e+01 
 -4.78307127e+00   6.30299433e+00  -1.13146468e+01 
  1.01217687e+01   5.79159666e+00  -1.60809977e+00 
  1.32325357e+01   4.10087999e+00  -1.91129898e-01 
  7.13967565e+00  -1.24859290e+01   2.15900546e+00 
  5.37176306e+00  -1.58094674e+01   2.84210866e+00 
  6.37035102e+00  -1.71160383e+01  -6.20028120e-01 
  4.74506026e+00  -1.40438979e+01  -2.14750189e+00 
  1.53085983e+00  -1.43966329e+01  -9.20857919e-02 
  3.02977024e+00  -8.25431768e+00   9.14483028e+00 
  6.78760720e+00  -7.23540464e+00   3.38914294e+00 
  8.84320294e+00  -4.40001128e+00   1.95599030e+00 
  9.62742825e+00  -3.27212066e+00  -1.55599585e+00 
  1.08318081e+01  -4.55270894e+00  -4.89702459e+00 
  7.44338203e+00  -7.21277619e-01  -1.02664576e+01 
  8.14412510e+00   6.05121336e-01  -6.74699836e+00 
  5.58742207e+00   2.96991246e-01  -3.97687936e+00 
  2.96408789e+00   1.95368223e+00  -1.79629469e+00 
 -4.73149269e-01   2.10979590e+00  -3.11207553e+00 
 -4.01196620e+00   3.08684976e+00  -2.33835924e+00 
 -4.27304315e+00   6.28878633e+00  -3.50671558e-01 
 -8.70074892e-01   5.62055132e+00   1.26907432e+00 
 -2.55116848e+00   3.28545471e+00   3.77335370e+00 
 -2.00856217e+00   4.13366559e+00   7.41045482e+00 
  1.18719706e+00   6.01812113e+00   6.60848664e+00 
  4.72303007e+00   5.40484211e+00   7.76493054e+00 
  7.48605133e+00   2.97855875e+00   7.09409101e+00 
  2.19211229e+00   1.02381388e+00   8.68388096e+00 
  1.00902553e+00   8.24937064e-01   5.03178379e+00 
 -1.55406511e+00  -1.96637191e+00   5.16400944e+00 
 -2.03597343e+00  -4.11791749e+00   2.06848126e+00 
 -7.79801032e-01  -5.78650993e+00  -1.00257500e+00 
 -2.02344848e+00  -7.08261475e+00  -4.29799716e+00 
 -2.67750237e+00  -4.25838899e+00  -6.64164026e+00 
  2.19061918e-01  -1.84898531e+00  -6.62191856e+00 
  3.81154757e+00  -2.23307368e+00  -7.82566658e+00 
  3.19701497e+00  -5.64446240e+00  -9.41695636e+00 
  3.67428260e+00  -8.86255501e+00  -5.01524990e+00 
  5.48331802e+00  -6.58677441e+00  -2.52588545e+00 
  3.61164944e+00  -4.26531474e+00  -1.11864444e-01 
  2.60386394e+00  -5.69358845e+00   3.25356994e+00 
  2.92341216e+00  -3.57762762e+00   6.35778356e+00 
  1.73696098e+00  -3.76108915e+00   9.94870797e+00 

   4.824768259909e+00 

  2.84820337e+00   2.80607913e+00  -2.41983988e+00 
  3.92195455e+00   3.14790370e+00  -1.95536473e+00 
  7.96150378e-01  -6.90196493e-01   7.27076940e-01 
  1.11750337e+00  -7.73801404e-01   1.91726575e+00 
  2.29053064e+00  -2.56309689e-01   2.24707588e+00 
 -6.90678815e-03  -7.83586609e-01   2.60315963e+00 
  3.00133571e+00   2.23495015e+00  -3.58779296e+00 
  1.96982134e+00   2.00164466e+00  -1.67472075e+00 
  8.56691256e-01   5.07922547e-01   1.48562976e-01 
  6.78220519e-01   1.73625375e+00  -1.77539732e+00 
  2.69671972e+00   1.00846329e+00  -1.10383858e+00 
  1.23209493e-01   8.76300277e-01  -8.89034045e-01 
  2.14410053e+00   8.88239983e-01   1.35485928e-01 
 -3.61141281e+00   5.39698428e+00   7.07523935e+00 
 -6.17486700e+00   4.77184180e+00   9.83219017e+00 
 -2.30429528e+00   1.48113714e+01  -7.03801916e+00 
 -7.23211981e-02   1.17589958e+01  -7.68785022e+00 
 -2.28944461e+00   8.65989341e+00  -7.99382994e+00 
 -5.90344429e+00   7.59378323e+00  -7.82042613e+00 
 -2.11124511e+00   1.21500648e+00  -1.17698313e+01 
  3.11349820e+00   2.03279667e+00  -1.21190385e+01 
  4.84168849e+00  -5.81668964e+00  -1.01777837e+01 
 -1.84926140e-01  -6.95049806e+00  -1.40197956e+01 
 -8.22617896e-02  -3.50879944e+00  -1.23016123e+01 
 -1.04575506e+01   1.56570594e+00  -2.56323981e-01 
 -1.01546590e+01   5.29876024e+00  -8.36688477e-01 
 -7.66918540e+00   7.97548089e+00  -1.81000928e+00 
 -5.70707549e+00   1.11312346e+01  -1.11082279e+00 
 -2.47790199e+00   9.36592863e+00  -1.78731955e-01 
 -3.37726379e-01   9.72548652e+00   2.93522944e+00 
 -2.28366730e+00   9.30825689e+00   6.18227580e+00 
  6.49592189e-01   8.50281586e+00   8.47228918e+00 
  2.53926558e+00   5.21595570e+00   9.00939668e+00 
  5.68036327e+00   7.11068515e+00   9.95976422e+00 
  6.33274063e+00   1.04659524e+01   8.39483121e+00 
  4.00554178e+00   1.21885775e+01   6.02318250e+00 
 -1.09945431e+01   2.69921753e+00   4.76527288e+00 
 -1.31013963e+01  -4.52157713e-01   5.18144861e+00 
 -9.09797254e-01  -1.29969562e+01   1.75197967e+00 
  1.87962164e+00  -1.53568139e+01   6.16961549e-01 
  3.05738754e+00  -1.57960305e+01   4.23782508e+00 
  3.35487382e+00  -1.20205687e+01   4.50274386e+00 
  5.26447236e+00  -1.16741562e+01   1.19915892e+00 
 -2.45489480e+00  -9.89524219e+00  -6.70920518e+00 
 -3.73322572e+00  -8.72669377e+00   2.04176708e-02 
 -6.22011831e+00  -6.66706237e+00   1.99326830e+00 
 -6.07877681e+00  -4.91110939e+00   5.32761157e+00 
 -5.11985909e+00  -5.44888348e+00   8.93928515e+00 
 -2.38742272e+00   8.95236867e-01   1.16370688e+01 
 -4.92063143e+00   6.49017415e-01   8.78063778e+00 
 -3.81402202e+00   5.44664448e-01   5.16542550e+00 
 -3.42054333e+00   2.34152560e+00   1.84911411e+00 
 -3.26920984e-01   4.27317981e+00   1.33098019e+00 
  1.64921760e+00   6.29591778e+00  -1.13476592e+00 
 -5.01087946e-01   8.53040631e+00  -3.29224324e+00 
 -3.42503783e+00   6.07684259e+00  -3.00790217e+00 
 -1.88323529e+00   3.96040048e+00  -5.78165139e+00 
 -4.09734548e+00   3.32981071e+00  -8.77204610e+00 
 -7.23213678e+00   3.91448507e+00  -6.71329839e+00 
 -1.01132467e+01   1.60003974e+00  -5.96621254e+00 
 -1.07960346e+01  -1.38855368e+00  -3.82769130e+00 
 -6.28702756e+00  -1.43572911e+00  -7.57480749e+00 
 -3.89426170e+00   1.58599020e-02  -4.93954263e+00 
 -5.45676262e-01  -1.39321334e+00  -6.02573376e+00 
  2.07211369e+00  -2.07764309e+00  -3.35694933e+00 
  3.08410536e+00  -3.05460811e+00   8.03415593e-02 
  5.94097432e+00  -2.63396075e+00   2.47777966e+00 
  5.91264646e+00   7.93238646e-01   3.94413653e+00 
  2.43892464e+00   1.69193917e+00   5.09361196e+00 
  2.84744876e-01   2.92367160e-01   7.90487396e+00 
  3.07357028e+00  -1.89390263e+00   9.31558430e+00 
  2.66466975e+00  -6.23436732e+00   6.00618996e+00 
 -8.21885427e-01  -5.78747510e+00   4.49194355e+00 
 -1.43540883e+00  -3.79506375e+00   1.27112041e+00 
 -1.19675089e+00  -5.67325087e+00  -2.01478914e+00 
 -3.67344095e+00  -4.95674361e+00  -4.76581934e+00 
 -4.00516497e+00  -5.76341746e+00  -8.45028663e+00 

   4.824768259909e+00 

 -3.58662563e+00   2.66154400e+00   4.54700305e+00 
 -3.35978997e+00   2.37430313e+00   5.70956964e+00 
 -2.61276139e+00  -1.47451765e+00   1.66906409e+00 
 -1.85658922e+00  -2.37591741e+00   2.04654131e+00 
 -1.65977538e+00  -2.46966366e+00   3.35231362e+00 
 -1.00455494e+00  -2.57880070e+00   1.06281354e+00 
 -4.84823111e+00   2.96584115e+00   4.37522677e+00 
 -3.22438252e+00   1.78579062e+00   3.50983948e+00 
 -2.37458163e+00  -2.38765595e-01   2.10497705e+00 
 -3.06587108e+00   1.94163312e+00   2.20623370e+00 
 -3.58645558e+00   5.31153723e-01   3.87792409e+00 
 -2.72613592e+00   8.62760137e-01   1.46204947e+00 
 -2.55135853e+00  -2.36199015e-01   3.43575815e+00 
  7.04913768e+00  -1.62158195e-01   3.63319891e-01 
  9.54581063e+00  -1.83647994e+00  -1.98745642e+00 
  1.42517702e+00   1.55507790e+01   3.67963970e+00 
 -1.50776266e+00   1.32498763e+01   4.58776789e+00 
 -2.86884921e+00   1.16727854e+01   1.38247174e+00 
 -2.26820986e+00   1.15783033e+01  -2.34015622e+00 
 -1.00974472e+01   8.63760377e+00  -1.49004031e+00 
 -1.14597645e+01   8.30950242e+00   3.62123256e+00 
 -1.50596078e+01   9.40730691e-01   2.56677607e+00 
 -1.71140401e+01   3.70427672e+00  -2.86052091e+00 
 -1.38487705e+01   5.08437342e+00  -1.36341342e+00 
  1.33592563e+00   3.28841603e+00  -8.04815221e+00 
  2.96917861e+00   6.32335154e+00  -6.47147475e+00 
  3.03589552e+00   8.35998450e+00  -3.28753995e+00 
  4.80431371e+00   9.78040291e+00  -2.62209023e-01 
  3.51538568e+00   7.17697972e+00   2.18186797e+00 
  5.43808275e+00   4.95465842e+00   4.58414045e+00 
  8.24063337e+00   2.97925049e+00   2.92656684e+00 
  8.62546204e+00   2.64073476e-01   5.56789766e+00 
  6.55844016e+00  -2.90010051e+00   6.18289620e+00 
  7.43140858e+00  -2.82283745e+00   9.86958162e+00 
  7.99492823e+00   4.95769561e-01   1.15434165e+01 
  7.89759049e+00   3.80006012e+00   9.78836702e+00 
  5.95732402e+00   9.87792490e-01  -7.67471843e+00 
  5.07964125e+00  -1.11869276e+00  -1.07301384e+01 
 -8.45704141e+00  -1.07495283e+01  -4.26689293e+00 
 -1.15236974e+01  -1.23537675e+01  -2.63591479e+00 
 -9.39059494e+00  -1.52751717e+01  -1.36864699e+00 
 -7.09101116e+00  -1.27546047e+01   2.96119864e-01 
 -9.96649338e+00  -1.07863547e+01   1.88917843e+00 
 -1.26018167e+01  -2.67305348e+00  -5.35822124e+00 
 -6.44360438e+00  -5.88910233e+00  -5.50282462e+00 
 -3.00751284e+00  -5.11250204e+00  -6.88449852e+00 
  4.92868147e-01  -6.01706176e+00  -5.81197906e+00 
  2.62772400e+00  -8.95628682e+00  -4.78423557e+00 
  7.52604954e+00  -6.66920300e+00   2.91960102e-01 
  5.98232125e+00  -4.44401949e+00  -2.41034071e+00 
  2.85114427e+00  -2.42657607e+00  -1.75392127e+00 
  1.26292007e+00   9.43277868e-01  -1.04463636e+00 
  1.05949701e+00   2.00745261e+00   2.47621598e+00 
 -2.29828784e-01   4.64362372e+00   4.81389373e+00 
  7.85073628e-02   8.14430188e+00   3.42766051e+00 
 -2.48692698e-01   6.81273081e+00  -1.45876438e-01 
 -4.03988829e+00   6.72070295e+00   2.64652319e-01 
 -6.00387099e+00   8.68147260e+00  -2.29279606e+00 
 -3.16277155e+00   8.46805384e+00  -4.80074525e+00 
 -3.07178866e+00   6.92945349e+00  -8.24167823e+00 
 -2.97924331e+00   3.51448329e+00  -9.75844354e+00 
 -7.20080299e+00   4.90932686e+00  -5.93652052e+00 
 -5.08360949e+00   3.73842409e+00  -2.94929131e+00 
 -7.73039199e+00   2.67381797e+00  -4.51396351e-01 
 -6.89366843e+00  -1.28372558e-01   1.97580382e+00 
 -5.16141735e+00  -3.28730334e+00   2.87803382e+00 
 -3.96154644e+00  -5.15963597e+00   5.90144814e+00 
 -8.55976536e-01  -3.59844498e+00   7.24860028e+00 
  1.58053857e+00  -2.91993472e+00   4.45598186e+00 
  3.54630558e+00  -5.28514960e+00   2.21009563e+00 
  2.50829860e+00  -8.40846083e+00   4.13750188e+00 
 -2.39081660e+00  -9.34867316e+00   1.88503761e+00 
 -2.22953776e+00  -7.27503957e+00  -1.32786679e+00 
 -3.32913414e+00  -3.60223462e+00  -1.47349395e+00 
 -6.97801614e+00  -2.90198849e+00  -2.23313965e+00 
 -7.90088049e+00  -5.42811726e-02  -4.52539354e+00 
 -1.10588739e+01   1.81190722e+00  -5.46373324e+00 

   4.824768259909e+00 

  4.50865821e+00   7.78462688e-01   1.07001543e+00 
  5.23349074e+00   1.38071894e+00   2.97080744e-01 
  4.30651473e-02  -1.04618505e-01  -1.29992051e+00 
 -3.43163837e-01   5.80509457e-01  -2.25293352e+00 
  5.91083504e-01   1.24148353e+00  -2.91841120e+00 
 -1.57518886e+00   9.48501056e-01  -1.96737983e+00 
  5.01895764e+00  -3.85705825e-01   1.38315820e+00 
  3.15304069e+00   5.70654343e-01   7.65074192e-01 
  8.16158877e-01   4.79476583e-01  -3.86141626e-01 
  2.09984482e+00   2.44051258e-01   1.49508081e+00 
  3.07275554e+00   1.76789132e-01  -5.30734981e-01 
  9.04869272e-01   9.41964057e-02   8.76393473e-01 
  1.96542575e+00   8.25609595e-01  -9.87483935e-01 
 -4.45194295e+00   8.40669231e+00   7.32821333e-01 
 -8.08622585e+00   9.51151054e+00   3.66429618e-01 
  7.15396026e+00   7.11025954e+00   1.31080215e+01 
  8.13239434e+00   4.41142824e+00   1.05624446e+01 
  5.44233444e+00   1.69531844e+00   1.05578791e+01 
  2.14692495e+00   8.09456360e-01   1.21651060e+01 
  4.83241119e+00  -6.47247380e+00   8.93570580e+00 
  9.38680966e+00  -5.82011741e+00   6.30501107e+00 
  6.92544057e+00  -1.06988615e+01   9.94437712e-02 
  4.55074030e+00  -1.41847470e+01   4.94947802e+00 
  4.99127746e+00  -1.04177854e+01   5.60056190e+00 
 -7.43734695e+00   5.66343552e-01   7.43479206e+00 
 -5.56286677e+00   3.14771190e+00   9.48103794e+00 
 -2.16220928e+00   4.75238719e+00   9.86873837e+00 
  1.48334821e-01   7.74522423e+00   9.82594768e+00 
  1.56136862e+00   7.07826433e+00   6.36601125e+00 
  1.77397547e+00   9.38080955e+00   3.35611542e+00 
 -1.55315338e+00   1.09788899e+01   2.41780331e+00 
 -7.19191525e-01   1.18923229e+01  -1.18317648e+00 
 -6.98095041e-01   9.72942876e+00  -4.34296183e+00 
  1.95225381e+00   1.19401278e+01  -5.90761952e+00 
  4.46637367e+00   1.36309972e+01  -3.68217757e+00 
  4.47724991e+00   1.34126379e+01   5.41589122e-02 
 -1.00116779e+01   4.54020574e+00   5.34412618e+00 
 -1.30028299e+01   2.23490674e+00   4.81327318e+00 
 -6.23597929e+00  -9.19527990e+00  -7.07490917e+00 
 -4.32553717e+00  -1.16271281e+01  -9.32754709e+00 
 -5.41062305e+00  -9.67906090e+00  -1.24449690e+01 
 -3.95641082e+00  -6.54144938e+00  -1.08786188e+01 
 -6.54282674e-01  -8.23164129e+00  -9.91974301e+00 
 -2.01131081e+00  -1.20675220e+01   5.08098626e-01 
 -6.02376733e+00  -7.04117022e+00  -2.12314442e+00 
 -8.23322294e+00  -4.31299115e+00  -7.10982689e-01 
 -9.19294986e+00  -8.65910297e-01  -1.90167624e+00 
 -1.04797643e+01   9.89663288e-01  -4.92721182e+00 
 -7.44113695e+00   7.75340863e+00  -5.03017345e+00 
 -8.05150011e+00   5.68205990e+00  -1.87201898e+00 
 -5.37978893e+00   3.41056691e+00  -4.55151768e-01 
 -2.73446502e+00   2.78399884e+00   2.18892286e+00 
  6.41329613e-01   4.11260070e+00   1.54933107e+00 
  4.17045024e+00   4.25848035e+00   2.81444892e+00 
  4.39423369e+00   4.58178366e+00   6.57168956e+00 
  1.08271825e+00   2.70656666e+00   6.98124343e+00 
  2.94195887e+00  -6.03010600e-01   6.60695781e+00 
  2.51112505e+00  -3.04482579e+00   9.45200766e+00 
 -7.78502678e-01  -1.44830387e+00   1.04701775e+01 
 -4.24264968e+00  -2.92612746e+00   1.06471287e+01 
 -6.94140406e+00  -3.97573031e+00   8.28360980e+00 
 -1.52341246e+00  -6.13607342e+00   7.68986331e+00 
 -4.76714763e-01  -3.26248892e+00   5.36091590e+00 
  2.18743618e+00  -4.89419839e+00   3.21192847e+00 
  2.62514270e+00  -3.66513201e+00  -3.57593565e-01 
  1.31092174e+00  -2.25960234e+00  -3.53420592e+00 
  2.47105545e+00  -3.21505819e-01  -6.53157569e+00 
  2.93252061e+00   3.27251099e+00  -5.65590811e+00 
 -4.51273755e-02   4.53772013e+00  -3.72496067e+00 
 -3.66567743e+00   5.08665186e+00  -4.77032070e+00 
 -2.99220883e+00   4.36668666e+00  -8.45481748e+00 
 -3.18316835e+00  -1.10334352e+00  -8.41976565e+00 
 -4.97412587e+00  -1.84181666e+00  -5.11887934e+00 
 -3.09405069e+00  -2.29972037e+00  -1.80595658e+00 
 -1.90605952e+00  -5.79615151e+00  -9.42595533e-01 
 -2.18002604e+00  -7.04483631e+00   2.60441336e+00 
 -8.49228391e-01  -9.97250127e+00   4.60286731e+00 

   4.824768259909e+00 

 -4.32938068e+00  -1.30003474e+00   1.88732080e+00 
 -4.97402937e+00  -2.27835500e+00   1.55140362e+00 
  6.49871197e-01  -2.52062091e+00   1.65243715e+00 
  1.06903732e+00  -3.44210266e+00   9.43933033e-01 
  1.87412313e-01  -4.36882336e+00   6.02624613e-01 
  2.06204993e+00  -2.94207506e+00   2.37715828e-01 
 -4.58975787e+00  -9.67978068e-01   3.12655214e+00 
 -2.93299809e+00  -1.27623595e+00   1.73427962e+00 
 -4.42265471e-01  -1.87321205e+00   1.25002925e+00 
 -2.03972992e+00  -3.01239739e-01   1.71830579e+00 
 -2.44594452e+00  -2.46695034e+00   2.16517982e+00 
 -7.32827819e-01  -6.23208115e-01   1.57153960e+00 
 -1.46152534e+00  -2.74676050e+00   1.26607359e+00 
  2.22717391e+00  -5.95247374e-01  -7.86515719e+00 
  5.44308921e+00  -2.93533438e-01  -9.89733233e+00 
 -1.13078249e+01   9.02901309e+00  -4.16370818e+00 
 -1.09306371e+01   6.67387861e+00  -1.15837022e+00 
 -7.72394534e+00   7.57892381e+00   7.15587327e-01 
 -4.79995818e+00   9.95755413e+00   5.73917344e-01 
 -4.70260837e+00   7.11846355e+00   8.48577278e+00 
 -8.50078660e+00   3.50297172e+00   9.25436240e+00 
 -3.46770647e+00  -1.38983815e+00   1.36244955e+01 
 -1.53349360e+00   4.24194256e+00   1.60442678e+01 
 -3.05275382e+00   4.32570631e+00   1.25097501e+01 
  5.38445812e+00   7.48494746e+00  -1.53727246e+00 
  2.48361612e+00   8.75102709e+00  -3.62207912e+00 
 -1.20134060e+00   8.19603973e+00  -4.25678281e+00 
 -4.11067639e+00   7.29435768e+00  -6.49737499e+00 
 -4.43231895e+00   3.71561774e+00  -5.27188463e+00 
 -4.48587393e+00   4.77693390e-01  -7.25162372e+00 
 -1.54418290e+00   9.95638965e-02  -9.64067136e+00 
 -1.68740396e+00  -3.67944755e+00  -1.00827890e+01 
 -3.99938461e-01  -6.48597316e+00  -7.81813758e+00 
 -3.06354250e+00  -8.84205112e+00  -9.12726058e+00 
 -6.38263956e+00  -7.43454860e+00  -1.01926062e+01 
 -7.23900611e+00  -3.79111071e+00  -1.01950612e+01 
  7.29984099e+00   5.54236228e+00  -5.93583083e+00 
  1.08121178e+01   5.95370633e+00  -4.50827830e+00 
  1.02184415e+01  -5.66279644e+00   8.99996825e+00 
  9.58422693e+00  -7.96847767e+00   1.19865479e+01 
  1.08621159e+01  -1.09863568e+01   9.99906168e+00 
  8.33070651e+00  -1.01605863e+01   7.29298301e+00 
  5.43069982e+00  -9.74607118e+00   9.76247286e+00 
  5.15400858e+00   1.11028958e+00   1.24750842e+01 
  8.28231205e+00  -1.16986265e+00   6.70428852e+00 
  9.32479742e+00   3.51007243e-01   3.39989222e+00 
  9.64269145e+00  -1.00714398e+00  -1.03757580e-01 
  1.11107839e+01  -3.88112751e+00  -2.06279648e+00 
  6.58326538e+00  -5.45098717e+00  -7.72223327e+00 
  6.91556338e+00  -2.01077923e+00  -6.08164931e+00 
  4.64240412e+00  -9.46059431e-01  -3.25245287e+00 
  1.68341529e+00   1.11617915e+00  -2.08069612e+00 
 -1.66088096e+00  -3.95538395e-01  -2.39793834e+00 
 -5.31021599e+00   4.63820926e-02  -1.64723427e+00 
 -6.50766783e+00   3.59894766e+00  -2.11290395e+00 
 -3.03036879e+00   4.93934952e+00  -1.23996528e+00 
 -3.84845037e+00   4.56963417e+00   2.46735452e+00 
 -3.51551738e+00   7.71192705e+00   4.53073499e+00 
 -1.08048262e+00   9.22121601e+00   2.04078415e+00 
  2.49581182e+00   1.03218042e+01   2.50383111e+00 
  5.85963593e+00   8.74378962e+00   2.91091912e+00 
  1.46966387e+00   7.25113486e+00   6.49900737e+00 
  3.26255973e-01   4.42338234e+00   4.15945739e+00 
 -1.24097269e+00   1.95860828e+00   6.57751574e+00 
 -1.09996493e+00  -1.74171501e+00   5.72229465e+00 
  5.43672952e-01  -4.70218425e+00   4.19663649e+00 
 -3.09058219e-01  -8.09002395e+00   2.82486920e+00 
 -1.85851553e+00  -7.77251333e+00  -5.50789210e-01 
  1.47473769e-01  -5.40699363e+00  -2.68995333e+00 
  3.65438158e+00  -5.69941905e+00  -4.14548461e+00 
  4.09336770e+00  -9.32878827e+00  -3.05810397e+00 
  5.64244267e+00  -8.59797885e+00   2.14047358e+00 
  6.71083045e+00  -4.92287821e+00   2.17055141e+00 
  4.26518461e+00  -2.06674827e+00   2.93288590e+00 
  3.82475573e+00  -1.06935104e+00   6.56509834e+00 
  3.54066845e+00   2.57596341e+00   7.48516379e+00 
  2.54927818e+00   4.57384878e+00   1.05448471e+01 

   4.824768259909e+00 

 -1.31684908e+00   3.00591472e+00   3.94172288e+00 
 -8.39395756e-01   4.10439646e+00   4.16733094e+00 
  2.28548482e-01   1.52927013e+00  -7.24026508e-01 
  1.24429131e+00   1.98860156e+00  -1.25702564e+00 
  1.66561215e+00   3.16015600e+00  -8.07009743e-01 
  1.95047286e+00   9.52220701e-01  -1.65960075e+00 
 -2.62476254e+00   3.05708410e+00   3.91944506e+00 
 -9.09737817e-01   2.26564931e+00   2.81916336e+00 
  2.02483989e-01   1.45493192e+00   6.05494951e-01 
 -1.00870364e+00   9.88257581e-01   2.49163178e+00 
 -8.67679074e-01   3.10842664e+00   1.75678191e+00 
 -5.22966603e-01   5.88007706e-01   1.29285881e+00 
  2.47054660e-01   2.70862660e+00   1.08350968e+00 
  8.87321555e+00  -2.46506365e+00   1.74469337e+00 
  1.13098215e+01  -4.65724918e+00  -2.09827695e-01 
 -5.14613390e-02  -3.31650228e+00   1.62066608e+01 
 -2.09665854e+00  -1.00278210e+00   1.39296336e+01 
 -3.49463399e+00  -3.05988413e+00   1.10265850e+01 
 -3.49548485e+00  -6.56372617e+00   9.62989468e+00 
 -1.00435510e+01  -2.88932183e+00   5.84982172e+00 
 -1.04345676e+01   2.20620172e+00   7.25389252e+00 
 -1.21059653e+01   4.58967447e+00  -4.85295729e-01 
 -1.56539775e+01  -7.69648721e-01  -4.33378759e-01 
 -1.26660803e+01  -6.68096297e-01   1.98945860e+00 
  1.18431785e+00  -9.87339145e+00   6.05549619e-01 
  2.19934758e+00  -9.85220258e+00   4.25705977e+00 
  2.24181232e+00  -7.65084990e+00   7.32984497e+00 
  4.03955682e+00  -5.80503295e+00   1.00972613e+01 
  3.88467767e+00  -2.39515532e+00   8.43551307e+00 
  6.68061992e+00   6.24054164e-02   7.69423629e+00 
  9.59822821e+00  -1.47324271e+00   5.78808221e+00 
  1.10973821e+01   1.74335249e+00   4.40860376e+00 
  1.00548423e+01   3.86641250e+00   1.39720429e+00 
  1.14571083e+01   6.98219563e+00   3.03587394e+00 
  1.13953962e+01   7.25920063e+00   6.78445899e+00 
  1.01582433e+01   4.58206508e+00   9.08889108e+00 
  6.24401948e+00  -9.89755806e+00  -4.84624613e-01 
  5.46848047e+00  -1.17598899e+01  -3.72089682e+00 
 -3.86463205e+00   6.56403675e-01  -1.24671519e+01 
 -6.10307115e+00   3.42812652e+00  -1.38617827e+01 
 -3.10638293e+00   5.03457060e+00  -1.56309333e+01 
 -1.30863085e+00   5.14445002e+00  -1.22889569e+01 
 -4.30414210e+00   6.64164063e+00  -1.04273516e+01 
 -1.00942012e+01  -2.01869994e+00  -6.33234185e+00 
 -3.41569925e+00  -2.58520926e+00  -8.16650065e+00 
 -5.69467633e-01  -4.94412814e+00  -7.35821656e+00 
  3.17074632e+00  -4.52358333e+00  -7.12340814e+00 
  6.13532830e+00  -3.12962424e+00  -8.99985209e+00 
  1.10150504e+01  -4.73592784e-01  -4.08803809e+00 
  8.53095386e+00  -3.29804895e+00  -3.38898163e+00 
  5.12893328e+00  -2.60713116e+00  -1.88760814e+00 
  2.85090278e+00  -2.69787626e+00   1.14287022e+00 
  2.94424291e+00   2.01114319e-01   3.41385927e+00 
  1.40358613e+00   1.76427945e+00   6.45678349e+00 
  5.60468294e-01  -7.42170044e-01   9.15462050e+00 
  2.34215153e-02  -3.46977984e+00   6.52364478e+00 
 -3.49541065e+00  -2.13639042e+00   5.89909703e+00 
 -6.28724321e+00  -4.63771506e+00   6.33662859e+00 
 -3.92952146e+00  -7.54527939e+00   5.70859949e+00 
 -3.99317094e+00  -1.01855242e+01   3.01775490e+00 
 -3.25660379e+00  -1.04481489e+01  -6.37331994e-01 
 -7.02606377e+00  -6.40096022e+00   1.30835171e+00 
 -4.22571543e+00  -3.80981317e+00   1.77852838e+00 
 -6.06632732e+00  -5.32169004e-01   1.28101492e+00 
 -4.14865897e+00   2.40785964e+00  -1.75851026e-01 
 -1.53006575e+00   3.85961494e+00  -2.37333425e+00 
  5.86094565e-01   6.94274941e+00  -2.69349236e+00 
  3.35062637e+00   6.88646690e+00  -1.93313005e-01 
  5.04463503e+00   3.52105125e+00  -1.96746623e-01 
  7.17314315e+00   1.78517862e+00  -2.83467872e+00 
  7.30998377e+00   4.83695001e+00  -5.11840209e+00 
  2.53081026e+00   4.30134067e+00  -7.73212502e+00 
  1.62731763e+00   6.44966865e-01  -7.05142426e+00 
 -4.01879838e-01  -4.44808537e-01  -3.98310828e+00 
 -4.17989353e+00  -4.75958136e-01  -4.31080984e+00 
 -6.16979290e+00  -3.28725702e+00  -2.77704240e+00 
 -9.81370103e+00  -3.99074891e+00  -2.02664559e+00 

   4.824768259909e+00 

  9.99515690e-01  -2.44586912e+00  -4.69248475e+00 
  1.87185025e+00  -3.29140398e+00  -4.79059707e+00 
  2.47309758e+00   9.52968476e-01  -1.14080773e+00 
  3.29685884e+00   6.72938493e-01  -2.63420972e-01 
  4.10287670e+00  -3.46010796e-01  -5.17670698e-01 
  2.75497265e+00   1.03617823e+00   8.80808297e-01 
  8.49397003e-01  -1.79227325e+00  -5.81677521e+00 
  1.03825628e+00  -1.49440686e+00  -3.65948375e+00 
  1.70477551e+00  -2.87684956e-02  -1.60953639e+00 
  1.29638607e-01  -6.89990366e-01  -3.13400414e+00 
  2.30933573e+00  -1.02872473e+00  -3.56896230e+00 
  5.04712272e-01   1.46962170e-01  -2.13799849e+00 
  2.50562721e+00  -9.12467282e-01  -2.22593560e+00 
 -8.12252446e-01  -3.71697166e+00   6.87028978e+00 
 -1.22842645e+00  -2.57237931e+00   1.04868608e+01 
 -1.05571706e+01  -1.00412424e+01  -5.56206627e+00 
 -7.74339722e+00  -8.17078117e+00  -7.38004308e+00 
 -8.14568147e+00  -4.42378772e+00  -6.73824633e+00 
 -1.03324853e+01  -1.96934341e+00  -4.88858540e+00 
 -6.29358399e+00   2.78402756e+00  -1.05241962e+01 
 -2.84354024e+00  -1.05466721e-01  -1.33236051e+01 
  2.97182170e+00   5.75713351e+00  -1.28981275e+01 
 -2.08355439e+00   9.60628553e+00  -1.38679898e+01 
 -2.81106121e+00   6.20024986e+00  -1.22316408e+01 
 -7.59642194e+00   3.93425493e+00   3.59402771e+00 
 -9.34854570e+00   6.03812655e-01   3.14405297e+00 
 -9.12755333e+00  -2.65020324e+00   1.23295153e+00 
 -8.76744016e+00  -6.41029951e+00   1.06115767e+00 
 -5.06807247e+00  -6.39385072e+00   2.08474708e-01 
 -2.18809196e+00  -8.19309668e+00   1.90400275e+00 
 -2.00661640e+00  -7.58546455e+00   5.65925593e+00 
  1.64108521e+00  -8.54072019e+00   6.18714553e+00 
  4.84043970e+00  -6.53294186e+00   5.55805354e+00 
  6.79477855e+00  -9.72463022e+00   4.96359757e+00 
  5.03646048e+00  -1.26899512e+01   3.46439142e+00 
  1.39145760e+00  -1.27908560e+01   2.62071992e+00 
 -6.24933586e+00   2.24352995e+00   8.29684098e+00 
 -6.21570172e+00   5.85811756e+00   9.51208725e+00 
  7.30657408e+00   1.23961781e+01  -8.84405922e-02 
  1.00063265e+01   1.35038280e+01  -2.56280933e+00 
  1.27502397e+01   1.27303095e+01  -9.14273041e-04 
  1.13580598e+01   9.21047781e+00   2.91339719e-01 
  1.11558300e+01   8.69139314e+00  -3.49942483e+00 
  8.59267750e-01   1.18502905e+01  -6.54861498e+00 
  2.39987407e+00   1.01333195e+01   6.23069584e-03 
  4.49412643e-01   9.00982008e+00   3.04799090e+00 
  1.26145398e+00   6.78597818e+00   5.98334597e+00 
  3.87967058e+00   6.19479929e+00   8.63822063e+00 
  4.26551229e+00  -1.08284139e+00   1.00090526e+01 
  1.15039637e+00   7.36696785e-01   8.73535643e+00 
  4.01913551e-01   1.01628838e+00   5.03848806e+00 
 -1.63074674e+00  -1.38682733e-01   2.05255594e+00 
 -3.96061862e-01  -3.07506792e+00   2.02300482e-01 
 -9.39578175e-01  -5.26033935e+00  -2.79864524e+00 
 -4.58826829e+00  -5.92920511e+00  -3.51358604e+00 
 -5.55919304e+00  -2.56021483e+00  -1.97816514e+00 
 -4.66690514e+00  -8.37210265e-01  -5.26225475e+00 
 -7.42234229e+00   1.21114624e+00  -6.82884009e+00 
 -9.14852072e+00   1.65500030e+00  -3.47764563e+00 
 -9.94085766e+00   4.79809769e+00  -1.55183939e+00 
 -8.11435491e+00   7.34697284e+00   4.82438443e-01 
 -6.35379862e+00   6.14861487e+00  -4.98003627e+00 
 -4.00147859e+00   3.36149153e+00  -3.76529598e+00 
 -1.29107013e+00   3.37943011e+00  -6.41702884e+00 
  2.23214531e+00   2.38247671e+00  -5.39883652e+00 
  5.01403813e+00   2.18952793e+00  -2.94579769e+00 
  8.08737595e+00   1.61095597e-01  -2.22025598e+00 
  7.15234908e+00  -3.13030115e+00  -7.40684130e-01 
  4.61033365e+00  -2.65426776e+00   1.99925189e+00 
  4.88776037e+00  -1.00810460e+00   5.42206763e+00 
  8.66238389e+00  -5.18162491e-01   5.17793560e+00 
  8.84823797e+00   4.10484511e+00   2.25352398e+00 
  5.29573588e+00   5.47229998e+00   2.65166711e+00 
  2.44821265e+00   4.55623561e+00   2.49115723e-01 
  2.00431484e+00   6.71743685e+00  -2.83534695e+00 
 -1.46337638e+00   7.64078128e+00  -3.99210800e+00 
 -3.01685093e+00   9.16872142e+00  -7.08858639e+00 

   4.824768259909e+00 

  5.07558222e+00  -1.02631682e+00   2.29602011e+00 
  5.92681423e+00  -1.89821946e+00   2.26932436e+00 
  6.13387317e-01  -3.11744633e+00   8.62861272e-01 
  5.57461290e-01  -4.14825678e+00   1.83811182e-01 
  1.62680365e+00  -4.92823822e+00   2.10291779e-01 
 -2.51830413e-01  -3.88442165e+00  -8.21316839e-01 
  4.91509638e+00  -5.62647602e-01   3.50969526e+00 
  3.79532015e+00  -1.25984915e+00   1.76662043e+00 
  1.66710874e+00  -2.31974760e+00   6.97995452e-01 
  2.81098527e+00  -4.61031476e-01   1.39008896e+00 
  3.38597292e+00  -2.48235547e+00   2.18924328e+00 
  1.66460476e+00  -1.01777582e+00   9.32875077e-01 
  2.75562997e+00  -2.99682251e+00   1.09665081e+00 
  1.58482174e+00  -2.21086834e+00  -8.88465023e+00 
 -9.15175759e-01  -2.63094270e+00  -1.17370928e+01 
  1.18989797e+01   9.89108149e+00  -2.82789683e+00 
  1.10222221e+01   7.73585848e+00   2.22889152e-01 
  7.31416155e+00   8.19942009e+00   1.02855234e+00 
  4.23789566e+00   1.00096653e+01  -1.90977820e-01 
  2.28077497e+00   7.79257319e+00   7.67804689e+00 
  6.18560779e+00   4.96842606e+00   9.88375372e+00 
  8.85158974e-01  -3.95276807e-01   1.32757268e+01 
 -2.47459196e+00   4.97238457e+00   1.43774148e+01 
 -2.93598238e-02   5.05955157e+00   1.14073601e+01 
 -4.42167439e+00   5.63505798e+00  -4.68184620e+00 
 -1.26260023e+00   7.23329253e+00  -6.03467936e+00 
  2.48842507e+00   7.28938558e+00  -5.56946054e+00 
  6.02054892e+00   6.74963970e+00  -6.80651108e+00 
  6.49935833e+00   3.38414818e+00  -5.11628375e+00 
  7.59961080e+00   6.82906891e-02  -6.59983446e+00 
  5.56242003e+00  -9.97385749e-01  -9.63599390e+00 
  6.38346042e+00  -4.71455115e+00  -9.56195435e+00 
  4.92609039e+00  -7.52787917e+00  -7.41159212e+00 
  8.17156220e+00  -9.46939798e+00  -7.65056971e+00 
  1.14110907e+01  -7.58316618e+00  -7.93343877e+00 
  1.16839926e+01  -3.85629468e+00  -8.14311168e+00 
 -4.67688864e+00   3.06507431e+00  -9.16734441e+00 
 -8.47225591e+00   2.95715894e+00  -8.81133896e+00 
 -1.00955282e+01  -7.33933966e+00   5.64948454e+00 
 -1.00174179e+01  -9.26956457e+00   8.95193557e+00 
 -1.02069176e+01  -1.26041178e+01   7.07163207e+00 
 -7.15294565e+00  -1.15491488e+01   5.07837137e+00 
 -5.18378267e+00  -1.04491178e+01   8.17555890e+00 
 -7.30796909e+00   4.57583596e-01   9.52725544e+00 
 -8.26455947e+00  -2.75884092e+00   3.44227334e+00 
 -8.52125958e+00  -1.69436955e+00  -1.79861614e-01 
 -7.60994859e+00  -3.34337050e+00  -3.44658803e+00 
 -8.00883149e+00  -6.56800806e+00  -5.36896030e+00 
 -1.86027992e+00  -7.73273160e+00  -9.34775921e+00 
 -3.15616306e+00  -4.29248273e+00  -8.28835230e+00 
 -1.97981922e+00  -2.63773877e+00  -5.09722846e+00 
  1.76536511e-01  -6.16976242e-03  -3.42198780e+00 
  3.65490341e+00  -9.25573070e-01  -2.63084225e+00 
  6.82508021e+00   2.05615473e-01  -9.73468438e-01 
  7.56778544e+00   3.86889841e+00  -1.52138118e+00 
  3.82846294e+00   4.63797138e+00  -1.79760893e+00 
  3.58660744e+00   4.69392699e+00   2.00877280e+00 
  2.21204359e+00   7.87298967e+00   3.50761322e+00 
  4.04613805e-01   8.74164529e+00   2.84906637e-01 
 -3.27461276e+00   9.22749768e+00  -3.80546629e-01 
 -6.34123645e+00   7.11719097e+00  -7.17574627e-01 
 -3.00399234e+00   6.69008495e+00   4.08394934e+00 
 -8.29452064e-01   3.94180813e+00   2.50426294e+00 
  3.18880968e-01   1.97730103e+00   5.53747347e+00 
  9.78697541e-01  -1.74324709e+00   5.13023586e+00 
  3.01404174e-01  -5.05149880e+00   3.58417612e+00 
  2.00426022e+00  -8.32888692e+00   2.91682143e+00 
  4.39768517e+00  -7.99517474e+00   7.83616769e-02 
  2.76843467e+00  -6.18456004e+00  -2.79616730e+00 
 -8.55952356e-02  -7.19624371e+00  -5.10560355e+00 
 -2.78968097e-01  -1.07554287e+01  -3.74831380e+00 
 -3.35308435e+00  -9.92479090e+00   7.03514408e-01 
 -4.91500370e+00  -6.50287481e+00  -3.32367182e-03 
 -3.24325856e+00  -3.21264554e+00   1.04523497e+00 
 -4.02251195e+00  -1.88668390e+00   4.51169367e+00 
 -4.55757954e+00   1.80983605e+00   5.02646196e+00 
 -4.79805802e+00   4.17230519e+00   7.97552492e+00 

   4.824768259909e+00 

 -4.90660659e+00  -1.25031505e+00  -1.44647859e+00 
 -5.97267448e+00  -1.09585175e+00  -8.76247803e-01 
 -1.20582054e+00  -1.36663993e+00   2.10719576e+00 
 -1.35002732e+00  -8.59335434e-01   3.22462741e+00 
 -2.59669878e+00  -6.84339549e-01   3.63420291e+00 
 -2.97529666e-01  -9.19169604e-02   3.41997823e+00 
 -4.87335524e+00  -2.39577077e+00  -2.07939074e+00 
 -3.69553553e+00  -1.12658851e+00  -7.45143471e-01 
 -1.86601353e+00  -8.22416030e-01   1.08651049e+00 
 -2.44267415e+00  -9.42061911e-01  -1.12604910e+00 
 -3.82505787e+00  -1.79047191e+00   4.30943142e-01 
 -1.47870257e+00  -8.89417621e-01  -1.76741753e-01 
 -3.17828461e+00  -9.84583490e-01   1.31863401e+00 
  3.72478890e-01   8.30624244e+00   2.95799932e+00 
  3.15304042e+00   1.02865114e+01   4.66383948e+00 
 -6.35028624e+00   6.83856176e+00  -1.26039301e+01 
 -6.94833922e+00   3.42665207e+00  -1.09540240e+01 
 -3.57700773e+00   1.69257192e+00  -1.04633249e+01 
  1.17550320e-01   2.22695370e+00  -1.10040007e+01 
 -5.81551780e-01  -6.08493511e+00  -9.95942935e+00 
 -5.59388581e+00  -7.45418651e+00  -8.91524198e+00 
 -3.29532432e+00  -1.27991666e+01  -3.04009517e+00 
  1.33803545e+00  -1.41256447e+01  -7.29284305e+00 
 -2.12022664e-01  -1.06089047e+01  -7.48737466e+00 
  7.57264035e+00   3.59318849e+00  -3.46422106e+00 
  5.51755784e+00   5.94744983e+00  -5.60859746e+00 
  1.99933411e+00   6.54437118e+00  -6.85581533e+00 
 -1.14078359e+00   8.63211498e+00  -7.13600316e+00 
 -3.08418323e+00   6.74467523e+00  -4.47641125e+00 
 -4.87547420e+00   8.06107464e+00  -1.39992651e+00 
 -2.69457483e+00   1.02659019e+01   8.10614461e-01 
 -4.71067167e+00   9.97141102e+00   4.02706226e+00 
 -4.79835020e+00   7.17844536e+00   6.64516367e+00 
 -8.36820473e+00   8.06565266e+00   7.55549032e+00 
 -1.06376906e+01   9.45663095e+00   4.90086358e+00 
 -9.58966636e+00   1.01831254e+01   1.38207681e+00 
  7.93882076e+00   7.48905539e+00  -7.63341830e-02 
  1.12979886e+01   6.09050627e+00   1.06526549e+00 
  6.11769703e+00  -9.39385395e+00   8.21841029e+00 
  4.66521995e+00  -1.27553492e+01   9.32688306e+00 
  4.13638277e+00  -1.14183153e+01   1.28798210e+01 
  2.13723553e+00  -8.54808993e+00   1.14040131e+01 
  1.66022963e-02  -1.08257022e+01   9.16892052e+00 
  5.32316399e+00  -1.13792791e+01  -6.71269655e-01 
  6.46932367e+00  -6.22970366e+00   3.85152258e+00 
  7.86555168e+00  -2.71741739e+00   3.66918124e+00 
  7.20260724e+00   4.49234778e-01   5.60670853e+00 
  6.91168724e+00   1.78199210e+00   9.12694057e+00 
  1.77502056e+00   7.12969741e+00   9.22080922e+00 
  3.88129065e+00   6.17891688e+00   6.17177477e+00 
  2.65183187e+00   3.66040535e+00   3.63193923e+00 
  1.18962043e+00   2.97584633e+00   2.00500266e-01 
 -2.47886123e+00   3.06867974e+00  -1.21794962e-01 
 -5.36895413e+00   2.49886280e+00  -2.44540598e+00 
 -4.69729064e+00   3.66968282e+00  -5.97379229e+00 
 -9.54667636e-01   2.99569245e+00  -5.53926063e+00 
 -1.55920040e+00  -6.94006741e-01  -6.29479160e+00 
  4.33881717e-01  -2.11715209e+00  -9.16614475e+00 
  3.09531137e+00   5.63144546e-01  -8.79197247e+00 
  6.77420574e+00   2.42588541e-01  -8.03133542e+00 
  8.94774376e+00  -5.36731210e-01  -5.09202319e+00 
  4.68374771e+00  -4.24752723e+00  -6.64848741e+00 
  2.12092048e+00  -2.47464602e+00  -4.39773892e+00 
 -2.63034265e-01  -5.28859219e+00  -3.51638213e+00 
 -2.02587081e+00  -5.16897244e+00  -1.51597274e-01 
 -2.17351072e+00  -4.28192703e+00   3.45186069e+00 
 -4.68466145e+00  -3.57313013e+00   6.14965291e+00 
 -6.13371860e+00  -1.66301349e-01   5.71324518e+00 
 -3.39640107e+00   2.34514794e+00   5.08442492e+00 
 -6.10887783e-01   3.63838241e+00   7.33630117e+00 
 -1.93009635e+00   1.85972909e+00   1.04417009e+01 
  1.74981911e-01  -3.13222054e+00   9.66195179e+00 
  2.91060516e+00  -2.47422275e+00   7.06731767e+00 
  2.25224619e+00  -2.61495945e+00   3.29020603e+00 
  2.64151338e+00  -5.97480583e+00   1.57508230e+00 
  4.25821941e+00  -6.16549797e+00  -1.82571784e+00 
  4.61710868e+00  -8.75793946e+00  -4.56186628e+00 

   4.824768259909e+00 

 -1.42966207e+00   1.69319154e+00   1.90223056e+00 
 -1.24807963e+00   2.59440147e+00   2.70246258e+00 
  1.59707806e+00  -2.23614181e+00   3.22023428e+00 
  2.61601058e+00  -2.08231697e+00   3.90208572e+00 
  2.66877930e+00  -9.84978959e-01   4.64075351e+00 
  3.58725798e+00  -2.69559722e+00   3.25756248e+00 
 -2.66557304e+00   1.26418169e+00   1.94942013e+00 
 -5.96059984e-01   5.62283978e-01   1.89694176e+00 
  1.21776294e+00  -1.23162325e+00   2.43226516e+00 
 -3.59198226e-01  -3.84588334e-01   1.00468052e+00 
 -4.19704506e-01   1.68244452e-01   3.18314879e+00 
  5.05934705e-01  -1.37517231e+00   1.32637210e+00 
  8.92352183e-01  -1.96100456e-01   3.22222425e+00 
  9.80700345e+00   5.61116204e-01  -1.42218122e+00 
  1.30557813e+01  -1.29283726e+00  -2.17794406e+00 
 -2.45393778e+00   8.57460405e+00  -1.00810864e+01 
 -4.18322369e+00   7.27564221e+00  -6.91197711e+00 
 -4.31021304e+00   3.45783159e+00  -7.05993465e+00 
 -3.26732798e+00   5.57111654e-01  -9.23384081e+00 
 -9.07796207e+00  -2.73959793e+00  -4.13133103e+00 
 -1.07903401e+01   8.51695261e-01  -6.30039316e-01 
 -1.06657757e+01  -4.60574557e+00   5.58046552e+00 
 -1.30196444e+01  -8.49888602e+00   1.03995989e+00 
 -1.08949030e+01  -5.53119444e+00  -1.79164370e-01 
  4.26512852e+00  -6.70966258e+00  -7.05454443e+00 
  4.20509311e+00  -3.47167939e+00  -9.02333118e+00 
  2.98063546e+00   1.00745444e-01  -8.85525361e+00 
  3.56153595e+00   3.83676389e+00  -8.80793171e+00 
  3.23761435e+00   4.21869749e+00  -5.04470682e+00 
  5.61752894e+00   5.82770839e+00  -2.56408601e+00 
  9.18317328e+00   4.50946673e+00  -2.79320619e+00 
  1.03758519e+01   5.56897006e+00   6.63942669e-01 
  9.83077299e+00   3.92704669e+00   4.08004811e+00 
  1.01140960e+01   7.28911406e+00   5.80513475e+00 
  8.96455890e+00   1.03747131e+01   3.99127896e+00 
  7.66122522e+00   1.04108108e+01   4.82999082e-01 
  9.33993755e+00  -5.89117398e+00  -6.44953685e+00 
  9.85541374e+00  -9.66438901e+00  -6.24871114e+00 
  1.15980970e+00  -1.33391992e+01   8.87248436e+00 
 -1.08206539e+00  -1.37702877e+01   1.19426979e+01 
  1.93149380e+00  -1.33431781e+01   1.42722332e+01 
  2.67827111e+00  -1.00426089e+01   1.25513732e+01 
 -9.41226734e-01  -8.80537325e+00   1.27721105e+01 
 -5.91064529e+00  -1.19435561e+01   3.24572223e+00 
  9.97535457e-01  -1.14497350e+01   3.81197167e+00 
  3.89742345e+00  -1.10673541e+01   1.41128628e+00 
  7.27809323e+00  -9.41465792e+00   1.65798545e+00 
  1.03309553e+01  -9.19204932e+00   3.86782457e+00 
  1.30697102e+01  -2.31380025e+00   3.44236085e+00 
  1.10641001e+01  -4.03991653e+00   6.79206955e-01 
  7.31246486e+00  -3.63683093e+00   4.18461128e-01 
  4.34241978e+00  -2.04915594e+00  -1.32497717e+00 
  3.25755426e+00   1.26384732e+00  -1.34462080e-01 
  6.69086641e-01   3.95583638e+00  -4.94360342e-01 
 -4.03997882e-01   4.52235752e+00  -4.07193001e+00 
  3.30463863e-01   8.64071429e-01  -4.92505167e+00 
 -3.06208061e+00  -1.23724664e-01  -3.48801725e+00 
 -5.34569483e+00  -1.99398480e+00  -5.83953187e+00 
 -2.40507891e+00  -3.19206900e+00  -7.91909311e+00 
 -1.22427904e+00  -6.69452014e+00  -8.66349649e+00 
  5.32581773e-01  -9.47300974e+00  -6.88456459e+00 
 -4.31725236e+00  -7.12118529e+00  -4.57755769e+00 
 -2.29414953e+00  -4.48424834e+00  -2.64606126e+00 
 -4.50468286e+00  -3.81349198e+00   3.60922497e-01 
 -2.84435060e+00  -2.81691208e+00   3.63106071e+00 
 -3.93307681e-02  -2.93431246e+00   6.06244660e+00 
  1.46602902e+00  -8.99093354e-01   8.83339030e+00 
  3.38840405e+00   1.97411887e+00   7.43846147e+00 
  5.61614305e+00   8.13187378e-01   4.63041648e+00 
  8.67861659e+00  -1.45037990e+00   4.62811470e+00 
  8.86915491e+00  -1.64623236e+00   8.43242323e+00 
  5.19066266e+00  -5.58670845e+00   9.38124735e+00 
  4.83545840e+00  -7.22489662e+00   5.94047835e+00 
  2.27655718e+00  -6.03611909e+00   3.34073832e+00 
 -1.18691958e+00  -7.57532613e+00   3.47080141e+00 
 -2.96075840e+00  -8.46927945e+00   2.66134996e-01 
 -6.47086972e+00  -9.45571433e+00  -7.54711426e-01 

   4.824768259909e+00 

