 -3.78868084e-02   7.90993612e-01   6.87230821e+00 
  2.79715756e-01   2.25080983e+00   6.93914569e+00 
 -1.33123515e+00   6.98884642e-01   7.51513483e+00 
  1.63660059e+00  -3.70693861e+00  -1.38356902e+00 
  1.75603145e+00  -3.05953349e+00  -2.56860506e+00 
  2.59197424e+00  -1.98826904e+00  -2.33073268e+00 
  2.33255388e+00  -1.29977628e+00  -1.17073488e+00 
  2.08445417e+00  -1.94012289e+00   1.25838177e-02 
  2.08958746e+00  -3.33609628e+00  -1.03245860e-01 
  1.69622363e+00  -1.24376859e+00   1.23812732e+00 
  1.41611882e+00  -3.50763069e-02   1.31275941e+00 
  2.21314226e+00  -1.83907339e+00   2.43586602e+00 
  1.64482050e+00  -1.45858013e+00   3.63039894e+00 
  1.47203051e+00  -1.47818279e-01  -1.40401430e+00 
  1.85185653e+00   5.39093231e-01  -2.57133429e+00 
  9.63330432e-01   7.61223496e-02  -3.69121367e+00 
 -4.24606118e-01   2.19588889e-02  -3.56697992e+00 
 -1.28545095e+00   4.80455786e-01  -4.56404809e+00 
 -8.19195129e-01   4.86751929e-01  -5.79877592e+00 
  4.70149519e-01   3.86327457e-01  -5.94237730e+00 
  1.20723501e+00   7.84310167e-01  -4.83283917e+00 
  2.06557979e+00  -3.44087337e-01   4.25993516e+00 
 -2.82929452e-01  -9.74396468e-01   4.91129352e+00 
  2.96590186e-01  -1.45916431e+00   3.66614088e+00 
  3.00110937e-01   2.15360876e-02   5.69165878e+00 
  1.67910405e+00  -2.98207547e-01   5.65926249e+00 
  2.09911467e+00   4.29509734e-01   6.82454262e+00 
  1.04179307e+00   2.97210294e-01   7.85657833e+00 
  7.62620270e+00  -3.78119149e+00  -1.12648771e+01 
  6.22684871e+00  -8.54806040e-01  -9.34151102e+00 
  9.23092575e+00  -8.01719763e-01  -7.06162043e+00 
  1.22250852e+01  -7.88885980e+00  -2.85450245e+00 
  9.70342319e+00  -5.80516994e+00  -4.73957537e+00 
  6.22608042e+00  -4.52657809e+00  -5.35048987e+00 
  4.72269780e+00  -5.74602191e+00  -8.62287427e+00 
 -1.00196377e+01  -1.17642729e+01  -5.59110978e+00 
 -3.67231015e+00  -5.15201118e+00  -7.84468546e+00 
 -3.05635956e-01  -4.46620940e+00  -6.29268642e+00 
  1.66369805e+00  -7.35424185e+00  -4.79267748e+00 
  4.50580155e+00  -7.30187374e+00  -2.30369212e+00 
  6.72256395e+00  -1.03664186e+01  -2.25438151e+00 
  1.01159341e+01  -1.16220357e+01  -1.13314325e+00 
  1.25270829e+01  -9.99133494e+00   6.26962304e+00 
  8.51850379e+00  -8.33023992e+00   8.57113816e+00 
  6.32844024e+00  -9.01955777e+00   5.54148183e+00 
  3.80941546e+00  -8.60726746e+00   1.02793709e+01 
  2.72373535e+00  -6.00834677e+00   7.67829002e+00 
  6.02868880e-02  -8.48174622e+00   6.54320418e+00 
 -8.60774303e-01  -9.20740285e+00   1.01574537e+01 
 -1.25172029e+00  -5.51949067e+00   1.09937699e+01 
 -3.34202902e+00  -4.61833522e+00   7.89524140e+00 
 -5.83654620e+00  -7.26893871e+00   8.88525571e+00 
 -5.87452452e+00  -6.07486031e+00   1.25024416e+01 
 -6.34144253e+00  -2.42273832e+00   1.16055361e+01 
 -7.54900409e+00   6.67263230e+00   3.18202291e+00 
 -5.27537118e+00   3.68459934e+00   3.76254962e+00 
 -4.38490999e+00   1.16775064e+00   1.03812910e+00 
 -6.94632671e+00  -1.65641474e+00   1.14515039e+00 
 -5.82486418e+00  -5.23311548e+00   1.71914662e+00 
 -7.41412674e+00  -7.71662899e+00  -6.56443625e-01 
 -5.55722737e+00  -1.09113937e+01   1.94155468e-01 
  6.56751289e-01  -9.43382022e+00   2.20607258e-01 
 -2.09634354e+00  -8.16149130e+00  -2.13603462e+00 
 -3.77189133e+00  -4.69406214e+00  -2.11385118e+00 
 -5.80612674e+00  -2.37128254e+00  -4.23957619e+00 
 -3.88707973e+00  -9.55092124e-01  -7.17247130e+00 
 -3.51077558e+00   2.83792152e+00  -7.11616665e+00 
 -2.12410691e+00   7.18038186e+00  -1.06722718e+01 
  1.02808723e+00   6.75936331e+00  -8.62591650e+00 
  2.66985603e+00   8.61628816e+00  -5.74387187e+00 
 -5.82837997e+00   8.25114236e+00   7.58167726e+00 
 -3.15964593e+00   9.13013445e+00   1.01301023e+01 
 -7.07355619e+00   6.26656867e+00   1.19232553e+01 
 -3.58138499e+00   4.72327323e+00   1.22387101e+01 
  4.11190814e+00   4.89479769e+00   1.01730929e+01 
  7.76609374e+00   5.85544867e+00   1.03801404e+01 
  8.03451893e+00   6.99443039e+00   6.72791510e+00 
  5.23340279e+00   9.53334343e+00   6.12349078e+00 
  6.36395917e+00   9.29193880e+00  -2.12321507e+00 
  4.29375039e+00   7.14868092e+00   2.21883911e-01 
  8.80488326e-01   8.62998969e+00  -5.81116403e-01 
 -9.03660209e-01   7.33449699e+00  -3.70197717e+00 
 -3.55882798e+00   8.95214951e+00  -5.82996879e+00 
 -6.65532733e+00   6.85408730e+00  -6.56083059e+00 
 -9.89473523e+00   7.45258233e+00  -8.51160825e+00 
 -5.57767012e+00   9.59800428e+00  -1.57871212e+00 
 -4.27058326e+00   6.57073939e+00   2.50238418e-01 
 -1.46864651e+00   6.17485012e+00   2.78715341e+00 
  8.31597064e-01   3.34518789e+00   1.71549234e+00 
  4.39767760e+00   2.07322006e+00   2.12974692e+00 
  6.68682221e+00   6.44740130e-01  -5.61749395e-01 
  9.16904002e+00  -7.01665571e-01   1.96929160e+00 
  9.27027600e+00  -3.44715415e+00   4.58325653e+00 
  7.69939213e+00  -2.27581591e+00   7.86500008e+00 

   5.809271569679e+00 

 -4.61129269e+00   2.92710033e+00   2.58199133e+00 
 -4.60295468e+00   2.52227102e+00   4.02159049e+00 
 -6.01389746e+00   2.88132119e+00   2.22834716e+00 
  1.98665026e+00  -9.59146803e-01  -3.12405877e+00 
  2.64379348e+00  -2.10585330e+00  -2.82250589e+00 
  3.04020722e+00  -1.97887262e+00  -1.50731653e+00 
  2.08502009e+00  -1.46717458e+00  -6.63101509e-01 
  1.32221682e+00  -3.83480380e-01  -1.00307075e+00 
  1.59630153e+00   1.03727097e-01  -2.28747383e+00 
  2.23980029e-01   1.17825998e-01  -1.78354334e-01 
 -2.25316275e-01  -4.50089833e-01   8.31878190e-01 
  7.41927753e-02   1.54355241e+00  -2.10574773e-01 
 -1.10807675e+00   2.06856271e+00   2.59825640e-01 
  1.33801446e+00  -2.51934458e+00   1.28037959e-02 
  2.19318053e+00  -3.54950946e+00   4.44315458e-01 
  2.15116336e+00  -4.64674100e+00  -5.81485677e-01 
  9.51847774e-01  -5.16010873e+00  -1.07426468e+00 
  7.28793684e-01  -6.52822031e+00  -1.22897557e+00 
  1.79248615e+00  -7.29114787e+00  -1.39775518e+00 
  2.94441518e+00  -6.77425304e+00  -1.08311972e+00 
  2.87748595e+00  -5.72748814e+00  -1.70670492e-01 
 -1.27502929e+00   2.29686130e+00   1.57719230e+00 
 -3.46863251e+00   1.99821733e+00   3.78873159e-01 
 -2.23383308e+00   1.48145914e+00  -1.95130043e-01 
 -3.56828539e+00   2.46841747e+00   1.68645427e+00 
 -2.37189556e+00   3.20441004e+00   1.86498607e+00 
 -2.77838044e+00   4.01426335e+00   2.97978067e+00 
 -4.19643091e+00   4.39959471e+00   2.77684572e+00 
  1.23702565e+01  -5.98230947e+00  -3.80941141e+00 
  9.72808926e+00  -6.31300280e+00  -1.13904561e+00 
  1.09253442e+01  -3.16647705e+00   5.61294107e-01 
  1.21028836e+01   4.44149961e+00  -3.63685786e+00 
  1.07681522e+01   9.44493854e-01  -3.14341501e+00 
  8.06422915e+00  -1.65225828e+00  -3.35696993e+00 
  8.81846019e+00  -4.41454145e+00  -5.85829532e+00 
 -4.06349222e+00  -6.27145242e+00  -1.55203125e+01 
  1.41363174e+00  -7.87896859e+00  -8.00325320e+00 
  3.21715730e+00  -5.40175531e+00  -5.80684043e+00 
  4.43010503e+00  -2.12843228e+00  -7.31784983e+00 
  5.37907102e+00   1.10924812e+00  -5.61719342e+00 
  7.62245476e+00   3.42496749e+00  -7.59521656e+00 
  9.97217881e+00   6.37612895e+00  -7.25148163e+00 
  7.62028053e+00   1.26385954e+01  -2.94754672e+00 
  2.81519711e+00   1.19369709e+01  -2.21010982e+00 
  2.79379372e+00   8.83370958e+00  -4.40548345e+00 
 -1.95099596e+00   1.12478420e+01  -3.61681593e+00 
 -1.78808187e+00   7.62941772e+00  -2.36016297e+00 
 -2.98134637e+00   6.53964671e+00  -5.80814809e+00 
 -5.62659115e+00   9.26733580e+00  -5.79702105e+00 
 -6.95324738e+00   8.22591973e+00  -2.38991137e+00 
 -7.08933602e+00   4.45748322e+00  -3.14005540e+00 
 -9.29184433e+00   5.19293849e+00  -6.11268161e+00 
 -1.14973572e+01   7.53377151e+00  -4.07123308e+00 
 -1.19235775e+01   5.10634875e+00  -1.19262195e+00 
 -9.60229733e+00  -5.83812367e+00   4.28183943e+00 
 -7.61700125e+00  -3.10932420e+00   2.53627029e+00 
 -5.01020704e+00  -3.81136287e+00  -1.58480436e-01 
 -6.75420943e+00  -3.73077482e+00  -3.54967190e+00 
 -5.62373451e+00  -1.29016917e+00  -6.22276159e+00 
 -5.24894464e+00  -2.86310541e+00  -9.64656458e+00 
 -3.72424592e+00  -2.63694283e-02  -1.16481486e+01 
  1.14121297e+00   2.22154322e+00  -8.17372036e+00 
 -3.21412261e-03  -1.41793045e+00  -8.61715093e+00 
 -1.90149668e+00  -3.59649781e+00  -6.07129463e+00 
 -2.73865857e+00  -7.15933289e+00  -5.26043586e+00 
  2.47095599e-01  -9.17937759e+00  -4.12249862e+00 
 -3.47016834e-02  -1.05286867e+01  -5.68390663e-01 
  2.42698354e+00  -1.44907377e+01   2.84744800e+00 
  3.94469032e+00  -1.12649831e+01   4.10928344e+00 
  3.42560861e+00  -9.01028683e+00   7.12534953e+00 
 -1.08539978e+01  -2.23636450e+00   7.48648887e+00 
 -1.02020169e+01   6.27844826e-01   9.88658557e+00 
 -1.39812753e+01   1.43621230e+00   6.45178609e+00 
 -1.10629260e+01   3.91610874e+00   6.35237084e+00 
 -3.63547935e+00   5.72949213e+00   8.59460916e+00 
 -8.93620892e-01   7.16446003e+00   1.07721929e+01 
  1.17621588e+00   3.93829683e+00   1.08976051e+01 
 -1.16239060e+00   1.13521151e+00   1.20514214e+01 
  4.35646540e+00  -4.74892169e+00   9.98652572e+00 
  1.67864597e+00  -2.96109673e+00   7.98358471e+00 
 -8.96488460e-01  -5.76365935e+00   7.92219073e+00 
 -4.45089910e-01  -8.50330641e+00   5.29696078e+00 
 -1.68642068e+00  -1.20603797e+01   5.25965694e+00 
 -3.51362624e+00  -1.31841636e+01   2.10961534e+00 
 -5.18185918e+00  -1.64476511e+01   1.00320610e+00 
 -5.78647351e+00  -9.89784980e+00   6.29843823e+00 
 -5.27802087e+00  -6.61013522e+00   4.52353611e+00 
 -4.32237421e+00  -3.16800662e+00   5.82045793e+00 
 -1.42588447e+00  -1.79464769e+00   3.77820501e+00 
  1.45850380e+00   6.84878652e-01   3.97491333e+00 
  5.03408091e+00   1.98138297e-01   2.74885363e+00 
  5.87086037e+00   3.88197882e+00   3.07976214e+00 
  4.91480017e+00   7.12161750e+00   1.35597007e+00 
  1.64034316e+00   8.50762124e+00   2.75828081e+00 

   5.809271568699e+00 

  5.43787947e+00   2.67027720e+00   2.81762957e+00 
  4.87562676e+00   3.67072006e+00   3.77647724e+00 
  6.41731098e+00   1.95867609e+00   3.61059544e+00 
 -7.29860715e-01  -2.07111551e+00  -2.72068790e+00 
 -2.04832655e+00  -2.18890155e+00  -2.42832118e+00 
 -2.46949813e+00  -9.25292121e-01  -2.06927566e+00 
 -1.61634781e+00  -2.48348692e-01  -1.23214429e+00 
 -2.64422704e-01  -2.22758975e-01  -1.44069070e+00 
  1.37262332e-01  -9.74948113e-01  -2.55201392e+00 
  6.81482875e-01   3.92507335e-01  -5.11003637e-01 
  3.91285117e-01   8.29016581e-01   6.16034607e-01 
  1.80687163e+00   1.01153029e+00  -1.14856992e+00 
  2.89222994e+00   1.32078214e+00  -3.60517041e-01 
 -1.98939801e+00  -4.06824628e-01   1.67016521e-01 
 -3.38242141e+00  -3.04581196e-01   3.33729176e-01 
 -3.94719792e+00  -1.69636348e+00   3.77500415e-01 
 -3.41306483e+00  -2.69151061e+00   1.19550027e+00 
 -4.21099784e+00  -3.54303739e+00   1.95944682e+00 
 -5.44231849e+00  -3.75056145e+00   1.53193577e+00 
 -5.90886104e+00  -2.91478347e+00   6.50498386e-01 
 -5.28555964e+00  -1.67210909e+00   6.46808666e-01 
  2.92320445e+00   2.47589114e+00   3.32458180e-01 
  4.41271553e+00   7.18486186e-01   1.34732557e+00 
  3.31704622e+00   3.42175448e-01   4.64619927e-01 
  4.57286230e+00   2.00123702e+00   1.86665342e+00 
  4.25808903e+00   2.84249575e+00   7.72066392e-01 
  4.90370672e+00   4.04263787e+00   1.22671925e+00 
  6.17349277e+00   3.65965090e+00   1.89116738e+00 
 -1.11969016e+01  -2.12921871e+00  -7.61545417e+00 
 -1.01463894e+01  -8.21645930e-01  -4.23789478e+00 
 -9.02269138e+00   2.44472999e+00  -5.75225400e+00 
 -3.60315517e+00   2.96860372e+00  -1.26258703e+01 
 -5.29200252e+00   1.31292388e+00  -9.68298630e+00 
 -5.28259595e+00  -8.81324280e-01  -6.63583537e+00 
 -7.29981954e+00  -4.07485438e+00  -7.06924708e+00 
  1.86119547e+00  -1.66210545e+01  -2.44149202e+00 
 -4.37933701e+00  -9.61735536e+00  -1.39596896e+00 
 -4.23496836e+00  -6.09140652e+00  -2.72275657e+00 
 -2.43466353e+00  -5.42166383e+00  -6.00595520e+00 
 -1.07837776e+00  -2.18119554e+00  -7.39707191e+00 
 -5.70594783e-01  -2.06955611e+00  -1.11437490e+01 
 -1.12040657e-01   3.03554437e-01  -1.40603886e+01 
  5.14839348e+00   6.22915169e+00  -1.33610780e+01 
  7.75253124e+00   5.14409539e+00  -9.34038068e+00 
  5.95828501e+00   1.82047558e+00  -8.91075670e+00 
  1.07377056e+01   2.29854323e+00  -6.48348342e+00 
  7.80978365e+00   1.64018128e+00  -4.09757867e+00 
  8.47715567e+00  -2.08134243e+00  -4.55030260e+00 
  1.22083034e+01  -1.50327000e+00  -4.12355510e+00 
  1.17266316e+01   4.43829577e-01  -8.94040204e-01 
  9.26615692e+00  -2.03508176e+00   7.13254096e-01 
  1.18299166e+01  -4.76689262e+00   2.74172751e-01 
  1.46108202e+01  -2.56808164e+00   1.66812383e+00 
  1.26297804e+01  -1.47353497e+00   4.70751548e+00 
  2.22910045e+00  -1.56078602e+00   1.15600894e+01 
  3.16289225e+00  -1.13002274e+00   7.90259824e+00 
  1.40313599e+00  -2.96618778e+00   5.05977219e+00 
  3.26752045e+00  -6.23145987e+00   4.41925110e+00 
  4.74458415e+00  -6.95025941e+00   1.00142563e+00 
  4.00429408e+00  -1.04418055e+01  -2.62729535e-01 
  5.37354265e+00  -1.03013499e+01  -3.79593397e+00 
  3.05061765e+00  -4.96133904e+00  -6.41999953e+00 
  1.30565924e+00  -7.40867518e+00  -4.02881288e+00 
  5.57481936e-01  -6.88586108e+00  -2.87434831e-01 
 -1.57309646e+00  -8.16956983e+00   2.51700348e+00 
 -5.24203590e+00  -7.35733747e+00   2.10548408e+00 
 -6.67596268e+00  -5.14170643e+00   4.85622963e+00 
 -1.18016027e+01  -3.52632033e+00   6.98791110e+00 
 -1.07560737e+01  -4.94687701e-01   4.98361011e+00 
 -9.35570912e+00   2.94707415e+00   5.78549530e+00 
  5.05093883e+00   2.48035903e+00   1.22781319e+01 
  6.21091274e+00   6.03652092e+00   1.16477336e+01 
  9.97654730e+00   2.51119414e+00   1.20029382e+01 
  9.79713259e+00   4.45018407e+00   8.70374629e+00 
  5.66403311e+00   9.28295431e+00   3.90325473e+00 
  4.43431605e+00   1.25554781e+01   2.45509301e+00 
  7.10017572e-01   1.16874500e+01   2.74534567e+00 
  7.15043676e-02   1.06304298e+01   6.36924545e+00 
 -7.47162869e+00   7.63852259e+00   4.49995972e+00 
 -4.01563207e+00   6.08413833e+00   4.36297906e+00 
 -4.26839825e+00   3.95310535e+00   7.50690607e+00 
 -6.04209114e+00   5.82203453e-01   7.20313309e+00 
 -7.73825960e+00  -1.51606548e+00   9.83283753e+00 
 -6.72277594e+00  -5.18614141e+00   9.98672522e+00 
 -7.72256657e+00  -8.14966659e+00   1.21947596e+01 
 -3.62006453e+00  -7.69882132e-01   1.20799902e+01 
 -1.28508554e+00  -5.11036959e-01   9.13062641e+00 
  2.87730232e-01   2.49528121e+00   7.41836612e+00 
 -3.06353193e-01   2.28344976e+00   3.67019903e+00 
 -5.18130160e-01   4.45815665e+00   5.50541928e-01 
 -3.05067320e+00   4.21722476e+00  -2.28725120e+00 
 -1.04552799e+00   6.50575314e+00  -4.55052091e+00 
  2.23381255e+00   6.36992892e+00  -6.45005543e+00 
  5.17274338e+00   7.27604281e+00  -4.18042990e+00 

   5.809271566430e+00 

 -3.53700770e+00  -4.41115076e+00   5.18071427e-01 
 -2.90489145e+00  -5.28748150e+00   1.55193579e+00 
 -4.89433932e+00  -4.25433706e+00   9.95062402e-01 
  1.46830060e+00   3.13396394e+00  -2.51720598e+00 
  2.49597646e+00   3.67173470e+00  -1.81549944e+00 
  3.27270717e+00   2.60697107e+00  -1.40811901e+00 
  2.56945393e+00   1.53174192e+00  -9.22080455e-01 
  1.45293609e+00   1.05157845e+00  -1.55030972e+00 
  1.10206989e+00   1.78571391e+00  -2.69053901e+00 
  6.18753744e-01  -1.71006382e-02  -1.00290299e+00 
  7.41393121e-01  -5.05717240e-01   1.33397459e-01 
  5.44117474e-02  -8.83393897e-01  -1.99649460e+00 
 -9.85849141e-01  -1.69839344e+00  -1.61138862e+00 
  2.45271757e+00   1.57063871e+00   5.29396990e-01 
  3.66770543e+00   1.95606946e+00   1.12437486e+00 
  3.59332793e+00   3.42781732e+00   1.41827397e+00 
  2.50553872e+00   4.00207546e+00   2.07529579e+00 
  2.65589325e+00   4.93986466e+00   3.09674712e+00 
  3.76673859e+00   5.65260710e+00   3.09400428e+00 
  4.74882122e+00   5.21050654e+00   2.36381456e+00 
  4.70142930e+00   3.84691831e+00   2.09709185e+00 
 -7.38915980e-01  -2.88648666e+00  -1.02580614e+00 
 -3.02140357e+00  -1.99716417e+00  -4.45799280e-01 
 -1.97326162e+00  -1.10067072e+00  -9.13716244e-01 
 -2.78933361e+00  -3.31908806e+00  -7.23719343e-02 
 -1.88005069e+00  -3.78463174e+00  -1.05287228e+00 
 -2.08841906e+00  -5.19675276e+00  -8.90526309e-01 
 -3.53352960e+00  -5.42422568e+00  -6.44677617e-01 
  1.19360470e+01   7.84999595e+00  -3.82352788e+00 
  1.06226994e+01   5.68614514e+00  -1.02815186e+00 
  1.13571571e+01   2.54995814e+00  -2.99031951e+00 
  8.68902985e+00   1.28442010e+00  -1.12469471e+01 
  8.70589282e+00   2.90569999e+00  -7.83737080e+00 
  6.99243073e+00   4.38259652e+00  -4.84024690e+00 
  7.59805258e+00   8.11494655e+00  -4.44214271e+00 
 -6.69715999e+00   1.54536663e+01  -2.31200628e+00 
  1.28378632e+00   1.11396452e+01   2.92392497e-01 
  2.92840521e+00   8.09051632e+00  -1.19473920e+00 
  2.51188649e+00   7.38958949e+00  -4.91014618e+00 
  2.99892866e+00   4.17098920e+00  -6.82815169e+00 
  3.61631466e+00   4.53210986e+00  -1.05424926e+01 
  4.95629366e+00   2.69837779e+00  -1.35740919e+01 
  2.53274217e+00  -4.76203229e+00  -1.48941098e+01 
 -1.27246744e+00  -5.41441233e+00  -1.18577144e+01 
 -1.14838308e+00  -1.79367911e+00  -1.07065202e+01 
 -5.79965057e+00  -4.39350628e+00  -9.95175511e+00 
 -4.14793293e+00  -3.13663244e+00  -6.72827736e+00 
 -6.09822751e+00   1.03463559e-01  -7.17348670e+00 
 -9.24876988e+00  -1.85951014e+00  -7.98499673e+00 
 -8.92487907e+00  -4.02431291e+00  -4.87667173e+00 
 -8.19936947e+00  -1.13737641e+00  -2.44324136e+00 
 -1.14173303e+01   5.03474908e-01  -3.52987795e+00 
 -1.33502084e+01  -2.76337054e+00  -3.20893959e+00 
 -1.20033754e+01  -3.56861597e+00   2.40417982e-01 
 -4.79469289e+00  -8.83034371e-01   1.00364424e+01 
 -4.44673432e+00  -9.84637502e-01   6.25446401e+00 
 -2.86923405e+00   1.82887187e+00   4.21839580e+00 
 -5.63377302e+00   4.24763721e+00   3.19120700e+00 
 -6.28638048e+00   4.95830423e+00  -4.76079984e-01 
 -6.69219123e+00   8.64157544e+00  -1.25444597e+00 
 -6.87529540e+00   8.62533572e+00  -5.04183621e+00 
 -1.99294264e+00   5.04037552e+00  -7.06869208e+00 
 -2.09393587e+00   7.50192155e+00  -4.12204923e+00 
 -2.24560801e+00   6.64886170e+00  -3.69676500e-01 
 -1.65566309e+00   8.11479372e+00   3.02960786e+00 
  1.99257768e+00   8.78037935e+00   3.76278233e+00 
  3.38743735e+00   6.79988624e+00   6.70620580e+00 
  7.94165726e+00   6.82155564e+00   1.02677093e+01 
  8.78363070e+00   4.01342987e+00   7.87884652e+00 
  8.71723995e+00   2.15077114e-01   8.01250460e+00 
 -5.84275192e+00  -5.73349557e+00   9.60772379e+00 
 -5.26408878e+00  -9.30102473e+00   8.45571551e+00 
 -1.00672258e+01  -7.50974482e+00   7.78096334e+00 
 -8.23865624e+00  -8.64749674e+00   4.61262205e+00 
 -1.38387312e+00  -1.07317980e+01   1.12685217e+00 
  1.39508530e+00  -1.30271119e+01  -2.54135610e-02 
  4.22895244e+00  -1.09254172e+01   1.47796861e+00 
  3.38106985e+00  -1.03526468e+01   5.16723531e+00 
  9.29418254e+00  -4.54179564e+00   5.95062312e+00 
  5.68430436e+00  -4.35579332e+00   4.80476521e+00 
  4.19935169e+00  -2.85790692e+00   7.97347089e+00 
  4.48564216e+00   9.25513424e-01   8.42627020e+00 
  4.41685309e+00   3.00861366e+00   1.15649045e+01 
  2.01774116e+00   5.96975263e+00   1.15807315e+01 
  1.10766609e+00   8.66363087e+00   1.41443766e+01 
  5.00552049e-01   4.35693570e-01   1.23450992e+01 
 -6.39022561e-01  -1.41966591e-01   8.79748767e+00 
 -3.48016298e-01  -3.16969027e+00   6.51895289e+00 
  1.10483944e+00  -2.11067037e+00   3.17018421e+00 
  3.00730924e+00  -3.48336362e+00   1.69723804e-01 
  5.89815177e+00  -1.84856688e+00  -1.69986422e+00 
  5.67313057e+00  -4.28179944e+00  -4.59971354e+00 
  3.26399537e+00  -5.02430664e+00  -7.43264834e+00 
  4.37829570e-01  -7.31753520e+00  -6.26498398e+00 

   5.809271568701e+00 

  6.58433040e+00  -2.13126911e+00   1.12707037e+00 
  7.24760816e+00  -7.91507379e-01   1.16583471e+00 
  7.37084058e+00  -2.86758273e+00   1.60787559e-01 
 -2.95803612e+00  -2.31360440e+00   8.03773323e-01 
 -3.70558808e+00  -1.25722409e+00   4.00127175e-01 
 -3.18456573e+00  -1.56645790e-01   1.04839750e+00 
 -1.81260417e+00  -8.96445248e-02   1.06083514e+00 
 -1.03585112e+00  -1.17987252e+00   1.34350693e+00 
 -1.78057131e+00  -2.34350411e+00   1.57489006e+00 
  4.23615071e-01  -1.17206177e+00   1.25690751e+00 
  1.10500099e+00  -2.41649824e-01   7.93212771e-01 
  1.07071894e+00  -1.98731859e+00   2.24320591e+00 
  2.39611325e+00  -2.29816401e+00   2.03978613e+00 
 -1.29906105e+00   7.27268917e-01  -3.04278912e-02 
 -2.06858332e+00   1.89327158e+00  -1.94835622e-01 
 -3.05762962e+00   1.64390225e+00  -1.29826407e+00 
 -2.68018203e+00   1.11085456e+00  -2.53038767e+00 
 -3.14433532e+00   1.62149017e+00  -3.74250649e+00 
 -4.30423414e+00   2.25087047e+00  -3.72012111e+00 
 -4.74867715e+00   2.62628688e+00  -2.55622720e+00 
 -3.76627209e+00   2.77551670e+00  -1.58392530e+00 
  3.36286766e+00  -1.44241922e+00   2.42519107e+00 
  4.13306498e+00  -2.98163253e+00   5.88160758e-01 
  2.71358825e+00  -2.73808614e+00   8.05006528e-01 
  5.14051286e+00  -2.23564591e+00   1.19589766e+00 
  4.67162849e+00  -2.06495192e+00   2.52100914e+00 
  5.92162206e+00  -1.75153951e+00   3.15594838e+00 
  6.97460916e+00  -2.59846582e+00   2.54401349e+00 
 -1.27786207e+01   3.32812277e+00   3.09476853e+00 
 -9.47430206e+00   4.68021171e+00   1.88043686e+00 
 -8.12536808e+00   4.79423121e+00   5.40074499e+00 
 -8.40755808e+00  -2.02784940e+00   1.09027413e+01 
 -8.53353578e+00  -2.89962633e-01   7.55342449e+00 
 -7.72991592e+00  -4.35518233e-02   3.89372397e+00 
 -1.07911288e+01  -3.11575805e-01   1.65478711e+00 
 -7.81770609e+00  -1.13522875e+01  -9.83472393e+00 
 -8.06005393e+00  -2.74725388e+00  -5.96382814e+00 
 -7.12345496e+00  -1.68931284e+00  -2.46853812e+00 
 -7.58258528e+00  -4.15004456e+00   3.95556606e-01 
 -6.01939817e+00  -4.16851261e+00   3.83524325e+00 
 -7.86220391e+00  -6.14399759e+00   6.48277676e+00 
 -8.19777321e+00  -6.59404492e+00   1.02289159e+01 
 -1.58227966e+00  -7.27780184e+00   1.45925764e+01 
  2.01951623e+00  -7.99208127e+00   1.13304031e+01 
 -4.41954239e-01  -8.11110270e+00   8.43603637e+00 
  4.36544867e+00  -1.03782974e+01   7.59237112e+00 
  3.55472589e+00  -7.46407112e+00   5.23679769e+00 
  2.00306900e+00  -1.00104106e+01   2.86854939e+00 
  4.97763125e+00  -1.23256433e+01   3.34751851e+00 
  7.48220309e+00  -9.57544656e+00   2.56235195e+00 
  5.67375452e+00  -8.25783110e+00  -5.64269119e-01 
  5.83491543e+00  -1.17249666e+01  -2.04123748e+00 
  9.50949461e+00  -1.20986259e+01  -1.10895326e+00 
  1.05207790e+01  -8.73421166e+00  -2.52967877e+00 
  7.71708024e+00   2.02050448e+00  -8.15239151e+00 
  6.35503575e+00  -7.58201914e-02  -5.29144491e+00 
  2.65791550e+00  -9.24285329e-01  -4.88979110e+00 
  1.99267479e+00  -4.22203852e+00  -6.68715030e+00 
  5.98719107e-01  -7.18978106e+00  -4.78207061e+00 
 -2.25476960e+00  -8.92681956e+00  -6.56457499e+00 
 -3.39083456e+00  -1.14381603e+01  -3.96060859e+00 
 -4.00912774e+00  -8.20609870e+00   1.51378062e+00 
 -4.86626938e+00  -7.06244130e+00  -2.05125415e+00 
 -2.89124975e+00  -4.59451158e+00  -4.25117226e+00 
 -3.21798585e+00  -2.40260678e+00  -7.27456667e+00 
 -5.49956154e+00   5.63106853e-01  -6.73682596e+00 
 -3.78169313e+00   3.94777316e+00  -7.08993365e+00 
 -5.13708382e+00   9.52242494e+00  -7.80538911e+00 
 -4.23950854e+00   9.36243814e+00  -4.13525084e+00 
 -1.24995203e+00   1.03774024e+01  -2.01813958e+00 
  1.18686686e+01   2.23307333e+00  -5.40861361e+00 
  1.39012206e+01   2.85340745e+00  -2.26645624e+00 
  1.49580621e+01  -1.55648190e+00  -4.75041825e+00 
  1.37746974e+01  -1.91356241e+00  -1.12430851e+00 
  1.04371032e+01   1.46122938e+00   5.27523717e+00 
  1.02807779e+01   3.36746067e+00   8.54029897e+00 
  7.60305060e+00   5.84959176e+00   7.36689013e+00 
  8.84963109e+00   7.39935382e+00   4.09550899e+00 
  1.39416482e+00   1.07311672e+01   2.46466794e+00 
  2.86625583e+00   7.31450206e+00   1.73107497e+00 
  3.58427695e+00   7.83101353e+00  -1.97123529e+00 
  6.78264640e-01   7.34993791e+00  -4.40535197e+00 
  1.56508212e-01   8.73553398e+00  -7.86988028e+00 
 -7.81672697e-01   6.22174113e+00  -1.05763525e+01 
 -1.49650088e+00   6.47112349e+00  -1.43292607e+01 
  4.54600496e+00   7.01656995e+00  -8.45597280e+00 
  4.44694436e+00   4.09909629e+00  -6.06925939e+00 
  5.85321562e+00   3.66091382e+00  -2.56584515e+00 
  3.13539825e+00   2.34819139e+00  -2.55690289e-01 
  2.14655222e+00   2.21146715e+00   3.41989446e+00 
 -1.31791104e+00   2.73516869e+00   4.91926633e+00 
 -2.87059522e-01   1.37445750e+00   8.30544392e+00 
  6.76687077e-01  -1.98254491e+00   9.78277177e+00 
  4.37809907e+00  -2.73029011e+00   9.19118531e+00 

   5.809271569265e+00 

  4.75704675e+00  -3.30250163e+00   1.04914053e+00 
  5.41261050e+00  -3.00127923e+00  -2.60784696e-01 
  5.74143686e+00  -2.88020539e+00   2.02233073e+00 
 -4.42792547e+00  -8.82634091e-01   2.03671862e+00 
 -5.03930829e+00   3.88909689e-02   1.25268628e+00 
 -4.67244207e+00  -2.64326142e-01  -4.21019388e-02 
 -3.34302399e+00  -5.66653532e-01  -2.09888824e-01 
 -2.67467114e+00  -1.39806228e+00   6.46797633e-01 
 -3.47158017e+00  -1.86006535e+00   1.70210232e+00 
 -1.23740312e+00  -1.65274765e+00   5.63108920e-01 
 -4.49704080e-01  -1.05169546e+00  -1.87382047e-01 
 -8.60050781e-01  -2.98886725e+00   9.21674894e-01 
  4.70200459e-01  -3.22357703e+00   1.18626840e+00 
 -2.56875340e+00   5.97812300e-01  -6.17879370e-01 
 -3.25739692e+00   1.34849636e+00  -1.58793322e+00 
 -3.95523769e+00   2.48055044e+00  -8.88349087e-01 
 -3.30051436e+00   3.31093208e+00   2.07952488e-02 
 -3.45075690e+00   4.69757464e+00   1.31232627e-02 
 -4.57172383e+00   5.17376758e+00  -4.95458977e-01 
 -5.27751945e+00   4.36284956e+00  -1.22852322e+00 
 -4.55611732e+00   3.31409678e+00  -1.78749949e+00 
  1.32905690e+00  -3.48146943e+00   1.80630320e-01 
  2.49469100e+00  -2.56271777e+00   2.21391910e+00 
  1.06882889e+00  -2.34304268e+00   2.01409332e+00 
  3.33772428e+00  -3.07059918e+00   1.22794282e+00 
  2.56611545e+00  -4.09603400e+00   6.29593108e-01 
  3.63109683e+00  -4.84205428e+00   1.87403753e-02 
  4.78693119e+00  -4.84110840e+00   9.48564531e-01 
 -1.44203567e+01   1.36726720e+00  -3.31214260e+00 
 -1.08997723e+01   2.19614317e+00  -4.37970013e+00 
 -1.04372076e+01  -1.24863102e+00  -5.84419925e+00 
 -1.21450711e+01  -8.63654942e+00  -1.44030534e+00 
 -1.14326876e+01  -4.95172929e+00  -1.85098449e+00 
 -9.76709379e+00  -1.74478365e+00  -8.30573153e-01 
 -1.22024611e+01   8.81540340e-01   4.44996900e-01 
 -6.72370015e+00   6.53602779e+00   1.46138853e+01 
 -7.75506752e+00   6.23855690e+00   5.23641454e+00 
 -7.67163356e+00   3.25554463e+00   2.93246148e+00 
 -8.84636529e+00  -1.20620375e-01   4.23267719e+00 
 -8.15856523e+00  -3.59026854e+00   2.90458667e+00 
 -1.06161329e+01  -6.27578255e+00   3.93233729e+00 
 -1.18515874e+01  -9.74265495e+00   3.03614517e+00 
 -6.49419796e+00  -1.54506583e+01   1.62512420e+00 
 -2.22427824e+00  -1.35964185e+01   3.19179859e+00 
 -3.91735904e+00  -1.04623315e+01   4.51894623e+00 
  9.15082495e-01  -1.16339426e+01   6.57756265e+00 
  7.42200614e-01  -8.25907486e+00   4.76673734e+00 
 -2.33282208e-01  -6.69442943e+00   8.09846376e+00 
  2.50109483e+00  -8.65533555e+00   9.86361930e+00 
  5.16437793e+00  -7.51968052e+00   7.39984527e+00 
  4.18375702e+00  -3.80214064e+00   7.42457842e+00 
  4.64102652e+00  -3.77149611e+00   1.11686955e+01 
  7.97628014e+00  -5.59408828e+00   1.09126986e+01 
  9.35336316e+00  -3.31748958e+00   8.21432995e+00 
  8.15815288e+00   6.32376260e+00   4.19635997e-01 
  6.11377377e+00   3.29104211e+00   1.44817179e+00 
  2.41582645e+00   3.46945883e+00   2.36646210e+00 
  2.15103822e+00   4.04103143e+00   6.12829543e+00 
  2.92190649e-01   1.56016203e+00   8.31230400e+00 
 -2.07489560e+00   3.19098694e+00   1.07769185e+01 
 -3.84464282e+00   1.86746006e-01   1.22670977e+01 
 -5.71247079e+00  -3.43109574e+00   7.34573035e+00 
 -5.66706010e+00   3.99734048e-01   7.61920493e+00 
 -3.18123326e+00   2.83063449e+00   5.96318524e+00 
 -2.73499622e+00   6.43320797e+00   5.02804678e+00 
 -5.03156389e+00   7.55472274e+00   2.24269808e+00 
 -3.22573854e+00   8.71296486e+00  -9.08371388e-01 
 -4.28016358e+00   1.17038995e+01  -5.74244026e+00 
 -4.29605368e+00   8.12779436e+00  -6.97222459e+00 
 -1.88901259e+00   5.90035785e+00  -8.89431856e+00 
  1.15291019e+01   2.97094025e+00  -1.06511845e+00 
  1.27542030e+01  -1.05178304e-01  -2.91602385e+00 
  1.43083318e+01   2.84074987e-01   1.99999775e+00 
  1.22805679e+01  -2.84559616e+00   1.12257479e+00 
  7.55325985e+00  -6.62064108e+00  -4.06245110e+00 
  6.64505698e+00  -8.83510101e+00  -6.99334238e+00 
  4.36870850e+00  -6.25503681e+00  -8.68733909e+00 
  6.39126274e+00  -3.02484941e+00  -9.05176197e+00 
 -3.97718748e-01   1.37676328e+00  -1.10215664e+01 
  1.15335353e+00   4.53613586e-01  -7.68678670e+00 
  2.75043902e+00   3.81722685e+00  -6.89628451e+00 
  5.09327184e-01   6.50622577e+00  -5.36398358e+00 
  8.59818264e-01   1.02575013e+01  -5.37636931e+00 
  5.61669728e-01   1.19980780e+01  -1.99911502e+00 
  7.76259010e-01   1.56394403e+01  -8.36398157e-01 
  5.23335617e+00   9.14961979e+00  -3.88949994e+00 
  4.51582725e+00   5.95471852e+00  -2.01983883e+00 
  5.02933771e+00   2.31054650e+00  -2.96844373e+00 
  1.81446228e+00   3.72469374e-01  -2.37262837e+00 
 -3.29653217e-02  -2.76619229e+00  -3.48720219e+00 
 -3.74787796e+00  -3.13110204e+00  -4.25606987e+00 
 -3.58506219e+00  -6.91969552e+00  -4.27629034e+00 
 -3.05908627e+00  -9.69890965e+00  -1.75040991e+00 
  6.63466800e-01  -1.02892691e+01  -1.11509002e+00 

   5.809271566228e+00 

  3.97243625e+00  -3.11063024e+00   4.05411902e+00 
  5.28923546e+00  -2.41002540e+00   4.16179785e+00 
  3.60884758e+00  -3.35612897e+00   5.43324690e+00 
 -2.40341092e+00   4.20599634e-01  -2.11627808e+00 
 -2.35503325e+00   1.69174494e+00  -2.58484694e+00 
 -1.04140930e+00   1.91175224e+00  -2.94398486e+00 
 -1.11764101e-01   1.45355038e+00  -2.04247116e+00 
 -2.12002908e-01   2.18847879e-01  -1.46169385e+00 
 -1.35768133e+00  -4.84890052e-01  -1.85457863e+00 
  6.95487108e-01  -2.55318473e-01  -4.18038130e-01 
  1.55494368e+00   4.40770775e-01   1.49200670e-01 
  9.73841700e-01  -1.66054393e+00  -4.81526904e-01 
  1.54019691e+00  -2.24638432e+00   6.27845184e-01 
  3.14072063e-01   2.49973784e+00  -1.12264381e+00 
  5.15873232e-01   3.71651173e+00  -1.79902297e+00 
 -7.24623002e-01   4.54865247e+00  -1.63573984e+00 
 -1.32467177e+00   4.75541208e+00  -3.93996099e-01 
 -1.77515469e+00   6.00812450e+00   2.21708174e-02 
 -2.09970967e+00   6.87011344e+00  -9.23147159e-01 
 -1.67303678e+00   6.61451884e+00  -2.12553549e+00 
 -5.54822478e-01   5.79014607e+00  -2.17813237e+00 
  2.87461981e+00  -2.20953375e+00   8.10618195e-01 
  1.62678672e+00  -2.51282972e+00   2.97579189e+00 
  9.61436675e-01  -1.94916362e+00   1.80924235e+00 
  3.00478298e+00  -2.70119464e+00   3.05599576e+00 
  3.34664173e+00  -3.19057884e+00   1.77203968e+00 
  4.60865341e+00  -3.79475115e+00   2.09786398e+00 
  4.48600554e+00  -4.42619667e+00   3.43456285e+00 
 -4.10421439e+00   6.70261671e+00  -1.16642948e+01 
 -1.58611048e+00   7.19163300e+00  -8.90000897e+00 
  7.66272948e-01   4.70320024e+00  -1.04808925e+01 
 -1.66581174e+00  -3.35758948e+00  -1.29305904e+01 
 -1.95438969e+00  -8.14549929e-02  -1.10764846e+01 
 -2.74504462e+00   1.96579307e+00  -8.02959002e+00 
 -5.78361982e+00   4.20921116e+00  -8.46529429e+00 
 -1.56957373e+01   1.96461162e+00   4.16241726e+00 
 -8.67671323e+00   5.96269521e+00  -7.19980273e-01 
 -5.98238580e+00   4.31880661e+00  -2.78195752e+00 
 -6.73638090e+00   1.02165609e+00  -4.52245301e+00 
 -4.36532349e+00  -1.59249999e+00  -5.87138504e+00 
 -5.77755869e+00  -3.90888168e+00  -8.50726622e+00 
 -4.78476049e+00  -6.32412181e+00  -1.12512920e+01 
  7.66191868e-01  -1.18012897e+01  -9.68242849e+00 
  1.30395542e+00  -1.16987105e+01  -4.80132178e+00 
 -1.51502181e+00  -9.17894729e+00  -4.40823701e+00 
 -2.47891727e-01  -1.20621418e+01  -4.42213656e-02 
  1.90971215e-01  -8.27687046e+00   3.77479597e-01 
 -3.41877736e+00  -8.14694229e+00   1.58284936e+00 
 -2.82946759e+00  -1.11793581e+01   3.79529132e+00 
  2.60722456e-01  -9.64610980e+00   5.39305069e+00 
 -1.29343937e+00  -6.19211777e+00   6.05401277e+00 
 -4.04759741e+00  -7.87498447e+00   8.00619523e+00 
 -1.55845106e+00  -1.00316745e+01   9.92038899e+00 
  7.19346886e-01  -7.13735626e+00   1.08120197e+01 
  3.69107410e+00   4.94945382e+00   1.03457518e+01 
  2.59416245e+00   2.24506441e+00   7.91309444e+00 
 -1.73011842e-01   2.74176238e+00   5.33511980e+00 
 -3.47560943e+00   1.67080386e+00   6.91439693e+00 
 -5.54570138e+00  -1.08479506e+00   5.33283695e+00 
 -9.22766921e+00  -2.44507920e-01   5.06070769e+00 
 -1.05536984e+01  -3.17815467e+00   3.05734072e+00 
 -6.64356582e+00  -3.85994855e+00  -1.94700483e+00 
 -7.87638001e+00  -6.18300832e-01  -2.96549678e-01 
 -5.87799541e+00   1.74016037e+00   2.00021702e+00 
 -5.86813165e+00   5.22373437e+00   3.38468102e+00 
 -5.17974450e+00   7.87180705e+00   7.76224641e-01 
 -2.00687634e+00   9.89290473e+00   1.39250327e+00 
  4.78241796e-01   1.48232276e+01  -3.22664287e-01 
  2.42187062e+00   1.22131561e+01  -2.24905681e+00 
  5.85360999e+00   1.06056865e+01  -1.95079118e+00 
  7.59599342e+00   1.97116155e+00   1.11767632e+01 
  1.05664838e+01  -1.77939322e-01   1.02037315e+01 
  7.36763146e+00  -2.27063729e+00   1.36854062e+01 
  7.82867394e+00  -4.23958758e+00   1.04316074e+01 
  1.04570398e+01  -4.37590054e+00   2.91123066e+00 
  1.29115286e+01  -4.87527279e+00   7.48768191e-02 
  1.23433671e+01  -1.42037971e+00  -1.49004738e+00 
  1.28444358e+01   1.17489767e+00   1.27963225e+00 
  9.58025055e+00   7.25007369e+00  -3.38747847e+00 
  7.99891984e+00   4.68744964e+00  -1.08288323e+00 
  7.31269280e+00   6.98552370e+00   1.87302461e+00 
  4.15629651e+00   9.13436397e+00   1.72843127e+00 
  3.33721196e+00   1.23688506e+01   3.47836281e+00 
  6.99761501e-03   1.24988591e+01   5.32690346e+00 
 -1.79407593e+00   1.51557241e+01   7.41369421e+00 
  4.79750425e+00   9.88032078e+00   7.25206137e+00 
  3.78484406e+00   6.40529169e+00   6.19538684e+00 
  5.80647290e+00   3.50831648e+00   4.79393508e+00 
  4.13013430e+00   2.18686825e+00   1.64906152e+00 
  4.87989169e+00   2.76611615e-01  -1.55955545e+00 
  3.59885385e+00   1.02829031e+00  -5.06937191e+00 
  4.72966209e+00  -2.32719282e+00  -6.42671777e+00 
  3.74755643e+00  -5.96812847e+00  -6.02693657e+00 
  5.39839776e+00  -7.50367324e+00  -2.94045389e+00 

   5.809271569694e+00 

 -3.37042333e+00  -3.14670042e+00  -3.64348232e+00 
 -2.17029203e+00  -4.03307595e+00  -3.74559070e+00 
 -3.64158651e+00  -2.78870547e+00  -5.01926112e+00 
 -3.36725382e+00   3.49779142e+00   3.21549007e+00 
 -2.23593732e+00   3.94061570e+00   3.81693310e+00 
 -1.50606532e+00   2.81148553e+00   4.12573703e+00 
 -1.45527895e+00   1.86648524e+00   3.13009556e+00 
 -2.56722066e+00   1.49656294e+00   2.42398590e+00 
 -3.71908883e+00   2.19967916e+00   2.79949370e+00 
 -2.52944931e+00   5.78589901e-01   1.28666157e+00 
 -1.49296439e+00   1.47494897e-01   7.52970356e-01 
 -3.68312839e+00  -2.66376473e-01   1.18065989e+00 
 -3.88618159e+00  -9.16580402e-01  -1.54467119e-02 
 -2.60707076e-01   2.00723492e+00   2.30843901e+00 
  8.70991478e-01   2.26874173e+00   3.10193350e+00 
  1.10619786e+00   3.75286228e+00   3.09872464e+00 
  1.13186097e+00   4.50034486e+00   1.92171531e+00 
  2.10159735e+00   5.47084416e+00   1.67041526e+00 
  2.66902236e+00   6.03376663e+00   2.72071504e+00 
  2.52856839e+00   5.42626221e+00   3.86278760e+00 
  2.25677924e+00   4.06645951e+00   3.76366566e+00 
 -3.27143216e+00  -2.08913861e+00  -2.65728993e-01 
 -3.91110551e+00  -8.81165234e-01  -2.37965641e+00 
 -3.77450690e+00  -1.56281524e-01  -1.12380822e+00 
 -3.48870441e+00  -2.19705580e+00  -2.55517633e+00 
 -3.88225833e+00  -2.83349998e+00  -1.35310593e+00 
 -3.86551412e+00  -4.19489552e+00  -1.81157561e+00 
 -4.38548709e+00  -4.21994989e+00  -3.20064987e+00 
  8.48428110e-01   6.74517915e+00   1.34723684e+01 
  2.57077454e+00   4.93973189e+00   1.06448054e+01 
  1.20704032e+00   1.62295260e+00   1.18128795e+01 
 -7.28318188e+00   2.15748135e-01   1.34946405e+01 
 -4.31043311e+00   2.02359846e+00   1.20288680e+01 
 -2.56876998e+00   3.88563327e+00   9.27217104e+00 
 -1.87124129e+00   7.52661322e+00   1.01162028e+01 
 -7.15135543e+00   1.67528599e+01  -2.12079917e+00 
 -9.31477559e-01   1.16154169e+01   2.77909515e+00 
 -1.42471806e+00   8.29666123e+00   4.49842580e+00 
 -4.85125303e+00   7.43274525e+00   5.90610226e+00 
 -6.30278580e+00   4.06877085e+00   6.82918437e+00 
 -9.19292807e+00   4.12365203e+00   9.26884859e+00 
 -1.11574373e+01   1.95420787e+00   1.16736205e+01 
 -1.36163630e+01  -5.19955042e+00   9.21367527e+00 
 -1.29238924e+01  -5.17467410e+00   4.35108809e+00 
 -1.18207122e+01  -1.53712552e+00   4.39081400e+00 
 -1.35499504e+01  -3.46879598e+00  -3.25270171e-01 
 -9.91756411e+00  -2.24254691e+00  -3.53408206e-01 
 -1.12441734e+01   1.18822869e+00  -1.33827855e+00 
 -1.35599391e+01  -3.99693829e-01  -3.89825433e+00 
 -1.07412510e+01  -2.39724511e+00  -5.48499880e+00 
 -8.23718499e+00   5.13896306e-01  -5.67797760e+00 
 -1.07778797e+01   2.48555354e+00  -7.64924251e+00 
 -1.15184560e+01  -4.81147607e-01  -9.92114137e+00 
 -7.87159401e+00  -1.24353531e+00  -1.06136842e+01 
  4.25715041e+00   1.07965374e+00  -8.99014587e+00 
  1.16667777e+00   7.06963967e-01  -6.81187899e+00 
  2.41487804e-01   3.16731498e+00  -4.04771539e+00 
 -2.00901794e+00   5.85446638e+00  -5.55192261e+00 
 -5.49489650e+00   6.42108597e+00  -4.17079496e+00 
 -6.32398324e+00   1.00724405e+01  -3.60755707e+00 
 -9.68601448e+00   9.85203908e+00  -1.86793875e+00 
 -9.01823900e+00   5.55514484e+00   2.81054312e+00 
 -6.49372202e+00   8.18205516e+00   1.59470450e+00 
 -3.34209478e+00   7.58274735e+00  -5.35809338e-01 
 -9.10448446e-02   9.16270165e+00  -1.52906953e+00 
  2.39147226e+00   9.39777760e+00   1.31206299e+00 
  5.61063799e+00   7.43540236e+00   7.48303987e-01 
  1.09835444e+01   7.08698005e+00   2.85453340e+00 
  9.30996330e+00   4.05550204e+00   4.37453906e+00 
  9.34273571e+00   3.12004978e-01   3.71505355e+00 
  3.29547576e+00  -3.61326549e+00  -1.03542946e+01 
  2.54690440e+00  -7.28832423e+00  -9.78612820e+00 
 -4.36216485e-01  -4.93967496e+00  -1.32959628e+01 
 -2.26320873e+00  -6.49104593e+00  -1.03073366e+01 
 -1.84007716e+00  -9.64314168e+00  -3.00198579e+00 
 -1.46208442e+00  -1.23410300e+01  -3.75712928e-01 
  1.29292327e+00  -1.05335559e+01   1.58670614e+00 
  4.05717694e+00  -9.63591011e+00  -9.05436317e-01 
  7.79248242e+00  -4.59491133e+00   4.57000137e+00 
  4.98408573e+00  -4.01672884e+00   2.08859059e+00 
  6.98944810e+00  -2.15290233e+00  -5.56053507e-01 
  7.57370388e+00   1.58288103e+00  -4.86245819e-03 
  1.02753142e+01   3.84257996e+00  -1.34281899e+00 
  9.11659469e+00   7.08250630e+00  -2.98129158e+00 
  1.09052123e+01   1.00201363e+01  -4.66315228e+00 
  8.93926181e+00   1.84481437e+00  -5.44036853e+00 
  5.29429339e+00   1.20574708e+00  -4.71671613e+00 
  3.43508025e+00  -1.96581957e+00  -3.75337540e+00 
  1.29114649e+00  -1.30522752e+00  -6.85195301e-01 
 -3.56671958e-01  -3.08855235e+00   2.24923948e+00 
 -4.90631821e-01  -1.95346462e+00   5.88496817e+00 
 -3.13890472e+00  -4.50771910e+00   6.80300583e+00 
 -6.80972335e+00  -5.10415464e+00   6.06131247e+00 
 -7.25756860e+00  -6.94155986e+00   2.73972645e+00 

   5.809271566244e+00 

 -1.17890788e+00   4.34677664e+00  -6.77157822e+00 
 -2.18549586e-01   5.46021603e+00  -6.49887568e+00 
 -7.93934235e-01   3.88615576e+00  -8.08842434e+00 
 -2.82667050e+00  -1.87497961e+00   2.83164086e-01 
 -1.98369508e+00  -2.04691277e+00   1.33079874e+00 
 -1.65539820e+00  -7.78681684e-01   1.76300472e+00 
 -1.36690432e+00   1.16095655e-01   7.61475209e-01 
 -2.13687270e+00   2.16807532e-01  -3.64955916e-01 
 -3.19840633e+00  -6.96762987e-01  -3.91791495e-01 
 -1.79714978e+00   1.07694770e+00  -1.49735901e+00 
 -7.26180457e-01   1.69430385e+00  -1.62721016e+00 
 -2.93414337e+00   1.65659198e+00  -2.15113891e+00 
 -2.73879718e+00   2.20233283e+00  -3.39961015e+00 
  6.40307926e-02   1.96560240e-01   5.00942404e-01 
  7.96799715e-01   2.09335973e-01   1.70162453e+00 
  1.26885684e+00  -1.19152517e+00   1.97125510e+00 
  1.90613437e+00  -1.96269199e+00   9.99702485e-01 
  3.04725698e+00  -2.71756786e+00   1.27066275e+00 
  3.22250390e+00  -3.10742112e+00   2.51937791e+00 
  2.52139800e+00  -2.49844129e+00   3.43081104e+00 
  2.08041296e+00  -1.23072848e+00   3.06860087e+00 
 -2.29161010e+00   3.46691265e+00  -3.52732034e+00 
 -1.78422059e+00   2.06966643e+00  -5.55889876e+00 
 -2.05045597e+00   1.43938405e+00  -4.27316499e+00 
 -1.56500223e+00   3.43691944e+00  -5.71170459e+00 
 -2.52230518e+00   4.02348516e+00  -4.84890746e+00 
 -2.55786728e+00   5.33908950e+00  -5.42491079e+00 
 -2.45723810e+00   5.20007274e+00  -6.89836869e+00 
 -2.69592740e+00  -3.76166805e+00   1.16824837e+01 
 -3.10530971e-01  -1.74790487e+00   9.56685117e+00 
 -2.59207719e+00   1.25279735e+00   9.69147848e+00 
 -1.11264750e+01   9.14893372e-01   7.70596528e+00 
 -7.54758394e+00  -2.86140483e-01   7.76163810e+00 
 -4.53078842e+00  -1.84874056e+00   6.16252791e+00 
 -3.61458889e+00  -5.22675457e+00   7.64755351e+00 
 -1.69723491e+00  -1.58277909e+01  -4.46397710e+00 
  9.55697163e-01  -9.31283614e+00   1.82939169e+00 
 -7.73588178e-01  -6.10617270e+00   2.79913416e+00 
 -4.56913059e+00  -5.92473345e+00   2.62600689e+00 
 -6.83693283e+00  -2.90593798e+00   2.48711862e+00 
 -1.04150507e+01  -3.46927172e+00   3.57690291e+00 
 -1.35406820e+01  -1.66683652e+00   4.73031844e+00 
 -1.59856733e+01   4.71070368e+00   6.53215781e-01 
 -1.33653286e+01   4.64052467e+00  -3.50055185e+00 
 -1.17565354e+01   1.31926930e+00  -2.58873979e+00 
 -1.17064595e+01   2.65903056e+00  -7.80080203e+00 
 -8.22954292e+00   2.22089357e+00  -6.24587480e+00 
 -8.41057217e+00  -1.44765290e+00  -7.25040335e+00 
 -9.71023340e+00  -4.81947881e-01  -1.06878481e+01 
 -6.88693349e+00   1.99792860e+00  -1.12641734e+01 
 -4.05647422e+00  -3.29249312e-01  -1.01000887e+01 
 -5.17481552e+00  -2.86532030e+00  -1.26586236e+01 
 -5.42506369e+00  -2.11190295e-01  -1.53797021e+01 
 -2.01119398e+00   1.27054242e+00  -1.46652732e+01 
  8.58264597e+00   1.60565327e+00  -8.12327041e+00 
  4.85760001e+00   1.40782566e+00  -7.40239911e+00 
  3.32639966e+00  -1.08125965e+00  -4.95091064e+00 
  2.40145385e+00  -4.23723818e+00  -6.88287671e+00 
 -1.18540389e+00  -5.46693061e+00  -6.93026864e+00 
 -1.51813163e+00  -9.18595141e+00  -6.30162001e+00 
 -5.27937644e+00  -9.60668868e+00  -6.06895435e+00 
 -7.35620529e+00  -5.08489983e+00  -2.06424962e+00 
 -4.13736015e+00  -7.17026729e+00  -1.85835866e+00 
 -5.47666765e-01  -6.00810041e+00  -2.62938787e+00 
  3.04628961e+00  -6.90960703e+00  -2.06115460e+00 
  4.14247292e+00  -6.50757675e+00   1.53425404e+00 
  6.91030055e+00  -3.93798759e+00   2.05200871e+00 
  1.07922147e+01  -2.38915851e+00   6.04670107e+00 
  8.13896811e+00   2.81707354e-01   6.40435055e+00 
  7.78250383e+00   3.92013040e+00   5.36292514e+00 
  7.45912700e+00   5.93565419e+00  -1.03137038e+01 
  5.91149660e+00   9.39172834e+00  -1.05364815e+01 
  5.09504615e+00   6.33421269e+00  -1.46253819e+01 
  1.96116171e+00   7.58452045e+00  -1.28109862e+01 
 -1.21226710e+00   1.10397268e+01  -6.37096651e+00 
 -2.42542126e+00   1.38579422e+01  -4.15630842e+00 
 -4.48887186e-01   1.27462900e+01  -1.06347416e+00 
  3.20518777e+00   1.23505524e+01  -2.13528924e+00 
  5.18373366e+00   8.42304915e+00   4.93610830e+00 
  3.79090016e+00   7.17230420e+00   1.63846374e+00 
  6.99796712e+00   5.66760322e+00   2.45610426e-01 
  7.94966471e+00   2.16173542e+00   1.43069344e+00 
  1.13127079e+01   4.67447402e-01   1.55066101e+00 
  1.15167761e+01  -3.00512805e+00  -6.22960737e-03 
  1.43229505e+01  -5.56655781e+00  -4.77351637e-01 
  1.14490789e+01   1.97845561e+00  -2.95092672e+00 
  7.77834106e+00   1.86758312e+00  -3.80606387e+00 
  5.16295901e+00   4.61455851e+00  -4.04568648e+00 
  2.10074268e+00   3.64047030e+00  -2.01577320e+00 
 -8.91244779e-01   5.15281086e+00  -2.08211850e-01 
 -2.30469323e+00   4.15852141e+00   3.18861639e+00 
 -5.49927415e+00   6.13527976e+00   2.67145064e+00 
 -8.58406864e+00   5.91979421e+00   4.76370255e-01 
 -7.94336645e+00   7.49069116e+00  -2.94873324e+00 

   5.809271568443e+00 

  2.42248374e+00  -4.82588952e+00  -4.20550829e+00 
  3.73134472e+00  -5.11976512e+00  -3.54450745e+00 
  1.93208171e+00  -6.13591033e+00  -4.57673786e+00 
 -3.32636785e+00   1.51333002e+00   3.23955345e-02 
 -3.22197416e+00   1.84810582e+00   1.34187439e+00 
 -1.87881508e+00   2.06453172e+00   1.57007324e+00 
 -1.04015708e+00   1.13283084e+00   1.00837744e+00 
 -1.20603564e+00   6.87910741e-01  -2.74732265e-01 
 -2.31852826e+00   1.24940908e+00  -9.14469894e-01 
 -4.02566876e-01  -3.81102012e-01  -8.65696468e-01 
  4.08934807e-01  -1.08897211e+00  -2.44930178e-01 
 -1.34517759e-01  -2.04653536e-01  -2.26326095e+00 
  3.22079322e-01  -1.29719246e+00  -2.96508103e+00 
 -6.88877283e-01   7.99050240e-02   1.95171019e+00 
 -4.13339713e-01   6.12232019e-01   3.22428956e+00 
 -1.65465103e+00   4.79659329e-01   4.06066339e+00 
 -2.36318732e+00  -7.17565864e-01   4.15743009e+00 
 -2.83641131e+00  -1.21307652e+00   5.37231548e+00 
 -3.06425483e+00  -3.32032120e-01   6.32826273e+00 
 -2.53246908e+00   8.46552292e-01   6.18245915e+00 
 -1.42293286e+00   8.79628836e-01   5.34544329e+00 
  1.63459559e+00  -1.60165714e+00  -2.97220766e+00 
  1.91400297e-01  -3.60570513e+00  -3.46009320e+00 
 -3.58795886e-01  -2.44543418e+00  -2.77284993e+00 
  1.55426658e+00  -3.79022760e+00  -3.68220762e+00 
  2.00655093e+00  -2.50015425e+00  -4.05106702e+00 
  3.22711287e+00  -2.87672328e+00  -4.70854961e+00 
  2.97640513e+00  -4.12826746e+00  -5.46440179e+00 
 -4.08275181e+00   1.05096163e+01   7.24459250e+00 
 -1.82211993e+00   7.49593087e+00   7.41342393e+00 
  6.38048351e-01   9.09696763e+00   5.04499594e+00 
 -1.64600333e+00   1.25373924e+01  -2.69056943e+00 
 -2.06762658e+00   1.04028270e+01   3.94865266e-01 
 -3.11100742e+00   7.25225759e+00   2.15133749e+00 
 -6.07320977e+00   7.73551769e+00   4.48532964e+00 
 -1.71186440e+01  -3.66929516e+00   1.21791065e+00 
 -9.64165023e+00   1.45961201e-01   5.53387635e+00 
 -6.78815076e+00   2.10989648e+00   4.04591811e+00 
 -7.41528085e+00   4.22744864e+00   9.48868679e-01 
 -4.95900037e+00   5.60931844e+00  -1.56757026e+00 
 -6.14954130e+00   8.57665085e+00  -3.58882048e+00 
 -4.93639186e+00   1.14451892e+01  -5.74485074e+00 
  3.89931068e-01   9.93223348e+00  -1.14558071e+01 
  4.81478788e-01   5.03631675e+00  -1.18386026e+01 
 -2.33468345e+00   4.65124781e+00  -9.31445775e+00 
 -1.50140391e+00   4.96653530e-01  -1.26322965e+01 
 -1.06265224e+00  -3.33707399e-01  -8.91521306e+00 
 -4.76568150e+00  -1.21735892e+00  -8.83264969e+00 
 -4.41277553e+00  -3.16406603e+00  -1.20766472e+01 
 -1.46502776e+00  -5.17585623e+00  -1.07665163e+01 
 -3.03621877e+00  -6.03193277e+00  -7.36345256e+00 
 -5.97460749e+00  -7.55381746e+00  -9.17402753e+00 
 -3.69339474e+00  -9.46164757e+00  -1.15546897e+01 
 -1.47577695e+00  -1.08348806e+01  -8.80571725e+00 
  1.65424836e+00  -1.18305339e+01   3.20890562e+00 
  7.55050984e-01  -9.05465532e+00   7.75656523e-01 
 -1.76012066e+00  -6.30042629e+00   1.57443664e+00 
 -5.20413708e+00  -7.46384651e+00   4.19696937e-01 
 -7.15054869e+00  -5.43913907e+00  -2.12823943e+00 
 -1.07832392e+01  -4.92200091e+00  -1.19381345e+00 
 -1.19521614e+01  -2.52843904e+00  -3.89244241e+00 
 -7.60950437e+00   2.14775238e+00  -4.16080376e+00 
 -8.95317596e+00   3.03112567e-01  -1.07147314e+00 
 -7.14759450e+00  -2.38485115e+00   1.01317179e+00 
 -7.22701384e+00  -4.10117595e+00   4.34484515e+00 
 -6.27559105e+00  -1.83870915e+00   7.21995374e+00 
 -3.15084792e+00  -2.93326794e+00   9.10930518e+00 
 -4.67493130e-01  -1.94220647e+00   1.41335563e+01 
  1.61585646e+00   4.99088355e-02   1.16856418e+01 
  4.98884633e+00  -3.95078823e-01   9.99015330e+00 
  5.43529266e+00  -1.27108559e+01   8.83389166e-02 
  8.45914047e+00  -1.18011328e+01  -2.01356185e+00 
  4.93413200e+00  -1.47585912e+01  -4.37192060e+00 
  5.66898773e+00  -1.13811151e+01  -6.02394204e+00 
  8.97047990e+00  -4.15012571e+00  -5.47997887e+00 
  1.16679089e+01  -1.51000618e+00  -5.74911943e+00 
  1.12815103e+01  -2.48575805e-01  -2.14806806e+00 
  1.15554936e+01  -3.29427378e+00   1.55476346e-01 
  8.79511572e+00   1.02525025e+00   6.71799248e+00 
  6.98313090e+00  -8.64395227e-01   3.97486306e+00 
  6.05469599e+00  -3.95887620e+00   5.98773140e+00 
  2.94762374e+00  -3.74424171e+00   8.20161789e+00 
  2.00678934e+00  -5.72387403e+00   1.12660837e+01 
 -1.47652602e+00  -7.27004048e+00   1.12807661e+01 
 -3.43204959e+00  -9.43852155e+00   1.37568740e+01 
  3.09042790e+00  -9.34963786e+00   8.39456850e+00 
  2.14148903e+00  -7.86907624e+00   5.05910433e+00 
  4.25160176e+00  -6.37594021e+00   2.27316024e+00 
  2.85504336e+00  -2.97852219e+00   1.29656293e+00 
  3.87389883e+00   3.22494331e-01  -3.07077408e-01 
  2.92625737e+00   3.84182699e+00   8.06997909e-01 
  4.14042068e+00   5.41634010e+00  -2.42210386e+00 
  3.08735345e+00   5.46704621e+00  -6.06480166e+00 
  4.43351188e+00   2.41135652e+00  -7.92495437e+00 

   5.809271570098e+00 

