 -2.40458433e+00   4.85987716e+00   6.69076974e+00 
  2.00787057e+00  -3.16761859e+00   4.75466244e-01 
  1.57715675e+00  -1.90346961e+00   1.01973596e+00 
  1.60536622e-01  -1.83293748e+00   7.30317762e-01 
 -4.95292106e-01  -2.63530590e+00   1.73037809e+00 
  3.31856208e-01  -3.53818774e+00   2.22621814e+00 
  1.23790518e+00  -3.98037127e+00   1.25852748e+00 
 -5.10137700e-01  -4.57264937e-01   1.24876898e+00 
 -1.43276331e+00  -1.32395111e+00   4.22254449e-01 
 -2.18135123e+00  -1.01091786e+00   1.86111114e+00 
 -1.38226467e+00  -1.92822474e+00   2.64185236e+00 
  2.16460163e+00  -3.89416678e+00  -6.51335693e-01 
  2.59451507e+00  -3.24681244e+00  -1.75577748e+00 
  3.88778843e+00  -3.46824868e+00  -2.03973050e+00 
  4.41302256e+00  -2.94663385e+00  -3.19316388e+00 
  3.84272247e+00  -1.85250466e+00  -3.65492927e+00 
  2.69334973e+00  -1.40713966e+00  -3.08133359e+00 
  1.96078021e+00  -2.12845466e+00  -2.18709113e+00 
  4.52127412e+00  -4.46612876e+00  -1.37564563e+00 
  5.69747938e+00  -4.82467280e+00  -1.91145929e+00 
  6.04270520e+00  -4.56313631e+00  -3.19826268e+00 
  5.56419849e+00  -3.43081916e+00  -3.81608479e+00 
  6.46486810e+00  -5.73908765e+00  -1.33026665e+00 
  7.81946059e+00  -5.86718617e+00  -1.56662637e+00 
  7.17791234e+00  -5.12872958e+00  -3.63010574e+00 
  7.55830111e+00  -6.30555318e+00  -4.18504909e+00 
 -8.57800406e-01  -1.11958773e+00   3.78783857e+00 
 -2.05886777e+00  -5.78741619e-01   4.30812486e+00 
 -2.06720249e+00   6.88969466e-01   4.69679868e+00 
 -1.79645903e+00   1.02793560e+00   6.02932275e+00 
 -1.72337850e+00   2.29668410e+00   6.59418294e+00 
 -2.47277433e+00   3.27102954e+00   6.01434390e+00 
 -2.20483087e+00   3.17473005e+00   4.64915287e+00 
 -2.56216531e+00   1.87858081e+00   4.20324548e+00 
  1.05702782e-01  -3.71518918e-01   3.85876504e+00 
 -2.12023005e+00  -1.30744985e+01  -9.16837776e+00 
  1.65024381e+00  -1.31147844e+01  -9.14030252e+00 
  4.53496564e+00  -1.36669490e+01  -6.82736113e+00 
  4.23391046e+00  -1.31363767e+01  -3.02592463e+00 
  5.30679890e+00  -9.87751283e+00  -1.77505706e+00 
  4.88224296e+00  -1.07258515e+01   1.78298377e+00 
  3.44812806e+00  -1.32457380e+01   4.32404847e+00 
 -3.45548121e+00  -1.37782984e+01   8.29535966e+00 
 -2.61037687e+00  -1.43034599e+01   4.67364503e+00 
 -3.77969265e-01  -1.24464987e+01   2.28602718e+00 
  3.36400716e-01  -9.57422467e+00  -4.89652438e-02 
  7.03700824e-01  -1.06071150e+01  -3.66805452e+00 
  1.82895239e+00  -8.65006192e+00  -6.68532988e+00 
 -4.78831157e-01  -8.88030049e+00  -9.63361017e+00 
 -1.70454062e+00  -7.68780603e+00  -1.30098326e+01 
 -5.06096353e+00  -5.92954894e+00  -1.30470557e+01 
 -6.78789884e+00  -5.41303231e+00  -1.63698223e+01 
 -1.28873625e+00  -2.33961674e+00  -1.46146610e+01 
  8.23706025e-01  -4.04734738e+00  -1.19436168e+01 
 -6.77736429e-01  -3.81925433e+00  -8.52047648e+00 
 -3.12580295e-01  -5.18511462e+00  -4.98551824e+00 
 -3.11546448e+00  -7.21565734e+00  -3.41981111e+00 
 -3.81280574e+00  -8.02984166e+00   2.26605821e-01 
 -6.01035350e+00  -1.11205592e+01   7.94525100e-01 
 -9.38422767e+00  -6.17508891e+00   1.01260262e+01 
 -8.89996354e+00  -6.41373719e+00   6.39408738e+00 
 -1.14347316e+01  -2.08323700e+00   8.21021806e+00 
 -8.09881747e+00  -1.21759593e+00   6.43703687e+00 
 -1.01948278e+01  -1.13297756e+00   3.18771088e+00 
 -1.28743478e+01   9.27965732e-01   4.89951886e+00 
 -1.03146055e+01   3.36614473e+00   6.27840999e+00 
 -8.29123777e+00   3.82582793e+00   3.05574074e+00 
 -1.15285611e+01   4.89218272e+00   1.36782362e+00 
 -1.24121849e+01   7.20983528e+00   4.22677907e+00 
 -9.00890685e+00   8.80978417e+00   4.34277884e+00 
  2.48507756e+00   1.00020274e+01   2.56352169e-01 
  2.14178916e-01   7.08865878e+00   1.30597491e+00 
 -2.95432917e-01   4.07775629e+00  -7.75864604e-01 
 -3.18137094e+00   4.66273185e+00  -3.21397367e+00 
 -6.15091394e+00   2.34891595e+00  -3.15563014e+00 
 -7.33812631e+00   1.23414622e+00  -6.61861554e+00 
 -1.00490253e+01  -1.21500425e+00  -5.61761267e+00 
 -7.60193510e+00  -5.02574040e+00  -1.14351926e+00 
 -5.90090196e+00  -3.59923942e+00  -4.27208937e+00 
 -3.35063930e+00  -7.26830598e-01  -4.39284906e+00 
 -6.58603580e-01   8.27861529e-01  -6.55544341e+00 
  2.46610576e+00  -1.35500256e+00  -7.05783202e+00 
  5.68851730e+00   2.93242991e-01  -5.66686996e+00 
  8.24356344e+00  -1.20838276e+00  -7.89756595e+00 
  1.13817833e+01  -2.90845188e-01  -5.86806951e+00 
  1.03470562e+01  -1.91350428e+00  -2.53509539e+00 
  1.07751410e+01  -7.90369330e-01   1.13262964e+00 
  3.57475844e+00   1.49115113e+01   5.22820197e+00 
  1.87209541e+00   1.15520373e+01   4.91388201e+00 
  1.82127576e+00   1.12169548e+01   8.68644861e+00 
 -2.26503485e+00   1.35632867e+01   6.61269531e+00 
 -2.98944539e+00   1.03353838e+01   8.56572590e+00 
 -3.37395711e-01   3.81565559e+00   1.18380865e+01 
  4.00198605e+00   4.30367571e-01   1.28090262e+01 
  5.88720700e+00   3.39619967e+00   1.13662048e+01 
  9.35615525e+00   2.19314984e+00   1.03225720e+01 
  1.03400166e+01  -1.38277490e+00   6.31771377e+00 
  6.90903760e+00   1.67977600e-01   5.95295452e+00 
  7.84377945e+00   2.99568678e+00   3.58240084e+00 
  7.97913967e+00   2.14733862e+00  -1.64545247e-01 
  9.94161180e+00   3.90041672e+00  -2.89153145e+00 
  8.01459243e+00   4.85486337e+00  -6.04717031e+00 
  8.83034101e+00   6.66827945e+00  -9.32196390e+00 
  8.19828418e+00   9.57722710e+00  -4.24970887e+00 
  7.82751609e+00   7.70612470e+00  -9.98091150e-01 
  4.59897121e+00   6.20367603e+00   3.32000646e-01 
  3.54794618e+00   5.10966456e+00   3.74632186e+00 
  2.39279847e+00   1.67126578e+00   3.72422194e+00 
  1.79524959e+00  -1.48163283e+00   5.85271633e+00 
  2.55377113e+00  -5.21147584e+00   5.20535468e+00 
  5.31956695e-01  -6.51179995e+00   8.14717386e+00 
 -3.17584278e+00  -6.46147947e+00   9.23340188e+00 
 -4.15176348e+00  -3.06513799e+00   1.06115812e+01 

   2.912806888103e+01 

 -3.99004710e+00  -8.02351904e+00   4.69596668e+00 
 -7.51875575e-01   1.15949614e+00  -5.69669224e-01 
 -1.13294213e+00  -1.87306609e-01  -2.22211007e-01 
  6.93786361e-03  -7.29222259e-01   4.86697509e-01 
 -7.55442231e-02  -2.19774429e-01   1.83119990e+00 
 -7.76123054e-01   8.99620650e-01   1.86823041e+00 
 -6.02315935e-01   1.64460194e+00   6.98756098e-01 
 -2.19991010e-01  -2.26193722e+00   9.45346389e-01 
  1.17923081e+00  -1.74302961e+00   1.18705364e+00 
  5.96714879e-01  -2.32328485e+00   2.61976482e+00 
 -2.82612142e-01  -1.20607527e+00   2.88086793e+00 
  1.02072421e-01   1.92037046e+00  -1.28658107e+00 
  4.45099206e-01   1.48207239e+00  -2.51699250e+00 
 -1.73414253e-01   2.13637281e+00  -3.51275922e+00 
  1.68627721e-01   1.84977599e+00  -4.80861069e+00 
  6.29231372e-01   6.37220882e-01  -5.03913736e+00 
  8.96053616e-01  -1.84948351e-01  -3.98972642e+00 
  9.21358607e-01   2.24497763e-01  -2.69036636e+00 
 -8.40950310e-01   3.27553461e+00  -3.20488992e+00 
 -1.17213133e+00   4.02438836e+00  -4.26726749e+00 
 -5.56121408e-01   3.92396063e+00  -5.47304161e+00 
 -5.58238950e-02   2.71012743e+00  -5.88429129e+00 
 -1.89012163e+00   5.13243906e+00  -4.12748762e+00 
 -2.60456083e+00   5.71881570e+00  -5.15361386e+00 
 -8.86102722e-01   4.85125351e+00  -6.38206288e+00 
 -4.83503199e-01   6.09907364e+00  -6.72619959e+00 
 -1.62639507e+00  -1.81281006e+00   3.14232788e+00 
 -1.30890835e+00  -2.74116717e+00   4.16366544e+00 
 -1.86487105e+00  -3.94424715e+00   4.12204528e+00 
 -3.06317913e+00  -4.19981116e+00   4.80216678e+00 
 -3.79830266e+00  -5.38000502e+00   4.83160139e+00 
 -3.10694853e+00  -6.53830559e+00   4.66569266e+00 
 -2.30258600e+00  -6.32691271e+00   3.54626075e+00 
 -1.45412921e+00  -5.22024571e+00   3.79512495e+00 
 -2.49343933e+00  -2.18985428e+00   2.36834608e+00 
  1.10682409e+01   9.27862279e+00  -2.16836839e+00 
  8.52422632e+00   1.05985269e+01  -4.61882287e+00 
  5.08045545e+00   1.20486093e+01  -4.73675037e+00 
  2.48212989e+00   1.13646670e+01  -1.97921745e+00 
  1.40195147e-01   8.63873437e+00  -2.62774338e+00 
 -1.89079855e+00   9.21440227e+00   3.89416187e-01 
 -2.14732660e+00   1.10402070e+01   3.77529181e+00 
 -1.88089735e-01   9.10596669e+00   1.12676118e+01 
  1.91674964e+00   9.96598583e+00   8.27815852e+00 
  1.67907376e+00   9.03162664e+00   4.64454448e+00 
  2.19397615e+00   6.62521135e+00   1.78858353e+00 
  4.73315284e+00   7.79995362e+00  -7.55456819e-01 
  5.66061727e+00   6.40856811e+00  -4.13244576e+00 
  9.34215550e+00   5.90411998e+00  -4.64531975e+00 
  1.22757018e+01   4.43956306e+00  -6.53546901e+00 
  1.41583256e+01   1.64563129e+00  -4.80108121e+00 
  1.75442666e+01   6.44895992e-01  -6.15156449e+00 
  1.19148469e+01  -4.11937994e-01  -9.30751113e+00 
  8.99956600e+00   1.85399336e+00  -8.36946748e+00 
  7.54310034e+00   1.05429902e+00  -5.01336227e+00 
  5.11515493e+00   2.38564035e+00  -2.40042245e+00 
  6.35500120e+00   3.30700775e+00   1.07010571e+00 
  4.43723279e+00   3.75584721e+00   4.32068178e+00 
  6.21431629e+00   5.90153303e+00   6.95550431e+00 
  7.80216860e-01  -9.85599438e-02   1.45309293e+01 
  3.14023553e+00   3.71753781e-01   1.16278363e+01 
  2.58066206e+00  -4.60118996e+00   1.34807582e+01 
  1.39316370e+00  -4.24158185e+00   9.80892505e+00 
  5.07325947e+00  -4.96343654e+00   8.86321900e+00 
  5.19924257e+00  -7.84972248e+00   1.13149700e+01 
  1.95416974e+00  -9.30110996e+00   9.98782455e+00 
  2.76262145e+00  -8.97481390e+00   6.25541789e+00 
  5.88599876e+00  -1.10418418e+01   6.91749693e+00 
  3.93829269e+00  -1.35834996e+01   8.93550280e+00 
  1.20699035e+00  -1.39324202e+01   6.37155359e+00 
 -3.90494401e+00  -1.10542913e+01  -4.39025416e+00 
 -2.45843306e+00  -9.11076887e+00  -1.41086966e+00 
  3.46919848e-02  -6.40824588e+00  -1.78502315e+00 
  3.56008993e+00  -7.88686373e+00  -1.76336471e+00 
  6.03895266e+00  -6.72307699e+00   8.20464537e-01 
  9.53110301e+00  -6.00357158e+00  -5.69373780e-01 
  1.12022411e+01  -4.64508588e+00   2.54689517e+00 
  7.26781202e+00  -3.27502226e-01   5.07794466e+00 
  8.00721406e+00  -1.02181946e+00   1.37827198e+00 
  5.72737959e+00  -2.85201663e+00  -1.11609929e+00 
  5.09078179e+00  -3.35075091e+00  -4.81568652e+00 
  3.84060953e+00  -2.24723048e-01  -6.67205867e+00 
  3.20942728e-01  -7.08323089e-01  -8.22560349e+00 
  5.17588157e-01   1.62109322e+00  -1.11055854e+01 
 -3.22999287e+00   1.78190046e+00  -1.19651973e+01 
 -4.51671060e+00   2.88284329e+00  -8.50908938e+00 
 -7.64506048e+00   1.89277728e+00  -6.47682662e+00 
 -9.25606953e+00  -1.54072557e+01  -2.83240851e+00 
 -7.12850322e+00  -1.28213586e+01  -1.08011805e+00 
 -9.67827134e+00  -1.26057381e+01   1.71260677e+00 
 -6.00272846e+00  -1.61564949e+01   2.33403414e+00 
 -6.16091806e+00  -1.34108526e+01   5.01636159e+00 
 -8.77134635e+00  -6.45064559e+00   7.25013657e+00 
 -1.16037296e+01  -1.81306636e+00   5.94491739e+00 
 -1.25257738e+01  -3.92855269e+00   2.92721900e+00 
 -1.38478502e+01  -1.59477334e+00   2.11397148e-01 
 -1.08741741e+01   2.18883452e+00  -2.36458268e+00 
 -8.66345882e+00  -4.28254561e-01  -7.60499826e-01 
 -8.26144230e+00  -2.71703393e+00  -3.77530961e+00 
 -5.51813400e+00  -1.79190004e+00  -6.30434278e+00 
 -5.31160354e+00  -2.71303865e+00  -9.97447660e+00 
 -2.00838777e+00  -4.19717762e+00  -1.11863041e+01 
 -6.58825339e-01  -5.55321116e+00  -1.45056490e+01 
 -4.47018967e+00  -8.61334195e+00  -1.12348166e+01 
 -6.08930756e+00  -7.05119889e+00  -8.20997323e+00 
 -4.51711187e+00  -6.76597068e+00  -4.76079307e+00 
 -5.97013361e+00  -6.16932848e+00  -1.37082994e+00 
 -4.39857348e+00  -3.32933929e+00   2.48460316e-01 
 -4.78272555e+00  -6.14872019e-01   2.95260849e+00 
 -3.98999528e+00   3.16370750e+00   2.94386490e+00 
 -4.41081199e+00   3.63434566e+00   6.69010162e+00 
 -2.69684200e+00   2.30207710e+00   9.88659467e+00 
 -3.78313906e+00  -1.25283524e+00   1.06412415e+01 

   2.912806888103e+01 

  3.62585789e+00  -1.64585663e+00  -7.98728154e+00 
 -1.21567218e-02  -1.90034847e+00   2.46453780e+00 
  1.10494034e-01  -1.76341517e+00   1.03414533e+00 
  8.33751400e-01  -5.25208452e-01   8.35920273e-01 
  2.22363628e+00  -8.30810947e-01   1.05695013e+00 
  2.35462041e+00  -1.89812819e+00   1.82435116e+00 
  1.31948459e+00  -1.97935865e+00   2.75964345e+00 
  1.05369015e+00  -1.79415901e-01  -7.27129669e-01 
  1.48588284e+00   9.18777275e-01   2.17693287e-01 
  2.76801380e+00   5.51780356e-01  -7.57055776e-01 
  3.10419086e+00  -6.87183249e-01  -9.25994178e-02 
 -5.39473956e-01  -1.36977351e+00   3.58816863e+00 
 -1.78426792e+00  -8.52245960e-01   3.50855649e+00 
 -2.72955386e+00  -1.64003187e+00   4.04525672e+00 
 -4.01793004e+00  -1.17789153e+00   4.11507512e+00 
 -4.37360368e+00  -2.92888473e-01   3.20631002e+00 
 -3.42929497e+00   2.29416387e-01   2.37932853e+00 
 -2.08844871e+00   6.23360131e-02   2.55493743e+00 
 -2.32577172e+00  -2.69202842e+00   4.79914049e+00 
 -3.29864807e+00  -3.24640635e+00   5.53757508e+00 
 -4.44848770e+00  -2.60194303e+00   5.86312234e+00 
 -4.97916725e+00  -1.67430477e+00   4.99670361e+00 
 -3.06939220e+00  -4.32869134e+00   6.27169074e+00 
 -4.06240115e+00  -5.17933112e+00   6.71614676e+00 
 -5.24520414e+00  -3.22607598e+00   6.74106335e+00 
 -5.37644605e+00  -3.30632563e+00   8.08787702e+00 
  3.16099761e+00  -1.71612400e+00  -1.17901320e+00 
  4.06727829e+00  -1.10650111e+00  -2.08056210e+00 
  3.81084518e+00  -1.17380502e+00  -3.37976973e+00 
  4.34206175e+00  -2.21068434e+00  -4.15855769e+00 
  4.14331568e+00  -2.45482604e+00  -5.51318878e+00 
  3.87899118e+00  -1.37780127e+00  -6.29887743e+00 
  2.87399901e+00  -6.77060384e-01  -5.63271921e+00 
  3.34693551e+00  -3.08633971e-01  -4.34931857e+00 
  2.26970836e+00  -2.35758731e+00  -1.71483426e+00 
  5.66059822e-01   6.09524850e+00   1.44615085e+01 
 -1.88935605e+00   3.31633265e+00   1.51452071e+01 
 -2.10395486e+00  -4.14612981e-01   1.52461812e+01 
  2.95353642e-01  -2.65248518e+00   1.32316571e+01 
 -9.26548309e-01  -3.79277975e+00   9.98471439e+00 
  1.95309102e+00  -5.98024769e+00   9.29027783e+00 
  5.52436783e+00  -6.99697806e+00   1.03274686e+01 
  1.28173800e+01  -4.68093760e+00   8.05531445e+00 
  1.01708002e+01  -2.95956842e+00   1.00898455e+01 
  6.43589387e+00  -2.72551967e+00   9.73156704e+00 
  3.32924673e+00  -1.26881354e+00   8.16976592e+00 
  1.20353467e+00   7.25398076e-01   1.05789250e+01 
 -2.24030543e+00   2.20286867e+00   1.01823847e+01 
 -2.49602862e+00   5.82143652e+00   1.11372688e+01 
 -4.30876947e+00   9.14358429e+00   1.11615514e+01 
 -2.82190545e+00   1.18780087e+01   9.00039730e+00 
 -3.99853016e+00   1.54315375e+01   9.52752179e+00 
 -7.74824198e+00   1.06943518e+01   7.02432461e+00 
 -6.76190670e+00   7.11927682e+00   7.89565433e+00 
 -3.68885354e+00   5.96625204e+00   6.09256708e+00 
 -1.13759927e+00   3.14143355e+00   6.01291026e+00 
  2.52179788e+00   3.84688054e+00   6.74902123e+00 
  5.62394292e+00   1.80473882e+00   5.94162371e+00 
  8.67561987e+00   2.57809544e+00   8.13102328e+00 
  1.48430553e+01  -4.56445337e-01  -5.67937469e-01 
  1.22497673e+01   1.64403780e+00   1.18752820e+00 
  1.33386287e+01   2.91916659e+00  -3.87853920e+00 
  9.66302659e+00   1.79195182e+00  -3.38745352e+00 
  8.95001293e+00   5.50278092e+00  -2.56289430e+00 
  1.09789208e+01   6.62050086e+00  -5.56153335e+00 
  9.18593957e+00   4.18836830e+00  -7.85680846e+00 
  5.61958171e+00   4.92725075e+00  -6.66262794e+00 
  6.25746475e+00   8.57425706e+00  -7.53377037e+00 
  7.72594314e+00   7.65258052e+00  -1.08982933e+01 
  4.91060564e+00   5.32371977e+00  -1.17959993e+01 
 -5.75093728e+00  -1.72035167e-01  -9.27405858e+00 
 -2.41617397e+00   3.59605548e-01  -7.44563923e+00 
 -2.19323263e+00   1.67904834e+00  -4.00054683e+00 
 -2.07046300e+00   5.49918007e+00  -4.08259401e+00 
  8.55647492e-01   7.29025754e+00  -2.53170638e+00 
 -1.11755531e-01   1.03038948e+01  -3.80759017e-01 
  3.29636717e+00   1.12574373e+01   9.70083106e-01 
  6.05034550e+00   5.92695021e+00   3.09822387e+00 
  2.36858999e+00   6.98027131e+00   3.32529396e+00 
 -5.44470032e-01   5.61899806e+00   1.22049673e+00 
 -4.31868568e+00   5.32288800e+00   1.12801262e+00 
 -5.82476824e+00   3.05540054e+00   3.84302908e+00 
 -7.73062697e+00   1.53356991e-02   2.37294975e+00 
 -1.02312207e+01  -5.83357479e-01   5.04647605e+00 
 -1.13828902e+01  -4.09495319e+00   3.97339259e+00 
 -7.93257043e+00  -5.80009880e+00   3.96029671e+00 
 -6.33733566e+00  -8.39453879e+00   1.58943131e+00 
 -5.28390693e+00  -3.56451589e+00  -1.54613588e+01 
 -3.01124016e+00  -2.60361038e+00  -1.25985681e+01 
 -4.48112799e-01  -5.13193083e+00  -1.37754689e+01 
 -8.27358995e-03  -4.19742556e-01  -1.58016683e+01 
  3.00520760e+00  -1.66648153e+00  -1.37711439e+01 
  5.94795239e+00  -6.74228404e+00  -8.68930865e+00 
  5.05777861e+00  -1.10560739e+01  -5.24954989e+00 
  1.70696913e+00  -1.10360253e+01  -7.03941733e+00 
 -7.63187406e-01  -1.30503154e+01  -4.93916441e+00 
 -2.52044503e+00  -1.16220101e+01   2.73332904e-02 
 -1.10903592e+00  -8.64507687e+00  -1.83150839e+00 
 -4.36587513e+00  -7.33216357e+00  -3.30067935e+00 
 -6.49367672e+00  -5.05618667e+00  -1.04901075e+00 
 -1.02241335e+01  -4.41382329e+00  -1.22816046e+00 
 -1.13382786e+01  -7.61407105e-01  -1.19708597e+00 
 -1.46836284e+01   1.09285914e+00  -1.41737641e+00 
 -1.22133407e+01  -1.40217650e+00  -6.13560906e+00 
 -9.15334937e+00  -3.57449416e+00  -5.77644343e+00 
 -5.57441104e+00  -2.32352891e+00  -5.50024675e+00 
 -2.27381655e+00  -3.99352476e+00  -6.02588348e+00 
 -1.45445589e-01  -3.63905519e+00  -3.11009385e+00 
  2.86557772e+00  -5.08450400e+00  -1.19365468e+00 
  3.45045769e+00  -5.75362092e+00   2.56351964e+00 
  7.17480982e+00  -6.42955331e+00   2.23918475e+00 
  1.02922646e+01  -4.43819426e+00   1.12286699e+00 
  1.04487234e+01  -4.14662208e+00  -2.65568316e+00 

   2.912806888103e+01 

 -9.20292493e+00  -1.44846478e+00  -3.58971339e+00 
  1.22739301e+00  -4.55027763e-01  -1.73200073e-02 
 -5.49582766e-03  -3.70542092e-01  -7.60733654e-01 
 -8.29846309e-01   5.58250014e-01  -1.68641946e-02 
 -1.38996278e+00  -1.89124228e-01   1.07936952e+00 
 -6.39156504e-01  -1.23746030e+00   1.36661282e+00 
  7.13338144e-01  -9.69081508e-01   1.13944050e+00 
 -2.26630947e+00   8.07284227e-01  -7.13733063e-01 
 -1.98842170e+00   1.70353484e+00   4.71603355e-01 
 -3.42272686e+00   9.30354529e-01   7.42976120e-01 
 -2.83639974e+00  -3.48125735e-01   1.07652792e+00 
  2.31331433e+00   2.23358067e-01   4.10099055e-01 
  2.85920260e+00   1.12316834e+00  -4.36087882e-01 
  3.98777863e+00   6.93866545e-01  -1.02280366e+00 
  4.68848514e+00   1.55625497e+00  -1.82508670e+00 
  3.99160361e+00   2.50642200e+00  -2.41426145e+00 
  2.68736821e+00   2.68465341e+00  -2.07422724e+00 
  2.09116930e+00   2.08409102e+00  -1.00628777e+00 
  4.56818642e+00  -4.30260264e-01  -5.35419603e-01 
  5.82510732e+00  -6.29572403e-01  -9.59133476e-01 
  6.61204748e+00   3.59817332e-01  -1.45438928e+00 
  6.04051300e+00   1.40821631e+00  -2.13778000e+00 
  6.49615966e+00  -1.72462835e+00  -6.22434654e-01 
  7.59174704e+00  -2.19773631e+00  -1.31745489e+00 
  7.89273002e+00   3.68296970e-02  -1.67935740e+00 
  9.05271423e+00   8.43492196e-03  -9.78499437e-01 
 -3.52133249e+00  -1.34113872e+00   1.89378941e-01 
 -4.88066640e+00  -1.06814496e+00   4.78274918e-01 
 -5.75036836e+00  -1.05066481e+00  -5.22495351e-01 
 -6.46192970e+00  -2.20714941e+00  -8.68969482e-01 
 -7.37270591e+00  -2.37579594e+00  -1.90635831e+00 
 -8.06347092e+00  -1.27425852e+00  -2.30210502e+00 
 -7.10093139e+00  -2.78659793e-01  -2.46677032e+00 
 -6.42931221e+00  -8.35998975e-02  -1.23494099e+00 
 -3.30428283e+00  -1.65334405e+00  -9.71824396e-01 
  8.78437511e+00   6.93460471e+00   9.80492841e+00 
  1.13015086e+01   5.12600544e+00   7.65739677e+00 
  1.22641997e+01   1.67623357e+00   6.58571420e+00 
  9.74479117e+00  -1.23503560e+00   6.57332833e+00 
  8.10257865e+00  -1.91660981e+00   3.38357171e+00 
  6.34438062e+00  -4.93528622e+00   4.54800857e+00 
  5.32452470e+00  -7.07274153e+00   7.59016276e+00 
 -1.13467376e+00  -7.30533706e+00   1.22741150e+01 
  1.64764753e+00  -4.79968379e+00   1.19788138e+01 
  3.45925767e+00  -3.34477827e+00   9.02348195e+00 
  3.70677139e+00  -9.47281856e-01   6.12465118e+00 
  6.43179679e+00   1.64471640e+00   6.51880920e+00 
  7.79291489e+00   4.17672234e+00   4.08231548e+00 
  7.96055040e+00   7.67905604e+00   5.41527773e+00 
  8.34390956e+00   1.14138052e+01   4.93781614e+00 
  5.21972156e+00   1.34963782e+01   5.44846969e+00 
  5.58978659e+00   1.72406080e+01   5.81407648e+00 
  6.72038478e+00   1.40025961e+01   2.45926856e-01 
  7.57320463e+00   1.03050494e+01   5.83684646e-01 
  4.61403251e+00   8.19541304e+00   1.48755427e+00 
  3.66168718e+00   4.68563551e+00   2.61420559e+00 
  2.00188329e+00   4.14344199e+00   5.98789491e+00 
 -3.19493957e-03   1.18800580e+00   7.28812395e+00 
 -1.75264778e-01   9.15116089e-01   1.11091456e+01 
 -9.99730437e+00  -4.01361338e+00   9.64191004e+00 
 -7.54409846e+00  -1.16861535e+00   9.31541470e+00 
 -1.24470912e+01  -3.40119171e-01   7.37869908e+00 
 -9.71868955e+00  -1.87014553e-01   4.63020637e+00 
 -9.41077413e+00   3.55322681e+00   5.56525809e+00 
 -1.31812732e+01   3.92836068e+00   5.55068854e+00 
 -1.34779014e+01   2.21926197e+00   2.17588015e+00 
 -1.06343263e+01   4.09940335e+00   4.23718026e-01 
 -1.24337716e+01   7.32773212e+00   1.32167630e+00 
 -1.57577502e+01   5.96246652e+00   1.32917957e-01 
 -1.43800827e+01   4.69299466e+00  -3.12991317e+00 
 -5.14232600e+00   3.03942531e+00  -1.10141737e+01 
 -5.71399596e+00   2.44375118e+00  -7.26387090e+00 
 -3.37777195e+00   3.62531406e+00  -4.65518150e+00 
 -4.29090327e+00   7.18967596e+00  -3.61752743e+00 
 -5.10455475e+00   7.91690191e+00  -1.41335753e-02 
 -3.45660411e+00   1.10871804e+01   1.35628448e+00 
 -4.53508087e+00   1.08640147e+01   4.98070209e+00 
 -3.34245045e+00   4.92896638e+00   6.95055153e+00 
 -1.26379244e+00   7.14118594e+00   4.60499504e+00 
 -9.84494241e-01   6.81364607e+00   7.86112332e-01 
  1.16842525e+00   7.78199762e+00  -2.17499746e+00 
  4.64793621e+00   6.14806588e+00  -2.24109556e+00 
  5.19440158e+00   3.90497990e+00  -5.35643917e+00 
  8.87206227e+00   4.17469856e+00  -5.75794756e+00 
  9.39659036e+00   1.23837466e+00  -8.18941365e+00 
  7.75316232e+00  -1.51183777e+00  -6.05683887e+00 
  5.48512842e+00  -4.49476148e+00  -6.98154634e+00 
 -9.62774822e+00  -3.34725349e-01  -1.53160130e+01 
 -8.85677053e+00  -1.71042070e-01  -1.16197006e+01 
 -1.07466468e+01  -3.40813972e+00  -1.10750097e+01 
 -1.35654778e+01   8.87551423e-01  -1.07511426e+01 
 -1.34304587e+01  -1.27961144e+00  -7.58197372e+00 
 -1.00550492e+01  -7.02808517e+00  -3.60576598e+00 
 -5.93759280e+00  -1.07947391e+01  -3.30244539e+00 
 -5.43843057e+00  -9.67299634e+00  -6.89750891e+00 
 -1.94482766e+00  -1.07509712e+01  -7.99423551e+00 
  2.71248636e+00  -8.80739986e+00  -5.91431568e+00 
 -1.77958725e-01  -6.47012611e+00  -5.21290433e+00 
  2.58495638e-01  -4.15839523e+00  -8.20533047e+00 
  2.80244077e+00  -1.30025441e+00  -7.83520054e+00 
  4.67047432e+00   5.39045427e-01  -1.05717056e+01 
  4.59107322e+00   4.35448660e+00  -1.04355703e+01 
  5.95877724e+00   7.21003506e+00  -1.25927502e+01 
  1.30632313e+00   4.02468962e+00  -1.42653197e+01 
  2.77284562e-01   9.63753992e-01  -1.23202583e+01 
 -1.81220202e+00   9.61647182e-01  -9.14472061e+00 
 -3.78341980e+00  -1.70738088e+00  -7.42725337e+00 
 -2.76415035e+00  -2.06814232e+00  -3.96482910e+00 
 -2.67776862e+00  -4.42235600e+00  -9.18759689e-01 
  1.03065976e-01  -5.23624485e+00   1.63284859e+00 
 -2.15400912e+00  -7.10667927e+00   4.04945026e+00 
 -5.23394141e+00  -6.26151777e+00   6.22428807e+00 
 -8.38033352e+00  -6.04914318e+00   4.11667125e+00 

   2.912806888103e+01 

  3.53815204e+00  -1.91377799e+00  -9.26776149e+00 
  7.26733418e-01  -2.49751284e+00   1.42315161e+00 
  1.27734540e+00  -2.11859544e+00   1.45237446e-01 
  1.69779813e-01  -1.53763017e+00  -5.83685105e-01 
 -5.99100671e-01  -2.64242977e+00  -1.09580591e+00 
 -4.00738705e-01  -3.72957324e+00  -3.71928228e-01 
 -1.83330167e-01  -3.41081804e+00   9.71204253e-01 
  5.97894237e-01  -1.02229305e+00  -2.05413278e+00 
 -8.13008732e-01  -6.54546298e-01  -1.65460264e+00 
 -8.84683330e-01  -1.45521859e+00  -3.09767883e+00 
 -6.54391434e-01  -2.77059996e+00  -2.54424810e+00 
  1.62999264e-01  -2.04898892e+00   2.56470739e+00 
  6.42282739e-01  -8.99537876e-01   3.08694730e+00 
  1.43910412e+00  -1.08365049e+00   4.15155875e+00 
  1.90500980e+00   1.24984685e-02   4.82960803e+00 
  2.02649000e+00   1.12455898e+00   4.13379762e+00 
  1.53831643e+00   1.17398756e+00   2.86586108e+00 
  7.36345316e-01   2.16008631e-01   2.32203967e+00 
  1.46829077e+00  -2.31569125e+00   4.71662620e+00 
  2.03765319e+00  -2.35180706e+00   5.93055823e+00 
  2.17950207e+00  -1.25761973e+00   6.72180925e+00 
  2.36039452e+00  -2.01616925e-02   6.14840671e+00 
  2.20182986e+00  -3.50013463e+00   6.57647980e+00 
  3.11237177e+00  -3.68260701e+00   7.59864086e+00 
  2.61523098e+00  -1.48463764e+00   7.96827730e+00 
  2.07633789e+00  -1.79453156e+00   9.17290651e+00 
  4.85704136e-01  -3.33746378e+00  -3.33233977e+00 
  3.81454446e-03  -3.18023343e+00  -4.65477547e+00 
  8.46712324e-01  -2.76852627e+00  -5.59192474e+00 
  1.54959620e+00  -3.69397457e+00  -6.37507235e+00 
  2.49402916e+00  -3.43946431e+00  -7.36370851e+00 
  2.38009459e+00  -2.26219691e+00  -8.03319849e+00 
  2.22975051e+00  -1.29160131e+00  -7.04317089e+00 
  1.07664265e+00  -1.59365665e+00  -6.27790688e+00 
  1.69158410e+00  -3.18144278e+00  -3.21197832e+00 
 -1.05191471e+01   4.52037477e-01   9.96841544e+00 
 -7.64428101e+00  -4.21315810e-01   1.22468542e+01 
 -5.25921139e+00  -3.20452420e+00   1.29826514e+01 
 -4.34084064e+00  -5.85621756e+00   1.03467117e+01 
 -1.27945767e+00  -5.23810960e+00   8.45413951e+00 
 -1.34050218e+00  -8.45093435e+00   6.65591498e+00 
 -3.40607840e+00  -1.15818534e+01   5.76469987e+00 
 -8.15781750e+00  -1.35206646e+01  -3.48952110e-01 
 -8.61627140e+00  -1.11281196e+01   2.50978205e+00 
 -6.30447236e+00  -8.67012690e+00   4.16704644e+00 
 -4.53367893e+00  -5.34501640e+00   4.30988449e+00 
 -5.66435797e+00  -3.13736748e+00   7.16425484e+00 
 -4.27908505e+00   1.20534352e-01   8.45549177e+00 
 -6.83192415e+00   2.83805928e+00   8.86695520e+00 
 -7.78989444e+00   6.46406823e+00   9.37453464e+00 
 -9.31304075e+00   8.22743273e+00   6.38639153e+00 
 -1.10515793e+01   1.15379694e+01   6.94110183e+00 
 -4.59578080e+00   1.06782541e+01   7.53340140e+00 
 -3.42200179e+00   7.12539072e+00   8.24938889e+00 
 -3.68961956e+00   4.86632584e+00   5.27461964e+00 
 -3.46185522e+00   1.20504378e+00   4.25580650e+00 
 -6.49537770e+00  -5.73378778e-01   2.81856717e+00 
 -6.72584799e+00  -3.77710063e+00   7.86674670e-01 
 -1.01519401e+01  -5.49707463e+00   8.75363327e-01 
 -7.72234415e+00  -9.36270437e+00  -9.22768505e+00 
 -8.30893356e+00  -6.64098520e+00  -6.68465735e+00 
 -7.24607899e+00  -5.07188917e+00  -1.16731330e+01 
 -4.55132893e+00  -3.90604145e+00  -9.14312309e+00 
 -6.81748605e+00  -8.17536864e-01  -8.61000923e+00 
 -7.25711187e+00  -4.20128672e-01  -1.23525214e+01 
 -3.52186574e+00  -6.95423668e-01  -1.29611981e+01 
 -2.39527996e+00   1.67962253e+00  -1.01717747e+01 
 -4.60444533e+00   4.33541093e+00  -1.17632568e+01 
 -3.26100839e+00   3.57293151e+00  -1.52186487e+01 
  3.40437864e-01   3.64005989e+00  -1.41320612e+01 
  8.98701604e+00   5.03584101e+00  -5.55765242e+00 
  5.71669184e+00   3.04999829e+00  -5.88600259e+00 
  3.05573305e+00   3.10853257e+00  -3.32179396e+00 
  6.62207496e-01   6.00999405e+00  -4.00572905e+00 
 -2.99889738e+00   5.30455328e+00  -4.52917721e+00 
 -5.33765159e+00   7.68330687e+00  -2.65402046e+00 
 -8.67624418e+00   6.09582786e+00  -3.48047553e+00 
 -8.12051531e+00  -1.54184192e-01  -2.40530717e+00 
 -6.63768389e+00   2.76491234e+00  -4.06193317e-01 
 -2.97504679e+00   3.92860939e+00  -4.13515038e-01 
 -4.43767979e-01   5.93564148e+00   1.56269043e+00 
  5.27795348e-01   4.41099956e+00   4.95571713e+00 
  4.29776436e+00   3.53284450e+00   5.18287840e+00 
  4.86596652e+00   3.89180797e+00   8.83081437e+00 
  8.27000088e+00   2.11097223e+00   9.05515612e+00 
  7.22472174e+00  -1.22797025e+00   7.45164313e+00 
  9.03072249e+00  -3.59780557e+00   4.99825009e+00 
  1.38685394e+01   3.63113355e+00  -1.04777391e+01 
  1.04676038e+01   2.35067239e+00  -9.43948075e+00 
  1.10496463e+01  -8.23692972e-01  -1.14223455e+01 
  8.87676978e+00   3.05041449e+00  -1.40249519e+01 
  6.80047366e+00  -1.70753624e-01  -1.37575076e+01 
  5.61761510e+00  -7.04693086e+00  -1.03563901e+01 
  7.11751463e+00  -1.06897887e+01  -6.39242477e+00 
  1.00377625e+01  -8.27727262e+00  -6.10282094e+00 
  1.17462414e+01  -8.89242305e+00  -2.74532336e+00 
  9.47090080e+00  -7.95520962e+00   2.12690057e+00 
  7.69395072e+00  -6.03299518e+00  -6.03857439e-01 
  9.59919901e+00  -2.75331245e+00  -2.83051438e-01 
  8.37394733e+00  -2.88597045e-01   2.40052047e+00 
  1.03419377e+01   2.43928790e+00   4.14599776e+00 
  8.75043461e+00   5.90927381e+00   4.23950904e+00 
  9.75542403e+00   9.35823482e+00   5.57099725e+00 
  1.21313670e+01   7.11815118e+00   6.79559482e-01 
  1.14279611e+01   3.55715301e+00  -3.38292695e-01 
  8.33489401e+00   2.35863144e+00  -2.19476254e+00 
  7.61365834e+00  -7.41702026e-01  -4.15099759e+00 
  4.64898580e+00  -2.41920131e+00  -2.90434057e+00 
  2.75354323e+00  -5.76505302e+00  -2.70211169e+00 
  9.45027996e-01  -7.53160369e+00   2.15889724e-01 
 -7.48589649e-01  -1.01604335e+01  -1.94137462e+00 
 -3.32619417e+00  -1.01799745e+01  -4.81987657e+00 
 -1.72615265e+00  -9.13499609e+00  -8.09628042e+00 

   2.912806888103e+01 

 -1.58718061e+00  -8.38628923e+00  -5.03194604e-01 
 -7.71797523e-01   1.97040740e+00   3.31968772e+00 
 -5.33625439e-01   5.93894332e-01   2.96149449e+00 
 -2.78476096e-01   6.15191815e-01   1.53671538e+00 
 -1.56677963e+00   6.94730907e-01   8.97986488e-01 
 -2.46456524e+00   1.21928351e+00   1.71288088e+00 
 -1.88709838e+00   2.17183508e+00   2.55671366e+00 
  3.86545786e-02  -8.53390469e-01   9.41934016e-01 
  2.31573793e-01   2.71904349e-01  -4.90266006e-02 
 -8.07014679e-01  -8.24115391e-01  -7.18919863e-01 
 -1.95058689e+00  -4.46233234e-01   8.04522342e-02 
 -2.32247403e-01   3.20528486e+00   3.39768017e+00 
  1.05329878e+00   3.29963508e+00   3.80036356e+00 
  1.19012652e+00   3.71317904e+00   5.07019775e+00 
  2.44862115e+00   3.94455666e+00   5.56113271e+00 
  3.42831047e+00   3.25646305e+00   5.01129257e+00 
  3.17659087e+00   2.50490527e+00   3.90665787e+00 
  2.01990524e+00   2.57101964e+00   3.18948964e+00 
  9.62514824e-02   4.21314802e+00   5.69593406e+00 
  3.64986784e-01   4.87311550e+00   6.83230248e+00 
  1.58757485e+00   5.38439492e+00   7.12779692e+00 
  2.71999020e+00   4.75572613e+00   6.66387239e+00 
 -6.11325283e-01   5.35684488e+00   7.59101553e+00 
 -4.61443385e-01   5.66990178e+00   8.92770052e+00 
  1.65447875e+00   6.15706156e+00   8.22031216e+00 
  1.47260550e+00   7.46394913e+00   8.53101866e+00 
 -2.44872900e+00  -1.72174421e+00   6.86395435e-01 
 -2.60414902e+00  -2.52628249e+00  -4.68740023e-01 
 -2.22696510e+00  -3.79623188e+00  -4.12268616e-01 
 -3.14469758e+00  -4.79793520e+00  -6.84982998e-02 
 -2.91226548e+00  -6.16132685e+00   7.73409507e-02 
 -1.90362065e+00  -6.69467400e+00  -6.61125610e-01 
 -8.14993054e-01  -5.84667297e+00  -4.59636078e-01 
 -1.16666656e+00  -4.54203751e+00  -8.84813933e-01 
 -2.07714306e+00  -2.32936652e+00   1.67921714e+00 
  1.70978000e+00   1.53021275e+01  -1.60963510e+00 
  1.73048146e+00   1.55320072e+01   2.15408793e+00 
 -4.50726689e-01   1.48782561e+01   5.11907429e+00 
 -3.32909820e+00   1.23235392e+01   5.01202475e+00 
 -2.54989500e+00   8.98159970e+00   6.26111865e+00 
 -5.99028102e+00   7.70187157e+00   5.96850851e+00 
 -9.52574334e+00   8.31749205e+00   4.55959368e+00 
 -1.32497795e+01   6.18304442e+00  -2.17022373e+00 
 -1.05085430e+01   8.66472073e+00  -1.51165106e+00 
 -7.45346581e+00   8.56111044e+00   6.76598575e-01 
 -3.90744322e+00   7.49811746e+00   1.38950926e+00 
 -1.45759433e+00   1.03741021e+01   1.55239412e+00 
  2.15783706e+00   1.04721869e+01   2.61033242e+00 
  4.44572632e+00   1.21599104e+01   1.63215063e-01 
  7.89594434e+00   1.29602139e+01  -1.17049961e+00 
  8.84024494e+00   1.13287153e+01  -4.45758601e+00 
  1.18632754e+01   1.26340216e+01  -6.31428611e+00 
  1.21977664e+01   9.41703240e+00  -6.30417746e-01 
  9.06560879e+00   9.48424473e+00   1.53713962e+00 
  6.31393819e+00   7.32245257e+00   2.03269652e-01 
  2.62047326e+00   6.53057022e+00   6.78750775e-01 
  1.43988470e-01   7.19982656e+00  -2.12300249e+00 
 -3.35592554e+00   5.82761284e+00  -2.68261733e+00 
 -5.57693573e+00   7.96349740e+00  -4.96502705e+00 
 -1.06742092e+01  -1.48791277e+00  -7.72297286e+00 
 -7.68905905e+00   7.95796415e-01  -7.41902678e+00 
 -6.85155613e+00  -3.95248203e+00  -9.70573888e+00 
 -4.83709737e+00  -3.50779997e+00  -6.42457403e+00 
 -2.12059123e+00  -1.90424197e+00  -8.66237099e+00 
 -2.45387727e+00  -4.71409882e+00  -1.11825349e+01 
 -2.20900865e+00  -7.36001642e+00  -8.47375331e+00 
  7.65224371e-01  -5.85190496e+00  -6.58418709e+00 
  2.70396137e+00  -5.99059231e+00  -9.85351480e+00 
  1.58871124e+00  -9.54578196e+00  -1.05189277e+01 
  2.43681407e+00  -1.07502375e+01  -7.05690486e+00 
  6.70236305e+00  -8.84349627e+00   4.27453082e+00 
  4.17689519e+00  -7.12496721e+00   1.94749934e+00 
  4.23691504e+00  -3.49955372e+00   1.23190977e+00 
  6.54050867e+00  -2.80416052e+00  -1.73879640e+00 
  5.16002518e+00  -1.07729828e+00  -4.78634390e+00 
  7.40719955e+00   1.69342417e+00  -6.17117498e+00 
  5.17121383e+00   3.02765912e+00  -8.92244796e+00 
 -6.19976533e-01   3.86983600e+00  -6.41639041e+00 
  2.80488258e+00   4.50323528e+00  -4.80843668e+00 
  4.53889717e+00   2.32229931e+00  -2.16157690e+00 
  7.24746121e+00   2.37201764e+00   4.84580158e-01 
  6.51374275e+00   4.64146585e+00   3.49993428e+00 
  6.32336171e+00   2.68360972e+00   6.84148771e+00 
  7.39599769e+00   5.30706024e+00   9.23441577e+00 
  6.26814705e+00   3.60056589e+00   1.24940147e+01 
  2.57627109e+00   3.05515687e+00   1.15532808e+01 
  1.49818293e-01   1.21925456e-01   1.21899722e+01 
  5.29522863e+00  -1.56101847e+01   5.77173731e+00 
  3.66918014e+00  -1.27363170e+01   3.93304888e+00 
  3.40525644e-01  -1.45405424e+01   4.04237243e+00 
  3.29357957e+00  -1.55795367e+01  -4.46343059e-02 
 -1.31130028e-01  -1.40104844e+01  -7.98222442e-01 
 -6.41586220e+00  -1.02393476e+01   1.75701465e+00 
 -9.02042366e+00  -7.71326343e+00   6.00769591e+00 
 -6.14520633e+00  -9.28030960e+00   7.93368738e+00 
 -5.88015412e+00  -7.50860069e+00   1.13042801e+01 
 -4.50449853e+00  -2.26860317e+00   1.19706942e+01 
 -3.40343802e+00  -3.55096719e+00   8.58650925e+00 
  1.51439295e-01  -4.54487742e+00   9.51613069e+00 
  2.80576481e+00  -1.76502113e+00   9.44847724e+00 
  6.08132472e+00  -1.61019659e+00   1.13478903e+01 
  9.20380994e+00  -7.72792705e-01   9.31533788e+00 
  1.29488635e+01  -4.30541542e-01   1.00472085e+01 
  1.03214268e+01  -5.68421141e+00   9.75605143e+00 
  6.57160808e+00  -5.94066913e+00   9.46519019e+00 
  4.57594556e+00  -5.60495416e+00   6.24732991e+00 
  1.10838215e+00  -6.63614641e+00   5.31365403e+00 
 -7.95088688e-01  -3.82696310e+00   4.03196424e+00 
 -4.32224221e+00  -2.40996643e+00   3.41582204e+00 
 -5.83238083e+00   1.09409004e+00   4.00508468e+00 
 -9.03754771e+00   4.40625950e-01   2.07304782e+00 
 -9.97978176e+00  -4.08534478e-01  -1.57679081e+00 
 -9.26665881e+00  -4.05020806e+00  -2.36203221e+00 

   2.912806888103e+01 

 -7.60994109e+00  -7.16871619e+00  -1.68051921e-01 
  2.77432535e+00  -3.33457554e+00  -8.54689072e-02 
  1.43965004e+00  -3.75206995e+00   2.66890031e-01 
  5.74038097e-01  -2.70568161e+00  -2.34445860e-01 
  4.19316128e-01  -2.95223824e+00  -1.64487062e+00 
  1.43504581e+00  -3.65461677e+00  -2.11410928e+00 
  2.62011550e+00  -3.34150557e+00  -1.44295549e+00 
 -9.84772037e-01  -2.98329384e+00   8.82197269e-02 
 -7.08836738e-01  -1.62502707e+00  -5.15502319e-01 
 -1.84533113e+00  -2.37619975e+00  -1.44974125e+00 
 -9.23917229e-01  -3.28325067e+00  -2.09611818e+00 
  3.73095844e+00  -2.40146267e+00   1.04985782e-01 
  3.88297680e+00  -1.91033411e+00   1.35373236e+00 
  4.95099900e+00  -2.40458551e+00   1.99969166e+00 
  5.26768578e+00  -1.90681285e+00   3.23674192e+00 
  4.27013222e+00  -1.41888128e+00   3.94554219e+00 
  3.04740810e+00  -1.27985912e+00   3.36758178e+00 
  2.81855531e+00  -1.41371482e+00   2.03104443e+00 
  5.85924790e+00  -3.10715660e+00   1.27888980e+00 
  7.02617303e+00  -3.30831842e+00   1.90891248e+00 
  7.45259202e+00  -2.54998602e+00   2.95128669e+00 
  6.53402374e+00  -2.00066886e+00   3.81575064e+00 
  7.98599002e+00  -4.04045252e+00   1.35614142e+00 
  9.01261938e+00  -4.62607237e+00   2.07047855e+00 
  8.70824736e+00  -2.76901025e+00   3.36412742e+00 
  9.95227813e+00  -2.33032586e+00   3.05185354e+00 
 -1.50991029e+00  -4.64750118e+00  -1.90202120e+00 
 -2.81696025e+00  -4.45453887e+00  -2.41208110e+00 
 -3.83740137e+00  -4.99862232e+00  -1.76331203e+00 
 -4.30965498e+00  -6.27019019e+00  -2.11532365e+00 
 -5.33246030e+00  -7.00079799e+00  -1.52016648e+00 
 -6.32361378e+00  -6.29181158e+00  -9.18411123e-01 
 -5.66948034e+00  -5.35772500e+00  -1.15662395e-01 
 -4.84478765e+00  -4.54831485e+00  -9.34967803e-01 
 -1.44611532e+00  -5.41311288e+00  -9.51892348e-01 
  1.00824703e+01   8.57407528e+00  -3.68633879e+00 
  1.25077295e+01   6.34409334e+00  -1.85216799e+00 
  1.40354307e+01   2.93701214e+00  -2.03691194e+00 
  1.23122001e+01   2.40803756e-02  -3.87222268e+00 
  1.03105478e+01  -2.21548136e+00  -1.79527686e+00 
  9.55816483e+00  -4.59969022e+00  -4.49880210e+00 
  9.65363699e+00  -5.27025859e+00  -8.29416065e+00 
  4.41900905e+00  -4.23264768e+00  -1.42302189e+01 
  6.43083337e+00  -1.78171778e+00  -1.22171818e+01 
  7.26700525e+00  -1.57353690e+00  -8.55792711e+00 
  6.40040662e+00  -7.09677656e-01  -4.99208556e+00 
  8.46586495e+00   2.11747877e+00  -3.56357327e+00 
  8.71637171e+00   3.45194835e+00  -4.83726335e-02 
  8.30346187e+00   7.16965187e+00   2.33438252e-01 
  7.70431147e+00   1.03146001e+01   2.25175539e+00 
  4.33043978e+00   1.19785006e+01   1.79694420e+00 
  3.87357018e+00   1.55058006e+01   3.07729503e+00 
  4.67345002e+00   1.03044594e+01   6.95975626e+00 
  6.41722162e+00   7.29166860e+00   5.41198816e+00 
  4.25726180e+00   5.43956043e+00   2.97713408e+00 
  4.38184215e+00   2.70883193e+00   3.27144515e-01 
  3.55445424e+00   3.51524399e+00  -3.29167175e+00 
  2.57701873e+00   1.21530895e+00  -6.15531558e+00 
  3.18926999e+00   2.65389149e+00  -9.65673127e+00 
 -5.29924994e+00  -3.64794193e+00  -1.29958241e+01 
 -3.68682223e+00  -9.53363337e-01  -1.09082046e+01 
 -8.91998390e+00  -1.72307126e+00  -1.02023858e+01 
 -6.86527006e+00  -2.45589720e+00  -6.99880246e+00 
 -7.27432763e+00   1.31351115e+00  -6.23540766e+00 
 -1.09623167e+01   1.14676415e+00  -7.08894919e+00 
 -1.14737220e+01  -1.90952304e+00  -4.89899222e+00 
 -9.52838941e+00  -6.53783353e-01  -1.84453293e+00 
 -1.18348646e+01   2.37046959e+00  -1.82204928e+00 
 -1.49076082e+01   1.97430758e-01  -2.22464041e+00 
 -1.39038530e+01  -2.20091539e+00   4.94919289e-01 
 -6.17264635e+00  -5.97219993e+00   9.22634881e+00 
 -5.87912451e+00  -4.90319648e+00   5.54973596e+00 
 -3.44093740e+00  -2.38911322e+00   4.36909089e+00 
 -4.95457377e+00   1.11076288e+00   4.64292057e+00 
 -5.22955662e+00   3.25430689e+00   1.55991277e+00 
 -4.14529422e+00   6.88797326e+00   2.07498213e+00 
 -4.44613034e+00   8.16459044e+00  -1.47875734e+00 
 -1.54911742e+00   3.94186272e+00  -5.26073553e+00 
 -5.22080295e-01   5.12736277e+00  -1.75985648e+00 
 -8.90816586e-01   3.17197460e+00   1.52794607e+00 
  3.84016082e-01   2.99124948e+00   5.08927705e+00 
  4.07455860e+00   1.96919933e+00   5.43046299e+00 
  4.54112588e+00  -1.33426300e+00   7.40653902e+00 
  7.91173307e+00  -7.93949304e-01   8.85781902e+00 
  8.64745679e+00  -4.40948397e+00   9.95133390e+00 
  8.12211766e+00  -6.10951384e+00   6.53866389e+00 
  6.48541919e+00  -9.45962476e+00   5.54123193e+00 
 -1.04627796e+01  -1.14633555e+01   1.04312112e+01 
 -9.07643836e+00  -9.57052265e+00   7.46824546e+00 
 -1.00187761e+01  -1.24415472e+01   5.18431484e+00 
 -1.36551669e+01  -8.86097247e+00   5.86240581e+00 
 -1.24272221e+01  -9.35040492e+00   2.25532065e+00 
 -7.11737518e+00  -1.22287067e+01  -2.62007397e+00 
 -2.24914640e+00  -1.48916334e+01  -3.28513246e+00 
 -2.70627559e+00  -1.54350216e+01   4.46852762e-01 
  6.75170150e-01  -1.64221264e+01   1.91707356e+00 
  5.05052990e+00  -1.31656385e+01   2.13067042e+00 
  1.87549732e+00  -1.11606280e+01   1.67394289e+00 
  1.19182332e+00  -1.03897558e+01   5.33830535e+00 
  3.01762352e+00  -7.36125232e+00   6.84570125e+00 
  3.85827789e+00  -6.70775208e+00   1.04826328e+01 
  2.91310416e+00  -3.27835001e+00   1.18712569e+01 
  3.14609396e+00  -1.53200899e+00   1.52733452e+01 
 -8.57457411e-01  -5.70610190e+00   1.42066831e+01 
 -7.58720080e-01  -7.68463204e+00   1.09993196e+01 
 -2.15965920e+00  -6.54432215e+00   7.65461319e+00 
 -3.09416563e+00  -8.40024849e+00   4.54956259e+00 
 -1.39155263e+00  -7.04368020e+00   1.64813669e+00 
 -1.89095016e-01  -7.75998127e+00  -1.93924832e+00 
  3.13061210e+00  -6.98051360e+00  -3.74981059e+00 
  1.86644402e+00  -7.85495970e+00  -7.22401548e+00 
 -8.64723276e-01  -6.53957927e+00  -9.61999126e+00 
 -4.30934669e+00  -7.70166650e+00  -8.53783705e+00 

   2.912806888103e+01 

 -3.64274396e-01  -7.13113291e+00   6.05373556e+00 
 -3.17090989e+00  -4.68936490e-02  -1.97600885e+00 
 -2.46013341e+00  -8.85411967e-01  -1.04246699e+00 
 -2.54140936e+00  -1.89900331e-01   2.24501059e-01 
 -3.84726209e+00  -4.78014526e-01   7.59071845e-01 
 -4.68977026e+00  -8.01900205e-01  -2.05555209e-01 
 -4.40071241e+00  -1.08837148e-01  -1.38410744e+00 
 -1.77183373e+00  -9.71567985e-01   1.41101683e+00 
 -2.27865567e+00   3.99091083e-01   1.79823052e+00 
 -2.87909309e+00  -6.91363378e-01   2.88407868e+00 
 -3.88087866e+00  -1.24017831e+00   1.99820289e+00 
 -3.19349300e+00   1.15280780e+00  -2.59433396e+00 
 -2.01209376e+00   1.67006615e+00  -2.99486421e+00 
 -1.79833537e+00   1.56300082e+00  -4.31587279e+00 
 -6.79647486e-01   2.14151843e+00  -4.85644312e+00 
  3.59033881e-01   2.27004596e+00  -4.05631198e+00 
  2.19465583e-01   1.99080155e+00  -2.73307242e+00 
 -9.80813524e-01   1.78434533e+00  -2.12206595e+00 
 -2.84350223e+00   1.20229625e+00  -5.10047201e+00 
 -2.64398664e+00   1.40447513e+00  -6.41135955e+00 
 -1.71486116e+00   2.26468614e+00  -6.90146978e+00 
 -5.48008398e-01   2.47791029e+00  -6.20447262e+00 
 -3.55061665e+00   1.03362077e+00  -7.30763737e+00 
 -3.26935238e+00   8.26802753e-01  -8.64379331e+00 
 -1.75005000e+00   2.47906225e+00  -8.22354544e+00 
 -2.39189172e+00   3.30737410e+00  -9.08349324e+00 
 -3.66167586e+00  -2.72126510e+00   2.02214035e+00 
 -3.70452768e+00  -2.97765781e+00   3.41433346e+00 
 -2.82864800e+00  -3.82962602e+00   3.92932197e+00 
 -3.14964818e+00  -5.18690817e+00   4.06557368e+00 
 -2.34401979e+00  -6.21561901e+00   4.54185873e+00 
 -1.38383851e+00  -5.87691385e+00   5.44212935e+00 
 -7.33494961e-01  -4.77563863e+00   4.88619773e+00 
 -1.67841977e+00  -3.73950389e+00   4.68603267e+00 
 -2.87164603e+00  -3.41882223e+00   1.40388245e+00 
 -7.57772086e+00   1.36090534e+01  -3.48807282e+00 
 -6.86834909e+00   1.23230283e+01  -6.96108527e+00 
 -7.90363694e+00   9.62186520e+00  -9.32922810e+00 
 -9.40355052e+00   6.29529531e+00  -8.10152591e+00 
 -7.05713520e+00   3.52150374e+00  -7.73224520e+00 
 -9.62544696e+00   1.01522439e+00  -6.90646112e+00 
 -1.33031519e+01   4.04280485e-01  -5.92424038e+00 
 -1.71113703e+01  -3.84082939e-01   1.04646327e+00 
 -1.55868463e+01   2.60400234e+00  -6.42911115e-01 
 -1.23848048e+01   3.09010315e+00  -2.55165525e+00 
 -8.65640696e+00   3.62486556e+00  -2.71150014e+00 
 -7.65791711e+00   6.98379960e+00  -4.13282316e+00 
 -4.28109491e+00   8.33529401e+00  -5.11808093e+00 
 -3.47517748e+00   1.17020487e+01  -3.67354252e+00 
 -1.03798450e+00   1.44716999e+01  -2.82950020e+00 
 -2.08880714e-01   1.49111144e+01   8.41729854e-01 
  1.53025468e+00   1.80865740e+01   1.92880718e+00 
  4.35872765e+00   1.34627022e+01  -1.72999223e+00 
  2.01467921e+00   1.12014746e+01  -3.70623118e+00 
  2.06056324e-01   8.72706959e+00  -1.55438348e+00 
 -2.62920334e+00   6.18742053e+00  -1.63393464e+00 
 -5.68431731e+00   6.66062588e+00   5.73565670e-01 
 -8.32245878e+00   4.15810711e+00   1.67952531e+00 
 -1.16558441e+01   5.70858263e+00   2.76986969e+00 
 -1.27905244e+01  -3.07721968e+00   9.43618761e+00 
 -1.10417990e+01   7.24332797e-03   8.15287961e+00 
 -8.79571718e+00  -2.46506357e+00   1.23145411e+01 
 -6.51424387e+00  -2.45993928e+00   9.18138263e+00 
 -5.25042847e+00   9.58209924e-01   1.04765914e+01 
 -4.89818600e+00  -4.33876850e-01   1.39831026e+01 
 -3.00973009e+00  -3.47908444e+00   1.27345902e+01 
 -6.15008713e-01  -1.63671444e+00   1.03762210e+01 
  4.73334244e-01   4.42910531e-01   1.33690639e+01 
  8.33496795e-01  -2.63321209e+00   1.55447668e+01 
  2.81057991e+00  -4.55044514e+00   1.29813797e+01 
  8.15505127e+00  -5.49625774e+00   1.99165408e+00 
  4.71752174e+00  -4.40112757e+00   3.30713353e+00 
  3.10623547e+00  -1.22015390e+00   2.33530180e+00 
  4.23113518e+00   1.57342329e+00   4.69024079e+00 
  1.65177003e+00   3.49301572e+00   6.64916240e+00 
  2.19136951e+00   7.28157181e+00   6.66046852e+00 
 -9.18380668e-01   8.37410043e+00   8.52732501e+00 
 -5.86638073e+00   5.35152761e+00   5.89886135e+00 
 -2.76668071e+00   6.82208605e+00   4.18256083e+00 
  2.31171960e-01   4.86529087e+00   2.78506774e+00 
  3.15854877e+00   5.13116381e+00   3.97450748e-01 
  2.19226594e+00   5.40219795e+00  -3.31387468e+00 
  3.54075939e+00   2.45024563e+00  -5.43589442e+00 
  3.89347876e+00   4.09006048e+00  -8.74432934e+00 
  4.29095781e+00   9.31408761e-01  -1.09062925e+01 
  1.05795128e+00  -8.56180222e-01  -9.82712909e+00 
  2.71281105e-01  -4.56348116e+00  -9.09639973e+00 
  1.00511846e+01  -1.21019592e+01   3.65872130e+00 
  7.02829594e+00  -9.86312117e+00   4.02433410e+00 
  4.86196294e+00  -1.28905078e+01   4.72365752e+00 
  7.05225235e+00  -1.07291215e+01   8.85096929e+00 
  3.21117351e+00  -1.07903455e+01   8.82231488e+00 
 -3.38662381e+00  -1.17425719e+01   4.84602225e+00 
 -5.85587409e+00  -1.26273683e+01  -8.88608768e-02 
 -2.25627614e+00  -1.32816232e+01  -1.11199165e+00 
 -2.05725675e+00  -1.30777261e+01  -4.91842274e+00 
 -2.89088838e+00  -8.54566935e+00  -7.84410730e+00 
 -2.08936161e+00  -7.71831356e+00  -4.24097859e+00 
  1.66332331e+00  -7.20977861e+00  -4.62562705e+00 
  2.83454920e+00  -3.74094089e+00  -5.79738502e+00 
  6.06314968e+00  -2.83369174e+00  -7.56205816e+00 
  8.04893090e+00   8.66217247e-02  -6.10917450e+00 
  1.13701536e+01   1.82012850e+00  -6.91081703e+00 
  1.11812235e+01  -3.45495345e+00  -4.31715954e+00 
  7.91217217e+00  -5.29588273e+00  -3.94865791e+00 
  5.33450600e+00  -4.69887072e+00  -1.21933344e+00 
  2.50426016e+00  -6.76925360e+00   6.99792635e-02 
 -6.20398092e-01  -4.92997497e+00  -3.49288697e-02 
 -4.45977867e+00  -5.21348432e+00  -1.19201846e-01 
 -7.13571903e+00  -3.37459152e+00  -2.20821533e+00 
 -1.01005728e+01  -4.63115190e+00  -1.92384377e-01 
 -1.13421574e+01  -4.31097575e+00   3.45263351e+00 
 -9.35438070e+00  -6.55431387e+00   5.77709317e+00 

   2.912806888103e+01 

  4.02662610e-01  -2.02949883e+00   8.91858554e+00 
 -1.87083795e+00  -1.65825215e+00  -1.90887100e+00 
 -1.46058986e+00  -1.35711088e+00  -5.59490769e-01 
 -2.05300897e-01  -2.05629248e+00  -3.83578927e-01 
 -5.43732388e-01  -3.42974115e+00  -1.13153460e-01 
 -1.73849666e+00  -3.72359315e+00  -5.94211287e-01 
 -2.00135861e+00  -3.01083267e+00  -1.76713596e+00 
  4.35728496e-01  -1.82001175e+00   1.08077192e+00 
  1.33260831e+00  -2.57414494e+00   1.25576166e-01 
  1.16395369e+00  -3.48564660e+00   1.49283716e+00 
 -1.78818650e-01  -3.93488535e+00   1.20181298e+00 
 -1.56816298e+00  -1.51954560e+00  -3.21702537e+00 
 -1.04859634e+00  -3.38246101e-01  -3.61485306e+00 
 -1.92774160e+00   4.46778858e-01  -4.25754950e+00 
 -1.49143438e+00   1.62822831e+00  -4.79808136e+00 
 -4.48989716e-01   2.18843068e+00  -4.21922856e+00 
  2.25558946e-01   1.50547955e+00  -3.25642975e+00 
  3.16620551e-02   1.84582396e-01  -2.98392705e+00 
 -3.10407904e+00  -1.03900249e-01  -4.64621420e+00 
 -3.79312660e+00   6.34410887e-01  -5.52894804e+00 
 -3.22676962e+00   1.59758768e+00  -6.30029454e+00 
 -2.15115160e+00   2.30961230e+00  -5.82187867e+00 
 -4.99588240e+00   2.57635498e-01  -5.94637308e+00 
 -5.91907405e+00   1.11908875e+00  -6.50566857e+00 
 -4.01062784e+00   2.13036958e+00  -7.24728407e+00 
 -4.34917979e+00   1.85913562e+00  -8.53156840e+00 
 -9.79054730e-01  -3.60852310e+00   2.42465838e+00 
 -2.04570345e-01  -4.23789625e+00   3.42956560e+00 
 -2.10998670e-02  -3.60313994e+00   4.57919650e+00 
 -8.87008483e-01  -3.82002772e+00   5.65946612e+00 
 -8.66220716e-01  -3.21392614e+00   6.91100090e+00 
  3.41205995e-01  -2.78808825e+00   7.36700449e+00 
  8.97596436e-01  -2.06744927e+00   6.31063194e+00 
  1.01327934e+00  -2.92058972e+00   5.18577950e+00 
 -1.50787094e+00  -2.56394029e+00   2.77419534e+00 
  3.66578682e+00  -6.22393291e+00  -1.44265208e+01 
  8.00122936e-01  -3.93266700e+00  -1.52965526e+01 
 -2.88100840e+00  -3.55073230e+00  -1.47677788e+01 
 -4.68197846e+00  -5.11355143e+00  -1.17450047e+01 
 -5.17901774e+00  -2.91936694e+00  -8.86846869e+00 
 -7.18341541e+00  -5.33560795e+00  -6.94395572e+00 
 -8.37055266e+00  -8.99142115e+00  -6.64519433e+00 
 -5.63912436e+00  -1.53948669e+01  -2.74007767e+00 
 -4.34955189e+00  -1.35736134e+01  -5.76114562e+00 
 -4.06168251e+00  -9.92035709e+00  -6.59990498e+00 
 -2.34041489e+00  -6.57572446e+00  -6.34862379e+00 
 -8.53764948e-01  -5.37754959e+00  -9.61264400e+00 
  6.62447810e-01  -2.05945451e+00  -1.05568591e+01 
  4.02856406e+00  -2.30108571e+00  -1.21945731e+01 
  7.27856119e+00  -7.65351609e-01  -1.33787708e+01 
  1.03823545e+01  -1.69138300e+00  -1.14122100e+01 
  1.37643810e+01  -9.24416222e-01  -1.29167137e+01 
  9.58724835e+00   3.65764487e+00  -1.08374007e+01 
  5.91415586e+00   2.65708988e+00  -1.06941705e+01 
  5.13893497e+00   3.28900204e-01  -7.86524648e+00 
  2.38975485e+00  -1.92186948e+00  -6.49744256e+00 
  2.95078604e+00  -5.66783274e+00  -6.20812338e+00 
  1.11139506e+00  -8.27060504e+00  -4.13743399e+00 
  1.45737022e+00  -1.18736041e+01  -5.40352327e+00 
  1.73126193e-01  -1.49943128e+01   5.15723004e+00 
  1.88861965e+00  -1.31618872e+01   2.34331271e+00 
  4.11884966e+00  -1.27630163e+01   7.17483293e+00 
  2.90751916e+00  -9.34334144e+00   5.81089337e+00 
  6.38794867e+00  -9.11548783e+00   4.13959680e+00 
  8.06820667e+00  -1.02190192e+01   7.35153589e+00 
  6.11856262e+00  -7.69191518e+00   9.40360109e+00 
  6.60325982e+00  -4.68934404e+00   7.07110073e+00 
  1.03516002e+01  -5.24085026e+00   7.40609960e+00 
  1.00995176e+01  -5.58797341e+00   1.11666701e+01 
  7.97905026e+00  -2.50811035e+00   1.15833902e+01 
  2.06960557e+00   7.20827819e+00   7.01149104e+00 
  2.24874428e+00   3.45633525e+00   6.21321850e+00 
  2.88051750e+00   2.14531170e+00   2.81595877e+00 
  6.64525291e+00   1.84030608e+00   2.22523943e+00 
  8.11251378e+00  -1.50960106e+00   1.33047618e+00 
  1.06525833e+01  -1.39523018e+00  -1.52949218e+00 
  1.13379251e+01  -5.09843377e+00  -1.93680999e+00 
  5.70532720e+00  -8.06007994e+00  -2.10991452e+00 
  6.68452589e+00  -4.67722060e+00  -3.63103332e+00 
  5.74575133e+00  -1.19881974e+00  -2.29365351e+00 
  5.46208087e+00   2.44228587e+00  -3.29506217e+00 
  2.70973665e+00   3.19585447e+00  -5.87146161e+00 
  4.27028506e-03   5.61878385e+00  -4.51304714e+00 
 -1.10542405e+00   7.23975463e+00  -7.65950190e+00 
 -4.34787664e+00   8.85196535e+00  -6.35703006e+00 
 -6.00857617e+00   5.66225217e+00  -4.98582394e+00 
 -8.09312271e+00   4.99164265e+00  -1.80748410e+00 
 -6.61694965e-02   8.79298904e+00   1.35641151e+01 
  3.31877518e-01   5.72163345e+00   1.13979532e+01 
 -1.91497083e+00   3.76957531e+00   1.37406575e+01 
  3.10051547e+00   3.69131013e+00   1.48992914e+01 
  1.49472615e+00   2.84316070e-01   1.41427940e+01 
 -4.45635749e+00  -3.75034990e+00   1.12179621e+01 
 -9.35449338e+00  -3.68567501e+00   8.52775488e+00 
 -8.99974893e+00   3.94132835e-02   9.18336540e+00 
 -1.13880114e+01   1.88067950e+00   6.84327102e+00 
 -1.09482006e+01   1.99815167e+00   1.40388900e+00 
 -7.66489130e+00   1.04058935e+00   3.02019771e+00 
 -6.10300028e+00   4.50879748e+00   3.16592051e+00 
 -4.30953282e+00   5.74016217e+00  -3.43864054e-03 
 -3.65548826e+00   9.31316962e+00  -1.08365939e+00 
 -8.06958023e-02   1.01627027e+01  -2.12365037e+00 
  1.77159021e+00   1.33135300e+01  -3.27235404e+00 
  2.39272319e-01   1.25019209e+01   2.34748011e+00 
 -1.95268374e+00   9.59942106e+00   3.33860778e+00 
 -7.67995795e-01   6.03666826e+00   3.93300257e+00 
 -2.29591068e+00   3.14022040e+00   5.73166040e+00 
 -2.50356663e+00   2.24338497e-01   3.58411470e+00 
 -4.28237552e+00  -3.13531504e+00   2.97020124e+00 
 -5.66098037e+00  -4.77359182e+00  -2.42532609e-01 
 -6.25100070e+00  -8.18908941e+00   1.31282226e+00 
 -4.07289413e+00  -1.09388017e+01   2.93304896e+00 
 -3.05849952e+00  -9.97972449e+00   6.45981935e+00 

   2.912806888103e+01 

 -6.94380760e+00   5.48491167e+00  -6.29030793e-03 
  6.38164040e-01  -2.47055895e+00  -1.33468676e+00 
 -4.81657961e-02  -1.21505587e+00  -1.15446485e+00 
 -4.58379629e-01  -1.20703825e+00   2.33775256e-01 
 -1.64707498e+00  -2.01675552e+00   3.07180780e-01 
 -1.69369469e+00  -2.87630280e+00  -6.94933180e-01 
 -4.12560733e-01  -3.29922917e+00  -1.05922054e+00 
 -1.23495808e+00   1.49726400e-01   6.42659417e-01 
 -9.36356040e-01  -7.68465341e-01   1.80596073e+00 
 -2.55909143e+00  -4.59580294e-01   1.80449648e+00 
 -2.87035786e+00  -1.32945181e+00   6.92747932e-01 
  1.70852960e+00  -3.21071141e+00  -9.76062454e-01 
  2.88366985e+00  -2.56688102e+00  -8.08096115e-01 
  3.74251522e+00  -2.74113273e+00  -1.82507216e+00 
  5.00603437e+00  -2.21997072e+00  -1.72372620e+00 
  5.14270535e+00  -1.15837892e+00  -9.55655866e-01 
  4.09514981e+00  -7.49308158e-01  -1.91647886e-01 
  2.96359055e+00  -1.48308547e+00   2.69075098e-03 
  3.45665738e+00  -3.70031521e+00  -2.73958393e+00 
  4.48322379e+00  -4.02087581e+00  -3.54115191e+00 
  5.78063710e+00  -3.76924096e+00  -3.22995460e+00 
  6.09808816e+00  -2.66865444e+00  -2.46788566e+00 
  4.33321473e+00  -4.89279195e+00  -4.53114403e+00 
  5.17859302e+00  -4.97045231e+00  -5.62041002e+00 
  6.69673666e+00  -4.29639686e+00  -4.05333040e+00 
  7.36860386e+00  -5.46688583e+00  -4.18030108e+00 
 -3.63787099e+00  -4.79461528e-01  -2.71970210e-01 
 -4.66291745e+00   2.19348533e-02   5.66872189e-01 
 -5.01347295e+00   1.29518448e+00   4.47815752e-01 
 -6.06354462e+00   1.66914724e+00  -4.01490917e-01 
 -6.53138828e+00   2.94994465e+00  -6.75006656e-01 
 -6.37428812e+00   3.88248312e+00   3.01132670e-01 
 -5.04298642e+00   3.77208005e+00   7.01458499e-01 
 -4.81361378e+00   2.45462139e+00   1.16859341e+00 
 -3.24992439e+00   3.08037985e-01  -1.12186306e+00 
  7.23976149e+00  -1.27108805e+01   6.39486280e+00 
  8.98640688e+00  -1.25985184e+01   3.05487942e+00 
  8.30133824e+00  -1.29914098e+01  -5.99230734e-01 
  4.80261413e+00  -1.24038707e+01  -2.09482028e+00 
  4.19333732e+00  -9.08201567e+00  -3.48406968e+00 
  8.55295644e-01  -9.88147384e+00  -4.81745829e+00 
 -2.05460921e+00  -1.24101907e+01  -4.85705968e+00 
 -8.80212604e+00  -1.31479641e+01  -6.56885726e-01 
 -5.20648418e+00  -1.37048597e+01   2.74800775e-01 
 -2.05516642e+00  -1.18034048e+01  -4.90923435e-01 
  3.33715730e-01  -8.94790507e+00   1.02233467e-01 
  3.70398711e+00  -1.00312566e+01   1.43159391e+00 
  6.89074579e+00  -8.08600252e+00   1.94223446e+00 
  8.40989145e+00  -8.46311117e+00   5.35122505e+00 
  1.08111982e+01  -7.38307345e+00   8.06977785e+00 
  9.26236249e+00  -5.76261658e+00   1.11248811e+01 
  1.13828919e+01  -5.37713238e+00   1.42304615e+01 
  1.24083565e+01  -2.05275833e+00   8.69293293e+00 
  1.10475730e+01  -3.62467405e+00   5.50066371e+00 
  7.31971573e+00  -3.39466806e+00   5.22785764e+00 
  4.37448712e+00  -4.67970699e+00   3.18600884e+00 
  1.68121313e+00  -6.79264002e+00   4.83297319e+00 
 -1.86309071e+00  -7.56736226e+00   3.70016558e+00 
 -3.38821242e+00  -1.07332877e+01   5.23483274e+00 
 -1.32245990e+01  -5.75784198e+00   4.04821758e+00 
 -9.70196911e+00  -6.04508031e+00   5.36252540e+00 
 -1.25080569e+01  -1.78781349e+00   6.93674326e+00 
 -9.37797765e+00  -8.20937258e-01   4.86561242e+00 
 -7.49446425e+00  -8.80469864e-01   8.24309257e+00 
 -1.02701447e+01   1.10171844e+00   9.89358613e+00 
 -1.02916498e+01   3.66601643e+00   7.09675728e+00 
 -6.49748424e+00   4.14783702e+00   6.84560062e+00 
 -6.53125029e+00   5.05163906e+00   1.05399802e+01 
 -9.47663142e+00   7.38374038e+00   1.00795847e+01 
 -7.98467221e+00   9.12152534e+00   7.09466347e+00 
  1.01912571e+00   1.07013929e+01  -1.07036233e+00 
 -9.66184945e-01   7.71850681e+00   3.10701695e-01 
  6.40583321e-01   4.65187018e+00   1.60427401e+00 
  1.43548428e+00   5.07519845e+00   5.31966579e+00 
 -4.63139350e-03   2.64493697e+00   7.80868759e+00 
  2.49777430e+00   1.41993949e+00   1.04320060e+01 
  3.47385936e-01  -1.11782358e+00   1.22444372e+01 
 -2.44201975e+00  -4.74415408e+00   7.81765331e+00 
  1.11495818e+00  -3.30774372e+00   7.84932396e+00 
  2.41164650e+00  -3.37494060e-01   5.78404642e+00 
  5.58108727e+00   1.28465084e+00   4.49399626e+00 
  7.49860485e+00  -7.79227221e-01   1.87777148e+00 
  7.77995528e+00   1.02286490e+00  -1.54403080e+00 
  1.09536647e+01  -4.15080653e-01  -2.81644054e+00 
  1.06338140e+01   6.65320954e-01  -6.49605778e+00 
  7.20996059e+00  -9.36433214e-01  -7.21994367e+00 
  4.17016462e+00   2.70049675e-01  -9.26956194e+00 
 -2.87164883e+00   1.57410826e+01  -4.14820686e+00 
 -3.38471306e+00   1.23104672e+01  -2.64768464e+00 
 -6.73798508e+00   1.20427666e+01  -4.38866851e+00 
 -6.83354929e+00   1.41839750e+01   2.92117194e-01 
 -8.88897197e+00   1.09657940e+01  -1.28602229e-01 
 -1.05136906e+01   4.61938653e+00  -4.29177034e+00 
 -9.32280838e+00   1.43025009e+00  -8.72396408e+00 
 -7.17172368e+00   4.44278823e+00  -9.57801332e+00 
 -4.61741696e+00   3.36173431e+00  -1.22004054e+01 
 -6.09868576e-01  -2.44350118e-01  -1.13461097e+01 
 -1.90401117e+00   1.15979889e+00  -8.08067559e+00 
  6.19915335e-01   3.97901562e+00  -7.66713201e+00 
  3.99357979e+00   3.06832699e+00  -6.06505327e+00 
  7.31796078e+00   4.84889570e+00  -6.43801368e+00 
  9.19573832e+00   5.66687022e+00  -3.21508056e+00 
  1.24648273e+01   7.45142659e+00  -2.31696450e+00 
  7.68213614e+00   1.04249317e+01  -4.01206805e+00 
  4.64271259e+00   8.60027083e+00  -5.29426469e+00 
  1.95599475e+00   6.99342715e+00  -3.13797184e+00 
 -1.54879769e+00   5.92063419e+00  -3.86229866e+00 
 -2.06239176e+00   2.43860992e+00  -2.98527589e+00 
 -4.21332048e+00  -6.96309066e-01  -3.59692226e+00 
 -3.27512173e+00  -4.40375047e+00  -4.12684892e+00 
 -6.81829034e+00  -5.73046834e+00  -3.78238925e+00 
 -9.51919994e+00  -5.80986660e+00  -1.02032777e+00 
 -1.12037498e+01  -2.43098223e+00  -6.56504789e-01 

   2.912806888103e+01 

