  3.41184795e+00  -1.27480456e+00  -5.13065437e+00 
  2.79011214e+00  -2.26287553e+00  -3.82020171e+00 
  3.22151391e+00  -1.61748290e+00  -2.25430748e+00 
  2.62025898e+00  -3.19924050e-01  -2.03923686e+00 
  1.64390859e+00   4.92127646e-01  -1.63715981e+00 
  3.16650691e+00   1.56080765e-01   1.57196555e-02 
  3.91819460e+00   1.15019989e+00   5.44567579e-01 
  3.71038994e+00   5.07441890e-01  -1.42737428e+00 
  4.93464990e+00  -1.79727933e-02  -1.32208194e+00 
  1.79720757e+00   3.77777989e-02  -2.28616570e-01 
  7.01178423e-01  -7.94957668e-01  -1.28969708e-01 
 -5.61011639e-01  -4.04931032e-01  -5.37219176e-01 
 -1.41480443e+00  -1.38005012e+00  -2.59285025e-01 
 -8.71238659e-01  -2.04282537e+00   7.27300504e-01 
 -1.55002878e+00  -2.85960561e+00   1.56200255e+00 
 -2.89714653e+00  -3.18883921e+00   1.59218964e+00 
 -7.88024991e-01  -3.46564363e+00   2.43878052e+00 
  4.61340280e-01  -3.04218547e+00   2.52648777e+00 
  1.14818658e+00  -2.37686709e+00   1.59932000e+00 
  4.74122239e-01  -1.92941415e+00   5.49045793e-01 
  6.11401389e+00   8.08951909e+00  -2.59242836e+00 
  7.06094457e+00   4.37751714e+00  -2.88023491e+00 
  5.59448632e+00   3.45095990e+00  -6.31988372e+00 
  5.57844784e+00   5.24240999e+00  -9.69176340e+00 
  1.75788420e+00   5.27039410e+00  -9.78292718e+00 
  1.82302207e+00   7.05999499e+00  -6.43204632e+00 
  1.16153941e+01   5.36337275e+00  -3.09209461e+00 
  1.06607101e+01   1.87122487e+00  -4.13224711e+00 
  8.87734436e+00  -5.71141764e-01  -1.84244628e+00 
  9.68200739e+00  -1.60951573e+00   1.75170942e+00 
  1.15068419e+01  -2.64230392e-01   4.80481693e+00 
  1.22255449e+01   3.93126097e+00   1.97475479e+00 
  4.82749309e+00   1.05513167e+01   2.92860951e+00 
  2.05233394e+00   9.96036468e+00   3.33216844e-01 
  5.60642406e-01   6.88326882e+00  -1.28529327e+00 
 -1.69705399e+00   3.87915219e+00  -5.27267085e-01 
 -2.43700391e+00   1.86830757e+00   2.59575272e+00 
 -4.60876403e+00  -9.16714688e-01   4.05987007e+00 
 -7.36766486e+00   5.26561227e-01   6.13668101e+00 
 -7.86581664e+00  -9.73451926e-01   9.58411712e+00 
 -7.53536935e+00   9.52962908e+00   3.87269248e+00 
 -5.38494311e+00   8.39766012e+00   6.78301691e+00 
  7.08922568e+00  -6.47957553e+00   1.25724848e+01 
  4.58202267e+00  -5.05247242e-01   8.70376781e+00 
  6.24602189e+00  -3.81762759e+00   7.94515080e+00 
  7.98724223e+00  -5.58423482e+00   5.03126671e+00 
  4.94504526e+00  -7.74757268e+00   4.31399007e+00 
  1.81436283e+00  -7.15939944e+00   2.22477130e+00 
 -1.08847953e+00  -7.82089505e+00   4.65384833e+00 
 -3.60493624e+00  -1.02170717e+01   3.01396859e+00 
 -3.78834568e+00  -9.30962473e+00   9.73130628e+00 
 -1.49337899e+00  -6.76082512e+00   1.37260549e+01 
 -3.79140347e+00   1.60471176e+00   8.67981462e+00 
 -8.98516917e-01  -6.13201033e-01   7.54427063e+00 
  1.45554759e+00  -2.74695096e-01   4.49845637e+00 
  5.25196759e+00  -6.78143734e-01   4.08184828e+00 
  7.39155519e+00   2.61589969e+00   4.23458561e+00 
  5.90874333e+00   5.10408444e+00   6.72713121e+00 
  1.10409248e+01   3.72081337e+00   8.02834899e+00 
  1.06396768e+01   7.31053820e+00   6.80038301e+00 
  2.02710685e+00   1.05382865e+01   6.58729029e+00 
 -9.76383419e-01   1.13265758e+01   4.42521121e+00 
 -2.06425991e+00   8.21648587e+00   2.53709501e+00 
 -5.30352343e+00   6.99209279e+00   1.00415531e+00 
 -7.05203015e+00   3.63546811e+00   1.44364897e+00 
 -6.69217638e+00   1.08364937e+00  -1.37779156e+00 
 -7.83973336e+00  -2.09249418e+00   4.80203055e-01 
 -8.70097754e+00  -3.27546830e+00   3.97335133e+00 
 -5.86856090e+00  -5.77312432e+00   4.36868690e+00 
 -8.11263854e+00  -8.84456140e+00   4.24874392e+00 
 -9.01700705e+00  -9.84151077e+00  -9.27677838e-01 
 -6.48050284e+00  -7.05689418e+00  -3.78719107e-01 
 -4.38310021e+00  -7.96066101e+00  -3.44218754e+00 
 -7.41750962e+00  -7.77656637e+00  -5.76020538e+00 
 -8.68126774e+00  -4.61475964e+00  -4.15535491e+00 
 -5.18994704e+00  -3.17535110e+00  -4.42199319e+00 
 -5.12218534e+00  -3.97239529e+00  -8.14951108e+00 
 -8.41979047e+00  -2.18029380e+00  -8.68272881e+00 
 -8.10366295e+00   8.26673996e-01  -6.36978171e+00 
 -4.39754378e+00   1.67919603e+00  -6.33588208e+00 
 -5.27211579e+00   4.40130882e+00  -8.80437434e+00 
 -7.95982916e+00   6.04507485e+00  -6.67620731e+00 
 -5.81302269e+00   5.91122104e+00  -3.56384101e+00 
 -3.07800422e+00   7.68874704e+00  -5.53754711e+00 
  1.06629553e+01  -1.13022387e+01   6.98663856e+00 
  9.81398787e+00  -9.67628059e+00   3.65882280e+00 
  6.66902315e+00  -1.10426066e+01   2.03990963e+00 
  4.96916356e+00  -9.76076027e+00  -1.12098864e+00 
  4.06423828e+00  -1.32027016e+01  -2.46798525e+00 
  4.95438294e-01  -1.20050078e+01  -2.72470322e+00 
  1.75305645e+00  -1.03868176e+01  -5.94838167e+00 
  3.99331644e+00  -1.32071225e+01  -7.15170804e+00 
  7.38573515e+00  -1.21078919e+01  -5.83186898e+00 
  9.57988214e+00  -1.47990382e+01  -4.30063375e+00 
  9.32142433e+00  -1.50359650e+01  -5.02159511e-01 
  1.09679723e+01  -6.90245468e+00  -2.18322431e+00 
  9.82872919e+00  -5.51645528e+00  -5.55460083e+00 

   4.383144582133e+00 

  1.31331603e+00   2.68132600e+00   4.30343640e+00 
  1.73157045e+00   1.23616040e+00   3.39972987e+00 
  3.13118016e-01   3.52175876e-01   2.88862526e+00 
 -4.85063674e-01   1.13060343e+00   1.96755068e+00 
 -8.31615331e-01   1.55919147e+00   7.54880805e-01 
 -2.05821382e+00  -2.52677895e-01   1.36792993e+00 
 -3.40212667e+00  -2.18366907e-01   1.52826815e+00 
 -1.89925985e+00   9.19547719e-01   2.41788433e+00 
 -2.12075367e+00   2.26467173e-01   3.53883899e+00 
 -1.22009762e+00   1.83944575e-01   3.40506685e-01 
 -1.32142916e-01  -1.42155273e-01  -4.43503008e-01 
  3.50591108e-01   7.04661984e-01  -1.42420712e+00 
  1.34993373e+00   9.93671575e-02  -2.05030556e+00 
  1.13484525e+00  -1.17928806e+00  -1.88640443e+00 
  1.67334540e+00  -2.14773980e+00  -2.65888894e+00 
  2.53138763e+00  -2.05251802e+00  -3.74458161e+00 
  1.36570556e+00  -3.36085192e+00  -2.27108978e+00 
  4.26906758e-01  -3.46362965e+00  -1.34587818e+00 
  4.19042901e-02  -2.52059919e+00  -4.87674770e-01 
  5.09296101e-01  -1.29531668e+00  -6.82303767e-01 
 -8.17266839e+00   5.88348373e+00   3.20929980e+00 
 -5.68414415e+00   3.59402993e+00   5.03251597e+00 
 -2.69735100e+00   5.96089859e+00   5.59571345e+00 
 -2.45956139e+00   9.60209709e+00   6.72010346e+00 
 -6.66893519e-01   1.05960813e+01   3.49455889e+00 
 -3.61186900e+00   9.15941068e+00   1.57143283e+00 
 -8.43795999e+00   3.27651081e+00   8.78424709e+00 
 -4.88120829e+00   2.14017060e+00   9.28091975e+00 
 -3.28868599e+00  -6.59209249e-01   7.27690345e+00 
 -4.56267060e+00  -4.19235820e+00   6.54377318e+00 
 -7.84971086e+00  -6.09633860e+00   6.36627905e+00 
 -1.00148235e+01  -1.56022082e+00   7.29571772e+00 
 -1.20125300e+01   3.54858183e+00  -1.03347501e+00 
 -9.06672142e+00   5.79764256e+00  -2.05852779e+00 
 -5.30261065e+00   5.47907928e+00  -1.85062137e+00 
 -2.35063497e+00   3.59961595e+00  -3.41585957e+00 
 -1.95643881e+00   1.90532929e-01  -5.01805713e+00 
  4.60382201e-01  -2.10591690e+00  -6.88937352e+00 
 -3.18607714e-01  -2.12560658e+00  -1.05500442e+01 
 -5.72670343e-01  -5.52233847e+00  -1.22175798e+01 
 -5.95481177e+00   5.14942503e+00  -1.17813518e+01 
 -7.46215754e+00   1.75329335e+00  -1.10264523e+01 
 -4.76127237e+00  -1.47087700e+01   4.69662545e-01 
 -6.28318966e+00  -7.53141947e+00  -1.29528626e+00 
 -4.20737083e+00  -9.39159744e+00   1.26341865e+00 
 -2.32157951e+00  -8.69894430e+00   4.52033324e+00 
  1.05198817e+00  -8.76544790e+00   2.76987692e+00 
  3.03856110e+00  -6.08813907e+00   9.26645879e-01 
  3.74497584e+00  -7.63190826e+00  -2.52041668e+00 
  7.48182774e+00  -7.27239704e+00  -3.33902046e+00 
  3.74012999e+00  -1.17245668e+01  -6.82579645e+00 
 -1.11105115e+00  -1.37091801e+01  -7.32441427e+00 
 -3.97786511e+00  -4.22642552e+00  -8.93264573e+00 
 -3.11872785e+00  -5.42266911e+00  -5.41010767e+00 
 -3.03908809e+00  -3.48294760e+00  -2.06880128e+00 
 -4.30042003e+00  -4.31990989e+00   1.46074172e+00 
 -7.84205038e+00  -2.91937692e+00   2.43400824e+00 
 -1.01933144e+01  -2.91311245e+00  -5.78315817e-01 
 -1.21406791e+01  -5.96196080e+00   3.52755652e+00 
 -1.40807187e+01  -2.73706453e+00   2.90200462e+00 
 -1.24169964e+01   1.45389825e+00  -5.11722152e+00 
 -1.06058430e+01   4.27874600e+00  -6.86562021e+00 
 -6.87791381e+00   4.04673690e+00  -6.18017647e+00 
 -3.73765893e+00   5.21763204e+00  -7.94360339e+00 
 -6.07421732e-01   3.24015266e+00  -8.84279752e+00 
  2.46621094e+00   3.70915552e+00  -6.62139732e+00 
  4.51816907e+00   6.32601036e-01  -7.70822720e+00 
  4.17249701e+00  -2.51739978e+00  -9.78217509e+00 
  4.55362018e+00  -5.02281761e+00  -6.95466975e+00 
  7.96085767e+00  -6.28640030e+00  -8.08519529e+00 
  1.15529306e+01  -2.78985286e+00  -6.22017507e+00 
  8.02513292e+00  -2.09476583e+00  -4.97085680e+00 
  9.16665456e+00  -8.44074193e-01  -1.54544735e+00 
  1.15197008e+01   1.73418228e+00  -3.10445498e+00 
  8.97556130e+00   2.77008636e+00  -5.67815041e+00 
  6.39896932e+00   3.02518767e+00  -2.91619273e+00 
  8.71185571e+00   5.32348815e+00  -9.40684663e-01 
  9.14174278e+00   7.60968231e+00  -3.93378706e+00 
  5.65031136e+00   7.64218998e+00  -5.45048282e+00 
  3.27503603e+00   7.25952334e+00  -2.50516524e+00 
  2.78778664e+00   1.09970558e+01  -2.75349515e+00 
  1.80091891e+00   1.10450019e+01  -6.42482434e+00 
 -5.50258621e-01   8.11103647e+00  -6.00371841e+00 
 -2.23167045e+00   1.00378839e+01  -3.17607740e+00 
 -1.75102091e-01  -1.43194699e+01   7.25544098e+00 
  5.52685108e-01  -1.06151075e+01   7.68772363e+00 
  3.79625129e+00  -9.48916376e+00   6.07835771e+00 
  5.09924967e+00  -5.91954255e+00   5.78865095e+00 
  8.73877732e+00  -6.80602702e+00   6.45815354e+00 
  9.61217674e+00  -5.02861043e+00   3.24650728e+00 
  9.32054263e+00  -1.90813057e+00   5.43049460e+00 
  1.09671533e+01  -3.26838700e+00   8.57043956e+00 
  7.94980959e+00  -4.39228397e+00   1.05931309e+01 
  8.24073566e+00  -7.71938757e+00   1.23950673e+01 
  6.76096008e+00  -1.06610669e+01   1.04694173e+01 
  6.65136007e-01  -4.79014258e+00   1.07229243e+01 
  1.72840735e+00  -1.13145133e+00   1.09846133e+01 

   4.383144582133e+00 

 -2.62837840e+00  -4.82974363e+00  -2.03027503e+00 
 -1.07253914e+00  -4.13543245e+00  -1.60906009e+00 
 -1.06687657e+00  -2.39573376e+00  -1.77663178e+00 
 -1.99461976e+00  -1.77809367e+00  -8.55092227e-01 
 -2.33720916e+00  -1.24315077e+00   3.15729104e-01 
 -1.65606460e+00   3.54108607e-01  -1.14989303e+00 
 -2.46412684e+00   1.34509181e+00  -1.59483692e+00 
 -2.69074516e+00  -7.25812201e-01  -1.66466549e+00 
 -2.43710377e+00  -6.49367348e-01  -2.97454402e+00 
 -1.37113723e+00  -1.26980754e-01   1.29187068e-01 
 -3.67287676e-01  -5.39139829e-01   9.81870308e-01 
 -6.22202304e-01  -9.49272722e-01   2.27752524e+00 
  5.32482785e-01  -1.21927693e+00   2.86986537e+00 
  1.42229663e+00  -5.06817650e-01   2.23055411e+00 
  2.63721381e+00  -1.83224909e-01   2.72439363e+00 
  3.21990028e+00  -4.96713103e-01   3.94350556e+00 
  3.38509396e+00   4.86564650e-01   1.88253337e+00 
  2.78964507e+00   9.28940181e-01   7.88153419e-01 
  1.66735051e+00   4.62690835e-01   2.43072772e-01 
  9.67421084e-01  -4.13409044e-01   9.50321371e-01 
 -1.03673838e+01   1.61490225e+00  -2.12610702e+00 
 -7.41395069e+00   2.36764634e-02  -3.99792484e+00 
 -7.75158712e+00  -3.68289483e+00  -3.00418296e+00 
 -1.07574862e+01  -6.01994455e+00  -2.71801391e+00 
 -1.00276514e+01  -6.68579118e+00   9.73840621e-01 
 -1.01975053e+01  -2.93381082e+00   1.54752162e+00 
 -9.31835003e+00   9.33608446e-01  -8.15786394e+00 
 -6.48301760e+00  -1.54608971e+00  -8.17842067e+00 
 -2.98871157e+00  -7.26485426e-01  -6.95089865e+00 
 -7.16090240e-01   2.23416260e+00  -7.79553695e+00 
 -9.85898722e-01   5.81385983e+00  -9.05022825e+00 
 -6.03367072e+00   5.03842807e+00  -8.83427262e+00 
 -9.92875006e+00   7.38599606e+00   4.17303561e-02 
 -9.93245882e+00   4.37259835e+00   2.43049911e+00 
 -7.59679842e+00   1.45182094e+00   3.00232720e+00 
 -4.15850187e+00   5.89201953e-01   4.46195684e+00 
 -9.07809241e-01   2.49625789e+00   4.83666985e+00 
  2.61898595e+00   2.37255545e+00   6.30736491e+00 
  2.80033655e+00   4.39539005e+00   9.45108484e+00 
  5.68813085e+00   6.83679247e+00   9.73954406e+00 
 -6.06115033e+00   5.90849519e+00   1.17734894e+01 
 -4.27544048e+00   8.42314438e+00   9.56816517e+00 
  8.70440707e+00   9.67258458e+00  -5.93723462e+00 
  2.31780891e+00   8.16468815e+00  -2.21121144e+00 
  4.57043274e+00   6.41862449e+00  -4.69982638e+00 
  4.53034932e+00   3.35194985e+00  -6.98835644e+00 
  6.76466772e+00   1.36848853e+00  -4.63821146e+00 
  6.01006171e+00  -7.73049784e-01  -1.57939818e+00 
  8.22602985e+00   7.07524805e-01   1.18861004e+00 
  1.01651509e+01  -2.12085276e+00   2.92167456e+00 
  1.22522916e+01   4.28425571e+00   3.69507871e+00 
  1.12233683e+01   9.26766715e+00   2.34297097e+00 
  2.18610883e+00   7.68026359e+00   6.40938912e+00 
  3.05898693e+00   6.22062754e+00   2.99106550e+00 
  9.80087644e-01   3.96849869e+00   6.37497179e-01 
  3.70875685e-01   4.02203930e+00  -3.15395796e+00 
 -2.91219350e+00   5.80504766e+00  -4.37634242e+00 
 -3.74051761e+00   8.81845490e+00  -2.17728946e+00 
 -3.03477118e+00   1.02424824e+01  -7.41369671e+00 
 -6.63657661e+00   1.04997266e+01  -6.18249899e+00 
 -7.78416537e+00   1.02523058e+01   2.94229973e+00 
 -8.77247859e+00   8.14440179e+00   5.92506978e+00 
 -6.60591400e+00   5.02961381e+00   6.08384928e+00 
 -5.50429255e+00   2.65211927e+00   8.81804397e+00 
 -1.99607104e+00   1.44040415e+00   9.67914090e+00 
 -1.01801438e+00  -2.07041937e+00   8.53052273e+00 
  2.80797202e+00  -1.83445408e+00   8.93433869e+00 
  5.51106739e+00   7.18034698e-01   9.65637095e+00 
  7.29236867e+00   5.21430889e-01   6.30891333e+00 
  1.04148144e+01  -1.15953373e+00   7.69046567e+00 
  9.28593250e+00  -6.37664477e+00   8.02885994e+00 
  6.53756126e+00  -4.37659156e+00   6.31551772e+00 
  5.59950728e+00  -7.17939879e+00   3.89372966e+00 
  5.08406638e+00  -9.67371815e+00   6.74459437e+00 
  3.23998533e+00  -7.16037245e+00   8.85459670e+00 
  1.13326225e+00  -6.28476765e+00   5.83344671e+00 
  2.40858849e-01  -9.96121310e+00   5.36267530e+00 
 -8.80408012e-01  -1.02426561e+01   8.97289676e+00 
 -2.61567305e+00  -6.90501318e+00   9.55643006e+00 
 -4.12219124e+00  -5.95805135e+00   6.19533968e+00 
 -7.38707667e+00  -7.24141542e+00   7.59595673e+00 
 -7.37545334e+00  -5.08122626e+00   1.07245846e+01 
 -6.38312829e+00  -1.98696956e+00   8.78696100e+00 
 -9.35489023e+00  -2.63752730e+00   6.48895184e+00 
  9.84452616e+00   3.25856562e+00  -1.09163701e+01 
  7.17611476e+00   7.65809088e-01  -9.86537602e+00 
  8.34680827e+00  -1.73125636e+00  -7.26294054e+00 
  6.22916983e+00  -4.34260130e+00  -5.46838893e+00 
  8.87977648e+00  -7.07193527e+00  -5.54098673e+00 
  8.45604370e+00  -7.38238019e+00  -1.80457368e+00 
  5.40130943e+00  -9.45625227e+00  -2.78431792e+00 
  6.91192931e+00  -1.13186500e+01  -5.72886894e+00 
  5.79846077e+00  -9.15980579e+00  -8.65433763e+00 
  8.36458879e+00  -8.50599321e+00  -1.13725626e+01 
  1.02381088e+01  -5.20689631e+00  -1.09760482e+01 
  2.01370965e+00  -3.23083211e+00  -1.05945791e+01 
 -4.01393503e-01  -5.90371224e+00  -9.32649501e+00 

   4.383144582133e+00 

 -5.90481288e+00   2.58815715e+00   6.18862506e-01 
 -4.83397222e+00   1.19885429e+00   5.61734002e-01 
 -3.69612862e+00   1.30529276e+00  -7.60630041e-01 
 -2.80746728e+00   2.43440567e+00  -5.96901789e-01 
 -1.70200865e+00   3.02950119e+00  -1.51731586e-01 
 -1.41110144e+00   2.22358645e+00  -2.25627859e+00 
 -1.14845562e+00   3.01447901e+00  -3.32328069e+00 
 -2.72448086e+00   3.05354330e+00  -1.95964813e+00 
 -3.50076498e+00   2.57016039e+00  -2.93416516e+00 
 -8.45693403e-01   2.14056570e+00  -9.82662565e-01 
 -3.82815198e-01   1.28052332e+00  -7.60942838e-03 
  1.44093462e-01   1.73513512e+00   1.18721589e+00 
  5.62552238e-01   6.91082535e-01   1.88858114e+00 
  8.11149717e-01  -2.39691684e-01   1.00543651e+00 
  1.60099629e+00  -1.31213953e+00   1.23040652e+00 
  2.30200009e+00  -1.68408578e+00   2.36807163e+00 
  1.65668313e+00  -2.14470039e+00   2.20251654e-01 
  1.12949460e+00  -1.72670033e+00  -9.17848151e-01 
  2.20106650e-01  -7.66122666e-01  -1.07389480e+00 
 -6.50583283e-02  -2.22577274e-02  -1.41784802e-02 
 -2.78325025e+00   1.06797225e+01  -4.50141748e+00 
 -4.63089701e+00   7.31158223e+00  -4.51878563e+00 
 -6.68882392e+00   7.52094919e+00  -1.26897113e+00 
 -8.73494956e+00   1.03259171e+01   3.19942939e-01 
 -6.60128302e+00   1.02362948e+01   3.48936487e+00 
 -3.55415163e+00   1.08163806e+01   1.29532577e+00 
 -7.12200863e+00   8.48548310e+00  -8.28390531e+00 
 -8.38812748e+00   5.50099564e+00  -6.36603849e+00 
 -6.32549533e+00   2.37181867e+00  -5.78077253e+00 
 -4.34271972e+00   2.33422318e-01  -8.25857806e+00 
 -2.66404660e+00   5.60549607e-01  -1.16550944e+01 
 -4.01633016e+00   5.48074386e+00  -1.13535135e+01 
  2.89609147e+00   1.11231866e+01  -6.89846975e+00 
  2.33361820e+00   1.13193093e+01  -3.09952839e+00 
  1.05496989e+00   8.89710822e+00  -4.89693501e-01 
  2.05492772e+00   5.72740980e+00   1.42070167e+00 
  4.28110096e+00   2.76907828e+00   6.22765564e-01 
  5.83553333e+00  -4.24591588e-01   2.03724193e+00 
  9.43000655e+00   1.42824730e-01   2.91218412e+00 
  1.19144141e+01  -2.43207211e+00   1.65495078e+00 
  1.04231539e+01   9.37423651e+00   2.85140260e+00 
  1.10824871e+01   7.42554558e+00  -3.33492740e-01 
  3.99942120e+00  -8.04059630e+00  -1.13372920e+01 
  4.22570261e+00  -1.22280048e+00  -8.11051445e+00 
  1.72269411e+00  -4.03082889e+00  -8.51816833e+00 
 -2.02147435e+00  -4.66482719e+00  -8.04623772e+00 
 -1.45341007e+00  -6.58330985e+00  -4.81417860e+00 
 -1.08039625e+00  -5.45672969e+00  -1.19428452e+00 
  2.25177426e+00  -6.99585671e+00  -5.75290139e-02 
  1.74434535e+00  -8.80822227e+00   3.29228735e+00 
  7.25089519e+00  -1.01841470e+01  -4.17761807e-01 
  9.73074456e+00  -9.01617944e+00  -4.91303342e+00 
  9.63443500e+00   4.53993663e-01  -1.59125520e+00 
  6.45659087e+00  -1.15032562e+00  -2.97142048e+00 
  2.87388044e+00   2.67519840e-01  -3.26653188e+00 
  2.56233176e-01   1.70378561e-01  -6.07502333e+00 
  1.05163678e-01   3.30730130e+00  -8.43908331e+00 
  3.58930919e+00   4.77101865e+00  -9.00551029e+00 
  1.23166952e+00   3.23235352e+00  -1.36980510e+01 
  1.57108009e+00   7.00804004e+00  -1.32690795e+01 
  7.29886834e+00   9.79217064e+00  -6.62971300e+00 
  7.60150114e+00   1.11364153e+01  -3.10574374e+00 
  5.87505020e+00   8.78783967e+00  -6.71677827e-01 
  6.20673075e+00   8.01716217e+00   3.02127694e+00 
  6.56766647e+00   4.64008497e+00   4.74824962e+00 
  3.45868821e+00   3.18231683e+00   6.42484335e+00 
  4.61164458e+00  -4.71344136e-01   6.84718441e+00 
  7.43216998e+00  -2.77636743e+00   5.81047890e+00 
  5.37797584e+00  -5.15369442e+00   3.67839948e+00 
  5.67913504e+00  -8.09560170e+00   6.07391220e+00 
  1.94970553e+00  -7.35595899e+00   9.83574909e+00 
  1.72484415e+00  -4.81534554e+00   7.01014835e+00 
 -2.08650059e+00  -4.57269208e+00   7.13465433e+00 
 -2.06169663e+00  -3.74762712e+00   1.08674000e+01 
  8.14449191e-01  -1.34647503e+00   1.05042124e+01 
 -9.75311709e-01   2.32495439e-01   7.56551860e+00 
 -4.09707530e+00   7.18002772e-01   9.69932633e+00 
 -2.08696846e+00   2.45799090e+00   1.24015588e+01 
  3.77650122e-01   4.53912876e+00   1.03801641e+01 
 -1.47703430e+00   5.47347765e+00   7.19419482e+00 
 -2.06745666e+00   8.82386694e+00   8.83569453e+00 
  1.58390354e+00   9.56602311e+00   9.59176181e+00 
  2.69114429e+00   8.49131215e+00   6.13741192e+00 
  1.29350908e-01   1.09254165e+01   4.70640140e+00 
 -3.73276425e+00  -1.06009068e+01  -1.03942015e+01 
 -5.31492149e+00  -7.99842898e+00  -8.12203711e+00 
 -5.14458967e+00  -8.87084254e+00  -4.43579088e+00 
 -6.21065690e+00  -6.68062834e+00  -1.50485369e+00 
 -7.72533400e+00  -9.51426543e+00   5.33896928e-01 
 -5.52148618e+00  -8.43662624e+00   3.40068198e+00 
 -8.23667808e+00  -5.79534819e+00   3.89426971e+00 
 -1.12671994e+01  -7.97013051e+00   3.18213135e+00 
 -1.18863566e+01  -7.24102752e+00  -4.98064438e-01 
 -1.27617487e+01  -1.02013547e+01  -2.70518532e+00 
 -9.77796605e+00  -1.16924860e+01  -4.55583660e+00 
 -9.63533805e+00  -3.40450722e+00  -6.28214903e+00 
 -1.11540594e+01  -1.02494520e+00  -3.70994785e+00 

   4.383144582133e+00 

 -1.62079659e+00  -6.31182318e+00   2.83923627e-01 
 -2.09839055e+00  -4.73479614e+00  -3.20241555e-01 
 -1.73684801e+00  -3.46135455e+00   8.20940884e-01 
 -3.12171579e-01  -3.34335880e+00   1.03956366e+00 
  9.02638741e-01  -2.86937701e+00   7.67660852e-01 
 -1.42337774e-01  -1.60093209e+00   2.33683746e+00 
  3.19686804e-01  -1.45637805e+00   3.60120479e+00 
 -1.68009639e-01  -3.17157399e+00   2.52179275e+00 
 -1.25681331e+00  -3.27296976e+00   3.29002772e+00 
  4.72490643e-01  -1.48176110e+00   1.08925549e+00 
  3.45360019e-01  -9.72616426e-01  -1.87172042e-01 
  1.33127887e+00  -1.12671801e+00  -1.14431826e+00 
  9.60165664e-01  -4.80594429e-01  -2.24061478e+00 
  1.36325428e-01   4.47615895e-01  -1.83098245e+00 
 -1.78055852e-01   1.55404211e+00  -2.53921895e+00 
  2.53039443e-01   1.96744119e+00  -3.79113360e+00 
 -1.07167782e+00   2.31456697e+00  -1.95636977e+00 
 -1.36815273e+00   2.02034918e+00  -7.01992841e-01 
 -1.18907825e+00   8.50927456e-01  -9.00846742e-02 
 -4.81020135e-01  -6.79025653e-02  -7.32002026e-01 
  4.97550225e+00  -6.22192989e+00   7.89415426e+00 
  1.31581237e+00  -6.06032094e+00   6.73699336e+00 
  1.21226869e+00  -8.82013046e+00   4.05130496e+00 
  2.65486683e+00  -1.23528224e+01   3.91668934e+00 
  4.68983829e+00  -1.15212523e+01   7.90480342e-01 
  6.26272969e+00  -8.66197204e+00   2.73620540e+00 
 -2.52611499e-01  -7.53989357e+00   1.08735037e+01 
 -2.74287533e+00  -7.67548951e+00   8.05062658e+00 
 -3.81815505e+00  -4.62317224e+00   6.07177111e+00 
 -5.03091306e+00  -1.20404078e+00   7.28931633e+00 
 -4.77060055e+00   1.02549761e+00   1.03589540e+01 
 -1.65905589e+00  -2.59875188e+00   1.21785800e+01 
  7.88813695e+00  -1.08673635e+00   9.72275721e+00 
  8.78133499e+00  -2.78518439e+00   6.39045063e+00 
  6.91163241e+00  -3.41688548e+00   3.16269544e+00 
  5.56937147e+00  -1.61007812e+00   5.94235968e-02 
  4.33237632e+00   1.90732840e+00  -6.05383965e-01 
  3.14927615e+00   4.32748844e+00  -3.31824776e+00 
  5.88325034e+00   6.71641260e+00  -4.22717534e+00 
  4.96117119e+00   1.03932437e+01  -4.34419391e+00 
  1.35604482e+01   2.98503422e+00  -5.73896362e-01 
  1.15411578e+01   5.44348271e+00   1.48866808e+00 
 -7.52017738e+00   1.06145284e+01   6.00317291e+00 
 -1.22442441e+00   6.46086490e+00   5.76608492e+00 
 -4.93480778e+00   5.92855630e+00   5.25037221e+00 
 -7.42882784e+00   3.04526492e+00   4.91876312e+00 
 -7.68175920e+00   3.48414110e+00   1.15141759e+00 
 -5.58643442e+00   2.14312104e+00  -1.73358406e+00 
 -4.55533810e+00   5.27983670e+00  -3.69886792e+00 
 -5.30710467e+00   4.75348541e+00  -7.42998357e+00 
 -4.26510774e+00   1.10413495e+01  -5.11552205e+00 
 -3.20578744e+00   1.38396558e+01  -7.83248901e-01 
  4.98033539e+00   8.08409931e+00  -1.60281826e-02 
  1.54218597e+00   6.69921130e+00   8.99724892e-01 
  5.09930100e-01   3.16484877e+00   2.07272099e+00 
 -1.84444508e+00   1.92213188e+00   4.84070042e+00 
 -1.69999150e-01   9.60499693e-01   8.26464263e+00 
  2.78982671e+00   3.25024660e+00   9.03863742e+00 
 -1.05622137e+00   3.49840214e+00   1.29235089e+01 
  2.17262962e+00   1.78125381e+00   1.40102230e+01 
  9.44801539e+00   3.08167604e+00   8.53137345e+00 
  1.16444006e+01   1.60457698e+00   5.82748553e+00 
  9.52684299e+00   6.24060653e-01   2.83154585e+00 
  1.01541664e+01   1.64498431e-01  -8.74818748e-01 
  8.23583318e+00   1.60759794e+00  -3.83367343e+00 
  5.80524709e+00  -7.12958862e-01  -5.65275772e+00 
  3.76035215e+00   1.90531981e+00  -7.60722449e+00 
  3.30013053e+00   5.65671821e+00  -7.84901001e+00 
 -3.04006279e-01   5.79650773e+00  -6.66249555e+00 
 -1.73343818e+00   6.77479434e+00  -1.00512529e+01 
 -2.23813554e+00   2.23542423e+00  -1.28345122e+01 
 -1.19531609e+00   1.64697010e+00  -9.22126596e+00 
 -3.14800550e+00  -1.61964371e+00  -8.87925805e+00 
 -1.45260701e+00  -3.12974549e+00  -1.19549620e+01 
  1.94091504e+00  -1.86018733e+00  -1.09342360e+01 
  1.31664273e+00  -3.21626682e+00  -7.45520654e+00 
  5.07048299e-01  -6.64466655e+00  -8.91290774e+00 
  3.75344252e+00  -6.67710755e+00  -1.08699516e+01 
  6.20117819e+00  -5.08642077e+00  -8.42662971e+00 
  4.97297835e+00  -6.10267355e+00  -4.97380221e+00 
  7.68207026e+00  -8.73302887e+00  -5.07519378e+00 
  1.05501660e+01  -6.34825217e+00  -5.81121795e+00 
  9.38587772e+00  -3.87505292e+00  -3.19564209e+00 
  9.40306859e+00  -6.73685817e+00  -6.76670945e-01 
 -1.36453632e+01   5.28758612e+00   4.84684847e+00 
 -1.19032147e+01   2.02790215e+00   3.96467941e+00 
 -1.14483879e+01   1.48898187e+00   2.38927534e-01 
 -9.54575828e+00  -1.34419245e+00  -1.45726065e+00 
 -1.20275702e+01  -1.79343696e+00  -4.30665335e+00 
 -9.13598160e+00  -1.39015186e+00  -6.69679651e+00 
 -8.50796947e+00  -5.05834504e+00  -5.83528317e+00 
 -1.21156230e+01  -6.24220521e+00  -5.77055784e+00 
 -1.29355194e+01  -6.00046912e+00  -2.06540988e+00 
 -1.63381170e+01  -4.58846398e+00  -1.15447491e+00 
 -1.63044791e+01  -8.61071917e-01  -3.44068748e-01 
 -1.03069541e+01  -4.31931060e+00   4.53049471e+00 
 -8.61678412e+00  -7.50738357e+00   3.27966898e+00 

   4.383144582133e+00 

 -6.49015586e+00  -3.87791408e+00   1.16951873e+00 
 -4.84876148e+00  -3.77219535e+00   5.57330951e-01 
 -4.35437274e+00  -2.11620352e+00   2.96688126e-01 
 -4.31981004e+00  -1.37839352e+00   1.54001579e+00 
 -3.73198093e+00  -9.36728711e-01   2.65075569e+00 
 -3.51562402e+00   5.60443553e-01   9.55200160e-01 
 -4.04186005e+00   1.80721724e+00   9.95429172e-01 
 -4.94849838e+00  -5.67880046e-02   1.21535354e+00 
 -5.47642371e+00   1.23405926e-01   9.46483973e-04 
 -2.73685405e+00  -1.63566850e-01   1.85963520e+00 
 -1.63718849e+00  -9.86325780e-01   1.99550696e+00 
 -1.23057137e+00  -1.47745219e+00   3.22244197e+00 
 -1.17694004e-01  -2.17653505e+00   3.04965927e+00 
  4.27111198e-01  -1.69382379e+00   1.96418107e+00 
  1.72898682e+00  -1.84016203e+00   1.63506334e+00 
  2.75370837e+00  -2.49119434e+00   2.30598430e+00 
  2.03776981e+00  -1.32417456e+00   4.70983683e-01 
  1.11768827e+00  -5.65984232e-01  -1.00435912e-01 
 -1.91731871e-01  -5.75206603e-01   1.43244770e-01 
 -6.10389182e-01  -1.28063635e+00   1.18475699e+00 
 -1.01885542e+01   4.60532550e+00   5.14335130e+00 
 -9.56916470e+00   2.45660238e+00   2.01960125e+00 
 -1.05053000e+01  -1.06113539e+00   3.28030092e+00 
 -1.33865932e+01  -2.35794879e+00   5.42402388e+00 
 -1.09651485e+01  -3.74004731e+00   8.03787351e+00 
 -9.50442929e+00  -2.45670214e-01   8.33944428e+00 
 -1.30565481e+01   4.50185403e+00  -3.07394452e-01 
 -1.17730901e+01   1.29047303e+00  -1.80011114e+00 
 -8.17561242e+00   7.92866047e-01  -2.89522651e+00 
 -5.95249190e+00   2.98434299e+00  -5.10855482e+00 
 -5.66350448e+00   6.61005092e+00  -6.21851314e+00 
 -9.59279667e+00   7.42760674e+00  -3.05304338e+00 
 -6.68585400e+00   9.57744309e+00   6.24179580e+00 
 -6.34546037e+00   6.40653530e+00   8.39034686e+00 
 -5.24914682e+00   2.85215580e+00   7.69917356e+00 
 -2.12786962e+00   7.59014190e-01   6.94227185e+00 
  1.16804528e+00   1.48088965e+00   5.22177322e+00 
  4.61068812e+00   5.24390523e-02   4.37073282e+00 
  7.21342943e+00   1.44512902e+00   6.67157509e+00 
  1.03675770e+01   2.79451974e+00   5.05494031e+00 
  2.38655063e+00   5.30136001e+00   1.36026445e+01 
  3.32091795e+00   7.42099593e+00   1.06010156e+01 
  4.68108153e+00   6.76105629e+00  -9.60218716e+00 
  1.49390045e+00   6.80615016e+00  -2.76219595e+00 
  1.18445636e+00   4.81927180e+00  -5.96731927e+00 
 -1.17756225e+00   2.27968260e+00  -7.58436122e+00 
  1.16826544e+00  -6.17536380e-01  -6.84092758e+00 
  1.61869984e+00  -2.83110993e+00  -3.77349277e+00 
  5.35363131e+00  -2.52936473e+00  -2.92277418e+00 
  6.84291367e+00  -6.03944859e+00  -2.44867298e+00 
  1.10048505e+01  -7.87103726e-01  -3.48350609e+00 
  1.11406594e+01   4.40790520e+00  -4.32890909e+00 
  6.12935378e+00   5.15752380e+00   4.33437854e+00 
  4.35186994e+00   4.00377617e+00   1.15840507e+00 
  6.95730867e-01   2.87528189e+00   6.17721942e-01 
 -1.89771867e+00   3.65895152e+00  -2.10422943e+00 
 -4.45796413e+00   6.53396420e+00  -1.30966591e+00 
 -2.81690805e+00   9.30759882e+00   7.43737090e-01 
 -4.78253783e+00   1.11745416e+01  -4.00986336e+00 
 -6.70164318e+00   1.23648050e+01  -9.34910904e-01 
 -2.46298666e+00   1.11838457e+01   7.14464693e+00 
 -2.21995926e+00   9.08575060e+00   1.02840536e+01 
 -1.55057194e+00   5.46115938e+00   9.37006442e+00 
  3.01584699e-02   2.49269447e+00   1.11111498e+01 
  2.74647064e+00   1.35609486e-01   9.85291361e+00 
  1.64726143e+00  -3.30238754e+00   8.59843528e+00 
  4.82952856e+00  -4.33370426e+00   6.68362966e+00 
  8.12864802e+00  -2.88440639e+00   5.51803941e+00 
  7.49864053e+00  -3.14593825e+00   1.78282168e+00 
  1.00630078e+01  -5.89774929e+00   1.20355235e+00 
  7.65208232e+00  -1.04930163e+01   2.49896419e+00 
  5.28752990e+00  -7.51086589e+00   2.56945892e+00 
  2.26417598e+00  -9.50308178e+00   1.34833727e+00 
  2.65740200e+00  -1.20928707e+01   4.13277701e+00 
  3.31674569e+00  -9.45881224e+00   6.73981619e+00 
  3.12804284e-01  -7.54572371e+00   5.45578292e+00 
 -1.86183533e+00  -1.06521046e+01   5.85024603e+00 
 -7.47681997e-01  -1.10833127e+01   9.44786614e+00 
 -5.96458153e-01  -7.49048749e+00   1.06969675e+01 
 -3.31873306e+00  -5.64917076e+00   8.78332328e+00 
 -5.40689908e+00  -6.03520501e+00   1.19072261e+01 
 -2.89398960e+00  -4.45834779e+00   1.42849712e+01 
 -2.20839257e+00  -1.58492831e+00   1.19213012e+01 
 -5.96468457e+00  -9.38449209e-01   1.18331216e+01 
  5.50675733e-01   1.09473110e+00  -1.38523411e+01 
 -1.69504314e+00  -5.63278993e-01  -1.12742424e+01 
 -1.77519548e-01  -3.64673486e+00  -9.67175947e+00 
 -1.62707177e+00  -5.69465808e+00  -6.80318156e+00 
 -5.95906263e-01  -9.07531828e+00  -8.21317598e+00 
  1.10405426e+00  -9.76971704e+00  -4.91701873e+00 
 -2.44453207e+00  -1.06227925e+01  -3.78916991e+00 
 -3.60940872e+00  -1.24218419e+01  -6.92403230e+00 
 -5.38126565e+00  -9.62761308e+00  -8.79795768e+00 
 -4.77824253e+00  -9.42579411e+00  -1.25391959e+01 
 -2.03589215e+00  -6.96960321e+00  -1.35381863e+01 
 -7.33117028e+00  -2.59957877e+00  -8.58298648e+00 
 -9.32391980e+00  -4.53696242e+00  -5.96372272e+00 

   4.383144582133e+00 

 -3.15585217e+00  -2.45401603e+00  -2.79241852e+00 
 -2.12487711e+00  -1.03403786e+00  -2.76278261e+00 
 -2.25675570e+00  -1.62649130e-01  -1.25349351e+00 
 -1.79158146e+00  -9.64698700e-01  -1.43650611e-01 
 -8.59496928e-01  -1.42531408e+00   6.89059350e-01 
 -1.89839203e+00   4.03588682e-01   1.54874261e+00 
 -2.62561476e+00   3.74950261e-01   2.69037052e+00 
 -2.80449925e+00  -7.40208101e-01   9.38429457e-01 
 -3.89339019e+00  -1.70816265e-02   6.60285370e-01 
 -6.20472306e-01  -6.12864495e-02   1.23332423e+00 
  5.65072642e-01   2.42563268e-01   5.95502733e-01 
  1.63691920e+00  -6.30746153e-01   5.75810941e-01 
  2.64868169e+00  -4.34762134e-02  -4.75007322e-02 
  2.43934482e+00   1.23933259e+00   8.91207917e-02 
  3.39240979e+00   2.18616742e+00  -5.15364516e-02 
  4.73986675e+00   2.06098660e+00  -3.56038923e-01 
  2.93963940e+00   3.40955682e+00   7.08923265e-02 
  1.70200485e+00   3.53806732e+00   5.17735390e-01 
  7.38790980e-01   2.61878898e+00   4.83198029e-01 
  1.08637486e+00   1.38825421e+00   1.33023207e-01 
 -6.35615756e+00  -5.67478078e+00   6.19755197e+00 
 -6.86511167e+00  -3.33975696e+00   3.18971249e+00 
 -6.13760080e+00  -5.69368363e+00   2.28302487e-01 
 -7.13742847e+00  -9.30364625e+00  -5.11722984e-01 
 -3.47927492e+00  -1.03856162e+01  -7.42057574e-01 
 -2.98620065e+00  -8.99807736e+00   2.76036024e+00 
 -1.14302151e+01  -2.91892048e+00   4.05141628e+00 
 -1.03097270e+01  -1.77326183e+00   6.42544308e-01 
 -7.74551672e+00   9.69737276e-01   1.04475903e-01 
 -7.54956232e+00   4.48323329e+00   1.60800705e+00 
 -8.76601624e+00   6.38508934e+00   4.66814799e+00 
 -1.06526504e+01   1.87772957e+00   6.16889881e+00 
 -4.13830161e+00  -3.45065861e+00   1.15203180e+01 
 -1.99452515e+00  -5.72938624e+00   9.28460364e+00 
 -5.44189237e-01  -5.40916614e+00   5.80506023e+00 
  2.19063955e+00  -3.57535547e+00   3.84180697e+00 
  3.88893142e+00  -2.10881757e-01   4.21650161e+00 
  6.67810378e+00   2.03209508e+00   2.87258827e+00 
  9.63978172e+00   1.95436072e+00   5.15953908e+00 
  1.11159523e+01   5.30539038e+00   6.14672246e+00 
  8.12972803e+00  -5.34538233e+00   1.06951049e+01 
  6.88045925e+00  -1.92869897e+00   1.17634107e+01 
 -1.90350026e+00   1.48331058e+01   4.52884624e+00 
 -1.14885265e+00   7.61253278e+00   6.58784332e+00 
 -2.50979399e+00   9.53858367e+00   3.62905584e+00 
 -4.64499471e+00   8.93164650e+00   5.12003543e-01 
 -1.60536103e+00   8.94775577e+00  -1.77050528e+00 
  8.49759886e-01   6.21995505e+00  -2.79199427e+00 
  4.29965388e+00   7.66997947e+00  -1.92013073e+00 
  6.64644199e+00   7.28485889e+00  -4.93802574e+00 
  8.27772649e+00   1.16456677e+01  -8.32169822e-03 
  6.67534953e+00   1.36210943e+01   4.60159652e+00 
  6.64969815e+00   4.10151218e+00   7.78036407e+00 
  3.87712490e+00   5.39095485e+00   5.49397718e+00 
  8.53130862e-01   3.54148893e+00   3.95510539e+00 
 -2.85274560e+00   4.47411170e+00   3.57322536e+00 
 -5.29769621e+00   3.10377418e+00   6.32935987e+00 
 -3.60163944e+00   3.01907789e+00   9.75263257e+00 
 -8.06941546e+00   6.17894430e+00   9.76334800e+00 
 -8.42517115e+00   2.94039027e+00   1.17483494e+01 
 -5.82155607e-01  -1.46587544e+00   1.36750196e+01 
  1.70792800e+00  -4.33844048e+00   1.27690247e+01 
  2.71017615e+00  -4.09189592e+00   9.11446156e+00 
  5.63001059e+00  -5.31285147e+00   7.03462862e+00 
  7.84429158e+00  -3.36337239e+00   4.62343582e+00 
  7.16198487e+00  -3.77572057e+00   8.86294290e-01 
  9.10550964e+00  -7.31505970e-01  -4.59955223e-01 
  1.09021422e+01   2.36207137e+00   7.83083372e-01 
  8.58109099e+00   4.94205415e+00  -7.57556135e-01 
  1.11061790e+01   6.17140786e+00  -3.32594405e+00 
  1.08949368e+01   2.72252150e+00  -7.40855255e+00 
  8.22460359e+00   2.06476729e+00  -4.77682707e+00 
  5.60157730e+00   9.05265482e-01  -7.30190524e+00 
  7.96171404e+00  -1.71626428e+00  -8.77570111e+00 
  9.15367679e+00  -2.81826700e+00  -5.37945815e+00 
  5.54305903e+00  -2.99657634e+00  -4.25519916e+00 
  4.70788308e+00  -5.24339019e+00  -7.21975130e+00 
  7.53470544e+00  -7.60949077e+00  -6.33612698e+00 
  7.38877973e+00  -7.67914487e+00  -2.53279026e+00 
  3.71581335e+00  -7.21520069e+00  -1.66253968e+00 
  3.63658307e+00  -1.09575553e+01  -1.15585166e+00 
  6.51619041e+00  -1.11029768e+01   1.32236926e+00 
  5.19093960e+00  -8.15639465e+00   3.29084143e+00 
  1.86758554e+00  -1.00049906e+01   3.56186008e+00 
 -6.04171381e+00   1.46213506e+01  -2.54657953e+00 
 -6.20730022e+00   1.09291843e+01  -3.42937751e+00 
 -3.38044459e+00   9.75719248e+00  -5.66854074e+00 
 -2.64309508e+00   6.17976843e+00  -6.75586923e+00 
 -1.64864733e+00   7.08021421e+00  -1.03168412e+01 
  1.57965955e+00   5.21639652e+00  -9.73295221e+00 
 -5.91346920e-01   2.15592589e+00  -1.04488405e+01 
 -2.67417274e+00   3.59826228e+00  -1.32776885e+01 
 -5.77555792e+00   4.77906760e+00  -1.14213759e+01 
 -7.19133359e+00   8.15301833e+00  -1.24279874e+01 
 -6.02451296e+00   1.10434744e+01  -1.02290934e+01 
 -9.03691946e+00   5.18763024e+00  -4.90691470e+00 
 -8.90240421e+00   1.53620290e+00  -6.01778498e+00 

   4.383144582133e+00 

 -8.87126387e-01  -3.86714867e+00  -2.02731914e+00 
 -2.19158647e+00  -2.91786458e+00  -1.33639987e+00 
 -1.86155707e+00  -1.20314352e+00  -1.41040076e+00 
 -7.06659873e-01  -8.57434829e-01  -6.11576745e-01 
 -1.00598125e-01  -4.98111347e-01   5.18878818e-01 
 -6.35829818e-01   1.31659930e+00  -7.39531270e-01 
  2.88898241e-01   2.16276645e+00  -1.25126023e+00 
  7.12681473e-02   1.00533810e-01  -1.46270530e+00 
 -3.41967996e-01   3.32547280e-01  -2.71225128e+00 
 -8.31957473e-01   7.97471881e-01   5.41373540e-01 
 -1.76977014e+00   5.21840127e-01   1.51563854e+00 
 -1.42614609e+00  -3.53012608e-02   2.73359919e+00 
 -2.51714482e+00  -1.21050466e-01   3.48155345e+00 
 -3.32134409e+00   8.02263073e-01   3.02456173e+00 
 -4.36197830e+00   1.31642619e+00   3.71545262e+00 
 -4.82027197e+00   1.02444159e+00   4.99167523e+00 
 -5.06588813e+00   2.18680860e+00   3.03455845e+00 
 -4.55117808e+00   2.59198421e+00   1.88615554e+00 
 -3.63685050e+00   1.96082216e+00   1.15152230e+00 
 -3.04079259e+00   9.09318336e-01   1.69623089e+00 
  7.92381088e+00   9.18396754e-01  -2.97641819e+00 
  4.47328078e+00   9.71000458e-02  -4.45214938e+00 
  4.17455299e+00  -3.67243817e+00  -3.71625850e+00 
  6.64333617e+00  -6.56958707e+00  -4.01752430e+00 
  6.31601474e+00  -7.37994948e+00  -2.97043971e-01 
  7.33500855e+00  -3.79433957e+00   4.38054666e-01 
  5.92289984e+00   9.53783906e-01  -8.80237969e+00 
  2.66258367e+00  -9.10785803e-01  -8.51575489e+00 
 -3.80378109e-01   4.75305344e-01  -6.72470182e+00 
 -2.08855574e+00   3.88365177e+00  -7.05479587e+00 
 -1.26428228e+00   7.43138524e+00  -8.14815751e+00 
  3.49427457e+00   5.66498013e+00  -8.75138473e+00 
  8.99334376e+00   6.46547906e+00  -4.69743167e-01 
  8.70956780e+00   3.32428433e+00   1.73006650e+00 
  5.92506000e+00   8.82012423e-01   2.50146898e+00 
  2.62171990e+00   5.94359655e-01   4.42545273e+00 
 -8.03281460e-02   3.06517281e+00   5.39410822e+00 
 -3.31535286e+00   3.51597924e+00   7.38104538e+00 
 -2.63346512e+00   5.27003159e+00   1.06161732e+01 
 -4.88589501e+00   8.19878705e+00   1.14717207e+01 
  6.58546216e+00   4.81810842e+00   1.16242133e+01 
  5.06629439e+00   7.80677147e+00   9.85342321e+00 
 -9.41647006e+00   1.28486523e+01  -3.38606084e+00 
 -3.02111254e+00   9.81558387e+00  -7.69663552e-01 
 -5.91126973e+00   8.75603949e+00  -2.96980307e+00 
 -6.82562556e+00   5.93958929e+00  -5.39364951e+00 
 -9.06962410e+00   4.24729432e+00  -2.83433570e+00 
 -8.35251545e+00   1.75556883e+00  -4.34550995e-02 
 -9.80546747e+00   3.41006872e+00   3.10552027e+00 
 -1.20243247e+01   8.84907942e-01   4.96661085e+00 
 -1.26156212e+01   7.48959179e+00   6.38373624e+00 
 -1.07802042e+01   1.22678529e+01   5.15055614e+00 
 -1.78666309e+00   8.60876423e+00   7.69121624e+00 
 -3.41171198e+00   7.63452453e+00   4.37648201e+00 
 -2.19268246e+00   5.21903168e+00   1.61739669e+00 
 -2.12246205e+00   5.46296905e+00  -2.21466562e+00 
  1.25368263e+00   6.66093180e+00  -3.83281834e+00 
  2.98549761e+00   9.26218893e+00  -1.63353297e+00 
  1.86279391e+00   1.12219953e+01  -6.61796759e+00 
  5.57627424e+00   1.06651571e+01  -5.94341607e+00 
  7.91401396e+00   9.44908049e+00   2.87113210e+00 
  8.85374196e+00   6.95057837e+00   5.55279913e+00 
  6.13513025e+00   4.31944721e+00   5.88054350e+00 
  4.96051066e+00   1.98824114e+00   8.62419394e+00 
  1.43362780e+00   1.42234709e+00   9.95017315e+00 
 -3.98769236e-01  -1.72176397e+00   8.78454581e+00 
 -3.99868093e+00  -7.73212251e-01   9.78344735e+00 
 -5.98862488e+00   2.19223380e+00   1.10442039e+01 
 -8.22286489e+00   2.62462833e+00   8.00473576e+00 
 -1.14001207e+01   1.48177220e+00   9.76056091e+00 
 -1.13360311e+01  -3.86525608e+00   9.64959353e+00 
 -8.50164250e+00  -2.30994373e+00   7.64047846e+00 
 -8.51060098e+00  -5.03392576e+00   4.96081938e+00 
 -8.12700880e+00  -7.80632853e+00   7.56492727e+00 
 -5.52717224e+00  -5.88578905e+00   9.49418343e+00 
 -3.72927524e+00  -5.19584654e+00   6.23475727e+00 
 -3.68957218e+00  -8.92464718e+00   5.44183223e+00 
 -2.15637273e+00  -9.71612750e+00   8.81718508e+00 
  2.94469528e-01  -6.84350416e+00   9.29980666e+00 
  1.47825334e+00  -5.93809895e+00   5.80092690e+00 
  4.57128227e+00  -7.94802160e+00   6.61432185e+00 
  5.44376522e+00  -6.09184350e+00   9.81560926e+00 
  4.84999640e+00  -2.71458402e+00   8.21714879e+00 
  7.27193510e+00  -3.74503920e+00   5.45892191e+00 
 -1.25411260e+01   7.21408855e+00  -8.45750227e+00 
 -1.03242252e+01   4.16827472e+00  -7.96029830e+00 
 -1.16088535e+01   1.74461253e+00  -5.34226066e+00 
 -9.84570154e+00  -1.36997882e+00  -4.03285388e+00 
 -1.29859229e+01  -3.51046140e+00  -3.83896119e+00 
 -1.21165422e+01  -4.20369429e+00  -2.33366459e-01 
 -9.72338702e+00  -6.74936652e+00  -1.77758374e+00 
 -1.19828127e+01  -8.03082873e+00  -4.54773331e+00 
 -1.08686150e+01  -5.89989003e+00  -7.49331499e+00 
 -1.35993235e+01  -4.53412633e+00  -9.74701230e+00 
 -1.46774112e+01  -9.75318076e-01  -8.89615865e+00 
 -6.25164702e+00  -6.90484533e-01  -9.68130685e+00 
 -4.28682801e+00  -3.88038582e+00  -8.94031777e+00 

   4.383144582133e+00 

 -3.24270893e+00   5.77712298e+00  -1.83056063e+00 
 -1.78597474e+00   4.85864175e+00  -1.49226551e+00 
 -1.53575635e+00   3.57898576e+00  -2.65611051e+00 
 -2.59787850e+00   2.59949424e+00  -2.59354255e+00 
 -3.17587389e+00   1.49249827e+00  -2.13003932e+00 
 -1.95003896e+00   1.06106266e+00  -3.99402314e+00 
 -2.49088847e+00   6.02233832e-01  -5.14725567e+00 
 -2.92747969e+00   2.30419628e+00  -4.02583370e+00 
 -2.32723748e+00   3.01652164e+00  -4.98409326e+00 
 -2.07322350e+00   6.49311064e-01  -2.66588058e+00 
 -1.38694035e+00   3.88254013e-01  -1.49732489e+00 
 -2.02301254e+00  -5.05962408e-02  -3.50706044e-01 
 -1.10671215e+00  -2.78118625e-01   5.79720691e-01 
 -2.96532888e-03  -5.21853939e-01  -7.63447367e-02 
  1.06550654e+00  -1.16527176e+00   4.42302407e-01 
  1.26253413e+00  -1.69541963e+00   1.70885506e+00 
  2.08243070e+00  -1.24245796e+00  -3.80241829e-01 
  1.85481529e+00  -8.89019476e-01  -1.63371518e+00 
  8.72210546e-01  -1.08170480e-01  -2.07959543e+00 
 -8.67289329e-02   2.10574612e-01  -1.22140581e+00 
 -9.88199570e+00   1.28331690e+00  -7.92649596e+00 
 -6.74030155e+00   3.46234505e+00  -7.55224600e+00 
 -7.75449322e+00   5.82771429e+00  -4.68577855e+00 
 -1.09763119e+01   7.72770290e+00  -3.91828183e+00 
 -1.13372803e+01   5.97246519e+00  -5.42686656e-01 
 -1.12208092e+01   2.66091432e+00  -2.40155249e+00 
 -7.35071939e+00   5.39204282e+00  -1.17550383e+01 
 -4.91711584e+00   7.16616275e+00  -9.49262636e+00 
 -1.80545865e+00   5.52026135e+00  -8.07935559e+00 
  9.35027147e-01   3.51612940e+00  -9.84481615e+00 
  1.42274940e+00   1.45323301e+00  -1.30020087e+01 
 -3.55479586e+00   2.30481370e+00  -1.37937074e+01 
 -9.37523022e+00  -4.63782519e+00  -9.62376063e+00 
 -1.03614544e+01  -3.68962502e+00  -6.03000578e+00 
 -8.61450321e+00  -1.88710843e+00  -3.19939932e+00 
 -5.81181393e+00  -2.33429589e+00  -6.22294436e-01 
 -2.58113737e+00  -4.31015742e+00  -5.67751922e-01 
  3.88329411e-01  -5.35680686e+00   1.60096258e+00 
 -4.22397315e-02  -8.87454693e+00   2.80422390e+00 
  2.92558521e+00  -1.11959450e+01   2.37278842e+00 
 -8.96700809e+00  -1.08345855e+01   1.15626820e+00 
 -6.38159775e+00  -1.16273208e+01  -1.50134336e+00 
  1.03118910e+01  -4.19361734e+00  -1.02490547e+01 
  3.03435273e+00  -4.78428316e+00  -8.34270018e+00 
  5.65173882e+00  -2.05880985e+00  -8.53594112e+00 
  5.86972570e+00   1.76028085e+00  -8.43348244e+00 
  7.15413947e+00   1.75194006e+00  -4.85581691e+00 
  5.37124281e+00   1.65802210e+00  -1.49064022e+00 
  6.92546630e+00  -1.35024312e+00   3.25733936e-01 
  7.99441841e+00  -2.93844049e-01   3.86194448e+00 
  1.05230119e+01  -5.99535911e+00   1.20136830e+00 
  1.04717059e+01  -9.05812389e+00  -3.08093337e+00 
  5.57662224e-01  -9.59878306e+00  -1.61563836e+00 
  2.13506152e+00  -6.43863407e+00  -3.06569343e+00 
  5.12903121e-01  -3.07848181e+00  -4.07126265e+00 
  9.45366156e-01  -7.85951754e-01  -7.12190513e+00 
 -1.66601423e+00  -1.22373231e+00  -1.00272324e+01 
 -2.69739527e+00  -4.88340058e+00  -1.04088857e+01 
 -4.64121609e-01  -2.90089427e+00  -1.49945209e+01 
 -4.20928423e+00  -3.58721667e+00  -1.52348192e+01 
 -7.76515307e+00  -8.82060777e+00  -8.55593135e+00 
 -9.74759854e+00  -8.87829124e+00  -5.33358403e+00 
 -8.07484219e+00  -6.65997831e+00  -2.74474430e+00 
 -8.02202411e+00  -6.50538956e+00   1.03879680e+00 
 -5.03324956e+00  -6.31901501e+00   3.39460894e+00 
 -4.19544802e+00  -2.91017532e+00   4.90447676e+00 
 -6.14245395e-01  -3.61936990e+00   6.14098380e+00 
  2.07417927e+00  -6.27745845e+00   5.91694755e+00 
  4.64743241e+00  -4.22836978e+00   4.02043399e+00 
  7.07446268e+00  -3.95606085e+00   6.93922971e+00 
  5.30367366e+00   6.13953015e-02   9.99397765e+00 
  3.35968510e+00  -2.90831467e-01   6.74034220e+00 
  2.78413352e+00   3.46462794e+00   6.33291599e+00 
  1.24488635e+00   3.75891367e+00   9.81987054e+00 
 -7.92432163e-01   6.23656620e-01   9.38495917e+00 
 -1.90358752e+00   1.90724963e+00   6.00116900e+00 
 -3.05536536e+00   5.17386136e+00   7.59393902e+00 
 -5.12191194e+00   3.29740093e+00   1.01587841e+01 
 -6.55387377e+00   4.22415349e-01   8.11538998e+00 
 -6.99191292e+00   1.81116639e+00   4.60216432e+00 
 -1.06370174e+01   2.22051126e+00   5.50431660e+00 
 -1.12101958e+01  -1.38477305e+00   6.56651067e+00 
 -9.38864049e+00  -2.74153949e+00   3.54084715e+00 
 -1.16957829e+01  -6.20968432e-01   1.36927796e+00 
  1.19904446e+01   3.82155356e+00  -9.83578165e+00 
  8.87008580e+00   5.35848074e+00  -8.30605648e+00 
  9.01032399e+00   5.68254079e+00  -4.53062963e+00 
  6.20547660e+00   6.82430606e+00  -2.21694564e+00 
  8.44742166e+00   8.84138108e+00   1.03688037e-01 
  7.01149904e+00   6.86101275e+00   2.97648729e+00 
  4.11022960e+00   9.32056268e+00   2.62223395e+00 
  6.12549104e+00   1.24677300e+01   1.94774337e+00 
  6.08709408e+00   1.26030715e+01  -1.85212454e+00 
  9.34179247e+00   1.35401405e+01  -3.56386960e+00 
  1.14088659e+01   1.05465473e+01  -4.71145340e+00 
  3.66377768e+00   9.34554534e+00  -7.91493479e+00 
  7.07321239e-01   1.08758376e+01  -6.04340610e+00 

   4.383144582133e+00 

  2.59585728e+00  -5.18368348e+00   1.67091722e+00 
  2.38433094e+00  -3.95756799e+00   4.33167947e-01 
  6.99080170e-01  -3.70663297e+00   4.37769940e-02 
 -3.05133054e-02  -3.19402256e+00   1.18234881e+00 
 -4.99741969e-01  -2.21958233e+00   1.95993783e+00 
 -2.01956547e+00  -2.81300980e+00   3.78411976e-01 
 -3.23104687e+00  -3.33960083e+00   6.75063365e-01 
 -1.31295655e+00  -3.97024743e+00   1.19283718e+00 
 -1.46883026e+00  -4.96688204e+00   3.16262966e-01 
 -1.33868686e+00  -1.68979708e+00   8.51142320e-01 
 -5.84633724e-01  -5.92188617e-01   4.88765079e-01 
 -1.10831831e-01   3.16265695e-01   1.41727716e+00 
  5.16752864e-01   1.29004366e+00   7.73102753e-01 
 -6.53855422e-03   1.30379805e+00  -4.24420815e-01 
  5.65532214e-02   2.35404368e+00  -1.27154361e+00 
  6.47692881e-01   3.59857989e+00  -1.11118218e+00 
 -4.85901405e-01   2.11914654e+00  -2.44083304e+00 
 -1.18975510e+00   1.00542937e+00  -2.55104650e+00 
 -1.09773469e+00  -7.91462325e-02  -1.78340436e+00 
 -3.60283195e-01   1.49091077e-02  -6.85692341e-01 
 -5.61340319e+00  -7.32435679e+00   7.09866167e+00 
 -3.52961996e+00  -7.95629407e+00   3.93370171e+00 
  4.82824792e-02  -8.08991603e+00   5.35530339e+00 
  1.53634115e+00  -9.73548471e+00   8.46286004e+00 
  2.78459557e+00  -6.37234974e+00   9.78080712e+00 
 -7.91258429e-01  -5.10782914e+00   9.55815790e+00 
 -5.37168665e+00  -1.22009827e+01   3.34275729e+00 
 -2.25672047e+00  -1.14914611e+01   1.34726229e+00 
 -1.99066227e+00  -8.66208328e+00  -1.16522065e+00 
 -4.33139660e+00  -7.68995940e+00  -4.03220447e+00 
 -7.97591210e+00  -8.08566177e+00  -5.04324629e+00 
 -8.52589762e+00  -1.03660833e+01  -5.01756767e-01 
 -1.07848274e+01  -3.95365014e+00   6.79509770e+00 
 -7.62574055e+00  -2.57674275e+00   8.50129002e+00 
 -4.15110467e+00  -1.68304097e+00   7.30069011e+00 
 -2.26070478e+00   9.41149716e-01   5.24240809e+00 
 -3.19757585e+00   3.17039872e+00   2.32744733e+00 
 -1.99114630e+00   6.01113960e+00   7.10675862e-02 
 -3.52575619e+00   9.25989507e+00   1.11905766e+00 
 -5.07940031e+00   1.13707060e+01  -1.62205112e+00 
 -7.02591757e+00   7.58056031e+00   9.55337474e+00 
 -9.22081943e+00   7.05811524e+00   6.50622330e+00 
 -8.79134702e+00  -1.32197460e-01  -1.24297193e+01 
 -8.58994925e+00  -1.60301716e-01  -4.88622639e+00 
 -6.61077516e+00  -1.67698040e+00  -7.73206765e+00 
 -3.94149224e+00  -4.36016896e+00  -8.29677795e+00 
 -1.18980325e+00  -1.76803484e+00  -8.69493288e+00 
  1.01359154e+00   4.23893431e-02  -6.16919122e+00 
  4.87304734e-01   3.76850071e+00  -6.94610927e+00 
  3.90176390e+00   5.50396959e+00  -7.25113218e+00 
 -1.60546477e+00   8.56426383e+00  -9.75807380e+00 
 -6.80484853e+00   8.05692786e+00  -1.04140362e+01 
 -7.18058897e+00   7.10098143e+00  -4.30417079e-01 
 -5.94182911e+00   4.22127306e+00  -2.60989950e+00 
 -4.59305385e+00   7.40400989e-01  -1.61113756e+00 
 -5.23416955e+00  -2.79207673e+00  -2.97484930e+00 
 -7.93938416e+00  -4.93349741e+00  -1.09123118e+00 
 -1.07944908e+01  -2.73368104e+00   1.78316746e-01 
 -1.25702214e+01  -6.60524688e+00  -3.25732761e+00 
 -1.36172918e+01  -7.12101603e+00   3.74841231e-01 
 -1.26430696e+01   1.67196893e-01   5.90412438e+00 
 -1.05415716e+01   1.81357708e+00   8.58555647e+00 
 -6.97202796e+00   2.23068790e+00   7.35857061e+00 
 -4.09470472e+00   4.55068488e+00   8.18349219e+00 
 -1.91940035e+00   6.61189756e+00   5.83044887e+00 
  1.57096386e+00   5.27315596e+00   5.03866044e+00 
  2.38951827e+00   7.41133909e+00   1.93784435e+00 
  7.30422519e-01   9.83710046e+00  -4.50949741e-01 
  1.00364685e+00   7.71603721e+00  -3.58840077e+00 
  3.58718909e+00   9.94477490e+00  -5.27423418e+00 
  8.33208060e+00   8.54602920e+00  -3.24035914e+00 
  5.50262517e+00   6.27316874e+00  -2.09249755e+00 
  7.66938384e+00   3.12705596e+00  -2.00382791e+00 
  1.02497737e+01   4.78715853e+00   2.76607500e-01 
  7.59872335e+00   6.33619944e+00   2.45423366e+00 
  5.86611668e+00   2.97348224e+00   2.60430126e+00 
  9.10392283e+00   1.33249742e+00   3.76965135e+00 
  9.49113047e+00   3.87173914e+00   6.55756639e+00 
  5.90489107e+00   4.34056785e+00   7.74525437e+00 
  4.22196045e+00   9.73421925e-01   7.20365018e+00 
  4.75894107e+00   4.08780677e-01   1.08997374e+01 
  3.04663538e+00   3.59849141e+00   1.20610381e+01 
  1.19394879e-01   3.07749224e+00   9.72152068e+00 
 -2.93904833e-01  -3.99200006e-01   1.12305717e+01 
 -2.91081928e+00  -5.35455186e+00  -1.47487082e+01 
 -1.09849806e+00  -6.22283781e+00  -1.15237408e+01 
  1.89651120e+00  -4.01205114e+00  -1.08020266e+01 
  4.05078057e+00  -4.01618218e+00  -7.65829681e+00 
  7.35091010e+00  -3.49173927e+00  -9.47883373e+00 
  7.96236559e+00  -5.33624467e-01  -7.21777490e+00 
  9.04157191e+00  -3.23308240e+00  -4.73977446e+00 
  1.08867470e+01  -5.50585682e+00  -7.15859734e+00 
  8.19420065e+00  -8.04546712e+00  -8.03001098e+00 
  7.92859376e+00  -9.07587731e+00  -1.16726665e+01 
  5.30022805e+00  -7.13871160e+00  -1.36450822e+01 
  1.30209254e+00  -1.00972759e+01  -6.79286366e+00 
  3.37787803e+00  -1.07041212e+01  -3.64518163e+00 

   4.383144582133e+00 

