  3.01375020e-01  -1.65760665e+00  -5.08495311e-01 
 -2.53651387e-01  -4.83112298e-01  -1.25900120e+00 
 -1.45868581e+00  -1.75348932e-01  -8.29149927e-01 
  4.61959604e-01   1.59820505e-01  -2.15410210e+00 
 -3.99590117e-02   8.80779638e-01  -3.57612128e+00 
  1.56489841e+00  -4.47640510e-01  -2.21849095e+00 
  2.04950321e+00  -1.61653606e+00  -1.37123384e+00 
  1.50886542e+00  -2.16370176e+00  -1.68190080e-01 
  1.64514317e+00  -2.72474418e+00   1.05564007e+00 
  2.27187884e+00  -3.50958674e+00   1.89967459e+00 
  2.19284789e+00  -2.79071343e+00   3.24800258e+00 
  3.33362476e+00  -3.08440503e+00   4.04375883e+00 
  1.16704520e+00  -3.50447385e+00   4.02783131e+00 
  2.23473555e+00  -1.41228149e+00   2.85204207e+00 
  3.37579210e+00  -8.25300228e-01   2.92490538e+00 
  1.59074172e+00  -5.18078495e-01   1.98419052e+00 
  1.89483963e+00   5.39978878e-01   1.11565586e+00 
  8.14250408e-01   1.35577593e+00   7.75027699e-01 
  2.99758735e+00   5.42434886e-01   3.64392421e-01 
  2.80436964e+00   1.56212238e+00  -6.58675386e-01 
  1.78069970e+00   2.47820272e+00  -9.10603465e-01 
  1.84285044e+00   3.16858451e+00  -2.20757326e+00 
  2.07375966e+00   3.35730171e+00  -3.36136801e+00 
  5.42908864e-01   2.16813738e+00  -3.16242524e-01 
 -6.70911989e-01   2.70376477e+00  -9.08281176e-01 
 -1.80602603e+00   2.19915966e+00  -1.57543800e+00 
 -1.59425597e+00   3.34023625e+00  -2.08900294e-01 
 -3.55644525e-01   3.39962353e+00  -2.03149032e+00 
  1.00722898e+01   5.51100222e+00  -1.55578737e+00 
  1.35714083e+01   6.46414683e+00  -4.44699367e-01 
  8.88873533e+00   1.16699160e+00   1.21038735e+01 
  7.11418159e+00   4.71009999e+00   8.03177117e+00 
  6.12889151e+00   1.06903831e+00   7.56565840e+00 
  9.50101053e+00  -5.57993523e-02   6.18824664e+00 
  9.26454842e+00   2.83777774e+00   3.71103340e+00 
  5.71771911e+00   1.83953878e+00   2.86491495e+00 
  6.98792519e+00  -1.74212496e+00   2.30797342e+00 
  9.82388676e+00  -6.26776972e-01   9.54524958e-02 
  7.64314349e+00   1.80177654e+00  -1.87732659e+00 
  5.14361028e+00  -8.80582370e-01  -2.46302254e+00 
  7.75334773e+00  -3.23095554e+00  -3.86116359e+00 
  9.12193350e+00  -5.23805349e-01  -6.14587436e+00 
  5.68252916e+00   2.53293989e-01  -7.60932756e+00 
  5.04179198e+00  -3.47596118e+00  -8.19132759e+00 
  8.01496725e+00  -3.53310709e+00  -1.05861727e+01 
  2.68630971e+00  -2.43225690e+00  -1.22552657e+01 
  3.99997506e+00  -5.63844850e+00  -1.38251379e+01 
 -5.08845061e+00  -6.39848536e+00  -7.78401066e+00 
 -1.81088480e+00  -4.95199599e+00  -6.72116163e+00 
 -3.20049294e+00  -3.08363465e+00  -3.61085281e+00 
 -6.34022679e+00  -1.69450206e+00  -5.22244369e+00 
 -4.39006293e+00  -3.89525106e-01  -8.25148019e+00 
 -1.98361801e+00   1.50076404e+00  -6.04364451e+00 
 -4.82811893e+00   2.84790118e+00  -3.84220076e+00 
 -6.60163014e+00   4.20938246e+00  -6.91778713e+00 
 -3.50108985e+00   5.86400511e+00  -8.45177437e+00 
 -2.40324488e+00   7.16395047e+00  -5.02558894e+00 
 -1.97319667e+00   1.16177799e+01  -7.22519923e+00 
 -2.04648838e+00   1.14255911e+01   8.85674356e-01 
  6.33828743e-01   1.15825701e+01  -1.83280425e+00 
  2.09047234e+00   8.18200181e+00  -1.54541952e+00 
  5.16135226e+00   9.25174739e+00  -3.27079982e+00 
  6.30551376e+00   9.94734593e+00   1.32170986e+00 
  1.40022983e+00   4.49438344e+00   1.08303734e+01 
 -1.42876416e+00   2.80418165e+00   1.27354022e+01 
 -3.38402904e+00   2.74569822e+00   9.49845450e+00 
 -5.52879270e+00   5.80777064e+00   1.02448400e+01 
 -8.96290671e+00   4.48535772e+00   9.26510937e+00 
 -7.66764382e+00   3.22182700e+00   5.91897306e+00 
 -5.85415378e+00   6.48677797e+00   5.19201218e+00 
 -1.21890212e+01  -2.80563117e+00  -2.84987142e+00 
 -1.02831111e+01  -4.28094776e-02   1.25516491e+00 
 -7.85992039e+00  -2.54858923e+00  -2.29818702e-01 
 -9.37069141e+00  -5.22072006e+00   2.01632746e+00 
 -8.64364210e+00  -3.21883650e+00   5.17744152e+00 
 -5.10237322e+00  -2.76421387e+00   4.06756771e+00 
 -4.75906826e+00  -6.48006478e+00   3.24006232e+00 
 -6.00863867e+00  -7.46740117e+00   6.71850362e+00 
 -3.73744542e+00  -4.90587407e+00   8.40271055e+00 
 -6.02802401e-01  -5.97292701e+00   6.52855573e+00 
 -1.33378786e+00  -9.60690950e+00   7.09419131e+00 
  1.56564790e+00  -6.96722190e+00   1.07021726e+01 
  3.52395665e+00  -9.64707022e+00   8.83373221e+00 
  6.58722005e+00  -8.29435046e+00   1.20772246e+01 
  7.43731481e+00  -4.45135865e+00   1.58527394e+01 
  9.14852297e+00  -4.03373574e+00   1.04728027e+01 
  9.24413170e+00  -6.96867505e+00   4.95962341e+00 
  8.47453997e+00  -1.05488182e+01  -2.80666275e+00 
  6.06495860e+00  -8.82357384e+00  -4.84951810e-01 
  6.31453152e+00  -1.12788829e+01   2.37525601e+00 
  5.81854698e+00  -1.41419403e+01  -6.30408561e-02 
  2.79863379e+00  -1.25758019e+01  -1.68641944e+00 
  1.22833747e+00  -1.16267314e+01   1.64871109e+00 
  1.66382904e+00  -1.51916416e+01   3.00858686e+00 
 -3.48595583e+00  -1.23803833e+01   5.99351967e-01 
 -4.64530655e+00  -1.53171880e+01   2.76879866e+00 

   2.439788333146e+01 

 -1.61284509e+00  -1.72902124e+00  -7.81307408e-01 
 -2.34738503e+00  -1.13789014e+00  -1.94825440e+00 
 -3.28977071e+00  -3.13311197e-01  -1.54380775e+00 
 -1.98400489e+00  -1.38791209e+00  -3.18603932e+00 
 -2.94122247e+00  -1.55342304e+00  -4.54625373e+00 
 -1.01559594e+00  -2.19149151e+00  -3.10810977e+00 
 -3.10158121e-01  -2.70102896e+00  -1.85841672e+00 
 -3.92209955e-01  -2.24414114e+00  -5.08040942e-01 
  1.60403305e-01  -1.97438036e+00   6.97342013e-01 
  1.01561501e+00  -2.23655915e+00   1.65705288e+00 
  1.47874295e+00  -8.69316461e-01   2.16417530e+00 
  2.81719312e+00  -9.34311067e-01   2.63870808e+00 
  7.81423418e-01  -6.54699839e-01   3.44384051e+00 
  1.43946125e+00  -7.99900326e-02   9.66663320e-01 
  2.55382847e+00   8.64137145e-02   3.48309658e-01 
  5.64869549e-01   2.55091997e-01  -7.75123571e-02 
  5.77289508e-01   4.48227333e-01  -1.46634575e+00 
 -5.10330396e-01   1.16074386e+00  -1.97490102e+00 
  1.32102374e+00  -3.06068482e-01  -2.27773486e+00 
  8.13048885e-01  -9.50642279e-02  -3.62725425e+00 
 -1.83860082e-01   7.29919153e-01  -4.15274996e+00 
 -5.73176861e-01   4.58427057e-01  -5.54463512e+00 
 -7.77933388e-01  -1.52284235e-01  -6.54727301e+00 
 -1.12641582e+00   1.19688592e+00  -3.21730211e+00 
 -2.44488799e+00   1.58584248e+00  -3.68752726e+00 
 -3.77023022e+00   1.12527922e+00  -3.54767872e+00 
 -3.00961860e+00   2.73984262e+00  -3.37743615e+00 
 -2.53473930e+00   1.35141214e+00  -5.02251068e+00 
  7.41619266e+00   3.11023952e-01  -8.67252047e+00 
  1.11206547e+01   7.13546999e-01  -9.38087579e+00 
  1.11722096e+01   5.52063123e+00   4.19643028e+00 
  8.19226929e+00   6.25343420e+00  -5.85580744e-01 
  6.92379194e+00   3.51089548e+00   1.71981186e+00 
  9.48297125e+00   9.00971377e-01   6.36942015e-01 
  8.48873485e+00   1.66670860e+00  -2.96728169e+00 
  4.83613792e+00   1.40162986e+00  -2.02884412e+00 
  5.62823014e+00  -1.98042327e+00  -3.89872009e-01 
  7.49219643e+00  -3.25306597e+00  -3.40449269e+00 
  4.85921830e+00  -1.99325541e+00  -5.85921757e+00 
  2.19022308e+00  -3.66276582e+00  -3.89072711e+00 
  3.97359921e+00  -6.99425777e+00  -3.99325921e+00 
  4.52972187e+00  -6.70231576e+00  -7.73853490e+00 
  8.36263884e-01  -6.02976537e+00  -8.43216660e+00 
 -1.60163277e-01  -9.00403430e+00  -6.23729315e+00 
  1.70477952e+00  -1.13060065e+01  -8.64586791e+00 
 -3.80057199e+00  -9.98477936e+00  -9.22707101e+00 
 -3.32542417e+00  -1.37006361e+01  -8.56637183e+00 
 -9.54781889e+00  -8.13045037e+00  -1.50045440e+00 
 -6.04204389e+00  -7.32359448e+00  -2.51186063e+00 
 -6.08263204e+00  -3.67434654e+00  -1.17876355e+00 
 -9.52264710e+00  -2.71333679e+00  -2.45453768e+00 
 -8.77361589e+00  -4.08289376e+00  -5.95374214e+00 
 -5.62836731e+00  -2.01580842e+00  -6.22444153e+00 
 -7.38135116e+00   1.10552195e+00  -4.83280125e+00 
 -1.00994034e+01   7.90856200e-01  -7.47313880e+00 
 -7.71130836e+00   2.54818193e-01  -1.04250718e+01 
 -5.35664880e+00   2.96994746e+00  -9.11452997e+00 
 -5.55190374e+00   4.88911113e+00  -1.37121935e+01 
 -2.61873061e+00   9.60292137e+00  -7.79568557e+00 
 -1.13476393e+00   7.35083316e+00  -1.05021242e+01 
  1.52652500e-01   4.55658980e+00  -8.42775017e+00 
  2.41298447e+00   3.47458146e+00  -1.11243691e+01 
  5.21333518e+00   6.41771500e+00  -8.59848128e+00 
  3.92229511e+00   9.35650707e+00   2.97338150e+00 
  1.92193253e+00   1.00112398e+01   6.14497393e+00 
 -1.09547392e+00   8.58263539e+00   4.36771206e+00 
 -2.65409899e+00   1.19310099e+01   3.42300793e+00 
 -6.26797548e+00   1.13108232e+01   4.45113836e+00 
 -6.37218967e+00   8.00237105e+00   2.57653758e+00 
 -4.79745113e+00   9.51891961e+00  -5.37527625e-01 
 -1.41205195e+01  -5.00473082e-01   1.42294953e+00 
 -1.06915498e+01   3.49460598e+00   2.05422617e+00 
 -9.12114045e+00   4.64863707e-02   2.03850213e+00 
 -9.82166428e+00  -2.02391210e-01   5.76881190e+00 
 -7.87413872e+00   2.98638099e+00   6.52224170e+00 
 -4.97991175e+00   1.67726131e+00   4.55025216e+00 
 -5.15438687e+00  -1.70823398e+00   6.31608103e+00 
 -5.07113590e+00  -2.73049153e-02   9.75168285e+00 
 -2.21213191e+00   2.27030430e+00   8.70126345e+00 
 -5.46455425e-02  -5.26100781e-01   7.28619594e+00 
 -7.03993717e-01  -2.71893360e+00   1.02577179e+01 
  3.45552608e+00   6.09487375e-01   1.03682426e+01 
  4.44385907e+00  -3.06847798e+00   1.03099489e+01 
  8.55569450e+00  -9.71613998e-01   1.09654241e+01 
  1.09373441e+01   3.93461522e+00   1.09162419e+01 
  1.05478394e+01   5.61853512e-01   6.38643773e+00 
  8.44340066e+00  -4.96174905e+00   4.36670792e+00 
  4.66816289e+00  -1.20730875e+01   1.38319624e+00 
  3.38197155e+00  -8.71699854e+00   2.50358498e+00 
  4.55242438e+00  -8.92817342e+00   6.08925968e+00 
  3.04443217e+00  -1.23983401e+01   6.35813302e+00 
 -2.80017413e-01  -1.13446422e+01   4.92782573e+00 
 -4.50610911e-01  -8.20254645e+00   7.06973918e+00 
  2.79879411e-01  -1.01954933e+01   1.02700589e+01 
 -5.24891555e+00  -8.07870329e+00   7.99420798e+00 
 -5.66529133e+00  -8.67064832e+00   1.17560756e+01 

   2.439788333125e+01 

 -6.06397746e-01  -2.87194077e-01   1.71099893e+00 
  1.03890962e-01  -1.41712672e+00   2.39619381e+00 
 -5.01489226e-01  -2.56284695e+00   2.16719970e+00 
  1.22814345e+00  -1.22585955e+00   3.04898852e+00 
  1.77623060e+00  -1.98072206e+00   4.43593683e+00 
  1.46365296e+00   1.08380088e-02   2.98011726e+00 
  6.92863840e-01   1.07716016e+00   2.21340689e+00 
 -3.18842502e-01   9.38207205e-01   1.21534067e+00 
 -9.28032525e-01   1.32384836e+00   7.02342393e-02 
 -1.32021697e+00   2.25227771e+00  -7.69634767e-01 
 -1.12242568e+00   1.64342932e+00  -2.15930937e+00 
 -8.15735395e-01   2.65214303e+00  -3.11287752e+00 
 -2.46618704e+00   1.26815031e+00  -2.63188624e+00 
  3.21835099e-02   8.15611812e-01  -1.95878491e+00 
  1.16361178e+00   1.30545898e+00  -2.32180760e+00 
  5.01602531e-01  -1.94703013e-01  -1.10649196e+00 
  1.67985235e+00  -5.86068090e-01  -4.54667999e-01 
  1.70468403e+00  -1.91342887e+00  -2.25545921e-02 
  2.52728172e+00   3.02977098e-01   6.67887892e-02 
  3.40375555e+00  -4.33641558e-01   9.68426416e-01 
  3.51996323e+00  -1.78764448e+00   1.29051769e+00 
  4.36539151e+00  -2.10008891e+00   2.45251967e+00 
  4.90432645e+00  -1.97065954e+00   3.50749555e+00 
  2.39130157e+00  -2.57217243e+00   9.86921130e-01 
  2.17754970e+00  -3.80517222e+00   1.72501970e+00 
  1.24280590e+00  -4.30513208e+00   2.65480581e+00 
  1.93502647e+00  -4.96420242e+00   1.13797212e+00 
  3.14502551e+00  -3.93899112e+00   2.66910370e+00 
  1.10686568e+01   2.63908360e+00  -4.58596200e-02 
  1.37029759e+01   4.62799121e+00  -1.91439917e+00 
  4.05020676e+00   3.64579384e+00  -1.25592708e+01 
  6.52897511e+00   2.76963684e-01  -8.71331651e+00 
  3.27228612e+00   1.89288598e+00  -7.60509249e+00 
  4.80556338e+00   5.27955739e+00  -6.76056462e+00 
  7.39137761e+00   3.40000406e+00  -4.67582674e+00 
  4.63524570e+00   1.38656135e+00  -3.05034784e+00 
  2.83480160e+00   4.69290220e+00  -2.28979905e+00 
  5.91393615e+00   6.28505811e+00  -8.18100207e-01 
  6.83795818e+00   3.18667860e+00   1.20466979e+00 
  3.39793860e+00   3.03801114e+00   2.59388477e+00 
  3.53937609e+00   6.63081935e+00   3.76072083e+00 
  6.93207824e+00   6.08452351e+00   5.37711358e+00 
  5.71962642e+00   3.05265638e+00   7.35519932e+00 
  2.63434047e+00   4.99584568e+00   8.52209184e+00 
  4.95221840e+00   7.45757402e+00   1.02956915e+01 
  2.86422033e+00   2.78802618e+00   1.27912717e+01 
  1.59720571e+00   5.95161398e+00   1.44813209e+01 
 -5.91291077e+00  -8.90735858e-01   1.04251216e+01 
 -3.03184221e+00   6.15207153e-01   8.58229844e+00 
 -3.16159546e+00  -1.84631822e+00   5.57898982e+00 
 -3.69409366e+00  -5.03284368e+00   7.56578221e+00 
 -8.38426505e-01  -4.18648073e+00   9.97617651e+00 
  1.58868604e+00  -3.70462017e+00   7.12737962e+00 
  3.67550626e-01  -6.88411655e+00   5.35200661e+00 
  9.79094042e-01  -8.91514437e+00   8.50781803e+00 
  4.47965113e+00  -7.51093147e+00   9.19957605e+00 
  5.38531944e+00  -7.72783789e+00   5.48924117e+00 
  9.50024516e+00  -1.01182599e+01   6.97688787e+00 
  7.52507210e+00  -1.05728872e+01  -8.79356995e-01 
  9.89531227e+00  -8.45153044e+00   1.23740361e+00 
  8.16093976e+00  -5.17344740e+00   1.11745411e+00 
  1.12433394e+01  -3.40393175e+00   2.07621510e+00 
  1.14642522e+01  -3.27239451e+00  -2.70060432e+00 
  2.22532578e+00  -4.12887913e+00  -1.03242494e+01 
 -1.21625019e+00  -5.32672081e+00  -1.14241830e+01 
 -1.75434777e+00  -6.57421094e+00  -7.89451855e+00 
 -9.27727590e-01  -1.02270146e+01  -8.60663858e+00 
 -3.82989632e+00  -1.19375655e+01  -6.83090793e+00 
 -3.24939790e+00  -9.92137264e+00  -3.65776559e+00 
  4.96501705e-01  -1.05863731e+01  -3.71374451e+00 
 -8.66381830e+00  -8.93917619e+00   6.51007987e+00 
 -6.30359137e+00  -9.52212113e+00   1.79770209e+00 
 -6.37555840e+00  -5.96639520e+00   3.10445205e+00 
 -9.82102298e+00  -5.54870754e+00   1.54811165e+00 
 -8.55533029e+00  -6.48258083e+00  -1.92387383e+00 
 -5.78302424e+00  -3.99834417e+00  -1.57462570e+00 
 -8.19712244e+00  -1.29636175e+00  -3.57418930e-01 
 -1.04794624e+01  -1.84055198e+00  -3.37910625e+00 
 -7.51332868e+00  -1.85939252e+00  -5.77868712e+00 
 -5.97357564e+00   1.34075975e+00  -4.41295260e+00 
 -9.29506671e+00   3.07995856e+00  -4.35821305e+00 
 -6.30562854e+00   3.36693367e+00  -8.75970274e+00 
 -6.71153468e+00   6.70406640e+00  -6.96905630e+00 
 -4.51335636e+00   7.96618749e+00  -1.08816947e+01 
 -1.91568007e+00   5.90429503e+00  -1.52114102e+01 
  6.39327476e-01   7.28937288e+00  -1.03534418e+01 
 -3.06414444e-01   9.60223525e+00  -4.62854908e+00 
 -1.77766723e+00   1.18136785e+01   3.53661053e+00 
 -2.47124798e+00   8.71578754e+00   1.51302211e+00 
 -4.80206237e+00   1.02992245e+01  -1.00325475e+00 
 -6.73502990e+00   1.19161449e+01   1.83181061e+00 
 -7.05726105e+00   8.70821363e+00   3.78459521e+00 
 -8.04262932e+00   6.68462411e+00   7.14775034e-01 
 -1.07671125e+01   9.21927835e+00  -2.34023815e-01 
 -1.12893990e+01   3.63548308e+00   2.72846137e+00 
 -1.47012084e+01   4.49650505e+00   1.21399343e+00 

   2.439788333122e+01 

 -1.35805464e+00   1.88127738e+00   1.47054396e-01 
 -2.17941838e+00   8.50285939e-01   8.63412267e-01 
 -1.99283132e+00   9.19044093e-01   2.16420261e+00 
 -2.89954690e+00  -3.10762470e-02   2.06690082e-01 
 -4.37766446e+00  -6.93431218e-01   6.19359537e-01 
 -2.75488378e+00   2.43491103e-01  -1.01532219e+00 
 -1.85270963e+00   1.29586895e+00  -1.64586784e+00 
 -7.93915013e-01   2.06102618e+00  -1.06925567e+00 
  4.20318252e-01   2.65526497e+00  -1.12940476e+00 
  1.35586944e+00   3.30025759e+00  -1.78507115e+00 
  2.67603236e+00   2.73632050e+00  -1.25577127e+00 
  3.67746256e+00   2.76572443e+00  -2.26429852e+00 
  3.21971563e+00   3.76187769e+00  -3.48854226e-01 
  2.32565063e+00   1.37319132e+00  -9.76976296e-01 
  2.63760684e+00   5.02926002e-01  -1.86982912e+00 
  1.36562730e+00   6.26286069e-01  -2.78419653e-01 
  5.97994709e-01  -5.37983209e-01  -4.25157737e-01 
  6.54576001e-02  -1.04944757e+00   7.59761398e-01 
  8.26585710e-02  -9.00669805e-01  -1.60131307e+00 
 -9.36614577e-01  -1.90350052e+00  -1.31992668e+00 
 -1.36876262e+00  -2.51990903e+00  -1.43551727e-01 
 -2.61222784e+00  -3.29820134e+00  -2.46869134e-01 
 -3.69229050e+00  -3.63098009e+00  -6.24890749e-01 
 -1.04062599e+00  -1.83733751e+00   1.04302131e+00 
 -1.85199945e+00  -2.06296548e+00   2.22688510e+00 
 -2.74318617e+00  -1.31887500e+00   3.02708688e+00 
 -1.33811351e+00  -2.36593061e+00   3.40626049e+00 
 -2.87451934e+00  -2.90266011e+00   1.91935134e+00 
 -2.78554498e-01  -7.75246170e+00  -7.20021054e+00 
  1.52972432e+00  -9.54135958e+00  -1.00138920e+01 
  1.27736340e+01  -2.21596070e+00  -4.78254622e+00 
  8.50467089e+00  -5.43734628e+00  -2.86335407e+00 
  7.77413998e+00  -1.71259729e+00  -3.05818697e+00 
  7.07546825e+00  -1.66572479e+00  -6.80563553e+00 
  4.66268473e+00  -4.56439155e+00  -6.22126042e+00 
  3.10346945e+00  -2.69884887e+00  -3.32626540e+00 
  2.73627628e+00   3.42860458e-01  -5.64253358e+00 
  1.15964658e+00  -1.67441641e+00  -8.40419233e+00 
 -1.15764775e+00  -3.55494536e+00  -6.02950739e+00 
 -2.28788994e+00  -3.42644779e-01  -4.54983449e+00 
 -3.18521333e+00   1.08661600e+00  -7.93240829e+00 
 -5.09238554e+00  -2.05917887e+00  -8.87488463e+00 
 -7.19734590e+00  -1.97217908e+00  -5.69107346e+00 
 -7.97435512e+00   1.73363531e+00  -6.25658954e+00 
 -9.72690752e+00   7.88569223e-01  -9.51446166e+00 
 -1.24042837e+01   1.06807602e+00  -4.49989633e+00 
 -1.37470945e+01   3.66025937e+00  -6.93861026e+00 
 -9.66293824e+00   7.34695408e+00   2.51656287e+00 
 -7.93579983e+00   5.14229118e+00   4.25231895e-02 
 -5.12746268e+00   3.97145591e+00   2.45875847e+00 
 -7.30468006e+00   3.37818495e+00   5.50713446e+00 
 -9.85428278e+00   1.35966553e+00   3.48074092e+00 
 -7.17038189e+00  -9.43437224e-01   2.16502724e+00 
 -5.55430284e+00  -1.28501253e+00   5.63258148e+00 
 -8.89297515e+00  -2.33910743e+00   7.11594149e+00 
 -9.74063142e+00  -4.89387071e+00   4.38484165e+00 
 -6.13743221e+00  -6.17844746e+00   4.35862811e+00 
 -8.11204148e+00  -1.07343151e+01   4.81119015e+00 
 -1.85571709e-01  -9.90782353e+00   6.33321666e+00 
 -2.30919020e+00  -1.10025679e+01   3.35149773e+00 
 -1.80819655e+00  -8.12085516e+00   1.06829847e+00 
 -2.86162039e+00  -1.01215398e+01  -1.83672390e+00 
  1.88057589e+00  -1.07500864e+01  -1.86147077e+00 
  1.00988668e+01  -3.44741618e+00   2.96988449e+00 
  1.13635378e+01  -9.04628264e-01   5.50443777e+00 
  7.80046315e+00  -5.60140902e-01   6.72515070e+00 
  8.16736207e+00  -2.84921129e+00   9.75152358e+00 
  6.49295851e+00  -7.14129873e-01   1.24235241e+01 
  3.44751791e+00  -1.15229606e-01   1.02241026e+01 
  3.16702737e+00  -3.79832667e+00   9.31128042e+00 
 -6.17368878e+00   6.23072339e+00   1.11334999e+01 
 -1.71301234e+00   3.37420381e+00   1.08892413e+01 
 -2.73599185e+00   4.99697139e+00   7.62181129e+00 
 -8.94291233e-01   8.14527128e+00   8.70080651e+00 
  2.38992446e+00   6.26932276e+00   9.17359034e+00 
  2.02051071e+00   4.77633755e+00   5.76571485e+00 
  1.20008401e+00   8.18035046e+00   4.23281962e+00 
  4.33672528e+00   9.73656225e+00   5.77408509e+00 
  6.49482283e+00   6.78702417e+00   4.67903587e+00 
  5.26328498e+00   6.80559328e+00   1.07903396e+00 
  5.59443209e+00   1.05328908e+01   8.38813850e-01 
  9.76429250e+00   7.48354609e+00  -4.67312864e-01 
  8.26904552e+00   9.37135939e+00  -3.41824938e+00 
  1.20874444e+01   7.48267202e+00  -5.31202027e+00 
  1.60370012e+01   3.85533232e+00  -4.31745181e+00 
  1.11179943e+01   2.57262650e+00  -6.80831526e+00 
  5.67457032e+00   4.93669052e+00  -8.75728781e+00 
 -2.16258477e+00   7.98386815e+00  -1.04947015e+01 
 -3.33733525e-01   7.16970786e+00  -7.30638851e+00 
  2.46609928e+00   9.67406388e+00  -7.70733058e+00 
 -8.20446110e-02   1.23674839e+01  -8.50785660e+00 
 -2.24310855e+00   1.15707539e+01  -5.52405912e+00 
  7.29907962e-01   1.13479238e+01  -3.15737768e+00 
  2.07380239e+00   1.47497372e+01  -4.32746872e+00 
 -1.25670100e+00   1.32839058e+01   8.67428620e-01 
  5.74554872e-01   1.65835526e+01   1.52640457e+00 

   2.439788333059e+01 

 -3.80729022e-01   1.01520502e+00  -4.08024922e-01 
  6.02372373e-01   2.01034443e+00   1.34155027e-01 
  1.66570463e-01   2.54023269e+00   1.25705011e+00 
  1.76591765e+00   2.21000373e+00  -4.42877475e-01 
  2.63616183e+00   3.63013366e+00  -5.83406273e-01 
  1.78084904e+00   1.46638337e+00  -1.46093179e+00 
  7.36851625e-01   4.49388746e-01  -1.90228806e+00 
 -3.78341782e-01  -8.81589248e-02  -1.19068435e+00 
 -1.21030548e+00  -1.10460238e+00  -8.65446944e-01 
 -1.87379474e+00  -2.19362545e+00  -1.17363593e+00 
 -1.79265492e+00  -3.07724316e+00   7.28188085e-02 
 -1.80574164e+00  -4.45352338e+00  -2.82900076e-01 
 -3.11223451e+00  -2.98514943e+00   7.20959374e-01 
 -5.00399700e-01  -2.73602108e+00   5.94602723e-01 
  4.65873374e-01  -3.53449341e+00   3.10659748e-01 
  2.53754431e-01  -1.61137420e+00   9.60546076e-01 
  1.56589721e+00  -1.12490822e+00   8.71404577e-01 
  1.87503245e+00  -8.96865080e-02   1.75569897e+00 
  2.32453208e+00  -1.33268816e+00  -2.06443030e-01 
  3.43770071e+00  -3.96013264e-01  -1.21237268e-01 
  3.82348226e+00   5.41746055e-01   8.39153589e-01 
  4.87614236e+00   1.48335223e+00   4.29393291e-01 
  5.54091299e+00   2.17560789e+00  -2.77033866e-01 
  2.80680709e+00   9.37684021e-01   1.72861250e+00 
  2.91458247e+00   2.23017629e+00   2.38330035e+00 
  2.22811232e+00   3.46161202e+00   2.36022198e+00 
  2.77991717e+00   2.39097108e+00   3.68821550e+00 
  4.02344488e+00   2.87264961e+00   1.93289658e+00 
  1.02447938e+01  -4.47959354e+00  -2.61302045e+00 
  1.21984585e+01  -7.62394814e+00  -3.43949457e+00 
  1.33038458e+00  -1.38607576e+01   3.66269752e+00 
  4.88842045e+00  -9.47549961e+00   4.29084203e+00 
  1.61752415e+00  -8.67919631e+00   2.52660636e+00 
  2.68167215e+00  -1.00507789e+01  -8.67515016e-01 
  5.82955768e+00  -7.91576298e+00  -5.54766824e-01 
  3.72415632e+00  -4.93412620e+00   4.29877296e-01 
  1.54029855e+00  -5.61082779e+00  -2.65634431e+00 
  4.50253981e+00  -5.87529664e+00  -4.96656293e+00 
  6.22278208e+00  -2.80498394e+00  -3.49710139e+00 
  3.10726325e+00  -8.29106191e-01  -3.91567562e+00 
  2.83034378e+00  -1.73707217e+00  -7.57473219e+00 
  6.47303708e+00  -8.50839813e-01  -8.18051296e+00 
  6.09366382e+00   2.61176289e+00  -6.61797040e+00 
  2.94474190e+00   3.25144063e+00  -8.69924770e+00 
  5.06779334e+00   2.95599024e+00  -1.18589442e+01 
  4.18443720e+00   7.87946771e+00  -9.14391478e+00 
  2.68574709e+00   7.93189954e+00  -1.26397780e+01 
 -4.12225647e+00   9.70978952e+00  -4.26346927e+00 
 -1.84454509e+00   6.78136740e+00  -4.71156775e+00 
 -2.02311545e+00   5.58123565e+00  -1.02055134e+00 
 -1.71308223e+00   8.98299165e+00   6.27713875e-01 
  1.29769085e+00   9.92932506e+00  -1.54504112e+00 
  3.14852439e+00   6.79051312e+00  -5.64743458e-01 
  2.21231621e+00   7.21528561e+00   3.13598628e+00 
  3.62485687e+00   1.07455245e+01   3.11734391e+00 
  6.90974059e+00   9.83878542e+00   1.35904754e+00 
  7.26187892e+00   6.67395430e+00   3.47888508e+00 
  1.18929420e+01   8.24404279e+00   4.45248716e+00 
  8.84453800e+00   2.38508436e+00   9.16506782e+00 
  1.11271329e+01   2.53798021e+00   6.10479792e+00 
  8.87796587e+00   1.13060294e+00   3.51080476e+00 
  1.17358579e+01   3.48542538e-01   1.32621543e+00 
  1.12005341e+01  -3.73196622e+00   3.76485952e+00 
  1.17597693e+00  -7.61538271e+00   9.11636601e+00 
 -2.14776647e+00  -7.16627058e+00   1.09164082e+01 
 -1.92769124e+00  -3.47882084e+00   1.01048706e+01 
 -6.28194015e-01  -2.37263458e+00   1.35138366e+01 
 -2.90294474e+00   6.09793092e-01   1.41714241e+01 
 -2.18576850e+00   2.08188749e+00   1.07378486e+01 
  1.56548971e+00   1.56431884e+00   1.11083990e+01 
 -6.07225681e+00   1.11918721e+01   4.77386252e+00 
 -4.39527306e+00   7.06775213e+00   7.65420293e+00 
 -4.85267089e+00   6.34127512e+00   3.96381274e+00 
 -8.51639441e+00   5.58240975e+00   4.64874905e+00 
 -7.65877829e+00   2.90564893e+00   7.22328326e+00 
 -5.31397485e+00   1.31775431e+00   4.78205932e+00 
 -7.92639515e+00   1.46373654e+00   1.99564210e+00 
 -1.05216383e+01  -2.69637374e-01   4.20831936e+00 
 -7.99441527e+00  -2.89529300e+00   5.33764166e+00 
 -6.81365344e+00  -3.73982844e+00   1.82059660e+00 
 -1.03287823e+01  -3.86724364e+00   5.21463882e-01 
 -8.13477437e+00  -8.31675365e+00   2.46578802e+00 
 -8.80766648e+00  -8.45681491e+00  -1.28057398e+00 
 -7.47097651e+00  -1.28298568e+01  -3.73137303e-01 
 -5.26021368e+00  -1.59280556e+01   3.53319744e+00 
 -2.25782357e+00  -1.31616444e+01  -3.88407438e-01 
 -2.68742949e+00  -9.39273503e+00  -5.35116048e+00 
 -3.24001611e+00  -3.43215726e+00  -1.15067318e+01 
 -3.71350324e+00  -3.36980463e+00  -7.77245610e+00 
 -6.62990243e+00  -5.76621682e+00  -7.61934830e+00 
 -8.34760788e+00  -3.82426938e+00  -1.03882323e+01 
 -7.83434366e+00  -4.85365968e-01  -8.71601602e+00 
 -8.92904723e+00  -1.78005299e+00  -5.30792699e+00 
 -1.21468106e+01  -3.27865475e+00  -6.77342744e+00 
 -1.12824187e+01   2.16236076e+00  -3.63080932e+00 
 -1.49801053e+01   1.20318570e+00  -3.34355854e+00 

   2.439788333104e+01 

 -2.72356292e+00  -2.07401635e+00   8.59045035e-02 
 -3.69118179e+00  -1.60481472e+00  -9.60189874e-01 
 -4.87696358e+00  -1.37634182e+00  -4.37389720e-01 
 -3.31079824e+00  -1.38797627e+00  -2.19912376e+00 
 -4.16405185e+00  -1.63240943e+00  -3.61547584e+00 
 -2.08921613e+00  -1.69641033e+00  -2.24639313e+00 
 -1.17914135e+00  -2.12534749e+00  -1.10324815e+00 
 -1.38916364e+00  -2.06664466e+00   3.07935191e-01 
 -9.52594866e-01  -1.86830454e+00   1.57330834e+00 
 -2.60179601e-02  -1.95099495e+00   2.49839602e+00 
 -1.70864046e-01  -6.71386593e-01   3.32461349e+00 
  1.08608068e+00  -2.65301557e-01   3.85000802e+00 
 -8.35676685e-01  -1.07110759e+00   4.57685353e+00 
 -5.97092116e-01   2.74727345e-01   2.33374906e+00 
  3.10267980e-01   1.03585357e+00   1.83449947e+00 
 -1.57610061e+00   4.32155468e-01   1.34165416e+00 
 -1.70889110e+00   9.21674110e-01   3.43470180e-02 
 -3.01811288e+00   1.19724628e+00  -3.64681257e-01 
 -7.50479911e-01   7.62376269e-01  -8.80271606e-01 
 -1.35892463e+00   1.03674626e+00  -2.17575608e+00 
 -2.63515769e+00   1.45331764e+00  -2.56081237e+00 
 -2.93181883e+00   1.36539935e+00  -3.99847775e+00 
 -2.89948475e+00   9.70822563e-01  -5.12250645e+00 
 -3.64456046e+00   1.24810286e+00  -1.60137240e+00 
 -5.02196256e+00   1.13323126e+00  -2.04896130e+00 
 -6.01496708e+00   1.33142520e-01  -2.09337518e+00 
 -6.01203353e+00   1.83258233e+00  -1.52221569e+00 
 -5.06166023e+00   1.19253553e+00  -3.40547101e+00 
  4.20487177e+00   5.35234881e+00  -6.60755828e+00 
  7.34516145e+00   7.44496325e+00  -6.99015019e+00 
  5.93340291e+00   8.59570337e+00   7.29749103e+00 
  2.71867408e+00   9.05181669e+00   2.63464291e+00 
  2.84948347e+00   5.58645937e+00   4.19014159e+00 
  6.22899514e+00   4.63793342e+00   2.70255660e+00 
  4.84459389e+00   5.70228647e+00  -6.90948040e-01 
  1.70244332e+00   3.69993415e+00  -5.07361147e-02 
  3.93758753e+00   7.04340419e-01   8.33838278e-01 
  6.03179832e+00   1.06866353e+00  -2.27477512e+00 
  3.00742111e+00   1.60614623e+00  -4.53522321e+00 
  1.39981974e+00  -1.44031436e+00  -3.14941993e+00 
  4.43121759e+00  -3.57386809e+00  -3.88993143e+00 
  4.64286034e+00  -2.23137378e+00  -7.43598684e+00 
  9.90382861e-01  -3.05983131e+00  -8.17635650e+00 
  1.46108035e+00  -6.58703355e+00  -6.76430110e+00 
  4.02356626e+00  -7.26111630e+00  -9.51340979e+00 
 -1.53715939e+00  -8.31959598e+00  -1.01052581e+01 
  5.11588889e-01  -1.15206564e+01  -1.02656414e+01 
 -7.17760862e+00  -1.08993347e+01  -2.50918893e+00 
 -4.40313359e+00  -8.46862574e+00  -3.10782049e+00 
 -5.94307044e+00  -5.59297605e+00  -9.97124137e-01 
 -9.51596237e+00  -5.92871005e+00  -2.22454780e+00 
 -8.40807170e+00  -6.01466708e+00  -5.89147506e+00 
 -6.46580066e+00  -2.80222487e+00  -5.50871282e+00 
 -9.32287785e+00  -1.13221894e+00  -3.55922356e+00 
 -1.17582453e+01  -1.96756500e+00  -6.35732780e+00 
 -9.50347943e+00  -7.48999089e-01  -9.20958495e+00 
 -8.48243636e+00   2.33505719e+00  -7.18969973e+00 
 -9.68324944e+00   4.97544428e+00  -1.12450946e+01 
 -8.79221682e+00   9.01124499e+00  -4.26319294e+00 
 -6.60813032e+00   8.28599068e+00  -7.31321600e+00 
 -4.15827872e+00   5.91750470e+00  -5.84462294e+00 
 -1.77384834e+00   6.54559860e+00  -8.57804312e+00 
 -3.94436095e-01   9.74358371e+00  -5.29868018e+00 
 -2.30688106e+00   9.14095664e+00   6.54153462e+00 
 -4.25276683e+00   8.14180013e+00   9.65671338e+00 
 -6.44338791e+00   6.00759592e+00   7.43170472e+00 
 -9.32537972e+00   8.48936080e+00   7.17025384e+00 
 -1.22766044e+01   6.17222161e+00   7.82058142e+00 
 -1.10371727e+01   3.65610695e+00   5.25079144e+00 
 -1.04024195e+01   6.36199613e+00   2.65225816e+00 
 -1.44423553e+01  -6.83114163e+00   1.77399864e+00 
 -1.30294845e+01  -2.01415549e+00   3.48205042e+00 
 -1.01365649e+01  -4.36032873e+00   2.78746485e+00 
 -1.04976490e+01  -5.72328558e+00   6.32014819e+00 
 -1.00714661e+01  -2.27167484e+00   7.88012636e+00 
 -6.98562484e+00  -1.73658878e+00   5.83798208e+00 
 -5.61588980e+00  -5.17608427e+00   6.78870190e+00 
 -6.10861056e+00  -4.44819597e+00   1.05120362e+01 
 -4.55783284e+00  -9.79034261e-01   1.01710107e+01 
 -1.47575426e+00  -2.18674464e+00   8.29503845e+00 
 -9.91983970e-01  -5.05792272e+00   1.06577518e+01 
  1.34271464e+00  -3.95058284e-01   1.17527790e+01 
  3.80672796e+00  -3.18100857e+00   1.09313481e+01 
  6.64964870e+00   2.59486862e-01   1.22783707e+01 
  6.69705358e+00   5.58216081e+00   1.34669218e+01 
  7.58925212e+00   3.49052638e+00   8.28277200e+00 
  7.96500523e+00  -1.78514362e+00   4.95947966e+00 
  7.46970947e+00  -8.94478694e+00   2.45767003e-01 
  4.92151610e+00  -6.80865285e+00   2.01113784e+00 
  6.22676633e+00  -7.30807052e+00   5.52091298e+00 
  6.36293281e+00  -1.10506275e+01   4.91832172e+00 
  2.84785622e+00  -1.12208664e+01   3.56803337e+00 
  1.44338281e+00  -9.02823607e+00   6.34462980e+00 
  3.09721733e+00  -1.11879897e+01   9.05531154e+00 
 -2.90006076e+00  -1.11753487e+01   6.99124592e+00 
 -2.85640192e+00  -1.27247187e+01   1.04945247e+01 

   2.439788333112e+01 

 -5.02355199e-01   1.68445761e+00   2.14880192e+00 
 -5.49661431e-01   2.52099822e-01   2.59249460e+00 
  3.25759163e-01   2.52228832e-02   3.54840463e+00 
 -1.32622895e+00  -6.25364828e-01   1.99779606e+00 
 -2.14303167e+00  -1.92300441e+00   2.66323382e+00 
 -1.95929962e+00   1.36129220e-02   1.11430426e+00 
 -1.80280606e+00   1.47378542e+00   7.11303506e-01 
 -7.78500450e-01   2.41200101e+00   1.04227682e+00 
  4.12674389e-02   3.44361132e+00   7.34281510e-01 
  2.89774717e-01   4.57100124e+00   1.11059415e-01 
  1.75579930e+00   4.47651903e+00  -3.16559863e-01 
  1.97659449e+00   5.19533606e+00  -1.52296199e+00 
  2.50549676e+00   5.33671236e+00   6.15040374e-01 
  1.90086555e+00   3.07174250e+00  -5.69883495e-01 
  1.81244390e+00   2.69411721e+00  -1.79521876e+00 
  1.67711915e+00   1.83387764e+00   5.06982108e-02 
  1.20793603e+00   5.48972515e-01  -2.57846334e-01 
  1.55631945e+00  -4.44667805e-01   6.58959636e-01 
  1.98192366e-01   3.50838593e-01  -1.10732605e+00 
 -2.60117767e-01  -1.01697265e+00  -9.00425158e-01 
  1.84127792e-01  -2.05802708e+00  -8.22427131e-02 
 -7.15984786e-01  -3.21572276e+00   2.80179799e-02 
 -1.72885881e+00  -3.84293007e+00   5.75795821e-02 
  9.87700481e-01  -1.66216902e+00   1.00362068e+00 
  1.05682967e+00  -2.52209756e+00   2.17259968e+00 
  6.54440965e-01  -2.46620198e+00   3.52284675e+00 
  2.19736235e+00  -2.90309471e+00   2.72107010e+00 
  2.29106481e-01  -3.58522307e+00   1.99982825e+00 
 -1.93526651e+00  -4.17996119e+00  -8.41111796e+00 
 -1.74102467e+00  -4.20324864e+00  -1.21990671e+01 
  8.78574654e+00   5.31484953e+00  -9.74003218e+00 
  7.09615697e+00   2.28588720e-01  -7.85325935e+00 
  5.67359533e+00   3.21492762e+00  -5.98149898e+00 
  2.97497182e+00   4.01486697e+00  -8.55273172e+00 
  1.94619078e+00   3.44442405e-01  -8.36596693e+00 
  1.98220440e+00   5.13919359e-01  -4.58941073e+00 
 -2.23047180e-01   3.64930680e+00  -4.83052117e+00 
 -2.65900868e+00   2.02183723e+00  -7.19681824e+00 
 -2.79233191e+00  -1.22576455e+00  -5.20165452e+00 
 -3.48175737e+00   6.83965072e-01  -2.09305669e+00 
 -6.40180470e+00   2.49995147e+00  -3.66318368e+00 
 -7.84666121e+00  -7.50703397e-01  -4.99255389e+00 
 -7.73476865e+00  -2.42959729e+00  -1.56561996e+00 
 -9.40157845e+00   6.24717690e-01   3.11008330e-02 
 -1.24698901e+01  -6.06668209e-03  -2.15199207e+00 
 -1.18117844e+01  -2.26445579e+00   3.03056608e+00 
 -1.47782903e+01   1.13979381e-01   2.91756387e+00 
 -6.85849273e+00   2.35175915e+00   1.01246092e+01 
 -6.45464765e+00   1.83948098e+00   6.44508509e+00 
 -2.60785229e+00   1.30318214e+00   6.54684333e+00 
 -2.49774086e+00  -9.57916077e-01   9.58989333e+00 
 -5.29267427e+00  -3.19175811e+00   8.21895831e+00 
 -3.44640261e+00  -3.71961511e+00   4.97067313e+00 
 -1.16375225e-01  -4.32000007e+00   6.78802665e+00 
 -1.73420451e+00  -7.02141089e+00   8.91950808e+00 
 -3.46529672e+00  -8.82416326e+00   6.01130474e+00 
 -3.50266042e-01  -8.45035677e+00   3.82253318e+00 
 -7.79987599e-01  -1.33419225e+01   2.95780925e+00 
  6.25705417e+00  -9.79131607e+00   1.03379920e+00 
  3.07858424e+00  -1.07816414e+01  -8.41154902e-01 
  1.61706751e+00  -7.43743329e+00  -1.51086029e+00 
 -4.85646454e-01  -8.79539025e+00  -4.21014593e+00 
  3.41200429e+00  -7.38448679e+00  -6.59798560e+00 
  1.12983645e+01   9.81809585e-01  -3.13075329e+00 
  1.32531990e+01   3.00048275e+00  -5.63127052e-01 
  1.10333227e+01   1.49382139e+00   2.10266222e+00 
  1.34950689e+01  -1.18686366e+00   3.23717689e+00 
  1.32595423e+01  -7.68568919e-01   7.01492010e+00 
  9.45841273e+00  -8.86594300e-01   6.92366022e+00 
  9.43511477e+00  -3.94308808e+00   4.65773302e+00 
  1.04811243e+00   4.11208196e-01   1.47497894e+01 
  5.03150499e+00  -1.65693835e-01   1.12977221e+01 
  2.03872144e+00   1.73440368e+00   9.96024778e+00 
  3.50841955e+00   4.92219533e+00   1.14251220e+01 
  6.76797900e+00   4.51235152e+00   9.49222763e+00 
  4.82654354e+00   4.01656870e+00   6.33562904e+00 
  2.63387162e+00   7.06128087e+00   7.06507346e+00 
  5.71229668e+00   9.27073719e+00   7.59177550e+00 
  7.39032516e+00   7.90415197e+00   4.44964914e+00 
  4.35534719e+00   8.41930442e+00   2.21345338e+00 
  3.75472094e+00   1.18569655e+01   3.58525735e+00 
  6.93954856e+00   1.12897126e+01  -6.48807367e-01 
  3.69762540e+00   1.31372888e+01  -1.41302338e+00 
  6.04056520e+00   1.35968445e+01  -5.41716104e+00 
  1.04708082e+01   1.17949906e+01  -8.03861647e+00 
  5.37481385e+00   9.35535316e+00  -8.39269564e+00 
 -5.44832757e-01   9.71338603e+00  -6.43112668e+00 
 -8.39020547e+00   9.62111070e+00  -2.94307426e+00 
 -4.95661274e+00   8.77607353e+00  -1.65108138e+00 
 -3.43719303e+00   1.22122107e+01  -2.04597776e+00 
 -6.45484137e+00   1.37255422e+01  -3.16233181e-01 
 -6.32878039e+00   1.13125615e+01   2.57680255e+00 
 -2.56390277e+00   1.16804512e+01   3.00108401e+00 
 -2.82058860e+00   1.55116539e+01   3.06022391e+00 
 -2.24058634e+00   1.14198596e+01   7.87153221e+00 
 -1.04769076e+00   1.48519828e+01   9.08518199e+00 

   2.439788333107e+01 

 -4.72136638e-01   1.35783763e+00   1.75871205e+00 
  8.69631768e-01   8.07290087e-01   1.37490867e+00 
  1.05110399e+00  -3.91839939e-01   1.88554878e+00 
  1.67002887e+00   1.45613614e+00   5.59414393e-01 
  3.33963699e+00   1.53427372e+00   5.71490945e-01 
  1.08241704e+00   2.53682882e+00   2.82928489e-01 
 -3.13553984e-01   2.98439923e+00   6.95177503e-01 
 -1.38120909e+00   2.23742263e+00   1.27924280e+00 
 -2.69396901e+00   1.94152439e+00   1.42139050e+00 
 -3.95694750e+00   2.29467431e+00   1.45799884e+00 
 -4.71256315e+00   1.14669987e+00   7.85531072e-01 
 -5.87778625e+00   1.62677946e+00   1.27782441e-01 
 -5.34893368e+00   3.87405164e-01   1.87565122e+00 
 -3.76479999e+00   7.02485475e-01  -1.95811259e-01 
 -3.92810056e+00   1.13736208e+00  -1.39417723e+00 
 -2.42616094e+00   2.96098157e-01  -2.97734453e-01 
 -1.32182714e+00   4.46208041e-01  -1.14875006e+00 
 -3.11408413e-01  -5.02492508e-01  -9.80682915e-01 
 -1.06176402e+00   1.59695609e+00  -1.77212891e+00 
  3.15185947e-01   1.51591595e+00  -2.24245338e+00 
  1.27996674e+00   5.07027332e-01  -2.19871975e+00 
  2.64768682e+00   9.11757239e-01  -2.55670731e+00 
  3.61102075e+00   1.60247570e+00  -2.67947616e+00 
  1.05191426e+00  -4.95334961e-01  -1.23705770e+00 
  2.18436653e+00  -1.25656483e+00  -7.38210299e-01 
  2.87401530e+00  -1.40429307e+00   4.82760248e-01 
  2.20261403e+00  -2.57739887e+00  -6.95106723e-01 
  3.32838827e+00  -7.79067244e-01  -1.29356771e+00 
  4.94957632e-01   4.92367150e+00  -9.83033916e+00 
 -1.12820400e+00   6.19584770e+00  -1.30136935e+01 
 -1.23887958e+01  -1.15683321e+00  -7.85703648e+00 
 -6.81643458e+00  -1.89849344e+00  -8.68371885e+00 
 -7.78603359e+00  -4.88589266e-01  -5.28998397e+00 
 -8.27123754e+00   3.09390493e+00  -6.49995179e+00 
 -4.81738260e+00   2.84133219e+00  -8.10381620e+00 
 -3.41799979e+00   1.41498667e+00  -4.89450750e+00 
 -5.02355681e+00   4.36248951e+00  -3.02733402e+00 
 -3.61261488e+00   6.92103285e+00  -5.40326045e+00 
 -1.52726477e-01   5.31717290e+00  -5.44991037e+00 
 -8.65455092e-02   5.29458083e+00  -1.73765165e+00 
 -8.69461371e-01   8.98748820e+00  -1.53951103e+00 
  1.81435497e+00   9.80300524e+00  -4.09952164e+00 
  4.50548184e+00   7.89910618e+00  -2.17388269e+00 
  3.47811322e+00   9.64814237e+00   1.07296167e+00 
  4.45465267e+00   1.29841147e+01  -5.06905325e-01 
  8.08291928e+00   9.75946818e+00   2.46457074e+00 
  7.47182191e+00   1.31014140e+01   4.17566344e+00 
  5.11198640e+00   4.06900682e+00   9.87821993e+00 
  3.82832754e+00   4.97202132e+00   6.48687770e+00 
  2.57718436e+00   1.40658295e+00   5.58239125e+00 
  5.57429387e+00  -5.20519166e-01   6.88179688e+00 
  8.03620924e+00   1.79282058e+00   5.07387049e+00 
  6.29730574e+00   1.26321624e+00   1.76714364e+00 
  6.03226252e+00  -2.52493168e+00   2.34334305e+00 
  9.77741579e+00  -2.72003816e+00   2.97100977e+00 
  1.07902248e+01  -6.23065520e-01  -7.54909471e-02 
  8.20251806e+00  -2.40318742e+00  -2.25925102e+00 
  1.19276512e+01  -3.13803039e+00  -5.49084705e+00 
  5.17075994e+00  -7.51726383e+00  -6.48850091e+00 
  6.60879331e+00  -4.30870016e+00  -7.98384284e+00 
  4.32894295e+00  -1.78692292e+00  -6.49683701e+00 
  5.24004755e+00   6.86650471e-01  -9.06645161e+00 
  1.39653371e+00  -1.39689556e+00  -1.10081894e+01 
 -7.35467777e+00  -7.16274606e+00  -5.14452521e+00 
 -8.77890250e+00  -9.26169589e+00  -2.30637133e+00 
 -5.49500521e+00  -8.78184182e+00  -4.92516176e-01 
 -3.99877581e+00  -1.21616881e+01  -1.42596513e+00 
 -2.67532205e+00  -1.32773689e+01   1.96601269e+00 
 -9.20192386e-01  -9.94881557e+00   2.52377324e+00 
  5.89547642e-01  -9.96254980e+00  -9.68735820e-01 
  5.01937533e+00  -5.19581276e+00   1.12298768e+01 
  2.28069820e+00  -7.53327005e+00   7.33719889e+00 
  1.55893227e+00  -3.84088162e+00   7.78584482e+00 
 -1.03039853e+00  -4.74852061e+00   1.04201269e+01 
 -2.95478585e+00  -6.98409172e+00   8.00605654e+00 
 -2.98876901e+00  -4.22263807e+00   5.48567843e+00 
 -4.12948589e+00  -1.68417769e+00   8.10582259e+00 
 -7.04525214e+00  -3.92997142e+00   9.15010742e+00 
 -7.99873145e+00  -4.60010765e+00   5.51719021e+00 
 -7.96972805e+00  -9.35209176e-01   4.49507338e+00 
 -9.87061239e+00   7.92784983e-02   7.56387858e+00 
 -1.25810605e+01  -1.25691374e+00   3.17522634e+00 
 -1.29144273e+01   2.41884260e+00   4.11613610e+00 
 -1.59703974e+01   2.03456485e+00   6.16556918e-01 
 -1.75941861e+01  -1.37302634e+00  -3.32011571e+00 
 -1.35229242e+01   2.50554582e+00  -3.97423083e+00 
 -1.03567550e+01   7.04416081e+00  -1.07690403e+00 
 -5.34544221e+00   1.25523070e+01   3.19766814e+00 
 -5.67795774e+00   8.80233745e+00   3.19028024e+00 
 -9.25029695e+00   8.63584596e+00   4.40777393e+00 
 -8.39451213e+00   1.10625931e+01   7.19469353e+00 
 -5.34538498e+00   9.13414278e+00   8.28644724e+00 
 -7.14621900e+00   5.78358666e+00   8.14350806e+00 
 -1.00524365e+01   7.11508970e+00   1.02715351e+01 
 -5.08438195e+00   3.56040872e+00   1.19775679e+01 
 -7.84733300e+00   3.06328306e+00   1.45841717e+01 

   2.439788333121e+01 

  6.35502259e-01   1.21228606e+00  -7.06288222e-01 
 -1.77870654e-01   2.29528771e+00  -6.10889195e-02 
 -8.38750458e-01   1.83295810e+00   9.78664737e-01 
 -2.43232483e-01   3.50299950e+00  -5.74730098e-01 
 -3.56908085e-01   4.97248351e+00   2.13646491e-01 
  5.09392493e-01   3.49142277e+00  -1.58618968e+00 
  1.26437465e+00   2.31349893e+00  -2.18743864e+00 
  1.14204764e+00   9.15238522e-01  -1.92495454e+00 
  1.13727634e+00  -3.78575684e-01  -2.32134139e+00 
  1.57687456e+00  -1.35122221e+00  -3.08415315e+00 
  3.46760693e-01  -2.20958160e+00  -3.38590149e+00 
  4.58030046e-01  -2.81808807e+00  -4.66582090e+00 
  4.72143795e-01  -3.40851908e+00  -2.53932841e+00 
 -6.99118315e-01  -1.22790205e+00  -3.41839969e+00 
 -1.05873616e+00  -8.05910666e-01  -4.57791018e+00 
 -1.22842698e+00  -1.87891461e-01  -2.64013004e+00 
 -1.74291033e+00   1.10802067e+00  -2.78923350e+00 
 -2.50268758e+00   1.57096572e+00  -1.71329395e+00 
 -1.23649792e+00   1.97188062e+00  -3.67113367e+00 
 -1.73445889e+00   3.28989167e+00  -3.29878323e+00 
 -2.61169815e+00   3.73239839e+00  -2.30620553e+00 
 -2.65680515e+00   5.18661763e+00  -2.09212156e+00 
 -2.28984257e+00   6.31939834e+00  -2.04393444e+00 
 -2.80059436e+00   2.83867329e+00  -1.23517559e+00 
 -3.22631234e+00   3.36675728e+00   4.96041476e-02 
 -2.68358321e+00   3.49995447e+00   1.34417441e+00 
 -4.24705693e+00   2.87397265e+00   7.29337556e-01 
 -3.30820205e+00   4.72066276e+00  -2.41919481e-02 
 -3.62693601e+00   7.25660190e+00  -1.03631208e+01 
 -4.35952916e+00   7.39249128e+00  -1.40822165e+01 
 -5.83805206e+00  -6.82290248e+00  -1.22960164e+01 
 -7.53227036e+00  -2.00371368e+00  -9.80810176e+00 
 -4.26787304e+00  -3.44933464e+00  -8.50453829e+00 
 -2.10967154e+00  -2.12430996e+00  -1.13541322e+01 
 -3.65305548e+00   1.30503034e+00  -1.07038405e+01 
 -3.00228108e+00   9.09207703e-01  -7.00084004e+00 
  6.28836415e-01  -1.03066670e-03  -7.86012706e+00 
  1.06767362e+00   2.97087964e+00  -1.01310518e+01 
 -6.07667082e-01   5.37938276e+00  -7.69430872e+00 
  1.60210433e+00   4.18735331e+00  -4.95903332e+00 
  4.72794274e+00   4.82549050e+00  -6.98676537e+00 
  3.53800872e+00   8.30790870e+00  -7.92400219e+00 
  2.89687443e+00   9.27990490e+00  -4.28817338e+00 
  6.34739495e+00   7.96028807e+00  -3.28361786e+00 
  7.92792740e+00   1.05811955e+01  -5.56639714e+00 
  6.76921322e+00   1.15201579e+01  -7.38508338e-02 
  1.05094963e+01   1.16699152e+01  -7.50412093e-01 
  7.05682587e+00   4.34317841e+00   6.60284236e+00 
  5.86987377e+00   4.70415920e+00   3.07789489e+00 
  2.64225414e+00   2.59025517e+00   3.53581088e+00 
  1.57226608e+00   4.02757845e+00   6.87857481e+00 
  2.04407990e+00   7.62703619e+00   5.65282531e+00 
 -1.75213899e-01   7.02994256e+00   2.66001345e+00 
 -2.79550231e+00   5.19081671e+00   4.78228192e+00 
 -2.98187382e+00   8.14775120e+00   7.16555884e+00 
 -3.26823679e+00   1.08267117e+01   4.43693103e+00 
 -5.70764774e+00   8.65215685e+00   2.44835031e+00 
 -8.64211016e+00   1.26798050e+01   2.28463016e+00 
 -1.19668458e+01   5.52985550e+00   3.73365225e-01 
 -1.04867121e+01   8.47405625e+00  -1.56047920e+00 
 -7.34738317e+00   6.94831856e+00  -2.81944860e+00 
 -7.03764771e+00   9.52079773e+00  -5.43440772e+00 
 -9.43388884e+00   6.06549654e+00  -7.71542288e+00 
 -9.50635567e+00  -5.62180767e+00  -4.95626340e+00 
 -9.30195549e+00  -8.58776102e+00  -2.57919264e+00 
 -8.18986984e+00  -6.17379636e+00   1.11597520e-01 
 -1.15888489e+01  -5.83198203e+00   1.80378374e+00 
 -1.05740755e+01  -6.23831535e+00   5.45164824e+00 
 -7.79771995e+00  -3.66117219e+00   5.10375934e+00 
 -1.00764208e+01  -1.19294165e+00   3.31700716e+00 
  5.52807795e-01   3.45034999e-01   1.20236386e+01 
 -3.33971250e+00  -1.59742377e+00   8.99178443e+00 
 -7.01664488e-02  -9.90314816e-01   7.17589640e+00 
  1.08127644e+00  -4.45028960e+00   8.25785695e+00 
 -1.92962348e+00  -6.14445828e+00   6.64756047e+00 
 -1.25910597e+00  -4.29827607e+00   3.46619215e+00 
  2.45091492e+00  -5.21112253e+00   3.57856558e+00 
  1.62246854e+00  -8.92266290e+00   3.99564824e+00 
 -9.90321976e-01  -8.78387654e+00   1.21889530e+00 
  1.28986484e+00  -7.04599869e+00  -1.28261902e+00 
  4.14783015e+00  -9.33655244e+00  -4.79182634e-01 
  7.45567235e-01  -1.07142096e+01  -4.34167861e+00 
  4.25580264e+00  -9.94188013e+00  -5.60238644e+00 
  2.17951075e+00  -1.15594643e+01  -9.45025725e+00 
 -2.70793486e+00  -1.29231567e+01  -1.14500015e+01 
 -4.79645677e-01  -7.73160507e+00  -1.18089987e+01 
  4.50783137e+00  -4.26313198e+00  -1.03554090e+01 
  1.08893261e+01   7.03858052e-01  -7.46916026e+00 
  7.95528373e+00  -9.84285853e-01  -5.82159924e+00 
  8.94757690e+00  -4.54375969e+00  -6.60716790e+00 
  1.24511152e+01  -3.82708148e+00  -5.34226383e+00 
  1.12493548e+01  -2.27585701e+00  -2.12395713e+00 
  8.71033313e+00  -5.03942295e+00  -1.48698538e+00 
  1.13627019e+01  -7.76657481e+00  -2.01146815e+00 
  9.03447148e+00  -5.36913449e+00   3.37921762e+00 
  1.05129453e+01  -8.81646204e+00   4.15733258e+00 

   2.439788333155e+01 

 -2.36233102e+00   4.23312569e-01   4.24532342e-01 
 -2.20755803e+00   1.66569388e+00  -4.02077602e-01 
 -1.30770971e+00   2.47103783e+00   1.20696333e-01 
 -2.85406565e+00   1.82096163e+00  -1.53547389e+00 
 -3.47978932e+00   3.22028499e+00  -2.20196243e+00 
 -3.57170620e+00   7.93033574e-01  -1.66958140e+00 
 -3.62222317e+00  -4.44880265e-01  -7.84132148e-01 
 -2.73930137e+00  -8.64958276e-01   2.56529916e-01 
 -2.07283686e+00  -1.82106578e+00   9.44122785e-01 
 -1.98583329e+00  -3.03054590e+00   1.44488005e+00 
 -5.21619874e-01  -3.43473920e+00   1.26125014e+00 
 -4.05474663e-01  -4.83956544e+00   1.07732576e+00 
  1.01148656e-01  -3.31527609e+00   2.59081619e+00 
 -1.81162332e-01  -2.76790059e+00   3.73102704e-02 
 -2.17311540e-01  -3.47565595e+00  -1.03490321e+00 
 -2.28148638e-01  -1.49375716e+00  -5.47364182e-01 
 -5.12755918e-01  -8.89623389e-01  -1.78038258e+00 
 -2.71643194e-02   4.10923677e-01  -1.92871858e+00 
 -1.48580859e+00  -1.33514574e+00  -2.57733536e+00 
 -1.74733998e+00  -2.80095713e-01  -3.54802273e+00 
 -1.16030970e+00   9.64892267e-01  -3.78460628e+00 
 -1.88888661e+00   1.85334708e+00  -4.70245350e+00 
 -2.80366766e+00   2.35825262e+00  -5.27553475e+00 
 -4.18828309e-01   1.48900898e+00  -2.70894899e+00 
 -2.28162799e-01   2.92688620e+00  -2.62574243e+00 
 -6.32645471e-01   3.97626538e+00  -1.77520993e+00 
  9.55270623e-01   3.48835891e+00  -2.44959656e+00 
 -8.98710132e-01   3.53012985e+00  -3.64145654e+00 
 -2.97181720e+00  -3.98759461e+00  -1.08948747e+01 
 -2.78118910e+00  -6.93118464e+00  -1.32793598e+01 
  6.30874340e+00  -1.19025991e+01  -3.27375515e+00 
  5.35220078e+00  -7.11317762e+00  -6.17739831e+00 
  3.52704149e+00  -7.39604479e+00  -2.85562657e+00 
  7.39494071e-01  -9.64985921e+00  -4.15316636e+00 
  2.36281759e-01  -7.12273037e+00  -6.96842572e+00 
  2.53097102e-01  -4.29979842e+00  -4.45383471e+00 
 -2.37068940e+00  -6.24594255e+00  -2.43388671e+00 
 -4.55722198e+00  -6.84962268e+00  -5.43997614e+00 
 -4.23081572e+00  -3.26248815e+00  -6.69348941e+00 
 -5.17737576e+00  -1.97901151e+00  -3.34051056e+00 
 -8.32544571e+00  -4.06975855e+00  -3.24987704e+00 
 -9.30151399e+00  -2.94434867e+00  -6.74306122e+00 
 -8.95061142e+00   7.53623622e-01  -5.86161397e+00 
 -1.10275016e+01   2.36672543e-01  -2.68735801e+00 
 -1.39797688e+01  -7.90064489e-01  -4.88013013e+00 
 -1.30044299e+01   4.58356627e+00  -3.27852458e+00 
 -1.62755300e+01   3.27727292e+00  -1.84207695e+00 
 -8.73876361e+00   6.76759447e+00   5.27741486e+00 
 -8.27183562e+00   4.19452247e+00   2.60801494e+00 
 -4.38771657e+00   4.26396172e+00   2.67586176e+00 
 -3.95736818e+00   8.02732360e+00   2.86756671e+00 
 -6.41291241e+00   8.60683581e+00  -1.61174207e-02 
 -4.51508501e+00   6.24921835e+00  -2.26969228e+00 
 -1.13137807e+00   7.73676545e+00  -1.22563788e+00 
 -2.35126185e+00   1.12217626e+01  -2.13386862e+00 
 -3.81601118e+00   1.02436781e+01  -5.54005463e+00 
 -7.87144393e-01   8.03251326e+00  -6.29542482e+00 
 -5.27217860e-01   1.04516375e+01  -1.06474473e+01 
  5.93932282e+00   6.11301234e+00  -8.36956187e+00 
  2.92885246e+00   5.55968060e+00  -1.06564288e+01 
  1.01156975e+00   3.08396864e+00  -8.66566444e+00 
 -8.83275794e-01   2.02380311e+00  -1.16384082e+01 
  2.77464791e+00  -1.05900422e+00  -1.16373266e+01 
  9.41328031e+00  -4.29283123e+00  -2.16725720e+00 
  1.10688070e+01  -3.73388856e+00   1.21444924e+00 
  9.08585327e+00  -5.25661818e-01   1.49638402e+00 
  1.19009480e+01   1.80741763e+00   4.16860072e-01 
  1.16139913e+01   4.50032092e+00   3.09411889e+00 
  7.86693359e+00   4.84319909e+00   2.53480057e+00 
  8.26987569e+00   4.99319116e+00  -1.24571038e+00 
 -6.32014505e-01   1.08616769e+01   7.55591055e+00 
  3.38839559e+00   8.18524732e+00   5.36729735e+00 
  1.56809011e-01   6.22914642e+00   5.66137104e+00 
  1.16647321e+00   5.24593359e+00   9.19432385e+00 
  4.44875770e+00   3.70942917e+00   8.01341603e+00 
  2.59199016e+00   1.74186621e+00   5.43268023e+00 
 -5.34445551e-03   6.04653211e-01   7.99603174e+00 
  2.73320245e+00  -6.40420785e-01   1.03594963e+01 
  4.58230585e+00  -2.37726177e+00   7.50984847e+00 
  1.50214170e+00  -4.16319233e+00   6.16817564e+00 
  4.26784379e-01  -5.18932847e+00   9.61066941e+00 
  3.65415642e+00  -8.40742760e+00   6.85021385e+00 
  1.84018272e-01  -9.86342418e+00   7.43829949e+00 
  2.43402540e+00  -1.34683551e+01   5.52110954e+00 
  7.06987084e+00  -1.47756413e+01   2.96265325e+00 
  2.36625798e+00  -1.30724237e+01   3.12853964e-01 
 -3.54247289e+00  -1.12433334e+01   1.18433784e+00 
 -1.12926688e+01  -7.77591523e+00   2.46354522e+00 
 -7.77277289e+00  -6.55284714e+00   2.99957631e+00 
 -6.75116907e+00  -9.13927536e+00   5.55659264e+00 
 -9.94907647e+00  -8.47062822e+00   7.48394561e+00 
 -9.48181629e+00  -4.73039144e+00   7.46605630e+00 
 -5.80528388e+00  -4.96738585e+00   8.42345068e+00 
 -6.59705701e+00  -7.28891228e+00   1.13782958e+01 
 -5.44221773e+00  -1.05259247e+00   1.13279787e+01 
 -4.74123679e+00  -2.35852153e+00   1.48604835e+01 

   2.439788333147e+01 

