 -3.41300597e+00  -1.52787926e+00   1.62640320e+00 
 -3.94504687e+00  -2.44630574e+00   2.52593037e+00 
 -5.26836350e+00  -2.43106062e+00   2.86975319e+00 
 -1.83667000e+00  -2.85354540e+00   2.19095467e+00 
 -6.00482544e+00  -1.43565725e+00   2.31529446e+00 
 -4.16882903e+00  -5.69977378e-01   1.08573332e+00 
  3.71209146e+00  -8.32076726e-03   2.79536451e+00 
  4.94231205e+00   1.39206065e-01   2.12574380e+00 
  4.80587026e+00   1.22282710e+00   1.09206859e+00 
  5.59485293e+00  -1.17961569e+00   1.38274013e+00 
  5.38095559e+00  -1.82327725e+00   2.77175173e+00 
  4.56602174e+00  -1.94123577e+00   6.65586728e-01 
  3.51814506e+00  -1.47845967e+00   1.05021746e+00 
  4.19563832e+00  -2.98923830e+00  -9.50276839e-02 
  2.88463067e+00  -3.94864288e+00   3.02645993e-01 
  3.10673668e+00  -4.73445462e+00   1.48000632e+00 
  2.57401265e+00  -4.87902060e+00  -7.39708308e-01 
  1.57387117e+00  -2.95071581e+00   4.76992293e-01 
  1.48651504e+00  -2.17791468e+00  -6.45392250e-01 
  5.55093010e-01  -1.01896100e+00  -6.23620513e-01 
 -6.89969337e-01  -1.54238391e+00  -3.41209469e-01 
  9.14461256e-01   3.59693667e-02   3.96326947e-01 
  7.90958548e-01   1.28835769e+00  -1.33879181e-01 
 -1.17911614e-02  -3.11126105e-01   1.52372973e+00 
 -2.89916606e-01   8.08491760e-01   2.28142539e+00 
 -1.17477300e+00  -8.81672541e-01   7.63407197e-01 
 -2.06769594e+00  -1.68944411e+00   1.54995913e+00 
 -2.96457607e+00  -3.30957645e+00   2.73428873e+00 
 -5.44383409e+00  -5.06218416e-01   1.49930042e+00 
 -5.86574129e+00  -3.37330789e+00   3.71317905e+00 
  2.29651258e+00   2.69612946e+00  -1.06094557e+01 
  1.23023345e+00   4.61996320e-01  -7.71708932e+00 
  4.28623827e+00  -4.42034351e-01  -5.53983973e+00 
  3.82580087e+00  -3.65956111e+00  -3.57561555e+00 
  5.90934332e+00  -6.23576547e+00  -1.71367021e+00 
  3.69651458e+00  -8.96639443e+00  -3.07286801e+00 
  1.48356308e+00  -1.13528723e+01  -1.10319399e+00 
 -1.40005888e+00  -9.50272585e+00  -2.64104645e+00 
 -4.79305817e+00  -9.30955440e+00  -9.67736193e-01 
 -7.98628847e+00  -7.23385766e+00  -1.41095643e+00 
 -6.35446886e+00  -4.15132098e+00   7.77144052e-02 
 -3.66364144e+00  -4.21005307e+00  -2.61930450e+00 
 -6.34362008e+00  -4.81118552e+00  -5.24496127e+00 
 -8.23717416e+00  -1.61956343e+00  -4.31005044e+00 
 -5.08741703e+00   3.05200876e-01  -5.28215227e+00 
 -4.98400944e+00  -1.70932723e+00  -8.50737126e+00 
  2.39503011e+00  -3.18165784e+00  -1.03448078e+01 
  5.83846445e+00  -3.67433528e+00  -8.88067187e+00 
  6.55245106e+00  -6.56865551e+00  -6.57058318e+00 
  9.81320728e+00  -6.37418459e+00  -4.67677664e+00 
  1.07035971e+01  -7.31885610e+00  -1.14591262e+00 
  1.31857409e+01  -4.68660290e+00  -3.50845058e-01 
  1.35934675e+01  -1.33091232e+00   4.67838795e+00 
  1.38207817e+01  -4.40035997e+00   6.94123186e+00 
  8.02093269e+00  -1.18896939e+01   4.83292388e+00 
  5.31246585e+00  -1.39094207e+01   2.98224296e+00 
  4.12858923e+00  -6.58184377e+00  -1.34731251e+01 
  7.65903565e+00  -5.38856005e+00  -1.25822729e+01 
  9.52557040e+00  -8.01449133e+00  -1.05559418e+01 
  6.86589959e+00   3.14316810e+00   1.32401943e+01 
  1.30108910e+01   1.62821983e+00   8.08926345e+00 
  1.16881375e+01   4.66720503e+00   6.16371664e+00 
  1.12336598e+01   2.65995680e+00   1.79917065e+00 
  1.17397727e+01   6.10172263e+00   3.32287603e-01 
  1.00797147e+01   4.06763477e+00  -3.91308249e+00 
  9.48768179e+00   6.21526415e+00  -9.59591181e+00 
  1.49519972e+00   6.46162578e+00  -7.85979010e+00 
 -8.97734520e-01   4.64604901e+00  -5.49437396e+00 
 -5.25972218e-01   4.00031802e+00  -1.76560857e+00 
 -2.94228847e+00   2.73373638e+00   9.22615680e-01 
 -4.02203572e+00   4.78977023e+00   3.94863720e+00 
 -3.31006783e+00   1.59399049e+00   5.96403682e+00 
  2.78691627e-01   2.57991796e+00   5.98318243e+00 
 -5.71904053e-01   6.23346095e+00   6.69260749e+00 
  2.86336457e+00   7.32174719e+00   7.91283739e+00 
  4.39587696e+00   5.81398992e+00   4.80682053e+00 
  1.83658166e+00   7.66011961e+00   2.61551600e+00 
  5.98987564e+00   9.54712685e+00   2.97337093e-01 
  4.14943536e-01   1.06379314e+01  -5.15035077e+00 
 -3.01330231e+00   8.98485089e+00  -4.66948210e+00 
 -4.00711795e+00   7.67447858e+00  -1.23033521e+00 
 -6.57390668e+00   4.86369749e+00  -1.29189738e+00 
 -8.90252928e+00   4.17787618e+00   1.72301128e+00 
 -8.05250120e+00   1.11477977e+00   3.88077738e+00 
 -9.80125603e+00  -2.13625501e+00   2.90844355e+00 
 -7.70221253e+00  -3.74804697e+00   8.41578813e+00 
 -6.69414403e+00  -6.26895111e+00   5.79093344e+00 
 -3.00000745e+00  -7.16446711e+00   6.03386250e+00 
 -6.98866256e-01  -9.99059431e+00   5.05630586e+00 
  2.73556495e-01  -1.01157240e+01   8.77836232e+00 
 -3.31030094e+00  -1.11302131e+01   9.69145459e+00 
 -2.51113734e+00   2.66469305e+00   1.67079818e+01 
 -1.35137695e+00  -1.28389305e+00   1.25753006e+01 
 -4.47157253e+00   7.34904430e-01   1.19590567e+01 
 -5.52445918e+00   4.39238092e+00   1.16674839e+01 

   4.703529950585e+00 

  5.86890925e-02  -3.45871137e+00   3.82613053e+00 
  8.82221976e-01  -4.57664350e+00   3.91413722e+00 
  1.12076066e+00  -5.20092869e+00   5.10702478e+00 
  7.01424114e-01  -3.93427618e+00   1.84580884e+00 
  5.43397684e-01  -4.62738561e+00   6.19253335e+00 
 -5.07716888e-01  -2.92819409e+00   4.91190404e+00 
  1.83686498e+00   1.11623514e+00  -1.68299798e+00 
  1.27180808e+00   1.86262673e+00  -2.73523800e+00 
  2.67332956e-01   2.82470821e+00  -2.16360500e+00 
  5.39063696e-01   1.05069261e+00  -3.96852771e+00 
  1.88457896e+00   2.90694955e-01  -4.00591400e+00 
 -2.82135684e-01  -5.22441272e-02  -3.45663918e+00 
  3.37551619e-02  -1.56086003e-01  -2.29492583e+00 
 -1.10418540e+00  -1.09920356e+00  -3.66191382e+00 
 -8.43554533e-01  -2.58194971e+00  -2.93330009e+00 
  3.20783437e-01  -3.25080716e+00  -3.43325541e+00 
 -1.93765943e+00  -3.47856295e+00  -3.15149244e+00 
 -7.40075546e-01  -2.32144694e+00  -1.30057968e+00 
 -1.83943084e+00  -1.60511466e+00  -9.22577374e-01 
 -1.85262633e+00  -1.01602534e+00   4.42704394e-01 
 -1.68707210e+00  -2.07550612e+00   1.31103617e+00 
 -7.72837624e-01   1.47075610e-02   6.75002634e-01 
 -1.26904289e+00   1.09837981e+00   1.34154804e+00 
  2.65663718e-01  -7.97061478e-01   1.39054566e+00 
  1.03597125e+00   1.19828478e-02   2.20114682e+00 
 -6.02764313e-01  -1.79075134e+00   2.10786954e+00 
  8.33975282e-02  -2.97116464e+00   2.55983923e+00 
  1.13844369e+00  -4.89714231e+00   2.65651905e+00 
 -1.94255436e-01  -3.49182560e+00   6.08868027e+00 
  1.88244293e+00  -6.36652824e+00   5.23845974e+00 
 -1.15401225e+01   3.73681759e+00   1.04702389e-01 
 -8.81720613e+00   1.07651942e+00   1.55940398e-01 
 -6.43676304e+00   1.55369775e+00  -2.84450028e+00 
 -4.62354013e+00  -1.63175826e+00  -3.83835659e+00 
 -2.68986812e+00  -3.06202268e+00  -6.78115708e+00 
 -4.30999200e+00  -6.41109613e+00  -6.18176585e+00 
 -2.60202809e+00  -9.67745381e+00  -5.24058909e+00 
 -4.30023283e+00  -9.28159150e+00  -1.91452512e+00 
 -2.89464555e+00  -1.07988016e+01   1.25913594e+00 
 -3.51917692e+00  -1.04203547e+01   5.02323204e+00 
 -1.80420361e+00  -7.03913000e+00   5.10805115e+00 
 -4.28070472e+00  -5.66149561e+00   2.56109643e+00 
 -7.12844211e+00  -7.26320158e+00   4.50085132e+00 
 -6.24001124e+00  -5.38701953e+00   7.71592338e+00 
 -6.89549217e+00  -2.15930136e+00   5.78645461e+00 
 -1.01679057e+01  -3.67583074e+00   4.57711499e+00 
 -1.14648609e+01  -1.42499651e+00  -2.71985752e+00 
 -9.75057190e+00  -3.57204333e-01  -5.90806991e+00 
 -7.48920445e+00  -2.73452285e+00  -7.76762636e+00 
 -5.33832079e+00  -1.17341196e+00  -1.04496938e+01 
 -1.78166404e+00  -1.82833034e+00  -1.14857795e+01 
 -7.05603380e-01   1.59649221e+00  -1.23993500e+01 
  4.44931919e+00   4.41493666e+00  -1.09150221e+01 
  6.61932890e+00   1.65997740e+00  -1.24299150e+01 
  3.81068186e+00  -7.50800808e+00  -1.09356335e+01 
  1.68546461e+00  -1.04270282e+01  -9.59291902e+00 
 -1.45582183e+01  -3.41399406e+00  -6.01043337e+00 
 -1.33519532e+01  -7.79008345e-01  -8.51709856e+00 
 -1.12733018e+01  -2.36493735e+00  -1.12828756e+01 
  1.25975287e+01   4.67068982e+00  -2.42247446e+00 
  7.90038636e+00   6.53055150e+00  -8.83073822e+00 
  5.97888763e+00   8.72718819e+00  -6.34568928e+00 
  1.52752028e+00   7.03352841e+00  -7.12138409e+00 
  2.20899245e-01   1.04051749e+01  -6.03584740e+00 
 -4.20785381e+00   8.11969982e+00  -5.75438073e+00 
 -9.84482931e+00   1.01183902e+01  -4.53491039e+00 
 -8.73819191e+00   6.50671979e+00   2.72358620e+00 
 -6.63110413e+00   3.63454199e+00   4.11226277e+00 
 -2.90826220e+00   2.98944742e+00   3.68428139e+00 
 -4.63077495e-01   5.69719251e-01   5.36813121e+00 
  2.53513831e+00   1.68245019e+00   7.44718566e+00 
  4.49268035e+00  -9.42417759e-01   5.43228133e+00 
  4.82813451e+00   1.59447137e+00   2.72982356e+00 
  5.58971004e+00   4.37813541e+00   5.22910156e+00 
  7.11311701e+00   6.85430537e+00   2.77508198e+00 
  4.08926446e+00   6.44139699e+00   5.49078984e-01 
  1.76549854e+00   7.02782151e+00   3.55178127e+00 
 -1.53093899e-01   1.07779253e+01   6.46557441e-01 
 -5.98466036e+00   9.51241604e+00   5.77864712e+00 
 -5.83153204e+00   6.42781364e+00   8.05429187e+00 
 -2.52729142e+00   4.58053886e+00   8.50378742e+00 
 -2.88519350e+00   9.10025687e-01   9.44820459e+00 
 -8.82158667e-02  -9.77848196e-01   1.13443472e+01 
  2.02650220e+00  -3.43086175e+00   9.27752500e+00 
  8.11103231e-01  -7.04950070e+00   9.24494887e+00 
  6.41016218e+00  -7.86313041e+00   6.93773263e+00 
  3.79045697e+00  -9.44628934e+00   4.72599706e+00 
  4.29439361e+00  -8.53658989e+00   1.06183231e+00 
  3.40786840e+00  -9.89781719e+00  -2.34389756e+00 
  7.18884828e+00  -9.80367101e+00  -3.05824719e+00 
  7.78163201e+00  -1.24254224e+01  -3.22925149e-01 
  1.52958956e+01  -3.39387167e-01   5.81167726e+00 
  1.11382455e+01  -3.01253275e+00   2.71592718e+00 
  1.03451975e+01  -2.63889754e+00   6.37958544e+00 
  1.00936150e+01   1.20728318e-01   9.00482650e+00 

   4.703529950585e+00 

  1.07115005e+00  -1.91817837e+00   4.47837692e+00 
  6.71982519e-01  -3.17907393e+00   4.91026989e+00 
  1.03565089e+00  -3.66740676e+00   6.13456144e+00 
 -4.53244790e-02  -2.81133716e+00   2.89196708e+00 
  1.76282766e+00  -2.82278804e+00   6.90816449e+00 
  1.80054352e+00  -1.11747451e+00   5.25813772e+00 
 -3.66732926e+00   1.25835710e+00  -2.01257490e-01 
 -3.72386549e+00   1.96333599e+00  -1.41920953e+00 
 -2.89513819e+00   3.21213957e+00  -1.29658809e+00 
 -3.25738256e+00   1.18841852e+00  -2.79727029e+00 
 -4.26777202e+00   1.25971422e-01  -2.30765328e+00 
 -2.03892321e+00   4.02791022e-01  -2.57140751e+00 
 -1.90017661e+00   3.90537566e-01  -1.37109619e+00 
 -1.07834712e+00  -4.30396467e-01  -3.01538911e+00 
 -6.52981216e-01  -1.81346654e+00  -2.17662599e+00 
 -1.68268862e+00  -2.80975763e+00  -2.18736092e+00 
  5.05873496e-01  -2.43791714e+00  -2.73850315e+00 
 -2.65096215e-01  -1.35772489e+00  -6.31896136e-01 
  6.51664879e-01  -3.48978872e-01  -7.13015178e-01 
  9.62317459e-01   4.12626744e-01   5.25793328e-01 
  1.40268992e+00  -5.21392417e-01   1.44099172e+00 
 -2.16215628e-01   1.17124539e+00   1.08959643e+00 
  1.54055908e-01   2.42624952e+00   1.48037976e+00 
 -6.81090137e-01   2.40496315e-01   2.16989902e+00 
 -1.32378950e+00   9.43676647e-01   3.16863602e+00 
  6.19039120e-01  -3.99732946e-01   2.56475436e+00 
  4.84074872e-01  -1.63559347e+00   3.28787514e+00 
  1.04662510e-01  -3.72698116e+00   3.84823497e+00 
  2.07453774e+00  -1.56815460e+00   6.49205647e+00 
  7.20053967e-01  -4.95281635e+00   6.58642215e+00 
  8.23127214e+00   7.28629325e+00  -3.53208185e+00 
  6.54189127e+00   4.07738088e+00  -2.37322067e+00 
  3.25282766e+00   3.53043361e+00  -4.31738167e+00 
  2.17293097e+00  -1.08485519e-01  -4.43882453e+00 
 -1.64240533e-01  -2.36849319e+00  -6.40727905e+00 
  2.42697340e+00  -5.10208191e+00  -6.29123039e+00 
  2.12003186e+00  -8.51916786e+00  -4.64764976e+00 
  4.66336025e+00  -7.25479359e+00  -2.19079278e+00 
  4.89803952e+00  -8.60405045e+00   1.34108464e+00 
  6.62975907e+00  -7.55611381e+00   4.59756388e+00 
  4.17625585e+00  -4.71798410e+00   5.15105302e+00 
  5.15526909e+00  -3.15293351e+00   1.81787700e+00 
  8.81774898e+00  -3.72110571e+00   2.65521842e+00 
  8.58685827e+00  -1.68261949e+00   5.88590261e+00 
  7.62371570e+00   1.30101204e+00   3.70852602e+00 
  1.05768241e+01   4.72495803e-01   1.45824471e+00 
  8.64283022e+00   1.91572760e+00  -5.90184395e+00 
  5.72443530e+00   2.07125729e+00  -8.28982361e+00 
  3.72347098e+00  -1.02401333e+00  -9.08908443e+00 
  4.46963420e-01  -4.29966355e-01  -1.08691012e+01 
 -2.91832949e+00  -2.07187078e+00  -1.05069513e+01 
 -5.14815578e+00   8.22556650e-01  -1.11169445e+01 
 -1.00622088e+01   2.48025769e+00  -7.98258729e+00 
 -1.17591549e+01  -9.06307686e-01  -8.47775594e+00 
 -6.17710224e+00  -8.80658932e+00  -7.70343591e+00 
 -2.99970502e+00  -1.08992655e+01  -7.09931466e+00 
  1.08611108e+01   2.95766399e-01  -1.00015778e+01 
  8.19413002e+00   2.17522342e+00  -1.20106697e+01 
  5.82998455e+00  -2.44429009e-01  -1.37546832e+01 
 -1.45778518e+01   1.94117452e+00   2.87561013e+00 
 -1.30460534e+01   3.96382676e+00  -4.88006828e+00 
 -1.10882491e+01   6.89140161e+00  -3.36707582e+00 
 -6.87933511e+00   6.24166424e+00  -5.63593923e+00 
 -6.27546861e+00   9.94871403e+00  -5.25282656e+00 
 -1.56387150e+00   8.87522436e+00  -6.50380450e+00 
  3.35920385e+00   1.23394508e+01  -7.51367000e+00 
  5.82991646e+00   9.63149577e+00  -1.98128939e-01 
  5.20625109e+00   6.55864274e+00   1.98962393e+00 
  1.89497794e+00   4.97170025e+00   2.97752613e+00 
  9.41589459e-01   2.29230950e+00   5.54292640e+00 
 -1.35794505e+00   2.92329327e+00   8.52016272e+00 
 -3.06961866e+00  -3.57414950e-01   7.47667384e+00 
 -4.99305515e+00   1.61247852e+00   4.97237239e+00 
 -5.60509638e+00   4.45129754e+00   7.45061479e+00 
 -8.49505344e+00   6.10852291e+00   5.61318430e+00 
 -6.41704441e+00   6.13444788e+00   2.45874721e+00 
 -3.47415014e+00   7.68838537e+00   4.37829255e+00 
 -3.77821822e+00   1.13430438e+01   8.09593193e-01 
  3.55427022e+00   1.22764478e+01   3.51336756e+00 
  5.04638175e+00   9.60156088e+00   5.82320795e+00 
  2.74327874e+00   7.08736653e+00   7.52820641e+00 
  4.40652089e+00   3.78652222e+00   8.43965417e+00 
  3.06091156e+00   1.56171380e+00   1.13070696e+01 
  1.14255917e+00  -1.59976463e+00   1.02649371e+01 
  3.23087010e+00  -4.78006299e+00   9.95274565e+00 
 -2.35660172e+00  -7.25193904e+00   9.88427186e+00 
 -3.11287662e-01  -8.44531570e+00   6.94257772e+00 
 -2.25924786e+00  -8.21379166e+00   3.67769546e+00 
 -2.23800109e+00  -9.78564067e+00   2.47432788e-01 
 -5.90431241e+00  -1.07180015e+01   9.57244236e-01 
 -4.78033448e+00  -1.29909247e+01   3.83430062e+00 
 -1.28177833e+01  -2.35842994e+00   1.17412105e+01 
 -9.38658449e+00  -4.34781626e+00   7.46515542e+00 
 -7.53612018e+00  -3.27763177e+00   1.05669948e+01 
 -7.18824600e+00  -1.97096135e-01   1.27941012e+01 

   4.703529950585e+00 

 -1.43923495e+00   4.04344416e+00   2.89170378e+00 
 -4.52774712e-01   4.50998028e+00   3.75481680e+00 
 -7.60415705e-01   5.23673149e+00   4.87142019e+00 
  4.47838851e-01   3.47193559e+00   2.07117066e+00 
 -2.08447216e+00   5.42402063e+00   5.10038704e+00 
 -2.73323518e+00   4.25884596e+00   3.13733340e+00 
  3.83342843e-01  -2.18815506e+00  -6.13709662e-01 
  3.70770623e-01  -2.79349473e+00  -1.88532461e+00 
 -1.04598682e+00  -2.83981117e+00  -2.38730915e+00 
  1.30095549e+00  -2.13626286e+00  -3.07694420e+00 
  2.41294651e+00  -2.26940446e+00  -2.01150777e+00 
  1.20980505e+00  -6.71864525e-01  -3.06710200e+00 
  6.57828469e-01  -4.06072532e-01  -2.02555290e+00 
  1.55740003e+00   5.30875291e-01  -3.56371264e+00 
  2.06383735e+00   1.78104282e+00  -2.57480164e+00 
  3.34010723e+00   1.53250406e+00  -1.97282806e+00 
  2.20198784e+00   3.00709477e+00  -3.30026686e+00 
  8.88643838e-01   2.01670366e+00  -1.43124154e+00 
 -3.03754594e-01   2.15596378e+00  -2.08192759e+00 
 -1.54979021e+00   2.11391695e+00  -1.27148206e+00 
 -1.42652142e+00   3.12398377e+00  -3.39560604e-01 
 -1.78192065e+00   7.94147033e-01  -5.73886713e-01 
 -3.08747354e+00   4.08682043e-01  -6.82497708e-01 
 -1.28253824e+00   1.09509659e+00   8.07960749e-01 
 -1.91502317e+00   2.91532496e-01   1.73491717e+00 
 -1.59487328e+00   2.56116216e+00   9.04079848e-01 
 -8.77508598e-01   3.26113562e+00   1.93553286e+00 
  6.83354224e-01   4.24298255e+00   3.13200402e+00 
 -3.02948253e+00   4.89278624e+00   4.28236531e+00 
  1.95430601e-01   5.78715001e+00   5.73133566e+00 
 -8.73941851e+00   3.45445593e+00  -9.21273792e+00 
 -5.92130388e+00   4.10784706e+00  -6.73778428e+00 
 -3.08139285e+00   1.54495333e+00  -7.25094479e+00 
  2.91725576e-01   2.78159805e+00  -6.01991286e+00 
  3.98592895e+00   1.97836498e+00  -6.41042092e+00 
  4.75678778e+00   5.66695150e+00  -6.43210802e+00 
  6.85372638e+00   7.61193704e+00  -3.92373671e+00 
  3.62082718e+00   9.22058094e+00  -2.89226429e+00 
  3.08934899e+00   1.06279976e+01   5.84290873e-01 
  9.42919097e-02   1.18085236e+01   2.66699881e+00 
 -1.09962145e+00   8.25180139e+00   3.21954427e+00 
 -1.41377803e+00   7.71838643e+00  -5.40068315e-01 
 -3.12810175e+00   1.10951147e+01  -8.50744743e-01 
 -5.90434605e+00   1.01184243e+01   1.59559954e+00 
 -6.82329770e+00   7.33980539e+00  -8.55007431e-01 
 -6.72009224e+00   9.91956597e+00  -3.64879307e+00 
 -3.85046770e+00   6.62251042e+00  -1.00432309e+01 
 -1.54981364e+00   3.89394445e+00  -1.12702533e+01 
  2.13897993e+00   3.99069477e+00  -1.04912683e+01 
  4.03025884e+00   7.93490788e-01  -1.11678805e+01 
  6.80031753e+00  -9.10193297e-01  -9.27673415e+00 
  5.93074701e+00  -4.46260117e+00  -9.86509843e+00 
  5.79561301e+00  -8.99270865e+00  -5.84266758e+00 
  9.43298617e+00  -8.44471554e+00  -4.81171504e+00 
  1.24208914e+01   7.37132014e-01  -3.84247236e+00 
  1.22107109e+01   4.58333953e+00  -3.79127624e+00 
 -2.01837614e+00   8.84596483e+00  -1.40497944e+01 
 -1.31939166e+00   5.36185714e+00  -1.54829762e+01 
  2.41837103e+00   4.65744288e+00  -1.56186800e+01 
  3.97664763e+00  -1.09762814e+01   5.61765084e+00 
  4.85520387e+00  -1.18741921e+01  -2.44522528e+00 
  1.02318173e+00  -1.18204543e+01  -2.51976978e+00 
  3.77605918e-01  -8.33793132e+00  -5.79698240e+00 
 -2.92046905e+00  -9.96471190e+00  -6.65134456e+00 
 -3.90700056e+00  -5.70664350e+00  -9.06217063e+00 
 -8.57681928e+00  -3.89187434e+00  -1.25488266e+01 
 -1.07229183e+01   5.67610988e-01  -6.03255224e+00 
 -8.95726137e+00   2.12430969e+00  -3.01978080e+00 
 -6.51298034e+00   5.08743151e-01  -5.96084837e-01 
 -5.04155917e+00   1.61762118e+00   2.76169302e+00 
 -5.61414006e+00  -2.32759041e-01   6.04775141e+00 
 -1.82549877e+00   1.74522564e-01   6.55967029e+00 
 -1.35917755e+00  -2.82545838e+00   4.40693416e+00 
 -4.25221393e+00  -4.66681086e+00   6.08471092e+00 
 -3.34333691e+00  -8.17962646e+00   4.94082820e+00 
 -3.09251912e+00  -6.91157766e+00   1.39140435e+00 
 -6.52386640e+00  -5.21636221e+00   1.72622244e+00 
 -7.71105887e+00  -8.02673887e+00  -2.38193502e+00 
 -1.31533417e+01  -2.34650357e+00  -2.63394645e+00 
 -1.27864311e+01   6.93618427e-01  -3.23142664e-01 
 -1.04227259e+01   5.16170990e-01   2.66247062e+00 
 -9.08586328e+00   3.88693208e+00   3.82154469e+00 
 -7.89366868e+00   4.45289700e+00   7.46034450e+00 
 -4.09509704e+00   4.62481783e+00   8.01021595e+00 
 -2.55777545e+00   8.11693737e+00   7.88960409e+00 
  2.12151843e+00   5.05810236e+00   1.03558641e+01 
  3.23617190e+00   7.03609129e+00   7.33822772e+00 
  5.36010186e+00   4.93559611e+00   4.97508363e+00 
  7.96383305e+00   5.44757524e+00   2.29248713e+00 
  1.01954122e+01   3.13137290e+00   4.40677877e+00 
  1.02026567e+01   5.71109758e+00   7.24437068e+00 
  2.76505588e+00  -5.97084008e+00   1.42002444e+01 
  4.35471512e+00  -2.57914796e+00   9.72980395e+00 
  1.34754489e+00  -1.33511523e+00   1.16272312e+01 
 -2.10111344e+00  -2.57664881e+00   1.26930967e+01 

   4.703529950585e+00 

  3.73164193e+00  -5.41752252e-01   2.63444617e+00 
  3.62245743e+00  -8.15093573e-01   3.99425760e+00 
  4.72557616e+00  -9.43843833e-01   4.79185768e+00 
  1.64971707e+00  -6.12644533e-01   3.10509184e+00 
  5.92051349e+00  -8.37067028e-01   4.15833418e+00 
  4.92315504e+00  -4.26513942e-01   2.04437408e+00 
 -1.83163880e+00  -3.23598398e+00  -1.39464367e+00 
 -2.73144212e+00  -2.88906948e+00  -2.42109536e+00 
 -1.94699624e+00  -2.48818138e+00  -3.63981138e+00 
 -3.83783271e+00  -1.70294028e+00  -2.12757832e+00 
 -4.15313248e+00  -2.57515319e+00  -8.90955419e-01 
 -3.22538350e+00  -5.79190516e-01  -1.40997106e+00 
 -2.14721019e+00  -9.93357484e-01  -1.05478647e+00 
 -3.31482380e+00   6.30416497e-01  -8.24412546e-01 
 -2.70467314e+00   9.17166920e-01   7.06219000e-01 
 -3.43709717e+00   2.38148897e-01   1.73359337e+00 
 -2.75059614e+00   2.30764995e+00   1.04242841e+00 
 -1.11063602e+00   4.66257418e-01   6.97744434e-01 
 -5.08179837e-01   1.08562741e+00  -3.59623568e-01 
  8.57506408e-01   6.39840616e-01  -7.43511400e-01 
  1.63873811e+00   8.10398084e-01   3.80986253e-01 
  9.25088222e-01  -7.96990396e-01  -1.20531847e+00 
  1.71319983e+00  -9.15769503e-01  -2.31420061e+00 
  1.40401942e+00  -1.48752873e+00   3.69526537e-02 
  2.08828963e+00  -2.64177941e+00  -2.86281469e-01 
  2.23114223e+00  -3.99235180e-01   6.59548294e-01 
  2.50240045e+00  -5.78693332e-01   2.06050653e+00 
  2.32776800e+00  -7.16652164e-01   4.24736049e+00 
  5.99889840e+00  -6.45451444e-01   2.81611461e+00 
  4.66866641e+00  -1.14832867e+00   6.17424856e+00 
  2.50378015e+00   7.31730372e+00  -9.06532692e+00 
  1.94717887e+00   6.00976479e+00  -5.53338376e+00 
 -1.42187804e+00   4.13817076e+00  -5.32495150e+00 
 -2.85625904e+00   4.02426339e+00  -1.81037700e+00 
 -6.15921974e+00   3.35303709e+00  -5.40386570e-02 
 -5.39909955e+00   6.13079387e+00   2.37632115e+00 
 -4.91702892e+00   5.85141499e+00   6.13951157e+00 
 -1.32112985e+00   6.69379490e+00   5.45891345e+00 
  1.47633371e+00   5.60217667e+00   7.76808947e+00 
  5.30267987e+00   5.42726916e+00   7.59441380e+00 
  5.19805705e+00   2.44732731e+00   5.25133696e+00 
  3.20909173e+00   4.45881951e+00   2.69872482e+00 
  5.58002886e+00   7.38625058e+00   3.19523635e+00 
  8.64442179e+00   5.30814205e+00   2.22723958e+00 
  6.99537072e+00   4.81470928e+00  -1.17978614e+00 
  6.35612604e+00   8.56304954e+00  -1.29098726e+00 
 -4.82047765e-01   9.87203924e+00  -4.68511164e+00 
 -3.88931671e+00   8.37252148e+00  -5.30610283e+00 
 -6.22574938e+00   7.64675764e+00  -2.43595902e+00 
 -9.19798337e+00   5.47117001e+00  -3.26631852e+00 
 -1.08997078e+01   2.73263708e+00  -1.32807955e+00 
 -1.18645784e+01   4.55937591e-01  -4.08626576e+00 
 -1.12541895e+01  -5.56730634e+00  -4.34711594e+00 
 -1.32497706e+01  -6.10342072e+00  -1.13403628e+00 
 -1.16142887e+01   7.14006141e-02   6.17144891e+00 
 -1.00141398e+01   3.00435324e+00   8.08910936e+00 
 -3.21624924e+00   1.39772959e+01  -4.53060940e+00 
 -5.79990263e+00   1.21618378e+01  -6.70096482e+00 
 -8.96189341e+00   1.14004871e+01  -4.72418857e+00 
 -4.41554683e+00  -1.42370699e+01  -2.66642855e-01 
 -9.76590541e+00  -9.86244924e+00  -4.60535621e+00 
 -6.88522385e+00  -9.45819439e+00  -7.10157136e+00 
 -6.88696065e+00  -4.64829488e+00  -7.48850912e+00 
 -5.44929566e+00  -5.07952156e+00  -1.09527278e+01 
 -4.43991838e+00  -1.98862928e-01  -1.06755959e+01 
 -2.12090922e+00   3.79745657e+00  -1.46642035e+01 
  4.66245801e+00   3.24232554e+00  -1.01219199e+01 
  5.52511338e+00   2.37134120e+00  -6.50047555e+00 
  4.39007651e+00  -6.11998612e-01  -4.43401917e+00 
  5.49729411e+00  -2.02175605e+00  -1.04934547e+00 
  7.02583259e+00  -5.48587487e+00  -5.87407726e-01 
  4.58365818e+00  -5.81173409e+00   2.36409053e+00 
  1.96537970e+00  -6.77864662e+00  -9.78826538e-02 
  4.38530689e+00  -9.02042855e+00  -2.01974099e+00 
  1.78846396e+00  -1.10594327e+01  -3.91004975e+00 
  1.47280832e-01  -7.84745450e+00  -5.03209283e+00 
  3.54893056e+00  -6.47867157e+00  -6.17892113e+00 
  1.19594839e+00  -5.91866138e+00  -1.06882963e+01 
  7.26746037e+00  -9.55861392e-01  -1.13623764e+01 
  9.35503677e+00  -1.27473476e-01  -8.25229960e+00 
  9.11299587e+00  -2.35969548e+00  -5.17154035e+00 
  9.96560796e+00  -6.24203854e-01  -1.89224071e+00 
  1.12365188e+01  -2.60611031e+00   1.18011029e+00 
  8.72083855e+00  -3.13737148e+00   4.03496163e+00 
  8.77504330e+00  -5.10330037e-01   6.80417069e+00 
  5.44052451e+00  -4.81115787e+00   9.58240135e+00 
  3.69346981e+00  -1.46482312e+00   9.68663905e+00 
  3.71062524e-02  -1.74475201e+00   8.65695275e+00 
 -3.19506010e+00   1.41815930e-01   9.13843465e+00 
 -4.59365295e+00  -3.16400834e+00   1.05278344e+01 
 -2.11840749e+00  -2.99442237e+00   1.34521053e+01 
  2.97707901e+00  -1.57667087e+01   6.30546473e+00 
  6.05146272e-01  -1.04505487e+01   6.66296651e+00 
  4.36391864e+00  -1.04577730e+01   6.41296966e+00 
  7.09438891e+00  -1.18042882e+01   4.11033025e+00 

   4.703529950585e+00 

 -6.94691551e-01  -1.57236143e+00  -3.97130605e+00 
 -1.08851723e+00  -2.81270167e+00  -4.46342521e+00 
 -8.83834194e-01  -3.16558692e+00  -5.76848854e+00 
 -1.65851446e+00  -2.61432159e+00  -2.37559035e+00 
 -2.31252947e-01  -2.24883983e+00  -6.52634144e+00 
 -6.86992844e-02  -6.85769225e-01  -4.74800186e+00 
  1.00386365e+00  -1.62677256e+00   3.20883961e+00 
  7.98109507e-01  -9.13828928e-01   4.40590910e+00 
  1.29531364e+00   4.93740449e-01   4.22460317e+00 
 -7.30914446e-01  -8.28085472e-01   5.01573586e+00 
 -6.65634134e-01  -2.36523030e+00   4.86630436e+00 
 -1.70839995e+00  -5.80032591e-01   3.94996872e+00 
 -1.09405818e+00  -7.53804419e-01   2.92403714e+00 
 -2.97772638e+00  -3.96999028e-01   3.53846343e+00 
 -3.61620611e+00  -1.24177948e+00   2.24384681e+00 
 -3.78519073e+00  -2.63774904e+00   2.51902260e+00 
 -4.91070995e+00  -7.52186998e-01   1.87895264e+00 
 -2.61451314e+00  -9.95297683e-01   9.47620193e-01 
 -2.43559135e+00   3.51382113e-01   8.09633761e-01 
 -1.36997844e+00   8.22475631e-01  -1.14343884e-01 
 -1.67467630e+00   2.81708936e-01  -1.34667436e+00 
  2.38915259e-02   4.11605701e-01   2.98728558e-01 
  9.00208918e-01   1.44909754e+00   1.55457884e-01 
  2.52565400e-01  -7.86877678e-01  -5.73510906e-01 
  1.60122745e+00  -9.61206481e-01  -8.09563430e-01 
 -5.71034246e-01  -4.18794089e-01  -1.77448486e+00 
 -9.08407695e-01  -1.52300797e+00  -2.63201683e+00 
 -1.78748300e+00  -3.35151326e+00  -3.47798042e+00 
  2.09654880e-01  -1.07655192e+00  -6.00121720e+00 
 -1.32269904e+00  -4.36959311e+00  -6.32868856e+00 
 -2.65648362e+00   1.14655156e+01   1.15921333e+00 
 -3.29977237e+00   7.83160450e+00   2.23823108e-01 
 -3.19264324e+00   5.60885556e+00   3.37735497e+00 
 -5.14953672e+00   2.37634733e+00   2.99772866e+00 
 -6.64870012e+00  -3.68574210e-01   5.15706497e+00 
 -9.63990078e+00  -4.96268718e-01   2.86866446e+00 
 -1.08089850e+01  -3.42634612e+00   7.42650513e-01 
 -9.78748711e+00  -1.33344590e+00  -2.20346872e+00 
 -8.76502441e+00  -2.87182720e+00  -5.51068500e+00 
 -7.03626518e+00  -1.66185245e+00  -8.71209618e+00 
 -3.65776637e+00  -1.51254666e+00  -6.99615267e+00 
 -5.00841382e+00   9.68469758e-01  -4.43915801e+00 
 -6.66902817e+00   2.91875831e+00  -7.24566006e+00 
 -3.35356602e+00   3.46576025e+00  -9.07720490e+00 
 -2.16557375e+00   5.33677871e+00  -5.96937063e+00 
 -5.42969404e+00   7.28940480e+00  -6.03121161e+00 
 -7.76932244e+00   8.55349030e+00   1.24356550e+00 
 -7.63096207e+00   7.16817027e+00   4.75147230e+00 
 -9.17339698e+00   3.82368808e+00   5.56308164e+00 
 -8.22310172e+00   2.36231483e+00   8.91243687e+00 
 -7.47920951e+00  -1.17099265e+00   9.96816488e+00 
 -4.83947160e+00  -5.75631808e-01   1.24978400e+01 
  4.26315500e-01  -3.49939583e+00   1.31635540e+01 
 -1.28077580e+00  -6.90167787e+00   1.34859812e+01 
 -8.75431680e+00  -8.68067709e+00   7.55684296e+00 
 -1.13237316e+01  -8.06750657e+00   4.75287456e+00 
 -1.22650092e+01   9.85473518e+00   2.80830932e+00 
 -1.08895975e+01   9.75156954e+00   6.38310937e+00 
 -1.23524928e+01   6.82894518e+00   8.33341429e+00 
  8.48228952e+00  -9.34565687e+00   6.87828486e+00 
  4.62811276e+00  -5.20586573e+00   1.27600811e+01 
  6.49028944e+00  -2.16218398e+00   1.13596748e+01 
  2.72840664e+00   7.83772849e-01   1.06855581e+01 
  5.11013380e+00   3.67829164e+00   1.11358746e+01 
  1.41011185e+00   6.45669888e+00   9.26323902e+00 
  7.49043717e-01   1.24639577e+01   8.40697105e+00 
  1.96753623e+00   1.07056733e+01   5.08978003e-01 
  1.49141567e+00   7.67679613e+00  -1.77506652e+00 
  2.60500025e+00   4.08266413e+00  -1.22642119e+00 
  2.76504842e+00   1.01624593e+00  -3.51570642e+00 
  6.00089070e+00  -7.80340648e-01  -4.43849405e+00 
  4.05604225e+00  -4.00042131e+00  -3.64452483e+00 
  4.84845725e+00  -3.42083171e+00  -5.45710185e-02 
  8.44508381e+00  -2.41999461e+00  -8.53179666e-01 
  9.87952733e+00  -2.86775957e+00   2.64199942e+00 
  7.08336029e+00  -7.31457038e-01   4.01565454e+00 
  7.79525744e+00   1.95380437e+00   1.36186924e+00 
  8.31049266e+00   5.04534364e+00   5.40680659e+00 
  6.94611027e+00   1.01575358e+01  -4.19940174e-01 
  5.78347757e+00   8.83572894e+00  -3.82844296e+00 
  6.20935634e+00   5.14001756e+00  -4.66080176e+00 
  3.74696371e+00   3.80768594e+00  -7.24037530e+00 
  4.57031413e+00   7.19316325e-01  -9.42362415e+00 
  2.80476731e+00  -2.56115892e+00  -8.48426881e+00 
 -4.85507821e-01  -3.25112213e+00  -1.02928163e+01 
  5.33156927e-01  -8.79628341e+00  -7.93735250e+00 
 -2.93183595e+00  -7.57128770e+00  -7.06888732e+00 
 -3.71460922e+00  -8.04442932e+00  -3.37145422e+00 
 -6.73487054e+00  -8.37013311e+00  -1.13319568e+00 
 -5.17672923e+00  -1.16962671e+01   1.74546787e-02 
 -5.57018317e+00  -1.31174348e+01  -3.52266341e+00 
  9.88042070e+00  -1.30306580e+01  -2.32222086e+00 
  4.45433179e+00  -1.11101542e+01  -1.38166026e+00 
  6.05175954e+00  -9.76932349e+00  -4.51874774e+00 
  9.20135098e+00  -7.88509577e+00  -5.56778491e+00 

   4.703529950585e+00 

 -2.05223798e+00   1.48651691e+00  -3.03651316e+00 
 -2.19453399e+00   4.58107751e-01  -3.96271523e+00 
 -2.88552782e+00   6.32892572e-01  -5.12958765e+00 
 -1.10151691e+00  -2.42695182e-01  -2.21987421e+00 
 -3.37298673e+00   1.88160313e+00  -5.33871510e+00 
 -2.55821209e+00   2.70008068e+00  -3.26547083e+00 
  4.14434760e+00   1.06258191e+00   9.46594706e-01 
  4.62755458e+00   1.16151773e+00   2.26580715e+00 
  4.28640379e+00   2.52228702e+00   2.80734057e+00 
  4.12763612e+00   4.51922465e-02   3.37082018e+00 
  4.61134211e+00  -9.50385690e-01   2.29181203e+00 
  2.69082742e+00  -2.20109007e-01   3.23641867e+00 
  2.37966212e+00   2.99428342e-01   2.19075852e+00 
  1.57501046e+00  -8.71114078e-01   3.61743359e+00 
  5.67602504e-01  -1.61788030e+00   2.51072135e+00 
  1.16707438e+00  -2.76650328e+00   1.89891480e+00 
 -6.39802972e-01  -2.08226184e+00   3.12318403e+00 
  1.40865089e-01  -4.82257932e-01   1.38262448e+00 
 -3.36239651e-01   6.09218108e-01   2.05019534e+00 
 -5.37802916e-01   1.86503255e+00   1.27980778e+00 
 -1.41142333e+00   1.54501583e+00   2.60845331e-01 
  7.34997485e-01   2.44185357e+00   7.05723220e-01 
  7.79389545e-01   3.79529889e+00   8.81970445e-01 
  6.73734194e-01   1.94987914e+00  -7.09785101e-01 
  1.36742388e+00   2.80065124e+00  -1.54643444e+00 
 -8.12150114e-01   1.90259018e+00  -9.24382191e-01 
 -1.23287384e+00   1.08643195e+00  -2.03133635e+00 
 -1.70664250e+00  -6.07658360e-01  -3.34946406e+00 
 -3.15451230e+00   2.88759843e+00  -4.45290672e+00 
 -3.11663610e+00  -3.86279330e-01  -6.05906864e+00 
 -4.21056706e+00   8.13663202e+00   9.26286408e+00 
 -3.95975645e+00   5.36339687e+00   6.66664638e+00 
 -8.27285465e-01   3.20665196e+00   7.32462026e+00 
 -1.10083308e+00  -3.03850658e-01   5.90187617e+00 
  5.49755056e-01  -3.70831822e+00   6.26240073e+00 
 -2.82795632e+00  -5.34837783e+00   5.94359904e+00 
 -3.99939960e+00  -7.73340858e+00   3.22121116e+00 
 -6.26563489e+00  -4.94073355e+00   2.14026176e+00 
 -7.48601812e+00  -4.60294149e+00  -1.42993262e+00 
 -9.19863444e+00  -1.88796573e+00  -3.52696214e+00 
 -6.01073916e+00   1.55120018e-01  -3.73704013e+00 
 -5.86408290e+00   4.12294830e-01   6.16788290e-02 
 -9.57141166e+00   1.24270940e+00   1.23682082e-01 
 -9.11739099e+00   4.28429936e+00  -2.15417934e+00 
 -6.84734168e+00   5.73192538e+00   5.51726166e-01 
 -9.53218262e+00   4.87709012e+00   3.10749219e+00 
 -6.13958209e+00   2.59330259e+00   9.68538939e+00 
 -3.03448184e+00   9.65788527e-01   1.10829643e+01 
 -2.16418894e+00  -2.59622286e+00   1.02008978e+01 
  1.33631220e+00  -3.68784499e+00   1.11018451e+01 
  3.80799348e+00  -5.87191709e+00   9.29275150e+00 
  6.98255473e+00  -4.19772146e+00   1.02098976e+01 
  1.16398707e+01  -2.78271883e+00   6.60056801e+00 
  1.20810378e+01  -6.39219399e+00   5.42979744e+00 
  4.01427602e+00  -1.14628495e+01   3.58883575e+00 
  2.49656425e-01  -1.21867920e+01   3.20981645e+00 
 -8.15087596e+00   9.21390461e-02   1.34339542e+01 
 -4.72381427e+00   1.89977612e-01   1.51448813e+01 
 -3.13827669e+00  -3.26865479e+00   1.52419246e+01 
  1.40013171e+01  -2.77796571e-03  -4.59217936e+00 
  1.44581673e+01  -1.01520931e+00   3.49202416e+00 
  1.34620615e+01   2.68225946e+00   3.66330248e+00 
  9.68385721e+00   2.31217173e+00   6.64207149e+00 
  1.03820717e+01   5.86194332e+00   7.72154657e+00 
  5.83813007e+00   5.67539723e+00   9.77928037e+00 
  2.66999155e+00   9.59902375e+00   1.32180908e+01 
 -1.65938988e+00   1.09062041e+01   6.39883000e+00 
 -2.49753592e+00   8.95979087e+00   3.21659282e+00 
 -1.49439717e-01   7.09512280e+00   8.78147975e-01 
 -6.00057473e-01   5.55834430e+00  -2.60102124e+00 
  1.30316527e+00   6.71480536e+00  -5.69783841e+00 
  1.87706204e+00   2.96841059e+00  -6.34352463e+00 
  4.72339821e+00   3.14093812e+00  -3.95182678e+00 
  5.92478457e+00   6.46876706e+00  -5.38619028e+00 
  9.45345255e+00   6.38368682e+00  -3.96645013e+00 
  8.01377481e+00   5.66753932e+00  -5.48303303e-01 
  5.56118370e+00   8.59894855e+00  -9.37712493e-01 
  7.66753282e+00   1.02365081e+01   3.42878411e+00 
  8.25659196e-01   1.41257661e+01   3.33150294e+00 
 -1.84315591e+00   1.31433836e+01   7.56793245e-01 
 -8.61014082e-01   1.10354067e+01  -2.26385358e+00 
 -3.70128005e+00   8.97900043e+00  -3.74600308e+00 
 -3.67376130e+00   7.85730399e+00  -7.45053384e+00 
 -2.86702396e+00   4.15997678e+00  -8.11386501e+00 
 -5.87485229e+00   1.81993790e+00  -8.33745058e+00 
 -1.58131113e+00  -1.85989150e+00  -1.06524152e+01 
 -3.45427510e+00  -3.55999472e+00  -7.84836868e+00 
 -1.08766081e+00  -5.22137521e+00  -5.36914296e+00 
 -1.15315568e+00  -7.99447354e+00  -2.81111661e+00 
  1.79595152e+00  -9.49808075e+00  -4.77501573e+00 
 -4.75088314e-01  -9.99584906e+00  -7.82486237e+00 
  9.53358951e+00   3.63559185e-01  -1.35413982e+01 
  6.29787904e+00  -2.20688293e+00  -9.42576515e+00 
  4.50653435e+00   4.95788500e-01  -1.13434647e+01 
  4.94465811e+00   4.18838677e+00  -1.22057204e+01 

   4.703529950585e+00 

 -2.71844859e+00  -2.01922983e+00  -3.54908384e+00 
 -1.82464985e+00  -2.52357862e+00  -4.48848789e+00 
 -2.25477666e+00  -3.12349158e+00  -5.63944784e+00 
 -7.49035219e-01  -1.72441422e+00  -2.77743695e+00 
 -3.59924251e+00  -3.14538633e+00  -5.81989378e+00 
 -4.03689325e+00  -2.07100746e+00  -3.74956122e+00 
 -6.94413543e-02   3.68373585e+00   3.11160341e-01 
  3.48647641e-02   4.18666981e+00   1.62256280e+00 
 -1.34747593e+00   4.34998161e+00   2.19159601e+00 
  9.28924713e-01   3.34076302e+00   2.71903596e+00 
  2.00771699e+00   3.43242645e+00   1.61576330e+00 
  6.71951296e-01   1.90051191e+00   2.60719170e+00 
  5.43683844e-02   1.77850039e+00   1.57575940e+00 
  8.99422034e-01   6.32017454e-01   2.99860754e+00 
  1.22299491e+00  -5.86175646e-01   1.89922193e+00 
  2.49551684e+00  -4.34099237e-01   1.25846517e+00 
  1.24854084e+00  -1.87236370e+00   2.52664238e+00 
 -1.37763809e-02  -6.01729396e-01   7.97178192e-01 
 -1.18878975e+00  -6.58534996e-01   1.49051537e+00 
 -2.45178789e+00  -4.16844349e-01   7.43778479e-01 
 -2.47924327e+00  -1.35927909e+00  -2.63679093e-01 
 -2.55895442e+00   9.70416591e-01   1.55272870e-01 
 -3.80730691e+00   1.48792936e+00   3.51855062e-01 
 -2.14958850e+00   7.23943741e-01  -1.26639042e+00 
 -2.72146983e+00   1.66157024e+00  -2.10233834e+00 
 -2.62961387e+00  -6.86903187e-01  -1.45407878e+00 
 -2.03582938e+00  -1.37988204e+00  -2.56568596e+00 
 -6.42816494e-01  -2.43241911e+00  -3.90117846e+00 
 -4.44625667e+00  -2.57801383e+00  -4.92263708e+00 
 -1.40076585e+00  -3.70783045e+00  -6.58033621e+00 
 -9.44134285e+00  -1.56619006e+00   8.89095408e+00 
 -6.81122787e+00  -2.33307924e+00   6.24738420e+00 
 -3.68156677e+00  -1.46319341e-01   6.81320686e+00 
 -5.19510360e-01  -1.64848493e+00   5.34094484e+00 
  3.25407609e+00  -1.29007686e+00   5.61736390e+00 
  3.60183408e+00  -5.03174402e+00   5.33566294e+00 
  5.36817909e+00  -6.99636437e+00   2.59844922e+00 
  1.93697262e+00  -8.15417448e+00   1.60365990e+00 
  1.11809335e+00  -9.22148014e+00  -1.93752944e+00 
 -2.06820165e+00  -9.90004928e+00  -3.95959496e+00 
 -2.87102676e+00  -6.20137048e+00  -4.19677727e+00 
 -2.98013903e+00  -5.92874264e+00  -3.97872004e-01 
 -5.05342198e+00  -9.10970640e+00  -2.54043633e-01 
 -7.79154651e+00  -7.64672708e+00  -2.49199414e+00 
 -8.29598490e+00  -4.98148754e+00   1.93654698e-01 
 -8.38040501e+00  -7.76505709e+00   2.78511530e+00 
 -4.91538668e+00  -5.30864324e+00   9.26229326e+00 
 -2.27530477e+00  -2.95343269e+00   1.05763009e+01 
  1.34656645e+00  -3.39582895e+00   9.62251334e+00 
  3.61253659e+00  -4.88570373e-01   1.04410976e+01 
  6.48439459e+00   1.04032806e+00   8.55242076e+00 
  6.04627455e+00   4.61079188e+00   9.43659613e+00 
  6.27372093e+00   9.42542535e+00   5.76404148e+00 
  9.78382096e+00   8.56103920e+00   4.52885832e+00 
  1.16721234e+01  -7.91731591e-01   2.75873802e+00 
  1.10252438e+01  -4.57578039e+00   2.43837781e+00 
 -3.19701138e+00  -8.02351310e+00   1.30078945e+01 
 -2.05360499e+00  -4.75897220e+00   1.46562240e+01 
  1.74237608e+00  -4.48359289e+00   1.46695984e+01 
  4.25907437e+00   1.24772283e+01  -5.42567664e+00 
  5.53832227e+00   1.26469362e+01   2.63179195e+00 
  1.73052033e+00   1.30104515e+01   2.87945976e+00 
  8.18588133e-01   9.37754015e+00   5.92169450e+00 
 -2.23896612e+00   1.12871259e+01   7.04352001e+00 
 -3.61016579e+00   6.99028665e+00   9.18208433e+00 
 -8.32036998e+00   5.43747342e+00   1.27401894e+01 
 -1.12035176e+01   1.75885521e+00   6.02380569e+00 
 -9.74112409e+00   2.54496784e-01   2.82756452e+00 
 -7.22285617e+00   1.77316003e+00   4.16992857e-01 
 -6.01484868e+00   7.71651392e-01  -3.07686765e+00 
 -6.49779928e+00   2.92228331e+00  -6.18998131e+00 
 -2.80191248e+00   2.14053366e+00  -6.90484515e+00 
 -1.91718162e+00   4.89539841e+00  -4.56399371e+00 
 -4.64409584e+00   7.16864290e+00  -5.96808473e+00 
 -3.29999536e+00   1.04608462e+01  -4.61560926e+00 
 -3.06047897e+00   8.90236588e+00  -1.18296626e+00 
 -6.67216386e+00   7.62681158e+00  -1.48078543e+00 
 -7.37658478e+00   1.02249894e+01   2.87098016e+00 
 -1.34145826e+01   5.17708131e+00   2.96170428e+00 
 -1.34825954e+01   2.30278413e+00   4.21907193e-01 
 -1.12287151e+01   2.44873837e+00  -2.64911828e+00 
 -1.03276508e+01  -9.49148901e-01  -4.11032667e+00 
 -9.34592016e+00  -1.36018141e+00  -7.83185399e+00 
 -5.61491400e+00  -1.90687540e+00  -8.56791142e+00 
 -4.48016370e+00  -5.54602180e+00  -8.77226157e+00 
  4.19177946e-01  -2.84038030e+00  -1.12239257e+01 
  1.41567868e+00  -5.15648311e+00  -8.41257794e+00 
  3.85206086e+00  -3.49194500e+00  -6.00405906e+00 
  6.48056272e+00  -4.49368276e+00  -3.48903180e+00 
  8.87883656e+00  -2.28122437e+00  -5.53066795e+00 
  8.48602371e+00  -4.61894586e+00  -8.54525185e+00 
  2.16360036e+00   8.31428524e+00  -1.42835660e+01 
  3.52632716e+00   4.43269610e+00  -1.01493585e+01 
  3.27814564e-01   3.67821440e+00  -1.19908782e+01 
 -2.99561331e+00   5.37107355e+00  -1.28031431e+01 

   4.703529950585e+00 

 -1.67099263e+00   3.36323603e+00   1.23298716e+00 
 -1.39857413e+00   3.45833929e+00   2.59404093e+00 
 -1.85018534e+00   4.50772293e+00   3.34534296e+00 
 -4.44446531e-01   1.69486164e+00   1.75553450e+00 
 -2.61648692e+00   5.41200979e+00   2.68528563e+00 
 -2.41524758e+00   4.27907574e+00   6.09696981e-01 
 -1.99649983e+00  -3.57551195e+00  -1.25505697e+00 
 -1.55757779e+00  -4.40122652e+00  -2.30821491e+00 
 -2.05455545e+00  -3.83440675e+00  -3.60939279e+00 
  5.98475655e-02  -4.67553023e+00  -2.46898668e+00 
 -5.98532658e-02  -5.07685862e+00  -9.81030784e-01 
  8.24905045e-01  -3.44002383e+00  -2.26630780e+00 
  2.63969449e-02  -2.65641991e+00  -1.80969226e+00 
  1.99787360e+00  -2.78163134e+00  -2.19781274e+00 
  2.36750646e+00  -1.76785692e+00  -9.19933428e-01 
  2.55989331e+00  -2.47309166e+00   3.12397613e-01 
  3.57943472e+00  -1.04288825e+00  -1.15282618e+00 
  1.14552085e+00  -6.55907680e-01  -7.98831853e-01 
  9.68162855e-01  -9.60108578e-02  -2.03157653e+00 
 -2.42902117e-01   7.38462802e-01  -2.25105317e+00 
 -1.83979988e-01   1.74254362e+00  -1.30645924e+00 
 -1.54199375e+00  -2.08131562e-02  -2.11622964e+00 
 -2.41085555e+00   3.19354467e-01  -3.11333200e+00 
 -1.95136019e+00   3.34124126e-01  -7.17696665e-01 
 -3.32328118e+00   2.63363131e-01  -5.84181349e-01 
 -1.36059118e+00   1.70964720e+00  -5.94942551e-01 
 -1.20955794e+00   2.17945878e+00   7.55959472e-01 
 -5.37331546e-01   2.48159830e+00   2.82687298e+00 
 -2.93019398e+00   5.25504450e+00   1.37327804e+00 
 -1.54561903e+00   4.68583796e+00   4.69869869e+00 
  1.45023493e+00   3.43817913e+00  -1.25659047e+01 
  1.84170439e+00   3.16243917e+00  -8.78902711e+00 
  2.28671908e+00  -5.32327022e-01  -7.76554413e+00 
  4.07959012e+00  -9.60511908e-01  -4.44516331e+00 
  5.90681137e+00  -3.64386845e+00  -2.46888432e+00 
  8.41411245e+00  -1.06649697e+00  -1.34151494e+00 
  9.11182698e+00   8.85745238e-02   2.21531667e+00 
  7.59479460e+00   3.35560963e+00   1.15305391e+00 
  5.94399063e+00   5.70804129e+00   3.62097573e+00 
  3.66866788e+00   8.78741154e+00   3.41587547e+00 
  6.74230236e-01   6.68047903e+00   2.42835985e+00 
  2.52390265e+00   5.40062354e+00  -6.47122963e-01 
  3.66472083e+00   8.94486064e+00  -1.40517080e+00 
  7.54426983e-02   1.02618670e+01  -1.57438537e+00 
 -4.76127729e-01   7.83278245e+00  -4.46678710e+00 
  2.75329699e+00   9.11489554e+00  -6.01535296e+00 
  6.43536385e+00   3.22716968e+00  -9.44627458e+00 
  6.93107086e+00  -5.12409262e-01  -9.33013181e+00 
  8.53779731e+00  -2.14967238e+00  -6.33660949e+00 
  8.20500924e+00  -5.90673494e+00  -6.16171998e+00 
  7.60847203e+00  -8.22236782e+00  -3.25755285e+00 
  5.49992286e+00  -1.08022202e+01  -4.87628977e+00 
  4.00088874e-01  -1.33155313e+01  -2.77985339e+00 
  2.07594842e+00  -1.44928923e+01   4.44888295e-01 
  8.27463930e+00  -8.35965473e+00   4.70316985e+00 
  1.02845010e+01  -5.12305614e+00   5.27325269e+00 
  1.11670986e+01   2.99206412e+00  -1.08276768e+01 
  1.04833700e+01  -5.78596170e-01  -1.20378405e+01 
  1.22326575e+01  -3.13611100e+00  -9.82772823e+00 
 -8.79353721e+00  -1.08865893e+01   4.15985654e+00 
 -3.83295075e+00  -1.42423988e+01  -1.38263390e+00 
 -5.86931304e+00  -1.22189430e+01  -3.92265233e+00 
 -2.24773913e+00  -9.94546397e+00  -6.15879913e+00 
 -4.45071164e+00  -9.77082358e+00  -9.21985468e+00 
 -1.11720413e+00  -6.45843672e+00  -1.09027968e+01 
 -5.20234464e-01  -3.49086581e+00  -1.62032227e+01 
 -3.22666993e+00   2.99290214e+00  -1.20091146e+01 
 -3.24091201e+00   4.14238155e+00  -8.36272718e+00 
 -4.29654059e+00   2.21146311e+00  -5.26174840e+00 
 -4.93726239e+00   3.24492029e+00  -1.62983366e+00 
 -8.32037913e+00   2.93066426e+00   1.03861780e-01 
 -6.31948115e+00   1.42073864e+00   3.01904169e+00 
 -6.41550565e+00  -1.83033875e+00   1.20992888e+00 
 -1.00794700e+01  -1.35912865e+00   2.46341871e-01 
 -1.08422702e+01  -4.98469485e+00  -6.18414797e-01 
 -7.80050620e+00  -5.04473856e+00  -2.85746231e+00 
 -8.94810611e+00  -1.79159464e+00  -4.54863701e+00 
 -8.64161098e+00  -4.55258975e+00  -8.84602777e+00 
 -8.30015704e+00   2.81761174e+00  -1.15865687e+01 
 -7.81989480e+00   5.70884615e+00  -9.11131298e+00 
 -8.46035568e+00   5.13526144e+00  -5.39738152e+00 
 -6.54856935e+00   7.47783091e+00  -3.08434759e+00 
 -7.82131534e+00   8.29324002e+00   4.79040400e-01 
 -5.97039834e+00   6.59784733e+00   3.38778785e+00 
 -3.08965603e+00   8.58953233e+00   4.90677382e+00 
 -3.74897398e+00   4.33538248e+00   9.24292536e+00 
 -1.61229367e-01   4.54226214e+00   8.08261880e+00 
  1.29104433e+00   1.09743969e+00   7.35343580e+00 
  4.67047687e+00  -5.69263223e-01   7.15494179e+00 
  3.29569726e+00  -3.03955216e+00   9.76695659e+00 
  2.99408034e+00  -1.91434693e-01   1.23172926e+01 
 -1.19547870e+01  -3.89242082e+00   1.05841399e+01 
 -6.41492804e+00  -3.18029815e+00   8.90536847e+00 
 -8.54687213e+00  -9.30803949e-02   8.56651562e+00 
 -1.18027671e+01   9.88891141e-01   6.89343322e+00 

   4.703529950585e+00 

  1.95621908e+00  -3.89794073e+00   1.55469104e-01 
  3.33674916e+00  -3.77501644e+00   2.76919387e-01 
  4.15221483e+00  -4.87048377e+00   3.44598800e-01 
  2.40193397e+00  -1.81302268e+00   2.79562382e-01 
  3.52904622e+00  -6.07060731e+00   2.35086615e-01 
  1.37235632e+00  -5.09473987e+00   6.63369560e-02 
 -1.22776285e+00   1.73150880e+00  -3.39616418e+00 
 -2.32140356e+00   2.61604527e+00  -3.32444248e+00 
 -3.59372951e+00   1.81474159e+00  -3.30359967e+00 
 -2.38507781e+00   3.68584119e+00  -2.07199003e+00 
 -9.57920239e-01   4.03307214e+00  -2.55371343e+00 
 -2.00275328e+00   3.04123967e+00  -8.10568380e-01 
 -1.53251972e+00   1.97794888e+00  -1.13987245e+00 
 -1.77995297e+00   3.09497938e+00   5.16646575e-01 
 -3.83083954e-01   2.48203147e+00   1.20249961e+00 
  7.83969276e-01   3.23931976e+00   8.59702684e-01 
 -4.49701227e-01   2.48564850e+00   2.63223308e+00 
 -2.45271389e-01   9.02887346e-01   7.21191934e-01 
 -1.42605964e+00   2.77256067e-01   1.00212670e+00 
 -1.65293213e+00  -1.07525493e+00   4.27289745e-01 
 -6.11340731e-01  -1.85711876e+00   8.83013468e-01 
 -1.69366215e+00  -1.09955040e+00  -1.08269940e+00 
 -2.71518624e+00  -1.88781008e+00  -1.52989420e+00 
 -3.01986708e-01  -1.55182614e+00  -1.41154883e+00 
 -2.81015527e-01  -2.20082541e+00  -2.62948183e+00 
  1.71340394e-03  -2.41024839e+00  -2.16970318e-01 
  1.40023383e+00  -2.67036108e+00  -4.95087806e-03 
  3.53607596e+00  -2.48308439e+00   4.79781218e-01 
  2.18787370e+00  -6.16011857e+00   4.10296102e-02 
  5.53581910e+00  -4.80187920e+00   5.36926525e-01 
 -1.14887894e+01  -2.96196507e+00   4.45811860e+00 
 -7.73933804e+00  -2.35108552e+00   4.20806590e+00 
 -7.05787007e+00   1.07574608e+00   2.56816368e+00 
 -3.66980127e+00   2.52649426e+00   3.48412065e+00 
 -1.83713071e+00   5.85559613e+00   3.42739441e+00 
 -2.71179351e-01   5.01814817e+00   6.75107332e+00 
  3.42571755e+00   4.55954171e+00   7.52222844e+00 
  2.58157888e+00   9.36419760e-01   8.03577013e+00 
  5.13855516e+00  -1.81656117e+00   7.55338553e+00 
  5.06840799e+00  -5.63618603e+00   7.22593155e+00 
  3.65095471e+00  -5.44723687e+00   3.71364841e+00 
  6.13126192e-01  -3.53211455e+00   4.98715422e+00 
  3.00747390e-01  -5.99170206e+00   7.86648887e+00 
 -9.27962704e-03  -8.99316400e+00   5.51252065e+00 
 -3.16269098e+00  -7.34257076e+00   4.13331496e+00 
 -4.32554665e+00  -6.82153983e+00   7.71763465e+00 
 -8.03523526e+00  -4.08466762e-02   8.22218010e+00 
 -8.25455550e+00   3.40932866e+00   6.70829304e+00 
 -5.32530701e+00   5.77837580e+00   6.88292187e+00 
 -5.55115916e+00   8.81411515e+00   4.64906182e+00 
 -2.94583376e+00   1.06082648e+01   2.61301036e+00 
 -4.96916770e+00   1.16333983e+01  -3.15666504e-01 
 -3.52772852e+00   1.12110705e+01  -6.18626931e+00 
 -3.18035836e-01   1.32348111e+01  -5.74356178e+00 
  4.98917173e+00   1.14347224e+01   2.17897330e+00 
  6.02998753e+00   9.75082978e+00   5.48371492e+00 
 -9.06891531e+00   2.56393289e+00   1.22841365e+01 
 -1.06770610e+01   5.19484750e+00   1.00095483e+01 
 -8.60580616e+00   8.38672163e+00   9.92394482e+00 
  2.89914539e+00   4.66322342e+00  -1.35621140e+01 
 -2.55606727e+00   9.85713903e+00  -1.04233289e+01 
 -5.02964987e+00   6.95562762e+00  -1.08176119e+01 
 -6.74611669e+00   6.80514066e+00  -6.31028976e+00 
 -9.93336781e+00   5.36838743e+00  -7.73535773e+00 
 -1.10194963e+01   4.20762618e+00  -3.00361055e+00 
 -1.59372518e+01   1.74919922e+00  -3.52350021e-01 
 -1.13367796e+01  -4.99592514e+00   1.89439013e-01 
 -7.60579233e+00  -5.81693153e+00   3.42178521e-01 
 -4.80185906e+00  -4.58102205e+00  -1.90934388e+00 
 -1.14447580e+00  -5.63049469e+00  -2.34697126e+00 
  2.86702020e-01  -7.04793464e+00  -5.58618870e+00 
  3.18091165e+00  -4.58541812e+00  -5.00197555e+00 
  1.05509771e+00  -1.94760905e+00  -6.54291436e+00 
 -1.32926077e-01  -4.30346461e+00  -9.30221088e+00 
 -1.40987407e+00  -1.65128472e+00  -1.17125520e+01 
 -3.40567002e+00  -1.15892505e-01  -8.89676855e+00 
 -4.84701926e+00  -3.56315120e+00  -8.00294383e+00 
 -9.36205853e+00  -1.24622943e+00  -8.65936945e+00 
 -1.13212703e+01  -7.47283292e+00  -4.26187882e+00 
 -8.54113629e+00  -9.57337155e+00  -2.65708230e+00 
 -4.96234899e+00  -9.24965202e+00  -3.92986020e+00 
 -2.28879440e+00  -1.01436187e+01  -1.37142044e+00 
  1.23077786e+00  -1.13399735e+01  -2.45024141e+00 
  4.08872360e+00  -8.79792237e+00  -2.08804825e+00 
  6.01332777e+00  -8.92378084e+00   1.20632001e+00 
  9.84158222e+00  -5.44546129e+00  -2.04644224e+00 
  8.98416144e+00  -3.80374609e+00   1.24454891e+00 
  8.02834958e+00  -1.44391797e-01   7.93818049e-01 
  7.92277792e+00   3.02889199e+00   2.83268718e+00 
  1.01636089e+01   4.53572914e+00   8.98627286e-02 
  1.29544128e+01   2.06764624e+00   9.99225222e-01 
  9.72839506e+00  -2.65251199e+00  -1.34050335e+01 
  8.55551389e+00  -4.46988018e-01  -8.13479212e+00 
  8.36436563e+00  -4.20462115e+00  -8.32073799e+00 
  6.56431073e+00  -6.90038534e+00  -1.03365200e+01 

   4.703529950585e+00 

