  1.81726705e+00   3.89704334e-01   9.59625291e-01 
  2.85563664e+00   7.22155990e-01  -4.39092157e-03 
  2.66437516e+00   6.80241467e-01  -1.32282519e+00 
  3.79684950e+00   6.08049285e-01  -2.14055087e+00 
  1.44983904e+00   2.14866997e-01  -1.59795031e+00 
  4.95194391e-01  -2.27595055e-01  -6.30367593e-01 
  5.28525172e-01   1.80147397e-01   7.23005828e-01 
 -2.74773391e-02  -9.23898679e-01   1.59242809e+00 
 -1.25644811e+00  -9.70544085e-01   2.17834430e+00 
 -1.80103120e+00  -2.14430115e-01   3.72233990e+00 
 -2.12043962e+00  -2.46854572e+00   2.69001041e+00 
 -2.99665876e+00  -6.23124866e-01   1.79735684e+00 
  7.88448776e-01  -2.06047385e+00   1.07859568e+00 
  2.09529714e+00  -1.78968871e+00   1.08149423e+00 
  3.08563217e+00  -2.10557002e+00   9.01304765e-02 
  2.78033310e+00  -2.50893109e+00  -1.14707064e+00 
  3.61365542e+00  -2.33550514e+00  -2.21957370e+00 
  1.50350537e+00  -2.88927911e+00  -1.11648953e+00 
  4.87044861e-01  -2.51831862e+00  -1.81002996e-01 
  4.81627867e+00   1.83038595e+00  -1.09833080e+01 
  2.05563283e+00   4.42689154e+00  -1.13780325e+01 
 -1.24297711e+00   4.58543227e+00  -9.50167891e+00 
 -1.11991096e+01   4.65208021e+00  -2.54807727e+00 
 -7.84003924e+00   5.95779223e+00  -1.38756679e+00 
 -7.16827747e+00   2.51887243e+00   9.48704271e-02 
 -8.51832074e+00   1.02784019e+00  -3.11754699e+00 
 -5.88065701e+00   2.89226099e+00  -5.12302533e+00 
 -3.15025232e+00   1.71227662e+00  -2.81837677e+00 
 -4.38826323e+00  -1.87805682e+00  -2.78654650e+00 
 -4.44970577e+00  -1.82494006e+00  -6.61803133e+00 
 -8.54240498e-01  -5.49934279e-01  -6.74273670e+00 
  4.11874729e-01  -3.04755144e+00  -4.26711377e+00 
 -1.20100824e+00  -5.95402999e+00  -6.20306943e+00 
  7.57579836e-01  -4.82398239e+00  -9.25694303e+00 
  3.97026382e+00  -4.33235926e+00  -7.22527125e+00 
  3.67599520e+00  -7.87397881e+00  -5.90222108e+00 
  3.96053183e+00  -9.33054462e+00  -9.37065021e+00 
  7.82022563e+00  -1.44367216e+01   1.14402899e-01 
  6.56109609e+00  -1.38387085e+01   5.24807005e+00 
  8.45218101e+00  -1.09044723e+01   3.66418192e+00 
  6.15317466e+00  -9.42854698e+00   1.09910080e+00 
  4.92540062e+00  -6.52578439e+00   3.21942337e+00 
  8.33289749e+00  -5.64333878e+00   4.66614320e+00 
  9.68635779e+00  -5.57630560e+00   1.11109279e+00 
  7.02831833e+00  -3.36397434e+00  -2.48145224e-01 
  7.46562671e+00  -1.06420423e+00   2.84083052e+00 
  1.11629540e+01  -6.47408153e-01   2.54259549e+00 
  1.07291737e+01   1.22735346e-01  -1.16536412e+00 
  8.16680173e+00   2.79148702e+00  -3.12291808e-01 
  1.04627353e+01   4.26731763e+00   2.34907772e+00 
  1.33374330e+01   4.34225993e+00  -1.42392724e-01 
  1.12306644e+01   6.14406964e+00  -2.78641870e+00 
  5.20938296e+00   9.03234085e+00   1.20456593e+00 
  5.78239201e+00   8.50392925e+00  -2.50584276e+00 
  3.53736452e+00   5.60102880e+00  -3.21211918e+00 
  3.93871413e+00   6.43758757e+00  -6.85829741e+00 
  5.38522943e+00   9.32227962e+00  -8.93356156e+00 
  1.80001701e+00   1.05378346e+01  -9.32779932e+00 
  7.42926767e-01   9.83777048e+00  -5.74666018e+00 
 -4.15679805e+00   8.71840795e+00   6.23233708e+00 
 -3.62059529e+00   3.53940887e+00   8.64380443e+00 
 -2.47870172e+00   6.83422895e+00   1.01603614e+01 
 -2.54406319e-01   5.16982908e+00   1.27871165e+01 
  1.41790319e+00   3.12962569e+00   1.00350630e+01 
  1.96833532e+00   6.14752314e+00   7.80040663e+00 
  3.71290674e+00   7.84828009e+00   1.07564295e+01 
  6.05573292e+00   4.89596240e+00   1.12493867e+01 
  6.85212551e+00   4.79710737e+00   7.51058168e+00 
  1.17500378e+01   5.36670792e+00   8.82340570e+00 
  5.50136073e+00  -1.98913239e+00   1.06145191e+01 
  4.73037425e+00  -5.04233353e+00   8.52070918e+00 
  9.61245916e-01  -3.73549385e+00   1.23189424e+01 
  6.43841498e-02  -3.36705716e+00   8.72614257e+00 
 -9.04516576e-01  -6.97048173e+00   8.36864645e+00 
 -3.41847531e+00  -6.49886879e+00   1.12420217e+01 
 -4.93780909e+00  -3.39904959e+00   9.61014013e+00 
 -5.24450050e+00  -5.31883217e+00   6.35292950e+00 
 -7.07085029e+00  -8.12647960e+00   8.14122491e+00 
 -1.01074370e+01  -4.16810177e+00   6.21506716e+00 
 -1.09041359e+01  -7.56650564e+00   4.78743839e+00 
 -1.21697318e+01  -2.03701355e+00   4.08206836e-01 
 -1.18319742e+01  -4.92688602e+00  -2.07152075e+00 
 -8.49809831e+00  -6.72583045e+00  -1.69453494e+00 
 -7.11179551e+00  -8.54003374e+00  -4.75939875e+00 
 -3.17147745e+00  -9.97721217e+00  -1.67201783e+00 
 -2.61004147e+00  -1.19561865e+01   3.93632381e+00 

   8.977678128726e+00 

 -2.09395715e+00  -2.52530865e+00   5.50481961e-01 
 -3.33340171e+00  -2.87526327e+00  -1.27287705e-01 
 -4.04456152e+00  -2.00150383e+00  -8.39609865e-01 
 -4.95864782e+00  -2.51210481e+00  -1.76703534e+00 
 -3.41192586e+00  -8.33908093e-01  -9.01718784e-01 
 -2.12987559e+00  -5.56945002e-01  -3.33410812e-01 
 -1.57996617e+00  -1.31463068e+00   7.26068542e-01 
 -7.35070549e-02  -1.32373109e+00   6.05861599e-01 
  8.15991949e-01  -6.07280306e-01   1.34837930e+00 
  1.48206020e+00  -9.79969662e-01   2.98228788e+00 
  2.49048843e+00  -1.66137998e-01   8.44645813e-01 
  1.04716254e+00   1.06446299e+00   2.01622598e+00 
  4.54289637e-02  -1.73870248e+00  -8.20748110e-01 
 -6.61856873e-01  -2.83783100e+00  -1.09065343e+00 
 -1.46197845e+00  -3.13638945e+00  -2.24564904e+00 
 -1.83330639e+00  -2.21277232e+00  -3.13762508e+00 
 -2.95014401e+00  -2.33251921e+00  -3.92063204e+00 
 -1.04355145e+00  -1.15764386e+00  -2.94044520e+00 
 -3.04623004e-01  -8.06565625e-01  -1.76713043e+00 
 -1.16692611e+01   1.42069353e+00  -6.26464176e+00 
 -1.25510361e+01   3.97129072e+00  -3.57470850e+00 
 -1.01666981e+01   5.73164930e+00  -1.19926413e+00 
 -1.89352573e+00   1.03446045e+01   6.40052892e+00 
 -3.40830807e+00   6.89932858e+00   6.81348228e+00 
 -4.43518220e-01   5.51234490e+00   4.87406207e+00 
 -8.84098387e-01   8.37668709e+00   2.43134790e+00 
 -4.44531451e+00   7.25391743e+00   1.71552235e+00 
 -3.32315711e+00   3.70397145e+00   1.17006456e+00 
 -3.85104145e-01   4.70698035e+00  -1.01762744e+00 
 -2.76888882e+00   6.83141926e+00  -3.13687317e+00 
 -5.15413941e+00   3.88231314e+00  -3.56338738e+00 
 -2.44812240e+00   1.46373632e+00  -4.45658737e+00 
 -1.03845673e+00   3.85041756e+00  -7.12370730e+00 
 -4.48039764e+00   3.86157258e+00  -8.73371884e+00 
 -4.84809944e+00   6.34390982e-02  -8.37358081e+00 
 -1.52353854e+00  -4.25437736e-01  -1.01309706e+01 
 -2.80455098e+00   1.20279275e+00  -1.32838135e+01 
  4.95501693e+00  -7.20383234e+00  -1.30508488e+01 
  8.23855735e+00  -8.91812023e+00  -9.23284612e+00 
  4.51832636e+00  -9.63474130e+00  -8.64890982e+00 
  2.86162404e+00  -6.30502908e+00  -8.18871341e+00 
  2.71329637e+00  -6.40227488e+00  -4.39427409e+00 
  1.64147652e+00  -1.00455699e+01  -4.14861700e+00 
 -1.15064046e+00  -9.26060015e+00  -6.61085926e+00 
 -2.41217196e+00  -6.27684582e+00  -4.79073296e+00 
 -2.22524188e+00  -8.30201208e+00  -1.49138285e+00 
 -4.18066529e+00  -1.12479541e+01  -2.68747545e+00 
 -6.82111260e+00  -8.87297048e+00  -4.07230105e+00 
 -7.05873759e+00  -7.16364522e+00  -6.90369745e-01 
 -7.33031643e+00  -1.05255711e+01   1.08613629e+00 
 -1.00821049e+01  -1.15953074e+01  -1.31391641e+00 
 -1.20847684e+01  -8.38267036e+00  -7.27258255e-01 
 -9.13330085e+00  -5.46018415e+00   5.85102516e+00 
 -1.13058779e+01  -3.93825647e+00   3.14208883e+00 
 -8.88238551e+00  -1.68501239e+00   1.40560337e+00 
 -1.18658500e+01  -4.54572520e-02  -1.96372352e-01 
 -1.56778495e+01  -1.22670496e-01   2.31732836e-01 
 -1.52964550e+01   3.11309242e+00   2.19924956e+00 
 -1.21810149e+01   2.06103764e+00   4.10169563e+00 
 -2.03400626e+00  -3.03963913e-01   1.18606668e+01 
  2.73335045e+00  -2.08963519e+00   9.21332702e+00 
  9.92050896e-01  -3.85105629e+00   1.20986306e+01 
  2.84406219e+00  -7.15239475e+00   1.15612500e+01 
  1.84077846e+00  -7.08227867e+00   7.88411072e+00 
 -1.79861216e+00  -6.31883114e+00   8.64329030e+00 
 -1.81711927e+00  -9.37508580e+00   1.09526494e+01 
 -4.66371145e-01  -1.16294865e+01   8.20652888e+00 
 -3.03601948e+00  -1.02775643e+01   5.71817790e+00 
 -4.58050763e+00  -1.51038054e+01   5.11863582e+00 
  4.00363037e+00  -1.08601390e+01   2.95847147e+00 
  5.07516777e+00  -9.09702443e+00  -2.10713248e-01 
  8.06545569e+00  -7.97374959e+00   4.27673212e+00 
  5.95363035e+00  -5.27392593e+00   2.82777960e+00 
  8.55096499e+00  -4.28674654e+00   3.11717133e-01 
  1.10255800e+01  -3.72378769e+00   3.20274647e+00 
  8.53829230e+00  -1.54509078e+00   5.11245100e+00 
  7.93847694e+00   4.63441252e-01   1.95095350e+00 
  1.16739007e+01   1.01579311e+00   1.55351788e+00 
  9.03718974e+00   4.63480197e+00   4.47759519e+00 
  1.07642659e+01   6.05718358e+00   1.44180198e+00 
  4.83603982e+00   9.52273919e+00   3.49137379e+00 
  5.11174735e+00   1.05630256e+01  -1.76906683e-01 
  5.21408497e+00   7.54456892e+00  -2.49455503e+00 
  3.98003486e+00   8.02575814e+00  -6.07954268e+00 
  5.27269782e+00   3.03330857e+00  -6.80616429e+00 
  9.85318230e+00  -4.84037179e-01  -5.27891632e+00 

   8.977678128726e+00 

  9.72253045e-01   6.36650621e-01   7.59739823e-01 
  2.08567395e+00   8.50157455e-01  -1.52823321e-01 
  2.48161481e+00  -5.99259108e-02  -1.04253440e+00 
  3.25607086e+00   3.80973233e-01  -2.12059326e+00 
  1.66699503e+00  -1.11031171e+00  -1.02133305e+00 
  5.01889388e-01  -1.23663071e+00  -2.02854129e-01 
  3.14002838e-01  -4.93263452e-01   9.85038219e-01 
 -1.16254393e+00  -2.48232319e-01   1.19413388e+00 
 -1.98514982e+00  -8.80677121e-01   2.07684327e+00 
 -2.22987540e+00  -5.45733948e-01   3.83187146e+00 
 -3.77668657e+00  -1.02297073e+00   1.92703988e+00 
 -2.34475697e+00  -2.54725424e+00   2.69924833e+00 
 -1.50318716e+00   2.94073586e-01  -1.51759420e-01 
 -6.96200447e-01   1.29267462e+00  -5.16113712e-01 
 -1.13361310e-01   1.56019770e+00  -1.80144499e+00 
 -9.04522394e-02   6.66595865e-01  -2.79518803e+00 
  8.45243585e-01   6.80217436e-01  -3.79471455e+00 
 -9.84765046e-01  -2.70370020e-01  -2.48183777e+00 
 -1.51341162e+00  -6.00319596e-01  -1.19435776e+00 
  8.15784033e+00  -4.13800032e+00  -8.14381758e+00 
  9.14440524e+00  -7.00153048e+00  -5.83174085e+00 
  7.04499614e+00  -8.57024981e+00  -3.08251064e+00 
 -1.26682413e-01  -1.24881509e+01   5.90073318e+00 
  1.98484590e+00  -9.35445767e+00   6.13829810e+00 
 -1.04740140e+00  -7.38530951e+00   4.95382135e+00 
 -1.59557939e+00  -1.00759533e+01   2.34128307e+00 
  1.87656007e+00  -9.44670765e+00   9.25805881e-01 
  1.26392751e+00  -5.73608044e+00   8.04130468e-01 
 -2.18572177e+00  -6.10576134e+00  -7.41001979e-01 
 -6.71282680e-01  -8.38550333e+00  -3.42356106e+00 
  2.02560646e+00  -5.80347998e+00  -4.21634478e+00 
 -3.72200845e-01  -2.94149727e+00  -4.38787685e+00 
 -2.67318688e+00  -4.86533510e+00  -6.79645416e+00 
  3.13628217e-01  -5.26302648e+00  -9.11162067e+00 
  1.36557357e+00  -1.60504027e+00  -8.66076611e+00 
 -2.12354980e+00  -4.81513352e-01  -9.63227534e+00 
 -1.80454106e+00  -2.02292871e+00  -1.30608053e+01 
 -7.86317480e+00   7.40725107e+00  -1.07583765e+01 
 -9.96282355e+00   9.28043922e+00  -6.24393226e+00 
 -6.13606887e+00   9.38032561e+00  -6.44546957e+00 
 -4.98920922e+00   5.81329761e+00  -6.51218569e+00 
 -4.04826417e+00   5.57948330e+00  -2.83942367e+00 
 -2.36605081e+00   8.98839066e+00  -2.65983469e+00 
 -3.08661150e-01   7.99489825e+00  -5.70201356e+00 
  7.93963113e-01   4.71796731e+00  -4.34074402e+00 
  1.62570697e+00   6.47425397e+00  -9.87296286e-01 
  3.74884269e+00   9.18007169e+00  -2.43772297e+00 
  5.62112356e+00   6.55541314e+00  -4.47143454e+00 
  6.26687439e+00   4.56153437e+00  -1.30549532e+00 
  7.44640343e+00   7.68942974e+00   5.26786443e-01 
  9.78193422e+00   8.52444911e+00  -2.35851546e+00 
  1.13078032e+01   5.01055841e+00  -2.37122609e+00 
  9.33672327e+00   2.04153988e+00   4.54438462e+00 
  1.06247281e+01   4.34964166e-01   1.36088828e+00 
  7.55937117e+00  -1.28046032e+00   8.54621615e-02 
  9.83844443e+00  -3.21442716e+00  -2.19951599e+00 
  1.36167329e+01  -3.74573085e+00  -2.60303665e+00 
  1.31234743e+01  -7.03608096e+00  -7.54513570e-01 
  1.06826332e+01  -5.68550384e+00   1.82430849e+00 
  2.88068712e+00  -2.45921370e+00   1.16973699e+01 
 -1.97096235e+00   2.30927259e-01   1.02313007e+01 
  5.92345870e-01   1.47118307e+00   1.27514043e+01 
 -7.63485984e-01   5.04584841e+00   1.27837640e+01 
 -5.64859128e-01   5.12387717e+00   8.97754457e+00 
  2.97724291e+00   3.76336395e+00   8.89455806e+00 
  3.97229856e+00   6.58493348e+00   1.12867922e+01 
  2.47315513e+00   9.23162231e+00   9.00740010e+00 
  4.21755277e+00   7.71503485e+00   5.96113745e+00 
  6.37561971e+00   1.22869780e+01   5.27006607e+00 
 -3.04666054e+00   9.57021993e+00   4.82028865e+00 
 -5.02263049e+00   8.25066602e+00   1.87838155e+00 
 -7.16688213e+00   7.22964712e+00   6.84833522e+00 
 -5.87105705e+00   4.36952857e+00   4.85111798e+00 
 -9.05708739e+00   3.99085397e+00   2.91280506e+00 
 -1.09409302e+01   3.57376464e+00   6.24084733e+00 
 -8.50531487e+00   8.98666734e-01   7.46228940e+00 
 -8.90761641e+00  -9.14426910e-01   4.15473884e+00 
 -1.26836507e+01  -8.65278532e-01   4.54918486e+00 
 -1.01311175e+01  -5.06416643e+00   6.65954327e+00 
 -1.26561020e+01  -5.96030505e+00   4.00560456e+00 
 -7.08330487e+00  -1.04316677e+01   4.55835495e+00 
 -8.27582383e+00  -1.11181374e+01   9.91682849e-01 
 -8.35701291e+00  -7.94086925e+00  -1.10388937e+00 
 -7.98420735e+00  -8.31001574e+00  -4.88956052e+00 
 -8.56204054e+00  -3.13776141e+00  -5.08295944e+00 
 -1.20891277e+01   8.92427708e-01  -2.43677782e+00 

   8.977678128726e+00 

  2.26304780e-01  -3.06052374e-01   1.37599051e+00 
  9.80683254e-01   7.27909517e-01   2.06873772e+00 
  1.64484210e+00   1.69296883e+00   1.43300172e+00 
  1.97520414e+00   2.84085663e+00   2.16073769e+00 
  1.43506718e+00   1.61101750e+00   1.22794233e-01 
  5.82484632e-01   6.60741594e-01  -5.20178613e-01 
  2.16209029e-01  -5.68199348e-01   7.52462843e-02 
 -1.16051273e+00  -9.66342634e-01  -4.04410588e-01 
 -1.46671183e+00  -1.91926252e+00  -1.32854724e+00 
 -1.61760704e+00  -3.70235284e+00  -1.10489340e+00 
 -2.97971080e+00  -1.98574740e+00  -2.30768273e+00 
 -9.12251546e-01  -2.51842002e+00  -2.94958664e+00 
 -1.88386941e+00   3.06203904e-01  -1.23443130e-01 
 -1.69944323e+00   7.29457943e-01   1.12876638e+00 
 -1.48007603e+00   2.06581130e+00   1.60770717e+00 
 -1.16197111e+00   3.08753871e+00   8.06797276e-01 
 -4.78765670e-01   4.19335544e+00   1.23710548e+00 
 -1.45813528e+00   2.70181939e+00  -4.33926803e-01 
 -1.60042373e+00   1.37233522e+00  -9.42025777e-01 
  7.62966559e+00   9.58600399e+00   3.55813859e-01 
  1.01373469e+01   7.52153633e+00  -1.63625081e+00 
  9.39692470e+00   4.59554188e+00  -3.94211226e+00 
  6.13358498e+00  -5.04880249e+00  -1.05616913e+01 
  6.51945567e+00  -5.14184319e+00  -6.79639331e+00 
  2.79445429e+00  -4.41380257e+00  -6.53300212e+00 
  3.26216824e+00  -1.78976541e+00  -9.22764352e+00 
  5.81215105e+00   1.75232352e-02  -7.06279396e+00 
  3.50503328e+00  -7.59125398e-02  -4.09170743e+00 
  4.78741286e-01   1.04590088e+00  -6.09352406e+00 
  2.54079546e+00   3.97772318e+00  -7.44970366e+00 
  3.56842200e+00   4.99911007e+00  -3.91851205e+00 
  1.01055358e-01   4.76726605e+00  -2.54247969e+00 
 -1.29657024e+00   6.94476098e+00  -5.38889707e+00 
  1.20354400e+00   9.62297479e+00  -4.38101892e+00 
  4.44361724e-01   9.16847774e+00  -6.51703081e-01 
 -3.25144338e+00   9.66073960e+00  -1.34367682e+00 
 -2.67508059e+00   1.31576930e+01  -2.63660710e+00 
 -1.21331476e+01   9.77652901e+00   2.84510901e+00 
 -1.42819233e+01   4.97124202e+00   3.61292739e+00 
 -1.10191609e+01   5.63807705e+00   5.51144229e+00 
 -8.33815920e+00   5.97868356e+00   2.91535990e+00 
 -6.94459065e+00   2.46088213e+00   3.25042322e+00 
 -7.07059713e+00   2.36223830e+00   7.05267719e+00 
 -5.18992471e+00   5.66938642e+00   7.07663920e+00 
 -2.50502048e+00   4.57756908e+00   4.75148640e+00 
 -2.18961407e+00   1.28858740e+00   6.77758381e+00 
 -1.80356941e+00   2.88695720e+00   1.01285651e+01 
  8.15516792e-01   5.23222918e+00   8.65535853e+00 
  2.72172647e+00   2.24654592e+00   7.28869179e+00 
  2.49888400e+00   4.57599463e-01   1.06476033e+01 
  3.77554350e+00   3.57501431e+00   1.24164429e+01 
  6.76852743e+00   3.90669617e+00   1.00483424e+01 
  7.32815494e+00  -3.08296025e+00   6.67826541e+00 
  8.81084724e+00   2.92619440e-01   5.79408439e+00 
  6.79099596e+00   1.24455325e+00   2.79744817e+00 
  9.40580113e+00   3.86321777e+00   2.11853884e+00 
  1.28998845e+01   4.74799954e+00   3.43349830e+00 
  1.42615251e+01   2.97717434e+00   3.51800947e-01 
  1.18191009e+01   6.90200449e-02   4.48183778e-01 
  4.73413353e+00  -1.08024140e+01  -1.61578881e-01 
 -9.53714818e-01  -1.00458699e+01  -1.34341210e-01 
  1.01043297e+00  -1.22761389e+01   2.23794231e+00 
 -1.86065861e+00  -1.26086641e+01   4.74070471e+00 
 -2.20396823e+00  -8.81251612e+00   4.80587077e+00 
  1.51744422e+00  -8.24365510e+00   5.28738545e+00 
  1.34946256e+00  -1.05991442e+01   8.30361288e+00 
 -1.49815153e+00  -8.62203100e+00   9.86250308e+00 
  3.56998993e-01  -5.32977293e+00   9.27758413e+00 
 -1.48792001e-02  -4.54993727e+00   1.43066059e+01 
 -6.99717779e+00  -5.16128456e+00   7.43374620e+00 
 -8.46496051e+00  -2.43750246e+00   5.25955160e+00 
 -9.22418025e+00  -7.59178688e+00   3.47134813e+00 
 -6.99140336e+00  -5.34480842e+00   1.51837280e+00 
 -9.83318903e+00  -3.80031492e+00  -3.76365901e-01 
 -1.08583598e+01  -7.31686376e+00  -1.55178155e+00 
 -7.31431258e+00  -8.12855446e+00  -2.71847744e+00 
 -7.22271682e+00  -4.83014198e+00  -4.58960843e+00 
 -1.04875707e+01  -5.68761871e+00  -6.32797007e+00 
 -6.00778427e+00  -7.30949123e+00  -8.75711422e+00 
 -8.11840388e+00  -4.95465074e+00  -1.08118680e+01 
 -1.07323637e+00  -4.65014906e+00  -1.20876337e+01 
 -2.23675753e+00  -1.23409103e+00  -1.33490845e+01 
 -4.07664853e+00   7.15302269e-01  -1.06458060e+01 
 -4.05371526e+00   4.52921759e+00  -1.08909247e+01 
 -7.03194239e+00   4.45653836e+00  -6.61911127e+00 
 -1.16820662e+01   1.24777685e+00  -4.67868777e+00 

   8.977678128726e+00 

  8.49965679e-01  -1.09305400e-01  -2.67275919e+00 
 -2.65793215e-01   4.21694122e-01  -3.44164433e+00 
 -1.49178233e+00  -9.96074215e-02  -3.39919321e+00 
 -2.55359158e+00   7.04299205e-01  -3.82660447e+00 
 -1.54396600e+00  -1.08300345e+00  -2.50612304e+00 
 -4.61925460e-01  -1.49828967e+00  -1.66942656e+00 
  8.92745539e-01  -1.24183058e+00  -1.98260332e+00 
  1.68196239e+00  -1.08758863e+00  -7.03033949e-01 
  2.52530528e+00  -1.99798592e+00  -1.41079944e-01 
  4.25390163e+00  -2.32932623e+00  -5.33979107e-01 
  2.98133657e+00  -2.07188810e+00   1.60215451e+00 
  2.62415652e+00  -3.77598817e+00   2.09806185e-01 
  8.17069697e-01  -8.89245400e-02  -1.29666009e-02 
  5.55626144e-01   9.72118101e-01  -7.79139838e-01 
 -6.77950444e-01   1.69109484e+00  -9.36327013e-01 
 -1.85659395e+00   1.22400970e+00  -5.13000611e-01 
 -3.05342147e+00   1.60127960e+00  -1.06075676e+00 
 -1.58748888e+00   2.39183383e-01   3.43497163e-01 
 -3.92613344e-01  -5.38768259e-01   4.57525227e-01 
 -1.10789048e+01  -1.30144102e+00  -5.83253010e+00 
 -1.03964492e+01  -4.81520572e+00  -7.13887083e+00 
 -7.79659650e+00  -7.27846490e+00  -5.87404449e+00 
  1.22238866e+00  -1.42028160e+01  -1.60873557e+00 
  1.75285089e+00  -1.13786331e+01  -4.07401911e+00 
  2.47078424e+00  -9.10631641e+00  -1.10817996e+00 
 -5.28989469e-01  -1.06506722e+01   6.18592312e-01 
 -2.77627459e+00  -9.55318807e+00  -2.24506206e+00 
 -1.39533447e+00  -6.05512410e+00  -2.12084167e+00 
 -1.64355048e+00  -5.82571472e+00   1.66200627e+00 
 -5.29483421e+00  -6.96620928e+00   1.42904303e+00 
 -6.05725504e+00  -4.27868715e+00  -1.17182239e+00 
 -4.37725405e+00  -1.54834542e+00   7.49812038e-01 
 -6.31581390e+00  -2.45058678e+00   3.94744860e+00 
 -9.52535621e+00  -1.97771109e+00   1.96895283e+00 
 -8.25428239e+00   1.25816285e+00   3.55195362e-01 
 -7.47840898e+00   2.66657107e+00   3.78951211e+00 
 -1.11024448e+01   2.48886055e+00   4.82262823e+00 
 -3.72444899e+00   1.04302680e+01   8.48810732e+00 
  1.58929493e+00   1.05220582e+01   8.71890023e+00 
  9.15527167e-02   1.06812736e+01   5.19383787e+00 
 -1.59356960e+00   7.38481759e+00   4.61317678e+00 
  1.18893562e+00   5.81887035e+00   2.55533775e+00 
  1.91530305e+00   8.92121168e+00   4.74325472e-01 
 -1.80128278e+00   9.10816671e+00  -3.17362088e-01 
 -2.12881973e+00   5.55815230e+00  -1.36484888e+00 
  1.09547209e+00   5.96101198e+00  -3.47757194e+00 
  6.51310200e-03   9.00595989e+00  -5.34180179e+00 
 -3.32500869e+00   7.30596903e+00  -6.07749505e+00 
 -1.48113596e+00   4.28892300e+00  -7.46071031e+00 
  7.65459148e-01   6.52489293e+00  -9.57861576e+00 
 -2.28755397e+00   8.35496226e+00  -1.09228202e+01 
 -4.04185304e+00   5.08739006e+00  -1.18826496e+01 
  1.65898636e+00  -2.06433151e-01  -1.19246597e+01 
 -2.11761323e+00  -5.36528943e-01  -1.18696764e+01 
 -2.72782433e+00  -1.65879805e+00  -8.35770256e+00 
 -6.18587184e+00  -2.62488028e+00  -9.48203361e+00 
 -8.05817263e+00  -2.97875236e+00  -1.28121748e+01 
 -7.40056753e+00  -6.71672174e+00  -1.25260176e+01 
 -3.82908647e+00  -6.40081523e+00  -1.12703054e+01 
  8.63214829e+00  -7.00344420e+00  -7.64937766e+00 
  9.99669476e+00  -3.95348529e+00  -2.98456434e+00 
  1.17054166e+01  -3.72863470e+00  -6.37416866e+00 
  1.34373332e+01  -4.12061783e-01  -5.58780469e+00 
  1.00814226e+01   1.05561289e+00  -4.53109150e+00 
  8.28805067e+00  -1.86774542e-01  -7.63667685e+00 
  1.09824995e+01   1.55927191e+00  -9.72604078e+00 
  1.04359938e+01   4.86033058e+00  -7.92260954e+00 
  6.64782081e+00   4.56273570e+00  -8.35139800e+00 
  6.84580061e+00   9.06538903e+00  -1.07439727e+01 
  8.86490880e+00   6.72144013e+00  -1.42777475e+00 
  6.55379279e+00   6.57629199e+00   1.56190282e+00 
  1.12894352e+01   3.80849926e+00   2.06563720e+00 
  8.11345157e+00   1.87721041e+00   1.88796156e+00 
  7.42655995e+00   2.24188023e+00   5.55489986e+00 
  1.08477322e+01   6.37418715e-01   6.27599393e+00 
  1.01319133e+01  -2.30405562e+00   3.94884466e+00 
  6.77589164e+00  -2.77744723e+00   5.65238952e+00 
  8.47451924e+00  -2.86883288e+00   9.04690731e+00 
  7.96940583e+00  -7.55412339e+00   6.51854598e+00 
  6.24837975e+00  -7.40982767e+00   9.87104503e+00 
  3.22394434e+00  -1.17835554e+01   5.06709035e+00 
  3.08049159e-01  -1.11122038e+01   7.44644623e+00 
 -3.99597498e-01  -7.38772465e+00   7.79363318e+00 
 -3.95237949e+00  -6.34396583e+00   8.73960720e+00 
 -2.14607007e+00  -1.45982872e+00   8.66240431e+00 
  2.78596254e+00   1.32655692e+00   1.05587574e+01 

   8.977678128726e+00 

 -2.18658577e+00  -9.96246751e-01  -2.18680798e-01 
 -2.48750444e+00  -2.10961085e+00   6.68974039e-01 
 -3.04029631e+00  -1.95209652e+00   1.87156170e+00 
 -2.90677228e+00  -2.99939432e+00   2.78901676e+00 
 -3.17822818e+00  -6.59467571e-01   2.14986083e+00 
 -2.75320564e+00   4.16876706e-01   1.31070994e+00 
 -2.55249542e+00   2.71819435e-01  -8.12879958e-02 
 -1.46509023e+00   1.21970352e+00  -5.31862432e-01 
 -1.62309668e+00   2.39427898e+00  -1.20361326e+00 
 -1.84479884e+00   2.66242971e+00  -2.97311738e+00 
 -4.50219007e-01   3.76413858e+00  -1.21523578e+00 
 -2.67693949e+00   3.87197341e+00  -1.19923396e+00 
 -4.17902419e-01   8.67940463e-01   4.68748744e-01 
 -1.90129897e-01  -4.45883277e-01   5.25073732e-01 
  3.20205326e-02  -1.27580276e+00   1.67625981e+00 
 -2.21481482e-01  -8.76612515e-01   2.92644307e+00 
 -5.01890894e-01  -1.74369122e+00   3.94835820e+00 
 -3.32461403e-01   4.50716584e-01   2.88437439e+00 
 -6.32627244e-01   1.28304003e+00   1.76050746e+00 
 -7.08692797e+00  -4.63687027e+00   1.05718612e+01 
 -1.04130465e+01  -3.04280014e+00   9.61546697e+00 
 -1.09579869e+01   1.31718963e-02   7.42669093e+00 
 -1.17425296e+01   9.42400889e+00  -2.08898844e-01 
 -1.12187837e+01   5.85287365e+00  -1.35244825e+00 
 -7.47672519e+00   6.53969977e+00  -1.33452268e+00 
 -7.95282153e+00   8.25782165e+00   2.01014608e+00 
 -9.40813328e+00   5.06475857e+00   3.47359887e+00 
 -6.54017010e+00   3.02695975e+00   2.13904239e+00 
 -3.91064437e+00   5.50439961e+00   3.31039397e+00 
 -5.49294043e+00   5.43831699e+00   6.80021414e+00 
 -5.36893941e+00   1.62423078e+00   6.87723185e+00 
 -1.82582106e+00   1.43801391e+00   5.70186647e+00 
 -6.86564487e-01   3.95778516e+00   8.37577385e+00 
 -2.17013771e+00   1.63850295e+00   1.09947735e+01 
 -6.61455566e-01  -1.47230904e+00   9.34024977e+00 
  2.76724270e+00   1.45439971e-01   9.42416111e+00 
  2.73172787e+00   3.25657557e-01   1.31922914e+01 
  1.21695662e+01  -1.11627116e+00   6.88479107e+00 
  1.32525345e+01  -2.90146127e-02   1.79140141e+00 
  1.07944783e+01  -2.91255043e+00   2.37262995e+00 
  7.72286111e+00  -1.39183926e+00   3.88789639e+00 
  5.66715129e+00  -1.26676093e+00   6.96088100e-01 
  6.68054801e+00  -4.71874063e+00  -5.44720775e-01 
  5.69016378e+00  -6.09670435e+00   2.86043513e+00 
  2.34464503e+00  -4.48204171e+00   2.94692335e+00 
  1.76607966e+00  -5.65456013e+00  -7.01694889e-01 
  2.58595777e+00  -9.25082820e+00  -1.29376622e-01 
  3.13413021e-01  -9.23268439e+00   2.93092762e+00 
 -2.51116978e+00  -7.81575844e+00   8.26225574e-01 
 -1.90965275e+00  -1.04217260e+01  -1.89027678e+00 
 -1.95447875e+00  -1.31868497e+01   7.22960616e-01 
 -5.26695169e+00  -1.19672468e+01   2.21156986e+00 
 -8.24521286e+00  -7.33390307e+00  -3.28278951e+00 
 -9.06400075e+00  -7.77113131e+00   3.93228532e-01 
 -7.66220502e+00  -4.63230034e+00   1.85900977e+00 
 -9.67492043e+00  -5.41272450e+00   4.94047737e+00 
 -1.24406165e+01  -7.87829910e+00   5.93669188e+00 
 -1.48817205e+01  -5.00805226e+00   5.39869595e+00 
 -1.32397879e+01  -3.67074866e+00   2.24468841e+00 
 -9.26221760e+00   1.61756219e+00  -8.93428085e+00 
 -3.72204349e+00   3.09838386e+00  -9.13013210e+00 
 -5.52162200e+00   8.61253719e-01  -1.16234173e+01 
 -2.29162779e+00  -5.18753262e-01  -1.31334761e+01 
 -1.06313076e+00  -1.39252659e+00  -9.63202463e+00 
 -4.31811863e+00  -3.07931773e+00  -8.65010840e+00 
 -3.98373253e+00  -5.24831392e+00  -1.17898243e+01 
 -4.62528302e-01  -6.32016812e+00  -1.08409985e+01 
 -1.57934821e+00  -7.12437628e+00  -7.27327660e+00 
  1.67560495e-01  -1.18487200e+01  -8.08959955e+00 
  4.94057788e+00  -3.27827098e+00  -7.73162214e+00 
  6.43617336e+00  -1.49052993e+00  -4.75375827e+00 
  5.51179001e+00   1.63009194e+00  -9.19762693e+00 
  3.46419375e+00   2.22990834e+00  -6.14871118e+00 
  6.04485230e+00   4.45170778e+00  -4.58185146e+00 
  5.90257729e+00   6.69012501e+00  -7.70722166e+00 
  2.09327249e+00   6.91181559e+00  -7.56459668e+00 
  2.32817553e+00   7.81805674e+00  -3.88864873e+00 
  4.78219287e+00   1.06002113e+01  -4.69726068e+00 
 -4.02893259e-01   1.19059762e+01  -4.79502418e+00 
  1.64045838e+00   1.38631566e+01  -2.30180120e+00 
 -5.23070239e+00   1.28771392e+01  -5.21463016e-01 
 -3.63909689e+00   1.35642631e+01   2.88575649e+00 
 -7.97125783e-01   1.11425697e+01   3.62848719e+00 
  1.57362615e-02   1.04424867e+01   7.29668816e+00 
  3.83454673e+00   7.39706650e+00   5.48958786e+00 
  7.93021313e+00   7.75837819e+00   1.15599625e+00 

   8.977678128726e+00 

 -3.66288088e-01   3.35451686e+00   6.82134339e-01 
  8.52913719e-01   4.12475793e+00   8.77936280e-01 
  1.83054689e+00   3.74264137e+00   1.69941484e+00 
  3.09594448e+00   4.30718284e+00   1.50850386e+00 
  1.55878314e+00   2.54785278e+00   2.21515690e+00 
  4.11382425e-01   1.75434031e+00   1.90347607e+00 
 -7.80601490e-01   2.30221525e+00   1.37622674e+00 
 -1.45377479e+00   1.27843330e+00   4.91546106e-01 
 -2.54785945e+00   5.23930918e-01   7.90791263e-01 
 -4.29168658e+00   9.71054070e-01   6.84258122e-01 
 -2.97854043e+00  -1.05183901e+00   2.67523465e-02 
 -3.23796029e+00  -4.50420217e-01   2.15775335e+00 
 -2.92729424e-01   9.11656302e-01  -3.68111142e-01 
  3.02104971e-01   1.98071228e+00  -9.01474992e-01 
  1.70399660e+00   2.24419667e+00  -1.07065652e+00 
  2.66054741e+00   1.53772005e+00  -4.60348711e-01 
  3.90696067e+00   2.03737149e+00  -1.92826931e-01 
  2.08551421e+00   4.14956668e-01  -3.06650287e-02 
  6.99494842e-01   1.64471606e-01   2.18626473e-01 
  1.04114281e+01   4.37093805e+00   6.72456860e+00 
  8.56246870e+00   4.34378752e+00   1.00561487e+01 
  5.29955377e+00   2.57600490e+00   1.08654672e+01 
 -5.47267108e+00  -2.83899167e+00   1.23209999e+01 
 -5.04896284e+00   5.46870630e-01   1.06804421e+01 
 -4.91551825e+00  -1.24607981e+00   7.32744723e+00 
 -2.59262818e+00  -3.77412826e+00   8.93324061e+00 
 -1.45179366e-01  -1.00276184e+00   9.81913037e+00 
 -2.58813733e-01   3.55797147e-01   6.31195451e+00 
  1.03163337e-01  -3.06812192e+00   4.70885464e+00 
  3.14943187e+00  -3.72179574e+00   6.94040816e+00 
  4.74151256e+00  -4.18843864e-01   5.88005459e+00 
  4.11077615e+00  -9.63849202e-01   2.23656877e+00 
  5.67227576e+00  -4.47660227e+00   2.37519858e+00 
  8.82556477e+00  -2.86908469e+00   3.75790405e+00 
  8.70322414e+00  -2.30928968e-02   1.19351613e+00 
  8.49603456e+00  -2.56235622e+00  -1.61528059e+00 
  1.18595396e+01  -4.01794451e+00  -7.20494327e-01 
  7.65488372e+00  -3.53185234e+00  -1.13516324e+01 
  2.68945217e+00  -3.06619211e+00  -1.32023661e+01 
  4.10521293e+00   5.41579029e-02  -1.14837378e+01 
  4.56715717e+00  -8.46170122e-01  -7.87549114e+00 
  1.39149473e+00   7.99258491e-01  -6.59605363e+00 
  1.73018754e+00   3.95921192e+00  -8.68954950e+00 
  5.27970127e+00   4.30696950e+00  -7.36488027e+00 
  4.37222993e+00   3.90584907e+00  -3.78399916e+00 
  1.44654876e+00   6.39006777e+00  -4.32344287e+00 
  3.47673129e+00   9.10930253e+00  -5.87811762e+00 
  6.02601863e+00   8.74796216e+00  -3.06727823e+00 
  3.25139777e+00   9.11759418e+00  -5.02016233e-01 
  1.86599987e+00   1.21722924e+01  -2.31358083e+00 
  5.33990171e+00   1.37218761e+01  -2.40147133e+00 
  5.87161885e+00   1.31727079e+01   1.35240092e+00 
 -1.28456663e+00   1.19261840e+01   4.13827359e+00 
  2.15777251e+00   1.12949304e+01   5.59652971e+00 
  2.39920141e+00   7.57184233e+00   5.38174322e+00 
  5.31072441e+00   7.82655174e+00   7.75106480e+00 
  6.90785108e+00   1.05307476e+01   9.95494486e+00 
  5.02776604e+00   8.95212735e+00   1.28635500e+01 
  1.79121304e+00   8.34765784e+00   1.09684436e+01 
 -1.00886812e+01   6.30171644e+00   6.12707097e+00 
 -1.02776024e+01   3.31460356e+00   1.23154392e+00 
 -1.18547070e+01   6.72327379e+00   1.82602982e+00 
 -1.23511085e+01   7.44757236e+00  -1.89506365e+00 
 -8.68264326e+00   6.61684409e+00  -2.51562871e+00 
 -7.45750223e+00   8.79244554e+00   3.42720050e-01 
 -9.42971937e+00   1.16922949e+01  -1.19851577e+00 
 -7.77399388e+00   1.11993037e+01  -4.58430281e+00 
 -4.31625979e+00   1.10237521e+01  -2.96074701e+00 
 -3.01063342e+00   1.49288941e+01  -5.97449932e+00 
 -5.57865995e+00   5.72962438e+00  -8.24190217e+00 
 -3.41316640e+00   2.64558209e+00  -8.55784199e+00 
 -8.79889862e+00   1.72291759e+00  -7.86263492e+00 
 -6.46675035e+00   7.80828636e-01  -5.12003208e+00 
 -5.64780616e+00  -2.53913457e+00  -6.65574541e+00 
 -9.40010535e+00  -3.38678228e+00  -6.63484221e+00 
 -9.75345594e+00  -2.43078453e+00  -2.95496403e+00 
 -6.73319929e+00  -4.58092129e+00  -2.15246323e+00 
 -8.31676334e+00  -7.53154650e+00  -3.94203690e+00 
 -9.46129744e+00  -7.01577056e+00   1.25639697e+00 
 -7.74816824e+00  -1.02540303e+01   3.61486715e-01 
 -6.44741687e+00  -7.83405989e+00   6.98013265e+00 
 -3.44472969e+00  -1.01252565e+01   6.38955688e+00 
 -1.51362460e+00  -9.14028401e+00   3.26006652e+00 
  2.19510262e+00  -1.00512148e+01   3.11138354e+00 
  2.14768964e+00  -7.93855331e+00  -1.64865034e+00 
 -1.52419029e+00  -8.04544976e+00  -6.35937390e+00 

   8.977678128726e+00 

 -2.56775567e-01  -8.49263913e-01   1.76228918e-01 
 -1.02670838e-01  -1.60744932e+00   1.40889650e+00 
 -1.77094274e-01  -1.05224542e+00   2.61836601e+00 
  3.83245797e-01  -1.75482850e+00   3.69017810e+00 
 -3.16105656e-01   2.65678400e-01   2.51292486e+00 
 -3.34194113e-01   9.99648632e-01   1.28642746e+00 
 -6.56735997e-01   4.08929997e-01   4.30438906e-02 
  9.34688938e-02   1.12062511e+00  -1.05906059e+00 
 -4.08945613e-01   2.02330292e+00  -1.94708941e+00 
 -1.29965140e+00   1.71883690e+00  -3.48531732e+00 
  5.46573904e-01   3.27176384e+00  -2.83061656e+00 
 -1.51243979e+00   3.46341852e+00  -1.99761019e+00 
  1.46594448e+00   1.06839214e+00  -4.80143701e-01 
  1.81497692e+00  -1.65835415e-01  -1.11301808e-01 
  2.52509327e+00  -5.91161736e-01   1.06265681e+00 
  2.72307802e+00   1.96696697e-01   2.12409707e+00 
  2.92427863e+00  -2.86142103e-01   3.38946282e+00 
  2.48597291e+00   1.44384394e+00   1.71876538e+00 
  1.71385145e+00   1.88315399e+00   5.97706128e-01 
 -4.16595429e-01  -6.53746078e-01   1.25713699e+01 
 -3.98736771e+00   6.75016084e-01   1.25185444e+01 
 -5.58308545e+00   2.88740454e+00   9.87549924e+00 
 -1.00072210e+01   9.37982172e+00   6.14984406e-01 
 -9.63166254e+00   5.61339364e+00   5.25556823e-01 
 -6.23244756e+00   6.12733239e+00  -1.10424618e+00 
 -5.57447040e+00   8.84287203e+00   1.45667750e+00 
 -6.08414217e+00   6.34429339e+00   4.27671609e+00 
 -3.75364007e+00   3.87919176e+00   2.64855402e+00 
 -1.11022575e+00   6.49966420e+00   1.89379356e+00 
 -1.25913881e+00   7.61477094e+00   5.55729385e+00 
 -7.74128076e-01   4.02443126e+00   6.75845462e+00 
  2.07322502e+00   3.33735727e+00   4.43674021e+00 
  3.89944264e+00   6.53562944e+00   5.54710845e+00 
  3.71773028e+00   5.23529161e+00   9.11296332e+00 
  4.76999830e+00   1.70359082e+00   8.05914007e+00 
  7.82124926e+00   3.13173169e+00   6.31833393e+00 
  9.18212640e+00   4.51044269e+00   9.55557273e+00 
  1.56628833e+01   7.67560304e-01   8.99526664e-01 
  1.46594453e+01   1.24449133e-01  -4.28478480e+00 
  1.28663981e+01  -2.32564698e+00  -1.94455899e+00 
  1.04618577e+01  -2.84407136e-01   7.90398068e-02 
  7.35897961e+00  -1.11024454e+00  -1.95058281e+00 
  8.13943764e+00  -4.81360347e+00  -2.34903146e+00 
  8.62274630e+00  -4.98984976e+00   1.42059473e+00 
  5.42240528e+00  -3.30686767e+00   2.27645685e+00 
  3.62833453e+00  -5.56329548e+00  -3.14256569e-01 
  4.92145862e+00  -8.81522448e+00   9.84080907e-01 
  3.96717715e+00  -7.73176729e+00   4.51192987e+00 
  4.45584205e-01  -6.95746242e+00   3.32258008e+00 
  2.17946449e-01  -1.03169922e+01   1.53539924e+00 
  1.40203774e+00  -1.20957658e+01   4.68354484e+00 
 -1.20781527e+00  -1.03389480e+01   6.86943694e+00 
 -6.42765053e+00  -7.59981381e+00   1.79239426e+00 
 -5.76890136e+00  -6.80535008e+00   5.44062229e+00 
 -4.20782582e+00  -3.41796444e+00   5.20723970e+00 
 -4.84280706e+00  -3.09348550e+00   8.90142974e+00 
 -6.80200252e+00  -5.00338067e+00   1.15911192e+01 
 -9.51368117e+00  -2.36619901e+00   1.11682514e+01 
 -9.29798094e+00  -2.17272042e+00   7.38035927e+00 
 -1.02828679e+01  -8.97983302e-01  -5.51001288e+00 
 -5.37505462e+00   2.30864273e-01  -8.26024766e+00 
 -7.76851835e+00  -2.61697721e+00  -9.04817895e+00 
 -5.22844909e+00  -4.52936984e+00  -1.11714693e+01 
 -2.70618455e+00  -4.28168419e+00  -8.32371917e+00 
 -5.19214076e+00  -5.44042673e+00  -5.70041833e+00 
 -5.86384248e+00  -8.51173800e+00  -7.88903397e+00 
 -2.16262113e+00  -9.35600908e+00  -8.07926530e+00 
 -1.78660248e+00  -8.93229656e+00  -4.29749925e+00 
 -5.62685439e-02  -1.37319139e+01  -4.21315234e+00 
  3.71541878e+00  -5.68576768e+00  -8.38404487e+00 
  6.04986057e+00  -3.09658467e+00  -6.91877697e+00 
  3.25439262e+00  -1.53082108e+00  -1.13992320e+01 
  2.45136810e+00   9.10510382e-02  -8.14761705e+00 
  5.22055663e+00   2.59806002e+00  -8.46025354e+00 
  3.71934807e+00   3.72135039e+00  -1.18193136e+01 
  2.36728586e-01   4.12135511e+00  -1.03054941e+01 
  1.74767061e+00   6.14751992e+00  -7.47693329e+00 
  3.46100030e+00   8.42898321e+00  -9.98210090e+00 
 -1.47858285e+00   9.83033606e+00  -8.48663233e+00 
  1.16495167e+00   1.24039194e+01  -7.70535392e+00 
 -4.42292260e+00   1.23013669e+01  -3.21984071e+00 
 -1.74060729e+00   1.39826012e+01  -1.07668234e+00 
  1.37749470e+00   1.18203707e+01  -7.68061485e-01 
  3.56293907e+00   1.23016340e+01   2.33012794e+00 
  6.68459016e+00   8.69534698e+00   2.38836997e-01 
  8.81128915e+00   7.49414160e+00  -5.21270431e+00 

   8.977678128726e+00 

  1.30087797e+00   7.69220672e-01  -3.89958518e+00 
  2.70459660e+00   1.06325032e+00  -3.65223256e+00 
  3.11318741e+00   2.11286627e+00  -2.93951478e+00 
  4.41100035e+00   2.07794921e+00  -2.41908467e+00 
  2.06859697e+00   2.76372842e+00  -2.43694690e+00 
  7.01267950e-01   2.37581801e+00  -2.58949936e+00 
  2.52886873e-01   1.53995019e+00  -3.63795721e+00 
 -9.31418364e-01   7.30900156e-01  -3.16171069e+00 
 -2.24385080e+00   9.36548246e-01  -3.46349326e+00 
 -3.16128638e+00   4.16684871e-01  -4.92645447e+00 
 -3.64812611e+00   3.86366751e-01  -2.47475487e+00 
 -3.44356115e+00   2.28977836e+00  -3.61727223e+00 
 -3.53516241e-01   1.90391135e-01  -1.89860284e+00 
  8.31399468e-01  -3.92839407e-01  -2.09096330e+00 
  2.01299010e+00  -3.28293560e-01  -1.27670047e+00 
  2.18128727e+00   5.69201584e-01  -3.00609889e-01 
  3.41205266e+00   9.84408639e-01   1.32501083e-01 
  9.74246800e-01   1.06543671e+00  -3.09937443e-02 
 -1.88291296e-01   1.07909640e+00  -8.64214785e-01 
  9.54758875e+00   8.52954608e+00   1.14743389e+00 
  8.16243083e+00   1.13906108e+01  -9.53627876e-01 
  4.59025174e+00   1.18405398e+01  -2.16348989e+00 
 -6.88498476e+00   1.20789011e+01  -6.13132591e+00 
 -4.16703671e+00   9.99406031e+00  -7.74415552e+00 
 -5.28108917e+00   7.09148212e+00  -5.55121677e+00 
 -5.44798094e+00   9.53040449e+00  -2.65480098e+00 
 -1.77369872e+00   1.03854083e+01  -3.12797842e+00 
 -8.35522802e-01   6.74278483e+00  -3.22796861e+00 
 -2.96877616e+00   5.85540493e+00  -2.13675093e-01 
 -1.31099383e+00   8.71660408e+00   1.72337673e+00 
  2.16592079e+00   7.43404566e+00   8.09773831e-01 
  1.39656179e+00   3.88698221e+00   1.70211667e+00 
  2.03895646e-02   4.93050106e+00   5.13928874e+00 
  3.36451623e+00   6.60334579e+00   5.81576946e+00 
  5.33042680e+00   3.61305861e+00   4.44314417e+00 
  3.43909786e+00   1.29811983e+00   6.77639470e+00 
  4.77821897e+00   3.06860489e+00   9.82675255e+00 
  2.32476620e+00  -8.09985439e+00   9.39943655e+00 
 -8.31231504e-01  -1.09350957e+01   6.19028553e+00 
  2.34464882e+00  -9.53729048e+00   4.56100022e+00 
  1.97485635e+00  -5.80812728e+00   4.55629172e+00 
  8.65763231e-01  -5.47535745e+00   9.38501750e-01 
  3.37175222e+00  -7.97518695e+00  -4.59216085e-01 
  6.10821367e+00  -6.06407851e+00   1.36675622e+00 
  5.12153676e+00  -2.71432007e+00   9.68355874e-02 
  4.81249097e+00  -4.23357985e+00  -3.45538805e+00 
  8.19601939e+00  -5.80745249e+00  -3.54229429e+00 
  9.69836765e+00  -2.53417363e+00  -2.29375669e+00 
  7.95083563e+00  -6.61859190e-01  -5.09666381e+00 
  9.15684582e+00  -3.20744359e+00  -7.66528486e+00 
  1.27121360e+01  -2.88206255e+00  -6.34962261e+00 
  1.26371490e+01   9.40808287e-01  -6.58605703e+00 
  6.64233144e+00   2.45041225e+00  -1.13093140e+01 
  8.60956723e+00   4.63829712e+00  -8.91811478e+00 
  6.15615288e+00   5.11946371e+00  -6.14051824e+00 
  8.35737791e+00   7.93090283e+00  -4.95479221e+00 
  1.13596806e+01   9.90430883e+00  -6.30105501e+00 
  8.86453549e+00   1.26182164e+01  -7.24747046e+00 
  6.17819097e+00   1.02615597e+01  -8.53658236e+00 
 -3.59615521e+00   3.62344860e+00  -1.39360535e+01 
 -5.75516898e+00  -6.25628383e-01  -1.07409441e+01 
 -4.47599009e+00  -9.46388416e-01  -1.43075279e+01 
 -4.25293255e+00  -4.76089957e+00  -1.41759625e+01 
 -2.23100384e+00  -4.50178927e+00  -1.09545477e+01 
  1.23627075e-01  -1.87789595e+00  -1.23599896e+01 
  8.00188126e-01  -4.25018169e+00  -1.52906380e+01 
  1.68227834e+00  -7.11163688e+00  -1.29492682e+01 
  3.97927180e+00  -4.83966155e+00  -1.09036324e+01 
  7.71164503e+00  -8.16794643e+00  -1.19182292e+01 
 -5.61809021e-01  -9.27286148e+00  -6.75184169e+00 
 -1.19992326e+00  -8.62437524e+00  -3.08131407e+00 
 -5.67684985e+00  -8.84408584e+00  -6.28281212e+00 
 -4.73703942e+00  -5.57896167e+00  -4.76490633e+00 
 -6.47446619e+00  -6.33010150e+00  -1.52941906e+00 
 -9.73028025e+00  -6.89538031e+00  -3.49889295e+00 
 -9.36829557e+00  -3.57584007e+00  -5.35089496e+00 
 -8.76093364e+00  -1.84170768e+00  -2.03231964e+00 
 -1.19346295e+01  -3.36997191e+00  -6.15103610e-01 
 -1.24694861e+01   1.33743447e+00  -3.09581950e+00 
 -1.35269417e+01   1.36527287e+00   5.23989146e-01 
 -1.10102537e+01   7.59259580e+00  -1.97429332e+00 
 -1.04912016e+01   8.00250807e+00   1.79094889e+00 
 -8.37521007e+00   5.18755454e+00   3.23720754e+00 
 -6.38941219e+00   5.92396352e+00   6.41853867e+00 
 -4.85072458e+00   9.54607691e-01   6.17064286e+00 
 -7.44620849e+00  -4.29129663e+00   4.97523638e+00 

   8.977678128726e+00 

 -4.57831507e-02  -1.23642536e+00  -1.77982515e+00 
 -5.60194446e-01   9.80964593e-02  -2.04907467e+00 
 -7.40570814e-03   1.20454479e+00  -1.55228153e+00 
 -7.90679873e-01   2.36292735e+00  -1.52039821e+00 
  9.90715462e-01   8.92706355e-01  -7.31381953e-01 
  1.39136936e+00  -4.34700726e-01  -3.83815728e-01 
  1.09585172e+00  -1.56063652e+00  -1.18626348e+00 
  9.41508735e-01  -2.77779167e+00  -3.03844543e-01 
  1.83884579e+00  -3.78799464e+00  -1.30296549e-01 
  2.12016006e+00  -5.23879090e+00  -1.16386028e+00 
  1.92817110e+00  -4.87953578e+00   1.30248095e+00 
  3.61899605e+00  -4.04498559e+00   1.13024991e-01 
 -2.41120086e-02  -2.22681386e+00   6.88910375e-01 
 -1.08993399e+00  -1.67279453e+00   1.07299055e-01 
 -1.77977741e+00  -4.61058084e-01   4.52490884e-01 
 -1.27647952e+00   4.56405626e-01   1.28407123e+00 
 -1.63174912e+00   1.77819518e+00   1.24637032e+00 
 -2.85634902e-01  -1.38033286e-01   1.94796743e+00 
  4.63469188e-01  -1.29850057e+00   1.57635277e+00 
  1.39907838e+00   1.09686470e+01  -1.51367414e-01 
  4.87376412e+00   1.07788041e+01  -1.70356997e+00 
  7.28966851e+00   7.85004680e+00  -1.59198058e+00 
  1.40485622e+01  -2.23464252e+00  -1.27894944e+00 
  1.11739901e+01  -1.72865130e+00  -3.69055265e+00 
  8.93043873e+00  -3.49041167e+00  -1.17306762e+00 
  1.05768639e+01  -1.41086720e+00   1.53436630e+00 
  9.49242871e+00   1.78236873e+00  -2.21345152e-01 
  5.96284718e+00   5.20821511e-01  -5.52148167e-01 
  5.79843704e+00  -6.98284101e-01   3.04102998e+00 
  7.02732133e+00   2.74214234e+00   4.19869222e+00 
  4.32000314e+00   4.49139833e+00   2.15440914e+00 
  1.57807712e+00   2.25032022e+00   3.34992525e+00 
  2.57857506e+00   2.79667306e+00   7.02381091e+00 
  2.15656500e+00   6.52755411e+00   6.43930010e+00 
 -1.13508620e+00   6.03008390e+00   4.53975341e+00 
 -2.50931961e+00   4.01990718e+00   7.44677885e+00 
 -2.22386899e+00   6.96591994e+00   9.78602498e+00 
 -1.02918980e+01  -1.11413622e+00   1.05317545e+01 
 -1.05146910e+01  -6.10682201e+00   8.70938874e+00 
 -1.06905079e+01  -3.36802092e+00   6.03306608e+00 
 -7.36181113e+00  -1.64690199e+00   6.06395268e+00 
 -5.89893013e+00  -3.45303314e+00   3.05943990e+00 
 -9.05054739e+00  -3.27057409e+00   9.34172667e-01 
 -9.15552950e+00   4.67799754e-01   1.63293683e+00 
 -5.61501217e+00   1.11038036e+00   7.06147429e-01 
 -6.13211243e+00  -1.04818851e+00  -2.47113759e+00 
 -9.17701310e+00   7.25966355e-01  -3.70152237e+00 
 -7.40476924e+00   4.05442593e+00  -3.14406433e+00 
 -4.45719767e+00   2.83053446e+00  -5.20067060e+00 
 -6.78191090e+00   1.60855593e+00  -7.96377600e+00 
 -8.55465413e+00   4.97509975e+00  -7.99009357e+00 
 -5.25895053e+00   6.90615258e+00  -8.28204980e+00 
 -1.12538841e-01   1.56685915e+00  -1.06341321e+01 
  3.13940177e-01   5.02657328e+00  -9.14309738e+00 
  1.50558644e+00   4.22207009e+00  -5.69366850e+00 
  2.54142940e+00   7.82934540e+00  -5.42886290e+00 
  2.89098285e+00   1.08301573e+01  -7.79392444e+00 
  6.61507739e+00   1.00479730e+01  -7.87172487e+00 
  6.22828522e+00   6.27419240e+00  -8.07435553e+00 
  6.57105469e+00  -6.63071926e+00  -9.52432627e+00 
  3.56014581e+00  -9.62811739e+00  -5.66754629e+00 
  3.23958838e+00  -9.90040364e+00  -9.44680660e+00 
 -1.07214883e-01  -1.17433432e+01  -9.30524043e+00 
 -1.47285090e+00  -9.02521553e+00  -7.00748774e+00 
 -2.33694393e-01  -6.19898291e+00  -9.21684742e+00 
 -2.07960400e+00  -7.85392867e+00  -1.21371123e+01 
 -5.33742000e+00  -7.98414363e+00  -1.01832187e+01 
 -4.95062970e+00  -4.32745423e+00  -9.13360321e+00 
 -9.49338233e+00  -3.51314002e+00  -1.13102492e+01 
 -7.05727861e+00  -8.99464900e+00  -3.53973460e+00 
 -6.80732362e+00  -8.01130286e+00   1.03210643e-01 
 -4.15292041e+00  -1.26249604e+01  -1.31419596e+00 
 -2.14477531e+00  -9.65835752e+00  -3.06754689e-01 
 -2.43506860e+00  -1.04256162e+01   3.35087905e+00 
 -9.06814876e-01  -1.38888939e+01   2.66615934e+00 
  2.01544103e+00  -1.23859590e+01   7.21448908e-01 
  2.60003976e+00  -9.94992040e+00   3.56978284e+00 
  2.70094495e+00  -1.28228797e+01   6.05017820e+00 
  7.35779243e+00  -1.14676493e+01   3.79699826e+00 
  7.30910318e+00  -1.11633177e+01   7.55559022e+00 
  1.16830932e+01  -6.60317895e+00   4.17505314e+00 
  1.11227740e+01  -4.81294310e+00   7.50605752e+00 
  7.42324425e+00  -4.22794086e+00   8.18745276e+00 
  6.48460894e+00  -1.29294313e+00   1.04482737e+01 
  1.55566845e+00  -2.84568172e+00   9.80169987e+00 
 -1.32505591e+00  -8.07837381e+00   9.72817281e+00 

   8.977678128726e+00 

