  3.35878771e+00  -3.79243319e+00   1.51475817e-01 
  2.58144541e+00  -4.76572223e+00   9.14954086e-01 
  1.28934232e+00  -4.05560874e+00   7.07675380e-01 
  1.47587640e+00  -2.72518989e+00   4.19909215e-01 
  2.75374010e+00  -2.41900768e+00   3.54581772e-02 
  3.48189707e+00  -1.16218103e+00   5.25451591e-01 
  8.16369155e-01  -4.00069768e+00   2.10241076e+00 
  4.56804777e+00  -3.61283291e+00   7.95295602e-01 
  2.53132395e+00  -6.07458240e+00   5.21487875e-01 
  3.29635155e+00   7.89853422e-02   1.94383738e-01 
  1.38961135e+00  -3.42034437e+00   3.17790718e+00 
  5.36552748e-01  -3.77223842e+00   4.18101044e+00 
  4.55459604e+00   1.06414444e+00  -8.30243577e-02 
  5.34634167e+00   6.16713874e-01   1.06697273e+00 
  4.95186212e+00   1.13879056e+00   2.36261584e+00 
  5.44259563e+00   2.57277109e+00   2.41635337e+00 
  4.55122224e+00   3.29116726e+00   1.64274370e+00 
  5.16070621e+00   4.57399950e+00   1.47730992e+00 
  5.76397385e+00   5.16668008e+00   2.55011303e+00 
  6.22035154e+00   4.48090534e+00   3.73021348e+00 
  6.14162756e+00   3.09551042e+00   3.49320281e+00 
  7.42255262e+00   5.14386843e+00   4.22878978e+00 
  3.38555001e+00   2.95963000e+00   1.02659265e+00 
  4.92522225e+00   5.01111213e+00   1.87856182e-01 
  3.75959799e+00   8.61399733e-01   2.66501625e+00 
  7.66555156e+00   6.50557995e+00   3.99797335e+00 
  8.18324661e+00   4.77873459e+00   5.16538184e+00 
 -4.29643679e-01  -4.39441765e+00   2.34885309e+00 
 -5.43315462e-01  -4.40745925e+00   3.70368388e+00 
 -1.58952121e+00  -5.20251437e+00   4.17777520e+00 
 -2.71911129e+00  -5.09404549e+00   3.42488667e+00 
 -2.56683586e+00  -5.28289377e+00   2.11225451e+00 
 -1.32179089e+00  -5.10771122e+00   1.59784048e+00 
  1.53882350e+01  -8.84877249e+00  -2.18226953e+00 
  1.15473015e+01  -6.37825574e+00  -4.95013401e+00 
  1.09830687e+01   1.84903584e+00  -3.27490679e+00 
  7.40766516e+00   2.68776957e+00  -2.26239075e+00 
  5.60581845e+00   2.75593853e+00  -5.47554112e+00 
  3.30188685e+00   5.69764711e+00  -5.86352776e+00 
  5.74944451e+00   7.12176859e+00  -8.24174370e+00 
 -1.01631285e+01  -3.04224402e+00  -5.89554006e+00 
 -6.60411794e+00  -2.27690097e+00  -4.86433470e+00 
 -5.43693827e+00  -2.69349547e+00  -1.29270254e+00 
 -1.81543198e+00  -3.26038896e+00  -1.32581825e+00 
 -1.74889211e-01  -4.55295855e+00  -4.53059336e+00 
  3.45808230e+00  -4.34407696e+00  -3.44265785e+00 
  5.44321822e+00  -4.89631793e+00  -6.72289770e+00 
  2.51567755e+00  -4.10319509e+00  -8.85721975e+00 
  3.36273287e+00  -5.64293367e-01  -1.00138184e+01 
 -6.80792686e-02   7.88743973e-01  -9.27407363e+00 
 -1.71557526e+00  -2.40442709e+00  -1.06022931e+01 
 -8.66593832e+00  -7.12375566e+00  -8.02693562e+00 
 -5.55490038e+00  -6.50967507e+00  -5.93241357e+00 
 -4.92310951e+00  -7.72507789e+00  -2.36347195e+00 
 -1.40608674e+00  -8.47428901e+00  -1.20263949e+00 
 -6.50030421e-01  -1.02907932e+01   2.13142722e+00 
  3.07275341e+00  -1.08419374e+01   1.45061424e+00 
  5.15142456e+00  -9.37415553e+00  -3.17823280e+00 
 -4.18254596e+00  -1.26465299e+01   1.93235095e+00 
 -4.91056141e+00  -9.87825382e+00   4.46724274e+00 
 -7.59355243e+00  -7.46918909e+00   3.26332313e+00 
 -7.18873835e+00   2.34444659e+00  -4.43388864e+00 
 -5.78386476e+00   2.38477255e+00  -8.72826432e-01 
 -1.98843164e+00   2.16339104e+00  -4.61693331e-01 
 -1.58460344e+00  -5.54231999e-01   2.14329287e+00 
 -9.38683226e-01   7.62187350e-02   5.86889536e+00 
 -2.18378134e+00   3.40378408e+00   6.67732731e+00 
 -4.02094003e+00   2.37028157e+00   9.85588768e+00 
 -6.02257575e+00  -4.92992922e-02   7.70811250e+00 
 -7.55664682e+00   2.52225425e+00   5.40578719e+00 
 -6.08301028e+00   6.98886998e+00  -1.23227338e+00 
 -2.29630212e+00   7.47628223e+00  -1.37836179e+00 
 -2.76581086e-01   9.11080003e+00   1.32878477e+00 
 -2.88700099e+00   1.11556373e+01   2.97284327e+00 
  2.94245842e+00   9.30547099e+00   6.08522501e+00 
 -3.85711347e+00   8.43031180e+00   7.30091379e+00 
  5.26552467e+00   1.48012564e+01  -3.76420887e+00 
  6.36740095e+00   1.17282733e+01  -1.98334296e+00 
  8.03921632e+00   9.11499728e+00  -4.13093004e+00 

   1.011846280080e+01 

 -2.45499588e+00  -2.06530848e-01  -3.61828445e+00 
 -2.83474883e+00  -1.56121206e+00  -4.01199721e+00 
 -2.75924215e+00  -2.09972936e+00  -2.62598471e+00 
 -1.94802969e+00  -1.33555590e+00  -1.82252724e+00 
 -1.68371002e+00  -9.20281860e-02  -2.33067391e+00 
 -2.90315369e-01   5.43877213e-01  -2.26762993e+00 
 -1.91535459e+00  -3.28284756e+00  -2.87118381e+00 
 -1.62371379e+00   3.04802805e-01  -4.59634732e+00 
 -4.04542883e+00  -1.79754833e+00  -4.60266045e+00 
  3.42267967e-01   1.04247064e+00  -1.24991431e+00 
 -6.60515778e-01  -3.35136659e+00  -3.36411680e+00 
 -4.53883190e-01  -4.69682748e+00  -3.43331918e+00 
  1.16031205e+00   2.43700529e+00  -1.37934485e+00 
  1.77548568e+00   2.12559499e+00  -2.67322377e+00 
  2.90848028e+00   1.21869648e+00  -2.64590072e+00 
  4.08840609e+00   2.01958767e+00  -2.12978951e+00 
  3.89159895e+00   2.11870068e+00  -7.65757691e-01 
  4.84676067e+00   3.08817051e+00  -3.27247540e-01 
  6.11559808e+00   3.04666048e+00  -8.31671926e-01 
  6.50149893e+00   2.39904680e+00  -2.05759776e+00 
  5.33181407e+00   2.01906467e+00  -2.74255371e+00 
  7.58335764e+00   3.16088520e+00  -2.67609340e+00 
  2.97950123e+00   1.56876937e+00   7.92306571e-02 
  4.26159169e+00   3.87462224e+00   6.46558550e-01 
  2.63108887e+00   9.63033612e-02  -2.14295368e+00 
  8.46753633e+00   3.93988508e+00  -1.91583724e+00 
  8.11071481e+00   2.98871711e+00  -3.80810120e+00 
 -2.32556068e+00  -4.44793428e+00  -2.37868757e+00 
 -1.47346275e+00  -5.37635174e+00  -2.88919264e+00 
 -1.97684945e+00  -6.67932427e+00  -2.87104987e+00 
 -2.65380378e+00  -6.96870814e+00  -1.72537914e+00 
 -3.61437914e+00  -6.10817200e+00  -1.38096321e+00 
 -3.53715491e+00  -4.85139359e+00  -1.89084328e+00 
 -4.83343593e+00   7.99330044e+00  -1.37584743e+01 
 -5.76039905e+00   7.85542816e+00  -8.50118453e+00 
  1.12214914e+00   9.21914704e+00  -3.85543121e+00 
  1.56058973e+00   6.35691318e+00  -1.37998464e+00 
 -9.13214671e-01   7.11315518e+00   1.24378468e+00 
  4.14077064e-01   6.73548704e+00   4.73774796e+00 
  4.46646768e-01   1.04257075e+01   4.97351784e+00 
 -9.01000525e+00  -5.70433220e+00   8.49701383e+00 
 -6.95964591e+00  -3.58002142e+00   6.13078821e+00 
 -4.64851013e+00  -5.12518597e+00   3.56883521e+00 
 -4.23899390e+00  -2.74799208e+00   8.08618341e-01 
 -6.88832281e+00  -3.71011470e-02   2.93908066e-01 
 -5.18373418e+00   1.91427423e+00  -2.48320908e+00 
 -7.27036288e+00   5.16713380e+00  -2.74861253e+00 
 -8.77672271e+00   4.70589375e+00   6.08935196e-01 
 -6.79381359e+00   7.22914906e+00   2.67781136e+00 
 -6.13090883e+00   4.81399570e+00   5.48423613e+00 
 -9.67878558e+00   3.39292103e+00   5.22376800e+00 
 -1.29944967e+01  -4.71376582e+00   5.93072808e+00 
 -1.04599144e+01  -3.61886686e+00   3.31931248e+00 
 -8.84888506e+00  -5.81158015e+00   6.34096977e-01 
 -7.81235348e+00  -4.31384432e+00  -2.67656691e+00 
 -6.75865454e+00  -6.47768430e+00  -5.70886357e+00 
 -6.73879241e+00  -3.62030914e+00  -8.25078908e+00 
 -8.23499738e+00   1.22716860e+00  -6.77934743e+00 
 -9.40117482e+00  -9.64388300e+00  -4.67927223e+00 
 -5.91836280e+00  -1.07919115e+01  -3.59702761e+00 
 -5.59649996e+00  -1.11097724e+01   1.77451393e-01 
 -3.49014069e+00  -2.68445730e+00   9.13819742e+00 
 -8.02359423e-01  -3.89991876e+00   6.69794548e+00 
  1.86976518e-01  -1.55920149e+00   3.84038243e+00 
  3.34110149e-02  -3.82402820e+00   8.10293947e-01 
  3.07751128e+00  -5.47524564e+00  -8.33369994e-01 
  5.71147319e+00  -5.72114166e+00   1.67227922e+00 
  6.62556088e+00  -9.34705994e+00   9.21531559e-01 
  3.01487335e+00  -1.02432064e+01   1.71741789e+00 
  2.99995592e+00  -9.01248686e+00   5.28843802e+00 
  2.20329861e+00  -2.31713658e+00   9.84075382e+00 
  3.33514339e+00   6.06163819e-01   7.65645637e+00 
  6.75208581e+00   8.98966977e-01   6.13386057e+00 
  8.69495647e+00  -1.26609434e+00   8.42215100e+00 
  1.07543116e+01   2.68773247e-01   2.05849348e+00 
  9.34667785e+00  -5.57431351e+00   5.57344291e+00 
  8.79025319e+00   9.91351209e+00   8.03608249e+00 
  8.00278867e+00   8.53243012e+00   4.67434054e+00 
  5.10378614e+00   1.01565646e+01   2.88704208e+00 

   1.011846296669e+01 

 -3.10193251e+00   2.90090105e-01   3.81132608e+00 
 -3.89884637e+00  -9.31159379e-01   3.72228308e+00 
 -3.67921381e+00  -1.09470405e+00   2.25880517e+00 
 -2.54561454e+00  -4.44571887e-01   1.83466004e+00 
 -2.07563532e+00   4.81433012e-01   2.72691487e+00 
 -5.82809000e-01   6.43628900e-01   3.03526963e+00 
 -3.24774270e+00  -2.50368994e+00   2.23432429e+00 
 -2.38951083e+00   2.49292993e-01   4.99448425e+00 
 -5.22481882e+00  -9.19356236e-01   4.05709387e+00 
  3.57447885e-01   1.16130884e+00   2.30557595e+00 
 -2.18753715e+00  -3.08427301e+00   2.83515273e+00 
 -2.36189454e+00  -4.39771268e+00   2.51541897e+00 
  1.46801936e+00   2.14868481e+00   2.95549250e+00 
  1.69413097e+00   1.34186782e+00   4.15860033e+00 
  2.52778183e+00   1.64653860e-01   3.99716027e+00 
  3.95800943e+00   6.59942839e-01   3.90152990e+00 
  4.08464219e+00   1.15956609e+00   2.61955828e+00 
  5.33136808e+00   1.85968868e+00   2.62064187e+00 
  6.40950710e+00   1.29649728e+00   3.24236518e+00 
  6.34534466e+00   2.71095750e-01   4.25015458e+00 
  5.00028715e+00   1.14692984e-01   4.63492516e+00 
  7.43514875e+00   4.72479316e-01   5.20155231e+00 
  3.25794654e+00   1.15670836e+00   1.54024520e+00 
  5.19163050e+00   3.01029748e+00   1.86845572e+00 
  2.07623098e+00  -6.47569865e-01   3.14494047e+00 
  8.63225581e+00   1.10247271e+00   4.83192317e+00 
  7.64911158e+00  -1.38335708e-01   6.28335988e+00 
 -3.83773035e+00  -3.31608132e+00   1.36241222e+00 
 -3.38701757e+00  -4.56213426e+00   1.66715587e+00 
 -4.20046243e+00  -5.59243856e+00   1.18945113e+00 
 -4.67408033e+00  -5.35381682e+00  -6.48721674e-02 
 -5.27975585e+00  -4.17829473e+00  -2.46969295e-01 
 -4.98271329e+00  -3.18220435e+00   6.27683278e-01 
 -5.30609262e+00   5.95570720e+00   1.55910967e+01 
 -5.11359223e+00   7.45789573e+00   1.04701914e+01 
  2.70013442e+00   7.73642197e+00   7.35873149e+00 
  2.87753917e+00   5.61042528e+00   4.20265237e+00 
  1.29723519e+00   7.74403012e+00   1.64804823e+00 
  3.17971538e+00   7.87297154e+00  -1.60032508e+00 
  4.23204703e+00   1.12997135e+01  -6.92243763e-01 
 -8.18400424e+00   3.93473898e-01  -1.01218469e+01 
 -6.18946568e+00   1.09382744e+00  -6.98385219e+00 
 -4.95720976e+00  -1.69513243e+00  -4.74875454e+00 
 -4.52367523e+00  -3.50597427e-01  -1.36614464e+00 
 -6.41199341e+00   2.82750287e+00  -3.82969087e-01 
 -4.87475164e+00   3.37310121e+00   3.04703525e+00 
 -6.03818800e+00   6.93470105e+00   4.03046718e+00 
 -6.87455656e+00   7.83847177e+00   5.32102839e-01 
 -3.90905185e+00   1.00541777e+01  -4.03567028e-01 
 -3.33305905e+00   8.35131641e+00  -3.70764030e+00 
 -7.10284774e+00   8.09404691e+00  -4.33792374e+00 
 -1.22127291e+01   1.89253052e+00  -7.89353644e+00 
 -1.00848366e+01   1.43706470e+00  -4.77788192e+00 
 -9.70829636e+00  -1.75693596e+00  -2.71141516e+00 
 -9.03138334e+00  -1.55343713e+00   1.00054885e+00 
 -9.24476041e+00  -4.63508775e+00   3.33404642e+00 
 -9.00585151e+00  -2.67374315e+00   6.60855949e+00 
 -8.82922791e+00   2.60461725e+00   6.51266232e+00 
 -1.23514572e+01  -6.44396979e+00   1.06596893e+00 
 -9.14762796e+00  -8.30809382e+00   1.28124506e-01 
 -8.13734456e+00  -7.73858465e+00  -3.49215793e+00 
 -2.05630692e+00   1.59414249e+00  -9.11706590e+00 
 -3.57003323e-01  -9.79917173e-01  -6.84923746e+00 
  5.92487777e-01   1.25121943e-01  -3.31360356e+00 
 -7.83811404e-01  -2.67087212e+00  -1.16355193e+00 
  1.30315826e+00  -5.55225260e+00   2.63682718e-01 
  4.24362401e+00  -5.96299234e+00  -1.84853839e+00 
  3.99171414e+00  -9.75803874e+00  -2.13259948e+00 
  5.22455794e-01  -9.24635473e+00  -3.60782317e+00 
  1.58097935e+00  -7.20625924e+00  -6.60523889e+00 
  3.54880437e+00   3.28763703e-01  -8.95836604e+00 
  4.92705109e+00   2.09377921e+00  -5.86268682e+00 
  7.90262797e+00   9.05568748e-01  -3.90982642e+00 
  9.64122569e+00  -1.10060707e+00  -6.48880248e+00 
  1.06512264e+01  -1.96026160e+00   2.44214704e-01 
  8.52283271e+00  -5.97211940e+00  -5.03337199e+00 
  1.25954501e+01   9.00172589e+00  -2.69967226e+00 
  1.07856505e+01   7.12818381e+00  -4.57496626e-02 
  8.10924390e+00   9.06584977e+00   1.77595394e+00 

   1.011846279897e+01 

 -1.49722746e+00   2.79780107e+00   1.12605882e-01 
 -2.25606225e-01   3.41069958e+00   4.89080237e-01 
  4.34739368e-01   2.11017830e+00   7.87923092e-01 
 -4.79181119e-01   1.12433620e+00   1.07156000e+00 
 -1.75538309e+00   1.42729215e+00   6.79137696e-01 
 -2.97896936e+00   1.12143922e+00   1.55047579e+00 
  9.76638658e-01   2.41478918e+00   2.12417972e+00 
 -2.51557705e+00   3.59738421e+00   5.95052620e-01 
  4.75815151e-01   4.16168162e+00  -4.13410470e-01 
 -3.54115053e+00  -1.92887054e-02   1.80968116e+00 
  3.24021756e-01   2.76664478e+00   3.25216647e+00 
  1.35190576e+00   2.99215444e+00   4.11840366e+00 
 -5.15583971e+00  -1.72325592e-01   1.80502114e+00 
 -5.42240694e+00   1.07332435e+00   2.53085883e+00 
 -5.21190835e+00   1.03963023e+00   3.96662855e+00 
 -6.39064025e+00   2.89862031e-01   4.55691950e+00 
 -6.14008751e+00  -1.04383402e+00   4.29692682e+00 
 -7.36349950e+00  -1.71434979e+00   4.61028511e+00 
 -8.04807270e+00  -1.35636192e+00   5.73691421e+00 
 -7.90302076e+00  -1.06325762e-01   6.43519859e+00 
 -7.11619567e+00   7.51892377e-01   5.64394816e+00 
 -9.19660949e+00   2.77191083e-01   6.99456549e+00 
 -5.07180098e+00  -1.69805980e+00   3.76863751e+00 
 -7.57096246e+00  -2.71220790e+00   3.67730516e+00 
 -4.03294918e+00   7.26866850e-01   4.28605095e+00 
 -1.01670355e+01  -6.76360921e-01   7.33457538e+00 
 -9.50951449e+00   1.35476933e+00   7.56911616e+00 
  2.25621579e+00   2.13314163e+00   2.35153173e+00 
  2.53166628e+00   2.66371894e+00   3.57271145e+00 
  3.89245117e+00   2.87821209e+00   3.80439771e+00 
  4.67442332e+00   1.86625687e+00   3.33640401e+00 
  4.48189971e+00   1.52068501e+00   2.06150334e+00 
  3.28737610e+00   1.84484906e+00   1.50162748e+00 
 -9.03699131e+00   1.19473312e+01  -5.81674336e+00 
 -7.54557443e+00   6.89598531e+00  -6.69818307e+00 
 -1.13275480e+01   1.35750296e+00  -1.61540808e+00 
 -8.68514386e+00  -7.44226223e-01   1.48870615e-01 
 -7.63941887e+00  -3.14767903e+00  -2.44063789e+00 
 -7.37368297e+00  -6.68710926e+00  -1.21016831e+00 
 -1.04836454e+01  -7.41905107e+00  -3.07213298e+00 
  8.54189280e+00  -7.64432591e+00  -3.07349988e+00 
  5.30500561e+00  -5.83364569e+00  -2.32536992e+00 
  5.02122278e+00  -3.36650458e+00   5.25083249e-01 
  2.31881868e+00  -1.01554584e+00  -2.54524517e-01 
  1.24701821e+00  -5.72388144e-01  -3.89973165e+00 
 -1.74194528e+00   1.70531788e+00  -3.34843370e+00 
 -3.51128572e+00   1.76625853e+00  -6.79393462e+00 
 -1.78613169e+00  -1.30569417e+00  -7.95232106e+00 
 -4.55858920e+00  -3.90683545e+00  -7.59655244e+00 
 -2.35037457e+00  -6.41999281e+00  -5.87717931e+00 
  5.79560885e-01  -5.56945558e+00  -8.19381669e+00 
  9.24072002e+00  -4.79866636e+00  -6.92798645e+00 
  6.59437256e+00  -2.66318255e+00  -5.23116988e+00 
  7.18816634e+00   9.19007304e-02  -2.64841318e+00 
  4.82483723e+00   3.03173110e+00  -2.42407703e+00 
  5.61158167e+00   6.18792608e+00  -3.24840465e-01 
  2.73336653e+00   8.30368880e+00  -1.69078642e+00 
 -3.83285337e-01   6.37340244e+00  -5.49369235e+00 
  9.79660377e+00   5.90032488e+00  -1.01086677e+00 
  9.22399443e+00   4.59373028e+00   2.53652433e+00 
  9.98863212e+00   8.84351638e-01   2.86402092e+00 
  3.33721984e+00  -9.30867145e+00   1.11008968e-01 
  2.60678670e+00  -7.04843965e+00   3.11338264e+00 
 -3.70438100e-01  -4.66263550e+00   2.85363044e+00 
  1.10409474e+00  -1.35789756e+00   3.96667957e+00 
  7.04450088e-01   1.36311473e-01   7.47416093e+00 
  3.56136957e-02  -2.59640511e+00   9.78963897e+00 
  2.52977433e+00  -1.47361467e+00   1.24476390e+01 
  5.22846202e+00  -1.72642683e+00   9.77800624e+00 
  4.81019291e+00  -5.40546473e+00   9.03185237e+00 
  3.09924025e-01  -1.06964790e+01   4.79642671e+00 
 -3.11635402e+00  -9.06792912e+00   4.34201921e+00 
 -5.33208572e+00  -7.99666550e+00   7.17441557e+00 
 -4.06409292e+00  -1.01788270e+01   9.88161794e+00 
 -7.49846985e+00  -4.35488538e+00   1.10561628e+01 
 -1.22364980e+00  -6.86934612e+00   1.27241360e+01 
 -1.36749479e+01  -1.13128798e+01   4.27025856e+00 
 -1.26927870e+01  -7.72846298e+00   4.39734878e+00 
 -1.29378966e+01  -5.85808652e+00   1.12963388e+00 

   1.011846284268e+01 

  4.53850931e+00  -8.41810376e-01   1.52637291e-01 
  5.05094058e+00  -1.30655378e+00  -1.13416562e+00 
  3.73761457e+00  -1.84558381e+00  -1.58293508e+00 
  2.68773846e+00  -1.25047668e+00  -9.26262406e-01 
  3.05656868e+00  -5.84524876e-01   2.11704105e-01 
  2.48021743e+00   7.85426899e-01   5.87133168e-01 
  3.65900506e+00  -1.21626317e+00  -2.91325891e+00 
  5.13793486e+00   3.69921789e-01   4.38075855e-01 
  6.04834613e+00  -2.24085852e+00  -1.18634814e+00 
  1.29853407e+00   1.08854168e+00   1.03014713e+00 
  3.65366102e+00   9.31369860e-02  -3.24124563e+00 
  3.64765429e+00   4.64064042e-02  -4.60342998e+00 
  1.11018344e+00   2.15077508e+00   2.24128527e+00 
  2.08653874e+00   3.12135907e+00   1.73706560e+00 
  1.64657112e+00   3.96859539e+00   6.43679559e-01 
  7.27342176e-01   5.01127096e+00   1.25018739e+00 
 -4.67832529e-01   4.35542565e+00   1.47499918e+00 
 -1.23265948e+00   5.25407254e+00   2.28247495e+00 
 -1.23263354e+00   6.58568104e+00   1.97768146e+00 
 -2.33112058e-01   7.25760630e+00   1.18983747e+00 
  8.37288503e-01   6.36701495e+00   9.83001883e-01 
 -6.16166430e-02   8.61562505e+00   1.69948030e+00 
 -9.13451524e-01   3.11079096e+00   1.15776119e+00 
 -1.92486692e+00   4.51901706e+00   3.22574477e+00 
  1.28674471e+00   3.31590963e+00  -3.73340935e-01 
 -1.09828685e+00   9.29580974e+00   2.35465688e+00 
  7.96149089e-01   9.47426006e+00   1.35862038e+00 
  3.35815762e+00  -1.99443156e+00  -3.94874921e+00 
  3.52190155e+00  -1.21196175e+00  -5.04856309e+00 
  3.69692938e+00  -1.92928541e+00  -6.23440783e+00 
  2.88383655e+00  -3.01850345e+00  -6.31840774e+00 
  2.91492599e+00  -3.85264021e+00  -5.27672020e+00 
  3.35442673e+00  -3.35391607e+00  -4.09200948e+00 
  1.48024723e+01   2.26087254e+00   7.94647725e+00 
  1.02604695e+01  -5.20868274e-01   8.33311729e+00 
  3.39413598e+00   4.32724233e+00   8.73561038e+00 
  9.44998510e-01   3.27379623e+00   6.01453969e+00 
 -5.82411879e-01   2.12162557e-01   7.38168069e+00 
 -4.31779568e+00   7.91709315e-02   7.00559320e+00 
 -4.56570581e+00   7.36817657e-01   1.06360940e+01 
 -4.27191582e+00  -1.22810990e+01  -3.23721008e+00 
 -2.84052352e+00  -9.14188920e+00  -1.68409421e+00 
 -1.30687520e+00  -6.40351757e+00  -3.79162536e+00 
  1.09580334e+00  -4.56761574e+00  -1.71934263e+00 
  2.54069053e+00  -6.27083730e+00   1.38613980e+00 
  4.48246268e+00  -3.33091916e+00   2.80463678e+00 
  5.48530428e+00  -4.50710159e+00   6.35661452e+00 
  2.92415369e+00  -7.18912225e+00   6.40319723e+00 
  2.57496828e-01  -5.64580420e+00   8.65844313e+00 
 -2.58420413e+00  -6.52844592e+00   6.35755545e+00 
 -1.02471758e+00  -9.94200582e+00   5.58921193e+00 
 -4.19498826e-01  -1.47883678e+01  -1.71547657e+00 
  1.06552675e+00  -1.13178198e+01  -1.27661468e+00 
  2.97535811e+00  -9.29795965e+00  -3.90081486e+00 
  5.66183441e+00  -6.86067705e+00  -2.84216521e+00 
  8.10000532e+00  -5.21703394e+00  -5.36031410e+00 
  1.04416164e+01  -3.72270206e+00  -2.73158831e+00 
  9.60509775e+00  -4.68352207e+00   2.39467665e+00 
  8.13414100e+00  -8.61171929e+00  -7.91818984e+00 
  5.84684783e+00  -6.05286133e+00  -9.60331596e+00 
  2.22205348e+00  -7.19249939e+00  -9.71949939e+00 
 -6.92115291e+00  -6.89952639e+00  -1.23221915e+00 
 -5.64126918e+00  -3.79834556e+00  -3.07639656e+00 
 -3.36223454e+00  -1.40572128e+00  -1.15163195e+00 
 -4.79563726e-01  -8.82641420e-01  -3.54977121e+00 
 -6.95560438e-02   2.16958035e+00  -5.83244958e+00 
 -3.37001876e+00   3.61200721e+00  -6.38276071e+00 
 -2.99359456e+00   4.01670896e+00  -1.01564881e+01 
 -2.39491309e+00   2.63557396e-01  -1.03273456e+01 
 -5.71323762e+00  -8.09611169e-01  -8.87681998e+00 
 -9.67947286e+00  -1.89503751e+00  -1.85707445e+00 
 -8.08133398e+00   4.95485657e-01   6.58748478e-01 
 -7.93044675e+00   4.21942032e+00   2.23895854e-01 
 -1.07648100e+01   4.73993553e+00  -2.09860990e+00 
 -5.61958091e+00   9.22585923e+00  -1.39449066e+00 
 -8.33892624e+00   5.53585035e+00  -6.63538000e+00 
 -1.04922662e+01   7.12891464e+00   8.82660220e+00 
 -7.07121859e+00   7.36573225e+00   7.38814005e+00 
 -4.34661344e+00   5.68723185e+00   9.38702117e+00 

   1.011846284066e+01 

  7.51446915e-01  -3.60596010e+00   1.29307596e+00 
 -2.07898039e-01  -4.52243974e+00   6.81436103e-01 
 -9.79433186e-01  -3.43832994e+00   1.34766662e-02 
 -8.04417097e-01  -2.22612358e+00   6.35967141e-01 
  2.77582393e-01  -2.18869100e+00   1.47400793e+00 
  2.30710148e-01  -1.51297883e+00   2.84918575e+00 
 -2.33943430e+00  -3.80726092e+00   4.45129972e-01 
  1.03310796e+00  -4.06892740e+00   2.56407006e+00 
  2.14021282e-01  -5.48409482e+00  -1.94741624e-01 
  2.06866517e-01  -2.49667212e-01   3.14580408e+00 
 -2.84362623e+00  -3.90569023e+00   1.69349551e+00 
 -4.10761318e+00  -4.35714425e+00   1.45627107e+00 
  1.11317350e+00   3.39230628e-01   4.35513485e+00 
  8.20557189e-01  -7.44843619e-01   5.29784178e+00 
 -4.71017353e-01  -6.92846185e-01   5.95815986e+00 
 -3.66834826e-01   3.81735022e-01   7.02326283e+00 
 -4.54264880e-01   1.57981058e+00   6.34054032e+00 
 -9.01516696e-02   2.57560403e+00   7.29987199e+00 
 -5.74292808e-01   2.47999016e+00   8.57367665e+00 
 -1.07866816e+00   1.27751853e+00   9.18268054e+00 
 -7.83288098e-01   1.95310894e-01   8.33221621e+00 
 -7.51333959e-01   1.29364180e+00   1.06060380e+01 
 -7.10133026e-01   1.88703725e+00   5.04111970e+00 
  6.70132294e-01   3.54039121e+00   6.66711404e+00 
 -1.43941410e+00  -6.98266601e-01   5.15079438e+00 
 -5.86254662e-01   2.49338479e+00   1.13131219e+01 
 -9.14096696e-01   3.75545038e-01   1.14544457e+01 
 -3.28669097e+00  -3.87507603e+00  -4.85647956e-01 
 -4.37476129e+00  -4.39422667e+00   1.43024352e-01 
 -5.31376663e+00  -4.96042156e+00  -7.22515452e-01 
 -5.49730049e+00  -4.22801812e+00  -1.85586224e+00 
 -4.39117780e+00  -3.91205671e+00  -2.53299714e+00 
 -3.21702302e+00  -3.92635240e+00  -1.84992402e+00 
  1.09415375e+01  -1.06463351e+01   6.01672211e+00 
  1.02174076e+01  -6.25160802e+00   3.07064392e+00 
  7.59188570e+00   3.76183812e-01   7.54179980e+00 
  4.40495620e+00   1.76577285e+00   5.98456624e+00 
  5.63369538e+00   3.64789491e+00   3.06504702e+00 
  4.06755221e+00   7.04014529e+00   2.67524435e+00 
  7.26894143e+00   8.49445585e+00   3.81999718e+00 
 -3.60141334e+00   3.50043913e+00  -1.09758344e+01 
 -2.15293094e+00   2.68840915e+00  -7.57609955e+00 
 -4.02074029e+00   5.50498828e-01  -5.07947829e+00 
 -1.57131211e+00  -1.00894859e+00  -2.84207591e+00 
  2.05598373e+00  -1.33723844e+00  -4.01158838e+00 
  3.57785189e+00  -2.67620979e+00  -7.99587970e-01 
  7.39560265e+00  -2.43569859e+00  -1.40989881e+00 
  6.99499415e+00  -2.06182875e-02  -4.19591540e+00 
  7.98181306e+00   3.25555578e+00  -2.50125754e+00 
  5.03082917e+00   5.15670455e+00  -3.85246296e+00 
  5.34416462e+00   3.41283743e+00  -7.24885406e+00 
 -5.32252147e-01   3.68912492e-01  -1.30293686e+01 
 -1.53962284e-01  -8.65625502e-01  -9.45512601e+00 
 -2.27062129e+00  -3.53477426e+00  -7.72042372e+00 
 -7.62033812e-01  -5.69848964e+00  -5.01476296e+00 
 -2.54855027e+00  -8.83167907e+00  -3.60806998e+00 
  4.50466407e-01  -1.01487139e+01  -1.63381270e+00 
  5.09403289e+00  -7.64638242e+00  -1.91210769e+00 
 -4.40985888e+00  -9.73856764e+00  -7.32032945e+00 
 -7.12122286e+00  -8.13601714e+00  -5.15248596e+00 
 -8.25729886e+00  -4.76581870e+00  -6.49502701e+00 
 -3.41909462e+00   6.69542532e+00  -5.52070023e+00 
 -5.18004587e+00   4.88670922e+00  -2.64251700e+00 
 -2.99263222e+00   3.39704894e+00   1.17834222e-01 
 -4.35180699e+00  -1.20253227e-01   4.57979551e-01 
 -6.80172432e+00  -1.25677243e+00   3.17844177e+00 
 -8.62314769e+00   1.67518833e+00   4.34571426e+00 
 -1.20752276e+01   5.71495484e-02   4.23819029e+00 
 -1.14720288e+01  -5.82924834e-01   5.36835086e-01 
 -1.10571113e+01   3.02429532e+00  -5.03782627e-01 
 -5.66618716e+00   9.10940663e+00  -8.12512030e-01 
 -3.15308266e+00   8.45942514e+00   1.99101041e+00 
 -4.06821376e+00   8.19003449e+00   5.61999001e+00 
 -7.24788076e+00   1.00840026e+01   5.65333295e+00 
 -5.56419000e+00   5.49525128e+00   1.04701206e+01 
 -1.07916237e+01   6.28122695e+00   5.93865895e+00 
  2.66139216e+00   1.35028109e+01   9.55971000e+00 
  2.41745766e+00   9.79870452e+00   9.78081416e+00 
  5.43345272e+00   7.89384697e+00   8.55127735e+00 

   1.011846296921e+01 

  3.62836294e-01  -4.94717342e-01   3.50503600e+00 
  1.41267191e+00  -1.49274478e+00   3.31485336e+00 
  1.86631196e+00  -9.23516733e-01   2.01603749e+00 
  8.82244118e-01  -1.80359404e-01   1.41031642e+00 
 -1.36310258e-01   1.75645586e-01   2.25307745e+00 
 -1.60930327e+00   1.24708251e-01   1.83165667e+00 
  1.86522129e+00  -2.15068113e+00   1.19988569e+00 
 -7.36343730e-01  -1.13026996e+00   4.04998996e+00 
  2.42990458e+00  -1.60994678e+00   4.22148755e+00 
 -2.26420353e+00   9.07539439e-01   1.02991861e+00 
  8.42295384e-01  -2.98025699e+00   9.03697582e-01 
  1.46727485e+00  -3.96280058e+00   1.95347754e-01 
 -3.75828310e+00   1.41833713e+00   1.40071108e+00 
 -4.24210948e+00   1.19347422e-01   1.87828348e+00 
 -4.59814549e+00  -8.49866851e-01   8.58111788e-01 
 -5.93645773e+00  -4.10834276e-01   2.95801137e-01 
 -5.64844072e+00   6.49518560e-01  -5.41956244e-01 
 -6.91949609e+00   1.22455972e+00  -8.55394145e-01 
 -7.97115243e+00   3.99440144e-01  -1.13701707e+00 
 -8.06422851e+00  -9.86223097e-01  -7.59536388e-01 
 -7.00743864e+00  -1.27413904e+00   1.24778629e-01 
 -9.46037515e+00  -1.30733441e+00  -4.74904557e-01 
 -4.48091681e+00   1.19905256e+00  -9.70035726e-01 
 -6.78613899e+00   2.59953222e+00  -8.85295806e-01 
 -3.64184360e+00  -1.12716178e+00   8.46383799e-02 
 -1.05171207e+01  -6.10245156e-01  -1.07819358e+00 
 -9.93458026e+00  -2.37571621e+00  -2.80415915e-03 
  2.95066953e+00  -2.41466594e+00   4.78524519e-01 
  2.75480378e+00  -3.66187747e+00  -2.61980897e-02 
  3.92957093e+00  -4.30272061e+00  -4.27081364e-01 
  4.79816325e+00  -3.46675245e+00  -1.06054533e+00 
  5.09705720e+00  -2.33677898e+00  -4.15818841e-01 
  4.21869415e+00  -1.90622237e+00   5.26801194e-01 
 -4.03670485e+00  -1.27592307e+00   1.59850765e+01 
 -2.48461260e+00   2.53865910e+00   1.25854681e+01 
 -8.09921980e+00   4.09234764e+00   6.51303375e+00 
 -6.40185571e+00   3.78333771e+00   3.11657718e+00 
 -4.52274171e+00   6.93810164e+00   2.81297987e+00 
 -4.86183687e+00   8.59166594e+00  -5.43037878e-01 
 -7.04457315e+00   1.11023163e+01   1.07148103e+00 
  1.05161401e+01   6.56812648e+00  -4.68038287e+00 
  7.29927189e+00   5.58439478e+00  -2.94841183e+00 
  6.02591672e+00   2.02504671e+00  -2.99416951e+00 
  3.90443590e+00   1.52543095e+00  -4.67548360e-02 
  4.32362001e+00   3.86352730e+00   2.95164339e+00 
  1.42595849e+00   2.61437612e+00   5.06565559e+00 
  1.11238702e+00   5.26644176e+00   7.87167990e+00 
  3.04983463e+00   7.79235494e+00   5.96877458e+00 
  2.70187170e-01   1.00996576e+01   4.73228394e+00 
  1.57062777e+00   1.02208988e+01   1.20487931e+00 
  5.18965129e+00   1.04095299e+01   2.44657706e+00 
  1.27274822e+01   6.89184423e+00  -3.85224025e-01 
  9.70339013e+00   4.90861931e+00   7.82717479e-01 
  9.35199223e+00   1.10268516e+00   8.54654252e-01 
  7.17841036e+00  -5.59022292e-01   3.46087280e+00 
  7.20307481e+00  -4.38182361e+00   4.07151984e+00 
  5.13602943e+00  -4.28578588e+00   7.28780229e+00 
  3.65116677e+00   3.54162065e-01   9.32934017e+00 
  1.13205944e+01  -4.75978217e+00   3.08614356e+00 
  9.39271232e+00  -6.01164025e+00   3.07670900e-02 
  9.85430387e+00  -3.76795048e+00  -3.00306087e+00 
  4.43854294e+00   6.95268758e+00  -6.38760027e+00 
  2.68801729e+00   3.55165714e+00  -6.54570081e+00 
  1.14981595e-01   2.75419467e+00  -3.83148824e+00 
  1.15679665e+00  -6.97838004e-01  -2.67712625e+00 
 -5.06115589e-01  -3.96500407e+00  -3.79741357e+00 
 -2.09738653e+00  -3.36779040e+00  -7.02040771e+00 
 -7.75206403e-01  -6.52719293e+00  -8.69864419e+00 
  2.72988405e+00  -5.26269817e+00  -7.93119978e+00 
  2.51096944e+00  -2.04479663e+00  -9.89697304e+00 
 -1.93929031e-01   5.61851933e+00  -9.51872789e+00 
 -3.13145160e+00   5.59991664e+00  -7.07567092e+00 
 -6.22660144e+00   3.52539972e+00  -7.51833841e+00 
 -6.16160310e+00   2.99487949e+00  -1.11806919e+01 
 -9.59507749e+00  -1.08364775e+00  -6.85983921e+00 
 -4.52008393e+00  -1.93149731e+00  -1.15506341e+01 
 -1.29255247e+01   9.85503963e+00  -5.49480629e+00 
 -1.19521089e+01   6.97137606e+00  -3.35804650e+00 
 -1.08681515e+01   7.83945010e+00   1.50222146e-01 

   1.011846296758e+01 

 -2.31701386e+00   9.80234363e-01  -7.28500671e-01 
 -2.33072287e+00   5.08186999e-01  -2.11102882e+00 
 -1.25194751e+00  -4.94203871e-01  -1.89166502e+00 
 -4.70194905e-01  -1.77142124e-01  -8.07274272e-01 
 -1.03788194e+00   7.45779102e-01   2.96298145e-02 
 -2.36512289e-01   1.89415840e+00   6.53332089e-01 
 -3.65480827e-01  -1.46523286e-01  -3.01652367e+00 
 -2.49422099e+00   2.35044895e+00  -7.43833877e-01 
 -3.46270348e+00  -4.47587249e-02  -2.64331758e+00 
  6.42269310e-01   1.86189031e+00   1.60791948e+00 
  2.60807635e-01   1.01909451e+00  -3.28352982e+00 
  8.56691043e-01   7.55477579e-01  -4.48067933e+00 
  6.41530268e-01   2.98394264e+00   2.77910401e+00 
  4.20443600e-01   4.12598224e+00   1.88668052e+00 
  1.57590821e+00   4.59665579e+00   1.14490246e+00 
  2.43572819e+00   5.36525816e+00   2.12976706e+00 
  3.07475679e+00   4.40034826e+00   2.88453778e+00 
  3.66630566e+00   5.11730787e+00   3.97106821e+00 
  4.28583677e+00   6.30908832e+00   3.72220791e+00 
  4.06394859e+00   7.13498923e+00   2.56467683e+00 
  2.95739705e+00   6.62136935e+00   1.86222091e+00 
  4.18932590e+00   8.53771588e+00   2.95196986e+00 
  3.12883299e+00   3.04463132e+00   2.79820100e+00 
  3.54455126e+00   4.35772993e+00   5.11887410e+00 
  2.08709619e+00   3.70827747e+00   4.10467169e-01 
  4.99182821e+00   8.93811674e+00   4.03005167e+00 
  3.95170698e+00   9.56287617e+00   2.25786739e+00 
  6.01618777e-02  -1.13542557e+00  -3.79703188e+00 
  7.01244943e-01  -5.29123798e-01  -4.83146227e+00 
  8.26788678e-01  -1.33015286e+00  -5.96903008e+00 
  1.13379726e+00  -2.62361593e+00  -5.67358553e+00 
  3.40538807e-01  -3.22382032e+00  -4.78343820e+00 
 -3.66539918e-01  -2.42609716e+00  -3.94134303e+00 
 -1.30634652e+01   8.46754375e+00   1.31481957e+00 
 -1.05313729e+01   4.45597385e+00   3.76697400e+00 
 -3.33442086e+00   6.79671856e+00   7.44639268e+00 
 -4.99513194e-01   4.58049915e+00   6.19593243e+00 
 -9.72234673e-01   1.44879456e+00   8.07865490e+00 
  2.20246900e+00   4.58971955e-02   9.51584286e+00 
  1.02376134e+00   1.15903317e+00   1.28394270e+01 
  2.24751284e+00  -1.30941963e+01   2.94707749e-01 
  1.52368135e+00  -9.45396106e+00   1.02981615e+00 
  2.20434945e+00  -6.73994228e+00  -1.51245414e+00 
 -1.89118455e-02  -3.91382986e+00  -7.99696486e-01 
 -3.20517071e+00  -4.53188035e+00   1.22481063e+00 
 -4.35872033e+00  -9.32311695e-01   1.59656949e+00 
 -7.19130220e+00  -1.13211684e+00   4.23138852e+00 
 -6.09134504e+00  -4.45890910e+00   5.44686868e+00 
 -4.35632867e+00  -3.53009427e+00   8.71888994e+00 
 -1.32580189e+00  -5.64798012e+00   8.02686318e+00 
 -3.49804452e+00  -8.44230237e+00   6.56129026e+00 
 -2.49300335e+00  -1.39294122e+01  -2.27942891e-01 
 -2.64311685e+00  -1.01413832e+01  -4.94423215e-01 
 -2.30048159e+00  -8.05673920e+00  -3.68042754e+00 
 -4.08505524e+00  -4.74005393e+00  -3.98579815e+00 
 -4.35848465e+00  -2.81647341e+00  -7.33431057e+00 
 -6.90419554e+00  -2.39443868e-01  -6.10766446e+00 
 -8.85672516e+00  -5.86717141e-01  -1.21192006e+00 
 -4.47764740e+00  -6.37747250e+00  -9.65228645e+00 
 -9.25616338e-01  -5.00968455e+00  -1.00144994e+01 
  1.67703323e+00  -7.27271082e+00  -8.41563113e+00 
  5.47383940e+00  -8.62399757e+00   3.39442529e+00 
  6.37628125e+00  -5.61257934e+00   1.20959534e+00 
  4.52216097e+00  -2.33180330e+00   1.85922764e+00 
  3.42468858e+00  -1.28795066e+00  -1.61070631e+00 
  5.21648145e+00   1.32382708e+00  -3.77006353e+00 
  8.68533164e+00   1.50262632e+00  -2.66929810e+00 
  1.02085608e+01   1.39826485e+00  -6.16436555e+00 
  8.43222833e+00  -1.93029047e+00  -6.65349152e+00 
  1.01091730e+01  -3.78049512e+00  -3.81949135e+00 
  9.82611503e+00  -4.96179655e+00   4.22479977e+00 
  8.26434619e+00  -1.81046777e+00   5.71748615e+00 
  9.68736259e+00   1.63841756e+00   5.31766948e+00 
  1.32311091e+01   8.26699164e-01   4.62371438e+00 
  1.03376845e+01   6.79733450e+00   2.87097747e+00 
  1.35607402e+01   1.63324928e+00  -5.08697412e-01 
  8.99991143e+00   4.89050116e+00   1.41486572e+01 
  6.92987213e+00   5.99701792e+00   1.12643232e+01 
  3.19983023e+00   5.64236012e+00   1.17083816e+01 

   1.011846273306e+01 

  3.90339645e+00  -3.33558861e-01   2.00566213e+00 
  3.85383877e+00   5.33650736e-01   3.18035522e+00 
  2.68596617e+00   1.31418414e+00   2.68685701e+00 
  1.95234966e+00   6.10286877e-01   1.76277614e+00 
  2.61726431e+00  -4.63576236e-01   1.23440817e+00 
  1.93879304e+00  -1.81826797e+00   1.00106920e+00 
  1.82315249e+00   1.23970667e+00   3.87933734e+00 
  4.21238032e+00  -1.61121071e+00   2.43137922e+00 
  4.92007330e+00   1.32793397e+00   3.50084875e+00 
  1.07314194e+00  -2.16096441e+00   9.67768726e-02 
  1.30933405e+00   1.55017520e-01   4.49708611e+00 
  6.75638274e-01   7.09991945e-01   5.56861780e+00 
  1.19731222e+00  -3.57929003e+00  -6.80140881e-01 
  1.51660768e+00  -4.37095585e+00   5.11860283e-01 
  4.02842904e-01  -4.70385040e+00   1.38109971e+00 
 -3.65999720e-01  -5.81331817e+00   6.89750718e-01 
 -1.08584470e+00  -5.18810951e+00  -3.10265605e-01 
 -1.59140525e+00  -6.25359163e+00  -1.11876620e+00 
 -2.09575532e+00  -7.36793801e+00  -5.10526374e-01 
 -1.80960424e+00  -7.77953880e+00   8.38515610e-01 
 -7.66930238e-01  -6.97363107e+00   1.33352998e+00 
 -1.79370955e+00  -9.23893871e+00   8.95699392e-01 
 -1.27199770e+00  -3.88160107e+00  -6.36955640e-01 
 -1.52925947e+00  -5.86892014e+00  -2.44443427e+00 
 -2.01189377e-01  -3.68832558e+00   1.82128126e+00 
 -2.53997326e+00  -1.00219412e+01   3.18376393e-03 
 -1.46675261e+00  -9.97820982e+00   1.86305596e+00 
  1.29393291e+00   2.37272651e+00   4.33152677e+00 
  7.01544178e-01   2.04921964e+00   5.51181172e+00 
  4.84643182e-01   3.14095706e+00   6.35590849e+00 
  5.76322588e-02   4.24860975e+00   5.68855672e+00 
  8.00260145e-01   4.62461715e+00   4.64500978e+00 
  1.59183333e+00   3.68129241e+00   4.07143276e+00 
  1.53492030e+01  -7.01917573e+00   2.13623581e+00 
  1.24718286e+01  -4.20047046e+00  -1.36988573e+00 
  5.58241712e+00  -8.22503829e+00  -4.04422634e+00 
  2.53067309e+00  -6.01750345e+00  -3.47352768e+00 
  2.72174792e+00  -3.57209371e+00  -6.22291311e+00 
 -5.55430151e-01  -2.98172269e+00  -7.96185254e+00 
  7.67431317e-01  -4.92970170e+00  -1.08131735e+01 
 -1.98901360e+00   1.22644744e+01  -3.14607713e+00 
 -9.06909553e-01   8.65968737e+00  -2.75850946e+00 
 -1.35371070e+00   6.78994371e+00   4.96762744e-01 
  1.14154624e+00   4.10800237e+00   6.33512109e-01 
  4.27833595e+00   4.38764848e+00  -1.53792722e+00 
  5.77957353e+00   9.72670064e-01  -8.23813111e-01 
  8.61258672e+00   6.37041937e-01  -3.44432715e+00 
  7.21116588e+00   3.31822553e+00  -5.58958362e+00 
  5.61573867e+00   1.28065433e+00  -8.39707315e+00 
  2.38589794e+00   3.20716071e+00  -8.32547578e+00 
  4.25869458e+00   6.50912119e+00  -7.81122496e+00 
  2.64137975e+00   1.36701479e+01  -2.98254749e+00 
  3.15415001e+00   1.01731638e+01  -1.58580727e+00 
  2.97469100e+00   9.12750435e+00   2.08681096e+00 
  5.06798795e+00   6.24630112e+00   3.34979446e+00 
  5.48401032e+00   5.46176915e+00   7.11792533e+00 
  8.28254162e+00   2.89148167e+00   6.68405655e+00 
  1.02540313e+01   1.92698253e+00   1.87943824e+00 
  5.22852406e+00   9.55137526e+00   8.24827880e+00 
  1.82130114e+00   8.02263957e+00   9.06850833e+00 
 -9.67799297e-01   9.43467701e+00   6.90551875e+00 
 -4.72794581e+00   6.77758072e+00  -4.69275396e+00 
 -5.36215031e+00   4.49636061e+00  -1.68437829e+00 
 -3.19105091e+00   1.36690345e+00  -1.34360747e+00 
 -2.04162995e+00   1.53248839e+00   2.25999620e+00 
 -3.59931243e+00  -4.62934933e-01   5.13864962e+00 
 -7.02036173e+00  -1.29888714e+00   4.20367420e+00 
 -8.59061613e+00  -2.88711505e-01   7.52939518e+00 
 -7.15119809e+00   3.18632787e+00   6.95838705e+00 
 -8.96342306e+00   3.92212621e+00   3.72707057e+00 
 -8.69436980e+00   2.63536066e+00  -4.30150499e+00 
 -6.81609449e+00  -6.54532991e-01  -4.79827499e+00 
 -7.90346931e+00  -3.94073912e+00  -3.34980169e+00 
 -1.15176430e+01  -3.30154414e+00  -2.87253980e+00 
 -8.08216632e+00  -8.15489218e+00   5.53112612e-01 
 -1.18325103e+01  -2.54501280e+00   2.26840308e+00 
 -6.79279473e+00  -9.63071806e+00  -1.07946301e+01 
 -4.66198864e+00  -9.60829828e+00  -7.74700623e+00 
 -9.78482566e-01  -9.04793584e+00  -8.34199536e+00 

   1.011846275374e+01 

 -3.39722572e+00  -2.08581558e+00  -1.27910335e+00 
 -3.85377868e+00  -3.11250316e+00  -3.45372709e-01 
 -3.01241902e+00  -2.61596878e+00   7.78147581e-01 
 -1.93960470e+00  -1.88365781e+00   3.30532339e-01 
 -2.06066966e+00  -1.46711612e+00  -9.68033300e-01 
 -8.91391159e-01  -1.50918541e+00  -1.95844535e+00 
 -2.37045471e+00  -3.88096528e+00   1.17777672e+00 
 -3.25517869e+00  -2.67230507e+00  -2.52206370e+00 
 -5.17648507e+00  -3.20580202e+00  -1.03700710e-02 
  1.61723628e-01  -7.53274604e-01  -2.02212754e+00 
 -1.57868315e+00  -4.70346577e+00   4.57425961e-01 
 -1.36802433e+00  -5.73136845e+00   1.32736164e+00 
  7.01845782e-01  -1.95584247e-01  -3.44617929e+00 
  5.37410373e-01  -1.46006333e+00  -4.16977538e+00 
  1.55404051e+00  -2.47030633e+00  -3.94007823e+00 
  2.77943405e+00  -2.03257202e+00  -4.71906632e+00 
  3.34490666e+00  -1.01996852e+00  -3.96805775e+00 
  4.33028722e+00  -4.35690380e-01  -4.82371219e+00 
  5.12611654e+00  -1.25246361e+00  -5.57580940e+00 
  4.82437690e+00  -2.61609628e+00  -5.92319581e+00 
  3.49315819e+00  -2.88173989e+00  -5.55036536e+00 
  5.35712241e+00  -2.89529093e+00  -7.25420542e+00 
  3.06528849e+00  -5.15078230e-01  -2.73710278e+00 
  4.32087389e+00   9.33304174e-01  -4.63664561e+00 
  1.65461483e+00  -2.80365810e+00  -2.72829359e+00 
  6.46708862e+00  -2.20742505e+00  -7.76549549e+00 
  5.19859201e+00  -3.92993345e+00  -7.95675225e+00 
 -2.38471696e+00  -4.20106234e+00   2.46834863e+00 
 -1.89315337e+00  -5.46712872e+00   2.53225867e+00 
 -2.23410713e+00  -6.14981177e+00   3.70237026e+00 
 -2.16832067e+00  -5.36290117e+00   4.81188293e+00 
 -2.83689883e+00  -4.20917238e+00   4.75053248e+00 
 -3.11679171e+00  -3.71612572e+00   3.51602949e+00 
 -1.13222218e+01  -2.17414520e+00  -1.19047467e+01 
 -9.25547437e+00   1.43974492e+00  -8.56024074e+00 
 -1.04200387e+00   2.80850002e+00  -9.77582206e+00 
  8.20837937e-01   2.30172255e+00  -6.49170103e+00 
  1.17274128e-01   5.40018700e+00  -4.62614708e+00 
  3.13903685e+00   6.89563999e+00  -2.96943843e+00 
  3.08947519e+00   9.52434700e+00  -5.56978733e+00 
 -2.05961658e+00   4.36946956e+00   1.20067749e+01 
 -1.73211014e+00   3.53478475e+00   8.33094418e+00 
 -1.08816746e+00   3.35314801e-03   7.14485019e+00 
 -2.36560858e+00  -3.10727054e-01   3.72329470e+00 
 -5.01883834e+00   2.16109767e+00   2.50540189e+00 
 -5.19399629e+00   1.07353144e+00  -1.12948369e+00 
 -7.26998090e+00   3.86410821e+00  -2.83492071e+00 
 -6.69746221e+00   6.25595493e+00  -5.89019909e-02 
 -4.05472660e+00   8.55532553e+00  -1.57805852e+00 
 -1.84942153e+00   8.47973778e+00   1.46814315e+00 
 -4.89156213e+00   8.65648400e+00   3.78953614e+00 
 -6.84657073e+00   4.85694890e+00   1.14676593e+01 
 -6.18771170e+00   2.99299581e+00   8.22204976e+00 
 -6.16255488e+00  -7.97267164e-01   7.72499228e+00 
 -7.16176674e+00  -2.28734083e+00   4.39943119e+00 
 -7.79370610e+00  -6.07580913e+00   3.91418691e+00 
 -9.30719346e+00  -5.78310786e+00   4.14178947e-01 
 -1.00379557e+01  -1.02117613e+00  -1.75188066e+00 
 -9.28245549e+00  -6.58264442e+00   7.86317791e+00 
 -5.70924187e+00  -7.94255751e+00   7.90777685e+00 
 -3.38392165e+00  -5.85806023e+00   1.00755130e+01 
  2.75600898e+00   4.79133878e+00   7.92860843e+00 
  3.76377786e+00   1.42203014e+00   6.41582854e+00 
  2.92285146e+00   8.08170835e-01   2.73623284e+00 
  1.28360374e+00  -2.60387384e+00   2.80895102e+00 
  3.04476557e+00  -5.88784793e+00   1.90977995e+00 
  6.62335817e+00  -5.41601989e+00   2.40732947e+00 
  7.18657131e+00  -8.67860993e+00   4.30067667e+00 
  4.63282073e+00  -7.44818769e+00   6.83799684e+00 
  6.47974365e+00  -4.32558025e+00   7.88931854e+00 
  7.89733130e+00   3.39919808e+00   5.76700805e+00 
  7.50728866e+00   3.55722440e+00   1.96953487e+00 
  9.53941899e+00   1.52549312e+00  -4.43356249e-01 
  1.25263659e+01   8.17001431e-01   1.62417777e+00 
  1.07363262e+01  -2.97853174e+00  -3.80560884e+00 
  1.17745180e+01  -4.15309761e+00   2.97823365e+00 
  1.17794473e+01   8.07733492e+00  -6.85352197e+00 
  9.37981510e+00   5.28182685e+00  -7.35918539e+00 
  5.89008079e+00   6.29715928e+00  -8.37275533e+00 

   1.011846296892e+01 

